{
    "sql_file": "job17b.sql",
    "query": "SELECT MIN(n.name) AS member_in_charnamed_movie, MIN(n.name) AS a1 FROM cast_info AS ci, company_name AS cn, keyword AS k, movie_companies AS mc, movie_keyword AS mk, name AS n, title AS t WHERE k.keyword ='character-name-in-title' AND n.name  LIKE 'Z%' AND n.id = ci.person_id AND ci.movie_id = t.id AND t.id = mk.movie_id AND mk.keyword_id = k.id AND t.id = mc.movie_id AND mc.company_id = cn.id AND ci.movie_id = mc.movie_id AND ci.movie_id = mk.movie_id AND mc.movie_id = mk.movie_id;",
    "results": [
        {
            "arm": 0,
            "execution_time": 2632.448,
            "plan": [
                {
                    "Plan": {
                        "Node Type": "Aggregate",
                        "Strategy": "Plain",
                        "Partial Mode": "Simple",
                        "Parallel Aware": false,
                        "Async Capable": false,
                        "Startup Cost": 4583.49,
                        "Total Cost": 4583.5,
                        "Plan Rows": 1,
                        "Plan Width": 64,
                        "Actual Startup Time": 2632.417,
                        "Actual Total Time": 2632.419,
                        "Actual Rows": 1,
                        "Actual Loops": 1,
                        "Plans": [
                            {
                                "Node Type": "Nested Loop",
                                "Parent Relationship": "Outer",
                                "Parallel Aware": false,
                                "Async Capable": false,
                                "Join Type": "Inner",
                                "Startup Cost": 2.58,
                                "Total Cost": 4583.4,
                                "Plan Rows": 36,
                                "Plan Width": 15,
                                "Actual Startup Time": 1.432,
                                "Actual Total Time": 2630.538,
                                "Actual Rows": 52306,
                                "Actual Loops": 1,
                                "Inner Unique": true,
                                "Plans": [
                                    {
                                        "Node Type": "Nested Loop",
                                        "Parent Relationship": "Outer",
                                        "Parallel Aware": false,
                                        "Async Capable": false,
                                        "Join Type": "Inner",
                                        "Startup Cost": 2.16,
                                        "Total Cost": 4567.43,
                                        "Plan Rows": 36,
                                        "Plan Width": 19,
                                        "Actual Startup Time": 1.427,
                                        "Actual Total Time": 2576.302,
                                        "Actual Rows": 52306,
                                        "Actual Loops": 1,
                                        "Inner Unique": false,
                                        "Plans": [
                                            {
                                                "Node Type": "Nested Loop",
                                                "Parent Relationship": "Outer",
                                                "Parallel Aware": false,
                                                "Async Capable": false,
                                                "Join Type": "Inner",
                                                "Startup Cost": 1.73,
                                                "Total Cost": 4560.01,
                                                "Plan Rows": 13,
                                                "Plan Width": 27,
                                                "Actual Startup Time": 1.422,
                                                "Actual Total Time": 2555.403,
                                                "Actual Rows": 6642,
                                                "Actual Loops": 1,
                                                "Inner Unique": true,
                                                "Plans": [
                                                    {
                                                        "Node Type": "Nested Loop",
                                                        "Parent Relationship": "Outer",
                                                        "Parallel Aware": false,
                                                        "Async Capable": false,
                                                        "Join Type": "Inner",
                                                        "Startup Cost": 1.3,
                                                        "Total Cost": 4554.18,
                                                        "Plan Rows": 13,
                                                        "Plan Width": 23,
                                                        "Actual Startup Time": 1.418,
                                                        "Actual Total Time": 2547.531,
                                                        "Actual Rows": 6642,
                                                        "Actual Loops": 1,
                                                        "Inner Unique": true,
                                                        "Plans": [
                                                            {
                                                                "Node Type": "Nested Loop",
                                                                "Parent Relationship": "Outer",
                                                                "Parallel Aware": false,
                                                                "Async Capable": false,
                                                                "Join Type": "Inner",
                                                                "Startup Cost": 0.87,
                                                                "Total Cost": 3965.0,
                                                                "Plan Rows": 1287,
                                                                "Plan Width": 12,
                                                                "Actual Startup Time": 0.146,
                                                                "Actual Total Time": 839.687,
                                                                "Actual Rows": 1038393,
                                                                "Actual Loops": 1,
                                                                "Inner Unique": false,
                                                                "Plans": [
                                                                    {
                                                                        "Node Type": "Nested Loop",
                                                                        "Parent Relationship": "Outer",
                                                                        "Parallel Aware": false,
                                                                        "Async Capable": false,
                                                                        "Join Type": "Inner",
                                                                        "Startup Cost": 0.43,
                                                                        "Total Cost": 3905.45,
                                                                        "Plan Rows": 34,
                                                                        "Plan Width": 4,
                                                                        "Actual Startup Time": 0.142,
                                                                        "Actual Total Time": 24.15,
                                                                        "Actual Rows": 41840,
                                                                        "Actual Loops": 1,
                                                                        "Inner Unique": false,
                                                                        "Plans": [
                                                                            {
                                                                                "Node Type": "Seq Scan",
                                                                                "Parent Relationship": "Outer",
                                                                                "Parallel Aware": false,
                                                                                "Async Capable": false,
                                                                                "Relation Name": "keyword",
                                                                                "Alias": "k",
                                                                                "Startup Cost": 0.0,
                                                                                "Total Cost": 2685.12,
                                                                                "Plan Rows": 1,
                                                                                "Plan Width": 4,
                                                                                "Actual Startup Time": 0.136,
                                                                                "Actual Total Time": 3.783,
                                                                                "Actual Rows": 1,
                                                                                "Actual Loops": 1,
                                                                                "Filter": "(keyword = 'character-name-in-title'::text)",
                                                                                "Rows Removed by Filter": 134169
                                                                            },
                                                                            {
                                                                                "Node Type": "Index Scan",
                                                                                "Parent Relationship": "Inner",
                                                                                "Parallel Aware": false,
                                                                                "Async Capable": false,
                                                                                "Scan Direction": "Forward",
                                                                                "Index Name": "keyword_id_movie_keyword",
                                                                                "Relation Name": "movie_keyword",
                                                                                "Alias": "mk",
                                                                                "Startup Cost": 0.43,
                                                                                "Total Cost": 1217.3,
                                                                                "Plan Rows": 303,
                                                                                "Plan Width": 8,
                                                                                "Actual Startup Time": 0.005,
                                                                                "Actual Total Time": 18.28,
                                                                                "Actual Rows": 41840,
                                                                                "Actual Loops": 1,
                                                                                "Index Cond": "(keyword_id = k.id)",
                                                                                "Rows Removed by Index Recheck": 0
                                                                            }
                                                                        ]
                                                                    },
                                                                    {
                                                                        "Node Type": "Index Scan",
                                                                        "Parent Relationship": "Inner",
                                                                        "Parallel Aware": false,
                                                                        "Async Capable": false,
                                                                        "Scan Direction": "Forward",
                                                                        "Index Name": "movie_id_cast_info",
                                                                        "Relation Name": "cast_info",
                                                                        "Alias": "ci",
                                                                        "Startup Cost": 0.44,
                                                                        "Total Cost": 1.37,
                                                                        "Plan Rows": 38,
                                                                        "Plan Width": 8,
                                                                        "Actual Startup Time": 0.002,
                                                                        "Actual Total Time": 0.018,
                                                                        "Actual Rows": 25,
                                                                        "Actual Loops": 41840,
                                                                        "Index Cond": "(movie_id = mk.movie_id)",
                                                                        "Rows Removed by Index Recheck": 0
                                                                    }
                                                                ]
                                                            },
                                                            {
                                                                "Node Type": "Index Scan",
                                                                "Parent Relationship": "Inner",
                                                                "Parallel Aware": false,
                                                                "Async Capable": false,
                                                                "Scan Direction": "Forward",
                                                                "Index Name": "name_pkey",
                                                                "Relation Name": "name",
                                                                "Alias": "n",
                                                                "Startup Cost": 0.43,
                                                                "Total Cost": 0.46,
                                                                "Plan Rows": 1,
                                                                "Plan Width": 19,
                                                                "Actual Startup Time": 0.002,
                                                                "Actual Total Time": 0.002,
                                                                "Actual Rows": 0,
                                                                "Actual Loops": 1038393,
                                                                "Index Cond": "(id = ci.person_id)",
                                                                "Rows Removed by Index Recheck": 0,
                                                                "Filter": "(name ~~ 'Z%'::text)",
                                                                "Rows Removed by Filter": 1
                                                            }
                                                        ]
                                                    },
                                                    {
                                                        "Node Type": "Index Only Scan",
                                                        "Parent Relationship": "Inner",
                                                        "Parallel Aware": false,
                                                        "Async Capable": false,
                                                        "Scan Direction": "Forward",
                                                        "Index Name": "title_pkey",
                                                        "Relation Name": "title",
                                                        "Alias": "t",
                                                        "Startup Cost": 0.43,
                                                        "Total Cost": 0.45,
                                                        "Plan Rows": 1,
                                                        "Plan Width": 4,
                                                        "Actual Startup Time": 0.001,
                                                        "Actual Total Time": 0.001,
                                                        "Actual Rows": 1,
                                                        "Actual Loops": 6642,
                                                        "Index Cond": "(id = ci.movie_id)",
                                                        "Rows Removed by Index Recheck": 0,
                                                        "Heap Fetches": 0
                                                    }
                                                ]
                                            },
                                            {
                                                "Node Type": "Index Scan",
                                                "Parent Relationship": "Inner",
                                                "Parallel Aware": false,
                                                "Async Capable": false,
                                                "Scan Direction": "Forward",
                                                "Index Name": "movie_id_movie_companies",
                                                "Relation Name": "movie_companies",
                                                "Alias": "mc",
                                                "Startup Cost": 0.43,
                                                "Total Cost": 0.52,
                                                "Plan Rows": 5,
                                                "Plan Width": 8,
                                                "Actual Startup Time": 0.002,
                                                "Actual Total Time": 0.003,
                                                "Actual Rows": 8,
                                                "Actual Loops": 6642,
                                                "Index Cond": "(movie_id = ci.movie_id)",
                                                "Rows Removed by Index Recheck": 0
                                            }
                                        ]
                                    },
                                    {
                                        "Node Type": "Index Only Scan",
                                        "Parent Relationship": "Inner",
                                        "Parallel Aware": false,
                                        "Async Capable": false,
                                        "Scan Direction": "Forward",
                                        "Index Name": "company_name_pkey",
                                        "Relation Name": "company_name",
                                        "Alias": "cn",
                                        "Startup Cost": 0.42,
                                        "Total Cost": 0.44,
                                        "Plan Rows": 1,
                                        "Plan Width": 4,
                                        "Actual Startup Time": 0.001,
                                        "Actual Total Time": 0.001,
                                        "Actual Rows": 1,
                                        "Actual Loops": 52306,
                                        "Index Cond": "(id = mc.company_id)",
                                        "Rows Removed by Index Recheck": 0,
                                        "Heap Fetches": 52306
                                    }
                                ]
                            }
                        ]
                    },
                    "Planning Time": 1.694,
                    "Triggers": [],
                    "Execution Time": 2632.448
                }
            ],
            "hints": [
                "SET enable_hashjoin TO on",
                "SET enable_indexonlyscan TO on",
                "SET enable_indexscan TO on",
                "SET enable_mergejoin TO on",
                "SET enable_nestloop TO on",
                "SET enable_seqscan TO on"
            ]
        },
        {
            "arm": 1,
            "execution_time": 1802.227,
            "plan": [
                {
                    "Plan": {
                        "Node Type": "Aggregate",
                        "Strategy": "Plain",
                        "Partial Mode": "Finalize",
                        "Parallel Aware": false,
                        "Async Capable": false,
                        "Startup Cost": 524651.26,
                        "Total Cost": 524651.27,
                        "Plan Rows": 1,
                        "Plan Width": 64,
                        "Actual Startup Time": 1771.809,
                        "Actual Total Time": 1802.184,
                        "Actual Rows": 1,
                        "Actual Loops": 1,
                        "Plans": [
                            {
                                "Node Type": "Gather",
                                "Parent Relationship": "Outer",
                                "Parallel Aware": false,
                                "Async Capable": false,
                                "Startup Cost": 524651.14,
                                "Total Cost": 524651.25,
                                "Plan Rows": 1,
                                "Plan Width": 32,
                                "Actual Startup Time": 1771.556,
                                "Actual Total Time": 1802.182,
                                "Actual Rows": 2,
                                "Actual Loops": 1,
                                "Workers Planned": 1,
                                "Workers Launched": 1,
                                "Single Copy": false,
                                "Plans": [
                                    {
                                        "Node Type": "Aggregate",
                                        "Strategy": "Plain",
                                        "Partial Mode": "Partial",
                                        "Parent Relationship": "Outer",
                                        "Parallel Aware": false,
                                        "Async Capable": false,
                                        "Startup Cost": 523651.14,
                                        "Total Cost": 523651.15,
                                        "Plan Rows": 1,
                                        "Plan Width": 32,
                                        "Actual Startup Time": 1770.246,
                                        "Actual Total Time": 1770.348,
                                        "Actual Rows": 1,
                                        "Actual Loops": 2,
                                        "Workers": [],
                                        "Plans": [
                                            {
                                                "Node Type": "Hash Join",
                                                "Parent Relationship": "Outer",
                                                "Parallel Aware": true,
                                                "Async Capable": false,
                                                "Join Type": "Inner",
                                                "Startup Cost": 518710.31,
                                                "Total Cost": 523651.09,
                                                "Plan Rows": 21,
                                                "Plan Width": 15,
                                                "Actual Startup Time": 1757.557,
                                                "Actual Total Time": 1769.651,
                                                "Actual Rows": 26153,
                                                "Actual Loops": 2,
                                                "Inner Unique": false,
                                                "Hash Cond": "(cn.id = mc.company_id)",
                                                "Workers": [],
                                                "Plans": [
                                                    {
                                                        "Node Type": "Seq Scan",
                                                        "Parent Relationship": "Outer",
                                                        "Parallel Aware": true,
                                                        "Async Capable": false,
                                                        "Relation Name": "company_name",
                                                        "Alias": "cn",
                                                        "Startup Cost": 0.0,
                                                        "Total Cost": 4422.34,
                                                        "Plan Rows": 138234,
                                                        "Plan Width": 4,
                                                        "Actual Startup Time": 0.003,
                                                        "Actual Total Time": 5.245,
                                                        "Actual Rows": 117498,
                                                        "Actual Loops": 2,
                                                        "Workers": []
                                                    },
                                                    {
                                                        "Node Type": "Hash",
                                                        "Parent Relationship": "Inner",
                                                        "Parallel Aware": true,
                                                        "Async Capable": false,
                                                        "Startup Cost": 518710.16,
                                                        "Total Cost": 518710.16,
                                                        "Plan Rows": 12,
                                                        "Plan Width": 19,
                                                        "Actual Startup Time": 1757.435,
                                                        "Actual Total Time": 1757.536,
                                                        "Actual Rows": 26153,
                                                        "Actual Loops": 2,
                                                        "Hash Buckets": 65536,
                                                        "Original Hash Buckets": 1024,
                                                        "Hash Batches": 1,
                                                        "Original Hash Batches": 1,
                                                        "Peak Memory Usage": 3864,
                                                        "Workers": [],
                                                        "Plans": [
                                                            {
                                                                "Node Type": "Hash Join",
                                                                "Parent Relationship": "Outer",
                                                                "Parallel Aware": true,
                                                                "Async Capable": false,
                                                                "Join Type": "Inner",
                                                                "Startup Cost": 488313.38,
                                                                "Total Cost": 518710.16,
                                                                "Plan Rows": 12,
                                                                "Plan Width": 19,
                                                                "Actual Startup Time": 1651.129,
                                                                "Actual Total Time": 1749.709,
                                                                "Actual Rows": 26153,
                                                                "Actual Loops": 2,
                                                                "Inner Unique": false,
                                                                "Hash Cond": "(mc.movie_id = ci.movie_id)",
                                                                "Workers": [],
                                                                "Plans": [
                                                                    {
                                                                        "Node Type": "Seq Scan",
                                                                        "Parent Relationship": "Outer",
                                                                        "Parallel Aware": true,
                                                                        "Async Capable": false,
                                                                        "Relation Name": "movie_companies",
                                                                        "Alias": "mc",
                                                                        "Startup Cost": 0.0,
                                                                        "Total Cost": 27240.55,
                                                                        "Plan Rows": 841655,
                                                                        "Plan Width": 8,
                                                                        "Actual Startup Time": 0.005,
                                                                        "Actual Total Time": 49.34,
                                                                        "Actual Rows": 1304564,
                                                                        "Actual Loops": 2,
                                                                        "Workers": []
                                                                    },
                                                                    {
                                                                        "Node Type": "Hash",
                                                                        "Parent Relationship": "Inner",
                                                                        "Parallel Aware": true,
                                                                        "Async Capable": false,
                                                                        "Startup Cost": 488313.34,
                                                                        "Total Cost": 488313.34,
                                                                        "Plan Rows": 3,
                                                                        "Plan Width": 27,
                                                                        "Actual Startup Time": 1650.99,
                                                                        "Actual Total Time": 1651.091,
                                                                        "Actual Rows": 3321,
                                                                        "Actual Loops": 2,
                                                                        "Hash Buckets": 8192,
                                                                        "Original Hash Buckets": 1024,
                                                                        "Hash Batches": 1,
                                                                        "Original Hash Batches": 1,
                                                                        "Peak Memory Usage": 568,
                                                                        "Workers": [],
                                                                        "Plans": [
                                                                            {
                                                                                "Node Type": "Hash Join",
                                                                                "Parent Relationship": "Outer",
                                                                                "Parallel Aware": true,
                                                                                "Async Capable": false,
                                                                                "Join Type": "Inner",
                                                                                "Startup Cost": 443613.43,
                                                                                "Total Cost": 488313.34,
                                                                                "Plan Rows": 3,
                                                                                "Plan Width": 27,
                                                                                "Actual Startup Time": 1517.697,
                                                                                "Actual Total Time": 1630.907,
                                                                                "Actual Rows": 3321,
                                                                                "Actual Loops": 2,
                                                                                "Inner Unique": false,
                                                                                "Hash Cond": "(t.id = ci.movie_id)",
                                                                                "Workers": [],
                                                                                "Plans": [
                                                                                    {
                                                                                        "Node Type": "Seq Scan",
                                                                                        "Parent Relationship": "Outer",
                                                                                        "Parallel Aware": true,
                                                                                        "Async Capable": false,
                                                                                        "Relation Name": "title",
                                                                                        "Alias": "t",
                                                                                        "Startup Cost": 0.0,
                                                                                        "Total Cost": 42329.38,
                                                                                        "Plan Rows": 632138,
                                                                                        "Plan Width": 4,
                                                                                        "Actual Startup Time": 0.009,
                                                                                        "Actual Total Time": 62.816,
                                                                                        "Actual Rows": 1264156,
                                                                                        "Actual Loops": 2,
                                                                                        "Workers": []
                                                                                    },
                                                                                    {
                                                                                        "Node Type": "Hash",
                                                                                        "Parent Relationship": "Inner",
                                                                                        "Parallel Aware": true,
                                                                                        "Async Capable": false,
                                                                                        "Startup Cost": 443613.4,
                                                                                        "Total Cost": 443613.4,
                                                                                        "Plan Rows": 2,
                                                                                        "Plan Width": 23,
                                                                                        "Actual Startup Time": 1517.404,
                                                                                        "Actual Total Time": 1517.503,
                                                                                        "Actual Rows": 3321,
                                                                                        "Actual Loops": 2,
                                                                                        "Hash Buckets": 8192,
                                                                                        "Original Hash Buckets": 1024,
                                                                                        "Hash Batches": 1,
                                                                                        "Original Hash Batches": 1,
                                                                                        "Peak Memory Usage": 536,
                                                                                        "Workers": [],
                                                                                        "Plans": [
                                                                                            {
                                                                                                "Node Type": "Hash Join",
                                                                                                "Parent Relationship": "Outer",
                                                                                                "Parallel Aware": true,
                                                                                                "Async Capable": false,
                                                                                                "Join Type": "Inner",
                                                                                                "Startup Cost": 114400.43,
                                                                                                "Total Cost": 443613.4,
                                                                                                "Plan Rows": 2,
                                                                                                "Plan Width": 23,
                                                                                                "Actual Startup Time": 481.543,
                                                                                                "Actual Total Time": 1399.237,
                                                                                                "Actual Rows": 3321,
                                                                                                "Actual Loops": 2,
                                                                                                "Inner Unique": false,
                                                                                                "Hash Cond": "(ci.movie_id = mk.movie_id)",
                                                                                                "Workers": [],
                                                                                                "Plans": [
                                                                                                    {
                                                                                                        "Node Type": "Hash Join",
                                                                                                        "Parent Relationship": "Outer",
                                                                                                        "Parallel Aware": true,
                                                                                                        "Async Capable": false,
                                                                                                        "Join Type": "Inner",
                                                                                                        "Startup Cost": 68810.96,
                                                                                                        "Total Cost": 397795.11,
                                                                                                        "Plan Rows": 61018,
                                                                                                        "Plan Width": 19,
                                                                                                        "Actual Startup Time": 314.858,
                                                                                                        "Actual Total Time": 1221.495,
                                                                                                        "Actual Rows": 134355,
                                                                                                        "Actual Loops": 2,
                                                                                                        "Inner Unique": true,
                                                                                                        "Hash Cond": "(ci.person_id = n.id)",
                                                                                                        "Workers": [],
                                                                                                        "Plans": [
                                                                                                            {
                                                                                                                "Node Type": "Seq Scan",
                                                                                                                "Parent Relationship": "Outer",
                                                                                                                "Parallel Aware": true,
                                                                                                                "Async Capable": false,
                                                                                                                "Relation Name": "cast_info",
                                                                                                                "Alias": "ci",
                                                                                                                "Startup Cost": 0.0,
                                                                                                                "Total Cost": 313127.24,
                                                                                                                "Plan Rows": 6040724,
                                                                                                                "Plan Width": 8,
                                                                                                                "Actual Startup Time": 0.003,
                                                                                                                "Actual Total Time": 555.406,
                                                                                                                "Actual Rows": 18122172,
                                                                                                                "Actual Loops": 2,
                                                                                                                "Workers": []
                                                                                                            },
                                                                                                            {
                                                                                                                "Node Type": "Hash",
                                                                                                                "Parent Relationship": "Inner",
                                                                                                                "Parallel Aware": true,
                                                                                                                "Async Capable": false,
                                                                                                                "Startup Cost": 68679.41,
                                                                                                                "Total Cost": 68679.41,
                                                                                                                "Plan Rows": 10524,
                                                                                                                "Plan Width": 19,
                                                                                                                "Actual Startup Time": 87.819,
                                                                                                                "Actual Total Time": 87.82,
                                                                                                                "Actual Rows": 18087,
                                                                                                                "Actual Loops": 2,
                                                                                                                "Hash Buckets": 65536,
                                                                                                                "Original Hash Buckets": 65536,
                                                                                                                "Hash Batches": 1,
                                                                                                                "Original Hash Batches": 1,
                                                                                                                "Peak Memory Usage": 2496,
                                                                                                                "Workers": [],
                                                                                                                "Plans": [
                                                                                                                    {
                                                                                                                        "Node Type": "Seq Scan",
                                                                                                                        "Parent Relationship": "Outer",
                                                                                                                        "Parallel Aware": true,
                                                                                                                        "Async Capable": false,
                                                                                                                        "Relation Name": "name",
                                                                                                                        "Alias": "n",
                                                                                                                        "Startup Cost": 0.0,
                                                                                                                        "Total Cost": 68679.41,
                                                                                                                        "Plan Rows": 10524,
                                                                                                                        "Plan Width": 19,
                                                                                                                        "Actual Startup Time": 35.894,
                                                                                                                        "Actual Total Time": 85.8,
                                                                                                                        "Actual Rows": 18087,
                                                                                                                        "Actual Loops": 2,
                                                                                                                        "Filter": "(name ~~ 'Z%'::text)",
                                                                                                                        "Rows Removed by Filter": 2065658,
                                                                                                                        "Workers": []
                                                                                                                    }
                                                                                                                ]
                                                                                                            }
                                                                                                        ]
                                                                                                    },
                                                                                                    {
                                                                                                        "Node Type": "Hash",
                                                                                                        "Parent Relationship": "Inner",
                                                                                                        "Parallel Aware": true,
                                                                                                        "Async Capable": false,
                                                                                                        "Startup Cost": 45589.33,
                                                                                                        "Total Cost": 45589.33,
                                                                                                        "Plan Rows": 11,
                                                                                                        "Plan Width": 4,
                                                                                                        "Actual Startup Time": 166.668,
                                                                                                        "Actual Total Time": 166.67,
                                                                                                        "Actual Rows": 20920,
                                                                                                        "Actual Loops": 2,
                                                                                                        "Hash Buckets": 65536,
                                                                                                        "Original Hash Buckets": 1024,
                                                                                                        "Hash Batches": 1,
                                                                                                        "Original Hash Batches": 1,
                                                                                                        "Peak Memory Usage": 2680,
                                                                                                        "Workers": [],
                                                                                                        "Plans": [
                                                                                                            {
                                                                                                                "Node Type": "Hash Join",
                                                                                                                "Parent Relationship": "Outer",
                                                                                                                "Parallel Aware": false,
                                                                                                                "Async Capable": false,
                                                                                                                "Join Type": "Inner",
                                                                                                                "Startup Cost": 2685.14,
                                                                                                                "Total Cost": 45589.33,
                                                                                                                "Plan Rows": 11,
                                                                                                                "Plan Width": 4,
                                                                                                                "Actual Startup Time": 4.205,
                                                                                                                "Actual Total Time": 152.018,
                                                                                                                "Actual Rows": 20920,
                                                                                                                "Actual Loops": 2,
                                                                                                                "Inner Unique": true,
                                                                                                                "Hash Cond": "(mk.keyword_id = k.id)",
                                                                                                                "Workers": [],
                                                                                                                "Plans": [
                                                                                                                    {
                                                                                                                        "Node Type": "Seq Scan",
                                                                                                                        "Parent Relationship": "Outer",
                                                                                                                        "Parallel Aware": true,
                                                                                                                        "Async Capable": false,
                                                                                                                        "Relation Name": "movie_keyword",
                                                                                                                        "Alias": "mk",
                                                                                                                        "Startup Cost": 0.0,
                                                                                                                        "Total Cost": 39073.32,
                                                                                                                        "Plan Rows": 1459332,
                                                                                                                        "Plan Width": 8,
                                                                                                                        "Actual Startup Time": 0.005,
                                                                                                                        "Actual Total Time": 84.608,
                                                                                                                        "Actual Rows": 2261965,
                                                                                                                        "Actual Loops": 2,
                                                                                                                        "Workers": []
                                                                                                                    },
                                                                                                                    {
                                                                                                                        "Node Type": "Hash",
                                                                                                                        "Parent Relationship": "Inner",
                                                                                                                        "Parallel Aware": false,
                                                                                                                        "Async Capable": false,
                                                                                                                        "Startup Cost": 2685.12,
                                                                                                                        "Total Cost": 2685.12,
                                                                                                                        "Plan Rows": 1,
                                                                                                                        "Plan Width": 4,
                                                                                                                        "Actual Startup Time": 4.175,
                                                                                                                        "Actual Total Time": 4.176,
                                                                                                                        "Actual Rows": 1,
                                                                                                                        "Actual Loops": 2,
                                                                                                                        "Hash Buckets": 1024,
                                                                                                                        "Original Hash Buckets": 1024,
                                                                                                                        "Hash Batches": 1,
                                                                                                                        "Original Hash Batches": 1,
                                                                                                                        "Peak Memory Usage": 9,
                                                                                                                        "Workers": [],
                                                                                                                        "Plans": [
                                                                                                                            {
                                                                                                                                "Node Type": "Seq Scan",
                                                                                                                                "Parent Relationship": "Outer",
                                                                                                                                "Parallel Aware": false,
                                                                                                                                "Async Capable": false,
                                                                                                                                "Relation Name": "keyword",
                                                                                                                                "Alias": "k",
                                                                                                                                "Startup Cost": 0.0,
                                                                                                                                "Total Cost": 2685.12,
                                                                                                                                "Plan Rows": 1,
                                                                                                                                "Plan Width": 4,
                                                                                                                                "Actual Startup Time": 0.168,
                                                                                                                                "Actual Total Time": 4.173,
                                                                                                                                "Actual Rows": 1,
                                                                                                                                "Actual Loops": 2,
                                                                                                                                "Filter": "(keyword = 'character-name-in-title'::text)",
                                                                                                                                "Rows Removed by Filter": 134169,
                                                                                                                                "Workers": []
                                                                                                                            }
                                                                                                                        ]
                                                                                                                    }
                                                                                                                ]
                                                                                                            }
                                                                                                        ]
                                                                                                    }
                                                                                                ]
                                                                                            }
                                                                                        ]
                                                                                    }
                                                                                ]
                                                                            }
                                                                        ]
                                                                    }
                                                                ]
                                                            }
                                                        ]
                                                    }
                                                ]
                                            }
                                        ]
                                    }
                                ]
                            }
                        ]
                    },
                    "Planning Time": 1.273,
                    "Triggers": [],
                    "Execution Time": 1802.227
                }
            ],
            "hints": [
                "SET enable_hashjoin TO on",
                "SET enable_indexonlyscan TO on",
                "SET enable_indexscan TO on",
                "SET enable_mergejoin TO on",
                "SET enable_nestloop TO off",
                "SET enable_seqscan TO on"
            ]
        },
        {
            "arm": 2,
            "execution_time": 1760.132,
            "plan": [
                {
                    "Plan": {
                        "Node Type": "Aggregate",
                        "Strategy": "Plain",
                        "Partial Mode": "Finalize",
                        "Parallel Aware": false,
                        "Async Capable": false,
                        "Startup Cost": 524651.26,
                        "Total Cost": 524651.27,
                        "Plan Rows": 1,
                        "Plan Width": 64,
                        "Actual Startup Time": 1730.345,
                        "Actual Total Time": 1760.087,
                        "Actual Rows": 1,
                        "Actual Loops": 1,
                        "Plans": [
                            {
                                "Node Type": "Gather",
                                "Parent Relationship": "Outer",
                                "Parallel Aware": false,
                                "Async Capable": false,
                                "Startup Cost": 524651.14,
                                "Total Cost": 524651.25,
                                "Plan Rows": 1,
                                "Plan Width": 32,
                                "Actual Startup Time": 1730.123,
                                "Actual Total Time": 1760.084,
                                "Actual Rows": 2,
                                "Actual Loops": 1,
                                "Workers Planned": 1,
                                "Workers Launched": 1,
                                "Single Copy": false,
                                "Plans": [
                                    {
                                        "Node Type": "Aggregate",
                                        "Strategy": "Plain",
                                        "Partial Mode": "Partial",
                                        "Parent Relationship": "Outer",
                                        "Parallel Aware": false,
                                        "Async Capable": false,
                                        "Startup Cost": 523651.14,
                                        "Total Cost": 523651.15,
                                        "Plan Rows": 1,
                                        "Plan Width": 32,
                                        "Actual Startup Time": 1728.971,
                                        "Actual Total Time": 1728.979,
                                        "Actual Rows": 1,
                                        "Actual Loops": 2,
                                        "Workers": [],
                                        "Plans": [
                                            {
                                                "Node Type": "Hash Join",
                                                "Parent Relationship": "Outer",
                                                "Parallel Aware": true,
                                                "Async Capable": false,
                                                "Join Type": "Inner",
                                                "Startup Cost": 518710.31,
                                                "Total Cost": 523651.09,
                                                "Plan Rows": 21,
                                                "Plan Width": 15,
                                                "Actual Startup Time": 1717.185,
                                                "Actual Total Time": 1728.297,
                                                "Actual Rows": 26153,
                                                "Actual Loops": 2,
                                                "Inner Unique": false,
                                                "Hash Cond": "(cn.id = mc.company_id)",
                                                "Workers": [],
                                                "Plans": [
                                                    {
                                                        "Node Type": "Seq Scan",
                                                        "Parent Relationship": "Outer",
                                                        "Parallel Aware": true,
                                                        "Async Capable": false,
                                                        "Relation Name": "company_name",
                                                        "Alias": "cn",
                                                        "Startup Cost": 0.0,
                                                        "Total Cost": 4422.34,
                                                        "Plan Rows": 138234,
                                                        "Plan Width": 4,
                                                        "Actual Startup Time": 0.003,
                                                        "Actual Total Time": 4.853,
                                                        "Actual Rows": 117498,
                                                        "Actual Loops": 2,
                                                        "Workers": []
                                                    },
                                                    {
                                                        "Node Type": "Hash",
                                                        "Parent Relationship": "Inner",
                                                        "Parallel Aware": true,
                                                        "Async Capable": false,
                                                        "Startup Cost": 518710.16,
                                                        "Total Cost": 518710.16,
                                                        "Plan Rows": 12,
                                                        "Plan Width": 19,
                                                        "Actual Startup Time": 1717.052,
                                                        "Actual Total Time": 1717.059,
                                                        "Actual Rows": 26153,
                                                        "Actual Loops": 2,
                                                        "Hash Buckets": 65536,
                                                        "Original Hash Buckets": 1024,
                                                        "Hash Batches": 1,
                                                        "Original Hash Batches": 1,
                                                        "Peak Memory Usage": 3896,
                                                        "Workers": [],
                                                        "Plans": [
                                                            {
                                                                "Node Type": "Hash Join",
                                                                "Parent Relationship": "Outer",
                                                                "Parallel Aware": true,
                                                                "Async Capable": false,
                                                                "Join Type": "Inner",
                                                                "Startup Cost": 488313.38,
                                                                "Total Cost": 518710.16,
                                                                "Plan Rows": 12,
                                                                "Plan Width": 19,
                                                                "Actual Startup Time": 1616.879,
                                                                "Actual Total Time": 1709.502,
                                                                "Actual Rows": 26153,
                                                                "Actual Loops": 2,
                                                                "Inner Unique": false,
                                                                "Hash Cond": "(mc.movie_id = ci.movie_id)",
                                                                "Workers": [],
                                                                "Plans": [
                                                                    {
                                                                        "Node Type": "Seq Scan",
                                                                        "Parent Relationship": "Outer",
                                                                        "Parallel Aware": true,
                                                                        "Async Capable": false,
                                                                        "Relation Name": "movie_companies",
                                                                        "Alias": "mc",
                                                                        "Startup Cost": 0.0,
                                                                        "Total Cost": 27240.55,
                                                                        "Plan Rows": 841655,
                                                                        "Plan Width": 8,
                                                                        "Actual Startup Time": 0.003,
                                                                        "Actual Total Time": 44.711,
                                                                        "Actual Rows": 1304564,
                                                                        "Actual Loops": 2,
                                                                        "Workers": []
                                                                    },
                                                                    {
                                                                        "Node Type": "Hash",
                                                                        "Parent Relationship": "Inner",
                                                                        "Parallel Aware": true,
                                                                        "Async Capable": false,
                                                                        "Startup Cost": 488313.34,
                                                                        "Total Cost": 488313.34,
                                                                        "Plan Rows": 3,
                                                                        "Plan Width": 27,
                                                                        "Actual Startup Time": 1616.764,
                                                                        "Actual Total Time": 1616.77,
                                                                        "Actual Rows": 3321,
                                                                        "Actual Loops": 2,
                                                                        "Hash Buckets": 8192,
                                                                        "Original Hash Buckets": 1024,
                                                                        "Hash Batches": 1,
                                                                        "Original Hash Batches": 1,
                                                                        "Peak Memory Usage": 536,
                                                                        "Workers": [],
                                                                        "Plans": [
                                                                            {
                                                                                "Node Type": "Hash Join",
                                                                                "Parent Relationship": "Outer",
                                                                                "Parallel Aware": true,
                                                                                "Async Capable": false,
                                                                                "Join Type": "Inner",
                                                                                "Startup Cost": 443613.43,
                                                                                "Total Cost": 488313.34,
                                                                                "Plan Rows": 3,
                                                                                "Plan Width": 27,
                                                                                "Actual Startup Time": 1506.949,
                                                                                "Actual Total Time": 1600.744,
                                                                                "Actual Rows": 3321,
                                                                                "Actual Loops": 2,
                                                                                "Inner Unique": false,
                                                                                "Hash Cond": "(t.id = ci.movie_id)",
                                                                                "Workers": [],
                                                                                "Plans": [
                                                                                    {
                                                                                        "Node Type": "Seq Scan",
                                                                                        "Parent Relationship": "Outer",
                                                                                        "Parallel Aware": true,
                                                                                        "Async Capable": false,
                                                                                        "Relation Name": "title",
                                                                                        "Alias": "t",
                                                                                        "Startup Cost": 0.0,
                                                                                        "Total Cost": 42329.38,
                                                                                        "Plan Rows": 632138,
                                                                                        "Plan Width": 4,
                                                                                        "Actual Startup Time": 0.002,
                                                                                        "Actual Total Time": 41.555,
                                                                                        "Actual Rows": 1264156,
                                                                                        "Actual Loops": 2,
                                                                                        "Workers": []
                                                                                    },
                                                                                    {
                                                                                        "Node Type": "Hash",
                                                                                        "Parent Relationship": "Inner",
                                                                                        "Parallel Aware": true,
                                                                                        "Async Capable": false,
                                                                                        "Startup Cost": 443613.4,
                                                                                        "Total Cost": 443613.4,
                                                                                        "Plan Rows": 2,
                                                                                        "Plan Width": 23,
                                                                                        "Actual Startup Time": 1506.729,
                                                                                        "Actual Total Time": 1506.735,
                                                                                        "Actual Rows": 3321,
                                                                                        "Actual Loops": 2,
                                                                                        "Hash Buckets": 8192,
                                                                                        "Original Hash Buckets": 1024,
                                                                                        "Hash Batches": 1,
                                                                                        "Original Hash Batches": 1,
                                                                                        "Peak Memory Usage": 536,
                                                                                        "Workers": [],
                                                                                        "Plans": [
                                                                                            {
                                                                                                "Node Type": "Hash Join",
                                                                                                "Parent Relationship": "Outer",
                                                                                                "Parallel Aware": true,
                                                                                                "Async Capable": false,
                                                                                                "Join Type": "Inner",
                                                                                                "Startup Cost": 114400.43,
                                                                                                "Total Cost": 443613.4,
                                                                                                "Plan Rows": 2,
                                                                                                "Plan Width": 23,
                                                                                                "Actual Startup Time": 473.426,
                                                                                                "Actual Total Time": 1389.7,
                                                                                                "Actual Rows": 3321,
                                                                                                "Actual Loops": 2,
                                                                                                "Inner Unique": false,
                                                                                                "Hash Cond": "(ci.movie_id = mk.movie_id)",
                                                                                                "Workers": [],
                                                                                                "Plans": [
                                                                                                    {
                                                                                                        "Node Type": "Hash Join",
                                                                                                        "Parent Relationship": "Outer",
                                                                                                        "Parallel Aware": true,
                                                                                                        "Async Capable": false,
                                                                                                        "Join Type": "Inner",
                                                                                                        "Startup Cost": 68810.96,
                                                                                                        "Total Cost": 397795.11,
                                                                                                        "Plan Rows": 61018,
                                                                                                        "Plan Width": 19,
                                                                                                        "Actual Startup Time": 310.262,
                                                                                                        "Actual Total Time": 1215.585,
                                                                                                        "Actual Rows": 134355,
                                                                                                        "Actual Loops": 2,
                                                                                                        "Inner Unique": true,
                                                                                                        "Hash Cond": "(ci.person_id = n.id)",
                                                                                                        "Workers": [],
                                                                                                        "Plans": [
                                                                                                            {
                                                                                                                "Node Type": "Seq Scan",
                                                                                                                "Parent Relationship": "Outer",
                                                                                                                "Parallel Aware": true,
                                                                                                                "Async Capable": false,
                                                                                                                "Relation Name": "cast_info",
                                                                                                                "Alias": "ci",
                                                                                                                "Startup Cost": 0.0,
                                                                                                                "Total Cost": 313127.24,
                                                                                                                "Plan Rows": 6040724,
                                                                                                                "Plan Width": 8,
                                                                                                                "Actual Startup Time": 0.005,
                                                                                                                "Actual Total Time": 557.351,
                                                                                                                "Actual Rows": 18122172,
                                                                                                                "Actual Loops": 2,
                                                                                                                "Workers": []
                                                                                                            },
                                                                                                            {
                                                                                                                "Node Type": "Hash",
                                                                                                                "Parent Relationship": "Inner",
                                                                                                                "Parallel Aware": true,
                                                                                                                "Async Capable": false,
                                                                                                                "Startup Cost": 68679.41,
                                                                                                                "Total Cost": 68679.41,
                                                                                                                "Plan Rows": 10524,
                                                                                                                "Plan Width": 19,
                                                                                                                "Actual Startup Time": 86.848,
                                                                                                                "Actual Total Time": 86.849,
                                                                                                                "Actual Rows": 18087,
                                                                                                                "Actual Loops": 2,
                                                                                                                "Hash Buckets": 65536,
                                                                                                                "Original Hash Buckets": 65536,
                                                                                                                "Hash Batches": 1,
                                                                                                                "Original Hash Batches": 1,
                                                                                                                "Peak Memory Usage": 2496,
                                                                                                                "Workers": [],
                                                                                                                "Plans": [
                                                                                                                    {
                                                                                                                        "Node Type": "Seq Scan",
                                                                                                                        "Parent Relationship": "Outer",
                                                                                                                        "Parallel Aware": true,
                                                                                                                        "Async Capable": false,
                                                                                                                        "Relation Name": "name",
                                                                                                                        "Alias": "n",
                                                                                                                        "Startup Cost": 0.0,
                                                                                                                        "Total Cost": 68679.41,
                                                                                                                        "Plan Rows": 10524,
                                                                                                                        "Plan Width": 19,
                                                                                                                        "Actual Startup Time": 35.446,
                                                                                                                        "Actual Total Time": 84.505,
                                                                                                                        "Actual Rows": 18087,
                                                                                                                        "Actual Loops": 2,
                                                                                                                        "Filter": "(name ~~ 'Z%'::text)",
                                                                                                                        "Rows Removed by Filter": 2065658,
                                                                                                                        "Workers": []
                                                                                                                    }
                                                                                                                ]
                                                                                                            }
                                                                                                        ]
                                                                                                    },
                                                                                                    {
                                                                                                        "Node Type": "Hash",
                                                                                                        "Parent Relationship": "Inner",
                                                                                                        "Parallel Aware": true,
                                                                                                        "Async Capable": false,
                                                                                                        "Startup Cost": 45589.33,
                                                                                                        "Total Cost": 45589.33,
                                                                                                        "Plan Rows": 11,
                                                                                                        "Plan Width": 4,
                                                                                                        "Actual Startup Time": 163.149,
                                                                                                        "Actual Total Time": 163.15,
                                                                                                        "Actual Rows": 20920,
                                                                                                        "Actual Loops": 2,
                                                                                                        "Hash Buckets": 65536,
                                                                                                        "Original Hash Buckets": 1024,
                                                                                                        "Hash Batches": 1,
                                                                                                        "Original Hash Batches": 1,
                                                                                                        "Peak Memory Usage": 2680,
                                                                                                        "Workers": [],
                                                                                                        "Plans": [
                                                                                                            {
                                                                                                                "Node Type": "Hash Join",
                                                                                                                "Parent Relationship": "Outer",
                                                                                                                "Parallel Aware": false,
                                                                                                                "Async Capable": false,
                                                                                                                "Join Type": "Inner",
                                                                                                                "Startup Cost": 2685.14,
                                                                                                                "Total Cost": 45589.33,
                                                                                                                "Plan Rows": 11,
                                                                                                                "Plan Width": 4,
                                                                                                                "Actual Startup Time": 3.887,
                                                                                                                "Actual Total Time": 151.764,
                                                                                                                "Actual Rows": 20920,
                                                                                                                "Actual Loops": 2,
                                                                                                                "Inner Unique": true,
                                                                                                                "Hash Cond": "(mk.keyword_id = k.id)",
                                                                                                                "Workers": [],
                                                                                                                "Plans": [
                                                                                                                    {
                                                                                                                        "Node Type": "Seq Scan",
                                                                                                                        "Parent Relationship": "Outer",
                                                                                                                        "Parallel Aware": true,
                                                                                                                        "Async Capable": false,
                                                                                                                        "Relation Name": "movie_keyword",
                                                                                                                        "Alias": "mk",
                                                                                                                        "Startup Cost": 0.0,
                                                                                                                        "Total Cost": 39073.32,
                                                                                                                        "Plan Rows": 1459332,
                                                                                                                        "Plan Width": 8,
                                                                                                                        "Actual Startup Time": 0.006,
                                                                                                                        "Actual Total Time": 82.832,
                                                                                                                        "Actual Rows": 2261965,
                                                                                                                        "Actual Loops": 2,
                                                                                                                        "Workers": []
                                                                                                                    },
                                                                                                                    {
                                                                                                                        "Node Type": "Hash",
                                                                                                                        "Parent Relationship": "Inner",
                                                                                                                        "Parallel Aware": false,
                                                                                                                        "Async Capable": false,
                                                                                                                        "Startup Cost": 2685.12,
                                                                                                                        "Total Cost": 2685.12,
                                                                                                                        "Plan Rows": 1,
                                                                                                                        "Plan Width": 4,
                                                                                                                        "Actual Startup Time": 3.86,
                                                                                                                        "Actual Total Time": 3.86,
                                                                                                                        "Actual Rows": 1,
                                                                                                                        "Actual Loops": 2,
                                                                                                                        "Hash Buckets": 1024,
                                                                                                                        "Original Hash Buckets": 1024,
                                                                                                                        "Hash Batches": 1,
                                                                                                                        "Original Hash Batches": 1,
                                                                                                                        "Peak Memory Usage": 9,
                                                                                                                        "Workers": [],
                                                                                                                        "Plans": [
                                                                                                                            {
                                                                                                                                "Node Type": "Seq Scan",
                                                                                                                                "Parent Relationship": "Outer",
                                                                                                                                "Parallel Aware": false,
                                                                                                                                "Async Capable": false,
                                                                                                                                "Relation Name": "keyword",
                                                                                                                                "Alias": "k",
                                                                                                                                "Startup Cost": 0.0,
                                                                                                                                "Total Cost": 2685.12,
                                                                                                                                "Plan Rows": 1,
                                                                                                                                "Plan Width": 4,
                                                                                                                                "Actual Startup Time": 0.197,
                                                                                                                                "Actual Total Time": 3.858,
                                                                                                                                "Actual Rows": 1,
                                                                                                                                "Actual Loops": 2,
                                                                                                                                "Filter": "(keyword = 'character-name-in-title'::text)",
                                                                                                                                "Rows Removed by Filter": 134169,
                                                                                                                                "Workers": []
                                                                                                                            }
                                                                                                                        ]
                                                                                                                    }
                                                                                                                ]
                                                                                                            }
                                                                                                        ]
                                                                                                    }
                                                                                                ]
                                                                                            }
                                                                                        ]
                                                                                    }
                                                                                ]
                                                                            }
                                                                        ]
                                                                    }
                                                                ]
                                                            }
                                                        ]
                                                    }
                                                ]
                                            }
                                        ]
                                    }
                                ]
                            }
                        ]
                    },
                    "Planning Time": 0.743,
                    "Triggers": [],
                    "Execution Time": 1760.132
                }
            ],
            "hints": [
                "SET enable_hashjoin TO on",
                "SET enable_indexonlyscan TO on",
                "SET enable_indexscan TO off",
                "SET enable_mergejoin TO off",
                "SET enable_nestloop TO on",
                "SET enable_seqscan TO on"
            ]
        },
        {
            "arm": 3,
            "execution_time": 1750.144,
            "plan": [
                {
                    "Plan": {
                        "Node Type": "Aggregate",
                        "Strategy": "Plain",
                        "Partial Mode": "Finalize",
                        "Parallel Aware": false,
                        "Async Capable": false,
                        "Startup Cost": 524651.26,
                        "Total Cost": 524651.27,
                        "Plan Rows": 1,
                        "Plan Width": 64,
                        "Actual Startup Time": 1720.544,
                        "Actual Total Time": 1750.098,
                        "Actual Rows": 1,
                        "Actual Loops": 1,
                        "Plans": [
                            {
                                "Node Type": "Gather",
                                "Parent Relationship": "Outer",
                                "Parallel Aware": false,
                                "Async Capable": false,
                                "Startup Cost": 524651.14,
                                "Total Cost": 524651.25,
                                "Plan Rows": 1,
                                "Plan Width": 32,
                                "Actual Startup Time": 1720.277,
                                "Actual Total Time": 1750.095,
                                "Actual Rows": 2,
                                "Actual Loops": 1,
                                "Workers Planned": 1,
                                "Workers Launched": 1,
                                "Single Copy": false,
                                "Plans": [
                                    {
                                        "Node Type": "Aggregate",
                                        "Strategy": "Plain",
                                        "Partial Mode": "Partial",
                                        "Parent Relationship": "Outer",
                                        "Parallel Aware": false,
                                        "Async Capable": false,
                                        "Startup Cost": 523651.14,
                                        "Total Cost": 523651.15,
                                        "Plan Rows": 1,
                                        "Plan Width": 32,
                                        "Actual Startup Time": 1719.204,
                                        "Actual Total Time": 1719.281,
                                        "Actual Rows": 1,
                                        "Actual Loops": 2,
                                        "Workers": [],
                                        "Plans": [
                                            {
                                                "Node Type": "Hash Join",
                                                "Parent Relationship": "Outer",
                                                "Parallel Aware": true,
                                                "Async Capable": false,
                                                "Join Type": "Inner",
                                                "Startup Cost": 518710.31,
                                                "Total Cost": 523651.09,
                                                "Plan Rows": 21,
                                                "Plan Width": 15,
                                                "Actual Startup Time": 1707.302,
                                                "Actual Total Time": 1718.587,
                                                "Actual Rows": 26153,
                                                "Actual Loops": 2,
                                                "Inner Unique": false,
                                                "Hash Cond": "(cn.id = mc.company_id)",
                                                "Workers": [],
                                                "Plans": [
                                                    {
                                                        "Node Type": "Seq Scan",
                                                        "Parent Relationship": "Outer",
                                                        "Parallel Aware": true,
                                                        "Async Capable": false,
                                                        "Relation Name": "company_name",
                                                        "Alias": "cn",
                                                        "Startup Cost": 0.0,
                                                        "Total Cost": 4422.34,
                                                        "Plan Rows": 138234,
                                                        "Plan Width": 4,
                                                        "Actual Startup Time": 0.003,
                                                        "Actual Total Time": 4.853,
                                                        "Actual Rows": 117498,
                                                        "Actual Loops": 2,
                                                        "Workers": []
                                                    },
                                                    {
                                                        "Node Type": "Hash",
                                                        "Parent Relationship": "Inner",
                                                        "Parallel Aware": true,
                                                        "Async Capable": false,
                                                        "Startup Cost": 518710.16,
                                                        "Total Cost": 518710.16,
                                                        "Plan Rows": 12,
                                                        "Plan Width": 19,
                                                        "Actual Startup Time": 1707.171,
                                                        "Actual Total Time": 1707.246,
                                                        "Actual Rows": 26153,
                                                        "Actual Loops": 2,
                                                        "Hash Buckets": 65536,
                                                        "Original Hash Buckets": 1024,
                                                        "Hash Batches": 1,
                                                        "Original Hash Batches": 1,
                                                        "Peak Memory Usage": 3864,
                                                        "Workers": [],
                                                        "Plans": [
                                                            {
                                                                "Node Type": "Hash Join",
                                                                "Parent Relationship": "Outer",
                                                                "Parallel Aware": true,
                                                                "Async Capable": false,
                                                                "Join Type": "Inner",
                                                                "Startup Cost": 488313.38,
                                                                "Total Cost": 518710.16,
                                                                "Plan Rows": 12,
                                                                "Plan Width": 19,
                                                                "Actual Startup Time": 1606.901,
                                                                "Actual Total Time": 1700.047,
                                                                "Actual Rows": 26153,
                                                                "Actual Loops": 2,
                                                                "Inner Unique": false,
                                                                "Hash Cond": "(mc.movie_id = ci.movie_id)",
                                                                "Workers": [],
                                                                "Plans": [
                                                                    {
                                                                        "Node Type": "Seq Scan",
                                                                        "Parent Relationship": "Outer",
                                                                        "Parallel Aware": true,
                                                                        "Async Capable": false,
                                                                        "Relation Name": "movie_companies",
                                                                        "Alias": "mc",
                                                                        "Startup Cost": 0.0,
                                                                        "Total Cost": 27240.55,
                                                                        "Plan Rows": 841655,
                                                                        "Plan Width": 8,
                                                                        "Actual Startup Time": 0.003,
                                                                        "Actual Total Time": 44.996,
                                                                        "Actual Rows": 1304564,
                                                                        "Actual Loops": 2,
                                                                        "Workers": []
                                                                    },
                                                                    {
                                                                        "Node Type": "Hash",
                                                                        "Parent Relationship": "Inner",
                                                                        "Parallel Aware": true,
                                                                        "Async Capable": false,
                                                                        "Startup Cost": 488313.34,
                                                                        "Total Cost": 488313.34,
                                                                        "Plan Rows": 3,
                                                                        "Plan Width": 27,
                                                                        "Actual Startup Time": 1606.789,
                                                                        "Actual Total Time": 1606.864,
                                                                        "Actual Rows": 3321,
                                                                        "Actual Loops": 2,
                                                                        "Hash Buckets": 8192,
                                                                        "Original Hash Buckets": 1024,
                                                                        "Hash Batches": 1,
                                                                        "Original Hash Batches": 1,
                                                                        "Peak Memory Usage": 536,
                                                                        "Workers": [],
                                                                        "Plans": [
                                                                            {
                                                                                "Node Type": "Hash Join",
                                                                                "Parent Relationship": "Outer",
                                                                                "Parallel Aware": true,
                                                                                "Async Capable": false,
                                                                                "Join Type": "Inner",
                                                                                "Startup Cost": 443613.43,
                                                                                "Total Cost": 488313.34,
                                                                                "Plan Rows": 3,
                                                                                "Plan Width": 27,
                                                                                "Actual Startup Time": 1495.934,
                                                                                "Actual Total Time": 1591.104,
                                                                                "Actual Rows": 3321,
                                                                                "Actual Loops": 2,
                                                                                "Inner Unique": false,
                                                                                "Hash Cond": "(t.id = ci.movie_id)",
                                                                                "Workers": [],
                                                                                "Plans": [
                                                                                    {
                                                                                        "Node Type": "Seq Scan",
                                                                                        "Parent Relationship": "Outer",
                                                                                        "Parallel Aware": true,
                                                                                        "Async Capable": false,
                                                                                        "Relation Name": "title",
                                                                                        "Alias": "t",
                                                                                        "Startup Cost": 0.0,
                                                                                        "Total Cost": 42329.38,
                                                                                        "Plan Rows": 632138,
                                                                                        "Plan Width": 4,
                                                                                        "Actual Startup Time": 0.002,
                                                                                        "Actual Total Time": 41.692,
                                                                                        "Actual Rows": 1264156,
                                                                                        "Actual Loops": 2,
                                                                                        "Workers": []
                                                                                    },
                                                                                    {
                                                                                        "Node Type": "Hash",
                                                                                        "Parent Relationship": "Inner",
                                                                                        "Parallel Aware": true,
                                                                                        "Async Capable": false,
                                                                                        "Startup Cost": 443613.4,
                                                                                        "Total Cost": 443613.4,
                                                                                        "Plan Rows": 2,
                                                                                        "Plan Width": 23,
                                                                                        "Actual Startup Time": 1495.727,
                                                                                        "Actual Total Time": 1495.801,
                                                                                        "Actual Rows": 3321,
                                                                                        "Actual Loops": 2,
                                                                                        "Hash Buckets": 8192,
                                                                                        "Original Hash Buckets": 1024,
                                                                                        "Hash Batches": 1,
                                                                                        "Original Hash Batches": 1,
                                                                                        "Peak Memory Usage": 536,
                                                                                        "Workers": [],
                                                                                        "Plans": [
                                                                                            {
                                                                                                "Node Type": "Hash Join",
                                                                                                "Parent Relationship": "Outer",
                                                                                                "Parallel Aware": true,
                                                                                                "Async Capable": false,
                                                                                                "Join Type": "Inner",
                                                                                                "Startup Cost": 114400.43,
                                                                                                "Total Cost": 443613.4,
                                                                                                "Plan Rows": 2,
                                                                                                "Plan Width": 23,
                                                                                                "Actual Startup Time": 464.258,
                                                                                                "Actual Total Time": 1377.235,
                                                                                                "Actual Rows": 3321,
                                                                                                "Actual Loops": 2,
                                                                                                "Inner Unique": false,
                                                                                                "Hash Cond": "(ci.movie_id = mk.movie_id)",
                                                                                                "Workers": [],
                                                                                                "Plans": [
                                                                                                    {
                                                                                                        "Node Type": "Hash Join",
                                                                                                        "Parent Relationship": "Outer",
                                                                                                        "Parallel Aware": true,
                                                                                                        "Async Capable": false,
                                                                                                        "Join Type": "Inner",
                                                                                                        "Startup Cost": 68810.96,
                                                                                                        "Total Cost": 397795.11,
                                                                                                        "Plan Rows": 61018,
                                                                                                        "Plan Width": 19,
                                                                                                        "Actual Startup Time": 307.813,
                                                                                                        "Actual Total Time": 1210.679,
                                                                                                        "Actual Rows": 134355,
                                                                                                        "Actual Loops": 2,
                                                                                                        "Inner Unique": true,
                                                                                                        "Hash Cond": "(ci.person_id = n.id)",
                                                                                                        "Workers": [],
                                                                                                        "Plans": [
                                                                                                            {
                                                                                                                "Node Type": "Seq Scan",
                                                                                                                "Parent Relationship": "Outer",
                                                                                                                "Parallel Aware": true,
                                                                                                                "Async Capable": false,
                                                                                                                "Relation Name": "cast_info",
                                                                                                                "Alias": "ci",
                                                                                                                "Startup Cost": 0.0,
                                                                                                                "Total Cost": 313127.24,
                                                                                                                "Plan Rows": 6040724,
                                                                                                                "Plan Width": 8,
                                                                                                                "Actual Startup Time": 0.021,
                                                                                                                "Actual Total Time": 554.492,
                                                                                                                "Actual Rows": 18122172,
                                                                                                                "Actual Loops": 2,
                                                                                                                "Workers": []
                                                                                                            },
                                                                                                            {
                                                                                                                "Node Type": "Hash",
                                                                                                                "Parent Relationship": "Inner",
                                                                                                                "Parallel Aware": true,
                                                                                                                "Async Capable": false,
                                                                                                                "Startup Cost": 68679.41,
                                                                                                                "Total Cost": 68679.41,
                                                                                                                "Plan Rows": 10524,
                                                                                                                "Plan Width": 19,
                                                                                                                "Actual Startup Time": 85.146,
                                                                                                                "Actual Total Time": 85.147,
                                                                                                                "Actual Rows": 18087,
                                                                                                                "Actual Loops": 2,
                                                                                                                "Hash Buckets": 65536,
                                                                                                                "Original Hash Buckets": 65536,
                                                                                                                "Hash Batches": 1,
                                                                                                                "Original Hash Batches": 1,
                                                                                                                "Peak Memory Usage": 2496,
                                                                                                                "Workers": [],
                                                                                                                "Plans": [
                                                                                                                    {
                                                                                                                        "Node Type": "Seq Scan",
                                                                                                                        "Parent Relationship": "Outer",
                                                                                                                        "Parallel Aware": true,
                                                                                                                        "Async Capable": false,
                                                                                                                        "Relation Name": "name",
                                                                                                                        "Alias": "n",
                                                                                                                        "Startup Cost": 0.0,
                                                                                                                        "Total Cost": 68679.41,
                                                                                                                        "Plan Rows": 10524,
                                                                                                                        "Plan Width": 19,
                                                                                                                        "Actual Startup Time": 34.882,
                                                                                                                        "Actual Total Time": 83.101,
                                                                                                                        "Actual Rows": 18087,
                                                                                                                        "Actual Loops": 2,
                                                                                                                        "Filter": "(name ~~ 'Z%'::text)",
                                                                                                                        "Rows Removed by Filter": 2065658,
                                                                                                                        "Workers": []
                                                                                                                    }
                                                                                                                ]
                                                                                                            }
                                                                                                        ]
                                                                                                    },
                                                                                                    {
                                                                                                        "Node Type": "Hash",
                                                                                                        "Parent Relationship": "Inner",
                                                                                                        "Parallel Aware": true,
                                                                                                        "Async Capable": false,
                                                                                                        "Startup Cost": 45589.33,
                                                                                                        "Total Cost": 45589.33,
                                                                                                        "Plan Rows": 11,
                                                                                                        "Plan Width": 4,
                                                                                                        "Actual Startup Time": 156.43,
                                                                                                        "Actual Total Time": 156.432,
                                                                                                        "Actual Rows": 20920,
                                                                                                        "Actual Loops": 2,
                                                                                                        "Hash Buckets": 65536,
                                                                                                        "Original Hash Buckets": 1024,
                                                                                                        "Hash Batches": 1,
                                                                                                        "Original Hash Batches": 1,
                                                                                                        "Peak Memory Usage": 2680,
                                                                                                        "Workers": [],
                                                                                                        "Plans": [
                                                                                                            {
                                                                                                                "Node Type": "Hash Join",
                                                                                                                "Parent Relationship": "Outer",
                                                                                                                "Parallel Aware": false,
                                                                                                                "Async Capable": false,
                                                                                                                "Join Type": "Inner",
                                                                                                                "Startup Cost": 2685.14,
                                                                                                                "Total Cost": 45589.33,
                                                                                                                "Plan Rows": 11,
                                                                                                                "Plan Width": 4,
                                                                                                                "Actual Startup Time": 3.899,
                                                                                                                "Actual Total Time": 145.054,
                                                                                                                "Actual Rows": 20920,
                                                                                                                "Actual Loops": 2,
                                                                                                                "Inner Unique": true,
                                                                                                                "Hash Cond": "(mk.keyword_id = k.id)",
                                                                                                                "Workers": [],
                                                                                                                "Plans": [
                                                                                                                    {
                                                                                                                        "Node Type": "Seq Scan",
                                                                                                                        "Parent Relationship": "Outer",
                                                                                                                        "Parallel Aware": true,
                                                                                                                        "Async Capable": false,
                                                                                                                        "Relation Name": "movie_keyword",
                                                                                                                        "Alias": "mk",
                                                                                                                        "Startup Cost": 0.0,
                                                                                                                        "Total Cost": 39073.32,
                                                                                                                        "Plan Rows": 1459332,
                                                                                                                        "Plan Width": 8,
                                                                                                                        "Actual Startup Time": 0.005,
                                                                                                                        "Actual Total Time": 77.856,
                                                                                                                        "Actual Rows": 2261965,
                                                                                                                        "Actual Loops": 2,
                                                                                                                        "Workers": []
                                                                                                                    },
                                                                                                                    {
                                                                                                                        "Node Type": "Hash",
                                                                                                                        "Parent Relationship": "Inner",
                                                                                                                        "Parallel Aware": false,
                                                                                                                        "Async Capable": false,
                                                                                                                        "Startup Cost": 2685.12,
                                                                                                                        "Total Cost": 2685.12,
                                                                                                                        "Plan Rows": 1,
                                                                                                                        "Plan Width": 4,
                                                                                                                        "Actual Startup Time": 3.875,
                                                                                                                        "Actual Total Time": 3.875,
                                                                                                                        "Actual Rows": 1,
                                                                                                                        "Actual Loops": 2,
                                                                                                                        "Hash Buckets": 1024,
                                                                                                                        "Original Hash Buckets": 1024,
                                                                                                                        "Hash Batches": 1,
                                                                                                                        "Original Hash Batches": 1,
                                                                                                                        "Peak Memory Usage": 9,
                                                                                                                        "Workers": [],
                                                                                                                        "Plans": [
                                                                                                                            {
                                                                                                                                "Node Type": "Seq Scan",
                                                                                                                                "Parent Relationship": "Outer",
                                                                                                                                "Parallel Aware": false,
                                                                                                                                "Async Capable": false,
                                                                                                                                "Relation Name": "keyword",
                                                                                                                                "Alias": "k",
                                                                                                                                "Startup Cost": 0.0,
                                                                                                                                "Total Cost": 2685.12,
                                                                                                                                "Plan Rows": 1,
                                                                                                                                "Plan Width": 4,
                                                                                                                                "Actual Startup Time": 0.177,
                                                                                                                                "Actual Total Time": 3.873,
                                                                                                                                "Actual Rows": 1,
                                                                                                                                "Actual Loops": 2,
                                                                                                                                "Filter": "(keyword = 'character-name-in-title'::text)",
                                                                                                                                "Rows Removed by Filter": 134169,
                                                                                                                                "Workers": []
                                                                                                                            }
                                                                                                                        ]
                                                                                                                    }
                                                                                                                ]
                                                                                                            }
                                                                                                        ]
                                                                                                    }
                                                                                                ]
                                                                                            }
                                                                                        ]
                                                                                    }
                                                                                ]
                                                                            }
                                                                        ]
                                                                    }
                                                                ]
                                                            }
                                                        ]
                                                    }
                                                ]
                                            }
                                        ]
                                    }
                                ]
                            }
                        ]
                    },
                    "Planning Time": 0.963,
                    "Triggers": [],
                    "Execution Time": 1750.144
                }
            ],
            "hints": [
                "SET enable_hashjoin TO on",
                "SET enable_indexonlyscan TO on",
                "SET enable_indexscan TO off",
                "SET enable_mergejoin TO off",
                "SET enable_nestloop TO off",
                "SET enable_seqscan TO on"
            ]
        },
        {
            "arm": 4,
            "execution_time": 2545.628,
            "plan": [
                {
                    "Plan": {
                        "Node Type": "Aggregate",
                        "Strategy": "Plain",
                        "Partial Mode": "Simple",
                        "Parallel Aware": false,
                        "Async Capable": false,
                        "Startup Cost": 4583.49,
                        "Total Cost": 4583.5,
                        "Plan Rows": 1,
                        "Plan Width": 64,
                        "Actual Startup Time": 2545.595,
                        "Actual Total Time": 2545.598,
                        "Actual Rows": 1,
                        "Actual Loops": 1,
                        "Plans": [
                            {
                                "Node Type": "Nested Loop",
                                "Parent Relationship": "Outer",
                                "Parallel Aware": false,
                                "Async Capable": false,
                                "Join Type": "Inner",
                                "Startup Cost": 2.58,
                                "Total Cost": 4583.4,
                                "Plan Rows": 36,
                                "Plan Width": 15,
                                "Actual Startup Time": 1.685,
                                "Actual Total Time": 2543.716,
                                "Actual Rows": 52306,
                                "Actual Loops": 1,
                                "Inner Unique": true,
                                "Plans": [
                                    {
                                        "Node Type": "Nested Loop",
                                        "Parent Relationship": "Outer",
                                        "Parallel Aware": false,
                                        "Async Capable": false,
                                        "Join Type": "Inner",
                                        "Startup Cost": 2.16,
                                        "Total Cost": 4567.43,
                                        "Plan Rows": 36,
                                        "Plan Width": 19,
                                        "Actual Startup Time": 1.679,
                                        "Actual Total Time": 2492.152,
                                        "Actual Rows": 52306,
                                        "Actual Loops": 1,
                                        "Inner Unique": false,
                                        "Plans": [
                                            {
                                                "Node Type": "Nested Loop",
                                                "Parent Relationship": "Outer",
                                                "Parallel Aware": false,
                                                "Async Capable": false,
                                                "Join Type": "Inner",
                                                "Startup Cost": 1.73,
                                                "Total Cost": 4560.01,
                                                "Plan Rows": 13,
                                                "Plan Width": 27,
                                                "Actual Startup Time": 1.67,
                                                "Actual Total Time": 2472.594,
                                                "Actual Rows": 6642,
                                                "Actual Loops": 1,
                                                "Inner Unique": true,
                                                "Plans": [
                                                    {
                                                        "Node Type": "Nested Loop",
                                                        "Parent Relationship": "Outer",
                                                        "Parallel Aware": false,
                                                        "Async Capable": false,
                                                        "Join Type": "Inner",
                                                        "Startup Cost": 1.3,
                                                        "Total Cost": 4554.18,
                                                        "Plan Rows": 13,
                                                        "Plan Width": 23,
                                                        "Actual Startup Time": 1.662,
                                                        "Actual Total Time": 2464.226,
                                                        "Actual Rows": 6642,
                                                        "Actual Loops": 1,
                                                        "Inner Unique": true,
                                                        "Plans": [
                                                            {
                                                                "Node Type": "Nested Loop",
                                                                "Parent Relationship": "Outer",
                                                                "Parallel Aware": false,
                                                                "Async Capable": false,
                                                                "Join Type": "Inner",
                                                                "Startup Cost": 0.87,
                                                                "Total Cost": 3965.0,
                                                                "Plan Rows": 1287,
                                                                "Plan Width": 12,
                                                                "Actual Startup Time": 0.206,
                                                                "Actual Total Time": 835.178,
                                                                "Actual Rows": 1038393,
                                                                "Actual Loops": 1,
                                                                "Inner Unique": false,
                                                                "Plans": [
                                                                    {
                                                                        "Node Type": "Nested Loop",
                                                                        "Parent Relationship": "Outer",
                                                                        "Parallel Aware": false,
                                                                        "Async Capable": false,
                                                                        "Join Type": "Inner",
                                                                        "Startup Cost": 0.43,
                                                                        "Total Cost": 3905.45,
                                                                        "Plan Rows": 34,
                                                                        "Plan Width": 4,
                                                                        "Actual Startup Time": 0.193,
                                                                        "Actual Total Time": 23.664,
                                                                        "Actual Rows": 41840,
                                                                        "Actual Loops": 1,
                                                                        "Inner Unique": false,
                                                                        "Plans": [
                                                                            {
                                                                                "Node Type": "Seq Scan",
                                                                                "Parent Relationship": "Outer",
                                                                                "Parallel Aware": false,
                                                                                "Async Capable": false,
                                                                                "Relation Name": "keyword",
                                                                                "Alias": "k",
                                                                                "Startup Cost": 0.0,
                                                                                "Total Cost": 2685.12,
                                                                                "Plan Rows": 1,
                                                                                "Plan Width": 4,
                                                                                "Actual Startup Time": 0.168,
                                                                                "Actual Total Time": 4.106,
                                                                                "Actual Rows": 1,
                                                                                "Actual Loops": 1,
                                                                                "Filter": "(keyword = 'character-name-in-title'::text)",
                                                                                "Rows Removed by Filter": 134169
                                                                            },
                                                                            {
                                                                                "Node Type": "Index Scan",
                                                                                "Parent Relationship": "Inner",
                                                                                "Parallel Aware": false,
                                                                                "Async Capable": false,
                                                                                "Scan Direction": "Forward",
                                                                                "Index Name": "keyword_id_movie_keyword",
                                                                                "Relation Name": "movie_keyword",
                                                                                "Alias": "mk",
                                                                                "Startup Cost": 0.43,
                                                                                "Total Cost": 1217.3,
                                                                                "Plan Rows": 303,
                                                                                "Plan Width": 8,
                                                                                "Actual Startup Time": 0.024,
                                                                                "Actual Total Time": 17.51,
                                                                                "Actual Rows": 41840,
                                                                                "Actual Loops": 1,
                                                                                "Index Cond": "(keyword_id = k.id)",
                                                                                "Rows Removed by Index Recheck": 0
                                                                            }
                                                                        ]
                                                                    },
                                                                    {
                                                                        "Node Type": "Index Scan",
                                                                        "Parent Relationship": "Inner",
                                                                        "Parallel Aware": false,
                                                                        "Async Capable": false,
                                                                        "Scan Direction": "Forward",
                                                                        "Index Name": "movie_id_cast_info",
                                                                        "Relation Name": "cast_info",
                                                                        "Alias": "ci",
                                                                        "Startup Cost": 0.44,
                                                                        "Total Cost": 1.37,
                                                                        "Plan Rows": 38,
                                                                        "Plan Width": 8,
                                                                        "Actual Startup Time": 0.002,
                                                                        "Actual Total Time": 0.018,
                                                                        "Actual Rows": 25,
                                                                        "Actual Loops": 41840,
                                                                        "Index Cond": "(movie_id = mk.movie_id)",
                                                                        "Rows Removed by Index Recheck": 0
                                                                    }
                                                                ]
                                                            },
                                                            {
                                                                "Node Type": "Index Scan",
                                                                "Parent Relationship": "Inner",
                                                                "Parallel Aware": false,
                                                                "Async Capable": false,
                                                                "Scan Direction": "Forward",
                                                                "Index Name": "name_pkey",
                                                                "Relation Name": "name",
                                                                "Alias": "n",
                                                                "Startup Cost": 0.43,
                                                                "Total Cost": 0.46,
                                                                "Plan Rows": 1,
                                                                "Plan Width": 19,
                                                                "Actual Startup Time": 0.001,
                                                                "Actual Total Time": 0.001,
                                                                "Actual Rows": 0,
                                                                "Actual Loops": 1038393,
                                                                "Index Cond": "(id = ci.person_id)",
                                                                "Rows Removed by Index Recheck": 0,
                                                                "Filter": "(name ~~ 'Z%'::text)",
                                                                "Rows Removed by Filter": 1
                                                            }
                                                        ]
                                                    },
                                                    {
                                                        "Node Type": "Index Only Scan",
                                                        "Parent Relationship": "Inner",
                                                        "Parallel Aware": false,
                                                        "Async Capable": false,
                                                        "Scan Direction": "Forward",
                                                        "Index Name": "title_pkey",
                                                        "Relation Name": "title",
                                                        "Alias": "t",
                                                        "Startup Cost": 0.43,
                                                        "Total Cost": 0.45,
                                                        "Plan Rows": 1,
                                                        "Plan Width": 4,
                                                        "Actual Startup Time": 0.001,
                                                        "Actual Total Time": 0.001,
                                                        "Actual Rows": 1,
                                                        "Actual Loops": 6642,
                                                        "Index Cond": "(id = ci.movie_id)",
                                                        "Rows Removed by Index Recheck": 0,
                                                        "Heap Fetches": 0
                                                    }
                                                ]
                                            },
                                            {
                                                "Node Type": "Index Scan",
                                                "Parent Relationship": "Inner",
                                                "Parallel Aware": false,
                                                "Async Capable": false,
                                                "Scan Direction": "Forward",
                                                "Index Name": "movie_id_movie_companies",
                                                "Relation Name": "movie_companies",
                                                "Alias": "mc",
                                                "Startup Cost": 0.43,
                                                "Total Cost": 0.52,
                                                "Plan Rows": 5,
                                                "Plan Width": 8,
                                                "Actual Startup Time": 0.002,
                                                "Actual Total Time": 0.002,
                                                "Actual Rows": 8,
                                                "Actual Loops": 6642,
                                                "Index Cond": "(movie_id = ci.movie_id)",
                                                "Rows Removed by Index Recheck": 0
                                            }
                                        ]
                                    },
                                    {
                                        "Node Type": "Index Only Scan",
                                        "Parent Relationship": "Inner",
                                        "Parallel Aware": false,
                                        "Async Capable": false,
                                        "Scan Direction": "Forward",
                                        "Index Name": "company_name_pkey",
                                        "Relation Name": "company_name",
                                        "Alias": "cn",
                                        "Startup Cost": 0.42,
                                        "Total Cost": 0.44,
                                        "Plan Rows": 1,
                                        "Plan Width": 4,
                                        "Actual Startup Time": 0.001,
                                        "Actual Total Time": 0.001,
                                        "Actual Rows": 1,
                                        "Actual Loops": 52306,
                                        "Index Cond": "(id = mc.company_id)",
                                        "Rows Removed by Index Recheck": 0,
                                        "Heap Fetches": 52306
                                    }
                                ]
                            }
                        ]
                    },
                    "Planning Time": 1.231,
                    "Triggers": [],
                    "Execution Time": 2545.628
                }
            ],
            "hints": [
                "SET enable_hashjoin TO on",
                "SET enable_indexonlyscan TO on",
                "SET enable_indexscan TO on",
                "SET enable_mergejoin TO off",
                "SET enable_nestloop TO on",
                "SET enable_seqscan TO on"
            ]
        }
    ]
}