{
    "sql_file": "job11b.sql",
    "query": "SELECT MIN(cn.name) AS from_company, MIN(lt.link) AS movie_link_type, MIN(t.title) AS sequel_movie FROM company_name AS cn, company_type AS ct, keyword AS k, link_type AS lt, movie_companies AS mc, movie_keyword AS mk, movie_link AS ml, title AS t WHERE cn.country_code !='[pl]' AND (cn.name LIKE '%Film%' OR cn.name LIKE '%Warner%') AND ct.kind ='production companies' AND k.keyword ='sequel' AND lt.link LIKE '%follows%' AND mc.note IS NULL AND t.production_year  = 1998 and t.title like '%Money%' AND lt.id = ml.link_type_id AND ml.movie_id = t.id AND t.id = mk.movie_id AND mk.keyword_id = k.id AND t.id = mc.movie_id AND mc.company_type_id = ct.id AND mc.company_id = cn.id AND ml.movie_id = mk.movie_id AND ml.movie_id = mc.movie_id AND mk.movie_id = mc.movie_id;",
    "results": [
        {
            "arm": 0,
            "execution_time": 12.095,
            "plan": [
                {
                    "Plan": {
                        "Node Type": "Aggregate",
                        "Strategy": "Plain",
                        "Partial Mode": "Simple",
                        "Parallel Aware": false,
                        "Async Capable": false,
                        "Startup Cost": 3923.87,
                        "Total Cost": 3923.88,
                        "Plan Rows": 1,
                        "Plan Width": 96,
                        "Actual Startup Time": 12.067,
                        "Actual Total Time": 12.068,
                        "Actual Rows": 1,
                        "Actual Loops": 1,
                        "Plans": [
                            {
                                "Node Type": "Nested Loop",
                                "Parent Relationship": "Outer",
                                "Parallel Aware": false,
                                "Async Capable": false,
                                "Join Type": "Inner",
                                "Startup Cost": 2.0,
                                "Total Cost": 3923.86,
                                "Plan Rows": 1,
                                "Plan Width": 48,
                                "Actual Startup Time": 0.415,
                                "Actual Total Time": 12.063,
                                "Actual Rows": 14,
                                "Actual Loops": 1,
                                "Inner Unique": true,
                                "Join Filter": "(ct.id = mc.company_type_id)",
                                "Rows Removed by Join Filter": 0,
                                "Plans": [
                                    {
                                        "Node Type": "Nested Loop",
                                        "Parent Relationship": "Outer",
                                        "Parallel Aware": false,
                                        "Async Capable": false,
                                        "Join Type": "Inner",
                                        "Startup Cost": 2.0,
                                        "Total Cost": 3922.8,
                                        "Plan Rows": 1,
                                        "Plan Width": 52,
                                        "Actual Startup Time": 0.414,
                                        "Actual Total Time": 12.057,
                                        "Actual Rows": 14,
                                        "Actual Loops": 1,
                                        "Inner Unique": true,
                                        "Plans": [
                                            {
                                                "Node Type": "Nested Loop",
                                                "Parent Relationship": "Outer",
                                                "Parallel Aware": false,
                                                "Async Capable": false,
                                                "Join Type": "Inner",
                                                "Startup Cost": 1.58,
                                                "Total Cost": 3922.34,
                                                "Plan Rows": 1,
                                                "Plan Width": 37,
                                                "Actual Startup Time": 0.41,
                                                "Actual Total Time": 12.039,
                                                "Actual Rows": 21,
                                                "Actual Loops": 1,
                                                "Inner Unique": false,
                                                "Join Filter": "(mc.movie_id = ml.movie_id)",
                                                "Rows Removed by Join Filter": 0,
                                                "Plans": [
                                                    {
                                                        "Node Type": "Nested Loop",
                                                        "Parent Relationship": "Outer",
                                                        "Parallel Aware": false,
                                                        "Async Capable": false,
                                                        "Join Type": "Inner",
                                                        "Startup Cost": 1.15,
                                                        "Total Cost": 3921.76,
                                                        "Plan Rows": 1,
                                                        "Plan Width": 41,
                                                        "Actual Startup Time": 0.404,
                                                        "Actual Total Time": 12.026,
                                                        "Actual Rows": 7,
                                                        "Actual Loops": 1,
                                                        "Inner Unique": true,
                                                        "Join Filter": "(ml.movie_id = t.id)",
                                                        "Rows Removed by Join Filter": 0,
                                                        "Plans": [
                                                            {
                                                                "Node Type": "Nested Loop",
                                                                "Parent Relationship": "Outer",
                                                                "Parallel Aware": false,
                                                                "Async Capable": false,
                                                                "Join Type": "Inner",
                                                                "Startup Cost": 0.72,
                                                                "Total Cost": 3921.26,
                                                                "Plan Rows": 1,
                                                                "Plan Width": 20,
                                                                "Actual Startup Time": 0.228,
                                                                "Actual Total Time": 11.932,
                                                                "Actual Rows": 64,
                                                                "Actual Loops": 1,
                                                                "Inner Unique": false,
                                                                "Join Filter": "(lt.id = ml.link_type_id)",
                                                                "Rows Removed by Join Filter": 187,
                                                                "Plans": [
                                                                    {
                                                                        "Node Type": "Seq Scan",
                                                                        "Parent Relationship": "Outer",
                                                                        "Parallel Aware": false,
                                                                        "Async Capable": false,
                                                                        "Relation Name": "link_type",
                                                                        "Alias": "lt",
                                                                        "Startup Cost": 0.0,
                                                                        "Total Cost": 1.23,
                                                                        "Plan Rows": 1,
                                                                        "Plan Width": 16,
                                                                        "Actual Startup Time": 0.003,
                                                                        "Actual Total Time": 0.005,
                                                                        "Actual Rows": 1,
                                                                        "Actual Loops": 1,
                                                                        "Filter": "((link)::text ~~ '%follows%'::text)",
                                                                        "Rows Removed by Filter": 17
                                                                    },
                                                                    {
                                                                        "Node Type": "Nested Loop",
                                                                        "Parent Relationship": "Inner",
                                                                        "Parallel Aware": false,
                                                                        "Async Capable": false,
                                                                        "Join Type": "Inner",
                                                                        "Startup Cost": 0.72,
                                                                        "Total Cost": 3919.91,
                                                                        "Plan Rows": 10,
                                                                        "Plan Width": 12,
                                                                        "Actual Startup Time": 0.223,
                                                                        "Actual Total Time": 11.918,
                                                                        "Actual Rows": 251,
                                                                        "Actual Loops": 1,
                                                                        "Inner Unique": false,
                                                                        "Plans": [
                                                                            {
                                                                                "Node Type": "Nested Loop",
                                                                                "Parent Relationship": "Outer",
                                                                                "Parallel Aware": false,
                                                                                "Async Capable": false,
                                                                                "Join Type": "Inner",
                                                                                "Startup Cost": 0.43,
                                                                                "Total Cost": 3905.45,
                                                                                "Plan Rows": 34,
                                                                                "Plan Width": 4,
                                                                                "Actual Startup Time": 0.221,
                                                                                "Actual Total Time": 9.035,
                                                                                "Actual Rows": 10544,
                                                                                "Actual Loops": 1,
                                                                                "Inner Unique": false,
                                                                                "Plans": [
                                                                                    {
                                                                                        "Node Type": "Seq Scan",
                                                                                        "Parent Relationship": "Outer",
                                                                                        "Parallel Aware": false,
                                                                                        "Async Capable": false,
                                                                                        "Relation Name": "keyword",
                                                                                        "Alias": "k",
                                                                                        "Startup Cost": 0.0,
                                                                                        "Total Cost": 2685.12,
                                                                                        "Plan Rows": 1,
                                                                                        "Plan Width": 4,
                                                                                        "Actual Startup Time": 0.212,
                                                                                        "Actual Total Time": 3.79,
                                                                                        "Actual Rows": 1,
                                                                                        "Actual Loops": 1,
                                                                                        "Filter": "(keyword = 'sequel'::text)",
                                                                                        "Rows Removed by Filter": 134169
                                                                                    },
                                                                                    {
                                                                                        "Node Type": "Index Scan",
                                                                                        "Parent Relationship": "Inner",
                                                                                        "Parallel Aware": false,
                                                                                        "Async Capable": false,
                                                                                        "Scan Direction": "Forward",
                                                                                        "Index Name": "keyword_id_movie_keyword",
                                                                                        "Relation Name": "movie_keyword",
                                                                                        "Alias": "mk",
                                                                                        "Startup Cost": 0.43,
                                                                                        "Total Cost": 1217.3,
                                                                                        "Plan Rows": 303,
                                                                                        "Plan Width": 8,
                                                                                        "Actual Startup Time": 0.009,
                                                                                        "Actual Total Time": 4.764,
                                                                                        "Actual Rows": 10544,
                                                                                        "Actual Loops": 1,
                                                                                        "Index Cond": "(keyword_id = k.id)",
                                                                                        "Rows Removed by Index Recheck": 0
                                                                                    }
                                                                                ]
                                                                            },
                                                                            {
                                                                                "Node Type": "Index Scan",
                                                                                "Parent Relationship": "Inner",
                                                                                "Parallel Aware": false,
                                                                                "Async Capable": false,
                                                                                "Scan Direction": "Forward",
                                                                                "Index Name": "movie_id_movie_link",
                                                                                "Relation Name": "movie_link",
                                                                                "Alias": "ml",
                                                                                "Startup Cost": 0.29,
                                                                                "Total Cost": 0.38,
                                                                                "Plan Rows": 5,
                                                                                "Plan Width": 8,
                                                                                "Actual Startup Time": 0.0,
                                                                                "Actual Total Time": 0.0,
                                                                                "Actual Rows": 0,
                                                                                "Actual Loops": 10544,
                                                                                "Index Cond": "(movie_id = mk.movie_id)",
                                                                                "Rows Removed by Index Recheck": 0
                                                                            }
                                                                        ]
                                                                    }
                                                                ]
                                                            },
                                                            {
                                                                "Node Type": "Index Scan",
                                                                "Parent Relationship": "Inner",
                                                                "Parallel Aware": false,
                                                                "Async Capable": false,
                                                                "Scan Direction": "Forward",
                                                                "Index Name": "title_pkey",
                                                                "Relation Name": "title",
                                                                "Alias": "t",
                                                                "Startup Cost": 0.43,
                                                                "Total Cost": 0.49,
                                                                "Plan Rows": 1,
                                                                "Plan Width": 21,
                                                                "Actual Startup Time": 0.001,
                                                                "Actual Total Time": 0.001,
                                                                "Actual Rows": 0,
                                                                "Actual Loops": 64,
                                                                "Index Cond": "(id = mk.movie_id)",
                                                                "Rows Removed by Index Recheck": 0,
                                                                "Filter": "((title ~~ '%Money%'::text) AND (production_year = 1998))",
                                                                "Rows Removed by Filter": 1
                                                            }
                                                        ]
                                                    },
                                                    {
                                                        "Node Type": "Index Scan",
                                                        "Parent Relationship": "Inner",
                                                        "Parallel Aware": false,
                                                        "Async Capable": false,
                                                        "Scan Direction": "Forward",
                                                        "Index Name": "movie_id_movie_companies",
                                                        "Relation Name": "movie_companies",
                                                        "Alias": "mc",
                                                        "Startup Cost": 0.43,
                                                        "Total Cost": 0.54,
                                                        "Plan Rows": 3,
                                                        "Plan Width": 12,
                                                        "Actual Startup Time": 0.001,
                                                        "Actual Total Time": 0.001,
                                                        "Actual Rows": 3,
                                                        "Actual Loops": 7,
                                                        "Index Cond": "(movie_id = mk.movie_id)",
                                                        "Rows Removed by Index Recheck": 0,
                                                        "Filter": "(note IS NULL)",
                                                        "Rows Removed by Filter": 1
                                                    }
                                                ]
                                            },
                                            {
                                                "Node Type": "Index Scan",
                                                "Parent Relationship": "Inner",
                                                "Parallel Aware": false,
                                                "Async Capable": false,
                                                "Scan Direction": "Forward",
                                                "Index Name": "company_name_pkey",
                                                "Relation Name": "company_name",
                                                "Alias": "cn",
                                                "Startup Cost": 0.42,
                                                "Total Cost": 0.46,
                                                "Plan Rows": 1,
                                                "Plan Width": 23,
                                                "Actual Startup Time": 0.001,
                                                "Actual Total Time": 0.001,
                                                "Actual Rows": 1,
                                                "Actual Loops": 21,
                                                "Index Cond": "(id = mc.company_id)",
                                                "Rows Removed by Index Recheck": 0,
                                                "Filter": "(((country_code)::text <> '[pl]'::text) AND ((name ~~ '%Film%'::text) OR (name ~~ '%Warner%'::text)))",
                                                "Rows Removed by Filter": 0
                                            }
                                        ]
                                    },
                                    {
                                        "Node Type": "Seq Scan",
                                        "Parent Relationship": "Inner",
                                        "Parallel Aware": false,
                                        "Async Capable": false,
                                        "Relation Name": "company_type",
                                        "Alias": "ct",
                                        "Startup Cost": 0.0,
                                        "Total Cost": 1.05,
                                        "Plan Rows": 1,
                                        "Plan Width": 4,
                                        "Actual Startup Time": 0.0,
                                        "Actual Total Time": 0.0,
                                        "Actual Rows": 1,
                                        "Actual Loops": 14,
                                        "Filter": "((kind)::text = 'production companies'::text)",
                                        "Rows Removed by Filter": 1
                                    }
                                ]
                            }
                        ]
                    },
                    "Planning Time": 1.884,
                    "Triggers": [],
                    "Execution Time": 12.095
                }
            ],
            "hints": [
                "SET enable_hashjoin TO on",
                "SET enable_indexonlyscan TO on",
                "SET enable_indexscan TO on",
                "SET enable_mergejoin TO on",
                "SET enable_nestloop TO on",
                "SET enable_seqscan TO on"
            ]
        },
        {
            "arm": 1,
            "execution_time": 196.678,
            "plan": [
                {
                    "Plan": {
                        "Node Type": "Aggregate",
                        "Strategy": "Plain",
                        "Partial Mode": "Simple",
                        "Parallel Aware": false,
                        "Async Capable": false,
                        "Startup Cost": 41772.99,
                        "Total Cost": 41773.0,
                        "Plan Rows": 1,
                        "Plan Width": 96,
                        "Actual Startup Time": 192.594,
                        "Actual Total Time": 196.637,
                        "Actual Rows": 1,
                        "Actual Loops": 1,
                        "Plans": [
                            {
                                "Node Type": "Hash Join",
                                "Parent Relationship": "Outer",
                                "Parallel Aware": false,
                                "Async Capable": false,
                                "Join Type": "Inner",
                                "Startup Cost": 15207.32,
                                "Total Cost": 41772.99,
                                "Plan Rows": 1,
                                "Plan Width": 48,
                                "Actual Startup Time": 192.566,
                                "Actual Total Time": 196.628,
                                "Actual Rows": 14,
                                "Actual Loops": 1,
                                "Inner Unique": true,
                                "Hash Cond": "(mk.keyword_id = k.id)",
                                "Plans": [
                                    {
                                        "Node Type": "Merge Join",
                                        "Parent Relationship": "Outer",
                                        "Parallel Aware": false,
                                        "Async Capable": false,
                                        "Join Type": "Inner",
                                        "Startup Cost": 12522.19,
                                        "Total Cost": 39087.85,
                                        "Plan Rows": 1,
                                        "Plan Width": 52,
                                        "Actual Startup Time": 189.214,
                                        "Actual Total Time": 193.273,
                                        "Actual Rows": 56,
                                        "Actual Loops": 1,
                                        "Inner Unique": false,
                                        "Merge Cond": "(ml.movie_id = mk.movie_id)",
                                        "Plans": [
                                            {
                                                "Node Type": "Merge Join",
                                                "Parent Relationship": "Outer",
                                                "Parallel Aware": false,
                                                "Async Capable": false,
                                                "Join Type": "Inner",
                                                "Startup Cost": 12521.75,
                                                "Total Cost": 36168.19,
                                                "Plan Rows": 1,
                                                "Plan Width": 60,
                                                "Actual Startup Time": 184.063,
                                                "Actual Total Time": 188.114,
                                                "Actual Rows": 14,
                                                "Actual Loops": 1,
                                                "Inner Unique": false,
                                                "Merge Cond": "(t.id = ml.movie_id)",
                                                "Plans": [
                                                    {
                                                        "Node Type": "Gather Merge",
                                                        "Parent Relationship": "Outer",
                                                        "Parallel Aware": false,
                                                        "Async Capable": false,
                                                        "Startup Cost": 1000.49,
                                                        "Total Cost": 95580.54,
                                                        "Plan Rows": 4,
                                                        "Plan Width": 21,
                                                        "Actual Startup Time": 167.592,
                                                        "Actual Total Time": 171.175,
                                                        "Actual Rows": 3,
                                                        "Actual Loops": 1,
                                                        "Workers Planned": 4,
                                                        "Workers Launched": 4,
                                                        "Plans": [
                                                            {
                                                                "Node Type": "Index Scan",
                                                                "Parent Relationship": "Outer",
                                                                "Parallel Aware": true,
                                                                "Async Capable": false,
                                                                "Scan Direction": "Forward",
                                                                "Index Name": "title_pkey",
                                                                "Relation Name": "title",
                                                                "Alias": "t",
                                                                "Startup Cost": 0.43,
                                                                "Total Cost": 94580.01,
                                                                "Plan Rows": 1,
                                                                "Plan Width": 21,
                                                                "Actual Startup Time": 29.378,
                                                                "Actual Total Time": 143.851,
                                                                "Actual Rows": 7,
                                                                "Actual Loops": 5,
                                                                "Filter": "((title ~~ '%Money%'::text) AND (production_year = 1998))",
                                                                "Rows Removed by Filter": 505652,
                                                                "Workers": []
                                                            }
                                                        ]
                                                    },
                                                    {
                                                        "Node Type": "Sort",
                                                        "Parent Relationship": "Inner",
                                                        "Parallel Aware": false,
                                                        "Async Capable": false,
                                                        "Startup Cost": 11521.26,
                                                        "Total Cost": 11521.97,
                                                        "Plan Rows": 283,
                                                        "Plan Width": 39,
                                                        "Actual Startup Time": 16.452,
                                                        "Actual Total Time": 16.921,
                                                        "Actual Rows": 450,
                                                        "Actual Loops": 1,
                                                        "Sort Key": [
                                                            "mc.movie_id"
                                                        ],
                                                        "Sort Method": "quicksort",
                                                        "Sort Space Used": 53,
                                                        "Sort Space Type": "Memory",
                                                        "Plans": [
                                                            {
                                                                "Node Type": "Gather",
                                                                "Parent Relationship": "Outer",
                                                                "Parallel Aware": false,
                                                                "Async Capable": false,
                                                                "Startup Cost": 7562.02,
                                                                "Total Cost": 11509.74,
                                                                "Plan Rows": 283,
                                                                "Plan Width": 39,
                                                                "Actual Startup Time": 12.79,
                                                                "Actual Total Time": 16.87,
                                                                "Actual Rows": 450,
                                                                "Actual Loops": 1,
                                                                "Workers Planned": 3,
                                                                "Workers Launched": 3,
                                                                "Single Copy": false,
                                                                "Plans": [
                                                                    {
                                                                        "Node Type": "Hash Join",
                                                                        "Parent Relationship": "Outer",
                                                                        "Parallel Aware": false,
                                                                        "Async Capable": false,
                                                                        "Join Type": "Inner",
                                                                        "Startup Cost": 6562.02,
                                                                        "Total Cost": 10481.44,
                                                                        "Plan Rows": 91,
                                                                        "Plan Width": 39,
                                                                        "Actual Startup Time": 11.003,
                                                                        "Actual Total Time": 14.341,
                                                                        "Actual Rows": 112,
                                                                        "Actual Loops": 4,
                                                                        "Inner Unique": true,
                                                                        "Hash Cond": "(mc.company_type_id = ct.id)",
                                                                        "Workers": [],
                                                                        "Plans": [
                                                                            {
                                                                                "Node Type": "Hash Join",
                                                                                "Parent Relationship": "Outer",
                                                                                "Parallel Aware": true,
                                                                                "Async Capable": false,
                                                                                "Join Type": "Inner",
                                                                                "Startup Cost": 6560.95,
                                                                                "Total Cost": 10478.41,
                                                                                "Plan Rows": 365,
                                                                                "Plan Width": 43,
                                                                                "Actual Startup Time": 10.919,
                                                                                "Actual Total Time": 14.247,
                                                                                "Actual Rows": 114,
                                                                                "Actual Loops": 4,
                                                                                "Inner Unique": true,
                                                                                "Hash Cond": "(mc.company_id = cn.id)",
                                                                                "Workers": [],
                                                                                "Plans": [
                                                                                    {
                                                                                        "Node Type": "Merge Join",
                                                                                        "Parent Relationship": "Outer",
                                                                                        "Parallel Aware": false,
                                                                                        "Async Capable": false,
                                                                                        "Join Type": "Inner",
                                                                                        "Startup Cost": 651.07,
                                                                                        "Total Cost": 4564.85,
                                                                                        "Plan Rows": 1398,
                                                                                        "Plan Width": 28,
                                                                                        "Actual Startup Time": 2.495,
                                                                                        "Actual Total Time": 5.989,
                                                                                        "Actual Rows": 519,
                                                                                        "Actual Loops": 4,
                                                                                        "Inner Unique": false,
                                                                                        "Merge Cond": "(mc.movie_id = ml.movie_id)",
                                                                                        "Workers": [],
                                                                                        "Plans": [
                                                                                            {
                                                                                                "Node Type": "Index Scan",
                                                                                                "Parent Relationship": "Outer",
                                                                                                "Parallel Aware": true,
                                                                                                "Async Capable": false,
                                                                                                "Scan Direction": "Forward",
                                                                                                "Index Name": "movie_id_movie_companies",
                                                                                                "Relation Name": "movie_companies",
                                                                                                "Alias": "mc",
                                                                                                "Startup Cost": 0.43,
                                                                                                "Total Cost": 111843.57,
                                                                                                "Plan Rows": 411990,
                                                                                                "Plan Width": 12,
                                                                                                "Actual Startup Time": 0.047,
                                                                                                "Actual Total Time": 3.145,
                                                                                                "Actual Rows": 12286,
                                                                                                "Actual Loops": 4,
                                                                                                "Filter": "(note IS NULL)",
                                                                                                "Rows Removed by Filter": 12684,
                                                                                                "Workers": []
                                                                                            },
                                                                                            {
                                                                                                "Node Type": "Sort",
                                                                                                "Parent Relationship": "Inner",
                                                                                                "Parallel Aware": false,
                                                                                                "Async Capable": false,
                                                                                                "Startup Cost": 650.63,
                                                                                                "Total Cost": 654.8,
                                                                                                "Plan Rows": 1666,
                                                                                                "Plan Width": 16,
                                                                                                "Actual Startup Time": 2.419,
                                                                                                "Actual Total Time": 2.458,
                                                                                                "Actual Rows": 1429,
                                                                                                "Actual Loops": 4,
                                                                                                "Sort Key": [
                                                                                                    "ml.movie_id"
                                                                                                ],
                                                                                                "Sort Method": "quicksort",
                                                                                                "Sort Space Used": 94,
                                                                                                "Sort Space Type": "Memory",
                                                                                                "Workers": [
                                                                                                    {
                                                                                                        "Worker Number": 0,
                                                                                                        "Sort Method": "quicksort",
                                                                                                        "Sort Space Used": 94,
                                                                                                        "Sort Space Type": "Memory"
                                                                                                    },
                                                                                                    {
                                                                                                        "Worker Number": 1,
                                                                                                        "Sort Method": "quicksort",
                                                                                                        "Sort Space Used": 94,
                                                                                                        "Sort Space Type": "Memory"
                                                                                                    },
                                                                                                    {
                                                                                                        "Worker Number": 2,
                                                                                                        "Sort Method": "quicksort",
                                                                                                        "Sort Space Used": 94,
                                                                                                        "Sort Space Type": "Memory"
                                                                                                    }
                                                                                                ],
                                                                                                "Plans": [
                                                                                                    {
                                                                                                        "Node Type": "Hash Join",
                                                                                                        "Parent Relationship": "Outer",
                                                                                                        "Parallel Aware": false,
                                                                                                        "Async Capable": false,
                                                                                                        "Join Type": "Inner",
                                                                                                        "Startup Cost": 1.24,
                                                                                                        "Total Cost": 561.48,
                                                                                                        "Plan Rows": 1666,
                                                                                                        "Plan Width": 16,
                                                                                                        "Actual Startup Time": 0.03,
                                                                                                        "Actual Total Time": 2.311,
                                                                                                        "Actual Rows": 1158,
                                                                                                        "Actual Loops": 4,
                                                                                                        "Inner Unique": true,
                                                                                                        "Hash Cond": "(ml.link_type_id = lt.id)",
                                                                                                        "Workers": [],
                                                                                                        "Plans": [
                                                                                                            {
                                                                                                                "Node Type": "Seq Scan",
                                                                                                                "Parent Relationship": "Outer",
                                                                                                                "Parallel Aware": false,
                                                                                                                "Async Capable": false,
                                                                                                                "Relation Name": "movie_link",
                                                                                                                "Alias": "ml",
                                                                                                                "Startup Cost": 0.0,
                                                                                                                "Total Cost": 462.97,
                                                                                                                "Plan Rows": 29997,
                                                                                                                "Plan Width": 8,
                                                                                                                "Actual Startup Time": 0.009,
                                                                                                                "Actual Total Time": 1.139,
                                                                                                                "Actual Rows": 29997,
                                                                                                                "Actual Loops": 4,
                                                                                                                "Workers": []
                                                                                                            },
                                                                                                            {
                                                                                                                "Node Type": "Hash",
                                                                                                                "Parent Relationship": "Inner",
                                                                                                                "Parallel Aware": false,
                                                                                                                "Async Capable": false,
                                                                                                                "Startup Cost": 1.23,
                                                                                                                "Total Cost": 1.23,
                                                                                                                "Plan Rows": 1,
                                                                                                                "Plan Width": 16,
                                                                                                                "Actual Startup Time": 0.008,
                                                                                                                "Actual Total Time": 0.012,
                                                                                                                "Actual Rows": 1,
                                                                                                                "Actual Loops": 4,
                                                                                                                "Hash Buckets": 1024,
                                                                                                                "Original Hash Buckets": 1024,
                                                                                                                "Hash Batches": 1,
                                                                                                                "Original Hash Batches": 1,
                                                                                                                "Peak Memory Usage": 9,
                                                                                                                "Workers": [],
                                                                                                                "Plans": [
                                                                                                                    {
                                                                                                                        "Node Type": "Seq Scan",
                                                                                                                        "Parent Relationship": "Outer",
                                                                                                                        "Parallel Aware": false,
                                                                                                                        "Async Capable": false,
                                                                                                                        "Relation Name": "link_type",
                                                                                                                        "Alias": "lt",
                                                                                                                        "Startup Cost": 0.0,
                                                                                                                        "Total Cost": 1.23,
                                                                                                                        "Plan Rows": 1,
                                                                                                                        "Plan Width": 16,
                                                                                                                        "Actual Startup Time": 0.005,
                                                                                                                        "Actual Total Time": 0.007,
                                                                                                                        "Actual Rows": 1,
                                                                                                                        "Actual Loops": 4,
                                                                                                                        "Filter": "((link)::text ~~ '%follows%'::text)",
                                                                                                                        "Rows Removed by Filter": 17,
                                                                                                                        "Workers": []
                                                                                                                    }
                                                                                                                ]
                                                                                                            }
                                                                                                        ]
                                                                                                    }
                                                                                                ]
                                                                                            }
                                                                                        ]
                                                                                    },
                                                                                    {
                                                                                        "Node Type": "Hash",
                                                                                        "Parent Relationship": "Inner",
                                                                                        "Parallel Aware": true,
                                                                                        "Async Capable": false,
                                                                                        "Startup Cost": 5459.09,
                                                                                        "Total Cost": 5459.09,
                                                                                        "Plan Rows": 36064,
                                                                                        "Plan Width": 23,
                                                                                        "Actual Startup Time": 8.11,
                                                                                        "Actual Total Time": 8.111,
                                                                                        "Actual Rows": 12076,
                                                                                        "Actual Loops": 4,
                                                                                        "Hash Buckets": 65536,
                                                                                        "Original Hash Buckets": 65536,
                                                                                        "Hash Batches": 1,
                                                                                        "Original Hash Batches": 1,
                                                                                        "Peak Memory Usage": 3296,
                                                                                        "Workers": [],
                                                                                        "Plans": [
                                                                                            {
                                                                                                "Node Type": "Seq Scan",
                                                                                                "Parent Relationship": "Outer",
                                                                                                "Parallel Aware": true,
                                                                                                "Async Capable": false,
                                                                                                "Relation Name": "company_name",
                                                                                                "Alias": "cn",
                                                                                                "Startup Cost": 0.0,
                                                                                                "Total Cost": 5459.09,
                                                                                                "Plan Rows": 36064,
                                                                                                "Plan Width": 23,
                                                                                                "Actual Startup Time": 0.008,
                                                                                                "Actual Total Time": 6.484,
                                                                                                "Actual Rows": 12076,
                                                                                                "Actual Loops": 4,
                                                                                                "Filter": "(((country_code)::text <> '[pl]'::text) AND ((name ~~ '%Film%'::text) OR (name ~~ '%Warner%'::text)))",
                                                                                                "Rows Removed by Filter": 46674,
                                                                                                "Workers": []
                                                                                            }
                                                                                        ]
                                                                                    }
                                                                                ]
                                                                            },
                                                                            {
                                                                                "Node Type": "Hash",
                                                                                "Parent Relationship": "Inner",
                                                                                "Parallel Aware": false,
                                                                                "Async Capable": false,
                                                                                "Startup Cost": 1.05,
                                                                                "Total Cost": 1.05,
                                                                                "Plan Rows": 1,
                                                                                "Plan Width": 4,
                                                                                "Actual Startup Time": 0.015,
                                                                                "Actual Total Time": 0.015,
                                                                                "Actual Rows": 1,
                                                                                "Actual Loops": 4,
                                                                                "Hash Buckets": 1024,
                                                                                "Original Hash Buckets": 1024,
                                                                                "Hash Batches": 1,
                                                                                "Original Hash Batches": 1,
                                                                                "Peak Memory Usage": 9,
                                                                                "Workers": [],
                                                                                "Plans": [
                                                                                    {
                                                                                        "Node Type": "Seq Scan",
                                                                                        "Parent Relationship": "Outer",
                                                                                        "Parallel Aware": false,
                                                                                        "Async Capable": false,
                                                                                        "Relation Name": "company_type",
                                                                                        "Alias": "ct",
                                                                                        "Startup Cost": 0.0,
                                                                                        "Total Cost": 1.05,
                                                                                        "Plan Rows": 1,
                                                                                        "Plan Width": 4,
                                                                                        "Actual Startup Time": 0.012,
                                                                                        "Actual Total Time": 0.012,
                                                                                        "Actual Rows": 1,
                                                                                        "Actual Loops": 4,
                                                                                        "Filter": "((kind)::text = 'production companies'::text)",
                                                                                        "Rows Removed by Filter": 3,
                                                                                        "Workers": []
                                                                                    }
                                                                                ]
                                                                            }
                                                                        ]
                                                                    }
                                                                ]
                                                            }
                                                        ]
                                                    }
                                                ]
                                            },
                                            {
                                                "Node Type": "Index Scan",
                                                "Parent Relationship": "Inner",
                                                "Parallel Aware": false,
                                                "Async Capable": false,
                                                "Scan Direction": "Forward",
                                                "Index Name": "movie_id_movie_keyword",
                                                "Relation Name": "movie_keyword",
                                                "Alias": "mk",
                                                "Startup Cost": 0.43,
                                                "Total Cost": 127179.83,
                                                "Plan Rows": 4523930,
                                                "Plan Width": 8,
                                                "Actual Startup Time": 0.007,
                                                "Actual Total Time": 3.424,
                                                "Actual Rows": 69469,
                                                "Actual Loops": 1
                                            }
                                        ]
                                    },
                                    {
                                        "Node Type": "Hash",
                                        "Parent Relationship": "Inner",
                                        "Parallel Aware": false,
                                        "Async Capable": false,
                                        "Startup Cost": 2685.12,
                                        "Total Cost": 2685.12,
                                        "Plan Rows": 1,
                                        "Plan Width": 4,
                                        "Actual Startup Time": 3.347,
                                        "Actual Total Time": 3.348,
                                        "Actual Rows": 1,
                                        "Actual Loops": 1,
                                        "Hash Buckets": 1024,
                                        "Original Hash Buckets": 1024,
                                        "Hash Batches": 1,
                                        "Original Hash Batches": 1,
                                        "Peak Memory Usage": 9,
                                        "Plans": [
                                            {
                                                "Node Type": "Seq Scan",
                                                "Parent Relationship": "Outer",
                                                "Parallel Aware": false,
                                                "Async Capable": false,
                                                "Relation Name": "keyword",
                                                "Alias": "k",
                                                "Startup Cost": 0.0,
                                                "Total Cost": 2685.12,
                                                "Plan Rows": 1,
                                                "Plan Width": 4,
                                                "Actual Startup Time": 0.183,
                                                "Actual Total Time": 3.346,
                                                "Actual Rows": 1,
                                                "Actual Loops": 1,
                                                "Filter": "(keyword = 'sequel'::text)",
                                                "Rows Removed by Filter": 134169
                                            }
                                        ]
                                    }
                                ]
                            }
                        ]
                    },
                    "Planning Time": 1.876,
                    "Triggers": [],
                    "Execution Time": 196.678
                }
            ],
            "hints": [
                "SET enable_hashjoin TO on",
                "SET enable_indexonlyscan TO on",
                "SET enable_indexscan TO on",
                "SET enable_mergejoin TO on",
                "SET enable_nestloop TO off",
                "SET enable_seqscan TO on"
            ]
        },
        {
            "arm": 2,
            "execution_time": 335.15,
            "plan": [
                {
                    "Plan": {
                        "Node Type": "Aggregate",
                        "Strategy": "Plain",
                        "Partial Mode": "Simple",
                        "Parallel Aware": false,
                        "Async Capable": false,
                        "Startup Cost": 126579.33,
                        "Total Cost": 126579.34,
                        "Plan Rows": 1,
                        "Plan Width": 96,
                        "Actual Startup Time": 311.78,
                        "Actual Total Time": 335.106,
                        "Actual Rows": 1,
                        "Actual Loops": 1,
                        "Plans": [
                            {
                                "Node Type": "Gather",
                                "Parent Relationship": "Outer",
                                "Parallel Aware": false,
                                "Async Capable": false,
                                "Startup Cost": 120983.82,
                                "Total Cost": 126579.32,
                                "Plan Rows": 1,
                                "Plan Width": 48,
                                "Actual Startup Time": 301.953,
                                "Actual Total Time": 335.096,
                                "Actual Rows": 14,
                                "Actual Loops": 1,
                                "Workers Planned": 1,
                                "Workers Launched": 1,
                                "Single Copy": false,
                                "Plans": [
                                    {
                                        "Node Type": "Nested Loop",
                                        "Parent Relationship": "Outer",
                                        "Parallel Aware": false,
                                        "Async Capable": false,
                                        "Join Type": "Inner",
                                        "Startup Cost": 119983.82,
                                        "Total Cost": 125579.22,
                                        "Plan Rows": 1,
                                        "Plan Width": 48,
                                        "Actual Startup Time": 305.808,
                                        "Actual Total Time": 310.683,
                                        "Actual Rows": 7,
                                        "Actual Loops": 2,
                                        "Inner Unique": true,
                                        "Join Filter": "(ct.id = mc.company_type_id)",
                                        "Rows Removed by Join Filter": 0,
                                        "Workers": [],
                                        "Plans": [
                                            {
                                                "Node Type": "Hash Join",
                                                "Parent Relationship": "Outer",
                                                "Parallel Aware": true,
                                                "Async Capable": false,
                                                "Join Type": "Inner",
                                                "Startup Cost": 119983.82,
                                                "Total Cost": 125578.16,
                                                "Plan Rows": 1,
                                                "Plan Width": 52,
                                                "Actual Startup Time": 305.805,
                                                "Actual Total Time": 310.677,
                                                "Actual Rows": 7,
                                                "Actual Loops": 2,
                                                "Inner Unique": false,
                                                "Hash Cond": "(cn.id = mc.company_id)",
                                                "Workers": [],
                                                "Plans": [
                                                    {
                                                        "Node Type": "Seq Scan",
                                                        "Parent Relationship": "Outer",
                                                        "Parallel Aware": true,
                                                        "Async Capable": false,
                                                        "Relation Name": "company_name",
                                                        "Alias": "cn",
                                                        "Startup Cost": 0.0,
                                                        "Total Cost": 5459.09,
                                                        "Plan Rows": 36064,
                                                        "Plan Width": 23,
                                                        "Actual Startup Time": 0.004,
                                                        "Actual Total Time": 9.425,
                                                        "Actual Rows": 24151,
                                                        "Actual Loops": 2,
                                                        "Filter": "(((country_code)::text <> '[pl]'::text) AND ((name ~~ '%Film%'::text) OR (name ~~ '%Warner%'::text)))",
                                                        "Rows Removed by Filter": 93348,
                                                        "Workers": []
                                                    },
                                                    {
                                                        "Node Type": "Hash",
                                                        "Parent Relationship": "Inner",
                                                        "Parallel Aware": true,
                                                        "Async Capable": false,
                                                        "Startup Cost": 119983.81,
                                                        "Total Cost": 119983.81,
                                                        "Plan Rows": 1,
                                                        "Plan Width": 37,
                                                        "Actual Startup Time": 300.476,
                                                        "Actual Total Time": 300.483,
                                                        "Actual Rows": 10,
                                                        "Actual Loops": 2,
                                                        "Hash Buckets": 1024,
                                                        "Original Hash Buckets": 1024,
                                                        "Hash Batches": 1,
                                                        "Original Hash Batches": 1,
                                                        "Peak Memory Usage": 40,
                                                        "Workers": [],
                                                        "Plans": [
                                                            {
                                                                "Node Type": "Hash Join",
                                                                "Parent Relationship": "Outer",
                                                                "Parallel Aware": true,
                                                                "Async Capable": false,
                                                                "Join Type": "Inner",
                                                                "Startup Cost": 77079.56,
                                                                "Total Cost": 119983.81,
                                                                "Plan Rows": 1,
                                                                "Plan Width": 37,
                                                                "Actual Startup Time": 233.23,
                                                                "Actual Total Time": 300.471,
                                                                "Actual Rows": 10,
                                                                "Actual Loops": 2,
                                                                "Inner Unique": false,
                                                                "Hash Cond": "(mk.movie_id = ml.movie_id)",
                                                                "Workers": [],
                                                                "Plans": [
                                                                    {
                                                                        "Node Type": "Hash Join",
                                                                        "Parent Relationship": "Outer",
                                                                        "Parallel Aware": false,
                                                                        "Async Capable": false,
                                                                        "Join Type": "Inner",
                                                                        "Startup Cost": 2685.14,
                                                                        "Total Cost": 45589.33,
                                                                        "Plan Rows": 11,
                                                                        "Plan Width": 4,
                                                                        "Actual Startup Time": 3.903,
                                                                        "Actual Total Time": 140.081,
                                                                        "Actual Rows": 5272,
                                                                        "Actual Loops": 2,
                                                                        "Inner Unique": true,
                                                                        "Hash Cond": "(mk.keyword_id = k.id)",
                                                                        "Workers": [],
                                                                        "Plans": [
                                                                            {
                                                                                "Node Type": "Seq Scan",
                                                                                "Parent Relationship": "Outer",
                                                                                "Parallel Aware": true,
                                                                                "Async Capable": false,
                                                                                "Relation Name": "movie_keyword",
                                                                                "Alias": "mk",
                                                                                "Startup Cost": 0.0,
                                                                                "Total Cost": 39073.32,
                                                                                "Plan Rows": 1459332,
                                                                                "Plan Width": 8,
                                                                                "Actual Startup Time": 0.003,
                                                                                "Actual Total Time": 74.485,
                                                                                "Actual Rows": 2261965,
                                                                                "Actual Loops": 2,
                                                                                "Workers": []
                                                                            },
                                                                            {
                                                                                "Node Type": "Hash",
                                                                                "Parent Relationship": "Inner",
                                                                                "Parallel Aware": false,
                                                                                "Async Capable": false,
                                                                                "Startup Cost": 2685.12,
                                                                                "Total Cost": 2685.12,
                                                                                "Plan Rows": 1,
                                                                                "Plan Width": 4,
                                                                                "Actual Startup Time": 3.682,
                                                                                "Actual Total Time": 3.682,
                                                                                "Actual Rows": 1,
                                                                                "Actual Loops": 2,
                                                                                "Hash Buckets": 1024,
                                                                                "Original Hash Buckets": 1024,
                                                                                "Hash Batches": 1,
                                                                                "Original Hash Batches": 1,
                                                                                "Peak Memory Usage": 9,
                                                                                "Workers": [],
                                                                                "Plans": [
                                                                                    {
                                                                                        "Node Type": "Seq Scan",
                                                                                        "Parent Relationship": "Outer",
                                                                                        "Parallel Aware": false,
                                                                                        "Async Capable": false,
                                                                                        "Relation Name": "keyword",
                                                                                        "Alias": "k",
                                                                                        "Startup Cost": 0.0,
                                                                                        "Total Cost": 2685.12,
                                                                                        "Plan Rows": 1,
                                                                                        "Plan Width": 4,
                                                                                        "Actual Startup Time": 0.195,
                                                                                        "Actual Total Time": 3.68,
                                                                                        "Actual Rows": 1,
                                                                                        "Actual Loops": 2,
                                                                                        "Filter": "(keyword = 'sequel'::text)",
                                                                                        "Rows Removed by Filter": 134169,
                                                                                        "Workers": []
                                                                                    }
                                                                                ]
                                                                            }
                                                                        ]
                                                                    },
                                                                    {
                                                                        "Node Type": "Hash",
                                                                        "Parent Relationship": "Inner",
                                                                        "Parallel Aware": true,
                                                                        "Async Capable": false,
                                                                        "Startup Cost": 74394.41,
                                                                        "Total Cost": 74394.41,
                                                                        "Plan Rows": 1,
                                                                        "Plan Width": 49,
                                                                        "Actual Startup Time": 160.206,
                                                                        "Actual Total Time": 160.21,
                                                                        "Actual Rows": 10,
                                                                        "Actual Loops": 2,
                                                                        "Hash Buckets": 1024,
                                                                        "Original Hash Buckets": 1024,
                                                                        "Hash Batches": 1,
                                                                        "Original Hash Batches": 1,
                                                                        "Peak Memory Usage": 40,
                                                                        "Workers": [],
                                                                        "Plans": [
                                                                            {
                                                                                "Node Type": "Nested Loop",
                                                                                "Parent Relationship": "Outer",
                                                                                "Parallel Aware": false,
                                                                                "Async Capable": false,
                                                                                "Join Type": "Inner",
                                                                                "Startup Cost": 45491.32,
                                                                                "Total Cost": 74394.41,
                                                                                "Plan Rows": 1,
                                                                                "Plan Width": 49,
                                                                                "Actual Startup Time": 132.811,
                                                                                "Actual Total Time": 160.194,
                                                                                "Actual Rows": 10,
                                                                                "Actual Loops": 2,
                                                                                "Inner Unique": false,
                                                                                "Join Filter": "(ml.movie_id = t.id)",
                                                                                "Rows Removed by Join Filter": 12728,
                                                                                "Workers": [],
                                                                                "Plans": [
                                                                                    {
                                                                                        "Node Type": "Hash Join",
                                                                                        "Parent Relationship": "Outer",
                                                                                        "Parallel Aware": true,
                                                                                        "Async Capable": false,
                                                                                        "Join Type": "Inner",
                                                                                        "Startup Cost": 45490.09,
                                                                                        "Total Cost": 73812.11,
                                                                                        "Plan Rows": 1,
                                                                                        "Plan Width": 33,
                                                                                        "Actual Startup Time": 85.242,
                                                                                        "Actual Total Time": 140.698,
                                                                                        "Actual Rows": 11,
                                                                                        "Actual Loops": 2,
                                                                                        "Inner Unique": true,
                                                                                        "Hash Cond": "(mc.movie_id = t.id)",
                                                                                        "Workers": [],
                                                                                        "Plans": [
                                                                                            {
                                                                                                "Node Type": "Seq Scan",
                                                                                                "Parent Relationship": "Outer",
                                                                                                "Parallel Aware": true,
                                                                                                "Async Capable": false,
                                                                                                "Relation Name": "movie_companies",
                                                                                                "Alias": "mc",
                                                                                                "Startup Cost": 0.0,
                                                                                                "Total Cost": 27240.55,
                                                                                                "Plan Rows": 411990,
                                                                                                "Plan Width": 12,
                                                                                                "Actual Startup Time": 0.006,
                                                                                                "Actual Total Time": 49.179,
                                                                                                "Actual Rows": 635994,
                                                                                                "Actual Loops": 2,
                                                                                                "Filter": "(note IS NULL)",
                                                                                                "Rows Removed by Filter": 668570,
                                                                                                "Workers": []
                                                                                            },
                                                                                            {
                                                                                                "Node Type": "Hash",
                                                                                                "Parent Relationship": "Inner",
                                                                                                "Parallel Aware": true,
                                                                                                "Async Capable": false,
                                                                                                "Startup Cost": 45490.07,
                                                                                                "Total Cost": 45490.07,
                                                                                                "Plan Rows": 1,
                                                                                                "Plan Width": 21,
                                                                                                "Actual Startup Time": 76.074,
                                                                                                "Actual Total Time": 76.074,
                                                                                                "Actual Rows": 18,
                                                                                                "Actual Loops": 2,
                                                                                                "Hash Buckets": 1024,
                                                                                                "Original Hash Buckets": 1024,
                                                                                                "Hash Batches": 1,
                                                                                                "Original Hash Batches": 1,
                                                                                                "Peak Memory Usage": 72,
                                                                                                "Workers": [],
                                                                                                "Plans": [
                                                                                                    {
                                                                                                        "Node Type": "Seq Scan",
                                                                                                        "Parent Relationship": "Outer",
                                                                                                        "Parallel Aware": true,
                                                                                                        "Async Capable": false,
                                                                                                        "Relation Name": "title",
                                                                                                        "Alias": "t",
                                                                                                        "Startup Cost": 0.0,
                                                                                                        "Total Cost": 45490.07,
                                                                                                        "Plan Rows": 1,
                                                                                                        "Plan Width": 21,
                                                                                                        "Actual Startup Time": 2.089,
                                                                                                        "Actual Total Time": 76.042,
                                                                                                        "Actual Rows": 18,
                                                                                                        "Actual Loops": 2,
                                                                                                        "Filter": "((title ~~ '%Money%'::text) AND (production_year = 1998))",
                                                                                                        "Rows Removed by Filter": 1264138,
                                                                                                        "Workers": []
                                                                                                    }
                                                                                                ]
                                                                                            }
                                                                                        ]
                                                                                    },
                                                                                    {
                                                                                        "Node Type": "Hash Join",
                                                                                        "Parent Relationship": "Inner",
                                                                                        "Parallel Aware": false,
                                                                                        "Async Capable": false,
                                                                                        "Join Type": "Inner",
                                                                                        "Startup Cost": 1.24,
                                                                                        "Total Cost": 561.48,
                                                                                        "Plan Rows": 1666,
                                                                                        "Plan Width": 16,
                                                                                        "Actual Startup Time": 0.008,
                                                                                        "Actual Total Time": 1.746,
                                                                                        "Actual Rows": 1158,
                                                                                        "Actual Loops": 22,
                                                                                        "Inner Unique": true,
                                                                                        "Hash Cond": "(ml.link_type_id = lt.id)",
                                                                                        "Workers": [],
                                                                                        "Plans": [
                                                                                            {
                                                                                                "Node Type": "Seq Scan",
                                                                                                "Parent Relationship": "Outer",
                                                                                                "Parallel Aware": false,
                                                                                                "Async Capable": false,
                                                                                                "Relation Name": "movie_link",
                                                                                                "Alias": "ml",
                                                                                                "Startup Cost": 0.0,
                                                                                                "Total Cost": 462.97,
                                                                                                "Plan Rows": 29997,
                                                                                                "Plan Width": 8,
                                                                                                "Actual Startup Time": 0.002,
                                                                                                "Actual Total Time": 0.855,
                                                                                                "Actual Rows": 29997,
                                                                                                "Actual Loops": 22,
                                                                                                "Workers": []
                                                                                            },
                                                                                            {
                                                                                                "Node Type": "Hash",
                                                                                                "Parent Relationship": "Inner",
                                                                                                "Parallel Aware": false,
                                                                                                "Async Capable": false,
                                                                                                "Startup Cost": 1.23,
                                                                                                "Total Cost": 1.23,
                                                                                                "Plan Rows": 1,
                                                                                                "Plan Width": 16,
                                                                                                "Actual Startup Time": 0.007,
                                                                                                "Actual Total Time": 0.007,
                                                                                                "Actual Rows": 1,
                                                                                                "Actual Loops": 2,
                                                                                                "Hash Buckets": 1024,
                                                                                                "Original Hash Buckets": 1024,
                                                                                                "Hash Batches": 1,
                                                                                                "Original Hash Batches": 1,
                                                                                                "Peak Memory Usage": 9,
                                                                                                "Workers": [],
                                                                                                "Plans": [
                                                                                                    {
                                                                                                        "Node Type": "Seq Scan",
                                                                                                        "Parent Relationship": "Outer",
                                                                                                        "Parallel Aware": false,
                                                                                                        "Async Capable": false,
                                                                                                        "Relation Name": "link_type",
                                                                                                        "Alias": "lt",
                                                                                                        "Startup Cost": 0.0,
                                                                                                        "Total Cost": 1.23,
                                                                                                        "Plan Rows": 1,
                                                                                                        "Plan Width": 16,
                                                                                                        "Actual Startup Time": 0.004,
                                                                                                        "Actual Total Time": 0.005,
                                                                                                        "Actual Rows": 1,
                                                                                                        "Actual Loops": 2,
                                                                                                        "Filter": "((link)::text ~~ '%follows%'::text)",
                                                                                                        "Rows Removed by Filter": 17,
                                                                                                        "Workers": []
                                                                                                    }
                                                                                                ]
                                                                                            }
                                                                                        ]
                                                                                    }
                                                                                ]
                                                                            }
                                                                        ]
                                                                    }
                                                                ]
                                                            }
                                                        ]
                                                    }
                                                ]
                                            },
                                            {
                                                "Node Type": "Seq Scan",
                                                "Parent Relationship": "Inner",
                                                "Parallel Aware": false,
                                                "Async Capable": false,
                                                "Relation Name": "company_type",
                                                "Alias": "ct",
                                                "Startup Cost": 0.0,
                                                "Total Cost": 1.05,
                                                "Plan Rows": 1,
                                                "Plan Width": 4,
                                                "Actual Startup Time": 0.0,
                                                "Actual Total Time": 0.0,
                                                "Actual Rows": 1,
                                                "Actual Loops": 14,
                                                "Filter": "((kind)::text = 'production companies'::text)",
                                                "Rows Removed by Filter": 1,
                                                "Workers": []
                                            }
                                        ]
                                    }
                                ]
                            }
                        ]
                    },
                    "Planning Time": 1.064,
                    "Triggers": [],
                    "Execution Time": 335.15
                }
            ],
            "hints": [
                "SET enable_hashjoin TO on",
                "SET enable_indexonlyscan TO on",
                "SET enable_indexscan TO off",
                "SET enable_mergejoin TO off",
                "SET enable_nestloop TO on",
                "SET enable_seqscan TO on"
            ]
        },
        {
            "arm": 3,
            "execution_time": 317.506,
            "plan": [
                {
                    "Plan": {
                        "Node Type": "Aggregate",
                        "Strategy": "Plain",
                        "Partial Mode": "Simple",
                        "Parallel Aware": false,
                        "Async Capable": false,
                        "Startup Cost": 126579.38,
                        "Total Cost": 126579.39,
                        "Plan Rows": 1,
                        "Plan Width": 96,
                        "Actual Startup Time": 294.735,
                        "Actual Total Time": 317.462,
                        "Actual Rows": 1,
                        "Actual Loops": 1,
                        "Plans": [
                            {
                                "Node Type": "Gather",
                                "Parent Relationship": "Outer",
                                "Parallel Aware": false,
                                "Async Capable": false,
                                "Startup Cost": 120984.93,
                                "Total Cost": 126579.37,
                                "Plan Rows": 1,
                                "Plan Width": 48,
                                "Actual Startup Time": 284.702,
                                "Actual Total Time": 317.453,
                                "Actual Rows": 14,
                                "Actual Loops": 1,
                                "Workers Planned": 1,
                                "Workers Launched": 1,
                                "Single Copy": false,
                                "Plans": [
                                    {
                                        "Node Type": "Hash Join",
                                        "Parent Relationship": "Outer",
                                        "Parallel Aware": false,
                                        "Async Capable": false,
                                        "Join Type": "Inner",
                                        "Startup Cost": 119984.93,
                                        "Total Cost": 125579.27,
                                        "Plan Rows": 1,
                                        "Plan Width": 48,
                                        "Actual Startup Time": 288.719,
                                        "Actual Total Time": 293.697,
                                        "Actual Rows": 7,
                                        "Actual Loops": 2,
                                        "Inner Unique": true,
                                        "Hash Cond": "(mc.company_type_id = ct.id)",
                                        "Workers": [],
                                        "Plans": [
                                            {
                                                "Node Type": "Hash Join",
                                                "Parent Relationship": "Outer",
                                                "Parallel Aware": true,
                                                "Async Capable": false,
                                                "Join Type": "Inner",
                                                "Startup Cost": 119983.87,
                                                "Total Cost": 125578.21,
                                                "Plan Rows": 1,
                                                "Plan Width": 52,
                                                "Actual Startup Time": 288.659,
                                                "Actual Total Time": 293.635,
                                                "Actual Rows": 7,
                                                "Actual Loops": 2,
                                                "Inner Unique": false,
                                                "Hash Cond": "(cn.id = mc.company_id)",
                                                "Workers": [],
                                                "Plans": [
                                                    {
                                                        "Node Type": "Seq Scan",
                                                        "Parent Relationship": "Outer",
                                                        "Parallel Aware": true,
                                                        "Async Capable": false,
                                                        "Relation Name": "company_name",
                                                        "Alias": "cn",
                                                        "Startup Cost": 0.0,
                                                        "Total Cost": 5459.09,
                                                        "Plan Rows": 36064,
                                                        "Plan Width": 23,
                                                        "Actual Startup Time": 0.004,
                                                        "Actual Total Time": 9.611,
                                                        "Actual Rows": 24151,
                                                        "Actual Loops": 2,
                                                        "Filter": "(((country_code)::text <> '[pl]'::text) AND ((name ~~ '%Film%'::text) OR (name ~~ '%Warner%'::text)))",
                                                        "Rows Removed by Filter": 93348,
                                                        "Workers": []
                                                    },
                                                    {
                                                        "Node Type": "Hash",
                                                        "Parent Relationship": "Inner",
                                                        "Parallel Aware": true,
                                                        "Async Capable": false,
                                                        "Startup Cost": 119983.86,
                                                        "Total Cost": 119983.86,
                                                        "Plan Rows": 1,
                                                        "Plan Width": 37,
                                                        "Actual Startup Time": 283.274,
                                                        "Actual Total Time": 283.28,
                                                        "Actual Rows": 10,
                                                        "Actual Loops": 2,
                                                        "Hash Buckets": 1024,
                                                        "Original Hash Buckets": 1024,
                                                        "Hash Batches": 1,
                                                        "Original Hash Batches": 1,
                                                        "Peak Memory Usage": 40,
                                                        "Workers": [],
                                                        "Plans": [
                                                            {
                                                                "Node Type": "Hash Join",
                                                                "Parent Relationship": "Outer",
                                                                "Parallel Aware": true,
                                                                "Async Capable": false,
                                                                "Join Type": "Inner",
                                                                "Startup Cost": 77079.62,
                                                                "Total Cost": 119983.86,
                                                                "Plan Rows": 1,
                                                                "Plan Width": 37,
                                                                "Actual Startup Time": 215.273,
                                                                "Actual Total Time": 283.269,
                                                                "Actual Rows": 10,
                                                                "Actual Loops": 2,
                                                                "Inner Unique": false,
                                                                "Hash Cond": "(mk.movie_id = ml.movie_id)",
                                                                "Workers": [],
                                                                "Plans": [
                                                                    {
                                                                        "Node Type": "Hash Join",
                                                                        "Parent Relationship": "Outer",
                                                                        "Parallel Aware": false,
                                                                        "Async Capable": false,
                                                                        "Join Type": "Inner",
                                                                        "Startup Cost": 2685.14,
                                                                        "Total Cost": 45589.33,
                                                                        "Plan Rows": 11,
                                                                        "Plan Width": 4,
                                                                        "Actual Startup Time": 3.835,
                                                                        "Actual Total Time": 141.565,
                                                                        "Actual Rows": 5272,
                                                                        "Actual Loops": 2,
                                                                        "Inner Unique": true,
                                                                        "Hash Cond": "(mk.keyword_id = k.id)",
                                                                        "Workers": [],
                                                                        "Plans": [
                                                                            {
                                                                                "Node Type": "Seq Scan",
                                                                                "Parent Relationship": "Outer",
                                                                                "Parallel Aware": true,
                                                                                "Async Capable": false,
                                                                                "Relation Name": "movie_keyword",
                                                                                "Alias": "mk",
                                                                                "Startup Cost": 0.0,
                                                                                "Total Cost": 39073.32,
                                                                                "Plan Rows": 1459332,
                                                                                "Plan Width": 8,
                                                                                "Actual Startup Time": 0.003,
                                                                                "Actual Total Time": 74.957,
                                                                                "Actual Rows": 2261965,
                                                                                "Actual Loops": 2,
                                                                                "Workers": []
                                                                            },
                                                                            {
                                                                                "Node Type": "Hash",
                                                                                "Parent Relationship": "Inner",
                                                                                "Parallel Aware": false,
                                                                                "Async Capable": false,
                                                                                "Startup Cost": 2685.12,
                                                                                "Total Cost": 2685.12,
                                                                                "Plan Rows": 1,
                                                                                "Plan Width": 4,
                                                                                "Actual Startup Time": 3.61,
                                                                                "Actual Total Time": 3.61,
                                                                                "Actual Rows": 1,
                                                                                "Actual Loops": 2,
                                                                                "Hash Buckets": 1024,
                                                                                "Original Hash Buckets": 1024,
                                                                                "Hash Batches": 1,
                                                                                "Original Hash Batches": 1,
                                                                                "Peak Memory Usage": 9,
                                                                                "Workers": [],
                                                                                "Plans": [
                                                                                    {
                                                                                        "Node Type": "Seq Scan",
                                                                                        "Parent Relationship": "Outer",
                                                                                        "Parallel Aware": false,
                                                                                        "Async Capable": false,
                                                                                        "Relation Name": "keyword",
                                                                                        "Alias": "k",
                                                                                        "Startup Cost": 0.0,
                                                                                        "Total Cost": 2685.12,
                                                                                        "Plan Rows": 1,
                                                                                        "Plan Width": 4,
                                                                                        "Actual Startup Time": 0.198,
                                                                                        "Actual Total Time": 3.609,
                                                                                        "Actual Rows": 1,
                                                                                        "Actual Loops": 2,
                                                                                        "Filter": "(keyword = 'sequel'::text)",
                                                                                        "Rows Removed by Filter": 134169,
                                                                                        "Workers": []
                                                                                    }
                                                                                ]
                                                                            }
                                                                        ]
                                                                    },
                                                                    {
                                                                        "Node Type": "Hash",
                                                                        "Parent Relationship": "Inner",
                                                                        "Parallel Aware": true,
                                                                        "Async Capable": false,
                                                                        "Startup Cost": 74394.47,
                                                                        "Total Cost": 74394.47,
                                                                        "Plan Rows": 1,
                                                                        "Plan Width": 49,
                                                                        "Actual Startup Time": 141.515,
                                                                        "Actual Total Time": 141.519,
                                                                        "Actual Rows": 10,
                                                                        "Actual Loops": 2,
                                                                        "Hash Buckets": 1024,
                                                                        "Original Hash Buckets": 1024,
                                                                        "Hash Batches": 1,
                                                                        "Original Hash Batches": 1,
                                                                        "Peak Memory Usage": 40,
                                                                        "Workers": [],
                                                                        "Plans": [
                                                                            {
                                                                                "Node Type": "Hash Join",
                                                                                "Parent Relationship": "Outer",
                                                                                "Parallel Aware": false,
                                                                                "Async Capable": false,
                                                                                "Join Type": "Inner",
                                                                                "Startup Cost": 46072.4,
                                                                                "Total Cost": 74394.47,
                                                                                "Plan Rows": 1,
                                                                                "Plan Width": 49,
                                                                                "Actual Startup Time": 120.946,
                                                                                "Actual Total Time": 141.504,
                                                                                "Actual Rows": 10,
                                                                                "Actual Loops": 2,
                                                                                "Inner Unique": false,
                                                                                "Hash Cond": "(t.id = ml.movie_id)",
                                                                                "Workers": [],
                                                                                "Plans": [
                                                                                    {
                                                                                        "Node Type": "Hash Join",
                                                                                        "Parent Relationship": "Outer",
                                                                                        "Parallel Aware": true,
                                                                                        "Async Capable": false,
                                                                                        "Join Type": "Inner",
                                                                                        "Startup Cost": 45490.09,
                                                                                        "Total Cost": 73812.11,
                                                                                        "Plan Rows": 1,
                                                                                        "Plan Width": 33,
                                                                                        "Actual Startup Time": 83.871,
                                                                                        "Actual Total Time": 139.455,
                                                                                        "Actual Rows": 11,
                                                                                        "Actual Loops": 2,
                                                                                        "Inner Unique": true,
                                                                                        "Hash Cond": "(mc.movie_id = t.id)",
                                                                                        "Workers": [],
                                                                                        "Plans": [
                                                                                            {
                                                                                                "Node Type": "Seq Scan",
                                                                                                "Parent Relationship": "Outer",
                                                                                                "Parallel Aware": true,
                                                                                                "Async Capable": false,
                                                                                                "Relation Name": "movie_companies",
                                                                                                "Alias": "mc",
                                                                                                "Startup Cost": 0.0,
                                                                                                "Total Cost": 27240.55,
                                                                                                "Plan Rows": 411990,
                                                                                                "Plan Width": 12,
                                                                                                "Actual Startup Time": 0.005,
                                                                                                "Actual Total Time": 48.74,
                                                                                                "Actual Rows": 635994,
                                                                                                "Actual Loops": 2,
                                                                                                "Filter": "(note IS NULL)",
                                                                                                "Rows Removed by Filter": 668570,
                                                                                                "Workers": []
                                                                                            },
                                                                                            {
                                                                                                "Node Type": "Hash",
                                                                                                "Parent Relationship": "Inner",
                                                                                                "Parallel Aware": true,
                                                                                                "Async Capable": false,
                                                                                                "Startup Cost": 45490.07,
                                                                                                "Total Cost": 45490.07,
                                                                                                "Plan Rows": 1,
                                                                                                "Plan Width": 21,
                                                                                                "Actual Startup Time": 75.262,
                                                                                                "Actual Total Time": 75.263,
                                                                                                "Actual Rows": 18,
                                                                                                "Actual Loops": 2,
                                                                                                "Hash Buckets": 1024,
                                                                                                "Original Hash Buckets": 1024,
                                                                                                "Hash Batches": 1,
                                                                                                "Original Hash Batches": 1,
                                                                                                "Peak Memory Usage": 72,
                                                                                                "Workers": [],
                                                                                                "Plans": [
                                                                                                    {
                                                                                                        "Node Type": "Seq Scan",
                                                                                                        "Parent Relationship": "Outer",
                                                                                                        "Parallel Aware": true,
                                                                                                        "Async Capable": false,
                                                                                                        "Relation Name": "title",
                                                                                                        "Alias": "t",
                                                                                                        "Startup Cost": 0.0,
                                                                                                        "Total Cost": 45490.07,
                                                                                                        "Plan Rows": 1,
                                                                                                        "Plan Width": 21,
                                                                                                        "Actual Startup Time": 5.776,
                                                                                                        "Actual Total Time": 75.253,
                                                                                                        "Actual Rows": 18,
                                                                                                        "Actual Loops": 2,
                                                                                                        "Filter": "((title ~~ '%Money%'::text) AND (production_year = 1998))",
                                                                                                        "Rows Removed by Filter": 1264138,
                                                                                                        "Workers": []
                                                                                                    }
                                                                                                ]
                                                                                            }
                                                                                        ]
                                                                                    },
                                                                                    {
                                                                                        "Node Type": "Hash",
                                                                                        "Parent Relationship": "Inner",
                                                                                        "Parallel Aware": false,
                                                                                        "Async Capable": false,
                                                                                        "Startup Cost": 561.48,
                                                                                        "Total Cost": 561.48,
                                                                                        "Plan Rows": 1666,
                                                                                        "Plan Width": 16,
                                                                                        "Actual Startup Time": 2.038,
                                                                                        "Actual Total Time": 2.04,
                                                                                        "Actual Rows": 1158,
                                                                                        "Actual Loops": 2,
                                                                                        "Hash Buckets": 2048,
                                                                                        "Original Hash Buckets": 2048,
                                                                                        "Hash Batches": 1,
                                                                                        "Original Hash Batches": 1,
                                                                                        "Peak Memory Usage": 66,
                                                                                        "Workers": [],
                                                                                        "Plans": [
                                                                                            {
                                                                                                "Node Type": "Hash Join",
                                                                                                "Parent Relationship": "Outer",
                                                                                                "Parallel Aware": false,
                                                                                                "Async Capable": false,
                                                                                                "Join Type": "Inner",
                                                                                                "Startup Cost": 1.24,
                                                                                                "Total Cost": 561.48,
                                                                                                "Plan Rows": 1666,
                                                                                                "Plan Width": 16,
                                                                                                "Actual Startup Time": 0.02,
                                                                                                "Actual Total Time": 1.984,
                                                                                                "Actual Rows": 1158,
                                                                                                "Actual Loops": 2,
                                                                                                "Inner Unique": true,
                                                                                                "Hash Cond": "(ml.link_type_id = lt.id)",
                                                                                                "Workers": [],
                                                                                                "Plans": [
                                                                                                    {
                                                                                                        "Node Type": "Seq Scan",
                                                                                                        "Parent Relationship": "Outer",
                                                                                                        "Parallel Aware": false,
                                                                                                        "Async Capable": false,
                                                                                                        "Relation Name": "movie_link",
                                                                                                        "Alias": "ml",
                                                                                                        "Startup Cost": 0.0,
                                                                                                        "Total Cost": 462.97,
                                                                                                        "Plan Rows": 29997,
                                                                                                        "Plan Width": 8,
                                                                                                        "Actual Startup Time": 0.006,
                                                                                                        "Actual Total Time": 1.074,
                                                                                                        "Actual Rows": 29997,
                                                                                                        "Actual Loops": 2,
                                                                                                        "Workers": []
                                                                                                    },
                                                                                                    {
                                                                                                        "Node Type": "Hash",
                                                                                                        "Parent Relationship": "Inner",
                                                                                                        "Parallel Aware": false,
                                                                                                        "Async Capable": false,
                                                                                                        "Startup Cost": 1.23,
                                                                                                        "Total Cost": 1.23,
                                                                                                        "Plan Rows": 1,
                                                                                                        "Plan Width": 16,
                                                                                                        "Actual Startup Time": 0.006,
                                                                                                        "Actual Total Time": 0.007,
                                                                                                        "Actual Rows": 1,
                                                                                                        "Actual Loops": 2,
                                                                                                        "Hash Buckets": 1024,
                                                                                                        "Original Hash Buckets": 1024,
                                                                                                        "Hash Batches": 1,
                                                                                                        "Original Hash Batches": 1,
                                                                                                        "Peak Memory Usage": 9,
                                                                                                        "Workers": [],
                                                                                                        "Plans": [
                                                                                                            {
                                                                                                                "Node Type": "Seq Scan",
                                                                                                                "Parent Relationship": "Outer",
                                                                                                                "Parallel Aware": false,
                                                                                                                "Async Capable": false,
                                                                                                                "Relation Name": "link_type",
                                                                                                                "Alias": "lt",
                                                                                                                "Startup Cost": 0.0,
                                                                                                                "Total Cost": 1.23,
                                                                                                                "Plan Rows": 1,
                                                                                                                "Plan Width": 16,
                                                                                                                "Actual Startup Time": 0.004,
                                                                                                                "Actual Total Time": 0.006,
                                                                                                                "Actual Rows": 1,
                                                                                                                "Actual Loops": 2,
                                                                                                                "Filter": "((link)::text ~~ '%follows%'::text)",
                                                                                                                "Rows Removed by Filter": 17,
                                                                                                                "Workers": []
                                                                                                            }
                                                                                                        ]
                                                                                                    }
                                                                                                ]
                                                                                            }
                                                                                        ]
                                                                                    }
                                                                                ]
                                                                            }
                                                                        ]
                                                                    }
                                                                ]
                                                            }
                                                        ]
                                                    }
                                                ]
                                            },
                                            {
                                                "Node Type": "Hash",
                                                "Parent Relationship": "Inner",
                                                "Parallel Aware": false,
                                                "Async Capable": false,
                                                "Startup Cost": 1.05,
                                                "Total Cost": 1.05,
                                                "Plan Rows": 1,
                                                "Plan Width": 4,
                                                "Actual Startup Time": 0.009,
                                                "Actual Total Time": 0.01,
                                                "Actual Rows": 1,
                                                "Actual Loops": 2,
                                                "Hash Buckets": 1024,
                                                "Original Hash Buckets": 1024,
                                                "Hash Batches": 1,
                                                "Original Hash Batches": 1,
                                                "Peak Memory Usage": 9,
                                                "Workers": [],
                                                "Plans": [
                                                    {
                                                        "Node Type": "Seq Scan",
                                                        "Parent Relationship": "Outer",
                                                        "Parallel Aware": false,
                                                        "Async Capable": false,
                                                        "Relation Name": "company_type",
                                                        "Alias": "ct",
                                                        "Startup Cost": 0.0,
                                                        "Total Cost": 1.05,
                                                        "Plan Rows": 1,
                                                        "Plan Width": 4,
                                                        "Actual Startup Time": 0.007,
                                                        "Actual Total Time": 0.008,
                                                        "Actual Rows": 1,
                                                        "Actual Loops": 2,
                                                        "Filter": "((kind)::text = 'production companies'::text)",
                                                        "Rows Removed by Filter": 3,
                                                        "Workers": []
                                                    }
                                                ]
                                            }
                                        ]
                                    }
                                ]
                            }
                        ]
                    },
                    "Planning Time": 1.135,
                    "Triggers": [],
                    "Execution Time": 317.506
                }
            ],
            "hints": [
                "SET enable_hashjoin TO on",
                "SET enable_indexonlyscan TO on",
                "SET enable_indexscan TO off",
                "SET enable_mergejoin TO off",
                "SET enable_nestloop TO off",
                "SET enable_seqscan TO on"
            ]
        },
        {
            "arm": 4,
            "execution_time": 12.072,
            "plan": [
                {
                    "Plan": {
                        "Node Type": "Aggregate",
                        "Strategy": "Plain",
                        "Partial Mode": "Simple",
                        "Parallel Aware": false,
                        "Async Capable": false,
                        "Startup Cost": 3923.87,
                        "Total Cost": 3923.88,
                        "Plan Rows": 1,
                        "Plan Width": 96,
                        "Actual Startup Time": 12.042,
                        "Actual Total Time": 12.044,
                        "Actual Rows": 1,
                        "Actual Loops": 1,
                        "Plans": [
                            {
                                "Node Type": "Nested Loop",
                                "Parent Relationship": "Outer",
                                "Parallel Aware": false,
                                "Async Capable": false,
                                "Join Type": "Inner",
                                "Startup Cost": 2.0,
                                "Total Cost": 3923.86,
                                "Plan Rows": 1,
                                "Plan Width": 48,
                                "Actual Startup Time": 0.423,
                                "Actual Total Time": 12.039,
                                "Actual Rows": 14,
                                "Actual Loops": 1,
                                "Inner Unique": true,
                                "Join Filter": "(ct.id = mc.company_type_id)",
                                "Rows Removed by Join Filter": 0,
                                "Plans": [
                                    {
                                        "Node Type": "Nested Loop",
                                        "Parent Relationship": "Outer",
                                        "Parallel Aware": false,
                                        "Async Capable": false,
                                        "Join Type": "Inner",
                                        "Startup Cost": 2.0,
                                        "Total Cost": 3922.8,
                                        "Plan Rows": 1,
                                        "Plan Width": 52,
                                        "Actual Startup Time": 0.421,
                                        "Actual Total Time": 12.033,
                                        "Actual Rows": 14,
                                        "Actual Loops": 1,
                                        "Inner Unique": true,
                                        "Plans": [
                                            {
                                                "Node Type": "Nested Loop",
                                                "Parent Relationship": "Outer",
                                                "Parallel Aware": false,
                                                "Async Capable": false,
                                                "Join Type": "Inner",
                                                "Startup Cost": 1.58,
                                                "Total Cost": 3922.34,
                                                "Plan Rows": 1,
                                                "Plan Width": 37,
                                                "Actual Startup Time": 0.415,
                                                "Actual Total Time": 12.011,
                                                "Actual Rows": 21,
                                                "Actual Loops": 1,
                                                "Inner Unique": false,
                                                "Join Filter": "(mc.movie_id = ml.movie_id)",
                                                "Rows Removed by Join Filter": 0,
                                                "Plans": [
                                                    {
                                                        "Node Type": "Nested Loop",
                                                        "Parent Relationship": "Outer",
                                                        "Parallel Aware": false,
                                                        "Async Capable": false,
                                                        "Join Type": "Inner",
                                                        "Startup Cost": 1.15,
                                                        "Total Cost": 3921.76,
                                                        "Plan Rows": 1,
                                                        "Plan Width": 41,
                                                        "Actual Startup Time": 0.408,
                                                        "Actual Total Time": 11.997,
                                                        "Actual Rows": 7,
                                                        "Actual Loops": 1,
                                                        "Inner Unique": true,
                                                        "Join Filter": "(ml.movie_id = t.id)",
                                                        "Rows Removed by Join Filter": 0,
                                                        "Plans": [
                                                            {
                                                                "Node Type": "Nested Loop",
                                                                "Parent Relationship": "Outer",
                                                                "Parallel Aware": false,
                                                                "Async Capable": false,
                                                                "Join Type": "Inner",
                                                                "Startup Cost": 0.72,
                                                                "Total Cost": 3921.26,
                                                                "Plan Rows": 1,
                                                                "Plan Width": 20,
                                                                "Actual Startup Time": 0.244,
                                                                "Actual Total Time": 11.906,
                                                                "Actual Rows": 64,
                                                                "Actual Loops": 1,
                                                                "Inner Unique": false,
                                                                "Join Filter": "(lt.id = ml.link_type_id)",
                                                                "Rows Removed by Join Filter": 187,
                                                                "Plans": [
                                                                    {
                                                                        "Node Type": "Seq Scan",
                                                                        "Parent Relationship": "Outer",
                                                                        "Parallel Aware": false,
                                                                        "Async Capable": false,
                                                                        "Relation Name": "link_type",
                                                                        "Alias": "lt",
                                                                        "Startup Cost": 0.0,
                                                                        "Total Cost": 1.23,
                                                                        "Plan Rows": 1,
                                                                        "Plan Width": 16,
                                                                        "Actual Startup Time": 0.007,
                                                                        "Actual Total Time": 0.009,
                                                                        "Actual Rows": 1,
                                                                        "Actual Loops": 1,
                                                                        "Filter": "((link)::text ~~ '%follows%'::text)",
                                                                        "Rows Removed by Filter": 17
                                                                    },
                                                                    {
                                                                        "Node Type": "Nested Loop",
                                                                        "Parent Relationship": "Inner",
                                                                        "Parallel Aware": false,
                                                                        "Async Capable": false,
                                                                        "Join Type": "Inner",
                                                                        "Startup Cost": 0.72,
                                                                        "Total Cost": 3919.91,
                                                                        "Plan Rows": 10,
                                                                        "Plan Width": 12,
                                                                        "Actual Startup Time": 0.235,
                                                                        "Actual Total Time": 11.888,
                                                                        "Actual Rows": 251,
                                                                        "Actual Loops": 1,
                                                                        "Inner Unique": false,
                                                                        "Plans": [
                                                                            {
                                                                                "Node Type": "Nested Loop",
                                                                                "Parent Relationship": "Outer",
                                                                                "Parallel Aware": false,
                                                                                "Async Capable": false,
                                                                                "Join Type": "Inner",
                                                                                "Startup Cost": 0.43,
                                                                                "Total Cost": 3905.45,
                                                                                "Plan Rows": 34,
                                                                                "Plan Width": 4,
                                                                                "Actual Startup Time": 0.23,
                                                                                "Actual Total Time": 9.045,
                                                                                "Actual Rows": 10544,
                                                                                "Actual Loops": 1,
                                                                                "Inner Unique": false,
                                                                                "Plans": [
                                                                                    {
                                                                                        "Node Type": "Seq Scan",
                                                                                        "Parent Relationship": "Outer",
                                                                                        "Parallel Aware": false,
                                                                                        "Async Capable": false,
                                                                                        "Relation Name": "keyword",
                                                                                        "Alias": "k",
                                                                                        "Startup Cost": 0.0,
                                                                                        "Total Cost": 2685.12,
                                                                                        "Plan Rows": 1,
                                                                                        "Plan Width": 4,
                                                                                        "Actual Startup Time": 0.216,
                                                                                        "Actual Total Time": 3.769,
                                                                                        "Actual Rows": 1,
                                                                                        "Actual Loops": 1,
                                                                                        "Filter": "(keyword = 'sequel'::text)",
                                                                                        "Rows Removed by Filter": 134169
                                                                                    },
                                                                                    {
                                                                                        "Node Type": "Index Scan",
                                                                                        "Parent Relationship": "Inner",
                                                                                        "Parallel Aware": false,
                                                                                        "Async Capable": false,
                                                                                        "Scan Direction": "Forward",
                                                                                        "Index Name": "keyword_id_movie_keyword",
                                                                                        "Relation Name": "movie_keyword",
                                                                                        "Alias": "mk",
                                                                                        "Startup Cost": 0.43,
                                                                                        "Total Cost": 1217.3,
                                                                                        "Plan Rows": 303,
                                                                                        "Plan Width": 8,
                                                                                        "Actual Startup Time": 0.014,
                                                                                        "Actual Total Time": 4.796,
                                                                                        "Actual Rows": 10544,
                                                                                        "Actual Loops": 1,
                                                                                        "Index Cond": "(keyword_id = k.id)",
                                                                                        "Rows Removed by Index Recheck": 0
                                                                                    }
                                                                                ]
                                                                            },
                                                                            {
                                                                                "Node Type": "Index Scan",
                                                                                "Parent Relationship": "Inner",
                                                                                "Parallel Aware": false,
                                                                                "Async Capable": false,
                                                                                "Scan Direction": "Forward",
                                                                                "Index Name": "movie_id_movie_link",
                                                                                "Relation Name": "movie_link",
                                                                                "Alias": "ml",
                                                                                "Startup Cost": 0.29,
                                                                                "Total Cost": 0.38,
                                                                                "Plan Rows": 5,
                                                                                "Plan Width": 8,
                                                                                "Actual Startup Time": 0.0,
                                                                                "Actual Total Time": 0.0,
                                                                                "Actual Rows": 0,
                                                                                "Actual Loops": 10544,
                                                                                "Index Cond": "(movie_id = mk.movie_id)",
                                                                                "Rows Removed by Index Recheck": 0
                                                                            }
                                                                        ]
                                                                    }
                                                                ]
                                                            },
                                                            {
                                                                "Node Type": "Index Scan",
                                                                "Parent Relationship": "Inner",
                                                                "Parallel Aware": false,
                                                                "Async Capable": false,
                                                                "Scan Direction": "Forward",
                                                                "Index Name": "title_pkey",
                                                                "Relation Name": "title",
                                                                "Alias": "t",
                                                                "Startup Cost": 0.43,
                                                                "Total Cost": 0.49,
                                                                "Plan Rows": 1,
                                                                "Plan Width": 21,
                                                                "Actual Startup Time": 0.001,
                                                                "Actual Total Time": 0.001,
                                                                "Actual Rows": 0,
                                                                "Actual Loops": 64,
                                                                "Index Cond": "(id = mk.movie_id)",
                                                                "Rows Removed by Index Recheck": 0,
                                                                "Filter": "((title ~~ '%Money%'::text) AND (production_year = 1998))",
                                                                "Rows Removed by Filter": 1
                                                            }
                                                        ]
                                                    },
                                                    {
                                                        "Node Type": "Index Scan",
                                                        "Parent Relationship": "Inner",
                                                        "Parallel Aware": false,
                                                        "Async Capable": false,
                                                        "Scan Direction": "Forward",
                                                        "Index Name": "movie_id_movie_companies",
                                                        "Relation Name": "movie_companies",
                                                        "Alias": "mc",
                                                        "Startup Cost": 0.43,
                                                        "Total Cost": 0.54,
                                                        "Plan Rows": 3,
                                                        "Plan Width": 12,
                                                        "Actual Startup Time": 0.001,
                                                        "Actual Total Time": 0.002,
                                                        "Actual Rows": 3,
                                                        "Actual Loops": 7,
                                                        "Index Cond": "(movie_id = mk.movie_id)",
                                                        "Rows Removed by Index Recheck": 0,
                                                        "Filter": "(note IS NULL)",
                                                        "Rows Removed by Filter": 1
                                                    }
                                                ]
                                            },
                                            {
                                                "Node Type": "Index Scan",
                                                "Parent Relationship": "Inner",
                                                "Parallel Aware": false,
                                                "Async Capable": false,
                                                "Scan Direction": "Forward",
                                                "Index Name": "company_name_pkey",
                                                "Relation Name": "company_name",
                                                "Alias": "cn",
                                                "Startup Cost": 0.42,
                                                "Total Cost": 0.46,
                                                "Plan Rows": 1,
                                                "Plan Width": 23,
                                                "Actual Startup Time": 0.001,
                                                "Actual Total Time": 0.001,
                                                "Actual Rows": 1,
                                                "Actual Loops": 21,
                                                "Index Cond": "(id = mc.company_id)",
                                                "Rows Removed by Index Recheck": 0,
                                                "Filter": "(((country_code)::text <> '[pl]'::text) AND ((name ~~ '%Film%'::text) OR (name ~~ '%Warner%'::text)))",
                                                "Rows Removed by Filter": 0
                                            }
                                        ]
                                    },
                                    {
                                        "Node Type": "Seq Scan",
                                        "Parent Relationship": "Inner",
                                        "Parallel Aware": false,
                                        "Async Capable": false,
                                        "Relation Name": "company_type",
                                        "Alias": "ct",
                                        "Startup Cost": 0.0,
                                        "Total Cost": 1.05,
                                        "Plan Rows": 1,
                                        "Plan Width": 4,
                                        "Actual Startup Time": 0.0,
                                        "Actual Total Time": 0.0,
                                        "Actual Rows": 1,
                                        "Actual Loops": 14,
                                        "Filter": "((kind)::text = 'production companies'::text)",
                                        "Rows Removed by Filter": 1
                                    }
                                ]
                            }
                        ]
                    },
                    "Planning Time": 1.318,
                    "Triggers": [],
                    "Execution Time": 12.072
                }
            ],
            "hints": [
                "SET enable_hashjoin TO on",
                "SET enable_indexonlyscan TO on",
                "SET enable_indexscan TO on",
                "SET enable_mergejoin TO off",
                "SET enable_nestloop TO on",
                "SET enable_seqscan TO on"
            ]
        }
    ]
}