{
    "sql_file": "job24a.sql",
    "query": "SELECT MIN(chn.name) AS voiced_char_name, MIN(n.name) AS voicing_actress_name, MIN(t.title) AS voiced_action_movie_jap_eng FROM aka_name AS an, char_name AS chn, cast_info AS ci, company_name AS cn, info_type AS it, keyword AS k, movie_companies AS mc, movie_info AS mi, movie_keyword AS mk, name AS n, role_type AS rt, title AS t WHERE ci.note  in ('(voice)', '(voice: Japanese version)', '(voice) (uncredited)', '(voice: English version)') AND cn.country_code ='[us]' AND it.info  = 'release dates' AND k.keyword  in ('hero', 'martial-arts', 'hand-to-hand-combat') AND mi.info  is not null and (mi.info like 'Japan:%201%' or mi.info like 'USA:%201%') AND n.gender ='f' and n.name like '%An%' AND rt.role ='actress' AND t.production_year  > 2010 AND t.id = mi.movie_id AND t.id = mc.movie_id AND t.id = ci.movie_id AND t.id = mk.movie_id AND mc.movie_id = ci.movie_id AND mc.movie_id = mi.movie_id AND mc.movie_id = mk.movie_id AND mi.movie_id = ci.movie_id AND mi.movie_id = mk.movie_id AND ci.movie_id = mk.movie_id AND cn.id = mc.company_id AND it.id = mi.info_type_id AND n.id = ci.person_id AND rt.id = ci.role_id AND n.id = an.person_id AND ci.person_id = an.person_id AND chn.id = ci.person_role_id AND k.id = mk.keyword_id;",
    "results": [
        {
            "arm": 0,
            "execution_time": 171.668,
            "plan": [
                {
                    "Plan": {
                        "Node Type": "Aggregate",
                        "Strategy": "Plain",
                        "Partial Mode": "Simple",
                        "Parallel Aware": false,
                        "Async Capable": false,
                        "Startup Cost": 7127.9,
                        "Total Cost": 7127.91,
                        "Plan Rows": 1,
                        "Plan Width": 96,
                        "Actual Startup Time": 171.621,
                        "Actual Total Time": 171.623,
                        "Actual Rows": 1,
                        "Actual Loops": 1,
                        "Plans": [
                            {
                                "Node Type": "Nested Loop",
                                "Parent Relationship": "Outer",
                                "Parallel Aware": false,
                                "Async Capable": false,
                                "Join Type": "Inner",
                                "Startup Cost": 3.87,
                                "Total Cost": 7127.89,
                                "Plan Rows": 1,
                                "Plan Width": 48,
                                "Actual Startup Time": 24.016,
                                "Actual Total Time": 171.598,
                                "Actual Rows": 275,
                                "Actual Loops": 1,
                                "Inner Unique": true,
                                "Join Filter": "(ci.role_id = rt.id)",
                                "Rows Removed by Join Filter": 0,
                                "Plans": [
                                    {
                                        "Node Type": "Nested Loop",
                                        "Parent Relationship": "Outer",
                                        "Parallel Aware": false,
                                        "Async Capable": false,
                                        "Join Type": "Inner",
                                        "Startup Cost": 3.87,
                                        "Total Cost": 7126.73,
                                        "Plan Rows": 1,
                                        "Plan Width": 52,
                                        "Actual Startup Time": 24.012,
                                        "Actual Total Time": 171.489,
                                        "Actual Rows": 275,
                                        "Actual Loops": 1,
                                        "Inner Unique": true,
                                        "Join Filter": "(ci.person_id = n.id)",
                                        "Rows Removed by Join Filter": 0,
                                        "Plans": [
                                            {
                                                "Node Type": "Nested Loop",
                                                "Parent Relationship": "Outer",
                                                "Parallel Aware": false,
                                                "Async Capable": false,
                                                "Join Type": "Inner",
                                                "Startup Cost": 3.44,
                                                "Total Cost": 7124.88,
                                                "Plan Rows": 1,
                                                "Plan Width": 45,
                                                "Actual Startup Time": 0.282,
                                                "Actual Total Time": 149.033,
                                                "Actual Rows": 36578,
                                                "Actual Loops": 1,
                                                "Inner Unique": true,
                                                "Plans": [
                                                    {
                                                        "Node Type": "Nested Loop",
                                                        "Parent Relationship": "Outer",
                                                        "Parallel Aware": false,
                                                        "Async Capable": false,
                                                        "Join Type": "Inner",
                                                        "Startup Cost": 3.01,
                                                        "Total Cost": 7123.13,
                                                        "Plan Rows": 1,
                                                        "Plan Width": 33,
                                                        "Actual Startup Time": 0.274,
                                                        "Actual Total Time": 127.379,
                                                        "Actual Rows": 36786,
                                                        "Actual Loops": 1,
                                                        "Inner Unique": false,
                                                        "Plans": [
                                                            {
                                                                "Node Type": "Nested Loop",
                                                                "Parent Relationship": "Outer",
                                                                "Parallel Aware": false,
                                                                "Async Capable": false,
                                                                "Join Type": "Inner",
                                                                "Startup Cost": 2.59,
                                                                "Total Cost": 7121.02,
                                                                "Plan Rows": 1,
                                                                "Plan Width": 29,
                                                                "Actual Startup Time": 0.264,
                                                                "Actual Total Time": 113.308,
                                                                "Actual Rows": 13758,
                                                                "Actual Loops": 1,
                                                                "Inner Unique": true,
                                                                "Plans": [
                                                                    {
                                                                        "Node Type": "Nested Loop",
                                                                        "Parent Relationship": "Outer",
                                                                        "Parallel Aware": false,
                                                                        "Async Capable": false,
                                                                        "Join Type": "Inner",
                                                                        "Startup Cost": 2.17,
                                                                        "Total Cost": 7119.55,
                                                                        "Plan Rows": 1,
                                                                        "Plan Width": 33,
                                                                        "Actual Startup Time": 0.251,
                                                                        "Actual Total Time": 91.572,
                                                                        "Actual Rows": 36400,
                                                                        "Actual Loops": 1,
                                                                        "Inner Unique": false,
                                                                        "Join Filter": "(mc.movie_id = t.id)",
                                                                        "Rows Removed by Join Filter": 0,
                                                                        "Plans": [
                                                                            {
                                                                                "Node Type": "Nested Loop",
                                                                                "Parent Relationship": "Outer",
                                                                                "Parallel Aware": false,
                                                                                "Async Capable": false,
                                                                                "Join Type": "Inner",
                                                                                "Startup Cost": 1.74,
                                                                                "Total Cost": 7116.1,
                                                                                "Plan Rows": 1,
                                                                                "Plan Width": 45,
                                                                                "Actual Startup Time": 0.244,
                                                                                "Actual Total Time": 84.861,
                                                                                "Actual Rows": 4439,
                                                                                "Actual Loops": 1,
                                                                                "Inner Unique": false,
                                                                                "Join Filter": "(ci.movie_id = t.id)",
                                                                                "Rows Removed by Join Filter": 0,
                                                                                "Plans": [
                                                                                    {
                                                                                        "Node Type": "Nested Loop",
                                                                                        "Parent Relationship": "Outer",
                                                                                        "Parallel Aware": false,
                                                                                        "Async Capable": false,
                                                                                        "Join Type": "Inner",
                                                                                        "Startup Cost": 1.3,
                                                                                        "Total Cost": 7084.53,
                                                                                        "Plan Rows": 1,
                                                                                        "Plan Width": 29,
                                                                                        "Actual Startup Time": 0.07,
                                                                                        "Actual Total Time": 37.909,
                                                                                        "Actual Rows": 738,
                                                                                        "Actual Loops": 1,
                                                                                        "Inner Unique": false,
                                                                                        "Join Filter": "(it.id = mi.info_type_id)",
                                                                                        "Rows Removed by Join Filter": 0,
                                                                                        "Plans": [
                                                                                            {
                                                                                                "Node Type": "Seq Scan",
                                                                                                "Parent Relationship": "Outer",
                                                                                                "Parallel Aware": false,
                                                                                                "Async Capable": false,
                                                                                                "Relation Name": "info_type",
                                                                                                "Alias": "it",
                                                                                                "Startup Cost": 0.0,
                                                                                                "Total Cost": 2.41,
                                                                                                "Plan Rows": 1,
                                                                                                "Plan Width": 4,
                                                                                                "Actual Startup Time": 0.007,
                                                                                                "Actual Total Time": 0.01,
                                                                                                "Actual Rows": 1,
                                                                                                "Actual Loops": 1,
                                                                                                "Filter": "((info)::text = 'release dates'::text)",
                                                                                                "Rows Removed by Filter": 112
                                                                                            },
                                                                                            {
                                                                                                "Node Type": "Nested Loop",
                                                                                                "Parent Relationship": "Inner",
                                                                                                "Parallel Aware": false,
                                                                                                "Async Capable": false,
                                                                                                "Join Type": "Inner",
                                                                                                "Startup Cost": 1.3,
                                                                                                "Total Cost": 7081.74,
                                                                                                "Plan Rows": 30,
                                                                                                "Plan Width": 33,
                                                                                                "Actual Startup Time": 0.062,
                                                                                                "Actual Total Time": 37.851,
                                                                                                "Actual Rows": 738,
                                                                                                "Actual Loops": 1,
                                                                                                "Inner Unique": false,
                                                                                                "Join Filter": "(mi.movie_id = t.id)",
                                                                                                "Rows Removed by Join Filter": 0,
                                                                                                "Plans": [
                                                                                                    {
                                                                                                        "Node Type": "Nested Loop",
                                                                                                        "Parent Relationship": "Outer",
                                                                                                        "Parallel Aware": false,
                                                                                                        "Async Capable": false,
                                                                                                        "Join Type": "Inner",
                                                                                                        "Startup Cost": 0.86,
                                                                                                        "Total Cost": 6623.7,
                                                                                                        "Plan Rows": 16,
                                                                                                        "Plan Width": 25,
                                                                                                        "Actual Startup Time": 0.052,
                                                                                                        "Actual Total Time": 27.567,
                                                                                                        "Actual Rows": 495,
                                                                                                        "Actual Loops": 1,
                                                                                                        "Inner Unique": true,
                                                                                                        "Plans": [
                                                                                                            {
                                                                                                                "Node Type": "Nested Loop",
                                                                                                                "Parent Relationship": "Outer",
                                                                                                                "Parallel Aware": false,
                                                                                                                "Async Capable": false,
                                                                                                                "Join Type": "Inner",
                                                                                                                "Startup Cost": 0.43,
                                                                                                                "Total Cost": 6461.84,
                                                                                                                "Plan Rows": 101,
                                                                                                                "Plan Width": 4,
                                                                                                                "Actual Startup Time": 0.019,
                                                                                                                "Actual Total Time": 11.116,
                                                                                                                "Actual Rows": 9696,
                                                                                                                "Actual Loops": 1,
                                                                                                                "Inner Unique": false,
                                                                                                                "Plans": [
                                                                                                                    {
                                                                                                                        "Node Type": "Seq Scan",
                                                                                                                        "Parent Relationship": "Outer",
                                                                                                                        "Parallel Aware": false,
                                                                                                                        "Async Capable": false,
                                                                                                                        "Relation Name": "keyword",
                                                                                                                        "Alias": "k",
                                                                                                                        "Startup Cost": 0.0,
                                                                                                                        "Total Cost": 2852.84,
                                                                                                                        "Plan Rows": 3,
                                                                                                                        "Plan Width": 4,
                                                                                                                        "Actual Startup Time": 0.004,
                                                                                                                        "Actual Total Time": 5.426,
                                                                                                                        "Actual Rows": 3,
                                                                                                                        "Actual Loops": 1,
                                                                                                                        "Filter": "(keyword = ANY ('{hero,martial-arts,hand-to-hand-combat}'::text[]))",
                                                                                                                        "Rows Removed by Filter": 134167
                                                                                                                    },
                                                                                                                    {
                                                                                                                        "Node Type": "Index Scan",
                                                                                                                        "Parent Relationship": "Inner",
                                                                                                                        "Parallel Aware": false,
                                                                                                                        "Async Capable": false,
                                                                                                                        "Scan Direction": "Forward",
                                                                                                                        "Index Name": "keyword_id_movie_keyword",
                                                                                                                        "Relation Name": "movie_keyword",
                                                                                                                        "Alias": "mk",
                                                                                                                        "Startup Cost": 0.43,
                                                                                                                        "Total Cost": 1199.97,
                                                                                                                        "Plan Rows": 303,
                                                                                                                        "Plan Width": 8,
                                                                                                                        "Actual Startup Time": 0.008,
                                                                                                                        "Actual Total Time": 1.75,
                                                                                                                        "Actual Rows": 3232,
                                                                                                                        "Actual Loops": 3,
                                                                                                                        "Index Cond": "(keyword_id = k.id)",
                                                                                                                        "Rows Removed by Index Recheck": 0
                                                                                                                    }
                                                                                                                ]
                                                                                                            },
                                                                                                            {
                                                                                                                "Node Type": "Index Scan",
                                                                                                                "Parent Relationship": "Inner",
                                                                                                                "Parallel Aware": false,
                                                                                                                "Async Capable": false,
                                                                                                                "Scan Direction": "Forward",
                                                                                                                "Index Name": "title_pkey",
                                                                                                                "Relation Name": "title",
                                                                                                                "Alias": "t",
                                                                                                                "Startup Cost": 0.43,
                                                                                                                "Total Cost": 1.6,
                                                                                                                "Plan Rows": 1,
                                                                                                                "Plan Width": 21,
                                                                                                                "Actual Startup Time": 0.002,
                                                                                                                "Actual Total Time": 0.002,
                                                                                                                "Actual Rows": 0,
                                                                                                                "Actual Loops": 9696,
                                                                                                                "Index Cond": "(id = mk.movie_id)",
                                                                                                                "Rows Removed by Index Recheck": 0,
                                                                                                                "Filter": "(production_year > 2010)",
                                                                                                                "Rows Removed by Filter": 1
                                                                                                            }
                                                                                                        ]
                                                                                                    },
                                                                                                    {
                                                                                                        "Node Type": "Index Scan",
                                                                                                        "Parent Relationship": "Inner",
                                                                                                        "Parallel Aware": false,
                                                                                                        "Async Capable": false,
                                                                                                        "Scan Direction": "Forward",
                                                                                                        "Index Name": "movie_id_movie_info",
                                                                                                        "Relation Name": "movie_info",
                                                                                                        "Alias": "mi",
                                                                                                        "Startup Cost": 0.43,
                                                                                                        "Total Cost": 28.6,
                                                                                                        "Plan Rows": 2,
                                                                                                        "Plan Width": 8,
                                                                                                        "Actual Startup Time": 0.009,
                                                                                                        "Actual Total Time": 0.021,
                                                                                                        "Actual Rows": 1,
                                                                                                        "Actual Loops": 495,
                                                                                                        "Index Cond": "(movie_id = mk.movie_id)",
                                                                                                        "Rows Removed by Index Recheck": 0,
                                                                                                        "Filter": "((info IS NOT NULL) AND ((info ~~ 'Japan:%201%'::text) OR (info ~~ 'USA:%201%'::text)))",
                                                                                                        "Rows Removed by Filter": 70
                                                                                                    }
                                                                                                ]
                                                                                            }
                                                                                        ]
                                                                                    },
                                                                                    {
                                                                                        "Node Type": "Index Scan",
                                                                                        "Parent Relationship": "Inner",
                                                                                        "Parallel Aware": false,
                                                                                        "Async Capable": false,
                                                                                        "Scan Direction": "Forward",
                                                                                        "Index Name": "movie_id_cast_info",
                                                                                        "Relation Name": "cast_info",
                                                                                        "Alias": "ci",
                                                                                        "Startup Cost": 0.44,
                                                                                        "Total Cost": 31.55,
                                                                                        "Plan Rows": 1,
                                                                                        "Plan Width": 16,
                                                                                        "Actual Startup Time": 0.043,
                                                                                        "Actual Total Time": 0.063,
                                                                                        "Actual Rows": 6,
                                                                                        "Actual Loops": 738,
                                                                                        "Index Cond": "(movie_id = mk.movie_id)",
                                                                                        "Rows Removed by Index Recheck": 0,
                                                                                        "Filter": "(note = ANY ('{(voice),\"(voice: Japanese version)\",\"(voice) (uncredited)\",\"(voice: English version)\"}'::text[]))",
                                                                                        "Rows Removed by Filter": 128
                                                                                    }
                                                                                ]
                                                                            },
                                                                            {
                                                                                "Node Type": "Index Scan",
                                                                                "Parent Relationship": "Inner",
                                                                                "Parallel Aware": false,
                                                                                "Async Capable": false,
                                                                                "Scan Direction": "Forward",
                                                                                "Index Name": "movie_id_movie_companies",
                                                                                "Relation Name": "movie_companies",
                                                                                "Alias": "mc",
                                                                                "Startup Cost": 0.43,
                                                                                "Total Cost": 3.39,
                                                                                "Plan Rows": 5,
                                                                                "Plan Width": 8,
                                                                                "Actual Startup Time": 0.001,
                                                                                "Actual Total Time": 0.001,
                                                                                "Actual Rows": 8,
                                                                                "Actual Loops": 4439,
                                                                                "Index Cond": "(movie_id = mk.movie_id)",
                                                                                "Rows Removed by Index Recheck": 0
                                                                            }
                                                                        ]
                                                                    },
                                                                    {
                                                                        "Node Type": "Index Scan",
                                                                        "Parent Relationship": "Inner",
                                                                        "Parallel Aware": false,
                                                                        "Async Capable": false,
                                                                        "Scan Direction": "Forward",
                                                                        "Index Name": "company_name_pkey",
                                                                        "Relation Name": "company_name",
                                                                        "Alias": "cn",
                                                                        "Startup Cost": 0.42,
                                                                        "Total Cost": 1.48,
                                                                        "Plan Rows": 1,
                                                                        "Plan Width": 4,
                                                                        "Actual Startup Time": 0.001,
                                                                        "Actual Total Time": 0.001,
                                                                        "Actual Rows": 0,
                                                                        "Actual Loops": 36400,
                                                                        "Index Cond": "(id = mc.company_id)",
                                                                        "Rows Removed by Index Recheck": 0,
                                                                        "Filter": "((country_code)::text = '[us]'::text)",
                                                                        "Rows Removed by Filter": 1
                                                                    }
                                                                ]
                                                            },
                                                            {
                                                                "Node Type": "Index Only Scan",
                                                                "Parent Relationship": "Inner",
                                                                "Parallel Aware": false,
                                                                "Async Capable": false,
                                                                "Scan Direction": "Forward",
                                                                "Index Name": "person_id_aka_name",
                                                                "Relation Name": "aka_name",
                                                                "Alias": "an",
                                                                "Startup Cost": 0.42,
                                                                "Total Cost": 2.09,
                                                                "Plan Rows": 2,
                                                                "Plan Width": 4,
                                                                "Actual Startup Time": 0.001,
                                                                "Actual Total Time": 0.001,
                                                                "Actual Rows": 3,
                                                                "Actual Loops": 13758,
                                                                "Index Cond": "(person_id = ci.person_id)",
                                                                "Rows Removed by Index Recheck": 0,
                                                                "Heap Fetches": 36786
                                                            }
                                                        ]
                                                    },
                                                    {
                                                        "Node Type": "Index Scan",
                                                        "Parent Relationship": "Inner",
                                                        "Parallel Aware": false,
                                                        "Async Capable": false,
                                                        "Scan Direction": "Forward",
                                                        "Index Name": "char_name_pkey",
                                                        "Relation Name": "char_name",
                                                        "Alias": "chn",
                                                        "Startup Cost": 0.43,
                                                        "Total Cost": 1.74,
                                                        "Plan Rows": 1,
                                                        "Plan Width": 20,
                                                        "Actual Startup Time": 0.0,
                                                        "Actual Total Time": 0.0,
                                                        "Actual Rows": 1,
                                                        "Actual Loops": 36786,
                                                        "Index Cond": "(id = ci.person_role_id)",
                                                        "Rows Removed by Index Recheck": 0
                                                    }
                                                ]
                                            },
                                            {
                                                "Node Type": "Index Scan",
                                                "Parent Relationship": "Inner",
                                                "Parallel Aware": false,
                                                "Async Capable": false,
                                                "Scan Direction": "Forward",
                                                "Index Name": "name_pkey",
                                                "Relation Name": "name",
                                                "Alias": "n",
                                                "Startup Cost": 0.43,
                                                "Total Cost": 1.84,
                                                "Plan Rows": 1,
                                                "Plan Width": 19,
                                                "Actual Startup Time": 0.001,
                                                "Actual Total Time": 0.001,
                                                "Actual Rows": 0,
                                                "Actual Loops": 36578,
                                                "Index Cond": "(id = an.person_id)",
                                                "Rows Removed by Index Recheck": 0,
                                                "Filter": "((name ~~ '%An%'::text) AND ((gender)::text = 'f'::text))",
                                                "Rows Removed by Filter": 1
                                            }
                                        ]
                                    },
                                    {
                                        "Node Type": "Seq Scan",
                                        "Parent Relationship": "Inner",
                                        "Parallel Aware": false,
                                        "Async Capable": false,
                                        "Relation Name": "role_type",
                                        "Alias": "rt",
                                        "Startup Cost": 0.0,
                                        "Total Cost": 1.15,
                                        "Plan Rows": 1,
                                        "Plan Width": 4,
                                        "Actual Startup Time": 0.0,
                                        "Actual Total Time": 0.0,
                                        "Actual Rows": 1,
                                        "Actual Loops": 275,
                                        "Filter": "((role)::text = 'actress'::text)",
                                        "Rows Removed by Filter": 1
                                    }
                                ]
                            }
                        ]
                    },
                    "Planning Time": 36.6,
                    "Triggers": [],
                    "Execution Time": 171.668
                }
            ],
            "hints": [
                "SET enable_hashjoin TO on",
                "SET enable_indexonlyscan TO on",
                "SET enable_indexscan TO on",
                "SET enable_mergejoin TO on",
                "SET enable_nestloop TO on",
                "SET enable_seqscan TO on"
            ]
        },
        {
            "arm": 1,
            "execution_time": 1932.225,
            "plan": [
                {
                    "Plan": {
                        "Node Type": "Aggregate",
                        "Strategy": "Plain",
                        "Partial Mode": "Finalize",
                        "Parallel Aware": false,
                        "Async Capable": false,
                        "Startup Cost": 810461.51,
                        "Total Cost": 810461.52,
                        "Plan Rows": 1,
                        "Plan Width": 96,
                        "Actual Startup Time": 1901.724,
                        "Actual Total Time": 1932.166,
                        "Actual Rows": 1,
                        "Actual Loops": 1,
                        "Plans": [
                            {
                                "Node Type": "Gather",
                                "Parent Relationship": "Outer",
                                "Parallel Aware": false,
                                "Async Capable": false,
                                "Startup Cost": 810461.39,
                                "Total Cost": 810461.5,
                                "Plan Rows": 1,
                                "Plan Width": 96,
                                "Actual Startup Time": 1901.468,
                                "Actual Total Time": 1932.163,
                                "Actual Rows": 2,
                                "Actual Loops": 1,
                                "Workers Planned": 1,
                                "Workers Launched": 1,
                                "Single Copy": false,
                                "Plans": [
                                    {
                                        "Node Type": "Aggregate",
                                        "Strategy": "Plain",
                                        "Partial Mode": "Partial",
                                        "Parent Relationship": "Outer",
                                        "Parallel Aware": false,
                                        "Async Capable": false,
                                        "Startup Cost": 809461.39,
                                        "Total Cost": 809461.4,
                                        "Plan Rows": 1,
                                        "Plan Width": 96,
                                        "Actual Startup Time": 1900.085,
                                        "Actual Total Time": 1900.101,
                                        "Actual Rows": 1,
                                        "Actual Loops": 2,
                                        "Workers": [],
                                        "Plans": [
                                            {
                                                "Node Type": "Hash Join",
                                                "Parent Relationship": "Outer",
                                                "Parallel Aware": false,
                                                "Async Capable": false,
                                                "Join Type": "Inner",
                                                "Startup Cost": 804506.07,
                                                "Total Cost": 809461.38,
                                                "Plan Rows": 1,
                                                "Plan Width": 48,
                                                "Actual Startup Time": 1893.661,
                                                "Actual Total Time": 1900.088,
                                                "Actual Rows": 138,
                                                "Actual Loops": 2,
                                                "Inner Unique": true,
                                                "Hash Cond": "(ci.role_id = rt.id)",
                                                "Workers": [],
                                                "Plans": [
                                                    {
                                                        "Node Type": "Hash Join",
                                                        "Parent Relationship": "Outer",
                                                        "Parallel Aware": true,
                                                        "Async Capable": false,
                                                        "Join Type": "Inner",
                                                        "Startup Cost": 804504.91,
                                                        "Total Cost": 809460.22,
                                                        "Plan Rows": 1,
                                                        "Plan Width": 52,
                                                        "Actual Startup Time": 1893.614,
                                                        "Actual Total Time": 1900.031,
                                                        "Actual Rows": 138,
                                                        "Actual Loops": 2,
                                                        "Inner Unique": false,
                                                        "Hash Cond": "(cn.id = mc.company_id)",
                                                        "Workers": [],
                                                        "Plans": [
                                                            {
                                                                "Node Type": "Seq Scan",
                                                                "Parent Relationship": "Outer",
                                                                "Parallel Aware": true,
                                                                "Async Capable": false,
                                                                "Relation Name": "company_name",
                                                                "Alias": "cn",
                                                                "Startup Cost": 0.0,
                                                                "Total Cost": 4767.92,
                                                                "Plan Rows": 49967,
                                                                "Plan Width": 4,
                                                                "Actual Startup Time": 0.004,
                                                                "Actual Total Time": 5.589,
                                                                "Actual Rows": 42422,
                                                                "Actual Loops": 2,
                                                                "Filter": "((country_code)::text = '[us]'::text)",
                                                                "Rows Removed by Filter": 75077,
                                                                "Workers": []
                                                            },
                                                            {
                                                                "Node Type": "Hash",
                                                                "Parent Relationship": "Inner",
                                                                "Parallel Aware": true,
                                                                "Async Capable": false,
                                                                "Startup Cost": 804504.9,
                                                                "Total Cost": 804504.9,
                                                                "Plan Rows": 1,
                                                                "Plan Width": 56,
                                                                "Actual Startup Time": 1893.152,
                                                                "Actual Total Time": 1893.165,
                                                                "Actual Rows": 446,
                                                                "Actual Loops": 2,
                                                                "Hash Buckets": 1024,
                                                                "Original Hash Buckets": 1024,
                                                                "Hash Batches": 1,
                                                                "Original Hash Batches": 1,
                                                                "Peak Memory Usage": 104,
                                                                "Workers": [],
                                                                "Plans": [
                                                                    {
                                                                        "Node Type": "Hash Join",
                                                                        "Parent Relationship": "Outer",
                                                                        "Parallel Aware": true,
                                                                        "Async Capable": false,
                                                                        "Join Type": "Inner",
                                                                        "Startup Cost": 774108.14,
                                                                        "Total Cost": 804504.9,
                                                                        "Plan Rows": 1,
                                                                        "Plan Width": 56,
                                                                        "Actual Startup Time": 1832.639,
                                                                        "Actual Total Time": 1893.121,
                                                                        "Actual Rows": 446,
                                                                        "Actual Loops": 2,
                                                                        "Inner Unique": false,
                                                                        "Hash Cond": "(mc.movie_id = t.id)",
                                                                        "Workers": [],
                                                                        "Plans": [
                                                                            {
                                                                                "Node Type": "Seq Scan",
                                                                                "Parent Relationship": "Outer",
                                                                                "Parallel Aware": true,
                                                                                "Async Capable": false,
                                                                                "Relation Name": "movie_companies",
                                                                                "Alias": "mc",
                                                                                "Startup Cost": 0.0,
                                                                                "Total Cost": 27240.55,
                                                                                "Plan Rows": 841655,
                                                                                "Plan Width": 8,
                                                                                "Actual Startup Time": 0.002,
                                                                                "Actual Total Time": 44.194,
                                                                                "Actual Rows": 1304564,
                                                                                "Actual Loops": 2,
                                                                                "Workers": []
                                                                            },
                                                                            {
                                                                                "Node Type": "Hash",
                                                                                "Parent Relationship": "Inner",
                                                                                "Parallel Aware": true,
                                                                                "Async Capable": false,
                                                                                "Startup Cost": 774108.12,
                                                                                "Total Cost": 774108.12,
                                                                                "Plan Rows": 1,
                                                                                "Plan Width": 68,
                                                                                "Actual Startup Time": 1812.654,
                                                                                "Actual Total Time": 1812.667,
                                                                                "Actual Rows": 32,
                                                                                "Actual Loops": 2,
                                                                                "Hash Buckets": 1024,
                                                                                "Original Hash Buckets": 1024,
                                                                                "Hash Batches": 1,
                                                                                "Original Hash Batches": 1,
                                                                                "Peak Memory Usage": 72,
                                                                                "Workers": [],
                                                                                "Plans": [
                                                                                    {
                                                                                        "Node Type": "Hash Join",
                                                                                        "Parent Relationship": "Outer",
                                                                                        "Parallel Aware": true,
                                                                                        "Async Capable": false,
                                                                                        "Join Type": "Inner",
                                                                                        "Startup Cost": 729832.86,
                                                                                        "Total Cost": 774108.12,
                                                                                        "Plan Rows": 1,
                                                                                        "Plan Width": 68,
                                                                                        "Actual Startup Time": 1799.483,
                                                                                        "Actual Total Time": 1812.651,
                                                                                        "Actual Rows": 32,
                                                                                        "Actual Loops": 2,
                                                                                        "Inner Unique": false,
                                                                                        "Hash Cond": "(t.id = mi.movie_id)",
                                                                                        "Workers": [],
                                                                                        "Plans": [
                                                                                            {
                                                                                                "Node Type": "Seq Scan",
                                                                                                "Parent Relationship": "Outer",
                                                                                                "Parallel Aware": true,
                                                                                                "Async Capable": false,
                                                                                                "Relation Name": "title",
                                                                                                "Alias": "t",
                                                                                                "Startup Cost": 0.0,
                                                                                                "Total Cost": 43909.73,
                                                                                                "Plan Rows": 97474,
                                                                                                "Plan Width": 21,
                                                                                                "Actual Startup Time": 0.004,
                                                                                                "Actual Total Time": 49.087,
                                                                                                "Actual Rows": 195833,
                                                                                                "Actual Loops": 2,
                                                                                                "Filter": "(production_year > 2010)",
                                                                                                "Rows Removed by Filter": 1068323,
                                                                                                "Workers": []
                                                                                            },
                                                                                            {
                                                                                                "Node Type": "Hash",
                                                                                                "Parent Relationship": "Inner",
                                                                                                "Parallel Aware": true,
                                                                                                "Async Capable": false,
                                                                                                "Startup Cost": 729832.85,
                                                                                                "Total Cost": 729832.85,
                                                                                                "Plan Rows": 1,
                                                                                                "Plan Width": 47,
                                                                                                "Actual Startup Time": 1758.529,
                                                                                                "Actual Total Time": 1758.54,
                                                                                                "Actual Rows": 88,
                                                                                                "Actual Loops": 2,
                                                                                                "Hash Buckets": 1024,
                                                                                                "Original Hash Buckets": 1024,
                                                                                                "Hash Batches": 1,
                                                                                                "Original Hash Batches": 1,
                                                                                                "Peak Memory Usage": 72,
                                                                                                "Workers": [],
                                                                                                "Plans": [
                                                                                                    {
                                                                                                        "Node Type": "Hash Join",
                                                                                                        "Parent Relationship": "Outer",
                                                                                                        "Parallel Aware": true,
                                                                                                        "Async Capable": false,
                                                                                                        "Join Type": "Inner",
                                                                                                        "Startup Cost": 682589.89,
                                                                                                        "Total Cost": 729832.85,
                                                                                                        "Plan Rows": 1,
                                                                                                        "Plan Width": 47,
                                                                                                        "Actual Startup Time": 1640.538,
                                                                                                        "Actual Total Time": 1758.513,
                                                                                                        "Actual Rows": 88,
                                                                                                        "Actual Loops": 2,
                                                                                                        "Inner Unique": false,
                                                                                                        "Hash Cond": "(chn.id = ci.person_role_id)",
                                                                                                        "Workers": [],
                                                                                                        "Plans": [
                                                                                                            {
                                                                                                                "Node Type": "Seq Scan",
                                                                                                                "Parent Relationship": "Outer",
                                                                                                                "Parallel Aware": true,
                                                                                                                "Async Capable": false,
                                                                                                                "Relation Name": "char_name",
                                                                                                                "Alias": "chn",
                                                                                                                "Startup Cost": 0.0,
                                                                                                                "Total Cost": 44298.87,
                                                                                                                "Plan Rows": 785087,
                                                                                                                "Plan Width": 20,
                                                                                                                "Actual Startup Time": 0.008,
                                                                                                                "Actual Total Time": 75.38,
                                                                                                                "Actual Rows": 1570170,
                                                                                                                "Actual Loops": 2,
                                                                                                                "Workers": []
                                                                                                            },
                                                                                                            {
                                                                                                                "Node Type": "Hash",
                                                                                                                "Parent Relationship": "Inner",
                                                                                                                "Parallel Aware": true,
                                                                                                                "Async Capable": false,
                                                                                                                "Startup Cost": 682589.88,
                                                                                                                "Total Cost": 682589.88,
                                                                                                                "Plan Rows": 1,
                                                                                                                "Plan Width": 35,
                                                                                                                "Actual Startup Time": 1639.826,
                                                                                                                "Actual Total Time": 1639.836,
                                                                                                                "Actual Rows": 88,
                                                                                                                "Actual Loops": 2,
                                                                                                                "Hash Buckets": 1024,
                                                                                                                "Original Hash Buckets": 1024,
                                                                                                                "Hash Batches": 1,
                                                                                                                "Original Hash Batches": 1,
                                                                                                                "Peak Memory Usage": 72,
                                                                                                                "Workers": [],
                                                                                                                "Plans": [
                                                                                                                    {
                                                                                                                        "Node Type": "Hash Join",
                                                                                                                        "Parent Relationship": "Outer",
                                                                                                                        "Parallel Aware": true,
                                                                                                                        "Async Capable": false,
                                                                                                                        "Join Type": "Inner",
                                                                                                                        "Startup Cost": 667492.87,
                                                                                                                        "Total Cost": 682589.88,
                                                                                                                        "Plan Rows": 1,
                                                                                                                        "Plan Width": 35,
                                                                                                                        "Actual Startup Time": 1597.654,
                                                                                                                        "Actual Total Time": 1639.806,
                                                                                                                        "Actual Rows": 88,
                                                                                                                        "Actual Loops": 2,
                                                                                                                        "Inner Unique": false,
                                                                                                                        "Hash Cond": "(n.id = ci.person_id)",
                                                                                                                        "Workers": [],
                                                                                                                        "Plans": [
                                                                                                                            {
                                                                                                                                "Node Type": "Hash Join",
                                                                                                                                "Parent Relationship": "Outer",
                                                                                                                                "Parallel Aware": true,
                                                                                                                                "Async Capable": false,
                                                                                                                                "Join Type": "Inner",
                                                                                                                                "Startup Cost": 71406.02,
                                                                                                                                "Total Cost": 86492.81,
                                                                                                                                "Plan Rows": 2722,
                                                                                                                                "Plan Width": 23,
                                                                                                                                "Actual Startup Time": 113.771,
                                                                                                                                "Actual Total Time": 156.686,
                                                                                                                                "Actual Rows": 5262,
                                                                                                                                "Actual Loops": 2,
                                                                                                                                "Inner Unique": true,
                                                                                                                                "Hash Cond": "(an.person_id = n.id)",
                                                                                                                                "Workers": [],
                                                                                                                                "Plans": [
                                                                                                                                    {
                                                                                                                                        "Node Type": "Seq Scan",
                                                                                                                                        "Parent Relationship": "Outer",
                                                                                                                                        "Parallel Aware": true,
                                                                                                                                        "Async Capable": false,
                                                                                                                                        "Relation Name": "aka_name",
                                                                                                                                        "Alias": "an",
                                                                                                                                        "Startup Cost": 0.0,
                                                                                                                                        "Total Cost": 14323.56,
                                                                                                                                        "Plan Rows": 290756,
                                                                                                                                        "Plan Width": 4,
                                                                                                                                        "Actual Startup Time": 0.003,
                                                                                                                                        "Actual Total Time": 22.015,
                                                                                                                                        "Actual Rows": 450672,
                                                                                                                                        "Actual Loops": 2,
                                                                                                                                        "Workers": []
                                                                                                                                    },
                                                                                                                                    {
                                                                                                                                        "Node Type": "Hash",
                                                                                                                                        "Parent Relationship": "Inner",
                                                                                                                                        "Parallel Aware": true,
                                                                                                                                        "Async Capable": false,
                                                                                                                                        "Startup Cost": 71284.09,
                                                                                                                                        "Total Cost": 71284.09,
                                                                                                                                        "Plan Rows": 9754,
                                                                                                                                        "Plan Width": 19,
                                                                                                                                        "Actual Startup Time": 113.633,
                                                                                                                                        "Actual Total Time": 113.634,
                                                                                                                                        "Actual Rows": 25006,
                                                                                                                                        "Actual Loops": 2,
                                                                                                                                        "Hash Buckets": 65536,
                                                                                                                                        "Original Hash Buckets": 65536,
                                                                                                                                        "Hash Batches": 1,
                                                                                                                                        "Original Hash Batches": 1,
                                                                                                                                        "Peak Memory Usage": 3264,
                                                                                                                                        "Workers": [],
                                                                                                                                        "Plans": [
                                                                                                                                            {
                                                                                                                                                "Node Type": "Seq Scan",
                                                                                                                                                "Parent Relationship": "Outer",
                                                                                                                                                "Parallel Aware": true,
                                                                                                                                                "Async Capable": false,
                                                                                                                                                "Relation Name": "name",
                                                                                                                                                "Alias": "n",
                                                                                                                                                "Startup Cost": 0.0,
                                                                                                                                                "Total Cost": 71284.09,
                                                                                                                                                "Plan Rows": 9754,
                                                                                                                                                "Plan Width": 19,
                                                                                                                                                "Actual Startup Time": 45.871,
                                                                                                                                                "Actual Total Time": 111.47,
                                                                                                                                                "Actual Rows": 25006,
                                                                                                                                                "Actual Loops": 2,
                                                                                                                                                "Filter": "((name ~~ '%An%'::text) AND ((gender)::text = 'f'::text))",
                                                                                                                                                "Rows Removed by Filter": 2058740,
                                                                                                                                                "Workers": []
                                                                                                                                            }
                                                                                                                                        ]
                                                                                                                                    }
                                                                                                                                ]
                                                                                                                            },
                                                                                                                            {
                                                                                                                                "Node Type": "Hash",
                                                                                                                                "Parent Relationship": "Inner",
                                                                                                                                "Parallel Aware": true,
                                                                                                                                "Async Capable": false,
                                                                                                                                "Startup Cost": 596086.84,
                                                                                                                                "Total Cost": 596086.84,
                                                                                                                                "Plan Rows": 1,
                                                                                                                                "Plan Width": 24,
                                                                                                                                "Actual Startup Time": 1482.68,
                                                                                                                                "Actual Total Time": 1482.686,
                                                                                                                                "Actual Rows": 5362,
                                                                                                                                "Actual Loops": 2,
                                                                                                                                "Hash Buckets": 16384,
                                                                                                                                "Original Hash Buckets": 1024,
                                                                                                                                "Hash Batches": 1,
                                                                                                                                "Original Hash Batches": 1,
                                                                                                                                "Peak Memory Usage": 888,
                                                                                                                                "Workers": [],
                                                                                                                                "Plans": [
                                                                                                                                    {
                                                                                                                                        "Node Type": "Hash Join",
                                                                                                                                        "Parent Relationship": "Outer",
                                                                                                                                        "Parallel Aware": true,
                                                                                                                                        "Async Capable": false,
                                                                                                                                        "Join Type": "Inner",
                                                                                                                                        "Startup Cost": 252229.67,
                                                                                                                                        "Total Cost": 596086.84,
                                                                                                                                        "Plan Rows": 1,
                                                                                                                                        "Plan Width": 24,
                                                                                                                                        "Actual Startup Time": 778.815,
                                                                                                                                        "Actual Total Time": 1439.451,
                                                                                                                                        "Actual Rows": 5362,
                                                                                                                                        "Actual Loops": 2,
                                                                                                                                        "Inner Unique": false,
                                                                                                                                        "Hash Cond": "(ci.movie_id = mi.movie_id)",
                                                                                                                                        "Workers": [],
                                                                                                                                        "Plans": [
                                                                                                                                            {
                                                                                                                                                "Node Type": "Seq Scan",
                                                                                                                                                "Parent Relationship": "Outer",
                                                                                                                                                "Parallel Aware": true,
                                                                                                                                                "Async Capable": false,
                                                                                                                                                "Relation Name": "cast_info",
                                                                                                                                                "Alias": "ci",
                                                                                                                                                "Startup Cost": 0.0,
                                                                                                                                                "Total Cost": 343330.86,
                                                                                                                                                "Plan Rows": 140346,
                                                                                                                                                "Plan Width": 16,
                                                                                                                                                "Actual Startup Time": 0.049,
                                                                                                                                                "Actual Total Time": 646.415,
                                                                                                                                                "Actual Rows": 433738,
                                                                                                                                                "Actual Loops": 2,
                                                                                                                                                "Filter": "(note = ANY ('{(voice),\"(voice: Japanese version)\",\"(voice) (uncredited)\",\"(voice: English version)\"}'::text[]))",
                                                                                                                                                "Rows Removed by Filter": 17688434,
                                                                                                                                                "Workers": []
                                                                                                                                            },
                                                                                                                                            {
                                                                                                                                                "Node Type": "Hash",
                                                                                                                                                "Parent Relationship": "Inner",
                                                                                                                                                "Parallel Aware": true,
                                                                                                                                                "Async Capable": false,
                                                                                                                                                "Startup Cost": 252229.66,
                                                                                                                                                "Total Cost": 252229.66,
                                                                                                                                                "Plan Rows": 1,
                                                                                                                                                "Plan Width": 8,
                                                                                                                                                "Actual Startup Time": 778.229,
                                                                                                                                                "Actual Total Time": 778.234,
                                                                                                                                                "Actual Rows": 878,
                                                                                                                                                "Actual Loops": 2,
                                                                                                                                                "Hash Buckets": 2048,
                                                                                                                                                "Original Hash Buckets": 1024,
                                                                                                                                                "Hash Batches": 1,
                                                                                                                                                "Original Hash Batches": 1,
                                                                                                                                                "Peak Memory Usage": 152,
                                                                                                                                                "Workers": [],
                                                                                                                                                "Plans": [
                                                                                                                                                    {
                                                                                                                                                        "Node Type": "Hash Join",
                                                                                                                                                        "Parent Relationship": "Outer",
                                                                                                                                                        "Parallel Aware": true,
                                                                                                                                                        "Async Capable": false,
                                                                                                                                                        "Join Type": "Inner",
                                                                                                                                                        "Startup Cost": 45759.9,
                                                                                                                                                        "Total Cost": 252229.66,
                                                                                                                                                        "Plan Rows": 1,
                                                                                                                                                        "Plan Width": 8,
                                                                                                                                                        "Actual Startup Time": 282.036,
                                                                                                                                                        "Actual Total Time": 579.63,
                                                                                                                                                        "Actual Rows": 878,
                                                                                                                                                        "Actual Loops": 2,
                                                                                                                                                        "Inner Unique": false,
                                                                                                                                                        "Hash Cond": "(mi.movie_id = mk.movie_id)",
                                                                                                                                                        "Workers": [],
                                                                                                                                                        "Plans": [
                                                                                                                                                            {
                                                                                                                                                                "Node Type": "Hash Join",
                                                                                                                                                                "Parent Relationship": "Outer",
                                                                                                                                                                "Parallel Aware": false,
                                                                                                                                                                "Async Capable": false,
                                                                                                                                                                "Join Type": "Inner",
                                                                                                                                                                "Startup Cost": 2.43,
                                                                                                                                                                "Total Cost": 206467.61,
                                                                                                                                                                "Plan Rows": 1217,
                                                                                                                                                                "Plan Width": 4,
                                                                                                                                                                "Actual Startup Time": 115.928,
                                                                                                                                                                "Actual Total Time": 409.823,
                                                                                                                                                                "Actual Rows": 150622,
                                                                                                                                                                "Actual Loops": 2,
                                                                                                                                                                "Inner Unique": true,
                                                                                                                                                                "Hash Cond": "(mi.info_type_id = it.id)",
                                                                                                                                                                "Workers": [],
                                                                                                                                                                "Plans": [
                                                                                                                                                                    {
                                                                                                                                                                        "Node Type": "Seq Scan",
                                                                                                                                                                        "Parent Relationship": "Outer",
                                                                                                                                                                        "Parallel Aware": true,
                                                                                                                                                                        "Async Capable": false,
                                                                                                                                                                        "Relation Name": "movie_info",
                                                                                                                                                                        "Alias": "mi",
                                                                                                                                                                        "Startup Cost": 0.0,
                                                                                                                                                                        "Total Cost": 206090.53,
                                                                                                                                                                        "Plan Rows": 137566,
                                                                                                                                                                        "Plan Width": 8,
                                                                                                                                                                        "Actual Startup Time": 60.717,
                                                                                                                                                                        "Actual Total Time": 400.49,
                                                                                                                                                                        "Actual Rows": 150624,
                                                                                                                                                                        "Actual Loops": 2,
                                                                                                                                                                        "Filter": "((info IS NOT NULL) AND ((info ~~ 'Japan:%201%'::text) OR (info ~~ 'USA:%201%'::text)))",
                                                                                                                                                                        "Rows Removed by Filter": 7267236,
                                                                                                                                                                        "Workers": []
                                                                                                                                                                    },
                                                                                                                                                                    {
                                                                                                                                                                        "Node Type": "Hash",
                                                                                                                                                                        "Parent Relationship": "Inner",
                                                                                                                                                                        "Parallel Aware": false,
                                                                                                                                                                        "Async Capable": false,
                                                                                                                                                                        "Startup Cost": 2.41,
                                                                                                                                                                        "Total Cost": 2.41,
                                                                                                                                                                        "Plan Rows": 1,
                                                                                                                                                                        "Plan Width": 4,
                                                                                                                                                                        "Actual Startup Time": 0.013,
                                                                                                                                                                        "Actual Total Time": 0.014,
                                                                                                                                                                        "Actual Rows": 1,
                                                                                                                                                                        "Actual Loops": 2,
                                                                                                                                                                        "Hash Buckets": 1024,
                                                                                                                                                                        "Original Hash Buckets": 1024,
                                                                                                                                                                        "Hash Batches": 1,
                                                                                                                                                                        "Original Hash Batches": 1,
                                                                                                                                                                        "Peak Memory Usage": 9,
                                                                                                                                                                        "Workers": [],
                                                                                                                                                                        "Plans": [
                                                                                                                                                                            {
                                                                                                                                                                                "Node Type": "Seq Scan",
                                                                                                                                                                                "Parent Relationship": "Outer",
                                                                                                                                                                                "Parallel Aware": false,
                                                                                                                                                                                "Async Capable": false,
                                                                                                                                                                                "Relation Name": "info_type",
                                                                                                                                                                                "Alias": "it",
                                                                                                                                                                                "Startup Cost": 0.0,
                                                                                                                                                                                "Total Cost": 2.41,
                                                                                                                                                                                "Plan Rows": 1,
                                                                                                                                                                                "Plan Width": 4,
                                                                                                                                                                                "Actual Startup Time": 0.01,
                                                                                                                                                                                "Actual Total Time": 0.012,
                                                                                                                                                                                "Actual Rows": 1,
                                                                                                                                                                                "Actual Loops": 2,
                                                                                                                                                                                "Filter": "((info)::text = 'release dates'::text)",
                                                                                                                                                                                "Rows Removed by Filter": 112,
                                                                                                                                                                                "Workers": []
                                                                                                                                                                            }
                                                                                                                                                                        ]
                                                                                                                                                                    }
                                                                                                                                                                ]
                                                                                                                                                            },
                                                                                                                                                            {
                                                                                                                                                                "Node Type": "Hash",
                                                                                                                                                                "Parent Relationship": "Inner",
                                                                                                                                                                "Parallel Aware": true,
                                                                                                                                                                "Async Capable": false,
                                                                                                                                                                "Startup Cost": 45757.07,
                                                                                                                                                                "Total Cost": 45757.07,
                                                                                                                                                                "Plan Rows": 33,
                                                                                                                                                                "Plan Width": 4,
                                                                                                                                                                "Actual Startup Time": 163.746,
                                                                                                                                                                "Actual Total Time": 163.748,
                                                                                                                                                                "Actual Rows": 4848,
                                                                                                                                                                "Actual Loops": 2,
                                                                                                                                                                "Hash Buckets": 16384,
                                                                                                                                                                "Original Hash Buckets": 1024,
                                                                                                                                                                "Hash Batches": 1,
                                                                                                                                                                "Original Hash Batches": 1,
                                                                                                                                                                "Peak Memory Usage": 664,
                                                                                                                                                                "Workers": [],
                                                                                                                                                                "Plans": [
                                                                                                                                                                    {
                                                                                                                                                                        "Node Type": "Hash Join",
                                                                                                                                                                        "Parent Relationship": "Outer",
                                                                                                                                                                        "Parallel Aware": false,
                                                                                                                                                                        "Async Capable": false,
                                                                                                                                                                        "Join Type": "Inner",
                                                                                                                                                                        "Startup Cost": 2852.88,
                                                                                                                                                                        "Total Cost": 45757.07,
                                                                                                                                                                        "Plan Rows": 33,
                                                                                                                                                                        "Plan Width": 4,
                                                                                                                                                                        "Actual Startup Time": 6.143,
                                                                                                                                                                        "Actual Total Time": 146.395,
                                                                                                                                                                        "Actual Rows": 4848,
                                                                                                                                                                        "Actual Loops": 2,
                                                                                                                                                                        "Inner Unique": true,
                                                                                                                                                                        "Hash Cond": "(mk.keyword_id = k.id)",
                                                                                                                                                                        "Workers": [],
                                                                                                                                                                        "Plans": [
                                                                                                                                                                            {
                                                                                                                                                                                "Node Type": "Seq Scan",
                                                                                                                                                                                "Parent Relationship": "Outer",
                                                                                                                                                                                "Parallel Aware": true,
                                                                                                                                                                                "Async Capable": false,
                                                                                                                                                                                "Relation Name": "movie_keyword",
                                                                                                                                                                                "Alias": "mk",
                                                                                                                                                                                "Startup Cost": 0.0,
                                                                                                                                                                                "Total Cost": 39073.32,
                                                                                                                                                                                "Plan Rows": 1459332,
                                                                                                                                                                                "Plan Width": 8,
                                                                                                                                                                                "Actual Startup Time": 0.004,
                                                                                                                                                                                "Actual Total Time": 78.457,
                                                                                                                                                                                "Actual Rows": 2261965,
                                                                                                                                                                                "Actual Loops": 2,
                                                                                                                                                                                "Workers": []
                                                                                                                                                                            },
                                                                                                                                                                            {
                                                                                                                                                                                "Node Type": "Hash",
                                                                                                                                                                                "Parent Relationship": "Inner",
                                                                                                                                                                                "Parallel Aware": false,
                                                                                                                                                                                "Async Capable": false,
                                                                                                                                                                                "Startup Cost": 2852.84,
                                                                                                                                                                                "Total Cost": 2852.84,
                                                                                                                                                                                "Plan Rows": 3,
                                                                                                                                                                                "Plan Width": 4,
                                                                                                                                                                                "Actual Startup Time": 5.757,
                                                                                                                                                                                "Actual Total Time": 5.758,
                                                                                                                                                                                "Actual Rows": 3,
                                                                                                                                                                                "Actual Loops": 2,
                                                                                                                                                                                "Hash Buckets": 1024,
                                                                                                                                                                                "Original Hash Buckets": 1024,
                                                                                                                                                                                "Hash Batches": 1,
                                                                                                                                                                                "Original Hash Batches": 1,
                                                                                                                                                                                "Peak Memory Usage": 9,
                                                                                                                                                                                "Workers": [],
                                                                                                                                                                                "Plans": [
                                                                                                                                                                                    {
                                                                                                                                                                                        "Node Type": "Seq Scan",
                                                                                                                                                                                        "Parent Relationship": "Outer",
                                                                                                                                                                                        "Parallel Aware": false,
                                                                                                                                                                                        "Async Capable": false,
                                                                                                                                                                                        "Relation Name": "keyword",
                                                                                                                                                                                        "Alias": "k",
                                                                                                                                                                                        "Startup Cost": 0.0,
                                                                                                                                                                                        "Total Cost": 2852.84,
                                                                                                                                                                                        "Plan Rows": 3,
                                                                                                                                                                                        "Plan Width": 4,
                                                                                                                                                                                        "Actual Startup Time": 0.008,
                                                                                                                                                                                        "Actual Total Time": 5.756,
                                                                                                                                                                                        "Actual Rows": 3,
                                                                                                                                                                                        "Actual Loops": 2,
                                                                                                                                                                                        "Filter": "(keyword = ANY ('{hero,martial-arts,hand-to-hand-combat}'::text[]))",
                                                                                                                                                                                        "Rows Removed by Filter": 134167,
                                                                                                                                                                                        "Workers": []
                                                                                                                                                                                    }
                                                                                                                                                                                ]
                                                                                                                                                                            }
                                                                                                                                                                        ]
                                                                                                                                                                    }
                                                                                                                                                                ]
                                                                                                                                                            }
                                                                                                                                                        ]
                                                                                                                                                    }
                                                                                                                                                ]
                                                                                                                                            }
                                                                                                                                        ]
                                                                                                                                    }
                                                                                                                                ]
                                                                                                                            }
                                                                                                                        ]
                                                                                                                    }
                                                                                                                ]
                                                                                                            }
                                                                                                        ]
                                                                                                    }
                                                                                                ]
                                                                                            }
                                                                                        ]
                                                                                    }
                                                                                ]
                                                                            }
                                                                        ]
                                                                    }
                                                                ]
                                                            }
                                                        ]
                                                    },
                                                    {
                                                        "Node Type": "Hash",
                                                        "Parent Relationship": "Inner",
                                                        "Parallel Aware": false,
                                                        "Async Capable": false,
                                                        "Startup Cost": 1.15,
                                                        "Total Cost": 1.15,
                                                        "Plan Rows": 1,
                                                        "Plan Width": 4,
                                                        "Actual Startup Time": 0.007,
                                                        "Actual Total Time": 0.008,
                                                        "Actual Rows": 1,
                                                        "Actual Loops": 2,
                                                        "Hash Buckets": 1024,
                                                        "Original Hash Buckets": 1024,
                                                        "Hash Batches": 1,
                                                        "Original Hash Batches": 1,
                                                        "Peak Memory Usage": 9,
                                                        "Workers": [],
                                                        "Plans": [
                                                            {
                                                                "Node Type": "Seq Scan",
                                                                "Parent Relationship": "Outer",
                                                                "Parallel Aware": false,
                                                                "Async Capable": false,
                                                                "Relation Name": "role_type",
                                                                "Alias": "rt",
                                                                "Startup Cost": 0.0,
                                                                "Total Cost": 1.15,
                                                                "Plan Rows": 1,
                                                                "Plan Width": 4,
                                                                "Actual Startup Time": 0.005,
                                                                "Actual Total Time": 0.005,
                                                                "Actual Rows": 1,
                                                                "Actual Loops": 2,
                                                                "Filter": "((role)::text = 'actress'::text)",
                                                                "Rows Removed by Filter": 11,
                                                                "Workers": []
                                                            }
                                                        ]
                                                    }
                                                ]
                                            }
                                        ]
                                    }
                                ]
                            }
                        ]
                    },
                    "Planning Time": 38.931,
                    "Triggers": [],
                    "Execution Time": 1932.225
                }
            ],
            "hints": [
                "SET enable_hashjoin TO on",
                "SET enable_indexonlyscan TO on",
                "SET enable_indexscan TO on",
                "SET enable_mergejoin TO on",
                "SET enable_nestloop TO off",
                "SET enable_seqscan TO on"
            ]
        },
        {
            "arm": 2,
            "execution_time": 1728.749,
            "plan": [
                {
                    "Plan": {
                        "Node Type": "Aggregate",
                        "Strategy": "Plain",
                        "Partial Mode": "Simple",
                        "Parallel Aware": false,
                        "Async Capable": false,
                        "Startup Cost": 810461.49,
                        "Total Cost": 810461.5,
                        "Plan Rows": 1,
                        "Plan Width": 96,
                        "Actual Startup Time": 1698.068,
                        "Actual Total Time": 1728.696,
                        "Actual Rows": 1,
                        "Actual Loops": 1,
                        "Plans": [
                            {
                                "Node Type": "Gather",
                                "Parent Relationship": "Outer",
                                "Parallel Aware": false,
                                "Async Capable": false,
                                "Startup Cost": 805504.91,
                                "Total Cost": 810461.48,
                                "Plan Rows": 1,
                                "Plan Width": 48,
                                "Actual Startup Time": 1691.279,
                                "Actual Total Time": 1728.673,
                                "Actual Rows": 275,
                                "Actual Loops": 1,
                                "Workers Planned": 1,
                                "Workers Launched": 1,
                                "Single Copy": false,
                                "Plans": [
                                    {
                                        "Node Type": "Nested Loop",
                                        "Parent Relationship": "Outer",
                                        "Parallel Aware": false,
                                        "Async Capable": false,
                                        "Join Type": "Inner",
                                        "Startup Cost": 804504.91,
                                        "Total Cost": 809461.38,
                                        "Plan Rows": 1,
                                        "Plan Width": 48,
                                        "Actual Startup Time": 1690.168,
                                        "Actual Total Time": 1696.613,
                                        "Actual Rows": 138,
                                        "Actual Loops": 2,
                                        "Inner Unique": true,
                                        "Join Filter": "(ci.role_id = rt.id)",
                                        "Rows Removed by Join Filter": 0,
                                        "Workers": [],
                                        "Plans": [
                                            {
                                                "Node Type": "Hash Join",
                                                "Parent Relationship": "Outer",
                                                "Parallel Aware": true,
                                                "Async Capable": false,
                                                "Join Type": "Inner",
                                                "Startup Cost": 804504.91,
                                                "Total Cost": 809460.22,
                                                "Plan Rows": 1,
                                                "Plan Width": 52,
                                                "Actual Startup Time": 1690.156,
                                                "Actual Total Time": 1696.554,
                                                "Actual Rows": 138,
                                                "Actual Loops": 2,
                                                "Inner Unique": false,
                                                "Hash Cond": "(cn.id = mc.company_id)",
                                                "Workers": [],
                                                "Plans": [
                                                    {
                                                        "Node Type": "Seq Scan",
                                                        "Parent Relationship": "Outer",
                                                        "Parallel Aware": true,
                                                        "Async Capable": false,
                                                        "Relation Name": "company_name",
                                                        "Alias": "cn",
                                                        "Startup Cost": 0.0,
                                                        "Total Cost": 4767.92,
                                                        "Plan Rows": 49967,
                                                        "Plan Width": 4,
                                                        "Actual Startup Time": 0.003,
                                                        "Actual Total Time": 5.59,
                                                        "Actual Rows": 42422,
                                                        "Actual Loops": 2,
                                                        "Filter": "((country_code)::text = '[us]'::text)",
                                                        "Rows Removed by Filter": 75077,
                                                        "Workers": []
                                                    },
                                                    {
                                                        "Node Type": "Hash",
                                                        "Parent Relationship": "Inner",
                                                        "Parallel Aware": true,
                                                        "Async Capable": false,
                                                        "Startup Cost": 804504.9,
                                                        "Total Cost": 804504.9,
                                                        "Plan Rows": 1,
                                                        "Plan Width": 56,
                                                        "Actual Startup Time": 1689.664,
                                                        "Actual Total Time": 1689.678,
                                                        "Actual Rows": 446,
                                                        "Actual Loops": 2,
                                                        "Hash Buckets": 1024,
                                                        "Original Hash Buckets": 1024,
                                                        "Hash Batches": 1,
                                                        "Original Hash Batches": 1,
                                                        "Peak Memory Usage": 104,
                                                        "Workers": [],
                                                        "Plans": [
                                                            {
                                                                "Node Type": "Hash Join",
                                                                "Parent Relationship": "Outer",
                                                                "Parallel Aware": true,
                                                                "Async Capable": false,
                                                                "Join Type": "Inner",
                                                                "Startup Cost": 774108.14,
                                                                "Total Cost": 804504.9,
                                                                "Plan Rows": 1,
                                                                "Plan Width": 56,
                                                                "Actual Startup Time": 1629.261,
                                                                "Actual Total Time": 1689.632,
                                                                "Actual Rows": 446,
                                                                "Actual Loops": 2,
                                                                "Inner Unique": false,
                                                                "Hash Cond": "(mc.movie_id = t.id)",
                                                                "Workers": [],
                                                                "Plans": [
                                                                    {
                                                                        "Node Type": "Seq Scan",
                                                                        "Parent Relationship": "Outer",
                                                                        "Parallel Aware": true,
                                                                        "Async Capable": false,
                                                                        "Relation Name": "movie_companies",
                                                                        "Alias": "mc",
                                                                        "Startup Cost": 0.0,
                                                                        "Total Cost": 27240.55,
                                                                        "Plan Rows": 841655,
                                                                        "Plan Width": 8,
                                                                        "Actual Startup Time": 0.002,
                                                                        "Actual Total Time": 44.063,
                                                                        "Actual Rows": 1304564,
                                                                        "Actual Loops": 2,
                                                                        "Workers": []
                                                                    },
                                                                    {
                                                                        "Node Type": "Hash",
                                                                        "Parent Relationship": "Inner",
                                                                        "Parallel Aware": true,
                                                                        "Async Capable": false,
                                                                        "Startup Cost": 774108.12,
                                                                        "Total Cost": 774108.12,
                                                                        "Plan Rows": 1,
                                                                        "Plan Width": 68,
                                                                        "Actual Startup Time": 1609.351,
                                                                        "Actual Total Time": 1609.364,
                                                                        "Actual Rows": 32,
                                                                        "Actual Loops": 2,
                                                                        "Hash Buckets": 1024,
                                                                        "Original Hash Buckets": 1024,
                                                                        "Hash Batches": 1,
                                                                        "Original Hash Batches": 1,
                                                                        "Peak Memory Usage": 72,
                                                                        "Workers": [],
                                                                        "Plans": [
                                                                            {
                                                                                "Node Type": "Hash Join",
                                                                                "Parent Relationship": "Outer",
                                                                                "Parallel Aware": true,
                                                                                "Async Capable": false,
                                                                                "Join Type": "Inner",
                                                                                "Startup Cost": 729832.86,
                                                                                "Total Cost": 774108.12,
                                                                                "Plan Rows": 1,
                                                                                "Plan Width": 68,
                                                                                "Actual Startup Time": 1596.406,
                                                                                "Actual Total Time": 1609.347,
                                                                                "Actual Rows": 32,
                                                                                "Actual Loops": 2,
                                                                                "Inner Unique": false,
                                                                                "Hash Cond": "(t.id = mi.movie_id)",
                                                                                "Workers": [],
                                                                                "Plans": [
                                                                                    {
                                                                                        "Node Type": "Seq Scan",
                                                                                        "Parent Relationship": "Outer",
                                                                                        "Parallel Aware": true,
                                                                                        "Async Capable": false,
                                                                                        "Relation Name": "title",
                                                                                        "Alias": "t",
                                                                                        "Startup Cost": 0.0,
                                                                                        "Total Cost": 43909.73,
                                                                                        "Plan Rows": 97474,
                                                                                        "Plan Width": 21,
                                                                                        "Actual Startup Time": 0.004,
                                                                                        "Actual Total Time": 48.844,
                                                                                        "Actual Rows": 195833,
                                                                                        "Actual Loops": 2,
                                                                                        "Filter": "(production_year > 2010)",
                                                                                        "Rows Removed by Filter": 1068323,
                                                                                        "Workers": []
                                                                                    },
                                                                                    {
                                                                                        "Node Type": "Hash",
                                                                                        "Parent Relationship": "Inner",
                                                                                        "Parallel Aware": true,
                                                                                        "Async Capable": false,
                                                                                        "Startup Cost": 729832.85,
                                                                                        "Total Cost": 729832.85,
                                                                                        "Plan Rows": 1,
                                                                                        "Plan Width": 47,
                                                                                        "Actual Startup Time": 1555.442,
                                                                                        "Actual Total Time": 1555.454,
                                                                                        "Actual Rows": 88,
                                                                                        "Actual Loops": 2,
                                                                                        "Hash Buckets": 1024,
                                                                                        "Original Hash Buckets": 1024,
                                                                                        "Hash Batches": 1,
                                                                                        "Original Hash Batches": 1,
                                                                                        "Peak Memory Usage": 72,
                                                                                        "Workers": [],
                                                                                        "Plans": [
                                                                                            {
                                                                                                "Node Type": "Hash Join",
                                                                                                "Parent Relationship": "Outer",
                                                                                                "Parallel Aware": true,
                                                                                                "Async Capable": false,
                                                                                                "Join Type": "Inner",
                                                                                                "Startup Cost": 682589.89,
                                                                                                "Total Cost": 729832.85,
                                                                                                "Plan Rows": 1,
                                                                                                "Plan Width": 47,
                                                                                                "Actual Startup Time": 1449.917,
                                                                                                "Actual Total Time": 1555.428,
                                                                                                "Actual Rows": 88,
                                                                                                "Actual Loops": 2,
                                                                                                "Inner Unique": false,
                                                                                                "Hash Cond": "(chn.id = ci.person_role_id)",
                                                                                                "Workers": [],
                                                                                                "Plans": [
                                                                                                    {
                                                                                                        "Node Type": "Seq Scan",
                                                                                                        "Parent Relationship": "Outer",
                                                                                                        "Parallel Aware": true,
                                                                                                        "Async Capable": false,
                                                                                                        "Relation Name": "char_name",
                                                                                                        "Alias": "chn",
                                                                                                        "Startup Cost": 0.0,
                                                                                                        "Total Cost": 44298.87,
                                                                                                        "Plan Rows": 785087,
                                                                                                        "Plan Width": 20,
                                                                                                        "Actual Startup Time": 0.002,
                                                                                                        "Actual Total Time": 63.493,
                                                                                                        "Actual Rows": 1570170,
                                                                                                        "Actual Loops": 2,
                                                                                                        "Workers": []
                                                                                                    },
                                                                                                    {
                                                                                                        "Node Type": "Hash",
                                                                                                        "Parent Relationship": "Inner",
                                                                                                        "Parallel Aware": true,
                                                                                                        "Async Capable": false,
                                                                                                        "Startup Cost": 682589.88,
                                                                                                        "Total Cost": 682589.88,
                                                                                                        "Plan Rows": 1,
                                                                                                        "Plan Width": 35,
                                                                                                        "Actual Startup Time": 1449.266,
                                                                                                        "Actual Total Time": 1449.277,
                                                                                                        "Actual Rows": 88,
                                                                                                        "Actual Loops": 2,
                                                                                                        "Hash Buckets": 1024,
                                                                                                        "Original Hash Buckets": 1024,
                                                                                                        "Hash Batches": 1,
                                                                                                        "Original Hash Batches": 1,
                                                                                                        "Peak Memory Usage": 72,
                                                                                                        "Workers": [],
                                                                                                        "Plans": [
                                                                                                            {
                                                                                                                "Node Type": "Hash Join",
                                                                                                                "Parent Relationship": "Outer",
                                                                                                                "Parallel Aware": true,
                                                                                                                "Async Capable": false,
                                                                                                                "Join Type": "Inner",
                                                                                                                "Startup Cost": 667492.87,
                                                                                                                "Total Cost": 682589.88,
                                                                                                                "Plan Rows": 1,
                                                                                                                "Plan Width": 35,
                                                                                                                "Actual Startup Time": 1409.32,
                                                                                                                "Actual Total Time": 1449.246,
                                                                                                                "Actual Rows": 88,
                                                                                                                "Actual Loops": 2,
                                                                                                                "Inner Unique": false,
                                                                                                                "Hash Cond": "(n.id = ci.person_id)",
                                                                                                                "Workers": [],
                                                                                                                "Plans": [
                                                                                                                    {
                                                                                                                        "Node Type": "Hash Join",
                                                                                                                        "Parent Relationship": "Outer",
                                                                                                                        "Parallel Aware": true,
                                                                                                                        "Async Capable": false,
                                                                                                                        "Join Type": "Inner",
                                                                                                                        "Startup Cost": 71406.02,
                                                                                                                        "Total Cost": 86492.81,
                                                                                                                        "Plan Rows": 2722,
                                                                                                                        "Plan Width": 23,
                                                                                                                        "Actual Startup Time": 115.131,
                                                                                                                        "Actual Total Time": 155.851,
                                                                                                                        "Actual Rows": 5262,
                                                                                                                        "Actual Loops": 2,
                                                                                                                        "Inner Unique": true,
                                                                                                                        "Hash Cond": "(an.person_id = n.id)",
                                                                                                                        "Workers": [],
                                                                                                                        "Plans": [
                                                                                                                            {
                                                                                                                                "Node Type": "Seq Scan",
                                                                                                                                "Parent Relationship": "Outer",
                                                                                                                                "Parallel Aware": true,
                                                                                                                                "Async Capable": false,
                                                                                                                                "Relation Name": "aka_name",
                                                                                                                                "Alias": "an",
                                                                                                                                "Startup Cost": 0.0,
                                                                                                                                "Total Cost": 14323.56,
                                                                                                                                "Plan Rows": 290756,
                                                                                                                                "Plan Width": 4,
                                                                                                                                "Actual Startup Time": 0.016,
                                                                                                                                "Actual Total Time": 19.959,
                                                                                                                                "Actual Rows": 450672,
                                                                                                                                "Actual Loops": 2,
                                                                                                                                "Workers": []
                                                                                                                            },
                                                                                                                            {
                                                                                                                                "Node Type": "Hash",
                                                                                                                                "Parent Relationship": "Inner",
                                                                                                                                "Parallel Aware": true,
                                                                                                                                "Async Capable": false,
                                                                                                                                "Startup Cost": 71284.09,
                                                                                                                                "Total Cost": 71284.09,
                                                                                                                                "Plan Rows": 9754,
                                                                                                                                "Plan Width": 19,
                                                                                                                                "Actual Startup Time": 114.966,
                                                                                                                                "Actual Total Time": 114.967,
                                                                                                                                "Actual Rows": 25006,
                                                                                                                                "Actual Loops": 2,
                                                                                                                                "Hash Buckets": 65536,
                                                                                                                                "Original Hash Buckets": 65536,
                                                                                                                                "Hash Batches": 1,
                                                                                                                                "Original Hash Batches": 1,
                                                                                                                                "Peak Memory Usage": 3296,
                                                                                                                                "Workers": [],
                                                                                                                                "Plans": [
                                                                                                                                    {
                                                                                                                                        "Node Type": "Seq Scan",
                                                                                                                                        "Parent Relationship": "Outer",
                                                                                                                                        "Parallel Aware": true,
                                                                                                                                        "Async Capable": false,
                                                                                                                                        "Relation Name": "name",
                                                                                                                                        "Alias": "n",
                                                                                                                                        "Startup Cost": 0.0,
                                                                                                                                        "Total Cost": 71284.09,
                                                                                                                                        "Plan Rows": 9754,
                                                                                                                                        "Plan Width": 19,
                                                                                                                                        "Actual Startup Time": 46.316,
                                                                                                                                        "Actual Total Time": 112.803,
                                                                                                                                        "Actual Rows": 25006,
                                                                                                                                        "Actual Loops": 2,
                                                                                                                                        "Filter": "((name ~~ '%An%'::text) AND ((gender)::text = 'f'::text))",
                                                                                                                                        "Rows Removed by Filter": 2058740,
                                                                                                                                        "Workers": []
                                                                                                                                    }
                                                                                                                                ]
                                                                                                                            }
                                                                                                                        ]
                                                                                                                    },
                                                                                                                    {
                                                                                                                        "Node Type": "Hash",
                                                                                                                        "Parent Relationship": "Inner",
                                                                                                                        "Parallel Aware": true,
                                                                                                                        "Async Capable": false,
                                                                                                                        "Startup Cost": 596086.84,
                                                                                                                        "Total Cost": 596086.84,
                                                                                                                        "Plan Rows": 1,
                                                                                                                        "Plan Width": 24,
                                                                                                                        "Actual Startup Time": 1292.942,
                                                                                                                        "Actual Total Time": 1292.948,
                                                                                                                        "Actual Rows": 5362,
                                                                                                                        "Actual Loops": 2,
                                                                                                                        "Hash Buckets": 16384,
                                                                                                                        "Original Hash Buckets": 1024,
                                                                                                                        "Hash Batches": 1,
                                                                                                                        "Original Hash Batches": 1,
                                                                                                                        "Peak Memory Usage": 856,
                                                                                                                        "Workers": [],
                                                                                                                        "Plans": [
                                                                                                                            {
                                                                                                                                "Node Type": "Hash Join",
                                                                                                                                "Parent Relationship": "Outer",
                                                                                                                                "Parallel Aware": true,
                                                                                                                                "Async Capable": false,
                                                                                                                                "Join Type": "Inner",
                                                                                                                                "Startup Cost": 252229.67,
                                                                                                                                "Total Cost": 596086.84,
                                                                                                                                "Plan Rows": 1,
                                                                                                                                "Plan Width": 24,
                                                                                                                                "Actual Startup Time": 578.029,
                                                                                                                                "Actual Total Time": 1243.847,
                                                                                                                                "Actual Rows": 5362,
                                                                                                                                "Actual Loops": 2,
                                                                                                                                "Inner Unique": false,
                                                                                                                                "Hash Cond": "(ci.movie_id = mi.movie_id)",
                                                                                                                                "Workers": [],
                                                                                                                                "Plans": [
                                                                                                                                    {
                                                                                                                                        "Node Type": "Seq Scan",
                                                                                                                                        "Parent Relationship": "Outer",
                                                                                                                                        "Parallel Aware": true,
                                                                                                                                        "Async Capable": false,
                                                                                                                                        "Relation Name": "cast_info",
                                                                                                                                        "Alias": "ci",
                                                                                                                                        "Startup Cost": 0.0,
                                                                                                                                        "Total Cost": 343330.86,
                                                                                                                                        "Plan Rows": 140346,
                                                                                                                                        "Plan Width": 16,
                                                                                                                                        "Actual Startup Time": 0.046,
                                                                                                                                        "Actual Total Time": 651.574,
                                                                                                                                        "Actual Rows": 433738,
                                                                                                                                        "Actual Loops": 2,
                                                                                                                                        "Filter": "(note = ANY ('{(voice),\"(voice: Japanese version)\",\"(voice) (uncredited)\",\"(voice: English version)\"}'::text[]))",
                                                                                                                                        "Rows Removed by Filter": 17688434,
                                                                                                                                        "Workers": []
                                                                                                                                    },
                                                                                                                                    {
                                                                                                                                        "Node Type": "Hash",
                                                                                                                                        "Parent Relationship": "Inner",
                                                                                                                                        "Parallel Aware": true,
                                                                                                                                        "Async Capable": false,
                                                                                                                                        "Startup Cost": 252229.66,
                                                                                                                                        "Total Cost": 252229.66,
                                                                                                                                        "Plan Rows": 1,
                                                                                                                                        "Plan Width": 8,
                                                                                                                                        "Actual Startup Time": 577.492,
                                                                                                                                        "Actual Total Time": 577.497,
                                                                                                                                        "Actual Rows": 878,
                                                                                                                                        "Actual Loops": 2,
                                                                                                                                        "Hash Buckets": 2048,
                                                                                                                                        "Original Hash Buckets": 1024,
                                                                                                                                        "Hash Batches": 1,
                                                                                                                                        "Original Hash Batches": 1,
                                                                                                                                        "Peak Memory Usage": 152,
                                                                                                                                        "Workers": [],
                                                                                                                                        "Plans": [
                                                                                                                                            {
                                                                                                                                                "Node Type": "Hash Join",
                                                                                                                                                "Parent Relationship": "Outer",
                                                                                                                                                "Parallel Aware": true,
                                                                                                                                                "Async Capable": false,
                                                                                                                                                "Join Type": "Inner",
                                                                                                                                                "Startup Cost": 45759.9,
                                                                                                                                                "Total Cost": 252229.66,
                                                                                                                                                "Plan Rows": 1,
                                                                                                                                                "Plan Width": 8,
                                                                                                                                                "Actual Startup Time": 163.761,
                                                                                                                                                "Actual Total Time": 576.452,
                                                                                                                                                "Actual Rows": 878,
                                                                                                                                                "Actual Loops": 2,
                                                                                                                                                "Inner Unique": false,
                                                                                                                                                "Hash Cond": "(mi.movie_id = mk.movie_id)",
                                                                                                                                                "Workers": [],
                                                                                                                                                "Plans": [
                                                                                                                                                    {
                                                                                                                                                        "Node Type": "Hash Join",
                                                                                                                                                        "Parent Relationship": "Outer",
                                                                                                                                                        "Parallel Aware": false,
                                                                                                                                                        "Async Capable": false,
                                                                                                                                                        "Join Type": "Inner",
                                                                                                                                                        "Startup Cost": 2.43,
                                                                                                                                                        "Total Cost": 206467.61,
                                                                                                                                                        "Plan Rows": 1217,
                                                                                                                                                        "Plan Width": 4,
                                                                                                                                                        "Actual Startup Time": 0.055,
                                                                                                                                                        "Actual Total Time": 406.862,
                                                                                                                                                        "Actual Rows": 150622,
                                                                                                                                                        "Actual Loops": 2,
                                                                                                                                                        "Inner Unique": true,
                                                                                                                                                        "Hash Cond": "(mi.info_type_id = it.id)",
                                                                                                                                                        "Workers": [],
                                                                                                                                                        "Plans": [
                                                                                                                                                            {
                                                                                                                                                                "Node Type": "Seq Scan",
                                                                                                                                                                "Parent Relationship": "Outer",
                                                                                                                                                                "Parallel Aware": true,
                                                                                                                                                                "Async Capable": false,
                                                                                                                                                                "Relation Name": "movie_info",
                                                                                                                                                                "Alias": "mi",
                                                                                                                                                                "Startup Cost": 0.0,
                                                                                                                                                                "Total Cost": 206090.53,
                                                                                                                                                                "Plan Rows": 137566,
                                                                                                                                                                "Plan Width": 8,
                                                                                                                                                                "Actual Startup Time": 0.031,
                                                                                                                                                                "Actual Total Time": 397.563,
                                                                                                                                                                "Actual Rows": 150624,
                                                                                                                                                                "Actual Loops": 2,
                                                                                                                                                                "Filter": "((info IS NOT NULL) AND ((info ~~ 'Japan:%201%'::text) OR (info ~~ 'USA:%201%'::text)))",
                                                                                                                                                                "Rows Removed by Filter": 7267236,
                                                                                                                                                                "Workers": []
                                                                                                                                                            },
                                                                                                                                                            {
                                                                                                                                                                "Node Type": "Hash",
                                                                                                                                                                "Parent Relationship": "Inner",
                                                                                                                                                                "Parallel Aware": false,
                                                                                                                                                                "Async Capable": false,
                                                                                                                                                                "Startup Cost": 2.41,
                                                                                                                                                                "Total Cost": 2.41,
                                                                                                                                                                "Plan Rows": 1,
                                                                                                                                                                "Plan Width": 4,
                                                                                                                                                                "Actual Startup Time": 0.012,
                                                                                                                                                                "Actual Total Time": 0.013,
                                                                                                                                                                "Actual Rows": 1,
                                                                                                                                                                "Actual Loops": 2,
                                                                                                                                                                "Hash Buckets": 1024,
                                                                                                                                                                "Original Hash Buckets": 1024,
                                                                                                                                                                "Hash Batches": 1,
                                                                                                                                                                "Original Hash Batches": 1,
                                                                                                                                                                "Peak Memory Usage": 9,
                                                                                                                                                                "Workers": [],
                                                                                                                                                                "Plans": [
                                                                                                                                                                    {
                                                                                                                                                                        "Node Type": "Seq Scan",
                                                                                                                                                                        "Parent Relationship": "Outer",
                                                                                                                                                                        "Parallel Aware": false,
                                                                                                                                                                        "Async Capable": false,
                                                                                                                                                                        "Relation Name": "info_type",
                                                                                                                                                                        "Alias": "it",
                                                                                                                                                                        "Startup Cost": 0.0,
                                                                                                                                                                        "Total Cost": 2.41,
                                                                                                                                                                        "Plan Rows": 1,
                                                                                                                                                                        "Plan Width": 4,
                                                                                                                                                                        "Actual Startup Time": 0.008,
                                                                                                                                                                        "Actual Total Time": 0.011,
                                                                                                                                                                        "Actual Rows": 1,
                                                                                                                                                                        "Actual Loops": 2,
                                                                                                                                                                        "Filter": "((info)::text = 'release dates'::text)",
                                                                                                                                                                        "Rows Removed by Filter": 112,
                                                                                                                                                                        "Workers": []
                                                                                                                                                                    }
                                                                                                                                                                ]
                                                                                                                                                            }
                                                                                                                                                        ]
                                                                                                                                                    },
                                                                                                                                                    {
                                                                                                                                                        "Node Type": "Hash",
                                                                                                                                                        "Parent Relationship": "Inner",
                                                                                                                                                        "Parallel Aware": true,
                                                                                                                                                        "Async Capable": false,
                                                                                                                                                        "Startup Cost": 45757.07,
                                                                                                                                                        "Total Cost": 45757.07,
                                                                                                                                                        "Plan Rows": 33,
                                                                                                                                                        "Plan Width": 4,
                                                                                                                                                        "Actual Startup Time": 163.581,
                                                                                                                                                        "Actual Total Time": 163.583,
                                                                                                                                                        "Actual Rows": 4848,
                                                                                                                                                        "Actual Loops": 2,
                                                                                                                                                        "Hash Buckets": 16384,
                                                                                                                                                        "Original Hash Buckets": 1024,
                                                                                                                                                        "Hash Batches": 1,
                                                                                                                                                        "Original Hash Batches": 1,
                                                                                                                                                        "Peak Memory Usage": 664,
                                                                                                                                                        "Workers": [],
                                                                                                                                                        "Plans": [
                                                                                                                                                            {
                                                                                                                                                                "Node Type": "Hash Join",
                                                                                                                                                                "Parent Relationship": "Outer",
                                                                                                                                                                "Parallel Aware": false,
                                                                                                                                                                "Async Capable": false,
                                                                                                                                                                "Join Type": "Inner",
                                                                                                                                                                "Startup Cost": 2852.88,
                                                                                                                                                                "Total Cost": 45757.07,
                                                                                                                                                                "Plan Rows": 33,
                                                                                                                                                                "Plan Width": 4,
                                                                                                                                                                "Actual Startup Time": 5.994,
                                                                                                                                                                "Actual Total Time": 147.224,
                                                                                                                                                                "Actual Rows": 4848,
                                                                                                                                                                "Actual Loops": 2,
                                                                                                                                                                "Inner Unique": true,
                                                                                                                                                                "Hash Cond": "(mk.keyword_id = k.id)",
                                                                                                                                                                "Workers": [],
                                                                                                                                                                "Plans": [
                                                                                                                                                                    {
                                                                                                                                                                        "Node Type": "Seq Scan",
                                                                                                                                                                        "Parent Relationship": "Outer",
                                                                                                                                                                        "Parallel Aware": true,
                                                                                                                                                                        "Async Capable": false,
                                                                                                                                                                        "Relation Name": "movie_keyword",
                                                                                                                                                                        "Alias": "mk",
                                                                                                                                                                        "Startup Cost": 0.0,
                                                                                                                                                                        "Total Cost": 39073.32,
                                                                                                                                                                        "Plan Rows": 1459332,
                                                                                                                                                                        "Plan Width": 8,
                                                                                                                                                                        "Actual Startup Time": 0.006,
                                                                                                                                                                        "Actual Total Time": 78.947,
                                                                                                                                                                        "Actual Rows": 2261965,
                                                                                                                                                                        "Actual Loops": 2,
                                                                                                                                                                        "Workers": []
                                                                                                                                                                    },
                                                                                                                                                                    {
                                                                                                                                                                        "Node Type": "Hash",
                                                                                                                                                                        "Parent Relationship": "Inner",
                                                                                                                                                                        "Parallel Aware": false,
                                                                                                                                                                        "Async Capable": false,
                                                                                                                                                                        "Startup Cost": 2852.84,
                                                                                                                                                                        "Total Cost": 2852.84,
                                                                                                                                                                        "Plan Rows": 3,
                                                                                                                                                                        "Plan Width": 4,
                                                                                                                                                                        "Actual Startup Time": 5.607,
                                                                                                                                                                        "Actual Total Time": 5.608,
                                                                                                                                                                        "Actual Rows": 3,
                                                                                                                                                                        "Actual Loops": 2,
                                                                                                                                                                        "Hash Buckets": 1024,
                                                                                                                                                                        "Original Hash Buckets": 1024,
                                                                                                                                                                        "Hash Batches": 1,
                                                                                                                                                                        "Original Hash Batches": 1,
                                                                                                                                                                        "Peak Memory Usage": 9,
                                                                                                                                                                        "Workers": [],
                                                                                                                                                                        "Plans": [
                                                                                                                                                                            {
                                                                                                                                                                                "Node Type": "Seq Scan",
                                                                                                                                                                                "Parent Relationship": "Outer",
                                                                                                                                                                                "Parallel Aware": false,
                                                                                                                                                                                "Async Capable": false,
                                                                                                                                                                                "Relation Name": "keyword",
                                                                                                                                                                                "Alias": "k",
                                                                                                                                                                                "Startup Cost": 0.0,
                                                                                                                                                                                "Total Cost": 2852.84,
                                                                                                                                                                                "Plan Rows": 3,
                                                                                                                                                                                "Plan Width": 4,
                                                                                                                                                                                "Actual Startup Time": 0.009,
                                                                                                                                                                                "Actual Total Time": 5.606,
                                                                                                                                                                                "Actual Rows": 3,
                                                                                                                                                                                "Actual Loops": 2,
                                                                                                                                                                                "Filter": "(keyword = ANY ('{hero,martial-arts,hand-to-hand-combat}'::text[]))",
                                                                                                                                                                                "Rows Removed by Filter": 134167,
                                                                                                                                                                                "Workers": []
                                                                                                                                                                            }
                                                                                                                                                                        ]
                                                                                                                                                                    }
                                                                                                                                                                ]
                                                                                                                                                            }
                                                                                                                                                        ]
                                                                                                                                                    }
                                                                                                                                                ]
                                                                                                                                            }
                                                                                                                                        ]
                                                                                                                                    }
                                                                                                                                ]
                                                                                                                            }
                                                                                                                        ]
                                                                                                                    }
                                                                                                                ]
                                                                                                            }
                                                                                                        ]
                                                                                                    }
                                                                                                ]
                                                                                            }
                                                                                        ]
                                                                                    }
                                                                                ]
                                                                            }
                                                                        ]
                                                                    }
                                                                ]
                                                            }
                                                        ]
                                                    }
                                                ]
                                            },
                                            {
                                                "Node Type": "Seq Scan",
                                                "Parent Relationship": "Inner",
                                                "Parallel Aware": false,
                                                "Async Capable": false,
                                                "Relation Name": "role_type",
                                                "Alias": "rt",
                                                "Startup Cost": 0.0,
                                                "Total Cost": 1.15,
                                                "Plan Rows": 1,
                                                "Plan Width": 4,
                                                "Actual Startup Time": 0.0,
                                                "Actual Total Time": 0.0,
                                                "Actual Rows": 1,
                                                "Actual Loops": 275,
                                                "Filter": "((role)::text = 'actress'::text)",
                                                "Rows Removed by Filter": 1,
                                                "Workers": []
                                            }
                                        ]
                                    }
                                ]
                            }
                        ]
                    },
                    "Planning Time": 19.132,
                    "Triggers": [],
                    "Execution Time": 1728.749
                }
            ],
            "hints": [
                "SET enable_hashjoin TO on",
                "SET enable_indexonlyscan TO on",
                "SET enable_indexscan TO off",
                "SET enable_mergejoin TO off",
                "SET enable_nestloop TO on",
                "SET enable_seqscan TO on"
            ]
        },
        {
            "arm": 3,
            "execution_time": 1719.663,
            "plan": [
                {
                    "Plan": {
                        "Node Type": "Aggregate",
                        "Strategy": "Plain",
                        "Partial Mode": "Finalize",
                        "Parallel Aware": false,
                        "Async Capable": false,
                        "Startup Cost": 810461.51,
                        "Total Cost": 810461.52,
                        "Plan Rows": 1,
                        "Plan Width": 96,
                        "Actual Startup Time": 1689.87,
                        "Actual Total Time": 1719.601,
                        "Actual Rows": 1,
                        "Actual Loops": 1,
                        "Plans": [
                            {
                                "Node Type": "Gather",
                                "Parent Relationship": "Outer",
                                "Parallel Aware": false,
                                "Async Capable": false,
                                "Startup Cost": 810461.39,
                                "Total Cost": 810461.5,
                                "Plan Rows": 1,
                                "Plan Width": 96,
                                "Actual Startup Time": 1689.635,
                                "Actual Total Time": 1719.597,
                                "Actual Rows": 2,
                                "Actual Loops": 1,
                                "Workers Planned": 1,
                                "Workers Launched": 1,
                                "Single Copy": false,
                                "Plans": [
                                    {
                                        "Node Type": "Aggregate",
                                        "Strategy": "Plain",
                                        "Partial Mode": "Partial",
                                        "Parent Relationship": "Outer",
                                        "Parallel Aware": false,
                                        "Async Capable": false,
                                        "Startup Cost": 809461.39,
                                        "Total Cost": 809461.4,
                                        "Plan Rows": 1,
                                        "Plan Width": 96,
                                        "Actual Startup Time": 1688.521,
                                        "Actual Total Time": 1688.535,
                                        "Actual Rows": 1,
                                        "Actual Loops": 2,
                                        "Workers": [],
                                        "Plans": [
                                            {
                                                "Node Type": "Hash Join",
                                                "Parent Relationship": "Outer",
                                                "Parallel Aware": false,
                                                "Async Capable": false,
                                                "Join Type": "Inner",
                                                "Startup Cost": 804506.07,
                                                "Total Cost": 809461.38,
                                                "Plan Rows": 1,
                                                "Plan Width": 48,
                                                "Actual Startup Time": 1682.063,
                                                "Actual Total Time": 1688.521,
                                                "Actual Rows": 138,
                                                "Actual Loops": 2,
                                                "Inner Unique": true,
                                                "Hash Cond": "(ci.role_id = rt.id)",
                                                "Workers": [],
                                                "Plans": [
                                                    {
                                                        "Node Type": "Hash Join",
                                                        "Parent Relationship": "Outer",
                                                        "Parallel Aware": true,
                                                        "Async Capable": false,
                                                        "Join Type": "Inner",
                                                        "Startup Cost": 804504.91,
                                                        "Total Cost": 809460.22,
                                                        "Plan Rows": 1,
                                                        "Plan Width": 52,
                                                        "Actual Startup Time": 1682.014,
                                                        "Actual Total Time": 1688.463,
                                                        "Actual Rows": 138,
                                                        "Actual Loops": 2,
                                                        "Inner Unique": false,
                                                        "Hash Cond": "(cn.id = mc.company_id)",
                                                        "Workers": [],
                                                        "Plans": [
                                                            {
                                                                "Node Type": "Seq Scan",
                                                                "Parent Relationship": "Outer",
                                                                "Parallel Aware": true,
                                                                "Async Capable": false,
                                                                "Relation Name": "company_name",
                                                                "Alias": "cn",
                                                                "Startup Cost": 0.0,
                                                                "Total Cost": 4767.92,
                                                                "Plan Rows": 49967,
                                                                "Plan Width": 4,
                                                                "Actual Startup Time": 0.003,
                                                                "Actual Total Time": 5.617,
                                                                "Actual Rows": 42422,
                                                                "Actual Loops": 2,
                                                                "Filter": "((country_code)::text = '[us]'::text)",
                                                                "Rows Removed by Filter": 75077,
                                                                "Workers": []
                                                            },
                                                            {
                                                                "Node Type": "Hash",
                                                                "Parent Relationship": "Inner",
                                                                "Parallel Aware": true,
                                                                "Async Capable": false,
                                                                "Startup Cost": 804504.9,
                                                                "Total Cost": 804504.9,
                                                                "Plan Rows": 1,
                                                                "Plan Width": 56,
                                                                "Actual Startup Time": 1681.556,
                                                                "Actual Total Time": 1681.568,
                                                                "Actual Rows": 446,
                                                                "Actual Loops": 2,
                                                                "Hash Buckets": 1024,
                                                                "Original Hash Buckets": 1024,
                                                                "Hash Batches": 1,
                                                                "Original Hash Batches": 1,
                                                                "Peak Memory Usage": 136,
                                                                "Workers": [],
                                                                "Plans": [
                                                                    {
                                                                        "Node Type": "Hash Join",
                                                                        "Parent Relationship": "Outer",
                                                                        "Parallel Aware": true,
                                                                        "Async Capable": false,
                                                                        "Join Type": "Inner",
                                                                        "Startup Cost": 774108.14,
                                                                        "Total Cost": 804504.9,
                                                                        "Plan Rows": 1,
                                                                        "Plan Width": 56,
                                                                        "Actual Startup Time": 1624.015,
                                                                        "Actual Total Time": 1681.524,
                                                                        "Actual Rows": 446,
                                                                        "Actual Loops": 2,
                                                                        "Inner Unique": false,
                                                                        "Hash Cond": "(mc.movie_id = t.id)",
                                                                        "Workers": [],
                                                                        "Plans": [
                                                                            {
                                                                                "Node Type": "Seq Scan",
                                                                                "Parent Relationship": "Outer",
                                                                                "Parallel Aware": true,
                                                                                "Async Capable": false,
                                                                                "Relation Name": "movie_companies",
                                                                                "Alias": "mc",
                                                                                "Startup Cost": 0.0,
                                                                                "Total Cost": 27240.55,
                                                                                "Plan Rows": 841655,
                                                                                "Plan Width": 8,
                                                                                "Actual Startup Time": 0.002,
                                                                                "Actual Total Time": 43.713,
                                                                                "Actual Rows": 1304564,
                                                                                "Actual Loops": 2,
                                                                                "Workers": []
                                                                            },
                                                                            {
                                                                                "Node Type": "Hash",
                                                                                "Parent Relationship": "Inner",
                                                                                "Parallel Aware": true,
                                                                                "Async Capable": false,
                                                                                "Startup Cost": 774108.12,
                                                                                "Total Cost": 774108.12,
                                                                                "Plan Rows": 1,
                                                                                "Plan Width": 68,
                                                                                "Actual Startup Time": 1601.493,
                                                                                "Actual Total Time": 1601.504,
                                                                                "Actual Rows": 32,
                                                                                "Actual Loops": 2,
                                                                                "Hash Buckets": 1024,
                                                                                "Original Hash Buckets": 1024,
                                                                                "Hash Batches": 1,
                                                                                "Original Hash Batches": 1,
                                                                                "Peak Memory Usage": 72,
                                                                                "Workers": [],
                                                                                "Plans": [
                                                                                    {
                                                                                        "Node Type": "Hash Join",
                                                                                        "Parent Relationship": "Outer",
                                                                                        "Parallel Aware": true,
                                                                                        "Async Capable": false,
                                                                                        "Join Type": "Inner",
                                                                                        "Startup Cost": 729832.86,
                                                                                        "Total Cost": 774108.12,
                                                                                        "Plan Rows": 1,
                                                                                        "Plan Width": 68,
                                                                                        "Actual Startup Time": 1588.292,
                                                                                        "Actual Total Time": 1601.487,
                                                                                        "Actual Rows": 32,
                                                                                        "Actual Loops": 2,
                                                                                        "Inner Unique": false,
                                                                                        "Hash Cond": "(t.id = mi.movie_id)",
                                                                                        "Workers": [],
                                                                                        "Plans": [
                                                                                            {
                                                                                                "Node Type": "Seq Scan",
                                                                                                "Parent Relationship": "Outer",
                                                                                                "Parallel Aware": true,
                                                                                                "Async Capable": false,
                                                                                                "Relation Name": "title",
                                                                                                "Alias": "t",
                                                                                                "Startup Cost": 0.0,
                                                                                                "Total Cost": 43909.73,
                                                                                                "Plan Rows": 97474,
                                                                                                "Plan Width": 21,
                                                                                                "Actual Startup Time": 0.003,
                                                                                                "Actual Total Time": 48.519,
                                                                                                "Actual Rows": 195833,
                                                                                                "Actual Loops": 2,
                                                                                                "Filter": "(production_year > 2010)",
                                                                                                "Rows Removed by Filter": 1068323,
                                                                                                "Workers": []
                                                                                            },
                                                                                            {
                                                                                                "Node Type": "Hash",
                                                                                                "Parent Relationship": "Inner",
                                                                                                "Parallel Aware": true,
                                                                                                "Async Capable": false,
                                                                                                "Startup Cost": 729832.85,
                                                                                                "Total Cost": 729832.85,
                                                                                                "Plan Rows": 1,
                                                                                                "Plan Width": 47,
                                                                                                "Actual Startup Time": 1547.916,
                                                                                                "Actual Total Time": 1547.927,
                                                                                                "Actual Rows": 88,
                                                                                                "Actual Loops": 2,
                                                                                                "Hash Buckets": 1024,
                                                                                                "Original Hash Buckets": 1024,
                                                                                                "Hash Batches": 1,
                                                                                                "Original Hash Batches": 1,
                                                                                                "Peak Memory Usage": 72,
                                                                                                "Workers": [],
                                                                                                "Plans": [
                                                                                                    {
                                                                                                        "Node Type": "Hash Join",
                                                                                                        "Parent Relationship": "Outer",
                                                                                                        "Parallel Aware": true,
                                                                                                        "Async Capable": false,
                                                                                                        "Join Type": "Inner",
                                                                                                        "Startup Cost": 682589.89,
                                                                                                        "Total Cost": 729832.85,
                                                                                                        "Plan Rows": 1,
                                                                                                        "Plan Width": 47,
                                                                                                        "Actual Startup Time": 1442.656,
                                                                                                        "Actual Total Time": 1547.904,
                                                                                                        "Actual Rows": 88,
                                                                                                        "Actual Loops": 2,
                                                                                                        "Inner Unique": false,
                                                                                                        "Hash Cond": "(chn.id = ci.person_role_id)",
                                                                                                        "Workers": [],
                                                                                                        "Plans": [
                                                                                                            {
                                                                                                                "Node Type": "Seq Scan",
                                                                                                                "Parent Relationship": "Outer",
                                                                                                                "Parallel Aware": true,
                                                                                                                "Async Capable": false,
                                                                                                                "Relation Name": "char_name",
                                                                                                                "Alias": "chn",
                                                                                                                "Startup Cost": 0.0,
                                                                                                                "Total Cost": 44298.87,
                                                                                                                "Plan Rows": 785087,
                                                                                                                "Plan Width": 20,
                                                                                                                "Actual Startup Time": 0.002,
                                                                                                                "Actual Total Time": 63.003,
                                                                                                                "Actual Rows": 1570170,
                                                                                                                "Actual Loops": 2,
                                                                                                                "Workers": []
                                                                                                            },
                                                                                                            {
                                                                                                                "Node Type": "Hash",
                                                                                                                "Parent Relationship": "Inner",
                                                                                                                "Parallel Aware": true,
                                                                                                                "Async Capable": false,
                                                                                                                "Startup Cost": 682589.88,
                                                                                                                "Total Cost": 682589.88,
                                                                                                                "Plan Rows": 1,
                                                                                                                "Plan Width": 35,
                                                                                                                "Actual Startup Time": 1442.01,
                                                                                                                "Actual Total Time": 1442.019,
                                                                                                                "Actual Rows": 88,
                                                                                                                "Actual Loops": 2,
                                                                                                                "Hash Buckets": 1024,
                                                                                                                "Original Hash Buckets": 1024,
                                                                                                                "Hash Batches": 1,
                                                                                                                "Original Hash Batches": 1,
                                                                                                                "Peak Memory Usage": 72,
                                                                                                                "Workers": [],
                                                                                                                "Plans": [
                                                                                                                    {
                                                                                                                        "Node Type": "Hash Join",
                                                                                                                        "Parent Relationship": "Outer",
                                                                                                                        "Parallel Aware": true,
                                                                                                                        "Async Capable": false,
                                                                                                                        "Join Type": "Inner",
                                                                                                                        "Startup Cost": 667492.87,
                                                                                                                        "Total Cost": 682589.88,
                                                                                                                        "Plan Rows": 1,
                                                                                                                        "Plan Width": 35,
                                                                                                                        "Actual Startup Time": 1402.252,
                                                                                                                        "Actual Total Time": 1441.99,
                                                                                                                        "Actual Rows": 88,
                                                                                                                        "Actual Loops": 2,
                                                                                                                        "Inner Unique": false,
                                                                                                                        "Hash Cond": "(n.id = ci.person_id)",
                                                                                                                        "Workers": [],
                                                                                                                        "Plans": [
                                                                                                                            {
                                                                                                                                "Node Type": "Hash Join",
                                                                                                                                "Parent Relationship": "Outer",
                                                                                                                                "Parallel Aware": true,
                                                                                                                                "Async Capable": false,
                                                                                                                                "Join Type": "Inner",
                                                                                                                                "Startup Cost": 71406.02,
                                                                                                                                "Total Cost": 86492.81,
                                                                                                                                "Plan Rows": 2722,
                                                                                                                                "Plan Width": 23,
                                                                                                                                "Actual Startup Time": 114.131,
                                                                                                                                "Actual Total Time": 154.643,
                                                                                                                                "Actual Rows": 5262,
                                                                                                                                "Actual Loops": 2,
                                                                                                                                "Inner Unique": true,
                                                                                                                                "Hash Cond": "(an.person_id = n.id)",
                                                                                                                                "Workers": [],
                                                                                                                                "Plans": [
                                                                                                                                    {
                                                                                                                                        "Node Type": "Seq Scan",
                                                                                                                                        "Parent Relationship": "Outer",
                                                                                                                                        "Parallel Aware": true,
                                                                                                                                        "Async Capable": false,
                                                                                                                                        "Relation Name": "aka_name",
                                                                                                                                        "Alias": "an",
                                                                                                                                        "Startup Cost": 0.0,
                                                                                                                                        "Total Cost": 14323.56,
                                                                                                                                        "Plan Rows": 290756,
                                                                                                                                        "Plan Width": 4,
                                                                                                                                        "Actual Startup Time": 0.004,
                                                                                                                                        "Actual Total Time": 19.558,
                                                                                                                                        "Actual Rows": 450672,
                                                                                                                                        "Actual Loops": 2,
                                                                                                                                        "Workers": []
                                                                                                                                    },
                                                                                                                                    {
                                                                                                                                        "Node Type": "Hash",
                                                                                                                                        "Parent Relationship": "Inner",
                                                                                                                                        "Parallel Aware": true,
                                                                                                                                        "Async Capable": false,
                                                                                                                                        "Startup Cost": 71284.09,
                                                                                                                                        "Total Cost": 71284.09,
                                                                                                                                        "Plan Rows": 9754,
                                                                                                                                        "Plan Width": 19,
                                                                                                                                        "Actual Startup Time": 113.813,
                                                                                                                                        "Actual Total Time": 113.814,
                                                                                                                                        "Actual Rows": 25006,
                                                                                                                                        "Actual Loops": 2,
                                                                                                                                        "Hash Buckets": 65536,
                                                                                                                                        "Original Hash Buckets": 65536,
                                                                                                                                        "Hash Batches": 1,
                                                                                                                                        "Original Hash Batches": 1,
                                                                                                                                        "Peak Memory Usage": 3264,
                                                                                                                                        "Workers": [],
                                                                                                                                        "Plans": [
                                                                                                                                            {
                                                                                                                                                "Node Type": "Seq Scan",
                                                                                                                                                "Parent Relationship": "Outer",
                                                                                                                                                "Parallel Aware": true,
                                                                                                                                                "Async Capable": false,
                                                                                                                                                "Relation Name": "name",
                                                                                                                                                "Alias": "n",
                                                                                                                                                "Startup Cost": 0.0,
                                                                                                                                                "Total Cost": 71284.09,
                                                                                                                                                "Plan Rows": 9754,
                                                                                                                                                "Plan Width": 19,
                                                                                                                                                "Actual Startup Time": 45.573,
                                                                                                                                                "Actual Total Time": 111.505,
                                                                                                                                                "Actual Rows": 25006,
                                                                                                                                                "Actual Loops": 2,
                                                                                                                                                "Filter": "((name ~~ '%An%'::text) AND ((gender)::text = 'f'::text))",
                                                                                                                                                "Rows Removed by Filter": 2058740,
                                                                                                                                                "Workers": []
                                                                                                                                            }
                                                                                                                                        ]
                                                                                                                                    }
                                                                                                                                ]
                                                                                                                            },
                                                                                                                            {
                                                                                                                                "Node Type": "Hash",
                                                                                                                                "Parent Relationship": "Inner",
                                                                                                                                "Parallel Aware": true,
                                                                                                                                "Async Capable": false,
                                                                                                                                "Startup Cost": 596086.84,
                                                                                                                                "Total Cost": 596086.84,
                                                                                                                                "Plan Rows": 1,
                                                                                                                                "Plan Width": 24,
                                                                                                                                "Actual Startup Time": 1286.908,
                                                                                                                                "Actual Total Time": 1286.914,
                                                                                                                                "Actual Rows": 5362,
                                                                                                                                "Actual Loops": 2,
                                                                                                                                "Hash Buckets": 16384,
                                                                                                                                "Original Hash Buckets": 1024,
                                                                                                                                "Hash Batches": 1,
                                                                                                                                "Original Hash Batches": 1,
                                                                                                                                "Peak Memory Usage": 856,
                                                                                                                                "Workers": [],
                                                                                                                                "Plans": [
                                                                                                                                    {
                                                                                                                                        "Node Type": "Hash Join",
                                                                                                                                        "Parent Relationship": "Outer",
                                                                                                                                        "Parallel Aware": true,
                                                                                                                                        "Async Capable": false,
                                                                                                                                        "Join Type": "Inner",
                                                                                                                                        "Startup Cost": 252229.67,
                                                                                                                                        "Total Cost": 596086.84,
                                                                                                                                        "Plan Rows": 1,
                                                                                                                                        "Plan Width": 24,
                                                                                                                                        "Actual Startup Time": 593.12,
                                                                                                                                        "Actual Total Time": 1252.073,
                                                                                                                                        "Actual Rows": 5362,
                                                                                                                                        "Actual Loops": 2,
                                                                                                                                        "Inner Unique": false,
                                                                                                                                        "Hash Cond": "(ci.movie_id = mi.movie_id)",
                                                                                                                                        "Workers": [],
                                                                                                                                        "Plans": [
                                                                                                                                            {
                                                                                                                                                "Node Type": "Seq Scan",
                                                                                                                                                "Parent Relationship": "Outer",
                                                                                                                                                "Parallel Aware": true,
                                                                                                                                                "Async Capable": false,
                                                                                                                                                "Relation Name": "cast_info",
                                                                                                                                                "Alias": "ci",
                                                                                                                                                "Startup Cost": 0.0,
                                                                                                                                                "Total Cost": 343330.86,
                                                                                                                                                "Plan Rows": 140346,
                                                                                                                                                "Plan Width": 16,
                                                                                                                                                "Actual Startup Time": 0.054,
                                                                                                                                                "Actual Total Time": 644.571,
                                                                                                                                                "Actual Rows": 433738,
                                                                                                                                                "Actual Loops": 2,
                                                                                                                                                "Filter": "(note = ANY ('{(voice),\"(voice: Japanese version)\",\"(voice) (uncredited)\",\"(voice: English version)\"}'::text[]))",
                                                                                                                                                "Rows Removed by Filter": 17688434,
                                                                                                                                                "Workers": []
                                                                                                                                            },
                                                                                                                                            {
                                                                                                                                                "Node Type": "Hash",
                                                                                                                                                "Parent Relationship": "Inner",
                                                                                                                                                "Parallel Aware": true,
                                                                                                                                                "Async Capable": false,
                                                                                                                                                "Startup Cost": 252229.66,
                                                                                                                                                "Total Cost": 252229.66,
                                                                                                                                                "Plan Rows": 1,
                                                                                                                                                "Plan Width": 8,
                                                                                                                                                "Actual Startup Time": 592.646,
                                                                                                                                                "Actual Total Time": 592.651,
                                                                                                                                                "Actual Rows": 878,
                                                                                                                                                "Actual Loops": 2,
                                                                                                                                                "Hash Buckets": 2048,
                                                                                                                                                "Original Hash Buckets": 1024,
                                                                                                                                                "Hash Batches": 1,
                                                                                                                                                "Original Hash Batches": 1,
                                                                                                                                                "Peak Memory Usage": 152,
                                                                                                                                                "Workers": [],
                                                                                                                                                "Plans": [
                                                                                                                                                    {
                                                                                                                                                        "Node Type": "Hash Join",
                                                                                                                                                        "Parent Relationship": "Outer",
                                                                                                                                                        "Parallel Aware": true,
                                                                                                                                                        "Async Capable": false,
                                                                                                                                                        "Join Type": "Inner",
                                                                                                                                                        "Startup Cost": 45759.9,
                                                                                                                                                        "Total Cost": 252229.66,
                                                                                                                                                        "Plan Rows": 1,
                                                                                                                                                        "Plan Width": 8,
                                                                                                                                                        "Actual Startup Time": 180.325,
                                                                                                                                                        "Actual Total Time": 590.379,
                                                                                                                                                        "Actual Rows": 878,
                                                                                                                                                        "Actual Loops": 2,
                                                                                                                                                        "Inner Unique": false,
                                                                                                                                                        "Hash Cond": "(mi.movie_id = mk.movie_id)",
                                                                                                                                                        "Workers": [],
                                                                                                                                                        "Plans": [
                                                                                                                                                            {
                                                                                                                                                                "Node Type": "Hash Join",
                                                                                                                                                                "Parent Relationship": "Outer",
                                                                                                                                                                "Parallel Aware": false,
                                                                                                                                                                "Async Capable": false,
                                                                                                                                                                "Join Type": "Inner",
                                                                                                                                                                "Startup Cost": 2.43,
                                                                                                                                                                "Total Cost": 206467.61,
                                                                                                                                                                "Plan Rows": 1217,
                                                                                                                                                                "Plan Width": 4,
                                                                                                                                                                "Actual Startup Time": 0.057,
                                                                                                                                                                "Actual Total Time": 404.23,
                                                                                                                                                                "Actual Rows": 150622,
                                                                                                                                                                "Actual Loops": 2,
                                                                                                                                                                "Inner Unique": true,
                                                                                                                                                                "Hash Cond": "(mi.info_type_id = it.id)",
                                                                                                                                                                "Workers": [],
                                                                                                                                                                "Plans": [
                                                                                                                                                                    {
                                                                                                                                                                        "Node Type": "Seq Scan",
                                                                                                                                                                        "Parent Relationship": "Outer",
                                                                                                                                                                        "Parallel Aware": true,
                                                                                                                                                                        "Async Capable": false,
                                                                                                                                                                        "Relation Name": "movie_info",
                                                                                                                                                                        "Alias": "mi",
                                                                                                                                                                        "Startup Cost": 0.0,
                                                                                                                                                                        "Total Cost": 206090.53,
                                                                                                                                                                        "Plan Rows": 137566,
                                                                                                                                                                        "Plan Width": 8,
                                                                                                                                                                        "Actual Startup Time": 0.031,
                                                                                                                                                                        "Actual Total Time": 394.853,
                                                                                                                                                                        "Actual Rows": 150624,
                                                                                                                                                                        "Actual Loops": 2,
                                                                                                                                                                        "Filter": "((info IS NOT NULL) AND ((info ~~ 'Japan:%201%'::text) OR (info ~~ 'USA:%201%'::text)))",
                                                                                                                                                                        "Rows Removed by Filter": 7267236,
                                                                                                                                                                        "Workers": []
                                                                                                                                                                    },
                                                                                                                                                                    {
                                                                                                                                                                        "Node Type": "Hash",
                                                                                                                                                                        "Parent Relationship": "Inner",
                                                                                                                                                                        "Parallel Aware": false,
                                                                                                                                                                        "Async Capable": false,
                                                                                                                                                                        "Startup Cost": 2.41,
                                                                                                                                                                        "Total Cost": 2.41,
                                                                                                                                                                        "Plan Rows": 1,
                                                                                                                                                                        "Plan Width": 4,
                                                                                                                                                                        "Actual Startup Time": 0.014,
                                                                                                                                                                        "Actual Total Time": 0.015,
                                                                                                                                                                        "Actual Rows": 1,
                                                                                                                                                                        "Actual Loops": 2,
                                                                                                                                                                        "Hash Buckets": 1024,
                                                                                                                                                                        "Original Hash Buckets": 1024,
                                                                                                                                                                        "Hash Batches": 1,
                                                                                                                                                                        "Original Hash Batches": 1,
                                                                                                                                                                        "Peak Memory Usage": 9,
                                                                                                                                                                        "Workers": [],
                                                                                                                                                                        "Plans": [
                                                                                                                                                                            {
                                                                                                                                                                                "Node Type": "Seq Scan",
                                                                                                                                                                                "Parent Relationship": "Outer",
                                                                                                                                                                                "Parallel Aware": false,
                                                                                                                                                                                "Async Capable": false,
                                                                                                                                                                                "Relation Name": "info_type",
                                                                                                                                                                                "Alias": "it",
                                                                                                                                                                                "Startup Cost": 0.0,
                                                                                                                                                                                "Total Cost": 2.41,
                                                                                                                                                                                "Plan Rows": 1,
                                                                                                                                                                                "Plan Width": 4,
                                                                                                                                                                                "Actual Startup Time": 0.01,
                                                                                                                                                                                "Actual Total Time": 0.013,
                                                                                                                                                                                "Actual Rows": 1,
                                                                                                                                                                                "Actual Loops": 2,
                                                                                                                                                                                "Filter": "((info)::text = 'release dates'::text)",
                                                                                                                                                                                "Rows Removed by Filter": 112,
                                                                                                                                                                                "Workers": []
                                                                                                                                                                            }
                                                                                                                                                                        ]
                                                                                                                                                                    }
                                                                                                                                                                ]
                                                                                                                                                            },
                                                                                                                                                            {
                                                                                                                                                                "Node Type": "Hash",
                                                                                                                                                                "Parent Relationship": "Inner",
                                                                                                                                                                "Parallel Aware": true,
                                                                                                                                                                "Async Capable": false,
                                                                                                                                                                "Startup Cost": 45757.07,
                                                                                                                                                                "Total Cost": 45757.07,
                                                                                                                                                                "Plan Rows": 33,
                                                                                                                                                                "Plan Width": 4,
                                                                                                                                                                "Actual Startup Time": 180.134,
                                                                                                                                                                "Actual Total Time": 180.136,
                                                                                                                                                                "Actual Rows": 4848,
                                                                                                                                                                "Actual Loops": 2,
                                                                                                                                                                "Hash Buckets": 16384,
                                                                                                                                                                "Original Hash Buckets": 1024,
                                                                                                                                                                "Hash Batches": 1,
                                                                                                                                                                "Original Hash Batches": 1,
                                                                                                                                                                "Peak Memory Usage": 664,
                                                                                                                                                                "Workers": [],
                                                                                                                                                                "Plans": [
                                                                                                                                                                    {
                                                                                                                                                                        "Node Type": "Hash Join",
                                                                                                                                                                        "Parent Relationship": "Outer",
                                                                                                                                                                        "Parallel Aware": false,
                                                                                                                                                                        "Async Capable": false,
                                                                                                                                                                        "Join Type": "Inner",
                                                                                                                                                                        "Startup Cost": 2852.88,
                                                                                                                                                                        "Total Cost": 45757.07,
                                                                                                                                                                        "Plan Rows": 33,
                                                                                                                                                                        "Plan Width": 4,
                                                                                                                                                                        "Actual Startup Time": 5.986,
                                                                                                                                                                        "Actual Total Time": 147.563,
                                                                                                                                                                        "Actual Rows": 4848,
                                                                                                                                                                        "Actual Loops": 2,
                                                                                                                                                                        "Inner Unique": true,
                                                                                                                                                                        "Hash Cond": "(mk.keyword_id = k.id)",
                                                                                                                                                                        "Workers": [],
                                                                                                                                                                        "Plans": [
                                                                                                                                                                            {
                                                                                                                                                                                "Node Type": "Seq Scan",
                                                                                                                                                                                "Parent Relationship": "Outer",
                                                                                                                                                                                "Parallel Aware": true,
                                                                                                                                                                                "Async Capable": false,
                                                                                                                                                                                "Relation Name": "movie_keyword",
                                                                                                                                                                                "Alias": "mk",
                                                                                                                                                                                "Startup Cost": 0.0,
                                                                                                                                                                                "Total Cost": 39073.32,
                                                                                                                                                                                "Plan Rows": 1459332,
                                                                                                                                                                                "Plan Width": 8,
                                                                                                                                                                                "Actual Startup Time": 0.004,
                                                                                                                                                                                "Actual Total Time": 79.084,
                                                                                                                                                                                "Actual Rows": 2261965,
                                                                                                                                                                                "Actual Loops": 2,
                                                                                                                                                                                "Workers": []
                                                                                                                                                                            },
                                                                                                                                                                            {
                                                                                                                                                                                "Node Type": "Hash",
                                                                                                                                                                                "Parent Relationship": "Inner",
                                                                                                                                                                                "Parallel Aware": false,
                                                                                                                                                                                "Async Capable": false,
                                                                                                                                                                                "Startup Cost": 2852.84,
                                                                                                                                                                                "Total Cost": 2852.84,
                                                                                                                                                                                "Plan Rows": 3,
                                                                                                                                                                                "Plan Width": 4,
                                                                                                                                                                                "Actual Startup Time": 5.602,
                                                                                                                                                                                "Actual Total Time": 5.603,
                                                                                                                                                                                "Actual Rows": 3,
                                                                                                                                                                                "Actual Loops": 2,
                                                                                                                                                                                "Hash Buckets": 1024,
                                                                                                                                                                                "Original Hash Buckets": 1024,
                                                                                                                                                                                "Hash Batches": 1,
                                                                                                                                                                                "Original Hash Batches": 1,
                                                                                                                                                                                "Peak Memory Usage": 9,
                                                                                                                                                                                "Workers": [],
                                                                                                                                                                                "Plans": [
                                                                                                                                                                                    {
                                                                                                                                                                                        "Node Type": "Seq Scan",
                                                                                                                                                                                        "Parent Relationship": "Outer",
                                                                                                                                                                                        "Parallel Aware": false,
                                                                                                                                                                                        "Async Capable": false,
                                                                                                                                                                                        "Relation Name": "keyword",
                                                                                                                                                                                        "Alias": "k",
                                                                                                                                                                                        "Startup Cost": 0.0,
                                                                                                                                                                                        "Total Cost": 2852.84,
                                                                                                                                                                                        "Plan Rows": 3,
                                                                                                                                                                                        "Plan Width": 4,
                                                                                                                                                                                        "Actual Startup Time": 0.008,
                                                                                                                                                                                        "Actual Total Time": 5.602,
                                                                                                                                                                                        "Actual Rows": 3,
                                                                                                                                                                                        "Actual Loops": 2,
                                                                                                                                                                                        "Filter": "(keyword = ANY ('{hero,martial-arts,hand-to-hand-combat}'::text[]))",
                                                                                                                                                                                        "Rows Removed by Filter": 134167,
                                                                                                                                                                                        "Workers": []
                                                                                                                                                                                    }
                                                                                                                                                                                ]
                                                                                                                                                                            }
                                                                                                                                                                        ]
                                                                                                                                                                    }
                                                                                                                                                                ]
                                                                                                                                                            }
                                                                                                                                                        ]
                                                                                                                                                    }
                                                                                                                                                ]
                                                                                                                                            }
                                                                                                                                        ]
                                                                                                                                    }
                                                                                                                                ]
                                                                                                                            }
                                                                                                                        ]
                                                                                                                    }
                                                                                                                ]
                                                                                                            }
                                                                                                        ]
                                                                                                    }
                                                                                                ]
                                                                                            }
                                                                                        ]
                                                                                    }
                                                                                ]
                                                                            }
                                                                        ]
                                                                    }
                                                                ]
                                                            }
                                                        ]
                                                    },
                                                    {
                                                        "Node Type": "Hash",
                                                        "Parent Relationship": "Inner",
                                                        "Parallel Aware": false,
                                                        "Async Capable": false,
                                                        "Startup Cost": 1.15,
                                                        "Total Cost": 1.15,
                                                        "Plan Rows": 1,
                                                        "Plan Width": 4,
                                                        "Actual Startup Time": 0.009,
                                                        "Actual Total Time": 0.009,
                                                        "Actual Rows": 1,
                                                        "Actual Loops": 2,
                                                        "Hash Buckets": 1024,
                                                        "Original Hash Buckets": 1024,
                                                        "Hash Batches": 1,
                                                        "Original Hash Batches": 1,
                                                        "Peak Memory Usage": 9,
                                                        "Workers": [],
                                                        "Plans": [
                                                            {
                                                                "Node Type": "Seq Scan",
                                                                "Parent Relationship": "Outer",
                                                                "Parallel Aware": false,
                                                                "Async Capable": false,
                                                                "Relation Name": "role_type",
                                                                "Alias": "rt",
                                                                "Startup Cost": 0.0,
                                                                "Total Cost": 1.15,
                                                                "Plan Rows": 1,
                                                                "Plan Width": 4,
                                                                "Actual Startup Time": 0.006,
                                                                "Actual Total Time": 0.007,
                                                                "Actual Rows": 1,
                                                                "Actual Loops": 2,
                                                                "Filter": "((role)::text = 'actress'::text)",
                                                                "Rows Removed by Filter": 11,
                                                                "Workers": []
                                                            }
                                                        ]
                                                    }
                                                ]
                                            }
                                        ]
                                    }
                                ]
                            }
                        ]
                    },
                    "Planning Time": 20.04,
                    "Triggers": [],
                    "Execution Time": 1719.663
                }
            ],
            "hints": [
                "SET enable_hashjoin TO on",
                "SET enable_indexonlyscan TO on",
                "SET enable_indexscan TO off",
                "SET enable_mergejoin TO off",
                "SET enable_nestloop TO off",
                "SET enable_seqscan TO on"
            ]
        },
        {
            "arm": 4,
            "execution_time": 146.721,
            "plan": [
                {
                    "Plan": {
                        "Node Type": "Aggregate",
                        "Strategy": "Plain",
                        "Partial Mode": "Simple",
                        "Parallel Aware": false,
                        "Async Capable": false,
                        "Startup Cost": 7127.9,
                        "Total Cost": 7127.91,
                        "Plan Rows": 1,
                        "Plan Width": 96,
                        "Actual Startup Time": 146.674,
                        "Actual Total Time": 146.675,
                        "Actual Rows": 1,
                        "Actual Loops": 1,
                        "Plans": [
                            {
                                "Node Type": "Nested Loop",
                                "Parent Relationship": "Outer",
                                "Parallel Aware": false,
                                "Async Capable": false,
                                "Join Type": "Inner",
                                "Startup Cost": 3.87,
                                "Total Cost": 7127.89,
                                "Plan Rows": 1,
                                "Plan Width": 48,
                                "Actual Startup Time": 19.172,
                                "Actual Total Time": 146.655,
                                "Actual Rows": 275,
                                "Actual Loops": 1,
                                "Inner Unique": true,
                                "Join Filter": "(ci.role_id = rt.id)",
                                "Rows Removed by Join Filter": 0,
                                "Plans": [
                                    {
                                        "Node Type": "Nested Loop",
                                        "Parent Relationship": "Outer",
                                        "Parallel Aware": false,
                                        "Async Capable": false,
                                        "Join Type": "Inner",
                                        "Startup Cost": 3.87,
                                        "Total Cost": 7126.73,
                                        "Plan Rows": 1,
                                        "Plan Width": 52,
                                        "Actual Startup Time": 19.168,
                                        "Actual Total Time": 146.548,
                                        "Actual Rows": 275,
                                        "Actual Loops": 1,
                                        "Inner Unique": true,
                                        "Join Filter": "(ci.person_id = n.id)",
                                        "Rows Removed by Join Filter": 0,
                                        "Plans": [
                                            {
                                                "Node Type": "Nested Loop",
                                                "Parent Relationship": "Outer",
                                                "Parallel Aware": false,
                                                "Async Capable": false,
                                                "Join Type": "Inner",
                                                "Startup Cost": 3.44,
                                                "Total Cost": 7124.88,
                                                "Plan Rows": 1,
                                                "Plan Width": 45,
                                                "Actual Startup Time": 0.261,
                                                "Actual Total Time": 124.662,
                                                "Actual Rows": 36578,
                                                "Actual Loops": 1,
                                                "Inner Unique": true,
                                                "Plans": [
                                                    {
                                                        "Node Type": "Nested Loop",
                                                        "Parent Relationship": "Outer",
                                                        "Parallel Aware": false,
                                                        "Async Capable": false,
                                                        "Join Type": "Inner",
                                                        "Startup Cost": 3.01,
                                                        "Total Cost": 7123.13,
                                                        "Plan Rows": 1,
                                                        "Plan Width": 33,
                                                        "Actual Startup Time": 0.255,
                                                        "Actual Total Time": 103.589,
                                                        "Actual Rows": 36786,
                                                        "Actual Loops": 1,
                                                        "Inner Unique": false,
                                                        "Plans": [
                                                            {
                                                                "Node Type": "Nested Loop",
                                                                "Parent Relationship": "Outer",
                                                                "Parallel Aware": false,
                                                                "Async Capable": false,
                                                                "Join Type": "Inner",
                                                                "Startup Cost": 2.59,
                                                                "Total Cost": 7121.02,
                                                                "Plan Rows": 1,
                                                                "Plan Width": 29,
                                                                "Actual Startup Time": 0.246,
                                                                "Actual Total Time": 90.408,
                                                                "Actual Rows": 13758,
                                                                "Actual Loops": 1,
                                                                "Inner Unique": true,
                                                                "Plans": [
                                                                    {
                                                                        "Node Type": "Nested Loop",
                                                                        "Parent Relationship": "Outer",
                                                                        "Parallel Aware": false,
                                                                        "Async Capable": false,
                                                                        "Join Type": "Inner",
                                                                        "Startup Cost": 2.17,
                                                                        "Total Cost": 7119.55,
                                                                        "Plan Rows": 1,
                                                                        "Plan Width": 33,
                                                                        "Actual Startup Time": 0.234,
                                                                        "Actual Total Time": 68.93,
                                                                        "Actual Rows": 36400,
                                                                        "Actual Loops": 1,
                                                                        "Inner Unique": false,
                                                                        "Join Filter": "(mc.movie_id = t.id)",
                                                                        "Rows Removed by Join Filter": 0,
                                                                        "Plans": [
                                                                            {
                                                                                "Node Type": "Nested Loop",
                                                                                "Parent Relationship": "Outer",
                                                                                "Parallel Aware": false,
                                                                                "Async Capable": false,
                                                                                "Join Type": "Inner",
                                                                                "Startup Cost": 1.74,
                                                                                "Total Cost": 7116.1,
                                                                                "Plan Rows": 1,
                                                                                "Plan Width": 45,
                                                                                "Actual Startup Time": 0.228,
                                                                                "Actual Total Time": 62.437,
                                                                                "Actual Rows": 4439,
                                                                                "Actual Loops": 1,
                                                                                "Inner Unique": false,
                                                                                "Join Filter": "(ci.movie_id = t.id)",
                                                                                "Rows Removed by Join Filter": 0,
                                                                                "Plans": [
                                                                                    {
                                                                                        "Node Type": "Nested Loop",
                                                                                        "Parent Relationship": "Outer",
                                                                                        "Parallel Aware": false,
                                                                                        "Async Capable": false,
                                                                                        "Join Type": "Inner",
                                                                                        "Startup Cost": 1.3,
                                                                                        "Total Cost": 7084.53,
                                                                                        "Plan Rows": 1,
                                                                                        "Plan Width": 29,
                                                                                        "Actual Startup Time": 0.093,
                                                                                        "Actual Total Time": 33.389,
                                                                                        "Actual Rows": 738,
                                                                                        "Actual Loops": 1,
                                                                                        "Inner Unique": false,
                                                                                        "Join Filter": "(it.id = mi.info_type_id)",
                                                                                        "Rows Removed by Join Filter": 0,
                                                                                        "Plans": [
                                                                                            {
                                                                                                "Node Type": "Seq Scan",
                                                                                                "Parent Relationship": "Outer",
                                                                                                "Parallel Aware": false,
                                                                                                "Async Capable": false,
                                                                                                "Relation Name": "info_type",
                                                                                                "Alias": "it",
                                                                                                "Startup Cost": 0.0,
                                                                                                "Total Cost": 2.41,
                                                                                                "Plan Rows": 1,
                                                                                                "Plan Width": 4,
                                                                                                "Actual Startup Time": 0.011,
                                                                                                "Actual Total Time": 0.013,
                                                                                                "Actual Rows": 1,
                                                                                                "Actual Loops": 1,
                                                                                                "Filter": "((info)::text = 'release dates'::text)",
                                                                                                "Rows Removed by Filter": 112
                                                                                            },
                                                                                            {
                                                                                                "Node Type": "Nested Loop",
                                                                                                "Parent Relationship": "Inner",
                                                                                                "Parallel Aware": false,
                                                                                                "Async Capable": false,
                                                                                                "Join Type": "Inner",
                                                                                                "Startup Cost": 1.3,
                                                                                                "Total Cost": 7081.74,
                                                                                                "Plan Rows": 30,
                                                                                                "Plan Width": 33,
                                                                                                "Actual Startup Time": 0.082,
                                                                                                "Actual Total Time": 33.334,
                                                                                                "Actual Rows": 738,
                                                                                                "Actual Loops": 1,
                                                                                                "Inner Unique": false,
                                                                                                "Join Filter": "(mi.movie_id = t.id)",
                                                                                                "Rows Removed by Join Filter": 0,
                                                                                                "Plans": [
                                                                                                    {
                                                                                                        "Node Type": "Nested Loop",
                                                                                                        "Parent Relationship": "Outer",
                                                                                                        "Parallel Aware": false,
                                                                                                        "Async Capable": false,
                                                                                                        "Join Type": "Inner",
                                                                                                        "Startup Cost": 0.86,
                                                                                                        "Total Cost": 6623.7,
                                                                                                        "Plan Rows": 16,
                                                                                                        "Plan Width": 25,
                                                                                                        "Actual Startup Time": 0.074,
                                                                                                        "Actual Total Time": 25.971,
                                                                                                        "Actual Rows": 495,
                                                                                                        "Actual Loops": 1,
                                                                                                        "Inner Unique": true,
                                                                                                        "Plans": [
                                                                                                            {
                                                                                                                "Node Type": "Nested Loop",
                                                                                                                "Parent Relationship": "Outer",
                                                                                                                "Parallel Aware": false,
                                                                                                                "Async Capable": false,
                                                                                                                "Join Type": "Inner",
                                                                                                                "Startup Cost": 0.43,
                                                                                                                "Total Cost": 6461.84,
                                                                                                                "Plan Rows": 101,
                                                                                                                "Plan Width": 4,
                                                                                                                "Actual Startup Time": 0.037,
                                                                                                                "Actual Total Time": 10.808,
                                                                                                                "Actual Rows": 9696,
                                                                                                                "Actual Loops": 1,
                                                                                                                "Inner Unique": false,
                                                                                                                "Plans": [
                                                                                                                    {
                                                                                                                        "Node Type": "Seq Scan",
                                                                                                                        "Parent Relationship": "Outer",
                                                                                                                        "Parallel Aware": false,
                                                                                                                        "Async Capable": false,
                                                                                                                        "Relation Name": "keyword",
                                                                                                                        "Alias": "k",
                                                                                                                        "Startup Cost": 0.0,
                                                                                                                        "Total Cost": 2852.84,
                                                                                                                        "Plan Rows": 3,
                                                                                                                        "Plan Width": 4,
                                                                                                                        "Actual Startup Time": 0.005,
                                                                                                                        "Actual Total Time": 5.451,
                                                                                                                        "Actual Rows": 3,
                                                                                                                        "Actual Loops": 1,
                                                                                                                        "Filter": "(keyword = ANY ('{hero,martial-arts,hand-to-hand-combat}'::text[]))",
                                                                                                                        "Rows Removed by Filter": 134167
                                                                                                                    },
                                                                                                                    {
                                                                                                                        "Node Type": "Index Scan",
                                                                                                                        "Parent Relationship": "Inner",
                                                                                                                        "Parallel Aware": false,
                                                                                                                        "Async Capable": false,
                                                                                                                        "Scan Direction": "Forward",
                                                                                                                        "Index Name": "keyword_id_movie_keyword",
                                                                                                                        "Relation Name": "movie_keyword",
                                                                                                                        "Alias": "mk",
                                                                                                                        "Startup Cost": 0.43,
                                                                                                                        "Total Cost": 1199.97,
                                                                                                                        "Plan Rows": 303,
                                                                                                                        "Plan Width": 8,
                                                                                                                        "Actual Startup Time": 0.014,
                                                                                                                        "Actual Total Time": 1.641,
                                                                                                                        "Actual Rows": 3232,
                                                                                                                        "Actual Loops": 3,
                                                                                                                        "Index Cond": "(keyword_id = k.id)",
                                                                                                                        "Rows Removed by Index Recheck": 0
                                                                                                                    }
                                                                                                                ]
                                                                                                            },
                                                                                                            {
                                                                                                                "Node Type": "Index Scan",
                                                                                                                "Parent Relationship": "Inner",
                                                                                                                "Parallel Aware": false,
                                                                                                                "Async Capable": false,
                                                                                                                "Scan Direction": "Forward",
                                                                                                                "Index Name": "title_pkey",
                                                                                                                "Relation Name": "title",
                                                                                                                "Alias": "t",
                                                                                                                "Startup Cost": 0.43,
                                                                                                                "Total Cost": 1.6,
                                                                                                                "Plan Rows": 1,
                                                                                                                "Plan Width": 21,
                                                                                                                "Actual Startup Time": 0.001,
                                                                                                                "Actual Total Time": 0.001,
                                                                                                                "Actual Rows": 0,
                                                                                                                "Actual Loops": 9696,
                                                                                                                "Index Cond": "(id = mk.movie_id)",
                                                                                                                "Rows Removed by Index Recheck": 0,
                                                                                                                "Filter": "(production_year > 2010)",
                                                                                                                "Rows Removed by Filter": 1
                                                                                                            }
                                                                                                        ]
                                                                                                    },
                                                                                                    {
                                                                                                        "Node Type": "Index Scan",
                                                                                                        "Parent Relationship": "Inner",
                                                                                                        "Parallel Aware": false,
                                                                                                        "Async Capable": false,
                                                                                                        "Scan Direction": "Forward",
                                                                                                        "Index Name": "movie_id_movie_info",
                                                                                                        "Relation Name": "movie_info",
                                                                                                        "Alias": "mi",
                                                                                                        "Startup Cost": 0.43,
                                                                                                        "Total Cost": 28.6,
                                                                                                        "Plan Rows": 2,
                                                                                                        "Plan Width": 8,
                                                                                                        "Actual Startup Time": 0.006,
                                                                                                        "Actual Total Time": 0.015,
                                                                                                        "Actual Rows": 1,
                                                                                                        "Actual Loops": 495,
                                                                                                        "Index Cond": "(movie_id = mk.movie_id)",
                                                                                                        "Rows Removed by Index Recheck": 0,
                                                                                                        "Filter": "((info IS NOT NULL) AND ((info ~~ 'Japan:%201%'::text) OR (info ~~ 'USA:%201%'::text)))",
                                                                                                        "Rows Removed by Filter": 70
                                                                                                    }
                                                                                                ]
                                                                                            }
                                                                                        ]
                                                                                    },
                                                                                    {
                                                                                        "Node Type": "Index Scan",
                                                                                        "Parent Relationship": "Inner",
                                                                                        "Parallel Aware": false,
                                                                                        "Async Capable": false,
                                                                                        "Scan Direction": "Forward",
                                                                                        "Index Name": "movie_id_cast_info",
                                                                                        "Relation Name": "cast_info",
                                                                                        "Alias": "ci",
                                                                                        "Startup Cost": 0.44,
                                                                                        "Total Cost": 31.55,
                                                                                        "Plan Rows": 1,
                                                                                        "Plan Width": 16,
                                                                                        "Actual Startup Time": 0.025,
                                                                                        "Actual Total Time": 0.039,
                                                                                        "Actual Rows": 6,
                                                                                        "Actual Loops": 738,
                                                                                        "Index Cond": "(movie_id = mk.movie_id)",
                                                                                        "Rows Removed by Index Recheck": 0,
                                                                                        "Filter": "(note = ANY ('{(voice),\"(voice: Japanese version)\",\"(voice) (uncredited)\",\"(voice: English version)\"}'::text[]))",
                                                                                        "Rows Removed by Filter": 128
                                                                                    }
                                                                                ]
                                                                            },
                                                                            {
                                                                                "Node Type": "Index Scan",
                                                                                "Parent Relationship": "Inner",
                                                                                "Parallel Aware": false,
                                                                                "Async Capable": false,
                                                                                "Scan Direction": "Forward",
                                                                                "Index Name": "movie_id_movie_companies",
                                                                                "Relation Name": "movie_companies",
                                                                                "Alias": "mc",
                                                                                "Startup Cost": 0.43,
                                                                                "Total Cost": 3.39,
                                                                                "Plan Rows": 5,
                                                                                "Plan Width": 8,
                                                                                "Actual Startup Time": 0.001,
                                                                                "Actual Total Time": 0.001,
                                                                                "Actual Rows": 8,
                                                                                "Actual Loops": 4439,
                                                                                "Index Cond": "(movie_id = mk.movie_id)",
                                                                                "Rows Removed by Index Recheck": 0
                                                                            }
                                                                        ]
                                                                    },
                                                                    {
                                                                        "Node Type": "Index Scan",
                                                                        "Parent Relationship": "Inner",
                                                                        "Parallel Aware": false,
                                                                        "Async Capable": false,
                                                                        "Scan Direction": "Forward",
                                                                        "Index Name": "company_name_pkey",
                                                                        "Relation Name": "company_name",
                                                                        "Alias": "cn",
                                                                        "Startup Cost": 0.42,
                                                                        "Total Cost": 1.48,
                                                                        "Plan Rows": 1,
                                                                        "Plan Width": 4,
                                                                        "Actual Startup Time": 0.001,
                                                                        "Actual Total Time": 0.001,
                                                                        "Actual Rows": 0,
                                                                        "Actual Loops": 36400,
                                                                        "Index Cond": "(id = mc.company_id)",
                                                                        "Rows Removed by Index Recheck": 0,
                                                                        "Filter": "((country_code)::text = '[us]'::text)",
                                                                        "Rows Removed by Filter": 1
                                                                    }
                                                                ]
                                                            },
                                                            {
                                                                "Node Type": "Index Only Scan",
                                                                "Parent Relationship": "Inner",
                                                                "Parallel Aware": false,
                                                                "Async Capable": false,
                                                                "Scan Direction": "Forward",
                                                                "Index Name": "person_id_aka_name",
                                                                "Relation Name": "aka_name",
                                                                "Alias": "an",
                                                                "Startup Cost": 0.42,
                                                                "Total Cost": 2.09,
                                                                "Plan Rows": 2,
                                                                "Plan Width": 4,
                                                                "Actual Startup Time": 0.001,
                                                                "Actual Total Time": 0.001,
                                                                "Actual Rows": 3,
                                                                "Actual Loops": 13758,
                                                                "Index Cond": "(person_id = ci.person_id)",
                                                                "Rows Removed by Index Recheck": 0,
                                                                "Heap Fetches": 36786
                                                            }
                                                        ]
                                                    },
                                                    {
                                                        "Node Type": "Index Scan",
                                                        "Parent Relationship": "Inner",
                                                        "Parallel Aware": false,
                                                        "Async Capable": false,
                                                        "Scan Direction": "Forward",
                                                        "Index Name": "char_name_pkey",
                                                        "Relation Name": "char_name",
                                                        "Alias": "chn",
                                                        "Startup Cost": 0.43,
                                                        "Total Cost": 1.74,
                                                        "Plan Rows": 1,
                                                        "Plan Width": 20,
                                                        "Actual Startup Time": 0.0,
                                                        "Actual Total Time": 0.0,
                                                        "Actual Rows": 1,
                                                        "Actual Loops": 36786,
                                                        "Index Cond": "(id = ci.person_role_id)",
                                                        "Rows Removed by Index Recheck": 0
                                                    }
                                                ]
                                            },
                                            {
                                                "Node Type": "Index Scan",
                                                "Parent Relationship": "Inner",
                                                "Parallel Aware": false,
                                                "Async Capable": false,
                                                "Scan Direction": "Forward",
                                                "Index Name": "name_pkey",
                                                "Relation Name": "name",
                                                "Alias": "n",
                                                "Startup Cost": 0.43,
                                                "Total Cost": 1.84,
                                                "Plan Rows": 1,
                                                "Plan Width": 19,
                                                "Actual Startup Time": 0.001,
                                                "Actual Total Time": 0.001,
                                                "Actual Rows": 0,
                                                "Actual Loops": 36578,
                                                "Index Cond": "(id = an.person_id)",
                                                "Rows Removed by Index Recheck": 0,
                                                "Filter": "((name ~~ '%An%'::text) AND ((gender)::text = 'f'::text))",
                                                "Rows Removed by Filter": 1
                                            }
                                        ]
                                    },
                                    {
                                        "Node Type": "Seq Scan",
                                        "Parent Relationship": "Inner",
                                        "Parallel Aware": false,
                                        "Async Capable": false,
                                        "Relation Name": "role_type",
                                        "Alias": "rt",
                                        "Startup Cost": 0.0,
                                        "Total Cost": 1.15,
                                        "Plan Rows": 1,
                                        "Plan Width": 4,
                                        "Actual Startup Time": 0.0,
                                        "Actual Total Time": 0.0,
                                        "Actual Rows": 1,
                                        "Actual Loops": 275,
                                        "Filter": "((role)::text = 'actress'::text)",
                                        "Rows Removed by Filter": 1
                                    }
                                ]
                            }
                        ]
                    },
                    "Planning Time": 28.068,
                    "Triggers": [],
                    "Execution Time": 146.721
                }
            ],
            "hints": [
                "SET enable_hashjoin TO on",
                "SET enable_indexonlyscan TO on",
                "SET enable_indexscan TO on",
                "SET enable_mergejoin TO off",
                "SET enable_nestloop TO on",
                "SET enable_seqscan TO on"
            ]
        }
    ]
}