{
    "sql_file": "job23c.sql",
    "query": "SELECT MIN(kt.kind) AS movie_kind, MIN(t.title) AS complete_us_internet_movie FROM complete_cast AS cc, comp_cast_type AS cct1, company_name AS cn, company_type AS ct, info_type AS it1, keyword AS k, kind_type AS kt, movie_companies AS mc, movie_info AS mi, movie_keyword AS mk, title AS t WHERE cct1.kind  = 'complete+verified' AND cn.country_code  = '[us]' AND it1.info  = 'release dates' AND kt.kind  in ('movie', 'tv movie', 'video movie', 'video game') AND mi.note  like '%internet%' AND mi.info  is not NULL and (mi.info like 'USA:% 199%' or mi.info like 'USA:% 200%') AND t.production_year  > 1990 AND kt.id = t.kind_id AND t.id = mi.movie_id AND t.id = mk.movie_id AND t.id = mc.movie_id AND t.id = cc.movie_id AND mk.movie_id = mi.movie_id AND mk.movie_id = mc.movie_id AND mk.movie_id = cc.movie_id AND mi.movie_id = mc.movie_id AND mi.movie_id = cc.movie_id AND mc.movie_id = cc.movie_id AND k.id = mk.keyword_id AND it1.id = mi.info_type_id AND cn.id = mc.company_id AND ct.id = mc.company_type_id AND cct1.id = cc.status_id;",
    "results": [
        {
            "arm": 0,
            "execution_time": 117.656,
            "plan": [
                {
                    "Plan": {
                        "Node Type": "Aggregate",
                        "Strategy": "Plain",
                        "Partial Mode": "Finalize",
                        "Parallel Aware": false,
                        "Async Capable": false,
                        "Startup Cost": 56222.95,
                        "Total Cost": 56222.96,
                        "Plan Rows": 1,
                        "Plan Width": 64,
                        "Actual Startup Time": 104.884,
                        "Actual Total Time": 117.596,
                        "Actual Rows": 1,
                        "Actual Loops": 1,
                        "Plans": [
                            {
                                "Node Type": "Gather",
                                "Parent Relationship": "Outer",
                                "Parallel Aware": false,
                                "Async Capable": false,
                                "Startup Cost": 56222.52,
                                "Total Cost": 56222.93,
                                "Plan Rows": 4,
                                "Plan Width": 64,
                                "Actual Startup Time": 104.764,
                                "Actual Total Time": 117.592,
                                "Actual Rows": 5,
                                "Actual Loops": 1,
                                "Workers Planned": 4,
                                "Workers Launched": 4,
                                "Single Copy": false,
                                "Plans": [
                                    {
                                        "Node Type": "Aggregate",
                                        "Strategy": "Plain",
                                        "Partial Mode": "Partial",
                                        "Parent Relationship": "Outer",
                                        "Parallel Aware": false,
                                        "Async Capable": false,
                                        "Startup Cost": 55222.52,
                                        "Total Cost": 55222.53,
                                        "Plan Rows": 1,
                                        "Plan Width": 64,
                                        "Actual Startup Time": 102.602,
                                        "Actual Total Time": 102.61,
                                        "Actual Rows": 1,
                                        "Actual Loops": 5,
                                        "Workers": [],
                                        "Plans": [
                                            {
                                                "Node Type": "Nested Loop",
                                                "Parent Relationship": "Outer",
                                                "Parallel Aware": false,
                                                "Async Capable": false,
                                                "Join Type": "Inner",
                                                "Startup Cost": 3243.96,
                                                "Total Cost": 55222.52,
                                                "Plan Rows": 1,
                                                "Plan Width": 27,
                                                "Actual Startup Time": 88.894,
                                                "Actual Total Time": 102.597,
                                                "Actual Rows": 126,
                                                "Actual Loops": 5,
                                                "Inner Unique": true,
                                                "Workers": [],
                                                "Plans": [
                                                    {
                                                        "Node Type": "Nested Loop",
                                                        "Parent Relationship": "Outer",
                                                        "Parallel Aware": false,
                                                        "Async Capable": false,
                                                        "Join Type": "Inner",
                                                        "Startup Cost": 3243.54,
                                                        "Total Cost": 55222.08,
                                                        "Plan Rows": 1,
                                                        "Plan Width": 31,
                                                        "Actual Startup Time": 88.873,
                                                        "Actual Total Time": 102.369,
                                                        "Actual Rows": 126,
                                                        "Actual Loops": 5,
                                                        "Inner Unique": true,
                                                        "Workers": [],
                                                        "Plans": [
                                                            {
                                                                "Node Type": "Nested Loop",
                                                                "Parent Relationship": "Outer",
                                                                "Parallel Aware": false,
                                                                "Async Capable": false,
                                                                "Join Type": "Inner",
                                                                "Startup Cost": 3243.41,
                                                                "Total Cost": 55221.93,
                                                                "Plan Rows": 1,
                                                                "Plan Width": 35,
                                                                "Actual Startup Time": 88.862,
                                                                "Actual Total Time": 102.315,
                                                                "Actual Rows": 126,
                                                                "Actual Loops": 5,
                                                                "Inner Unique": true,
                                                                "Workers": [],
                                                                "Plans": [
                                                                    {
                                                                        "Node Type": "Nested Loop",
                                                                        "Parent Relationship": "Outer",
                                                                        "Parallel Aware": false,
                                                                        "Async Capable": false,
                                                                        "Join Type": "Inner",
                                                                        "Startup Cost": 3242.99,
                                                                        "Total Cost": 55221.48,
                                                                        "Plan Rows": 1,
                                                                        "Plan Width": 39,
                                                                        "Actual Startup Time": 88.849,
                                                                        "Actual Total Time": 102.23,
                                                                        "Actual Rows": 126,
                                                                        "Actual Loops": 5,
                                                                        "Inner Unique": false,
                                                                        "Join Filter": "(mc.movie_id = t.id)",
                                                                        "Rows Removed by Join Filter": 0,
                                                                        "Workers": [],
                                                                        "Plans": [
                                                                            {
                                                                                "Node Type": "Nested Loop",
                                                                                "Parent Relationship": "Outer",
                                                                                "Parallel Aware": false,
                                                                                "Async Capable": false,
                                                                                "Join Type": "Inner",
                                                                                "Startup Cost": 3242.56,
                                                                                "Total Cost": 55220.88,
                                                                                "Plan Rows": 1,
                                                                                "Plan Width": 47,
                                                                                "Actual Startup Time": 88.834,
                                                                                "Actual Total Time": 102.138,
                                                                                "Actual Rows": 125,
                                                                                "Actual Loops": 5,
                                                                                "Inner Unique": false,
                                                                                "Workers": [],
                                                                                "Plans": [
                                                                                    {
                                                                                        "Node Type": "Nested Loop",
                                                                                        "Parent Relationship": "Outer",
                                                                                        "Parallel Aware": false,
                                                                                        "Async Capable": false,
                                                                                        "Join Type": "Inner",
                                                                                        "Startup Cost": 3242.13,
                                                                                        "Total Cost": 55219.1,
                                                                                        "Plan Rows": 1,
                                                                                        "Plan Width": 39,
                                                                                        "Actual Startup Time": 88.818,
                                                                                        "Actual Total Time": 102.103,
                                                                                        "Actual Rows": 1,
                                                                                        "Actual Loops": 5,
                                                                                        "Inner Unique": true,
                                                                                        "Workers": [],
                                                                                        "Plans": [
                                                                                            {
                                                                                                "Node Type": "Nested Loop",
                                                                                                "Parent Relationship": "Outer",
                                                                                                "Parallel Aware": false,
                                                                                                "Async Capable": false,
                                                                                                "Join Type": "Inner",
                                                                                                "Startup Cost": 3241.98,
                                                                                                "Total Cost": 55218.83,
                                                                                                "Plan Rows": 1,
                                                                                                "Plan Width": 43,
                                                                                                "Actual Startup Time": 88.798,
                                                                                                "Actual Total Time": 102.081,
                                                                                                "Actual Rows": 1,
                                                                                                "Actual Loops": 5,
                                                                                                "Inner Unique": false,
                                                                                                "Workers": [],
                                                                                                "Plans": [
                                                                                                    {
                                                                                                        "Node Type": "Hash Join",
                                                                                                        "Parent Relationship": "Outer",
                                                                                                        "Parallel Aware": false,
                                                                                                        "Async Capable": false,
                                                                                                        "Join Type": "Inner",
                                                                                                        "Startup Cost": 3241.54,
                                                                                                        "Total Cost": 48875.91,
                                                                                                        "Plan Rows": 3341,
                                                                                                        "Plan Width": 35,
                                                                                                        "Actual Startup Time": 40.545,
                                                                                                        "Actual Total Time": 64.641,
                                                                                                        "Actual Rows": 1011,
                                                                                                        "Actual Loops": 5,
                                                                                                        "Inner Unique": true,
                                                                                                        "Hash Cond": "(t.kind_id = kt.id)",
                                                                                                        "Workers": [],
                                                                                                        "Plans": [
                                                                                                            {
                                                                                                                "Node Type": "Hash Join",
                                                                                                                "Parent Relationship": "Outer",
                                                                                                                "Parallel Aware": false,
                                                                                                                "Async Capable": false,
                                                                                                                "Join Type": "Inner",
                                                                                                                "Startup Cost": 3240.39,
                                                                                                                "Total Cost": 48850.12,
                                                                                                                "Plan Rows": 5846,
                                                                                                                "Plan Width": 29,
                                                                                                                "Actual Startup Time": 11.526,
                                                                                                                "Actual Total Time": 64.522,
                                                                                                                "Actual Rows": 1285,
                                                                                                                "Actual Loops": 5,
                                                                                                                "Inner Unique": false,
                                                                                                                "Hash Cond": "(t.id = cc.movie_id)",
                                                                                                                "Workers": [],
                                                                                                                "Plans": [
                                                                                                                    {
                                                                                                                        "Node Type": "Seq Scan",
                                                                                                                        "Parent Relationship": "Outer",
                                                                                                                        "Parallel Aware": true,
                                                                                                                        "Async Capable": false,
                                                                                                                        "Relation Name": "title",
                                                                                                                        "Alias": "t",
                                                                                                                        "Startup Cost": 0.0,
                                                                                                                        "Total Cost": 43909.73,
                                                                                                                        "Plan Rows": 437742,
                                                                                                                        "Plan Width": 25,
                                                                                                                        "Actual Startup Time": 0.006,
                                                                                                                        "Actual Total Time": 32.069,
                                                                                                                        "Actual Rows": 349806,
                                                                                                                        "Actual Loops": 5,
                                                                                                                        "Filter": "(production_year > 1990)",
                                                                                                                        "Rows Removed by Filter": 155856,
                                                                                                                        "Workers": []
                                                                                                                    },
                                                                                                                    {
                                                                                                                        "Node Type": "Hash",
                                                                                                                        "Parent Relationship": "Inner",
                                                                                                                        "Parallel Aware": false,
                                                                                                                        "Async Capable": false,
                                                                                                                        "Startup Cost": 2818.24,
                                                                                                                        "Total Cost": 2818.24,
                                                                                                                        "Plan Rows": 33772,
                                                                                                                        "Plan Width": 4,
                                                                                                                        "Actual Startup Time": 11.321,
                                                                                                                        "Actual Total Time": 11.323,
                                                                                                                        "Actual Rows": 24592,
                                                                                                                        "Actual Loops": 5,
                                                                                                                        "Hash Buckets": 65536,
                                                                                                                        "Original Hash Buckets": 65536,
                                                                                                                        "Hash Batches": 1,
                                                                                                                        "Original Hash Batches": 1,
                                                                                                                        "Peak Memory Usage": 1377,
                                                                                                                        "Workers": [],
                                                                                                                        "Plans": [
                                                                                                                            {
                                                                                                                                "Node Type": "Hash Join",
                                                                                                                                "Parent Relationship": "Outer",
                                                                                                                                "Parallel Aware": false,
                                                                                                                                "Async Capable": false,
                                                                                                                                "Join Type": "Inner",
                                                                                                                                "Startup Cost": 1.06,
                                                                                                                                "Total Cost": 2818.24,
                                                                                                                                "Plan Rows": 33772,
                                                                                                                                "Plan Width": 4,
                                                                                                                                "Actual Startup Time": 0.016,
                                                                                                                                "Actual Total Time": 10.172,
                                                                                                                                "Actual Rows": 24592,
                                                                                                                                "Actual Loops": 5,
                                                                                                                                "Inner Unique": true,
                                                                                                                                "Hash Cond": "(cc.status_id = cct1.id)",
                                                                                                                                "Workers": [],
                                                                                                                                "Plans": [
                                                                                                                                    {
                                                                                                                                        "Node Type": "Seq Scan",
                                                                                                                                        "Parent Relationship": "Outer",
                                                                                                                                        "Parallel Aware": false,
                                                                                                                                        "Async Capable": false,
                                                                                                                                        "Relation Name": "complete_cast",
                                                                                                                                        "Alias": "cc",
                                                                                                                                        "Startup Cost": 0.0,
                                                                                                                                        "Total Cost": 2086.86,
                                                                                                                                        "Plan Rows": 135086,
                                                                                                                                        "Plan Width": 8,
                                                                                                                                        "Actual Startup Time": 0.006,
                                                                                                                                        "Actual Total Time": 5.043,
                                                                                                                                        "Actual Rows": 135086,
                                                                                                                                        "Actual Loops": 5,
                                                                                                                                        "Workers": []
                                                                                                                                    },
                                                                                                                                    {
                                                                                                                                        "Node Type": "Hash",
                                                                                                                                        "Parent Relationship": "Inner",
                                                                                                                                        "Parallel Aware": false,
                                                                                                                                        "Async Capable": false,
                                                                                                                                        "Startup Cost": 1.05,
                                                                                                                                        "Total Cost": 1.05,
                                                                                                                                        "Plan Rows": 1,
                                                                                                                                        "Plan Width": 4,
                                                                                                                                        "Actual Startup Time": 0.005,
                                                                                                                                        "Actual Total Time": 0.006,
                                                                                                                                        "Actual Rows": 1,
                                                                                                                                        "Actual Loops": 5,
                                                                                                                                        "Hash Buckets": 1024,
                                                                                                                                        "Original Hash Buckets": 1024,
                                                                                                                                        "Hash Batches": 1,
                                                                                                                                        "Original Hash Batches": 1,
                                                                                                                                        "Peak Memory Usage": 9,
                                                                                                                                        "Workers": [],
                                                                                                                                        "Plans": [
                                                                                                                                            {
                                                                                                                                                "Node Type": "Seq Scan",
                                                                                                                                                "Parent Relationship": "Outer",
                                                                                                                                                "Parallel Aware": false,
                                                                                                                                                "Async Capable": false,
                                                                                                                                                "Relation Name": "comp_cast_type",
                                                                                                                                                "Alias": "cct1",
                                                                                                                                                "Startup Cost": 0.0,
                                                                                                                                                "Total Cost": 1.05,
                                                                                                                                                "Plan Rows": 1,
                                                                                                                                                "Plan Width": 4,
                                                                                                                                                "Actual Startup Time": 0.004,
                                                                                                                                                "Actual Total Time": 0.005,
                                                                                                                                                "Actual Rows": 1,
                                                                                                                                                "Actual Loops": 5,
                                                                                                                                                "Filter": "((kind)::text = 'complete+verified'::text)",
                                                                                                                                                "Rows Removed by Filter": 3,
                                                                                                                                                "Workers": []
                                                                                                                                            }
                                                                                                                                        ]
                                                                                                                                    }
                                                                                                                                ]
                                                                                                                            }
                                                                                                                        ]
                                                                                                                    }
                                                                                                                ]
                                                                                                            },
                                                                                                            {
                                                                                                                "Node Type": "Hash",
                                                                                                                "Parent Relationship": "Inner",
                                                                                                                "Parallel Aware": false,
                                                                                                                "Async Capable": false,
                                                                                                                "Startup Cost": 1.1,
                                                                                                                "Total Cost": 1.1,
                                                                                                                "Plan Rows": 4,
                                                                                                                "Plan Width": 14,
                                                                                                                "Actual Startup Time": 0.011,
                                                                                                                "Actual Total Time": 0.011,
                                                                                                                "Actual Rows": 4,
                                                                                                                "Actual Loops": 5,
                                                                                                                "Hash Buckets": 1024,
                                                                                                                "Original Hash Buckets": 1024,
                                                                                                                "Hash Batches": 1,
                                                                                                                "Original Hash Batches": 1,
                                                                                                                "Peak Memory Usage": 9,
                                                                                                                "Workers": [],
                                                                                                                "Plans": [
                                                                                                                    {
                                                                                                                        "Node Type": "Seq Scan",
                                                                                                                        "Parent Relationship": "Outer",
                                                                                                                        "Parallel Aware": false,
                                                                                                                        "Async Capable": false,
                                                                                                                        "Relation Name": "kind_type",
                                                                                                                        "Alias": "kt",
                                                                                                                        "Startup Cost": 0.0,
                                                                                                                        "Total Cost": 1.1,
                                                                                                                        "Plan Rows": 4,
                                                                                                                        "Plan Width": 14,
                                                                                                                        "Actual Startup Time": 0.008,
                                                                                                                        "Actual Total Time": 0.009,
                                                                                                                        "Actual Rows": 4,
                                                                                                                        "Actual Loops": 5,
                                                                                                                        "Filter": "((kind)::text = ANY ('{movie,\"tv movie\",\"video movie\",\"video game\"}'::text[]))",
                                                                                                                        "Rows Removed by Filter": 3,
                                                                                                                        "Workers": []
                                                                                                                    }
                                                                                                                ]
                                                                                                            }
                                                                                                        ]
                                                                                                    },
                                                                                                    {
                                                                                                        "Node Type": "Index Scan",
                                                                                                        "Parent Relationship": "Inner",
                                                                                                        "Parallel Aware": false,
                                                                                                        "Async Capable": false,
                                                                                                        "Scan Direction": "Forward",
                                                                                                        "Index Name": "movie_id_movie_info",
                                                                                                        "Relation Name": "movie_info",
                                                                                                        "Alias": "mi",
                                                                                                        "Startup Cost": 0.43,
                                                                                                        "Total Cost": 1.89,
                                                                                                        "Plan Rows": 1,
                                                                                                        "Plan Width": 8,
                                                                                                        "Actual Startup Time": 0.037,
                                                                                                        "Actual Total Time": 0.037,
                                                                                                        "Actual Rows": 0,
                                                                                                        "Actual Loops": 5053,
                                                                                                        "Index Cond": "(movie_id = t.id)",
                                                                                                        "Rows Removed by Index Recheck": 0,
                                                                                                        "Filter": "((info IS NOT NULL) AND (note ~~ '%internet%'::text) AND ((info ~~ 'USA:% 199%'::text) OR (info ~~ 'USA:% 200%'::text)))",
                                                                                                        "Rows Removed by Filter": 123,
                                                                                                        "Workers": []
                                                                                                    }
                                                                                                ]
                                                                                            },
                                                                                            {
                                                                                                "Node Type": "Memoize",
                                                                                                "Parent Relationship": "Inner",
                                                                                                "Parallel Aware": false,
                                                                                                "Async Capable": false,
                                                                                                "Startup Cost": 0.15,
                                                                                                "Total Cost": 0.26,
                                                                                                "Plan Rows": 1,
                                                                                                "Plan Width": 4,
                                                                                                "Actual Startup Time": 0.016,
                                                                                                "Actual Total Time": 0.016,
                                                                                                "Actual Rows": 1,
                                                                                                "Actual Loops": 6,
                                                                                                "Cache Key": "mi.info_type_id",
                                                                                                "Cache Mode": "logical",
                                                                                                "Workers": [
                                                                                                    {
                                                                                                        "Worker Number": 0,
                                                                                                        "Cache Hits": 3,
                                                                                                        "Cache Misses": 1,
                                                                                                        "Cache Evictions": 0,
                                                                                                        "Cache Overflows": 0,
                                                                                                        "Peak Memory Usage": 1
                                                                                                    },
                                                                                                    {
                                                                                                        "Worker Number": 1,
                                                                                                        "Cache Hits": 0,
                                                                                                        "Cache Misses": 1,
                                                                                                        "Cache Evictions": 0,
                                                                                                        "Cache Overflows": 0,
                                                                                                        "Peak Memory Usage": 1
                                                                                                    },
                                                                                                    {
                                                                                                        "Worker Number": 3,
                                                                                                        "Cache Hits": 0,
                                                                                                        "Cache Misses": 1,
                                                                                                        "Cache Evictions": 0,
                                                                                                        "Cache Overflows": 0,
                                                                                                        "Peak Memory Usage": 1
                                                                                                    }
                                                                                                ],
                                                                                                "Plans": [
                                                                                                    {
                                                                                                        "Node Type": "Index Scan",
                                                                                                        "Parent Relationship": "Outer",
                                                                                                        "Parallel Aware": false,
                                                                                                        "Async Capable": false,
                                                                                                        "Scan Direction": "Forward",
                                                                                                        "Index Name": "info_type_pkey",
                                                                                                        "Relation Name": "info_type",
                                                                                                        "Alias": "it1",
                                                                                                        "Startup Cost": 0.14,
                                                                                                        "Total Cost": 0.25,
                                                                                                        "Plan Rows": 1,
                                                                                                        "Plan Width": 4,
                                                                                                        "Actual Startup Time": 0.028,
                                                                                                        "Actual Total Time": 0.028,
                                                                                                        "Actual Rows": 1,
                                                                                                        "Actual Loops": 3,
                                                                                                        "Index Cond": "(id = mi.info_type_id)",
                                                                                                        "Rows Removed by Index Recheck": 0,
                                                                                                        "Filter": "((info)::text = 'release dates'::text)",
                                                                                                        "Rows Removed by Filter": 0,
                                                                                                        "Workers": []
                                                                                                    }
                                                                                                ]
                                                                                            }
                                                                                        ]
                                                                                    },
                                                                                    {
                                                                                        "Node Type": "Index Scan",
                                                                                        "Parent Relationship": "Inner",
                                                                                        "Parallel Aware": false,
                                                                                        "Async Capable": false,
                                                                                        "Scan Direction": "Forward",
                                                                                        "Index Name": "movie_id_movie_keyword",
                                                                                        "Relation Name": "movie_keyword",
                                                                                        "Alias": "mk",
                                                                                        "Startup Cost": 0.43,
                                                                                        "Total Cost": 1.31,
                                                                                        "Plan Rows": 46,
                                                                                        "Plan Width": 8,
                                                                                        "Actual Startup Time": 0.014,
                                                                                        "Actual Total Time": 0.022,
                                                                                        "Actual Rows": 104,
                                                                                        "Actual Loops": 6,
                                                                                        "Index Cond": "(movie_id = t.id)",
                                                                                        "Rows Removed by Index Recheck": 0,
                                                                                        "Workers": []
                                                                                    }
                                                                                ]
                                                                            },
                                                                            {
                                                                                "Node Type": "Index Scan",
                                                                                "Parent Relationship": "Inner",
                                                                                "Parallel Aware": false,
                                                                                "Async Capable": false,
                                                                                "Scan Direction": "Forward",
                                                                                "Index Name": "movie_id_movie_companies",
                                                                                "Relation Name": "movie_companies",
                                                                                "Alias": "mc",
                                                                                "Startup Cost": 0.43,
                                                                                "Total Cost": 0.54,
                                                                                "Plan Rows": 5,
                                                                                "Plan Width": 12,
                                                                                "Actual Startup Time": 0.001,
                                                                                "Actual Total Time": 0.001,
                                                                                "Actual Rows": 1,
                                                                                "Actual Loops": 625,
                                                                                "Index Cond": "(movie_id = mk.movie_id)",
                                                                                "Rows Removed by Index Recheck": 0,
                                                                                "Workers": []
                                                                            }
                                                                        ]
                                                                    },
                                                                    {
                                                                        "Node Type": "Index Scan",
                                                                        "Parent Relationship": "Inner",
                                                                        "Parallel Aware": false,
                                                                        "Async Capable": false,
                                                                        "Scan Direction": "Forward",
                                                                        "Index Name": "company_name_pkey",
                                                                        "Relation Name": "company_name",
                                                                        "Alias": "cn",
                                                                        "Startup Cost": 0.42,
                                                                        "Total Cost": 0.45,
                                                                        "Plan Rows": 1,
                                                                        "Plan Width": 4,
                                                                        "Actual Startup Time": 0.001,
                                                                        "Actual Total Time": 0.001,
                                                                        "Actual Rows": 1,
                                                                        "Actual Loops": 628,
                                                                        "Index Cond": "(id = mc.company_id)",
                                                                        "Rows Removed by Index Recheck": 0,
                                                                        "Filter": "((country_code)::text = '[us]'::text)",
                                                                        "Rows Removed by Filter": 0,
                                                                        "Workers": []
                                                                    }
                                                                ]
                                                            },
                                                            {
                                                                "Node Type": "Index Only Scan",
                                                                "Parent Relationship": "Inner",
                                                                "Parallel Aware": false,
                                                                "Async Capable": false,
                                                                "Scan Direction": "Forward",
                                                                "Index Name": "company_type_pkey",
                                                                "Relation Name": "company_type",
                                                                "Alias": "ct",
                                                                "Startup Cost": 0.13,
                                                                "Total Cost": 0.15,
                                                                "Plan Rows": 1,
                                                                "Plan Width": 4,
                                                                "Actual Startup Time": 0.0,
                                                                "Actual Total Time": 0.0,
                                                                "Actual Rows": 1,
                                                                "Actual Loops": 628,
                                                                "Index Cond": "(id = mc.company_type_id)",
                                                                "Rows Removed by Index Recheck": 0,
                                                                "Heap Fetches": 628,
                                                                "Workers": []
                                                            }
                                                        ]
                                                    },
                                                    {
                                                        "Node Type": "Index Only Scan",
                                                        "Parent Relationship": "Inner",
                                                        "Parallel Aware": false,
                                                        "Async Capable": false,
                                                        "Scan Direction": "Forward",
                                                        "Index Name": "keyword_pkey",
                                                        "Relation Name": "keyword",
                                                        "Alias": "k",
                                                        "Startup Cost": 0.42,
                                                        "Total Cost": 0.44,
                                                        "Plan Rows": 1,
                                                        "Plan Width": 4,
                                                        "Actual Startup Time": 0.002,
                                                        "Actual Total Time": 0.002,
                                                        "Actual Rows": 1,
                                                        "Actual Loops": 628,
                                                        "Index Cond": "(id = mk.keyword_id)",
                                                        "Rows Removed by Index Recheck": 0,
                                                        "Heap Fetches": 628,
                                                        "Workers": []
                                                    }
                                                ]
                                            }
                                        ]
                                    }
                                ]
                            }
                        ]
                    },
                    "Planning Time": 12.76,
                    "Triggers": [],
                    "Execution Time": 117.656
                }
            ],
            "hints": [
                "SET enable_hashjoin TO on",
                "SET enable_indexonlyscan TO on",
                "SET enable_indexscan TO on",
                "SET enable_mergejoin TO on",
                "SET enable_nestloop TO on",
                "SET enable_seqscan TO on"
            ]
        },
        {
            "arm": 1,
            "execution_time": 416.765,
            "plan": [
                {
                    "Plan": {
                        "Node Type": "Aggregate",
                        "Strategy": "Plain",
                        "Partial Mode": "Finalize",
                        "Parallel Aware": false,
                        "Async Capable": false,
                        "Startup Cost": 347219.15,
                        "Total Cost": 347219.16,
                        "Plan Rows": 1,
                        "Plan Width": 64,
                        "Actual Startup Time": 397.146,
                        "Actual Total Time": 416.699,
                        "Actual Rows": 1,
                        "Actual Loops": 1,
                        "Plans": [
                            {
                                "Node Type": "Gather",
                                "Parent Relationship": "Outer",
                                "Parallel Aware": false,
                                "Async Capable": false,
                                "Startup Cost": 347218.83,
                                "Total Cost": 347219.14,
                                "Plan Rows": 3,
                                "Plan Width": 64,
                                "Actual Startup Time": 396.952,
                                "Actual Total Time": 416.695,
                                "Actual Rows": 4,
                                "Actual Loops": 1,
                                "Workers Planned": 3,
                                "Workers Launched": 3,
                                "Single Copy": false,
                                "Plans": [
                                    {
                                        "Node Type": "Aggregate",
                                        "Strategy": "Plain",
                                        "Partial Mode": "Partial",
                                        "Parent Relationship": "Outer",
                                        "Parallel Aware": false,
                                        "Async Capable": false,
                                        "Startup Cost": 346218.83,
                                        "Total Cost": 346218.84,
                                        "Plan Rows": 1,
                                        "Plan Width": 64,
                                        "Actual Startup Time": 395.11,
                                        "Actual Total Time": 395.123,
                                        "Actual Rows": 1,
                                        "Actual Loops": 4,
                                        "Workers": [],
                                        "Plans": [
                                            {
                                                "Node Type": "Hash Join",
                                                "Parent Relationship": "Outer",
                                                "Parallel Aware": false,
                                                "Async Capable": false,
                                                "Join Type": "Inner",
                                                "Startup Cost": 301672.96,
                                                "Total Cost": 346218.82,
                                                "Plan Rows": 2,
                                                "Plan Width": 27,
                                                "Actual Startup Time": 375.624,
                                                "Actual Total Time": 395.111,
                                                "Actual Rows": 157,
                                                "Actual Loops": 4,
                                                "Inner Unique": true,
                                                "Hash Cond": "(mk.keyword_id = k.id)",
                                                "Workers": [],
                                                "Plans": [
                                                    {
                                                        "Node Type": "Hash Join",
                                                        "Parent Relationship": "Outer",
                                                        "Parallel Aware": false,
                                                        "Async Capable": false,
                                                        "Join Type": "Inner",
                                                        "Startup Cost": 297646.14,
                                                        "Total Cost": 342191.99,
                                                        "Plan Rows": 2,
                                                        "Plan Width": 31,
                                                        "Actual Startup Time": 363.047,
                                                        "Actual Total Time": 382.509,
                                                        "Actual Rows": 157,
                                                        "Actual Loops": 4,
                                                        "Inner Unique": false,
                                                        "Hash Cond": "(t.id = cc.movie_id)",
                                                        "Workers": [],
                                                        "Plans": [
                                                            {
                                                                "Node Type": "Hash Join",
                                                                "Parent Relationship": "Outer",
                                                                "Parallel Aware": true,
                                                                "Async Capable": false,
                                                                "Join Type": "Inner",
                                                                "Startup Cost": 294405.75,
                                                                "Total Cost": 338951.58,
                                                                "Plan Rows": 3,
                                                                "Plan Width": 47,
                                                                "Actual Startup Time": 309.013,
                                                                "Actual Total Time": 371.209,
                                                                "Actual Rows": 1540,
                                                                "Actual Loops": 4,
                                                                "Inner Unique": false,
                                                                "Hash Cond": "(mk.movie_id = t.id)",
                                                                "Workers": [],
                                                                "Plans": [
                                                                    {
                                                                        "Node Type": "Seq Scan",
                                                                        "Parent Relationship": "Outer",
                                                                        "Parallel Aware": true,
                                                                        "Async Capable": false,
                                                                        "Relation Name": "movie_keyword",
                                                                        "Alias": "mk",
                                                                        "Startup Cost": 0.0,
                                                                        "Total Cost": 39073.32,
                                                                        "Plan Rows": 1459332,
                                                                        "Plan Width": 8,
                                                                        "Actual Startup Time": 0.005,
                                                                        "Actual Total Time": 40.278,
                                                                        "Actual Rows": 1130982,
                                                                        "Actual Loops": 4,
                                                                        "Workers": []
                                                                    },
                                                                    {
                                                                        "Node Type": "Hash",
                                                                        "Parent Relationship": "Inner",
                                                                        "Parallel Aware": true,
                                                                        "Async Capable": false,
                                                                        "Startup Cost": 294405.74,
                                                                        "Total Cost": 294405.74,
                                                                        "Plan Rows": 1,
                                                                        "Plan Width": 39,
                                                                        "Actual Startup Time": 293.784,
                                                                        "Actual Total Time": 293.794,
                                                                        "Actual Rows": 434,
                                                                        "Actual Loops": 4,
                                                                        "Hash Buckets": 1024,
                                                                        "Original Hash Buckets": 1024,
                                                                        "Hash Batches": 1,
                                                                        "Original Hash Batches": 1,
                                                                        "Peak Memory Usage": 200,
                                                                        "Workers": [],
                                                                        "Plans": [
                                                                            {
                                                                                "Node Type": "Hash Join",
                                                                                "Parent Relationship": "Outer",
                                                                                "Parallel Aware": false,
                                                                                "Async Capable": false,
                                                                                "Join Type": "Inner",
                                                                                "Startup Cost": 289450.43,
                                                                                "Total Cost": 294405.74,
                                                                                "Plan Rows": 1,
                                                                                "Plan Width": 39,
                                                                                "Actual Startup Time": 288.753,
                                                                                "Actual Total Time": 293.723,
                                                                                "Actual Rows": 434,
                                                                                "Actual Loops": 4,
                                                                                "Inner Unique": true,
                                                                                "Hash Cond": "(t.kind_id = kt.id)",
                                                                                "Workers": [],
                                                                                "Plans": [
                                                                                    {
                                                                                        "Node Type": "Hash Join",
                                                                                        "Parent Relationship": "Outer",
                                                                                        "Parallel Aware": false,
                                                                                        "Async Capable": false,
                                                                                        "Join Type": "Inner",
                                                                                        "Startup Cost": 289449.27,
                                                                                        "Total Cost": 294404.58,
                                                                                        "Plan Rows": 1,
                                                                                        "Plan Width": 33,
                                                                                        "Actual Startup Time": 288.727,
                                                                                        "Actual Total Time": 293.659,
                                                                                        "Actual Rows": 662,
                                                                                        "Actual Loops": 4,
                                                                                        "Inner Unique": true,
                                                                                        "Hash Cond": "(mc.company_type_id = ct.id)",
                                                                                        "Workers": [],
                                                                                        "Plans": [
                                                                                            {
                                                                                                "Node Type": "Hash Join",
                                                                                                "Parent Relationship": "Outer",
                                                                                                "Parallel Aware": true,
                                                                                                "Async Capable": false,
                                                                                                "Join Type": "Inner",
                                                                                                "Startup Cost": 289448.18,
                                                                                                "Total Cost": 294403.49,
                                                                                                "Plan Rows": 1,
                                                                                                "Plan Width": 37,
                                                                                                "Actual Startup Time": 288.715,
                                                                                                "Actual Total Time": 293.594,
                                                                                                "Actual Rows": 662,
                                                                                                "Actual Loops": 4,
                                                                                                "Inner Unique": false,
                                                                                                "Hash Cond": "(cn.id = mc.company_id)",
                                                                                                "Workers": [],
                                                                                                "Plans": [
                                                                                                    {
                                                                                                        "Node Type": "Seq Scan",
                                                                                                        "Parent Relationship": "Outer",
                                                                                                        "Parallel Aware": true,
                                                                                                        "Async Capable": false,
                                                                                                        "Relation Name": "company_name",
                                                                                                        "Alias": "cn",
                                                                                                        "Startup Cost": 0.0,
                                                                                                        "Total Cost": 4767.92,
                                                                                                        "Plan Rows": 49967,
                                                                                                        "Plan Width": 4,
                                                                                                        "Actual Startup Time": 0.017,
                                                                                                        "Actual Total Time": 4.023,
                                                                                                        "Actual Rows": 21211,
                                                                                                        "Actual Loops": 4,
                                                                                                        "Filter": "((country_code)::text = '[us]'::text)",
                                                                                                        "Rows Removed by Filter": 37538,
                                                                                                        "Workers": []
                                                                                                    },
                                                                                                    {
                                                                                                        "Node Type": "Hash",
                                                                                                        "Parent Relationship": "Inner",
                                                                                                        "Parallel Aware": true,
                                                                                                        "Async Capable": false,
                                                                                                        "Startup Cost": 289448.17,
                                                                                                        "Total Cost": 289448.17,
                                                                                                        "Plan Rows": 1,
                                                                                                        "Plan Width": 41,
                                                                                                        "Actual Startup Time": 288.677,
                                                                                                        "Actual Total Time": 288.683,
                                                                                                        "Actual Rows": 721,
                                                                                                        "Actual Loops": 4,
                                                                                                        "Hash Buckets": 4096,
                                                                                                        "Original Hash Buckets": 1024,
                                                                                                        "Hash Batches": 1,
                                                                                                        "Original Hash Batches": 1,
                                                                                                        "Peak Memory Usage": 376,
                                                                                                        "Workers": [],
                                                                                                        "Plans": [
                                                                                                            {
                                                                                                                "Node Type": "Hash Join",
                                                                                                                "Parent Relationship": "Outer",
                                                                                                                "Parallel Aware": true,
                                                                                                                "Async Capable": false,
                                                                                                                "Join Type": "Inner",
                                                                                                                "Startup Cost": 259051.41,
                                                                                                                "Total Cost": 289448.17,
                                                                                                                "Plan Rows": 1,
                                                                                                                "Plan Width": 41,
                                                                                                                "Actual Startup Time": 205.664,
                                                                                                                "Actual Total Time": 260.199,
                                                                                                                "Actual Rows": 721,
                                                                                                                "Actual Loops": 4,
                                                                                                                "Inner Unique": false,
                                                                                                                "Hash Cond": "(mc.movie_id = t.id)",
                                                                                                                "Workers": [],
                                                                                                                "Plans": [
                                                                                                                    {
                                                                                                                        "Node Type": "Seq Scan",
                                                                                                                        "Parent Relationship": "Outer",
                                                                                                                        "Parallel Aware": true,
                                                                                                                        "Async Capable": false,
                                                                                                                        "Relation Name": "movie_companies",
                                                                                                                        "Alias": "mc",
                                                                                                                        "Startup Cost": 0.0,
                                                                                                                        "Total Cost": 27240.55,
                                                                                                                        "Plan Rows": 841655,
                                                                                                                        "Plan Width": 12,
                                                                                                                        "Actual Startup Time": 0.013,
                                                                                                                        "Actual Total Time": 28.842,
                                                                                                                        "Actual Rows": 652282,
                                                                                                                        "Actual Loops": 4,
                                                                                                                        "Workers": []
                                                                                                                    },
                                                                                                                    {
                                                                                                                        "Node Type": "Hash",
                                                                                                                        "Parent Relationship": "Inner",
                                                                                                                        "Parallel Aware": true,
                                                                                                                        "Async Capable": false,
                                                                                                                        "Startup Cost": 259051.4,
                                                                                                                        "Total Cost": 259051.4,
                                                                                                                        "Plan Rows": 1,
                                                                                                                        "Plan Width": 29,
                                                                                                                        "Actual Startup Time": 205.556,
                                                                                                                        "Actual Total Time": 205.561,
                                                                                                                        "Actual Rows": 446,
                                                                                                                        "Actual Loops": 4,
                                                                                                                        "Hash Buckets": 1024,
                                                                                                                        "Original Hash Buckets": 1024,
                                                                                                                        "Hash Batches": 1,
                                                                                                                        "Original Hash Batches": 1,
                                                                                                                        "Peak Memory Usage": 168,
                                                                                                                        "Workers": [],
                                                                                                                        "Plans": [
                                                                                                                            {
                                                                                                                                "Node Type": "Hash Join",
                                                                                                                                "Parent Relationship": "Outer",
                                                                                                                                "Parallel Aware": true,
                                                                                                                                "Async Capable": false,
                                                                                                                                "Join Type": "Inner",
                                                                                                                                "Startup Cost": 213500.13,
                                                                                                                                "Total Cost": 259051.4,
                                                                                                                                "Plan Rows": 1,
                                                                                                                                "Plan Width": 29,
                                                                                                                                "Actual Startup Time": 154.667,
                                                                                                                                "Actual Total Time": 205.487,
                                                                                                                                "Actual Rows": 446,
                                                                                                                                "Actual Loops": 4,
                                                                                                                                "Inner Unique": false,
                                                                                                                                "Hash Cond": "(t.id = mi.movie_id)",
                                                                                                                                "Workers": [],
                                                                                                                                "Plans": [
                                                                                                                                    {
                                                                                                                                        "Node Type": "Seq Scan",
                                                                                                                                        "Parent Relationship": "Outer",
                                                                                                                                        "Parallel Aware": true,
                                                                                                                                        "Async Capable": false,
                                                                                                                                        "Relation Name": "title",
                                                                                                                                        "Alias": "t",
                                                                                                                                        "Startup Cost": 0.0,
                                                                                                                                        "Total Cost": 43909.73,
                                                                                                                                        "Plan Rows": 437742,
                                                                                                                                        "Plan Width": 25,
                                                                                                                                        "Actual Startup Time": 0.01,
                                                                                                                                        "Actual Total Time": 34.729,
                                                                                                                                        "Actual Rows": 437258,
                                                                                                                                        "Actual Loops": 4,
                                                                                                                                        "Filter": "(production_year > 1990)",
                                                                                                                                        "Rows Removed by Filter": 194820,
                                                                                                                                        "Workers": []
                                                                                                                                    },
                                                                                                                                    {
                                                                                                                                        "Node Type": "Hash",
                                                                                                                                        "Parent Relationship": "Inner",
                                                                                                                                        "Parallel Aware": true,
                                                                                                                                        "Async Capable": false,
                                                                                                                                        "Startup Cost": 213500.11,
                                                                                                                                        "Total Cost": 213500.11,
                                                                                                                                        "Plan Rows": 1,
                                                                                                                                        "Plan Width": 4,
                                                                                                                                        "Actual Startup Time": 154.0,
                                                                                                                                        "Actual Total Time": 154.002,
                                                                                                                                        "Actual Rows": 446,
                                                                                                                                        "Actual Loops": 4,
                                                                                                                                        "Hash Buckets": 1024,
                                                                                                                                        "Original Hash Buckets": 1024,
                                                                                                                                        "Hash Batches": 1,
                                                                                                                                        "Original Hash Batches": 1,
                                                                                                                                        "Peak Memory Usage": 136,
                                                                                                                                        "Workers": [],
                                                                                                                                        "Plans": [
                                                                                                                                            {
                                                                                                                                                "Node Type": "Hash Join",
                                                                                                                                                "Parent Relationship": "Outer",
                                                                                                                                                "Parallel Aware": false,
                                                                                                                                                "Async Capable": false,
                                                                                                                                                "Join Type": "Inner",
                                                                                                                                                "Startup Cost": 2.43,
                                                                                                                                                "Total Cost": 213500.11,
                                                                                                                                                "Plan Rows": 1,
                                                                                                                                                "Plan Width": 4,
                                                                                                                                                "Actual Startup Time": 42.983,
                                                                                                                                                "Actual Total Time": 153.942,
                                                                                                                                                "Actual Rows": 446,
                                                                                                                                                "Actual Loops": 4,
                                                                                                                                                "Inner Unique": true,
                                                                                                                                                "Hash Cond": "(mi.info_type_id = it1.id)",
                                                                                                                                                "Workers": [],
                                                                                                                                                "Plans": [
                                                                                                                                                    {
                                                                                                                                                        "Node Type": "Seq Scan",
                                                                                                                                                        "Parent Relationship": "Outer",
                                                                                                                                                        "Parallel Aware": true,
                                                                                                                                                        "Async Capable": false,
                                                                                                                                                        "Relation Name": "movie_info",
                                                                                                                                                        "Alias": "mi",
                                                                                                                                                        "Startup Cost": 0.0,
                                                                                                                                                        "Total Cost": 213497.62,
                                                                                                                                                        "Plan Rows": 26,
                                                                                                                                                        "Plan Width": 8,
                                                                                                                                                        "Actual Startup Time": 42.961,
                                                                                                                                                        "Actual Total Time": 153.884,
                                                                                                                                                        "Actual Rows": 446,
                                                                                                                                                        "Actual Loops": 4,
                                                                                                                                                        "Filter": "((info IS NOT NULL) AND (note ~~ '%internet%'::text) AND ((info ~~ 'USA:% 199%'::text) OR (info ~~ 'USA:% 200%'::text)))",
                                                                                                                                                        "Rows Removed by Filter": 3708484,
                                                                                                                                                        "Workers": []
                                                                                                                                                    },
                                                                                                                                                    {
                                                                                                                                                        "Node Type": "Hash",
                                                                                                                                                        "Parent Relationship": "Inner",
                                                                                                                                                        "Parallel Aware": false,
                                                                                                                                                        "Async Capable": false,
                                                                                                                                                        "Startup Cost": 2.41,
                                                                                                                                                        "Total Cost": 2.41,
                                                                                                                                                        "Plan Rows": 1,
                                                                                                                                                        "Plan Width": 4,
                                                                                                                                                        "Actual Startup Time": 0.013,
                                                                                                                                                        "Actual Total Time": 0.014,
                                                                                                                                                        "Actual Rows": 1,
                                                                                                                                                        "Actual Loops": 4,
                                                                                                                                                        "Hash Buckets": 1024,
                                                                                                                                                        "Original Hash Buckets": 1024,
                                                                                                                                                        "Hash Batches": 1,
                                                                                                                                                        "Original Hash Batches": 1,
                                                                                                                                                        "Peak Memory Usage": 9,
                                                                                                                                                        "Workers": [],
                                                                                                                                                        "Plans": [
                                                                                                                                                            {
                                                                                                                                                                "Node Type": "Seq Scan",
                                                                                                                                                                "Parent Relationship": "Outer",
                                                                                                                                                                "Parallel Aware": false,
                                                                                                                                                                "Async Capable": false,
                                                                                                                                                                "Relation Name": "info_type",
                                                                                                                                                                "Alias": "it1",
                                                                                                                                                                "Startup Cost": 0.0,
                                                                                                                                                                "Total Cost": 2.41,
                                                                                                                                                                "Plan Rows": 1,
                                                                                                                                                                "Plan Width": 4,
                                                                                                                                                                "Actual Startup Time": 0.008,
                                                                                                                                                                "Actual Total Time": 0.01,
                                                                                                                                                                "Actual Rows": 1,
                                                                                                                                                                "Actual Loops": 4,
                                                                                                                                                                "Filter": "((info)::text = 'release dates'::text)",
                                                                                                                                                                "Rows Removed by Filter": 112,
                                                                                                                                                                "Workers": []
                                                                                                                                                            }
                                                                                                                                                        ]
                                                                                                                                                    }
                                                                                                                                                ]
                                                                                                                                            }
                                                                                                                                        ]
                                                                                                                                    }
                                                                                                                                ]
                                                                                                                            }
                                                                                                                        ]
                                                                                                                    }
                                                                                                                ]
                                                                                                            }
                                                                                                        ]
                                                                                                    }
                                                                                                ]
                                                                                            },
                                                                                            {
                                                                                                "Node Type": "Hash",
                                                                                                "Parent Relationship": "Inner",
                                                                                                "Parallel Aware": false,
                                                                                                "Async Capable": false,
                                                                                                "Startup Cost": 1.04,
                                                                                                "Total Cost": 1.04,
                                                                                                "Plan Rows": 4,
                                                                                                "Plan Width": 4,
                                                                                                "Actual Startup Time": 0.005,
                                                                                                "Actual Total Time": 0.006,
                                                                                                "Actual Rows": 4,
                                                                                                "Actual Loops": 4,
                                                                                                "Hash Buckets": 1024,
                                                                                                "Original Hash Buckets": 1024,
                                                                                                "Hash Batches": 1,
                                                                                                "Original Hash Batches": 1,
                                                                                                "Peak Memory Usage": 9,
                                                                                                "Workers": [],
                                                                                                "Plans": [
                                                                                                    {
                                                                                                        "Node Type": "Seq Scan",
                                                                                                        "Parent Relationship": "Outer",
                                                                                                        "Parallel Aware": false,
                                                                                                        "Async Capable": false,
                                                                                                        "Relation Name": "company_type",
                                                                                                        "Alias": "ct",
                                                                                                        "Startup Cost": 0.0,
                                                                                                        "Total Cost": 1.04,
                                                                                                        "Plan Rows": 4,
                                                                                                        "Plan Width": 4,
                                                                                                        "Actual Startup Time": 0.003,
                                                                                                        "Actual Total Time": 0.004,
                                                                                                        "Actual Rows": 4,
                                                                                                        "Actual Loops": 4,
                                                                                                        "Workers": []
                                                                                                    }
                                                                                                ]
                                                                                            }
                                                                                        ]
                                                                                    },
                                                                                    {
                                                                                        "Node Type": "Hash",
                                                                                        "Parent Relationship": "Inner",
                                                                                        "Parallel Aware": false,
                                                                                        "Async Capable": false,
                                                                                        "Startup Cost": 1.1,
                                                                                        "Total Cost": 1.1,
                                                                                        "Plan Rows": 4,
                                                                                        "Plan Width": 14,
                                                                                        "Actual Startup Time": 0.011,
                                                                                        "Actual Total Time": 0.012,
                                                                                        "Actual Rows": 4,
                                                                                        "Actual Loops": 4,
                                                                                        "Hash Buckets": 1024,
                                                                                        "Original Hash Buckets": 1024,
                                                                                        "Hash Batches": 1,
                                                                                        "Original Hash Batches": 1,
                                                                                        "Peak Memory Usage": 9,
                                                                                        "Workers": [],
                                                                                        "Plans": [
                                                                                            {
                                                                                                "Node Type": "Seq Scan",
                                                                                                "Parent Relationship": "Outer",
                                                                                                "Parallel Aware": false,
                                                                                                "Async Capable": false,
                                                                                                "Relation Name": "kind_type",
                                                                                                "Alias": "kt",
                                                                                                "Startup Cost": 0.0,
                                                                                                "Total Cost": 1.1,
                                                                                                "Plan Rows": 4,
                                                                                                "Plan Width": 14,
                                                                                                "Actual Startup Time": 0.008,
                                                                                                "Actual Total Time": 0.009,
                                                                                                "Actual Rows": 4,
                                                                                                "Actual Loops": 4,
                                                                                                "Filter": "((kind)::text = ANY ('{movie,\"tv movie\",\"video movie\",\"video game\"}'::text[]))",
                                                                                                "Rows Removed by Filter": 3,
                                                                                                "Workers": []
                                                                                            }
                                                                                        ]
                                                                                    }
                                                                                ]
                                                                            }
                                                                        ]
                                                                    }
                                                                ]
                                                            },
                                                            {
                                                                "Node Type": "Hash",
                                                                "Parent Relationship": "Inner",
                                                                "Parallel Aware": false,
                                                                "Async Capable": false,
                                                                "Startup Cost": 2818.24,
                                                                "Total Cost": 2818.24,
                                                                "Plan Rows": 33772,
                                                                "Plan Width": 4,
                                                                "Actual Startup Time": 11.164,
                                                                "Actual Total Time": 11.166,
                                                                "Actual Rows": 24592,
                                                                "Actual Loops": 4,
                                                                "Hash Buckets": 65536,
                                                                "Original Hash Buckets": 65536,
                                                                "Hash Batches": 1,
                                                                "Original Hash Batches": 1,
                                                                "Peak Memory Usage": 1377,
                                                                "Workers": [],
                                                                "Plans": [
                                                                    {
                                                                        "Node Type": "Hash Join",
                                                                        "Parent Relationship": "Outer",
                                                                        "Parallel Aware": false,
                                                                        "Async Capable": false,
                                                                        "Join Type": "Inner",
                                                                        "Startup Cost": 1.06,
                                                                        "Total Cost": 2818.24,
                                                                        "Plan Rows": 33772,
                                                                        "Plan Width": 4,
                                                                        "Actual Startup Time": 0.028,
                                                                        "Actual Total Time": 10.015,
                                                                        "Actual Rows": 24592,
                                                                        "Actual Loops": 4,
                                                                        "Inner Unique": true,
                                                                        "Hash Cond": "(cc.status_id = cct1.id)",
                                                                        "Workers": [],
                                                                        "Plans": [
                                                                            {
                                                                                "Node Type": "Seq Scan",
                                                                                "Parent Relationship": "Outer",
                                                                                "Parallel Aware": false,
                                                                                "Async Capable": false,
                                                                                "Relation Name": "complete_cast",
                                                                                "Alias": "cc",
                                                                                "Startup Cost": 0.0,
                                                                                "Total Cost": 2086.86,
                                                                                "Plan Rows": 135086,
                                                                                "Plan Width": 8,
                                                                                "Actual Startup Time": 0.014,
                                                                                "Actual Total Time": 5.005,
                                                                                "Actual Rows": 135086,
                                                                                "Actual Loops": 4,
                                                                                "Workers": []
                                                                            },
                                                                            {
                                                                                "Node Type": "Hash",
                                                                                "Parent Relationship": "Inner",
                                                                                "Parallel Aware": false,
                                                                                "Async Capable": false,
                                                                                "Startup Cost": 1.05,
                                                                                "Total Cost": 1.05,
                                                                                "Plan Rows": 1,
                                                                                "Plan Width": 4,
                                                                                "Actual Startup Time": 0.008,
                                                                                "Actual Total Time": 0.009,
                                                                                "Actual Rows": 1,
                                                                                "Actual Loops": 4,
                                                                                "Hash Buckets": 1024,
                                                                                "Original Hash Buckets": 1024,
                                                                                "Hash Batches": 1,
                                                                                "Original Hash Batches": 1,
                                                                                "Peak Memory Usage": 9,
                                                                                "Workers": [],
                                                                                "Plans": [
                                                                                    {
                                                                                        "Node Type": "Seq Scan",
                                                                                        "Parent Relationship": "Outer",
                                                                                        "Parallel Aware": false,
                                                                                        "Async Capable": false,
                                                                                        "Relation Name": "comp_cast_type",
                                                                                        "Alias": "cct1",
                                                                                        "Startup Cost": 0.0,
                                                                                        "Total Cost": 1.05,
                                                                                        "Plan Rows": 1,
                                                                                        "Plan Width": 4,
                                                                                        "Actual Startup Time": 0.007,
                                                                                        "Actual Total Time": 0.007,
                                                                                        "Actual Rows": 1,
                                                                                        "Actual Loops": 4,
                                                                                        "Filter": "((kind)::text = 'complete+verified'::text)",
                                                                                        "Rows Removed by Filter": 3,
                                                                                        "Workers": []
                                                                                    }
                                                                                ]
                                                                            }
                                                                        ]
                                                                    }
                                                                ]
                                                            }
                                                        ]
                                                    },
                                                    {
                                                        "Node Type": "Hash",
                                                        "Parent Relationship": "Inner",
                                                        "Parallel Aware": false,
                                                        "Async Capable": false,
                                                        "Startup Cost": 2349.7,
                                                        "Total Cost": 2349.7,
                                                        "Plan Rows": 134170,
                                                        "Plan Width": 4,
                                                        "Actual Startup Time": 12.227,
                                                        "Actual Total Time": 12.228,
                                                        "Actual Rows": 134170,
                                                        "Actual Loops": 4,
                                                        "Hash Buckets": 262144,
                                                        "Original Hash Buckets": 262144,
                                                        "Hash Batches": 1,
                                                        "Original Hash Batches": 1,
                                                        "Peak Memory Usage": 6765,
                                                        "Workers": [],
                                                        "Plans": [
                                                            {
                                                                "Node Type": "Seq Scan",
                                                                "Parent Relationship": "Outer",
                                                                "Parallel Aware": false,
                                                                "Async Capable": false,
                                                                "Relation Name": "keyword",
                                                                "Alias": "k",
                                                                "Startup Cost": 0.0,
                                                                "Total Cost": 2349.7,
                                                                "Plan Rows": 134170,
                                                                "Plan Width": 4,
                                                                "Actual Startup Time": 0.012,
                                                                "Actual Total Time": 6.106,
                                                                "Actual Rows": 134170,
                                                                "Actual Loops": 4,
                                                                "Workers": []
                                                            }
                                                        ]
                                                    }
                                                ]
                                            }
                                        ]
                                    }
                                ]
                            }
                        ]
                    },
                    "Planning Time": 14.486,
                    "Triggers": [],
                    "Execution Time": 416.765
                }
            ],
            "hints": [
                "SET enable_hashjoin TO on",
                "SET enable_indexonlyscan TO on",
                "SET enable_indexscan TO on",
                "SET enable_mergejoin TO on",
                "SET enable_nestloop TO off",
                "SET enable_seqscan TO on"
            ]
        },
        {
            "arm": 2,
            "execution_time": 4569.339,
            "plan": [
                {
                    "Plan": {
                        "Node Type": "Aggregate",
                        "Strategy": "Plain",
                        "Partial Mode": "Finalize",
                        "Parallel Aware": false,
                        "Async Capable": false,
                        "Startup Cost": 347219.12,
                        "Total Cost": 347219.13,
                        "Plan Rows": 1,
                        "Plan Width": 64,
                        "Actual Startup Time": 4549.215,
                        "Actual Total Time": 4569.279,
                        "Actual Rows": 1,
                        "Actual Loops": 1,
                        "Plans": [
                            {
                                "Node Type": "Gather",
                                "Parent Relationship": "Outer",
                                "Parallel Aware": false,
                                "Async Capable": false,
                                "Startup Cost": 347218.8,
                                "Total Cost": 347219.11,
                                "Plan Rows": 3,
                                "Plan Width": 64,
                                "Actual Startup Time": 4549.023,
                                "Actual Total Time": 4569.275,
                                "Actual Rows": 4,
                                "Actual Loops": 1,
                                "Workers Planned": 3,
                                "Workers Launched": 3,
                                "Single Copy": false,
                                "Plans": [
                                    {
                                        "Node Type": "Aggregate",
                                        "Strategy": "Plain",
                                        "Partial Mode": "Partial",
                                        "Parent Relationship": "Outer",
                                        "Parallel Aware": false,
                                        "Async Capable": false,
                                        "Startup Cost": 346218.8,
                                        "Total Cost": 346218.81,
                                        "Plan Rows": 1,
                                        "Plan Width": 64,
                                        "Actual Startup Time": 4547.204,
                                        "Actual Total Time": 4547.216,
                                        "Actual Rows": 1,
                                        "Actual Loops": 4,
                                        "Workers": [],
                                        "Plans": [
                                            {
                                                "Node Type": "Hash Join",
                                                "Parent Relationship": "Outer",
                                                "Parallel Aware": false,
                                                "Async Capable": false,
                                                "Join Type": "Inner",
                                                "Startup Cost": 301672.96,
                                                "Total Cost": 346218.79,
                                                "Plan Rows": 2,
                                                "Plan Width": 27,
                                                "Actual Startup Time": 4529.421,
                                                "Actual Total Time": 4547.204,
                                                "Actual Rows": 157,
                                                "Actual Loops": 4,
                                                "Inner Unique": true,
                                                "Hash Cond": "(mk.keyword_id = k.id)",
                                                "Workers": [],
                                                "Plans": [
                                                    {
                                                        "Node Type": "Hash Join",
                                                        "Parent Relationship": "Outer",
                                                        "Parallel Aware": true,
                                                        "Async Capable": false,
                                                        "Join Type": "Inner",
                                                        "Startup Cost": 297646.13,
                                                        "Total Cost": 342191.96,
                                                        "Plan Rows": 2,
                                                        "Plan Width": 31,
                                                        "Actual Startup Time": 4516.79,
                                                        "Actual Total Time": 4534.547,
                                                        "Actual Rows": 157,
                                                        "Actual Loops": 4,
                                                        "Inner Unique": false,
                                                        "Hash Cond": "(mk.movie_id = t.id)",
                                                        "Workers": [],
                                                        "Plans": [
                                                            {
                                                                "Node Type": "Seq Scan",
                                                                "Parent Relationship": "Outer",
                                                                "Parallel Aware": true,
                                                                "Async Capable": false,
                                                                "Relation Name": "movie_keyword",
                                                                "Alias": "mk",
                                                                "Startup Cost": 0.0,
                                                                "Total Cost": 39073.32,
                                                                "Plan Rows": 1459332,
                                                                "Plan Width": 8,
                                                                "Actual Startup Time": 0.004,
                                                                "Actual Total Time": 39.099,
                                                                "Actual Rows": 1130982,
                                                                "Actual Loops": 4,
                                                                "Workers": []
                                                            },
                                                            {
                                                                "Node Type": "Hash",
                                                                "Parent Relationship": "Inner",
                                                                "Parallel Aware": true,
                                                                "Async Capable": false,
                                                                "Startup Cost": 297646.12,
                                                                "Total Cost": 297646.12,
                                                                "Plan Rows": 1,
                                                                "Plan Width": 43,
                                                                "Actual Startup Time": 4464.33,
                                                                "Actual Total Time": 4464.339,
                                                                "Actual Rows": 2,
                                                                "Actual Loops": 4,
                                                                "Hash Buckets": 1024,
                                                                "Original Hash Buckets": 1024,
                                                                "Hash Batches": 1,
                                                                "Original Hash Batches": 1,
                                                                "Peak Memory Usage": 104,
                                                                "Workers": [],
                                                                "Plans": [
                                                                    {
                                                                        "Node Type": "Nested Loop",
                                                                        "Parent Relationship": "Outer",
                                                                        "Parallel Aware": false,
                                                                        "Async Capable": false,
                                                                        "Join Type": "Inner",
                                                                        "Startup Cost": 292688.57,
                                                                        "Total Cost": 297646.12,
                                                                        "Plan Rows": 1,
                                                                        "Plan Width": 43,
                                                                        "Actual Startup Time": 4462.456,
                                                                        "Actual Total Time": 4464.321,
                                                                        "Actual Rows": 2,
                                                                        "Actual Loops": 4,
                                                                        "Inner Unique": true,
                                                                        "Join Filter": "(kt.id = t.kind_id)",
                                                                        "Rows Removed by Join Filter": 0,
                                                                        "Workers": [],
                                                                        "Plans": [
                                                                            {
                                                                                "Node Type": "Nested Loop",
                                                                                "Parent Relationship": "Outer",
                                                                                "Parallel Aware": false,
                                                                                "Async Capable": false,
                                                                                "Join Type": "Inner",
                                                                                "Startup Cost": 292688.57,
                                                                                "Total Cost": 297644.96,
                                                                                "Plan Rows": 1,
                                                                                "Plan Width": 37,
                                                                                "Actual Startup Time": 4462.45,
                                                                                "Actual Total Time": 4464.313,
                                                                                "Actual Rows": 2,
                                                                                "Actual Loops": 4,
                                                                                "Inner Unique": true,
                                                                                "Join Filter": "(ct.id = mc.company_type_id)",
                                                                                "Rows Removed by Join Filter": 1,
                                                                                "Workers": [],
                                                                                "Plans": [
                                                                                    {
                                                                                        "Node Type": "Hash Join",
                                                                                        "Parent Relationship": "Outer",
                                                                                        "Parallel Aware": true,
                                                                                        "Async Capable": false,
                                                                                        "Join Type": "Inner",
                                                                                        "Startup Cost": 292688.57,
                                                                                        "Total Cost": 297643.87,
                                                                                        "Plan Rows": 1,
                                                                                        "Plan Width": 41,
                                                                                        "Actual Startup Time": 4462.433,
                                                                                        "Actual Total Time": 4464.294,
                                                                                        "Actual Rows": 2,
                                                                                        "Actual Loops": 4,
                                                                                        "Inner Unique": false,
                                                                                        "Hash Cond": "(cn.id = mc.company_id)",
                                                                                        "Workers": [],
                                                                                        "Plans": [
                                                                                            {
                                                                                                "Node Type": "Seq Scan",
                                                                                                "Parent Relationship": "Outer",
                                                                                                "Parallel Aware": true,
                                                                                                "Async Capable": false,
                                                                                                "Relation Name": "company_name",
                                                                                                "Alias": "cn",
                                                                                                "Startup Cost": 0.0,
                                                                                                "Total Cost": 4767.92,
                                                                                                "Plan Rows": 49967,
                                                                                                "Plan Width": 4,
                                                                                                "Actual Startup Time": 0.008,
                                                                                                "Actual Total Time": 3.364,
                                                                                                "Actual Rows": 21211,
                                                                                                "Actual Loops": 4,
                                                                                                "Filter": "((country_code)::text = '[us]'::text)",
                                                                                                "Rows Removed by Filter": 37538,
                                                                                                "Workers": []
                                                                                            },
                                                                                            {
                                                                                                "Node Type": "Hash",
                                                                                                "Parent Relationship": "Inner",
                                                                                                "Parallel Aware": true,
                                                                                                "Async Capable": false,
                                                                                                "Startup Cost": 292688.56,
                                                                                                "Total Cost": 292688.56,
                                                                                                "Plan Rows": 1,
                                                                                                "Plan Width": 45,
                                                                                                "Actual Startup Time": 4460.377,
                                                                                                "Actual Total Time": 4460.384,
                                                                                                "Actual Rows": 2,
                                                                                                "Actual Loops": 4,
                                                                                                "Hash Buckets": 1024,
                                                                                                "Original Hash Buckets": 1024,
                                                                                                "Hash Batches": 1,
                                                                                                "Original Hash Batches": 1,
                                                                                                "Peak Memory Usage": 104,
                                                                                                "Workers": [],
                                                                                                "Plans": [
                                                                                                    {
                                                                                                        "Node Type": "Hash Join",
                                                                                                        "Parent Relationship": "Outer",
                                                                                                        "Parallel Aware": true,
                                                                                                        "Async Capable": false,
                                                                                                        "Join Type": "Inner",
                                                                                                        "Startup Cost": 262291.8,
                                                                                                        "Total Cost": 292688.56,
                                                                                                        "Plan Rows": 1,
                                                                                                        "Plan Width": 45,
                                                                                                        "Actual Startup Time": 4445.104,
                                                                                                        "Actual Total Time": 4460.366,
                                                                                                        "Actual Rows": 2,
                                                                                                        "Actual Loops": 4,
                                                                                                        "Inner Unique": false,
                                                                                                        "Hash Cond": "(mc.movie_id = t.id)",
                                                                                                        "Workers": [],
                                                                                                        "Plans": [
                                                                                                            {
                                                                                                                "Node Type": "Seq Scan",
                                                                                                                "Parent Relationship": "Outer",
                                                                                                                "Parallel Aware": true,
                                                                                                                "Async Capable": false,
                                                                                                                "Relation Name": "movie_companies",
                                                                                                                "Alias": "mc",
                                                                                                                "Startup Cost": 0.0,
                                                                                                                "Total Cost": 27240.55,
                                                                                                                "Plan Rows": 841655,
                                                                                                                "Plan Width": 12,
                                                                                                                "Actual Startup Time": 0.004,
                                                                                                                "Actual Total Time": 25.073,
                                                                                                                "Actual Rows": 652282,
                                                                                                                "Actual Loops": 4,
                                                                                                                "Workers": []
                                                                                                            },
                                                                                                            {
                                                                                                                "Node Type": "Hash",
                                                                                                                "Parent Relationship": "Inner",
                                                                                                                "Parallel Aware": true,
                                                                                                                "Async Capable": false,
                                                                                                                "Startup Cost": 262291.78,
                                                                                                                "Total Cost": 262291.78,
                                                                                                                "Plan Rows": 1,
                                                                                                                "Plan Width": 33,
                                                                                                                "Actual Startup Time": 4416.796,
                                                                                                                "Actual Total Time": 4416.802,
                                                                                                                "Actual Rows": 2,
                                                                                                                "Actual Loops": 4,
                                                                                                                "Hash Buckets": 1024,
                                                                                                                "Original Hash Buckets": 1024,
                                                                                                                "Hash Batches": 1,
                                                                                                                "Original Hash Batches": 1,
                                                                                                                "Peak Memory Usage": 72,
                                                                                                                "Workers": [],
                                                                                                                "Plans": [
                                                                                                                    {
                                                                                                                        "Node Type": "Hash Join",
                                                                                                                        "Parent Relationship": "Outer",
                                                                                                                        "Parallel Aware": true,
                                                                                                                        "Async Capable": false,
                                                                                                                        "Join Type": "Inner",
                                                                                                                        "Startup Cost": 216740.51,
                                                                                                                        "Total Cost": 262291.78,
                                                                                                                        "Plan Rows": 1,
                                                                                                                        "Plan Width": 33,
                                                                                                                        "Actual Startup Time": 4413.072,
                                                                                                                        "Actual Total Time": 4416.78,
                                                                                                                        "Actual Rows": 2,
                                                                                                                        "Actual Loops": 4,
                                                                                                                        "Inner Unique": false,
                                                                                                                        "Hash Cond": "(t.id = mi.movie_id)",
                                                                                                                        "Workers": [],
                                                                                                                        "Plans": [
                                                                                                                            {
                                                                                                                                "Node Type": "Seq Scan",
                                                                                                                                "Parent Relationship": "Outer",
                                                                                                                                "Parallel Aware": true,
                                                                                                                                "Async Capable": false,
                                                                                                                                "Relation Name": "title",
                                                                                                                                "Alias": "t",
                                                                                                                                "Startup Cost": 0.0,
                                                                                                                                "Total Cost": 43909.73,
                                                                                                                                "Plan Rows": 437742,
                                                                                                                                "Plan Width": 25,
                                                                                                                                "Actual Startup Time": 0.004,
                                                                                                                                "Actual Total Time": 34.573,
                                                                                                                                "Actual Rows": 437258,
                                                                                                                                "Actual Loops": 4,
                                                                                                                                "Filter": "(production_year > 1990)",
                                                                                                                                "Rows Removed by Filter": 194820,
                                                                                                                                "Workers": []
                                                                                                                            },
                                                                                                                            {
                                                                                                                                "Node Type": "Hash",
                                                                                                                                "Parent Relationship": "Inner",
                                                                                                                                "Parallel Aware": true,
                                                                                                                                "Async Capable": false,
                                                                                                                                "Startup Cost": 216740.5,
                                                                                                                                "Total Cost": 216740.5,
                                                                                                                                "Plan Rows": 1,
                                                                                                                                "Plan Width": 8,
                                                                                                                                "Actual Startup Time": 4371.29,
                                                                                                                                "Actual Total Time": 4371.295,
                                                                                                                                "Actual Rows": 2,
                                                                                                                                "Actual Loops": 4,
                                                                                                                                "Hash Buckets": 1024,
                                                                                                                                "Original Hash Buckets": 1024,
                                                                                                                                "Hash Batches": 1,
                                                                                                                                "Original Hash Batches": 1,
                                                                                                                                "Peak Memory Usage": 72,
                                                                                                                                "Workers": [],
                                                                                                                                "Plans": [
                                                                                                                                    {
                                                                                                                                        "Node Type": "Nested Loop",
                                                                                                                                        "Parent Relationship": "Outer",
                                                                                                                                        "Parallel Aware": false,
                                                                                                                                        "Async Capable": false,
                                                                                                                                        "Join Type": "Inner",
                                                                                                                                        "Startup Cost": 3.49,
                                                                                                                                        "Total Cost": 216740.5,
                                                                                                                                        "Plan Rows": 1,
                                                                                                                                        "Plan Width": 8,
                                                                                                                                        "Actual Startup Time": 3527.419,
                                                                                                                                        "Actual Total Time": 4371.267,
                                                                                                                                        "Actual Rows": 2,
                                                                                                                                        "Actual Loops": 4,
                                                                                                                                        "Inner Unique": false,
                                                                                                                                        "Join Filter": "(cc.movie_id = mi.movie_id)",
                                                                                                                                        "Rows Removed by Join Filter": 10961882,
                                                                                                                                        "Workers": [],
                                                                                                                                        "Plans": [
                                                                                                                                            {
                                                                                                                                                "Node Type": "Hash Join",
                                                                                                                                                "Parent Relationship": "Outer",
                                                                                                                                                "Parallel Aware": false,
                                                                                                                                                "Async Capable": false,
                                                                                                                                                "Join Type": "Inner",
                                                                                                                                                "Startup Cost": 2.43,
                                                                                                                                                "Total Cost": 213500.11,
                                                                                                                                                "Plan Rows": 1,
                                                                                                                                                "Plan Width": 4,
                                                                                                                                                "Actual Startup Time": 43.353,
                                                                                                                                                "Actual Total Time": 156.514,
                                                                                                                                                "Actual Rows": 446,
                                                                                                                                                "Actual Loops": 4,
                                                                                                                                                "Inner Unique": true,
                                                                                                                                                "Hash Cond": "(mi.info_type_id = it1.id)",
                                                                                                                                                "Workers": [],
                                                                                                                                                "Plans": [
                                                                                                                                                    {
                                                                                                                                                        "Node Type": "Seq Scan",
                                                                                                                                                        "Parent Relationship": "Outer",
                                                                                                                                                        "Parallel Aware": true,
                                                                                                                                                        "Async Capable": false,
                                                                                                                                                        "Relation Name": "movie_info",
                                                                                                                                                        "Alias": "mi",
                                                                                                                                                        "Startup Cost": 0.0,
                                                                                                                                                        "Total Cost": 213497.62,
                                                                                                                                                        "Plan Rows": 26,
                                                                                                                                                        "Plan Width": 8,
                                                                                                                                                        "Actual Startup Time": 43.325,
                                                                                                                                                        "Actual Total Time": 156.419,
                                                                                                                                                        "Actual Rows": 446,
                                                                                                                                                        "Actual Loops": 4,
                                                                                                                                                        "Filter": "((info IS NOT NULL) AND (note ~~ '%internet%'::text) AND ((info ~~ 'USA:% 199%'::text) OR (info ~~ 'USA:% 200%'::text)))",
                                                                                                                                                        "Rows Removed by Filter": 3708484,
                                                                                                                                                        "Workers": []
                                                                                                                                                    },
                                                                                                                                                    {
                                                                                                                                                        "Node Type": "Hash",
                                                                                                                                                        "Parent Relationship": "Inner",
                                                                                                                                                        "Parallel Aware": false,
                                                                                                                                                        "Async Capable": false,
                                                                                                                                                        "Startup Cost": 2.41,
                                                                                                                                                        "Total Cost": 2.41,
                                                                                                                                                        "Plan Rows": 1,
                                                                                                                                                        "Plan Width": 4,
                                                                                                                                                        "Actual Startup Time": 0.016,
                                                                                                                                                        "Actual Total Time": 0.017,
                                                                                                                                                        "Actual Rows": 1,
                                                                                                                                                        "Actual Loops": 4,
                                                                                                                                                        "Hash Buckets": 1024,
                                                                                                                                                        "Original Hash Buckets": 1024,
                                                                                                                                                        "Hash Batches": 1,
                                                                                                                                                        "Original Hash Batches": 1,
                                                                                                                                                        "Peak Memory Usage": 9,
                                                                                                                                                        "Workers": [],
                                                                                                                                                        "Plans": [
                                                                                                                                                            {
                                                                                                                                                                "Node Type": "Seq Scan",
                                                                                                                                                                "Parent Relationship": "Outer",
                                                                                                                                                                "Parallel Aware": false,
                                                                                                                                                                "Async Capable": false,
                                                                                                                                                                "Relation Name": "info_type",
                                                                                                                                                                "Alias": "it1",
                                                                                                                                                                "Startup Cost": 0.0,
                                                                                                                                                                "Total Cost": 2.41,
                                                                                                                                                                "Plan Rows": 1,
                                                                                                                                                                "Plan Width": 4,
                                                                                                                                                                "Actual Startup Time": 0.011,
                                                                                                                                                                "Actual Total Time": 0.013,
                                                                                                                                                                "Actual Rows": 1,
                                                                                                                                                                "Actual Loops": 4,
                                                                                                                                                                "Filter": "((info)::text = 'release dates'::text)",
                                                                                                                                                                "Rows Removed by Filter": 112,
                                                                                                                                                                "Workers": []
                                                                                                                                                            }
                                                                                                                                                        ]
                                                                                                                                                    }
                                                                                                                                                ]
                                                                                                                                            },
                                                                                                                                            {
                                                                                                                                                "Node Type": "Hash Join",
                                                                                                                                                "Parent Relationship": "Inner",
                                                                                                                                                "Parallel Aware": false,
                                                                                                                                                "Async Capable": false,
                                                                                                                                                "Join Type": "Inner",
                                                                                                                                                "Startup Cost": 1.06,
                                                                                                                                                "Total Cost": 2818.24,
                                                                                                                                                "Plan Rows": 33772,
                                                                                                                                                "Plan Width": 4,
                                                                                                                                                "Actual Startup Time": 0.001,
                                                                                                                                                "Actual Total Time": 8.897,
                                                                                                                                                "Actual Rows": 24592,
                                                                                                                                                "Actual Loops": 1783,
                                                                                                                                                "Inner Unique": true,
                                                                                                                                                "Hash Cond": "(cc.status_id = cct1.id)",
                                                                                                                                                "Workers": [],
                                                                                                                                                "Plans": [
                                                                                                                                                    {
                                                                                                                                                        "Node Type": "Seq Scan",
                                                                                                                                                        "Parent Relationship": "Outer",
                                                                                                                                                        "Parallel Aware": false,
                                                                                                                                                        "Async Capable": false,
                                                                                                                                                        "Relation Name": "complete_cast",
                                                                                                                                                        "Alias": "cc",
                                                                                                                                                        "Startup Cost": 0.0,
                                                                                                                                                        "Total Cost": 2086.86,
                                                                                                                                                        "Plan Rows": 135086,
                                                                                                                                                        "Plan Width": 8,
                                                                                                                                                        "Actual Startup Time": 0.001,
                                                                                                                                                        "Actual Total Time": 3.895,
                                                                                                                                                        "Actual Rows": 135086,
                                                                                                                                                        "Actual Loops": 1783,
                                                                                                                                                        "Workers": []
                                                                                                                                                    },
                                                                                                                                                    {
                                                                                                                                                        "Node Type": "Hash",
                                                                                                                                                        "Parent Relationship": "Inner",
                                                                                                                                                        "Parallel Aware": false,
                                                                                                                                                        "Async Capable": false,
                                                                                                                                                        "Startup Cost": 1.05,
                                                                                                                                                        "Total Cost": 1.05,
                                                                                                                                                        "Plan Rows": 1,
                                                                                                                                                        "Plan Width": 4,
                                                                                                                                                        "Actual Startup Time": 0.005,
                                                                                                                                                        "Actual Total Time": 0.006,
                                                                                                                                                        "Actual Rows": 1,
                                                                                                                                                        "Actual Loops": 4,
                                                                                                                                                        "Hash Buckets": 1024,
                                                                                                                                                        "Original Hash Buckets": 1024,
                                                                                                                                                        "Hash Batches": 1,
                                                                                                                                                        "Original Hash Batches": 1,
                                                                                                                                                        "Peak Memory Usage": 9,
                                                                                                                                                        "Workers": [],
                                                                                                                                                        "Plans": [
                                                                                                                                                            {
                                                                                                                                                                "Node Type": "Seq Scan",
                                                                                                                                                                "Parent Relationship": "Outer",
                                                                                                                                                                "Parallel Aware": false,
                                                                                                                                                                "Async Capable": false,
                                                                                                                                                                "Relation Name": "comp_cast_type",
                                                                                                                                                                "Alias": "cct1",
                                                                                                                                                                "Startup Cost": 0.0,
                                                                                                                                                                "Total Cost": 1.05,
                                                                                                                                                                "Plan Rows": 1,
                                                                                                                                                                "Plan Width": 4,
                                                                                                                                                                "Actual Startup Time": 0.004,
                                                                                                                                                                "Actual Total Time": 0.004,
                                                                                                                                                                "Actual Rows": 1,
                                                                                                                                                                "Actual Loops": 4,
                                                                                                                                                                "Filter": "((kind)::text = 'complete+verified'::text)",
                                                                                                                                                                "Rows Removed by Filter": 3,
                                                                                                                                                                "Workers": []
                                                                                                                                                            }
                                                                                                                                                        ]
                                                                                                                                                    }
                                                                                                                                                ]
                                                                                                                                            }
                                                                                                                                        ]
                                                                                                                                    }
                                                                                                                                ]
                                                                                                                            }
                                                                                                                        ]
                                                                                                                    }
                                                                                                                ]
                                                                                                            }
                                                                                                        ]
                                                                                                    }
                                                                                                ]
                                                                                            }
                                                                                        ]
                                                                                    },
                                                                                    {
                                                                                        "Node Type": "Seq Scan",
                                                                                        "Parent Relationship": "Inner",
                                                                                        "Parallel Aware": false,
                                                                                        "Async Capable": false,
                                                                                        "Relation Name": "company_type",
                                                                                        "Alias": "ct",
                                                                                        "Startup Cost": 0.0,
                                                                                        "Total Cost": 1.04,
                                                                                        "Plan Rows": 4,
                                                                                        "Plan Width": 4,
                                                                                        "Actual Startup Time": 0.009,
                                                                                        "Actual Total Time": 0.009,
                                                                                        "Actual Rows": 2,
                                                                                        "Actual Loops": 7,
                                                                                        "Workers": []
                                                                                    }
                                                                                ]
                                                                            },
                                                                            {
                                                                                "Node Type": "Seq Scan",
                                                                                "Parent Relationship": "Inner",
                                                                                "Parallel Aware": false,
                                                                                "Async Capable": false,
                                                                                "Relation Name": "kind_type",
                                                                                "Alias": "kt",
                                                                                "Startup Cost": 0.0,
                                                                                "Total Cost": 1.1,
                                                                                "Plan Rows": 4,
                                                                                "Plan Width": 14,
                                                                                "Actual Startup Time": 0.002,
                                                                                "Actual Total Time": 0.002,
                                                                                "Actual Rows": 1,
                                                                                "Actual Loops": 7,
                                                                                "Filter": "((kind)::text = ANY ('{movie,\"tv movie\",\"video movie\",\"video game\"}'::text[]))",
                                                                                "Rows Removed by Filter": 0,
                                                                                "Workers": []
                                                                            }
                                                                        ]
                                                                    }
                                                                ]
                                                            }
                                                        ]
                                                    },
                                                    {
                                                        "Node Type": "Hash",
                                                        "Parent Relationship": "Inner",
                                                        "Parallel Aware": false,
                                                        "Async Capable": false,
                                                        "Startup Cost": 2349.7,
                                                        "Total Cost": 2349.7,
                                                        "Plan Rows": 134170,
                                                        "Plan Width": 4,
                                                        "Actual Startup Time": 12.28,
                                                        "Actual Total Time": 12.28,
                                                        "Actual Rows": 134170,
                                                        "Actual Loops": 4,
                                                        "Hash Buckets": 262144,
                                                        "Original Hash Buckets": 262144,
                                                        "Hash Batches": 1,
                                                        "Original Hash Batches": 1,
                                                        "Peak Memory Usage": 6765,
                                                        "Workers": [],
                                                        "Plans": [
                                                            {
                                                                "Node Type": "Seq Scan",
                                                                "Parent Relationship": "Outer",
                                                                "Parallel Aware": false,
                                                                "Async Capable": false,
                                                                "Relation Name": "keyword",
                                                                "Alias": "k",
                                                                "Startup Cost": 0.0,
                                                                "Total Cost": 2349.7,
                                                                "Plan Rows": 134170,
                                                                "Plan Width": 4,
                                                                "Actual Startup Time": 0.012,
                                                                "Actual Total Time": 6.083,
                                                                "Actual Rows": 134170,
                                                                "Actual Loops": 4,
                                                                "Workers": []
                                                            }
                                                        ]
                                                    }
                                                ]
                                            }
                                        ]
                                    }
                                ]
                            }
                        ]
                    },
                    "Planning Time": 8.125,
                    "Triggers": [],
                    "Execution Time": 4569.339
                }
            ],
            "hints": [
                "SET enable_hashjoin TO on",
                "SET enable_indexonlyscan TO on",
                "SET enable_indexscan TO off",
                "SET enable_mergejoin TO off",
                "SET enable_nestloop TO on",
                "SET enable_seqscan TO on"
            ]
        },
        {
            "arm": 3,
            "execution_time": 364.456,
            "plan": [
                {
                    "Plan": {
                        "Node Type": "Aggregate",
                        "Strategy": "Plain",
                        "Partial Mode": "Finalize",
                        "Parallel Aware": false,
                        "Async Capable": false,
                        "Startup Cost": 347219.14,
                        "Total Cost": 347219.15,
                        "Plan Rows": 1,
                        "Plan Width": 64,
                        "Actual Startup Time": 344.609,
                        "Actual Total Time": 364.389,
                        "Actual Rows": 1,
                        "Actual Loops": 1,
                        "Plans": [
                            {
                                "Node Type": "Gather",
                                "Parent Relationship": "Outer",
                                "Parallel Aware": false,
                                "Async Capable": false,
                                "Startup Cost": 347218.82,
                                "Total Cost": 347219.13,
                                "Plan Rows": 3,
                                "Plan Width": 64,
                                "Actual Startup Time": 344.397,
                                "Actual Total Time": 364.383,
                                "Actual Rows": 4,
                                "Actual Loops": 1,
                                "Workers Planned": 3,
                                "Workers Launched": 3,
                                "Single Copy": false,
                                "Plans": [
                                    {
                                        "Node Type": "Aggregate",
                                        "Strategy": "Plain",
                                        "Partial Mode": "Partial",
                                        "Parent Relationship": "Outer",
                                        "Parallel Aware": false,
                                        "Async Capable": false,
                                        "Startup Cost": 346218.82,
                                        "Total Cost": 346218.83,
                                        "Plan Rows": 1,
                                        "Plan Width": 64,
                                        "Actual Startup Time": 342.539,
                                        "Actual Total Time": 342.554,
                                        "Actual Rows": 1,
                                        "Actual Loops": 4,
                                        "Workers": [],
                                        "Plans": [
                                            {
                                                "Node Type": "Hash Join",
                                                "Parent Relationship": "Outer",
                                                "Parallel Aware": false,
                                                "Async Capable": false,
                                                "Join Type": "Inner",
                                                "Startup Cost": 301672.98,
                                                "Total Cost": 346218.81,
                                                "Plan Rows": 2,
                                                "Plan Width": 27,
                                                "Actual Startup Time": 328.003,
                                                "Actual Total Time": 342.543,
                                                "Actual Rows": 157,
                                                "Actual Loops": 4,
                                                "Inner Unique": true,
                                                "Hash Cond": "(mk.keyword_id = k.id)",
                                                "Workers": [],
                                                "Plans": [
                                                    {
                                                        "Node Type": "Hash Join",
                                                        "Parent Relationship": "Outer",
                                                        "Parallel Aware": true,
                                                        "Async Capable": false,
                                                        "Join Type": "Inner",
                                                        "Startup Cost": 297646.15,
                                                        "Total Cost": 342191.98,
                                                        "Plan Rows": 2,
                                                        "Plan Width": 31,
                                                        "Actual Startup Time": 315.342,
                                                        "Actual Total Time": 329.857,
                                                        "Actual Rows": 157,
                                                        "Actual Loops": 4,
                                                        "Inner Unique": false,
                                                        "Hash Cond": "(mk.movie_id = t.id)",
                                                        "Workers": [],
                                                        "Plans": [
                                                            {
                                                                "Node Type": "Seq Scan",
                                                                "Parent Relationship": "Outer",
                                                                "Parallel Aware": true,
                                                                "Async Capable": false,
                                                                "Relation Name": "movie_keyword",
                                                                "Alias": "mk",
                                                                "Startup Cost": 0.0,
                                                                "Total Cost": 39073.32,
                                                                "Plan Rows": 1459332,
                                                                "Plan Width": 8,
                                                                "Actual Startup Time": 0.004,
                                                                "Actual Total Time": 39.294,
                                                                "Actual Rows": 1130982,
                                                                "Actual Loops": 4,
                                                                "Workers": []
                                                            },
                                                            {
                                                                "Node Type": "Hash",
                                                                "Parent Relationship": "Inner",
                                                                "Parallel Aware": true,
                                                                "Async Capable": false,
                                                                "Startup Cost": 297646.14,
                                                                "Total Cost": 297646.14,
                                                                "Plan Rows": 1,
                                                                "Plan Width": 43,
                                                                "Actual Startup Time": 259.449,
                                                                "Actual Total Time": 259.462,
                                                                "Actual Rows": 2,
                                                                "Actual Loops": 4,
                                                                "Hash Buckets": 1024,
                                                                "Original Hash Buckets": 1024,
                                                                "Hash Batches": 1,
                                                                "Original Hash Batches": 1,
                                                                "Peak Memory Usage": 104,
                                                                "Workers": [],
                                                                "Plans": [
                                                                    {
                                                                        "Node Type": "Hash Join",
                                                                        "Parent Relationship": "Outer",
                                                                        "Parallel Aware": false,
                                                                        "Async Capable": false,
                                                                        "Join Type": "Inner",
                                                                        "Startup Cost": 292690.83,
                                                                        "Total Cost": 297646.14,
                                                                        "Plan Rows": 1,
                                                                        "Plan Width": 43,
                                                                        "Actual Startup Time": 257.564,
                                                                        "Actual Total Time": 259.443,
                                                                        "Actual Rows": 2,
                                                                        "Actual Loops": 4,
                                                                        "Inner Unique": true,
                                                                        "Hash Cond": "(t.kind_id = kt.id)",
                                                                        "Workers": [],
                                                                        "Plans": [
                                                                            {
                                                                                "Node Type": "Hash Join",
                                                                                "Parent Relationship": "Outer",
                                                                                "Parallel Aware": false,
                                                                                "Async Capable": false,
                                                                                "Join Type": "Inner",
                                                                                "Startup Cost": 292689.67,
                                                                                "Total Cost": 297644.98,
                                                                                "Plan Rows": 1,
                                                                                "Plan Width": 37,
                                                                                "Actual Startup Time": 257.547,
                                                                                "Actual Total Time": 259.424,
                                                                                "Actual Rows": 2,
                                                                                "Actual Loops": 4,
                                                                                "Inner Unique": true,
                                                                                "Hash Cond": "(mc.company_type_id = ct.id)",
                                                                                "Workers": [],
                                                                                "Plans": [
                                                                                    {
                                                                                        "Node Type": "Hash Join",
                                                                                        "Parent Relationship": "Outer",
                                                                                        "Parallel Aware": true,
                                                                                        "Async Capable": false,
                                                                                        "Join Type": "Inner",
                                                                                        "Startup Cost": 292688.58,
                                                                                        "Total Cost": 297643.89,
                                                                                        "Plan Rows": 1,
                                                                                        "Plan Width": 41,
                                                                                        "Actual Startup Time": 257.534,
                                                                                        "Actual Total Time": 259.409,
                                                                                        "Actual Rows": 2,
                                                                                        "Actual Loops": 4,
                                                                                        "Inner Unique": false,
                                                                                        "Hash Cond": "(cn.id = mc.company_id)",
                                                                                        "Workers": [],
                                                                                        "Plans": [
                                                                                            {
                                                                                                "Node Type": "Seq Scan",
                                                                                                "Parent Relationship": "Outer",
                                                                                                "Parallel Aware": true,
                                                                                                "Async Capable": false,
                                                                                                "Relation Name": "company_name",
                                                                                                "Alias": "cn",
                                                                                                "Startup Cost": 0.0,
                                                                                                "Total Cost": 4767.92,
                                                                                                "Plan Rows": 49967,
                                                                                                "Plan Width": 4,
                                                                                                "Actual Startup Time": 0.004,
                                                                                                "Actual Total Time": 3.35,
                                                                                                "Actual Rows": 21211,
                                                                                                "Actual Loops": 4,
                                                                                                "Filter": "((country_code)::text = '[us]'::text)",
                                                                                                "Rows Removed by Filter": 37538,
                                                                                                "Workers": []
                                                                                            },
                                                                                            {
                                                                                                "Node Type": "Hash",
                                                                                                "Parent Relationship": "Inner",
                                                                                                "Parallel Aware": true,
                                                                                                "Async Capable": false,
                                                                                                "Startup Cost": 292688.57,
                                                                                                "Total Cost": 292688.57,
                                                                                                "Plan Rows": 1,
                                                                                                "Plan Width": 45,
                                                                                                "Actual Startup Time": 255.493,
                                                                                                "Actual Total Time": 255.502,
                                                                                                "Actual Rows": 2,
                                                                                                "Actual Loops": 4,
                                                                                                "Hash Buckets": 1024,
                                                                                                "Original Hash Buckets": 1024,
                                                                                                "Hash Batches": 1,
                                                                                                "Original Hash Batches": 1,
                                                                                                "Peak Memory Usage": 104,
                                                                                                "Workers": [],
                                                                                                "Plans": [
                                                                                                    {
                                                                                                        "Node Type": "Hash Join",
                                                                                                        "Parent Relationship": "Outer",
                                                                                                        "Parallel Aware": true,
                                                                                                        "Async Capable": false,
                                                                                                        "Join Type": "Inner",
                                                                                                        "Startup Cost": 262291.81,
                                                                                                        "Total Cost": 292688.57,
                                                                                                        "Plan Rows": 1,
                                                                                                        "Plan Width": 45,
                                                                                                        "Actual Startup Time": 240.174,
                                                                                                        "Actual Total Time": 255.484,
                                                                                                        "Actual Rows": 2,
                                                                                                        "Actual Loops": 4,
                                                                                                        "Inner Unique": false,
                                                                                                        "Hash Cond": "(mc.movie_id = t.id)",
                                                                                                        "Workers": [],
                                                                                                        "Plans": [
                                                                                                            {
                                                                                                                "Node Type": "Seq Scan",
                                                                                                                "Parent Relationship": "Outer",
                                                                                                                "Parallel Aware": true,
                                                                                                                "Async Capable": false,
                                                                                                                "Relation Name": "movie_companies",
                                                                                                                "Alias": "mc",
                                                                                                                "Startup Cost": 0.0,
                                                                                                                "Total Cost": 27240.55,
                                                                                                                "Plan Rows": 841655,
                                                                                                                "Plan Width": 12,
                                                                                                                "Actual Startup Time": 0.004,
                                                                                                                "Actual Total Time": 25.266,
                                                                                                                "Actual Rows": 652282,
                                                                                                                "Actual Loops": 4,
                                                                                                                "Workers": []
                                                                                                            },
                                                                                                            {
                                                                                                                "Node Type": "Hash",
                                                                                                                "Parent Relationship": "Inner",
                                                                                                                "Parallel Aware": true,
                                                                                                                "Async Capable": false,
                                                                                                                "Startup Cost": 262291.8,
                                                                                                                "Total Cost": 262291.8,
                                                                                                                "Plan Rows": 1,
                                                                                                                "Plan Width": 33,
                                                                                                                "Actual Startup Time": 211.731,
                                                                                                                "Actual Total Time": 211.738,
                                                                                                                "Actual Rows": 2,
                                                                                                                "Actual Loops": 4,
                                                                                                                "Hash Buckets": 1024,
                                                                                                                "Original Hash Buckets": 1024,
                                                                                                                "Hash Batches": 1,
                                                                                                                "Original Hash Batches": 1,
                                                                                                                "Peak Memory Usage": 72,
                                                                                                                "Workers": [],
                                                                                                                "Plans": [
                                                                                                                    {
                                                                                                                        "Node Type": "Hash Join",
                                                                                                                        "Parent Relationship": "Outer",
                                                                                                                        "Parallel Aware": true,
                                                                                                                        "Async Capable": false,
                                                                                                                        "Join Type": "Inner",
                                                                                                                        "Startup Cost": 216740.53,
                                                                                                                        "Total Cost": 262291.8,
                                                                                                                        "Plan Rows": 1,
                                                                                                                        "Plan Width": 33,
                                                                                                                        "Actual Startup Time": 208.049,
                                                                                                                        "Actual Total Time": 211.713,
                                                                                                                        "Actual Rows": 2,
                                                                                                                        "Actual Loops": 4,
                                                                                                                        "Inner Unique": false,
                                                                                                                        "Hash Cond": "(t.id = mi.movie_id)",
                                                                                                                        "Workers": [],
                                                                                                                        "Plans": [
                                                                                                                            {
                                                                                                                                "Node Type": "Seq Scan",
                                                                                                                                "Parent Relationship": "Outer",
                                                                                                                                "Parallel Aware": true,
                                                                                                                                "Async Capable": false,
                                                                                                                                "Relation Name": "title",
                                                                                                                                "Alias": "t",
                                                                                                                                "Startup Cost": 0.0,
                                                                                                                                "Total Cost": 43909.73,
                                                                                                                                "Plan Rows": 437742,
                                                                                                                                "Plan Width": 25,
                                                                                                                                "Actual Startup Time": 0.007,
                                                                                                                                "Actual Total Time": 35.185,
                                                                                                                                "Actual Rows": 437258,
                                                                                                                                "Actual Loops": 4,
                                                                                                                                "Filter": "(production_year > 1990)",
                                                                                                                                "Rows Removed by Filter": 194820,
                                                                                                                                "Workers": []
                                                                                                                            },
                                                                                                                            {
                                                                                                                                "Node Type": "Hash",
                                                                                                                                "Parent Relationship": "Inner",
                                                                                                                                "Parallel Aware": true,
                                                                                                                                "Async Capable": false,
                                                                                                                                "Startup Cost": 216740.51,
                                                                                                                                "Total Cost": 216740.51,
                                                                                                                                "Plan Rows": 1,
                                                                                                                                "Plan Width": 8,
                                                                                                                                "Actual Startup Time": 165.574,
                                                                                                                                "Actual Total Time": 165.579,
                                                                                                                                "Actual Rows": 2,
                                                                                                                                "Actual Loops": 4,
                                                                                                                                "Hash Buckets": 1024,
                                                                                                                                "Original Hash Buckets": 1024,
                                                                                                                                "Hash Batches": 1,
                                                                                                                                "Original Hash Batches": 1,
                                                                                                                                "Peak Memory Usage": 72,
                                                                                                                                "Workers": [],
                                                                                                                                "Plans": [
                                                                                                                                    {
                                                                                                                                        "Node Type": "Hash Join",
                                                                                                                                        "Parent Relationship": "Outer",
                                                                                                                                        "Parallel Aware": false,
                                                                                                                                        "Async Capable": false,
                                                                                                                                        "Join Type": "Inner",
                                                                                                                                        "Startup Cost": 3242.81,
                                                                                                                                        "Total Cost": 216740.51,
                                                                                                                                        "Plan Rows": 1,
                                                                                                                                        "Plan Width": 8,
                                                                                                                                        "Actual Startup Time": 120.703,
                                                                                                                                        "Actual Total Time": 165.56,
                                                                                                                                        "Actual Rows": 2,
                                                                                                                                        "Actual Loops": 4,
                                                                                                                                        "Inner Unique": false,
                                                                                                                                        "Hash Cond": "(mi.movie_id = cc.movie_id)",
                                                                                                                                        "Workers": [],
                                                                                                                                        "Plans": [
                                                                                                                                            {
                                                                                                                                                "Node Type": "Hash Join",
                                                                                                                                                "Parent Relationship": "Outer",
                                                                                                                                                "Parallel Aware": false,
                                                                                                                                                "Async Capable": false,
                                                                                                                                                "Join Type": "Inner",
                                                                                                                                                "Startup Cost": 2.43,
                                                                                                                                                "Total Cost": 213500.11,
                                                                                                                                                "Plan Rows": 1,
                                                                                                                                                "Plan Width": 4,
                                                                                                                                                "Actual Startup Time": 43.013,
                                                                                                                                                "Actual Total Time": 154.603,
                                                                                                                                                "Actual Rows": 446,
                                                                                                                                                "Actual Loops": 4,
                                                                                                                                                "Inner Unique": true,
                                                                                                                                                "Hash Cond": "(mi.info_type_id = it1.id)",
                                                                                                                                                "Workers": [],
                                                                                                                                                "Plans": [
                                                                                                                                                    {
                                                                                                                                                        "Node Type": "Seq Scan",
                                                                                                                                                        "Parent Relationship": "Outer",
                                                                                                                                                        "Parallel Aware": true,
                                                                                                                                                        "Async Capable": false,
                                                                                                                                                        "Relation Name": "movie_info",
                                                                                                                                                        "Alias": "mi",
                                                                                                                                                        "Startup Cost": 0.0,
                                                                                                                                                        "Total Cost": 213497.62,
                                                                                                                                                        "Plan Rows": 26,
                                                                                                                                                        "Plan Width": 8,
                                                                                                                                                        "Actual Startup Time": 42.988,
                                                                                                                                                        "Actual Total Time": 154.541,
                                                                                                                                                        "Actual Rows": 446,
                                                                                                                                                        "Actual Loops": 4,
                                                                                                                                                        "Filter": "((info IS NOT NULL) AND (note ~~ '%internet%'::text) AND ((info ~~ 'USA:% 199%'::text) OR (info ~~ 'USA:% 200%'::text)))",
                                                                                                                                                        "Rows Removed by Filter": 3708484,
                                                                                                                                                        "Workers": []
                                                                                                                                                    },
                                                                                                                                                    {
                                                                                                                                                        "Node Type": "Hash",
                                                                                                                                                        "Parent Relationship": "Inner",
                                                                                                                                                        "Parallel Aware": false,
                                                                                                                                                        "Async Capable": false,
                                                                                                                                                        "Startup Cost": 2.41,
                                                                                                                                                        "Total Cost": 2.41,
                                                                                                                                                        "Plan Rows": 1,
                                                                                                                                                        "Plan Width": 4,
                                                                                                                                                        "Actual Startup Time": 0.015,
                                                                                                                                                        "Actual Total Time": 0.015,
                                                                                                                                                        "Actual Rows": 1,
                                                                                                                                                        "Actual Loops": 4,
                                                                                                                                                        "Hash Buckets": 1024,
                                                                                                                                                        "Original Hash Buckets": 1024,
                                                                                                                                                        "Hash Batches": 1,
                                                                                                                                                        "Original Hash Batches": 1,
                                                                                                                                                        "Peak Memory Usage": 9,
                                                                                                                                                        "Workers": [],
                                                                                                                                                        "Plans": [
                                                                                                                                                            {
                                                                                                                                                                "Node Type": "Seq Scan",
                                                                                                                                                                "Parent Relationship": "Outer",
                                                                                                                                                                "Parallel Aware": false,
                                                                                                                                                                "Async Capable": false,
                                                                                                                                                                "Relation Name": "info_type",
                                                                                                                                                                "Alias": "it1",
                                                                                                                                                                "Startup Cost": 0.0,
                                                                                                                                                                "Total Cost": 2.41,
                                                                                                                                                                "Plan Rows": 1,
                                                                                                                                                                "Plan Width": 4,
                                                                                                                                                                "Actual Startup Time": 0.01,
                                                                                                                                                                "Actual Total Time": 0.012,
                                                                                                                                                                "Actual Rows": 1,
                                                                                                                                                                "Actual Loops": 4,
                                                                                                                                                                "Filter": "((info)::text = 'release dates'::text)",
                                                                                                                                                                "Rows Removed by Filter": 112,
                                                                                                                                                                "Workers": []
                                                                                                                                                            }
                                                                                                                                                        ]
                                                                                                                                                    }
                                                                                                                                                ]
                                                                                                                                            },
                                                                                                                                            {
                                                                                                                                                "Node Type": "Hash",
                                                                                                                                                "Parent Relationship": "Inner",
                                                                                                                                                "Parallel Aware": false,
                                                                                                                                                "Async Capable": false,
                                                                                                                                                "Startup Cost": 2818.24,
                                                                                                                                                "Total Cost": 2818.24,
                                                                                                                                                "Plan Rows": 33772,
                                                                                                                                                "Plan Width": 4,
                                                                                                                                                "Actual Startup Time": 10.8,
                                                                                                                                                "Actual Total Time": 10.802,
                                                                                                                                                "Actual Rows": 24592,
                                                                                                                                                "Actual Loops": 4,
                                                                                                                                                "Hash Buckets": 65536,
                                                                                                                                                "Original Hash Buckets": 65536,
                                                                                                                                                "Hash Batches": 1,
                                                                                                                                                "Original Hash Batches": 1,
                                                                                                                                                "Peak Memory Usage": 1377,
                                                                                                                                                "Workers": [],
                                                                                                                                                "Plans": [
                                                                                                                                                    {
                                                                                                                                                        "Node Type": "Hash Join",
                                                                                                                                                        "Parent Relationship": "Outer",
                                                                                                                                                        "Parallel Aware": false,
                                                                                                                                                        "Async Capable": false,
                                                                                                                                                        "Join Type": "Inner",
                                                                                                                                                        "Startup Cost": 1.06,
                                                                                                                                                        "Total Cost": 2818.24,
                                                                                                                                                        "Plan Rows": 33772,
                                                                                                                                                        "Plan Width": 4,
                                                                                                                                                        "Actual Startup Time": 0.017,
                                                                                                                                                        "Actual Total Time": 9.563,
                                                                                                                                                        "Actual Rows": 24592,
                                                                                                                                                        "Actual Loops": 4,
                                                                                                                                                        "Inner Unique": true,
                                                                                                                                                        "Hash Cond": "(cc.status_id = cct1.id)",
                                                                                                                                                        "Workers": [],
                                                                                                                                                        "Plans": [
                                                                                                                                                            {
                                                                                                                                                                "Node Type": "Seq Scan",
                                                                                                                                                                "Parent Relationship": "Outer",
                                                                                                                                                                "Parallel Aware": false,
                                                                                                                                                                "Async Capable": false,
                                                                                                                                                                "Relation Name": "complete_cast",
                                                                                                                                                                "Alias": "cc",
                                                                                                                                                                "Startup Cost": 0.0,
                                                                                                                                                                "Total Cost": 2086.86,
                                                                                                                                                                "Plan Rows": 135086,
                                                                                                                                                                "Plan Width": 8,
                                                                                                                                                                "Actual Startup Time": 0.004,
                                                                                                                                                                "Actual Total Time": 4.452,
                                                                                                                                                                "Actual Rows": 135086,
                                                                                                                                                                "Actual Loops": 4,
                                                                                                                                                                "Workers": []
                                                                                                                                                            },
                                                                                                                                                            {
                                                                                                                                                                "Node Type": "Hash",
                                                                                                                                                                "Parent Relationship": "Inner",
                                                                                                                                                                "Parallel Aware": false,
                                                                                                                                                                "Async Capable": false,
                                                                                                                                                                "Startup Cost": 1.05,
                                                                                                                                                                "Total Cost": 1.05,
                                                                                                                                                                "Plan Rows": 1,
                                                                                                                                                                "Plan Width": 4,
                                                                                                                                                                "Actual Startup Time": 0.005,
                                                                                                                                                                "Actual Total Time": 0.006,
                                                                                                                                                                "Actual Rows": 1,
                                                                                                                                                                "Actual Loops": 4,
                                                                                                                                                                "Hash Buckets": 1024,
                                                                                                                                                                "Original Hash Buckets": 1024,
                                                                                                                                                                "Hash Batches": 1,
                                                                                                                                                                "Original Hash Batches": 1,
                                                                                                                                                                "Peak Memory Usage": 9,
                                                                                                                                                                "Workers": [],
                                                                                                                                                                "Plans": [
                                                                                                                                                                    {
                                                                                                                                                                        "Node Type": "Seq Scan",
                                                                                                                                                                        "Parent Relationship": "Outer",
                                                                                                                                                                        "Parallel Aware": false,
                                                                                                                                                                        "Async Capable": false,
                                                                                                                                                                        "Relation Name": "comp_cast_type",
                                                                                                                                                                        "Alias": "cct1",
                                                                                                                                                                        "Startup Cost": 0.0,
                                                                                                                                                                        "Total Cost": 1.05,
                                                                                                                                                                        "Plan Rows": 1,
                                                                                                                                                                        "Plan Width": 4,
                                                                                                                                                                        "Actual Startup Time": 0.004,
                                                                                                                                                                        "Actual Total Time": 0.004,
                                                                                                                                                                        "Actual Rows": 1,
                                                                                                                                                                        "Actual Loops": 4,
                                                                                                                                                                        "Filter": "((kind)::text = 'complete+verified'::text)",
                                                                                                                                                                        "Rows Removed by Filter": 3,
                                                                                                                                                                        "Workers": []
                                                                                                                                                                    }
                                                                                                                                                                ]
                                                                                                                                                            }
                                                                                                                                                        ]
                                                                                                                                                    }
                                                                                                                                                ]
                                                                                                                                            }
                                                                                                                                        ]
                                                                                                                                    }
                                                                                                                                ]
                                                                                                                            }
                                                                                                                        ]
                                                                                                                    }
                                                                                                                ]
                                                                                                            }
                                                                                                        ]
                                                                                                    }
                                                                                                ]
                                                                                            }
                                                                                        ]
                                                                                    },
                                                                                    {
                                                                                        "Node Type": "Hash",
                                                                                        "Parent Relationship": "Inner",
                                                                                        "Parallel Aware": false,
                                                                                        "Async Capable": false,
                                                                                        "Startup Cost": 1.04,
                                                                                        "Total Cost": 1.04,
                                                                                        "Plan Rows": 4,
                                                                                        "Plan Width": 4,
                                                                                        "Actual Startup Time": 0.007,
                                                                                        "Actual Total Time": 0.008,
                                                                                        "Actual Rows": 4,
                                                                                        "Actual Loops": 4,
                                                                                        "Hash Buckets": 1024,
                                                                                        "Original Hash Buckets": 1024,
                                                                                        "Hash Batches": 1,
                                                                                        "Original Hash Batches": 1,
                                                                                        "Peak Memory Usage": 9,
                                                                                        "Workers": [],
                                                                                        "Plans": [
                                                                                            {
                                                                                                "Node Type": "Seq Scan",
                                                                                                "Parent Relationship": "Outer",
                                                                                                "Parallel Aware": false,
                                                                                                "Async Capable": false,
                                                                                                "Relation Name": "company_type",
                                                                                                "Alias": "ct",
                                                                                                "Startup Cost": 0.0,
                                                                                                "Total Cost": 1.04,
                                                                                                "Plan Rows": 4,
                                                                                                "Plan Width": 4,
                                                                                                "Actual Startup Time": 0.006,
                                                                                                "Actual Total Time": 0.006,
                                                                                                "Actual Rows": 4,
                                                                                                "Actual Loops": 4,
                                                                                                "Workers": []
                                                                                            }
                                                                                        ]
                                                                                    }
                                                                                ]
                                                                            },
                                                                            {
                                                                                "Node Type": "Hash",
                                                                                "Parent Relationship": "Inner",
                                                                                "Parallel Aware": false,
                                                                                "Async Capable": false,
                                                                                "Startup Cost": 1.1,
                                                                                "Total Cost": 1.1,
                                                                                "Plan Rows": 4,
                                                                                "Plan Width": 14,
                                                                                "Actual Startup Time": 0.011,
                                                                                "Actual Total Time": 0.012,
                                                                                "Actual Rows": 4,
                                                                                "Actual Loops": 4,
                                                                                "Hash Buckets": 1024,
                                                                                "Original Hash Buckets": 1024,
                                                                                "Hash Batches": 1,
                                                                                "Original Hash Batches": 1,
                                                                                "Peak Memory Usage": 9,
                                                                                "Workers": [],
                                                                                "Plans": [
                                                                                    {
                                                                                        "Node Type": "Seq Scan",
                                                                                        "Parent Relationship": "Outer",
                                                                                        "Parallel Aware": false,
                                                                                        "Async Capable": false,
                                                                                        "Relation Name": "kind_type",
                                                                                        "Alias": "kt",
                                                                                        "Startup Cost": 0.0,
                                                                                        "Total Cost": 1.1,
                                                                                        "Plan Rows": 4,
                                                                                        "Plan Width": 14,
                                                                                        "Actual Startup Time": 0.009,
                                                                                        "Actual Total Time": 0.01,
                                                                                        "Actual Rows": 4,
                                                                                        "Actual Loops": 4,
                                                                                        "Filter": "((kind)::text = ANY ('{movie,\"tv movie\",\"video movie\",\"video game\"}'::text[]))",
                                                                                        "Rows Removed by Filter": 3,
                                                                                        "Workers": []
                                                                                    }
                                                                                ]
                                                                            }
                                                                        ]
                                                                    }
                                                                ]
                                                            }
                                                        ]
                                                    },
                                                    {
                                                        "Node Type": "Hash",
                                                        "Parent Relationship": "Inner",
                                                        "Parallel Aware": false,
                                                        "Async Capable": false,
                                                        "Startup Cost": 2349.7,
                                                        "Total Cost": 2349.7,
                                                        "Plan Rows": 134170,
                                                        "Plan Width": 4,
                                                        "Actual Startup Time": 12.252,
                                                        "Actual Total Time": 12.252,
                                                        "Actual Rows": 134170,
                                                        "Actual Loops": 4,
                                                        "Hash Buckets": 262144,
                                                        "Original Hash Buckets": 262144,
                                                        "Hash Batches": 1,
                                                        "Original Hash Batches": 1,
                                                        "Peak Memory Usage": 6765,
                                                        "Workers": [],
                                                        "Plans": [
                                                            {
                                                                "Node Type": "Seq Scan",
                                                                "Parent Relationship": "Outer",
                                                                "Parallel Aware": false,
                                                                "Async Capable": false,
                                                                "Relation Name": "keyword",
                                                                "Alias": "k",
                                                                "Startup Cost": 0.0,
                                                                "Total Cost": 2349.7,
                                                                "Plan Rows": 134170,
                                                                "Plan Width": 4,
                                                                "Actual Startup Time": 0.009,
                                                                "Actual Total Time": 5.843,
                                                                "Actual Rows": 134170,
                                                                "Actual Loops": 4,
                                                                "Workers": []
                                                            }
                                                        ]
                                                    }
                                                ]
                                            }
                                        ]
                                    }
                                ]
                            }
                        ]
                    },
                    "Planning Time": 9.315,
                    "Triggers": [],
                    "Execution Time": 364.456
                }
            ],
            "hints": [
                "SET enable_hashjoin TO on",
                "SET enable_indexonlyscan TO on",
                "SET enable_indexscan TO off",
                "SET enable_mergejoin TO off",
                "SET enable_nestloop TO off",
                "SET enable_seqscan TO on"
            ]
        },
        {
            "arm": 4,
            "execution_time": 103.401,
            "plan": [
                {
                    "Plan": {
                        "Node Type": "Aggregate",
                        "Strategy": "Plain",
                        "Partial Mode": "Finalize",
                        "Parallel Aware": false,
                        "Async Capable": false,
                        "Startup Cost": 56222.95,
                        "Total Cost": 56222.96,
                        "Plan Rows": 1,
                        "Plan Width": 64,
                        "Actual Startup Time": 90.314,
                        "Actual Total Time": 103.338,
                        "Actual Rows": 1,
                        "Actual Loops": 1,
                        "Plans": [
                            {
                                "Node Type": "Gather",
                                "Parent Relationship": "Outer",
                                "Parallel Aware": false,
                                "Async Capable": false,
                                "Startup Cost": 56222.52,
                                "Total Cost": 56222.93,
                                "Plan Rows": 4,
                                "Plan Width": 64,
                                "Actual Startup Time": 90.203,
                                "Actual Total Time": 103.331,
                                "Actual Rows": 5,
                                "Actual Loops": 1,
                                "Workers Planned": 4,
                                "Workers Launched": 4,
                                "Single Copy": false,
                                "Plans": [
                                    {
                                        "Node Type": "Aggregate",
                                        "Strategy": "Plain",
                                        "Partial Mode": "Partial",
                                        "Parent Relationship": "Outer",
                                        "Parallel Aware": false,
                                        "Async Capable": false,
                                        "Startup Cost": 55222.52,
                                        "Total Cost": 55222.53,
                                        "Plan Rows": 1,
                                        "Plan Width": 64,
                                        "Actual Startup Time": 88.17,
                                        "Actual Total Time": 88.177,
                                        "Actual Rows": 1,
                                        "Actual Loops": 5,
                                        "Workers": [],
                                        "Plans": [
                                            {
                                                "Node Type": "Nested Loop",
                                                "Parent Relationship": "Outer",
                                                "Parallel Aware": false,
                                                "Async Capable": false,
                                                "Join Type": "Inner",
                                                "Startup Cost": 3243.96,
                                                "Total Cost": 55222.52,
                                                "Plan Rows": 1,
                                                "Plan Width": 27,
                                                "Actual Startup Time": 77.353,
                                                "Actual Total Time": 88.165,
                                                "Actual Rows": 126,
                                                "Actual Loops": 5,
                                                "Inner Unique": true,
                                                "Workers": [],
                                                "Plans": [
                                                    {
                                                        "Node Type": "Nested Loop",
                                                        "Parent Relationship": "Outer",
                                                        "Parallel Aware": false,
                                                        "Async Capable": false,
                                                        "Join Type": "Inner",
                                                        "Startup Cost": 3243.54,
                                                        "Total Cost": 55222.08,
                                                        "Plan Rows": 1,
                                                        "Plan Width": 31,
                                                        "Actual Startup Time": 77.337,
                                                        "Actual Total Time": 87.979,
                                                        "Actual Rows": 126,
                                                        "Actual Loops": 5,
                                                        "Inner Unique": true,
                                                        "Workers": [],
                                                        "Plans": [
                                                            {
                                                                "Node Type": "Nested Loop",
                                                                "Parent Relationship": "Outer",
                                                                "Parallel Aware": false,
                                                                "Async Capable": false,
                                                                "Join Type": "Inner",
                                                                "Startup Cost": 3243.41,
                                                                "Total Cost": 55221.93,
                                                                "Plan Rows": 1,
                                                                "Plan Width": 35,
                                                                "Actual Startup Time": 77.327,
                                                                "Actual Total Time": 87.925,
                                                                "Actual Rows": 126,
                                                                "Actual Loops": 5,
                                                                "Inner Unique": true,
                                                                "Workers": [],
                                                                "Plans": [
                                                                    {
                                                                        "Node Type": "Nested Loop",
                                                                        "Parent Relationship": "Outer",
                                                                        "Parallel Aware": false,
                                                                        "Async Capable": false,
                                                                        "Join Type": "Inner",
                                                                        "Startup Cost": 3242.99,
                                                                        "Total Cost": 55221.48,
                                                                        "Plan Rows": 1,
                                                                        "Plan Width": 39,
                                                                        "Actual Startup Time": 77.318,
                                                                        "Actual Total Time": 87.846,
                                                                        "Actual Rows": 126,
                                                                        "Actual Loops": 5,
                                                                        "Inner Unique": false,
                                                                        "Join Filter": "(mc.movie_id = t.id)",
                                                                        "Rows Removed by Join Filter": 0,
                                                                        "Workers": [],
                                                                        "Plans": [
                                                                            {
                                                                                "Node Type": "Nested Loop",
                                                                                "Parent Relationship": "Outer",
                                                                                "Parallel Aware": false,
                                                                                "Async Capable": false,
                                                                                "Join Type": "Inner",
                                                                                "Startup Cost": 3242.56,
                                                                                "Total Cost": 55220.88,
                                                                                "Plan Rows": 1,
                                                                                "Plan Width": 47,
                                                                                "Actual Startup Time": 77.31,
                                                                                "Actual Total Time": 87.761,
                                                                                "Actual Rows": 125,
                                                                                "Actual Loops": 5,
                                                                                "Inner Unique": false,
                                                                                "Workers": [],
                                                                                "Plans": [
                                                                                    {
                                                                                        "Node Type": "Nested Loop",
                                                                                        "Parent Relationship": "Outer",
                                                                                        "Parallel Aware": false,
                                                                                        "Async Capable": false,
                                                                                        "Join Type": "Inner",
                                                                                        "Startup Cost": 3242.13,
                                                                                        "Total Cost": 55219.1,
                                                                                        "Plan Rows": 1,
                                                                                        "Plan Width": 39,
                                                                                        "Actual Startup Time": 77.3,
                                                                                        "Actual Total Time": 87.734,
                                                                                        "Actual Rows": 1,
                                                                                        "Actual Loops": 5,
                                                                                        "Inner Unique": true,
                                                                                        "Workers": [],
                                                                                        "Plans": [
                                                                                            {
                                                                                                "Node Type": "Nested Loop",
                                                                                                "Parent Relationship": "Outer",
                                                                                                "Parallel Aware": false,
                                                                                                "Async Capable": false,
                                                                                                "Join Type": "Inner",
                                                                                                "Startup Cost": 3241.98,
                                                                                                "Total Cost": 55218.83,
                                                                                                "Plan Rows": 1,
                                                                                                "Plan Width": 43,
                                                                                                "Actual Startup Time": 77.285,
                                                                                                "Actual Total Time": 87.718,
                                                                                                "Actual Rows": 1,
                                                                                                "Actual Loops": 5,
                                                                                                "Inner Unique": false,
                                                                                                "Workers": [],
                                                                                                "Plans": [
                                                                                                    {
                                                                                                        "Node Type": "Hash Join",
                                                                                                        "Parent Relationship": "Outer",
                                                                                                        "Parallel Aware": false,
                                                                                                        "Async Capable": false,
                                                                                                        "Join Type": "Inner",
                                                                                                        "Startup Cost": 3241.54,
                                                                                                        "Total Cost": 48875.91,
                                                                                                        "Plan Rows": 3341,
                                                                                                        "Plan Width": 35,
                                                                                                        "Actual Startup Time": 40.332,
                                                                                                        "Actual Total Time": 58.602,
                                                                                                        "Actual Rows": 1011,
                                                                                                        "Actual Loops": 5,
                                                                                                        "Inner Unique": true,
                                                                                                        "Hash Cond": "(t.kind_id = kt.id)",
                                                                                                        "Workers": [],
                                                                                                        "Plans": [
                                                                                                            {
                                                                                                                "Node Type": "Hash Join",
                                                                                                                "Parent Relationship": "Outer",
                                                                                                                "Parallel Aware": false,
                                                                                                                "Async Capable": false,
                                                                                                                "Join Type": "Inner",
                                                                                                                "Startup Cost": 3240.39,
                                                                                                                "Total Cost": 48850.12,
                                                                                                                "Plan Rows": 5846,
                                                                                                                "Plan Width": 29,
                                                                                                                "Actual Startup Time": 11.307,
                                                                                                                "Actual Total Time": 58.484,
                                                                                                                "Actual Rows": 1285,
                                                                                                                "Actual Loops": 5,
                                                                                                                "Inner Unique": false,
                                                                                                                "Hash Cond": "(t.id = cc.movie_id)",
                                                                                                                "Workers": [],
                                                                                                                "Plans": [
                                                                                                                    {
                                                                                                                        "Node Type": "Seq Scan",
                                                                                                                        "Parent Relationship": "Outer",
                                                                                                                        "Parallel Aware": true,
                                                                                                                        "Async Capable": false,
                                                                                                                        "Relation Name": "title",
                                                                                                                        "Alias": "t",
                                                                                                                        "Startup Cost": 0.0,
                                                                                                                        "Total Cost": 43909.73,
                                                                                                                        "Plan Rows": 437742,
                                                                                                                        "Plan Width": 25,
                                                                                                                        "Actual Startup Time": 0.005,
                                                                                                                        "Actual Total Time": 30.812,
                                                                                                                        "Actual Rows": 349806,
                                                                                                                        "Actual Loops": 5,
                                                                                                                        "Filter": "(production_year > 1990)",
                                                                                                                        "Rows Removed by Filter": 155856,
                                                                                                                        "Workers": []
                                                                                                                    },
                                                                                                                    {
                                                                                                                        "Node Type": "Hash",
                                                                                                                        "Parent Relationship": "Inner",
                                                                                                                        "Parallel Aware": false,
                                                                                                                        "Async Capable": false,
                                                                                                                        "Startup Cost": 2818.24,
                                                                                                                        "Total Cost": 2818.24,
                                                                                                                        "Plan Rows": 33772,
                                                                                                                        "Plan Width": 4,
                                                                                                                        "Actual Startup Time": 11.103,
                                                                                                                        "Actual Total Time": 11.105,
                                                                                                                        "Actual Rows": 24592,
                                                                                                                        "Actual Loops": 5,
                                                                                                                        "Hash Buckets": 65536,
                                                                                                                        "Original Hash Buckets": 65536,
                                                                                                                        "Hash Batches": 1,
                                                                                                                        "Original Hash Batches": 1,
                                                                                                                        "Peak Memory Usage": 1377,
                                                                                                                        "Workers": [],
                                                                                                                        "Plans": [
                                                                                                                            {
                                                                                                                                "Node Type": "Hash Join",
                                                                                                                                "Parent Relationship": "Outer",
                                                                                                                                "Parallel Aware": false,
                                                                                                                                "Async Capable": false,
                                                                                                                                "Join Type": "Inner",
                                                                                                                                "Startup Cost": 1.06,
                                                                                                                                "Total Cost": 2818.24,
                                                                                                                                "Plan Rows": 33772,
                                                                                                                                "Plan Width": 4,
                                                                                                                                "Actual Startup Time": 0.017,
                                                                                                                                "Actual Total Time": 9.941,
                                                                                                                                "Actual Rows": 24592,
                                                                                                                                "Actual Loops": 5,
                                                                                                                                "Inner Unique": true,
                                                                                                                                "Hash Cond": "(cc.status_id = cct1.id)",
                                                                                                                                "Workers": [],
                                                                                                                                "Plans": [
                                                                                                                                    {
                                                                                                                                        "Node Type": "Seq Scan",
                                                                                                                                        "Parent Relationship": "Outer",
                                                                                                                                        "Parallel Aware": false,
                                                                                                                                        "Async Capable": false,
                                                                                                                                        "Relation Name": "complete_cast",
                                                                                                                                        "Alias": "cc",
                                                                                                                                        "Startup Cost": 0.0,
                                                                                                                                        "Total Cost": 2086.86,
                                                                                                                                        "Plan Rows": 135086,
                                                                                                                                        "Plan Width": 8,
                                                                                                                                        "Actual Startup Time": 0.006,
                                                                                                                                        "Actual Total Time": 4.771,
                                                                                                                                        "Actual Rows": 135086,
                                                                                                                                        "Actual Loops": 5,
                                                                                                                                        "Workers": []
                                                                                                                                    },
                                                                                                                                    {
                                                                                                                                        "Node Type": "Hash",
                                                                                                                                        "Parent Relationship": "Inner",
                                                                                                                                        "Parallel Aware": false,
                                                                                                                                        "Async Capable": false,
                                                                                                                                        "Startup Cost": 1.05,
                                                                                                                                        "Total Cost": 1.05,
                                                                                                                                        "Plan Rows": 1,
                                                                                                                                        "Plan Width": 4,
                                                                                                                                        "Actual Startup Time": 0.006,
                                                                                                                                        "Actual Total Time": 0.006,
                                                                                                                                        "Actual Rows": 1,
                                                                                                                                        "Actual Loops": 5,
                                                                                                                                        "Hash Buckets": 1024,
                                                                                                                                        "Original Hash Buckets": 1024,
                                                                                                                                        "Hash Batches": 1,
                                                                                                                                        "Original Hash Batches": 1,
                                                                                                                                        "Peak Memory Usage": 9,
                                                                                                                                        "Workers": [],
                                                                                                                                        "Plans": [
                                                                                                                                            {
                                                                                                                                                "Node Type": "Seq Scan",
                                                                                                                                                "Parent Relationship": "Outer",
                                                                                                                                                "Parallel Aware": false,
                                                                                                                                                "Async Capable": false,
                                                                                                                                                "Relation Name": "comp_cast_type",
                                                                                                                                                "Alias": "cct1",
                                                                                                                                                "Startup Cost": 0.0,
                                                                                                                                                "Total Cost": 1.05,
                                                                                                                                                "Plan Rows": 1,
                                                                                                                                                "Plan Width": 4,
                                                                                                                                                "Actual Startup Time": 0.004,
                                                                                                                                                "Actual Total Time": 0.005,
                                                                                                                                                "Actual Rows": 1,
                                                                                                                                                "Actual Loops": 5,
                                                                                                                                                "Filter": "((kind)::text = 'complete+verified'::text)",
                                                                                                                                                "Rows Removed by Filter": 3,
                                                                                                                                                "Workers": []
                                                                                                                                            }
                                                                                                                                        ]
                                                                                                                                    }
                                                                                                                                ]
                                                                                                                            }
                                                                                                                        ]
                                                                                                                    }
                                                                                                                ]
                                                                                                            },
                                                                                                            {
                                                                                                                "Node Type": "Hash",
                                                                                                                "Parent Relationship": "Inner",
                                                                                                                "Parallel Aware": false,
                                                                                                                "Async Capable": false,
                                                                                                                "Startup Cost": 1.1,
                                                                                                                "Total Cost": 1.1,
                                                                                                                "Plan Rows": 4,
                                                                                                                "Plan Width": 14,
                                                                                                                "Actual Startup Time": 0.014,
                                                                                                                "Actual Total Time": 0.014,
                                                                                                                "Actual Rows": 4,
                                                                                                                "Actual Loops": 5,
                                                                                                                "Hash Buckets": 1024,
                                                                                                                "Original Hash Buckets": 1024,
                                                                                                                "Hash Batches": 1,
                                                                                                                "Original Hash Batches": 1,
                                                                                                                "Peak Memory Usage": 9,
                                                                                                                "Workers": [],
                                                                                                                "Plans": [
                                                                                                                    {
                                                                                                                        "Node Type": "Seq Scan",
                                                                                                                        "Parent Relationship": "Outer",
                                                                                                                        "Parallel Aware": false,
                                                                                                                        "Async Capable": false,
                                                                                                                        "Relation Name": "kind_type",
                                                                                                                        "Alias": "kt",
                                                                                                                        "Startup Cost": 0.0,
                                                                                                                        "Total Cost": 1.1,
                                                                                                                        "Plan Rows": 4,
                                                                                                                        "Plan Width": 14,
                                                                                                                        "Actual Startup Time": 0.011,
                                                                                                                        "Actual Total Time": 0.012,
                                                                                                                        "Actual Rows": 4,
                                                                                                                        "Actual Loops": 5,
                                                                                                                        "Filter": "((kind)::text = ANY ('{movie,\"tv movie\",\"video movie\",\"video game\"}'::text[]))",
                                                                                                                        "Rows Removed by Filter": 3,
                                                                                                                        "Workers": []
                                                                                                                    }
                                                                                                                ]
                                                                                                            }
                                                                                                        ]
                                                                                                    },
                                                                                                    {
                                                                                                        "Node Type": "Index Scan",
                                                                                                        "Parent Relationship": "Inner",
                                                                                                        "Parallel Aware": false,
                                                                                                        "Async Capable": false,
                                                                                                        "Scan Direction": "Forward",
                                                                                                        "Index Name": "movie_id_movie_info",
                                                                                                        "Relation Name": "movie_info",
                                                                                                        "Alias": "mi",
                                                                                                        "Startup Cost": 0.43,
                                                                                                        "Total Cost": 1.89,
                                                                                                        "Plan Rows": 1,
                                                                                                        "Plan Width": 8,
                                                                                                        "Actual Startup Time": 0.029,
                                                                                                        "Actual Total Time": 0.029,
                                                                                                        "Actual Rows": 0,
                                                                                                        "Actual Loops": 5053,
                                                                                                        "Index Cond": "(movie_id = t.id)",
                                                                                                        "Rows Removed by Index Recheck": 0,
                                                                                                        "Filter": "((info IS NOT NULL) AND (note ~~ '%internet%'::text) AND ((info ~~ 'USA:% 199%'::text) OR (info ~~ 'USA:% 200%'::text)))",
                                                                                                        "Rows Removed by Filter": 123,
                                                                                                        "Workers": []
                                                                                                    }
                                                                                                ]
                                                                                            },
                                                                                            {
                                                                                                "Node Type": "Memoize",
                                                                                                "Parent Relationship": "Inner",
                                                                                                "Parallel Aware": false,
                                                                                                "Async Capable": false,
                                                                                                "Startup Cost": 0.15,
                                                                                                "Total Cost": 0.26,
                                                                                                "Plan Rows": 1,
                                                                                                "Plan Width": 4,
                                                                                                "Actual Startup Time": 0.012,
                                                                                                "Actual Total Time": 0.012,
                                                                                                "Actual Rows": 1,
                                                                                                "Actual Loops": 6,
                                                                                                "Cache Key": "mi.info_type_id",
                                                                                                "Cache Mode": "logical",
                                                                                                "Workers": [
                                                                                                    {
                                                                                                        "Worker Number": 0,
                                                                                                        "Cache Hits": 0,
                                                                                                        "Cache Misses": 1,
                                                                                                        "Cache Evictions": 0,
                                                                                                        "Cache Overflows": 0,
                                                                                                        "Peak Memory Usage": 1
                                                                                                    },
                                                                                                    {
                                                                                                        "Worker Number": 1,
                                                                                                        "Cache Hits": 0,
                                                                                                        "Cache Misses": 1,
                                                                                                        "Cache Evictions": 0,
                                                                                                        "Cache Overflows": 0,
                                                                                                        "Peak Memory Usage": 1
                                                                                                    },
                                                                                                    {
                                                                                                        "Worker Number": 2,
                                                                                                        "Cache Hits": 3,
                                                                                                        "Cache Misses": 1,
                                                                                                        "Cache Evictions": 0,
                                                                                                        "Cache Overflows": 0,
                                                                                                        "Peak Memory Usage": 1
                                                                                                    }
                                                                                                ],
                                                                                                "Plans": [
                                                                                                    {
                                                                                                        "Node Type": "Index Scan",
                                                                                                        "Parent Relationship": "Outer",
                                                                                                        "Parallel Aware": false,
                                                                                                        "Async Capable": false,
                                                                                                        "Scan Direction": "Forward",
                                                                                                        "Index Name": "info_type_pkey",
                                                                                                        "Relation Name": "info_type",
                                                                                                        "Alias": "it1",
                                                                                                        "Startup Cost": 0.14,
                                                                                                        "Total Cost": 0.25,
                                                                                                        "Plan Rows": 1,
                                                                                                        "Plan Width": 4,
                                                                                                        "Actual Startup Time": 0.02,
                                                                                                        "Actual Total Time": 0.02,
                                                                                                        "Actual Rows": 1,
                                                                                                        "Actual Loops": 3,
                                                                                                        "Index Cond": "(id = mi.info_type_id)",
                                                                                                        "Rows Removed by Index Recheck": 0,
                                                                                                        "Filter": "((info)::text = 'release dates'::text)",
                                                                                                        "Rows Removed by Filter": 0,
                                                                                                        "Workers": []
                                                                                                    }
                                                                                                ]
                                                                                            }
                                                                                        ]
                                                                                    },
                                                                                    {
                                                                                        "Node Type": "Index Scan",
                                                                                        "Parent Relationship": "Inner",
                                                                                        "Parallel Aware": false,
                                                                                        "Async Capable": false,
                                                                                        "Scan Direction": "Forward",
                                                                                        "Index Name": "movie_id_movie_keyword",
                                                                                        "Relation Name": "movie_keyword",
                                                                                        "Alias": "mk",
                                                                                        "Startup Cost": 0.43,
                                                                                        "Total Cost": 1.31,
                                                                                        "Plan Rows": 46,
                                                                                        "Plan Width": 8,
                                                                                        "Actual Startup Time": 0.008,
                                                                                        "Actual Total Time": 0.015,
                                                                                        "Actual Rows": 104,
                                                                                        "Actual Loops": 6,
                                                                                        "Index Cond": "(movie_id = t.id)",
                                                                                        "Rows Removed by Index Recheck": 0,
                                                                                        "Workers": []
                                                                                    }
                                                                                ]
                                                                            },
                                                                            {
                                                                                "Node Type": "Index Scan",
                                                                                "Parent Relationship": "Inner",
                                                                                "Parallel Aware": false,
                                                                                "Async Capable": false,
                                                                                "Scan Direction": "Forward",
                                                                                "Index Name": "movie_id_movie_companies",
                                                                                "Relation Name": "movie_companies",
                                                                                "Alias": "mc",
                                                                                "Startup Cost": 0.43,
                                                                                "Total Cost": 0.54,
                                                                                "Plan Rows": 5,
                                                                                "Plan Width": 12,
                                                                                "Actual Startup Time": 0.0,
                                                                                "Actual Total Time": 0.001,
                                                                                "Actual Rows": 1,
                                                                                "Actual Loops": 625,
                                                                                "Index Cond": "(movie_id = mk.movie_id)",
                                                                                "Rows Removed by Index Recheck": 0,
                                                                                "Workers": []
                                                                            }
                                                                        ]
                                                                    },
                                                                    {
                                                                        "Node Type": "Index Scan",
                                                                        "Parent Relationship": "Inner",
                                                                        "Parallel Aware": false,
                                                                        "Async Capable": false,
                                                                        "Scan Direction": "Forward",
                                                                        "Index Name": "company_name_pkey",
                                                                        "Relation Name": "company_name",
                                                                        "Alias": "cn",
                                                                        "Startup Cost": 0.42,
                                                                        "Total Cost": 0.45,
                                                                        "Plan Rows": 1,
                                                                        "Plan Width": 4,
                                                                        "Actual Startup Time": 0.0,
                                                                        "Actual Total Time": 0.0,
                                                                        "Actual Rows": 1,
                                                                        "Actual Loops": 628,
                                                                        "Index Cond": "(id = mc.company_id)",
                                                                        "Rows Removed by Index Recheck": 0,
                                                                        "Filter": "((country_code)::text = '[us]'::text)",
                                                                        "Rows Removed by Filter": 0,
                                                                        "Workers": []
                                                                    }
                                                                ]
                                                            },
                                                            {
                                                                "Node Type": "Index Only Scan",
                                                                "Parent Relationship": "Inner",
                                                                "Parallel Aware": false,
                                                                "Async Capable": false,
                                                                "Scan Direction": "Forward",
                                                                "Index Name": "company_type_pkey",
                                                                "Relation Name": "company_type",
                                                                "Alias": "ct",
                                                                "Startup Cost": 0.13,
                                                                "Total Cost": 0.15,
                                                                "Plan Rows": 1,
                                                                "Plan Width": 4,
                                                                "Actual Startup Time": 0.0,
                                                                "Actual Total Time": 0.0,
                                                                "Actual Rows": 1,
                                                                "Actual Loops": 628,
                                                                "Index Cond": "(id = mc.company_type_id)",
                                                                "Rows Removed by Index Recheck": 0,
                                                                "Heap Fetches": 628,
                                                                "Workers": []
                                                            }
                                                        ]
                                                    },
                                                    {
                                                        "Node Type": "Index Only Scan",
                                                        "Parent Relationship": "Inner",
                                                        "Parallel Aware": false,
                                                        "Async Capable": false,
                                                        "Scan Direction": "Forward",
                                                        "Index Name": "keyword_pkey",
                                                        "Relation Name": "keyword",
                                                        "Alias": "k",
                                                        "Startup Cost": 0.42,
                                                        "Total Cost": 0.44,
                                                        "Plan Rows": 1,
                                                        "Plan Width": 4,
                                                        "Actual Startup Time": 0.001,
                                                        "Actual Total Time": 0.001,
                                                        "Actual Rows": 1,
                                                        "Actual Loops": 628,
                                                        "Index Cond": "(id = mk.keyword_id)",
                                                        "Rows Removed by Index Recheck": 0,
                                                        "Heap Fetches": 628,
                                                        "Workers": []
                                                    }
                                                ]
                                            }
                                        ]
                                    }
                                ]
                            }
                        ]
                    },
                    "Planning Time": 9.693,
                    "Triggers": [],
                    "Execution Time": 103.401
                }
            ],
            "hints": [
                "SET enable_hashjoin TO on",
                "SET enable_indexonlyscan TO on",
                "SET enable_indexscan TO on",
                "SET enable_mergejoin TO off",
                "SET enable_nestloop TO on",
                "SET enable_seqscan TO on"
            ]
        }
    ]
}