{
    "sql_file": "job22a.sql",
    "query": "SELECT MIN(cn.name) AS movie_company, MIN(mi_idx.info) AS rating, MIN(t.title) AS western_violent_movie FROM company_name AS cn, company_type AS ct, info_type AS it1, info_type AS it2, keyword AS k, kind_type AS kt, movie_companies AS mc, movie_info AS mi, movie_info_idx AS mi_idx, movie_keyword AS mk, title AS t WHERE cn.country_code  != '[us]' AND it1.info  = 'countries' AND it2.info  = 'rating' AND k.keyword  in ('murder', 'murder-in-title', 'blood', 'violence') AND kt.kind  in ('movie', 'episode') AND mc.note  not like '%(USA)%' and mc.note like '%(200%)%' AND mi.info IN ('Germany', 'German', 'USA', 'American') AND mi_idx.info  < '7.0' AND t.production_year  > 2008 AND kt.id = t.kind_id AND t.id = mi.movie_id AND t.id = mk.movie_id AND t.id = mi_idx.movie_id AND t.id = mc.movie_id AND mk.movie_id = mi.movie_id AND mk.movie_id = mi_idx.movie_id AND mk.movie_id = mc.movie_id AND mi.movie_id = mi_idx.movie_id AND mi.movie_id = mc.movie_id AND mc.movie_id = mi_idx.movie_id AND k.id = mk.keyword_id AND it1.id = mi.info_type_id AND it2.id = mi_idx.info_type_id AND ct.id = mc.company_type_id AND cn.id = mc.company_id;",
    "results": [
        {
            "arm": 0,
            "execution_time": 139.245,
            "plan": [
                {
                    "Plan": {
                        "Node Type": "Aggregate",
                        "Strategy": "Plain",
                        "Partial Mode": "Simple",
                        "Parallel Aware": false,
                        "Async Capable": false,
                        "Startup Cost": 7884.44,
                        "Total Cost": 7884.45,
                        "Plan Rows": 1,
                        "Plan Width": 96,
                        "Actual Startup Time": 139.203,
                        "Actual Total Time": 139.207,
                        "Actual Rows": 1,
                        "Actual Loops": 1,
                        "Plans": [
                            {
                                "Node Type": "Nested Loop",
                                "Parent Relationship": "Outer",
                                "Parallel Aware": false,
                                "Async Capable": false,
                                "Join Type": "Inner",
                                "Startup Cost": 2.58,
                                "Total Cost": 7884.43,
                                "Plan Rows": 1,
                                "Plan Width": 42,
                                "Actual Startup Time": 2.016,
                                "Actual Total Time": 139.055,
                                "Actual Rows": 2851,
                                "Actual Loops": 1,
                                "Inner Unique": true,
                                "Join Filter": "(it1.id = mi.info_type_id)",
                                "Rows Removed by Join Filter": 191,
                                "Plans": [
                                    {
                                        "Node Type": "Nested Loop",
                                        "Parent Relationship": "Outer",
                                        "Parallel Aware": false,
                                        "Async Capable": false,
                                        "Join Type": "Inner",
                                        "Startup Cost": 2.58,
                                        "Total Cost": 7882.01,
                                        "Plan Rows": 1,
                                        "Plan Width": 46,
                                        "Actual Startup Time": 2.014,
                                        "Actual Total Time": 136.036,
                                        "Actual Rows": 3042,
                                        "Actual Loops": 1,
                                        "Inner Unique": false,
                                        "Join Filter": "(mi.movie_id = t.id)",
                                        "Rows Removed by Join Filter": 0,
                                        "Plans": [
                                            {
                                                "Node Type": "Nested Loop",
                                                "Parent Relationship": "Outer",
                                                "Parallel Aware": false,
                                                "Async Capable": false,
                                                "Join Type": "Inner",
                                                "Startup Cost": 2.14,
                                                "Total Cost": 7880.46,
                                                "Plan Rows": 1,
                                                "Plan Width": 58,
                                                "Actual Startup Time": 0.636,
                                                "Actual Total Time": 98.732,
                                                "Actual Rows": 2958,
                                                "Actual Loops": 1,
                                                "Inner Unique": true,
                                                "Join Filter": "(ct.id = mc.company_type_id)",
                                                "Rows Removed by Join Filter": 0,
                                                "Plans": [
                                                    {
                                                        "Node Type": "Nested Loop",
                                                        "Parent Relationship": "Outer",
                                                        "Parallel Aware": false,
                                                        "Async Capable": false,
                                                        "Join Type": "Inner",
                                                        "Startup Cost": 2.14,
                                                        "Total Cost": 7879.37,
                                                        "Plan Rows": 1,
                                                        "Plan Width": 62,
                                                        "Actual Startup Time": 0.635,
                                                        "Actual Total Time": 97.901,
                                                        "Actual Rows": 2958,
                                                        "Actual Loops": 1,
                                                        "Inner Unique": true,
                                                        "Plans": [
                                                            {
                                                                "Node Type": "Nested Loop",
                                                                "Parent Relationship": "Outer",
                                                                "Parallel Aware": false,
                                                                "Async Capable": false,
                                                                "Join Type": "Inner",
                                                                "Startup Cost": 1.72,
                                                                "Total Cost": 7878.82,
                                                                "Plan Rows": 1,
                                                                "Plan Width": 47,
                                                                "Actual Startup Time": 0.63,
                                                                "Actual Total Time": 94.402,
                                                                "Actual Rows": 3374,
                                                                "Actual Loops": 1,
                                                                "Inner Unique": false,
                                                                "Join Filter": "(mc.movie_id = t.id)",
                                                                "Rows Removed by Join Filter": 0,
                                                                "Plans": [
                                                                    {
                                                                        "Node Type": "Nested Loop",
                                                                        "Parent Relationship": "Outer",
                                                                        "Parallel Aware": false,
                                                                        "Async Capable": false,
                                                                        "Join Type": "Inner",
                                                                        "Startup Cost": 1.29,
                                                                        "Total Cost": 7878.24,
                                                                        "Plan Rows": 1,
                                                                        "Plan Width": 35,
                                                                        "Actual Startup Time": 0.622,
                                                                        "Actual Total Time": 84.81,
                                                                        "Actual Rows": 2378,
                                                                        "Actual Loops": 1,
                                                                        "Inner Unique": false,
                                                                        "Join Filter": "(it2.id = mi_idx.info_type_id)",
                                                                        "Rows Removed by Join Filter": 6322,
                                                                        "Plans": [
                                                                            {
                                                                                "Node Type": "Seq Scan",
                                                                                "Parent Relationship": "Outer",
                                                                                "Parallel Aware": false,
                                                                                "Async Capable": false,
                                                                                "Relation Name": "info_type",
                                                                                "Alias": "it2",
                                                                                "Startup Cost": 0.0,
                                                                                "Total Cost": 2.41,
                                                                                "Plan Rows": 1,
                                                                                "Plan Width": 4,
                                                                                "Actual Startup Time": 0.005,
                                                                                "Actual Total Time": 0.006,
                                                                                "Actual Rows": 1,
                                                                                "Actual Loops": 1,
                                                                                "Filter": "((info)::text = 'rating'::text)",
                                                                                "Rows Removed by Filter": 112
                                                                            },
                                                                            {
                                                                                "Node Type": "Nested Loop",
                                                                                "Parent Relationship": "Inner",
                                                                                "Parallel Aware": false,
                                                                                "Async Capable": false,
                                                                                "Join Type": "Inner",
                                                                                "Startup Cost": 1.29,
                                                                                "Total Cost": 7875.51,
                                                                                "Plan Rows": 26,
                                                                                "Plan Width": 39,
                                                                                "Actual Startup Time": 0.314,
                                                                                "Actual Total Time": 84.516,
                                                                                "Actual Rows": 8700,
                                                                                "Actual Loops": 1,
                                                                                "Inner Unique": false,
                                                                                "Join Filter": "(mi_idx.movie_id = t.id)",
                                                                                "Rows Removed by Join Filter": 0,
                                                                                "Plans": [
                                                                                    {
                                                                                        "Node Type": "Nested Loop",
                                                                                        "Parent Relationship": "Outer",
                                                                                        "Parallel Aware": false,
                                                                                        "Async Capable": false,
                                                                                        "Join Type": "Inner",
                                                                                        "Startup Cost": 0.86,
                                                                                        "Total Cost": 7870.15,
                                                                                        "Plan Rows": 10,
                                                                                        "Plan Width": 25,
                                                                                        "Actual Startup Time": 0.31,
                                                                                        "Actual Total Time": 75.899,
                                                                                        "Actual Rows": 4832,
                                                                                        "Actual Loops": 1,
                                                                                        "Inner Unique": true,
                                                                                        "Join Filter": "(kt.id = t.kind_id)",
                                                                                        "Rows Removed by Join Filter": 2286,
                                                                                        "Plans": [
                                                                                            {
                                                                                                "Node Type": "Nested Loop",
                                                                                                "Parent Relationship": "Outer",
                                                                                                "Parallel Aware": false,
                                                                                                "Async Capable": false,
                                                                                                "Join Type": "Inner",
                                                                                                "Startup Cost": 0.86,
                                                                                                "Total Cost": 7868.02,
                                                                                                "Plan Rows": 36,
                                                                                                "Plan Width": 29,
                                                                                                "Actual Startup Time": 0.306,
                                                                                                "Actual Total Time": 75.242,
                                                                                                "Actual Rows": 5606,
                                                                                                "Actual Loops": 1,
                                                                                                "Inner Unique": true,
                                                                                                "Plans": [
                                                                                                    {
                                                                                                        "Node Type": "Nested Loop",
                                                                                                        "Parent Relationship": "Outer",
                                                                                                        "Parallel Aware": false,
                                                                                                        "Async Capable": false,
                                                                                                        "Join Type": "Inner",
                                                                                                        "Startup Cost": 0.43,
                                                                                                        "Total Cost": 7801.9,
                                                                                                        "Plan Rows": 135,
                                                                                                        "Plan Width": 4,
                                                                                                        "Actual Startup Time": 0.294,
                                                                                                        "Actual Total Time": 25.875,
                                                                                                        "Actual Rows": 37091,
                                                                                                        "Actual Loops": 1,
                                                                                                        "Inner Unique": false,
                                                                                                        "Plans": [
                                                                                                            {
                                                                                                                "Node Type": "Seq Scan",
                                                                                                                "Parent Relationship": "Outer",
                                                                                                                "Parallel Aware": false,
                                                                                                                "Async Capable": false,
                                                                                                                "Relation Name": "keyword",
                                                                                                                "Alias": "k",
                                                                                                                "Startup Cost": 0.0,
                                                                                                                "Total Cost": 3020.55,
                                                                                                                "Plan Rows": 4,
                                                                                                                "Plan Width": 4,
                                                                                                                "Actual Startup Time": 0.286,
                                                                                                                "Actual Total Time": 6.174,
                                                                                                                "Actual Rows": 3,
                                                                                                                "Actual Loops": 1,
                                                                                                                "Filter": "(keyword = ANY ('{murder,murder-in-title,blood,violence}'::text[]))",
                                                                                                                "Rows Removed by Filter": 134167
                                                                                                            },
                                                                                                            {
                                                                                                                "Node Type": "Index Scan",
                                                                                                                "Parent Relationship": "Inner",
                                                                                                                "Parallel Aware": false,
                                                                                                                "Async Capable": false,
                                                                                                                "Scan Direction": "Forward",
                                                                                                                "Index Name": "keyword_id_movie_keyword",
                                                                                                                "Relation Name": "movie_keyword",
                                                                                                                "Alias": "mk",
                                                                                                                "Startup Cost": 0.43,
                                                                                                                "Total Cost": 1192.31,
                                                                                                                "Plan Rows": 303,
                                                                                                                "Plan Width": 8,
                                                                                                                "Actual Startup Time": 0.006,
                                                                                                                "Actual Total Time": 5.998,
                                                                                                                "Actual Rows": 12364,
                                                                                                                "Actual Loops": 3,
                                                                                                                "Index Cond": "(keyword_id = k.id)",
                                                                                                                "Rows Removed by Index Recheck": 0
                                                                                                            }
                                                                                                        ]
                                                                                                    },
                                                                                                    {
                                                                                                        "Node Type": "Index Scan",
                                                                                                        "Parent Relationship": "Inner",
                                                                                                        "Parallel Aware": false,
                                                                                                        "Async Capable": false,
                                                                                                        "Scan Direction": "Forward",
                                                                                                        "Index Name": "title_pkey",
                                                                                                        "Relation Name": "title",
                                                                                                        "Alias": "t",
                                                                                                        "Startup Cost": 0.43,
                                                                                                        "Total Cost": 0.49,
                                                                                                        "Plan Rows": 1,
                                                                                                        "Plan Width": 25,
                                                                                                        "Actual Startup Time": 0.001,
                                                                                                        "Actual Total Time": 0.001,
                                                                                                        "Actual Rows": 0,
                                                                                                        "Actual Loops": 37091,
                                                                                                        "Index Cond": "(id = mk.movie_id)",
                                                                                                        "Rows Removed by Index Recheck": 0,
                                                                                                        "Filter": "(production_year > 2008)",
                                                                                                        "Rows Removed by Filter": 1
                                                                                                    }
                                                                                                ]
                                                                                            },
                                                                                            {
                                                                                                "Node Type": "Materialize",
                                                                                                "Parent Relationship": "Inner",
                                                                                                "Parallel Aware": false,
                                                                                                "Async Capable": false,
                                                                                                "Startup Cost": 0.0,
                                                                                                "Total Cost": 1.1,
                                                                                                "Plan Rows": 2,
                                                                                                "Plan Width": 4,
                                                                                                "Actual Startup Time": 0.0,
                                                                                                "Actual Total Time": 0.0,
                                                                                                "Actual Rows": 1,
                                                                                                "Actual Loops": 5606,
                                                                                                "Plans": [
                                                                                                    {
                                                                                                        "Node Type": "Seq Scan",
                                                                                                        "Parent Relationship": "Outer",
                                                                                                        "Parallel Aware": false,
                                                                                                        "Async Capable": false,
                                                                                                        "Relation Name": "kind_type",
                                                                                                        "Alias": "kt",
                                                                                                        "Startup Cost": 0.0,
                                                                                                        "Total Cost": 1.09,
                                                                                                        "Plan Rows": 2,
                                                                                                        "Plan Width": 4,
                                                                                                        "Actual Startup Time": 0.001,
                                                                                                        "Actual Total Time": 0.002,
                                                                                                        "Actual Rows": 2,
                                                                                                        "Actual Loops": 1,
                                                                                                        "Filter": "((kind)::text = ANY ('{movie,episode}'::text[]))",
                                                                                                        "Rows Removed by Filter": 5
                                                                                                    }
                                                                                                ]
                                                                                            }
                                                                                        ]
                                                                                    },
                                                                                    {
                                                                                        "Node Type": "Index Scan",
                                                                                        "Parent Relationship": "Inner",
                                                                                        "Parallel Aware": false,
                                                                                        "Async Capable": false,
                                                                                        "Scan Direction": "Forward",
                                                                                        "Index Name": "movie_id_movie_info_idx",
                                                                                        "Relation Name": "movie_info_idx",
                                                                                        "Alias": "mi_idx",
                                                                                        "Startup Cost": 0.43,
                                                                                        "Total Cost": 0.5,
                                                                                        "Plan Rows": 3,
                                                                                        "Plan Width": 14,
                                                                                        "Actual Startup Time": 0.001,
                                                                                        "Actual Total Time": 0.002,
                                                                                        "Actual Rows": 2,
                                                                                        "Actual Loops": 4832,
                                                                                        "Index Cond": "(movie_id = mk.movie_id)",
                                                                                        "Rows Removed by Index Recheck": 0,
                                                                                        "Filter": "(info < '7.0'::text)",
                                                                                        "Rows Removed by Filter": 0
                                                                                    }
                                                                                ]
                                                                            }
                                                                        ]
                                                                    },
                                                                    {
                                                                        "Node Type": "Index Scan",
                                                                        "Parent Relationship": "Inner",
                                                                        "Parallel Aware": false,
                                                                        "Async Capable": false,
                                                                        "Scan Direction": "Forward",
                                                                        "Index Name": "movie_id_movie_companies",
                                                                        "Relation Name": "movie_companies",
                                                                        "Alias": "mc",
                                                                        "Startup Cost": 0.43,
                                                                        "Total Cost": 0.57,
                                                                        "Plan Rows": 1,
                                                                        "Plan Width": 12,
                                                                        "Actual Startup Time": 0.003,
                                                                        "Actual Total Time": 0.004,
                                                                        "Actual Rows": 1,
                                                                        "Actual Loops": 2378,
                                                                        "Index Cond": "(movie_id = mk.movie_id)",
                                                                        "Rows Removed by Index Recheck": 0,
                                                                        "Filter": "((note !~~ '%(USA)%'::text) AND (note ~~ '%(200%)%'::text))",
                                                                        "Rows Removed by Filter": 10
                                                                    }
                                                                ]
                                                            },
                                                            {
                                                                "Node Type": "Index Scan",
                                                                "Parent Relationship": "Inner",
                                                                "Parallel Aware": false,
                                                                "Async Capable": false,
                                                                "Scan Direction": "Forward",
                                                                "Index Name": "company_name_pkey",
                                                                "Relation Name": "company_name",
                                                                "Alias": "cn",
                                                                "Startup Cost": 0.42,
                                                                "Total Cost": 0.54,
                                                                "Plan Rows": 1,
                                                                "Plan Width": 23,
                                                                "Actual Startup Time": 0.001,
                                                                "Actual Total Time": 0.001,
                                                                "Actual Rows": 1,
                                                                "Actual Loops": 3374,
                                                                "Index Cond": "(id = mc.company_id)",
                                                                "Rows Removed by Index Recheck": 0,
                                                                "Filter": "((country_code)::text <> '[us]'::text)",
                                                                "Rows Removed by Filter": 0
                                                            }
                                                        ]
                                                    },
                                                    {
                                                        "Node Type": "Seq Scan",
                                                        "Parent Relationship": "Inner",
                                                        "Parallel Aware": false,
                                                        "Async Capable": false,
                                                        "Relation Name": "company_type",
                                                        "Alias": "ct",
                                                        "Startup Cost": 0.0,
                                                        "Total Cost": 1.04,
                                                        "Plan Rows": 4,
                                                        "Plan Width": 4,
                                                        "Actual Startup Time": 0.0,
                                                        "Actual Total Time": 0.0,
                                                        "Actual Rows": 1,
                                                        "Actual Loops": 2958
                                                    }
                                                ]
                                            },
                                            {
                                                "Node Type": "Index Scan",
                                                "Parent Relationship": "Inner",
                                                "Parallel Aware": false,
                                                "Async Capable": false,
                                                "Scan Direction": "Forward",
                                                "Index Name": "movie_id_movie_info",
                                                "Relation Name": "movie_info",
                                                "Alias": "mi",
                                                "Startup Cost": 0.43,
                                                "Total Cost": 1.52,
                                                "Plan Rows": 2,
                                                "Plan Width": 8,
                                                "Actual Startup Time": 0.011,
                                                "Actual Total Time": 0.012,
                                                "Actual Rows": 1,
                                                "Actual Loops": 2958,
                                                "Index Cond": "(movie_id = mk.movie_id)",
                                                "Rows Removed by Index Recheck": 0,
                                                "Filter": "(info = ANY ('{Germany,German,USA,American}'::text[]))",
                                                "Rows Removed by Filter": 155
                                            }
                                        ]
                                    },
                                    {
                                        "Node Type": "Seq Scan",
                                        "Parent Relationship": "Inner",
                                        "Parallel Aware": false,
                                        "Async Capable": false,
                                        "Relation Name": "info_type",
                                        "Alias": "it1",
                                        "Startup Cost": 0.0,
                                        "Total Cost": 2.41,
                                        "Plan Rows": 1,
                                        "Plan Width": 4,
                                        "Actual Startup Time": 0.001,
                                        "Actual Total Time": 0.001,
                                        "Actual Rows": 1,
                                        "Actual Loops": 3042,
                                        "Filter": "((info)::text = 'countries'::text)",
                                        "Rows Removed by Filter": 14
                                    }
                                ]
                            }
                        ]
                    },
                    "Planning Time": 13.114,
                    "Triggers": [],
                    "Execution Time": 139.245
                }
            ],
            "hints": [
                "SET enable_hashjoin TO on",
                "SET enable_indexonlyscan TO on",
                "SET enable_indexscan TO on",
                "SET enable_mergejoin TO on",
                "SET enable_nestloop TO on",
                "SET enable_seqscan TO on"
            ]
        },
        {
            "arm": 1,
            "execution_time": 415.752,
            "plan": [
                {
                    "Plan": {
                        "Node Type": "Aggregate",
                        "Strategy": "Plain",
                        "Partial Mode": "Finalize",
                        "Parallel Aware": false,
                        "Async Capable": false,
                        "Startup Cost": 351102.83,
                        "Total Cost": 351102.84,
                        "Plan Rows": 1,
                        "Plan Width": 96,
                        "Actual Startup Time": 401.278,
                        "Actual Total Time": 415.696,
                        "Actual Rows": 1,
                        "Actual Loops": 1,
                        "Plans": [
                            {
                                "Node Type": "Gather",
                                "Parent Relationship": "Outer",
                                "Parallel Aware": false,
                                "Async Capable": false,
                                "Startup Cost": 351102.39,
                                "Total Cost": 351102.8,
                                "Plan Rows": 4,
                                "Plan Width": 96,
                                "Actual Startup Time": 400.9,
                                "Actual Total Time": 415.691,
                                "Actual Rows": 5,
                                "Actual Loops": 1,
                                "Workers Planned": 4,
                                "Workers Launched": 4,
                                "Single Copy": false,
                                "Plans": [
                                    {
                                        "Node Type": "Aggregate",
                                        "Strategy": "Plain",
                                        "Partial Mode": "Partial",
                                        "Parent Relationship": "Outer",
                                        "Parallel Aware": false,
                                        "Async Capable": false,
                                        "Startup Cost": 350102.39,
                                        "Total Cost": 350102.4,
                                        "Plan Rows": 1,
                                        "Plan Width": 96,
                                        "Actual Startup Time": 398.859,
                                        "Actual Total Time": 398.873,
                                        "Actual Rows": 1,
                                        "Actual Loops": 5,
                                        "Workers": [],
                                        "Plans": [
                                            {
                                                "Node Type": "Hash Join",
                                                "Parent Relationship": "Outer",
                                                "Parallel Aware": false,
                                                "Async Capable": false,
                                                "Join Type": "Inner",
                                                "Startup Cost": 305567.25,
                                                "Total Cost": 350102.39,
                                                "Plan Rows": 1,
                                                "Plan Width": 42,
                                                "Actual Startup Time": 385.242,
                                                "Actual Total Time": 398.841,
                                                "Actual Rows": 570,
                                                "Actual Loops": 5,
                                                "Inner Unique": true,
                                                "Hash Cond": "(t.kind_id = kt.id)",
                                                "Workers": [],
                                                "Plans": [
                                                    {
                                                        "Node Type": "Hash Join",
                                                        "Parent Relationship": "Outer",
                                                        "Parallel Aware": true,
                                                        "Async Capable": false,
                                                        "Join Type": "Inner",
                                                        "Startup Cost": 305566.14,
                                                        "Total Cost": 350101.27,
                                                        "Plan Rows": 1,
                                                        "Plan Width": 46,
                                                        "Actual Startup Time": 380.348,
                                                        "Actual Total Time": 398.74,
                                                        "Actual Rows": 605,
                                                        "Actual Loops": 5,
                                                        "Inner Unique": false,
                                                        "Hash Cond": "(t.id = mi.movie_id)",
                                                        "Workers": [],
                                                        "Plans": [
                                                            {
                                                                "Node Type": "Seq Scan",
                                                                "Parent Relationship": "Outer",
                                                                "Parallel Aware": true,
                                                                "Async Capable": false,
                                                                "Relation Name": "title",
                                                                "Alias": "t",
                                                                "Startup Cost": 0.0,
                                                                "Total Cost": 43909.73,
                                                                "Plan Rows": 166772,
                                                                "Plan Width": 25,
                                                                "Actual Startup Time": 0.004,
                                                                "Actual Total Time": 25.06,
                                                                "Actual Rows": 132413,
                                                                "Actual Loops": 5,
                                                                "Filter": "(production_year > 2008)",
                                                                "Rows Removed by Filter": 373249,
                                                                "Workers": []
                                                            },
                                                            {
                                                                "Node Type": "Hash",
                                                                "Parent Relationship": "Inner",
                                                                "Parallel Aware": true,
                                                                "Async Capable": false,
                                                                "Startup Cost": 305566.13,
                                                                "Total Cost": 305566.13,
                                                                "Plan Rows": 1,
                                                                "Plan Width": 41,
                                                                "Actual Startup Time": 368.365,
                                                                "Actual Total Time": 368.378,
                                                                "Actual Rows": 8037,
                                                                "Actual Loops": 5,
                                                                "Hash Buckets": 65536,
                                                                "Original Hash Buckets": 1024,
                                                                "Hash Batches": 1,
                                                                "Original Hash Batches": 1,
                                                                "Peak Memory Usage": 4120,
                                                                "Workers": [],
                                                                "Plans": [
                                                                    {
                                                                        "Node Type": "Hash Join",
                                                                        "Parent Relationship": "Outer",
                                                                        "Parallel Aware": false,
                                                                        "Async Capable": false,
                                                                        "Join Type": "Inner",
                                                                        "Startup Cost": 300521.41,
                                                                        "Total Cost": 305566.13,
                                                                        "Plan Rows": 1,
                                                                        "Plan Width": 41,
                                                                        "Actual Startup Time": 361.008,
                                                                        "Actual Total Time": 366.239,
                                                                        "Actual Rows": 8037,
                                                                        "Actual Loops": 5,
                                                                        "Inner Unique": true,
                                                                        "Hash Cond": "(mc.company_type_id = ct.id)",
                                                                        "Workers": [],
                                                                        "Plans": [
                                                                            {
                                                                                "Node Type": "Hash Join",
                                                                                "Parent Relationship": "Outer",
                                                                                "Parallel Aware": true,
                                                                                "Async Capable": false,
                                                                                "Join Type": "Inner",
                                                                                "Startup Cost": 300520.32,
                                                                                "Total Cost": 305565.03,
                                                                                "Plan Rows": 1,
                                                                                "Plan Width": 45,
                                                                                "Actual Startup Time": 360.994,
                                                                                "Actual Total Time": 365.676,
                                                                                "Actual Rows": 8037,
                                                                                "Actual Loops": 5,
                                                                                "Inner Unique": false,
                                                                                "Hash Cond": "(cn.id = mc.company_id)",
                                                                                "Workers": [],
                                                                                "Plans": [
                                                                                    {
                                                                                        "Node Type": "Seq Scan",
                                                                                        "Parent Relationship": "Outer",
                                                                                        "Parallel Aware": true,
                                                                                        "Async Capable": false,
                                                                                        "Relation Name": "company_name",
                                                                                        "Alias": "cn",
                                                                                        "Startup Cost": 0.0,
                                                                                        "Total Cost": 4767.92,
                                                                                        "Plan Rows": 73808,
                                                                                        "Plan Width": 23,
                                                                                        "Actual Startup Time": 0.006,
                                                                                        "Actual Total Time": 3.015,
                                                                                        "Actual Rows": 25246,
                                                                                        "Actual Loops": 5,
                                                                                        "Filter": "((country_code)::text <> '[us]'::text)",
                                                                                        "Rows Removed by Filter": 21753,
                                                                                        "Workers": []
                                                                                    },
                                                                                    {
                                                                                        "Node Type": "Hash",
                                                                                        "Parent Relationship": "Inner",
                                                                                        "Parallel Aware": true,
                                                                                        "Async Capable": false,
                                                                                        "Startup Cost": 300520.31,
                                                                                        "Total Cost": 300520.31,
                                                                                        "Plan Rows": 1,
                                                                                        "Plan Width": 30,
                                                                                        "Actual Startup Time": 360.964,
                                                                                        "Actual Total Time": 360.974,
                                                                                        "Actual Rows": 8843,
                                                                                        "Actual Loops": 5,
                                                                                        "Hash Buckets": 65536,
                                                                                        "Original Hash Buckets": 1024,
                                                                                        "Hash Batches": 1,
                                                                                        "Original Hash Batches": 1,
                                                                                        "Peak Memory Usage": 3896,
                                                                                        "Workers": [],
                                                                                        "Plans": [
                                                                                            {
                                                                                                "Node Type": "Hash Join",
                                                                                                "Parent Relationship": "Outer",
                                                                                                "Parallel Aware": true,
                                                                                                "Async Capable": false,
                                                                                                "Join Type": "Inner",
                                                                                                "Startup Cost": 268890.26,
                                                                                                "Total Cost": 300520.31,
                                                                                                "Plan Rows": 1,
                                                                                                "Plan Width": 30,
                                                                                                "Actual Startup Time": 322.63,
                                                                                                "Actual Total Time": 355.206,
                                                                                                "Actual Rows": 8843,
                                                                                                "Actual Loops": 5,
                                                                                                "Inner Unique": false,
                                                                                                "Hash Cond": "(mc.movie_id = mi.movie_id)",
                                                                                                "Workers": [],
                                                                                                "Plans": [
                                                                                                    {
                                                                                                        "Node Type": "Seq Scan",
                                                                                                        "Parent Relationship": "Outer",
                                                                                                        "Parallel Aware": true,
                                                                                                        "Async Capable": false,
                                                                                                        "Relation Name": "movie_companies",
                                                                                                        "Alias": "mc",
                                                                                                        "Startup Cost": 0.0,
                                                                                                        "Total Cost": 31448.82,
                                                                                                        "Plan Rows": 48327,
                                                                                                        "Plan Width": 12,
                                                                                                        "Actual Startup Time": 0.014,
                                                                                                        "Actual Total Time": 30.028,
                                                                                                        "Actual Rows": 60654,
                                                                                                        "Actual Loops": 5,
                                                                                                        "Filter": "((note !~~ '%(USA)%'::text) AND (note ~~ '%(200%)%'::text))",
                                                                                                        "Rows Removed by Filter": 461172,
                                                                                                        "Workers": []
                                                                                                    },
                                                                                                    {
                                                                                                        "Node Type": "Hash",
                                                                                                        "Parent Relationship": "Inner",
                                                                                                        "Parallel Aware": true,
                                                                                                        "Async Capable": false,
                                                                                                        "Startup Cost": 268890.25,
                                                                                                        "Total Cost": 268890.25,
                                                                                                        "Plan Rows": 1,
                                                                                                        "Plan Width": 18,
                                                                                                        "Actual Startup Time": 322.133,
                                                                                                        "Actual Total Time": 322.141,
                                                                                                        "Actual Rows": 3217,
                                                                                                        "Actual Loops": 5,
                                                                                                        "Hash Buckets": 16384,
                                                                                                        "Original Hash Buckets": 1024,
                                                                                                        "Hash Batches": 1,
                                                                                                        "Original Hash Batches": 1,
                                                                                                        "Peak Memory Usage": 1112,
                                                                                                        "Workers": [],
                                                                                                        "Plans": [
                                                                                                            {
                                                                                                                "Node Type": "Hash Join",
                                                                                                                "Parent Relationship": "Outer",
                                                                                                                "Parallel Aware": true,
                                                                                                                "Async Capable": false,
                                                                                                                "Join Type": "Inner",
                                                                                                                "Startup Cost": 62427.34,
                                                                                                                "Total Cost": 268890.25,
                                                                                                                "Plan Rows": 1,
                                                                                                                "Plan Width": 18,
                                                                                                                "Actual Startup Time": 262.904,
                                                                                                                "Actual Total Time": 310.53,
                                                                                                                "Actual Rows": 3217,
                                                                                                                "Actual Loops": 5,
                                                                                                                "Inner Unique": false,
                                                                                                                "Hash Cond": "(mi.movie_id = mk.movie_id)",
                                                                                                                "Workers": [],
                                                                                                                "Plans": [
                                                                                                                    {
                                                                                                                        "Node Type": "Hash Join",
                                                                                                                        "Parent Relationship": "Outer",
                                                                                                                        "Parallel Aware": false,
                                                                                                                        "Async Capable": false,
                                                                                                                        "Join Type": "Inner",
                                                                                                                        "Startup Cost": 2.43,
                                                                                                                        "Total Cost": 206460.84,
                                                                                                                        "Plan Rows": 1195,
                                                                                                                        "Plan Width": 4,
                                                                                                                        "Actual Startup Time": 144.407,
                                                                                                                        "Actual Total Time": 186.205,
                                                                                                                        "Actual Rows": 117753,
                                                                                                                        "Actual Loops": 5,
                                                                                                                        "Inner Unique": true,
                                                                                                                        "Hash Cond": "(mi.info_type_id = it1.id)",
                                                                                                                        "Workers": [],
                                                                                                                        "Plans": [
                                                                                                                            {
                                                                                                                                "Node Type": "Seq Scan",
                                                                                                                                "Parent Relationship": "Outer",
                                                                                                                                "Parallel Aware": true,
                                                                                                                                "Async Capable": false,
                                                                                                                                "Relation Name": "movie_info",
                                                                                                                                "Alias": "mi",
                                                                                                                                "Startup Cost": 0.0,
                                                                                                                                "Total Cost": 206090.53,
                                                                                                                                "Plan Rows": 135082,
                                                                                                                                "Plan Width": 8,
                                                                                                                                "Actual Startup Time": 0.054,
                                                                                                                                "Actual Total Time": 178.192,
                                                                                                                                "Actual Rows": 133867,
                                                                                                                                "Actual Loops": 5,
                                                                                                                                "Filter": "(info = ANY ('{Germany,German,USA,American}'::text[]))",
                                                                                                                                "Rows Removed by Filter": 2833277,
                                                                                                                                "Workers": []
                                                                                                                            },
                                                                                                                            {
                                                                                                                                "Node Type": "Hash",
                                                                                                                                "Parent Relationship": "Inner",
                                                                                                                                "Parallel Aware": false,
                                                                                                                                "Async Capable": false,
                                                                                                                                "Startup Cost": 2.41,
                                                                                                                                "Total Cost": 2.41,
                                                                                                                                "Plan Rows": 1,
                                                                                                                                "Plan Width": 4,
                                                                                                                                "Actual Startup Time": 0.008,
                                                                                                                                "Actual Total Time": 0.009,
                                                                                                                                "Actual Rows": 1,
                                                                                                                                "Actual Loops": 5,
                                                                                                                                "Hash Buckets": 1024,
                                                                                                                                "Original Hash Buckets": 1024,
                                                                                                                                "Hash Batches": 1,
                                                                                                                                "Original Hash Batches": 1,
                                                                                                                                "Peak Memory Usage": 9,
                                                                                                                                "Workers": [],
                                                                                                                                "Plans": [
                                                                                                                                    {
                                                                                                                                        "Node Type": "Seq Scan",
                                                                                                                                        "Parent Relationship": "Outer",
                                                                                                                                        "Parallel Aware": false,
                                                                                                                                        "Async Capable": false,
                                                                                                                                        "Relation Name": "info_type",
                                                                                                                                        "Alias": "it1",
                                                                                                                                        "Startup Cost": 0.0,
                                                                                                                                        "Total Cost": 2.41,
                                                                                                                                        "Plan Rows": 1,
                                                                                                                                        "Plan Width": 4,
                                                                                                                                        "Actual Startup Time": 0.004,
                                                                                                                                        "Actual Total Time": 0.007,
                                                                                                                                        "Actual Rows": 1,
                                                                                                                                        "Actual Loops": 5,
                                                                                                                                        "Filter": "((info)::text = 'countries'::text)",
                                                                                                                                        "Rows Removed by Filter": 112,
                                                                                                                                        "Workers": []
                                                                                                                                    }
                                                                                                                                ]
                                                                                                                            }
                                                                                                                        ]
                                                                                                                    },
                                                                                                                    {
                                                                                                                        "Node Type": "Hash",
                                                                                                                        "Parent Relationship": "Inner",
                                                                                                                        "Parallel Aware": true,
                                                                                                                        "Async Capable": false,
                                                                                                                        "Startup Cost": 62424.9,
                                                                                                                        "Total Cost": 62424.9,
                                                                                                                        "Plan Rows": 1,
                                                                                                                        "Plan Width": 14,
                                                                                                                        "Actual Startup Time": 118.417,
                                                                                                                        "Actual Total Time": 118.422,
                                                                                                                        "Actual Rows": 4960,
                                                                                                                        "Actual Loops": 5,
                                                                                                                        "Hash Buckets": 32768,
                                                                                                                        "Original Hash Buckets": 1024,
                                                                                                                        "Hash Batches": 1,
                                                                                                                        "Original Hash Batches": 1,
                                                                                                                        "Peak Memory Usage": 1752,
                                                                                                                        "Workers": [],
                                                                                                                        "Plans": [
                                                                                                                            {
                                                                                                                                "Node Type": "Hash Join",
                                                                                                                                "Parent Relationship": "Outer",
                                                                                                                                "Parallel Aware": true,
                                                                                                                                "Async Capable": false,
                                                                                                                                "Join Type": "Inner",
                                                                                                                                "Startup Cost": 45927.77,
                                                                                                                                "Total Cost": 62424.9,
                                                                                                                                "Plan Rows": 1,
                                                                                                                                "Plan Width": 14,
                                                                                                                                "Actual Startup Time": 81.416,
                                                                                                                                "Actual Total Time": 110.442,
                                                                                                                                "Actual Rows": 4960,
                                                                                                                                "Actual Loops": 5,
                                                                                                                                "Inner Unique": false,
                                                                                                                                "Hash Cond": "(mi_idx.movie_id = mk.movie_id)",
                                                                                                                                "Workers": [],
                                                                                                                                "Plans": [
                                                                                                                                    {
                                                                                                                                        "Node Type": "Hash Join",
                                                                                                                                        "Parent Relationship": "Outer",
                                                                                                                                        "Parallel Aware": false,
                                                                                                                                        "Async Capable": false,
                                                                                                                                        "Join Type": "Inner",
                                                                                                                                        "Startup Cost": 2.43,
                                                                                                                                        "Total Cost": 16483.4,
                                                                                                                                        "Plan Rows": 4306,
                                                                                                                                        "Plan Width": 10,
                                                                                                                                        "Actual Startup Time": 0.041,
                                                                                                                                        "Actual Total Time": 25.897,
                                                                                                                                        "Actual Rows": 64823,
                                                                                                                                        "Actual Loops": 5,
                                                                                                                                        "Inner Unique": true,
                                                                                                                                        "Hash Cond": "(mi_idx.info_type_id = it2.id)",
                                                                                                                                        "Workers": [],
                                                                                                                                        "Plans": [
                                                                                                                                            {
                                                                                                                                                "Node Type": "Seq Scan",
                                                                                                                                                "Parent Relationship": "Outer",
                                                                                                                                                "Parallel Aware": true,
                                                                                                                                                "Async Capable": false,
                                                                                                                                                "Relation Name": "movie_info_idx",
                                                                                                                                                "Alias": "mi_idx",
                                                                                                                                                "Startup Cost": 0.0,
                                                                                                                                                "Total Cost": 15155.68,
                                                                                                                                                "Plan Rows": 486625,
                                                                                                                                                "Plan Width": 14,
                                                                                                                                                "Actual Startup Time": 0.007,
                                                                                                                                                "Actual Total Time": 16.211,
                                                                                                                                                "Actual Rows": 234592,
                                                                                                                                                "Actual Loops": 5,
                                                                                                                                                "Filter": "(info < '7.0'::text)",
                                                                                                                                                "Rows Removed by Filter": 41415,
                                                                                                                                                "Workers": []
                                                                                                                                            },
                                                                                                                                            {
                                                                                                                                                "Node Type": "Hash",
                                                                                                                                                "Parent Relationship": "Inner",
                                                                                                                                                "Parallel Aware": false,
                                                                                                                                                "Async Capable": false,
                                                                                                                                                "Startup Cost": 2.41,
                                                                                                                                                "Total Cost": 2.41,
                                                                                                                                                "Plan Rows": 1,
                                                                                                                                                "Plan Width": 4,
                                                                                                                                                "Actual Startup Time": 0.021,
                                                                                                                                                "Actual Total Time": 0.022,
                                                                                                                                                "Actual Rows": 1,
                                                                                                                                                "Actual Loops": 5,
                                                                                                                                                "Hash Buckets": 1024,
                                                                                                                                                "Original Hash Buckets": 1024,
                                                                                                                                                "Hash Batches": 1,
                                                                                                                                                "Original Hash Batches": 1,
                                                                                                                                                "Peak Memory Usage": 9,
                                                                                                                                                "Workers": [],
                                                                                                                                                "Plans": [
                                                                                                                                                    {
                                                                                                                                                        "Node Type": "Seq Scan",
                                                                                                                                                        "Parent Relationship": "Outer",
                                                                                                                                                        "Parallel Aware": false,
                                                                                                                                                        "Async Capable": false,
                                                                                                                                                        "Relation Name": "info_type",
                                                                                                                                                        "Alias": "it2",
                                                                                                                                                        "Startup Cost": 0.0,
                                                                                                                                                        "Total Cost": 2.41,
                                                                                                                                                        "Plan Rows": 1,
                                                                                                                                                        "Plan Width": 4,
                                                                                                                                                        "Actual Startup Time": 0.015,
                                                                                                                                                        "Actual Total Time": 0.015,
                                                                                                                                                        "Actual Rows": 1,
                                                                                                                                                        "Actual Loops": 5,
                                                                                                                                                        "Filter": "((info)::text = 'rating'::text)",
                                                                                                                                                        "Rows Removed by Filter": 112,
                                                                                                                                                        "Workers": []
                                                                                                                                                    }
                                                                                                                                                ]
                                                                                                                                            }
                                                                                                                                        ]
                                                                                                                                    },
                                                                                                                                    {
                                                                                                                                        "Node Type": "Hash",
                                                                                                                                        "Parent Relationship": "Inner",
                                                                                                                                        "Parallel Aware": true,
                                                                                                                                        "Async Capable": false,
                                                                                                                                        "Startup Cost": 45924.79,
                                                                                                                                        "Total Cost": 45924.79,
                                                                                                                                        "Plan Rows": 44,
                                                                                                                                        "Plan Width": 4,
                                                                                                                                        "Actual Startup Time": 81.235,
                                                                                                                                        "Actual Total Time": 81.237,
                                                                                                                                        "Actual Rows": 7418,
                                                                                                                                        "Actual Loops": 5,
                                                                                                                                        "Hash Buckets": 65536,
                                                                                                                                        "Original Hash Buckets": 1024,
                                                                                                                                        "Hash Batches": 1,
                                                                                                                                        "Original Hash Batches": 1,
                                                                                                                                        "Peak Memory Usage": 2616,
                                                                                                                                        "Workers": [],
                                                                                                                                        "Plans": [
                                                                                                                                            {
                                                                                                                                                "Node Type": "Hash Join",
                                                                                                                                                "Parent Relationship": "Outer",
                                                                                                                                                "Parallel Aware": false,
                                                                                                                                                "Async Capable": false,
                                                                                                                                                "Join Type": "Inner",
                                                                                                                                                "Startup Cost": 3020.6,
                                                                                                                                                "Total Cost": 45924.79,
                                                                                                                                                "Plan Rows": 44,
                                                                                                                                                "Plan Width": 4,
                                                                                                                                                "Actual Startup Time": 6.573,
                                                                                                                                                "Actual Total Time": 69.925,
                                                                                                                                                "Actual Rows": 7418,
                                                                                                                                                "Actual Loops": 5,
                                                                                                                                                "Inner Unique": true,
                                                                                                                                                "Hash Cond": "(mk.keyword_id = k.id)",
                                                                                                                                                "Workers": [],
                                                                                                                                                "Plans": [
                                                                                                                                                    {
                                                                                                                                                        "Node Type": "Seq Scan",
                                                                                                                                                        "Parent Relationship": "Outer",
                                                                                                                                                        "Parallel Aware": true,
                                                                                                                                                        "Async Capable": false,
                                                                                                                                                        "Relation Name": "movie_keyword",
                                                                                                                                                        "Alias": "mk",
                                                                                                                                                        "Startup Cost": 0.0,
                                                                                                                                                        "Total Cost": 39073.32,
                                                                                                                                                        "Plan Rows": 1459332,
                                                                                                                                                        "Plan Width": 8,
                                                                                                                                                        "Actual Startup Time": 0.006,
                                                                                                                                                        "Actual Total Time": 34.956,
                                                                                                                                                        "Actual Rows": 904786,
                                                                                                                                                        "Actual Loops": 5,
                                                                                                                                                        "Workers": []
                                                                                                                                                    },
                                                                                                                                                    {
                                                                                                                                                        "Node Type": "Hash",
                                                                                                                                                        "Parent Relationship": "Inner",
                                                                                                                                                        "Parallel Aware": false,
                                                                                                                                                        "Async Capable": false,
                                                                                                                                                        "Startup Cost": 3020.55,
                                                                                                                                                        "Total Cost": 3020.55,
                                                                                                                                                        "Plan Rows": 4,
                                                                                                                                                        "Plan Width": 4,
                                                                                                                                                        "Actual Startup Time": 6.533,
                                                                                                                                                        "Actual Total Time": 6.534,
                                                                                                                                                        "Actual Rows": 3,
                                                                                                                                                        "Actual Loops": 5,
                                                                                                                                                        "Hash Buckets": 1024,
                                                                                                                                                        "Original Hash Buckets": 1024,
                                                                                                                                                        "Hash Batches": 1,
                                                                                                                                                        "Original Hash Batches": 1,
                                                                                                                                                        "Peak Memory Usage": 9,
                                                                                                                                                        "Workers": [],
                                                                                                                                                        "Plans": [
                                                                                                                                                            {
                                                                                                                                                                "Node Type": "Seq Scan",
                                                                                                                                                                "Parent Relationship": "Outer",
                                                                                                                                                                "Parallel Aware": false,
                                                                                                                                                                "Async Capable": false,
                                                                                                                                                                "Relation Name": "keyword",
                                                                                                                                                                "Alias": "k",
                                                                                                                                                                "Startup Cost": 0.0,
                                                                                                                                                                "Total Cost": 3020.55,
                                                                                                                                                                "Plan Rows": 4,
                                                                                                                                                                "Plan Width": 4,
                                                                                                                                                                "Actual Startup Time": 0.336,
                                                                                                                                                                "Actual Total Time": 6.532,
                                                                                                                                                                "Actual Rows": 3,
                                                                                                                                                                "Actual Loops": 5,
                                                                                                                                                                "Filter": "(keyword = ANY ('{murder,murder-in-title,blood,violence}'::text[]))",
                                                                                                                                                                "Rows Removed by Filter": 134167,
                                                                                                                                                                "Workers": []
                                                                                                                                                            }
                                                                                                                                                        ]
                                                                                                                                                    }
                                                                                                                                                ]
                                                                                                                                            }
                                                                                                                                        ]
                                                                                                                                    }
                                                                                                                                ]
                                                                                                                            }
                                                                                                                        ]
                                                                                                                    }
                                                                                                                ]
                                                                                                            }
                                                                                                        ]
                                                                                                    }
                                                                                                ]
                                                                                            }
                                                                                        ]
                                                                                    }
                                                                                ]
                                                                            },
                                                                            {
                                                                                "Node Type": "Hash",
                                                                                "Parent Relationship": "Inner",
                                                                                "Parallel Aware": false,
                                                                                "Async Capable": false,
                                                                                "Startup Cost": 1.04,
                                                                                "Total Cost": 1.04,
                                                                                "Plan Rows": 4,
                                                                                "Plan Width": 4,
                                                                                "Actual Startup Time": 0.007,
                                                                                "Actual Total Time": 0.008,
                                                                                "Actual Rows": 4,
                                                                                "Actual Loops": 5,
                                                                                "Hash Buckets": 1024,
                                                                                "Original Hash Buckets": 1024,
                                                                                "Hash Batches": 1,
                                                                                "Original Hash Batches": 1,
                                                                                "Peak Memory Usage": 9,
                                                                                "Workers": [],
                                                                                "Plans": [
                                                                                    {
                                                                                        "Node Type": "Seq Scan",
                                                                                        "Parent Relationship": "Outer",
                                                                                        "Parallel Aware": false,
                                                                                        "Async Capable": false,
                                                                                        "Relation Name": "company_type",
                                                                                        "Alias": "ct",
                                                                                        "Startup Cost": 0.0,
                                                                                        "Total Cost": 1.04,
                                                                                        "Plan Rows": 4,
                                                                                        "Plan Width": 4,
                                                                                        "Actual Startup Time": 0.006,
                                                                                        "Actual Total Time": 0.006,
                                                                                        "Actual Rows": 4,
                                                                                        "Actual Loops": 5,
                                                                                        "Workers": []
                                                                                    }
                                                                                ]
                                                                            }
                                                                        ]
                                                                    }
                                                                ]
                                                            }
                                                        ]
                                                    },
                                                    {
                                                        "Node Type": "Hash",
                                                        "Parent Relationship": "Inner",
                                                        "Parallel Aware": false,
                                                        "Async Capable": false,
                                                        "Startup Cost": 1.09,
                                                        "Total Cost": 1.09,
                                                        "Plan Rows": 2,
                                                        "Plan Width": 4,
                                                        "Actual Startup Time": 0.01,
                                                        "Actual Total Time": 0.011,
                                                        "Actual Rows": 2,
                                                        "Actual Loops": 5,
                                                        "Hash Buckets": 1024,
                                                        "Original Hash Buckets": 1024,
                                                        "Hash Batches": 1,
                                                        "Original Hash Batches": 1,
                                                        "Peak Memory Usage": 9,
                                                        "Workers": [],
                                                        "Plans": [
                                                            {
                                                                "Node Type": "Seq Scan",
                                                                "Parent Relationship": "Outer",
                                                                "Parallel Aware": false,
                                                                "Async Capable": false,
                                                                "Relation Name": "kind_type",
                                                                "Alias": "kt",
                                                                "Startup Cost": 0.0,
                                                                "Total Cost": 1.09,
                                                                "Plan Rows": 2,
                                                                "Plan Width": 4,
                                                                "Actual Startup Time": 0.008,
                                                                "Actual Total Time": 0.009,
                                                                "Actual Rows": 2,
                                                                "Actual Loops": 5,
                                                                "Filter": "((kind)::text = ANY ('{movie,episode}'::text[]))",
                                                                "Rows Removed by Filter": 5,
                                                                "Workers": []
                                                            }
                                                        ]
                                                    }
                                                ]
                                            }
                                        ]
                                    }
                                ]
                            }
                        ]
                    },
                    "Planning Time": 13.225,
                    "Triggers": [],
                    "Execution Time": 415.752
                }
            ],
            "hints": [
                "SET enable_hashjoin TO on",
                "SET enable_indexonlyscan TO on",
                "SET enable_indexscan TO on",
                "SET enable_mergejoin TO on",
                "SET enable_nestloop TO off",
                "SET enable_seqscan TO on"
            ]
        },
        {
            "arm": 2,
            "execution_time": 417.018,
            "plan": [
                {
                    "Plan": {
                        "Node Type": "Aggregate",
                        "Strategy": "Plain",
                        "Partial Mode": "Simple",
                        "Parallel Aware": false,
                        "Async Capable": false,
                        "Startup Cost": 351102.49,
                        "Total Cost": 351102.5,
                        "Plan Rows": 1,
                        "Plan Width": 96,
                        "Actual Startup Time": 402.624,
                        "Actual Total Time": 416.968,
                        "Actual Rows": 1,
                        "Actual Loops": 1,
                        "Plans": [
                            {
                                "Node Type": "Gather",
                                "Parent Relationship": "Outer",
                                "Parallel Aware": false,
                                "Async Capable": false,
                                "Startup Cost": 306566.14,
                                "Total Cost": 351102.48,
                                "Plan Rows": 1,
                                "Plan Width": 42,
                                "Actual Startup Time": 374.531,
                                "Actual Total Time": 416.813,
                                "Actual Rows": 2851,
                                "Actual Loops": 1,
                                "Workers Planned": 4,
                                "Workers Launched": 4,
                                "Single Copy": false,
                                "Plans": [
                                    {
                                        "Node Type": "Nested Loop",
                                        "Parent Relationship": "Outer",
                                        "Parallel Aware": false,
                                        "Async Capable": false,
                                        "Join Type": "Inner",
                                        "Startup Cost": 305566.14,
                                        "Total Cost": 350102.38,
                                        "Plan Rows": 1,
                                        "Plan Width": 42,
                                        "Actual Startup Time": 386.509,
                                        "Actual Total Time": 400.277,
                                        "Actual Rows": 570,
                                        "Actual Loops": 5,
                                        "Inner Unique": true,
                                        "Join Filter": "(kt.id = t.kind_id)",
                                        "Rows Removed by Join Filter": 71,
                                        "Workers": [],
                                        "Plans": [
                                            {
                                                "Node Type": "Hash Join",
                                                "Parent Relationship": "Outer",
                                                "Parallel Aware": true,
                                                "Async Capable": false,
                                                "Join Type": "Inner",
                                                "Startup Cost": 305566.14,
                                                "Total Cost": 350101.27,
                                                "Plan Rows": 1,
                                                "Plan Width": 46,
                                                "Actual Startup Time": 384.579,
                                                "Actual Total Time": 400.056,
                                                "Actual Rows": 605,
                                                "Actual Loops": 5,
                                                "Inner Unique": false,
                                                "Hash Cond": "(t.id = mi.movie_id)",
                                                "Workers": [],
                                                "Plans": [
                                                    {
                                                        "Node Type": "Seq Scan",
                                                        "Parent Relationship": "Outer",
                                                        "Parallel Aware": true,
                                                        "Async Capable": false,
                                                        "Relation Name": "title",
                                                        "Alias": "t",
                                                        "Startup Cost": 0.0,
                                                        "Total Cost": 43909.73,
                                                        "Plan Rows": 166772,
                                                        "Plan Width": 25,
                                                        "Actual Startup Time": 0.005,
                                                        "Actual Total Time": 25.246,
                                                        "Actual Rows": 132413,
                                                        "Actual Loops": 5,
                                                        "Filter": "(production_year > 2008)",
                                                        "Rows Removed by Filter": 373249,
                                                        "Workers": []
                                                    },
                                                    {
                                                        "Node Type": "Hash",
                                                        "Parent Relationship": "Inner",
                                                        "Parallel Aware": true,
                                                        "Async Capable": false,
                                                        "Startup Cost": 305566.12,
                                                        "Total Cost": 305566.12,
                                                        "Plan Rows": 1,
                                                        "Plan Width": 41,
                                                        "Actual Startup Time": 369.367,
                                                        "Actual Total Time": 369.379,
                                                        "Actual Rows": 8037,
                                                        "Actual Loops": 5,
                                                        "Hash Buckets": 65536,
                                                        "Original Hash Buckets": 1024,
                                                        "Hash Batches": 1,
                                                        "Original Hash Batches": 1,
                                                        "Peak Memory Usage": 4120,
                                                        "Workers": [],
                                                        "Plans": [
                                                            {
                                                                "Node Type": "Nested Loop",
                                                                "Parent Relationship": "Outer",
                                                                "Parallel Aware": false,
                                                                "Async Capable": false,
                                                                "Join Type": "Inner",
                                                                "Startup Cost": 300520.32,
                                                                "Total Cost": 305566.12,
                                                                "Plan Rows": 1,
                                                                "Plan Width": 41,
                                                                "Actual Startup Time": 359.094,
                                                                "Actual Total Time": 366.994,
                                                                "Actual Rows": 8037,
                                                                "Actual Loops": 5,
                                                                "Inner Unique": true,
                                                                "Join Filter": "(ct.id = mc.company_type_id)",
                                                                "Rows Removed by Join Filter": 1,
                                                                "Workers": [],
                                                                "Plans": [
                                                                    {
                                                                        "Node Type": "Hash Join",
                                                                        "Parent Relationship": "Outer",
                                                                        "Parallel Aware": true,
                                                                        "Async Capable": false,
                                                                        "Join Type": "Inner",
                                                                        "Startup Cost": 300520.32,
                                                                        "Total Cost": 305565.03,
                                                                        "Plan Rows": 1,
                                                                        "Plan Width": 45,
                                                                        "Actual Startup Time": 359.076,
                                                                        "Actual Total Time": 363.824,
                                                                        "Actual Rows": 8037,
                                                                        "Actual Loops": 5,
                                                                        "Inner Unique": false,
                                                                        "Hash Cond": "(cn.id = mc.company_id)",
                                                                        "Workers": [],
                                                                        "Plans": [
                                                                            {
                                                                                "Node Type": "Seq Scan",
                                                                                "Parent Relationship": "Outer",
                                                                                "Parallel Aware": true,
                                                                                "Async Capable": false,
                                                                                "Relation Name": "company_name",
                                                                                "Alias": "cn",
                                                                                "Startup Cost": 0.0,
                                                                                "Total Cost": 4767.92,
                                                                                "Plan Rows": 73808,
                                                                                "Plan Width": 23,
                                                                                "Actual Startup Time": 0.006,
                                                                                "Actual Total Time": 3.033,
                                                                                "Actual Rows": 25246,
                                                                                "Actual Loops": 5,
                                                                                "Filter": "((country_code)::text <> '[us]'::text)",
                                                                                "Rows Removed by Filter": 21753,
                                                                                "Workers": []
                                                                            },
                                                                            {
                                                                                "Node Type": "Hash",
                                                                                "Parent Relationship": "Inner",
                                                                                "Parallel Aware": true,
                                                                                "Async Capable": false,
                                                                                "Startup Cost": 300520.31,
                                                                                "Total Cost": 300520.31,
                                                                                "Plan Rows": 1,
                                                                                "Plan Width": 30,
                                                                                "Actual Startup Time": 359.047,
                                                                                "Actual Total Time": 359.057,
                                                                                "Actual Rows": 8843,
                                                                                "Actual Loops": 5,
                                                                                "Hash Buckets": 65536,
                                                                                "Original Hash Buckets": 1024,
                                                                                "Hash Batches": 1,
                                                                                "Original Hash Batches": 1,
                                                                                "Peak Memory Usage": 3864,
                                                                                "Workers": [],
                                                                                "Plans": [
                                                                                    {
                                                                                        "Node Type": "Hash Join",
                                                                                        "Parent Relationship": "Outer",
                                                                                        "Parallel Aware": true,
                                                                                        "Async Capable": false,
                                                                                        "Join Type": "Inner",
                                                                                        "Startup Cost": 268890.26,
                                                                                        "Total Cost": 300520.31,
                                                                                        "Plan Rows": 1,
                                                                                        "Plan Width": 30,
                                                                                        "Actual Startup Time": 321.241,
                                                                                        "Actual Total Time": 354.388,
                                                                                        "Actual Rows": 8843,
                                                                                        "Actual Loops": 5,
                                                                                        "Inner Unique": false,
                                                                                        "Hash Cond": "(mc.movie_id = mi.movie_id)",
                                                                                        "Workers": [],
                                                                                        "Plans": [
                                                                                            {
                                                                                                "Node Type": "Seq Scan",
                                                                                                "Parent Relationship": "Outer",
                                                                                                "Parallel Aware": true,
                                                                                                "Async Capable": false,
                                                                                                "Relation Name": "movie_companies",
                                                                                                "Alias": "mc",
                                                                                                "Startup Cost": 0.0,
                                                                                                "Total Cost": 31448.82,
                                                                                                "Plan Rows": 48327,
                                                                                                "Plan Width": 12,
                                                                                                "Actual Startup Time": 0.01,
                                                                                                "Actual Total Time": 30.426,
                                                                                                "Actual Rows": 60654,
                                                                                                "Actual Loops": 5,
                                                                                                "Filter": "((note !~~ '%(USA)%'::text) AND (note ~~ '%(200%)%'::text))",
                                                                                                "Rows Removed by Filter": 461172,
                                                                                                "Workers": []
                                                                                            },
                                                                                            {
                                                                                                "Node Type": "Hash",
                                                                                                "Parent Relationship": "Inner",
                                                                                                "Parallel Aware": true,
                                                                                                "Async Capable": false,
                                                                                                "Startup Cost": 268890.25,
                                                                                                "Total Cost": 268890.25,
                                                                                                "Plan Rows": 1,
                                                                                                "Plan Width": 18,
                                                                                                "Actual Startup Time": 320.77,
                                                                                                "Actual Total Time": 320.779,
                                                                                                "Actual Rows": 3217,
                                                                                                "Actual Loops": 5,
                                                                                                "Hash Buckets": 16384,
                                                                                                "Original Hash Buckets": 1024,
                                                                                                "Hash Batches": 1,
                                                                                                "Original Hash Batches": 1,
                                                                                                "Peak Memory Usage": 1080,
                                                                                                "Workers": [],
                                                                                                "Plans": [
                                                                                                    {
                                                                                                        "Node Type": "Hash Join",
                                                                                                        "Parent Relationship": "Outer",
                                                                                                        "Parallel Aware": true,
                                                                                                        "Async Capable": false,
                                                                                                        "Join Type": "Inner",
                                                                                                        "Startup Cost": 62427.34,
                                                                                                        "Total Cost": 268890.25,
                                                                                                        "Plan Rows": 1,
                                                                                                        "Plan Width": 18,
                                                                                                        "Actual Startup Time": 261.534,
                                                                                                        "Actual Total Time": 307.813,
                                                                                                        "Actual Rows": 3217,
                                                                                                        "Actual Loops": 5,
                                                                                                        "Inner Unique": false,
                                                                                                        "Hash Cond": "(mi.movie_id = mk.movie_id)",
                                                                                                        "Workers": [],
                                                                                                        "Plans": [
                                                                                                            {
                                                                                                                "Node Type": "Hash Join",
                                                                                                                "Parent Relationship": "Outer",
                                                                                                                "Parallel Aware": false,
                                                                                                                "Async Capable": false,
                                                                                                                "Join Type": "Inner",
                                                                                                                "Startup Cost": 2.43,
                                                                                                                "Total Cost": 206460.84,
                                                                                                                "Plan Rows": 1195,
                                                                                                                "Plan Width": 4,
                                                                                                                "Actual Startup Time": 141.066,
                                                                                                                "Actual Total Time": 181.56,
                                                                                                                "Actual Rows": 117753,
                                                                                                                "Actual Loops": 5,
                                                                                                                "Inner Unique": true,
                                                                                                                "Hash Cond": "(mi.info_type_id = it1.id)",
                                                                                                                "Workers": [],
                                                                                                                "Plans": [
                                                                                                                    {
                                                                                                                        "Node Type": "Seq Scan",
                                                                                                                        "Parent Relationship": "Outer",
                                                                                                                        "Parallel Aware": true,
                                                                                                                        "Async Capable": false,
                                                                                                                        "Relation Name": "movie_info",
                                                                                                                        "Alias": "mi",
                                                                                                                        "Startup Cost": 0.0,
                                                                                                                        "Total Cost": 206090.53,
                                                                                                                        "Plan Rows": 135082,
                                                                                                                        "Plan Width": 8,
                                                                                                                        "Actual Startup Time": 0.052,
                                                                                                                        "Actual Total Time": 173.692,
                                                                                                                        "Actual Rows": 133867,
                                                                                                                        "Actual Loops": 5,
                                                                                                                        "Filter": "(info = ANY ('{Germany,German,USA,American}'::text[]))",
                                                                                                                        "Rows Removed by Filter": 2833277,
                                                                                                                        "Workers": []
                                                                                                                    },
                                                                                                                    {
                                                                                                                        "Node Type": "Hash",
                                                                                                                        "Parent Relationship": "Inner",
                                                                                                                        "Parallel Aware": false,
                                                                                                                        "Async Capable": false,
                                                                                                                        "Startup Cost": 2.41,
                                                                                                                        "Total Cost": 2.41,
                                                                                                                        "Plan Rows": 1,
                                                                                                                        "Plan Width": 4,
                                                                                                                        "Actual Startup Time": 0.007,
                                                                                                                        "Actual Total Time": 0.008,
                                                                                                                        "Actual Rows": 1,
                                                                                                                        "Actual Loops": 5,
                                                                                                                        "Hash Buckets": 1024,
                                                                                                                        "Original Hash Buckets": 1024,
                                                                                                                        "Hash Batches": 1,
                                                                                                                        "Original Hash Batches": 1,
                                                                                                                        "Peak Memory Usage": 9,
                                                                                                                        "Workers": [],
                                                                                                                        "Plans": [
                                                                                                                            {
                                                                                                                                "Node Type": "Seq Scan",
                                                                                                                                "Parent Relationship": "Outer",
                                                                                                                                "Parallel Aware": false,
                                                                                                                                "Async Capable": false,
                                                                                                                                "Relation Name": "info_type",
                                                                                                                                "Alias": "it1",
                                                                                                                                "Startup Cost": 0.0,
                                                                                                                                "Total Cost": 2.41,
                                                                                                                                "Plan Rows": 1,
                                                                                                                                "Plan Width": 4,
                                                                                                                                "Actual Startup Time": 0.003,
                                                                                                                                "Actual Total Time": 0.006,
                                                                                                                                "Actual Rows": 1,
                                                                                                                                "Actual Loops": 5,
                                                                                                                                "Filter": "((info)::text = 'countries'::text)",
                                                                                                                                "Rows Removed by Filter": 112,
                                                                                                                                "Workers": []
                                                                                                                            }
                                                                                                                        ]
                                                                                                                    }
                                                                                                                ]
                                                                                                            },
                                                                                                            {
                                                                                                                "Node Type": "Hash",
                                                                                                                "Parent Relationship": "Inner",
                                                                                                                "Parallel Aware": true,
                                                                                                                "Async Capable": false,
                                                                                                                "Startup Cost": 62424.9,
                                                                                                                "Total Cost": 62424.9,
                                                                                                                "Plan Rows": 1,
                                                                                                                "Plan Width": 14,
                                                                                                                "Actual Startup Time": 120.389,
                                                                                                                "Actual Total Time": 120.394,
                                                                                                                "Actual Rows": 4960,
                                                                                                                "Actual Loops": 5,
                                                                                                                "Hash Buckets": 32768,
                                                                                                                "Original Hash Buckets": 1024,
                                                                                                                "Hash Batches": 1,
                                                                                                                "Original Hash Batches": 1,
                                                                                                                "Peak Memory Usage": 1752,
                                                                                                                "Workers": [],
                                                                                                                "Plans": [
                                                                                                                    {
                                                                                                                        "Node Type": "Hash Join",
                                                                                                                        "Parent Relationship": "Outer",
                                                                                                                        "Parallel Aware": true,
                                                                                                                        "Async Capable": false,
                                                                                                                        "Join Type": "Inner",
                                                                                                                        "Startup Cost": 45927.77,
                                                                                                                        "Total Cost": 62424.9,
                                                                                                                        "Plan Rows": 1,
                                                                                                                        "Plan Width": 14,
                                                                                                                        "Actual Startup Time": 85.687,
                                                                                                                        "Actual Total Time": 112.851,
                                                                                                                        "Actual Rows": 4960,
                                                                                                                        "Actual Loops": 5,
                                                                                                                        "Inner Unique": false,
                                                                                                                        "Hash Cond": "(mi_idx.movie_id = mk.movie_id)",
                                                                                                                        "Workers": [],
                                                                                                                        "Plans": [
                                                                                                                            {
                                                                                                                                "Node Type": "Hash Join",
                                                                                                                                "Parent Relationship": "Outer",
                                                                                                                                "Parallel Aware": false,
                                                                                                                                "Async Capable": false,
                                                                                                                                "Join Type": "Inner",
                                                                                                                                "Startup Cost": 2.43,
                                                                                                                                "Total Cost": 16483.4,
                                                                                                                                "Plan Rows": 4306,
                                                                                                                                "Plan Width": 10,
                                                                                                                                "Actual Startup Time": 0.043,
                                                                                                                                "Actual Total Time": 24.175,
                                                                                                                                "Actual Rows": 64823,
                                                                                                                                "Actual Loops": 5,
                                                                                                                                "Inner Unique": true,
                                                                                                                                "Hash Cond": "(mi_idx.info_type_id = it2.id)",
                                                                                                                                "Workers": [],
                                                                                                                                "Plans": [
                                                                                                                                    {
                                                                                                                                        "Node Type": "Seq Scan",
                                                                                                                                        "Parent Relationship": "Outer",
                                                                                                                                        "Parallel Aware": true,
                                                                                                                                        "Async Capable": false,
                                                                                                                                        "Relation Name": "movie_info_idx",
                                                                                                                                        "Alias": "mi_idx",
                                                                                                                                        "Startup Cost": 0.0,
                                                                                                                                        "Total Cost": 15155.68,
                                                                                                                                        "Plan Rows": 486625,
                                                                                                                                        "Plan Width": 14,
                                                                                                                                        "Actual Startup Time": 0.007,
                                                                                                                                        "Actual Total Time": 14.818,
                                                                                                                                        "Actual Rows": 234592,
                                                                                                                                        "Actual Loops": 5,
                                                                                                                                        "Filter": "(info < '7.0'::text)",
                                                                                                                                        "Rows Removed by Filter": 41415,
                                                                                                                                        "Workers": []
                                                                                                                                    },
                                                                                                                                    {
                                                                                                                                        "Node Type": "Hash",
                                                                                                                                        "Parent Relationship": "Inner",
                                                                                                                                        "Parallel Aware": false,
                                                                                                                                        "Async Capable": false,
                                                                                                                                        "Startup Cost": 2.41,
                                                                                                                                        "Total Cost": 2.41,
                                                                                                                                        "Plan Rows": 1,
                                                                                                                                        "Plan Width": 4,
                                                                                                                                        "Actual Startup Time": 0.021,
                                                                                                                                        "Actual Total Time": 0.021,
                                                                                                                                        "Actual Rows": 1,
                                                                                                                                        "Actual Loops": 5,
                                                                                                                                        "Hash Buckets": 1024,
                                                                                                                                        "Original Hash Buckets": 1024,
                                                                                                                                        "Hash Batches": 1,
                                                                                                                                        "Original Hash Batches": 1,
                                                                                                                                        "Peak Memory Usage": 9,
                                                                                                                                        "Workers": [],
                                                                                                                                        "Plans": [
                                                                                                                                            {
                                                                                                                                                "Node Type": "Seq Scan",
                                                                                                                                                "Parent Relationship": "Outer",
                                                                                                                                                "Parallel Aware": false,
                                                                                                                                                "Async Capable": false,
                                                                                                                                                "Relation Name": "info_type",
                                                                                                                                                "Alias": "it2",
                                                                                                                                                "Startup Cost": 0.0,
                                                                                                                                                "Total Cost": 2.41,
                                                                                                                                                "Plan Rows": 1,
                                                                                                                                                "Plan Width": 4,
                                                                                                                                                "Actual Startup Time": 0.015,
                                                                                                                                                "Actual Total Time": 0.016,
                                                                                                                                                "Actual Rows": 1,
                                                                                                                                                "Actual Loops": 5,
                                                                                                                                                "Filter": "((info)::text = 'rating'::text)",
                                                                                                                                                "Rows Removed by Filter": 112,
                                                                                                                                                "Workers": []
                                                                                                                                            }
                                                                                                                                        ]
                                                                                                                                    }
                                                                                                                                ]
                                                                                                                            },
                                                                                                                            {
                                                                                                                                "Node Type": "Hash",
                                                                                                                                "Parent Relationship": "Inner",
                                                                                                                                "Parallel Aware": true,
                                                                                                                                "Async Capable": false,
                                                                                                                                "Startup Cost": 45924.79,
                                                                                                                                "Total Cost": 45924.79,
                                                                                                                                "Plan Rows": 44,
                                                                                                                                "Plan Width": 4,
                                                                                                                                "Actual Startup Time": 85.503,
                                                                                                                                "Actual Total Time": 85.505,
                                                                                                                                "Actual Rows": 7418,
                                                                                                                                "Actual Loops": 5,
                                                                                                                                "Hash Buckets": 65536,
                                                                                                                                "Original Hash Buckets": 1024,
                                                                                                                                "Hash Batches": 1,
                                                                                                                                "Original Hash Batches": 1,
                                                                                                                                "Peak Memory Usage": 2616,
                                                                                                                                "Workers": [],
                                                                                                                                "Plans": [
                                                                                                                                    {
                                                                                                                                        "Node Type": "Hash Join",
                                                                                                                                        "Parent Relationship": "Outer",
                                                                                                                                        "Parallel Aware": false,
                                                                                                                                        "Async Capable": false,
                                                                                                                                        "Join Type": "Inner",
                                                                                                                                        "Startup Cost": 3020.6,
                                                                                                                                        "Total Cost": 45924.79,
                                                                                                                                        "Plan Rows": 44,
                                                                                                                                        "Plan Width": 4,
                                                                                                                                        "Actual Startup Time": 6.252,
                                                                                                                                        "Actual Total Time": 68.503,
                                                                                                                                        "Actual Rows": 7418,
                                                                                                                                        "Actual Loops": 5,
                                                                                                                                        "Inner Unique": true,
                                                                                                                                        "Hash Cond": "(mk.keyword_id = k.id)",
                                                                                                                                        "Workers": [],
                                                                                                                                        "Plans": [
                                                                                                                                            {
                                                                                                                                                "Node Type": "Seq Scan",
                                                                                                                                                "Parent Relationship": "Outer",
                                                                                                                                                "Parallel Aware": true,
                                                                                                                                                "Async Capable": false,
                                                                                                                                                "Relation Name": "movie_keyword",
                                                                                                                                                "Alias": "mk",
                                                                                                                                                "Startup Cost": 0.0,
                                                                                                                                                "Total Cost": 39073.32,
                                                                                                                                                "Plan Rows": 1459332,
                                                                                                                                                "Plan Width": 8,
                                                                                                                                                "Actual Startup Time": 0.006,
                                                                                                                                                "Actual Total Time": 34.858,
                                                                                                                                                "Actual Rows": 904786,
                                                                                                                                                "Actual Loops": 5,
                                                                                                                                                "Workers": []
                                                                                                                                            },
                                                                                                                                            {
                                                                                                                                                "Node Type": "Hash",
                                                                                                                                                "Parent Relationship": "Inner",
                                                                                                                                                "Parallel Aware": false,
                                                                                                                                                "Async Capable": false,
                                                                                                                                                "Startup Cost": 3020.55,
                                                                                                                                                "Total Cost": 3020.55,
                                                                                                                                                "Plan Rows": 4,
                                                                                                                                                "Plan Width": 4,
                                                                                                                                                "Actual Startup Time": 6.213,
                                                                                                                                                "Actual Total Time": 6.214,
                                                                                                                                                "Actual Rows": 3,
                                                                                                                                                "Actual Loops": 5,
                                                                                                                                                "Hash Buckets": 1024,
                                                                                                                                                "Original Hash Buckets": 1024,
                                                                                                                                                "Hash Batches": 1,
                                                                                                                                                "Original Hash Batches": 1,
                                                                                                                                                "Peak Memory Usage": 9,
                                                                                                                                                "Workers": [],
                                                                                                                                                "Plans": [
                                                                                                                                                    {
                                                                                                                                                        "Node Type": "Seq Scan",
                                                                                                                                                        "Parent Relationship": "Outer",
                                                                                                                                                        "Parallel Aware": false,
                                                                                                                                                        "Async Capable": false,
                                                                                                                                                        "Relation Name": "keyword",
                                                                                                                                                        "Alias": "k",
                                                                                                                                                        "Startup Cost": 0.0,
                                                                                                                                                        "Total Cost": 3020.55,
                                                                                                                                                        "Plan Rows": 4,
                                                                                                                                                        "Plan Width": 4,
                                                                                                                                                        "Actual Startup Time": 0.304,
                                                                                                                                                        "Actual Total Time": 6.211,
                                                                                                                                                        "Actual Rows": 3,
                                                                                                                                                        "Actual Loops": 5,
                                                                                                                                                        "Filter": "(keyword = ANY ('{murder,murder-in-title,blood,violence}'::text[]))",
                                                                                                                                                        "Rows Removed by Filter": 134167,
                                                                                                                                                        "Workers": []
                                                                                                                                                    }
                                                                                                                                                ]
                                                                                                                                            }
                                                                                                                                        ]
                                                                                                                                    }
                                                                                                                                ]
                                                                                                                            }
                                                                                                                        ]
                                                                                                                    }
                                                                                                                ]
                                                                                                            }
                                                                                                        ]
                                                                                                    }
                                                                                                ]
                                                                                            }
                                                                                        ]
                                                                                    }
                                                                                ]
                                                                            }
                                                                        ]
                                                                    },
                                                                    {
                                                                        "Node Type": "Seq Scan",
                                                                        "Parent Relationship": "Inner",
                                                                        "Parallel Aware": false,
                                                                        "Async Capable": false,
                                                                        "Relation Name": "company_type",
                                                                        "Alias": "ct",
                                                                        "Startup Cost": 0.0,
                                                                        "Total Cost": 1.04,
                                                                        "Plan Rows": 4,
                                                                        "Plan Width": 4,
                                                                        "Actual Startup Time": 0.0,
                                                                        "Actual Total Time": 0.0,
                                                                        "Actual Rows": 1,
                                                                        "Actual Loops": 40185,
                                                                        "Workers": []
                                                                    }
                                                                ]
                                                            }
                                                        ]
                                                    }
                                                ]
                                            },
                                            {
                                                "Node Type": "Seq Scan",
                                                "Parent Relationship": "Inner",
                                                "Parallel Aware": false,
                                                "Async Capable": false,
                                                "Relation Name": "kind_type",
                                                "Alias": "kt",
                                                "Startup Cost": 0.0,
                                                "Total Cost": 1.09,
                                                "Plan Rows": 2,
                                                "Plan Width": 4,
                                                "Actual Startup Time": 0.0,
                                                "Actual Total Time": 0.0,
                                                "Actual Rows": 1,
                                                "Actual Loops": 3027,
                                                "Filter": "((kind)::text = ANY ('{movie,episode}'::text[]))",
                                                "Rows Removed by Filter": 0,
                                                "Workers": []
                                            }
                                        ]
                                    }
                                ]
                            }
                        ]
                    },
                    "Planning Time": 7.334,
                    "Triggers": [],
                    "Execution Time": 417.018
                }
            ],
            "hints": [
                "SET enable_hashjoin TO on",
                "SET enable_indexonlyscan TO on",
                "SET enable_indexscan TO off",
                "SET enable_mergejoin TO off",
                "SET enable_nestloop TO on",
                "SET enable_seqscan TO on"
            ]
        },
        {
            "arm": 3,
            "execution_time": 407.263,
            "plan": [
                {
                    "Plan": {
                        "Node Type": "Aggregate",
                        "Strategy": "Plain",
                        "Partial Mode": "Finalize",
                        "Parallel Aware": false,
                        "Async Capable": false,
                        "Startup Cost": 351102.83,
                        "Total Cost": 351102.84,
                        "Plan Rows": 1,
                        "Plan Width": 96,
                        "Actual Startup Time": 392.491,
                        "Actual Total Time": 407.203,
                        "Actual Rows": 1,
                        "Actual Loops": 1,
                        "Plans": [
                            {
                                "Node Type": "Gather",
                                "Parent Relationship": "Outer",
                                "Parallel Aware": false,
                                "Async Capable": false,
                                "Startup Cost": 351102.39,
                                "Total Cost": 351102.8,
                                "Plan Rows": 4,
                                "Plan Width": 96,
                                "Actual Startup Time": 392.109,
                                "Actual Total Time": 407.198,
                                "Actual Rows": 5,
                                "Actual Loops": 1,
                                "Workers Planned": 4,
                                "Workers Launched": 4,
                                "Single Copy": false,
                                "Plans": [
                                    {
                                        "Node Type": "Aggregate",
                                        "Strategy": "Plain",
                                        "Partial Mode": "Partial",
                                        "Parent Relationship": "Outer",
                                        "Parallel Aware": false,
                                        "Async Capable": false,
                                        "Startup Cost": 350102.39,
                                        "Total Cost": 350102.4,
                                        "Plan Rows": 1,
                                        "Plan Width": 96,
                                        "Actual Startup Time": 390.16,
                                        "Actual Total Time": 390.175,
                                        "Actual Rows": 1,
                                        "Actual Loops": 5,
                                        "Workers": [],
                                        "Plans": [
                                            {
                                                "Node Type": "Hash Join",
                                                "Parent Relationship": "Outer",
                                                "Parallel Aware": false,
                                                "Async Capable": false,
                                                "Join Type": "Inner",
                                                "Startup Cost": 305567.25,
                                                "Total Cost": 350102.39,
                                                "Plan Rows": 1,
                                                "Plan Width": 42,
                                                "Actual Startup Time": 376.586,
                                                "Actual Total Time": 390.141,
                                                "Actual Rows": 570,
                                                "Actual Loops": 5,
                                                "Inner Unique": true,
                                                "Hash Cond": "(t.kind_id = kt.id)",
                                                "Workers": [],
                                                "Plans": [
                                                    {
                                                        "Node Type": "Hash Join",
                                                        "Parent Relationship": "Outer",
                                                        "Parallel Aware": true,
                                                        "Async Capable": false,
                                                        "Join Type": "Inner",
                                                        "Startup Cost": 305566.14,
                                                        "Total Cost": 350101.27,
                                                        "Plan Rows": 1,
                                                        "Plan Width": 46,
                                                        "Actual Startup Time": 370.98,
                                                        "Actual Total Time": 390.015,
                                                        "Actual Rows": 605,
                                                        "Actual Loops": 5,
                                                        "Inner Unique": false,
                                                        "Hash Cond": "(t.id = mi.movie_id)",
                                                        "Workers": [],
                                                        "Plans": [
                                                            {
                                                                "Node Type": "Seq Scan",
                                                                "Parent Relationship": "Outer",
                                                                "Parallel Aware": true,
                                                                "Async Capable": false,
                                                                "Relation Name": "title",
                                                                "Alias": "t",
                                                                "Startup Cost": 0.0,
                                                                "Total Cost": 43909.73,
                                                                "Plan Rows": 166772,
                                                                "Plan Width": 25,
                                                                "Actual Startup Time": 0.004,
                                                                "Actual Total Time": 25.127,
                                                                "Actual Rows": 132413,
                                                                "Actual Loops": 5,
                                                                "Filter": "(production_year > 2008)",
                                                                "Rows Removed by Filter": 373249,
                                                                "Workers": []
                                                            },
                                                            {
                                                                "Node Type": "Hash",
                                                                "Parent Relationship": "Inner",
                                                                "Parallel Aware": true,
                                                                "Async Capable": false,
                                                                "Startup Cost": 305566.13,
                                                                "Total Cost": 305566.13,
                                                                "Plan Rows": 1,
                                                                "Plan Width": 41,
                                                                "Actual Startup Time": 359.448,
                                                                "Actual Total Time": 359.46,
                                                                "Actual Rows": 8037,
                                                                "Actual Loops": 5,
                                                                "Hash Buckets": 65536,
                                                                "Original Hash Buckets": 1024,
                                                                "Hash Batches": 1,
                                                                "Original Hash Batches": 1,
                                                                "Peak Memory Usage": 4088,
                                                                "Workers": [],
                                                                "Plans": [
                                                                    {
                                                                        "Node Type": "Hash Join",
                                                                        "Parent Relationship": "Outer",
                                                                        "Parallel Aware": false,
                                                                        "Async Capable": false,
                                                                        "Join Type": "Inner",
                                                                        "Startup Cost": 300521.41,
                                                                        "Total Cost": 305566.13,
                                                                        "Plan Rows": 1,
                                                                        "Plan Width": 41,
                                                                        "Actual Startup Time": 352.161,
                                                                        "Actual Total Time": 357.438,
                                                                        "Actual Rows": 8037,
                                                                        "Actual Loops": 5,
                                                                        "Inner Unique": true,
                                                                        "Hash Cond": "(mc.company_type_id = ct.id)",
                                                                        "Workers": [],
                                                                        "Plans": [
                                                                            {
                                                                                "Node Type": "Hash Join",
                                                                                "Parent Relationship": "Outer",
                                                                                "Parallel Aware": true,
                                                                                "Async Capable": false,
                                                                                "Join Type": "Inner",
                                                                                "Startup Cost": 300520.32,
                                                                                "Total Cost": 305565.03,
                                                                                "Plan Rows": 1,
                                                                                "Plan Width": 45,
                                                                                "Actual Startup Time": 352.145,
                                                                                "Actual Total Time": 356.902,
                                                                                "Actual Rows": 8037,
                                                                                "Actual Loops": 5,
                                                                                "Inner Unique": false,
                                                                                "Hash Cond": "(cn.id = mc.company_id)",
                                                                                "Workers": [],
                                                                                "Plans": [
                                                                                    {
                                                                                        "Node Type": "Seq Scan",
                                                                                        "Parent Relationship": "Outer",
                                                                                        "Parallel Aware": true,
                                                                                        "Async Capable": false,
                                                                                        "Relation Name": "company_name",
                                                                                        "Alias": "cn",
                                                                                        "Startup Cost": 0.0,
                                                                                        "Total Cost": 4767.92,
                                                                                        "Plan Rows": 73808,
                                                                                        "Plan Width": 23,
                                                                                        "Actual Startup Time": 0.006,
                                                                                        "Actual Total Time": 3.051,
                                                                                        "Actual Rows": 25246,
                                                                                        "Actual Loops": 5,
                                                                                        "Filter": "((country_code)::text <> '[us]'::text)",
                                                                                        "Rows Removed by Filter": 21753,
                                                                                        "Workers": []
                                                                                    },
                                                                                    {
                                                                                        "Node Type": "Hash",
                                                                                        "Parent Relationship": "Inner",
                                                                                        "Parallel Aware": true,
                                                                                        "Async Capable": false,
                                                                                        "Startup Cost": 300520.31,
                                                                                        "Total Cost": 300520.31,
                                                                                        "Plan Rows": 1,
                                                                                        "Plan Width": 30,
                                                                                        "Actual Startup Time": 352.116,
                                                                                        "Actual Total Time": 352.126,
                                                                                        "Actual Rows": 8843,
                                                                                        "Actual Loops": 5,
                                                                                        "Hash Buckets": 65536,
                                                                                        "Original Hash Buckets": 1024,
                                                                                        "Hash Batches": 1,
                                                                                        "Original Hash Batches": 1,
                                                                                        "Peak Memory Usage": 3864,
                                                                                        "Workers": [],
                                                                                        "Plans": [
                                                                                            {
                                                                                                "Node Type": "Hash Join",
                                                                                                "Parent Relationship": "Outer",
                                                                                                "Parallel Aware": true,
                                                                                                "Async Capable": false,
                                                                                                "Join Type": "Inner",
                                                                                                "Startup Cost": 268890.26,
                                                                                                "Total Cost": 300520.31,
                                                                                                "Plan Rows": 1,
                                                                                                "Plan Width": 30,
                                                                                                "Actual Startup Time": 313.965,
                                                                                                "Actual Total Time": 347.418,
                                                                                                "Actual Rows": 8843,
                                                                                                "Actual Loops": 5,
                                                                                                "Inner Unique": false,
                                                                                                "Hash Cond": "(mc.movie_id = mi.movie_id)",
                                                                                                "Workers": [],
                                                                                                "Plans": [
                                                                                                    {
                                                                                                        "Node Type": "Seq Scan",
                                                                                                        "Parent Relationship": "Outer",
                                                                                                        "Parallel Aware": true,
                                                                                                        "Async Capable": false,
                                                                                                        "Relation Name": "movie_companies",
                                                                                                        "Alias": "mc",
                                                                                                        "Startup Cost": 0.0,
                                                                                                        "Total Cost": 31448.82,
                                                                                                        "Plan Rows": 48327,
                                                                                                        "Plan Width": 12,
                                                                                                        "Actual Startup Time": 0.018,
                                                                                                        "Actual Total Time": 30.924,
                                                                                                        "Actual Rows": 60654,
                                                                                                        "Actual Loops": 5,
                                                                                                        "Filter": "((note !~~ '%(USA)%'::text) AND (note ~~ '%(200%)%'::text))",
                                                                                                        "Rows Removed by Filter": 461172,
                                                                                                        "Workers": []
                                                                                                    },
                                                                                                    {
                                                                                                        "Node Type": "Hash",
                                                                                                        "Parent Relationship": "Inner",
                                                                                                        "Parallel Aware": true,
                                                                                                        "Async Capable": false,
                                                                                                        "Startup Cost": 268890.25,
                                                                                                        "Total Cost": 268890.25,
                                                                                                        "Plan Rows": 1,
                                                                                                        "Plan Width": 18,
                                                                                                        "Actual Startup Time": 313.352,
                                                                                                        "Actual Total Time": 313.36,
                                                                                                        "Actual Rows": 3217,
                                                                                                        "Actual Loops": 5,
                                                                                                        "Hash Buckets": 16384,
                                                                                                        "Original Hash Buckets": 1024,
                                                                                                        "Hash Batches": 1,
                                                                                                        "Original Hash Batches": 1,
                                                                                                        "Peak Memory Usage": 1048,
                                                                                                        "Workers": [],
                                                                                                        "Plans": [
                                                                                                            {
                                                                                                                "Node Type": "Hash Join",
                                                                                                                "Parent Relationship": "Outer",
                                                                                                                "Parallel Aware": true,
                                                                                                                "Async Capable": false,
                                                                                                                "Join Type": "Inner",
                                                                                                                "Startup Cost": 62427.34,
                                                                                                                "Total Cost": 268890.25,
                                                                                                                "Plan Rows": 1,
                                                                                                                "Plan Width": 18,
                                                                                                                "Actual Startup Time": 255.473,
                                                                                                                "Actual Total Time": 302.343,
                                                                                                                "Actual Rows": 3217,
                                                                                                                "Actual Loops": 5,
                                                                                                                "Inner Unique": false,
                                                                                                                "Hash Cond": "(mi.movie_id = mk.movie_id)",
                                                                                                                "Workers": [],
                                                                                                                "Plans": [
                                                                                                                    {
                                                                                                                        "Node Type": "Hash Join",
                                                                                                                        "Parent Relationship": "Outer",
                                                                                                                        "Parallel Aware": false,
                                                                                                                        "Async Capable": false,
                                                                                                                        "Join Type": "Inner",
                                                                                                                        "Startup Cost": 2.43,
                                                                                                                        "Total Cost": 206460.84,
                                                                                                                        "Plan Rows": 1195,
                                                                                                                        "Plan Width": 4,
                                                                                                                        "Actual Startup Time": 143.107,
                                                                                                                        "Actual Total Time": 184.265,
                                                                                                                        "Actual Rows": 117753,
                                                                                                                        "Actual Loops": 5,
                                                                                                                        "Inner Unique": true,
                                                                                                                        "Hash Cond": "(mi.info_type_id = it1.id)",
                                                                                                                        "Workers": [],
                                                                                                                        "Plans": [
                                                                                                                            {
                                                                                                                                "Node Type": "Seq Scan",
                                                                                                                                "Parent Relationship": "Outer",
                                                                                                                                "Parallel Aware": true,
                                                                                                                                "Async Capable": false,
                                                                                                                                "Relation Name": "movie_info",
                                                                                                                                "Alias": "mi",
                                                                                                                                "Startup Cost": 0.0,
                                                                                                                                "Total Cost": 206090.53,
                                                                                                                                "Plan Rows": 135082,
                                                                                                                                "Plan Width": 8,
                                                                                                                                "Actual Startup Time": 0.051,
                                                                                                                                "Actual Total Time": 176.4,
                                                                                                                                "Actual Rows": 133867,
                                                                                                                                "Actual Loops": 5,
                                                                                                                                "Filter": "(info = ANY ('{Germany,German,USA,American}'::text[]))",
                                                                                                                                "Rows Removed by Filter": 2833277,
                                                                                                                                "Workers": []
                                                                                                                            },
                                                                                                                            {
                                                                                                                                "Node Type": "Hash",
                                                                                                                                "Parent Relationship": "Inner",
                                                                                                                                "Parallel Aware": false,
                                                                                                                                "Async Capable": false,
                                                                                                                                "Startup Cost": 2.41,
                                                                                                                                "Total Cost": 2.41,
                                                                                                                                "Plan Rows": 1,
                                                                                                                                "Plan Width": 4,
                                                                                                                                "Actual Startup Time": 0.007,
                                                                                                                                "Actual Total Time": 0.008,
                                                                                                                                "Actual Rows": 1,
                                                                                                                                "Actual Loops": 5,
                                                                                                                                "Hash Buckets": 1024,
                                                                                                                                "Original Hash Buckets": 1024,
                                                                                                                                "Hash Batches": 1,
                                                                                                                                "Original Hash Batches": 1,
                                                                                                                                "Peak Memory Usage": 9,
                                                                                                                                "Workers": [],
                                                                                                                                "Plans": [
                                                                                                                                    {
                                                                                                                                        "Node Type": "Seq Scan",
                                                                                                                                        "Parent Relationship": "Outer",
                                                                                                                                        "Parallel Aware": false,
                                                                                                                                        "Async Capable": false,
                                                                                                                                        "Relation Name": "info_type",
                                                                                                                                        "Alias": "it1",
                                                                                                                                        "Startup Cost": 0.0,
                                                                                                                                        "Total Cost": 2.41,
                                                                                                                                        "Plan Rows": 1,
                                                                                                                                        "Plan Width": 4,
                                                                                                                                        "Actual Startup Time": 0.003,
                                                                                                                                        "Actual Total Time": 0.006,
                                                                                                                                        "Actual Rows": 1,
                                                                                                                                        "Actual Loops": 5,
                                                                                                                                        "Filter": "((info)::text = 'countries'::text)",
                                                                                                                                        "Rows Removed by Filter": 112,
                                                                                                                                        "Workers": []
                                                                                                                                    }
                                                                                                                                ]
                                                                                                                            }
                                                                                                                        ]
                                                                                                                    },
                                                                                                                    {
                                                                                                                        "Node Type": "Hash",
                                                                                                                        "Parent Relationship": "Inner",
                                                                                                                        "Parallel Aware": true,
                                                                                                                        "Async Capable": false,
                                                                                                                        "Startup Cost": 62424.9,
                                                                                                                        "Total Cost": 62424.9,
                                                                                                                        "Plan Rows": 1,
                                                                                                                        "Plan Width": 14,
                                                                                                                        "Actual Startup Time": 112.286,
                                                                                                                        "Actual Total Time": 112.291,
                                                                                                                        "Actual Rows": 4960,
                                                                                                                        "Actual Loops": 5,
                                                                                                                        "Hash Buckets": 32768,
                                                                                                                        "Original Hash Buckets": 1024,
                                                                                                                        "Hash Batches": 1,
                                                                                                                        "Original Hash Batches": 1,
                                                                                                                        "Peak Memory Usage": 1752,
                                                                                                                        "Workers": [],
                                                                                                                        "Plans": [
                                                                                                                            {
                                                                                                                                "Node Type": "Hash Join",
                                                                                                                                "Parent Relationship": "Outer",
                                                                                                                                "Parallel Aware": true,
                                                                                                                                "Async Capable": false,
                                                                                                                                "Join Type": "Inner",
                                                                                                                                "Startup Cost": 45927.77,
                                                                                                                                "Total Cost": 62424.9,
                                                                                                                                "Plan Rows": 1,
                                                                                                                                "Plan Width": 14,
                                                                                                                                "Actual Startup Time": 75.491,
                                                                                                                                "Actual Total Time": 104.439,
                                                                                                                                "Actual Rows": 4960,
                                                                                                                                "Actual Loops": 5,
                                                                                                                                "Inner Unique": false,
                                                                                                                                "Hash Cond": "(mi_idx.movie_id = mk.movie_id)",
                                                                                                                                "Workers": [],
                                                                                                                                "Plans": [
                                                                                                                                    {
                                                                                                                                        "Node Type": "Hash Join",
                                                                                                                                        "Parent Relationship": "Outer",
                                                                                                                                        "Parallel Aware": false,
                                                                                                                                        "Async Capable": false,
                                                                                                                                        "Join Type": "Inner",
                                                                                                                                        "Startup Cost": 2.43,
                                                                                                                                        "Total Cost": 16483.4,
                                                                                                                                        "Plan Rows": 4306,
                                                                                                                                        "Plan Width": 10,
                                                                                                                                        "Actual Startup Time": 0.04,
                                                                                                                                        "Actual Total Time": 25.766,
                                                                                                                                        "Actual Rows": 64823,
                                                                                                                                        "Actual Loops": 5,
                                                                                                                                        "Inner Unique": true,
                                                                                                                                        "Hash Cond": "(mi_idx.info_type_id = it2.id)",
                                                                                                                                        "Workers": [],
                                                                                                                                        "Plans": [
                                                                                                                                            {
                                                                                                                                                "Node Type": "Seq Scan",
                                                                                                                                                "Parent Relationship": "Outer",
                                                                                                                                                "Parallel Aware": true,
                                                                                                                                                "Async Capable": false,
                                                                                                                                                "Relation Name": "movie_info_idx",
                                                                                                                                                "Alias": "mi_idx",
                                                                                                                                                "Startup Cost": 0.0,
                                                                                                                                                "Total Cost": 15155.68,
                                                                                                                                                "Plan Rows": 486625,
                                                                                                                                                "Plan Width": 14,
                                                                                                                                                "Actual Startup Time": 0.007,
                                                                                                                                                "Actual Total Time": 16.09,
                                                                                                                                                "Actual Rows": 234592,
                                                                                                                                                "Actual Loops": 5,
                                                                                                                                                "Filter": "(info < '7.0'::text)",
                                                                                                                                                "Rows Removed by Filter": 41415,
                                                                                                                                                "Workers": []
                                                                                                                                            },
                                                                                                                                            {
                                                                                                                                                "Node Type": "Hash",
                                                                                                                                                "Parent Relationship": "Inner",
                                                                                                                                                "Parallel Aware": false,
                                                                                                                                                "Async Capable": false,
                                                                                                                                                "Startup Cost": 2.41,
                                                                                                                                                "Total Cost": 2.41,
                                                                                                                                                "Plan Rows": 1,
                                                                                                                                                "Plan Width": 4,
                                                                                                                                                "Actual Startup Time": 0.021,
                                                                                                                                                "Actual Total Time": 0.021,
                                                                                                                                                "Actual Rows": 1,
                                                                                                                                                "Actual Loops": 5,
                                                                                                                                                "Hash Buckets": 1024,
                                                                                                                                                "Original Hash Buckets": 1024,
                                                                                                                                                "Hash Batches": 1,
                                                                                                                                                "Original Hash Batches": 1,
                                                                                                                                                "Peak Memory Usage": 9,
                                                                                                                                                "Workers": [],
                                                                                                                                                "Plans": [
                                                                                                                                                    {
                                                                                                                                                        "Node Type": "Seq Scan",
                                                                                                                                                        "Parent Relationship": "Outer",
                                                                                                                                                        "Parallel Aware": false,
                                                                                                                                                        "Async Capable": false,
                                                                                                                                                        "Relation Name": "info_type",
                                                                                                                                                        "Alias": "it2",
                                                                                                                                                        "Startup Cost": 0.0,
                                                                                                                                                        "Total Cost": 2.41,
                                                                                                                                                        "Plan Rows": 1,
                                                                                                                                                        "Plan Width": 4,
                                                                                                                                                        "Actual Startup Time": 0.015,
                                                                                                                                                        "Actual Total Time": 0.016,
                                                                                                                                                        "Actual Rows": 1,
                                                                                                                                                        "Actual Loops": 5,
                                                                                                                                                        "Filter": "((info)::text = 'rating'::text)",
                                                                                                                                                        "Rows Removed by Filter": 112,
                                                                                                                                                        "Workers": []
                                                                                                                                                    }
                                                                                                                                                ]
                                                                                                                                            }
                                                                                                                                        ]
                                                                                                                                    },
                                                                                                                                    {
                                                                                                                                        "Node Type": "Hash",
                                                                                                                                        "Parent Relationship": "Inner",
                                                                                                                                        "Parallel Aware": true,
                                                                                                                                        "Async Capable": false,
                                                                                                                                        "Startup Cost": 45924.79,
                                                                                                                                        "Total Cost": 45924.79,
                                                                                                                                        "Plan Rows": 44,
                                                                                                                                        "Plan Width": 4,
                                                                                                                                        "Actual Startup Time": 75.301,
                                                                                                                                        "Actual Total Time": 75.303,
                                                                                                                                        "Actual Rows": 7418,
                                                                                                                                        "Actual Loops": 5,
                                                                                                                                        "Hash Buckets": 65536,
                                                                                                                                        "Original Hash Buckets": 1024,
                                                                                                                                        "Hash Batches": 1,
                                                                                                                                        "Original Hash Batches": 1,
                                                                                                                                        "Peak Memory Usage": 2616,
                                                                                                                                        "Workers": [],
                                                                                                                                        "Plans": [
                                                                                                                                            {
                                                                                                                                                "Node Type": "Hash Join",
                                                                                                                                                "Parent Relationship": "Outer",
                                                                                                                                                "Parallel Aware": false,
                                                                                                                                                "Async Capable": false,
                                                                                                                                                "Join Type": "Inner",
                                                                                                                                                "Startup Cost": 3020.6,
                                                                                                                                                "Total Cost": 45924.79,
                                                                                                                                                "Plan Rows": 44,
                                                                                                                                                "Plan Width": 4,
                                                                                                                                                "Actual Startup Time": 6.406,
                                                                                                                                                "Actual Total Time": 67.388,
                                                                                                                                                "Actual Rows": 7418,
                                                                                                                                                "Actual Loops": 5,
                                                                                                                                                "Inner Unique": true,
                                                                                                                                                "Hash Cond": "(mk.keyword_id = k.id)",
                                                                                                                                                "Workers": [],
                                                                                                                                                "Plans": [
                                                                                                                                                    {
                                                                                                                                                        "Node Type": "Seq Scan",
                                                                                                                                                        "Parent Relationship": "Outer",
                                                                                                                                                        "Parallel Aware": true,
                                                                                                                                                        "Async Capable": false,
                                                                                                                                                        "Relation Name": "movie_keyword",
                                                                                                                                                        "Alias": "mk",
                                                                                                                                                        "Startup Cost": 0.0,
                                                                                                                                                        "Total Cost": 39073.32,
                                                                                                                                                        "Plan Rows": 1459332,
                                                                                                                                                        "Plan Width": 8,
                                                                                                                                                        "Actual Startup Time": 0.006,
                                                                                                                                                        "Actual Total Time": 34.104,
                                                                                                                                                        "Actual Rows": 904786,
                                                                                                                                                        "Actual Loops": 5,
                                                                                                                                                        "Workers": []
                                                                                                                                                    },
                                                                                                                                                    {
                                                                                                                                                        "Node Type": "Hash",
                                                                                                                                                        "Parent Relationship": "Inner",
                                                                                                                                                        "Parallel Aware": false,
                                                                                                                                                        "Async Capable": false,
                                                                                                                                                        "Startup Cost": 3020.55,
                                                                                                                                                        "Total Cost": 3020.55,
                                                                                                                                                        "Plan Rows": 4,
                                                                                                                                                        "Plan Width": 4,
                                                                                                                                                        "Actual Startup Time": 6.367,
                                                                                                                                                        "Actual Total Time": 6.367,
                                                                                                                                                        "Actual Rows": 3,
                                                                                                                                                        "Actual Loops": 5,
                                                                                                                                                        "Hash Buckets": 1024,
                                                                                                                                                        "Original Hash Buckets": 1024,
                                                                                                                                                        "Hash Batches": 1,
                                                                                                                                                        "Original Hash Batches": 1,
                                                                                                                                                        "Peak Memory Usage": 9,
                                                                                                                                                        "Workers": [],
                                                                                                                                                        "Plans": [
                                                                                                                                                            {
                                                                                                                                                                "Node Type": "Seq Scan",
                                                                                                                                                                "Parent Relationship": "Outer",
                                                                                                                                                                "Parallel Aware": false,
                                                                                                                                                                "Async Capable": false,
                                                                                                                                                                "Relation Name": "keyword",
                                                                                                                                                                "Alias": "k",
                                                                                                                                                                "Startup Cost": 0.0,
                                                                                                                                                                "Total Cost": 3020.55,
                                                                                                                                                                "Plan Rows": 4,
                                                                                                                                                                "Plan Width": 4,
                                                                                                                                                                "Actual Startup Time": 0.331,
                                                                                                                                                                "Actual Total Time": 6.366,
                                                                                                                                                                "Actual Rows": 3,
                                                                                                                                                                "Actual Loops": 5,
                                                                                                                                                                "Filter": "(keyword = ANY ('{murder,murder-in-title,blood,violence}'::text[]))",
                                                                                                                                                                "Rows Removed by Filter": 134167,
                                                                                                                                                                "Workers": []
                                                                                                                                                            }
                                                                                                                                                        ]
                                                                                                                                                    }
                                                                                                                                                ]
                                                                                                                                            }
                                                                                                                                        ]
                                                                                                                                    }
                                                                                                                                ]
                                                                                                                            }
                                                                                                                        ]
                                                                                                                    }
                                                                                                                ]
                                                                                                            }
                                                                                                        ]
                                                                                                    }
                                                                                                ]
                                                                                            }
                                                                                        ]
                                                                                    }
                                                                                ]
                                                                            },
                                                                            {
                                                                                "Node Type": "Hash",
                                                                                "Parent Relationship": "Inner",
                                                                                "Parallel Aware": false,
                                                                                "Async Capable": false,
                                                                                "Startup Cost": 1.04,
                                                                                "Total Cost": 1.04,
                                                                                "Plan Rows": 4,
                                                                                "Plan Width": 4,
                                                                                "Actual Startup Time": 0.009,
                                                                                "Actual Total Time": 0.01,
                                                                                "Actual Rows": 4,
                                                                                "Actual Loops": 5,
                                                                                "Hash Buckets": 1024,
                                                                                "Original Hash Buckets": 1024,
                                                                                "Hash Batches": 1,
                                                                                "Original Hash Batches": 1,
                                                                                "Peak Memory Usage": 9,
                                                                                "Workers": [],
                                                                                "Plans": [
                                                                                    {
                                                                                        "Node Type": "Seq Scan",
                                                                                        "Parent Relationship": "Outer",
                                                                                        "Parallel Aware": false,
                                                                                        "Async Capable": false,
                                                                                        "Relation Name": "company_type",
                                                                                        "Alias": "ct",
                                                                                        "Startup Cost": 0.0,
                                                                                        "Total Cost": 1.04,
                                                                                        "Plan Rows": 4,
                                                                                        "Plan Width": 4,
                                                                                        "Actual Startup Time": 0.008,
                                                                                        "Actual Total Time": 0.008,
                                                                                        "Actual Rows": 4,
                                                                                        "Actual Loops": 5,
                                                                                        "Workers": []
                                                                                    }
                                                                                ]
                                                                            }
                                                                        ]
                                                                    }
                                                                ]
                                                            }
                                                        ]
                                                    },
                                                    {
                                                        "Node Type": "Hash",
                                                        "Parent Relationship": "Inner",
                                                        "Parallel Aware": false,
                                                        "Async Capable": false,
                                                        "Startup Cost": 1.09,
                                                        "Total Cost": 1.09,
                                                        "Plan Rows": 2,
                                                        "Plan Width": 4,
                                                        "Actual Startup Time": 0.015,
                                                        "Actual Total Time": 0.016,
                                                        "Actual Rows": 2,
                                                        "Actual Loops": 5,
                                                        "Hash Buckets": 1024,
                                                        "Original Hash Buckets": 1024,
                                                        "Hash Batches": 1,
                                                        "Original Hash Batches": 1,
                                                        "Peak Memory Usage": 9,
                                                        "Workers": [],
                                                        "Plans": [
                                                            {
                                                                "Node Type": "Seq Scan",
                                                                "Parent Relationship": "Outer",
                                                                "Parallel Aware": false,
                                                                "Async Capable": false,
                                                                "Relation Name": "kind_type",
                                                                "Alias": "kt",
                                                                "Startup Cost": 0.0,
                                                                "Total Cost": 1.09,
                                                                "Plan Rows": 2,
                                                                "Plan Width": 4,
                                                                "Actual Startup Time": 0.013,
                                                                "Actual Total Time": 0.013,
                                                                "Actual Rows": 2,
                                                                "Actual Loops": 5,
                                                                "Filter": "((kind)::text = ANY ('{movie,episode}'::text[]))",
                                                                "Rows Removed by Filter": 5,
                                                                "Workers": []
                                                            }
                                                        ]
                                                    }
                                                ]
                                            }
                                        ]
                                    }
                                ]
                            }
                        ]
                    },
                    "Planning Time": 7.441,
                    "Triggers": [],
                    "Execution Time": 407.263
                }
            ],
            "hints": [
                "SET enable_hashjoin TO on",
                "SET enable_indexonlyscan TO on",
                "SET enable_indexscan TO off",
                "SET enable_mergejoin TO off",
                "SET enable_nestloop TO off",
                "SET enable_seqscan TO on"
            ]
        },
        {
            "arm": 4,
            "execution_time": 138.999,
            "plan": [
                {
                    "Plan": {
                        "Node Type": "Aggregate",
                        "Strategy": "Plain",
                        "Partial Mode": "Simple",
                        "Parallel Aware": false,
                        "Async Capable": false,
                        "Startup Cost": 7884.44,
                        "Total Cost": 7884.45,
                        "Plan Rows": 1,
                        "Plan Width": 96,
                        "Actual Startup Time": 138.956,
                        "Actual Total Time": 138.96,
                        "Actual Rows": 1,
                        "Actual Loops": 1,
                        "Plans": [
                            {
                                "Node Type": "Nested Loop",
                                "Parent Relationship": "Outer",
                                "Parallel Aware": false,
                                "Async Capable": false,
                                "Join Type": "Inner",
                                "Startup Cost": 2.58,
                                "Total Cost": 7884.43,
                                "Plan Rows": 1,
                                "Plan Width": 42,
                                "Actual Startup Time": 2.141,
                                "Actual Total Time": 138.809,
                                "Actual Rows": 2851,
                                "Actual Loops": 1,
                                "Inner Unique": true,
                                "Join Filter": "(it1.id = mi.info_type_id)",
                                "Rows Removed by Join Filter": 191,
                                "Plans": [
                                    {
                                        "Node Type": "Nested Loop",
                                        "Parent Relationship": "Outer",
                                        "Parallel Aware": false,
                                        "Async Capable": false,
                                        "Join Type": "Inner",
                                        "Startup Cost": 2.58,
                                        "Total Cost": 7882.01,
                                        "Plan Rows": 1,
                                        "Plan Width": 46,
                                        "Actual Startup Time": 2.139,
                                        "Actual Total Time": 135.837,
                                        "Actual Rows": 3042,
                                        "Actual Loops": 1,
                                        "Inner Unique": false,
                                        "Join Filter": "(mi.movie_id = t.id)",
                                        "Rows Removed by Join Filter": 0,
                                        "Plans": [
                                            {
                                                "Node Type": "Nested Loop",
                                                "Parent Relationship": "Outer",
                                                "Parallel Aware": false,
                                                "Async Capable": false,
                                                "Join Type": "Inner",
                                                "Startup Cost": 2.14,
                                                "Total Cost": 7880.46,
                                                "Plan Rows": 1,
                                                "Plan Width": 58,
                                                "Actual Startup Time": 0.696,
                                                "Actual Total Time": 99.125,
                                                "Actual Rows": 2958,
                                                "Actual Loops": 1,
                                                "Inner Unique": true,
                                                "Join Filter": "(ct.id = mc.company_type_id)",
                                                "Rows Removed by Join Filter": 0,
                                                "Plans": [
                                                    {
                                                        "Node Type": "Nested Loop",
                                                        "Parent Relationship": "Outer",
                                                        "Parallel Aware": false,
                                                        "Async Capable": false,
                                                        "Join Type": "Inner",
                                                        "Startup Cost": 2.14,
                                                        "Total Cost": 7879.37,
                                                        "Plan Rows": 1,
                                                        "Plan Width": 62,
                                                        "Actual Startup Time": 0.694,
                                                        "Actual Total Time": 98.294,
                                                        "Actual Rows": 2958,
                                                        "Actual Loops": 1,
                                                        "Inner Unique": true,
                                                        "Plans": [
                                                            {
                                                                "Node Type": "Nested Loop",
                                                                "Parent Relationship": "Outer",
                                                                "Parallel Aware": false,
                                                                "Async Capable": false,
                                                                "Join Type": "Inner",
                                                                "Startup Cost": 1.72,
                                                                "Total Cost": 7878.82,
                                                                "Plan Rows": 1,
                                                                "Plan Width": 47,
                                                                "Actual Startup Time": 0.688,
                                                                "Actual Total Time": 94.759,
                                                                "Actual Rows": 3374,
                                                                "Actual Loops": 1,
                                                                "Inner Unique": false,
                                                                "Join Filter": "(mc.movie_id = t.id)",
                                                                "Rows Removed by Join Filter": 0,
                                                                "Plans": [
                                                                    {
                                                                        "Node Type": "Nested Loop",
                                                                        "Parent Relationship": "Outer",
                                                                        "Parallel Aware": false,
                                                                        "Async Capable": false,
                                                                        "Join Type": "Inner",
                                                                        "Startup Cost": 1.29,
                                                                        "Total Cost": 7878.24,
                                                                        "Plan Rows": 1,
                                                                        "Plan Width": 35,
                                                                        "Actual Startup Time": 0.681,
                                                                        "Actual Total Time": 85.505,
                                                                        "Actual Rows": 2378,
                                                                        "Actual Loops": 1,
                                                                        "Inner Unique": false,
                                                                        "Join Filter": "(it2.id = mi_idx.info_type_id)",
                                                                        "Rows Removed by Join Filter": 6322,
                                                                        "Plans": [
                                                                            {
                                                                                "Node Type": "Seq Scan",
                                                                                "Parent Relationship": "Outer",
                                                                                "Parallel Aware": false,
                                                                                "Async Capable": false,
                                                                                "Relation Name": "info_type",
                                                                                "Alias": "it2",
                                                                                "Startup Cost": 0.0,
                                                                                "Total Cost": 2.41,
                                                                                "Plan Rows": 1,
                                                                                "Plan Width": 4,
                                                                                "Actual Startup Time": 0.01,
                                                                                "Actual Total Time": 0.011,
                                                                                "Actual Rows": 1,
                                                                                "Actual Loops": 1,
                                                                                "Filter": "((info)::text = 'rating'::text)",
                                                                                "Rows Removed by Filter": 112
                                                                            },
                                                                            {
                                                                                "Node Type": "Nested Loop",
                                                                                "Parent Relationship": "Inner",
                                                                                "Parallel Aware": false,
                                                                                "Async Capable": false,
                                                                                "Join Type": "Inner",
                                                                                "Startup Cost": 1.29,
                                                                                "Total Cost": 7875.51,
                                                                                "Plan Rows": 26,
                                                                                "Plan Width": 39,
                                                                                "Actual Startup Time": 0.331,
                                                                                "Actual Total Time": 85.207,
                                                                                "Actual Rows": 8700,
                                                                                "Actual Loops": 1,
                                                                                "Inner Unique": false,
                                                                                "Join Filter": "(mi_idx.movie_id = t.id)",
                                                                                "Rows Removed by Join Filter": 0,
                                                                                "Plans": [
                                                                                    {
                                                                                        "Node Type": "Nested Loop",
                                                                                        "Parent Relationship": "Outer",
                                                                                        "Parallel Aware": false,
                                                                                        "Async Capable": false,
                                                                                        "Join Type": "Inner",
                                                                                        "Startup Cost": 0.86,
                                                                                        "Total Cost": 7870.15,
                                                                                        "Plan Rows": 10,
                                                                                        "Plan Width": 25,
                                                                                        "Actual Startup Time": 0.325,
                                                                                        "Actual Total Time": 76.603,
                                                                                        "Actual Rows": 4832,
                                                                                        "Actual Loops": 1,
                                                                                        "Inner Unique": true,
                                                                                        "Join Filter": "(kt.id = t.kind_id)",
                                                                                        "Rows Removed by Join Filter": 2286,
                                                                                        "Plans": [
                                                                                            {
                                                                                                "Node Type": "Nested Loop",
                                                                                                "Parent Relationship": "Outer",
                                                                                                "Parallel Aware": false,
                                                                                                "Async Capable": false,
                                                                                                "Join Type": "Inner",
                                                                                                "Startup Cost": 0.86,
                                                                                                "Total Cost": 7868.02,
                                                                                                "Plan Rows": 36,
                                                                                                "Plan Width": 29,
                                                                                                "Actual Startup Time": 0.32,
                                                                                                "Actual Total Time": 75.963,
                                                                                                "Actual Rows": 5606,
                                                                                                "Actual Loops": 1,
                                                                                                "Inner Unique": true,
                                                                                                "Plans": [
                                                                                                    {
                                                                                                        "Node Type": "Nested Loop",
                                                                                                        "Parent Relationship": "Outer",
                                                                                                        "Parallel Aware": false,
                                                                                                        "Async Capable": false,
                                                                                                        "Join Type": "Inner",
                                                                                                        "Startup Cost": 0.43,
                                                                                                        "Total Cost": 7801.9,
                                                                                                        "Plan Rows": 135,
                                                                                                        "Plan Width": 4,
                                                                                                        "Actual Startup Time": 0.304,
                                                                                                        "Actual Total Time": 26.206,
                                                                                                        "Actual Rows": 37091,
                                                                                                        "Actual Loops": 1,
                                                                                                        "Inner Unique": false,
                                                                                                        "Plans": [
                                                                                                            {
                                                                                                                "Node Type": "Seq Scan",
                                                                                                                "Parent Relationship": "Outer",
                                                                                                                "Parallel Aware": false,
                                                                                                                "Async Capable": false,
                                                                                                                "Relation Name": "keyword",
                                                                                                                "Alias": "k",
                                                                                                                "Startup Cost": 0.0,
                                                                                                                "Total Cost": 3020.55,
                                                                                                                "Plan Rows": 4,
                                                                                                                "Plan Width": 4,
                                                                                                                "Actual Startup Time": 0.288,
                                                                                                                "Actual Total Time": 6.077,
                                                                                                                "Actual Rows": 3,
                                                                                                                "Actual Loops": 1,
                                                                                                                "Filter": "(keyword = ANY ('{murder,murder-in-title,blood,violence}'::text[]))",
                                                                                                                "Rows Removed by Filter": 134167
                                                                                                            },
                                                                                                            {
                                                                                                                "Node Type": "Index Scan",
                                                                                                                "Parent Relationship": "Inner",
                                                                                                                "Parallel Aware": false,
                                                                                                                "Async Capable": false,
                                                                                                                "Scan Direction": "Forward",
                                                                                                                "Index Name": "keyword_id_movie_keyword",
                                                                                                                "Relation Name": "movie_keyword",
                                                                                                                "Alias": "mk",
                                                                                                                "Startup Cost": 0.43,
                                                                                                                "Total Cost": 1192.31,
                                                                                                                "Plan Rows": 303,
                                                                                                                "Plan Width": 8,
                                                                                                                "Actual Startup Time": 0.009,
                                                                                                                "Actual Total Time": 6.148,
                                                                                                                "Actual Rows": 12364,
                                                                                                                "Actual Loops": 3,
                                                                                                                "Index Cond": "(keyword_id = k.id)",
                                                                                                                "Rows Removed by Index Recheck": 0
                                                                                                            }
                                                                                                        ]
                                                                                                    },
                                                                                                    {
                                                                                                        "Node Type": "Index Scan",
                                                                                                        "Parent Relationship": "Inner",
                                                                                                        "Parallel Aware": false,
                                                                                                        "Async Capable": false,
                                                                                                        "Scan Direction": "Forward",
                                                                                                        "Index Name": "title_pkey",
                                                                                                        "Relation Name": "title",
                                                                                                        "Alias": "t",
                                                                                                        "Startup Cost": 0.43,
                                                                                                        "Total Cost": 0.49,
                                                                                                        "Plan Rows": 1,
                                                                                                        "Plan Width": 25,
                                                                                                        "Actual Startup Time": 0.001,
                                                                                                        "Actual Total Time": 0.001,
                                                                                                        "Actual Rows": 0,
                                                                                                        "Actual Loops": 37091,
                                                                                                        "Index Cond": "(id = mk.movie_id)",
                                                                                                        "Rows Removed by Index Recheck": 0,
                                                                                                        "Filter": "(production_year > 2008)",
                                                                                                        "Rows Removed by Filter": 1
                                                                                                    }
                                                                                                ]
                                                                                            },
                                                                                            {
                                                                                                "Node Type": "Materialize",
                                                                                                "Parent Relationship": "Inner",
                                                                                                "Parallel Aware": false,
                                                                                                "Async Capable": false,
                                                                                                "Startup Cost": 0.0,
                                                                                                "Total Cost": 1.1,
                                                                                                "Plan Rows": 2,
                                                                                                "Plan Width": 4,
                                                                                                "Actual Startup Time": 0.0,
                                                                                                "Actual Total Time": 0.0,
                                                                                                "Actual Rows": 1,
                                                                                                "Actual Loops": 5606,
                                                                                                "Plans": [
                                                                                                    {
                                                                                                        "Node Type": "Seq Scan",
                                                                                                        "Parent Relationship": "Outer",
                                                                                                        "Parallel Aware": false,
                                                                                                        "Async Capable": false,
                                                                                                        "Relation Name": "kind_type",
                                                                                                        "Alias": "kt",
                                                                                                        "Startup Cost": 0.0,
                                                                                                        "Total Cost": 1.09,
                                                                                                        "Plan Rows": 2,
                                                                                                        "Plan Width": 4,
                                                                                                        "Actual Startup Time": 0.002,
                                                                                                        "Actual Total Time": 0.003,
                                                                                                        "Actual Rows": 2,
                                                                                                        "Actual Loops": 1,
                                                                                                        "Filter": "((kind)::text = ANY ('{movie,episode}'::text[]))",
                                                                                                        "Rows Removed by Filter": 5
                                                                                                    }
                                                                                                ]
                                                                                            }
                                                                                        ]
                                                                                    },
                                                                                    {
                                                                                        "Node Type": "Index Scan",
                                                                                        "Parent Relationship": "Inner",
                                                                                        "Parallel Aware": false,
                                                                                        "Async Capable": false,
                                                                                        "Scan Direction": "Forward",
                                                                                        "Index Name": "movie_id_movie_info_idx",
                                                                                        "Relation Name": "movie_info_idx",
                                                                                        "Alias": "mi_idx",
                                                                                        "Startup Cost": 0.43,
                                                                                        "Total Cost": 0.5,
                                                                                        "Plan Rows": 3,
                                                                                        "Plan Width": 14,
                                                                                        "Actual Startup Time": 0.001,
                                                                                        "Actual Total Time": 0.002,
                                                                                        "Actual Rows": 2,
                                                                                        "Actual Loops": 4832,
                                                                                        "Index Cond": "(movie_id = mk.movie_id)",
                                                                                        "Rows Removed by Index Recheck": 0,
                                                                                        "Filter": "(info < '7.0'::text)",
                                                                                        "Rows Removed by Filter": 0
                                                                                    }
                                                                                ]
                                                                            }
                                                                        ]
                                                                    },
                                                                    {
                                                                        "Node Type": "Index Scan",
                                                                        "Parent Relationship": "Inner",
                                                                        "Parallel Aware": false,
                                                                        "Async Capable": false,
                                                                        "Scan Direction": "Forward",
                                                                        "Index Name": "movie_id_movie_companies",
                                                                        "Relation Name": "movie_companies",
                                                                        "Alias": "mc",
                                                                        "Startup Cost": 0.43,
                                                                        "Total Cost": 0.57,
                                                                        "Plan Rows": 1,
                                                                        "Plan Width": 12,
                                                                        "Actual Startup Time": 0.003,
                                                                        "Actual Total Time": 0.004,
                                                                        "Actual Rows": 1,
                                                                        "Actual Loops": 2378,
                                                                        "Index Cond": "(movie_id = mk.movie_id)",
                                                                        "Rows Removed by Index Recheck": 0,
                                                                        "Filter": "((note !~~ '%(USA)%'::text) AND (note ~~ '%(200%)%'::text))",
                                                                        "Rows Removed by Filter": 10
                                                                    }
                                                                ]
                                                            },
                                                            {
                                                                "Node Type": "Index Scan",
                                                                "Parent Relationship": "Inner",
                                                                "Parallel Aware": false,
                                                                "Async Capable": false,
                                                                "Scan Direction": "Forward",
                                                                "Index Name": "company_name_pkey",
                                                                "Relation Name": "company_name",
                                                                "Alias": "cn",
                                                                "Startup Cost": 0.42,
                                                                "Total Cost": 0.54,
                                                                "Plan Rows": 1,
                                                                "Plan Width": 23,
                                                                "Actual Startup Time": 0.001,
                                                                "Actual Total Time": 0.001,
                                                                "Actual Rows": 1,
                                                                "Actual Loops": 3374,
                                                                "Index Cond": "(id = mc.company_id)",
                                                                "Rows Removed by Index Recheck": 0,
                                                                "Filter": "((country_code)::text <> '[us]'::text)",
                                                                "Rows Removed by Filter": 0
                                                            }
                                                        ]
                                                    },
                                                    {
                                                        "Node Type": "Seq Scan",
                                                        "Parent Relationship": "Inner",
                                                        "Parallel Aware": false,
                                                        "Async Capable": false,
                                                        "Relation Name": "company_type",
                                                        "Alias": "ct",
                                                        "Startup Cost": 0.0,
                                                        "Total Cost": 1.04,
                                                        "Plan Rows": 4,
                                                        "Plan Width": 4,
                                                        "Actual Startup Time": 0.0,
                                                        "Actual Total Time": 0.0,
                                                        "Actual Rows": 1,
                                                        "Actual Loops": 2958
                                                    }
                                                ]
                                            },
                                            {
                                                "Node Type": "Index Scan",
                                                "Parent Relationship": "Inner",
                                                "Parallel Aware": false,
                                                "Async Capable": false,
                                                "Scan Direction": "Forward",
                                                "Index Name": "movie_id_movie_info",
                                                "Relation Name": "movie_info",
                                                "Alias": "mi",
                                                "Startup Cost": 0.43,
                                                "Total Cost": 1.52,
                                                "Plan Rows": 2,
                                                "Plan Width": 8,
                                                "Actual Startup Time": 0.011,
                                                "Actual Total Time": 0.012,
                                                "Actual Rows": 1,
                                                "Actual Loops": 2958,
                                                "Index Cond": "(movie_id = mk.movie_id)",
                                                "Rows Removed by Index Recheck": 0,
                                                "Filter": "(info = ANY ('{Germany,German,USA,American}'::text[]))",
                                                "Rows Removed by Filter": 155
                                            }
                                        ]
                                    },
                                    {
                                        "Node Type": "Seq Scan",
                                        "Parent Relationship": "Inner",
                                        "Parallel Aware": false,
                                        "Async Capable": false,
                                        "Relation Name": "info_type",
                                        "Alias": "it1",
                                        "Startup Cost": 0.0,
                                        "Total Cost": 2.41,
                                        "Plan Rows": 1,
                                        "Plan Width": 4,
                                        "Actual Startup Time": 0.001,
                                        "Actual Total Time": 0.001,
                                        "Actual Rows": 1,
                                        "Actual Loops": 3042,
                                        "Filter": "((info)::text = 'countries'::text)",
                                        "Rows Removed by Filter": 14
                                    }
                                ]
                            }
                        ]
                    },
                    "Planning Time": 10.334,
                    "Triggers": [],
                    "Execution Time": 138.999
                }
            ],
            "hints": [
                "SET enable_hashjoin TO on",
                "SET enable_indexonlyscan TO on",
                "SET enable_indexscan TO on",
                "SET enable_mergejoin TO off",
                "SET enable_nestloop TO on",
                "SET enable_seqscan TO on"
            ]
        }
    ]
}