{
    "sql_file": "job29a.sql",
    "query": "SELECT MIN(chn.name) AS voiced_char, MIN(n.name) AS voicing_actress, MIN(t.title) AS voiced_animation FROM aka_name AS an, complete_cast AS cc, comp_cast_type AS cct1, comp_cast_type AS cct2, char_name AS chn, cast_info AS ci, company_name AS cn, info_type AS it, info_type AS it3, keyword AS k, movie_companies AS mc, movie_info AS mi, movie_keyword AS mk, name AS n, person_info AS pi, role_type AS rt, title AS t WHERE cct1.kind  ='cast' AND cct2.kind  ='complete+verified' AND chn.name  = 'Queen' AND ci.note  in ('(voice)', '(voice) (uncredited)', '(voice: English version)') AND cn.country_code ='[us]' AND it.info  = 'release dates' AND it3.info  = 'trivia' AND k.keyword  = 'computer-animation' AND mi.info  is not null and (mi.info like 'Japan:%200%' or mi.info like 'USA:%200%') AND n.gender ='f' and n.name like '%An%' AND rt.role ='actress' AND t.title  = 'Shrek 2' AND t.production_year  between 2000 and 2010 AND t.id = mi.movie_id AND t.id = mc.movie_id AND t.id = ci.movie_id AND t.id = mk.movie_id AND t.id = cc.movie_id AND mc.movie_id = ci.movie_id AND mc.movie_id = mi.movie_id AND mc.movie_id = mk.movie_id AND mc.movie_id = cc.movie_id AND mi.movie_id = ci.movie_id AND mi.movie_id = mk.movie_id AND mi.movie_id = cc.movie_id AND ci.movie_id = mk.movie_id AND ci.movie_id = cc.movie_id AND mk.movie_id = cc.movie_id AND cn.id = mc.company_id AND it.id = mi.info_type_id AND n.id = ci.person_id AND rt.id = ci.role_id AND n.id = an.person_id AND ci.person_id = an.person_id AND chn.id = ci.person_role_id AND n.id = pi.person_id AND ci.person_id = pi.person_id AND it3.id = pi.info_type_id AND k.id = mk.keyword_id AND cct1.id = cc.subject_id AND cct2.id = cc.status_id;",
    "results": [
        {
            "arm": 0,
            "execution_time": 114.166,
            "plan": [
                {
                    "Plan": {
                        "Node Type": "Aggregate",
                        "Strategy": "Plain",
                        "Partial Mode": "Simple",
                        "Parallel Aware": false,
                        "Async Capable": false,
                        "Startup Cost": 4105.12,
                        "Total Cost": 4105.13,
                        "Plan Rows": 1,
                        "Plan Width": 96,
                        "Actual Startup Time": 114.068,
                        "Actual Total Time": 114.074,
                        "Actual Rows": 1,
                        "Actual Loops": 1,
                        "Plans": [
                            {
                                "Node Type": "Nested Loop",
                                "Parent Relationship": "Outer",
                                "Parallel Aware": false,
                                "Async Capable": false,
                                "Join Type": "Inner",
                                "Startup Cost": 4.72,
                                "Total Cost": 4105.11,
                                "Plan Rows": 1,
                                "Plan Width": 48,
                                "Actual Startup Time": 12.216,
                                "Actual Total Time": 113.953,
                                "Actual Rows": 1620,
                                "Actual Loops": 1,
                                "Inner Unique": true,
                                "Join Filter": "(ci.role_id = rt.id)",
                                "Rows Removed by Join Filter": 0,
                                "Plans": [
                                    {
                                        "Node Type": "Nested Loop",
                                        "Parent Relationship": "Outer",
                                        "Parallel Aware": false,
                                        "Async Capable": false,
                                        "Join Type": "Inner",
                                        "Startup Cost": 4.72,
                                        "Total Cost": 4103.95,
                                        "Plan Rows": 1,
                                        "Plan Width": 52,
                                        "Actual Startup Time": 12.212,
                                        "Actual Total Time": 113.375,
                                        "Actual Rows": 1620,
                                        "Actual Loops": 1,
                                        "Inner Unique": true,
                                        "Join Filter": "(it3.id = pi.info_type_id)",
                                        "Rows Removed by Join Filter": 3270,
                                        "Plans": [
                                            {
                                                "Node Type": "Nested Loop",
                                                "Parent Relationship": "Outer",
                                                "Parallel Aware": false,
                                                "Async Capable": false,
                                                "Join Type": "Inner",
                                                "Startup Cost": 4.72,
                                                "Total Cost": 4101.52,
                                                "Plan Rows": 1,
                                                "Plan Width": 56,
                                                "Actual Startup Time": 11.495,
                                                "Actual Total Time": 102.558,
                                                "Actual Rows": 4890,
                                                "Actual Loops": 1,
                                                "Inner Unique": true,
                                                "Join Filter": "(ci.person_id = n.id)",
                                                "Rows Removed by Join Filter": 0,
                                                "Plans": [
                                                    {
                                                        "Node Type": "Nested Loop",
                                                        "Parent Relationship": "Outer",
                                                        "Parallel Aware": false,
                                                        "Async Capable": false,
                                                        "Join Type": "Inner",
                                                        "Startup Cost": 4.29,
                                                        "Total Cost": 4099.29,
                                                        "Plan Rows": 1,
                                                        "Plan Width": 53,
                                                        "Actual Startup Time": 11.478,
                                                        "Actual Total Time": 99.491,
                                                        "Actual Rows": 4890,
                                                        "Actual Loops": 1,
                                                        "Inner Unique": true,
                                                        "Join Filter": "(it.id = mi.info_type_id)",
                                                        "Rows Removed by Join Filter": 0,
                                                        "Plans": [
                                                            {
                                                                "Node Type": "Nested Loop",
                                                                "Parent Relationship": "Outer",
                                                                "Parallel Aware": false,
                                                                "Async Capable": false,
                                                                "Join Type": "Inner",
                                                                "Startup Cost": 4.29,
                                                                "Total Cost": 4096.86,
                                                                "Plan Rows": 1,
                                                                "Plan Width": 57,
                                                                "Actual Startup Time": 11.474,
                                                                "Actual Total Time": 94.521,
                                                                "Actual Rows": 4890,
                                                                "Actual Loops": 1,
                                                                "Inner Unique": false,
                                                                "Join Filter": "(mi.movie_id = t.id)",
                                                                "Rows Removed by Join Filter": 0,
                                                                "Plans": [
                                                                    {
                                                                        "Node Type": "Nested Loop",
                                                                        "Parent Relationship": "Outer",
                                                                        "Parallel Aware": false,
                                                                        "Async Capable": false,
                                                                        "Join Type": "Inner",
                                                                        "Startup Cost": 3.86,
                                                                        "Total Cost": 4057.71,
                                                                        "Plan Rows": 1,
                                                                        "Plan Width": 73,
                                                                        "Actual Startup Time": 11.458,
                                                                        "Actual Total Time": 28.924,
                                                                        "Actual Rows": 2445,
                                                                        "Actual Loops": 1,
                                                                        "Inner Unique": true,
                                                                        "Plans": [
                                                                            {
                                                                                "Node Type": "Nested Loop",
                                                                                "Parent Relationship": "Outer",
                                                                                "Parallel Aware": false,
                                                                                "Async Capable": false,
                                                                                "Join Type": "Inner",
                                                                                "Startup Cost": 3.44,
                                                                                "Total Cost": 4055.68,
                                                                                "Plan Rows": 1,
                                                                                "Plan Width": 77,
                                                                                "Actual Startup Time": 11.449,
                                                                                "Actual Total Time": 22.405,
                                                                                "Actual Rows": 10758,
                                                                                "Actual Loops": 1,
                                                                                "Inner Unique": false,
                                                                                "Join Filter": "(mc.movie_id = t.id)",
                                                                                "Rows Removed by Join Filter": 0,
                                                                                "Plans": [
                                                                                    {
                                                                                        "Node Type": "Nested Loop",
                                                                                        "Parent Relationship": "Outer",
                                                                                        "Parallel Aware": false,
                                                                                        "Async Capable": false,
                                                                                        "Join Type": "Inner",
                                                                                        "Startup Cost": 3.01,
                                                                                        "Total Cost": 4050.83,
                                                                                        "Plan Rows": 1,
                                                                                        "Plan Width": 69,
                                                                                        "Actual Startup Time": 11.435,
                                                                                        "Actual Total Time": 20.93,
                                                                                        "Actual Rows": 489,
                                                                                        "Actual Loops": 1,
                                                                                        "Inner Unique": true,
                                                                                        "Plans": [
                                                                                            {
                                                                                                "Node Type": "Nested Loop",
                                                                                                "Parent Relationship": "Outer",
                                                                                                "Parallel Aware": false,
                                                                                                "Async Capable": false,
                                                                                                "Join Type": "Inner",
                                                                                                "Startup Cost": 2.58,
                                                                                                "Total Cost": 4046.74,
                                                                                                "Plan Rows": 1,
                                                                                                "Plan Width": 57,
                                                                                                "Actual Startup Time": 1.93,
                                                                                                "Actual Total Time": 17.044,
                                                                                                "Actual Rows": 6872,
                                                                                                "Actual Loops": 1,
                                                                                                "Inner Unique": true,
                                                                                                "Join Filter": "(cc.status_id = cct2.id)",
                                                                                                "Rows Removed by Join Filter": 0,
                                                                                                "Plans": [
                                                                                                    {
                                                                                                        "Node Type": "Nested Loop",
                                                                                                        "Parent Relationship": "Outer",
                                                                                                        "Parallel Aware": false,
                                                                                                        "Async Capable": false,
                                                                                                        "Join Type": "Inner",
                                                                                                        "Startup Cost": 2.58,
                                                                                                        "Total Cost": 4045.68,
                                                                                                        "Plan Rows": 1,
                                                                                                        "Plan Width": 61,
                                                                                                        "Actual Startup Time": 1.929,
                                                                                                        "Actual Total Time": 14.887,
                                                                                                        "Actual Rows": 6872,
                                                                                                        "Actual Loops": 1,
                                                                                                        "Inner Unique": true,
                                                                                                        "Join Filter": "(cc.subject_id = cct1.id)",
                                                                                                        "Rows Removed by Join Filter": 0,
                                                                                                        "Plans": [
                                                                                                            {
                                                                                                                "Node Type": "Nested Loop",
                                                                                                                "Parent Relationship": "Outer",
                                                                                                                "Parallel Aware": false,
                                                                                                                "Async Capable": false,
                                                                                                                "Join Type": "Inner",
                                                                                                                "Startup Cost": 2.58,
                                                                                                                "Total Cost": 4044.62,
                                                                                                                "Plan Rows": 1,
                                                                                                                "Plan Width": 65,
                                                                                                                "Actual Startup Time": 1.924,
                                                                                                                "Actual Total Time": 12.902,
                                                                                                                "Actual Rows": 6872,
                                                                                                                "Actual Loops": 1,
                                                                                                                "Inner Unique": false,
                                                                                                                "Join Filter": "(cc.movie_id = t.id)",
                                                                                                                "Rows Removed by Join Filter": 0,
                                                                                                                "Plans": [
                                                                                                                    {
                                                                                                                        "Node Type": "Nested Loop",
                                                                                                                        "Parent Relationship": "Outer",
                                                                                                                        "Parallel Aware": false,
                                                                                                                        "Async Capable": false,
                                                                                                                        "Join Type": "Inner",
                                                                                                                        "Startup Cost": 2.16,
                                                                                                                        "Total Cost": 4041.81,
                                                                                                                        "Plan Rows": 1,
                                                                                                                        "Plan Width": 53,
                                                                                                                        "Actual Startup Time": 1.91,
                                                                                                                        "Actual Total Time": 9.041,
                                                                                                                        "Actual Rows": 6872,
                                                                                                                        "Actual Loops": 1,
                                                                                                                        "Inner Unique": false,
                                                                                                                        "Join Filter": "(an.person_id = ci.person_id)",
                                                                                                                        "Rows Removed by Join Filter": 0,
                                                                                                                        "Plans": [
                                                                                                                            {
                                                                                                                                "Node Type": "Nested Loop",
                                                                                                                                "Parent Relationship": "Outer",
                                                                                                                                "Parallel Aware": false,
                                                                                                                                "Async Capable": false,
                                                                                                                                "Join Type": "Inner",
                                                                                                                                "Startup Cost": 1.73,
                                                                                                                                "Total Cost": 4038.91,
                                                                                                                                "Plan Rows": 1,
                                                                                                                                "Plan Width": 49,
                                                                                                                                "Actual Startup Time": 1.864,
                                                                                                                                "Actual Total Time": 7.201,
                                                                                                                                "Actual Rows": 1667,
                                                                                                                                "Actual Loops": 1,
                                                                                                                                "Inner Unique": false,
                                                                                                                                "Plans": [
                                                                                                                                    {
                                                                                                                                        "Node Type": "Nested Loop",
                                                                                                                                        "Parent Relationship": "Outer",
                                                                                                                                        "Parallel Aware": false,
                                                                                                                                        "Async Capable": false,
                                                                                                                                        "Join Type": "Inner",
                                                                                                                                        "Startup Cost": 1.3,
                                                                                                                                        "Total Cost": 4019.44,
                                                                                                                                        "Plan Rows": 1,
                                                                                                                                        "Plan Width": 41,
                                                                                                                                        "Actual Startup Time": 1.851,
                                                                                                                                        "Actual Total Time": 6.84,
                                                                                                                                        "Actual Rows": 38,
                                                                                                                                        "Actual Loops": 1,
                                                                                                                                        "Inner Unique": false,
                                                                                                                                        "Join Filter": "(ci.movie_id = t.id)",
                                                                                                                                        "Rows Removed by Join Filter": 0,
                                                                                                                                        "Plans": [
                                                                                                                                            {
                                                                                                                                                "Node Type": "Nested Loop",
                                                                                                                                                "Parent Relationship": "Outer",
                                                                                                                                                "Parallel Aware": false,
                                                                                                                                                "Async Capable": false,
                                                                                                                                                "Join Type": "Inner",
                                                                                                                                                "Startup Cost": 0.86,
                                                                                                                                                "Total Cost": 3978.65,
                                                                                                                                                "Plan Rows": 1,
                                                                                                                                                "Plan Width": 25,
                                                                                                                                                "Actual Startup Time": 1.837,
                                                                                                                                                "Actual Total Time": 6.634,
                                                                                                                                                "Actual Rows": 1,
                                                                                                                                                "Actual Loops": 1,
                                                                                                                                                "Inner Unique": true,
                                                                                                                                                "Plans": [
                                                                                                                                                    {
                                                                                                                                                        "Node Type": "Nested Loop",
                                                                                                                                                        "Parent Relationship": "Outer",
                                                                                                                                                        "Parallel Aware": false,
                                                                                                                                                        "Async Capable": false,
                                                                                                                                                        "Join Type": "Inner",
                                                                                                                                                        "Startup Cost": 0.43,
                                                                                                                                                        "Total Cost": 3905.45,
                                                                                                                                                        "Plan Rows": 34,
                                                                                                                                                        "Plan Width": 4,
                                                                                                                                                        "Actual Startup Time": 0.055,
                                                                                                                                                        "Actual Total Time": 5.148,
                                                                                                                                                        "Actual Rows": 414,
                                                                                                                                                        "Actual Loops": 1,
                                                                                                                                                        "Inner Unique": false,
                                                                                                                                                        "Plans": [
                                                                                                                                                            {
                                                                                                                                                                "Node Type": "Seq Scan",
                                                                                                                                                                "Parent Relationship": "Outer",
                                                                                                                                                                "Parallel Aware": false,
                                                                                                                                                                "Async Capable": false,
                                                                                                                                                                "Relation Name": "keyword",
                                                                                                                                                                "Alias": "k",
                                                                                                                                                                "Startup Cost": 0.0,
                                                                                                                                                                "Total Cost": 2685.12,
                                                                                                                                                                "Plan Rows": 1,
                                                                                                                                                                "Plan Width": 4,
                                                                                                                                                                "Actual Startup Time": 0.033,
                                                                                                                                                                "Actual Total Time": 4.413,
                                                                                                                                                                "Actual Rows": 1,
                                                                                                                                                                "Actual Loops": 1,
                                                                                                                                                                "Filter": "(keyword = 'computer-animation'::text)",
                                                                                                                                                                "Rows Removed by Filter": 134169
                                                                                                                                                            },
                                                                                                                                                            {
                                                                                                                                                                "Node Type": "Index Scan",
                                                                                                                                                                "Parent Relationship": "Inner",
                                                                                                                                                                "Parallel Aware": false,
                                                                                                                                                                "Async Capable": false,
                                                                                                                                                                "Scan Direction": "Forward",
                                                                                                                                                                "Index Name": "keyword_id_movie_keyword",
                                                                                                                                                                "Relation Name": "movie_keyword",
                                                                                                                                                                "Alias": "mk",
                                                                                                                                                                "Startup Cost": 0.43,
                                                                                                                                                                "Total Cost": 1217.3,
                                                                                                                                                                "Plan Rows": 303,
                                                                                                                                                                "Plan Width": 8,
                                                                                                                                                                "Actual Startup Time": 0.021,
                                                                                                                                                                "Actual Total Time": 0.714,
                                                                                                                                                                "Actual Rows": 414,
                                                                                                                                                                "Actual Loops": 1,
                                                                                                                                                                "Index Cond": "(keyword_id = k.id)",
                                                                                                                                                                "Rows Removed by Index Recheck": 0
                                                                                                                                                            }
                                                                                                                                                        ]
                                                                                                                                                    },
                                                                                                                                                    {
                                                                                                                                                        "Node Type": "Index Scan",
                                                                                                                                                        "Parent Relationship": "Inner",
                                                                                                                                                        "Parallel Aware": false,
                                                                                                                                                        "Async Capable": false,
                                                                                                                                                        "Scan Direction": "Forward",
                                                                                                                                                        "Index Name": "title_pkey",
                                                                                                                                                        "Relation Name": "title",
                                                                                                                                                        "Alias": "t",
                                                                                                                                                        "Startup Cost": 0.43,
                                                                                                                                                        "Total Cost": 2.14,
                                                                                                                                                        "Plan Rows": 1,
                                                                                                                                                        "Plan Width": 21,
                                                                                                                                                        "Actual Startup Time": 0.004,
                                                                                                                                                        "Actual Total Time": 0.004,
                                                                                                                                                        "Actual Rows": 0,
                                                                                                                                                        "Actual Loops": 414,
                                                                                                                                                        "Index Cond": "(id = mk.movie_id)",
                                                                                                                                                        "Rows Removed by Index Recheck": 0,
                                                                                                                                                        "Filter": "((production_year >= 2000) AND (production_year <= 2010) AND (title = 'Shrek 2'::text))",
                                                                                                                                                        "Rows Removed by Filter": 1
                                                                                                                                                    }
                                                                                                                                                ]
                                                                                                                                            },
                                                                                                                                            {
                                                                                                                                                "Node Type": "Index Scan",
                                                                                                                                                "Parent Relationship": "Inner",
                                                                                                                                                "Parallel Aware": false,
                                                                                                                                                "Async Capable": false,
                                                                                                                                                "Scan Direction": "Forward",
                                                                                                                                                "Index Name": "movie_id_cast_info",
                                                                                                                                                "Relation Name": "cast_info",
                                                                                                                                                "Alias": "ci",
                                                                                                                                                "Startup Cost": 0.44,
                                                                                                                                                "Total Cost": 40.78,
                                                                                                                                                "Plan Rows": 1,
                                                                                                                                                "Plan Width": 16,
                                                                                                                                                "Actual Startup Time": 0.012,
                                                                                                                                                "Actual Total Time": 0.202,
                                                                                                                                                "Actual Rows": 38,
                                                                                                                                                "Actual Loops": 1,
                                                                                                                                                "Index Cond": "(movie_id = mk.movie_id)",
                                                                                                                                                "Rows Removed by Index Recheck": 0,
                                                                                                                                                "Filter": "(note = ANY ('{(voice),\"(voice) (uncredited)\",\"(voice: English version)\"}'::text[]))",
                                                                                                                                                "Rows Removed by Filter": 191
                                                                                                                                            }
                                                                                                                                        ]
                                                                                                                                    },
                                                                                                                                    {
                                                                                                                                        "Node Type": "Index Scan",
                                                                                                                                        "Parent Relationship": "Inner",
                                                                                                                                        "Parallel Aware": false,
                                                                                                                                        "Async Capable": false,
                                                                                                                                        "Scan Direction": "Forward",
                                                                                                                                        "Index Name": "person_id_person_info",
                                                                                                                                        "Relation Name": "person_info",
                                                                                                                                        "Alias": "pi",
                                                                                                                                        "Startup Cost": 0.43,
                                                                                                                                        "Total Cost": 19.23,
                                                                                                                                        "Plan Rows": 25,
                                                                                                                                        "Plan Width": 8,
                                                                                                                                        "Actual Startup Time": 0.004,
                                                                                                                                        "Actual Total Time": 0.007,
                                                                                                                                        "Actual Rows": 44,
                                                                                                                                        "Actual Loops": 38,
                                                                                                                                        "Index Cond": "(person_id = ci.person_id)",
                                                                                                                                        "Rows Removed by Index Recheck": 0
                                                                                                                                    }
                                                                                                                                ]
                                                                                                                            },
                                                                                                                            {
                                                                                                                                "Node Type": "Index Only Scan",
                                                                                                                                "Parent Relationship": "Inner",
                                                                                                                                "Parallel Aware": false,
                                                                                                                                "Async Capable": false,
                                                                                                                                "Scan Direction": "Forward",
                                                                                                                                "Index Name": "person_id_aka_name",
                                                                                                                                "Relation Name": "aka_name",
                                                                                                                                "Alias": "an",
                                                                                                                                "Startup Cost": 0.42,
                                                                                                                                "Total Cost": 2.87,
                                                                                                                                "Plan Rows": 2,
                                                                                                                                "Plan Width": 4,
                                                                                                                                "Actual Startup Time": 0.001,
                                                                                                                                "Actual Total Time": 0.001,
                                                                                                                                "Actual Rows": 4,
                                                                                                                                "Actual Loops": 1667,
                                                                                                                                "Index Cond": "(person_id = pi.person_id)",
                                                                                                                                "Rows Removed by Index Recheck": 0,
                                                                                                                                "Heap Fetches": 6872
                                                                                                                            }
                                                                                                                        ]
                                                                                                                    },
                                                                                                                    {
                                                                                                                        "Node Type": "Index Scan",
                                                                                                                        "Parent Relationship": "Inner",
                                                                                                                        "Parallel Aware": false,
                                                                                                                        "Async Capable": false,
                                                                                                                        "Scan Direction": "Forward",
                                                                                                                        "Index Name": "movie_id_complete_cast",
                                                                                                                        "Relation Name": "complete_cast",
                                                                                                                        "Alias": "cc",
                                                                                                                        "Startup Cost": 0.42,
                                                                                                                        "Total Cost": 2.78,
                                                                                                                        "Plan Rows": 2,
                                                                                                                        "Plan Width": 12,
                                                                                                                        "Actual Startup Time": 0.0,
                                                                                                                        "Actual Total Time": 0.0,
                                                                                                                        "Actual Rows": 1,
                                                                                                                        "Actual Loops": 6872,
                                                                                                                        "Index Cond": "(movie_id = mk.movie_id)",
                                                                                                                        "Rows Removed by Index Recheck": 0
                                                                                                                    }
                                                                                                                ]
                                                                                                            },
                                                                                                            {
                                                                                                                "Node Type": "Seq Scan",
                                                                                                                "Parent Relationship": "Inner",
                                                                                                                "Parallel Aware": false,
                                                                                                                "Async Capable": false,
                                                                                                                "Relation Name": "comp_cast_type",
                                                                                                                "Alias": "cct1",
                                                                                                                "Startup Cost": 0.0,
                                                                                                                "Total Cost": 1.05,
                                                                                                                "Plan Rows": 1,
                                                                                                                "Plan Width": 4,
                                                                                                                "Actual Startup Time": 0.0,
                                                                                                                "Actual Total Time": 0.0,
                                                                                                                "Actual Rows": 1,
                                                                                                                "Actual Loops": 6872,
                                                                                                                "Filter": "((kind)::text = 'cast'::text)",
                                                                                                                "Rows Removed by Filter": 0
                                                                                                            }
                                                                                                        ]
                                                                                                    },
                                                                                                    {
                                                                                                        "Node Type": "Seq Scan",
                                                                                                        "Parent Relationship": "Inner",
                                                                                                        "Parallel Aware": false,
                                                                                                        "Async Capable": false,
                                                                                                        "Relation Name": "comp_cast_type",
                                                                                                        "Alias": "cct2",
                                                                                                        "Startup Cost": 0.0,
                                                                                                        "Total Cost": 1.05,
                                                                                                        "Plan Rows": 1,
                                                                                                        "Plan Width": 4,
                                                                                                        "Actual Startup Time": 0.0,
                                                                                                        "Actual Total Time": 0.0,
                                                                                                        "Actual Rows": 1,
                                                                                                        "Actual Loops": 6872,
                                                                                                        "Filter": "((kind)::text = 'complete+verified'::text)",
                                                                                                        "Rows Removed by Filter": 3
                                                                                                    }
                                                                                                ]
                                                                                            },
                                                                                            {
                                                                                                "Node Type": "Index Scan",
                                                                                                "Parent Relationship": "Inner",
                                                                                                "Parallel Aware": false,
                                                                                                "Async Capable": false,
                                                                                                "Scan Direction": "Forward",
                                                                                                "Index Name": "char_name_pkey",
                                                                                                "Relation Name": "char_name",
                                                                                                "Alias": "chn",
                                                                                                "Startup Cost": 0.43,
                                                                                                "Total Cost": 2.26,
                                                                                                "Plan Rows": 1,
                                                                                                "Plan Width": 20,
                                                                                                "Actual Startup Time": 0.0,
                                                                                                "Actual Total Time": 0.0,
                                                                                                "Actual Rows": 0,
                                                                                                "Actual Loops": 6872,
                                                                                                "Index Cond": "(id = ci.person_role_id)",
                                                                                                "Rows Removed by Index Recheck": 0,
                                                                                                "Filter": "(name = 'Queen'::text)",
                                                                                                "Rows Removed by Filter": 1
                                                                                            }
                                                                                        ]
                                                                                    },
                                                                                    {
                                                                                        "Node Type": "Index Scan",
                                                                                        "Parent Relationship": "Inner",
                                                                                        "Parallel Aware": false,
                                                                                        "Async Capable": false,
                                                                                        "Scan Direction": "Forward",
                                                                                        "Index Name": "movie_id_movie_companies",
                                                                                        "Relation Name": "movie_companies",
                                                                                        "Alias": "mc",
                                                                                        "Startup Cost": 0.43,
                                                                                        "Total Cost": 4.79,
                                                                                        "Plan Rows": 5,
                                                                                        "Plan Width": 8,
                                                                                        "Actual Startup Time": 0.001,
                                                                                        "Actual Total Time": 0.002,
                                                                                        "Actual Rows": 22,
                                                                                        "Actual Loops": 489,
                                                                                        "Index Cond": "(movie_id = mk.movie_id)",
                                                                                        "Rows Removed by Index Recheck": 0
                                                                                    }
                                                                                ]
                                                                            },
                                                                            {
                                                                                "Node Type": "Index Scan",
                                                                                "Parent Relationship": "Inner",
                                                                                "Parallel Aware": false,
                                                                                "Async Capable": false,
                                                                                "Scan Direction": "Forward",
                                                                                "Index Name": "company_name_pkey",
                                                                                "Relation Name": "company_name",
                                                                                "Alias": "cn",
                                                                                "Startup Cost": 0.42,
                                                                                "Total Cost": 2.03,
                                                                                "Plan Rows": 1,
                                                                                "Plan Width": 4,
                                                                                "Actual Startup Time": 0.001,
                                                                                "Actual Total Time": 0.001,
                                                                                "Actual Rows": 0,
                                                                                "Actual Loops": 10758,
                                                                                "Index Cond": "(id = mc.company_id)",
                                                                                "Rows Removed by Index Recheck": 0,
                                                                                "Filter": "((country_code)::text = '[us]'::text)",
                                                                                "Rows Removed by Filter": 1
                                                                            }
                                                                        ]
                                                                    },
                                                                    {
                                                                        "Node Type": "Index Scan",
                                                                        "Parent Relationship": "Inner",
                                                                        "Parallel Aware": false,
                                                                        "Async Capable": false,
                                                                        "Scan Direction": "Forward",
                                                                        "Index Name": "movie_id_movie_info",
                                                                        "Relation Name": "movie_info",
                                                                        "Alias": "mi",
                                                                        "Startup Cost": 0.43,
                                                                        "Total Cost": 39.14,
                                                                        "Plan Rows": 1,
                                                                        "Plan Width": 8,
                                                                        "Actual Startup Time": 0.002,
                                                                        "Actual Total Time": 0.027,
                                                                        "Actual Rows": 2,
                                                                        "Actual Loops": 2445,
                                                                        "Index Cond": "(movie_id = mk.movie_id)",
                                                                        "Rows Removed by Index Recheck": 0,
                                                                        "Filter": "((info IS NOT NULL) AND ((info ~~ 'Japan:%200%'::text) OR (info ~~ 'USA:%200%'::text)))",
                                                                        "Rows Removed by Filter": 455
                                                                    }
                                                                ]
                                                            },
                                                            {
                                                                "Node Type": "Seq Scan",
                                                                "Parent Relationship": "Inner",
                                                                "Parallel Aware": false,
                                                                "Async Capable": false,
                                                                "Relation Name": "info_type",
                                                                "Alias": "it",
                                                                "Startup Cost": 0.0,
                                                                "Total Cost": 2.41,
                                                                "Plan Rows": 1,
                                                                "Plan Width": 4,
                                                                "Actual Startup Time": 0.001,
                                                                "Actual Total Time": 0.001,
                                                                "Actual Rows": 1,
                                                                "Actual Loops": 4890,
                                                                "Filter": "((info)::text = 'release dates'::text)",
                                                                "Rows Removed by Filter": 15
                                                            }
                                                        ]
                                                    },
                                                    {
                                                        "Node Type": "Index Scan",
                                                        "Parent Relationship": "Inner",
                                                        "Parallel Aware": false,
                                                        "Async Capable": false,
                                                        "Scan Direction": "Forward",
                                                        "Index Name": "name_pkey",
                                                        "Relation Name": "name",
                                                        "Alias": "n",
                                                        "Startup Cost": 0.43,
                                                        "Total Cost": 2.22,
                                                        "Plan Rows": 1,
                                                        "Plan Width": 19,
                                                        "Actual Startup Time": 0.0,
                                                        "Actual Total Time": 0.0,
                                                        "Actual Rows": 1,
                                                        "Actual Loops": 4890,
                                                        "Index Cond": "(id = pi.person_id)",
                                                        "Rows Removed by Index Recheck": 0,
                                                        "Filter": "((name ~~ '%An%'::text) AND ((gender)::text = 'f'::text))",
                                                        "Rows Removed by Filter": 0
                                                    }
                                                ]
                                            },
                                            {
                                                "Node Type": "Seq Scan",
                                                "Parent Relationship": "Inner",
                                                "Parallel Aware": false,
                                                "Async Capable": false,
                                                "Relation Name": "info_type",
                                                "Alias": "it3",
                                                "Startup Cost": 0.0,
                                                "Total Cost": 2.41,
                                                "Plan Rows": 1,
                                                "Plan Width": 4,
                                                "Actual Startup Time": 0.001,
                                                "Actual Total Time": 0.002,
                                                "Actual Rows": 1,
                                                "Actual Loops": 4890,
                                                "Filter": "((info)::text = 'trivia'::text)",
                                                "Rows Removed by Filter": 80
                                            }
                                        ]
                                    },
                                    {
                                        "Node Type": "Seq Scan",
                                        "Parent Relationship": "Inner",
                                        "Parallel Aware": false,
                                        "Async Capable": false,
                                        "Relation Name": "role_type",
                                        "Alias": "rt",
                                        "Startup Cost": 0.0,
                                        "Total Cost": 1.15,
                                        "Plan Rows": 1,
                                        "Plan Width": 4,
                                        "Actual Startup Time": 0.0,
                                        "Actual Total Time": 0.0,
                                        "Actual Rows": 1,
                                        "Actual Loops": 1620,
                                        "Filter": "((role)::text = 'actress'::text)",
                                        "Rows Removed by Filter": 1
                                    }
                                ]
                            }
                        ]
                    },
                    "Planning Time": 850.881,
                    "Triggers": [],
                    "Execution Time": 114.166
                }
            ],
            "hints": [
                "SET enable_hashjoin TO on",
                "SET enable_indexonlyscan TO on",
                "SET enable_indexscan TO on",
                "SET enable_mergejoin TO on",
                "SET enable_nestloop TO on",
                "SET enable_seqscan TO on"
            ]
        },
        {
            "arm": 1,
            "execution_time": 2012.033,
            "plan": [
                {
                    "Plan": {
                        "Node Type": "Aggregate",
                        "Strategy": "Plain",
                        "Partial Mode": "Finalize",
                        "Parallel Aware": false,
                        "Async Capable": false,
                        "Startup Cost": 866659.33,
                        "Total Cost": 866659.34,
                        "Plan Rows": 1,
                        "Plan Width": 96,
                        "Actual Startup Time": 1977.829,
                        "Actual Total Time": 2011.927,
                        "Actual Rows": 1,
                        "Actual Loops": 1,
                        "Plans": [
                            {
                                "Node Type": "Gather",
                                "Parent Relationship": "Outer",
                                "Parallel Aware": false,
                                "Async Capable": false,
                                "Startup Cost": 866659.21,
                                "Total Cost": 866659.32,
                                "Plan Rows": 1,
                                "Plan Width": 96,
                                "Actual Startup Time": 1977.551,
                                "Actual Total Time": 2011.922,
                                "Actual Rows": 2,
                                "Actual Loops": 1,
                                "Workers Planned": 1,
                                "Workers Launched": 1,
                                "Single Copy": false,
                                "Plans": [
                                    {
                                        "Node Type": "Aggregate",
                                        "Strategy": "Plain",
                                        "Partial Mode": "Partial",
                                        "Parent Relationship": "Outer",
                                        "Parallel Aware": false,
                                        "Async Capable": false,
                                        "Startup Cost": 865659.21,
                                        "Total Cost": 865659.22,
                                        "Plan Rows": 1,
                                        "Plan Width": 96,
                                        "Actual Startup Time": 1975.978,
                                        "Actual Total Time": 1975.999,
                                        "Actual Rows": 1,
                                        "Actual Loops": 2,
                                        "Workers": [],
                                        "Plans": [
                                            {
                                                "Node Type": "Hash Join",
                                                "Parent Relationship": "Outer",
                                                "Parallel Aware": false,
                                                "Async Capable": false,
                                                "Join Type": "Inner",
                                                "Startup Cost": 860703.89,
                                                "Total Cost": 865659.2,
                                                "Plan Rows": 1,
                                                "Plan Width": 48,
                                                "Actual Startup Time": 1969.285,
                                                "Actual Total Time": 1975.944,
                                                "Actual Rows": 810,
                                                "Actual Loops": 2,
                                                "Inner Unique": true,
                                                "Hash Cond": "(ci.role_id = rt.id)",
                                                "Workers": [],
                                                "Plans": [
                                                    {
                                                        "Node Type": "Hash Join",
                                                        "Parent Relationship": "Outer",
                                                        "Parallel Aware": true,
                                                        "Async Capable": false,
                                                        "Join Type": "Inner",
                                                        "Startup Cost": 860702.73,
                                                        "Total Cost": 865658.04,
                                                        "Plan Rows": 1,
                                                        "Plan Width": 52,
                                                        "Actual Startup Time": 1969.223,
                                                        "Actual Total Time": 1975.833,
                                                        "Actual Rows": 810,
                                                        "Actual Loops": 2,
                                                        "Inner Unique": false,
                                                        "Hash Cond": "(cn.id = mc.company_id)",
                                                        "Workers": [],
                                                        "Plans": [
                                                            {
                                                                "Node Type": "Seq Scan",
                                                                "Parent Relationship": "Outer",
                                                                "Parallel Aware": true,
                                                                "Async Capable": false,
                                                                "Relation Name": "company_name",
                                                                "Alias": "cn",
                                                                "Startup Cost": 0.0,
                                                                "Total Cost": 4767.92,
                                                                "Plan Rows": 49967,
                                                                "Plan Width": 4,
                                                                "Actual Startup Time": 0.008,
                                                                "Actual Total Time": 6.484,
                                                                "Actual Rows": 42422,
                                                                "Actual Loops": 2,
                                                                "Filter": "((country_code)::text = '[us]'::text)",
                                                                "Rows Removed by Filter": 75077,
                                                                "Workers": []
                                                            },
                                                            {
                                                                "Node Type": "Hash",
                                                                "Parent Relationship": "Inner",
                                                                "Parallel Aware": true,
                                                                "Async Capable": false,
                                                                "Startup Cost": 860702.72,
                                                                "Total Cost": 860702.72,
                                                                "Plan Rows": 1,
                                                                "Plan Width": 56,
                                                                "Actual Startup Time": 1967.866,
                                                                "Actual Total Time": 1967.885,
                                                                "Actual Rows": 3564,
                                                                "Actual Loops": 2,
                                                                "Hash Buckets": 8192,
                                                                "Original Hash Buckets": 1024,
                                                                "Hash Batches": 1,
                                                                "Original Hash Batches": 1,
                                                                "Peak Memory Usage": 632,
                                                                "Workers": [],
                                                                "Plans": [
                                                                    {
                                                                        "Node Type": "Hash Join",
                                                                        "Parent Relationship": "Outer",
                                                                        "Parallel Aware": false,
                                                                        "Async Capable": false,
                                                                        "Join Type": "Inner",
                                                                        "Startup Cost": 857759.67,
                                                                        "Total Cost": 860702.72,
                                                                        "Plan Rows": 1,
                                                                        "Plan Width": 56,
                                                                        "Actual Startup Time": 1963.202,
                                                                        "Actual Total Time": 1963.941,
                                                                        "Actual Rows": 3564,
                                                                        "Actual Loops": 2,
                                                                        "Inner Unique": true,
                                                                        "Hash Cond": "(cc.status_id = cct2.id)",
                                                                        "Workers": [],
                                                                        "Plans": [
                                                                            {
                                                                                "Node Type": "Hash Join",
                                                                                "Parent Relationship": "Outer",
                                                                                "Parallel Aware": false,
                                                                                "Async Capable": false,
                                                                                "Join Type": "Inner",
                                                                                "Startup Cost": 857758.61,
                                                                                "Total Cost": 860701.65,
                                                                                "Plan Rows": 1,
                                                                                "Plan Width": 60,
                                                                                "Actual Startup Time": 1963.192,
                                                                                "Actual Total Time": 1963.693,
                                                                                "Actual Rows": 3564,
                                                                                "Actual Loops": 2,
                                                                                "Inner Unique": true,
                                                                                "Hash Cond": "(cc.subject_id = cct1.id)",
                                                                                "Workers": [],
                                                                                "Plans": [
                                                                                    {
                                                                                        "Node Type": "Hash Join",
                                                                                        "Parent Relationship": "Outer",
                                                                                        "Parallel Aware": true,
                                                                                        "Async Capable": false,
                                                                                        "Join Type": "Inner",
                                                                                        "Startup Cost": 857757.54,
                                                                                        "Total Cost": 860700.59,
                                                                                        "Plan Rows": 1,
                                                                                        "Plan Width": 64,
                                                                                        "Actual Startup Time": 1963.186,
                                                                                        "Actual Total Time": 1963.445,
                                                                                        "Actual Rows": 3564,
                                                                                        "Actual Loops": 2,
                                                                                        "Inner Unique": false,
                                                                                        "Hash Cond": "(cc.movie_id = t.id)",
                                                                                        "Workers": [],
                                                                                        "Plans": [
                                                                                            {
                                                                                                "Node Type": "Index Scan",
                                                                                                "Parent Relationship": "Outer",
                                                                                                "Parallel Aware": true,
                                                                                                "Async Capable": false,
                                                                                                "Scan Direction": "Forward",
                                                                                                "Index Name": "subject_id_complete_cast",
                                                                                                "Relation Name": "complete_cast",
                                                                                                "Alias": "cc",
                                                                                                "Startup Cost": 0.29,
                                                                                                "Total Cost": 2645.35,
                                                                                                "Plan Rows": 79462,
                                                                                                "Plan Width": 12,
                                                                                                "Actual Startup Time": 0.03,
                                                                                                "Actual Total Time": 3.291,
                                                                                                "Actual Rows": 67543,
                                                                                                "Actual Loops": 2,
                                                                                                "Workers": []
                                                                                            },
                                                                                            {
                                                                                                "Node Type": "Hash",
                                                                                                "Parent Relationship": "Inner",
                                                                                                "Parallel Aware": true,
                                                                                                "Async Capable": false,
                                                                                                "Startup Cost": 857757.24,
                                                                                                "Total Cost": 857757.24,
                                                                                                "Plan Rows": 1,
                                                                                                "Plan Width": 76,
                                                                                                "Actual Startup Time": 1957.582,
                                                                                                "Actual Total Time": 1957.599,
                                                                                                "Actual Rows": 3564,
                                                                                                "Actual Loops": 2,
                                                                                                "Hash Buckets": 8192,
                                                                                                "Original Hash Buckets": 1024,
                                                                                                "Hash Batches": 1,
                                                                                                "Original Hash Batches": 1,
                                                                                                "Peak Memory Usage": 792,
                                                                                                "Workers": [],
                                                                                                "Plans": [
                                                                                                    {
                                                                                                        "Node Type": "Hash Join",
                                                                                                        "Parent Relationship": "Outer",
                                                                                                        "Parallel Aware": true,
                                                                                                        "Async Capable": false,
                                                                                                        "Join Type": "Inner",
                                                                                                        "Startup Cost": 842660.23,
                                                                                                        "Total Cost": 857757.24,
                                                                                                        "Plan Rows": 1,
                                                                                                        "Plan Width": 76,
                                                                                                        "Actual Startup Time": 1908.325,
                                                                                                        "Actual Total Time": 1917.323,
                                                                                                        "Actual Rows": 3564,
                                                                                                        "Actual Loops": 2,
                                                                                                        "Inner Unique": false,
                                                                                                        "Hash Cond": "(n.id = ci.person_id)",
                                                                                                        "Workers": [],
                                                                                                        "Plans": [
                                                                                                            {
                                                                                                                "Node Type": "Hash Join",
                                                                                                                "Parent Relationship": "Outer",
                                                                                                                "Parallel Aware": true,
                                                                                                                "Async Capable": false,
                                                                                                                "Join Type": "Inner",
                                                                                                                "Startup Cost": 71406.02,
                                                                                                                "Total Cost": 86492.81,
                                                                                                                "Plan Rows": 2722,
                                                                                                                "Plan Width": 23,
                                                                                                                "Actual Startup Time": 130.945,
                                                                                                                "Actual Total Time": 171.433,
                                                                                                                "Actual Rows": 5262,
                                                                                                                "Actual Loops": 2,
                                                                                                                "Inner Unique": true,
                                                                                                                "Hash Cond": "(an.person_id = n.id)",
                                                                                                                "Workers": [],
                                                                                                                "Plans": [
                                                                                                                    {
                                                                                                                        "Node Type": "Seq Scan",
                                                                                                                        "Parent Relationship": "Outer",
                                                                                                                        "Parallel Aware": true,
                                                                                                                        "Async Capable": false,
                                                                                                                        "Relation Name": "aka_name",
                                                                                                                        "Alias": "an",
                                                                                                                        "Startup Cost": 0.0,
                                                                                                                        "Total Cost": 14323.56,
                                                                                                                        "Plan Rows": 290756,
                                                                                                                        "Plan Width": 4,
                                                                                                                        "Actual Startup Time": 0.009,
                                                                                                                        "Actual Total Time": 19.947,
                                                                                                                        "Actual Rows": 450672,
                                                                                                                        "Actual Loops": 2,
                                                                                                                        "Workers": []
                                                                                                                    },
                                                                                                                    {
                                                                                                                        "Node Type": "Hash",
                                                                                                                        "Parent Relationship": "Inner",
                                                                                                                        "Parallel Aware": true,
                                                                                                                        "Async Capable": false,
                                                                                                                        "Startup Cost": 71284.09,
                                                                                                                        "Total Cost": 71284.09,
                                                                                                                        "Plan Rows": 9754,
                                                                                                                        "Plan Width": 19,
                                                                                                                        "Actual Startup Time": 130.785,
                                                                                                                        "Actual Total Time": 130.785,
                                                                                                                        "Actual Rows": 25006,
                                                                                                                        "Actual Loops": 2,
                                                                                                                        "Hash Buckets": 65536,
                                                                                                                        "Original Hash Buckets": 65536,
                                                                                                                        "Hash Batches": 1,
                                                                                                                        "Original Hash Batches": 1,
                                                                                                                        "Peak Memory Usage": 3264,
                                                                                                                        "Workers": [],
                                                                                                                        "Plans": [
                                                                                                                            {
                                                                                                                                "Node Type": "Seq Scan",
                                                                                                                                "Parent Relationship": "Outer",
                                                                                                                                "Parallel Aware": true,
                                                                                                                                "Async Capable": false,
                                                                                                                                "Relation Name": "name",
                                                                                                                                "Alias": "n",
                                                                                                                                "Startup Cost": 0.0,
                                                                                                                                "Total Cost": 71284.09,
                                                                                                                                "Plan Rows": 9754,
                                                                                                                                "Plan Width": 19,
                                                                                                                                "Actual Startup Time": 53.95,
                                                                                                                                "Actual Total Time": 128.106,
                                                                                                                                "Actual Rows": 25006,
                                                                                                                                "Actual Loops": 2,
                                                                                                                                "Filter": "((name ~~ '%An%'::text) AND ((gender)::text = 'f'::text))",
                                                                                                                                "Rows Removed by Filter": 2058740,
                                                                                                                                "Workers": []
                                                                                                                            }
                                                                                                                        ]
                                                                                                                    }
                                                                                                                ]
                                                                                                            },
                                                                                                            {
                                                                                                                "Node Type": "Hash",
                                                                                                                "Parent Relationship": "Inner",
                                                                                                                "Parallel Aware": true,
                                                                                                                "Async Capable": false,
                                                                                                                "Startup Cost": 771254.2,
                                                                                                                "Total Cost": 771254.2,
                                                                                                                "Plan Rows": 1,
                                                                                                                "Plan Width": 69,
                                                                                                                "Actual Startup Time": 1745.389,
                                                                                                                "Actual Total Time": 1745.403,
                                                                                                                "Actual Rows": 1188,
                                                                                                                "Actual Loops": 2,
                                                                                                                "Hash Buckets": 4096,
                                                                                                                "Original Hash Buckets": 1024,
                                                                                                                "Hash Batches": 1,
                                                                                                                "Original Hash Batches": 1,
                                                                                                                "Peak Memory Usage": 280,
                                                                                                                "Workers": [],
                                                                                                                "Plans": [
                                                                                                                    {
                                                                                                                        "Node Type": "Hash Join",
                                                                                                                        "Parent Relationship": "Outer",
                                                                                                                        "Parallel Aware": true,
                                                                                                                        "Async Capable": false,
                                                                                                                        "Join Type": "Inner",
                                                                                                                        "Startup Cost": 565036.25,
                                                                                                                        "Total Cost": 771254.2,
                                                                                                                        "Plan Rows": 1,
                                                                                                                        "Plan Width": 69,
                                                                                                                        "Actual Startup Time": 1573.908,
                                                                                                                        "Actual Total Time": 1574.446,
                                                                                                                        "Actual Rows": 1188,
                                                                                                                        "Actual Loops": 2,
                                                                                                                        "Inner Unique": false,
                                                                                                                        "Hash Cond": "(mi.movie_id = t.id)",
                                                                                                                        "Workers": [],
                                                                                                                        "Plans": [
                                                                                                                            {
                                                                                                                                "Node Type": "Hash Join",
                                                                                                                                "Parent Relationship": "Outer",
                                                                                                                                "Parallel Aware": false,
                                                                                                                                "Async Capable": false,
                                                                                                                                "Join Type": "Inner",
                                                                                                                                "Startup Cost": 2.43,
                                                                                                                                "Total Cost": 206218.83,
                                                                                                                                "Plan Rows": 409,
                                                                                                                                "Plan Width": 4,
                                                                                                                                "Actual Startup Time": 135.008,
                                                                                                                                "Actual Total Time": 390.18,
                                                                                                                                "Actual Rows": 225520,
                                                                                                                                "Actual Loops": 2,
                                                                                                                                "Inner Unique": true,
                                                                                                                                "Hash Cond": "(mi.info_type_id = it.id)",
                                                                                                                                "Workers": [],
                                                                                                                                "Plans": [
                                                                                                                                    {
                                                                                                                                        "Node Type": "Seq Scan",
                                                                                                                                        "Parent Relationship": "Outer",
                                                                                                                                        "Parallel Aware": true,
                                                                                                                                        "Async Capable": false,
                                                                                                                                        "Relation Name": "movie_info",
                                                                                                                                        "Alias": "mi",
                                                                                                                                        "Startup Cost": 0.0,
                                                                                                                                        "Total Cost": 206090.53,
                                                                                                                                        "Plan Rows": 46217,
                                                                                                                                        "Plan Width": 8,
                                                                                                                                        "Actual Startup Time": 77.39,
                                                                                                                                        "Actual Total Time": 376.792,
                                                                                                                                        "Actual Rows": 225552,
                                                                                                                                        "Actual Loops": 2,
                                                                                                                                        "Filter": "((info IS NOT NULL) AND ((info ~~ 'Japan:%200%'::text) OR (info ~~ 'USA:%200%'::text)))",
                                                                                                                                        "Rows Removed by Filter": 7192308,
                                                                                                                                        "Workers": []
                                                                                                                                    },
                                                                                                                                    {
                                                                                                                                        "Node Type": "Hash",
                                                                                                                                        "Parent Relationship": "Inner",
                                                                                                                                        "Parallel Aware": false,
                                                                                                                                        "Async Capable": false,
                                                                                                                                        "Startup Cost": 2.41,
                                                                                                                                        "Total Cost": 2.41,
                                                                                                                                        "Plan Rows": 1,
                                                                                                                                        "Plan Width": 4,
                                                                                                                                        "Actual Startup Time": 0.007,
                                                                                                                                        "Actual Total Time": 0.008,
                                                                                                                                        "Actual Rows": 1,
                                                                                                                                        "Actual Loops": 2,
                                                                                                                                        "Hash Buckets": 1024,
                                                                                                                                        "Original Hash Buckets": 1024,
                                                                                                                                        "Hash Batches": 1,
                                                                                                                                        "Original Hash Batches": 1,
                                                                                                                                        "Peak Memory Usage": 9,
                                                                                                                                        "Workers": [],
                                                                                                                                        "Plans": [
                                                                                                                                            {
                                                                                                                                                "Node Type": "Seq Scan",
                                                                                                                                                "Parent Relationship": "Outer",
                                                                                                                                                "Parallel Aware": false,
                                                                                                                                                "Async Capable": false,
                                                                                                                                                "Relation Name": "info_type",
                                                                                                                                                "Alias": "it",
                                                                                                                                                "Startup Cost": 0.0,
                                                                                                                                                "Total Cost": 2.41,
                                                                                                                                                "Plan Rows": 1,
                                                                                                                                                "Plan Width": 4,
                                                                                                                                                "Actual Startup Time": 0.003,
                                                                                                                                                "Actual Total Time": 0.005,
                                                                                                                                                "Actual Rows": 1,
                                                                                                                                                "Actual Loops": 2,
                                                                                                                                                "Filter": "((info)::text = 'release dates'::text)",
                                                                                                                                                "Rows Removed by Filter": 112,
                                                                                                                                                "Workers": []
                                                                                                                                            }
                                                                                                                                        ]
                                                                                                                                    }
                                                                                                                                ]
                                                                                                                            },
                                                                                                                            {
                                                                                                                                "Node Type": "Hash",
                                                                                                                                "Parent Relationship": "Inner",
                                                                                                                                "Parallel Aware": true,
                                                                                                                                "Async Capable": false,
                                                                                                                                "Startup Cost": 565033.82,
                                                                                                                                "Total Cost": 565033.82,
                                                                                                                                "Plan Rows": 1,
                                                                                                                                "Plan Width": 65,
                                                                                                                                "Actual Startup Time": 1177.418,
                                                                                                                                "Actual Total Time": 1177.429,
                                                                                                                                "Actual Rows": 594,
                                                                                                                                "Actual Loops": 2,
                                                                                                                                "Hash Buckets": 1024,
                                                                                                                                "Original Hash Buckets": 1024,
                                                                                                                                "Hash Batches": 1,
                                                                                                                                "Original Hash Batches": 1,
                                                                                                                                "Peak Memory Usage": 104,
                                                                                                                                "Workers": [],
                                                                                                                                "Plans": [
                                                                                                                                    {
                                                                                                                                        "Node Type": "Hash Join",
                                                                                                                                        "Parent Relationship": "Outer",
                                                                                                                                        "Parallel Aware": true,
                                                                                                                                        "Async Capable": false,
                                                                                                                                        "Join Type": "Inner",
                                                                                                                                        "Startup Cost": 504510.53,
                                                                                                                                        "Total Cost": 565033.82,
                                                                                                                                        "Plan Rows": 1,
                                                                                                                                        "Plan Width": 65,
                                                                                                                                        "Actual Startup Time": 1108.078,
                                                                                                                                        "Actual Total Time": 1177.362,
                                                                                                                                        "Actual Rows": 594,
                                                                                                                                        "Actual Loops": 2,
                                                                                                                                        "Inner Unique": false,
                                                                                                                                        "Hash Cond": "(pi.person_id = ci.person_id)",
                                                                                                                                        "Workers": [],
                                                                                                                                        "Plans": [
                                                                                                                                            {
                                                                                                                                                "Node Type": "Hash Join",
                                                                                                                                                "Parent Relationship": "Outer",
                                                                                                                                                "Parallel Aware": false,
                                                                                                                                                "Async Capable": false,
                                                                                                                                                "Join Type": "Inner",
                                                                                                                                                "Startup Cost": 2.43,
                                                                                                                                                "Total Cost": 60501.14,
                                                                                                                                                "Plan Rows": 6551,
                                                                                                                                                "Plan Width": 4,
                                                                                                                                                "Actual Startup Time": 0.03,
                                                                                                                                                "Actual Total Time": 133.861,
                                                                                                                                                "Actual Rows": 310263,
                                                                                                                                                "Actual Loops": 2,
                                                                                                                                                "Inner Unique": true,
                                                                                                                                                "Hash Cond": "(pi.info_type_id = it3.id)",
                                                                                                                                                "Workers": [],
                                                                                                                                                "Plans": [
                                                                                                                                                    {
                                                                                                                                                        "Node Type": "Seq Scan",
                                                                                                                                                        "Parent Relationship": "Outer",
                                                                                                                                                        "Parallel Aware": true,
                                                                                                                                                        "Async Capable": false,
                                                                                                                                                        "Relation Name": "person_info",
                                                                                                                                                        "Alias": "pi",
                                                                                                                                                        "Startup Cost": 0.0,
                                                                                                                                                        "Total Cost": 58482.64,
                                                                                                                                                        "Plan Rows": 740264,
                                                                                                                                                        "Plan Width": 8,
                                                                                                                                                        "Actual Startup Time": 0.009,
                                                                                                                                                        "Actual Total Time": 79.627,
                                                                                                                                                        "Actual Rows": 1481832,
                                                                                                                                                        "Actual Loops": 2,
                                                                                                                                                        "Workers": []
                                                                                                                                                    },
                                                                                                                                                    {
                                                                                                                                                        "Node Type": "Hash",
                                                                                                                                                        "Parent Relationship": "Inner",
                                                                                                                                                        "Parallel Aware": false,
                                                                                                                                                        "Async Capable": false,
                                                                                                                                                        "Startup Cost": 2.41,
                                                                                                                                                        "Total Cost": 2.41,
                                                                                                                                                        "Plan Rows": 1,
                                                                                                                                                        "Plan Width": 4,
                                                                                                                                                        "Actual Startup Time": 0.012,
                                                                                                                                                        "Actual Total Time": 0.012,
                                                                                                                                                        "Actual Rows": 1,
                                                                                                                                                        "Actual Loops": 2,
                                                                                                                                                        "Hash Buckets": 1024,
                                                                                                                                                        "Original Hash Buckets": 1024,
                                                                                                                                                        "Hash Batches": 1,
                                                                                                                                                        "Original Hash Batches": 1,
                                                                                                                                                        "Peak Memory Usage": 9,
                                                                                                                                                        "Workers": [],
                                                                                                                                                        "Plans": [
                                                                                                                                                            {
                                                                                                                                                                "Node Type": "Seq Scan",
                                                                                                                                                                "Parent Relationship": "Outer",
                                                                                                                                                                "Parallel Aware": false,
                                                                                                                                                                "Async Capable": false,
                                                                                                                                                                "Relation Name": "info_type",
                                                                                                                                                                "Alias": "it3",
                                                                                                                                                                "Startup Cost": 0.0,
                                                                                                                                                                "Total Cost": 2.41,
                                                                                                                                                                "Plan Rows": 1,
                                                                                                                                                                "Plan Width": 4,
                                                                                                                                                                "Actual Startup Time": 0.006,
                                                                                                                                                                "Actual Total Time": 0.008,
                                                                                                                                                                "Actual Rows": 1,
                                                                                                                                                                "Actual Loops": 2,
                                                                                                                                                                "Filter": "((info)::text = 'trivia'::text)",
                                                                                                                                                                "Rows Removed by Filter": 112,
                                                                                                                                                                "Workers": []
                                                                                                                                                            }
                                                                                                                                                        ]
                                                                                                                                                    }
                                                                                                                                                ]
                                                                                                                                            },
                                                                                                                                            {
                                                                                                                                                "Node Type": "Hash",
                                                                                                                                                "Parent Relationship": "Inner",
                                                                                                                                                "Parallel Aware": true,
                                                                                                                                                "Async Capable": false,
                                                                                                                                                "Startup Cost": 504508.09,
                                                                                                                                                "Total Cost": 504508.09,
                                                                                                                                                "Plan Rows": 1,
                                                                                                                                                "Plan Width": 61,
                                                                                                                                                "Actual Startup Time": 1035.288,
                                                                                                                                                "Actual Total Time": 1035.297,
                                                                                                                                                "Actual Rows": 11,
                                                                                                                                                "Actual Loops": 2,
                                                                                                                                                "Hash Buckets": 1024,
                                                                                                                                                "Original Hash Buckets": 1024,
                                                                                                                                                "Hash Batches": 1,
                                                                                                                                                "Original Hash Batches": 1,
                                                                                                                                                "Peak Memory Usage": 40,
                                                                                                                                                "Workers": [],
                                                                                                                                                "Plans": [
                                                                                                                                                    {
                                                                                                                                                        "Node Type": "Hash Join",
                                                                                                                                                        "Parent Relationship": "Outer",
                                                                                                                                                        "Parallel Aware": true,
                                                                                                                                                        "Async Capable": false,
                                                                                                                                                        "Join Type": "Inner",
                                                                                                                                                        "Startup Cost": 461603.85,
                                                                                                                                                        "Total Cost": 504508.09,
                                                                                                                                                        "Plan Rows": 1,
                                                                                                                                                        "Plan Width": 61,
                                                                                                                                                        "Actual Startup Time": 1017.567,
                                                                                                                                                        "Actual Total Time": 1035.283,
                                                                                                                                                        "Actual Rows": 11,
                                                                                                                                                        "Actual Loops": 2,
                                                                                                                                                        "Inner Unique": false,
                                                                                                                                                        "Hash Cond": "(mk.movie_id = t.id)",
                                                                                                                                                        "Workers": [],
                                                                                                                                                        "Plans": [
                                                                                                                                                            {
                                                                                                                                                                "Node Type": "Hash Join",
                                                                                                                                                                "Parent Relationship": "Outer",
                                                                                                                                                                "Parallel Aware": false,
                                                                                                                                                                "Async Capable": false,
                                                                                                                                                                "Join Type": "Inner",
                                                                                                                                                                "Startup Cost": 2685.14,
                                                                                                                                                                "Total Cost": 45589.33,
                                                                                                                                                                "Plan Rows": 11,
                                                                                                                                                                "Plan Width": 4,
                                                                                                                                                                "Actual Startup Time": 5.717,
                                                                                                                                                                "Actual Total Time": 144.931,
                                                                                                                                                                "Actual Rows": 207,
                                                                                                                                                                "Actual Loops": 2,
                                                                                                                                                                "Inner Unique": true,
                                                                                                                                                                "Hash Cond": "(mk.keyword_id = k.id)",
                                                                                                                                                                "Workers": [],
                                                                                                                                                                "Plans": [
                                                                                                                                                                    {
                                                                                                                                                                        "Node Type": "Seq Scan",
                                                                                                                                                                        "Parent Relationship": "Outer",
                                                                                                                                                                        "Parallel Aware": true,
                                                                                                                                                                        "Async Capable": false,
                                                                                                                                                                        "Relation Name": "movie_keyword",
                                                                                                                                                                        "Alias": "mk",
                                                                                                                                                                        "Startup Cost": 0.0,
                                                                                                                                                                        "Total Cost": 39073.32,
                                                                                                                                                                        "Plan Rows": 1459332,
                                                                                                                                                                        "Plan Width": 8,
                                                                                                                                                                        "Actual Startup Time": 0.009,
                                                                                                                                                                        "Actual Total Time": 78.538,
                                                                                                                                                                        "Actual Rows": 2261965,
                                                                                                                                                                        "Actual Loops": 2,
                                                                                                                                                                        "Workers": []
                                                                                                                                                                    },
                                                                                                                                                                    {
                                                                                                                                                                        "Node Type": "Hash",
                                                                                                                                                                        "Parent Relationship": "Inner",
                                                                                                                                                                        "Parallel Aware": false,
                                                                                                                                                                        "Async Capable": false,
                                                                                                                                                                        "Startup Cost": 2685.12,
                                                                                                                                                                        "Total Cost": 2685.12,
                                                                                                                                                                        "Plan Rows": 1,
                                                                                                                                                                        "Plan Width": 4,
                                                                                                                                                                        "Actual Startup Time": 4.525,
                                                                                                                                                                        "Actual Total Time": 4.526,
                                                                                                                                                                        "Actual Rows": 1,
                                                                                                                                                                        "Actual Loops": 2,
                                                                                                                                                                        "Hash Buckets": 1024,
                                                                                                                                                                        "Original Hash Buckets": 1024,
                                                                                                                                                                        "Hash Batches": 1,
                                                                                                                                                                        "Original Hash Batches": 1,
                                                                                                                                                                        "Peak Memory Usage": 9,
                                                                                                                                                                        "Workers": [],
                                                                                                                                                                        "Plans": [
                                                                                                                                                                            {
                                                                                                                                                                                "Node Type": "Seq Scan",
                                                                                                                                                                                "Parent Relationship": "Outer",
                                                                                                                                                                                "Parallel Aware": false,
                                                                                                                                                                                "Async Capable": false,
                                                                                                                                                                                "Relation Name": "keyword",
                                                                                                                                                                                "Alias": "k",
                                                                                                                                                                                "Startup Cost": 0.0,
                                                                                                                                                                                "Total Cost": 2685.12,
                                                                                                                                                                                "Plan Rows": 1,
                                                                                                                                                                                "Plan Width": 4,
                                                                                                                                                                                "Actual Startup Time": 0.019,
                                                                                                                                                                                "Actual Total Time": 4.523,
                                                                                                                                                                                "Actual Rows": 1,
                                                                                                                                                                                "Actual Loops": 2,
                                                                                                                                                                                "Filter": "(keyword = 'computer-animation'::text)",
                                                                                                                                                                                "Rows Removed by Filter": 134169,
                                                                                                                                                                                "Workers": []
                                                                                                                                                                            }
                                                                                                                                                                        ]
                                                                                                                                                                    }
                                                                                                                                                                ]
                                                                                                                                                            },
                                                                                                                                                            {
                                                                                                                                                                "Node Type": "Hash",
                                                                                                                                                                "Parent Relationship": "Inner",
                                                                                                                                                                "Parallel Aware": true,
                                                                                                                                                                "Async Capable": false,
                                                                                                                                                                "Startup Cost": 458918.7,
                                                                                                                                                                "Total Cost": 458918.7,
                                                                                                                                                                "Plan Rows": 1,
                                                                                                                                                                "Plan Width": 57,
                                                                                                                                                                "Actual Startup Time": 890.311,
                                                                                                                                                                "Actual Total Time": 890.316,
                                                                                                                                                                "Actual Rows": 11,
                                                                                                                                                                "Actual Loops": 2,
                                                                                                                                                                "Hash Buckets": 1024,
                                                                                                                                                                "Original Hash Buckets": 1024,
                                                                                                                                                                "Hash Batches": 1,
                                                                                                                                                                "Original Hash Batches": 1,
                                                                                                                                                                "Peak Memory Usage": 40,
                                                                                                                                                                "Workers": [],
                                                                                                                                                                "Plans": [
                                                                                                                                                                    {
                                                                                                                                                                        "Node Type": "Hash Join",
                                                                                                                                                                        "Parent Relationship": "Outer",
                                                                                                                                                                        "Parallel Aware": true,
                                                                                                                                                                        "Async Capable": false,
                                                                                                                                                                        "Join Type": "Inner",
                                                                                                                                                                        "Startup Cost": 429468.79,
                                                                                                                                                                        "Total Cost": 458918.7,
                                                                                                                                                                        "Plan Rows": 1,
                                                                                                                                                                        "Plan Width": 57,
                                                                                                                                                                        "Actual Startup Time": 864.813,
                                                                                                                                                                        "Actual Total Time": 890.298,
                                                                                                                                                                        "Actual Rows": 11,
                                                                                                                                                                        "Actual Loops": 2,
                                                                                                                                                                        "Inner Unique": false,
                                                                                                                                                                        "Hash Cond": "(t.id = ci.movie_id)",
                                                                                                                                                                        "Workers": [],
                                                                                                                                                                        "Plans": [
                                                                                                                                                                            {
                                                                                                                                                                                "Node Type": "Hash Join",
                                                                                                                                                                                "Parent Relationship": "Outer",
                                                                                                                                                                                "Parallel Aware": true,
                                                                                                                                                                                "Async Capable": false,
                                                                                                                                                                                "Join Type": "Inner",
                                                                                                                                                                                "Startup Cost": 47070.44,
                                                                                                                                                                                "Total Cost": 76520.33,
                                                                                                                                                                                "Plan Rows": 2,
                                                                                                                                                                                "Plan Width": 29,
                                                                                                                                                                                "Actual Startup Time": 127.15,
                                                                                                                                                                                "Actual Total Time": 152.631,
                                                                                                                                                                                "Actual Rows": 12,
                                                                                                                                                                                "Actual Loops": 2,
                                                                                                                                                                                "Inner Unique": true,
                                                                                                                                                                                "Hash Cond": "(mc.movie_id = t.id)",
                                                                                                                                                                                "Workers": [],
                                                                                                                                                                                "Plans": [
                                                                                                                                                                                    {
                                                                                                                                                                                        "Node Type": "Seq Scan",
                                                                                                                                                                                        "Parent Relationship": "Outer",
                                                                                                                                                                                        "Parallel Aware": true,
                                                                                                                                                                                        "Async Capable": false,
                                                                                                                                                                                        "Relation Name": "movie_companies",
                                                                                                                                                                                        "Alias": "mc",
                                                                                                                                                                                        "Startup Cost": 0.0,
                                                                                                                                                                                        "Total Cost": 27240.55,
                                                                                                                                                                                        "Plan Rows": 841655,
                                                                                                                                                                                        "Plan Width": 8,
                                                                                                                                                                                        "Actual Startup Time": 0.014,
                                                                                                                                                                                        "Actual Total Time": 48.991,
                                                                                                                                                                                        "Actual Rows": 1304564,
                                                                                                                                                                                        "Actual Loops": 2,
                                                                                                                                                                                        "Workers": []
                                                                                                                                                                                    },
                                                                                                                                                                                    {
                                                                                                                                                                                        "Node Type": "Hash",
                                                                                                                                                                                        "Parent Relationship": "Inner",
                                                                                                                                                                                        "Parallel Aware": true,
                                                                                                                                                                                        "Async Capable": false,
                                                                                                                                                                                        "Startup Cost": 47070.42,
                                                                                                                                                                                        "Total Cost": 47070.42,
                                                                                                                                                                                        "Plan Rows": 2,
                                                                                                                                                                                        "Plan Width": 21,
                                                                                                                                                                                        "Actual Startup Time": 67.349,
                                                                                                                                                                                        "Actual Total Time": 67.35,
                                                                                                                                                                                        "Actual Rows": 2,
                                                                                                                                                                                        "Actual Loops": 2,
                                                                                                                                                                                        "Hash Buckets": 1024,
                                                                                                                                                                                        "Original Hash Buckets": 1024,
                                                                                                                                                                                        "Hash Batches": 1,
                                                                                                                                                                                        "Original Hash Batches": 1,
                                                                                                                                                                                        "Peak Memory Usage": 72,
                                                                                                                                                                                        "Workers": [],
                                                                                                                                                                                        "Plans": [
                                                                                                                                                                                            {
                                                                                                                                                                                                "Node Type": "Seq Scan",
                                                                                                                                                                                                "Parent Relationship": "Outer",
                                                                                                                                                                                                "Parallel Aware": true,
                                                                                                                                                                                                "Async Capable": false,
                                                                                                                                                                                                "Relation Name": "title",
                                                                                                                                                                                                "Alias": "t",
                                                                                                                                                                                                "Startup Cost": 0.0,
                                                                                                                                                                                                "Total Cost": 47070.42,
                                                                                                                                                                                                "Plan Rows": 2,
                                                                                                                                                                                                "Plan Width": 21,
                                                                                                                                                                                                "Actual Startup Time": 31.682,
                                                                                                                                                                                                "Actual Total Time": 67.341,
                                                                                                                                                                                                "Actual Rows": 2,
                                                                                                                                                                                                "Actual Loops": 2,
                                                                                                                                                                                                "Filter": "((production_year >= 2000) AND (production_year <= 2010) AND (title = 'Shrek 2'::text))",
                                                                                                                                                                                                "Rows Removed by Filter": 1264154,
                                                                                                                                                                                                "Workers": []
                                                                                                                                                                                            }
                                                                                                                                                                                        ]
                                                                                                                                                                                    }
                                                                                                                                                                                ]
                                                                                                                                                                            },
                                                                                                                                                                            {
                                                                                                                                                                                "Node Type": "Hash",
                                                                                                                                                                                "Parent Relationship": "Inner",
                                                                                                                                                                                "Parallel Aware": true,
                                                                                                                                                                                "Async Capable": false,
                                                                                                                                                                                "Startup Cost": 382398.33,
                                                                                                                                                                                "Total Cost": 382398.33,
                                                                                                                                                                                "Plan Rows": 1,
                                                                                                                                                                                "Plan Width": 28,
                                                                                                                                                                                "Actual Startup Time": 737.647,
                                                                                                                                                                                "Actual Total Time": 737.649,
                                                                                                                                                                                "Actual Rows": 38,
                                                                                                                                                                                "Actual Loops": 2,
                                                                                                                                                                                "Hash Buckets": 1024,
                                                                                                                                                                                "Original Hash Buckets": 1024,
                                                                                                                                                                                "Hash Batches": 1,
                                                                                                                                                                                "Original Hash Batches": 1,
                                                                                                                                                                                "Peak Memory Usage": 72,
                                                                                                                                                                                "Workers": [],
                                                                                                                                                                                "Plans": [
                                                                                                                                                                                    {
                                                                                                                                                                                        "Node Type": "Hash Join",
                                                                                                                                                                                        "Parent Relationship": "Outer",
                                                                                                                                                                                        "Parallel Aware": true,
                                                                                                                                                                                        "Async Capable": false,
                                                                                                                                                                                        "Join Type": "Inner",
                                                                                                                                                                                        "Startup Cost": 46261.6,
                                                                                                                                                                                        "Total Cost": 382398.33,
                                                                                                                                                                                        "Plan Rows": 1,
                                                                                                                                                                                        "Plan Width": 28,
                                                                                                                                                                                        "Actual Startup Time": 83.448,
                                                                                                                                                                                        "Actual Total Time": 737.617,
                                                                                                                                                                                        "Actual Rows": 38,
                                                                                                                                                                                        "Actual Loops": 2,
                                                                                                                                                                                        "Inner Unique": true,
                                                                                                                                                                                        "Hash Cond": "(ci.person_role_id = chn.id)",
                                                                                                                                                                                        "Workers": [],
                                                                                                                                                                                        "Plans": [
                                                                                                                                                                                            {
                                                                                                                                                                                                "Node Type": "Seq Scan",
                                                                                                                                                                                                "Parent Relationship": "Outer",
                                                                                                                                                                                                "Parallel Aware": true,
                                                                                                                                                                                                "Async Capable": false,
                                                                                                                                                                                                "Relation Name": "cast_info",
                                                                                                                                                                                                "Alias": "ci",
                                                                                                                                                                                                "Startup Cost": 0.0,
                                                                                                                                                                                                "Total Cost": 335779.96,
                                                                                                                                                                                                "Plan Rows": 135916,
                                                                                                                                                                                                "Plan Width": 16,
                                                                                                                                                                                                "Actual Startup Time": 0.031,
                                                                                                                                                                                                "Actual Total Time": 651.814,
                                                                                                                                                                                                "Actual Rows": 418350,
                                                                                                                                                                                                "Actual Loops": 2,
                                                                                                                                                                                                "Filter": "(note = ANY ('{(voice),\"(voice) (uncredited)\",\"(voice: English version)\"}'::text[]))",
                                                                                                                                                                                                "Rows Removed by Filter": 17703822,
                                                                                                                                                                                                "Workers": []
                                                                                                                                                                                            },
                                                                                                                                                                                            {
                                                                                                                                                                                                "Node Type": "Hash",
                                                                                                                                                                                                "Parent Relationship": "Inner",
                                                                                                                                                                                                "Parallel Aware": true,
                                                                                                                                                                                                "Async Capable": false,
                                                                                                                                                                                                "Startup Cost": 46261.59,
                                                                                                                                                                                                "Total Cost": 46261.59,
                                                                                                                                                                                                "Plan Rows": 1,
                                                                                                                                                                                                "Plan Width": 20,
                                                                                                                                                                                                "Actual Startup Time": 75.426,
                                                                                                                                                                                                "Actual Total Time": 75.427,
                                                                                                                                                                                                "Actual Rows": 0,
                                                                                                                                                                                                "Actual Loops": 2,
                                                                                                                                                                                                "Hash Buckets": 1024,
                                                                                                                                                                                                "Original Hash Buckets": 1024,
                                                                                                                                                                                                "Hash Batches": 1,
                                                                                                                                                                                                "Original Hash Batches": 1,
                                                                                                                                                                                                "Peak Memory Usage": 40,
                                                                                                                                                                                                "Workers": [],
                                                                                                                                                                                                "Plans": [
                                                                                                                                                                                                    {
                                                                                                                                                                                                        "Node Type": "Seq Scan",
                                                                                                                                                                                                        "Parent Relationship": "Outer",
                                                                                                                                                                                                        "Parallel Aware": true,
                                                                                                                                                                                                        "Async Capable": false,
                                                                                                                                                                                                        "Relation Name": "char_name",
                                                                                                                                                                                                        "Alias": "chn",
                                                                                                                                                                                                        "Startup Cost": 0.0,
                                                                                                                                                                                                        "Total Cost": 46261.59,
                                                                                                                                                                                                        "Plan Rows": 1,
                                                                                                                                                                                                        "Plan Width": 20,
                                                                                                                                                                                                        "Actual Startup Time": 39.755,
                                                                                                                                                                                                        "Actual Total Time": 75.422,
                                                                                                                                                                                                        "Actual Rows": 0,
                                                                                                                                                                                                        "Actual Loops": 2,
                                                                                                                                                                                                        "Filter": "(name = 'Queen'::text)",
                                                                                                                                                                                                        "Rows Removed by Filter": 1570169,
                                                                                                                                                                                                        "Workers": []
                                                                                                                                                                                                    }
                                                                                                                                                                                                ]
                                                                                                                                                                                            }
                                                                                                                                                                                        ]
                                                                                                                                                                                    }
                                                                                                                                                                                ]
                                                                                                                                                                            }
                                                                                                                                                                        ]
                                                                                                                                                                    }
                                                                                                                                                                ]
                                                                                                                                                            }
                                                                                                                                                        ]
                                                                                                                                                    }
                                                                                                                                                ]
                                                                                                                                            }
                                                                                                                                        ]
                                                                                                                                    }
                                                                                                                                ]
                                                                                                                            }
                                                                                                                        ]
                                                                                                                    }
                                                                                                                ]
                                                                                                            }
                                                                                                        ]
                                                                                                    }
                                                                                                ]
                                                                                            }
                                                                                        ]
                                                                                    },
                                                                                    {
                                                                                        "Node Type": "Hash",
                                                                                        "Parent Relationship": "Inner",
                                                                                        "Parallel Aware": false,
                                                                                        "Async Capable": false,
                                                                                        "Startup Cost": 1.05,
                                                                                        "Total Cost": 1.05,
                                                                                        "Plan Rows": 1,
                                                                                        "Plan Width": 4,
                                                                                        "Actual Startup Time": 0.002,
                                                                                        "Actual Total Time": 0.002,
                                                                                        "Actual Rows": 1,
                                                                                        "Actual Loops": 2,
                                                                                        "Hash Buckets": 1024,
                                                                                        "Original Hash Buckets": 1024,
                                                                                        "Hash Batches": 1,
                                                                                        "Original Hash Batches": 1,
                                                                                        "Peak Memory Usage": 9,
                                                                                        "Workers": [],
                                                                                        "Plans": [
                                                                                            {
                                                                                                "Node Type": "Seq Scan",
                                                                                                "Parent Relationship": "Outer",
                                                                                                "Parallel Aware": false,
                                                                                                "Async Capable": false,
                                                                                                "Relation Name": "comp_cast_type",
                                                                                                "Alias": "cct1",
                                                                                                "Startup Cost": 0.0,
                                                                                                "Total Cost": 1.05,
                                                                                                "Plan Rows": 1,
                                                                                                "Plan Width": 4,
                                                                                                "Actual Startup Time": 0.001,
                                                                                                "Actual Total Time": 0.001,
                                                                                                "Actual Rows": 1,
                                                                                                "Actual Loops": 2,
                                                                                                "Filter": "((kind)::text = 'cast'::text)",
                                                                                                "Rows Removed by Filter": 3,
                                                                                                "Workers": []
                                                                                            }
                                                                                        ]
                                                                                    }
                                                                                ]
                                                                            },
                                                                            {
                                                                                "Node Type": "Hash",
                                                                                "Parent Relationship": "Inner",
                                                                                "Parallel Aware": false,
                                                                                "Async Capable": false,
                                                                                "Startup Cost": 1.05,
                                                                                "Total Cost": 1.05,
                                                                                "Plan Rows": 1,
                                                                                "Plan Width": 4,
                                                                                "Actual Startup Time": 0.005,
                                                                                "Actual Total Time": 0.006,
                                                                                "Actual Rows": 1,
                                                                                "Actual Loops": 2,
                                                                                "Hash Buckets": 1024,
                                                                                "Original Hash Buckets": 1024,
                                                                                "Hash Batches": 1,
                                                                                "Original Hash Batches": 1,
                                                                                "Peak Memory Usage": 9,
                                                                                "Workers": [],
                                                                                "Plans": [
                                                                                    {
                                                                                        "Node Type": "Seq Scan",
                                                                                        "Parent Relationship": "Outer",
                                                                                        "Parallel Aware": false,
                                                                                        "Async Capable": false,
                                                                                        "Relation Name": "comp_cast_type",
                                                                                        "Alias": "cct2",
                                                                                        "Startup Cost": 0.0,
                                                                                        "Total Cost": 1.05,
                                                                                        "Plan Rows": 1,
                                                                                        "Plan Width": 4,
                                                                                        "Actual Startup Time": 0.005,
                                                                                        "Actual Total Time": 0.005,
                                                                                        "Actual Rows": 1,
                                                                                        "Actual Loops": 2,
                                                                                        "Filter": "((kind)::text = 'complete+verified'::text)",
                                                                                        "Rows Removed by Filter": 3,
                                                                                        "Workers": []
                                                                                    }
                                                                                ]
                                                                            }
                                                                        ]
                                                                    }
                                                                ]
                                                            }
                                                        ]
                                                    },
                                                    {
                                                        "Node Type": "Hash",
                                                        "Parent Relationship": "Inner",
                                                        "Parallel Aware": false,
                                                        "Async Capable": false,
                                                        "Startup Cost": 1.15,
                                                        "Total Cost": 1.15,
                                                        "Plan Rows": 1,
                                                        "Plan Width": 4,
                                                        "Actual Startup Time": 0.013,
                                                        "Actual Total Time": 0.013,
                                                        "Actual Rows": 1,
                                                        "Actual Loops": 2,
                                                        "Hash Buckets": 1024,
                                                        "Original Hash Buckets": 1024,
                                                        "Hash Batches": 1,
                                                        "Original Hash Batches": 1,
                                                        "Peak Memory Usage": 9,
                                                        "Workers": [],
                                                        "Plans": [
                                                            {
                                                                "Node Type": "Seq Scan",
                                                                "Parent Relationship": "Outer",
                                                                "Parallel Aware": false,
                                                                "Async Capable": false,
                                                                "Relation Name": "role_type",
                                                                "Alias": "rt",
                                                                "Startup Cost": 0.0,
                                                                "Total Cost": 1.15,
                                                                "Plan Rows": 1,
                                                                "Plan Width": 4,
                                                                "Actual Startup Time": 0.01,
                                                                "Actual Total Time": 0.011,
                                                                "Actual Rows": 1,
                                                                "Actual Loops": 2,
                                                                "Filter": "((role)::text = 'actress'::text)",
                                                                "Rows Removed by Filter": 11,
                                                                "Workers": []
                                                            }
                                                        ]
                                                    }
                                                ]
                                            }
                                        ]
                                    }
                                ]
                            }
                        ]
                    },
                    "Planning Time": 946.732,
                    "Triggers": [],
                    "Execution Time": 2012.033
                }
            ],
            "hints": [
                "SET enable_hashjoin TO on",
                "SET enable_indexonlyscan TO on",
                "SET enable_indexscan TO on",
                "SET enable_mergejoin TO on",
                "SET enable_nestloop TO off",
                "SET enable_seqscan TO on"
            ]
        },
        {
            "arm": 2,
            "execution_time": 2483.182,
            "plan": [
                {
                    "Plan": {
                        "Node Type": "Aggregate",
                        "Strategy": "Plain",
                        "Partial Mode": "Simple",
                        "Parallel Aware": false,
                        "Async Capable": false,
                        "Startup Cost": 866821.24,
                        "Total Cost": 866821.25,
                        "Plan Rows": 1,
                        "Plan Width": 96,
                        "Actual Startup Time": 2450.071,
                        "Actual Total Time": 2483.101,
                        "Actual Rows": 1,
                        "Actual Loops": 1,
                        "Plans": [
                            {
                                "Node Type": "Gather",
                                "Parent Relationship": "Outer",
                                "Parallel Aware": false,
                                "Async Capable": false,
                                "Startup Cost": 861864.67,
                                "Total Cost": 866821.23,
                                "Plan Rows": 1,
                                "Plan Width": 48,
                                "Actual Startup Time": 2444.618,
                                "Actual Total Time": 2482.996,
                                "Actual Rows": 1620,
                                "Actual Loops": 1,
                                "Workers Planned": 1,
                                "Workers Launched": 1,
                                "Single Copy": false,
                                "Plans": [
                                    {
                                        "Node Type": "Nested Loop",
                                        "Parent Relationship": "Outer",
                                        "Parallel Aware": false,
                                        "Async Capable": false,
                                        "Join Type": "Inner",
                                        "Startup Cost": 860864.67,
                                        "Total Cost": 865821.13,
                                        "Plan Rows": 1,
                                        "Plan Width": 48,
                                        "Actual Startup Time": 2442.127,
                                        "Actual Total Time": 2448.258,
                                        "Actual Rows": 810,
                                        "Actual Loops": 2,
                                        "Inner Unique": true,
                                        "Join Filter": "(ci.role_id = rt.id)",
                                        "Rows Removed by Join Filter": 0,
                                        "Workers": [],
                                        "Plans": [
                                            {
                                                "Node Type": "Hash Join",
                                                "Parent Relationship": "Outer",
                                                "Parallel Aware": true,
                                                "Async Capable": false,
                                                "Join Type": "Inner",
                                                "Startup Cost": 860864.67,
                                                "Total Cost": 865819.97,
                                                "Plan Rows": 1,
                                                "Plan Width": 52,
                                                "Actual Startup Time": 2442.117,
                                                "Actual Total Time": 2448.003,
                                                "Actual Rows": 810,
                                                "Actual Loops": 2,
                                                "Inner Unique": false,
                                                "Hash Cond": "(cn.id = mc.company_id)",
                                                "Workers": [],
                                                "Plans": [
                                                    {
                                                        "Node Type": "Seq Scan",
                                                        "Parent Relationship": "Outer",
                                                        "Parallel Aware": true,
                                                        "Async Capable": false,
                                                        "Relation Name": "company_name",
                                                        "Alias": "cn",
                                                        "Startup Cost": 0.0,
                                                        "Total Cost": 4767.92,
                                                        "Plan Rows": 49967,
                                                        "Plan Width": 4,
                                                        "Actual Startup Time": 0.006,
                                                        "Actual Total Time": 5.737,
                                                        "Actual Rows": 42422,
                                                        "Actual Loops": 2,
                                                        "Filter": "((country_code)::text = '[us]'::text)",
                                                        "Rows Removed by Filter": 75077,
                                                        "Workers": []
                                                    },
                                                    {
                                                        "Node Type": "Hash",
                                                        "Parent Relationship": "Inner",
                                                        "Parallel Aware": true,
                                                        "Async Capable": false,
                                                        "Startup Cost": 860864.65,
                                                        "Total Cost": 860864.65,
                                                        "Plan Rows": 1,
                                                        "Plan Width": 56,
                                                        "Actual Startup Time": 2440.769,
                                                        "Actual Total Time": 2440.788,
                                                        "Actual Rows": 3564,
                                                        "Actual Loops": 2,
                                                        "Hash Buckets": 8192,
                                                        "Original Hash Buckets": 1024,
                                                        "Hash Batches": 1,
                                                        "Original Hash Batches": 1,
                                                        "Peak Memory Usage": 664,
                                                        "Workers": [],
                                                        "Plans": [
                                                            {
                                                                "Node Type": "Hash Join",
                                                                "Parent Relationship": "Outer",
                                                                "Parallel Aware": true,
                                                                "Async Capable": false,
                                                                "Join Type": "Inner",
                                                                "Startup Cost": 845767.64,
                                                                "Total Cost": 860864.65,
                                                                "Plan Rows": 1,
                                                                "Plan Width": 56,
                                                                "Actual Startup Time": 2393.971,
                                                                "Actual Total Time": 2402.579,
                                                                "Actual Rows": 3564,
                                                                "Actual Loops": 2,
                                                                "Inner Unique": false,
                                                                "Hash Cond": "(n.id = ci.person_id)",
                                                                "Workers": [],
                                                                "Plans": [
                                                                    {
                                                                        "Node Type": "Hash Join",
                                                                        "Parent Relationship": "Outer",
                                                                        "Parallel Aware": true,
                                                                        "Async Capable": false,
                                                                        "Join Type": "Inner",
                                                                        "Startup Cost": 71406.02,
                                                                        "Total Cost": 86492.81,
                                                                        "Plan Rows": 2722,
                                                                        "Plan Width": 23,
                                                                        "Actual Startup Time": 129.681,
                                                                        "Actual Total Time": 168.164,
                                                                        "Actual Rows": 5262,
                                                                        "Actual Loops": 2,
                                                                        "Inner Unique": true,
                                                                        "Hash Cond": "(an.person_id = n.id)",
                                                                        "Workers": [],
                                                                        "Plans": [
                                                                            {
                                                                                "Node Type": "Seq Scan",
                                                                                "Parent Relationship": "Outer",
                                                                                "Parallel Aware": true,
                                                                                "Async Capable": false,
                                                                                "Relation Name": "aka_name",
                                                                                "Alias": "an",
                                                                                "Startup Cost": 0.0,
                                                                                "Total Cost": 14323.56,
                                                                                "Plan Rows": 290756,
                                                                                "Plan Width": 4,
                                                                                "Actual Startup Time": 0.004,
                                                                                "Actual Total Time": 17.642,
                                                                                "Actual Rows": 450672,
                                                                                "Actual Loops": 2,
                                                                                "Workers": []
                                                                            },
                                                                            {
                                                                                "Node Type": "Hash",
                                                                                "Parent Relationship": "Inner",
                                                                                "Parallel Aware": true,
                                                                                "Async Capable": false,
                                                                                "Startup Cost": 71284.09,
                                                                                "Total Cost": 71284.09,
                                                                                "Plan Rows": 9754,
                                                                                "Plan Width": 19,
                                                                                "Actual Startup Time": 129.519,
                                                                                "Actual Total Time": 129.52,
                                                                                "Actual Rows": 25006,
                                                                                "Actual Loops": 2,
                                                                                "Hash Buckets": 65536,
                                                                                "Original Hash Buckets": 65536,
                                                                                "Hash Batches": 1,
                                                                                "Original Hash Batches": 1,
                                                                                "Peak Memory Usage": 3296,
                                                                                "Workers": [],
                                                                                "Plans": [
                                                                                    {
                                                                                        "Node Type": "Seq Scan",
                                                                                        "Parent Relationship": "Outer",
                                                                                        "Parallel Aware": true,
                                                                                        "Async Capable": false,
                                                                                        "Relation Name": "name",
                                                                                        "Alias": "n",
                                                                                        "Startup Cost": 0.0,
                                                                                        "Total Cost": 71284.09,
                                                                                        "Plan Rows": 9754,
                                                                                        "Plan Width": 19,
                                                                                        "Actual Startup Time": 54.365,
                                                                                        "Actual Total Time": 126.807,
                                                                                        "Actual Rows": 25006,
                                                                                        "Actual Loops": 2,
                                                                                        "Filter": "((name ~~ '%An%'::text) AND ((gender)::text = 'f'::text))",
                                                                                        "Rows Removed by Filter": 2058740,
                                                                                        "Workers": []
                                                                                    }
                                                                                ]
                                                                            }
                                                                        ]
                                                                    },
                                                                    {
                                                                        "Node Type": "Hash",
                                                                        "Parent Relationship": "Inner",
                                                                        "Parallel Aware": true,
                                                                        "Async Capable": false,
                                                                        "Startup Cost": 774361.61,
                                                                        "Total Cost": 774361.61,
                                                                        "Plan Rows": 1,
                                                                        "Plan Width": 49,
                                                                        "Actual Startup Time": 2233.95,
                                                                        "Actual Total Time": 2233.966,
                                                                        "Actual Rows": 1188,
                                                                        "Actual Loops": 2,
                                                                        "Hash Buckets": 2048,
                                                                        "Original Hash Buckets": 1024,
                                                                        "Hash Batches": 1,
                                                                        "Original Hash Batches": 1,
                                                                        "Peak Memory Usage": 184,
                                                                        "Workers": [],
                                                                        "Plans": [
                                                                            {
                                                                                "Node Type": "Hash Join",
                                                                                "Parent Relationship": "Outer",
                                                                                "Parallel Aware": true,
                                                                                "Async Capable": false,
                                                                                "Join Type": "Inner",
                                                                                "Startup Cost": 568143.67,
                                                                                "Total Cost": 774361.61,
                                                                                "Plan Rows": 1,
                                                                                "Plan Width": 49,
                                                                                "Actual Startup Time": 2233.636,
                                                                                "Actual Total Time": 2233.711,
                                                                                "Actual Rows": 1188,
                                                                                "Actual Loops": 2,
                                                                                "Inner Unique": false,
                                                                                "Hash Cond": "(mi.movie_id = t.id)",
                                                                                "Workers": [],
                                                                                "Plans": [
                                                                                    {
                                                                                        "Node Type": "Hash Join",
                                                                                        "Parent Relationship": "Outer",
                                                                                        "Parallel Aware": false,
                                                                                        "Async Capable": false,
                                                                                        "Join Type": "Inner",
                                                                                        "Startup Cost": 2.43,
                                                                                        "Total Cost": 206218.83,
                                                                                        "Plan Rows": 409,
                                                                                        "Plan Width": 4,
                                                                                        "Actual Startup Time": 0.04,
                                                                                        "Actual Total Time": 394.819,
                                                                                        "Actual Rows": 225520,
                                                                                        "Actual Loops": 2,
                                                                                        "Inner Unique": true,
                                                                                        "Hash Cond": "(mi.info_type_id = it.id)",
                                                                                        "Workers": [],
                                                                                        "Plans": [
                                                                                            {
                                                                                                "Node Type": "Seq Scan",
                                                                                                "Parent Relationship": "Outer",
                                                                                                "Parallel Aware": true,
                                                                                                "Async Capable": false,
                                                                                                "Relation Name": "movie_info",
                                                                                                "Alias": "mi",
                                                                                                "Startup Cost": 0.0,
                                                                                                "Total Cost": 206090.53,
                                                                                                "Plan Rows": 46217,
                                                                                                "Plan Width": 8,
                                                                                                "Actual Startup Time": 0.017,
                                                                                                "Actual Total Time": 381.568,
                                                                                                "Actual Rows": 225552,
                                                                                                "Actual Loops": 2,
                                                                                                "Filter": "((info IS NOT NULL) AND ((info ~~ 'Japan:%200%'::text) OR (info ~~ 'USA:%200%'::text)))",
                                                                                                "Rows Removed by Filter": 7192308,
                                                                                                "Workers": []
                                                                                            },
                                                                                            {
                                                                                                "Node Type": "Hash",
                                                                                                "Parent Relationship": "Inner",
                                                                                                "Parallel Aware": false,
                                                                                                "Async Capable": false,
                                                                                                "Startup Cost": 2.41,
                                                                                                "Total Cost": 2.41,
                                                                                                "Plan Rows": 1,
                                                                                                "Plan Width": 4,
                                                                                                "Actual Startup Time": 0.009,
                                                                                                "Actual Total Time": 0.01,
                                                                                                "Actual Rows": 1,
                                                                                                "Actual Loops": 2,
                                                                                                "Hash Buckets": 1024,
                                                                                                "Original Hash Buckets": 1024,
                                                                                                "Hash Batches": 1,
                                                                                                "Original Hash Batches": 1,
                                                                                                "Peak Memory Usage": 9,
                                                                                                "Workers": [],
                                                                                                "Plans": [
                                                                                                    {
                                                                                                        "Node Type": "Seq Scan",
                                                                                                        "Parent Relationship": "Outer",
                                                                                                        "Parallel Aware": false,
                                                                                                        "Async Capable": false,
                                                                                                        "Relation Name": "info_type",
                                                                                                        "Alias": "it",
                                                                                                        "Startup Cost": 0.0,
                                                                                                        "Total Cost": 2.41,
                                                                                                        "Plan Rows": 1,
                                                                                                        "Plan Width": 4,
                                                                                                        "Actual Startup Time": 0.005,
                                                                                                        "Actual Total Time": 0.008,
                                                                                                        "Actual Rows": 1,
                                                                                                        "Actual Loops": 2,
                                                                                                        "Filter": "((info)::text = 'release dates'::text)",
                                                                                                        "Rows Removed by Filter": 112,
                                                                                                        "Workers": []
                                                                                                    }
                                                                                                ]
                                                                                            }
                                                                                        ]
                                                                                    },
                                                                                    {
                                                                                        "Node Type": "Hash",
                                                                                        "Parent Relationship": "Inner",
                                                                                        "Parallel Aware": true,
                                                                                        "Async Capable": false,
                                                                                        "Startup Cost": 568141.23,
                                                                                        "Total Cost": 568141.23,
                                                                                        "Plan Rows": 1,
                                                                                        "Plan Width": 69,
                                                                                        "Actual Startup Time": 1832.554,
                                                                                        "Actual Total Time": 1832.568,
                                                                                        "Actual Rows": 594,
                                                                                        "Actual Loops": 2,
                                                                                        "Hash Buckets": 2048,
                                                                                        "Original Hash Buckets": 1024,
                                                                                        "Hash Batches": 1,
                                                                                        "Original Hash Batches": 1,
                                                                                        "Peak Memory Usage": 152,
                                                                                        "Workers": [],
                                                                                        "Plans": [
                                                                                            {
                                                                                                "Node Type": "Hash Join",
                                                                                                "Parent Relationship": "Outer",
                                                                                                "Parallel Aware": true,
                                                                                                "Async Capable": false,
                                                                                                "Join Type": "Inner",
                                                                                                "Startup Cost": 507617.95,
                                                                                                "Total Cost": 568141.23,
                                                                                                "Plan Rows": 1,
                                                                                                "Plan Width": 69,
                                                                                                "Actual Startup Time": 1694.389,
                                                                                                "Actual Total Time": 1694.525,
                                                                                                "Actual Rows": 594,
                                                                                                "Actual Loops": 2,
                                                                                                "Inner Unique": false,
                                                                                                "Hash Cond": "(pi.person_id = ci.person_id)",
                                                                                                "Workers": [],
                                                                                                "Plans": [
                                                                                                    {
                                                                                                        "Node Type": "Hash Join",
                                                                                                        "Parent Relationship": "Outer",
                                                                                                        "Parallel Aware": false,
                                                                                                        "Async Capable": false,
                                                                                                        "Join Type": "Inner",
                                                                                                        "Startup Cost": 2.43,
                                                                                                        "Total Cost": 60501.14,
                                                                                                        "Plan Rows": 6551,
                                                                                                        "Plan Width": 4,
                                                                                                        "Actual Startup Time": 0.029,
                                                                                                        "Actual Total Time": 133.401,
                                                                                                        "Actual Rows": 310263,
                                                                                                        "Actual Loops": 2,
                                                                                                        "Inner Unique": true,
                                                                                                        "Hash Cond": "(pi.info_type_id = it3.id)",
                                                                                                        "Workers": [],
                                                                                                        "Plans": [
                                                                                                            {
                                                                                                                "Node Type": "Seq Scan",
                                                                                                                "Parent Relationship": "Outer",
                                                                                                                "Parallel Aware": true,
                                                                                                                "Async Capable": false,
                                                                                                                "Relation Name": "person_info",
                                                                                                                "Alias": "pi",
                                                                                                                "Startup Cost": 0.0,
                                                                                                                "Total Cost": 58482.64,
                                                                                                                "Plan Rows": 740264,
                                                                                                                "Plan Width": 8,
                                                                                                                "Actual Startup Time": 0.007,
                                                                                                                "Actual Total Time": 79.404,
                                                                                                                "Actual Rows": 1481832,
                                                                                                                "Actual Loops": 2,
                                                                                                                "Workers": []
                                                                                                            },
                                                                                                            {
                                                                                                                "Node Type": "Hash",
                                                                                                                "Parent Relationship": "Inner",
                                                                                                                "Parallel Aware": false,
                                                                                                                "Async Capable": false,
                                                                                                                "Startup Cost": 2.41,
                                                                                                                "Total Cost": 2.41,
                                                                                                                "Plan Rows": 1,
                                                                                                                "Plan Width": 4,
                                                                                                                "Actual Startup Time": 0.012,
                                                                                                                "Actual Total Time": 0.012,
                                                                                                                "Actual Rows": 1,
                                                                                                                "Actual Loops": 2,
                                                                                                                "Hash Buckets": 1024,
                                                                                                                "Original Hash Buckets": 1024,
                                                                                                                "Hash Batches": 1,
                                                                                                                "Original Hash Batches": 1,
                                                                                                                "Peak Memory Usage": 9,
                                                                                                                "Workers": [],
                                                                                                                "Plans": [
                                                                                                                    {
                                                                                                                        "Node Type": "Seq Scan",
                                                                                                                        "Parent Relationship": "Outer",
                                                                                                                        "Parallel Aware": false,
                                                                                                                        "Async Capable": false,
                                                                                                                        "Relation Name": "info_type",
                                                                                                                        "Alias": "it3",
                                                                                                                        "Startup Cost": 0.0,
                                                                                                                        "Total Cost": 2.41,
                                                                                                                        "Plan Rows": 1,
                                                                                                                        "Plan Width": 4,
                                                                                                                        "Actual Startup Time": 0.009,
                                                                                                                        "Actual Total Time": 0.011,
                                                                                                                        "Actual Rows": 1,
                                                                                                                        "Actual Loops": 2,
                                                                                                                        "Filter": "((info)::text = 'trivia'::text)",
                                                                                                                        "Rows Removed by Filter": 112,
                                                                                                                        "Workers": []
                                                                                                                    }
                                                                                                                ]
                                                                                                            }
                                                                                                        ]
                                                                                                    },
                                                                                                    {
                                                                                                        "Node Type": "Hash",
                                                                                                        "Parent Relationship": "Inner",
                                                                                                        "Parallel Aware": true,
                                                                                                        "Async Capable": false,
                                                                                                        "Startup Cost": 507615.51,
                                                                                                        "Total Cost": 507615.51,
                                                                                                        "Plan Rows": 1,
                                                                                                        "Plan Width": 65,
                                                                                                        "Actual Startup Time": 1552.8,
                                                                                                        "Actual Total Time": 1552.811,
                                                                                                        "Actual Rows": 11,
                                                                                                        "Actual Loops": 2,
                                                                                                        "Hash Buckets": 1024,
                                                                                                        "Original Hash Buckets": 1024,
                                                                                                        "Hash Batches": 1,
                                                                                                        "Original Hash Batches": 1,
                                                                                                        "Peak Memory Usage": 40,
                                                                                                        "Workers": [],
                                                                                                        "Plans": [
                                                                                                            {
                                                                                                                "Node Type": "Hash Join",
                                                                                                                "Parent Relationship": "Outer",
                                                                                                                "Parallel Aware": true,
                                                                                                                "Async Capable": false,
                                                                                                                "Join Type": "Inner",
                                                                                                                "Startup Cost": 464711.27,
                                                                                                                "Total Cost": 507615.51,
                                                                                                                "Plan Rows": 1,
                                                                                                                "Plan Width": 65,
                                                                                                                "Actual Startup Time": 1534.775,
                                                                                                                "Actual Total Time": 1552.799,
                                                                                                                "Actual Rows": 11,
                                                                                                                "Actual Loops": 2,
                                                                                                                "Inner Unique": false,
                                                                                                                "Hash Cond": "(mk.movie_id = t.id)",
                                                                                                                "Workers": [],
                                                                                                                "Plans": [
                                                                                                                    {
                                                                                                                        "Node Type": "Hash Join",
                                                                                                                        "Parent Relationship": "Outer",
                                                                                                                        "Parallel Aware": false,
                                                                                                                        "Async Capable": false,
                                                                                                                        "Join Type": "Inner",
                                                                                                                        "Startup Cost": 2685.14,
                                                                                                                        "Total Cost": 45589.33,
                                                                                                                        "Plan Rows": 11,
                                                                                                                        "Plan Width": 4,
                                                                                                                        "Actual Startup Time": 4.876,
                                                                                                                        "Actual Total Time": 146.065,
                                                                                                                        "Actual Rows": 207,
                                                                                                                        "Actual Loops": 2,
                                                                                                                        "Inner Unique": true,
                                                                                                                        "Hash Cond": "(mk.keyword_id = k.id)",
                                                                                                                        "Workers": [],
                                                                                                                        "Plans": [
                                                                                                                            {
                                                                                                                                "Node Type": "Seq Scan",
                                                                                                                                "Parent Relationship": "Outer",
                                                                                                                                "Parallel Aware": true,
                                                                                                                                "Async Capable": false,
                                                                                                                                "Relation Name": "movie_keyword",
                                                                                                                                "Alias": "mk",
                                                                                                                                "Startup Cost": 0.0,
                                                                                                                                "Total Cost": 39073.32,
                                                                                                                                "Plan Rows": 1459332,
                                                                                                                                "Plan Width": 8,
                                                                                                                                "Actual Startup Time": 0.007,
                                                                                                                                "Actual Total Time": 80.625,
                                                                                                                                "Actual Rows": 2261965,
                                                                                                                                "Actual Loops": 2,
                                                                                                                                "Workers": []
                                                                                                                            },
                                                                                                                            {
                                                                                                                                "Node Type": "Hash",
                                                                                                                                "Parent Relationship": "Inner",
                                                                                                                                "Parallel Aware": false,
                                                                                                                                "Async Capable": false,
                                                                                                                                "Startup Cost": 2685.12,
                                                                                                                                "Total Cost": 2685.12,
                                                                                                                                "Plan Rows": 1,
                                                                                                                                "Plan Width": 4,
                                                                                                                                "Actual Startup Time": 3.679,
                                                                                                                                "Actual Total Time": 3.679,
                                                                                                                                "Actual Rows": 1,
                                                                                                                                "Actual Loops": 2,
                                                                                                                                "Hash Buckets": 1024,
                                                                                                                                "Original Hash Buckets": 1024,
                                                                                                                                "Hash Batches": 1,
                                                                                                                                "Original Hash Batches": 1,
                                                                                                                                "Peak Memory Usage": 9,
                                                                                                                                "Workers": [],
                                                                                                                                "Plans": [
                                                                                                                                    {
                                                                                                                                        "Node Type": "Seq Scan",
                                                                                                                                        "Parent Relationship": "Outer",
                                                                                                                                        "Parallel Aware": false,
                                                                                                                                        "Async Capable": false,
                                                                                                                                        "Relation Name": "keyword",
                                                                                                                                        "Alias": "k",
                                                                                                                                        "Startup Cost": 0.0,
                                                                                                                                        "Total Cost": 2685.12,
                                                                                                                                        "Plan Rows": 1,
                                                                                                                                        "Plan Width": 4,
                                                                                                                                        "Actual Startup Time": 0.016,
                                                                                                                                        "Actual Total Time": 3.678,
                                                                                                                                        "Actual Rows": 1,
                                                                                                                                        "Actual Loops": 2,
                                                                                                                                        "Filter": "(keyword = 'computer-animation'::text)",
                                                                                                                                        "Rows Removed by Filter": 134169,
                                                                                                                                        "Workers": []
                                                                                                                                    }
                                                                                                                                ]
                                                                                                                            }
                                                                                                                        ]
                                                                                                                    },
                                                                                                                    {
                                                                                                                        "Node Type": "Hash",
                                                                                                                        "Parent Relationship": "Inner",
                                                                                                                        "Parallel Aware": true,
                                                                                                                        "Async Capable": false,
                                                                                                                        "Startup Cost": 462026.12,
                                                                                                                        "Total Cost": 462026.12,
                                                                                                                        "Plan Rows": 1,
                                                                                                                        "Plan Width": 61,
                                                                                                                        "Actual Startup Time": 1406.691,
                                                                                                                        "Actual Total Time": 1406.7,
                                                                                                                        "Actual Rows": 11,
                                                                                                                        "Actual Loops": 2,
                                                                                                                        "Hash Buckets": 1024,
                                                                                                                        "Original Hash Buckets": 1024,
                                                                                                                        "Hash Batches": 1,
                                                                                                                        "Original Hash Batches": 1,
                                                                                                                        "Peak Memory Usage": 72,
                                                                                                                        "Workers": [],
                                                                                                                        "Plans": [
                                                                                                                            {
                                                                                                                                "Node Type": "Hash Join",
                                                                                                                                "Parent Relationship": "Outer",
                                                                                                                                "Parallel Aware": true,
                                                                                                                                "Async Capable": false,
                                                                                                                                "Join Type": "Inner",
                                                                                                                                "Startup Cost": 432576.21,
                                                                                                                                "Total Cost": 462026.12,
                                                                                                                                "Plan Rows": 1,
                                                                                                                                "Plan Width": 61,
                                                                                                                                "Actual Startup Time": 1376.982,
                                                                                                                                "Actual Total Time": 1406.685,
                                                                                                                                "Actual Rows": 11,
                                                                                                                                "Actual Loops": 2,
                                                                                                                                "Inner Unique": false,
                                                                                                                                "Hash Cond": "(t.id = ci.movie_id)",
                                                                                                                                "Workers": [],
                                                                                                                                "Plans": [
                                                                                                                                    {
                                                                                                                                        "Node Type": "Hash Join",
                                                                                                                                        "Parent Relationship": "Outer",
                                                                                                                                        "Parallel Aware": true,
                                                                                                                                        "Async Capable": false,
                                                                                                                                        "Join Type": "Inner",
                                                                                                                                        "Startup Cost": 47070.44,
                                                                                                                                        "Total Cost": 76520.33,
                                                                                                                                        "Plan Rows": 2,
                                                                                                                                        "Plan Width": 29,
                                                                                                                                        "Actual Startup Time": 124.408,
                                                                                                                                        "Actual Total Time": 154.102,
                                                                                                                                        "Actual Rows": 12,
                                                                                                                                        "Actual Loops": 2,
                                                                                                                                        "Inner Unique": true,
                                                                                                                                        "Hash Cond": "(mc.movie_id = t.id)",
                                                                                                                                        "Workers": [],
                                                                                                                                        "Plans": [
                                                                                                                                            {
                                                                                                                                                "Node Type": "Seq Scan",
                                                                                                                                                "Parent Relationship": "Outer",
                                                                                                                                                "Parallel Aware": true,
                                                                                                                                                "Async Capable": false,
                                                                                                                                                "Relation Name": "movie_companies",
                                                                                                                                                "Alias": "mc",
                                                                                                                                                "Startup Cost": 0.0,
                                                                                                                                                "Total Cost": 27240.55,
                                                                                                                                                "Plan Rows": 841655,
                                                                                                                                                "Plan Width": 8,
                                                                                                                                                "Actual Startup Time": 0.004,
                                                                                                                                                "Actual Total Time": 50.561,
                                                                                                                                                "Actual Rows": 1304564,
                                                                                                                                                "Actual Loops": 2,
                                                                                                                                                "Workers": []
                                                                                                                                            },
                                                                                                                                            {
                                                                                                                                                "Node Type": "Hash",
                                                                                                                                                "Parent Relationship": "Inner",
                                                                                                                                                "Parallel Aware": true,
                                                                                                                                                "Async Capable": false,
                                                                                                                                                "Startup Cost": 47070.42,
                                                                                                                                                "Total Cost": 47070.42,
                                                                                                                                                "Plan Rows": 2,
                                                                                                                                                "Plan Width": 21,
                                                                                                                                                "Actual Startup Time": 67.264,
                                                                                                                                                "Actual Total Time": 67.264,
                                                                                                                                                "Actual Rows": 2,
                                                                                                                                                "Actual Loops": 2,
                                                                                                                                                "Hash Buckets": 1024,
                                                                                                                                                "Original Hash Buckets": 1024,
                                                                                                                                                "Hash Batches": 1,
                                                                                                                                                "Original Hash Batches": 1,
                                                                                                                                                "Peak Memory Usage": 72,
                                                                                                                                                "Workers": [],
                                                                                                                                                "Plans": [
                                                                                                                                                    {
                                                                                                                                                        "Node Type": "Seq Scan",
                                                                                                                                                        "Parent Relationship": "Outer",
                                                                                                                                                        "Parallel Aware": true,
                                                                                                                                                        "Async Capable": false,
                                                                                                                                                        "Relation Name": "title",
                                                                                                                                                        "Alias": "t",
                                                                                                                                                        "Startup Cost": 0.0,
                                                                                                                                                        "Total Cost": 47070.42,
                                                                                                                                                        "Plan Rows": 2,
                                                                                                                                                        "Plan Width": 21,
                                                                                                                                                        "Actual Startup Time": 31.059,
                                                                                                                                                        "Actual Total Time": 67.255,
                                                                                                                                                        "Actual Rows": 2,
                                                                                                                                                        "Actual Loops": 2,
                                                                                                                                                        "Filter": "((production_year >= 2000) AND (production_year <= 2010) AND (title = 'Shrek 2'::text))",
                                                                                                                                                        "Rows Removed by Filter": 1264154,
                                                                                                                                                        "Workers": []
                                                                                                                                                    }
                                                                                                                                                ]
                                                                                                                                            }
                                                                                                                                        ]
                                                                                                                                    },
                                                                                                                                    {
                                                                                                                                        "Node Type": "Hash",
                                                                                                                                        "Parent Relationship": "Inner",
                                                                                                                                        "Parallel Aware": true,
                                                                                                                                        "Async Capable": false,
                                                                                                                                        "Startup Cost": 385505.75,
                                                                                                                                        "Total Cost": 385505.75,
                                                                                                                                        "Plan Rows": 1,
                                                                                                                                        "Plan Width": 32,
                                                                                                                                        "Actual Startup Time": 1252.559,
                                                                                                                                        "Actual Total Time": 1252.565,
                                                                                                                                        "Actual Rows": 2,
                                                                                                                                        "Actual Loops": 2,
                                                                                                                                        "Hash Buckets": 1024,
                                                                                                                                        "Original Hash Buckets": 1024,
                                                                                                                                        "Hash Batches": 1,
                                                                                                                                        "Original Hash Batches": 1,
                                                                                                                                        "Peak Memory Usage": 72,
                                                                                                                                        "Workers": [],
                                                                                                                                        "Plans": [
                                                                                                                                            {
                                                                                                                                                "Node Type": "Nested Loop",
                                                                                                                                                "Parent Relationship": "Outer",
                                                                                                                                                "Parallel Aware": false,
                                                                                                                                                "Async Capable": false,
                                                                                                                                                "Join Type": "Inner",
                                                                                                                                                "Startup Cost": 46263.72,
                                                                                                                                                "Total Cost": 385505.75,
                                                                                                                                                "Plan Rows": 1,
                                                                                                                                                "Plan Width": 32,
                                                                                                                                                "Actual Startup Time": 215.663,
                                                                                                                                                "Actual Total Time": 1252.108,
                                                                                                                                                "Actual Rows": 2,
                                                                                                                                                "Actual Loops": 2,
                                                                                                                                                "Inner Unique": false,
                                                                                                                                                "Join Filter": "(cc.movie_id = ci.movie_id)",
                                                                                                                                                "Rows Removed by Join Filter": 679400,
                                                                                                                                                "Workers": [],
                                                                                                                                                "Plans": [
                                                                                                                                                    {
                                                                                                                                                        "Node Type": "Hash Join",
                                                                                                                                                        "Parent Relationship": "Outer",
                                                                                                                                                        "Parallel Aware": true,
                                                                                                                                                        "Async Capable": false,
                                                                                                                                                        "Join Type": "Inner",
                                                                                                                                                        "Startup Cost": 46261.6,
                                                                                                                                                        "Total Cost": 382398.33,
                                                                                                                                                        "Plan Rows": 1,
                                                                                                                                                        "Plan Width": 28,
                                                                                                                                                        "Actual Startup Time": 76.387,
                                                                                                                                                        "Actual Total Time": 726.587,
                                                                                                                                                        "Actual Rows": 38,
                                                                                                                                                        "Actual Loops": 2,
                                                                                                                                                        "Inner Unique": true,
                                                                                                                                                        "Hash Cond": "(ci.person_role_id = chn.id)",
                                                                                                                                                        "Workers": [],
                                                                                                                                                        "Plans": [
                                                                                                                                                            {
                                                                                                                                                                "Node Type": "Seq Scan",
                                                                                                                                                                "Parent Relationship": "Outer",
                                                                                                                                                                "Parallel Aware": true,
                                                                                                                                                                "Async Capable": false,
                                                                                                                                                                "Relation Name": "cast_info",
                                                                                                                                                                "Alias": "ci",
                                                                                                                                                                "Startup Cost": 0.0,
                                                                                                                                                                "Total Cost": 335779.96,
                                                                                                                                                                "Plan Rows": 135916,
                                                                                                                                                                "Plan Width": 16,
                                                                                                                                                                "Actual Startup Time": 0.024,
                                                                                                                                                                "Actual Total Time": 645.561,
                                                                                                                                                                "Actual Rows": 418350,
                                                                                                                                                                "Actual Loops": 2,
                                                                                                                                                                "Filter": "(note = ANY ('{(voice),\"(voice) (uncredited)\",\"(voice: English version)\"}'::text[]))",
                                                                                                                                                                "Rows Removed by Filter": 17703822,
                                                                                                                                                                "Workers": []
                                                                                                                                                            },
                                                                                                                                                            {
                                                                                                                                                                "Node Type": "Hash",
                                                                                                                                                                "Parent Relationship": "Inner",
                                                                                                                                                                "Parallel Aware": true,
                                                                                                                                                                "Async Capable": false,
                                                                                                                                                                "Startup Cost": 46261.59,
                                                                                                                                                                "Total Cost": 46261.59,
                                                                                                                                                                "Plan Rows": 1,
                                                                                                                                                                "Plan Width": 20,
                                                                                                                                                                "Actual Startup Time": 70.568,
                                                                                                                                                                "Actual Total Time": 70.569,
                                                                                                                                                                "Actual Rows": 0,
                                                                                                                                                                "Actual Loops": 2,
                                                                                                                                                                "Hash Buckets": 1024,
                                                                                                                                                                "Original Hash Buckets": 1024,
                                                                                                                                                                "Hash Batches": 1,
                                                                                                                                                                "Original Hash Batches": 1,
                                                                                                                                                                "Peak Memory Usage": 40,
                                                                                                                                                                "Workers": [],
                                                                                                                                                                "Plans": [
                                                                                                                                                                    {
                                                                                                                                                                        "Node Type": "Seq Scan",
                                                                                                                                                                        "Parent Relationship": "Outer",
                                                                                                                                                                        "Parallel Aware": true,
                                                                                                                                                                        "Async Capable": false,
                                                                                                                                                                        "Relation Name": "char_name",
                                                                                                                                                                        "Alias": "chn",
                                                                                                                                                                        "Startup Cost": 0.0,
                                                                                                                                                                        "Total Cost": 46261.59,
                                                                                                                                                                        "Plan Rows": 1,
                                                                                                                                                                        "Plan Width": 20,
                                                                                                                                                                        "Actual Startup Time": 37.282,
                                                                                                                                                                        "Actual Total Time": 70.563,
                                                                                                                                                                        "Actual Rows": 0,
                                                                                                                                                                        "Actual Loops": 2,
                                                                                                                                                                        "Filter": "(name = 'Queen'::text)",
                                                                                                                                                                        "Rows Removed by Filter": 1570169,
                                                                                                                                                                        "Workers": []
                                                                                                                                                                    }
                                                                                                                                                                ]
                                                                                                                                                            }
                                                                                                                                                        ]
                                                                                                                                                    },
                                                                                                                                                    {
                                                                                                                                                        "Node Type": "Hash Join",
                                                                                                                                                        "Parent Relationship": "Inner",
                                                                                                                                                        "Parallel Aware": false,
                                                                                                                                                        "Async Capable": false,
                                                                                                                                                        "Join Type": "Inner",
                                                                                                                                                        "Startup Cost": 2.12,
                                                                                                                                                        "Total Cost": 3001.88,
                                                                                                                                                        "Plan Rows": 8443,
                                                                                                                                                        "Plan Width": 4,
                                                                                                                                                        "Actual Startup Time": 0.002,
                                                                                                                                                        "Actual Total Time": 13.433,
                                                                                                                                                        "Actual Rows": 17879,
                                                                                                                                                        "Actual Loops": 76,
                                                                                                                                                        "Inner Unique": true,
                                                                                                                                                        "Hash Cond": "(cc.status_id = cct2.id)",
                                                                                                                                                        "Workers": [],
                                                                                                                                                        "Plans": [
                                                                                                                                                            {
                                                                                                                                                                "Node Type": "Hash Join",
                                                                                                                                                                "Parent Relationship": "Outer",
                                                                                                                                                                "Parallel Aware": false,
                                                                                                                                                                "Async Capable": false,
                                                                                                                                                                "Join Type": "Inner",
                                                                                                                                                                "Startup Cost": 1.06,
                                                                                                                                                                "Total Cost": 2818.24,
                                                                                                                                                                "Plan Rows": 33772,
                                                                                                                                                                "Plan Width": 8,
                                                                                                                                                                "Actual Startup Time": 0.001,
                                                                                                                                                                "Actual Total Time": 10.629,
                                                                                                                                                                "Actual Rows": 85941,
                                                                                                                                                                "Actual Loops": 76,
                                                                                                                                                                "Inner Unique": true,
                                                                                                                                                                "Hash Cond": "(cc.subject_id = cct1.id)",
                                                                                                                                                                "Workers": [],
                                                                                                                                                                "Plans": [
                                                                                                                                                                    {
                                                                                                                                                                        "Node Type": "Seq Scan",
                                                                                                                                                                        "Parent Relationship": "Outer",
                                                                                                                                                                        "Parallel Aware": false,
                                                                                                                                                                        "Async Capable": false,
                                                                                                                                                                        "Relation Name": "complete_cast",
                                                                                                                                                                        "Alias": "cc",
                                                                                                                                                                        "Startup Cost": 0.0,
                                                                                                                                                                        "Total Cost": 2086.86,
                                                                                                                                                                        "Plan Rows": 135086,
                                                                                                                                                                        "Plan Width": 12,
                                                                                                                                                                        "Actual Startup Time": 0.001,
                                                                                                                                                                        "Actual Total Time": 3.862,
                                                                                                                                                                        "Actual Rows": 135086,
                                                                                                                                                                        "Actual Loops": 76,
                                                                                                                                                                        "Workers": []
                                                                                                                                                                    },
                                                                                                                                                                    {
                                                                                                                                                                        "Node Type": "Hash",
                                                                                                                                                                        "Parent Relationship": "Inner",
                                                                                                                                                                        "Parallel Aware": false,
                                                                                                                                                                        "Async Capable": false,
                                                                                                                                                                        "Startup Cost": 1.05,
                                                                                                                                                                        "Total Cost": 1.05,
                                                                                                                                                                        "Plan Rows": 1,
                                                                                                                                                                        "Plan Width": 4,
                                                                                                                                                                        "Actual Startup Time": 0.002,
                                                                                                                                                                        "Actual Total Time": 0.003,
                                                                                                                                                                        "Actual Rows": 1,
                                                                                                                                                                        "Actual Loops": 2,
                                                                                                                                                                        "Hash Buckets": 1024,
                                                                                                                                                                        "Original Hash Buckets": 1024,
                                                                                                                                                                        "Hash Batches": 1,
                                                                                                                                                                        "Original Hash Batches": 1,
                                                                                                                                                                        "Peak Memory Usage": 9,
                                                                                                                                                                        "Workers": [],
                                                                                                                                                                        "Plans": [
                                                                                                                                                                            {
                                                                                                                                                                                "Node Type": "Seq Scan",
                                                                                                                                                                                "Parent Relationship": "Outer",
                                                                                                                                                                                "Parallel Aware": false,
                                                                                                                                                                                "Async Capable": false,
                                                                                                                                                                                "Relation Name": "comp_cast_type",
                                                                                                                                                                                "Alias": "cct1",
                                                                                                                                                                                "Startup Cost": 0.0,
                                                                                                                                                                                "Total Cost": 1.05,
                                                                                                                                                                                "Plan Rows": 1,
                                                                                                                                                                                "Plan Width": 4,
                                                                                                                                                                                "Actual Startup Time": 0.001,
                                                                                                                                                                                "Actual Total Time": 0.001,
                                                                                                                                                                                "Actual Rows": 1,
                                                                                                                                                                                "Actual Loops": 2,
                                                                                                                                                                                "Filter": "((kind)::text = 'cast'::text)",
                                                                                                                                                                                "Rows Removed by Filter": 3,
                                                                                                                                                                                "Workers": []
                                                                                                                                                                            }
                                                                                                                                                                        ]
                                                                                                                                                                    }
                                                                                                                                                                ]
                                                                                                                                                            },
                                                                                                                                                            {
                                                                                                                                                                "Node Type": "Hash",
                                                                                                                                                                "Parent Relationship": "Inner",
                                                                                                                                                                "Parallel Aware": false,
                                                                                                                                                                "Async Capable": false,
                                                                                                                                                                "Startup Cost": 1.05,
                                                                                                                                                                "Total Cost": 1.05,
                                                                                                                                                                "Plan Rows": 1,
                                                                                                                                                                "Plan Width": 4,
                                                                                                                                                                "Actual Startup Time": 0.014,
                                                                                                                                                                "Actual Total Time": 0.014,
                                                                                                                                                                "Actual Rows": 1,
                                                                                                                                                                "Actual Loops": 2,
                                                                                                                                                                "Hash Buckets": 1024,
                                                                                                                                                                "Original Hash Buckets": 1024,
                                                                                                                                                                "Hash Batches": 1,
                                                                                                                                                                "Original Hash Batches": 1,
                                                                                                                                                                "Peak Memory Usage": 9,
                                                                                                                                                                "Workers": [],
                                                                                                                                                                "Plans": [
                                                                                                                                                                    {
                                                                                                                                                                        "Node Type": "Seq Scan",
                                                                                                                                                                        "Parent Relationship": "Outer",
                                                                                                                                                                        "Parallel Aware": false,
                                                                                                                                                                        "Async Capable": false,
                                                                                                                                                                        "Relation Name": "comp_cast_type",
                                                                                                                                                                        "Alias": "cct2",
                                                                                                                                                                        "Startup Cost": 0.0,
                                                                                                                                                                        "Total Cost": 1.05,
                                                                                                                                                                        "Plan Rows": 1,
                                                                                                                                                                        "Plan Width": 4,
                                                                                                                                                                        "Actual Startup Time": 0.01,
                                                                                                                                                                        "Actual Total Time": 0.01,
                                                                                                                                                                        "Actual Rows": 1,
                                                                                                                                                                        "Actual Loops": 2,
                                                                                                                                                                        "Filter": "((kind)::text = 'complete+verified'::text)",
                                                                                                                                                                        "Rows Removed by Filter": 3,
                                                                                                                                                                        "Workers": []
                                                                                                                                                                    }
                                                                                                                                                                ]
                                                                                                                                                            }
                                                                                                                                                        ]
                                                                                                                                                    }
                                                                                                                                                ]
                                                                                                                                            }
                                                                                                                                        ]
                                                                                                                                    }
                                                                                                                                ]
                                                                                                                            }
                                                                                                                        ]
                                                                                                                    }
                                                                                                                ]
                                                                                                            }
                                                                                                        ]
                                                                                                    }
                                                                                                ]
                                                                                            }
                                                                                        ]
                                                                                    }
                                                                                ]
                                                                            }
                                                                        ]
                                                                    }
                                                                ]
                                                            }
                                                        ]
                                                    }
                                                ]
                                            },
                                            {
                                                "Node Type": "Seq Scan",
                                                "Parent Relationship": "Inner",
                                                "Parallel Aware": false,
                                                "Async Capable": false,
                                                "Relation Name": "role_type",
                                                "Alias": "rt",
                                                "Startup Cost": 0.0,
                                                "Total Cost": 1.15,
                                                "Plan Rows": 1,
                                                "Plan Width": 4,
                                                "Actual Startup Time": 0.0,
                                                "Actual Total Time": 0.0,
                                                "Actual Rows": 1,
                                                "Actual Loops": 1620,
                                                "Filter": "((role)::text = 'actress'::text)",
                                                "Rows Removed by Filter": 1,
                                                "Workers": []
                                            }
                                        ]
                                    }
                                ]
                            }
                        ]
                    },
                    "Planning Time": 496.828,
                    "Triggers": [],
                    "Execution Time": 2483.182
                }
            ],
            "hints": [
                "SET enable_hashjoin TO on",
                "SET enable_indexonlyscan TO on",
                "SET enable_indexscan TO off",
                "SET enable_mergejoin TO off",
                "SET enable_nestloop TO on",
                "SET enable_seqscan TO on"
            ]
        },
        {
            "arm": 3,
            "execution_time": 1878.977,
            "plan": [
                {
                    "Plan": {
                        "Node Type": "Aggregate",
                        "Strategy": "Plain",
                        "Partial Mode": "Finalize",
                        "Parallel Aware": false,
                        "Async Capable": false,
                        "Startup Cost": 866821.27,
                        "Total Cost": 866821.28,
                        "Plan Rows": 1,
                        "Plan Width": 96,
                        "Actual Startup Time": 1850.137,
                        "Actual Total Time": 1878.878,
                        "Actual Rows": 1,
                        "Actual Loops": 1,
                        "Plans": [
                            {
                                "Node Type": "Gather",
                                "Parent Relationship": "Outer",
                                "Parallel Aware": false,
                                "Async Capable": false,
                                "Startup Cost": 866821.16,
                                "Total Cost": 866821.27,
                                "Plan Rows": 1,
                                "Plan Width": 96,
                                "Actual Startup Time": 1849.881,
                                "Actual Total Time": 1878.873,
                                "Actual Rows": 2,
                                "Actual Loops": 1,
                                "Workers Planned": 1,
                                "Workers Launched": 1,
                                "Single Copy": false,
                                "Plans": [
                                    {
                                        "Node Type": "Aggregate",
                                        "Strategy": "Plain",
                                        "Partial Mode": "Partial",
                                        "Parent Relationship": "Outer",
                                        "Parallel Aware": false,
                                        "Async Capable": false,
                                        "Startup Cost": 865821.16,
                                        "Total Cost": 865821.17,
                                        "Plan Rows": 1,
                                        "Plan Width": 96,
                                        "Actual Startup Time": 1848.384,
                                        "Actual Total Time": 1848.405,
                                        "Actual Rows": 1,
                                        "Actual Loops": 2,
                                        "Workers": [],
                                        "Plans": [
                                            {
                                                "Node Type": "Hash Join",
                                                "Parent Relationship": "Outer",
                                                "Parallel Aware": false,
                                                "Async Capable": false,
                                                "Join Type": "Inner",
                                                "Startup Cost": 860865.84,
                                                "Total Cost": 865821.15,
                                                "Plan Rows": 1,
                                                "Plan Width": 48,
                                                "Actual Startup Time": 1842.893,
                                                "Actual Total Time": 1848.351,
                                                "Actual Rows": 810,
                                                "Actual Loops": 2,
                                                "Inner Unique": true,
                                                "Hash Cond": "(ci.role_id = rt.id)",
                                                "Workers": [],
                                                "Plans": [
                                                    {
                                                        "Node Type": "Hash Join",
                                                        "Parent Relationship": "Outer",
                                                        "Parallel Aware": true,
                                                        "Async Capable": false,
                                                        "Join Type": "Inner",
                                                        "Startup Cost": 860864.68,
                                                        "Total Cost": 865819.98,
                                                        "Plan Rows": 1,
                                                        "Plan Width": 52,
                                                        "Actual Startup Time": 1842.839,
                                                        "Actual Total Time": 1848.248,
                                                        "Actual Rows": 810,
                                                        "Actual Loops": 2,
                                                        "Inner Unique": false,
                                                        "Hash Cond": "(cn.id = mc.company_id)",
                                                        "Workers": [],
                                                        "Plans": [
                                                            {
                                                                "Node Type": "Seq Scan",
                                                                "Parent Relationship": "Outer",
                                                                "Parallel Aware": true,
                                                                "Async Capable": false,
                                                                "Relation Name": "company_name",
                                                                "Alias": "cn",
                                                                "Startup Cost": 0.0,
                                                                "Total Cost": 4767.92,
                                                                "Plan Rows": 49967,
                                                                "Plan Width": 4,
                                                                "Actual Startup Time": 0.005,
                                                                "Actual Total Time": 5.672,
                                                                "Actual Rows": 42422,
                                                                "Actual Loops": 2,
                                                                "Filter": "((country_code)::text = '[us]'::text)",
                                                                "Rows Removed by Filter": 75077,
                                                                "Workers": []
                                                            },
                                                            {
                                                                "Node Type": "Hash",
                                                                "Parent Relationship": "Inner",
                                                                "Parallel Aware": true,
                                                                "Async Capable": false,
                                                                "Startup Cost": 860864.67,
                                                                "Total Cost": 860864.67,
                                                                "Plan Rows": 1,
                                                                "Plan Width": 56,
                                                                "Actual Startup Time": 1841.128,
                                                                "Actual Total Time": 1841.147,
                                                                "Actual Rows": 3564,
                                                                "Actual Loops": 2,
                                                                "Hash Buckets": 8192,
                                                                "Original Hash Buckets": 1024,
                                                                "Hash Batches": 1,
                                                                "Original Hash Batches": 1,
                                                                "Peak Memory Usage": 664,
                                                                "Workers": [],
                                                                "Plans": [
                                                                    {
                                                                        "Node Type": "Hash Join",
                                                                        "Parent Relationship": "Outer",
                                                                        "Parallel Aware": true,
                                                                        "Async Capable": false,
                                                                        "Join Type": "Inner",
                                                                        "Startup Cost": 845767.66,
                                                                        "Total Cost": 860864.67,
                                                                        "Plan Rows": 1,
                                                                        "Plan Width": 56,
                                                                        "Actual Startup Time": 1794.99,
                                                                        "Actual Total Time": 1803.257,
                                                                        "Actual Rows": 3564,
                                                                        "Actual Loops": 2,
                                                                        "Inner Unique": false,
                                                                        "Hash Cond": "(n.id = ci.person_id)",
                                                                        "Workers": [],
                                                                        "Plans": [
                                                                            {
                                                                                "Node Type": "Hash Join",
                                                                                "Parent Relationship": "Outer",
                                                                                "Parallel Aware": true,
                                                                                "Async Capable": false,
                                                                                "Join Type": "Inner",
                                                                                "Startup Cost": 71406.02,
                                                                                "Total Cost": 86492.81,
                                                                                "Plan Rows": 2722,
                                                                                "Plan Width": 23,
                                                                                "Actual Startup Time": 111.866,
                                                                                "Actual Total Time": 150.037,
                                                                                "Actual Rows": 5262,
                                                                                "Actual Loops": 2,
                                                                                "Inner Unique": true,
                                                                                "Hash Cond": "(an.person_id = n.id)",
                                                                                "Workers": [],
                                                                                "Plans": [
                                                                                    {
                                                                                        "Node Type": "Seq Scan",
                                                                                        "Parent Relationship": "Outer",
                                                                                        "Parallel Aware": true,
                                                                                        "Async Capable": false,
                                                                                        "Relation Name": "aka_name",
                                                                                        "Alias": "an",
                                                                                        "Startup Cost": 0.0,
                                                                                        "Total Cost": 14323.56,
                                                                                        "Plan Rows": 290756,
                                                                                        "Plan Width": 4,
                                                                                        "Actual Startup Time": 0.004,
                                                                                        "Actual Total Time": 17.466,
                                                                                        "Actual Rows": 450672,
                                                                                        "Actual Loops": 2,
                                                                                        "Workers": []
                                                                                    },
                                                                                    {
                                                                                        "Node Type": "Hash",
                                                                                        "Parent Relationship": "Inner",
                                                                                        "Parallel Aware": true,
                                                                                        "Async Capable": false,
                                                                                        "Startup Cost": 71284.09,
                                                                                        "Total Cost": 71284.09,
                                                                                        "Plan Rows": 9754,
                                                                                        "Plan Width": 19,
                                                                                        "Actual Startup Time": 111.706,
                                                                                        "Actual Total Time": 111.707,
                                                                                        "Actual Rows": 25006,
                                                                                        "Actual Loops": 2,
                                                                                        "Hash Buckets": 65536,
                                                                                        "Original Hash Buckets": 65536,
                                                                                        "Hash Batches": 1,
                                                                                        "Original Hash Batches": 1,
                                                                                        "Peak Memory Usage": 3296,
                                                                                        "Workers": [],
                                                                                        "Plans": [
                                                                                            {
                                                                                                "Node Type": "Seq Scan",
                                                                                                "Parent Relationship": "Outer",
                                                                                                "Parallel Aware": true,
                                                                                                "Async Capable": false,
                                                                                                "Relation Name": "name",
                                                                                                "Alias": "n",
                                                                                                "Startup Cost": 0.0,
                                                                                                "Total Cost": 71284.09,
                                                                                                "Plan Rows": 9754,
                                                                                                "Plan Width": 19,
                                                                                                "Actual Startup Time": 45.143,
                                                                                                "Actual Total Time": 109.298,
                                                                                                "Actual Rows": 25006,
                                                                                                "Actual Loops": 2,
                                                                                                "Filter": "((name ~~ '%An%'::text) AND ((gender)::text = 'f'::text))",
                                                                                                "Rows Removed by Filter": 2058740,
                                                                                                "Workers": []
                                                                                            }
                                                                                        ]
                                                                                    }
                                                                                ]
                                                                            },
                                                                            {
                                                                                "Node Type": "Hash",
                                                                                "Parent Relationship": "Inner",
                                                                                "Parallel Aware": true,
                                                                                "Async Capable": false,
                                                                                "Startup Cost": 774361.63,
                                                                                "Total Cost": 774361.63,
                                                                                "Plan Rows": 1,
                                                                                "Plan Width": 49,
                                                                                "Actual Startup Time": 1652.768,
                                                                                "Actual Total Time": 1652.785,
                                                                                "Actual Rows": 1188,
                                                                                "Actual Loops": 2,
                                                                                "Hash Buckets": 2048,
                                                                                "Original Hash Buckets": 1024,
                                                                                "Hash Batches": 1,
                                                                                "Original Hash Batches": 1,
                                                                                "Peak Memory Usage": 184,
                                                                                "Workers": [],
                                                                                "Plans": [
                                                                                    {
                                                                                        "Node Type": "Hash Join",
                                                                                        "Parent Relationship": "Outer",
                                                                                        "Parallel Aware": true,
                                                                                        "Async Capable": false,
                                                                                        "Join Type": "Inner",
                                                                                        "Startup Cost": 568143.68,
                                                                                        "Total Cost": 774361.63,
                                                                                        "Plan Rows": 1,
                                                                                        "Plan Width": 49,
                                                                                        "Actual Startup Time": 1652.454,
                                                                                        "Actual Total Time": 1652.53,
                                                                                        "Actual Rows": 1188,
                                                                                        "Actual Loops": 2,
                                                                                        "Inner Unique": false,
                                                                                        "Hash Cond": "(mi.movie_id = t.id)",
                                                                                        "Workers": [],
                                                                                        "Plans": [
                                                                                            {
                                                                                                "Node Type": "Hash Join",
                                                                                                "Parent Relationship": "Outer",
                                                                                                "Parallel Aware": false,
                                                                                                "Async Capable": false,
                                                                                                "Join Type": "Inner",
                                                                                                "Startup Cost": 2.43,
                                                                                                "Total Cost": 206218.83,
                                                                                                "Plan Rows": 409,
                                                                                                "Plan Width": 4,
                                                                                                "Actual Startup Time": 0.906,
                                                                                                "Actual Total Time": 395.547,
                                                                                                "Actual Rows": 225520,
                                                                                                "Actual Loops": 2,
                                                                                                "Inner Unique": true,
                                                                                                "Hash Cond": "(mi.info_type_id = it.id)",
                                                                                                "Workers": [],
                                                                                                "Plans": [
                                                                                                    {
                                                                                                        "Node Type": "Seq Scan",
                                                                                                        "Parent Relationship": "Outer",
                                                                                                        "Parallel Aware": true,
                                                                                                        "Async Capable": false,
                                                                                                        "Relation Name": "movie_info",
                                                                                                        "Alias": "mi",
                                                                                                        "Startup Cost": 0.0,
                                                                                                        "Total Cost": 206090.53,
                                                                                                        "Plan Rows": 46217,
                                                                                                        "Plan Width": 8,
                                                                                                        "Actual Startup Time": 0.887,
                                                                                                        "Actual Total Time": 382.26,
                                                                                                        "Actual Rows": 225552,
                                                                                                        "Actual Loops": 2,
                                                                                                        "Filter": "((info IS NOT NULL) AND ((info ~~ 'Japan:%200%'::text) OR (info ~~ 'USA:%200%'::text)))",
                                                                                                        "Rows Removed by Filter": 7192308,
                                                                                                        "Workers": []
                                                                                                    },
                                                                                                    {
                                                                                                        "Node Type": "Hash",
                                                                                                        "Parent Relationship": "Inner",
                                                                                                        "Parallel Aware": false,
                                                                                                        "Async Capable": false,
                                                                                                        "Startup Cost": 2.41,
                                                                                                        "Total Cost": 2.41,
                                                                                                        "Plan Rows": 1,
                                                                                                        "Plan Width": 4,
                                                                                                        "Actual Startup Time": 0.007,
                                                                                                        "Actual Total Time": 0.008,
                                                                                                        "Actual Rows": 1,
                                                                                                        "Actual Loops": 2,
                                                                                                        "Hash Buckets": 1024,
                                                                                                        "Original Hash Buckets": 1024,
                                                                                                        "Hash Batches": 1,
                                                                                                        "Original Hash Batches": 1,
                                                                                                        "Peak Memory Usage": 9,
                                                                                                        "Workers": [],
                                                                                                        "Plans": [
                                                                                                            {
                                                                                                                "Node Type": "Seq Scan",
                                                                                                                "Parent Relationship": "Outer",
                                                                                                                "Parallel Aware": false,
                                                                                                                "Async Capable": false,
                                                                                                                "Relation Name": "info_type",
                                                                                                                "Alias": "it",
                                                                                                                "Startup Cost": 0.0,
                                                                                                                "Total Cost": 2.41,
                                                                                                                "Plan Rows": 1,
                                                                                                                "Plan Width": 4,
                                                                                                                "Actual Startup Time": 0.004,
                                                                                                                "Actual Total Time": 0.006,
                                                                                                                "Actual Rows": 1,
                                                                                                                "Actual Loops": 2,
                                                                                                                "Filter": "((info)::text = 'release dates'::text)",
                                                                                                                "Rows Removed by Filter": 112,
                                                                                                                "Workers": []
                                                                                                            }
                                                                                                        ]
                                                                                                    }
                                                                                                ]
                                                                                            },
                                                                                            {
                                                                                                "Node Type": "Hash",
                                                                                                "Parent Relationship": "Inner",
                                                                                                "Parallel Aware": true,
                                                                                                "Async Capable": false,
                                                                                                "Startup Cost": 568141.25,
                                                                                                "Total Cost": 568141.25,
                                                                                                "Plan Rows": 1,
                                                                                                "Plan Width": 69,
                                                                                                "Actual Startup Time": 1250.641,
                                                                                                "Actual Total Time": 1250.655,
                                                                                                "Actual Rows": 594,
                                                                                                "Actual Loops": 2,
                                                                                                "Hash Buckets": 2048,
                                                                                                "Original Hash Buckets": 1024,
                                                                                                "Hash Batches": 1,
                                                                                                "Original Hash Batches": 1,
                                                                                                "Peak Memory Usage": 152,
                                                                                                "Workers": [],
                                                                                                "Plans": [
                                                                                                    {
                                                                                                        "Node Type": "Hash Join",
                                                                                                        "Parent Relationship": "Outer",
                                                                                                        "Parallel Aware": true,
                                                                                                        "Async Capable": false,
                                                                                                        "Join Type": "Inner",
                                                                                                        "Startup Cost": 507617.96,
                                                                                                        "Total Cost": 568141.25,
                                                                                                        "Plan Rows": 1,
                                                                                                        "Plan Width": 69,
                                                                                                        "Actual Startup Time": 1125.203,
                                                                                                        "Actual Total Time": 1125.333,
                                                                                                        "Actual Rows": 594,
                                                                                                        "Actual Loops": 2,
                                                                                                        "Inner Unique": false,
                                                                                                        "Hash Cond": "(pi.person_id = ci.person_id)",
                                                                                                        "Workers": [],
                                                                                                        "Plans": [
                                                                                                            {
                                                                                                                "Node Type": "Hash Join",
                                                                                                                "Parent Relationship": "Outer",
                                                                                                                "Parallel Aware": false,
                                                                                                                "Async Capable": false,
                                                                                                                "Join Type": "Inner",
                                                                                                                "Startup Cost": 2.43,
                                                                                                                "Total Cost": 60501.14,
                                                                                                                "Plan Rows": 6551,
                                                                                                                "Plan Width": 4,
                                                                                                                "Actual Startup Time": 0.028,
                                                                                                                "Actual Total Time": 120.466,
                                                                                                                "Actual Rows": 310263,
                                                                                                                "Actual Loops": 2,
                                                                                                                "Inner Unique": true,
                                                                                                                "Hash Cond": "(pi.info_type_id = it3.id)",
                                                                                                                "Workers": [],
                                                                                                                "Plans": [
                                                                                                                    {
                                                                                                                        "Node Type": "Seq Scan",
                                                                                                                        "Parent Relationship": "Outer",
                                                                                                                        "Parallel Aware": true,
                                                                                                                        "Async Capable": false,
                                                                                                                        "Relation Name": "person_info",
                                                                                                                        "Alias": "pi",
                                                                                                                        "Startup Cost": 0.0,
                                                                                                                        "Total Cost": 58482.64,
                                                                                                                        "Plan Rows": 740264,
                                                                                                                        "Plan Width": 8,
                                                                                                                        "Actual Startup Time": 0.003,
                                                                                                                        "Actual Total Time": 65.664,
                                                                                                                        "Actual Rows": 1481832,
                                                                                                                        "Actual Loops": 2,
                                                                                                                        "Workers": []
                                                                                                                    },
                                                                                                                    {
                                                                                                                        "Node Type": "Hash",
                                                                                                                        "Parent Relationship": "Inner",
                                                                                                                        "Parallel Aware": false,
                                                                                                                        "Async Capable": false,
                                                                                                                        "Startup Cost": 2.41,
                                                                                                                        "Total Cost": 2.41,
                                                                                                                        "Plan Rows": 1,
                                                                                                                        "Plan Width": 4,
                                                                                                                        "Actual Startup Time": 0.012,
                                                                                                                        "Actual Total Time": 0.013,
                                                                                                                        "Actual Rows": 1,
                                                                                                                        "Actual Loops": 2,
                                                                                                                        "Hash Buckets": 1024,
                                                                                                                        "Original Hash Buckets": 1024,
                                                                                                                        "Hash Batches": 1,
                                                                                                                        "Original Hash Batches": 1,
                                                                                                                        "Peak Memory Usage": 9,
                                                                                                                        "Workers": [],
                                                                                                                        "Plans": [
                                                                                                                            {
                                                                                                                                "Node Type": "Seq Scan",
                                                                                                                                "Parent Relationship": "Outer",
                                                                                                                                "Parallel Aware": false,
                                                                                                                                "Async Capable": false,
                                                                                                                                "Relation Name": "info_type",
                                                                                                                                "Alias": "it3",
                                                                                                                                "Startup Cost": 0.0,
                                                                                                                                "Total Cost": 2.41,
                                                                                                                                "Plan Rows": 1,
                                                                                                                                "Plan Width": 4,
                                                                                                                                "Actual Startup Time": 0.009,
                                                                                                                                "Actual Total Time": 0.011,
                                                                                                                                "Actual Rows": 1,
                                                                                                                                "Actual Loops": 2,
                                                                                                                                "Filter": "((info)::text = 'trivia'::text)",
                                                                                                                                "Rows Removed by Filter": 112,
                                                                                                                                "Workers": []
                                                                                                                            }
                                                                                                                        ]
                                                                                                                    }
                                                                                                                ]
                                                                                                            },
                                                                                                            {
                                                                                                                "Node Type": "Hash",
                                                                                                                "Parent Relationship": "Inner",
                                                                                                                "Parallel Aware": true,
                                                                                                                "Async Capable": false,
                                                                                                                "Startup Cost": 507615.52,
                                                                                                                "Total Cost": 507615.52,
                                                                                                                "Plan Rows": 1,
                                                                                                                "Plan Width": 65,
                                                                                                                "Actual Startup Time": 996.811,
                                                                                                                "Actual Total Time": 996.822,
                                                                                                                "Actual Rows": 11,
                                                                                                                "Actual Loops": 2,
                                                                                                                "Hash Buckets": 1024,
                                                                                                                "Original Hash Buckets": 1024,
                                                                                                                "Hash Batches": 1,
                                                                                                                "Original Hash Batches": 1,
                                                                                                                "Peak Memory Usage": 40,
                                                                                                                "Workers": [],
                                                                                                                "Plans": [
                                                                                                                    {
                                                                                                                        "Node Type": "Hash Join",
                                                                                                                        "Parent Relationship": "Outer",
                                                                                                                        "Parallel Aware": true,
                                                                                                                        "Async Capable": false,
                                                                                                                        "Join Type": "Inner",
                                                                                                                        "Startup Cost": 171478.77,
                                                                                                                        "Total Cost": 507615.52,
                                                                                                                        "Plan Rows": 1,
                                                                                                                        "Plan Width": 65,
                                                                                                                        "Actual Startup Time": 996.785,
                                                                                                                        "Actual Total Time": 996.798,
                                                                                                                        "Actual Rows": 11,
                                                                                                                        "Actual Loops": 2,
                                                                                                                        "Inner Unique": false,
                                                                                                                        "Hash Cond": "(ci.movie_id = t.id)",
                                                                                                                        "Workers": [],
                                                                                                                        "Plans": [
                                                                                                                            {
                                                                                                                                "Node Type": "Hash Join",
                                                                                                                                "Parent Relationship": "Outer",
                                                                                                                                "Parallel Aware": true,
                                                                                                                                "Async Capable": false,
                                                                                                                                "Join Type": "Inner",
                                                                                                                                "Startup Cost": 46261.6,
                                                                                                                                "Total Cost": 382398.33,
                                                                                                                                "Plan Rows": 1,
                                                                                                                                "Plan Width": 28,
                                                                                                                                "Actual Startup Time": 65.252,
                                                                                                                                "Actual Total Time": 699.355,
                                                                                                                                "Actual Rows": 38,
                                                                                                                                "Actual Loops": 2,
                                                                                                                                "Inner Unique": true,
                                                                                                                                "Hash Cond": "(ci.person_role_id = chn.id)",
                                                                                                                                "Workers": [],
                                                                                                                                "Plans": [
                                                                                                                                    {
                                                                                                                                        "Node Type": "Seq Scan",
                                                                                                                                        "Parent Relationship": "Outer",
                                                                                                                                        "Parallel Aware": true,
                                                                                                                                        "Async Capable": false,
                                                                                                                                        "Relation Name": "cast_info",
                                                                                                                                        "Alias": "ci",
                                                                                                                                        "Startup Cost": 0.0,
                                                                                                                                        "Total Cost": 335779.96,
                                                                                                                                        "Plan Rows": 135916,
                                                                                                                                        "Plan Width": 16,
                                                                                                                                        "Actual Startup Time": 0.035,
                                                                                                                                        "Actual Total Time": 633.958,
                                                                                                                                        "Actual Rows": 418350,
                                                                                                                                        "Actual Loops": 2,
                                                                                                                                        "Filter": "(note = ANY ('{(voice),\"(voice) (uncredited)\",\"(voice: English version)\"}'::text[]))",
                                                                                                                                        "Rows Removed by Filter": 17703822,
                                                                                                                                        "Workers": []
                                                                                                                                    },
                                                                                                                                    {
                                                                                                                                        "Node Type": "Hash",
                                                                                                                                        "Parent Relationship": "Inner",
                                                                                                                                        "Parallel Aware": true,
                                                                                                                                        "Async Capable": false,
                                                                                                                                        "Startup Cost": 46261.59,
                                                                                                                                        "Total Cost": 46261.59,
                                                                                                                                        "Plan Rows": 1,
                                                                                                                                        "Plan Width": 20,
                                                                                                                                        "Actual Startup Time": 54.94,
                                                                                                                                        "Actual Total Time": 54.94,
                                                                                                                                        "Actual Rows": 0,
                                                                                                                                        "Actual Loops": 2,
                                                                                                                                        "Hash Buckets": 1024,
                                                                                                                                        "Original Hash Buckets": 1024,
                                                                                                                                        "Hash Batches": 1,
                                                                                                                                        "Original Hash Batches": 1,
                                                                                                                                        "Peak Memory Usage": 40,
                                                                                                                                        "Workers": [],
                                                                                                                                        "Plans": [
                                                                                                                                            {
                                                                                                                                                "Node Type": "Seq Scan",
                                                                                                                                                "Parent Relationship": "Outer",
                                                                                                                                                "Parallel Aware": true,
                                                                                                                                                "Async Capable": false,
                                                                                                                                                "Relation Name": "char_name",
                                                                                                                                                "Alias": "chn",
                                                                                                                                                "Startup Cost": 0.0,
                                                                                                                                                "Total Cost": 46261.59,
                                                                                                                                                "Plan Rows": 1,
                                                                                                                                                "Plan Width": 20,
                                                                                                                                                "Actual Startup Time": 28.922,
                                                                                                                                                "Actual Total Time": 54.927,
                                                                                                                                                "Actual Rows": 0,
                                                                                                                                                "Actual Loops": 2,
                                                                                                                                                "Filter": "(name = 'Queen'::text)",
                                                                                                                                                "Rows Removed by Filter": 1570169,
                                                                                                                                                "Workers": []
                                                                                                                                            }
                                                                                                                                        ]
                                                                                                                                    }
                                                                                                                                ]
                                                                                                                            },
                                                                                                                            {
                                                                                                                                "Node Type": "Hash",
                                                                                                                                "Parent Relationship": "Inner",
                                                                                                                                "Parallel Aware": true,
                                                                                                                                "Async Capable": false,
                                                                                                                                "Startup Cost": 125217.16,
                                                                                                                                "Total Cost": 125217.16,
                                                                                                                                "Plan Rows": 1,
                                                                                                                                "Plan Width": 37,
                                                                                                                                "Actual Startup Time": 297.416,
                                                                                                                                "Actual Total Time": 297.424,
                                                                                                                                "Actual Rows": 11,
                                                                                                                                "Actual Loops": 2,
                                                                                                                                "Hash Buckets": 1024,
                                                                                                                                "Original Hash Buckets": 1024,
                                                                                                                                "Hash Batches": 1,
                                                                                                                                "Original Hash Batches": 1,
                                                                                                                                "Peak Memory Usage": 40,
                                                                                                                                "Workers": [],
                                                                                                                                "Plans": [
                                                                                                                                    {
                                                                                                                                        "Node Type": "Hash Join",
                                                                                                                                        "Parent Relationship": "Outer",
                                                                                                                                        "Parallel Aware": true,
                                                                                                                                        "Async Capable": false,
                                                                                                                                        "Join Type": "Inner",
                                                                                                                                        "Startup Cost": 82312.92,
                                                                                                                                        "Total Cost": 125217.16,
                                                                                                                                        "Plan Rows": 1,
                                                                                                                                        "Plan Width": 37,
                                                                                                                                        "Actual Startup Time": 279.948,
                                                                                                                                        "Actual Total Time": 297.412,
                                                                                                                                        "Actual Rows": 11,
                                                                                                                                        "Actual Loops": 2,
                                                                                                                                        "Inner Unique": false,
                                                                                                                                        "Hash Cond": "(mk.movie_id = t.id)",
                                                                                                                                        "Workers": [],
                                                                                                                                        "Plans": [
                                                                                                                                            {
                                                                                                                                                "Node Type": "Hash Join",
                                                                                                                                                "Parent Relationship": "Outer",
                                                                                                                                                "Parallel Aware": false,
                                                                                                                                                "Async Capable": false,
                                                                                                                                                "Join Type": "Inner",
                                                                                                                                                "Startup Cost": 2685.14,
                                                                                                                                                "Total Cost": 45589.33,
                                                                                                                                                "Plan Rows": 11,
                                                                                                                                                "Plan Width": 4,
                                                                                                                                                "Actual Startup Time": 4.814,
                                                                                                                                                "Actual Total Time": 142.546,
                                                                                                                                                "Actual Rows": 207,
                                                                                                                                                "Actual Loops": 2,
                                                                                                                                                "Inner Unique": true,
                                                                                                                                                "Hash Cond": "(mk.keyword_id = k.id)",
                                                                                                                                                "Workers": [],
                                                                                                                                                "Plans": [
                                                                                                                                                    {
                                                                                                                                                        "Node Type": "Seq Scan",
                                                                                                                                                        "Parent Relationship": "Outer",
                                                                                                                                                        "Parallel Aware": true,
                                                                                                                                                        "Async Capable": false,
                                                                                                                                                        "Relation Name": "movie_keyword",
                                                                                                                                                        "Alias": "mk",
                                                                                                                                                        "Startup Cost": 0.0,
                                                                                                                                                        "Total Cost": 39073.32,
                                                                                                                                                        "Plan Rows": 1459332,
                                                                                                                                                        "Plan Width": 8,
                                                                                                                                                        "Actual Startup Time": 0.003,
                                                                                                                                                        "Actual Total Time": 77.196,
                                                                                                                                                        "Actual Rows": 2261965,
                                                                                                                                                        "Actual Loops": 2,
                                                                                                                                                        "Workers": []
                                                                                                                                                    },
                                                                                                                                                    {
                                                                                                                                                        "Node Type": "Hash",
                                                                                                                                                        "Parent Relationship": "Inner",
                                                                                                                                                        "Parallel Aware": false,
                                                                                                                                                        "Async Capable": false,
                                                                                                                                                        "Startup Cost": 2685.12,
                                                                                                                                                        "Total Cost": 2685.12,
                                                                                                                                                        "Plan Rows": 1,
                                                                                                                                                        "Plan Width": 4,
                                                                                                                                                        "Actual Startup Time": 3.64,
                                                                                                                                                        "Actual Total Time": 3.64,
                                                                                                                                                        "Actual Rows": 1,
                                                                                                                                                        "Actual Loops": 2,
                                                                                                                                                        "Hash Buckets": 1024,
                                                                                                                                                        "Original Hash Buckets": 1024,
                                                                                                                                                        "Hash Batches": 1,
                                                                                                                                                        "Original Hash Batches": 1,
                                                                                                                                                        "Peak Memory Usage": 9,
                                                                                                                                                        "Workers": [],
                                                                                                                                                        "Plans": [
                                                                                                                                                            {
                                                                                                                                                                "Node Type": "Seq Scan",
                                                                                                                                                                "Parent Relationship": "Outer",
                                                                                                                                                                "Parallel Aware": false,
                                                                                                                                                                "Async Capable": false,
                                                                                                                                                                "Relation Name": "keyword",
                                                                                                                                                                "Alias": "k",
                                                                                                                                                                "Startup Cost": 0.0,
                                                                                                                                                                "Total Cost": 2685.12,
                                                                                                                                                                "Plan Rows": 1,
                                                                                                                                                                "Plan Width": 4,
                                                                                                                                                                "Actual Startup Time": 0.02,
                                                                                                                                                                "Actual Total Time": 3.638,
                                                                                                                                                                "Actual Rows": 1,
                                                                                                                                                                "Actual Loops": 2,
                                                                                                                                                                "Filter": "(keyword = 'computer-animation'::text)",
                                                                                                                                                                "Rows Removed by Filter": 134169,
                                                                                                                                                                "Workers": []
                                                                                                                                                            }
                                                                                                                                                        ]
                                                                                                                                                    }
                                                                                                                                                ]
                                                                                                                                            },
                                                                                                                                            {
                                                                                                                                                "Node Type": "Hash",
                                                                                                                                                "Parent Relationship": "Inner",
                                                                                                                                                "Parallel Aware": true,
                                                                                                                                                "Async Capable": false,
                                                                                                                                                "Startup Cost": 79627.77,
                                                                                                                                                "Total Cost": 79627.77,
                                                                                                                                                "Plan Rows": 1,
                                                                                                                                                "Plan Width": 33,
                                                                                                                                                "Actual Startup Time": 154.826,
                                                                                                                                                "Actual Total Time": 154.832,
                                                                                                                                                "Actual Rows": 11,
                                                                                                                                                "Actual Loops": 2,
                                                                                                                                                "Hash Buckets": 1024,
                                                                                                                                                "Original Hash Buckets": 1024,
                                                                                                                                                "Hash Batches": 1,
                                                                                                                                                "Original Hash Batches": 1,
                                                                                                                                                "Peak Memory Usage": 72,
                                                                                                                                                "Workers": [],
                                                                                                                                                "Plans": [
                                                                                                                                                    {
                                                                                                                                                        "Node Type": "Hash Join",
                                                                                                                                                        "Parent Relationship": "Outer",
                                                                                                                                                        "Parallel Aware": false,
                                                                                                                                                        "Async Capable": false,
                                                                                                                                                        "Join Type": "Inner",
                                                                                                                                                        "Startup Cost": 50177.86,
                                                                                                                                                        "Total Cost": 79627.77,
                                                                                                                                                        "Plan Rows": 1,
                                                                                                                                                        "Plan Width": 33,
                                                                                                                                                        "Actual Startup Time": 126.444,
                                                                                                                                                        "Actual Total Time": 154.813,
                                                                                                                                                        "Actual Rows": 11,
                                                                                                                                                        "Actual Loops": 2,
                                                                                                                                                        "Inner Unique": false,
                                                                                                                                                        "Hash Cond": "(t.id = cc.movie_id)",
                                                                                                                                                        "Workers": [],
                                                                                                                                                        "Plans": [
                                                                                                                                                            {
                                                                                                                                                                "Node Type": "Hash Join",
                                                                                                                                                                "Parent Relationship": "Outer",
                                                                                                                                                                "Parallel Aware": true,
                                                                                                                                                                "Async Capable": false,
                                                                                                                                                                "Join Type": "Inner",
                                                                                                                                                                "Startup Cost": 47070.44,
                                                                                                                                                                "Total Cost": 76520.33,
                                                                                                                                                                "Plan Rows": 2,
                                                                                                                                                                "Plan Width": 29,
                                                                                                                                                                "Actual Startup Time": 111.476,
                                                                                                                                                                "Actual Total Time": 139.839,
                                                                                                                                                                "Actual Rows": 12,
                                                                                                                                                                "Actual Loops": 2,
                                                                                                                                                                "Inner Unique": true,
                                                                                                                                                                "Hash Cond": "(mc.movie_id = t.id)",
                                                                                                                                                                "Workers": [],
                                                                                                                                                                "Plans": [
                                                                                                                                                                    {
                                                                                                                                                                        "Node Type": "Seq Scan",
                                                                                                                                                                        "Parent Relationship": "Outer",
                                                                                                                                                                        "Parallel Aware": true,
                                                                                                                                                                        "Async Capable": false,
                                                                                                                                                                        "Relation Name": "movie_companies",
                                                                                                                                                                        "Alias": "mc",
                                                                                                                                                                        "Startup Cost": 0.0,
                                                                                                                                                                        "Total Cost": 27240.55,
                                                                                                                                                                        "Plan Rows": 841655,
                                                                                                                                                                        "Plan Width": 8,
                                                                                                                                                                        "Actual Startup Time": 0.002,
                                                                                                                                                                        "Actual Total Time": 46.577,
                                                                                                                                                                        "Actual Rows": 1304564,
                                                                                                                                                                        "Actual Loops": 2,
                                                                                                                                                                        "Workers": []
                                                                                                                                                                    },
                                                                                                                                                                    {
                                                                                                                                                                        "Node Type": "Hash",
                                                                                                                                                                        "Parent Relationship": "Inner",
                                                                                                                                                                        "Parallel Aware": true,
                                                                                                                                                                        "Async Capable": false,
                                                                                                                                                                        "Startup Cost": 47070.42,
                                                                                                                                                                        "Total Cost": 47070.42,
                                                                                                                                                                        "Plan Rows": 2,
                                                                                                                                                                        "Plan Width": 21,
                                                                                                                                                                        "Actual Startup Time": 57.359,
                                                                                                                                                                        "Actual Total Time": 57.36,
                                                                                                                                                                        "Actual Rows": 2,
                                                                                                                                                                        "Actual Loops": 2,
                                                                                                                                                                        "Hash Buckets": 1024,
                                                                                                                                                                        "Original Hash Buckets": 1024,
                                                                                                                                                                        "Hash Batches": 1,
                                                                                                                                                                        "Original Hash Batches": 1,
                                                                                                                                                                        "Peak Memory Usage": 72,
                                                                                                                                                                        "Workers": [],
                                                                                                                                                                        "Plans": [
                                                                                                                                                                            {
                                                                                                                                                                                "Node Type": "Seq Scan",
                                                                                                                                                                                "Parent Relationship": "Outer",
                                                                                                                                                                                "Parallel Aware": true,
                                                                                                                                                                                "Async Capable": false,
                                                                                                                                                                                "Relation Name": "title",
                                                                                                                                                                                "Alias": "t",
                                                                                                                                                                                "Startup Cost": 0.0,
                                                                                                                                                                                "Total Cost": 47070.42,
                                                                                                                                                                                "Plan Rows": 2,
                                                                                                                                                                                "Plan Width": 21,
                                                                                                                                                                                "Actual Startup Time": 26.194,
                                                                                                                                                                                "Actual Total Time": 57.351,
                                                                                                                                                                                "Actual Rows": 2,
                                                                                                                                                                                "Actual Loops": 2,
                                                                                                                                                                                "Filter": "((production_year >= 2000) AND (production_year <= 2010) AND (title = 'Shrek 2'::text))",
                                                                                                                                                                                "Rows Removed by Filter": 1264154,
                                                                                                                                                                                "Workers": []
                                                                                                                                                                            }
                                                                                                                                                                        ]
                                                                                                                                                                    }
                                                                                                                                                                ]
                                                                                                                                                            },
                                                                                                                                                            {
                                                                                                                                                                "Node Type": "Hash",
                                                                                                                                                                "Parent Relationship": "Inner",
                                                                                                                                                                "Parallel Aware": false,
                                                                                                                                                                "Async Capable": false,
                                                                                                                                                                "Startup Cost": 3001.88,
                                                                                                                                                                "Total Cost": 3001.88,
                                                                                                                                                                "Plan Rows": 8443,
                                                                                                                                                                "Plan Width": 4,
                                                                                                                                                                "Actual Startup Time": 14.95,
                                                                                                                                                                "Actual Total Time": 14.954,
                                                                                                                                                                "Actual Rows": 17879,
                                                                                                                                                                "Actual Loops": 2,
                                                                                                                                                                "Hash Buckets": 32768,
                                                                                                                                                                "Original Hash Buckets": 16384,
                                                                                                                                                                "Hash Batches": 1,
                                                                                                                                                                "Original Hash Batches": 1,
                                                                                                                                                                "Peak Memory Usage": 885,
                                                                                                                                                                "Workers": [],
                                                                                                                                                                "Plans": [
                                                                                                                                                                    {
                                                                                                                                                                        "Node Type": "Hash Join",
                                                                                                                                                                        "Parent Relationship": "Outer",
                                                                                                                                                                        "Parallel Aware": false,
                                                                                                                                                                        "Async Capable": false,
                                                                                                                                                                        "Join Type": "Inner",
                                                                                                                                                                        "Startup Cost": 2.12,
                                                                                                                                                                        "Total Cost": 3001.88,
                                                                                                                                                                        "Plan Rows": 8443,
                                                                                                                                                                        "Plan Width": 4,
                                                                                                                                                                        "Actual Startup Time": 0.023,
                                                                                                                                                                        "Actual Total Time": 14.117,
                                                                                                                                                                        "Actual Rows": 17879,
                                                                                                                                                                        "Actual Loops": 2,
                                                                                                                                                                        "Inner Unique": true,
                                                                                                                                                                        "Hash Cond": "(cc.status_id = cct2.id)",
                                                                                                                                                                        "Workers": [],
                                                                                                                                                                        "Plans": [
                                                                                                                                                                            {
                                                                                                                                                                                "Node Type": "Hash Join",
                                                                                                                                                                                "Parent Relationship": "Outer",
                                                                                                                                                                                "Parallel Aware": false,
                                                                                                                                                                                "Async Capable": false,
                                                                                                                                                                                "Join Type": "Inner",
                                                                                                                                                                                "Startup Cost": 1.06,
                                                                                                                                                                                "Total Cost": 2818.24,
                                                                                                                                                                                "Plan Rows": 33772,
                                                                                                                                                                                "Plan Width": 8,
                                                                                                                                                                                "Actual Startup Time": 0.012,
                                                                                                                                                                                "Actual Total Time": 11.26,
                                                                                                                                                                                "Actual Rows": 85941,
                                                                                                                                                                                "Actual Loops": 2,
                                                                                                                                                                                "Inner Unique": true,
                                                                                                                                                                                "Hash Cond": "(cc.subject_id = cct1.id)",
                                                                                                                                                                                "Workers": [],
                                                                                                                                                                                "Plans": [
                                                                                                                                                                                    {
                                                                                                                                                                                        "Node Type": "Seq Scan",
                                                                                                                                                                                        "Parent Relationship": "Outer",
                                                                                                                                                                                        "Parallel Aware": false,
                                                                                                                                                                                        "Async Capable": false,
                                                                                                                                                                                        "Relation Name": "complete_cast",
                                                                                                                                                                                        "Alias": "cc",
                                                                                                                                                                                        "Startup Cost": 0.0,
                                                                                                                                                                                        "Total Cost": 2086.86,
                                                                                                                                                                                        "Plan Rows": 135086,
                                                                                                                                                                                        "Plan Width": 12,
                                                                                                                                                                                        "Actual Startup Time": 0.006,
                                                                                                                                                                                        "Actual Total Time": 4.431,
                                                                                                                                                                                        "Actual Rows": 135086,
                                                                                                                                                                                        "Actual Loops": 2,
                                                                                                                                                                                        "Workers": []
                                                                                                                                                                                    },
                                                                                                                                                                                    {
                                                                                                                                                                                        "Node Type": "Hash",
                                                                                                                                                                                        "Parent Relationship": "Inner",
                                                                                                                                                                                        "Parallel Aware": false,
                                                                                                                                                                                        "Async Capable": false,
                                                                                                                                                                                        "Startup Cost": 1.05,
                                                                                                                                                                                        "Total Cost": 1.05,
                                                                                                                                                                                        "Plan Rows": 1,
                                                                                                                                                                                        "Plan Width": 4,
                                                                                                                                                                                        "Actual Startup Time": 0.001,
                                                                                                                                                                                        "Actual Total Time": 0.002,
                                                                                                                                                                                        "Actual Rows": 1,
                                                                                                                                                                                        "Actual Loops": 2,
                                                                                                                                                                                        "Hash Buckets": 1024,
                                                                                                                                                                                        "Original Hash Buckets": 1024,
                                                                                                                                                                                        "Hash Batches": 1,
                                                                                                                                                                                        "Original Hash Batches": 1,
                                                                                                                                                                                        "Peak Memory Usage": 9,
                                                                                                                                                                                        "Workers": [],
                                                                                                                                                                                        "Plans": [
                                                                                                                                                                                            {
                                                                                                                                                                                                "Node Type": "Seq Scan",
                                                                                                                                                                                                "Parent Relationship": "Outer",
                                                                                                                                                                                                "Parallel Aware": false,
                                                                                                                                                                                                "Async Capable": false,
                                                                                                                                                                                                "Relation Name": "comp_cast_type",
                                                                                                                                                                                                "Alias": "cct1",
                                                                                                                                                                                                "Startup Cost": 0.0,
                                                                                                                                                                                                "Total Cost": 1.05,
                                                                                                                                                                                                "Plan Rows": 1,
                                                                                                                                                                                                "Plan Width": 4,
                                                                                                                                                                                                "Actual Startup Time": 0.001,
                                                                                                                                                                                                "Actual Total Time": 0.001,
                                                                                                                                                                                                "Actual Rows": 1,
                                                                                                                                                                                                "Actual Loops": 2,
                                                                                                                                                                                                "Filter": "((kind)::text = 'cast'::text)",
                                                                                                                                                                                                "Rows Removed by Filter": 3,
                                                                                                                                                                                                "Workers": []
                                                                                                                                                                                            }
                                                                                                                                                                                        ]
                                                                                                                                                                                    }
                                                                                                                                                                                ]
                                                                                                                                                                            },
                                                                                                                                                                            {
                                                                                                                                                                                "Node Type": "Hash",
                                                                                                                                                                                "Parent Relationship": "Inner",
                                                                                                                                                                                "Parallel Aware": false,
                                                                                                                                                                                "Async Capable": false,
                                                                                                                                                                                "Startup Cost": 1.05,
                                                                                                                                                                                "Total Cost": 1.05,
                                                                                                                                                                                "Plan Rows": 1,
                                                                                                                                                                                "Plan Width": 4,
                                                                                                                                                                                "Actual Startup Time": 0.007,
                                                                                                                                                                                "Actual Total Time": 0.008,
                                                                                                                                                                                "Actual Rows": 1,
                                                                                                                                                                                "Actual Loops": 2,
                                                                                                                                                                                "Hash Buckets": 1024,
                                                                                                                                                                                "Original Hash Buckets": 1024,
                                                                                                                                                                                "Hash Batches": 1,
                                                                                                                                                                                "Original Hash Batches": 1,
                                                                                                                                                                                "Peak Memory Usage": 9,
                                                                                                                                                                                "Workers": [],
                                                                                                                                                                                "Plans": [
                                                                                                                                                                                    {
                                                                                                                                                                                        "Node Type": "Seq Scan",
                                                                                                                                                                                        "Parent Relationship": "Outer",
                                                                                                                                                                                        "Parallel Aware": false,
                                                                                                                                                                                        "Async Capable": false,
                                                                                                                                                                                        "Relation Name": "comp_cast_type",
                                                                                                                                                                                        "Alias": "cct2",
                                                                                                                                                                                        "Startup Cost": 0.0,
                                                                                                                                                                                        "Total Cost": 1.05,
                                                                                                                                                                                        "Plan Rows": 1,
                                                                                                                                                                                        "Plan Width": 4,
                                                                                                                                                                                        "Actual Startup Time": 0.006,
                                                                                                                                                                                        "Actual Total Time": 0.006,
                                                                                                                                                                                        "Actual Rows": 1,
                                                                                                                                                                                        "Actual Loops": 2,
                                                                                                                                                                                        "Filter": "((kind)::text = 'complete+verified'::text)",
                                                                                                                                                                                        "Rows Removed by Filter": 3,
                                                                                                                                                                                        "Workers": []
                                                                                                                                                                                    }
                                                                                                                                                                                ]
                                                                                                                                                                            }
                                                                                                                                                                        ]
                                                                                                                                                                    }
                                                                                                                                                                ]
                                                                                                                                                            }
                                                                                                                                                        ]
                                                                                                                                                    }
                                                                                                                                                ]
                                                                                                                                            }
                                                                                                                                        ]
                                                                                                                                    }
                                                                                                                                ]
                                                                                                                            }
                                                                                                                        ]
                                                                                                                    }
                                                                                                                ]
                                                                                                            }
                                                                                                        ]
                                                                                                    }
                                                                                                ]
                                                                                            }
                                                                                        ]
                                                                                    }
                                                                                ]
                                                                            }
                                                                        ]
                                                                    }
                                                                ]
                                                            }
                                                        ]
                                                    },
                                                    {
                                                        "Node Type": "Hash",
                                                        "Parent Relationship": "Inner",
                                                        "Parallel Aware": false,
                                                        "Async Capable": false,
                                                        "Startup Cost": 1.15,
                                                        "Total Cost": 1.15,
                                                        "Plan Rows": 1,
                                                        "Plan Width": 4,
                                                        "Actual Startup Time": 0.01,
                                                        "Actual Total Time": 0.011,
                                                        "Actual Rows": 1,
                                                        "Actual Loops": 2,
                                                        "Hash Buckets": 1024,
                                                        "Original Hash Buckets": 1024,
                                                        "Hash Batches": 1,
                                                        "Original Hash Batches": 1,
                                                        "Peak Memory Usage": 9,
                                                        "Workers": [],
                                                        "Plans": [
                                                            {
                                                                "Node Type": "Seq Scan",
                                                                "Parent Relationship": "Outer",
                                                                "Parallel Aware": false,
                                                                "Async Capable": false,
                                                                "Relation Name": "role_type",
                                                                "Alias": "rt",
                                                                "Startup Cost": 0.0,
                                                                "Total Cost": 1.15,
                                                                "Plan Rows": 1,
                                                                "Plan Width": 4,
                                                                "Actual Startup Time": 0.007,
                                                                "Actual Total Time": 0.008,
                                                                "Actual Rows": 1,
                                                                "Actual Loops": 2,
                                                                "Filter": "((role)::text = 'actress'::text)",
                                                                "Rows Removed by Filter": 11,
                                                                "Workers": []
                                                            }
                                                        ]
                                                    }
                                                ]
                                            }
                                        ]
                                    }
                                ]
                            }
                        ]
                    },
                    "Planning Time": 520.159,
                    "Triggers": [],
                    "Execution Time": 1878.977
                }
            ],
            "hints": [
                "SET enable_hashjoin TO on",
                "SET enable_indexonlyscan TO on",
                "SET enable_indexscan TO off",
                "SET enable_mergejoin TO off",
                "SET enable_nestloop TO off",
                "SET enable_seqscan TO on"
            ]
        },
        {
            "arm": 4,
            "execution_time": 114.452,
            "plan": [
                {
                    "Plan": {
                        "Node Type": "Aggregate",
                        "Strategy": "Plain",
                        "Partial Mode": "Simple",
                        "Parallel Aware": false,
                        "Async Capable": false,
                        "Startup Cost": 4105.12,
                        "Total Cost": 4105.13,
                        "Plan Rows": 1,
                        "Plan Width": 96,
                        "Actual Startup Time": 114.38,
                        "Actual Total Time": 114.385,
                        "Actual Rows": 1,
                        "Actual Loops": 1,
                        "Plans": [
                            {
                                "Node Type": "Nested Loop",
                                "Parent Relationship": "Outer",
                                "Parallel Aware": false,
                                "Async Capable": false,
                                "Join Type": "Inner",
                                "Startup Cost": 4.72,
                                "Total Cost": 4105.11,
                                "Plan Rows": 1,
                                "Plan Width": 48,
                                "Actual Startup Time": 13.224,
                                "Actual Total Time": 114.264,
                                "Actual Rows": 1620,
                                "Actual Loops": 1,
                                "Inner Unique": true,
                                "Join Filter": "(ci.role_id = rt.id)",
                                "Rows Removed by Join Filter": 0,
                                "Plans": [
                                    {
                                        "Node Type": "Nested Loop",
                                        "Parent Relationship": "Outer",
                                        "Parallel Aware": false,
                                        "Async Capable": false,
                                        "Join Type": "Inner",
                                        "Startup Cost": 4.72,
                                        "Total Cost": 4103.95,
                                        "Plan Rows": 1,
                                        "Plan Width": 52,
                                        "Actual Startup Time": 13.221,
                                        "Actual Total Time": 113.685,
                                        "Actual Rows": 1620,
                                        "Actual Loops": 1,
                                        "Inner Unique": true,
                                        "Join Filter": "(it3.id = pi.info_type_id)",
                                        "Rows Removed by Join Filter": 3270,
                                        "Plans": [
                                            {
                                                "Node Type": "Nested Loop",
                                                "Parent Relationship": "Outer",
                                                "Parallel Aware": false,
                                                "Async Capable": false,
                                                "Join Type": "Inner",
                                                "Startup Cost": 4.72,
                                                "Total Cost": 4101.52,
                                                "Plan Rows": 1,
                                                "Plan Width": 56,
                                                "Actual Startup Time": 12.534,
                                                "Actual Total Time": 102.828,
                                                "Actual Rows": 4890,
                                                "Actual Loops": 1,
                                                "Inner Unique": true,
                                                "Join Filter": "(ci.person_id = n.id)",
                                                "Rows Removed by Join Filter": 0,
                                                "Plans": [
                                                    {
                                                        "Node Type": "Nested Loop",
                                                        "Parent Relationship": "Outer",
                                                        "Parallel Aware": false,
                                                        "Async Capable": false,
                                                        "Join Type": "Inner",
                                                        "Startup Cost": 4.29,
                                                        "Total Cost": 4099.29,
                                                        "Plan Rows": 1,
                                                        "Plan Width": 53,
                                                        "Actual Startup Time": 12.523,
                                                        "Actual Total Time": 99.744,
                                                        "Actual Rows": 4890,
                                                        "Actual Loops": 1,
                                                        "Inner Unique": true,
                                                        "Join Filter": "(it.id = mi.info_type_id)",
                                                        "Rows Removed by Join Filter": 0,
                                                        "Plans": [
                                                            {
                                                                "Node Type": "Nested Loop",
                                                                "Parent Relationship": "Outer",
                                                                "Parallel Aware": false,
                                                                "Async Capable": false,
                                                                "Join Type": "Inner",
                                                                "Startup Cost": 4.29,
                                                                "Total Cost": 4096.86,
                                                                "Plan Rows": 1,
                                                                "Plan Width": 57,
                                                                "Actual Startup Time": 12.519,
                                                                "Actual Total Time": 94.741,
                                                                "Actual Rows": 4890,
                                                                "Actual Loops": 1,
                                                                "Inner Unique": false,
                                                                "Join Filter": "(mi.movie_id = t.id)",
                                                                "Rows Removed by Join Filter": 0,
                                                                "Plans": [
                                                                    {
                                                                        "Node Type": "Nested Loop",
                                                                        "Parent Relationship": "Outer",
                                                                        "Parallel Aware": false,
                                                                        "Async Capable": false,
                                                                        "Join Type": "Inner",
                                                                        "Startup Cost": 3.86,
                                                                        "Total Cost": 4057.71,
                                                                        "Plan Rows": 1,
                                                                        "Plan Width": 73,
                                                                        "Actual Startup Time": 12.495,
                                                                        "Actual Total Time": 29.251,
                                                                        "Actual Rows": 2445,
                                                                        "Actual Loops": 1,
                                                                        "Inner Unique": true,
                                                                        "Plans": [
                                                                            {
                                                                                "Node Type": "Nested Loop",
                                                                                "Parent Relationship": "Outer",
                                                                                "Parallel Aware": false,
                                                                                "Async Capable": false,
                                                                                "Join Type": "Inner",
                                                                                "Startup Cost": 3.44,
                                                                                "Total Cost": 4055.68,
                                                                                "Plan Rows": 1,
                                                                                "Plan Width": 77,
                                                                                "Actual Startup Time": 12.485,
                                                                                "Actual Total Time": 22.85,
                                                                                "Actual Rows": 10758,
                                                                                "Actual Loops": 1,
                                                                                "Inner Unique": false,
                                                                                "Join Filter": "(mc.movie_id = t.id)",
                                                                                "Rows Removed by Join Filter": 0,
                                                                                "Plans": [
                                                                                    {
                                                                                        "Node Type": "Nested Loop",
                                                                                        "Parent Relationship": "Outer",
                                                                                        "Parallel Aware": false,
                                                                                        "Async Capable": false,
                                                                                        "Join Type": "Inner",
                                                                                        "Startup Cost": 3.01,
                                                                                        "Total Cost": 4050.83,
                                                                                        "Plan Rows": 1,
                                                                                        "Plan Width": 69,
                                                                                        "Actual Startup Time": 12.474,
                                                                                        "Actual Total Time": 21.387,
                                                                                        "Actual Rows": 489,
                                                                                        "Actual Loops": 1,
                                                                                        "Inner Unique": true,
                                                                                        "Plans": [
                                                                                            {
                                                                                                "Node Type": "Nested Loop",
                                                                                                "Parent Relationship": "Outer",
                                                                                                "Parallel Aware": false,
                                                                                                "Async Capable": false,
                                                                                                "Join Type": "Inner",
                                                                                                "Startup Cost": 2.58,
                                                                                                "Total Cost": 4046.74,
                                                                                                "Plan Rows": 1,
                                                                                                "Plan Width": 57,
                                                                                                "Actual Startup Time": 3.105,
                                                                                                "Actual Total Time": 17.546,
                                                                                                "Actual Rows": 6872,
                                                                                                "Actual Loops": 1,
                                                                                                "Inner Unique": true,
                                                                                                "Join Filter": "(cc.status_id = cct2.id)",
                                                                                                "Rows Removed by Join Filter": 0,
                                                                                                "Plans": [
                                                                                                    {
                                                                                                        "Node Type": "Nested Loop",
                                                                                                        "Parent Relationship": "Outer",
                                                                                                        "Parallel Aware": false,
                                                                                                        "Async Capable": false,
                                                                                                        "Join Type": "Inner",
                                                                                                        "Startup Cost": 2.58,
                                                                                                        "Total Cost": 4045.68,
                                                                                                        "Plan Rows": 1,
                                                                                                        "Plan Width": 61,
                                                                                                        "Actual Startup Time": 3.103,
                                                                                                        "Actual Total Time": 15.452,
                                                                                                        "Actual Rows": 6872,
                                                                                                        "Actual Loops": 1,
                                                                                                        "Inner Unique": true,
                                                                                                        "Join Filter": "(cc.subject_id = cct1.id)",
                                                                                                        "Rows Removed by Join Filter": 0,
                                                                                                        "Plans": [
                                                                                                            {
                                                                                                                "Node Type": "Nested Loop",
                                                                                                                "Parent Relationship": "Outer",
                                                                                                                "Parallel Aware": false,
                                                                                                                "Async Capable": false,
                                                                                                                "Join Type": "Inner",
                                                                                                                "Startup Cost": 2.58,
                                                                                                                "Total Cost": 4044.62,
                                                                                                                "Plan Rows": 1,
                                                                                                                "Plan Width": 65,
                                                                                                                "Actual Startup Time": 3.099,
                                                                                                                "Actual Total Time": 13.475,
                                                                                                                "Actual Rows": 6872,
                                                                                                                "Actual Loops": 1,
                                                                                                                "Inner Unique": false,
                                                                                                                "Join Filter": "(cc.movie_id = t.id)",
                                                                                                                "Rows Removed by Join Filter": 0,
                                                                                                                "Plans": [
                                                                                                                    {
                                                                                                                        "Node Type": "Nested Loop",
                                                                                                                        "Parent Relationship": "Outer",
                                                                                                                        "Parallel Aware": false,
                                                                                                                        "Async Capable": false,
                                                                                                                        "Join Type": "Inner",
                                                                                                                        "Startup Cost": 2.16,
                                                                                                                        "Total Cost": 4041.81,
                                                                                                                        "Plan Rows": 1,
                                                                                                                        "Plan Width": 53,
                                                                                                                        "Actual Startup Time": 3.087,
                                                                                                                        "Actual Total Time": 9.636,
                                                                                                                        "Actual Rows": 6872,
                                                                                                                        "Actual Loops": 1,
                                                                                                                        "Inner Unique": false,
                                                                                                                        "Join Filter": "(an.person_id = ci.person_id)",
                                                                                                                        "Rows Removed by Join Filter": 0,
                                                                                                                        "Plans": [
                                                                                                                            {
                                                                                                                                "Node Type": "Nested Loop",
                                                                                                                                "Parent Relationship": "Outer",
                                                                                                                                "Parallel Aware": false,
                                                                                                                                "Async Capable": false,
                                                                                                                                "Join Type": "Inner",
                                                                                                                                "Startup Cost": 1.73,
                                                                                                                                "Total Cost": 4038.91,
                                                                                                                                "Plan Rows": 1,
                                                                                                                                "Plan Width": 49,
                                                                                                                                "Actual Startup Time": 3.045,
                                                                                                                                "Actual Total Time": 7.826,
                                                                                                                                "Actual Rows": 1667,
                                                                                                                                "Actual Loops": 1,
                                                                                                                                "Inner Unique": false,
                                                                                                                                "Plans": [
                                                                                                                                    {
                                                                                                                                        "Node Type": "Nested Loop",
                                                                                                                                        "Parent Relationship": "Outer",
                                                                                                                                        "Parallel Aware": false,
                                                                                                                                        "Async Capable": false,
                                                                                                                                        "Join Type": "Inner",
                                                                                                                                        "Startup Cost": 1.3,
                                                                                                                                        "Total Cost": 4019.44,
                                                                                                                                        "Plan Rows": 1,
                                                                                                                                        "Plan Width": 41,
                                                                                                                                        "Actual Startup Time": 3.034,
                                                                                                                                        "Actual Total Time": 7.47,
                                                                                                                                        "Actual Rows": 38,
                                                                                                                                        "Actual Loops": 1,
                                                                                                                                        "Inner Unique": false,
                                                                                                                                        "Join Filter": "(ci.movie_id = t.id)",
                                                                                                                                        "Rows Removed by Join Filter": 0,
                                                                                                                                        "Plans": [
                                                                                                                                            {
                                                                                                                                                "Node Type": "Nested Loop",
                                                                                                                                                "Parent Relationship": "Outer",
                                                                                                                                                "Parallel Aware": false,
                                                                                                                                                "Async Capable": false,
                                                                                                                                                "Join Type": "Inner",
                                                                                                                                                "Startup Cost": 0.86,
                                                                                                                                                "Total Cost": 3978.65,
                                                                                                                                                "Plan Rows": 1,
                                                                                                                                                "Plan Width": 25,
                                                                                                                                                "Actual Startup Time": 3.018,
                                                                                                                                                "Actual Total Time": 7.12,
                                                                                                                                                "Actual Rows": 1,
                                                                                                                                                "Actual Loops": 1,
                                                                                                                                                "Inner Unique": true,
                                                                                                                                                "Plans": [
                                                                                                                                                    {
                                                                                                                                                        "Node Type": "Nested Loop",
                                                                                                                                                        "Parent Relationship": "Outer",
                                                                                                                                                        "Parallel Aware": false,
                                                                                                                                                        "Async Capable": false,
                                                                                                                                                        "Join Type": "Inner",
                                                                                                                                                        "Startup Cost": 0.43,
                                                                                                                                                        "Total Cost": 3905.45,
                                                                                                                                                        "Plan Rows": 34,
                                                                                                                                                        "Plan Width": 4,
                                                                                                                                                        "Actual Startup Time": 0.052,
                                                                                                                                                        "Actual Total Time": 4.121,
                                                                                                                                                        "Actual Rows": 414,
                                                                                                                                                        "Actual Loops": 1,
                                                                                                                                                        "Inner Unique": false,
                                                                                                                                                        "Plans": [
                                                                                                                                                            {
                                                                                                                                                                "Node Type": "Seq Scan",
                                                                                                                                                                "Parent Relationship": "Outer",
                                                                                                                                                                "Parallel Aware": false,
                                                                                                                                                                "Async Capable": false,
                                                                                                                                                                "Relation Name": "keyword",
                                                                                                                                                                "Alias": "k",
                                                                                                                                                                "Startup Cost": 0.0,
                                                                                                                                                                "Total Cost": 2685.12,
                                                                                                                                                                "Plan Rows": 1,
                                                                                                                                                                "Plan Width": 4,
                                                                                                                                                                "Actual Startup Time": 0.021,
                                                                                                                                                                "Actual Total Time": 3.777,
                                                                                                                                                                "Actual Rows": 1,
                                                                                                                                                                "Actual Loops": 1,
                                                                                                                                                                "Filter": "(keyword = 'computer-animation'::text)",
                                                                                                                                                                "Rows Removed by Filter": 134169
                                                                                                                                                            },
                                                                                                                                                            {
                                                                                                                                                                "Node Type": "Index Scan",
                                                                                                                                                                "Parent Relationship": "Inner",
                                                                                                                                                                "Parallel Aware": false,
                                                                                                                                                                "Async Capable": false,
                                                                                                                                                                "Scan Direction": "Forward",
                                                                                                                                                                "Index Name": "keyword_id_movie_keyword",
                                                                                                                                                                "Relation Name": "movie_keyword",
                                                                                                                                                                "Alias": "mk",
                                                                                                                                                                "Startup Cost": 0.43,
                                                                                                                                                                "Total Cost": 1217.3,
                                                                                                                                                                "Plan Rows": 303,
                                                                                                                                                                "Plan Width": 8,
                                                                                                                                                                "Actual Startup Time": 0.03,
                                                                                                                                                                "Actual Total Time": 0.323,
                                                                                                                                                                "Actual Rows": 414,
                                                                                                                                                                "Actual Loops": 1,
                                                                                                                                                                "Index Cond": "(keyword_id = k.id)",
                                                                                                                                                                "Rows Removed by Index Recheck": 0
                                                                                                                                                            }
                                                                                                                                                        ]
                                                                                                                                                    },
                                                                                                                                                    {
                                                                                                                                                        "Node Type": "Index Scan",
                                                                                                                                                        "Parent Relationship": "Inner",
                                                                                                                                                        "Parallel Aware": false,
                                                                                                                                                        "Async Capable": false,
                                                                                                                                                        "Scan Direction": "Forward",
                                                                                                                                                        "Index Name": "title_pkey",
                                                                                                                                                        "Relation Name": "title",
                                                                                                                                                        "Alias": "t",
                                                                                                                                                        "Startup Cost": 0.43,
                                                                                                                                                        "Total Cost": 2.14,
                                                                                                                                                        "Plan Rows": 1,
                                                                                                                                                        "Plan Width": 21,
                                                                                                                                                        "Actual Startup Time": 0.007,
                                                                                                                                                        "Actual Total Time": 0.007,
                                                                                                                                                        "Actual Rows": 0,
                                                                                                                                                        "Actual Loops": 414,
                                                                                                                                                        "Index Cond": "(id = mk.movie_id)",
                                                                                                                                                        "Rows Removed by Index Recheck": 0,
                                                                                                                                                        "Filter": "((production_year >= 2000) AND (production_year <= 2010) AND (title = 'Shrek 2'::text))",
                                                                                                                                                        "Rows Removed by Filter": 1
                                                                                                                                                    }
                                                                                                                                                ]
                                                                                                                                            },
                                                                                                                                            {
                                                                                                                                                "Node Type": "Index Scan",
                                                                                                                                                "Parent Relationship": "Inner",
                                                                                                                                                "Parallel Aware": false,
                                                                                                                                                "Async Capable": false,
                                                                                                                                                "Scan Direction": "Forward",
                                                                                                                                                "Index Name": "movie_id_cast_info",
                                                                                                                                                "Relation Name": "cast_info",
                                                                                                                                                "Alias": "ci",
                                                                                                                                                "Startup Cost": 0.44,
                                                                                                                                                "Total Cost": 40.78,
                                                                                                                                                "Plan Rows": 1,
                                                                                                                                                "Plan Width": 16,
                                                                                                                                                "Actual Startup Time": 0.014,
                                                                                                                                                "Actual Total Time": 0.345,
                                                                                                                                                "Actual Rows": 38,
                                                                                                                                                "Actual Loops": 1,
                                                                                                                                                "Index Cond": "(movie_id = mk.movie_id)",
                                                                                                                                                "Rows Removed by Index Recheck": 0,
                                                                                                                                                "Filter": "(note = ANY ('{(voice),\"(voice) (uncredited)\",\"(voice: English version)\"}'::text[]))",
                                                                                                                                                "Rows Removed by Filter": 191
                                                                                                                                            }
                                                                                                                                        ]
                                                                                                                                    },
                                                                                                                                    {
                                                                                                                                        "Node Type": "Index Scan",
                                                                                                                                        "Parent Relationship": "Inner",
                                                                                                                                        "Parallel Aware": false,
                                                                                                                                        "Async Capable": false,
                                                                                                                                        "Scan Direction": "Forward",
                                                                                                                                        "Index Name": "person_id_person_info",
                                                                                                                                        "Relation Name": "person_info",
                                                                                                                                        "Alias": "pi",
                                                                                                                                        "Startup Cost": 0.43,
                                                                                                                                        "Total Cost": 19.23,
                                                                                                                                        "Plan Rows": 25,
                                                                                                                                        "Plan Width": 8,
                                                                                                                                        "Actual Startup Time": 0.003,
                                                                                                                                        "Actual Total Time": 0.007,
                                                                                                                                        "Actual Rows": 44,
                                                                                                                                        "Actual Loops": 38,
                                                                                                                                        "Index Cond": "(person_id = ci.person_id)",
                                                                                                                                        "Rows Removed by Index Recheck": 0
                                                                                                                                    }
                                                                                                                                ]
                                                                                                                            },
                                                                                                                            {
                                                                                                                                "Node Type": "Index Only Scan",
                                                                                                                                "Parent Relationship": "Inner",
                                                                                                                                "Parallel Aware": false,
                                                                                                                                "Async Capable": false,
                                                                                                                                "Scan Direction": "Forward",
                                                                                                                                "Index Name": "person_id_aka_name",
                                                                                                                                "Relation Name": "aka_name",
                                                                                                                                "Alias": "an",
                                                                                                                                "Startup Cost": 0.42,
                                                                                                                                "Total Cost": 2.87,
                                                                                                                                "Plan Rows": 2,
                                                                                                                                "Plan Width": 4,
                                                                                                                                "Actual Startup Time": 0.0,
                                                                                                                                "Actual Total Time": 0.001,
                                                                                                                                "Actual Rows": 4,
                                                                                                                                "Actual Loops": 1667,
                                                                                                                                "Index Cond": "(person_id = pi.person_id)",
                                                                                                                                "Rows Removed by Index Recheck": 0,
                                                                                                                                "Heap Fetches": 6872
                                                                                                                            }
                                                                                                                        ]
                                                                                                                    },
                                                                                                                    {
                                                                                                                        "Node Type": "Index Scan",
                                                                                                                        "Parent Relationship": "Inner",
                                                                                                                        "Parallel Aware": false,
                                                                                                                        "Async Capable": false,
                                                                                                                        "Scan Direction": "Forward",
                                                                                                                        "Index Name": "movie_id_complete_cast",
                                                                                                                        "Relation Name": "complete_cast",
                                                                                                                        "Alias": "cc",
                                                                                                                        "Startup Cost": 0.42,
                                                                                                                        "Total Cost": 2.78,
                                                                                                                        "Plan Rows": 2,
                                                                                                                        "Plan Width": 12,
                                                                                                                        "Actual Startup Time": 0.0,
                                                                                                                        "Actual Total Time": 0.0,
                                                                                                                        "Actual Rows": 1,
                                                                                                                        "Actual Loops": 6872,
                                                                                                                        "Index Cond": "(movie_id = mk.movie_id)",
                                                                                                                        "Rows Removed by Index Recheck": 0
                                                                                                                    }
                                                                                                                ]
                                                                                                            },
                                                                                                            {
                                                                                                                "Node Type": "Seq Scan",
                                                                                                                "Parent Relationship": "Inner",
                                                                                                                "Parallel Aware": false,
                                                                                                                "Async Capable": false,
                                                                                                                "Relation Name": "comp_cast_type",
                                                                                                                "Alias": "cct1",
                                                                                                                "Startup Cost": 0.0,
                                                                                                                "Total Cost": 1.05,
                                                                                                                "Plan Rows": 1,
                                                                                                                "Plan Width": 4,
                                                                                                                "Actual Startup Time": 0.0,
                                                                                                                "Actual Total Time": 0.0,
                                                                                                                "Actual Rows": 1,
                                                                                                                "Actual Loops": 6872,
                                                                                                                "Filter": "((kind)::text = 'cast'::text)",
                                                                                                                "Rows Removed by Filter": 0
                                                                                                            }
                                                                                                        ]
                                                                                                    },
                                                                                                    {
                                                                                                        "Node Type": "Seq Scan",
                                                                                                        "Parent Relationship": "Inner",
                                                                                                        "Parallel Aware": false,
                                                                                                        "Async Capable": false,
                                                                                                        "Relation Name": "comp_cast_type",
                                                                                                        "Alias": "cct2",
                                                                                                        "Startup Cost": 0.0,
                                                                                                        "Total Cost": 1.05,
                                                                                                        "Plan Rows": 1,
                                                                                                        "Plan Width": 4,
                                                                                                        "Actual Startup Time": 0.0,
                                                                                                        "Actual Total Time": 0.0,
                                                                                                        "Actual Rows": 1,
                                                                                                        "Actual Loops": 6872,
                                                                                                        "Filter": "((kind)::text = 'complete+verified'::text)",
                                                                                                        "Rows Removed by Filter": 3
                                                                                                    }
                                                                                                ]
                                                                                            },
                                                                                            {
                                                                                                "Node Type": "Index Scan",
                                                                                                "Parent Relationship": "Inner",
                                                                                                "Parallel Aware": false,
                                                                                                "Async Capable": false,
                                                                                                "Scan Direction": "Forward",
                                                                                                "Index Name": "char_name_pkey",
                                                                                                "Relation Name": "char_name",
                                                                                                "Alias": "chn",
                                                                                                "Startup Cost": 0.43,
                                                                                                "Total Cost": 2.26,
                                                                                                "Plan Rows": 1,
                                                                                                "Plan Width": 20,
                                                                                                "Actual Startup Time": 0.0,
                                                                                                "Actual Total Time": 0.0,
                                                                                                "Actual Rows": 0,
                                                                                                "Actual Loops": 6872,
                                                                                                "Index Cond": "(id = ci.person_role_id)",
                                                                                                "Rows Removed by Index Recheck": 0,
                                                                                                "Filter": "(name = 'Queen'::text)",
                                                                                                "Rows Removed by Filter": 1
                                                                                            }
                                                                                        ]
                                                                                    },
                                                                                    {
                                                                                        "Node Type": "Index Scan",
                                                                                        "Parent Relationship": "Inner",
                                                                                        "Parallel Aware": false,
                                                                                        "Async Capable": false,
                                                                                        "Scan Direction": "Forward",
                                                                                        "Index Name": "movie_id_movie_companies",
                                                                                        "Relation Name": "movie_companies",
                                                                                        "Alias": "mc",
                                                                                        "Startup Cost": 0.43,
                                                                                        "Total Cost": 4.79,
                                                                                        "Plan Rows": 5,
                                                                                        "Plan Width": 8,
                                                                                        "Actual Startup Time": 0.001,
                                                                                        "Actual Total Time": 0.002,
                                                                                        "Actual Rows": 22,
                                                                                        "Actual Loops": 489,
                                                                                        "Index Cond": "(movie_id = mk.movie_id)",
                                                                                        "Rows Removed by Index Recheck": 0
                                                                                    }
                                                                                ]
                                                                            },
                                                                            {
                                                                                "Node Type": "Index Scan",
                                                                                "Parent Relationship": "Inner",
                                                                                "Parallel Aware": false,
                                                                                "Async Capable": false,
                                                                                "Scan Direction": "Forward",
                                                                                "Index Name": "company_name_pkey",
                                                                                "Relation Name": "company_name",
                                                                                "Alias": "cn",
                                                                                "Startup Cost": 0.42,
                                                                                "Total Cost": 2.03,
                                                                                "Plan Rows": 1,
                                                                                "Plan Width": 4,
                                                                                "Actual Startup Time": 0.001,
                                                                                "Actual Total Time": 0.001,
                                                                                "Actual Rows": 0,
                                                                                "Actual Loops": 10758,
                                                                                "Index Cond": "(id = mc.company_id)",
                                                                                "Rows Removed by Index Recheck": 0,
                                                                                "Filter": "((country_code)::text = '[us]'::text)",
                                                                                "Rows Removed by Filter": 1
                                                                            }
                                                                        ]
                                                                    },
                                                                    {
                                                                        "Node Type": "Index Scan",
                                                                        "Parent Relationship": "Inner",
                                                                        "Parallel Aware": false,
                                                                        "Async Capable": false,
                                                                        "Scan Direction": "Forward",
                                                                        "Index Name": "movie_id_movie_info",
                                                                        "Relation Name": "movie_info",
                                                                        "Alias": "mi",
                                                                        "Startup Cost": 0.43,
                                                                        "Total Cost": 39.14,
                                                                        "Plan Rows": 1,
                                                                        "Plan Width": 8,
                                                                        "Actual Startup Time": 0.002,
                                                                        "Actual Total Time": 0.027,
                                                                        "Actual Rows": 2,
                                                                        "Actual Loops": 2445,
                                                                        "Index Cond": "(movie_id = mk.movie_id)",
                                                                        "Rows Removed by Index Recheck": 0,
                                                                        "Filter": "((info IS NOT NULL) AND ((info ~~ 'Japan:%200%'::text) OR (info ~~ 'USA:%200%'::text)))",
                                                                        "Rows Removed by Filter": 455
                                                                    }
                                                                ]
                                                            },
                                                            {
                                                                "Node Type": "Seq Scan",
                                                                "Parent Relationship": "Inner",
                                                                "Parallel Aware": false,
                                                                "Async Capable": false,
                                                                "Relation Name": "info_type",
                                                                "Alias": "it",
                                                                "Startup Cost": 0.0,
                                                                "Total Cost": 2.41,
                                                                "Plan Rows": 1,
                                                                "Plan Width": 4,
                                                                "Actual Startup Time": 0.001,
                                                                "Actual Total Time": 0.001,
                                                                "Actual Rows": 1,
                                                                "Actual Loops": 4890,
                                                                "Filter": "((info)::text = 'release dates'::text)",
                                                                "Rows Removed by Filter": 15
                                                            }
                                                        ]
                                                    },
                                                    {
                                                        "Node Type": "Index Scan",
                                                        "Parent Relationship": "Inner",
                                                        "Parallel Aware": false,
                                                        "Async Capable": false,
                                                        "Scan Direction": "Forward",
                                                        "Index Name": "name_pkey",
                                                        "Relation Name": "name",
                                                        "Alias": "n",
                                                        "Startup Cost": 0.43,
                                                        "Total Cost": 2.22,
                                                        "Plan Rows": 1,
                                                        "Plan Width": 19,
                                                        "Actual Startup Time": 0.0,
                                                        "Actual Total Time": 0.0,
                                                        "Actual Rows": 1,
                                                        "Actual Loops": 4890,
                                                        "Index Cond": "(id = pi.person_id)",
                                                        "Rows Removed by Index Recheck": 0,
                                                        "Filter": "((name ~~ '%An%'::text) AND ((gender)::text = 'f'::text))",
                                                        "Rows Removed by Filter": 0
                                                    }
                                                ]
                                            },
                                            {
                                                "Node Type": "Seq Scan",
                                                "Parent Relationship": "Inner",
                                                "Parallel Aware": false,
                                                "Async Capable": false,
                                                "Relation Name": "info_type",
                                                "Alias": "it3",
                                                "Startup Cost": 0.0,
                                                "Total Cost": 2.41,
                                                "Plan Rows": 1,
                                                "Plan Width": 4,
                                                "Actual Startup Time": 0.001,
                                                "Actual Total Time": 0.002,
                                                "Actual Rows": 1,
                                                "Actual Loops": 4890,
                                                "Filter": "((info)::text = 'trivia'::text)",
                                                "Rows Removed by Filter": 80
                                            }
                                        ]
                                    },
                                    {
                                        "Node Type": "Seq Scan",
                                        "Parent Relationship": "Inner",
                                        "Parallel Aware": false,
                                        "Async Capable": false,
                                        "Relation Name": "role_type",
                                        "Alias": "rt",
                                        "Startup Cost": 0.0,
                                        "Total Cost": 1.15,
                                        "Plan Rows": 1,
                                        "Plan Width": 4,
                                        "Actual Startup Time": 0.0,
                                        "Actual Total Time": 0.0,
                                        "Actual Rows": 1,
                                        "Actual Loops": 1620,
                                        "Filter": "((role)::text = 'actress'::text)",
                                        "Rows Removed by Filter": 1
                                    }
                                ]
                            }
                        ]
                    },
                    "Planning Time": 648.064,
                    "Triggers": [],
                    "Execution Time": 114.452
                }
            ],
            "hints": [
                "SET enable_hashjoin TO on",
                "SET enable_indexonlyscan TO on",
                "SET enable_indexscan TO on",
                "SET enable_mergejoin TO off",
                "SET enable_nestloop TO on",
                "SET enable_seqscan TO on"
            ]
        }
    ]
}