{
    "sql_file": "job33c.sql",
    "query": "SELECT MIN(cn1.name) AS first_company, MIN(cn2.name) AS second_company, MIN(mi_idx1.info) AS first_rating, MIN(mi_idx2.info) AS second_rating, MIN(t1.title) AS first_movie, MIN(t2.title) AS second_movie FROM company_name AS cn1, company_name AS cn2, info_type AS it1, info_type AS it2, kind_type AS kt1, kind_type AS kt2, link_type AS lt, movie_companies AS mc1, movie_companies AS mc2, movie_info_idx AS mi_idx1, movie_info_idx AS mi_idx2, movie_link AS ml, title AS t1, title AS t2 WHERE cn1.country_code  != '[us]' AND it1.info  = 'rating' AND it2.info  = 'rating' AND kt1.kind  in ('tv series', 'episode') AND kt2.kind  in ('tv series', 'episode') AND lt.link  in ('sequel', 'follows', 'followed by') AND mi_idx2.info  < '3.5' AND t2.production_year  between 2000 and 2010 AND lt.id = ml.link_type_id AND t1.id = ml.movie_id AND t2.id = ml.linked_movie_id AND it1.id = mi_idx1.info_type_id AND t1.id = mi_idx1.movie_id AND kt1.id = t1.kind_id AND cn1.id = mc1.company_id AND t1.id = mc1.movie_id AND ml.movie_id = mi_idx1.movie_id AND ml.movie_id = mc1.movie_id AND mi_idx1.movie_id = mc1.movie_id AND it2.id = mi_idx2.info_type_id AND t2.id = mi_idx2.movie_id AND kt2.id = t2.kind_id AND cn2.id = mc2.company_id AND t2.id = mc2.movie_id AND ml.linked_movie_id = mi_idx2.movie_id AND ml.linked_movie_id = mc2.movie_id AND mi_idx2.movie_id = mc2.movie_id;",
    "results": [
        {
            "arm": 0,
            "execution_time": 13.605,
            "plan": [
                {
                    "Plan": {
                        "Node Type": "Aggregate",
                        "Strategy": "Plain",
                        "Partial Mode": "Simple",
                        "Parallel Aware": false,
                        "Async Capable": false,
                        "Startup Cost": 3602.15,
                        "Total Cost": 3602.16,
                        "Plan Rows": 1,
                        "Plan Width": 192,
                        "Actual Startup Time": 13.535,
                        "Actual Total Time": 13.538,
                        "Actual Rows": 1,
                        "Actual Loops": 1,
                        "Plans": [
                            {
                                "Node Type": "Nested Loop",
                                "Parent Relationship": "Outer",
                                "Parallel Aware": false,
                                "Async Capable": false,
                                "Join Type": "Inner",
                                "Startup Cost": 875.97,
                                "Total Cost": 3602.14,
                                "Plan Rows": 1,
                                "Plan Width": 84,
                                "Actual Startup Time": 3.663,
                                "Actual Total Time": 13.52,
                                "Actual Rows": 114,
                                "Actual Loops": 1,
                                "Inner Unique": true,
                                "Plans": [
                                    {
                                        "Node Type": "Nested Loop",
                                        "Parent Relationship": "Outer",
                                        "Parallel Aware": false,
                                        "Async Capable": false,
                                        "Join Type": "Inner",
                                        "Startup Cost": 875.55,
                                        "Total Cost": 3601.69,
                                        "Plan Rows": 1,
                                        "Plan Width": 69,
                                        "Actual Startup Time": 3.661,
                                        "Actual Total Time": 13.429,
                                        "Actual Rows": 114,
                                        "Actual Loops": 1,
                                        "Inner Unique": false,
                                        "Plans": [
                                            {
                                                "Node Type": "Nested Loop",
                                                "Parent Relationship": "Outer",
                                                "Parallel Aware": false,
                                                "Async Capable": false,
                                                "Join Type": "Inner",
                                                "Startup Cost": 875.12,
                                                "Total Cost": 3601.03,
                                                "Plan Rows": 1,
                                                "Plan Width": 77,
                                                "Actual Startup Time": 3.656,
                                                "Actual Total Time": 13.346,
                                                "Actual Rows": 46,
                                                "Actual Loops": 1,
                                                "Inner Unique": true,
                                                "Plans": [
                                                    {
                                                        "Node Type": "Nested Loop",
                                                        "Parent Relationship": "Outer",
                                                        "Parallel Aware": false,
                                                        "Async Capable": false,
                                                        "Join Type": "Inner",
                                                        "Startup Cost": 874.99,
                                                        "Total Cost": 3600.86,
                                                        "Plan Rows": 1,
                                                        "Plan Width": 81,
                                                        "Actual Startup Time": 3.333,
                                                        "Actual Total Time": 13.313,
                                                        "Actual Rows": 72,
                                                        "Actual Loops": 1,
                                                        "Inner Unique": true,
                                                        "Plans": [
                                                            {
                                                                "Node Type": "Nested Loop",
                                                                "Parent Relationship": "Outer",
                                                                "Parallel Aware": false,
                                                                "Async Capable": false,
                                                                "Join Type": "Inner",
                                                                "Startup Cost": 874.57,
                                                                "Total Cost": 3600.42,
                                                                "Plan Rows": 1,
                                                                "Plan Width": 66,
                                                                "Actual Startup Time": 3.327,
                                                                "Actual Total Time": 13.213,
                                                                "Actual Rows": 77,
                                                                "Actual Loops": 1,
                                                                "Inner Unique": false,
                                                                "Plans": [
                                                                    {
                                                                        "Node Type": "Nested Loop",
                                                                        "Parent Relationship": "Outer",
                                                                        "Parallel Aware": false,
                                                                        "Async Capable": false,
                                                                        "Join Type": "Inner",
                                                                        "Startup Cost": 874.14,
                                                                        "Total Cost": 3599.81,
                                                                        "Plan Rows": 1,
                                                                        "Plan Width": 74,
                                                                        "Actual Startup Time": 3.315,
                                                                        "Actual Total Time": 13.124,
                                                                        "Actual Rows": 27,
                                                                        "Actual Loops": 1,
                                                                        "Inner Unique": true,
                                                                        "Join Filter": "(ml.linked_movie_id = t2.id)",
                                                                        "Rows Removed by Join Filter": 0,
                                                                        "Plans": [
                                                                            {
                                                                                "Node Type": "Nested Loop",
                                                                                "Parent Relationship": "Outer",
                                                                                "Parallel Aware": false,
                                                                                "Async Capable": false,
                                                                                "Join Type": "Inner",
                                                                                "Startup Cost": 873.71,
                                                                                "Total Cost": 3599.08,
                                                                                "Plan Rows": 1,
                                                                                "Plan Width": 49,
                                                                                "Actual Startup Time": 3.309,
                                                                                "Actual Total Time": 13.004,
                                                                                "Actual Rows": 41,
                                                                                "Actual Loops": 1,
                                                                                "Inner Unique": true,
                                                                                "Plans": [
                                                                                    {
                                                                                        "Node Type": "Nested Loop",
                                                                                        "Parent Relationship": "Outer",
                                                                                        "Parallel Aware": false,
                                                                                        "Async Capable": false,
                                                                                        "Join Type": "Inner",
                                                                                        "Startup Cost": 873.56,
                                                                                        "Total Cost": 3596.63,
                                                                                        "Plan Rows": 60,
                                                                                        "Plan Width": 53,
                                                                                        "Actual Startup Time": 2.152,
                                                                                        "Actual Total Time": 12.686,
                                                                                        "Actual Rows": 2781,
                                                                                        "Actual Loops": 1,
                                                                                        "Inner Unique": false,
                                                                                        "Plans": [
                                                                                            {
                                                                                                "Node Type": "Hash Join",
                                                                                                "Parent Relationship": "Outer",
                                                                                                "Parallel Aware": false,
                                                                                                "Async Capable": false,
                                                                                                "Join Type": "Inner",
                                                                                                "Startup Cost": 873.13,
                                                                                                "Total Cost": 3511.84,
                                                                                                "Plan Rows": 39,
                                                                                                "Plan Width": 39,
                                                                                                "Actual Startup Time": 2.135,
                                                                                                "Actual Total Time": 9.634,
                                                                                                "Actual Rows": 2064,
                                                                                                "Actual Loops": 1,
                                                                                                "Inner Unique": true,
                                                                                                "Hash Cond": "(t1.kind_id = kt1.id)",
                                                                                                "Plans": [
                                                                                                    {
                                                                                                        "Node Type": "Nested Loop",
                                                                                                        "Parent Relationship": "Outer",
                                                                                                        "Parallel Aware": false,
                                                                                                        "Async Capable": false,
                                                                                                        "Join Type": "Inner",
                                                                                                        "Startup Cost": 872.02,
                                                                                                        "Total Cost": 3510.16,
                                                                                                        "Plan Rows": 136,
                                                                                                        "Plan Width": 43,
                                                                                                        "Actual Startup Time": 2.119,
                                                                                                        "Actual Total Time": 9.468,
                                                                                                        "Actual Rows": 2064,
                                                                                                        "Actual Loops": 1,
                                                                                                        "Inner Unique": true,
                                                                                                        "Join Filter": "(ml.movie_id = t1.id)",
                                                                                                        "Rows Removed by Join Filter": 0,
                                                                                                        "Plans": [
                                                                                                            {
                                                                                                                "Node Type": "Hash Join",
                                                                                                                "Parent Relationship": "Outer",
                                                                                                                "Parallel Aware": false,
                                                                                                                "Async Capable": false,
                                                                                                                "Join Type": "Inner",
                                                                                                                "Startup Cost": 871.59,
                                                                                                                "Total Cost": 3429.86,
                                                                                                                "Plan Rows": 136,
                                                                                                                "Plan Width": 18,
                                                                                                                "Actual Startup Time": 2.11,
                                                                                                                "Actual Total Time": 7.656,
                                                                                                                "Actual Rows": 2064,
                                                                                                                "Actual Loops": 1,
                                                                                                                "Inner Unique": true,
                                                                                                                "Hash Cond": "(mi_idx1.info_type_id = it1.id)",
                                                                                                                "Plans": [
                                                                                                                    {
                                                                                                                        "Node Type": "Merge Join",
                                                                                                                        "Parent Relationship": "Outer",
                                                                                                                        "Parallel Aware": false,
                                                                                                                        "Async Capable": false,
                                                                                                                        "Join Type": "Inner",
                                                                                                                        "Startup Cost": 869.16,
                                                                                                                        "Total Cost": 3385.7,
                                                                                                                        "Plan Rows": 15324,
                                                                                                                        "Plan Width": 22,
                                                                                                                        "Actual Startup Time": 2.102,
                                                                                                                        "Actual Total Time": 7.386,
                                                                                                                        "Actual Rows": 6192,
                                                                                                                        "Actual Loops": 1,
                                                                                                                        "Inner Unique": false,
                                                                                                                        "Merge Cond": "(mi_idx1.movie_id = ml.movie_id)",
                                                                                                                        "Plans": [
                                                                                                                            {
                                                                                                                                "Node Type": "Index Scan",
                                                                                                                                "Parent Relationship": "Outer",
                                                                                                                                "Parallel Aware": false,
                                                                                                                                "Async Capable": false,
                                                                                                                                "Scan Direction": "Forward",
                                                                                                                                "Index Name": "movie_id_movie_info_idx",
                                                                                                                                "Relation Name": "movie_info_idx",
                                                                                                                                "Alias": "mi_idx1",
                                                                                                                                "Startup Cost": 0.43,
                                                                                                                                "Total Cost": 46811.74,
                                                                                                                                "Plan Rows": 1380035,
                                                                                                                                "Plan Width": 14,
                                                                                                                                "Actual Startup Time": 0.01,
                                                                                                                                "Actual Total Time": 3.198,
                                                                                                                                "Actual Rows": 63901,
                                                                                                                                "Actual Loops": 1
                                                                                                                            },
                                                                                                                            {
                                                                                                                                "Node Type": "Sort",
                                                                                                                                "Parent Relationship": "Inner",
                                                                                                                                "Parallel Aware": false,
                                                                                                                                "Async Capable": false,
                                                                                                                                "Startup Cost": 868.72,
                                                                                                                                "Total Cost": 881.22,
                                                                                                                                "Plan Rows": 5000,
                                                                                                                                "Plan Width": 8,
                                                                                                                                "Actual Startup Time": 2.081,
                                                                                                                                "Actual Total Time": 2.224,
                                                                                                                                "Actual Rows": 6443,
                                                                                                                                "Actual Loops": 1,
                                                                                                                                "Sort Key": [
                                                                                                                                    "ml.movie_id"
                                                                                                                                ],
                                                                                                                                "Sort Method": "quicksort",
                                                                                                                                "Sort Space Used": 169,
                                                                                                                                "Sort Space Type": "Memory",
                                                                                                                                "Plans": [
                                                                                                                                    {
                                                                                                                                        "Node Type": "Hash Join",
                                                                                                                                        "Parent Relationship": "Outer",
                                                                                                                                        "Parallel Aware": false,
                                                                                                                                        "Async Capable": false,
                                                                                                                                        "Join Type": "Inner",
                                                                                                                                        "Startup Cost": 1.29,
                                                                                                                                        "Total Cost": 561.53,
                                                                                                                                        "Plan Rows": 5000,
                                                                                                                                        "Plan Width": 8,
                                                                                                                                        "Actual Startup Time": 0.012,
                                                                                                                                        "Actual Total Time": 1.963,
                                                                                                                                        "Actual Rows": 2315,
                                                                                                                                        "Actual Loops": 1,
                                                                                                                                        "Inner Unique": true,
                                                                                                                                        "Hash Cond": "(ml.link_type_id = lt.id)",
                                                                                                                                        "Plans": [
                                                                                                                                            {
                                                                                                                                                "Node Type": "Seq Scan",
                                                                                                                                                "Parent Relationship": "Outer",
                                                                                                                                                "Parallel Aware": false,
                                                                                                                                                "Async Capable": false,
                                                                                                                                                "Relation Name": "movie_link",
                                                                                                                                                "Alias": "ml",
                                                                                                                                                "Startup Cost": 0.0,
                                                                                                                                                "Total Cost": 462.97,
                                                                                                                                                "Plan Rows": 29997,
                                                                                                                                                "Plan Width": 12,
                                                                                                                                                "Actual Startup Time": 0.004,
                                                                                                                                                "Actual Total Time": 1.022,
                                                                                                                                                "Actual Rows": 29997,
                                                                                                                                                "Actual Loops": 1
                                                                                                                                            },
                                                                                                                                            {
                                                                                                                                                "Node Type": "Hash",
                                                                                                                                                "Parent Relationship": "Inner",
                                                                                                                                                "Parallel Aware": false,
                                                                                                                                                "Async Capable": false,
                                                                                                                                                "Startup Cost": 1.25,
                                                                                                                                                "Total Cost": 1.25,
                                                                                                                                                "Plan Rows": 3,
                                                                                                                                                "Plan Width": 4,
                                                                                                                                                "Actual Startup Time": 0.003,
                                                                                                                                                "Actual Total Time": 0.004,
                                                                                                                                                "Actual Rows": 2,
                                                                                                                                                "Actual Loops": 1,
                                                                                                                                                "Hash Buckets": 1024,
                                                                                                                                                "Original Hash Buckets": 1024,
                                                                                                                                                "Hash Batches": 1,
                                                                                                                                                "Original Hash Batches": 1,
                                                                                                                                                "Peak Memory Usage": 9,
                                                                                                                                                "Plans": [
                                                                                                                                                    {
                                                                                                                                                        "Node Type": "Seq Scan",
                                                                                                                                                        "Parent Relationship": "Outer",
                                                                                                                                                        "Parallel Aware": false,
                                                                                                                                                        "Async Capable": false,
                                                                                                                                                        "Relation Name": "link_type",
                                                                                                                                                        "Alias": "lt",
                                                                                                                                                        "Startup Cost": 0.0,
                                                                                                                                                        "Total Cost": 1.25,
                                                                                                                                                        "Plan Rows": 3,
                                                                                                                                                        "Plan Width": 4,
                                                                                                                                                        "Actual Startup Time": 0.002,
                                                                                                                                                        "Actual Total Time": 0.003,
                                                                                                                                                        "Actual Rows": 2,
                                                                                                                                                        "Actual Loops": 1,
                                                                                                                                                        "Filter": "((link)::text = ANY ('{sequel,follows,\"followed by\"}'::text[]))",
                                                                                                                                                        "Rows Removed by Filter": 16
                                                                                                                                                    }
                                                                                                                                                ]
                                                                                                                                            }
                                                                                                                                        ]
                                                                                                                                    }
                                                                                                                                ]
                                                                                                                            }
                                                                                                                        ]
                                                                                                                    },
                                                                                                                    {
                                                                                                                        "Node Type": "Hash",
                                                                                                                        "Parent Relationship": "Inner",
                                                                                                                        "Parallel Aware": false,
                                                                                                                        "Async Capable": false,
                                                                                                                        "Startup Cost": 2.41,
                                                                                                                        "Total Cost": 2.41,
                                                                                                                        "Plan Rows": 1,
                                                                                                                        "Plan Width": 4,
                                                                                                                        "Actual Startup Time": 0.006,
                                                                                                                        "Actual Total Time": 0.006,
                                                                                                                        "Actual Rows": 1,
                                                                                                                        "Actual Loops": 1,
                                                                                                                        "Hash Buckets": 1024,
                                                                                                                        "Original Hash Buckets": 1024,
                                                                                                                        "Hash Batches": 1,
                                                                                                                        "Original Hash Batches": 1,
                                                                                                                        "Peak Memory Usage": 9,
                                                                                                                        "Plans": [
                                                                                                                            {
                                                                                                                                "Node Type": "Seq Scan",
                                                                                                                                "Parent Relationship": "Outer",
                                                                                                                                "Parallel Aware": false,
                                                                                                                                "Async Capable": false,
                                                                                                                                "Relation Name": "info_type",
                                                                                                                                "Alias": "it1",
                                                                                                                                "Startup Cost": 0.0,
                                                                                                                                "Total Cost": 2.41,
                                                                                                                                "Plan Rows": 1,
                                                                                                                                "Plan Width": 4,
                                                                                                                                "Actual Startup Time": 0.005,
                                                                                                                                "Actual Total Time": 0.006,
                                                                                                                                "Actual Rows": 1,
                                                                                                                                "Actual Loops": 1,
                                                                                                                                "Filter": "((info)::text = 'rating'::text COLLATE \"C\")",
                                                                                                                                "Rows Removed by Filter": 112
                                                                                                                            }
                                                                                                                        ]
                                                                                                                    }
                                                                                                                ]
                                                                                                            },
                                                                                                            {
                                                                                                                "Node Type": "Index Scan",
                                                                                                                "Parent Relationship": "Inner",
                                                                                                                "Parallel Aware": false,
                                                                                                                "Async Capable": false,
                                                                                                                "Scan Direction": "Forward",
                                                                                                                "Index Name": "title_pkey",
                                                                                                                "Relation Name": "title",
                                                                                                                "Alias": "t1",
                                                                                                                "Startup Cost": 0.43,
                                                                                                                "Total Cost": 0.58,
                                                                                                                "Plan Rows": 1,
                                                                                                                "Plan Width": 25,
                                                                                                                "Actual Startup Time": 0.001,
                                                                                                                "Actual Total Time": 0.001,
                                                                                                                "Actual Rows": 1,
                                                                                                                "Actual Loops": 2064,
                                                                                                                "Index Cond": "(id = mi_idx1.movie_id)",
                                                                                                                "Rows Removed by Index Recheck": 0
                                                                                                            }
                                                                                                        ]
                                                                                                    },
                                                                                                    {
                                                                                                        "Node Type": "Hash",
                                                                                                        "Parent Relationship": "Inner",
                                                                                                        "Parallel Aware": false,
                                                                                                        "Async Capable": false,
                                                                                                        "Startup Cost": 1.09,
                                                                                                        "Total Cost": 1.09,
                                                                                                        "Plan Rows": 2,
                                                                                                        "Plan Width": 4,
                                                                                                        "Actual Startup Time": 0.014,
                                                                                                        "Actual Total Time": 0.014,
                                                                                                        "Actual Rows": 2,
                                                                                                        "Actual Loops": 1,
                                                                                                        "Hash Buckets": 1024,
                                                                                                        "Original Hash Buckets": 1024,
                                                                                                        "Hash Batches": 1,
                                                                                                        "Original Hash Batches": 1,
                                                                                                        "Peak Memory Usage": 9,
                                                                                                        "Plans": [
                                                                                                            {
                                                                                                                "Node Type": "Seq Scan",
                                                                                                                "Parent Relationship": "Outer",
                                                                                                                "Parallel Aware": false,
                                                                                                                "Async Capable": false,
                                                                                                                "Relation Name": "kind_type",
                                                                                                                "Alias": "kt1",
                                                                                                                "Startup Cost": 0.0,
                                                                                                                "Total Cost": 1.09,
                                                                                                                "Plan Rows": 2,
                                                                                                                "Plan Width": 4,
                                                                                                                "Actual Startup Time": 0.011,
                                                                                                                "Actual Total Time": 0.012,
                                                                                                                "Actual Rows": 2,
                                                                                                                "Actual Loops": 1,
                                                                                                                "Filter": "((kind)::text = ANY ('{\"tv series\",episode}'::text[]))",
                                                                                                                "Rows Removed by Filter": 5
                                                                                                            }
                                                                                                        ]
                                                                                                    }
                                                                                                ]
                                                                                            },
                                                                                            {
                                                                                                "Node Type": "Index Scan",
                                                                                                "Parent Relationship": "Inner",
                                                                                                "Parallel Aware": false,
                                                                                                "Async Capable": false,
                                                                                                "Scan Direction": "Forward",
                                                                                                "Index Name": "movie_id_movie_info_idx",
                                                                                                "Relation Name": "movie_info_idx",
                                                                                                "Alias": "mi_idx2",
                                                                                                "Startup Cost": 0.43,
                                                                                                "Total Cost": 2.15,
                                                                                                "Plan Rows": 2,
                                                                                                "Plan Width": 14,
                                                                                                "Actual Startup Time": 0.001,
                                                                                                "Actual Total Time": 0.001,
                                                                                                "Actual Rows": 1,
                                                                                                "Actual Loops": 2064,
                                                                                                "Index Cond": "(movie_id = ml.linked_movie_id)",
                                                                                                "Rows Removed by Index Recheck": 0,
                                                                                                "Filter": "(info < '3.5'::text)",
                                                                                                "Rows Removed by Filter": 1
                                                                                            }
                                                                                        ]
                                                                                    },
                                                                                    {
                                                                                        "Node Type": "Memoize",
                                                                                        "Parent Relationship": "Inner",
                                                                                        "Parallel Aware": false,
                                                                                        "Async Capable": false,
                                                                                        "Startup Cost": 0.15,
                                                                                        "Total Cost": 0.17,
                                                                                        "Plan Rows": 1,
                                                                                        "Plan Width": 4,
                                                                                        "Actual Startup Time": 0.0,
                                                                                        "Actual Total Time": 0.0,
                                                                                        "Actual Rows": 0,
                                                                                        "Actual Loops": 2781,
                                                                                        "Cache Key": "mi_idx2.info_type_id",
                                                                                        "Cache Mode": "logical",
                                                                                        "Cache Hits": 2778,
                                                                                        "Cache Misses": 3,
                                                                                        "Cache Evictions": 0,
                                                                                        "Cache Overflows": 0,
                                                                                        "Peak Memory Usage": 1,
                                                                                        "Plans": [
                                                                                            {
                                                                                                "Node Type": "Index Scan",
                                                                                                "Parent Relationship": "Outer",
                                                                                                "Parallel Aware": false,
                                                                                                "Async Capable": false,
                                                                                                "Scan Direction": "Forward",
                                                                                                "Index Name": "info_type_pkey",
                                                                                                "Relation Name": "info_type",
                                                                                                "Alias": "it2",
                                                                                                "Startup Cost": 0.14,
                                                                                                "Total Cost": 0.16,
                                                                                                "Plan Rows": 1,
                                                                                                "Plan Width": 4,
                                                                                                "Actual Startup Time": 0.002,
                                                                                                "Actual Total Time": 0.002,
                                                                                                "Actual Rows": 0,
                                                                                                "Actual Loops": 3,
                                                                                                "Index Cond": "(id = mi_idx2.info_type_id)",
                                                                                                "Rows Removed by Index Recheck": 0,
                                                                                                "Filter": "((info)::text = 'rating'::text COLLATE \"C\")",
                                                                                                "Rows Removed by Filter": 1
                                                                                            }
                                                                                        ]
                                                                                    }
                                                                                ]
                                                                            },
                                                                            {
                                                                                "Node Type": "Index Scan",
                                                                                "Parent Relationship": "Inner",
                                                                                "Parallel Aware": false,
                                                                                "Async Capable": false,
                                                                                "Scan Direction": "Forward",
                                                                                "Index Name": "title_pkey",
                                                                                "Relation Name": "title",
                                                                                "Alias": "t2",
                                                                                "Startup Cost": 0.43,
                                                                                "Total Cost": 0.71,
                                                                                "Plan Rows": 1,
                                                                                "Plan Width": 25,
                                                                                "Actual Startup Time": 0.003,
                                                                                "Actual Total Time": 0.003,
                                                                                "Actual Rows": 1,
                                                                                "Actual Loops": 41,
                                                                                "Index Cond": "(id = mi_idx2.movie_id)",
                                                                                "Rows Removed by Index Recheck": 0,
                                                                                "Filter": "((production_year >= 2000) AND (production_year <= 2010))",
                                                                                "Rows Removed by Filter": 0
                                                                            }
                                                                        ]
                                                                    },
                                                                    {
                                                                        "Node Type": "Index Scan",
                                                                        "Parent Relationship": "Inner",
                                                                        "Parallel Aware": false,
                                                                        "Async Capable": false,
                                                                        "Scan Direction": "Forward",
                                                                        "Index Name": "movie_id_movie_companies",
                                                                        "Relation Name": "movie_companies",
                                                                        "Alias": "mc1",
                                                                        "Startup Cost": 0.43,
                                                                        "Total Cost": 0.56,
                                                                        "Plan Rows": 5,
                                                                        "Plan Width": 8,
                                                                        "Actual Startup Time": 0.002,
                                                                        "Actual Total Time": 0.003,
                                                                        "Actual Rows": 3,
                                                                        "Actual Loops": 27,
                                                                        "Index Cond": "(movie_id = t1.id)",
                                                                        "Rows Removed by Index Recheck": 0
                                                                    }
                                                                ]
                                                            },
                                                            {
                                                                "Node Type": "Index Scan",
                                                                "Parent Relationship": "Inner",
                                                                "Parallel Aware": false,
                                                                "Async Capable": false,
                                                                "Scan Direction": "Forward",
                                                                "Index Name": "company_name_pkey",
                                                                "Relation Name": "company_name",
                                                                "Alias": "cn1",
                                                                "Startup Cost": 0.42,
                                                                "Total Cost": 0.45,
                                                                "Plan Rows": 1,
                                                                "Plan Width": 23,
                                                                "Actual Startup Time": 0.001,
                                                                "Actual Total Time": 0.001,
                                                                "Actual Rows": 1,
                                                                "Actual Loops": 77,
                                                                "Index Cond": "(id = mc1.company_id)",
                                                                "Rows Removed by Index Recheck": 0,
                                                                "Filter": "((country_code)::text <> '[us]'::text)",
                                                                "Rows Removed by Filter": 0
                                                            }
                                                        ]
                                                    },
                                                    {
                                                        "Node Type": "Index Scan",
                                                        "Parent Relationship": "Inner",
                                                        "Parallel Aware": false,
                                                        "Async Capable": false,
                                                        "Scan Direction": "Forward",
                                                        "Index Name": "kind_type_pkey",
                                                        "Relation Name": "kind_type",
                                                        "Alias": "kt2",
                                                        "Startup Cost": 0.13,
                                                        "Total Cost": 0.15,
                                                        "Plan Rows": 1,
                                                        "Plan Width": 4,
                                                        "Actual Startup Time": 0.0,
                                                        "Actual Total Time": 0.0,
                                                        "Actual Rows": 1,
                                                        "Actual Loops": 72,
                                                        "Index Cond": "(id = t2.kind_id)",
                                                        "Rows Removed by Index Recheck": 0,
                                                        "Filter": "((kind)::text = ANY ('{\"tv series\",episode}'::text[]))",
                                                        "Rows Removed by Filter": 0
                                                    }
                                                ]
                                            },
                                            {
                                                "Node Type": "Index Scan",
                                                "Parent Relationship": "Inner",
                                                "Parallel Aware": false,
                                                "Async Capable": false,
                                                "Scan Direction": "Forward",
                                                "Index Name": "movie_id_movie_companies",
                                                "Relation Name": "movie_companies",
                                                "Alias": "mc2",
                                                "Startup Cost": 0.43,
                                                "Total Cost": 0.61,
                                                "Plan Rows": 5,
                                                "Plan Width": 8,
                                                "Actual Startup Time": 0.001,
                                                "Actual Total Time": 0.002,
                                                "Actual Rows": 2,
                                                "Actual Loops": 46,
                                                "Index Cond": "(movie_id = t2.id)",
                                                "Rows Removed by Index Recheck": 0
                                            }
                                        ]
                                    },
                                    {
                                        "Node Type": "Index Scan",
                                        "Parent Relationship": "Inner",
                                        "Parallel Aware": false,
                                        "Async Capable": false,
                                        "Scan Direction": "Forward",
                                        "Index Name": "company_name_pkey",
                                        "Relation Name": "company_name",
                                        "Alias": "cn2",
                                        "Startup Cost": 0.42,
                                        "Total Cost": 0.44,
                                        "Plan Rows": 1,
                                        "Plan Width": 23,
                                        "Actual Startup Time": 0.001,
                                        "Actual Total Time": 0.001,
                                        "Actual Rows": 1,
                                        "Actual Loops": 114,
                                        "Index Cond": "(id = mc2.company_id)",
                                        "Rows Removed by Index Recheck": 0
                                    }
                                ]
                            }
                        ]
                    },
                    "Planning Time": 86.922,
                    "Triggers": [],
                    "Execution Time": 13.605
                }
            ],
            "hints": [
                "SET enable_hashjoin TO on",
                "SET enable_indexonlyscan TO on",
                "SET enable_indexscan TO on",
                "SET enable_mergejoin TO on",
                "SET enable_nestloop TO on",
                "SET enable_seqscan TO on"
            ]
        },
        {
            "arm": 1,
            "execution_time": 304.225,
            "plan": [
                {
                    "Plan": {
                        "Node Type": "Aggregate",
                        "Strategy": "Plain",
                        "Partial Mode": "Finalize",
                        "Parallel Aware": false,
                        "Async Capable": false,
                        "Startup Cost": 118822.17,
                        "Total Cost": 118822.18,
                        "Plan Rows": 1,
                        "Plan Width": 192,
                        "Actual Startup Time": 285.821,
                        "Actual Total Time": 304.142,
                        "Actual Rows": 1,
                        "Actual Loops": 1,
                        "Plans": [
                            {
                                "Node Type": "Gather",
                                "Parent Relationship": "Outer",
                                "Parallel Aware": false,
                                "Async Capable": false,
                                "Startup Cost": 118822.04,
                                "Total Cost": 118822.15,
                                "Plan Rows": 1,
                                "Plan Width": 192,
                                "Actual Startup Time": 285.668,
                                "Actual Total Time": 304.137,
                                "Actual Rows": 2,
                                "Actual Loops": 1,
                                "Workers Planned": 1,
                                "Workers Launched": 1,
                                "Single Copy": false,
                                "Plans": [
                                    {
                                        "Node Type": "Aggregate",
                                        "Strategy": "Plain",
                                        "Partial Mode": "Partial",
                                        "Parent Relationship": "Outer",
                                        "Parallel Aware": false,
                                        "Async Capable": false,
                                        "Startup Cost": 117822.04,
                                        "Total Cost": 117822.05,
                                        "Plan Rows": 1,
                                        "Plan Width": 192,
                                        "Actual Startup Time": 284.27,
                                        "Actual Total Time": 284.287,
                                        "Actual Rows": 1,
                                        "Actual Loops": 2,
                                        "Workers": [],
                                        "Plans": [
                                            {
                                                "Node Type": "Hash Join",
                                                "Parent Relationship": "Outer",
                                                "Parallel Aware": true,
                                                "Async Capable": false,
                                                "Join Type": "Inner",
                                                "Startup Cost": 112881.3,
                                                "Total Cost": 117822.03,
                                                "Plan Rows": 1,
                                                "Plan Width": 84,
                                                "Actual Startup Time": 276.5,
                                                "Actual Total Time": 284.272,
                                                "Actual Rows": 57,
                                                "Actual Loops": 2,
                                                "Inner Unique": false,
                                                "Hash Cond": "(cn2.id = mc2.company_id)",
                                                "Workers": [],
                                                "Plans": [
                                                    {
                                                        "Node Type": "Seq Scan",
                                                        "Parent Relationship": "Outer",
                                                        "Parallel Aware": true,
                                                        "Async Capable": false,
                                                        "Relation Name": "company_name",
                                                        "Alias": "cn2",
                                                        "Startup Cost": 0.0,
                                                        "Total Cost": 4422.34,
                                                        "Plan Rows": 138234,
                                                        "Plan Width": 23,
                                                        "Actual Startup Time": 0.003,
                                                        "Actual Total Time": 5.161,
                                                        "Actual Rows": 117498,
                                                        "Actual Loops": 2,
                                                        "Workers": []
                                                    },
                                                    {
                                                        "Node Type": "Hash",
                                                        "Parent Relationship": "Inner",
                                                        "Parallel Aware": true,
                                                        "Async Capable": false,
                                                        "Startup Cost": 112881.29,
                                                        "Total Cost": 112881.29,
                                                        "Plan Rows": 1,
                                                        "Plan Width": 69,
                                                        "Actual Startup Time": 275.788,
                                                        "Actual Total Time": 275.804,
                                                        "Actual Rows": 57,
                                                        "Actual Loops": 2,
                                                        "Hash Buckets": 1024,
                                                        "Original Hash Buckets": 1024,
                                                        "Hash Batches": 1,
                                                        "Original Hash Batches": 1,
                                                        "Peak Memory Usage": 72,
                                                        "Workers": [],
                                                        "Plans": [
                                                            {
                                                                "Node Type": "Hash Join",
                                                                "Parent Relationship": "Outer",
                                                                "Parallel Aware": false,
                                                                "Async Capable": false,
                                                                "Join Type": "Inner",
                                                                "Startup Cost": 82484.53,
                                                                "Total Cost": 112881.29,
                                                                "Plan Rows": 1,
                                                                "Plan Width": 69,
                                                                "Actual Startup Time": 188.628,
                                                                "Actual Total Time": 275.783,
                                                                "Actual Rows": 57,
                                                                "Actual Loops": 2,
                                                                "Inner Unique": true,
                                                                "Hash Cond": "(t2.kind_id = kt2.id)",
                                                                "Workers": [],
                                                                "Plans": [
                                                                    {
                                                                        "Node Type": "Hash Join",
                                                                        "Parent Relationship": "Outer",
                                                                        "Parallel Aware": true,
                                                                        "Async Capable": false,
                                                                        "Join Type": "Inner",
                                                                        "Startup Cost": 82483.41,
                                                                        "Total Cost": 112880.18,
                                                                        "Plan Rows": 1,
                                                                        "Plan Width": 73,
                                                                        "Actual Startup Time": 188.612,
                                                                        "Actual Total Time": 275.76,
                                                                        "Actual Rows": 66,
                                                                        "Actual Loops": 2,
                                                                        "Inner Unique": false,
                                                                        "Hash Cond": "(mc2.movie_id = t2.id)",
                                                                        "Workers": [],
                                                                        "Plans": [
                                                                            {
                                                                                "Node Type": "Seq Scan",
                                                                                "Parent Relationship": "Outer",
                                                                                "Parallel Aware": true,
                                                                                "Async Capable": false,
                                                                                "Relation Name": "movie_companies",
                                                                                "Alias": "mc2",
                                                                                "Startup Cost": 0.0,
                                                                                "Total Cost": 27240.55,
                                                                                "Plan Rows": 841655,
                                                                                "Plan Width": 8,
                                                                                "Actual Startup Time": 0.004,
                                                                                "Actual Total Time": 50.866,
                                                                                "Actual Rows": 1304564,
                                                                                "Actual Loops": 2,
                                                                                "Workers": []
                                                                            },
                                                                            {
                                                                                "Node Type": "Hash",
                                                                                "Parent Relationship": "Inner",
                                                                                "Parallel Aware": true,
                                                                                "Async Capable": false,
                                                                                "Startup Cost": 82483.4,
                                                                                "Total Cost": 82483.4,
                                                                                "Plan Rows": 1,
                                                                                "Plan Width": 81,
                                                                                "Actual Startup Time": 188.336,
                                                                                "Actual Total Time": 188.351,
                                                                                "Actual Rows": 36,
                                                                                "Actual Loops": 2,
                                                                                "Hash Buckets": 1024,
                                                                                "Original Hash Buckets": 1024,
                                                                                "Hash Batches": 1,
                                                                                "Original Hash Batches": 1,
                                                                                "Peak Memory Usage": 72,
                                                                                "Workers": [],
                                                                                "Plans": [
                                                                                    {
                                                                                        "Node Type": "Hash Join",
                                                                                        "Parent Relationship": "Outer",
                                                                                        "Parallel Aware": true,
                                                                                        "Async Capable": false,
                                                                                        "Join Type": "Inner",
                                                                                        "Startup Cost": 36006.19,
                                                                                        "Total Cost": 82483.4,
                                                                                        "Plan Rows": 1,
                                                                                        "Plan Width": 81,
                                                                                        "Actual Startup Time": 110.533,
                                                                                        "Actual Total Time": 188.331,
                                                                                        "Actual Rows": 36,
                                                                                        "Actual Loops": 2,
                                                                                        "Inner Unique": false,
                                                                                        "Hash Cond": "(t2.id = ml.linked_movie_id)",
                                                                                        "Workers": [],
                                                                                        "Plans": [
                                                                                            {
                                                                                                "Node Type": "Seq Scan",
                                                                                                "Parent Relationship": "Outer",
                                                                                                "Parallel Aware": true,
                                                                                                "Async Capable": false,
                                                                                                "Relation Name": "title",
                                                                                                "Alias": "t2",
                                                                                                "Startup Cost": 0.0,
                                                                                                "Total Cost": 45490.07,
                                                                                                "Plan Rows": 263234,
                                                                                                "Plan Width": 25,
                                                                                                "Actual Startup Time": 0.002,
                                                                                                "Actual Total Time": 66.477,
                                                                                                "Actual Rows": 521400,
                                                                                                "Actual Loops": 2,
                                                                                                "Filter": "((production_year >= 2000) AND (production_year <= 2010))",
                                                                                                "Rows Removed by Filter": 742756,
                                                                                                "Workers": []
                                                                                            },
                                                                                            {
                                                                                                "Node Type": "Hash",
                                                                                                "Parent Relationship": "Inner",
                                                                                                "Parallel Aware": true,
                                                                                                "Async Capable": false,
                                                                                                "Startup Cost": 36006.18,
                                                                                                "Total Cost": 36006.18,
                                                                                                "Plan Rows": 1,
                                                                                                "Plan Width": 56,
                                                                                                "Actual Startup Time": 108.463,
                                                                                                "Actual Total Time": 108.476,
                                                                                                "Actual Rows": 46,
                                                                                                "Actual Loops": 2,
                                                                                                "Hash Buckets": 1024,
                                                                                                "Original Hash Buckets": 1024,
                                                                                                "Hash Batches": 1,
                                                                                                "Original Hash Batches": 1,
                                                                                                "Peak Memory Usage": 72,
                                                                                                "Workers": [],
                                                                                                "Plans": [
                                                                                                    {
                                                                                                        "Node Type": "Hash Join",
                                                                                                        "Parent Relationship": "Outer",
                                                                                                        "Parallel Aware": true,
                                                                                                        "Async Capable": false,
                                                                                                        "Join Type": "Inner",
                                                                                                        "Startup Cost": 30961.47,
                                                                                                        "Total Cost": 36006.18,
                                                                                                        "Plan Rows": 1,
                                                                                                        "Plan Width": 56,
                                                                                                        "Actual Startup Time": 99.775,
                                                                                                        "Actual Total Time": 108.464,
                                                                                                        "Actual Rows": 46,
                                                                                                        "Actual Loops": 2,
                                                                                                        "Inner Unique": false,
                                                                                                        "Hash Cond": "(cn1.id = mc1.company_id)",
                                                                                                        "Workers": [],
                                                                                                        "Plans": [
                                                                                                            {
                                                                                                                "Node Type": "Seq Scan",
                                                                                                                "Parent Relationship": "Outer",
                                                                                                                "Parallel Aware": true,
                                                                                                                "Async Capable": false,
                                                                                                                "Relation Name": "company_name",
                                                                                                                "Alias": "cn1",
                                                                                                                "Startup Cost": 0.0,
                                                                                                                "Total Cost": 4767.92,
                                                                                                                "Plan Rows": 73808,
                                                                                                                "Plan Width": 23,
                                                                                                                "Actual Startup Time": 0.007,
                                                                                                                "Actual Total Time": 7.21,
                                                                                                                "Actual Rows": 63115,
                                                                                                                "Actual Loops": 2,
                                                                                                                "Filter": "((country_code)::text <> '[us]'::text)",
                                                                                                                "Rows Removed by Filter": 54384,
                                                                                                                "Workers": []
                                                                                                            },
                                                                                                            {
                                                                                                                "Node Type": "Hash",
                                                                                                                "Parent Relationship": "Inner",
                                                                                                                "Parallel Aware": true,
                                                                                                                "Async Capable": false,
                                                                                                                "Startup Cost": 30961.46,
                                                                                                                "Total Cost": 30961.46,
                                                                                                                "Plan Rows": 1,
                                                                                                                "Plan Width": 41,
                                                                                                                "Actual Startup Time": 99.627,
                                                                                                                "Actual Total Time": 99.638,
                                                                                                                "Actual Rows": 58,
                                                                                                                "Actual Loops": 2,
                                                                                                                "Hash Buckets": 1024,
                                                                                                                "Original Hash Buckets": 1024,
                                                                                                                "Hash Batches": 1,
                                                                                                                "Original Hash Batches": 1,
                                                                                                                "Peak Memory Usage": 72,
                                                                                                                "Workers": [],
                                                                                                                "Plans": [
                                                                                                                    {
                                                                                                                        "Node Type": "Hash Join",
                                                                                                                        "Parent Relationship": "Outer",
                                                                                                                        "Parallel Aware": true,
                                                                                                                        "Async Capable": false,
                                                                                                                        "Join Type": "Inner",
                                                                                                                        "Startup Cost": 15011.41,
                                                                                                                        "Total Cost": 30961.46,
                                                                                                                        "Plan Rows": 1,
                                                                                                                        "Plan Width": 41,
                                                                                                                        "Actual Startup Time": 57.12,
                                                                                                                        "Actual Total Time": 99.618,
                                                                                                                        "Actual Rows": 58,
                                                                                                                        "Actual Loops": 2,
                                                                                                                        "Inner Unique": false,
                                                                                                                        "Hash Cond": "(mi_idx2.movie_id = ml.linked_movie_id)",
                                                                                                                        "Workers": [],
                                                                                                                        "Plans": [
                                                                                                                            {
                                                                                                                                "Node Type": "Hash Join",
                                                                                                                                "Parent Relationship": "Outer",
                                                                                                                                "Parallel Aware": false,
                                                                                                                                "Async Capable": false,
                                                                                                                                "Join Type": "Inner",
                                                                                                                                "Startup Cost": 2.43,
                                                                                                                                "Total Cost": 15942.9,
                                                                                                                                "Plan Rows": 2550,
                                                                                                                                "Plan Width": 10,
                                                                                                                                "Actual Startup Time": 0.024,
                                                                                                                                "Actual Total Time": 41.931,
                                                                                                                                "Actual Rows": 18374,
                                                                                                                                "Actual Loops": 2,
                                                                                                                                "Inner Unique": true,
                                                                                                                                "Hash Cond": "(mi_idx2.info_type_id = it2.id)",
                                                                                                                                "Workers": [],
                                                                                                                                "Plans": [
                                                                                                                                    {
                                                                                                                                        "Node Type": "Seq Scan",
                                                                                                                                        "Parent Relationship": "Outer",
                                                                                                                                        "Parallel Aware": true,
                                                                                                                                        "Async Capable": false,
                                                                                                                                        "Relation Name": "movie_info_idx",
                                                                                                                                        "Alias": "mi_idx2",
                                                                                                                                        "Startup Cost": 0.0,
                                                                                                                                        "Total Cost": 15155.68,
                                                                                                                                        "Plan Rows": 288160,
                                                                                                                                        "Plan Width": 14,
                                                                                                                                        "Actual Startup Time": 0.005,
                                                                                                                                        "Actual Total Time": 32.597,
                                                                                                                                        "Actual Rows": 343634,
                                                                                                                                        "Actual Loops": 2,
                                                                                                                                        "Filter": "(info < '3.5'::text)",
                                                                                                                                        "Rows Removed by Filter": 346384,
                                                                                                                                        "Workers": []
                                                                                                                                    },
                                                                                                                                    {
                                                                                                                                        "Node Type": "Hash",
                                                                                                                                        "Parent Relationship": "Inner",
                                                                                                                                        "Parallel Aware": false,
                                                                                                                                        "Async Capable": false,
                                                                                                                                        "Startup Cost": 2.41,
                                                                                                                                        "Total Cost": 2.41,
                                                                                                                                        "Plan Rows": 1,
                                                                                                                                        "Plan Width": 4,
                                                                                                                                        "Actual Startup Time": 0.008,
                                                                                                                                        "Actual Total Time": 0.009,
                                                                                                                                        "Actual Rows": 1,
                                                                                                                                        "Actual Loops": 2,
                                                                                                                                        "Hash Buckets": 1024,
                                                                                                                                        "Original Hash Buckets": 1024,
                                                                                                                                        "Hash Batches": 1,
                                                                                                                                        "Original Hash Batches": 1,
                                                                                                                                        "Peak Memory Usage": 9,
                                                                                                                                        "Workers": [],
                                                                                                                                        "Plans": [
                                                                                                                                            {
                                                                                                                                                "Node Type": "Seq Scan",
                                                                                                                                                "Parent Relationship": "Outer",
                                                                                                                                                "Parallel Aware": false,
                                                                                                                                                "Async Capable": false,
                                                                                                                                                "Relation Name": "info_type",
                                                                                                                                                "Alias": "it2",
                                                                                                                                                "Startup Cost": 0.0,
                                                                                                                                                "Total Cost": 2.41,
                                                                                                                                                "Plan Rows": 1,
                                                                                                                                                "Plan Width": 4,
                                                                                                                                                "Actual Startup Time": 0.007,
                                                                                                                                                "Actual Total Time": 0.008,
                                                                                                                                                "Actual Rows": 1,
                                                                                                                                                "Actual Loops": 2,
                                                                                                                                                "Filter": "((info)::text = 'rating'::text COLLATE \"C\")",
                                                                                                                                                "Rows Removed by Filter": 112,
                                                                                                                                                "Workers": []
                                                                                                                                            }
                                                                                                                                        ]
                                                                                                                                    }
                                                                                                                                ]
                                                                                                                            },
                                                                                                                            {
                                                                                                                                "Node Type": "Hash",
                                                                                                                                "Parent Relationship": "Inner",
                                                                                                                                "Parallel Aware": true,
                                                                                                                                "Async Capable": false,
                                                                                                                                "Startup Cost": 15008.34,
                                                                                                                                "Total Cost": 15008.34,
                                                                                                                                "Plan Rows": 52,
                                                                                                                                "Plan Width": 31,
                                                                                                                                "Actual Startup Time": 56.789,
                                                                                                                                "Actual Total Time": 56.796,
                                                                                                                                "Actual Rows": 4837,
                                                                                                                                "Actual Loops": 2,
                                                                                                                                "Hash Buckets": 16384,
                                                                                                                                "Original Hash Buckets": 1024,
                                                                                                                                "Hash Batches": 1,
                                                                                                                                "Original Hash Batches": 1,
                                                                                                                                "Peak Memory Usage": 920,
                                                                                                                                "Workers": [],
                                                                                                                                "Plans": [
                                                                                                                                    {
                                                                                                                                        "Node Type": "Hash Join",
                                                                                                                                        "Parent Relationship": "Outer",
                                                                                                                                        "Parallel Aware": false,
                                                                                                                                        "Async Capable": false,
                                                                                                                                        "Join Type": "Inner",
                                                                                                                                        "Startup Cost": 3443.17,
                                                                                                                                        "Total Cost": 15008.34,
                                                                                                                                        "Plan Rows": 52,
                                                                                                                                        "Plan Width": 31,
                                                                                                                                        "Actual Startup Time": 8.238,
                                                                                                                                        "Actual Total Time": 44.364,
                                                                                                                                        "Actual Rows": 4837,
                                                                                                                                        "Actual Loops": 2,
                                                                                                                                        "Inner Unique": true,
                                                                                                                                        "Hash Cond": "(t1.kind_id = kt1.id)",
                                                                                                                                        "Workers": [],
                                                                                                                                        "Plans": [
                                                                                                                                            {
                                                                                                                                                "Node Type": "Merge Join",
                                                                                                                                                "Parent Relationship": "Outer",
                                                                                                                                                "Parallel Aware": false,
                                                                                                                                                "Async Capable": false,
                                                                                                                                                "Join Type": "Inner",
                                                                                                                                                "Startup Cost": 3442.06,
                                                                                                                                                "Total Cost": 15006.46,
                                                                                                                                                "Plan Rows": 180,
                                                                                                                                                "Plan Width": 35,
                                                                                                                                                "Actual Startup Time": 8.233,
                                                                                                                                                "Actual Total Time": 44.018,
                                                                                                                                                "Actual Rows": 4837,
                                                                                                                                                "Actual Loops": 2,
                                                                                                                                                "Inner Unique": false,
                                                                                                                                                "Merge Cond": "(t1.id = ml.movie_id)",
                                                                                                                                                "Workers": [],
                                                                                                                                                "Plans": [
                                                                                                                                                    {
                                                                                                                                                        "Node Type": "Index Scan",
                                                                                                                                                        "Parent Relationship": "Outer",
                                                                                                                                                        "Parallel Aware": true,
                                                                                                                                                        "Async Capable": false,
                                                                                                                                                        "Scan Direction": "Forward",
                                                                                                                                                        "Index Name": "title_pkey",
                                                                                                                                                        "Relation Name": "title",
                                                                                                                                                        "Alias": "t1",
                                                                                                                                                        "Startup Cost": 0.43,
                                                                                                                                                        "Total Cost": 91419.31,
                                                                                                                                                        "Plan Rows": 632138,
                                                                                                                                                        "Plan Width": 25,
                                                                                                                                                        "Actual Startup Time": 0.013,
                                                                                                                                                        "Actual Total Time": 22.054,
                                                                                                                                                        "Actual Rows": 82379,
                                                                                                                                                        "Actual Loops": 2,
                                                                                                                                                        "Workers": []
                                                                                                                                                    },
                                                                                                                                                    {
                                                                                                                                                        "Node Type": "Materialize",
                                                                                                                                                        "Parent Relationship": "Inner",
                                                                                                                                                        "Parallel Aware": false,
                                                                                                                                                        "Async Capable": false,
                                                                                                                                                        "Startup Cost": 3435.11,
                                                                                                                                                        "Total Cost": 8137.88,
                                                                                                                                                        "Plan Rows": 721,
                                                                                                                                                        "Plan Width": 26,
                                                                                                                                                        "Actual Startup Time": 8.101,
                                                                                                                                                        "Actual Total Time": 19.029,
                                                                                                                                                        "Actual Rows": 9674,
                                                                                                                                                        "Actual Loops": 2,
                                                                                                                                                        "Workers": [],
                                                                                                                                                        "Plans": [
                                                                                                                                                            {
                                                                                                                                                                "Node Type": "Merge Join",
                                                                                                                                                                "Parent Relationship": "Outer",
                                                                                                                                                                "Parallel Aware": false,
                                                                                                                                                                "Async Capable": false,
                                                                                                                                                                "Join Type": "Inner",
                                                                                                                                                                "Startup Cost": 3435.11,
                                                                                                                                                                "Total Cost": 8136.08,
                                                                                                                                                                "Plan Rows": 721,
                                                                                                                                                                "Plan Width": 26,
                                                                                                                                                                "Actual Startup Time": 8.099,
                                                                                                                                                                "Actual Total Time": 18.117,
                                                                                                                                                                "Actual Rows": 9674,
                                                                                                                                                                "Actual Loops": 2,
                                                                                                                                                                "Inner Unique": false,
                                                                                                                                                                "Merge Cond": "(mc1.movie_id = ml.movie_id)",
                                                                                                                                                                "Workers": [],
                                                                                                                                                                "Plans": [
                                                                                                                                                                    {
                                                                                                                                                                        "Node Type": "Index Scan",
                                                                                                                                                                        "Parent Relationship": "Outer",
                                                                                                                                                                        "Parallel Aware": false,
                                                                                                                                                                        "Async Capable": false,
                                                                                                                                                                        "Scan Direction": "Forward",
                                                                                                                                                                        "Index Name": "movie_id_movie_companies",
                                                                                                                                                                        "Relation Name": "movie_companies",
                                                                                                                                                                        "Alias": "mc1",
                                                                                                                                                                        "Startup Cost": 0.43,
                                                                                                                                                                        "Total Cost": 129518.32,
                                                                                                                                                                        "Plan Rows": 2609129,
                                                                                                                                                                        "Plan Width": 8,
                                                                                                                                                                        "Actual Startup Time": 0.016,
                                                                                                                                                                        "Actual Total Time": 6.836,
                                                                                                                                                                        "Actual Rows": 84189,
                                                                                                                                                                        "Actual Loops": 2,
                                                                                                                                                                        "Workers": []
                                                                                                                                                                    },
                                                                                                                                                                    {
                                                                                                                                                                        "Node Type": "Sort",
                                                                                                                                                                        "Parent Relationship": "Inner",
                                                                                                                                                                        "Parallel Aware": false,
                                                                                                                                                                        "Async Capable": false,
                                                                                                                                                                        "Startup Cost": 3434.68,
                                                                                                                                                                        "Total Cost": 3435.02,
                                                                                                                                                                        "Plan Rows": 136,
                                                                                                                                                                        "Plan Width": 18,
                                                                                                                                                                        "Actual Startup Time": 8.061,
                                                                                                                                                                        "Actual Total Time": 8.284,
                                                                                                                                                                        "Actual Rows": 9736,
                                                                                                                                                                        "Actual Loops": 2,
                                                                                                                                                                        "Sort Key": [
                                                                                                                                                                            "mi_idx1.movie_id"
                                                                                                                                                                        ],
                                                                                                                                                                        "Sort Method": "quicksort",
                                                                                                                                                                        "Sort Space Used": 177,
                                                                                                                                                                        "Sort Space Type": "Memory",
                                                                                                                                                                        "Workers": [
                                                                                                                                                                            {
                                                                                                                                                                                "Worker Number": 0,
                                                                                                                                                                                "Sort Method": "quicksort",
                                                                                                                                                                                "Sort Space Used": 177,
                                                                                                                                                                                "Sort Space Type": "Memory"
                                                                                                                                                                            }
                                                                                                                                                                        ],
                                                                                                                                                                        "Plans": [
                                                                                                                                                                            {
                                                                                                                                                                                "Node Type": "Hash Join",
                                                                                                                                                                                "Parent Relationship": "Outer",
                                                                                                                                                                                "Parallel Aware": false,
                                                                                                                                                                                "Async Capable": false,
                                                                                                                                                                                "Join Type": "Inner",
                                                                                                                                                                                "Startup Cost": 871.59,
                                                                                                                                                                                "Total Cost": 3429.86,
                                                                                                                                                                                "Plan Rows": 136,
                                                                                                                                                                                "Plan Width": 18,
                                                                                                                                                                                "Actual Startup Time": 2.313,
                                                                                                                                                                                "Actual Total Time": 7.955,
                                                                                                                                                                                "Actual Rows": 2064,
                                                                                                                                                                                "Actual Loops": 2,
                                                                                                                                                                                "Inner Unique": true,
                                                                                                                                                                                "Hash Cond": "(mi_idx1.info_type_id = it1.id)",
                                                                                                                                                                                "Workers": [],
                                                                                                                                                                                "Plans": [
                                                                                                                                                                                    {
                                                                                                                                                                                        "Node Type": "Merge Join",
                                                                                                                                                                                        "Parent Relationship": "Outer",
                                                                                                                                                                                        "Parallel Aware": false,
                                                                                                                                                                                        "Async Capable": false,
                                                                                                                                                                                        "Join Type": "Inner",
                                                                                                                                                                                        "Startup Cost": 869.16,
                                                                                                                                                                                        "Total Cost": 3385.7,
                                                                                                                                                                                        "Plan Rows": 15324,
                                                                                                                                                                                        "Plan Width": 22,
                                                                                                                                                                                        "Actual Startup Time": 2.303,
                                                                                                                                                                                        "Actual Total Time": 7.704,
                                                                                                                                                                                        "Actual Rows": 6192,
                                                                                                                                                                                        "Actual Loops": 2,
                                                                                                                                                                                        "Inner Unique": false,
                                                                                                                                                                                        "Merge Cond": "(mi_idx1.movie_id = ml.movie_id)",
                                                                                                                                                                                        "Workers": [],
                                                                                                                                                                                        "Plans": [
                                                                                                                                                                                            {
                                                                                                                                                                                                "Node Type": "Index Scan",
                                                                                                                                                                                                "Parent Relationship": "Outer",
                                                                                                                                                                                                "Parallel Aware": false,
                                                                                                                                                                                                "Async Capable": false,
                                                                                                                                                                                                "Scan Direction": "Forward",
                                                                                                                                                                                                "Index Name": "movie_id_movie_info_idx",
                                                                                                                                                                                                "Relation Name": "movie_info_idx",
                                                                                                                                                                                                "Alias": "mi_idx1",
                                                                                                                                                                                                "Startup Cost": 0.43,
                                                                                                                                                                                                "Total Cost": 46811.74,
                                                                                                                                                                                                "Plan Rows": 1380035,
                                                                                                                                                                                                "Plan Width": 14,
                                                                                                                                                                                                "Actual Startup Time": 0.016,
                                                                                                                                                                                                "Actual Total Time": 3.236,
                                                                                                                                                                                                "Actual Rows": 63901,
                                                                                                                                                                                                "Actual Loops": 2,
                                                                                                                                                                                                "Workers": []
                                                                                                                                                                                            },
                                                                                                                                                                                            {
                                                                                                                                                                                                "Node Type": "Sort",
                                                                                                                                                                                                "Parent Relationship": "Inner",
                                                                                                                                                                                                "Parallel Aware": false,
                                                                                                                                                                                                "Async Capable": false,
                                                                                                                                                                                                "Startup Cost": 868.72,
                                                                                                                                                                                                "Total Cost": 881.22,
                                                                                                                                                                                                "Plan Rows": 5000,
                                                                                                                                                                                                "Plan Width": 8,
                                                                                                                                                                                                "Actual Startup Time": 2.278,
                                                                                                                                                                                                "Actual Total Time": 2.417,
                                                                                                                                                                                                "Actual Rows": 6443,
                                                                                                                                                                                                "Actual Loops": 2,
                                                                                                                                                                                                "Sort Key": [
                                                                                                                                                                                                    "ml.movie_id"
                                                                                                                                                                                                ],
                                                                                                                                                                                                "Sort Method": "quicksort",
                                                                                                                                                                                                "Sort Space Used": 169,
                                                                                                                                                                                                "Sort Space Type": "Memory",
                                                                                                                                                                                                "Workers": [
                                                                                                                                                                                                    {
                                                                                                                                                                                                        "Worker Number": 0,
                                                                                                                                                                                                        "Sort Method": "quicksort",
                                                                                                                                                                                                        "Sort Space Used": 169,
                                                                                                                                                                                                        "Sort Space Type": "Memory"
                                                                                                                                                                                                    }
                                                                                                                                                                                                ],
                                                                                                                                                                                                "Plans": [
                                                                                                                                                                                                    {
                                                                                                                                                                                                        "Node Type": "Hash Join",
                                                                                                                                                                                                        "Parent Relationship": "Outer",
                                                                                                                                                                                                        "Parallel Aware": false,
                                                                                                                                                                                                        "Async Capable": false,
                                                                                                                                                                                                        "Join Type": "Inner",
                                                                                                                                                                                                        "Startup Cost": 1.29,
                                                                                                                                                                                                        "Total Cost": 561.53,
                                                                                                                                                                                                        "Plan Rows": 5000,
                                                                                                                                                                                                        "Plan Width": 8,
                                                                                                                                                                                                        "Actual Startup Time": 0.016,
                                                                                                                                                                                                        "Actual Total Time": 2.149,
                                                                                                                                                                                                        "Actual Rows": 2315,
                                                                                                                                                                                                        "Actual Loops": 2,
                                                                                                                                                                                                        "Inner Unique": true,
                                                                                                                                                                                                        "Hash Cond": "(ml.link_type_id = lt.id)",
                                                                                                                                                                                                        "Workers": [],
                                                                                                                                                                                                        "Plans": [
                                                                                                                                                                                                            {
                                                                                                                                                                                                                "Node Type": "Seq Scan",
                                                                                                                                                                                                                "Parent Relationship": "Outer",
                                                                                                                                                                                                                "Parallel Aware": false,
                                                                                                                                                                                                                "Async Capable": false,
                                                                                                                                                                                                                "Relation Name": "movie_link",
                                                                                                                                                                                                                "Alias": "ml",
                                                                                                                                                                                                                "Startup Cost": 0.0,
                                                                                                                                                                                                                "Total Cost": 462.97,
                                                                                                                                                                                                                "Plan Rows": 29997,
                                                                                                                                                                                                                "Plan Width": 12,
                                                                                                                                                                                                                "Actual Startup Time": 0.005,
                                                                                                                                                                                                                "Actual Total Time": 1.193,
                                                                                                                                                                                                                "Actual Rows": 29997,
                                                                                                                                                                                                                "Actual Loops": 2,
                                                                                                                                                                                                                "Workers": []
                                                                                                                                                                                                            },
                                                                                                                                                                                                            {
                                                                                                                                                                                                                "Node Type": "Hash",
                                                                                                                                                                                                                "Parent Relationship": "Inner",
                                                                                                                                                                                                                "Parallel Aware": false,
                                                                                                                                                                                                                "Async Capable": false,
                                                                                                                                                                                                                "Startup Cost": 1.25,
                                                                                                                                                                                                                "Total Cost": 1.25,
                                                                                                                                                                                                                "Plan Rows": 3,
                                                                                                                                                                                                                "Plan Width": 4,
                                                                                                                                                                                                                "Actual Startup Time": 0.006,
                                                                                                                                                                                                                "Actual Total Time": 0.006,
                                                                                                                                                                                                                "Actual Rows": 2,
                                                                                                                                                                                                                "Actual Loops": 2,
                                                                                                                                                                                                                "Hash Buckets": 1024,
                                                                                                                                                                                                                "Original Hash Buckets": 1024,
                                                                                                                                                                                                                "Hash Batches": 1,
                                                                                                                                                                                                                "Original Hash Batches": 1,
                                                                                                                                                                                                                "Peak Memory Usage": 9,
                                                                                                                                                                                                                "Workers": [],
                                                                                                                                                                                                                "Plans": [
                                                                                                                                                                                                                    {
                                                                                                                                                                                                                        "Node Type": "Seq Scan",
                                                                                                                                                                                                                        "Parent Relationship": "Outer",
                                                                                                                                                                                                                        "Parallel Aware": false,
                                                                                                                                                                                                                        "Async Capable": false,
                                                                                                                                                                                                                        "Relation Name": "link_type",
                                                                                                                                                                                                                        "Alias": "lt",
                                                                                                                                                                                                                        "Startup Cost": 0.0,
                                                                                                                                                                                                                        "Total Cost": 1.25,
                                                                                                                                                                                                                        "Plan Rows": 3,
                                                                                                                                                                                                                        "Plan Width": 4,
                                                                                                                                                                                                                        "Actual Startup Time": 0.004,
                                                                                                                                                                                                                        "Actual Total Time": 0.005,
                                                                                                                                                                                                                        "Actual Rows": 2,
                                                                                                                                                                                                                        "Actual Loops": 2,
                                                                                                                                                                                                                        "Filter": "((link)::text = ANY ('{sequel,follows,\"followed by\"}'::text[]))",
                                                                                                                                                                                                                        "Rows Removed by Filter": 16,
                                                                                                                                                                                                                        "Workers": []
                                                                                                                                                                                                                    }
                                                                                                                                                                                                                ]
                                                                                                                                                                                                            }
                                                                                                                                                                                                        ]
                                                                                                                                                                                                    }
                                                                                                                                                                                                ]
                                                                                                                                                                                            }
                                                                                                                                                                                        ]
                                                                                                                                                                                    },
                                                                                                                                                                                    {
                                                                                                                                                                                        "Node Type": "Hash",
                                                                                                                                                                                        "Parent Relationship": "Inner",
                                                                                                                                                                                        "Parallel Aware": false,
                                                                                                                                                                                        "Async Capable": false,
                                                                                                                                                                                        "Startup Cost": 2.41,
                                                                                                                                                                                        "Total Cost": 2.41,
                                                                                                                                                                                        "Plan Rows": 1,
                                                                                                                                                                                        "Plan Width": 4,
                                                                                                                                                                                        "Actual Startup Time": 0.007,
                                                                                                                                                                                        "Actual Total Time": 0.007,
                                                                                                                                                                                        "Actual Rows": 1,
                                                                                                                                                                                        "Actual Loops": 2,
                                                                                                                                                                                        "Hash Buckets": 1024,
                                                                                                                                                                                        "Original Hash Buckets": 1024,
                                                                                                                                                                                        "Hash Batches": 1,
                                                                                                                                                                                        "Original Hash Batches": 1,
                                                                                                                                                                                        "Peak Memory Usage": 9,
                                                                                                                                                                                        "Workers": [],
                                                                                                                                                                                        "Plans": [
                                                                                                                                                                                            {
                                                                                                                                                                                                "Node Type": "Seq Scan",
                                                                                                                                                                                                "Parent Relationship": "Outer",
                                                                                                                                                                                                "Parallel Aware": false,
                                                                                                                                                                                                "Async Capable": false,
                                                                                                                                                                                                "Relation Name": "info_type",
                                                                                                                                                                                                "Alias": "it1",
                                                                                                                                                                                                "Startup Cost": 0.0,
                                                                                                                                                                                                "Total Cost": 2.41,
                                                                                                                                                                                                "Plan Rows": 1,
                                                                                                                                                                                                "Plan Width": 4,
                                                                                                                                                                                                "Actual Startup Time": 0.006,
                                                                                                                                                                                                "Actual Total Time": 0.006,
                                                                                                                                                                                                "Actual Rows": 1,
                                                                                                                                                                                                "Actual Loops": 2,
                                                                                                                                                                                                "Filter": "((info)::text = 'rating'::text COLLATE \"C\")",
                                                                                                                                                                                                "Rows Removed by Filter": 112,
                                                                                                                                                                                                "Workers": []
                                                                                                                                                                                            }
                                                                                                                                                                                        ]
                                                                                                                                                                                    }
                                                                                                                                                                                ]
                                                                                                                                                                            }
                                                                                                                                                                        ]
                                                                                                                                                                    }
                                                                                                                                                                ]
                                                                                                                                                            }
                                                                                                                                                        ]
                                                                                                                                                    }
                                                                                                                                                ]
                                                                                                                                            },
                                                                                                                                            {
                                                                                                                                                "Node Type": "Hash",
                                                                                                                                                "Parent Relationship": "Inner",
                                                                                                                                                "Parallel Aware": false,
                                                                                                                                                "Async Capable": false,
                                                                                                                                                "Startup Cost": 1.09,
                                                                                                                                                "Total Cost": 1.09,
                                                                                                                                                "Plan Rows": 2,
                                                                                                                                                "Plan Width": 4,
                                                                                                                                                "Actual Startup Time": 0.002,
                                                                                                                                                "Actual Total Time": 0.003,
                                                                                                                                                "Actual Rows": 2,
                                                                                                                                                "Actual Loops": 2,
                                                                                                                                                "Hash Buckets": 1024,
                                                                                                                                                "Original Hash Buckets": 1024,
                                                                                                                                                "Hash Batches": 1,
                                                                                                                                                "Original Hash Batches": 1,
                                                                                                                                                "Peak Memory Usage": 9,
                                                                                                                                                "Workers": [],
                                                                                                                                                "Plans": [
                                                                                                                                                    {
                                                                                                                                                        "Node Type": "Seq Scan",
                                                                                                                                                        "Parent Relationship": "Outer",
                                                                                                                                                        "Parallel Aware": false,
                                                                                                                                                        "Async Capable": false,
                                                                                                                                                        "Relation Name": "kind_type",
                                                                                                                                                        "Alias": "kt1",
                                                                                                                                                        "Startup Cost": 0.0,
                                                                                                                                                        "Total Cost": 1.09,
                                                                                                                                                        "Plan Rows": 2,
                                                                                                                                                        "Plan Width": 4,
                                                                                                                                                        "Actual Startup Time": 0.001,
                                                                                                                                                        "Actual Total Time": 0.002,
                                                                                                                                                        "Actual Rows": 2,
                                                                                                                                                        "Actual Loops": 2,
                                                                                                                                                        "Filter": "((kind)::text = ANY ('{\"tv series\",episode}'::text[]))",
                                                                                                                                                        "Rows Removed by Filter": 5,
                                                                                                                                                        "Workers": []
                                                                                                                                                    }
                                                                                                                                                ]
                                                                                                                                            }
                                                                                                                                        ]
                                                                                                                                    }
                                                                                                                                ]
                                                                                                                            }
                                                                                                                        ]
                                                                                                                    }
                                                                                                                ]
                                                                                                            }
                                                                                                        ]
                                                                                                    }
                                                                                                ]
                                                                                            }
                                                                                        ]
                                                                                    }
                                                                                ]
                                                                            }
                                                                        ]
                                                                    },
                                                                    {
                                                                        "Node Type": "Hash",
                                                                        "Parent Relationship": "Inner",
                                                                        "Parallel Aware": false,
                                                                        "Async Capable": false,
                                                                        "Startup Cost": 1.09,
                                                                        "Total Cost": 1.09,
                                                                        "Plan Rows": 2,
                                                                        "Plan Width": 4,
                                                                        "Actual Startup Time": 0.012,
                                                                        "Actual Total Time": 0.012,
                                                                        "Actual Rows": 2,
                                                                        "Actual Loops": 2,
                                                                        "Hash Buckets": 1024,
                                                                        "Original Hash Buckets": 1024,
                                                                        "Hash Batches": 1,
                                                                        "Original Hash Batches": 1,
                                                                        "Peak Memory Usage": 9,
                                                                        "Workers": [],
                                                                        "Plans": [
                                                                            {
                                                                                "Node Type": "Seq Scan",
                                                                                "Parent Relationship": "Outer",
                                                                                "Parallel Aware": false,
                                                                                "Async Capable": false,
                                                                                "Relation Name": "kind_type",
                                                                                "Alias": "kt2",
                                                                                "Startup Cost": 0.0,
                                                                                "Total Cost": 1.09,
                                                                                "Plan Rows": 2,
                                                                                "Plan Width": 4,
                                                                                "Actual Startup Time": 0.009,
                                                                                "Actual Total Time": 0.01,
                                                                                "Actual Rows": 2,
                                                                                "Actual Loops": 2,
                                                                                "Filter": "((kind)::text = ANY ('{\"tv series\",episode}'::text[]))",
                                                                                "Rows Removed by Filter": 5,
                                                                                "Workers": []
                                                                            }
                                                                        ]
                                                                    }
                                                                ]
                                                            }
                                                        ]
                                                    }
                                                ]
                                            }
                                        ]
                                    }
                                ]
                            }
                        ]
                    },
                    "Planning Time": 98.277,
                    "Triggers": [],
                    "Execution Time": 304.225
                }
            ],
            "hints": [
                "SET enable_hashjoin TO on",
                "SET enable_indexonlyscan TO on",
                "SET enable_indexscan TO on",
                "SET enable_mergejoin TO on",
                "SET enable_nestloop TO off",
                "SET enable_seqscan TO on"
            ]
        },
        {
            "arm": 2,
            "execution_time": 483.698,
            "plan": [
                {
                    "Plan": {
                        "Node Type": "Aggregate",
                        "Strategy": "Plain",
                        "Partial Mode": "Finalize",
                        "Parallel Aware": false,
                        "Async Capable": false,
                        "Startup Cost": 194873.82,
                        "Total Cost": 194873.83,
                        "Plan Rows": 1,
                        "Plan Width": 192,
                        "Actual Startup Time": 460.308,
                        "Actual Total Time": 483.615,
                        "Actual Rows": 1,
                        "Actual Loops": 1,
                        "Plans": [
                            {
                                "Node Type": "Gather",
                                "Parent Relationship": "Outer",
                                "Parallel Aware": false,
                                "Async Capable": false,
                                "Startup Cost": 194873.69,
                                "Total Cost": 194873.8,
                                "Plan Rows": 1,
                                "Plan Width": 192,
                                "Actual Startup Time": 460.156,
                                "Actual Total Time": 483.611,
                                "Actual Rows": 2,
                                "Actual Loops": 1,
                                "Workers Planned": 1,
                                "Workers Launched": 1,
                                "Single Copy": false,
                                "Plans": [
                                    {
                                        "Node Type": "Aggregate",
                                        "Strategy": "Plain",
                                        "Partial Mode": "Partial",
                                        "Parent Relationship": "Outer",
                                        "Parallel Aware": false,
                                        "Async Capable": false,
                                        "Startup Cost": 193873.69,
                                        "Total Cost": 193873.7,
                                        "Plan Rows": 1,
                                        "Plan Width": 192,
                                        "Actual Startup Time": 458.85,
                                        "Actual Total Time": 458.866,
                                        "Actual Rows": 1,
                                        "Actual Loops": 2,
                                        "Workers": [],
                                        "Plans": [
                                            {
                                                "Node Type": "Hash Join",
                                                "Parent Relationship": "Outer",
                                                "Parallel Aware": true,
                                                "Async Capable": false,
                                                "Join Type": "Inner",
                                                "Startup Cost": 188932.96,
                                                "Total Cost": 193873.68,
                                                "Plan Rows": 1,
                                                "Plan Width": 84,
                                                "Actual Startup Time": 451.407,
                                                "Actual Total Time": 458.854,
                                                "Actual Rows": 57,
                                                "Actual Loops": 2,
                                                "Inner Unique": false,
                                                "Hash Cond": "(cn2.id = mc2.company_id)",
                                                "Workers": [],
                                                "Plans": [
                                                    {
                                                        "Node Type": "Seq Scan",
                                                        "Parent Relationship": "Outer",
                                                        "Parallel Aware": true,
                                                        "Async Capable": false,
                                                        "Relation Name": "company_name",
                                                        "Alias": "cn2",
                                                        "Startup Cost": 0.0,
                                                        "Total Cost": 4422.34,
                                                        "Plan Rows": 138234,
                                                        "Plan Width": 23,
                                                        "Actual Startup Time": 0.003,
                                                        "Actual Total Time": 4.804,
                                                        "Actual Rows": 117498,
                                                        "Actual Loops": 2,
                                                        "Workers": []
                                                    },
                                                    {
                                                        "Node Type": "Hash",
                                                        "Parent Relationship": "Inner",
                                                        "Parallel Aware": true,
                                                        "Async Capable": false,
                                                        "Startup Cost": 188932.94,
                                                        "Total Cost": 188932.94,
                                                        "Plan Rows": 1,
                                                        "Plan Width": 69,
                                                        "Actual Startup Time": 450.719,
                                                        "Actual Total Time": 450.734,
                                                        "Actual Rows": 57,
                                                        "Actual Loops": 2,
                                                        "Hash Buckets": 1024,
                                                        "Original Hash Buckets": 1024,
                                                        "Hash Batches": 1,
                                                        "Original Hash Batches": 1,
                                                        "Peak Memory Usage": 72,
                                                        "Workers": [],
                                                        "Plans": [
                                                            {
                                                                "Node Type": "Nested Loop",
                                                                "Parent Relationship": "Outer",
                                                                "Parallel Aware": false,
                                                                "Async Capable": false,
                                                                "Join Type": "Inner",
                                                                "Startup Cost": 158535.07,
                                                                "Total Cost": 188932.94,
                                                                "Plan Rows": 1,
                                                                "Plan Width": 69,
                                                                "Actual Startup Time": 370.708,
                                                                "Actual Total Time": 450.719,
                                                                "Actual Rows": 57,
                                                                "Actual Loops": 2,
                                                                "Inner Unique": true,
                                                                "Join Filter": "(kt1.id = t1.kind_id)",
                                                                "Rows Removed by Join Filter": 0,
                                                                "Workers": [],
                                                                "Plans": [
                                                                    {
                                                                        "Node Type": "Hash Join",
                                                                        "Parent Relationship": "Outer",
                                                                        "Parallel Aware": true,
                                                                        "Async Capable": false,
                                                                        "Join Type": "Inner",
                                                                        "Startup Cost": 158535.07,
                                                                        "Total Cost": 188931.83,
                                                                        "Plan Rows": 1,
                                                                        "Plan Width": 73,
                                                                        "Actual Startup Time": 370.7,
                                                                        "Actual Total Time": 450.689,
                                                                        "Actual Rows": 57,
                                                                        "Actual Loops": 2,
                                                                        "Inner Unique": false,
                                                                        "Hash Cond": "(mc2.movie_id = t2.id)",
                                                                        "Workers": [],
                                                                        "Plans": [
                                                                            {
                                                                                "Node Type": "Seq Scan",
                                                                                "Parent Relationship": "Outer",
                                                                                "Parallel Aware": true,
                                                                                "Async Capable": false,
                                                                                "Relation Name": "movie_companies",
                                                                                "Alias": "mc2",
                                                                                "Startup Cost": 0.0,
                                                                                "Total Cost": 27240.55,
                                                                                "Plan Rows": 841655,
                                                                                "Plan Width": 8,
                                                                                "Actual Startup Time": 0.002,
                                                                                "Actual Total Time": 44.05,
                                                                                "Actual Rows": 1304564,
                                                                                "Actual Loops": 2,
                                                                                "Workers": []
                                                                            },
                                                                            {
                                                                                "Node Type": "Hash",
                                                                                "Parent Relationship": "Inner",
                                                                                "Parallel Aware": true,
                                                                                "Async Capable": false,
                                                                                "Startup Cost": 158535.06,
                                                                                "Total Cost": 158535.06,
                                                                                "Plan Rows": 1,
                                                                                "Plan Width": 81,
                                                                                "Actual Startup Time": 370.437,
                                                                                "Actual Total Time": 370.45,
                                                                                "Actual Rows": 23,
                                                                                "Actual Loops": 2,
                                                                                "Hash Buckets": 1024,
                                                                                "Original Hash Buckets": 1024,
                                                                                "Hash Batches": 1,
                                                                                "Original Hash Batches": 1,
                                                                                "Peak Memory Usage": 72,
                                                                                "Workers": [],
                                                                                "Plans": [
                                                                                    {
                                                                                        "Node Type": "Hash Join",
                                                                                        "Parent Relationship": "Outer",
                                                                                        "Parallel Aware": true,
                                                                                        "Async Capable": false,
                                                                                        "Join Type": "Inner",
                                                                                        "Startup Cost": 153490.35,
                                                                                        "Total Cost": 158535.06,
                                                                                        "Plan Rows": 1,
                                                                                        "Plan Width": 81,
                                                                                        "Actual Startup Time": 362.807,
                                                                                        "Actual Total Time": 370.441,
                                                                                        "Actual Rows": 23,
                                                                                        "Actual Loops": 2,
                                                                                        "Inner Unique": false,
                                                                                        "Hash Cond": "(cn1.id = mc1.company_id)",
                                                                                        "Workers": [],
                                                                                        "Plans": [
                                                                                            {
                                                                                                "Node Type": "Seq Scan",
                                                                                                "Parent Relationship": "Outer",
                                                                                                "Parallel Aware": true,
                                                                                                "Async Capable": false,
                                                                                                "Relation Name": "company_name",
                                                                                                "Alias": "cn1",
                                                                                                "Startup Cost": 0.0,
                                                                                                "Total Cost": 4767.92,
                                                                                                "Plan Rows": 73808,
                                                                                                "Plan Width": 23,
                                                                                                "Actual Startup Time": 0.007,
                                                                                                "Actual Total Time": 6.429,
                                                                                                "Actual Rows": 63115,
                                                                                                "Actual Loops": 2,
                                                                                                "Filter": "((country_code)::text <> '[us]'::text)",
                                                                                                "Rows Removed by Filter": 54384,
                                                                                                "Workers": []
                                                                                            },
                                                                                            {
                                                                                                "Node Type": "Hash",
                                                                                                "Parent Relationship": "Inner",
                                                                                                "Parallel Aware": true,
                                                                                                "Async Capable": false,
                                                                                                "Startup Cost": 153490.34,
                                                                                                "Total Cost": 153490.34,
                                                                                                "Plan Rows": 1,
                                                                                                "Plan Width": 66,
                                                                                                "Actual Startup Time": 362.44,
                                                                                                "Actual Total Time": 362.452,
                                                                                                "Actual Rows": 26,
                                                                                                "Actual Loops": 2,
                                                                                                "Hash Buckets": 1024,
                                                                                                "Original Hash Buckets": 1024,
                                                                                                "Hash Batches": 1,
                                                                                                "Original Hash Batches": 1,
                                                                                                "Peak Memory Usage": 72,
                                                                                                "Workers": [],
                                                                                                "Plans": [
                                                                                                    {
                                                                                                        "Node Type": "Hash Join",
                                                                                                        "Parent Relationship": "Outer",
                                                                                                        "Parallel Aware": true,
                                                                                                        "Async Capable": false,
                                                                                                        "Join Type": "Inner",
                                                                                                        "Startup Cost": 123093.57,
                                                                                                        "Total Cost": 153490.34,
                                                                                                        "Plan Rows": 1,
                                                                                                        "Plan Width": 66,
                                                                                                        "Actual Startup Time": 280.513,
                                                                                                        "Actual Total Time": 362.439,
                                                                                                        "Actual Rows": 26,
                                                                                                        "Actual Loops": 2,
                                                                                                        "Inner Unique": false,
                                                                                                        "Hash Cond": "(mc1.movie_id = t1.id)",
                                                                                                        "Workers": [],
                                                                                                        "Plans": [
                                                                                                            {
                                                                                                                "Node Type": "Seq Scan",
                                                                                                                "Parent Relationship": "Outer",
                                                                                                                "Parallel Aware": true,
                                                                                                                "Async Capable": false,
                                                                                                                "Relation Name": "movie_companies",
                                                                                                                "Alias": "mc1",
                                                                                                                "Startup Cost": 0.0,
                                                                                                                "Total Cost": 27240.55,
                                                                                                                "Plan Rows": 841655,
                                                                                                                "Plan Width": 8,
                                                                                                                "Actual Startup Time": 0.005,
                                                                                                                "Actual Total Time": 46.105,
                                                                                                                "Actual Rows": 1304564,
                                                                                                                "Actual Loops": 2,
                                                                                                                "Workers": []
                                                                                                            },
                                                                                                            {
                                                                                                                "Node Type": "Hash",
                                                                                                                "Parent Relationship": "Inner",
                                                                                                                "Parallel Aware": true,
                                                                                                                "Async Capable": false,
                                                                                                                "Startup Cost": 123093.56,
                                                                                                                "Total Cost": 123093.56,
                                                                                                                "Plan Rows": 1,
                                                                                                                "Plan Width": 74,
                                                                                                                "Actual Startup Time": 280.222,
                                                                                                                "Actual Total Time": 280.235,
                                                                                                                "Actual Rows": 10,
                                                                                                                "Actual Loops": 2,
                                                                                                                "Hash Buckets": 1024,
                                                                                                                "Original Hash Buckets": 1024,
                                                                                                                "Hash Batches": 1,
                                                                                                                "Original Hash Batches": 1,
                                                                                                                "Peak Memory Usage": 72,
                                                                                                                "Workers": [],
                                                                                                                "Plans": [
                                                                                                                    {
                                                                                                                        "Node Type": "Hash Join",
                                                                                                                        "Parent Relationship": "Outer",
                                                                                                                        "Parallel Aware": true,
                                                                                                                        "Async Capable": false,
                                                                                                                        "Join Type": "Inner",
                                                                                                                        "Startup Cost": 78393.65,
                                                                                                                        "Total Cost": 123093.56,
                                                                                                                        "Plan Rows": 1,
                                                                                                                        "Plan Width": 74,
                                                                                                                        "Actual Startup Time": 196.671,
                                                                                                                        "Actual Total Time": 280.217,
                                                                                                                        "Actual Rows": 10,
                                                                                                                        "Actual Loops": 2,
                                                                                                                        "Inner Unique": false,
                                                                                                                        "Hash Cond": "(t1.id = ml.movie_id)",
                                                                                                                        "Workers": [],
                                                                                                                        "Plans": [
                                                                                                                            {
                                                                                                                                "Node Type": "Seq Scan",
                                                                                                                                "Parent Relationship": "Outer",
                                                                                                                                "Parallel Aware": true,
                                                                                                                                "Async Capable": false,
                                                                                                                                "Relation Name": "title",
                                                                                                                                "Alias": "t1",
                                                                                                                                "Startup Cost": 0.0,
                                                                                                                                "Total Cost": 42329.38,
                                                                                                                                "Plan Rows": 632138,
                                                                                                                                "Plan Width": 25,
                                                                                                                                "Actual Startup Time": 0.001,
                                                                                                                                "Actual Total Time": 44.405,
                                                                                                                                "Actual Rows": 1264156,
                                                                                                                                "Actual Loops": 2,
                                                                                                                                "Workers": []
                                                                                                                            },
                                                                                                                            {
                                                                                                                                "Node Type": "Hash",
                                                                                                                                "Parent Relationship": "Inner",
                                                                                                                                "Parallel Aware": true,
                                                                                                                                "Async Capable": false,
                                                                                                                                "Startup Cost": 78393.64,
                                                                                                                                "Total Cost": 78393.64,
                                                                                                                                "Plan Rows": 1,
                                                                                                                                "Plan Width": 49,
                                                                                                                                "Actual Startup Time": 196.043,
                                                                                                                                "Actual Total Time": 196.053,
                                                                                                                                "Actual Rows": 10,
                                                                                                                                "Actual Loops": 2,
                                                                                                                                "Hash Buckets": 1024,
                                                                                                                                "Original Hash Buckets": 1024,
                                                                                                                                "Hash Batches": 1,
                                                                                                                                "Original Hash Batches": 1,
                                                                                                                                "Peak Memory Usage": 72,
                                                                                                                                "Workers": [],
                                                                                                                                "Plans": [
                                                                                                                                    {
                                                                                                                                        "Node Type": "Hash Join",
                                                                                                                                        "Parent Relationship": "Outer",
                                                                                                                                        "Parallel Aware": true,
                                                                                                                                        "Async Capable": false,
                                                                                                                                        "Join Type": "Inner",
                                                                                                                                        "Startup Cost": 63090.37,
                                                                                                                                        "Total Cost": 78393.64,
                                                                                                                                        "Plan Rows": 1,
                                                                                                                                        "Plan Width": 49,
                                                                                                                                        "Actual Startup Time": 137.031,
                                                                                                                                        "Actual Total Time": 196.044,
                                                                                                                                        "Actual Rows": 10,
                                                                                                                                        "Actual Loops": 2,
                                                                                                                                        "Inner Unique": false,
                                                                                                                                        "Hash Cond": "(mi_idx1.movie_id = ml.movie_id)",
                                                                                                                                        "Workers": [],
                                                                                                                                        "Plans": [
                                                                                                                                            {
                                                                                                                                                "Node Type": "Hash Join",
                                                                                                                                                "Parent Relationship": "Outer",
                                                                                                                                                "Parallel Aware": false,
                                                                                                                                                "Async Capable": false,
                                                                                                                                                "Join Type": "Inner",
                                                                                                                                                "Startup Cost": 2.43,
                                                                                                                                                "Total Cost": 15286.6,
                                                                                                                                                "Plan Rows": 5089,
                                                                                                                                                "Plan Width": 10,
                                                                                                                                                "Actual Startup Time": 0.029,
                                                                                                                                                "Actual Total Time": 53.495,
                                                                                                                                                "Actual Rows": 229962,
                                                                                                                                                "Actual Loops": 2,
                                                                                                                                                "Inner Unique": true,
                                                                                                                                                "Hash Cond": "(mi_idx1.info_type_id = it1.id)",
                                                                                                                                                "Workers": [],
                                                                                                                                                "Plans": [
                                                                                                                                                    {
                                                                                                                                                        "Node Type": "Seq Scan",
                                                                                                                                                        "Parent Relationship": "Outer",
                                                                                                                                                        "Parallel Aware": true,
                                                                                                                                                        "Async Capable": false,
                                                                                                                                                        "Relation Name": "movie_info_idx",
                                                                                                                                                        "Alias": "mi_idx1",
                                                                                                                                                        "Startup Cost": 0.0,
                                                                                                                                                        "Total Cost": 13718.15,
                                                                                                                                                        "Plan Rows": 575015,
                                                                                                                                                        "Plan Width": 14,
                                                                                                                                                        "Actual Startup Time": 0.006,
                                                                                                                                                        "Actual Total Time": 23.099,
                                                                                                                                                        "Actual Rows": 690018,
                                                                                                                                                        "Actual Loops": 2,
                                                                                                                                                        "Workers": []
                                                                                                                                                    },
                                                                                                                                                    {
                                                                                                                                                        "Node Type": "Hash",
                                                                                                                                                        "Parent Relationship": "Inner",
                                                                                                                                                        "Parallel Aware": false,
                                                                                                                                                        "Async Capable": false,
                                                                                                                                                        "Startup Cost": 2.41,
                                                                                                                                                        "Total Cost": 2.41,
                                                                                                                                                        "Plan Rows": 1,
                                                                                                                                                        "Plan Width": 4,
                                                                                                                                                        "Actual Startup Time": 0.013,
                                                                                                                                                        "Actual Total Time": 0.013,
                                                                                                                                                        "Actual Rows": 1,
                                                                                                                                                        "Actual Loops": 2,
                                                                                                                                                        "Hash Buckets": 1024,
                                                                                                                                                        "Original Hash Buckets": 1024,
                                                                                                                                                        "Hash Batches": 1,
                                                                                                                                                        "Original Hash Batches": 1,
                                                                                                                                                        "Peak Memory Usage": 9,
                                                                                                                                                        "Workers": [],
                                                                                                                                                        "Plans": [
                                                                                                                                                            {
                                                                                                                                                                "Node Type": "Seq Scan",
                                                                                                                                                                "Parent Relationship": "Outer",
                                                                                                                                                                "Parallel Aware": false,
                                                                                                                                                                "Async Capable": false,
                                                                                                                                                                "Relation Name": "info_type",
                                                                                                                                                                "Alias": "it1",
                                                                                                                                                                "Startup Cost": 0.0,
                                                                                                                                                                "Total Cost": 2.41,
                                                                                                                                                                "Plan Rows": 1,
                                                                                                                                                                "Plan Width": 4,
                                                                                                                                                                "Actual Startup Time": 0.007,
                                                                                                                                                                "Actual Total Time": 0.007,
                                                                                                                                                                "Actual Rows": 1,
                                                                                                                                                                "Actual Loops": 2,
                                                                                                                                                                "Filter": "((info)::text = 'rating'::text COLLATE \"C\")",
                                                                                                                                                                "Rows Removed by Filter": 112,
                                                                                                                                                                "Workers": []
                                                                                                                                                            }
                                                                                                                                                        ]
                                                                                                                                                    }
                                                                                                                                                ]
                                                                                                                                            },
                                                                                                                                            {
                                                                                                                                                "Node Type": "Hash",
                                                                                                                                                "Parent Relationship": "Inner",
                                                                                                                                                "Parallel Aware": true,
                                                                                                                                                "Async Capable": false,
                                                                                                                                                "Startup Cost": 63087.92,
                                                                                                                                                "Total Cost": 63087.92,
                                                                                                                                                "Plan Rows": 2,
                                                                                                                                                "Plan Width": 39,
                                                                                                                                                "Actual Startup Time": 136.581,
                                                                                                                                                "Actual Total Time": 136.588,
                                                                                                                                                "Actual Rows": 10,
                                                                                                                                                "Actual Loops": 2,
                                                                                                                                                "Hash Buckets": 1024,
                                                                                                                                                "Original Hash Buckets": 1024,
                                                                                                                                                "Hash Batches": 1,
                                                                                                                                                "Original Hash Batches": 1,
                                                                                                                                                "Peak Memory Usage": 72,
                                                                                                                                                "Workers": [],
                                                                                                                                                "Plans": [
                                                                                                                                                    {
                                                                                                                                                        "Node Type": "Hash Join",
                                                                                                                                                        "Parent Relationship": "Outer",
                                                                                                                                                        "Parallel Aware": false,
                                                                                                                                                        "Async Capable": false,
                                                                                                                                                        "Join Type": "Inner",
                                                                                                                                                        "Startup Cost": 16599.91,
                                                                                                                                                        "Total Cost": 63087.92,
                                                                                                                                                        "Plan Rows": 2,
                                                                                                                                                        "Plan Width": 39,
                                                                                                                                                        "Actual Startup Time": 47.779,
                                                                                                                                                        "Actual Total Time": 136.571,
                                                                                                                                                        "Actual Rows": 10,
                                                                                                                                                        "Actual Loops": 2,
                                                                                                                                                        "Inner Unique": false,
                                                                                                                                                        "Hash Cond": "(t2.id = ml.linked_movie_id)",
                                                                                                                                                        "Workers": [],
                                                                                                                                                        "Plans": [
                                                                                                                                                            {
                                                                                                                                                                "Node Type": "Hash Join",
                                                                                                                                                                "Parent Relationship": "Outer",
                                                                                                                                                                "Parallel Aware": false,
                                                                                                                                                                "Async Capable": false,
                                                                                                                                                                "Join Type": "Inner",
                                                                                                                                                                "Startup Cost": 15975.88,
                                                                                                                                                                "Total Cost": 62458.42,
                                                                                                                                                                "Plan Rows": 182,
                                                                                                                                                                "Plan Width": 31,
                                                                                                                                                                "Actual Startup Time": 44.567,
                                                                                                                                                                "Actual Total Time": 133.968,
                                                                                                                                                                "Actual Rows": 3247,
                                                                                                                                                                "Actual Loops": 2,
                                                                                                                                                                "Inner Unique": true,
                                                                                                                                                                "Hash Cond": "(t2.kind_id = kt2.id)",
                                                                                                                                                                "Workers": [],
                                                                                                                                                                "Plans": [
                                                                                                                                                                    {
                                                                                                                                                                        "Node Type": "Hash Join",
                                                                                                                                                                        "Parent Relationship": "Outer",
                                                                                                                                                                        "Parallel Aware": true,
                                                                                                                                                                        "Async Capable": false,
                                                                                                                                                                        "Join Type": "Inner",
                                                                                                                                                                        "Startup Cost": 15974.77,
                                                                                                                                                                        "Total Cost": 62454.62,
                                                                                                                                                                        "Plan Rows": 637,
                                                                                                                                                                        "Plan Width": 35,
                                                                                                                                                                        "Actual Startup Time": 44.556,
                                                                                                                                                                        "Actual Total Time": 133.522,
                                                                                                                                                                        "Actual Rows": 9909,
                                                                                                                                                                        "Actual Loops": 2,
                                                                                                                                                                        "Inner Unique": false,
                                                                                                                                                                        "Hash Cond": "(t2.id = mi_idx2.movie_id)",
                                                                                                                                                                        "Workers": [],
                                                                                                                                                                        "Plans": [
                                                                                                                                                                            {
                                                                                                                                                                                "Node Type": "Seq Scan",
                                                                                                                                                                                "Parent Relationship": "Outer",
                                                                                                                                                                                "Parallel Aware": true,
                                                                                                                                                                                "Async Capable": false,
                                                                                                                                                                                "Relation Name": "title",
                                                                                                                                                                                "Alias": "t2",
                                                                                                                                                                                "Startup Cost": 0.0,
                                                                                                                                                                                "Total Cost": 45490.07,
                                                                                                                                                                                "Plan Rows": 263234,
                                                                                                                                                                                "Plan Width": 25,
                                                                                                                                                                                "Actual Startup Time": 0.003,
                                                                                                                                                                                "Actual Total Time": 67.612,
                                                                                                                                                                                "Actual Rows": 521400,
                                                                                                                                                                                "Actual Loops": 2,
                                                                                                                                                                                "Filter": "((production_year >= 2000) AND (production_year <= 2010))",
                                                                                                                                                                                "Rows Removed by Filter": 742756,
                                                                                                                                                                                "Workers": []
                                                                                                                                                                            },
                                                                                                                                                                            {
                                                                                                                                                                                "Node Type": "Hash",
                                                                                                                                                                                "Parent Relationship": "Inner",
                                                                                                                                                                                "Parallel Aware": true,
                                                                                                                                                                                "Async Capable": false,
                                                                                                                                                                                "Startup Cost": 15942.9,
                                                                                                                                                                                "Total Cost": 15942.9,
                                                                                                                                                                                "Plan Rows": 2550,
                                                                                                                                                                                "Plan Width": 10,
                                                                                                                                                                                "Actual Startup Time": 44.528,
                                                                                                                                                                                "Actual Total Time": 44.53,
                                                                                                                                                                                "Actual Rows": 18374,
                                                                                                                                                                                "Actual Loops": 2,
                                                                                                                                                                                "Hash Buckets": 65536,
                                                                                                                                                                                "Original Hash Buckets": 8192,
                                                                                                                                                                                "Hash Batches": 1,
                                                                                                                                                                                "Original Hash Batches": 1,
                                                                                                                                                                                "Peak Memory Usage": 2432,
                                                                                                                                                                                "Workers": [],
                                                                                                                                                                                "Plans": [
                                                                                                                                                                                    {
                                                                                                                                                                                        "Node Type": "Hash Join",
                                                                                                                                                                                        "Parent Relationship": "Outer",
                                                                                                                                                                                        "Parallel Aware": false,
                                                                                                                                                                                        "Async Capable": false,
                                                                                                                                                                                        "Join Type": "Inner",
                                                                                                                                                                                        "Startup Cost": 2.43,
                                                                                                                                                                                        "Total Cost": 15942.9,
                                                                                                                                                                                        "Plan Rows": 2550,
                                                                                                                                                                                        "Plan Width": 10,
                                                                                                                                                                                        "Actual Startup Time": 0.041,
                                                                                                                                                                                        "Actual Total Time": 41.561,
                                                                                                                                                                                        "Actual Rows": 18374,
                                                                                                                                                                                        "Actual Loops": 2,
                                                                                                                                                                                        "Inner Unique": true,
                                                                                                                                                                                        "Hash Cond": "(mi_idx2.info_type_id = it2.id)",
                                                                                                                                                                                        "Workers": [],
                                                                                                                                                                                        "Plans": [
                                                                                                                                                                                            {
                                                                                                                                                                                                "Node Type": "Seq Scan",
                                                                                                                                                                                                "Parent Relationship": "Outer",
                                                                                                                                                                                                "Parallel Aware": true,
                                                                                                                                                                                                "Async Capable": false,
                                                                                                                                                                                                "Relation Name": "movie_info_idx",
                                                                                                                                                                                                "Alias": "mi_idx2",
                                                                                                                                                                                                "Startup Cost": 0.0,
                                                                                                                                                                                                "Total Cost": 15155.68,
                                                                                                                                                                                                "Plan Rows": 288160,
                                                                                                                                                                                                "Plan Width": 14,
                                                                                                                                                                                                "Actual Startup Time": 0.006,
                                                                                                                                                                                                "Actual Total Time": 32.171,
                                                                                                                                                                                                "Actual Rows": 343634,
                                                                                                                                                                                                "Actual Loops": 2,
                                                                                                                                                                                                "Filter": "(info < '3.5'::text)",
                                                                                                                                                                                                "Rows Removed by Filter": 346384,
                                                                                                                                                                                                "Workers": []
                                                                                                                                                                                            },
                                                                                                                                                                                            {
                                                                                                                                                                                                "Node Type": "Hash",
                                                                                                                                                                                                "Parent Relationship": "Inner",
                                                                                                                                                                                                "Parallel Aware": false,
                                                                                                                                                                                                "Async Capable": false,
                                                                                                                                                                                                "Startup Cost": 2.41,
                                                                                                                                                                                                "Total Cost": 2.41,
                                                                                                                                                                                                "Plan Rows": 1,
                                                                                                                                                                                                "Plan Width": 4,
                                                                                                                                                                                                "Actual Startup Time": 0.007,
                                                                                                                                                                                                "Actual Total Time": 0.007,
                                                                                                                                                                                                "Actual Rows": 1,
                                                                                                                                                                                                "Actual Loops": 2,
                                                                                                                                                                                                "Hash Buckets": 1024,
                                                                                                                                                                                                "Original Hash Buckets": 1024,
                                                                                                                                                                                                "Hash Batches": 1,
                                                                                                                                                                                                "Original Hash Batches": 1,
                                                                                                                                                                                                "Peak Memory Usage": 9,
                                                                                                                                                                                                "Workers": [],
                                                                                                                                                                                                "Plans": [
                                                                                                                                                                                                    {
                                                                                                                                                                                                        "Node Type": "Seq Scan",
                                                                                                                                                                                                        "Parent Relationship": "Outer",
                                                                                                                                                                                                        "Parallel Aware": false,
                                                                                                                                                                                                        "Async Capable": false,
                                                                                                                                                                                                        "Relation Name": "info_type",
                                                                                                                                                                                                        "Alias": "it2",
                                                                                                                                                                                                        "Startup Cost": 0.0,
                                                                                                                                                                                                        "Total Cost": 2.41,
                                                                                                                                                                                                        "Plan Rows": 1,
                                                                                                                                                                                                        "Plan Width": 4,
                                                                                                                                                                                                        "Actual Startup Time": 0.006,
                                                                                                                                                                                                        "Actual Total Time": 0.006,
                                                                                                                                                                                                        "Actual Rows": 1,
                                                                                                                                                                                                        "Actual Loops": 2,
                                                                                                                                                                                                        "Filter": "((info)::text = 'rating'::text COLLATE \"C\")",
                                                                                                                                                                                                        "Rows Removed by Filter": 112,
                                                                                                                                                                                                        "Workers": []
                                                                                                                                                                                                    }
                                                                                                                                                                                                ]
                                                                                                                                                                                            }
                                                                                                                                                                                        ]
                                                                                                                                                                                    }
                                                                                                                                                                                ]
                                                                                                                                                                            }
                                                                                                                                                                        ]
                                                                                                                                                                    },
                                                                                                                                                                    {
                                                                                                                                                                        "Node Type": "Hash",
                                                                                                                                                                        "Parent Relationship": "Inner",
                                                                                                                                                                        "Parallel Aware": false,
                                                                                                                                                                        "Async Capable": false,
                                                                                                                                                                        "Startup Cost": 1.09,
                                                                                                                                                                        "Total Cost": 1.09,
                                                                                                                                                                        "Plan Rows": 2,
                                                                                                                                                                        "Plan Width": 4,
                                                                                                                                                                        "Actual Startup Time": 0.006,
                                                                                                                                                                        "Actual Total Time": 0.007,
                                                                                                                                                                        "Actual Rows": 2,
                                                                                                                                                                        "Actual Loops": 2,
                                                                                                                                                                        "Hash Buckets": 1024,
                                                                                                                                                                        "Original Hash Buckets": 1024,
                                                                                                                                                                        "Hash Batches": 1,
                                                                                                                                                                        "Original Hash Batches": 1,
                                                                                                                                                                        "Peak Memory Usage": 9,
                                                                                                                                                                        "Workers": [],
                                                                                                                                                                        "Plans": [
                                                                                                                                                                            {
                                                                                                                                                                                "Node Type": "Seq Scan",
                                                                                                                                                                                "Parent Relationship": "Outer",
                                                                                                                                                                                "Parallel Aware": false,
                                                                                                                                                                                "Async Capable": false,
                                                                                                                                                                                "Relation Name": "kind_type",
                                                                                                                                                                                "Alias": "kt2",
                                                                                                                                                                                "Startup Cost": 0.0,
                                                                                                                                                                                "Total Cost": 1.09,
                                                                                                                                                                                "Plan Rows": 2,
                                                                                                                                                                                "Plan Width": 4,
                                                                                                                                                                                "Actual Startup Time": 0.005,
                                                                                                                                                                                "Actual Total Time": 0.006,
                                                                                                                                                                                "Actual Rows": 2,
                                                                                                                                                                                "Actual Loops": 2,
                                                                                                                                                                                "Filter": "((kind)::text = ANY ('{\"tv series\",episode}'::text[]))",
                                                                                                                                                                                "Rows Removed by Filter": 5,
                                                                                                                                                                                "Workers": []
                                                                                                                                                                            }
                                                                                                                                                                        ]
                                                                                                                                                                    }
                                                                                                                                                                ]
                                                                                                                                                            },
                                                                                                                                                            {
                                                                                                                                                                "Node Type": "Hash",
                                                                                                                                                                "Parent Relationship": "Inner",
                                                                                                                                                                "Parallel Aware": false,
                                                                                                                                                                "Async Capable": false,
                                                                                                                                                                "Startup Cost": 561.53,
                                                                                                                                                                "Total Cost": 561.53,
                                                                                                                                                                "Plan Rows": 5000,
                                                                                                                                                                "Plan Width": 8,
                                                                                                                                                                "Actual Startup Time": 2.252,
                                                                                                                                                                "Actual Total Time": 2.254,
                                                                                                                                                                "Actual Rows": 2315,
                                                                                                                                                                "Actual Loops": 2,
                                                                                                                                                                "Hash Buckets": 8192,
                                                                                                                                                                "Original Hash Buckets": 8192,
                                                                                                                                                                "Hash Batches": 1,
                                                                                                                                                                "Original Hash Batches": 1,
                                                                                                                                                                "Peak Memory Usage": 155,
                                                                                                                                                                "Workers": [],
                                                                                                                                                                "Plans": [
                                                                                                                                                                    {
                                                                                                                                                                        "Node Type": "Hash Join",
                                                                                                                                                                        "Parent Relationship": "Outer",
                                                                                                                                                                        "Parallel Aware": false,
                                                                                                                                                                        "Async Capable": false,
                                                                                                                                                                        "Join Type": "Inner",
                                                                                                                                                                        "Startup Cost": 1.29,
                                                                                                                                                                        "Total Cost": 561.53,
                                                                                                                                                                        "Plan Rows": 5000,
                                                                                                                                                                        "Plan Width": 8,
                                                                                                                                                                        "Actual Startup Time": 0.031,
                                                                                                                                                                        "Actual Total Time": 2.153,
                                                                                                                                                                        "Actual Rows": 2315,
                                                                                                                                                                        "Actual Loops": 2,
                                                                                                                                                                        "Inner Unique": true,
                                                                                                                                                                        "Hash Cond": "(ml.link_type_id = lt.id)",
                                                                                                                                                                        "Workers": [],
                                                                                                                                                                        "Plans": [
                                                                                                                                                                            {
                                                                                                                                                                                "Node Type": "Seq Scan",
                                                                                                                                                                                "Parent Relationship": "Outer",
                                                                                                                                                                                "Parallel Aware": false,
                                                                                                                                                                                "Async Capable": false,
                                                                                                                                                                                "Relation Name": "movie_link",
                                                                                                                                                                                "Alias": "ml",
                                                                                                                                                                                "Startup Cost": 0.0,
                                                                                                                                                                                "Total Cost": 462.97,
                                                                                                                                                                                "Plan Rows": 29997,
                                                                                                                                                                                "Plan Width": 12,
                                                                                                                                                                                "Actual Startup Time": 0.009,
                                                                                                                                                                                "Actual Total Time": 1.177,
                                                                                                                                                                                "Actual Rows": 29997,
                                                                                                                                                                                "Actual Loops": 2,
                                                                                                                                                                                "Workers": []
                                                                                                                                                                            },
                                                                                                                                                                            {
                                                                                                                                                                                "Node Type": "Hash",
                                                                                                                                                                                "Parent Relationship": "Inner",
                                                                                                                                                                                "Parallel Aware": false,
                                                                                                                                                                                "Async Capable": false,
                                                                                                                                                                                "Startup Cost": 1.25,
                                                                                                                                                                                "Total Cost": 1.25,
                                                                                                                                                                                "Plan Rows": 3,
                                                                                                                                                                                "Plan Width": 4,
                                                                                                                                                                                "Actual Startup Time": 0.009,
                                                                                                                                                                                "Actual Total Time": 0.01,
                                                                                                                                                                                "Actual Rows": 2,
                                                                                                                                                                                "Actual Loops": 2,
                                                                                                                                                                                "Hash Buckets": 1024,
                                                                                                                                                                                "Original Hash Buckets": 1024,
                                                                                                                                                                                "Hash Batches": 1,
                                                                                                                                                                                "Original Hash Batches": 1,
                                                                                                                                                                                "Peak Memory Usage": 9,
                                                                                                                                                                                "Workers": [],
                                                                                                                                                                                "Plans": [
                                                                                                                                                                                    {
                                                                                                                                                                                        "Node Type": "Seq Scan",
                                                                                                                                                                                        "Parent Relationship": "Outer",
                                                                                                                                                                                        "Parallel Aware": false,
                                                                                                                                                                                        "Async Capable": false,
                                                                                                                                                                                        "Relation Name": "link_type",
                                                                                                                                                                                        "Alias": "lt",
                                                                                                                                                                                        "Startup Cost": 0.0,
                                                                                                                                                                                        "Total Cost": 1.25,
                                                                                                                                                                                        "Plan Rows": 3,
                                                                                                                                                                                        "Plan Width": 4,
                                                                                                                                                                                        "Actual Startup Time": 0.006,
                                                                                                                                                                                        "Actual Total Time": 0.007,
                                                                                                                                                                                        "Actual Rows": 2,
                                                                                                                                                                                        "Actual Loops": 2,
                                                                                                                                                                                        "Filter": "((link)::text = ANY ('{sequel,follows,\"followed by\"}'::text[]))",
                                                                                                                                                                                        "Rows Removed by Filter": 16,
                                                                                                                                                                                        "Workers": []
                                                                                                                                                                                    }
                                                                                                                                                                                ]
                                                                                                                                                                            }
                                                                                                                                                                        ]
                                                                                                                                                                    }
                                                                                                                                                                ]
                                                                                                                                                            }
                                                                                                                                                        ]
                                                                                                                                                    }
                                                                                                                                                ]
                                                                                                                                            }
                                                                                                                                        ]
                                                                                                                                    }
                                                                                                                                ]
                                                                                                                            }
                                                                                                                        ]
                                                                                                                    }
                                                                                                                ]
                                                                                                            }
                                                                                                        ]
                                                                                                    }
                                                                                                ]
                                                                                            }
                                                                                        ]
                                                                                    }
                                                                                ]
                                                                            }
                                                                        ]
                                                                    },
                                                                    {
                                                                        "Node Type": "Seq Scan",
                                                                        "Parent Relationship": "Inner",
                                                                        "Parallel Aware": false,
                                                                        "Async Capable": false,
                                                                        "Relation Name": "kind_type",
                                                                        "Alias": "kt1",
                                                                        "Startup Cost": 0.0,
                                                                        "Total Cost": 1.09,
                                                                        "Plan Rows": 2,
                                                                        "Plan Width": 4,
                                                                        "Actual Startup Time": 0.0,
                                                                        "Actual Total Time": 0.0,
                                                                        "Actual Rows": 1,
                                                                        "Actual Loops": 114,
                                                                        "Filter": "((kind)::text = ANY ('{\"tv series\",episode}'::text[]))",
                                                                        "Rows Removed by Filter": 1,
                                                                        "Workers": []
                                                                    }
                                                                ]
                                                            }
                                                        ]
                                                    }
                                                ]
                                            }
                                        ]
                                    }
                                ]
                            }
                        ]
                    },
                    "Planning Time": 53.798,
                    "Triggers": [],
                    "Execution Time": 483.698
                }
            ],
            "hints": [
                "SET enable_hashjoin TO on",
                "SET enable_indexonlyscan TO on",
                "SET enable_indexscan TO off",
                "SET enable_mergejoin TO off",
                "SET enable_nestloop TO on",
                "SET enable_seqscan TO on"
            ]
        },
        {
            "arm": 3,
            "execution_time": 484.692,
            "plan": [
                {
                    "Plan": {
                        "Node Type": "Aggregate",
                        "Strategy": "Plain",
                        "Partial Mode": "Finalize",
                        "Parallel Aware": false,
                        "Async Capable": false,
                        "Startup Cost": 194873.82,
                        "Total Cost": 194873.83,
                        "Plan Rows": 1,
                        "Plan Width": 192,
                        "Actual Startup Time": 460.892,
                        "Actual Total Time": 484.612,
                        "Actual Rows": 1,
                        "Actual Loops": 1,
                        "Plans": [
                            {
                                "Node Type": "Gather",
                                "Parent Relationship": "Outer",
                                "Parallel Aware": false,
                                "Async Capable": false,
                                "Startup Cost": 194873.7,
                                "Total Cost": 194873.81,
                                "Plan Rows": 1,
                                "Plan Width": 192,
                                "Actual Startup Time": 460.716,
                                "Actual Total Time": 484.608,
                                "Actual Rows": 2,
                                "Actual Loops": 1,
                                "Workers Planned": 1,
                                "Workers Launched": 1,
                                "Single Copy": false,
                                "Plans": [
                                    {
                                        "Node Type": "Aggregate",
                                        "Strategy": "Plain",
                                        "Partial Mode": "Partial",
                                        "Parent Relationship": "Outer",
                                        "Parallel Aware": false,
                                        "Async Capable": false,
                                        "Startup Cost": 193873.7,
                                        "Total Cost": 193873.71,
                                        "Plan Rows": 1,
                                        "Plan Width": 192,
                                        "Actual Startup Time": 459.399,
                                        "Actual Total Time": 459.416,
                                        "Actual Rows": 1,
                                        "Actual Loops": 2,
                                        "Workers": [],
                                        "Plans": [
                                            {
                                                "Node Type": "Hash Join",
                                                "Parent Relationship": "Outer",
                                                "Parallel Aware": true,
                                                "Async Capable": false,
                                                "Join Type": "Inner",
                                                "Startup Cost": 188932.96,
                                                "Total Cost": 193873.68,
                                                "Plan Rows": 1,
                                                "Plan Width": 84,
                                                "Actual Startup Time": 451.696,
                                                "Actual Total Time": 459.404,
                                                "Actual Rows": 57,
                                                "Actual Loops": 2,
                                                "Inner Unique": false,
                                                "Hash Cond": "(cn2.id = mc2.company_id)",
                                                "Workers": [],
                                                "Plans": [
                                                    {
                                                        "Node Type": "Seq Scan",
                                                        "Parent Relationship": "Outer",
                                                        "Parallel Aware": true,
                                                        "Async Capable": false,
                                                        "Relation Name": "company_name",
                                                        "Alias": "cn2",
                                                        "Startup Cost": 0.0,
                                                        "Total Cost": 4422.34,
                                                        "Plan Rows": 138234,
                                                        "Plan Width": 23,
                                                        "Actual Startup Time": 0.003,
                                                        "Actual Total Time": 4.767,
                                                        "Actual Rows": 117498,
                                                        "Actual Loops": 2,
                                                        "Workers": []
                                                    },
                                                    {
                                                        "Node Type": "Hash",
                                                        "Parent Relationship": "Inner",
                                                        "Parallel Aware": true,
                                                        "Async Capable": false,
                                                        "Startup Cost": 188932.95,
                                                        "Total Cost": 188932.95,
                                                        "Plan Rows": 1,
                                                        "Plan Width": 69,
                                                        "Actual Startup Time": 451.309,
                                                        "Actual Total Time": 451.326,
                                                        "Actual Rows": 57,
                                                        "Actual Loops": 2,
                                                        "Hash Buckets": 1024,
                                                        "Original Hash Buckets": 1024,
                                                        "Hash Batches": 1,
                                                        "Original Hash Batches": 1,
                                                        "Peak Memory Usage": 72,
                                                        "Workers": [],
                                                        "Plans": [
                                                            {
                                                                "Node Type": "Hash Join",
                                                                "Parent Relationship": "Outer",
                                                                "Parallel Aware": false,
                                                                "Async Capable": false,
                                                                "Join Type": "Inner",
                                                                "Startup Cost": 158536.18,
                                                                "Total Cost": 188932.95,
                                                                "Plan Rows": 1,
                                                                "Plan Width": 69,
                                                                "Actual Startup Time": 371.438,
                                                                "Actual Total Time": 451.307,
                                                                "Actual Rows": 57,
                                                                "Actual Loops": 2,
                                                                "Inner Unique": true,
                                                                "Hash Cond": "(t1.kind_id = kt1.id)",
                                                                "Workers": [],
                                                                "Plans": [
                                                                    {
                                                                        "Node Type": "Hash Join",
                                                                        "Parent Relationship": "Outer",
                                                                        "Parallel Aware": true,
                                                                        "Async Capable": false,
                                                                        "Join Type": "Inner",
                                                                        "Startup Cost": 158535.07,
                                                                        "Total Cost": 188931.83,
                                                                        "Plan Rows": 1,
                                                                        "Plan Width": 73,
                                                                        "Actual Startup Time": 371.421,
                                                                        "Actual Total Time": 451.284,
                                                                        "Actual Rows": 57,
                                                                        "Actual Loops": 2,
                                                                        "Inner Unique": false,
                                                                        "Hash Cond": "(mc2.movie_id = t2.id)",
                                                                        "Workers": [],
                                                                        "Plans": [
                                                                            {
                                                                                "Node Type": "Seq Scan",
                                                                                "Parent Relationship": "Outer",
                                                                                "Parallel Aware": true,
                                                                                "Async Capable": false,
                                                                                "Relation Name": "movie_companies",
                                                                                "Alias": "mc2",
                                                                                "Startup Cost": 0.0,
                                                                                "Total Cost": 27240.55,
                                                                                "Plan Rows": 841655,
                                                                                "Plan Width": 8,
                                                                                "Actual Startup Time": 0.002,
                                                                                "Actual Total Time": 43.947,
                                                                                "Actual Rows": 1304564,
                                                                                "Actual Loops": 2,
                                                                                "Workers": []
                                                                            },
                                                                            {
                                                                                "Node Type": "Hash",
                                                                                "Parent Relationship": "Inner",
                                                                                "Parallel Aware": true,
                                                                                "Async Capable": false,
                                                                                "Startup Cost": 158535.06,
                                                                                "Total Cost": 158535.06,
                                                                                "Plan Rows": 1,
                                                                                "Plan Width": 81,
                                                                                "Actual Startup Time": 371.157,
                                                                                "Actual Total Time": 371.172,
                                                                                "Actual Rows": 23,
                                                                                "Actual Loops": 2,
                                                                                "Hash Buckets": 1024,
                                                                                "Original Hash Buckets": 1024,
                                                                                "Hash Batches": 1,
                                                                                "Original Hash Batches": 1,
                                                                                "Peak Memory Usage": 72,
                                                                                "Workers": [],
                                                                                "Plans": [
                                                                                    {
                                                                                        "Node Type": "Hash Join",
                                                                                        "Parent Relationship": "Outer",
                                                                                        "Parallel Aware": true,
                                                                                        "Async Capable": false,
                                                                                        "Join Type": "Inner",
                                                                                        "Startup Cost": 153490.35,
                                                                                        "Total Cost": 158535.06,
                                                                                        "Plan Rows": 1,
                                                                                        "Plan Width": 81,
                                                                                        "Actual Startup Time": 363.299,
                                                                                        "Actual Total Time": 371.162,
                                                                                        "Actual Rows": 23,
                                                                                        "Actual Loops": 2,
                                                                                        "Inner Unique": false,
                                                                                        "Hash Cond": "(cn1.id = mc1.company_id)",
                                                                                        "Workers": [],
                                                                                        "Plans": [
                                                                                            {
                                                                                                "Node Type": "Seq Scan",
                                                                                                "Parent Relationship": "Outer",
                                                                                                "Parallel Aware": true,
                                                                                                "Async Capable": false,
                                                                                                "Relation Name": "company_name",
                                                                                                "Alias": "cn1",
                                                                                                "Startup Cost": 0.0,
                                                                                                "Total Cost": 4767.92,
                                                                                                "Plan Rows": 73808,
                                                                                                "Plan Width": 23,
                                                                                                "Actual Startup Time": 0.008,
                                                                                                "Actual Total Time": 6.402,
                                                                                                "Actual Rows": 63115,
                                                                                                "Actual Loops": 2,
                                                                                                "Filter": "((country_code)::text <> '[us]'::text)",
                                                                                                "Rows Removed by Filter": 54384,
                                                                                                "Workers": []
                                                                                            },
                                                                                            {
                                                                                                "Node Type": "Hash",
                                                                                                "Parent Relationship": "Inner",
                                                                                                "Parallel Aware": true,
                                                                                                "Async Capable": false,
                                                                                                "Startup Cost": 153490.34,
                                                                                                "Total Cost": 153490.34,
                                                                                                "Plan Rows": 1,
                                                                                                "Plan Width": 66,
                                                                                                "Actual Startup Time": 363.173,
                                                                                                "Actual Total Time": 363.187,
                                                                                                "Actual Rows": 26,
                                                                                                "Actual Loops": 2,
                                                                                                "Hash Buckets": 1024,
                                                                                                "Original Hash Buckets": 1024,
                                                                                                "Hash Batches": 1,
                                                                                                "Original Hash Batches": 1,
                                                                                                "Peak Memory Usage": 72,
                                                                                                "Workers": [],
                                                                                                "Plans": [
                                                                                                    {
                                                                                                        "Node Type": "Hash Join",
                                                                                                        "Parent Relationship": "Outer",
                                                                                                        "Parallel Aware": true,
                                                                                                        "Async Capable": false,
                                                                                                        "Join Type": "Inner",
                                                                                                        "Startup Cost": 123093.57,
                                                                                                        "Total Cost": 153490.34,
                                                                                                        "Plan Rows": 1,
                                                                                                        "Plan Width": 66,
                                                                                                        "Actual Startup Time": 281.108,
                                                                                                        "Actual Total Time": 363.173,
                                                                                                        "Actual Rows": 26,
                                                                                                        "Actual Loops": 2,
                                                                                                        "Inner Unique": false,
                                                                                                        "Hash Cond": "(mc1.movie_id = t1.id)",
                                                                                                        "Workers": [],
                                                                                                        "Plans": [
                                                                                                            {
                                                                                                                "Node Type": "Seq Scan",
                                                                                                                "Parent Relationship": "Outer",
                                                                                                                "Parallel Aware": true,
                                                                                                                "Async Capable": false,
                                                                                                                "Relation Name": "movie_companies",
                                                                                                                "Alias": "mc1",
                                                                                                                "Startup Cost": 0.0,
                                                                                                                "Total Cost": 27240.55,
                                                                                                                "Plan Rows": 841655,
                                                                                                                "Plan Width": 8,
                                                                                                                "Actual Startup Time": 0.004,
                                                                                                                "Actual Total Time": 46.229,
                                                                                                                "Actual Rows": 1304564,
                                                                                                                "Actual Loops": 2,
                                                                                                                "Workers": []
                                                                                                            },
                                                                                                            {
                                                                                                                "Node Type": "Hash",
                                                                                                                "Parent Relationship": "Inner",
                                                                                                                "Parallel Aware": true,
                                                                                                                "Async Capable": false,
                                                                                                                "Startup Cost": 123093.56,
                                                                                                                "Total Cost": 123093.56,
                                                                                                                "Plan Rows": 1,
                                                                                                                "Plan Width": 74,
                                                                                                                "Actual Startup Time": 280.826,
                                                                                                                "Actual Total Time": 280.838,
                                                                                                                "Actual Rows": 10,
                                                                                                                "Actual Loops": 2,
                                                                                                                "Hash Buckets": 1024,
                                                                                                                "Original Hash Buckets": 1024,
                                                                                                                "Hash Batches": 1,
                                                                                                                "Original Hash Batches": 1,
                                                                                                                "Peak Memory Usage": 72,
                                                                                                                "Workers": [],
                                                                                                                "Plans": [
                                                                                                                    {
                                                                                                                        "Node Type": "Hash Join",
                                                                                                                        "Parent Relationship": "Outer",
                                                                                                                        "Parallel Aware": true,
                                                                                                                        "Async Capable": false,
                                                                                                                        "Join Type": "Inner",
                                                                                                                        "Startup Cost": 78393.65,
                                                                                                                        "Total Cost": 123093.56,
                                                                                                                        "Plan Rows": 1,
                                                                                                                        "Plan Width": 74,
                                                                                                                        "Actual Startup Time": 196.855,
                                                                                                                        "Actual Total Time": 280.824,
                                                                                                                        "Actual Rows": 10,
                                                                                                                        "Actual Loops": 2,
                                                                                                                        "Inner Unique": false,
                                                                                                                        "Hash Cond": "(t1.id = ml.movie_id)",
                                                                                                                        "Workers": [],
                                                                                                                        "Plans": [
                                                                                                                            {
                                                                                                                                "Node Type": "Seq Scan",
                                                                                                                                "Parent Relationship": "Outer",
                                                                                                                                "Parallel Aware": true,
                                                                                                                                "Async Capable": false,
                                                                                                                                "Relation Name": "title",
                                                                                                                                "Alias": "t1",
                                                                                                                                "Startup Cost": 0.0,
                                                                                                                                "Total Cost": 42329.38,
                                                                                                                                "Plan Rows": 632138,
                                                                                                                                "Plan Width": 25,
                                                                                                                                "Actual Startup Time": 0.002,
                                                                                                                                "Actual Total Time": 44.4,
                                                                                                                                "Actual Rows": 1264156,
                                                                                                                                "Actual Loops": 2,
                                                                                                                                "Workers": []
                                                                                                                            },
                                                                                                                            {
                                                                                                                                "Node Type": "Hash",
                                                                                                                                "Parent Relationship": "Inner",
                                                                                                                                "Parallel Aware": true,
                                                                                                                                "Async Capable": false,
                                                                                                                                "Startup Cost": 78393.64,
                                                                                                                                "Total Cost": 78393.64,
                                                                                                                                "Plan Rows": 1,
                                                                                                                                "Plan Width": 49,
                                                                                                                                "Actual Startup Time": 196.225,
                                                                                                                                "Actual Total Time": 196.236,
                                                                                                                                "Actual Rows": 10,
                                                                                                                                "Actual Loops": 2,
                                                                                                                                "Hash Buckets": 1024,
                                                                                                                                "Original Hash Buckets": 1024,
                                                                                                                                "Hash Batches": 1,
                                                                                                                                "Original Hash Batches": 1,
                                                                                                                                "Peak Memory Usage": 72,
                                                                                                                                "Workers": [],
                                                                                                                                "Plans": [
                                                                                                                                    {
                                                                                                                                        "Node Type": "Hash Join",
                                                                                                                                        "Parent Relationship": "Outer",
                                                                                                                                        "Parallel Aware": true,
                                                                                                                                        "Async Capable": false,
                                                                                                                                        "Join Type": "Inner",
                                                                                                                                        "Startup Cost": 63090.37,
                                                                                                                                        "Total Cost": 78393.64,
                                                                                                                                        "Plan Rows": 1,
                                                                                                                                        "Plan Width": 49,
                                                                                                                                        "Actual Startup Time": 136.534,
                                                                                                                                        "Actual Total Time": 196.221,
                                                                                                                                        "Actual Rows": 10,
                                                                                                                                        "Actual Loops": 2,
                                                                                                                                        "Inner Unique": false,
                                                                                                                                        "Hash Cond": "(mi_idx1.movie_id = ml.movie_id)",
                                                                                                                                        "Workers": [],
                                                                                                                                        "Plans": [
                                                                                                                                            {
                                                                                                                                                "Node Type": "Hash Join",
                                                                                                                                                "Parent Relationship": "Outer",
                                                                                                                                                "Parallel Aware": false,
                                                                                                                                                "Async Capable": false,
                                                                                                                                                "Join Type": "Inner",
                                                                                                                                                "Startup Cost": 2.43,
                                                                                                                                                "Total Cost": 15286.6,
                                                                                                                                                "Plan Rows": 5089,
                                                                                                                                                "Plan Width": 10,
                                                                                                                                                "Actual Startup Time": 0.025,
                                                                                                                                                "Actual Total Time": 54.112,
                                                                                                                                                "Actual Rows": 229962,
                                                                                                                                                "Actual Loops": 2,
                                                                                                                                                "Inner Unique": true,
                                                                                                                                                "Hash Cond": "(mi_idx1.info_type_id = it1.id)",
                                                                                                                                                "Workers": [],
                                                                                                                                                "Plans": [
                                                                                                                                                    {
                                                                                                                                                        "Node Type": "Seq Scan",
                                                                                                                                                        "Parent Relationship": "Outer",
                                                                                                                                                        "Parallel Aware": true,
                                                                                                                                                        "Async Capable": false,
                                                                                                                                                        "Relation Name": "movie_info_idx",
                                                                                                                                                        "Alias": "mi_idx1",
                                                                                                                                                        "Startup Cost": 0.0,
                                                                                                                                                        "Total Cost": 13718.15,
                                                                                                                                                        "Plan Rows": 575015,
                                                                                                                                                        "Plan Width": 14,
                                                                                                                                                        "Actual Startup Time": 0.005,
                                                                                                                                                        "Actual Total Time": 23.357,
                                                                                                                                                        "Actual Rows": 690018,
                                                                                                                                                        "Actual Loops": 2,
                                                                                                                                                        "Workers": []
                                                                                                                                                    },
                                                                                                                                                    {
                                                                                                                                                        "Node Type": "Hash",
                                                                                                                                                        "Parent Relationship": "Inner",
                                                                                                                                                        "Parallel Aware": false,
                                                                                                                                                        "Async Capable": false,
                                                                                                                                                        "Startup Cost": 2.41,
                                                                                                                                                        "Total Cost": 2.41,
                                                                                                                                                        "Plan Rows": 1,
                                                                                                                                                        "Plan Width": 4,
                                                                                                                                                        "Actual Startup Time": 0.01,
                                                                                                                                                        "Actual Total Time": 0.011,
                                                                                                                                                        "Actual Rows": 1,
                                                                                                                                                        "Actual Loops": 2,
                                                                                                                                                        "Hash Buckets": 1024,
                                                                                                                                                        "Original Hash Buckets": 1024,
                                                                                                                                                        "Hash Batches": 1,
                                                                                                                                                        "Original Hash Batches": 1,
                                                                                                                                                        "Peak Memory Usage": 9,
                                                                                                                                                        "Workers": [],
                                                                                                                                                        "Plans": [
                                                                                                                                                            {
                                                                                                                                                                "Node Type": "Seq Scan",
                                                                                                                                                                "Parent Relationship": "Outer",
                                                                                                                                                                "Parallel Aware": false,
                                                                                                                                                                "Async Capable": false,
                                                                                                                                                                "Relation Name": "info_type",
                                                                                                                                                                "Alias": "it1",
                                                                                                                                                                "Startup Cost": 0.0,
                                                                                                                                                                "Total Cost": 2.41,
                                                                                                                                                                "Plan Rows": 1,
                                                                                                                                                                "Plan Width": 4,
                                                                                                                                                                "Actual Startup Time": 0.008,
                                                                                                                                                                "Actual Total Time": 0.009,
                                                                                                                                                                "Actual Rows": 1,
                                                                                                                                                                "Actual Loops": 2,
                                                                                                                                                                "Filter": "((info)::text = 'rating'::text COLLATE \"C\")",
                                                                                                                                                                "Rows Removed by Filter": 112,
                                                                                                                                                                "Workers": []
                                                                                                                                                            }
                                                                                                                                                        ]
                                                                                                                                                    }
                                                                                                                                                ]
                                                                                                                                            },
                                                                                                                                            {
                                                                                                                                                "Node Type": "Hash",
                                                                                                                                                "Parent Relationship": "Inner",
                                                                                                                                                "Parallel Aware": true,
                                                                                                                                                "Async Capable": false,
                                                                                                                                                "Startup Cost": 63087.92,
                                                                                                                                                "Total Cost": 63087.92,
                                                                                                                                                "Plan Rows": 2,
                                                                                                                                                "Plan Width": 39,
                                                                                                                                                "Actual Startup Time": 136.089,
                                                                                                                                                "Actual Total Time": 136.097,
                                                                                                                                                "Actual Rows": 10,
                                                                                                                                                "Actual Loops": 2,
                                                                                                                                                "Hash Buckets": 1024,
                                                                                                                                                "Original Hash Buckets": 1024,
                                                                                                                                                "Hash Batches": 1,
                                                                                                                                                "Original Hash Batches": 1,
                                                                                                                                                "Peak Memory Usage": 72,
                                                                                                                                                "Workers": [],
                                                                                                                                                "Plans": [
                                                                                                                                                    {
                                                                                                                                                        "Node Type": "Hash Join",
                                                                                                                                                        "Parent Relationship": "Outer",
                                                                                                                                                        "Parallel Aware": false,
                                                                                                                                                        "Async Capable": false,
                                                                                                                                                        "Join Type": "Inner",
                                                                                                                                                        "Startup Cost": 16599.91,
                                                                                                                                                        "Total Cost": 63087.92,
                                                                                                                                                        "Plan Rows": 2,
                                                                                                                                                        "Plan Width": 39,
                                                                                                                                                        "Actual Startup Time": 49.714,
                                                                                                                                                        "Actual Total Time": 136.079,
                                                                                                                                                        "Actual Rows": 10,
                                                                                                                                                        "Actual Loops": 2,
                                                                                                                                                        "Inner Unique": false,
                                                                                                                                                        "Hash Cond": "(t2.id = ml.linked_movie_id)",
                                                                                                                                                        "Workers": [],
                                                                                                                                                        "Plans": [
                                                                                                                                                            {
                                                                                                                                                                "Node Type": "Hash Join",
                                                                                                                                                                "Parent Relationship": "Outer",
                                                                                                                                                                "Parallel Aware": false,
                                                                                                                                                                "Async Capable": false,
                                                                                                                                                                "Join Type": "Inner",
                                                                                                                                                                "Startup Cost": 15975.88,
                                                                                                                                                                "Total Cost": 62458.42,
                                                                                                                                                                "Plan Rows": 182,
                                                                                                                                                                "Plan Width": 31,
                                                                                                                                                                "Actual Startup Time": 45.189,
                                                                                                                                                                "Actual Total Time": 133.496,
                                                                                                                                                                "Actual Rows": 3247,
                                                                                                                                                                "Actual Loops": 2,
                                                                                                                                                                "Inner Unique": true,
                                                                                                                                                                "Hash Cond": "(t2.kind_id = kt2.id)",
                                                                                                                                                                "Workers": [],
                                                                                                                                                                "Plans": [
                                                                                                                                                                    {
                                                                                                                                                                        "Node Type": "Hash Join",
                                                                                                                                                                        "Parent Relationship": "Outer",
                                                                                                                                                                        "Parallel Aware": true,
                                                                                                                                                                        "Async Capable": false,
                                                                                                                                                                        "Join Type": "Inner",
                                                                                                                                                                        "Startup Cost": 15974.77,
                                                                                                                                                                        "Total Cost": 62454.62,
                                                                                                                                                                        "Plan Rows": 637,
                                                                                                                                                                        "Plan Width": 35,
                                                                                                                                                                        "Actual Startup Time": 45.183,
                                                                                                                                                                        "Actual Total Time": 133.059,
                                                                                                                                                                        "Actual Rows": 9909,
                                                                                                                                                                        "Actual Loops": 2,
                                                                                                                                                                        "Inner Unique": false,
                                                                                                                                                                        "Hash Cond": "(t2.id = mi_idx2.movie_id)",
                                                                                                                                                                        "Workers": [],
                                                                                                                                                                        "Plans": [
                                                                                                                                                                            {
                                                                                                                                                                                "Node Type": "Seq Scan",
                                                                                                                                                                                "Parent Relationship": "Outer",
                                                                                                                                                                                "Parallel Aware": true,
                                                                                                                                                                                "Async Capable": false,
                                                                                                                                                                                "Relation Name": "title",
                                                                                                                                                                                "Alias": "t2",
                                                                                                                                                                                "Startup Cost": 0.0,
                                                                                                                                                                                "Total Cost": 45490.07,
                                                                                                                                                                                "Plan Rows": 263234,
                                                                                                                                                                                "Plan Width": 25,
                                                                                                                                                                                "Actual Startup Time": 0.004,
                                                                                                                                                                                "Actual Total Time": 66.445,
                                                                                                                                                                                "Actual Rows": 521400,
                                                                                                                                                                                "Actual Loops": 2,
                                                                                                                                                                                "Filter": "((production_year >= 2000) AND (production_year <= 2010))",
                                                                                                                                                                                "Rows Removed by Filter": 742756,
                                                                                                                                                                                "Workers": []
                                                                                                                                                                            },
                                                                                                                                                                            {
                                                                                                                                                                                "Node Type": "Hash",
                                                                                                                                                                                "Parent Relationship": "Inner",
                                                                                                                                                                                "Parallel Aware": true,
                                                                                                                                                                                "Async Capable": false,
                                                                                                                                                                                "Startup Cost": 15942.9,
                                                                                                                                                                                "Total Cost": 15942.9,
                                                                                                                                                                                "Plan Rows": 2550,
                                                                                                                                                                                "Plan Width": 10,
                                                                                                                                                                                "Actual Startup Time": 45.159,
                                                                                                                                                                                "Actual Total Time": 45.16,
                                                                                                                                                                                "Actual Rows": 18374,
                                                                                                                                                                                "Actual Loops": 2,
                                                                                                                                                                                "Hash Buckets": 65536,
                                                                                                                                                                                "Original Hash Buckets": 8192,
                                                                                                                                                                                "Hash Batches": 1,
                                                                                                                                                                                "Original Hash Batches": 1,
                                                                                                                                                                                "Peak Memory Usage": 2432,
                                                                                                                                                                                "Workers": [],
                                                                                                                                                                                "Plans": [
                                                                                                                                                                                    {
                                                                                                                                                                                        "Node Type": "Hash Join",
                                                                                                                                                                                        "Parent Relationship": "Outer",
                                                                                                                                                                                        "Parallel Aware": false,
                                                                                                                                                                                        "Async Capable": false,
                                                                                                                                                                                        "Join Type": "Inner",
                                                                                                                                                                                        "Startup Cost": 2.43,
                                                                                                                                                                                        "Total Cost": 15942.9,
                                                                                                                                                                                        "Plan Rows": 2550,
                                                                                                                                                                                        "Plan Width": 10,
                                                                                                                                                                                        "Actual Startup Time": 0.022,
                                                                                                                                                                                        "Actual Total Time": 41.73,
                                                                                                                                                                                        "Actual Rows": 18374,
                                                                                                                                                                                        "Actual Loops": 2,
                                                                                                                                                                                        "Inner Unique": true,
                                                                                                                                                                                        "Hash Cond": "(mi_idx2.info_type_id = it2.id)",
                                                                                                                                                                                        "Workers": [],
                                                                                                                                                                                        "Plans": [
                                                                                                                                                                                            {
                                                                                                                                                                                                "Node Type": "Seq Scan",
                                                                                                                                                                                                "Parent Relationship": "Outer",
                                                                                                                                                                                                "Parallel Aware": true,
                                                                                                                                                                                                "Async Capable": false,
                                                                                                                                                                                                "Relation Name": "movie_info_idx",
                                                                                                                                                                                                "Alias": "mi_idx2",
                                                                                                                                                                                                "Startup Cost": 0.0,
                                                                                                                                                                                                "Total Cost": 15155.68,
                                                                                                                                                                                                "Plan Rows": 288160,
                                                                                                                                                                                                "Plan Width": 14,
                                                                                                                                                                                                "Actual Startup Time": 0.005,
                                                                                                                                                                                                "Actual Total Time": 32.25,
                                                                                                                                                                                                "Actual Rows": 343634,
                                                                                                                                                                                                "Actual Loops": 2,
                                                                                                                                                                                                "Filter": "(info < '3.5'::text)",
                                                                                                                                                                                                "Rows Removed by Filter": 346384,
                                                                                                                                                                                                "Workers": []
                                                                                                                                                                                            },
                                                                                                                                                                                            {
                                                                                                                                                                                                "Node Type": "Hash",
                                                                                                                                                                                                "Parent Relationship": "Inner",
                                                                                                                                                                                                "Parallel Aware": false,
                                                                                                                                                                                                "Async Capable": false,
                                                                                                                                                                                                "Startup Cost": 2.41,
                                                                                                                                                                                                "Total Cost": 2.41,
                                                                                                                                                                                                "Plan Rows": 1,
                                                                                                                                                                                                "Plan Width": 4,
                                                                                                                                                                                                "Actual Startup Time": 0.013,
                                                                                                                                                                                                "Actual Total Time": 0.013,
                                                                                                                                                                                                "Actual Rows": 1,
                                                                                                                                                                                                "Actual Loops": 2,
                                                                                                                                                                                                "Hash Buckets": 1024,
                                                                                                                                                                                                "Original Hash Buckets": 1024,
                                                                                                                                                                                                "Hash Batches": 1,
                                                                                                                                                                                                "Original Hash Batches": 1,
                                                                                                                                                                                                "Peak Memory Usage": 9,
                                                                                                                                                                                                "Workers": [],
                                                                                                                                                                                                "Plans": [
                                                                                                                                                                                                    {
                                                                                                                                                                                                        "Node Type": "Seq Scan",
                                                                                                                                                                                                        "Parent Relationship": "Outer",
                                                                                                                                                                                                        "Parallel Aware": false,
                                                                                                                                                                                                        "Async Capable": false,
                                                                                                                                                                                                        "Relation Name": "info_type",
                                                                                                                                                                                                        "Alias": "it2",
                                                                                                                                                                                                        "Startup Cost": 0.0,
                                                                                                                                                                                                        "Total Cost": 2.41,
                                                                                                                                                                                                        "Plan Rows": 1,
                                                                                                                                                                                                        "Plan Width": 4,
                                                                                                                                                                                                        "Actual Startup Time": 0.012,
                                                                                                                                                                                                        "Actual Total Time": 0.012,
                                                                                                                                                                                                        "Actual Rows": 1,
                                                                                                                                                                                                        "Actual Loops": 2,
                                                                                                                                                                                                        "Filter": "((info)::text = 'rating'::text COLLATE \"C\")",
                                                                                                                                                                                                        "Rows Removed by Filter": 112,
                                                                                                                                                                                                        "Workers": []
                                                                                                                                                                                                    }
                                                                                                                                                                                                ]
                                                                                                                                                                                            }
                                                                                                                                                                                        ]
                                                                                                                                                                                    }
                                                                                                                                                                                ]
                                                                                                                                                                            }
                                                                                                                                                                        ]
                                                                                                                                                                    },
                                                                                                                                                                    {
                                                                                                                                                                        "Node Type": "Hash",
                                                                                                                                                                        "Parent Relationship": "Inner",
                                                                                                                                                                        "Parallel Aware": false,
                                                                                                                                                                        "Async Capable": false,
                                                                                                                                                                        "Startup Cost": 1.09,
                                                                                                                                                                        "Total Cost": 1.09,
                                                                                                                                                                        "Plan Rows": 2,
                                                                                                                                                                        "Plan Width": 4,
                                                                                                                                                                        "Actual Startup Time": 0.002,
                                                                                                                                                                        "Actual Total Time": 0.003,
                                                                                                                                                                        "Actual Rows": 2,
                                                                                                                                                                        "Actual Loops": 2,
                                                                                                                                                                        "Hash Buckets": 1024,
                                                                                                                                                                        "Original Hash Buckets": 1024,
                                                                                                                                                                        "Hash Batches": 1,
                                                                                                                                                                        "Original Hash Batches": 1,
                                                                                                                                                                        "Peak Memory Usage": 9,
                                                                                                                                                                        "Workers": [],
                                                                                                                                                                        "Plans": [
                                                                                                                                                                            {
                                                                                                                                                                                "Node Type": "Seq Scan",
                                                                                                                                                                                "Parent Relationship": "Outer",
                                                                                                                                                                                "Parallel Aware": false,
                                                                                                                                                                                "Async Capable": false,
                                                                                                                                                                                "Relation Name": "kind_type",
                                                                                                                                                                                "Alias": "kt2",
                                                                                                                                                                                "Startup Cost": 0.0,
                                                                                                                                                                                "Total Cost": 1.09,
                                                                                                                                                                                "Plan Rows": 2,
                                                                                                                                                                                "Plan Width": 4,
                                                                                                                                                                                "Actual Startup Time": 0.001,
                                                                                                                                                                                "Actual Total Time": 0.002,
                                                                                                                                                                                "Actual Rows": 2,
                                                                                                                                                                                "Actual Loops": 2,
                                                                                                                                                                                "Filter": "((kind)::text = ANY ('{\"tv series\",episode}'::text[]))",
                                                                                                                                                                                "Rows Removed by Filter": 5,
                                                                                                                                                                                "Workers": []
                                                                                                                                                                            }
                                                                                                                                                                        ]
                                                                                                                                                                    }
                                                                                                                                                                ]
                                                                                                                                                            },
                                                                                                                                                            {
                                                                                                                                                                "Node Type": "Hash",
                                                                                                                                                                "Parent Relationship": "Inner",
                                                                                                                                                                "Parallel Aware": false,
                                                                                                                                                                "Async Capable": false,
                                                                                                                                                                "Startup Cost": 561.53,
                                                                                                                                                                "Total Cost": 561.53,
                                                                                                                                                                "Plan Rows": 5000,
                                                                                                                                                                "Plan Width": 8,
                                                                                                                                                                "Actual Startup Time": 2.235,
                                                                                                                                                                "Actual Total Time": 2.237,
                                                                                                                                                                "Actual Rows": 2315,
                                                                                                                                                                "Actual Loops": 2,
                                                                                                                                                                "Hash Buckets": 8192,
                                                                                                                                                                "Original Hash Buckets": 8192,
                                                                                                                                                                "Hash Batches": 1,
                                                                                                                                                                "Original Hash Batches": 1,
                                                                                                                                                                "Peak Memory Usage": 155,
                                                                                                                                                                "Workers": [],
                                                                                                                                                                "Plans": [
                                                                                                                                                                    {
                                                                                                                                                                        "Node Type": "Hash Join",
                                                                                                                                                                        "Parent Relationship": "Outer",
                                                                                                                                                                        "Parallel Aware": false,
                                                                                                                                                                        "Async Capable": false,
                                                                                                                                                                        "Join Type": "Inner",
                                                                                                                                                                        "Startup Cost": 1.29,
                                                                                                                                                                        "Total Cost": 561.53,
                                                                                                                                                                        "Plan Rows": 5000,
                                                                                                                                                                        "Plan Width": 8,
                                                                                                                                                                        "Actual Startup Time": 0.018,
                                                                                                                                                                        "Actual Total Time": 2.137,
                                                                                                                                                                        "Actual Rows": 2315,
                                                                                                                                                                        "Actual Loops": 2,
                                                                                                                                                                        "Inner Unique": true,
                                                                                                                                                                        "Hash Cond": "(ml.link_type_id = lt.id)",
                                                                                                                                                                        "Workers": [],
                                                                                                                                                                        "Plans": [
                                                                                                                                                                            {
                                                                                                                                                                                "Node Type": "Seq Scan",
                                                                                                                                                                                "Parent Relationship": "Outer",
                                                                                                                                                                                "Parallel Aware": false,
                                                                                                                                                                                "Async Capable": false,
                                                                                                                                                                                "Relation Name": "movie_link",
                                                                                                                                                                                "Alias": "ml",
                                                                                                                                                                                "Startup Cost": 0.0,
                                                                                                                                                                                "Total Cost": 462.97,
                                                                                                                                                                                "Plan Rows": 29997,
                                                                                                                                                                                "Plan Width": 12,
                                                                                                                                                                                "Actual Startup Time": 0.006,
                                                                                                                                                                                "Actual Total Time": 1.19,
                                                                                                                                                                                "Actual Rows": 29997,
                                                                                                                                                                                "Actual Loops": 2,
                                                                                                                                                                                "Workers": []
                                                                                                                                                                            },
                                                                                                                                                                            {
                                                                                                                                                                                "Node Type": "Hash",
                                                                                                                                                                                "Parent Relationship": "Inner",
                                                                                                                                                                                "Parallel Aware": false,
                                                                                                                                                                                "Async Capable": false,
                                                                                                                                                                                "Startup Cost": 1.25,
                                                                                                                                                                                "Total Cost": 1.25,
                                                                                                                                                                                "Plan Rows": 3,
                                                                                                                                                                                "Plan Width": 4,
                                                                                                                                                                                "Actual Startup Time": 0.005,
                                                                                                                                                                                "Actual Total Time": 0.006,
                                                                                                                                                                                "Actual Rows": 2,
                                                                                                                                                                                "Actual Loops": 2,
                                                                                                                                                                                "Hash Buckets": 1024,
                                                                                                                                                                                "Original Hash Buckets": 1024,
                                                                                                                                                                                "Hash Batches": 1,
                                                                                                                                                                                "Original Hash Batches": 1,
                                                                                                                                                                                "Peak Memory Usage": 9,
                                                                                                                                                                                "Workers": [],
                                                                                                                                                                                "Plans": [
                                                                                                                                                                                    {
                                                                                                                                                                                        "Node Type": "Seq Scan",
                                                                                                                                                                                        "Parent Relationship": "Outer",
                                                                                                                                                                                        "Parallel Aware": false,
                                                                                                                                                                                        "Async Capable": false,
                                                                                                                                                                                        "Relation Name": "link_type",
                                                                                                                                                                                        "Alias": "lt",
                                                                                                                                                                                        "Startup Cost": 0.0,
                                                                                                                                                                                        "Total Cost": 1.25,
                                                                                                                                                                                        "Plan Rows": 3,
                                                                                                                                                                                        "Plan Width": 4,
                                                                                                                                                                                        "Actual Startup Time": 0.004,
                                                                                                                                                                                        "Actual Total Time": 0.005,
                                                                                                                                                                                        "Actual Rows": 2,
                                                                                                                                                                                        "Actual Loops": 2,
                                                                                                                                                                                        "Filter": "((link)::text = ANY ('{sequel,follows,\"followed by\"}'::text[]))",
                                                                                                                                                                                        "Rows Removed by Filter": 16,
                                                                                                                                                                                        "Workers": []
                                                                                                                                                                                    }
                                                                                                                                                                                ]
                                                                                                                                                                            }
                                                                                                                                                                        ]
                                                                                                                                                                    }
                                                                                                                                                                ]
                                                                                                                                                            }
                                                                                                                                                        ]
                                                                                                                                                    }
                                                                                                                                                ]
                                                                                                                                            }
                                                                                                                                        ]
                                                                                                                                    }
                                                                                                                                ]
                                                                                                                            }
                                                                                                                        ]
                                                                                                                    }
                                                                                                                ]
                                                                                                            }
                                                                                                        ]
                                                                                                    }
                                                                                                ]
                                                                                            }
                                                                                        ]
                                                                                    }
                                                                                ]
                                                                            }
                                                                        ]
                                                                    },
                                                                    {
                                                                        "Node Type": "Hash",
                                                                        "Parent Relationship": "Inner",
                                                                        "Parallel Aware": false,
                                                                        "Async Capable": false,
                                                                        "Startup Cost": 1.09,
                                                                        "Total Cost": 1.09,
                                                                        "Plan Rows": 2,
                                                                        "Plan Width": 4,
                                                                        "Actual Startup Time": 0.012,
                                                                        "Actual Total Time": 0.013,
                                                                        "Actual Rows": 2,
                                                                        "Actual Loops": 2,
                                                                        "Hash Buckets": 1024,
                                                                        "Original Hash Buckets": 1024,
                                                                        "Hash Batches": 1,
                                                                        "Original Hash Batches": 1,
                                                                        "Peak Memory Usage": 9,
                                                                        "Workers": [],
                                                                        "Plans": [
                                                                            {
                                                                                "Node Type": "Seq Scan",
                                                                                "Parent Relationship": "Outer",
                                                                                "Parallel Aware": false,
                                                                                "Async Capable": false,
                                                                                "Relation Name": "kind_type",
                                                                                "Alias": "kt1",
                                                                                "Startup Cost": 0.0,
                                                                                "Total Cost": 1.09,
                                                                                "Plan Rows": 2,
                                                                                "Plan Width": 4,
                                                                                "Actual Startup Time": 0.01,
                                                                                "Actual Total Time": 0.01,
                                                                                "Actual Rows": 2,
                                                                                "Actual Loops": 2,
                                                                                "Filter": "((kind)::text = ANY ('{\"tv series\",episode}'::text[]))",
                                                                                "Rows Removed by Filter": 5,
                                                                                "Workers": []
                                                                            }
                                                                        ]
                                                                    }
                                                                ]
                                                            }
                                                        ]
                                                    }
                                                ]
                                            }
                                        ]
                                    }
                                ]
                            }
                        ]
                    },
                    "Planning Time": 58.256,
                    "Triggers": [],
                    "Execution Time": 484.692
                }
            ],
            "hints": [
                "SET enable_hashjoin TO on",
                "SET enable_indexonlyscan TO on",
                "SET enable_indexscan TO off",
                "SET enable_mergejoin TO off",
                "SET enable_nestloop TO off",
                "SET enable_seqscan TO on"
            ]
        },
        {
            "arm": 4,
            "execution_time": 5.4,
            "plan": [
                {
                    "Plan": {
                        "Node Type": "Aggregate",
                        "Strategy": "Plain",
                        "Partial Mode": "Simple",
                        "Parallel Aware": false,
                        "Async Capable": false,
                        "Startup Cost": 11604.57,
                        "Total Cost": 11604.58,
                        "Plan Rows": 1,
                        "Plan Width": 192,
                        "Actual Startup Time": 5.343,
                        "Actual Total Time": 5.345,
                        "Actual Rows": 1,
                        "Actual Loops": 1,
                        "Plans": [
                            {
                                "Node Type": "Nested Loop",
                                "Parent Relationship": "Outer",
                                "Parallel Aware": false,
                                "Async Capable": false,
                                "Join Type": "Inner",
                                "Startup Cost": 4.7,
                                "Total Cost": 11604.56,
                                "Plan Rows": 1,
                                "Plan Width": 84,
                                "Actual Startup Time": 0.85,
                                "Actual Total Time": 5.329,
                                "Actual Rows": 114,
                                "Actual Loops": 1,
                                "Inner Unique": true,
                                "Plans": [
                                    {
                                        "Node Type": "Nested Loop",
                                        "Parent Relationship": "Outer",
                                        "Parallel Aware": false,
                                        "Async Capable": false,
                                        "Join Type": "Inner",
                                        "Startup Cost": 4.28,
                                        "Total Cost": 11604.11,
                                        "Plan Rows": 1,
                                        "Plan Width": 69,
                                        "Actual Startup Time": 0.849,
                                        "Actual Total Time": 5.238,
                                        "Actual Rows": 114,
                                        "Actual Loops": 1,
                                        "Inner Unique": false,
                                        "Plans": [
                                            {
                                                "Node Type": "Nested Loop",
                                                "Parent Relationship": "Outer",
                                                "Parallel Aware": false,
                                                "Async Capable": false,
                                                "Join Type": "Inner",
                                                "Startup Cost": 3.85,
                                                "Total Cost": 11603.45,
                                                "Plan Rows": 1,
                                                "Plan Width": 77,
                                                "Actual Startup Time": 0.845,
                                                "Actual Total Time": 5.172,
                                                "Actual Rows": 46,
                                                "Actual Loops": 1,
                                                "Inner Unique": true,
                                                "Join Filter": "(kt1.id = t1.kind_id)",
                                                "Rows Removed by Join Filter": 0,
                                                "Plans": [
                                                    {
                                                        "Node Type": "Nested Loop",
                                                        "Parent Relationship": "Outer",
                                                        "Parallel Aware": false,
                                                        "Async Capable": false,
                                                        "Join Type": "Inner",
                                                        "Startup Cost": 3.85,
                                                        "Total Cost": 11602.34,
                                                        "Plan Rows": 1,
                                                        "Plan Width": 81,
                                                        "Actual Startup Time": 0.844,
                                                        "Actual Total Time": 5.152,
                                                        "Actual Rows": 46,
                                                        "Actual Loops": 1,
                                                        "Inner Unique": true,
                                                        "Join Filter": "(ml.movie_id = t1.id)",
                                                        "Rows Removed by Join Filter": 0,
                                                        "Plans": [
                                                            {
                                                                "Node Type": "Nested Loop",
                                                                "Parent Relationship": "Outer",
                                                                "Parallel Aware": false,
                                                                "Async Capable": false,
                                                                "Join Type": "Inner",
                                                                "Startup Cost": 3.42,
                                                                "Total Cost": 11601.81,
                                                                "Plan Rows": 1,
                                                                "Plan Width": 72,
                                                                "Actual Startup Time": 0.84,
                                                                "Actual Total Time": 5.101,
                                                                "Actual Rows": 46,
                                                                "Actual Loops": 1,
                                                                "Inner Unique": true,
                                                                "Plans": [
                                                                    {
                                                                        "Node Type": "Nested Loop",
                                                                        "Parent Relationship": "Outer",
                                                                        "Parallel Aware": false,
                                                                        "Async Capable": false,
                                                                        "Join Type": "Inner",
                                                                        "Startup Cost": 3.0,
                                                                        "Total Cost": 11601.36,
                                                                        "Plan Rows": 1,
                                                                        "Plan Width": 57,
                                                                        "Actual Startup Time": 0.834,
                                                                        "Actual Total Time": 5.037,
                                                                        "Actual Rows": 51,
                                                                        "Actual Loops": 1,
                                                                        "Inner Unique": false,
                                                                        "Join Filter": "(mc1.movie_id = ml.movie_id)",
                                                                        "Rows Removed by Join Filter": 0,
                                                                        "Plans": [
                                                                            {
                                                                                "Node Type": "Nested Loop",
                                                                                "Parent Relationship": "Outer",
                                                                                "Parallel Aware": false,
                                                                                "Async Capable": false,
                                                                                "Join Type": "Inner",
                                                                                "Startup Cost": 2.57,
                                                                                "Total Cost": 11600.71,
                                                                                "Plan Rows": 1,
                                                                                "Plan Width": 49,
                                                                                "Actual Startup Time": 0.829,
                                                                                "Actual Total Time": 4.991,
                                                                                "Actual Rows": 19,
                                                                                "Actual Loops": 1,
                                                                                "Inner Unique": false,
                                                                                "Join Filter": "(it1.id = mi_idx1.info_type_id)",
                                                                                "Rows Removed by Join Filter": 38,
                                                                                "Plans": [
                                                                                    {
                                                                                        "Node Type": "Nested Loop",
                                                                                        "Parent Relationship": "Outer",
                                                                                        "Parallel Aware": false,
                                                                                        "Async Capable": false,
                                                                                        "Join Type": "Inner",
                                                                                        "Startup Cost": 2.14,
                                                                                        "Total Cost": 11583.24,
                                                                                        "Plan Rows": 8,
                                                                                        "Plan Width": 43,
                                                                                        "Actual Startup Time": 0.826,
                                                                                        "Actual Total Time": 4.964,
                                                                                        "Actual Rows": 21,
                                                                                        "Actual Loops": 1,
                                                                                        "Inner Unique": true,
                                                                                        "Join Filter": "(kt2.id = t2.kind_id)",
                                                                                        "Rows Removed by Join Filter": 16,
                                                                                        "Plans": [
                                                                                            {
                                                                                                "Node Type": "Nested Loop",
                                                                                                "Parent Relationship": "Outer",
                                                                                                "Parallel Aware": false,
                                                                                                "Async Capable": false,
                                                                                                "Join Type": "Inner",
                                                                                                "Startup Cost": 2.14,
                                                                                                "Total Cost": 11581.34,
                                                                                                "Plan Rows": 28,
                                                                                                "Plan Width": 47,
                                                                                                "Actual Startup Time": 0.711,
                                                                                                "Actual Total Time": 4.955,
                                                                                                "Actual Rows": 29,
                                                                                                "Actual Loops": 1,
                                                                                                "Inner Unique": true,
                                                                                                "Join Filter": "(ml.linked_movie_id = t2.id)",
                                                                                                "Rows Removed by Join Filter": 0,
                                                                                                "Plans": [
                                                                                                    {
                                                                                                        "Node Type": "Nested Loop",
                                                                                                        "Parent Relationship": "Outer",
                                                                                                        "Parallel Aware": false,
                                                                                                        "Async Capable": false,
                                                                                                        "Join Type": "Inner",
                                                                                                        "Startup Cost": 1.71,
                                                                                                        "Total Cost": 11532.02,
                                                                                                        "Plan Rows": 68,
                                                                                                        "Plan Width": 22,
                                                                                                        "Actual Startup Time": 0.704,
                                                                                                        "Actual Total Time": 4.831,
                                                                                                        "Actual Rows": 47,
                                                                                                        "Actual Loops": 1,
                                                                                                        "Inner Unique": false,
                                                                                                        "Join Filter": "(it2.id = mi_idx2.info_type_id)",
                                                                                                        "Rows Removed by Join Filter": 2898,
                                                                                                        "Plans": [
                                                                                                            {
                                                                                                                "Node Type": "Nested Loop",
                                                                                                                "Parent Relationship": "Outer",
                                                                                                                "Parallel Aware": false,
                                                                                                                "Async Capable": false,
                                                                                                                "Join Type": "Inner",
                                                                                                                "Startup Cost": 0.0,
                                                                                                                "Total Cost": 4.83,
                                                                                                                "Plan Rows": 1,
                                                                                                                "Plan Width": 8,
                                                                                                                "Actual Startup Time": 0.016,
                                                                                                                "Actual Total Time": 0.018,
                                                                                                                "Actual Rows": 1,
                                                                                                                "Actual Loops": 1,
                                                                                                                "Inner Unique": false,
                                                                                                                "Plans": [
                                                                                                                    {
                                                                                                                        "Node Type": "Seq Scan",
                                                                                                                        "Parent Relationship": "Outer",
                                                                                                                        "Parallel Aware": false,
                                                                                                                        "Async Capable": false,
                                                                                                                        "Relation Name": "info_type",
                                                                                                                        "Alias": "it1",
                                                                                                                        "Startup Cost": 0.0,
                                                                                                                        "Total Cost": 2.41,
                                                                                                                        "Plan Rows": 1,
                                                                                                                        "Plan Width": 4,
                                                                                                                        "Actual Startup Time": 0.013,
                                                                                                                        "Actual Total Time": 0.014,
                                                                                                                        "Actual Rows": 1,
                                                                                                                        "Actual Loops": 1,
                                                                                                                        "Filter": "((info)::text = 'rating'::text COLLATE \"C\")",
                                                                                                                        "Rows Removed by Filter": 112
                                                                                                                    },
                                                                                                                    {
                                                                                                                        "Node Type": "Seq Scan",
                                                                                                                        "Parent Relationship": "Inner",
                                                                                                                        "Parallel Aware": false,
                                                                                                                        "Async Capable": false,
                                                                                                                        "Relation Name": "info_type",
                                                                                                                        "Alias": "it2",
                                                                                                                        "Startup Cost": 0.0,
                                                                                                                        "Total Cost": 2.41,
                                                                                                                        "Plan Rows": 1,
                                                                                                                        "Plan Width": 4,
                                                                                                                        "Actual Startup Time": 0.003,
                                                                                                                        "Actual Total Time": 0.003,
                                                                                                                        "Actual Rows": 1,
                                                                                                                        "Actual Loops": 1,
                                                                                                                        "Filter": "((info)::text = 'rating'::text COLLATE \"C\")",
                                                                                                                        "Rows Removed by Filter": 112
                                                                                                                    }
                                                                                                                ]
                                                                                                            },
                                                                                                            {
                                                                                                                "Node Type": "Nested Loop",
                                                                                                                "Parent Relationship": "Inner",
                                                                                                                "Parallel Aware": false,
                                                                                                                "Async Capable": false,
                                                                                                                "Join Type": "Inner",
                                                                                                                "Startup Cost": 1.71,
                                                                                                                "Total Cost": 11431.2,
                                                                                                                "Plan Rows": 7679,
                                                                                                                "Plan Width": 22,
                                                                                                                "Actual Startup Time": 0.031,
                                                                                                                "Actual Total Time": 4.744,
                                                                                                                "Actual Rows": 2945,
                                                                                                                "Actual Loops": 1,
                                                                                                                "Inner Unique": false,
                                                                                                                "Plans": [
                                                                                                                    {
                                                                                                                        "Node Type": "Hash Join",
                                                                                                                        "Parent Relationship": "Outer",
                                                                                                                        "Parallel Aware": false,
                                                                                                                        "Async Capable": false,
                                                                                                                        "Join Type": "Inner",
                                                                                                                        "Startup Cost": 1.29,
                                                                                                                        "Total Cost": 561.53,
                                                                                                                        "Plan Rows": 5000,
                                                                                                                        "Plan Width": 8,
                                                                                                                        "Actual Startup Time": 0.017,
                                                                                                                        "Actual Total Time": 1.993,
                                                                                                                        "Actual Rows": 2315,
                                                                                                                        "Actual Loops": 1,
                                                                                                                        "Inner Unique": true,
                                                                                                                        "Hash Cond": "(ml.link_type_id = lt.id)",
                                                                                                                        "Plans": [
                                                                                                                            {
                                                                                                                                "Node Type": "Seq Scan",
                                                                                                                                "Parent Relationship": "Outer",
                                                                                                                                "Parallel Aware": false,
                                                                                                                                "Async Capable": false,
                                                                                                                                "Relation Name": "movie_link",
                                                                                                                                "Alias": "ml",
                                                                                                                                "Startup Cost": 0.0,
                                                                                                                                "Total Cost": 462.97,
                                                                                                                                "Plan Rows": 29997,
                                                                                                                                "Plan Width": 12,
                                                                                                                                "Actual Startup Time": 0.003,
                                                                                                                                "Actual Total Time": 0.998,
                                                                                                                                "Actual Rows": 29997,
                                                                                                                                "Actual Loops": 1
                                                                                                                            },
                                                                                                                            {
                                                                                                                                "Node Type": "Hash",
                                                                                                                                "Parent Relationship": "Inner",
                                                                                                                                "Parallel Aware": false,
                                                                                                                                "Async Capable": false,
                                                                                                                                "Startup Cost": 1.25,
                                                                                                                                "Total Cost": 1.25,
                                                                                                                                "Plan Rows": 3,
                                                                                                                                "Plan Width": 4,
                                                                                                                                "Actual Startup Time": 0.007,
                                                                                                                                "Actual Total Time": 0.007,
                                                                                                                                "Actual Rows": 2,
                                                                                                                                "Actual Loops": 1,
                                                                                                                                "Hash Buckets": 1024,
                                                                                                                                "Original Hash Buckets": 1024,
                                                                                                                                "Hash Batches": 1,
                                                                                                                                "Original Hash Batches": 1,
                                                                                                                                "Peak Memory Usage": 9,
                                                                                                                                "Plans": [
                                                                                                                                    {
                                                                                                                                        "Node Type": "Seq Scan",
                                                                                                                                        "Parent Relationship": "Outer",
                                                                                                                                        "Parallel Aware": false,
                                                                                                                                        "Async Capable": false,
                                                                                                                                        "Relation Name": "link_type",
                                                                                                                                        "Alias": "lt",
                                                                                                                                        "Startup Cost": 0.0,
                                                                                                                                        "Total Cost": 1.25,
                                                                                                                                        "Plan Rows": 3,
                                                                                                                                        "Plan Width": 4,
                                                                                                                                        "Actual Startup Time": 0.004,
                                                                                                                                        "Actual Total Time": 0.005,
                                                                                                                                        "Actual Rows": 2,
                                                                                                                                        "Actual Loops": 1,
                                                                                                                                        "Filter": "((link)::text = ANY ('{sequel,follows,\"followed by\"}'::text[]))",
                                                                                                                                        "Rows Removed by Filter": 16
                                                                                                                                    }
                                                                                                                                ]
                                                                                                                            }
                                                                                                                        ]
                                                                                                                    },
                                                                                                                    {
                                                                                                                        "Node Type": "Index Scan",
                                                                                                                        "Parent Relationship": "Inner",
                                                                                                                        "Parallel Aware": false,
                                                                                                                        "Async Capable": false,
                                                                                                                        "Scan Direction": "Forward",
                                                                                                                        "Index Name": "movie_id_movie_info_idx",
                                                                                                                        "Relation Name": "movie_info_idx",
                                                                                                                        "Alias": "mi_idx2",
                                                                                                                        "Startup Cost": 0.43,
                                                                                                                        "Total Cost": 2.15,
                                                                                                                        "Plan Rows": 2,
                                                                                                                        "Plan Width": 14,
                                                                                                                        "Actual Startup Time": 0.001,
                                                                                                                        "Actual Total Time": 0.001,
                                                                                                                        "Actual Rows": 1,
                                                                                                                        "Actual Loops": 2315,
                                                                                                                        "Index Cond": "(movie_id = ml.linked_movie_id)",
                                                                                                                        "Rows Removed by Index Recheck": 0,
                                                                                                                        "Filter": "(info < '3.5'::text)",
                                                                                                                        "Rows Removed by Filter": 1
                                                                                                                    }
                                                                                                                ]
                                                                                                            }
                                                                                                        ]
                                                                                                    },
                                                                                                    {
                                                                                                        "Node Type": "Index Scan",
                                                                                                        "Parent Relationship": "Inner",
                                                                                                        "Parallel Aware": false,
                                                                                                        "Async Capable": false,
                                                                                                        "Scan Direction": "Forward",
                                                                                                        "Index Name": "title_pkey",
                                                                                                        "Relation Name": "title",
                                                                                                        "Alias": "t2",
                                                                                                        "Startup Cost": 0.43,
                                                                                                        "Total Cost": 0.71,
                                                                                                        "Plan Rows": 1,
                                                                                                        "Plan Width": 25,
                                                                                                        "Actual Startup Time": 0.002,
                                                                                                        "Actual Total Time": 0.003,
                                                                                                        "Actual Rows": 1,
                                                                                                        "Actual Loops": 47,
                                                                                                        "Index Cond": "(id = mi_idx2.movie_id)",
                                                                                                        "Rows Removed by Index Recheck": 0,
                                                                                                        "Filter": "((production_year >= 2000) AND (production_year <= 2010))",
                                                                                                        "Rows Removed by Filter": 0
                                                                                                    }
                                                                                                ]
                                                                                            },
                                                                                            {
                                                                                                "Node Type": "Materialize",
                                                                                                "Parent Relationship": "Inner",
                                                                                                "Parallel Aware": false,
                                                                                                "Async Capable": false,
                                                                                                "Startup Cost": 0.0,
                                                                                                "Total Cost": 1.1,
                                                                                                "Plan Rows": 2,
                                                                                                "Plan Width": 4,
                                                                                                "Actual Startup Time": 0.0,
                                                                                                "Actual Total Time": 0.0,
                                                                                                "Actual Rows": 1,
                                                                                                "Actual Loops": 29,
                                                                                                "Plans": [
                                                                                                    {
                                                                                                        "Node Type": "Seq Scan",
                                                                                                        "Parent Relationship": "Outer",
                                                                                                        "Parallel Aware": false,
                                                                                                        "Async Capable": false,
                                                                                                        "Relation Name": "kind_type",
                                                                                                        "Alias": "kt2",
                                                                                                        "Startup Cost": 0.0,
                                                                                                        "Total Cost": 1.09,
                                                                                                        "Plan Rows": 2,
                                                                                                        "Plan Width": 4,
                                                                                                        "Actual Startup Time": 0.002,
                                                                                                        "Actual Total Time": 0.003,
                                                                                                        "Actual Rows": 2,
                                                                                                        "Actual Loops": 1,
                                                                                                        "Filter": "((kind)::text = ANY ('{\"tv series\",episode}'::text[]))",
                                                                                                        "Rows Removed by Filter": 5
                                                                                                    }
                                                                                                ]
                                                                                            }
                                                                                        ]
                                                                                    },
                                                                                    {
                                                                                        "Node Type": "Index Scan",
                                                                                        "Parent Relationship": "Inner",
                                                                                        "Parallel Aware": false,
                                                                                        "Async Capable": false,
                                                                                        "Scan Direction": "Forward",
                                                                                        "Index Name": "movie_id_movie_info_idx",
                                                                                        "Relation Name": "movie_info_idx",
                                                                                        "Alias": "mi_idx1",
                                                                                        "Startup Cost": 0.43,
                                                                                        "Total Cost": 2.15,
                                                                                        "Plan Rows": 3,
                                                                                        "Plan Width": 14,
                                                                                        "Actual Startup Time": 0.001,
                                                                                        "Actual Total Time": 0.001,
                                                                                        "Actual Rows": 3,
                                                                                        "Actual Loops": 21,
                                                                                        "Index Cond": "(movie_id = ml.movie_id)",
                                                                                        "Rows Removed by Index Recheck": 0
                                                                                    }
                                                                                ]
                                                                            },
                                                                            {
                                                                                "Node Type": "Index Scan",
                                                                                "Parent Relationship": "Inner",
                                                                                "Parallel Aware": false,
                                                                                "Async Capable": false,
                                                                                "Scan Direction": "Forward",
                                                                                "Index Name": "movie_id_movie_companies",
                                                                                "Relation Name": "movie_companies",
                                                                                "Alias": "mc1",
                                                                                "Startup Cost": 0.43,
                                                                                "Total Cost": 0.59,
                                                                                "Plan Rows": 5,
                                                                                "Plan Width": 8,
                                                                                "Actual Startup Time": 0.002,
                                                                                "Actual Total Time": 0.002,
                                                                                "Actual Rows": 3,
                                                                                "Actual Loops": 19,
                                                                                "Index Cond": "(movie_id = mi_idx1.movie_id)",
                                                                                "Rows Removed by Index Recheck": 0
                                                                            }
                                                                        ]
                                                                    },
                                                                    {
                                                                        "Node Type": "Index Scan",
                                                                        "Parent Relationship": "Inner",
                                                                        "Parallel Aware": false,
                                                                        "Async Capable": false,
                                                                        "Scan Direction": "Forward",
                                                                        "Index Name": "company_name_pkey",
                                                                        "Relation Name": "company_name",
                                                                        "Alias": "cn1",
                                                                        "Startup Cost": 0.42,
                                                                        "Total Cost": 0.45,
                                                                        "Plan Rows": 1,
                                                                        "Plan Width": 23,
                                                                        "Actual Startup Time": 0.001,
                                                                        "Actual Total Time": 0.001,
                                                                        "Actual Rows": 1,
                                                                        "Actual Loops": 51,
                                                                        "Index Cond": "(id = mc1.company_id)",
                                                                        "Rows Removed by Index Recheck": 0,
                                                                        "Filter": "((country_code)::text <> '[us]'::text)",
                                                                        "Rows Removed by Filter": 0
                                                                    }
                                                                ]
                                                            },
                                                            {
                                                                "Node Type": "Index Scan",
                                                                "Parent Relationship": "Inner",
                                                                "Parallel Aware": false,
                                                                "Async Capable": false,
                                                                "Scan Direction": "Forward",
                                                                "Index Name": "title_pkey",
                                                                "Relation Name": "title",
                                                                "Alias": "t1",
                                                                "Startup Cost": 0.43,
                                                                "Total Cost": 0.52,
                                                                "Plan Rows": 1,
                                                                "Plan Width": 25,
                                                                "Actual Startup Time": 0.001,
                                                                "Actual Total Time": 0.001,
                                                                "Actual Rows": 1,
                                                                "Actual Loops": 46,
                                                                "Index Cond": "(id = mc1.movie_id)",
                                                                "Rows Removed by Index Recheck": 0
                                                            }
                                                        ]
                                                    },
                                                    {
                                                        "Node Type": "Seq Scan",
                                                        "Parent Relationship": "Inner",
                                                        "Parallel Aware": false,
                                                        "Async Capable": false,
                                                        "Relation Name": "kind_type",
                                                        "Alias": "kt1",
                                                        "Startup Cost": 0.0,
                                                        "Total Cost": 1.09,
                                                        "Plan Rows": 2,
                                                        "Plan Width": 4,
                                                        "Actual Startup Time": 0.0,
                                                        "Actual Total Time": 0.0,
                                                        "Actual Rows": 1,
                                                        "Actual Loops": 46,
                                                        "Filter": "((kind)::text = ANY ('{\"tv series\",episode}'::text[]))",
                                                        "Rows Removed by Filter": 1
                                                    }
                                                ]
                                            },
                                            {
                                                "Node Type": "Index Scan",
                                                "Parent Relationship": "Inner",
                                                "Parallel Aware": false,
                                                "Async Capable": false,
                                                "Scan Direction": "Forward",
                                                "Index Name": "movie_id_movie_companies",
                                                "Relation Name": "movie_companies",
                                                "Alias": "mc2",
                                                "Startup Cost": 0.43,
                                                "Total Cost": 0.61,
                                                "Plan Rows": 5,
                                                "Plan Width": 8,
                                                "Actual Startup Time": 0.001,
                                                "Actual Total Time": 0.001,
                                                "Actual Rows": 2,
                                                "Actual Loops": 46,
                                                "Index Cond": "(movie_id = t2.id)",
                                                "Rows Removed by Index Recheck": 0
                                            }
                                        ]
                                    },
                                    {
                                        "Node Type": "Index Scan",
                                        "Parent Relationship": "Inner",
                                        "Parallel Aware": false,
                                        "Async Capable": false,
                                        "Scan Direction": "Forward",
                                        "Index Name": "company_name_pkey",
                                        "Relation Name": "company_name",
                                        "Alias": "cn2",
                                        "Startup Cost": 0.42,
                                        "Total Cost": 0.44,
                                        "Plan Rows": 1,
                                        "Plan Width": 23,
                                        "Actual Startup Time": 0.001,
                                        "Actual Total Time": 0.001,
                                        "Actual Rows": 1,
                                        "Actual Loops": 114,
                                        "Index Cond": "(id = mc2.company_id)",
                                        "Rows Removed by Index Recheck": 0
                                    }
                                ]
                            }
                        ]
                    },
                    "Planning Time": 57.145,
                    "Triggers": [],
                    "Execution Time": 5.4
                }
            ],
            "hints": [
                "SET enable_hashjoin TO on",
                "SET enable_indexonlyscan TO on",
                "SET enable_indexscan TO on",
                "SET enable_mergejoin TO off",
                "SET enable_nestloop TO on",
                "SET enable_seqscan TO on"
            ]
        }
    ]
}