{
    "sql_file": "job3b.sql",
    "query": "SELECT MIN(t.title) AS movie_title FROM keyword AS k, movie_info AS mi, movie_keyword AS mk, title AS t WHERE k.keyword  like '%sequel%' AND mi.info  IN ('Bulgaria') AND t.production_year > 2010 AND t.id = mi.movie_id AND t.id = mk.movie_id AND mk.movie_id = mi.movie_id AND k.id = mk.keyword_id;",
    "results": [
        {
            "arm": 0,
            "execution_time": 47.587,
            "plan": [
                {
                    "Plan": {
                        "Node Type": "Aggregate",
                        "Strategy": "Plain",
                        "Partial Mode": "Simple",
                        "Parallel Aware": false,
                        "Async Capable": false,
                        "Startup Cost": 17741.81,
                        "Total Cost": 17741.82,
                        "Plan Rows": 1,
                        "Plan Width": 32,
                        "Actual Startup Time": 47.556,
                        "Actual Total Time": 47.558,
                        "Actual Rows": 1,
                        "Actual Loops": 1,
                        "Plans": [
                            {
                                "Node Type": "Nested Loop",
                                "Parent Relationship": "Outer",
                                "Parallel Aware": false,
                                "Async Capable": false,
                                "Join Type": "Inner",
                                "Startup Cost": 1.3,
                                "Total Cost": 17741.81,
                                "Plan Rows": 1,
                                "Plan Width": 17,
                                "Actual Startup Time": 2.194,
                                "Actual Total Time": 47.551,
                                "Actual Rows": 5,
                                "Actual Loops": 1,
                                "Inner Unique": false,
                                "Join Filter": "(mi.movie_id = t.id)",
                                "Rows Removed by Join Filter": 0,
                                "Plans": [
                                    {
                                        "Node Type": "Nested Loop",
                                        "Parent Relationship": "Outer",
                                        "Parallel Aware": false,
                                        "Async Capable": false,
                                        "Join Type": "Inner",
                                        "Startup Cost": 0.86,
                                        "Total Cost": 17644.34,
                                        "Plan Rows": 68,
                                        "Plan Width": 25,
                                        "Actual Startup Time": 0.848,
                                        "Actual Total Time": 38.556,
                                        "Actual Rows": 405,
                                        "Actual Loops": 1,
                                        "Inner Unique": true,
                                        "Plans": [
                                            {
                                                "Node Type": "Nested Loop",
                                                "Parent Relationship": "Outer",
                                                "Parallel Aware": false,
                                                "Async Capable": false,
                                                "Join Type": "Inner",
                                                "Startup Cost": 0.43,
                                                "Total Cost": 17429.81,
                                                "Plan Rows": 438,
                                                "Plan Width": 4,
                                                "Actual Startup Time": 0.446,
                                                "Actual Total Time": 19.031,
                                                "Actual Rows": 12951,
                                                "Actual Loops": 1,
                                                "Inner Unique": false,
                                                "Plans": [
                                                    {
                                                        "Node Type": "Seq Scan",
                                                        "Parent Relationship": "Outer",
                                                        "Parallel Aware": false,
                                                        "Async Capable": false,
                                                        "Relation Name": "keyword",
                                                        "Alias": "k",
                                                        "Startup Cost": 0.0,
                                                        "Total Cost": 2685.12,
                                                        "Plan Rows": 13,
                                                        "Plan Width": 4,
                                                        "Actual Startup Time": 0.435,
                                                        "Actual Total Time": 7.047,
                                                        "Actual Rows": 30,
                                                        "Actual Loops": 1,
                                                        "Filter": "(keyword ~~ '%sequel%'::text)",
                                                        "Rows Removed by Filter": 134140
                                                    },
                                                    {
                                                        "Node Type": "Index Scan",
                                                        "Parent Relationship": "Inner",
                                                        "Parallel Aware": false,
                                                        "Async Capable": false,
                                                        "Scan Direction": "Forward",
                                                        "Index Name": "keyword_id_movie_keyword",
                                                        "Relation Name": "movie_keyword",
                                                        "Alias": "mk",
                                                        "Startup Cost": 0.43,
                                                        "Total Cost": 1131.18,
                                                        "Plan Rows": 303,
                                                        "Plan Width": 8,
                                                        "Actual Startup Time": 0.004,
                                                        "Actual Total Time": 0.38,
                                                        "Actual Rows": 432,
                                                        "Actual Loops": 30,
                                                        "Index Cond": "(keyword_id = k.id)",
                                                        "Rows Removed by Index Recheck": 0
                                                    }
                                                ]
                                            },
                                            {
                                                "Node Type": "Index Scan",
                                                "Parent Relationship": "Inner",
                                                "Parallel Aware": false,
                                                "Async Capable": false,
                                                "Scan Direction": "Forward",
                                                "Index Name": "title_pkey",
                                                "Relation Name": "title",
                                                "Alias": "t",
                                                "Startup Cost": 0.43,
                                                "Total Cost": 0.49,
                                                "Plan Rows": 1,
                                                "Plan Width": 21,
                                                "Actual Startup Time": 0.001,
                                                "Actual Total Time": 0.001,
                                                "Actual Rows": 0,
                                                "Actual Loops": 12951,
                                                "Index Cond": "(id = mk.movie_id)",
                                                "Rows Removed by Index Recheck": 0,
                                                "Filter": "(production_year > 2010)",
                                                "Rows Removed by Filter": 1
                                            }
                                        ]
                                    },
                                    {
                                        "Node Type": "Index Scan",
                                        "Parent Relationship": "Inner",
                                        "Parallel Aware": false,
                                        "Async Capable": false,
                                        "Scan Direction": "Forward",
                                        "Index Name": "movie_id_movie_info",
                                        "Relation Name": "movie_info",
                                        "Alias": "mi",
                                        "Startup Cost": 0.43,
                                        "Total Cost": 1.42,
                                        "Plan Rows": 1,
                                        "Plan Width": 4,
                                        "Actual Startup Time": 0.022,
                                        "Actual Total Time": 0.022,
                                        "Actual Rows": 0,
                                        "Actual Loops": 405,
                                        "Index Cond": "(movie_id = mk.movie_id)",
                                        "Rows Removed by Index Recheck": 0,
                                        "Filter": "(info = 'Bulgaria'::text)",
                                        "Rows Removed by Filter": 63
                                    }
                                ]
                            }
                        ]
                    },
                    "Planning Time": 0.631,
                    "Triggers": [],
                    "Execution Time": 47.587
                }
            ],
            "hints": [
                "SET enable_hashjoin TO on",
                "SET enable_indexonlyscan TO on",
                "SET enable_indexscan TO on",
                "SET enable_mergejoin TO on",
                "SET enable_nestloop TO on",
                "SET enable_seqscan TO on"
            ]
        },
        {
            "arm": 1,
            "execution_time": 236.305,
            "plan": [
                {
                    "Plan": {
                        "Node Type": "Aggregate",
                        "Strategy": "Plain",
                        "Partial Mode": "Finalize",
                        "Parallel Aware": false,
                        "Async Capable": false,
                        "Startup Cost": 289550.68,
                        "Total Cost": 289550.69,
                        "Plan Rows": 1,
                        "Plan Width": 32,
                        "Actual Startup Time": 226.648,
                        "Actual Total Time": 236.263,
                        "Actual Rows": 1,
                        "Actual Loops": 1,
                        "Plans": [
                            {
                                "Node Type": "Gather",
                                "Parent Relationship": "Outer",
                                "Parallel Aware": false,
                                "Async Capable": false,
                                "Startup Cost": 289550.26,
                                "Total Cost": 289550.67,
                                "Plan Rows": 4,
                                "Plan Width": 32,
                                "Actual Startup Time": 226.533,
                                "Actual Total Time": 236.258,
                                "Actual Rows": 5,
                                "Actual Loops": 1,
                                "Workers Planned": 4,
                                "Workers Launched": 4,
                                "Single Copy": false,
                                "Plans": [
                                    {
                                        "Node Type": "Aggregate",
                                        "Strategy": "Plain",
                                        "Partial Mode": "Partial",
                                        "Parent Relationship": "Outer",
                                        "Parallel Aware": false,
                                        "Async Capable": false,
                                        "Startup Cost": 288550.26,
                                        "Total Cost": 288550.27,
                                        "Plan Rows": 1,
                                        "Plan Width": 32,
                                        "Actual Startup Time": 224.612,
                                        "Actual Total Time": 224.617,
                                        "Actual Rows": 1,
                                        "Actual Loops": 5,
                                        "Workers": [],
                                        "Plans": [
                                            {
                                                "Node Type": "Hash Join",
                                                "Parent Relationship": "Outer",
                                                "Parallel Aware": true,
                                                "Async Capable": false,
                                                "Join Type": "Inner",
                                                "Startup Cost": 244274.99,
                                                "Total Cost": 288550.25,
                                                "Plan Rows": 1,
                                                "Plan Width": 17,
                                                "Actual Startup Time": 222.8,
                                                "Actual Total Time": 224.612,
                                                "Actual Rows": 1,
                                                "Actual Loops": 5,
                                                "Inner Unique": false,
                                                "Hash Cond": "(t.id = mi.movie_id)",
                                                "Workers": [],
                                                "Plans": [
                                                    {
                                                        "Node Type": "Seq Scan",
                                                        "Parent Relationship": "Outer",
                                                        "Parallel Aware": true,
                                                        "Async Capable": false,
                                                        "Relation Name": "title",
                                                        "Alias": "t",
                                                        "Startup Cost": 0.0,
                                                        "Total Cost": 43909.73,
                                                        "Plan Rows": 97474,
                                                        "Plan Width": 21,
                                                        "Actual Startup Time": 0.006,
                                                        "Actual Total Time": 26.715,
                                                        "Actual Rows": 78333,
                                                        "Actual Loops": 5,
                                                        "Filter": "(production_year > 2010)",
                                                        "Rows Removed by Filter": 427329,
                                                        "Workers": []
                                                    },
                                                    {
                                                        "Node Type": "Hash",
                                                        "Parent Relationship": "Inner",
                                                        "Parallel Aware": true,
                                                        "Async Capable": false,
                                                        "Startup Cost": 244274.98,
                                                        "Total Cost": 244274.98,
                                                        "Plan Rows": 1,
                                                        "Plan Width": 8,
                                                        "Actual Startup Time": 195.71,
                                                        "Actual Total Time": 195.713,
                                                        "Actual Rows": 4,
                                                        "Actual Loops": 5,
                                                        "Hash Buckets": 1024,
                                                        "Original Hash Buckets": 1024,
                                                        "Hash Batches": 1,
                                                        "Original Hash Batches": 1,
                                                        "Peak Memory Usage": 168,
                                                        "Workers": [],
                                                        "Plans": [
                                                            {
                                                                "Node Type": "Hash Join",
                                                                "Parent Relationship": "Outer",
                                                                "Parallel Aware": true,
                                                                "Async Capable": false,
                                                                "Join Type": "Inner",
                                                                "Startup Cost": 45591.24,
                                                                "Total Cost": 244274.98,
                                                                "Plan Rows": 1,
                                                                "Plan Width": 8,
                                                                "Actual Startup Time": 141.753,
                                                                "Actual Total Time": 195.644,
                                                                "Actual Rows": 4,
                                                                "Actual Loops": 5,
                                                                "Inner Unique": false,
                                                                "Hash Cond": "(mi.movie_id = mk.movie_id)",
                                                                "Workers": [],
                                                                "Plans": [
                                                                    {
                                                                        "Node Type": "Seq Scan",
                                                                        "Parent Relationship": "Outer",
                                                                        "Parallel Aware": true,
                                                                        "Async Capable": false,
                                                                        "Relation Name": "movie_info",
                                                                        "Alias": "mi",
                                                                        "Startup Cost": 0.0,
                                                                        "Total Cost": 198683.44,
                                                                        "Plan Rows": 75,
                                                                        "Plan Width": 4,
                                                                        "Actual Startup Time": 7.565,
                                                                        "Actual Total Time": 108.586,
                                                                        "Actual Rows": 457,
                                                                        "Actual Loops": 5,
                                                                        "Filter": "(info = 'Bulgaria'::text)",
                                                                        "Rows Removed by Filter": 2966687,
                                                                        "Workers": []
                                                                    },
                                                                    {
                                                                        "Node Type": "Hash",
                                                                        "Parent Relationship": "Inner",
                                                                        "Parallel Aware": true,
                                                                        "Async Capable": false,
                                                                        "Startup Cost": 45589.48,
                                                                        "Total Cost": 45589.48,
                                                                        "Plan Rows": 141,
                                                                        "Plan Width": 4,
                                                                        "Actual Startup Time": 86.963,
                                                                        "Actual Total Time": 86.965,
                                                                        "Actual Rows": 2590,
                                                                        "Actual Loops": 5,
                                                                        "Hash Buckets": 16384,
                                                                        "Original Hash Buckets": 1024,
                                                                        "Hash Batches": 1,
                                                                        "Original Hash Batches": 1,
                                                                        "Peak Memory Usage": 888,
                                                                        "Workers": [],
                                                                        "Plans": [
                                                                            {
                                                                                "Node Type": "Hash Join",
                                                                                "Parent Relationship": "Outer",
                                                                                "Parallel Aware": false,
                                                                                "Async Capable": false,
                                                                                "Join Type": "Inner",
                                                                                "Startup Cost": 2685.29,
                                                                                "Total Cost": 45589.48,
                                                                                "Plan Rows": 141,
                                                                                "Plan Width": 4,
                                                                                "Actual Startup Time": 7.31,
                                                                                "Actual Total Time": 70.037,
                                                                                "Actual Rows": 2590,
                                                                                "Actual Loops": 5,
                                                                                "Inner Unique": true,
                                                                                "Hash Cond": "(mk.keyword_id = k.id)",
                                                                                "Workers": [],
                                                                                "Plans": [
                                                                                    {
                                                                                        "Node Type": "Seq Scan",
                                                                                        "Parent Relationship": "Outer",
                                                                                        "Parallel Aware": true,
                                                                                        "Async Capable": false,
                                                                                        "Relation Name": "movie_keyword",
                                                                                        "Alias": "mk",
                                                                                        "Startup Cost": 0.0,
                                                                                        "Total Cost": 39073.32,
                                                                                        "Plan Rows": 1459332,
                                                                                        "Plan Width": 8,
                                                                                        "Actual Startup Time": 0.009,
                                                                                        "Actual Total Time": 36.847,
                                                                                        "Actual Rows": 904786,
                                                                                        "Actual Loops": 5,
                                                                                        "Workers": []
                                                                                    },
                                                                                    {
                                                                                        "Node Type": "Hash",
                                                                                        "Parent Relationship": "Inner",
                                                                                        "Parallel Aware": false,
                                                                                        "Async Capable": false,
                                                                                        "Startup Cost": 2685.12,
                                                                                        "Total Cost": 2685.12,
                                                                                        "Plan Rows": 13,
                                                                                        "Plan Width": 4,
                                                                                        "Actual Startup Time": 6.921,
                                                                                        "Actual Total Time": 6.922,
                                                                                        "Actual Rows": 30,
                                                                                        "Actual Loops": 5,
                                                                                        "Hash Buckets": 1024,
                                                                                        "Original Hash Buckets": 1024,
                                                                                        "Hash Batches": 1,
                                                                                        "Original Hash Batches": 1,
                                                                                        "Peak Memory Usage": 10,
                                                                                        "Workers": [],
                                                                                        "Plans": [
                                                                                            {
                                                                                                "Node Type": "Seq Scan",
                                                                                                "Parent Relationship": "Outer",
                                                                                                "Parallel Aware": false,
                                                                                                "Async Capable": false,
                                                                                                "Relation Name": "keyword",
                                                                                                "Alias": "k",
                                                                                                "Startup Cost": 0.0,
                                                                                                "Total Cost": 2685.12,
                                                                                                "Plan Rows": 13,
                                                                                                "Plan Width": 4,
                                                                                                "Actual Startup Time": 0.489,
                                                                                                "Actual Total Time": 6.918,
                                                                                                "Actual Rows": 30,
                                                                                                "Actual Loops": 5,
                                                                                                "Filter": "(keyword ~~ '%sequel%'::text)",
                                                                                                "Rows Removed by Filter": 134140,
                                                                                                "Workers": []
                                                                                            }
                                                                                        ]
                                                                                    }
                                                                                ]
                                                                            }
                                                                        ]
                                                                    }
                                                                ]
                                                            }
                                                        ]
                                                    }
                                                ]
                                            }
                                        ]
                                    }
                                ]
                            }
                        ]
                    },
                    "Planning Time": 0.536,
                    "Triggers": [],
                    "Execution Time": 236.305
                }
            ],
            "hints": [
                "SET enable_hashjoin TO on",
                "SET enable_indexonlyscan TO on",
                "SET enable_indexscan TO on",
                "SET enable_mergejoin TO on",
                "SET enable_nestloop TO off",
                "SET enable_seqscan TO on"
            ]
        },
        {
            "arm": 2,
            "execution_time": 241.45,
            "plan": [
                {
                    "Plan": {
                        "Node Type": "Aggregate",
                        "Strategy": "Plain",
                        "Partial Mode": "Finalize",
                        "Parallel Aware": false,
                        "Async Capable": false,
                        "Startup Cost": 289550.68,
                        "Total Cost": 289550.69,
                        "Plan Rows": 1,
                        "Plan Width": 32,
                        "Actual Startup Time": 230.564,
                        "Actual Total Time": 241.414,
                        "Actual Rows": 1,
                        "Actual Loops": 1,
                        "Plans": [
                            {
                                "Node Type": "Gather",
                                "Parent Relationship": "Outer",
                                "Parallel Aware": false,
                                "Async Capable": false,
                                "Startup Cost": 289550.26,
                                "Total Cost": 289550.67,
                                "Plan Rows": 4,
                                "Plan Width": 32,
                                "Actual Startup Time": 230.456,
                                "Actual Total Time": 241.41,
                                "Actual Rows": 5,
                                "Actual Loops": 1,
                                "Workers Planned": 4,
                                "Workers Launched": 4,
                                "Single Copy": false,
                                "Plans": [
                                    {
                                        "Node Type": "Aggregate",
                                        "Strategy": "Plain",
                                        "Partial Mode": "Partial",
                                        "Parent Relationship": "Outer",
                                        "Parallel Aware": false,
                                        "Async Capable": false,
                                        "Startup Cost": 288550.26,
                                        "Total Cost": 288550.27,
                                        "Plan Rows": 1,
                                        "Plan Width": 32,
                                        "Actual Startup Time": 228.748,
                                        "Actual Total Time": 228.753,
                                        "Actual Rows": 1,
                                        "Actual Loops": 5,
                                        "Workers": [],
                                        "Plans": [
                                            {
                                                "Node Type": "Hash Join",
                                                "Parent Relationship": "Outer",
                                                "Parallel Aware": true,
                                                "Async Capable": false,
                                                "Join Type": "Inner",
                                                "Startup Cost": 244274.99,
                                                "Total Cost": 288550.25,
                                                "Plan Rows": 1,
                                                "Plan Width": 17,
                                                "Actual Startup Time": 226.145,
                                                "Actual Total Time": 228.748,
                                                "Actual Rows": 1,
                                                "Actual Loops": 5,
                                                "Inner Unique": false,
                                                "Hash Cond": "(t.id = mi.movie_id)",
                                                "Workers": [],
                                                "Plans": [
                                                    {
                                                        "Node Type": "Seq Scan",
                                                        "Parent Relationship": "Outer",
                                                        "Parallel Aware": true,
                                                        "Async Capable": false,
                                                        "Relation Name": "title",
                                                        "Alias": "t",
                                                        "Startup Cost": 0.0,
                                                        "Total Cost": 43909.73,
                                                        "Plan Rows": 97474,
                                                        "Plan Width": 21,
                                                        "Actual Startup Time": 0.006,
                                                        "Actual Total Time": 25.895,
                                                        "Actual Rows": 78333,
                                                        "Actual Loops": 5,
                                                        "Filter": "(production_year > 2010)",
                                                        "Rows Removed by Filter": 427329,
                                                        "Workers": []
                                                    },
                                                    {
                                                        "Node Type": "Hash",
                                                        "Parent Relationship": "Inner",
                                                        "Parallel Aware": true,
                                                        "Async Capable": false,
                                                        "Startup Cost": 244274.98,
                                                        "Total Cost": 244274.98,
                                                        "Plan Rows": 1,
                                                        "Plan Width": 8,
                                                        "Actual Startup Time": 200.701,
                                                        "Actual Total Time": 200.705,
                                                        "Actual Rows": 4,
                                                        "Actual Loops": 5,
                                                        "Hash Buckets": 1024,
                                                        "Original Hash Buckets": 1024,
                                                        "Hash Batches": 1,
                                                        "Original Hash Batches": 1,
                                                        "Peak Memory Usage": 168,
                                                        "Workers": [],
                                                        "Plans": [
                                                            {
                                                                "Node Type": "Hash Join",
                                                                "Parent Relationship": "Outer",
                                                                "Parallel Aware": true,
                                                                "Async Capable": false,
                                                                "Join Type": "Inner",
                                                                "Startup Cost": 45591.24,
                                                                "Total Cost": 244274.98,
                                                                "Plan Rows": 1,
                                                                "Plan Width": 8,
                                                                "Actual Startup Time": 147.217,
                                                                "Actual Total Time": 200.631,
                                                                "Actual Rows": 4,
                                                                "Actual Loops": 5,
                                                                "Inner Unique": false,
                                                                "Hash Cond": "(mi.movie_id = mk.movie_id)",
                                                                "Workers": [],
                                                                "Plans": [
                                                                    {
                                                                        "Node Type": "Seq Scan",
                                                                        "Parent Relationship": "Outer",
                                                                        "Parallel Aware": true,
                                                                        "Async Capable": false,
                                                                        "Relation Name": "movie_info",
                                                                        "Alias": "mi",
                                                                        "Startup Cost": 0.0,
                                                                        "Total Cost": 198683.44,
                                                                        "Plan Rows": 75,
                                                                        "Plan Width": 4,
                                                                        "Actual Startup Time": 7.532,
                                                                        "Actual Total Time": 107.446,
                                                                        "Actual Rows": 457,
                                                                        "Actual Loops": 5,
                                                                        "Filter": "(info = 'Bulgaria'::text)",
                                                                        "Rows Removed by Filter": 2966687,
                                                                        "Workers": []
                                                                    },
                                                                    {
                                                                        "Node Type": "Hash",
                                                                        "Parent Relationship": "Inner",
                                                                        "Parallel Aware": true,
                                                                        "Async Capable": false,
                                                                        "Startup Cost": 45589.48,
                                                                        "Total Cost": 45589.48,
                                                                        "Plan Rows": 141,
                                                                        "Plan Width": 4,
                                                                        "Actual Startup Time": 93.092,
                                                                        "Actual Total Time": 93.094,
                                                                        "Actual Rows": 2590,
                                                                        "Actual Loops": 5,
                                                                        "Hash Buckets": 16384,
                                                                        "Original Hash Buckets": 1024,
                                                                        "Hash Batches": 1,
                                                                        "Original Hash Batches": 1,
                                                                        "Peak Memory Usage": 888,
                                                                        "Workers": [],
                                                                        "Plans": [
                                                                            {
                                                                                "Node Type": "Hash Join",
                                                                                "Parent Relationship": "Outer",
                                                                                "Parallel Aware": false,
                                                                                "Async Capable": false,
                                                                                "Join Type": "Inner",
                                                                                "Startup Cost": 2685.29,
                                                                                "Total Cost": 45589.48,
                                                                                "Plan Rows": 141,
                                                                                "Plan Width": 4,
                                                                                "Actual Startup Time": 7.379,
                                                                                "Actual Total Time": 68.118,
                                                                                "Actual Rows": 2590,
                                                                                "Actual Loops": 5,
                                                                                "Inner Unique": true,
                                                                                "Hash Cond": "(mk.keyword_id = k.id)",
                                                                                "Workers": [],
                                                                                "Plans": [
                                                                                    {
                                                                                        "Node Type": "Seq Scan",
                                                                                        "Parent Relationship": "Outer",
                                                                                        "Parallel Aware": true,
                                                                                        "Async Capable": false,
                                                                                        "Relation Name": "movie_keyword",
                                                                                        "Alias": "mk",
                                                                                        "Startup Cost": 0.0,
                                                                                        "Total Cost": 39073.32,
                                                                                        "Plan Rows": 1459332,
                                                                                        "Plan Width": 8,
                                                                                        "Actual Startup Time": 0.004,
                                                                                        "Actual Total Time": 34.487,
                                                                                        "Actual Rows": 904786,
                                                                                        "Actual Loops": 5,
                                                                                        "Workers": []
                                                                                    },
                                                                                    {
                                                                                        "Node Type": "Hash",
                                                                                        "Parent Relationship": "Inner",
                                                                                        "Parallel Aware": false,
                                                                                        "Async Capable": false,
                                                                                        "Startup Cost": 2685.12,
                                                                                        "Total Cost": 2685.12,
                                                                                        "Plan Rows": 13,
                                                                                        "Plan Width": 4,
                                                                                        "Actual Startup Time": 7.148,
                                                                                        "Actual Total Time": 7.149,
                                                                                        "Actual Rows": 30,
                                                                                        "Actual Loops": 5,
                                                                                        "Hash Buckets": 1024,
                                                                                        "Original Hash Buckets": 1024,
                                                                                        "Hash Batches": 1,
                                                                                        "Original Hash Batches": 1,
                                                                                        "Peak Memory Usage": 10,
                                                                                        "Workers": [],
                                                                                        "Plans": [
                                                                                            {
                                                                                                "Node Type": "Seq Scan",
                                                                                                "Parent Relationship": "Outer",
                                                                                                "Parallel Aware": false,
                                                                                                "Async Capable": false,
                                                                                                "Relation Name": "keyword",
                                                                                                "Alias": "k",
                                                                                                "Startup Cost": 0.0,
                                                                                                "Total Cost": 2685.12,
                                                                                                "Plan Rows": 13,
                                                                                                "Plan Width": 4,
                                                                                                "Actual Startup Time": 0.41,
                                                                                                "Actual Total Time": 7.144,
                                                                                                "Actual Rows": 30,
                                                                                                "Actual Loops": 5,
                                                                                                "Filter": "(keyword ~~ '%sequel%'::text)",
                                                                                                "Rows Removed by Filter": 134140,
                                                                                                "Workers": []
                                                                                            }
                                                                                        ]
                                                                                    }
                                                                                ]
                                                                            }
                                                                        ]
                                                                    }
                                                                ]
                                                            }
                                                        ]
                                                    }
                                                ]
                                            }
                                        ]
                                    }
                                ]
                            }
                        ]
                    },
                    "Planning Time": 0.214,
                    "Triggers": [],
                    "Execution Time": 241.45
                }
            ],
            "hints": [
                "SET enable_hashjoin TO on",
                "SET enable_indexonlyscan TO on",
                "SET enable_indexscan TO off",
                "SET enable_mergejoin TO off",
                "SET enable_nestloop TO on",
                "SET enable_seqscan TO on"
            ]
        },
        {
            "arm": 3,
            "execution_time": 242.82,
            "plan": [
                {
                    "Plan": {
                        "Node Type": "Aggregate",
                        "Strategy": "Plain",
                        "Partial Mode": "Finalize",
                        "Parallel Aware": false,
                        "Async Capable": false,
                        "Startup Cost": 289550.68,
                        "Total Cost": 289550.69,
                        "Plan Rows": 1,
                        "Plan Width": 32,
                        "Actual Startup Time": 232.171,
                        "Actual Total Time": 242.789,
                        "Actual Rows": 1,
                        "Actual Loops": 1,
                        "Plans": [
                            {
                                "Node Type": "Gather",
                                "Parent Relationship": "Outer",
                                "Parallel Aware": false,
                                "Async Capable": false,
                                "Startup Cost": 289550.26,
                                "Total Cost": 289550.67,
                                "Plan Rows": 4,
                                "Plan Width": 32,
                                "Actual Startup Time": 232.077,
                                "Actual Total Time": 242.783,
                                "Actual Rows": 5,
                                "Actual Loops": 1,
                                "Workers Planned": 4,
                                "Workers Launched": 4,
                                "Single Copy": false,
                                "Plans": [
                                    {
                                        "Node Type": "Aggregate",
                                        "Strategy": "Plain",
                                        "Partial Mode": "Partial",
                                        "Parent Relationship": "Outer",
                                        "Parallel Aware": false,
                                        "Async Capable": false,
                                        "Startup Cost": 288550.26,
                                        "Total Cost": 288550.27,
                                        "Plan Rows": 1,
                                        "Plan Width": 32,
                                        "Actual Startup Time": 230.632,
                                        "Actual Total Time": 230.637,
                                        "Actual Rows": 1,
                                        "Actual Loops": 5,
                                        "Workers": [],
                                        "Plans": [
                                            {
                                                "Node Type": "Hash Join",
                                                "Parent Relationship": "Outer",
                                                "Parallel Aware": true,
                                                "Async Capable": false,
                                                "Join Type": "Inner",
                                                "Startup Cost": 244274.99,
                                                "Total Cost": 288550.25,
                                                "Plan Rows": 1,
                                                "Plan Width": 17,
                                                "Actual Startup Time": 228.308,
                                                "Actual Total Time": 230.633,
                                                "Actual Rows": 1,
                                                "Actual Loops": 5,
                                                "Inner Unique": false,
                                                "Hash Cond": "(t.id = mi.movie_id)",
                                                "Workers": [],
                                                "Plans": [
                                                    {
                                                        "Node Type": "Seq Scan",
                                                        "Parent Relationship": "Outer",
                                                        "Parallel Aware": true,
                                                        "Async Capable": false,
                                                        "Relation Name": "title",
                                                        "Alias": "t",
                                                        "Startup Cost": 0.0,
                                                        "Total Cost": 43909.73,
                                                        "Plan Rows": 97474,
                                                        "Plan Width": 21,
                                                        "Actual Startup Time": 0.006,
                                                        "Actual Total Time": 25.992,
                                                        "Actual Rows": 78333,
                                                        "Actual Loops": 5,
                                                        "Filter": "(production_year > 2010)",
                                                        "Rows Removed by Filter": 427329,
                                                        "Workers": []
                                                    },
                                                    {
                                                        "Node Type": "Hash",
                                                        "Parent Relationship": "Inner",
                                                        "Parallel Aware": true,
                                                        "Async Capable": false,
                                                        "Startup Cost": 244274.98,
                                                        "Total Cost": 244274.98,
                                                        "Plan Rows": 1,
                                                        "Plan Width": 8,
                                                        "Actual Startup Time": 202.514,
                                                        "Actual Total Time": 202.518,
                                                        "Actual Rows": 4,
                                                        "Actual Loops": 5,
                                                        "Hash Buckets": 1024,
                                                        "Original Hash Buckets": 1024,
                                                        "Hash Batches": 1,
                                                        "Original Hash Batches": 1,
                                                        "Peak Memory Usage": 136,
                                                        "Workers": [],
                                                        "Plans": [
                                                            {
                                                                "Node Type": "Hash Join",
                                                                "Parent Relationship": "Outer",
                                                                "Parallel Aware": true,
                                                                "Async Capable": false,
                                                                "Join Type": "Inner",
                                                                "Startup Cost": 45591.24,
                                                                "Total Cost": 244274.98,
                                                                "Plan Rows": 1,
                                                                "Plan Width": 8,
                                                                "Actual Startup Time": 149.36,
                                                                "Actual Total Time": 202.444,
                                                                "Actual Rows": 4,
                                                                "Actual Loops": 5,
                                                                "Inner Unique": false,
                                                                "Hash Cond": "(mi.movie_id = mk.movie_id)",
                                                                "Workers": [],
                                                                "Plans": [
                                                                    {
                                                                        "Node Type": "Seq Scan",
                                                                        "Parent Relationship": "Outer",
                                                                        "Parallel Aware": true,
                                                                        "Async Capable": false,
                                                                        "Relation Name": "movie_info",
                                                                        "Alias": "mi",
                                                                        "Startup Cost": 0.0,
                                                                        "Total Cost": 198683.44,
                                                                        "Plan Rows": 75,
                                                                        "Plan Width": 4,
                                                                        "Actual Startup Time": 7.566,
                                                                        "Actual Total Time": 107.616,
                                                                        "Actual Rows": 457,
                                                                        "Actual Loops": 5,
                                                                        "Filter": "(info = 'Bulgaria'::text)",
                                                                        "Rows Removed by Filter": 2966687,
                                                                        "Workers": []
                                                                    },
                                                                    {
                                                                        "Node Type": "Hash",
                                                                        "Parent Relationship": "Inner",
                                                                        "Parallel Aware": true,
                                                                        "Async Capable": false,
                                                                        "Startup Cost": 45589.48,
                                                                        "Total Cost": 45589.48,
                                                                        "Plan Rows": 141,
                                                                        "Plan Width": 4,
                                                                        "Actual Startup Time": 94.733,
                                                                        "Actual Total Time": 94.735,
                                                                        "Actual Rows": 2590,
                                                                        "Actual Loops": 5,
                                                                        "Hash Buckets": 16384,
                                                                        "Original Hash Buckets": 1024,
                                                                        "Hash Batches": 1,
                                                                        "Original Hash Batches": 1,
                                                                        "Peak Memory Usage": 888,
                                                                        "Workers": [],
                                                                        "Plans": [
                                                                            {
                                                                                "Node Type": "Hash Join",
                                                                                "Parent Relationship": "Outer",
                                                                                "Parallel Aware": false,
                                                                                "Async Capable": false,
                                                                                "Join Type": "Inner",
                                                                                "Startup Cost": 2685.29,
                                                                                "Total Cost": 45589.48,
                                                                                "Plan Rows": 141,
                                                                                "Plan Width": 4,
                                                                                "Actual Startup Time": 7.328,
                                                                                "Actual Total Time": 67.976,
                                                                                "Actual Rows": 2590,
                                                                                "Actual Loops": 5,
                                                                                "Inner Unique": true,
                                                                                "Hash Cond": "(mk.keyword_id = k.id)",
                                                                                "Workers": [],
                                                                                "Plans": [
                                                                                    {
                                                                                        "Node Type": "Seq Scan",
                                                                                        "Parent Relationship": "Outer",
                                                                                        "Parallel Aware": true,
                                                                                        "Async Capable": false,
                                                                                        "Relation Name": "movie_keyword",
                                                                                        "Alias": "mk",
                                                                                        "Startup Cost": 0.0,
                                                                                        "Total Cost": 39073.32,
                                                                                        "Plan Rows": 1459332,
                                                                                        "Plan Width": 8,
                                                                                        "Actual Startup Time": 0.004,
                                                                                        "Actual Total Time": 34.23,
                                                                                        "Actual Rows": 904786,
                                                                                        "Actual Loops": 5,
                                                                                        "Workers": []
                                                                                    },
                                                                                    {
                                                                                        "Node Type": "Hash",
                                                                                        "Parent Relationship": "Inner",
                                                                                        "Parallel Aware": false,
                                                                                        "Async Capable": false,
                                                                                        "Startup Cost": 2685.12,
                                                                                        "Total Cost": 2685.12,
                                                                                        "Plan Rows": 13,
                                                                                        "Plan Width": 4,
                                                                                        "Actual Startup Time": 7.075,
                                                                                        "Actual Total Time": 7.076,
                                                                                        "Actual Rows": 30,
                                                                                        "Actual Loops": 5,
                                                                                        "Hash Buckets": 1024,
                                                                                        "Original Hash Buckets": 1024,
                                                                                        "Hash Batches": 1,
                                                                                        "Original Hash Batches": 1,
                                                                                        "Peak Memory Usage": 10,
                                                                                        "Workers": [],
                                                                                        "Plans": [
                                                                                            {
                                                                                                "Node Type": "Seq Scan",
                                                                                                "Parent Relationship": "Outer",
                                                                                                "Parallel Aware": false,
                                                                                                "Async Capable": false,
                                                                                                "Relation Name": "keyword",
                                                                                                "Alias": "k",
                                                                                                "Startup Cost": 0.0,
                                                                                                "Total Cost": 2685.12,
                                                                                                "Plan Rows": 13,
                                                                                                "Plan Width": 4,
                                                                                                "Actual Startup Time": 0.421,
                                                                                                "Actual Total Time": 7.071,
                                                                                                "Actual Rows": 30,
                                                                                                "Actual Loops": 5,
                                                                                                "Filter": "(keyword ~~ '%sequel%'::text)",
                                                                                                "Rows Removed by Filter": 134140,
                                                                                                "Workers": []
                                                                                            }
                                                                                        ]
                                                                                    }
                                                                                ]
                                                                            }
                                                                        ]
                                                                    }
                                                                ]
                                                            }
                                                        ]
                                                    }
                                                ]
                                            }
                                        ]
                                    }
                                ]
                            }
                        ]
                    },
                    "Planning Time": 0.214,
                    "Triggers": [],
                    "Execution Time": 242.82
                }
            ],
            "hints": [
                "SET enable_hashjoin TO on",
                "SET enable_indexonlyscan TO on",
                "SET enable_indexscan TO off",
                "SET enable_mergejoin TO off",
                "SET enable_nestloop TO off",
                "SET enable_seqscan TO on"
            ]
        },
        {
            "arm": 4,
            "execution_time": 35.498,
            "plan": [
                {
                    "Plan": {
                        "Node Type": "Aggregate",
                        "Strategy": "Plain",
                        "Partial Mode": "Simple",
                        "Parallel Aware": false,
                        "Async Capable": false,
                        "Startup Cost": 17741.81,
                        "Total Cost": 17741.82,
                        "Plan Rows": 1,
                        "Plan Width": 32,
                        "Actual Startup Time": 35.478,
                        "Actual Total Time": 35.479,
                        "Actual Rows": 1,
                        "Actual Loops": 1,
                        "Plans": [
                            {
                                "Node Type": "Nested Loop",
                                "Parent Relationship": "Outer",
                                "Parallel Aware": false,
                                "Async Capable": false,
                                "Join Type": "Inner",
                                "Startup Cost": 1.3,
                                "Total Cost": 17741.81,
                                "Plan Rows": 1,
                                "Plan Width": 17,
                                "Actual Startup Time": 1.589,
                                "Actual Total Time": 35.475,
                                "Actual Rows": 5,
                                "Actual Loops": 1,
                                "Inner Unique": false,
                                "Join Filter": "(mi.movie_id = t.id)",
                                "Rows Removed by Join Filter": 0,
                                "Plans": [
                                    {
                                        "Node Type": "Nested Loop",
                                        "Parent Relationship": "Outer",
                                        "Parallel Aware": false,
                                        "Async Capable": false,
                                        "Join Type": "Inner",
                                        "Startup Cost": 0.86,
                                        "Total Cost": 17644.34,
                                        "Plan Rows": 68,
                                        "Plan Width": 25,
                                        "Actual Startup Time": 0.671,
                                        "Actual Total Time": 30.503,
                                        "Actual Rows": 405,
                                        "Actual Loops": 1,
                                        "Inner Unique": true,
                                        "Plans": [
                                            {
                                                "Node Type": "Nested Loop",
                                                "Parent Relationship": "Outer",
                                                "Parallel Aware": false,
                                                "Async Capable": false,
                                                "Join Type": "Inner",
                                                "Startup Cost": 0.43,
                                                "Total Cost": 17429.81,
                                                "Plan Rows": 438,
                                                "Plan Width": 4,
                                                "Actual Startup Time": 0.379,
                                                "Actual Total Time": 12.686,
                                                "Actual Rows": 12951,
                                                "Actual Loops": 1,
                                                "Inner Unique": false,
                                                "Plans": [
                                                    {
                                                        "Node Type": "Seq Scan",
                                                        "Parent Relationship": "Outer",
                                                        "Parallel Aware": false,
                                                        "Async Capable": false,
                                                        "Relation Name": "keyword",
                                                        "Alias": "k",
                                                        "Startup Cost": 0.0,
                                                        "Total Cost": 2685.12,
                                                        "Plan Rows": 13,
                                                        "Plan Width": 4,
                                                        "Actual Startup Time": 0.365,
                                                        "Actual Total Time": 6.546,
                                                        "Actual Rows": 30,
                                                        "Actual Loops": 1,
                                                        "Filter": "(keyword ~~ '%sequel%'::text)",
                                                        "Rows Removed by Filter": 134140
                                                    },
                                                    {
                                                        "Node Type": "Index Scan",
                                                        "Parent Relationship": "Inner",
                                                        "Parallel Aware": false,
                                                        "Async Capable": false,
                                                        "Scan Direction": "Forward",
                                                        "Index Name": "keyword_id_movie_keyword",
                                                        "Relation Name": "movie_keyword",
                                                        "Alias": "mk",
                                                        "Startup Cost": 0.43,
                                                        "Total Cost": 1131.18,
                                                        "Plan Rows": 303,
                                                        "Plan Width": 8,
                                                        "Actual Startup Time": 0.003,
                                                        "Actual Total Time": 0.185,
                                                        "Actual Rows": 432,
                                                        "Actual Loops": 30,
                                                        "Index Cond": "(keyword_id = k.id)",
                                                        "Rows Removed by Index Recheck": 0
                                                    }
                                                ]
                                            },
                                            {
                                                "Node Type": "Index Scan",
                                                "Parent Relationship": "Inner",
                                                "Parallel Aware": false,
                                                "Async Capable": false,
                                                "Scan Direction": "Forward",
                                                "Index Name": "title_pkey",
                                                "Relation Name": "title",
                                                "Alias": "t",
                                                "Startup Cost": 0.43,
                                                "Total Cost": 0.49,
                                                "Plan Rows": 1,
                                                "Plan Width": 21,
                                                "Actual Startup Time": 0.001,
                                                "Actual Total Time": 0.001,
                                                "Actual Rows": 0,
                                                "Actual Loops": 12951,
                                                "Index Cond": "(id = mk.movie_id)",
                                                "Rows Removed by Index Recheck": 0,
                                                "Filter": "(production_year > 2010)",
                                                "Rows Removed by Filter": 1
                                            }
                                        ]
                                    },
                                    {
                                        "Node Type": "Index Scan",
                                        "Parent Relationship": "Inner",
                                        "Parallel Aware": false,
                                        "Async Capable": false,
                                        "Scan Direction": "Forward",
                                        "Index Name": "movie_id_movie_info",
                                        "Relation Name": "movie_info",
                                        "Alias": "mi",
                                        "Startup Cost": 0.43,
                                        "Total Cost": 1.42,
                                        "Plan Rows": 1,
                                        "Plan Width": 4,
                                        "Actual Startup Time": 0.012,
                                        "Actual Total Time": 0.012,
                                        "Actual Rows": 0,
                                        "Actual Loops": 405,
                                        "Index Cond": "(movie_id = mk.movie_id)",
                                        "Rows Removed by Index Recheck": 0,
                                        "Filter": "(info = 'Bulgaria'::text)",
                                        "Rows Removed by Filter": 63
                                    }
                                ]
                            }
                        ]
                    },
                    "Planning Time": 0.21,
                    "Triggers": [],
                    "Execution Time": 35.498
                }
            ],
            "hints": [
                "SET enable_hashjoin TO on",
                "SET enable_indexonlyscan TO on",
                "SET enable_indexscan TO on",
                "SET enable_mergejoin TO off",
                "SET enable_nestloop TO on",
                "SET enable_seqscan TO on"
            ]
        }
    ]
}