{
    "sql_file": "job32a.sql",
    "query": "SELECT MIN(lt.link) AS link_type, MIN(t1.title) AS first_movie, MIN(t2.title) AS second_movie FROM keyword AS k, link_type AS lt, movie_keyword AS mk, movie_link AS ml, title AS t1, title AS t2 WHERE k.keyword ='10,000-mile-club' AND mk.keyword_id = k.id AND t1.id = mk.movie_id AND ml.movie_id = t1.id AND ml.linked_movie_id = t2.id AND lt.id = ml.link_type_id AND mk.movie_id = t1.id;",
    "results": [
        {
            "arm": 0,
            "execution_time": 3.524,
            "plan": [
                {
                    "Plan": {
                        "Node Type": "Aggregate",
                        "Strategy": "Plain",
                        "Partial Mode": "Simple",
                        "Parallel Aware": false,
                        "Async Capable": false,
                        "Startup Cost": 3973.26,
                        "Total Cost": 3973.27,
                        "Plan Rows": 1,
                        "Plan Width": 96,
                        "Actual Startup Time": 3.501,
                        "Actual Total Time": 3.502,
                        "Actual Rows": 1,
                        "Actual Loops": 1,
                        "Plans": [
                            {
                                "Node Type": "Nested Loop",
                                "Parent Relationship": "Outer",
                                "Parallel Aware": false,
                                "Async Capable": false,
                                "Join Type": "Inner",
                                "Startup Cost": 1.58,
                                "Total Cost": 3973.18,
                                "Plan Rows": 10,
                                "Plan Width": 46,
                                "Actual Startup Time": 3.499,
                                "Actual Total Time": 3.5,
                                "Actual Rows": 0,
                                "Actual Loops": 1,
                                "Inner Unique": true,
                                "Plans": [
                                    {
                                        "Node Type": "Nested Loop",
                                        "Parent Relationship": "Outer",
                                        "Parallel Aware": false,
                                        "Async Capable": false,
                                        "Join Type": "Inner",
                                        "Startup Cost": 1.15,
                                        "Total Cost": 3928.47,
                                        "Plan Rows": 10,
                                        "Plan Width": 33,
                                        "Actual Startup Time": 3.499,
                                        "Actual Total Time": 3.5,
                                        "Actual Rows": 0,
                                        "Actual Loops": 1,
                                        "Inner Unique": true,
                                        "Plans": [
                                            {
                                                "Node Type": "Nested Loop",
                                                "Parent Relationship": "Outer",
                                                "Parallel Aware": false,
                                                "Async Capable": false,
                                                "Join Type": "Inner",
                                                "Startup Cost": 0.72,
                                                "Total Cost": 3923.59,
                                                "Plan Rows": 10,
                                                "Plan Width": 24,
                                                "Actual Startup Time": 3.499,
                                                "Actual Total Time": 3.5,
                                                "Actual Rows": 0,
                                                "Actual Loops": 1,
                                                "Inner Unique": true,
                                                "Join Filter": "(lt.id = ml.link_type_id)",
                                                "Rows Removed by Join Filter": 0,
                                                "Plans": [
                                                    {
                                                        "Node Type": "Nested Loop",
                                                        "Parent Relationship": "Outer",
                                                        "Parallel Aware": false,
                                                        "Async Capable": false,
                                                        "Join Type": "Inner",
                                                        "Startup Cost": 0.72,
                                                        "Total Cost": 3919.91,
                                                        "Plan Rows": 10,
                                                        "Plan Width": 16,
                                                        "Actual Startup Time": 3.499,
                                                        "Actual Total Time": 3.499,
                                                        "Actual Rows": 0,
                                                        "Actual Loops": 1,
                                                        "Inner Unique": false,
                                                        "Plans": [
                                                            {
                                                                "Node Type": "Nested Loop",
                                                                "Parent Relationship": "Outer",
                                                                "Parallel Aware": false,
                                                                "Async Capable": false,
                                                                "Join Type": "Inner",
                                                                "Startup Cost": 0.43,
                                                                "Total Cost": 3905.45,
                                                                "Plan Rows": 34,
                                                                "Plan Width": 4,
                                                                "Actual Startup Time": 3.404,
                                                                "Actual Total Time": 3.498,
                                                                "Actual Rows": 1,
                                                                "Actual Loops": 1,
                                                                "Inner Unique": false,
                                                                "Plans": [
                                                                    {
                                                                        "Node Type": "Seq Scan",
                                                                        "Parent Relationship": "Outer",
                                                                        "Parallel Aware": false,
                                                                        "Async Capable": false,
                                                                        "Relation Name": "keyword",
                                                                        "Alias": "k",
                                                                        "Startup Cost": 0.0,
                                                                        "Total Cost": 2685.12,
                                                                        "Plan Rows": 1,
                                                                        "Plan Width": 4,
                                                                        "Actual Startup Time": 3.396,
                                                                        "Actual Total Time": 3.489,
                                                                        "Actual Rows": 1,
                                                                        "Actual Loops": 1,
                                                                        "Filter": "(keyword = '10,000-mile-club'::text)",
                                                                        "Rows Removed by Filter": 134169
                                                                    },
                                                                    {
                                                                        "Node Type": "Index Scan",
                                                                        "Parent Relationship": "Inner",
                                                                        "Parallel Aware": false,
                                                                        "Async Capable": false,
                                                                        "Scan Direction": "Forward",
                                                                        "Index Name": "keyword_id_movie_keyword",
                                                                        "Relation Name": "movie_keyword",
                                                                        "Alias": "mk",
                                                                        "Startup Cost": 0.43,
                                                                        "Total Cost": 1217.3,
                                                                        "Plan Rows": 303,
                                                                        "Plan Width": 8,
                                                                        "Actual Startup Time": 0.007,
                                                                        "Actual Total Time": 0.007,
                                                                        "Actual Rows": 1,
                                                                        "Actual Loops": 1,
                                                                        "Index Cond": "(keyword_id = k.id)",
                                                                        "Rows Removed by Index Recheck": 0
                                                                    }
                                                                ]
                                                            },
                                                            {
                                                                "Node Type": "Index Scan",
                                                                "Parent Relationship": "Inner",
                                                                "Parallel Aware": false,
                                                                "Async Capable": false,
                                                                "Scan Direction": "Forward",
                                                                "Index Name": "movie_id_movie_link",
                                                                "Relation Name": "movie_link",
                                                                "Alias": "ml",
                                                                "Startup Cost": 0.29,
                                                                "Total Cost": 0.38,
                                                                "Plan Rows": 5,
                                                                "Plan Width": 12,
                                                                "Actual Startup Time": 0.001,
                                                                "Actual Total Time": 0.001,
                                                                "Actual Rows": 0,
                                                                "Actual Loops": 1,
                                                                "Index Cond": "(movie_id = mk.movie_id)",
                                                                "Rows Removed by Index Recheck": 0
                                                            }
                                                        ]
                                                    },
                                                    {
                                                        "Node Type": "Materialize",
                                                        "Parent Relationship": "Inner",
                                                        "Parallel Aware": false,
                                                        "Async Capable": false,
                                                        "Startup Cost": 0.0,
                                                        "Total Cost": 1.27,
                                                        "Plan Rows": 18,
                                                        "Plan Width": 16,
                                                        "Actual Startup Time": 0.0,
                                                        "Actual Total Time": 0.0,
                                                        "Actual Rows": 0,
                                                        "Actual Loops": 0,
                                                        "Plans": [
                                                            {
                                                                "Node Type": "Seq Scan",
                                                                "Parent Relationship": "Outer",
                                                                "Parallel Aware": false,
                                                                "Async Capable": false,
                                                                "Relation Name": "link_type",
                                                                "Alias": "lt",
                                                                "Startup Cost": 0.0,
                                                                "Total Cost": 1.18,
                                                                "Plan Rows": 18,
                                                                "Plan Width": 16,
                                                                "Actual Startup Time": 0.0,
                                                                "Actual Total Time": 0.0,
                                                                "Actual Rows": 0,
                                                                "Actual Loops": 0
                                                            }
                                                        ]
                                                    }
                                                ]
                                            },
                                            {
                                                "Node Type": "Index Scan",
                                                "Parent Relationship": "Inner",
                                                "Parallel Aware": false,
                                                "Async Capable": false,
                                                "Scan Direction": "Forward",
                                                "Index Name": "title_pkey",
                                                "Relation Name": "title",
                                                "Alias": "t1",
                                                "Startup Cost": 0.43,
                                                "Total Cost": 0.49,
                                                "Plan Rows": 1,
                                                "Plan Width": 21,
                                                "Actual Startup Time": 0.0,
                                                "Actual Total Time": 0.0,
                                                "Actual Rows": 0,
                                                "Actual Loops": 0,
                                                "Index Cond": "(id = mk.movie_id)",
                                                "Rows Removed by Index Recheck": 0
                                            }
                                        ]
                                    },
                                    {
                                        "Node Type": "Index Scan",
                                        "Parent Relationship": "Inner",
                                        "Parallel Aware": false,
                                        "Async Capable": false,
                                        "Scan Direction": "Forward",
                                        "Index Name": "title_pkey",
                                        "Relation Name": "title",
                                        "Alias": "t2",
                                        "Startup Cost": 0.43,
                                        "Total Cost": 4.47,
                                        "Plan Rows": 1,
                                        "Plan Width": 21,
                                        "Actual Startup Time": 0.0,
                                        "Actual Total Time": 0.0,
                                        "Actual Rows": 0,
                                        "Actual Loops": 0,
                                        "Index Cond": "(id = ml.linked_movie_id)",
                                        "Rows Removed by Index Recheck": 0
                                    }
                                ]
                            }
                        ]
                    },
                    "Planning Time": 0.755,
                    "Triggers": [],
                    "Execution Time": 3.524
                }
            ],
            "hints": [
                "SET enable_hashjoin TO on",
                "SET enable_indexonlyscan TO on",
                "SET enable_indexscan TO on",
                "SET enable_mergejoin TO on",
                "SET enable_nestloop TO on",
                "SET enable_seqscan TO on"
            ]
        },
        {
            "arm": 1,
            "execution_time": 77.892,
            "plan": [
                {
                    "Plan": {
                        "Node Type": "Aggregate",
                        "Strategy": "Plain",
                        "Partial Mode": "Finalize",
                        "Parallel Aware": false,
                        "Async Capable": false,
                        "Startup Cost": 67997.46,
                        "Total Cost": 67997.47,
                        "Plan Rows": 1,
                        "Plan Width": 96,
                        "Actual Startup Time": 73.087,
                        "Actual Total Time": 77.861,
                        "Actual Rows": 1,
                        "Actual Loops": 1,
                        "Plans": [
                            {
                                "Node Type": "Gather",
                                "Parent Relationship": "Outer",
                                "Parallel Aware": false,
                                "Async Capable": false,
                                "Startup Cost": 67997.02,
                                "Total Cost": 67997.43,
                                "Plan Rows": 4,
                                "Plan Width": 96,
                                "Actual Startup Time": 73.019,
                                "Actual Total Time": 77.857,
                                "Actual Rows": 5,
                                "Actual Loops": 1,
                                "Workers Planned": 4,
                                "Workers Launched": 4,
                                "Single Copy": false,
                                "Plans": [
                                    {
                                        "Node Type": "Aggregate",
                                        "Strategy": "Plain",
                                        "Partial Mode": "Partial",
                                        "Parent Relationship": "Outer",
                                        "Parallel Aware": false,
                                        "Async Capable": false,
                                        "Startup Cost": 66997.02,
                                        "Total Cost": 66997.03,
                                        "Plan Rows": 1,
                                        "Plan Width": 96,
                                        "Actual Startup Time": 71.172,
                                        "Actual Total Time": 71.176,
                                        "Actual Rows": 1,
                                        "Actual Loops": 5,
                                        "Workers": [],
                                        "Plans": [
                                            {
                                                "Node Type": "Hash Join",
                                                "Parent Relationship": "Outer",
                                                "Parallel Aware": false,
                                                "Async Capable": false,
                                                "Join Type": "Inner",
                                                "Startup Cost": 22297.09,
                                                "Total Cost": 66997.0,
                                                "Plan Rows": 2,
                                                "Plan Width": 46,
                                                "Actual Startup Time": 71.169,
                                                "Actual Total Time": 71.173,
                                                "Actual Rows": 0,
                                                "Actual Loops": 5,
                                                "Inner Unique": true,
                                                "Hash Cond": "(ml.link_type_id = lt.id)",
                                                "Workers": [],
                                                "Plans": [
                                                    {
                                                        "Node Type": "Hash Join",
                                                        "Parent Relationship": "Outer",
                                                        "Parallel Aware": true,
                                                        "Async Capable": false,
                                                        "Join Type": "Inner",
                                                        "Startup Cost": 22295.68,
                                                        "Total Cost": 66995.59,
                                                        "Plan Rows": 2,
                                                        "Plan Width": 38,
                                                        "Actual Startup Time": 71.114,
                                                        "Actual Total Time": 71.117,
                                                        "Actual Rows": 0,
                                                        "Actual Loops": 5,
                                                        "Inner Unique": false,
                                                        "Hash Cond": "(t2.id = ml.linked_movie_id)",
                                                        "Workers": [],
                                                        "Plans": [
                                                            {
                                                                "Node Type": "Seq Scan",
                                                                "Parent Relationship": "Outer",
                                                                "Parallel Aware": true,
                                                                "Async Capable": false,
                                                                "Relation Name": "title",
                                                                "Alias": "t2",
                                                                "Startup Cost": 0.0,
                                                                "Total Cost": 42329.38,
                                                                "Plan Rows": 632138,
                                                                "Plan Width": 21,
                                                                "Actual Startup Time": 0.0,
                                                                "Actual Total Time": 0.0,
                                                                "Actual Rows": 0,
                                                                "Actual Loops": 0,
                                                                "Workers": []
                                                            },
                                                            {
                                                                "Node Type": "Hash",
                                                                "Parent Relationship": "Inner",
                                                                "Parallel Aware": true,
                                                                "Async Capable": false,
                                                                "Startup Cost": 22295.64,
                                                                "Total Cost": 22295.64,
                                                                "Plan Rows": 3,
                                                                "Plan Width": 25,
                                                                "Actual Startup Time": 71.083,
                                                                "Actual Total Time": 71.085,
                                                                "Actual Rows": 0,
                                                                "Actual Loops": 5,
                                                                "Hash Buckets": 1024,
                                                                "Original Hash Buckets": 1024,
                                                                "Hash Batches": 1,
                                                                "Original Hash Batches": 1,
                                                                "Peak Memory Usage": 0,
                                                                "Workers": [],
                                                                "Plans": [
                                                                    {
                                                                        "Node Type": "Hash Join",
                                                                        "Parent Relationship": "Outer",
                                                                        "Parallel Aware": false,
                                                                        "Async Capable": false,
                                                                        "Join Type": "Inner",
                                                                        "Startup Cost": 2698.2,
                                                                        "Total Cost": 22295.64,
                                                                        "Plan Rows": 3,
                                                                        "Plan Width": 25,
                                                                        "Actual Startup Time": 70.502,
                                                                        "Actual Total Time": 70.503,
                                                                        "Actual Rows": 0,
                                                                        "Actual Loops": 5,
                                                                        "Inner Unique": true,
                                                                        "Hash Cond": "(mk.keyword_id = k.id)",
                                                                        "Workers": [],
                                                                        "Plans": [
                                                                            {
                                                                                "Node Type": "Merge Join",
                                                                                "Parent Relationship": "Outer",
                                                                                "Parallel Aware": false,
                                                                                "Async Capable": false,
                                                                                "Join Type": "Inner",
                                                                                "Startup Cost": 13.06,
                                                                                "Total Cost": 18437.52,
                                                                                "Plan Rows": 446838,
                                                                                "Plan Width": 29,
                                                                                "Actual Startup Time": 4.26,
                                                                                "Actual Total Time": 65.174,
                                                                                "Actual Rows": 57638,
                                                                                "Actual Loops": 5,
                                                                                "Inner Unique": false,
                                                                                "Merge Cond": "(t1.id = ml.movie_id)",
                                                                                "Workers": [],
                                                                                "Plans": [
                                                                                    {
                                                                                        "Node Type": "Merge Join",
                                                                                        "Parent Relationship": "Outer",
                                                                                        "Parallel Aware": false,
                                                                                        "Async Capable": false,
                                                                                        "Join Type": "Inner",
                                                                                        "Startup Cost": 11.99,
                                                                                        "Total Cost": 231363.07,
                                                                                        "Plan Rows": 1459332,
                                                                                        "Plan Width": 29,
                                                                                        "Actual Startup Time": 4.18,
                                                                                        "Actual Total Time": 56.913,
                                                                                        "Actual Rows": 19572,
                                                                                        "Actual Loops": 5,
                                                                                        "Inner Unique": true,
                                                                                        "Merge Cond": "(mk.movie_id = t1.id)",
                                                                                        "Workers": [],
                                                                                        "Plans": [
                                                                                            {
                                                                                                "Node Type": "Index Scan",
                                                                                                "Parent Relationship": "Outer",
                                                                                                "Parallel Aware": true,
                                                                                                "Async Capable": false,
                                                                                                "Scan Direction": "Forward",
                                                                                                "Index Name": "movie_id_movie_keyword",
                                                                                                "Relation Name": "movie_keyword",
                                                                                                "Alias": "mk",
                                                                                                "Startup Cost": 0.43,
                                                                                                "Total Cost": 96533.86,
                                                                                                "Plan Rows": 1459332,
                                                                                                "Plan Width": 8,
                                                                                                "Actual Startup Time": 0.028,
                                                                                                "Actual Total Time": 1.953,
                                                                                                "Actual Rows": 19572,
                                                                                                "Actual Loops": 5,
                                                                                                "Workers": []
                                                                                            },
                                                                                            {
                                                                                                "Node Type": "Index Scan",
                                                                                                "Parent Relationship": "Inner",
                                                                                                "Parallel Aware": false,
                                                                                                "Async Capable": false,
                                                                                                "Scan Direction": "Forward",
                                                                                                "Index Name": "title_pkey",
                                                                                                "Relation Name": "title",
                                                                                                "Alias": "t1",
                                                                                                "Startup Cost": 0.43,
                                                                                                "Total Cost": 110383.46,
                                                                                                "Plan Rows": 2528553,
                                                                                                "Plan Width": 21,
                                                                                                "Actual Startup Time": 0.018,
                                                                                                "Actual Total Time": 48.098,
                                                                                                "Actual Rows": 188579,
                                                                                                "Actual Loops": 5,
                                                                                                "Workers": []
                                                                                            }
                                                                                        ]
                                                                                    },
                                                                                    {
                                                                                        "Node Type": "Index Scan",
                                                                                        "Parent Relationship": "Inner",
                                                                                        "Parallel Aware": false,
                                                                                        "Async Capable": false,
                                                                                        "Scan Direction": "Forward",
                                                                                        "Index Name": "movie_id_movie_link",
                                                                                        "Relation Name": "movie_link",
                                                                                        "Alias": "ml",
                                                                                        "Startup Cost": 0.29,
                                                                                        "Total Cost": 831.51,
                                                                                        "Plan Rows": 29997,
                                                                                        "Plan Width": 12,
                                                                                        "Actual Startup Time": 0.011,
                                                                                        "Actual Total Time": 3.993,
                                                                                        "Actual Rows": 84283,
                                                                                        "Actual Loops": 5,
                                                                                        "Workers": []
                                                                                    }
                                                                                ]
                                                                            },
                                                                            {
                                                                                "Node Type": "Hash",
                                                                                "Parent Relationship": "Inner",
                                                                                "Parallel Aware": false,
                                                                                "Async Capable": false,
                                                                                "Startup Cost": 2685.12,
                                                                                "Total Cost": 2685.12,
                                                                                "Plan Rows": 1,
                                                                                "Plan Width": 4,
                                                                                "Actual Startup Time": 3.818,
                                                                                "Actual Total Time": 3.818,
                                                                                "Actual Rows": 1,
                                                                                "Actual Loops": 5,
                                                                                "Hash Buckets": 1024,
                                                                                "Original Hash Buckets": 1024,
                                                                                "Hash Batches": 1,
                                                                                "Original Hash Batches": 1,
                                                                                "Peak Memory Usage": 9,
                                                                                "Workers": [],
                                                                                "Plans": [
                                                                                    {
                                                                                        "Node Type": "Seq Scan",
                                                                                        "Parent Relationship": "Outer",
                                                                                        "Parallel Aware": false,
                                                                                        "Async Capable": false,
                                                                                        "Relation Name": "keyword",
                                                                                        "Alias": "k",
                                                                                        "Startup Cost": 0.0,
                                                                                        "Total Cost": 2685.12,
                                                                                        "Plan Rows": 1,
                                                                                        "Plan Width": 4,
                                                                                        "Actual Startup Time": 3.703,
                                                                                        "Actual Total Time": 3.815,
                                                                                        "Actual Rows": 1,
                                                                                        "Actual Loops": 5,
                                                                                        "Filter": "(keyword = '10,000-mile-club'::text)",
                                                                                        "Rows Removed by Filter": 134169,
                                                                                        "Workers": []
                                                                                    }
                                                                                ]
                                                                            }
                                                                        ]
                                                                    }
                                                                ]
                                                            }
                                                        ]
                                                    },
                                                    {
                                                        "Node Type": "Hash",
                                                        "Parent Relationship": "Inner",
                                                        "Parallel Aware": false,
                                                        "Async Capable": false,
                                                        "Startup Cost": 1.18,
                                                        "Total Cost": 1.18,
                                                        "Plan Rows": 18,
                                                        "Plan Width": 16,
                                                        "Actual Startup Time": 0.013,
                                                        "Actual Total Time": 0.014,
                                                        "Actual Rows": 18,
                                                        "Actual Loops": 5,
                                                        "Hash Buckets": 1024,
                                                        "Original Hash Buckets": 1024,
                                                        "Hash Batches": 1,
                                                        "Original Hash Batches": 1,
                                                        "Peak Memory Usage": 9,
                                                        "Workers": [],
                                                        "Plans": [
                                                            {
                                                                "Node Type": "Seq Scan",
                                                                "Parent Relationship": "Outer",
                                                                "Parallel Aware": false,
                                                                "Async Capable": false,
                                                                "Relation Name": "link_type",
                                                                "Alias": "lt",
                                                                "Startup Cost": 0.0,
                                                                "Total Cost": 1.18,
                                                                "Plan Rows": 18,
                                                                "Plan Width": 16,
                                                                "Actual Startup Time": 0.009,
                                                                "Actual Total Time": 0.01,
                                                                "Actual Rows": 18,
                                                                "Actual Loops": 5,
                                                                "Workers": []
                                                            }
                                                        ]
                                                    }
                                                ]
                                            }
                                        ]
                                    }
                                ]
                            }
                        ]
                    },
                    "Planning Time": 0.479,
                    "Triggers": [],
                    "Execution Time": 77.892
                }
            ],
            "hints": [
                "SET enable_hashjoin TO on",
                "SET enable_indexonlyscan TO on",
                "SET enable_indexscan TO on",
                "SET enable_mergejoin TO on",
                "SET enable_nestloop TO off",
                "SET enable_seqscan TO on"
            ]
        },
        {
            "arm": 2,
            "execution_time": 127.099,
            "plan": [
                {
                    "Plan": {
                        "Node Type": "Aggregate",
                        "Strategy": "Plain",
                        "Partial Mode": "Finalize",
                        "Parallel Aware": false,
                        "Async Capable": false,
                        "Startup Cost": 136834.85,
                        "Total Cost": 136834.86,
                        "Plan Rows": 1,
                        "Plan Width": 96,
                        "Actual Startup Time": 119.956,
                        "Actual Total Time": 127.057,
                        "Actual Rows": 1,
                        "Actual Loops": 1,
                        "Plans": [
                            {
                                "Node Type": "Gather",
                                "Parent Relationship": "Outer",
                                "Parallel Aware": false,
                                "Async Capable": false,
                                "Startup Cost": 136834.41,
                                "Total Cost": 136834.82,
                                "Plan Rows": 4,
                                "Plan Width": 96,
                                "Actual Startup Time": 119.826,
                                "Actual Total Time": 127.052,
                                "Actual Rows": 5,
                                "Actual Loops": 1,
                                "Workers Planned": 4,
                                "Workers Launched": 4,
                                "Single Copy": false,
                                "Plans": [
                                    {
                                        "Node Type": "Aggregate",
                                        "Strategy": "Plain",
                                        "Partial Mode": "Partial",
                                        "Parent Relationship": "Outer",
                                        "Parallel Aware": false,
                                        "Async Capable": false,
                                        "Startup Cost": 135834.41,
                                        "Total Cost": 135834.42,
                                        "Plan Rows": 1,
                                        "Plan Width": 96,
                                        "Actual Startup Time": 118.304,
                                        "Actual Total Time": 118.31,
                                        "Actual Rows": 1,
                                        "Actual Loops": 5,
                                        "Workers": [],
                                        "Plans": [
                                            {
                                                "Node Type": "Hash Join",
                                                "Parent Relationship": "Outer",
                                                "Parallel Aware": true,
                                                "Async Capable": false,
                                                "Join Type": "Inner",
                                                "Startup Cost": 91134.48,
                                                "Total Cost": 135834.39,
                                                "Plan Rows": 2,
                                                "Plan Width": 46,
                                                "Actual Startup Time": 118.301,
                                                "Actual Total Time": 118.307,
                                                "Actual Rows": 0,
                                                "Actual Loops": 5,
                                                "Inner Unique": false,
                                                "Hash Cond": "(t2.id = ml.linked_movie_id)",
                                                "Workers": [],
                                                "Plans": [
                                                    {
                                                        "Node Type": "Seq Scan",
                                                        "Parent Relationship": "Outer",
                                                        "Parallel Aware": true,
                                                        "Async Capable": false,
                                                        "Relation Name": "title",
                                                        "Alias": "t2",
                                                        "Startup Cost": 0.0,
                                                        "Total Cost": 42329.38,
                                                        "Plan Rows": 632138,
                                                        "Plan Width": 21,
                                                        "Actual Startup Time": 0.0,
                                                        "Actual Total Time": 0.0,
                                                        "Actual Rows": 0,
                                                        "Actual Loops": 0,
                                                        "Workers": []
                                                    },
                                                    {
                                                        "Node Type": "Hash",
                                                        "Parent Relationship": "Inner",
                                                        "Parallel Aware": true,
                                                        "Async Capable": false,
                                                        "Startup Cost": 91134.46,
                                                        "Total Cost": 91134.46,
                                                        "Plan Rows": 2,
                                                        "Plan Width": 33,
                                                        "Actual Startup Time": 118.217,
                                                        "Actual Total Time": 118.223,
                                                        "Actual Rows": 0,
                                                        "Actual Loops": 5,
                                                        "Hash Buckets": 1024,
                                                        "Original Hash Buckets": 1024,
                                                        "Hash Batches": 1,
                                                        "Original Hash Batches": 1,
                                                        "Peak Memory Usage": 0,
                                                        "Workers": [],
                                                        "Plans": [
                                                            {
                                                                "Node Type": "Hash Join",
                                                                "Parent Relationship": "Outer",
                                                                "Parallel Aware": false,
                                                                "Async Capable": false,
                                                                "Join Type": "Inner",
                                                                "Startup Cost": 46428.8,
                                                                "Total Cost": 91134.46,
                                                                "Plan Rows": 2,
                                                                "Plan Width": 33,
                                                                "Actual Startup Time": 118.196,
                                                                "Actual Total Time": 118.201,
                                                                "Actual Rows": 0,
                                                                "Actual Loops": 5,
                                                                "Inner Unique": true,
                                                                "Hash Cond": "(ml.link_type_id = lt.id)",
                                                                "Workers": [],
                                                                "Plans": [
                                                                    {
                                                                        "Node Type": "Hash Join",
                                                                        "Parent Relationship": "Outer",
                                                                        "Parallel Aware": false,
                                                                        "Async Capable": false,
                                                                        "Join Type": "Inner",
                                                                        "Startup Cost": 46427.4,
                                                                        "Total Cost": 91133.05,
                                                                        "Plan Rows": 2,
                                                                        "Plan Width": 25,
                                                                        "Actual Startup Time": 118.182,
                                                                        "Actual Total Time": 118.186,
                                                                        "Actual Rows": 0,
                                                                        "Actual Loops": 5,
                                                                        "Inner Unique": false,
                                                                        "Hash Cond": "(t1.id = ml.movie_id)",
                                                                        "Workers": [],
                                                                        "Plans": [
                                                                            {
                                                                                "Node Type": "Hash Join",
                                                                                "Parent Relationship": "Outer",
                                                                                "Parallel Aware": true,
                                                                                "Async Capable": false,
                                                                                "Join Type": "Inner",
                                                                                "Startup Cost": 45589.47,
                                                                                "Total Cost": 90289.4,
                                                                                "Plan Rows": 8,
                                                                                "Plan Width": 25,
                                                                                "Actual Startup Time": 115.213,
                                                                                "Actual Total Time": 115.34,
                                                                                "Actual Rows": 0,
                                                                                "Actual Loops": 5,
                                                                                "Inner Unique": false,
                                                                                "Hash Cond": "(t1.id = mk.movie_id)",
                                                                                "Workers": [],
                                                                                "Plans": [
                                                                                    {
                                                                                        "Node Type": "Seq Scan",
                                                                                        "Parent Relationship": "Outer",
                                                                                        "Parallel Aware": true,
                                                                                        "Async Capable": false,
                                                                                        "Relation Name": "title",
                                                                                        "Alias": "t1",
                                                                                        "Startup Cost": 0.0,
                                                                                        "Total Cost": 42329.38,
                                                                                        "Plan Rows": 632138,
                                                                                        "Plan Width": 21,
                                                                                        "Actual Startup Time": 0.005,
                                                                                        "Actual Total Time": 31.994,
                                                                                        "Actual Rows": 505662,
                                                                                        "Actual Loops": 5,
                                                                                        "Workers": []
                                                                                    },
                                                                                    {
                                                                                        "Node Type": "Hash",
                                                                                        "Parent Relationship": "Inner",
                                                                                        "Parallel Aware": true,
                                                                                        "Async Capable": false,
                                                                                        "Startup Cost": 45589.33,
                                                                                        "Total Cost": 45589.33,
                                                                                        "Plan Rows": 11,
                                                                                        "Plan Width": 4,
                                                                                        "Actual Startup Time": 69.262,
                                                                                        "Actual Total Time": 69.264,
                                                                                        "Actual Rows": 0,
                                                                                        "Actual Loops": 5,
                                                                                        "Hash Buckets": 1024,
                                                                                        "Original Hash Buckets": 1024,
                                                                                        "Hash Batches": 1,
                                                                                        "Original Hash Batches": 1,
                                                                                        "Peak Memory Usage": 40,
                                                                                        "Workers": [],
                                                                                        "Plans": [
                                                                                            {
                                                                                                "Node Type": "Hash Join",
                                                                                                "Parent Relationship": "Outer",
                                                                                                "Parallel Aware": false,
                                                                                                "Async Capable": false,
                                                                                                "Join Type": "Inner",
                                                                                                "Startup Cost": 2685.14,
                                                                                                "Total Cost": 45589.33,
                                                                                                "Plan Rows": 11,
                                                                                                "Plan Width": 4,
                                                                                                "Actual Startup Time": 68.627,
                                                                                                "Actual Total Time": 69.245,
                                                                                                "Actual Rows": 0,
                                                                                                "Actual Loops": 5,
                                                                                                "Inner Unique": true,
                                                                                                "Hash Cond": "(mk.keyword_id = k.id)",
                                                                                                "Workers": [],
                                                                                                "Plans": [
                                                                                                    {
                                                                                                        "Node Type": "Seq Scan",
                                                                                                        "Parent Relationship": "Outer",
                                                                                                        "Parallel Aware": true,
                                                                                                        "Async Capable": false,
                                                                                                        "Relation Name": "movie_keyword",
                                                                                                        "Alias": "mk",
                                                                                                        "Startup Cost": 0.0,
                                                                                                        "Total Cost": 39073.32,
                                                                                                        "Plan Rows": 1459332,
                                                                                                        "Plan Width": 8,
                                                                                                        "Actual Startup Time": 0.005,
                                                                                                        "Actual Total Time": 39.303,
                                                                                                        "Actual Rows": 904786,
                                                                                                        "Actual Loops": 5,
                                                                                                        "Workers": []
                                                                                                    },
                                                                                                    {
                                                                                                        "Node Type": "Hash",
                                                                                                        "Parent Relationship": "Inner",
                                                                                                        "Parallel Aware": false,
                                                                                                        "Async Capable": false,
                                                                                                        "Startup Cost": 2685.12,
                                                                                                        "Total Cost": 2685.12,
                                                                                                        "Plan Rows": 1,
                                                                                                        "Plan Width": 4,
                                                                                                        "Actual Startup Time": 4.29,
                                                                                                        "Actual Total Time": 4.291,
                                                                                                        "Actual Rows": 1,
                                                                                                        "Actual Loops": 5,
                                                                                                        "Hash Buckets": 1024,
                                                                                                        "Original Hash Buckets": 1024,
                                                                                                        "Hash Batches": 1,
                                                                                                        "Original Hash Batches": 1,
                                                                                                        "Peak Memory Usage": 9,
                                                                                                        "Workers": [],
                                                                                                        "Plans": [
                                                                                                            {
                                                                                                                "Node Type": "Seq Scan",
                                                                                                                "Parent Relationship": "Outer",
                                                                                                                "Parallel Aware": false,
                                                                                                                "Async Capable": false,
                                                                                                                "Relation Name": "keyword",
                                                                                                                "Alias": "k",
                                                                                                                "Startup Cost": 0.0,
                                                                                                                "Total Cost": 2685.12,
                                                                                                                "Plan Rows": 1,
                                                                                                                "Plan Width": 4,
                                                                                                                "Actual Startup Time": 4.156,
                                                                                                                "Actual Total Time": 4.288,
                                                                                                                "Actual Rows": 1,
                                                                                                                "Actual Loops": 5,
                                                                                                                "Filter": "(keyword = '10,000-mile-club'::text)",
                                                                                                                "Rows Removed by Filter": 134169,
                                                                                                                "Workers": []
                                                                                                            }
                                                                                                        ]
                                                                                                    }
                                                                                                ]
                                                                                            }
                                                                                        ]
                                                                                    }
                                                                                ]
                                                                            },
                                                                            {
                                                                                "Node Type": "Hash",
                                                                                "Parent Relationship": "Inner",
                                                                                "Parallel Aware": false,
                                                                                "Async Capable": false,
                                                                                "Startup Cost": 462.97,
                                                                                "Total Cost": 462.97,
                                                                                "Plan Rows": 29997,
                                                                                "Plan Width": 12,
                                                                                "Actual Startup Time": 2.808,
                                                                                "Actual Total Time": 2.808,
                                                                                "Actual Rows": 29997,
                                                                                "Actual Loops": 5,
                                                                                "Hash Buckets": 32768,
                                                                                "Original Hash Buckets": 32768,
                                                                                "Hash Batches": 1,
                                                                                "Original Hash Batches": 1,
                                                                                "Peak Memory Usage": 1545,
                                                                                "Workers": [],
                                                                                "Plans": [
                                                                                    {
                                                                                        "Node Type": "Seq Scan",
                                                                                        "Parent Relationship": "Outer",
                                                                                        "Parallel Aware": false,
                                                                                        "Async Capable": false,
                                                                                        "Relation Name": "movie_link",
                                                                                        "Alias": "ml",
                                                                                        "Startup Cost": 0.0,
                                                                                        "Total Cost": 462.97,
                                                                                        "Plan Rows": 29997,
                                                                                        "Plan Width": 12,
                                                                                        "Actual Startup Time": 0.004,
                                                                                        "Actual Total Time": 1.362,
                                                                                        "Actual Rows": 29997,
                                                                                        "Actual Loops": 5,
                                                                                        "Workers": []
                                                                                    }
                                                                                ]
                                                                            }
                                                                        ]
                                                                    },
                                                                    {
                                                                        "Node Type": "Hash",
                                                                        "Parent Relationship": "Inner",
                                                                        "Parallel Aware": false,
                                                                        "Async Capable": false,
                                                                        "Startup Cost": 1.18,
                                                                        "Total Cost": 1.18,
                                                                        "Plan Rows": 18,
                                                                        "Plan Width": 16,
                                                                        "Actual Startup Time": 0.01,
                                                                        "Actual Total Time": 0.011,
                                                                        "Actual Rows": 18,
                                                                        "Actual Loops": 5,
                                                                        "Hash Buckets": 1024,
                                                                        "Original Hash Buckets": 1024,
                                                                        "Hash Batches": 1,
                                                                        "Original Hash Batches": 1,
                                                                        "Peak Memory Usage": 9,
                                                                        "Workers": [],
                                                                        "Plans": [
                                                                            {
                                                                                "Node Type": "Seq Scan",
                                                                                "Parent Relationship": "Outer",
                                                                                "Parallel Aware": false,
                                                                                "Async Capable": false,
                                                                                "Relation Name": "link_type",
                                                                                "Alias": "lt",
                                                                                "Startup Cost": 0.0,
                                                                                "Total Cost": 1.18,
                                                                                "Plan Rows": 18,
                                                                                "Plan Width": 16,
                                                                                "Actual Startup Time": 0.007,
                                                                                "Actual Total Time": 0.008,
                                                                                "Actual Rows": 18,
                                                                                "Actual Loops": 5,
                                                                                "Workers": []
                                                                            }
                                                                        ]
                                                                    }
                                                                ]
                                                            }
                                                        ]
                                                    }
                                                ]
                                            }
                                        ]
                                    }
                                ]
                            }
                        ]
                    },
                    "Planning Time": 0.359,
                    "Triggers": [],
                    "Execution Time": 127.099
                }
            ],
            "hints": [
                "SET enable_hashjoin TO on",
                "SET enable_indexonlyscan TO on",
                "SET enable_indexscan TO off",
                "SET enable_mergejoin TO off",
                "SET enable_nestloop TO on",
                "SET enable_seqscan TO on"
            ]
        },
        {
            "arm": 3,
            "execution_time": 122.087,
            "plan": [
                {
                    "Plan": {
                        "Node Type": "Aggregate",
                        "Strategy": "Plain",
                        "Partial Mode": "Finalize",
                        "Parallel Aware": false,
                        "Async Capable": false,
                        "Startup Cost": 136834.85,
                        "Total Cost": 136834.86,
                        "Plan Rows": 1,
                        "Plan Width": 96,
                        "Actual Startup Time": 110.73,
                        "Actual Total Time": 122.04,
                        "Actual Rows": 1,
                        "Actual Loops": 1,
                        "Plans": [
                            {
                                "Node Type": "Gather",
                                "Parent Relationship": "Outer",
                                "Parallel Aware": false,
                                "Async Capable": false,
                                "Startup Cost": 136834.41,
                                "Total Cost": 136834.82,
                                "Plan Rows": 4,
                                "Plan Width": 96,
                                "Actual Startup Time": 110.623,
                                "Actual Total Time": 122.034,
                                "Actual Rows": 5,
                                "Actual Loops": 1,
                                "Workers Planned": 4,
                                "Workers Launched": 4,
                                "Single Copy": false,
                                "Plans": [
                                    {
                                        "Node Type": "Aggregate",
                                        "Strategy": "Plain",
                                        "Partial Mode": "Partial",
                                        "Parent Relationship": "Outer",
                                        "Parallel Aware": false,
                                        "Async Capable": false,
                                        "Startup Cost": 135834.41,
                                        "Total Cost": 135834.42,
                                        "Plan Rows": 1,
                                        "Plan Width": 96,
                                        "Actual Startup Time": 109.104,
                                        "Actual Total Time": 109.109,
                                        "Actual Rows": 1,
                                        "Actual Loops": 5,
                                        "Workers": [],
                                        "Plans": [
                                            {
                                                "Node Type": "Hash Join",
                                                "Parent Relationship": "Outer",
                                                "Parallel Aware": true,
                                                "Async Capable": false,
                                                "Join Type": "Inner",
                                                "Startup Cost": 91134.48,
                                                "Total Cost": 135834.39,
                                                "Plan Rows": 2,
                                                "Plan Width": 46,
                                                "Actual Startup Time": 109.101,
                                                "Actual Total Time": 109.107,
                                                "Actual Rows": 0,
                                                "Actual Loops": 5,
                                                "Inner Unique": false,
                                                "Hash Cond": "(t2.id = ml.linked_movie_id)",
                                                "Workers": [],
                                                "Plans": [
                                                    {
                                                        "Node Type": "Seq Scan",
                                                        "Parent Relationship": "Outer",
                                                        "Parallel Aware": true,
                                                        "Async Capable": false,
                                                        "Relation Name": "title",
                                                        "Alias": "t2",
                                                        "Startup Cost": 0.0,
                                                        "Total Cost": 42329.38,
                                                        "Plan Rows": 632138,
                                                        "Plan Width": 21,
                                                        "Actual Startup Time": 0.0,
                                                        "Actual Total Time": 0.0,
                                                        "Actual Rows": 0,
                                                        "Actual Loops": 0,
                                                        "Workers": []
                                                    },
                                                    {
                                                        "Node Type": "Hash",
                                                        "Parent Relationship": "Inner",
                                                        "Parallel Aware": true,
                                                        "Async Capable": false,
                                                        "Startup Cost": 91134.46,
                                                        "Total Cost": 91134.46,
                                                        "Plan Rows": 2,
                                                        "Plan Width": 33,
                                                        "Actual Startup Time": 109.02,
                                                        "Actual Total Time": 109.025,
                                                        "Actual Rows": 0,
                                                        "Actual Loops": 5,
                                                        "Hash Buckets": 1024,
                                                        "Original Hash Buckets": 1024,
                                                        "Hash Batches": 1,
                                                        "Original Hash Batches": 1,
                                                        "Peak Memory Usage": 0,
                                                        "Workers": [],
                                                        "Plans": [
                                                            {
                                                                "Node Type": "Hash Join",
                                                                "Parent Relationship": "Outer",
                                                                "Parallel Aware": false,
                                                                "Async Capable": false,
                                                                "Join Type": "Inner",
                                                                "Startup Cost": 46428.8,
                                                                "Total Cost": 91134.46,
                                                                "Plan Rows": 2,
                                                                "Plan Width": 33,
                                                                "Actual Startup Time": 108.997,
                                                                "Actual Total Time": 109.001,
                                                                "Actual Rows": 0,
                                                                "Actual Loops": 5,
                                                                "Inner Unique": true,
                                                                "Hash Cond": "(ml.link_type_id = lt.id)",
                                                                "Workers": [],
                                                                "Plans": [
                                                                    {
                                                                        "Node Type": "Hash Join",
                                                                        "Parent Relationship": "Outer",
                                                                        "Parallel Aware": false,
                                                                        "Async Capable": false,
                                                                        "Join Type": "Inner",
                                                                        "Startup Cost": 46427.4,
                                                                        "Total Cost": 91133.05,
                                                                        "Plan Rows": 2,
                                                                        "Plan Width": 25,
                                                                        "Actual Startup Time": 108.982,
                                                                        "Actual Total Time": 108.985,
                                                                        "Actual Rows": 0,
                                                                        "Actual Loops": 5,
                                                                        "Inner Unique": false,
                                                                        "Hash Cond": "(t1.id = ml.movie_id)",
                                                                        "Workers": [],
                                                                        "Plans": [
                                                                            {
                                                                                "Node Type": "Hash Join",
                                                                                "Parent Relationship": "Outer",
                                                                                "Parallel Aware": true,
                                                                                "Async Capable": false,
                                                                                "Join Type": "Inner",
                                                                                "Startup Cost": 45589.47,
                                                                                "Total Cost": 90289.4,
                                                                                "Plan Rows": 8,
                                                                                "Plan Width": 25,
                                                                                "Actual Startup Time": 105.962,
                                                                                "Actual Total Time": 106.075,
                                                                                "Actual Rows": 0,
                                                                                "Actual Loops": 5,
                                                                                "Inner Unique": false,
                                                                                "Hash Cond": "(t1.id = mk.movie_id)",
                                                                                "Workers": [],
                                                                                "Plans": [
                                                                                    {
                                                                                        "Node Type": "Seq Scan",
                                                                                        "Parent Relationship": "Outer",
                                                                                        "Parallel Aware": true,
                                                                                        "Async Capable": false,
                                                                                        "Relation Name": "title",
                                                                                        "Alias": "t1",
                                                                                        "Startup Cost": 0.0,
                                                                                        "Total Cost": 42329.38,
                                                                                        "Plan Rows": 632138,
                                                                                        "Plan Width": 21,
                                                                                        "Actual Startup Time": 0.004,
                                                                                        "Actual Total Time": 23.239,
                                                                                        "Actual Rows": 505662,
                                                                                        "Actual Loops": 5,
                                                                                        "Workers": []
                                                                                    },
                                                                                    {
                                                                                        "Node Type": "Hash",
                                                                                        "Parent Relationship": "Inner",
                                                                                        "Parallel Aware": true,
                                                                                        "Async Capable": false,
                                                                                        "Startup Cost": 45589.33,
                                                                                        "Total Cost": 45589.33,
                                                                                        "Plan Rows": 11,
                                                                                        "Plan Width": 4,
                                                                                        "Actual Startup Time": 65.977,
                                                                                        "Actual Total Time": 65.978,
                                                                                        "Actual Rows": 0,
                                                                                        "Actual Loops": 5,
                                                                                        "Hash Buckets": 1024,
                                                                                        "Original Hash Buckets": 1024,
                                                                                        "Hash Batches": 1,
                                                                                        "Original Hash Batches": 1,
                                                                                        "Peak Memory Usage": 40,
                                                                                        "Workers": [],
                                                                                        "Plans": [
                                                                                            {
                                                                                                "Node Type": "Hash Join",
                                                                                                "Parent Relationship": "Outer",
                                                                                                "Parallel Aware": false,
                                                                                                "Async Capable": false,
                                                                                                "Join Type": "Inner",
                                                                                                "Startup Cost": 2685.14,
                                                                                                "Total Cost": 45589.33,
                                                                                                "Plan Rows": 11,
                                                                                                "Plan Width": 4,
                                                                                                "Actual Startup Time": 65.353,
                                                                                                "Actual Total Time": 65.953,
                                                                                                "Actual Rows": 0,
                                                                                                "Actual Loops": 5,
                                                                                                "Inner Unique": true,
                                                                                                "Hash Cond": "(mk.keyword_id = k.id)",
                                                                                                "Workers": [],
                                                                                                "Plans": [
                                                                                                    {
                                                                                                        "Node Type": "Seq Scan",
                                                                                                        "Parent Relationship": "Outer",
                                                                                                        "Parallel Aware": true,
                                                                                                        "Async Capable": false,
                                                                                                        "Relation Name": "movie_keyword",
                                                                                                        "Alias": "mk",
                                                                                                        "Startup Cost": 0.0,
                                                                                                        "Total Cost": 39073.32,
                                                                                                        "Plan Rows": 1459332,
                                                                                                        "Plan Width": 8,
                                                                                                        "Actual Startup Time": 0.005,
                                                                                                        "Actual Total Time": 36.348,
                                                                                                        "Actual Rows": 904786,
                                                                                                        "Actual Loops": 5,
                                                                                                        "Workers": []
                                                                                                    },
                                                                                                    {
                                                                                                        "Node Type": "Hash",
                                                                                                        "Parent Relationship": "Inner",
                                                                                                        "Parallel Aware": false,
                                                                                                        "Async Capable": false,
                                                                                                        "Startup Cost": 2685.12,
                                                                                                        "Total Cost": 2685.12,
                                                                                                        "Plan Rows": 1,
                                                                                                        "Plan Width": 4,
                                                                                                        "Actual Startup Time": 4.305,
                                                                                                        "Actual Total Time": 4.306,
                                                                                                        "Actual Rows": 1,
                                                                                                        "Actual Loops": 5,
                                                                                                        "Hash Buckets": 1024,
                                                                                                        "Original Hash Buckets": 1024,
                                                                                                        "Hash Batches": 1,
                                                                                                        "Original Hash Batches": 1,
                                                                                                        "Peak Memory Usage": 9,
                                                                                                        "Workers": [],
                                                                                                        "Plans": [
                                                                                                            {
                                                                                                                "Node Type": "Seq Scan",
                                                                                                                "Parent Relationship": "Outer",
                                                                                                                "Parallel Aware": false,
                                                                                                                "Async Capable": false,
                                                                                                                "Relation Name": "keyword",
                                                                                                                "Alias": "k",
                                                                                                                "Startup Cost": 0.0,
                                                                                                                "Total Cost": 2685.12,
                                                                                                                "Plan Rows": 1,
                                                                                                                "Plan Width": 4,
                                                                                                                "Actual Startup Time": 4.159,
                                                                                                                "Actual Total Time": 4.304,
                                                                                                                "Actual Rows": 1,
                                                                                                                "Actual Loops": 5,
                                                                                                                "Filter": "(keyword = '10,000-mile-club'::text)",
                                                                                                                "Rows Removed by Filter": 134169,
                                                                                                                "Workers": []
                                                                                                            }
                                                                                                        ]
                                                                                                    }
                                                                                                ]
                                                                                            }
                                                                                        ]
                                                                                    }
                                                                                ]
                                                                            },
                                                                            {
                                                                                "Node Type": "Hash",
                                                                                "Parent Relationship": "Inner",
                                                                                "Parallel Aware": false,
                                                                                "Async Capable": false,
                                                                                "Startup Cost": 462.97,
                                                                                "Total Cost": 462.97,
                                                                                "Plan Rows": 29997,
                                                                                "Plan Width": 12,
                                                                                "Actual Startup Time": 2.871,
                                                                                "Actual Total Time": 2.872,
                                                                                "Actual Rows": 29997,
                                                                                "Actual Loops": 5,
                                                                                "Hash Buckets": 32768,
                                                                                "Original Hash Buckets": 32768,
                                                                                "Hash Batches": 1,
                                                                                "Original Hash Batches": 1,
                                                                                "Peak Memory Usage": 1545,
                                                                                "Workers": [],
                                                                                "Plans": [
                                                                                    {
                                                                                        "Node Type": "Seq Scan",
                                                                                        "Parent Relationship": "Outer",
                                                                                        "Parallel Aware": false,
                                                                                        "Async Capable": false,
                                                                                        "Relation Name": "movie_link",
                                                                                        "Alias": "ml",
                                                                                        "Startup Cost": 0.0,
                                                                                        "Total Cost": 462.97,
                                                                                        "Plan Rows": 29997,
                                                                                        "Plan Width": 12,
                                                                                        "Actual Startup Time": 0.004,
                                                                                        "Actual Total Time": 1.423,
                                                                                        "Actual Rows": 29997,
                                                                                        "Actual Loops": 5,
                                                                                        "Workers": []
                                                                                    }
                                                                                ]
                                                                            }
                                                                        ]
                                                                    },
                                                                    {
                                                                        "Node Type": "Hash",
                                                                        "Parent Relationship": "Inner",
                                                                        "Parallel Aware": false,
                                                                        "Async Capable": false,
                                                                        "Startup Cost": 1.18,
                                                                        "Total Cost": 1.18,
                                                                        "Plan Rows": 18,
                                                                        "Plan Width": 16,
                                                                        "Actual Startup Time": 0.01,
                                                                        "Actual Total Time": 0.011,
                                                                        "Actual Rows": 18,
                                                                        "Actual Loops": 5,
                                                                        "Hash Buckets": 1024,
                                                                        "Original Hash Buckets": 1024,
                                                                        "Hash Batches": 1,
                                                                        "Original Hash Batches": 1,
                                                                        "Peak Memory Usage": 9,
                                                                        "Workers": [],
                                                                        "Plans": [
                                                                            {
                                                                                "Node Type": "Seq Scan",
                                                                                "Parent Relationship": "Outer",
                                                                                "Parallel Aware": false,
                                                                                "Async Capable": false,
                                                                                "Relation Name": "link_type",
                                                                                "Alias": "lt",
                                                                                "Startup Cost": 0.0,
                                                                                "Total Cost": 1.18,
                                                                                "Plan Rows": 18,
                                                                                "Plan Width": 16,
                                                                                "Actual Startup Time": 0.007,
                                                                                "Actual Total Time": 0.008,
                                                                                "Actual Rows": 18,
                                                                                "Actual Loops": 5,
                                                                                "Workers": []
                                                                            }
                                                                        ]
                                                                    }
                                                                ]
                                                            }
                                                        ]
                                                    }
                                                ]
                                            }
                                        ]
                                    }
                                ]
                            }
                        ]
                    },
                    "Planning Time": 0.365,
                    "Triggers": [],
                    "Execution Time": 122.087
                }
            ],
            "hints": [
                "SET enable_hashjoin TO on",
                "SET enable_indexonlyscan TO on",
                "SET enable_indexscan TO off",
                "SET enable_mergejoin TO off",
                "SET enable_nestloop TO off",
                "SET enable_seqscan TO on"
            ]
        },
        {
            "arm": 4,
            "execution_time": 3.881,
            "plan": [
                {
                    "Plan": {
                        "Node Type": "Aggregate",
                        "Strategy": "Plain",
                        "Partial Mode": "Simple",
                        "Parallel Aware": false,
                        "Async Capable": false,
                        "Startup Cost": 3973.26,
                        "Total Cost": 3973.27,
                        "Plan Rows": 1,
                        "Plan Width": 96,
                        "Actual Startup Time": 3.859,
                        "Actual Total Time": 3.86,
                        "Actual Rows": 1,
                        "Actual Loops": 1,
                        "Plans": [
                            {
                                "Node Type": "Nested Loop",
                                "Parent Relationship": "Outer",
                                "Parallel Aware": false,
                                "Async Capable": false,
                                "Join Type": "Inner",
                                "Startup Cost": 1.58,
                                "Total Cost": 3973.18,
                                "Plan Rows": 10,
                                "Plan Width": 46,
                                "Actual Startup Time": 3.857,
                                "Actual Total Time": 3.858,
                                "Actual Rows": 0,
                                "Actual Loops": 1,
                                "Inner Unique": true,
                                "Plans": [
                                    {
                                        "Node Type": "Nested Loop",
                                        "Parent Relationship": "Outer",
                                        "Parallel Aware": false,
                                        "Async Capable": false,
                                        "Join Type": "Inner",
                                        "Startup Cost": 1.15,
                                        "Total Cost": 3928.47,
                                        "Plan Rows": 10,
                                        "Plan Width": 33,
                                        "Actual Startup Time": 3.857,
                                        "Actual Total Time": 3.858,
                                        "Actual Rows": 0,
                                        "Actual Loops": 1,
                                        "Inner Unique": true,
                                        "Plans": [
                                            {
                                                "Node Type": "Nested Loop",
                                                "Parent Relationship": "Outer",
                                                "Parallel Aware": false,
                                                "Async Capable": false,
                                                "Join Type": "Inner",
                                                "Startup Cost": 0.72,
                                                "Total Cost": 3923.59,
                                                "Plan Rows": 10,
                                                "Plan Width": 24,
                                                "Actual Startup Time": 3.857,
                                                "Actual Total Time": 3.858,
                                                "Actual Rows": 0,
                                                "Actual Loops": 1,
                                                "Inner Unique": true,
                                                "Join Filter": "(lt.id = ml.link_type_id)",
                                                "Rows Removed by Join Filter": 0,
                                                "Plans": [
                                                    {
                                                        "Node Type": "Nested Loop",
                                                        "Parent Relationship": "Outer",
                                                        "Parallel Aware": false,
                                                        "Async Capable": false,
                                                        "Join Type": "Inner",
                                                        "Startup Cost": 0.72,
                                                        "Total Cost": 3919.91,
                                                        "Plan Rows": 10,
                                                        "Plan Width": 16,
                                                        "Actual Startup Time": 3.857,
                                                        "Actual Total Time": 3.857,
                                                        "Actual Rows": 0,
                                                        "Actual Loops": 1,
                                                        "Inner Unique": false,
                                                        "Plans": [
                                                            {
                                                                "Node Type": "Nested Loop",
                                                                "Parent Relationship": "Outer",
                                                                "Parallel Aware": false,
                                                                "Async Capable": false,
                                                                "Join Type": "Inner",
                                                                "Startup Cost": 0.43,
                                                                "Total Cost": 3905.45,
                                                                "Plan Rows": 34,
                                                                "Plan Width": 4,
                                                                "Actual Startup Time": 3.745,
                                                                "Actual Total Time": 3.853,
                                                                "Actual Rows": 1,
                                                                "Actual Loops": 1,
                                                                "Inner Unique": false,
                                                                "Plans": [
                                                                    {
                                                                        "Node Type": "Seq Scan",
                                                                        "Parent Relationship": "Outer",
                                                                        "Parallel Aware": false,
                                                                        "Async Capable": false,
                                                                        "Relation Name": "keyword",
                                                                        "Alias": "k",
                                                                        "Startup Cost": 0.0,
                                                                        "Total Cost": 2685.12,
                                                                        "Plan Rows": 1,
                                                                        "Plan Width": 4,
                                                                        "Actual Startup Time": 3.728,
                                                                        "Actual Total Time": 3.835,
                                                                        "Actual Rows": 1,
                                                                        "Actual Loops": 1,
                                                                        "Filter": "(keyword = '10,000-mile-club'::text)",
                                                                        "Rows Removed by Filter": 134169
                                                                    },
                                                                    {
                                                                        "Node Type": "Index Scan",
                                                                        "Parent Relationship": "Inner",
                                                                        "Parallel Aware": false,
                                                                        "Async Capable": false,
                                                                        "Scan Direction": "Forward",
                                                                        "Index Name": "keyword_id_movie_keyword",
                                                                        "Relation Name": "movie_keyword",
                                                                        "Alias": "mk",
                                                                        "Startup Cost": 0.43,
                                                                        "Total Cost": 1217.3,
                                                                        "Plan Rows": 303,
                                                                        "Plan Width": 8,
                                                                        "Actual Startup Time": 0.015,
                                                                        "Actual Total Time": 0.015,
                                                                        "Actual Rows": 1,
                                                                        "Actual Loops": 1,
                                                                        "Index Cond": "(keyword_id = k.id)",
                                                                        "Rows Removed by Index Recheck": 0
                                                                    }
                                                                ]
                                                            },
                                                            {
                                                                "Node Type": "Index Scan",
                                                                "Parent Relationship": "Inner",
                                                                "Parallel Aware": false,
                                                                "Async Capable": false,
                                                                "Scan Direction": "Forward",
                                                                "Index Name": "movie_id_movie_link",
                                                                "Relation Name": "movie_link",
                                                                "Alias": "ml",
                                                                "Startup Cost": 0.29,
                                                                "Total Cost": 0.38,
                                                                "Plan Rows": 5,
                                                                "Plan Width": 12,
                                                                "Actual Startup Time": 0.004,
                                                                "Actual Total Time": 0.004,
                                                                "Actual Rows": 0,
                                                                "Actual Loops": 1,
                                                                "Index Cond": "(movie_id = mk.movie_id)",
                                                                "Rows Removed by Index Recheck": 0
                                                            }
                                                        ]
                                                    },
                                                    {
                                                        "Node Type": "Materialize",
                                                        "Parent Relationship": "Inner",
                                                        "Parallel Aware": false,
                                                        "Async Capable": false,
                                                        "Startup Cost": 0.0,
                                                        "Total Cost": 1.27,
                                                        "Plan Rows": 18,
                                                        "Plan Width": 16,
                                                        "Actual Startup Time": 0.0,
                                                        "Actual Total Time": 0.0,
                                                        "Actual Rows": 0,
                                                        "Actual Loops": 0,
                                                        "Plans": [
                                                            {
                                                                "Node Type": "Seq Scan",
                                                                "Parent Relationship": "Outer",
                                                                "Parallel Aware": false,
                                                                "Async Capable": false,
                                                                "Relation Name": "link_type",
                                                                "Alias": "lt",
                                                                "Startup Cost": 0.0,
                                                                "Total Cost": 1.18,
                                                                "Plan Rows": 18,
                                                                "Plan Width": 16,
                                                                "Actual Startup Time": 0.0,
                                                                "Actual Total Time": 0.0,
                                                                "Actual Rows": 0,
                                                                "Actual Loops": 0
                                                            }
                                                        ]
                                                    }
                                                ]
                                            },
                                            {
                                                "Node Type": "Index Scan",
                                                "Parent Relationship": "Inner",
                                                "Parallel Aware": false,
                                                "Async Capable": false,
                                                "Scan Direction": "Forward",
                                                "Index Name": "title_pkey",
                                                "Relation Name": "title",
                                                "Alias": "t1",
                                                "Startup Cost": 0.43,
                                                "Total Cost": 0.49,
                                                "Plan Rows": 1,
                                                "Plan Width": 21,
                                                "Actual Startup Time": 0.0,
                                                "Actual Total Time": 0.0,
                                                "Actual Rows": 0,
                                                "Actual Loops": 0,
                                                "Index Cond": "(id = mk.movie_id)",
                                                "Rows Removed by Index Recheck": 0
                                            }
                                        ]
                                    },
                                    {
                                        "Node Type": "Index Scan",
                                        "Parent Relationship": "Inner",
                                        "Parallel Aware": false,
                                        "Async Capable": false,
                                        "Scan Direction": "Forward",
                                        "Index Name": "title_pkey",
                                        "Relation Name": "title",
                                        "Alias": "t2",
                                        "Startup Cost": 0.43,
                                        "Total Cost": 4.47,
                                        "Plan Rows": 1,
                                        "Plan Width": 21,
                                        "Actual Startup Time": 0.0,
                                        "Actual Total Time": 0.0,
                                        "Actual Rows": 0,
                                        "Actual Loops": 0,
                                        "Index Cond": "(id = ml.linked_movie_id)",
                                        "Rows Removed by Index Recheck": 0
                                    }
                                ]
                            }
                        ]
                    },
                    "Planning Time": 0.356,
                    "Triggers": [],
                    "Execution Time": 3.881
                }
            ],
            "hints": [
                "SET enable_hashjoin TO on",
                "SET enable_indexonlyscan TO on",
                "SET enable_indexscan TO on",
                "SET enable_mergejoin TO off",
                "SET enable_nestloop TO on",
                "SET enable_seqscan TO on"
            ]
        }
    ]
}