{
    "sql_file": "job30c.sql",
    "query": "SELECT MIN(mi.info) AS movie_budget, MIN(mi_idx.info) AS movie_votes, MIN(n.name) AS writer, MIN(t.title) AS complete_violent_movie FROM complete_cast AS cc, comp_cast_type AS cct1, comp_cast_type AS cct2, cast_info AS ci, info_type AS it1, info_type AS it2, keyword AS k, movie_info AS mi, movie_info_idx AS mi_idx, movie_keyword AS mk, name AS n, title AS t WHERE cct1.kind  = 'cast' AND cct2.kind  ='complete+verified' AND ci.note  in ('(writer)', '(head writer)', '(written by)', '(story)', '(story editor)') AND it1.info  = 'genres' AND it2.info  = 'votes' AND k.keyword  in ('murder', 'violence', 'blood', 'gore', 'death', 'female-nudity', 'hospital') AND mi.info  in ('Horror', 'Action', 'Sci-Fi', 'Thriller', 'Crime', 'War') AND n.gender  = 'm' AND t.id = mi.movie_id AND t.id = mi_idx.movie_id AND t.id = ci.movie_id AND t.id = mk.movie_id AND t.id = cc.movie_id AND ci.movie_id = mi.movie_id AND ci.movie_id = mi_idx.movie_id AND ci.movie_id = mk.movie_id AND ci.movie_id = cc.movie_id AND mi.movie_id = mi_idx.movie_id AND mi.movie_id = mk.movie_id AND mi.movie_id = cc.movie_id AND mi_idx.movie_id = mk.movie_id AND mi_idx.movie_id = cc.movie_id AND mk.movie_id = cc.movie_id AND n.id = ci.person_id AND it1.id = mi.info_type_id AND it2.id = mi_idx.info_type_id AND k.id = mk.keyword_id AND cct1.id = cc.subject_id AND cct2.id = cc.status_id;",
    "results": [
        {
            "arm": 0,
            "execution_time": 1040.039,
            "plan": [
                {
                    "Plan": {
                        "Node Type": "Aggregate",
                        "Strategy": "Plain",
                        "Partial Mode": "Simple",
                        "Parallel Aware": false,
                        "Async Capable": false,
                        "Startup Cost": 9586.33,
                        "Total Cost": 9586.34,
                        "Plan Rows": 1,
                        "Plan Width": 128,
                        "Actual Startup Time": 1039.915,
                        "Actual Total Time": 1039.985,
                        "Actual Rows": 1,
                        "Actual Loops": 1,
                        "Plans": [
                            {
                                "Node Type": "Nested Loop",
                                "Parent Relationship": "Outer",
                                "Parallel Aware": false,
                                "Async Capable": false,
                                "Join Type": "Inner",
                                "Startup Cost": 1006.27,
                                "Total Cost": 9586.32,
                                "Plan Rows": 1,
                                "Plan Width": 80,
                                "Actual Startup Time": 2.157,
                                "Actual Total Time": 1039.299,
                                "Actual Rows": 8024,
                                "Actual Loops": 1,
                                "Inner Unique": true,
                                "Join Filter": "(mi.movie_id = t.id)",
                                "Rows Removed by Join Filter": 0,
                                "Plans": [
                                    {
                                        "Node Type": "Nested Loop",
                                        "Parent Relationship": "Outer",
                                        "Parallel Aware": false,
                                        "Async Capable": false,
                                        "Join Type": "Inner",
                                        "Startup Cost": 1005.84,
                                        "Total Cost": 9585.46,
                                        "Plan Rows": 1,
                                        "Plan Width": 83,
                                        "Actual Startup Time": 2.152,
                                        "Actual Total Time": 1028.372,
                                        "Actual Rows": 8024,
                                        "Actual Loops": 1,
                                        "Inner Unique": true,
                                        "Plans": [
                                            {
                                                "Node Type": "Nested Loop",
                                                "Parent Relationship": "Outer",
                                                "Parallel Aware": false,
                                                "Async Capable": false,
                                                "Join Type": "Inner",
                                                "Startup Cost": 1005.41,
                                                "Total Cost": 9584.37,
                                                "Plan Rows": 1,
                                                "Plan Width": 72,
                                                "Actual Startup Time": 2.145,
                                                "Actual Total Time": 1007.674,
                                                "Actual Rows": 11863,
                                                "Actual Loops": 1,
                                                "Inner Unique": true,
                                                "Plans": [
                                                    {
                                                        "Node Type": "Nested Loop",
                                                        "Parent Relationship": "Outer",
                                                        "Parallel Aware": false,
                                                        "Async Capable": false,
                                                        "Join Type": "Inner",
                                                        "Startup Cost": 1005.27,
                                                        "Total Cost": 9584.19,
                                                        "Plan Rows": 1,
                                                        "Plan Width": 76,
                                                        "Actual Startup Time": 2.142,
                                                        "Actual Total Time": 1001.611,
                                                        "Actual Rows": 15083,
                                                        "Actual Loops": 1,
                                                        "Inner Unique": false,
                                                        "Join Filter": "(mi.movie_id = mi_idx.movie_id)",
                                                        "Rows Removed by Join Filter": 0,
                                                        "Plans": [
                                                            {
                                                                "Node Type": "Nested Loop",
                                                                "Parent Relationship": "Outer",
                                                                "Parallel Aware": false,
                                                                "Async Capable": false,
                                                                "Join Type": "Inner",
                                                                "Startup Cost": 1004.84,
                                                                "Total Cost": 9570.35,
                                                                "Plan Rows": 1,
                                                                "Plan Width": 26,
                                                                "Actual Startup Time": 2.102,
                                                                "Actual Total Time": 769.219,
                                                                "Actual Rows": 8824,
                                                                "Actual Loops": 1,
                                                                "Inner Unique": false,
                                                                "Join Filter": "(ci.movie_id = mi_idx.movie_id)",
                                                                "Rows Removed by Join Filter": 0,
                                                                "Plans": [
                                                                    {
                                                                        "Node Type": "Nested Loop",
                                                                        "Parent Relationship": "Outer",
                                                                        "Parallel Aware": false,
                                                                        "Async Capable": false,
                                                                        "Join Type": "Inner",
                                                                        "Startup Cost": 1004.39,
                                                                        "Total Cost": 9551.74,
                                                                        "Plan Rows": 1,
                                                                        "Plan Width": 18,
                                                                        "Actual Startup Time": 0.471,
                                                                        "Actual Total Time": 63.343,
                                                                        "Actual Rows": 12476,
                                                                        "Actual Loops": 1,
                                                                        "Inner Unique": true,
                                                                        "Plans": [
                                                                            {
                                                                                "Node Type": "Gather",
                                                                                "Parent Relationship": "Outer",
                                                                                "Parallel Aware": false,
                                                                                "Async Capable": false,
                                                                                "Startup Cost": 1004.26,
                                                                                "Total Cost": 9551.57,
                                                                                "Plan Rows": 1,
                                                                                "Plan Width": 22,
                                                                                "Actual Startup Time": 0.316,
                                                                                "Actual Total Time": 54.482,
                                                                                "Actual Rows": 24904,
                                                                                "Actual Loops": 1,
                                                                                "Workers Planned": 2,
                                                                                "Workers Launched": 2,
                                                                                "Single Copy": false,
                                                                                "Plans": [
                                                                                    {
                                                                                        "Node Type": "Nested Loop",
                                                                                        "Parent Relationship": "Outer",
                                                                                        "Parallel Aware": false,
                                                                                        "Async Capable": false,
                                                                                        "Join Type": "Inner",
                                                                                        "Startup Cost": 4.26,
                                                                                        "Total Cost": 8551.47,
                                                                                        "Plan Rows": 1,
                                                                                        "Plan Width": 22,
                                                                                        "Actual Startup Time": 0.345,
                                                                                        "Actual Total Time": 100.603,
                                                                                        "Actual Rows": 8301,
                                                                                        "Actual Loops": 3,
                                                                                        "Inner Unique": true,
                                                                                        "Workers": [],
                                                                                        "Plans": [
                                                                                            {
                                                                                                "Node Type": "Nested Loop",
                                                                                                "Parent Relationship": "Outer",
                                                                                                "Parallel Aware": false,
                                                                                                "Async Capable": false,
                                                                                                "Join Type": "Inner",
                                                                                                "Startup Cost": 4.12,
                                                                                                "Total Cost": 8551.3,
                                                                                                "Plan Rows": 1,
                                                                                                "Plan Width": 26,
                                                                                                "Actual Startup Time": 0.334,
                                                                                                "Actual Total Time": 98.849,
                                                                                                "Actual Rows": 11782,
                                                                                                "Actual Loops": 3,
                                                                                                "Inner Unique": false,
                                                                                                "Workers": [],
                                                                                                "Plans": [
                                                                                                    {
                                                                                                        "Node Type": "Hash Join",
                                                                                                        "Parent Relationship": "Outer",
                                                                                                        "Parallel Aware": false,
                                                                                                        "Async Capable": false,
                                                                                                        "Join Type": "Inner",
                                                                                                        "Startup Cost": 3.71,
                                                                                                        "Total Cost": 8549.64,
                                                                                                        "Plan Rows": 2,
                                                                                                        "Plan Width": 14,
                                                                                                        "Actual Startup Time": 0.228,
                                                                                                        "Actual Total Time": 81.276,
                                                                                                        "Actual Rows": 21234,
                                                                                                        "Actual Loops": 3,
                                                                                                        "Inner Unique": true,
                                                                                                        "Hash Cond": "(mi_idx.info_type_id = it2.id)",
                                                                                                        "Workers": [],
                                                                                                        "Plans": [
                                                                                                            {
                                                                                                                "Node Type": "Nested Loop",
                                                                                                                "Parent Relationship": "Outer",
                                                                                                                "Parallel Aware": false,
                                                                                                                "Async Capable": false,
                                                                                                                "Join Type": "Inner",
                                                                                                                "Startup Cost": 1.28,
                                                                                                                "Total Cost": 8546.39,
                                                                                                                "Plan Rows": 301,
                                                                                                                "Plan Width": 18,
                                                                                                                "Actual Startup Time": 0.201,
                                                                                                                "Actual Total Time": 78.061,
                                                                                                                "Actual Rows": 63896,
                                                                                                                "Actual Loops": 3,
                                                                                                                "Inner Unique": false,
                                                                                                                "Workers": [],
                                                                                                                "Plans": [
                                                                                                                    {
                                                                                                                        "Node Type": "Nested Loop",
                                                                                                                        "Parent Relationship": "Outer",
                                                                                                                        "Parallel Aware": false,
                                                                                                                        "Async Capable": false,
                                                                                                                        "Join Type": "Inner",
                                                                                                                        "Startup Cost": 0.85,
                                                                                                                        "Total Cost": 8465.99,
                                                                                                                        "Plan Rows": 98,
                                                                                                                        "Plan Width": 4,
                                                                                                                        "Actual Startup Time": 0.184,
                                                                                                                        "Actual Total Time": 33.369,
                                                                                                                        "Actual Rows": 25571,
                                                                                                                        "Actual Loops": 3,
                                                                                                                        "Inner Unique": false,
                                                                                                                        "Workers": [],
                                                                                                                        "Plans": [
                                                                                                                            {
                                                                                                                                "Node Type": "Index Scan",
                                                                                                                                "Parent Relationship": "Outer",
                                                                                                                                "Parallel Aware": true,
                                                                                                                                "Async Capable": false,
                                                                                                                                "Scan Direction": "Forward",
                                                                                                                                "Index Name": "keyword_pkey",
                                                                                                                                "Relation Name": "keyword",
                                                                                                                                "Alias": "k",
                                                                                                                                "Startup Cost": 0.42,
                                                                                                                                "Total Cost": 4943.81,
                                                                                                                                "Plan Rows": 3,
                                                                                                                                "Plan Width": 4,
                                                                                                                                "Actual Startup Time": 0.158,
                                                                                                                                "Actual Total Time": 8.514,
                                                                                                                                "Actual Rows": 2,
                                                                                                                                "Actual Loops": 3,
                                                                                                                                "Filter": "(keyword = ANY ('{murder,violence,blood,gore,death,female-nudity,hospital}'::text[]))",
                                                                                                                                "Rows Removed by Filter": 44721,
                                                                                                                                "Workers": []
                                                                                                                            },
                                                                                                                            {
                                                                                                                                "Node Type": "Index Scan",
                                                                                                                                "Parent Relationship": "Inner",
                                                                                                                                "Parallel Aware": false,
                                                                                                                                "Async Capable": false,
                                                                                                                                "Scan Direction": "Forward",
                                                                                                                                "Index Name": "keyword_id_movie_keyword",
                                                                                                                                "Relation Name": "movie_keyword",
                                                                                                                                "Alias": "mk",
                                                                                                                                "Startup Cost": 0.43,
                                                                                                                                "Total Cost": 1171.03,
                                                                                                                                "Plan Rows": 303,
                                                                                                                                "Plan Width": 8,
                                                                                                                                "Actual Startup Time": 0.016,
                                                                                                                                "Actual Total Time": 10.062,
                                                                                                                                "Actual Rows": 10959,
                                                                                                                                "Actual Loops": 7,
                                                                                                                                "Index Cond": "(keyword_id = k.id)",
                                                                                                                                "Rows Removed by Index Recheck": 0,
                                                                                                                                "Workers": []
                                                                                                                            }
                                                                                                                        ]
                                                                                                                    },
                                                                                                                    {
                                                                                                                        "Node Type": "Index Scan",
                                                                                                                        "Parent Relationship": "Inner",
                                                                                                                        "Parallel Aware": false,
                                                                                                                        "Async Capable": false,
                                                                                                                        "Scan Direction": "Forward",
                                                                                                                        "Index Name": "movie_id_movie_info_idx",
                                                                                                                        "Relation Name": "movie_info_idx",
                                                                                                                        "Alias": "mi_idx",
                                                                                                                        "Startup Cost": 0.43,
                                                                                                                        "Total Cost": 0.79,
                                                                                                                        "Plan Rows": 3,
                                                                                                                        "Plan Width": 14,
                                                                                                                        "Actual Startup Time": 0.001,
                                                                                                                        "Actual Total Time": 0.002,
                                                                                                                        "Actual Rows": 2,
                                                                                                                        "Actual Loops": 76714,
                                                                                                                        "Index Cond": "(movie_id = mk.movie_id)",
                                                                                                                        "Rows Removed by Index Recheck": 0,
                                                                                                                        "Workers": []
                                                                                                                    }
                                                                                                                ]
                                                                                                            },
                                                                                                            {
                                                                                                                "Node Type": "Hash",
                                                                                                                "Parent Relationship": "Inner",
                                                                                                                "Parallel Aware": false,
                                                                                                                "Async Capable": false,
                                                                                                                "Startup Cost": 2.41,
                                                                                                                "Total Cost": 2.41,
                                                                                                                "Plan Rows": 1,
                                                                                                                "Plan Width": 4,
                                                                                                                "Actual Startup Time": 0.009,
                                                                                                                "Actual Total Time": 0.01,
                                                                                                                "Actual Rows": 1,
                                                                                                                "Actual Loops": 3,
                                                                                                                "Hash Buckets": 1024,
                                                                                                                "Original Hash Buckets": 1024,
                                                                                                                "Hash Batches": 1,
                                                                                                                "Original Hash Batches": 1,
                                                                                                                "Peak Memory Usage": 9,
                                                                                                                "Workers": [],
                                                                                                                "Plans": [
                                                                                                                    {
                                                                                                                        "Node Type": "Seq Scan",
                                                                                                                        "Parent Relationship": "Outer",
                                                                                                                        "Parallel Aware": false,
                                                                                                                        "Async Capable": false,
                                                                                                                        "Relation Name": "info_type",
                                                                                                                        "Alias": "it2",
                                                                                                                        "Startup Cost": 0.0,
                                                                                                                        "Total Cost": 2.41,
                                                                                                                        "Plan Rows": 1,
                                                                                                                        "Plan Width": 4,
                                                                                                                        "Actual Startup Time": 0.007,
                                                                                                                        "Actual Total Time": 0.008,
                                                                                                                        "Actual Rows": 1,
                                                                                                                        "Actual Loops": 3,
                                                                                                                        "Filter": "((info)::text = 'votes'::text)",
                                                                                                                        "Rows Removed by Filter": 112,
                                                                                                                        "Workers": []
                                                                                                                    }
                                                                                                                ]
                                                                                                            }
                                                                                                        ]
                                                                                                    },
                                                                                                    {
                                                                                                        "Node Type": "Index Scan",
                                                                                                        "Parent Relationship": "Inner",
                                                                                                        "Parallel Aware": false,
                                                                                                        "Async Capable": false,
                                                                                                        "Scan Direction": "Forward",
                                                                                                        "Index Name": "movie_id_complete_cast",
                                                                                                        "Relation Name": "complete_cast",
                                                                                                        "Alias": "cc",
                                                                                                        "Startup Cost": 0.42,
                                                                                                        "Total Cost": 0.81,
                                                                                                        "Plan Rows": 2,
                                                                                                        "Plan Width": 12,
                                                                                                        "Actual Startup Time": 0.001,
                                                                                                        "Actual Total Time": 0.001,
                                                                                                        "Actual Rows": 1,
                                                                                                        "Actual Loops": 63701,
                                                                                                        "Index Cond": "(movie_id = mi_idx.movie_id)",
                                                                                                        "Rows Removed by Index Recheck": 0,
                                                                                                        "Workers": []
                                                                                                    }
                                                                                                ]
                                                                                            },
                                                                                            {
                                                                                                "Node Type": "Memoize",
                                                                                                "Parent Relationship": "Inner",
                                                                                                "Parallel Aware": false,
                                                                                                "Async Capable": false,
                                                                                                "Startup Cost": 0.14,
                                                                                                "Total Cost": 0.16,
                                                                                                "Plan Rows": 1,
                                                                                                "Plan Width": 4,
                                                                                                "Actual Startup Time": 0.0,
                                                                                                "Actual Total Time": 0.0,
                                                                                                "Actual Rows": 1,
                                                                                                "Actual Loops": 35346,
                                                                                                "Cache Key": "cc.subject_id",
                                                                                                "Cache Mode": "logical",
                                                                                                "Cache Hits": 10945,
                                                                                                "Cache Misses": 2,
                                                                                                "Cache Evictions": 0,
                                                                                                "Cache Overflows": 0,
                                                                                                "Peak Memory Usage": 1,
                                                                                                "Workers": [
                                                                                                    {
                                                                                                        "Worker Number": 0,
                                                                                                        "Cache Hits": 9443,
                                                                                                        "Cache Misses": 2,
                                                                                                        "Cache Evictions": 0,
                                                                                                        "Cache Overflows": 0,
                                                                                                        "Peak Memory Usage": 1
                                                                                                    },
                                                                                                    {
                                                                                                        "Worker Number": 1,
                                                                                                        "Cache Hits": 14952,
                                                                                                        "Cache Misses": 2,
                                                                                                        "Cache Evictions": 0,
                                                                                                        "Cache Overflows": 0,
                                                                                                        "Peak Memory Usage": 1
                                                                                                    }
                                                                                                ],
                                                                                                "Plans": [
                                                                                                    {
                                                                                                        "Node Type": "Index Scan",
                                                                                                        "Parent Relationship": "Outer",
                                                                                                        "Parallel Aware": false,
                                                                                                        "Async Capable": false,
                                                                                                        "Scan Direction": "Forward",
                                                                                                        "Index Name": "comp_cast_type_pkey",
                                                                                                        "Relation Name": "comp_cast_type",
                                                                                                        "Alias": "cct1",
                                                                                                        "Startup Cost": 0.13,
                                                                                                        "Total Cost": 0.15,
                                                                                                        "Plan Rows": 1,
                                                                                                        "Plan Width": 4,
                                                                                                        "Actual Startup Time": 0.005,
                                                                                                        "Actual Total Time": 0.005,
                                                                                                        "Actual Rows": 0,
                                                                                                        "Actual Loops": 6,
                                                                                                        "Index Cond": "(id = cc.subject_id)",
                                                                                                        "Rows Removed by Index Recheck": 0,
                                                                                                        "Filter": "((kind)::text = 'cast'::text)",
                                                                                                        "Rows Removed by Filter": 0,
                                                                                                        "Workers": []
                                                                                                    }
                                                                                                ]
                                                                                            }
                                                                                        ]
                                                                                    }
                                                                                ]
                                                                            },
                                                                            {
                                                                                "Node Type": "Index Scan",
                                                                                "Parent Relationship": "Inner",
                                                                                "Parallel Aware": false,
                                                                                "Async Capable": false,
                                                                                "Scan Direction": "Forward",
                                                                                "Index Name": "comp_cast_type_pkey",
                                                                                "Relation Name": "comp_cast_type",
                                                                                "Alias": "cct2",
                                                                                "Startup Cost": 0.13,
                                                                                "Total Cost": 0.15,
                                                                                "Plan Rows": 1,
                                                                                "Plan Width": 4,
                                                                                "Actual Startup Time": 0.0,
                                                                                "Actual Total Time": 0.0,
                                                                                "Actual Rows": 1,
                                                                                "Actual Loops": 24904,
                                                                                "Index Cond": "(id = cc.status_id)",
                                                                                "Rows Removed by Index Recheck": 0,
                                                                                "Filter": "((kind)::text = 'complete+verified'::text)",
                                                                                "Rows Removed by Filter": 0
                                                                            }
                                                                        ]
                                                                    },
                                                                    {
                                                                        "Node Type": "Index Scan",
                                                                        "Parent Relationship": "Inner",
                                                                        "Parallel Aware": false,
                                                                        "Async Capable": false,
                                                                        "Scan Direction": "Forward",
                                                                        "Index Name": "movie_id_cast_info",
                                                                        "Relation Name": "cast_info",
                                                                        "Alias": "ci",
                                                                        "Startup Cost": 0.44,
                                                                        "Total Cost": 18.6,
                                                                        "Plan Rows": 1,
                                                                        "Plan Width": 8,
                                                                        "Actual Startup Time": 0.045,
                                                                        "Actual Total Time": 0.056,
                                                                        "Actual Rows": 1,
                                                                        "Actual Loops": 12476,
                                                                        "Index Cond": "(movie_id = mk.movie_id)",
                                                                        "Rows Removed by Index Recheck": 0,
                                                                        "Filter": "(note = ANY ('{(writer),\"(head writer)\",\"(written by)\",(story),\"(story editor)\"}'::text[]))",
                                                                        "Rows Removed by Filter": 78
                                                                    }
                                                                ]
                                                            },
                                                            {
                                                                "Node Type": "Index Scan",
                                                                "Parent Relationship": "Inner",
                                                                "Parallel Aware": false,
                                                                "Async Capable": false,
                                                                "Scan Direction": "Forward",
                                                                "Index Name": "movie_id_movie_info",
                                                                "Relation Name": "movie_info",
                                                                "Alias": "mi",
                                                                "Startup Cost": 0.43,
                                                                "Total Cost": 13.83,
                                                                "Plan Rows": 1,
                                                                "Plan Width": 50,
                                                                "Actual Startup Time": 0.024,
                                                                "Actual Total Time": 0.026,
                                                                "Actual Rows": 2,
                                                                "Actual Loops": 8824,
                                                                "Index Cond": "(movie_id = mk.movie_id)",
                                                                "Rows Removed by Index Recheck": 0,
                                                                "Filter": "(info = ANY ('{Horror,Action,Sci-Fi,Thriller,Crime,War}'::text[]))",
                                                                "Rows Removed by Filter": 150
                                                            }
                                                        ]
                                                    },
                                                    {
                                                        "Node Type": "Index Scan",
                                                        "Parent Relationship": "Inner",
                                                        "Parallel Aware": false,
                                                        "Async Capable": false,
                                                        "Scan Direction": "Forward",
                                                        "Index Name": "info_type_pkey",
                                                        "Relation Name": "info_type",
                                                        "Alias": "it1",
                                                        "Startup Cost": 0.14,
                                                        "Total Cost": 0.16,
                                                        "Plan Rows": 1,
                                                        "Plan Width": 4,
                                                        "Actual Startup Time": 0.0,
                                                        "Actual Total Time": 0.0,
                                                        "Actual Rows": 1,
                                                        "Actual Loops": 15083,
                                                        "Index Cond": "(id = mi.info_type_id)",
                                                        "Rows Removed by Index Recheck": 0,
                                                        "Filter": "((info)::text = 'genres'::text)",
                                                        "Rows Removed by Filter": 0
                                                    }
                                                ]
                                            },
                                            {
                                                "Node Type": "Index Scan",
                                                "Parent Relationship": "Inner",
                                                "Parallel Aware": false,
                                                "Async Capable": false,
                                                "Scan Direction": "Forward",
                                                "Index Name": "name_pkey",
                                                "Relation Name": "name",
                                                "Alias": "n",
                                                "Startup Cost": 0.43,
                                                "Total Cost": 1.09,
                                                "Plan Rows": 1,
                                                "Plan Width": 19,
                                                "Actual Startup Time": 0.002,
                                                "Actual Total Time": 0.002,
                                                "Actual Rows": 1,
                                                "Actual Loops": 11863,
                                                "Index Cond": "(id = ci.person_id)",
                                                "Rows Removed by Index Recheck": 0,
                                                "Filter": "((gender)::text = 'm'::text)",
                                                "Rows Removed by Filter": 0
                                            }
                                        ]
                                    },
                                    {
                                        "Node Type": "Index Scan",
                                        "Parent Relationship": "Inner",
                                        "Parallel Aware": false,
                                        "Async Capable": false,
                                        "Scan Direction": "Forward",
                                        "Index Name": "title_pkey",
                                        "Relation Name": "title",
                                        "Alias": "t",
                                        "Startup Cost": 0.43,
                                        "Total Cost": 0.85,
                                        "Plan Rows": 1,
                                        "Plan Width": 21,
                                        "Actual Startup Time": 0.001,
                                        "Actual Total Time": 0.001,
                                        "Actual Rows": 1,
                                        "Actual Loops": 8024,
                                        "Index Cond": "(id = mk.movie_id)",
                                        "Rows Removed by Index Recheck": 0
                                    }
                                ]
                            }
                        ]
                    },
                    "Planning Time": 31.731,
                    "Triggers": [],
                    "Execution Time": 1040.039
                }
            ],
            "hints": [
                "SET enable_hashjoin TO on",
                "SET enable_indexonlyscan TO on",
                "SET enable_indexscan TO on",
                "SET enable_mergejoin TO on",
                "SET enable_nestloop TO on",
                "SET enable_seqscan TO on"
            ]
        },
        {
            "arm": 1,
            "execution_time": 802.28,
            "plan": [
                {
                    "Plan": {
                        "Node Type": "Aggregate",
                        "Strategy": "Plain",
                        "Partial Mode": "Finalize",
                        "Parallel Aware": false,
                        "Async Capable": false,
                        "Startup Cost": 745947.17,
                        "Total Cost": 745947.18,
                        "Plan Rows": 1,
                        "Plan Width": 128,
                        "Actual Startup Time": 777.72,
                        "Actual Total Time": 802.217,
                        "Actual Rows": 1,
                        "Actual Loops": 1,
                        "Plans": [
                            {
                                "Node Type": "Gather",
                                "Parent Relationship": "Outer",
                                "Parallel Aware": false,
                                "Async Capable": false,
                                "Startup Cost": 745946.72,
                                "Total Cost": 745947.13,
                                "Plan Rows": 4,
                                "Plan Width": 128,
                                "Actual Startup Time": 777.165,
                                "Actual Total Time": 802.21,
                                "Actual Rows": 5,
                                "Actual Loops": 1,
                                "Workers Planned": 4,
                                "Workers Launched": 4,
                                "Single Copy": false,
                                "Plans": [
                                    {
                                        "Node Type": "Aggregate",
                                        "Strategy": "Plain",
                                        "Partial Mode": "Partial",
                                        "Parent Relationship": "Outer",
                                        "Parallel Aware": false,
                                        "Async Capable": false,
                                        "Startup Cost": 744946.72,
                                        "Total Cost": 744946.73,
                                        "Plan Rows": 1,
                                        "Plan Width": 128,
                                        "Actual Startup Time": 774.997,
                                        "Actual Total Time": 775.015,
                                        "Actual Rows": 1,
                                        "Actual Loops": 5,
                                        "Workers": [],
                                        "Plans": [
                                            {
                                                "Node Type": "Hash Join",
                                                "Parent Relationship": "Outer",
                                                "Parallel Aware": true,
                                                "Async Capable": false,
                                                "Join Type": "Inner",
                                                "Startup Cost": 674636.76,
                                                "Total Cost": 744946.71,
                                                "Plan Rows": 1,
                                                "Plan Width": 80,
                                                "Actual Startup Time": 713.838,
                                                "Actual Total Time": 774.919,
                                                "Actual Rows": 1605,
                                                "Actual Loops": 5,
                                                "Inner Unique": false,
                                                "Hash Cond": "(n.id = ci.person_id)",
                                                "Workers": [],
                                                "Plans": [
                                                    {
                                                        "Node Type": "Seq Scan",
                                                        "Parent Relationship": "Outer",
                                                        "Parallel Aware": true,
                                                        "Async Capable": false,
                                                        "Relation Name": "name",
                                                        "Alias": "n",
                                                        "Startup Cost": 0.0,
                                                        "Total Cost": 68679.41,
                                                        "Plan Rows": 434808,
                                                        "Plan Width": 19,
                                                        "Actual Startup Time": 0.015,
                                                        "Actual Total Time": 50.124,
                                                        "Actual Rows": 347916,
                                                        "Actual Loops": 5,
                                                        "Filter": "((gender)::text = 'm'::text)",
                                                        "Rows Removed by Filter": 485582,
                                                        "Workers": []
                                                    },
                                                    {
                                                        "Node Type": "Hash",
                                                        "Parent Relationship": "Inner",
                                                        "Parallel Aware": true,
                                                        "Async Capable": false,
                                                        "Startup Cost": 674636.75,
                                                        "Total Cost": 674636.75,
                                                        "Plan Rows": 1,
                                                        "Plan Width": 69,
                                                        "Actual Startup Time": 713.432,
                                                        "Actual Total Time": 713.449,
                                                        "Actual Rows": 2373,
                                                        "Actual Loops": 5,
                                                        "Hash Buckets": 16384,
                                                        "Original Hash Buckets": 1024,
                                                        "Hash Batches": 1,
                                                        "Original Hash Batches": 1,
                                                        "Peak Memory Usage": 1112,
                                                        "Workers": [],
                                                        "Plans": [
                                                            {
                                                                "Node Type": "Hash Join",
                                                                "Parent Relationship": "Outer",
                                                                "Parallel Aware": false,
                                                                "Async Capable": false,
                                                                "Join Type": "Inner",
                                                                "Startup Cost": 629936.83,
                                                                "Total Cost": 674636.75,
                                                                "Plan Rows": 1,
                                                                "Plan Width": 69,
                                                                "Actual Startup Time": 663.185,
                                                                "Actual Total Time": 707.236,
                                                                "Actual Rows": 2373,
                                                                "Actual Loops": 5,
                                                                "Inner Unique": true,
                                                                "Hash Cond": "(cc.status_id = cct2.id)",
                                                                "Workers": [],
                                                                "Plans": [
                                                                    {
                                                                        "Node Type": "Hash Join",
                                                                        "Parent Relationship": "Outer",
                                                                        "Parallel Aware": false,
                                                                        "Async Capable": false,
                                                                        "Join Type": "Inner",
                                                                        "Startup Cost": 629935.77,
                                                                        "Total Cost": 674635.68,
                                                                        "Plan Rows": 1,
                                                                        "Plan Width": 73,
                                                                        "Actual Startup Time": 663.062,
                                                                        "Actual Total Time": 706.996,
                                                                        "Actual Rows": 4366,
                                                                        "Actual Loops": 5,
                                                                        "Inner Unique": true,
                                                                        "Hash Cond": "(cc.subject_id = cct1.id)",
                                                                        "Workers": [],
                                                                        "Plans": [
                                                                            {
                                                                                "Node Type": "Hash Join",
                                                                                "Parent Relationship": "Outer",
                                                                                "Parallel Aware": true,
                                                                                "Async Capable": false,
                                                                                "Join Type": "Inner",
                                                                                "Startup Cost": 629934.71,
                                                                                "Total Cost": 674634.62,
                                                                                "Plan Rows": 1,
                                                                                "Plan Width": 77,
                                                                                "Actual Startup Time": 663.052,
                                                                                "Actual Total Time": 706.646,
                                                                                "Actual Rows": 5817,
                                                                                "Actual Loops": 5,
                                                                                "Inner Unique": false,
                                                                                "Hash Cond": "(t.id = mi.movie_id)",
                                                                                "Workers": [],
                                                                                "Plans": [
                                                                                    {
                                                                                        "Node Type": "Seq Scan",
                                                                                        "Parent Relationship": "Outer",
                                                                                        "Parallel Aware": true,
                                                                                        "Async Capable": false,
                                                                                        "Relation Name": "title",
                                                                                        "Alias": "t",
                                                                                        "Startup Cost": 0.0,
                                                                                        "Total Cost": 42329.38,
                                                                                        "Plan Rows": 632138,
                                                                                        "Plan Width": 21,
                                                                                        "Actual Startup Time": 0.009,
                                                                                        "Actual Total Time": 26.204,
                                                                                        "Actual Rows": 505662,
                                                                                        "Actual Loops": 5,
                                                                                        "Workers": []
                                                                                    },
                                                                                    {
                                                                                        "Node Type": "Hash",
                                                                                        "Parent Relationship": "Inner",
                                                                                        "Parallel Aware": true,
                                                                                        "Async Capable": false,
                                                                                        "Startup Cost": 629934.7,
                                                                                        "Total Cost": 629934.7,
                                                                                        "Plan Rows": 1,
                                                                                        "Plan Width": 80,
                                                                                        "Actual Startup Time": 659.473,
                                                                                        "Actual Total Time": 659.486,
                                                                                        "Actual Rows": 5817,
                                                                                        "Actual Loops": 5,
                                                                                        "Hash Buckets": 32768,
                                                                                        "Original Hash Buckets": 1024,
                                                                                        "Hash Batches": 1,
                                                                                        "Original Hash Batches": 1,
                                                                                        "Peak Memory Usage": 2904,
                                                                                        "Workers": [],
                                                                                        "Plans": [
                                                                                            {
                                                                                                "Node Type": "Hash Join",
                                                                                                "Parent Relationship": "Outer",
                                                                                                "Parallel Aware": true,
                                                                                                "Async Capable": false,
                                                                                                "Join Type": "Inner",
                                                                                                "Startup Cost": 278281.22,
                                                                                                "Total Cost": 629934.7,
                                                                                                "Plan Rows": 1,
                                                                                                "Plan Width": 80,
                                                                                                "Actual Startup Time": 522.974,
                                                                                                "Actual Total Time": 651.762,
                                                                                                "Actual Rows": 5817,
                                                                                                "Actual Loops": 5,
                                                                                                "Inner Unique": false,
                                                                                                "Hash Cond": "(ci.movie_id = mi.movie_id)",
                                                                                                "Workers": [],
                                                                                                "Plans": [
                                                                                                    {
                                                                                                        "Node Type": "Seq Scan",
                                                                                                        "Parent Relationship": "Outer",
                                                                                                        "Parallel Aware": true,
                                                                                                        "Async Capable": false,
                                                                                                        "Relation Name": "cast_info",
                                                                                                        "Alias": "ci",
                                                                                                        "Startup Cost": 0.0,
                                                                                                        "Total Cost": 350881.77,
                                                                                                        "Plan Rows": 205787,
                                                                                                        "Plan Width": 8,
                                                                                                        "Actual Startup Time": 22.075,
                                                                                                        "Actual Total Time": 311.144,
                                                                                                        "Actual Rows": 248943,
                                                                                                        "Actual Loops": 5,
                                                                                                        "Filter": "(note = ANY ('{(writer),\"(head writer)\",\"(written by)\",(story),\"(story editor)\"}'::text[]))",
                                                                                                        "Rows Removed by Filter": 6999926,
                                                                                                        "Workers": []
                                                                                                    },
                                                                                                    {
                                                                                                        "Node Type": "Hash",
                                                                                                        "Parent Relationship": "Inner",
                                                                                                        "Parallel Aware": true,
                                                                                                        "Async Capable": false,
                                                                                                        "Startup Cost": 278281.21,
                                                                                                        "Total Cost": 278281.21,
                                                                                                        "Plan Rows": 1,
                                                                                                        "Plan Width": 72,
                                                                                                        "Actual Startup Time": 329.482,
                                                                                                        "Actual Total Time": 329.494,
                                                                                                        "Actual Rows": 7534,
                                                                                                        "Actual Loops": 5,
                                                                                                        "Hash Buckets": 65536,
                                                                                                        "Original Hash Buckets": 1024,
                                                                                                        "Hash Batches": 1,
                                                                                                        "Original Hash Batches": 1,
                                                                                                        "Peak Memory Usage": 3800,
                                                                                                        "Workers": [],
                                                                                                        "Plans": [
                                                                                                            {
                                                                                                                "Node Type": "Hash Join",
                                                                                                                "Parent Relationship": "Outer",
                                                                                                                "Parallel Aware": true,
                                                                                                                "Async Capable": false,
                                                                                                                "Join Type": "Inner",
                                                                                                                "Startup Cost": 275338.16,
                                                                                                                "Total Cost": 278281.21,
                                                                                                                "Plan Rows": 1,
                                                                                                                "Plan Width": 72,
                                                                                                                "Actual Startup Time": 324.999,
                                                                                                                "Actual Total Time": 328.085,
                                                                                                                "Actual Rows": 7534,
                                                                                                                "Actual Loops": 5,
                                                                                                                "Inner Unique": false,
                                                                                                                "Hash Cond": "(cc.movie_id = mi.movie_id)",
                                                                                                                "Workers": [],
                                                                                                                "Plans": [
                                                                                                                    {
                                                                                                                        "Node Type": "Index Scan",
                                                                                                                        "Parent Relationship": "Outer",
                                                                                                                        "Parallel Aware": true,
                                                                                                                        "Async Capable": false,
                                                                                                                        "Scan Direction": "Forward",
                                                                                                                        "Index Name": "subject_id_complete_cast",
                                                                                                                        "Relation Name": "complete_cast",
                                                                                                                        "Alias": "cc",
                                                                                                                        "Startup Cost": 0.29,
                                                                                                                        "Total Cost": 2645.35,
                                                                                                                        "Plan Rows": 79462,
                                                                                                                        "Plan Width": 12,
                                                                                                                        "Actual Startup Time": 0.044,
                                                                                                                        "Actual Total Time": 1.372,
                                                                                                                        "Actual Rows": 27017,
                                                                                                                        "Actual Loops": 5,
                                                                                                                        "Workers": []
                                                                                                                    },
                                                                                                                    {
                                                                                                                        "Node Type": "Hash",
                                                                                                                        "Parent Relationship": "Inner",
                                                                                                                        "Parallel Aware": true,
                                                                                                                        "Async Capable": false,
                                                                                                                        "Startup Cost": 275337.85,
                                                                                                                        "Total Cost": 275337.85,
                                                                                                                        "Plan Rows": 1,
                                                                                                                        "Plan Width": 60,
                                                                                                                        "Actual Startup Time": 324.943,
                                                                                                                        "Actual Total Time": 324.953,
                                                                                                                        "Actual Rows": 12677,
                                                                                                                        "Actual Loops": 5,
                                                                                                                        "Hash Buckets": 65536,
                                                                                                                        "Original Hash Buckets": 1024,
                                                                                                                        "Hash Batches": 1,
                                                                                                                        "Original Hash Batches": 1,
                                                                                                                        "Peak Memory Usage": 4888,
                                                                                                                        "Workers": [],
                                                                                                                        "Plans": [
                                                                                                                            {
                                                                                                                                "Node Type": "Hash Join",
                                                                                                                                "Parent Relationship": "Outer",
                                                                                                                                "Parallel Aware": true,
                                                                                                                                "Async Capable": false,
                                                                                                                                "Join Type": "Inner",
                                                                                                                                "Startup Cost": 260034.59,
                                                                                                                                "Total Cost": 275337.85,
                                                                                                                                "Plan Rows": 1,
                                                                                                                                "Plan Width": 60,
                                                                                                                                "Actual Startup Time": 292.523,
                                                                                                                                "Actual Total Time": 320.589,
                                                                                                                                "Actual Rows": 12677,
                                                                                                                                "Actual Loops": 5,
                                                                                                                                "Inner Unique": false,
                                                                                                                                "Hash Cond": "(mi_idx.movie_id = mi.movie_id)",
                                                                                                                                "Workers": [],
                                                                                                                                "Plans": [
                                                                                                                                    {
                                                                                                                                        "Node Type": "Hash Join",
                                                                                                                                        "Parent Relationship": "Outer",
                                                                                                                                        "Parallel Aware": false,
                                                                                                                                        "Async Capable": false,
                                                                                                                                        "Join Type": "Inner",
                                                                                                                                        "Startup Cost": 2.43,
                                                                                                                                        "Total Cost": 15286.6,
                                                                                                                                        "Plan Rows": 5089,
                                                                                                                                        "Plan Width": 10,
                                                                                                                                        "Actual Startup Time": 0.03,
                                                                                                                                        "Actual Total Time": 23.528,
                                                                                                                                        "Actual Rows": 91985,
                                                                                                                                        "Actual Loops": 5,
                                                                                                                                        "Inner Unique": true,
                                                                                                                                        "Hash Cond": "(mi_idx.info_type_id = it2.id)",
                                                                                                                                        "Workers": [],
                                                                                                                                        "Plans": [
                                                                                                                                            {
                                                                                                                                                "Node Type": "Seq Scan",
                                                                                                                                                "Parent Relationship": "Outer",
                                                                                                                                                "Parallel Aware": true,
                                                                                                                                                "Async Capable": false,
                                                                                                                                                "Relation Name": "movie_info_idx",
                                                                                                                                                "Alias": "mi_idx",
                                                                                                                                                "Startup Cost": 0.0,
                                                                                                                                                "Total Cost": 13718.15,
                                                                                                                                                "Plan Rows": 575015,
                                                                                                                                                "Plan Width": 14,
                                                                                                                                                "Actual Startup Time": 0.009,
                                                                                                                                                "Actual Total Time": 10.915,
                                                                                                                                                "Actual Rows": 276007,
                                                                                                                                                "Actual Loops": 5,
                                                                                                                                                "Workers": []
                                                                                                                                            },
                                                                                                                                            {
                                                                                                                                                "Node Type": "Hash",
                                                                                                                                                "Parent Relationship": "Inner",
                                                                                                                                                "Parallel Aware": false,
                                                                                                                                                "Async Capable": false,
                                                                                                                                                "Startup Cost": 2.41,
                                                                                                                                                "Total Cost": 2.41,
                                                                                                                                                "Plan Rows": 1,
                                                                                                                                                "Plan Width": 4,
                                                                                                                                                "Actual Startup Time": 0.008,
                                                                                                                                                "Actual Total Time": 0.009,
                                                                                                                                                "Actual Rows": 1,
                                                                                                                                                "Actual Loops": 5,
                                                                                                                                                "Hash Buckets": 1024,
                                                                                                                                                "Original Hash Buckets": 1024,
                                                                                                                                                "Hash Batches": 1,
                                                                                                                                                "Original Hash Batches": 1,
                                                                                                                                                "Peak Memory Usage": 9,
                                                                                                                                                "Workers": [],
                                                                                                                                                "Plans": [
                                                                                                                                                    {
                                                                                                                                                        "Node Type": "Seq Scan",
                                                                                                                                                        "Parent Relationship": "Outer",
                                                                                                                                                        "Parallel Aware": false,
                                                                                                                                                        "Async Capable": false,
                                                                                                                                                        "Relation Name": "info_type",
                                                                                                                                                        "Alias": "it2",
                                                                                                                                                        "Startup Cost": 0.0,
                                                                                                                                                        "Total Cost": 2.41,
                                                                                                                                                        "Plan Rows": 1,
                                                                                                                                                        "Plan Width": 4,
                                                                                                                                                        "Actual Startup Time": 0.006,
                                                                                                                                                        "Actual Total Time": 0.007,
                                                                                                                                                        "Actual Rows": 1,
                                                                                                                                                        "Actual Loops": 5,
                                                                                                                                                        "Filter": "((info)::text = 'votes'::text)",
                                                                                                                                                        "Rows Removed by Filter": 112,
                                                                                                                                                        "Workers": []
                                                                                                                                                    }
                                                                                                                                                ]
                                                                                                                                            }
                                                                                                                                        ]
                                                                                                                                    },
                                                                                                                                    {
                                                                                                                                        "Node Type": "Hash",
                                                                                                                                        "Parent Relationship": "Inner",
                                                                                                                                        "Parallel Aware": true,
                                                                                                                                        "Async Capable": false,
                                                                                                                                        "Startup Cost": 260032.15,
                                                                                                                                        "Total Cost": 260032.15,
                                                                                                                                        "Plan Rows": 1,
                                                                                                                                        "Plan Width": 50,
                                                                                                                                        "Actual Startup Time": 292.436,
                                                                                                                                        "Actual Total Time": 292.442,
                                                                                                                                        "Actual Rows": 13608,
                                                                                                                                        "Actual Loops": 5,
                                                                                                                                        "Hash Buckets": 131072,
                                                                                                                                        "Original Hash Buckets": 1024,
                                                                                                                                        "Hash Batches": 1,
                                                                                                                                        "Original Hash Batches": 1,
                                                                                                                                        "Peak Memory Usage": 5496,
                                                                                                                                        "Workers": [],
                                                                                                                                        "Plans": [
                                                                                                                                            {
                                                                                                                                                "Node Type": "Hash Join",
                                                                                                                                                "Parent Relationship": "Outer",
                                                                                                                                                "Parallel Aware": true,
                                                                                                                                                "Async Capable": false,
                                                                                                                                                "Join Type": "Inner",
                                                                                                                                                "Startup Cost": 46431.34,
                                                                                                                                                "Total Cost": 260032.15,
                                                                                                                                                "Plan Rows": 1,
                                                                                                                                                "Plan Width": 50,
                                                                                                                                                "Actual Startup Time": 77.244,
                                                                                                                                                "Actual Total Time": 285.987,
                                                                                                                                                "Actual Rows": 13608,
                                                                                                                                                "Actual Loops": 5,
                                                                                                                                                "Inner Unique": false,
                                                                                                                                                "Hash Cond": "(mi.movie_id = mk.movie_id)",
                                                                                                                                                "Workers": [],
                                                                                                                                                "Plans": [
                                                                                                                                                    {
                                                                                                                                                        "Node Type": "Hash Join",
                                                                                                                                                        "Parent Relationship": "Outer",
                                                                                                                                                        "Parallel Aware": false,
                                                                                                                                                        "Async Capable": false,
                                                                                                                                                        "Join Type": "Inner",
                                                                                                                                                        "Startup Cost": 2.43,
                                                                                                                                                        "Total Cost": 213601.98,
                                                                                                                                                        "Plan Rows": 331,
                                                                                                                                                        "Plan Width": 46,
                                                                                                                                                        "Actual Startup Time": 0.054,
                                                                                                                                                        "Actual Total Time": 205.546,
                                                                                                                                                        "Actual Rows": 37319,
                                                                                                                                                        "Actual Loops": 5,
                                                                                                                                                        "Inner Unique": true,
                                                                                                                                                        "Hash Cond": "(mi.info_type_id = it1.id)",
                                                                                                                                                        "Workers": [],
                                                                                                                                                        "Plans": [
                                                                                                                                                            {
                                                                                                                                                                "Node Type": "Seq Scan",
                                                                                                                                                                "Parent Relationship": "Outer",
                                                                                                                                                                "Parallel Aware": true,
                                                                                                                                                                "Async Capable": false,
                                                                                                                                                                "Relation Name": "movie_info",
                                                                                                                                                                "Alias": "mi",
                                                                                                                                                                "Startup Cost": 0.0,
                                                                                                                                                                "Total Cost": 213497.62,
                                                                                                                                                                "Plan Rows": 37430,
                                                                                                                                                                "Plan Width": 50,
                                                                                                                                                                "Actual Startup Time": 0.026,
                                                                                                                                                                "Actual Total Time": 203.081,
                                                                                                                                                                "Actual Rows": 37794,
                                                                                                                                                                "Actual Loops": 5,
                                                                                                                                                                "Filter": "(info = ANY ('{Horror,Action,Sci-Fi,Thriller,Crime,War}'::text[]))",
                                                                                                                                                                "Rows Removed by Filter": 2929350,
                                                                                                                                                                "Workers": []
                                                                                                                                                            },
                                                                                                                                                            {
                                                                                                                                                                "Node Type": "Hash",
                                                                                                                                                                "Parent Relationship": "Inner",
                                                                                                                                                                "Parallel Aware": false,
                                                                                                                                                                "Async Capable": false,
                                                                                                                                                                "Startup Cost": 2.41,
                                                                                                                                                                "Total Cost": 2.41,
                                                                                                                                                                "Plan Rows": 1,
                                                                                                                                                                "Plan Width": 4,
                                                                                                                                                                "Actual Startup Time": 0.012,
                                                                                                                                                                "Actual Total Time": 0.013,
                                                                                                                                                                "Actual Rows": 1,
                                                                                                                                                                "Actual Loops": 5,
                                                                                                                                                                "Hash Buckets": 1024,
                                                                                                                                                                "Original Hash Buckets": 1024,
                                                                                                                                                                "Hash Batches": 1,
                                                                                                                                                                "Original Hash Batches": 1,
                                                                                                                                                                "Peak Memory Usage": 9,
                                                                                                                                                                "Workers": [],
                                                                                                                                                                "Plans": [
                                                                                                                                                                    {
                                                                                                                                                                        "Node Type": "Seq Scan",
                                                                                                                                                                        "Parent Relationship": "Outer",
                                                                                                                                                                        "Parallel Aware": false,
                                                                                                                                                                        "Async Capable": false,
                                                                                                                                                                        "Relation Name": "info_type",
                                                                                                                                                                        "Alias": "it1",
                                                                                                                                                                        "Startup Cost": 0.0,
                                                                                                                                                                        "Total Cost": 2.41,
                                                                                                                                                                        "Plan Rows": 1,
                                                                                                                                                                        "Plan Width": 4,
                                                                                                                                                                        "Actual Startup Time": 0.008,
                                                                                                                                                                        "Actual Total Time": 0.011,
                                                                                                                                                                        "Actual Rows": 1,
                                                                                                                                                                        "Actual Loops": 5,
                                                                                                                                                                        "Filter": "((info)::text = 'genres'::text)",
                                                                                                                                                                        "Rows Removed by Filter": 112,
                                                                                                                                                                        "Workers": []
                                                                                                                                                                    }
                                                                                                                                                                ]
                                                                                                                                                            }
                                                                                                                                                        ]
                                                                                                                                                    },
                                                                                                                                                    {
                                                                                                                                                        "Node Type": "Hash",
                                                                                                                                                        "Parent Relationship": "Inner",
                                                                                                                                                        "Parallel Aware": true,
                                                                                                                                                        "Async Capable": false,
                                                                                                                                                        "Startup Cost": 46427.97,
                                                                                                                                                        "Total Cost": 46427.97,
                                                                                                                                                        "Plan Rows": 76,
                                                                                                                                                        "Plan Width": 4,
                                                                                                                                                        "Actual Startup Time": 77.163,
                                                                                                                                                        "Actual Total Time": 77.165,
                                                                                                                                                        "Actual Rows": 15343,
                                                                                                                                                        "Actual Loops": 5,
                                                                                                                                                        "Hash Buckets": 131072,
                                                                                                                                                        "Original Hash Buckets": 1024,
                                                                                                                                                        "Hash Batches": 1,
                                                                                                                                                        "Original Hash Batches": 1,
                                                                                                                                                        "Peak Memory Usage": 5080,
                                                                                                                                                        "Workers": [],
                                                                                                                                                        "Plans": [
                                                                                                                                                            {
                                                                                                                                                                "Node Type": "Hash Join",
                                                                                                                                                                "Parent Relationship": "Outer",
                                                                                                                                                                "Parallel Aware": false,
                                                                                                                                                                "Async Capable": false,
                                                                                                                                                                "Join Type": "Inner",
                                                                                                                                                                "Startup Cost": 3523.78,
                                                                                                                                                                "Total Cost": 46427.97,
                                                                                                                                                                "Plan Rows": 76,
                                                                                                                                                                "Plan Width": 4,
                                                                                                                                                                "Actual Startup Time": 8.557,
                                                                                                                                                                "Actual Total Time": 70.377,
                                                                                                                                                                "Actual Rows": 15343,
                                                                                                                                                                "Actual Loops": 5,
                                                                                                                                                                "Inner Unique": true,
                                                                                                                                                                "Hash Cond": "(mk.keyword_id = k.id)",
                                                                                                                                                                "Workers": [],
                                                                                                                                                                "Plans": [
                                                                                                                                                                    {
                                                                                                                                                                        "Node Type": "Seq Scan",
                                                                                                                                                                        "Parent Relationship": "Outer",
                                                                                                                                                                        "Parallel Aware": true,
                                                                                                                                                                        "Async Capable": false,
                                                                                                                                                                        "Relation Name": "movie_keyword",
                                                                                                                                                                        "Alias": "mk",
                                                                                                                                                                        "Startup Cost": 0.0,
                                                                                                                                                                        "Total Cost": 39073.32,
                                                                                                                                                                        "Plan Rows": 1459332,
                                                                                                                                                                        "Plan Width": 8,
                                                                                                                                                                        "Actual Startup Time": 0.01,
                                                                                                                                                                        "Actual Total Time": 35.468,
                                                                                                                                                                        "Actual Rows": 904786,
                                                                                                                                                                        "Actual Loops": 5,
                                                                                                                                                                        "Workers": []
                                                                                                                                                                    },
                                                                                                                                                                    {
                                                                                                                                                                        "Node Type": "Hash",
                                                                                                                                                                        "Parent Relationship": "Inner",
                                                                                                                                                                        "Parallel Aware": false,
                                                                                                                                                                        "Async Capable": false,
                                                                                                                                                                        "Startup Cost": 3523.69,
                                                                                                                                                                        "Total Cost": 3523.69,
                                                                                                                                                                        "Plan Rows": 7,
                                                                                                                                                                        "Plan Width": 4,
                                                                                                                                                                        "Actual Startup Time": 8.527,
                                                                                                                                                                        "Actual Total Time": 8.527,
                                                                                                                                                                        "Actual Rows": 7,
                                                                                                                                                                        "Actual Loops": 5,
                                                                                                                                                                        "Hash Buckets": 1024,
                                                                                                                                                                        "Original Hash Buckets": 1024,
                                                                                                                                                                        "Hash Batches": 1,
                                                                                                                                                                        "Original Hash Batches": 1,
                                                                                                                                                                        "Peak Memory Usage": 9,
                                                                                                                                                                        "Workers": [],
                                                                                                                                                                        "Plans": [
                                                                                                                                                                            {
                                                                                                                                                                                "Node Type": "Seq Scan",
                                                                                                                                                                                "Parent Relationship": "Outer",
                                                                                                                                                                                "Parallel Aware": false,
                                                                                                                                                                                "Async Capable": false,
                                                                                                                                                                                "Relation Name": "keyword",
                                                                                                                                                                                "Alias": "k",
                                                                                                                                                                                "Startup Cost": 0.0,
                                                                                                                                                                                "Total Cost": 3523.69,
                                                                                                                                                                                "Plan Rows": 7,
                                                                                                                                                                                "Plan Width": 4,
                                                                                                                                                                                "Actual Startup Time": 0.243,
                                                                                                                                                                                "Actual Total Time": 8.526,
                                                                                                                                                                                "Actual Rows": 7,
                                                                                                                                                                                "Actual Loops": 5,
                                                                                                                                                                                "Filter": "(keyword = ANY ('{murder,violence,blood,gore,death,female-nudity,hospital}'::text[]))",
                                                                                                                                                                                "Rows Removed by Filter": 134163,
                                                                                                                                                                                "Workers": []
                                                                                                                                                                            }
                                                                                                                                                                        ]
                                                                                                                                                                    }
                                                                                                                                                                ]
                                                                                                                                                            }
                                                                                                                                                        ]
                                                                                                                                                    }
                                                                                                                                                ]
                                                                                                                                            }
                                                                                                                                        ]
                                                                                                                                    }
                                                                                                                                ]
                                                                                                                            }
                                                                                                                        ]
                                                                                                                    }
                                                                                                                ]
                                                                                                            }
                                                                                                        ]
                                                                                                    }
                                                                                                ]
                                                                                            }
                                                                                        ]
                                                                                    }
                                                                                ]
                                                                            },
                                                                            {
                                                                                "Node Type": "Hash",
                                                                                "Parent Relationship": "Inner",
                                                                                "Parallel Aware": false,
                                                                                "Async Capable": false,
                                                                                "Startup Cost": 1.05,
                                                                                "Total Cost": 1.05,
                                                                                "Plan Rows": 1,
                                                                                "Plan Width": 4,
                                                                                "Actual Startup Time": 0.002,
                                                                                "Actual Total Time": 0.002,
                                                                                "Actual Rows": 1,
                                                                                "Actual Loops": 5,
                                                                                "Hash Buckets": 1024,
                                                                                "Original Hash Buckets": 1024,
                                                                                "Hash Batches": 1,
                                                                                "Original Hash Batches": 1,
                                                                                "Peak Memory Usage": 9,
                                                                                "Workers": [],
                                                                                "Plans": [
                                                                                    {
                                                                                        "Node Type": "Seq Scan",
                                                                                        "Parent Relationship": "Outer",
                                                                                        "Parallel Aware": false,
                                                                                        "Async Capable": false,
                                                                                        "Relation Name": "comp_cast_type",
                                                                                        "Alias": "cct1",
                                                                                        "Startup Cost": 0.0,
                                                                                        "Total Cost": 1.05,
                                                                                        "Plan Rows": 1,
                                                                                        "Plan Width": 4,
                                                                                        "Actual Startup Time": 0.001,
                                                                                        "Actual Total Time": 0.001,
                                                                                        "Actual Rows": 1,
                                                                                        "Actual Loops": 5,
                                                                                        "Filter": "((kind)::text = 'cast'::text)",
                                                                                        "Rows Removed by Filter": 3,
                                                                                        "Workers": []
                                                                                    }
                                                                                ]
                                                                            }
                                                                        ]
                                                                    },
                                                                    {
                                                                        "Node Type": "Hash",
                                                                        "Parent Relationship": "Inner",
                                                                        "Parallel Aware": false,
                                                                        "Async Capable": false,
                                                                        "Startup Cost": 1.05,
                                                                        "Total Cost": 1.05,
                                                                        "Plan Rows": 1,
                                                                        "Plan Width": 4,
                                                                        "Actual Startup Time": 0.011,
                                                                        "Actual Total Time": 0.012,
                                                                        "Actual Rows": 1,
                                                                        "Actual Loops": 5,
                                                                        "Hash Buckets": 1024,
                                                                        "Original Hash Buckets": 1024,
                                                                        "Hash Batches": 1,
                                                                        "Original Hash Batches": 1,
                                                                        "Peak Memory Usage": 9,
                                                                        "Workers": [],
                                                                        "Plans": [
                                                                            {
                                                                                "Node Type": "Seq Scan",
                                                                                "Parent Relationship": "Outer",
                                                                                "Parallel Aware": false,
                                                                                "Async Capable": false,
                                                                                "Relation Name": "comp_cast_type",
                                                                                "Alias": "cct2",
                                                                                "Startup Cost": 0.0,
                                                                                "Total Cost": 1.05,
                                                                                "Plan Rows": 1,
                                                                                "Plan Width": 4,
                                                                                "Actual Startup Time": 0.009,
                                                                                "Actual Total Time": 0.01,
                                                                                "Actual Rows": 1,
                                                                                "Actual Loops": 5,
                                                                                "Filter": "((kind)::text = 'complete+verified'::text)",
                                                                                "Rows Removed by Filter": 3,
                                                                                "Workers": []
                                                                            }
                                                                        ]
                                                                    }
                                                                ]
                                                            }
                                                        ]
                                                    }
                                                ]
                                            }
                                        ]
                                    }
                                ]
                            }
                        ]
                    },
                    "Planning Time": 36.25,
                    "Triggers": [],
                    "Execution Time": 802.28
                }
            ],
            "hints": [
                "SET enable_hashjoin TO on",
                "SET enable_indexonlyscan TO on",
                "SET enable_indexscan TO on",
                "SET enable_mergejoin TO on",
                "SET enable_nestloop TO off",
                "SET enable_seqscan TO on"
            ]
        },
        {
            "arm": 2,
            "execution_time": 847.725,
            "plan": [
                {
                    "Plan": {
                        "Node Type": "Aggregate",
                        "Strategy": "Plain",
                        "Partial Mode": "Finalize",
                        "Parallel Aware": false,
                        "Async Capable": false,
                        "Startup Cost": 746108.58,
                        "Total Cost": 746108.59,
                        "Plan Rows": 1,
                        "Plan Width": 128,
                        "Actual Startup Time": 822.793,
                        "Actual Total Time": 847.661,
                        "Actual Rows": 1,
                        "Actual Loops": 1,
                        "Plans": [
                            {
                                "Node Type": "Gather",
                                "Parent Relationship": "Outer",
                                "Parallel Aware": false,
                                "Async Capable": false,
                                "Startup Cost": 746108.13,
                                "Total Cost": 746108.54,
                                "Plan Rows": 4,
                                "Plan Width": 128,
                                "Actual Startup Time": 822.563,
                                "Actual Total Time": 847.655,
                                "Actual Rows": 5,
                                "Actual Loops": 1,
                                "Workers Planned": 4,
                                "Workers Launched": 4,
                                "Single Copy": false,
                                "Plans": [
                                    {
                                        "Node Type": "Aggregate",
                                        "Strategy": "Plain",
                                        "Partial Mode": "Partial",
                                        "Parent Relationship": "Outer",
                                        "Parallel Aware": false,
                                        "Async Capable": false,
                                        "Startup Cost": 745108.13,
                                        "Total Cost": 745108.14,
                                        "Plan Rows": 1,
                                        "Plan Width": 128,
                                        "Actual Startup Time": 820.533,
                                        "Actual Total Time": 820.551,
                                        "Actual Rows": 1,
                                        "Actual Loops": 5,
                                        "Workers": [],
                                        "Plans": [
                                            {
                                                "Node Type": "Hash Join",
                                                "Parent Relationship": "Outer",
                                                "Parallel Aware": true,
                                                "Async Capable": false,
                                                "Join Type": "Inner",
                                                "Startup Cost": 700408.21,
                                                "Total Cost": 745108.12,
                                                "Plan Rows": 1,
                                                "Plan Width": 80,
                                                "Actual Startup Time": 777.341,
                                                "Actual Total Time": 820.453,
                                                "Actual Rows": 1605,
                                                "Actual Loops": 5,
                                                "Inner Unique": false,
                                                "Hash Cond": "(t.id = mi.movie_id)",
                                                "Workers": [],
                                                "Plans": [
                                                    {
                                                        "Node Type": "Seq Scan",
                                                        "Parent Relationship": "Outer",
                                                        "Parallel Aware": true,
                                                        "Async Capable": false,
                                                        "Relation Name": "title",
                                                        "Alias": "t",
                                                        "Startup Cost": 0.0,
                                                        "Total Cost": 42329.38,
                                                        "Plan Rows": 632138,
                                                        "Plan Width": 21,
                                                        "Actual Startup Time": 0.01,
                                                        "Actual Total Time": 28.82,
                                                        "Actual Rows": 505662,
                                                        "Actual Loops": 5,
                                                        "Workers": []
                                                    },
                                                    {
                                                        "Node Type": "Hash",
                                                        "Parent Relationship": "Inner",
                                                        "Parallel Aware": true,
                                                        "Async Capable": false,
                                                        "Startup Cost": 700408.2,
                                                        "Total Cost": 700408.2,
                                                        "Plan Rows": 1,
                                                        "Plan Width": 83,
                                                        "Actual Startup Time": 773.171,
                                                        "Actual Total Time": 773.188,
                                                        "Actual Rows": 1605,
                                                        "Actual Loops": 5,
                                                        "Hash Buckets": 8192,
                                                        "Original Hash Buckets": 1024,
                                                        "Hash Batches": 1,
                                                        "Original Hash Batches": 1,
                                                        "Peak Memory Usage": 920,
                                                        "Workers": [],
                                                        "Plans": [
                                                            {
                                                                "Node Type": "Hash Join",
                                                                "Parent Relationship": "Outer",
                                                                "Parallel Aware": true,
                                                                "Async Capable": false,
                                                                "Join Type": "Inner",
                                                                "Startup Cost": 630098.25,
                                                                "Total Cost": 700408.2,
                                                                "Plan Rows": 1,
                                                                "Plan Width": 83,
                                                                "Actual Startup Time": 707.561,
                                                                "Actual Total Time": 760.119,
                                                                "Actual Rows": 1605,
                                                                "Actual Loops": 5,
                                                                "Inner Unique": false,
                                                                "Hash Cond": "(n.id = ci.person_id)",
                                                                "Workers": [],
                                                                "Plans": [
                                                                    {
                                                                        "Node Type": "Seq Scan",
                                                                        "Parent Relationship": "Outer",
                                                                        "Parallel Aware": true,
                                                                        "Async Capable": false,
                                                                        "Relation Name": "name",
                                                                        "Alias": "n",
                                                                        "Startup Cost": 0.0,
                                                                        "Total Cost": 68679.41,
                                                                        "Plan Rows": 434808,
                                                                        "Plan Width": 19,
                                                                        "Actual Startup Time": 0.004,
                                                                        "Actual Total Time": 41.687,
                                                                        "Actual Rows": 347916,
                                                                        "Actual Loops": 5,
                                                                        "Filter": "((gender)::text = 'm'::text)",
                                                                        "Rows Removed by Filter": 485582,
                                                                        "Workers": []
                                                                    },
                                                                    {
                                                                        "Node Type": "Hash",
                                                                        "Parent Relationship": "Inner",
                                                                        "Parallel Aware": true,
                                                                        "Async Capable": false,
                                                                        "Startup Cost": 630098.24,
                                                                        "Total Cost": 630098.24,
                                                                        "Plan Rows": 1,
                                                                        "Plan Width": 72,
                                                                        "Actual Startup Time": 707.258,
                                                                        "Actual Total Time": 707.273,
                                                                        "Actual Rows": 2373,
                                                                        "Actual Loops": 5,
                                                                        "Hash Buckets": 16384,
                                                                        "Original Hash Buckets": 1024,
                                                                        "Hash Batches": 1,
                                                                        "Original Hash Batches": 1,
                                                                        "Peak Memory Usage": 1144,
                                                                        "Workers": [],
                                                                        "Plans": [
                                                                            {
                                                                                "Node Type": "Hash Join",
                                                                                "Parent Relationship": "Outer",
                                                                                "Parallel Aware": true,
                                                                                "Async Capable": false,
                                                                                "Join Type": "Inner",
                                                                                "Startup Cost": 278444.76,
                                                                                "Total Cost": 630098.24,
                                                                                "Plan Rows": 1,
                                                                                "Plan Width": 72,
                                                                                "Actual Startup Time": 565.412,
                                                                                "Actual Total Time": 691.144,
                                                                                "Actual Rows": 2373,
                                                                                "Actual Loops": 5,
                                                                                "Inner Unique": false,
                                                                                "Hash Cond": "(ci.movie_id = mi.movie_id)",
                                                                                "Workers": [],
                                                                                "Plans": [
                                                                                    {
                                                                                        "Node Type": "Seq Scan",
                                                                                        "Parent Relationship": "Outer",
                                                                                        "Parallel Aware": true,
                                                                                        "Async Capable": false,
                                                                                        "Relation Name": "cast_info",
                                                                                        "Alias": "ci",
                                                                                        "Startup Cost": 0.0,
                                                                                        "Total Cost": 350881.77,
                                                                                        "Plan Rows": 205787,
                                                                                        "Plan Width": 8,
                                                                                        "Actual Startup Time": 20.716,
                                                                                        "Actual Total Time": 307.626,
                                                                                        "Actual Rows": 248943,
                                                                                        "Actual Loops": 5,
                                                                                        "Filter": "(note = ANY ('{(writer),\"(head writer)\",\"(written by)\",(story),\"(story editor)\"}'::text[]))",
                                                                                        "Rows Removed by Filter": 6999926,
                                                                                        "Workers": []
                                                                                    },
                                                                                    {
                                                                                        "Node Type": "Hash",
                                                                                        "Parent Relationship": "Inner",
                                                                                        "Parallel Aware": true,
                                                                                        "Async Capable": false,
                                                                                        "Startup Cost": 278444.75,
                                                                                        "Total Cost": 278444.75,
                                                                                        "Plan Rows": 1,
                                                                                        "Plan Width": 64,
                                                                                        "Actual Startup Time": 374.06,
                                                                                        "Actual Total Time": 374.074,
                                                                                        "Actual Rows": 2931,
                                                                                        "Actual Loops": 5,
                                                                                        "Hash Buckets": 16384,
                                                                                        "Original Hash Buckets": 1024,
                                                                                        "Hash Batches": 1,
                                                                                        "Original Hash Batches": 1,
                                                                                        "Peak Memory Usage": 1272,
                                                                                        "Workers": [],
                                                                                        "Plans": [
                                                                                            {
                                                                                                "Node Type": "Hash Join",
                                                                                                "Parent Relationship": "Outer",
                                                                                                "Parallel Aware": true,
                                                                                                "Async Capable": false,
                                                                                                "Join Type": "Inner",
                                                                                                "Startup Cost": 64843.94,
                                                                                                "Total Cost": 278444.75,
                                                                                                "Plan Rows": 1,
                                                                                                "Plan Width": 64,
                                                                                                "Actual Startup Time": 160.249,
                                                                                                "Actual Total Time": 366.446,
                                                                                                "Actual Rows": 2931,
                                                                                                "Actual Loops": 5,
                                                                                                "Inner Unique": false,
                                                                                                "Hash Cond": "(mi.movie_id = mi_idx.movie_id)",
                                                                                                "Workers": [],
                                                                                                "Plans": [
                                                                                                    {
                                                                                                        "Node Type": "Hash Join",
                                                                                                        "Parent Relationship": "Outer",
                                                                                                        "Parallel Aware": false,
                                                                                                        "Async Capable": false,
                                                                                                        "Join Type": "Inner",
                                                                                                        "Startup Cost": 2.43,
                                                                                                        "Total Cost": 213601.98,
                                                                                                        "Plan Rows": 331,
                                                                                                        "Plan Width": 46,
                                                                                                        "Actual Startup Time": 0.044,
                                                                                                        "Actual Total Time": 204.338,
                                                                                                        "Actual Rows": 37319,
                                                                                                        "Actual Loops": 5,
                                                                                                        "Inner Unique": true,
                                                                                                        "Hash Cond": "(mi.info_type_id = it1.id)",
                                                                                                        "Workers": [],
                                                                                                        "Plans": [
                                                                                                            {
                                                                                                                "Node Type": "Seq Scan",
                                                                                                                "Parent Relationship": "Outer",
                                                                                                                "Parallel Aware": true,
                                                                                                                "Async Capable": false,
                                                                                                                "Relation Name": "movie_info",
                                                                                                                "Alias": "mi",
                                                                                                                "Startup Cost": 0.0,
                                                                                                                "Total Cost": 213497.62,
                                                                                                                "Plan Rows": 37430,
                                                                                                                "Plan Width": 50,
                                                                                                                "Actual Startup Time": 0.026,
                                                                                                                "Actual Total Time": 201.808,
                                                                                                                "Actual Rows": 37794,
                                                                                                                "Actual Loops": 5,
                                                                                                                "Filter": "(info = ANY ('{Horror,Action,Sci-Fi,Thriller,Crime,War}'::text[]))",
                                                                                                                "Rows Removed by Filter": 2929350,
                                                                                                                "Workers": []
                                                                                                            },
                                                                                                            {
                                                                                                                "Node Type": "Hash",
                                                                                                                "Parent Relationship": "Inner",
                                                                                                                "Parallel Aware": false,
                                                                                                                "Async Capable": false,
                                                                                                                "Startup Cost": 2.41,
                                                                                                                "Total Cost": 2.41,
                                                                                                                "Plan Rows": 1,
                                                                                                                "Plan Width": 4,
                                                                                                                "Actual Startup Time": 0.008,
                                                                                                                "Actual Total Time": 0.009,
                                                                                                                "Actual Rows": 1,
                                                                                                                "Actual Loops": 5,
                                                                                                                "Hash Buckets": 1024,
                                                                                                                "Original Hash Buckets": 1024,
                                                                                                                "Hash Batches": 1,
                                                                                                                "Original Hash Batches": 1,
                                                                                                                "Peak Memory Usage": 9,
                                                                                                                "Workers": [],
                                                                                                                "Plans": [
                                                                                                                    {
                                                                                                                        "Node Type": "Seq Scan",
                                                                                                                        "Parent Relationship": "Outer",
                                                                                                                        "Parallel Aware": false,
                                                                                                                        "Async Capable": false,
                                                                                                                        "Relation Name": "info_type",
                                                                                                                        "Alias": "it1",
                                                                                                                        "Startup Cost": 0.0,
                                                                                                                        "Total Cost": 2.41,
                                                                                                                        "Plan Rows": 1,
                                                                                                                        "Plan Width": 4,
                                                                                                                        "Actual Startup Time": 0.003,
                                                                                                                        "Actual Total Time": 0.007,
                                                                                                                        "Actual Rows": 1,
                                                                                                                        "Actual Loops": 5,
                                                                                                                        "Filter": "((info)::text = 'genres'::text)",
                                                                                                                        "Rows Removed by Filter": 112,
                                                                                                                        "Workers": []
                                                                                                                    }
                                                                                                                ]
                                                                                                            }
                                                                                                        ]
                                                                                                    },
                                                                                                    {
                                                                                                        "Node Type": "Hash",
                                                                                                        "Parent Relationship": "Inner",
                                                                                                        "Parallel Aware": true,
                                                                                                        "Async Capable": false,
                                                                                                        "Startup Cost": 64841.51,
                                                                                                        "Total Cost": 64841.51,
                                                                                                        "Plan Rows": 1,
                                                                                                        "Plan Width": 18,
                                                                                                        "Actual Startup Time": 160.125,
                                                                                                        "Actual Total Time": 160.134,
                                                                                                        "Actual Rows": 2495,
                                                                                                        "Actual Loops": 5,
                                                                                                        "Hash Buckets": 16384,
                                                                                                        "Original Hash Buckets": 1024,
                                                                                                        "Hash Batches": 1,
                                                                                                        "Original Hash Batches": 1,
                                                                                                        "Peak Memory Usage": 984,
                                                                                                        "Workers": [],
                                                                                                        "Plans": [
                                                                                                            {
                                                                                                                "Node Type": "Hash Join",
                                                                                                                "Parent Relationship": "Outer",
                                                                                                                "Parallel Aware": true,
                                                                                                                "Async Capable": false,
                                                                                                                "Join Type": "Inner",
                                                                                                                "Startup Cost": 49538.24,
                                                                                                                "Total Cost": 64841.51,
                                                                                                                "Plan Rows": 1,
                                                                                                                "Plan Width": 18,
                                                                                                                "Actual Startup Time": 122.997,
                                                                                                                "Actual Total Time": 149.294,
                                                                                                                "Actual Rows": 2495,
                                                                                                                "Actual Loops": 5,
                                                                                                                "Inner Unique": false,
                                                                                                                "Hash Cond": "(mi_idx.movie_id = mk.movie_id)",
                                                                                                                "Workers": [],
                                                                                                                "Plans": [
                                                                                                                    {
                                                                                                                        "Node Type": "Hash Join",
                                                                                                                        "Parent Relationship": "Outer",
                                                                                                                        "Parallel Aware": false,
                                                                                                                        "Async Capable": false,
                                                                                                                        "Join Type": "Inner",
                                                                                                                        "Startup Cost": 2.43,
                                                                                                                        "Total Cost": 15286.6,
                                                                                                                        "Plan Rows": 5089,
                                                                                                                        "Plan Width": 10,
                                                                                                                        "Actual Startup Time": 0.039,
                                                                                                                        "Actual Total Time": 23.858,
                                                                                                                        "Actual Rows": 91985,
                                                                                                                        "Actual Loops": 5,
                                                                                                                        "Inner Unique": true,
                                                                                                                        "Hash Cond": "(mi_idx.info_type_id = it2.id)",
                                                                                                                        "Workers": [],
                                                                                                                        "Plans": [
                                                                                                                            {
                                                                                                                                "Node Type": "Seq Scan",
                                                                                                                                "Parent Relationship": "Outer",
                                                                                                                                "Parallel Aware": true,
                                                                                                                                "Async Capable": false,
                                                                                                                                "Relation Name": "movie_info_idx",
                                                                                                                                "Alias": "mi_idx",
                                                                                                                                "Startup Cost": 0.0,
                                                                                                                                "Total Cost": 13718.15,
                                                                                                                                "Plan Rows": 575015,
                                                                                                                                "Plan Width": 14,
                                                                                                                                "Actual Startup Time": 0.005,
                                                                                                                                "Actual Total Time": 11.031,
                                                                                                                                "Actual Rows": 276007,
                                                                                                                                "Actual Loops": 5,
                                                                                                                                "Workers": []
                                                                                                                            },
                                                                                                                            {
                                                                                                                                "Node Type": "Hash",
                                                                                                                                "Parent Relationship": "Inner",
                                                                                                                                "Parallel Aware": false,
                                                                                                                                "Async Capable": false,
                                                                                                                                "Startup Cost": 2.41,
                                                                                                                                "Total Cost": 2.41,
                                                                                                                                "Plan Rows": 1,
                                                                                                                                "Plan Width": 4,
                                                                                                                                "Actual Startup Time": 0.022,
                                                                                                                                "Actual Total Time": 0.022,
                                                                                                                                "Actual Rows": 1,
                                                                                                                                "Actual Loops": 5,
                                                                                                                                "Hash Buckets": 1024,
                                                                                                                                "Original Hash Buckets": 1024,
                                                                                                                                "Hash Batches": 1,
                                                                                                                                "Original Hash Batches": 1,
                                                                                                                                "Peak Memory Usage": 9,
                                                                                                                                "Workers": [],
                                                                                                                                "Plans": [
                                                                                                                                    {
                                                                                                                                        "Node Type": "Seq Scan",
                                                                                                                                        "Parent Relationship": "Outer",
                                                                                                                                        "Parallel Aware": false,
                                                                                                                                        "Async Capable": false,
                                                                                                                                        "Relation Name": "info_type",
                                                                                                                                        "Alias": "it2",
                                                                                                                                        "Startup Cost": 0.0,
                                                                                                                                        "Total Cost": 2.41,
                                                                                                                                        "Plan Rows": 1,
                                                                                                                                        "Plan Width": 4,
                                                                                                                                        "Actual Startup Time": 0.016,
                                                                                                                                        "Actual Total Time": 0.017,
                                                                                                                                        "Actual Rows": 1,
                                                                                                                                        "Actual Loops": 5,
                                                                                                                                        "Filter": "((info)::text = 'votes'::text)",
                                                                                                                                        "Rows Removed by Filter": 112,
                                                                                                                                        "Workers": []
                                                                                                                                    }
                                                                                                                                ]
                                                                                                                            }
                                                                                                                        ]
                                                                                                                    },
                                                                                                                    {
                                                                                                                        "Node Type": "Hash",
                                                                                                                        "Parent Relationship": "Inner",
                                                                                                                        "Parallel Aware": true,
                                                                                                                        "Async Capable": false,
                                                                                                                        "Startup Cost": 49535.74,
                                                                                                                        "Total Cost": 49535.74,
                                                                                                                        "Plan Rows": 6,
                                                                                                                        "Plan Width": 8,
                                                                                                                        "Actual Startup Time": 121.424,
                                                                                                                        "Actual Total Time": 121.43,
                                                                                                                        "Actual Rows": 2504,
                                                                                                                        "Actual Loops": 5,
                                                                                                                        "Hash Buckets": 16384,
                                                                                                                        "Original Hash Buckets": 1024,
                                                                                                                        "Hash Batches": 1,
                                                                                                                        "Original Hash Batches": 1,
                                                                                                                        "Peak Memory Usage": 888,
                                                                                                                        "Workers": [],
                                                                                                                        "Plans": [
                                                                                                                            {
                                                                                                                                "Node Type": "Hash Join",
                                                                                                                                "Parent Relationship": "Outer",
                                                                                                                                "Parallel Aware": false,
                                                                                                                                "Async Capable": false,
                                                                                                                                "Join Type": "Inner",
                                                                                                                                "Startup Cost": 6631.19,
                                                                                                                                "Total Cost": 49535.74,
                                                                                                                                "Plan Rows": 6,
                                                                                                                                "Plan Width": 8,
                                                                                                                                "Actual Startup Time": 24.848,
                                                                                                                                "Actual Total Time": 87.062,
                                                                                                                                "Actual Rows": 2504,
                                                                                                                                "Actual Loops": 5,
                                                                                                                                "Inner Unique": false,
                                                                                                                                "Hash Cond": "(mk.movie_id = cc.movie_id)",
                                                                                                                                "Workers": [],
                                                                                                                                "Plans": [
                                                                                                                                    {
                                                                                                                                        "Node Type": "Hash Join",
                                                                                                                                        "Parent Relationship": "Outer",
                                                                                                                                        "Parallel Aware": false,
                                                                                                                                        "Async Capable": false,
                                                                                                                                        "Join Type": "Inner",
                                                                                                                                        "Startup Cost": 3523.78,
                                                                                                                                        "Total Cost": 46427.97,
                                                                                                                                        "Plan Rows": 76,
                                                                                                                                        "Plan Width": 4,
                                                                                                                                        "Actual Startup Time": 7.923,
                                                                                                                                        "Actual Total Time": 69.537,
                                                                                                                                        "Actual Rows": 15343,
                                                                                                                                        "Actual Loops": 5,
                                                                                                                                        "Inner Unique": true,
                                                                                                                                        "Hash Cond": "(mk.keyword_id = k.id)",
                                                                                                                                        "Workers": [],
                                                                                                                                        "Plans": [
                                                                                                                                            {
                                                                                                                                                "Node Type": "Seq Scan",
                                                                                                                                                "Parent Relationship": "Outer",
                                                                                                                                                "Parallel Aware": true,
                                                                                                                                                "Async Capable": false,
                                                                                                                                                "Relation Name": "movie_keyword",
                                                                                                                                                "Alias": "mk",
                                                                                                                                                "Startup Cost": 0.0,
                                                                                                                                                "Total Cost": 39073.32,
                                                                                                                                                "Plan Rows": 1459332,
                                                                                                                                                "Plan Width": 8,
                                                                                                                                                "Actual Startup Time": 0.006,
                                                                                                                                                "Actual Total Time": 34.655,
                                                                                                                                                "Actual Rows": 904786,
                                                                                                                                                "Actual Loops": 5,
                                                                                                                                                "Workers": []
                                                                                                                                            },
                                                                                                                                            {
                                                                                                                                                "Node Type": "Hash",
                                                                                                                                                "Parent Relationship": "Inner",
                                                                                                                                                "Parallel Aware": false,
                                                                                                                                                "Async Capable": false,
                                                                                                                                                "Startup Cost": 3523.69,
                                                                                                                                                "Total Cost": 3523.69,
                                                                                                                                                "Plan Rows": 7,
                                                                                                                                                "Plan Width": 4,
                                                                                                                                                "Actual Startup Time": 7.897,
                                                                                                                                                "Actual Total Time": 7.897,
                                                                                                                                                "Actual Rows": 7,
                                                                                                                                                "Actual Loops": 5,
                                                                                                                                                "Hash Buckets": 1024,
                                                                                                                                                "Original Hash Buckets": 1024,
                                                                                                                                                "Hash Batches": 1,
                                                                                                                                                "Original Hash Batches": 1,
                                                                                                                                                "Peak Memory Usage": 9,
                                                                                                                                                "Workers": [],
                                                                                                                                                "Plans": [
                                                                                                                                                    {
                                                                                                                                                        "Node Type": "Seq Scan",
                                                                                                                                                        "Parent Relationship": "Outer",
                                                                                                                                                        "Parallel Aware": false,
                                                                                                                                                        "Async Capable": false,
                                                                                                                                                        "Relation Name": "keyword",
                                                                                                                                                        "Alias": "k",
                                                                                                                                                        "Startup Cost": 0.0,
                                                                                                                                                        "Total Cost": 3523.69,
                                                                                                                                                        "Plan Rows": 7,
                                                                                                                                                        "Plan Width": 4,
                                                                                                                                                        "Actual Startup Time": 0.226,
                                                                                                                                                        "Actual Total Time": 7.893,
                                                                                                                                                        "Actual Rows": 7,
                                                                                                                                                        "Actual Loops": 5,
                                                                                                                                                        "Filter": "(keyword = ANY ('{murder,violence,blood,gore,death,female-nudity,hospital}'::text[]))",
                                                                                                                                                        "Rows Removed by Filter": 134163,
                                                                                                                                                        "Workers": []
                                                                                                                                                    }
                                                                                                                                                ]
                                                                                                                                            }
                                                                                                                                        ]
                                                                                                                                    },
                                                                                                                                    {
                                                                                                                                        "Node Type": "Hash",
                                                                                                                                        "Parent Relationship": "Inner",
                                                                                                                                        "Parallel Aware": false,
                                                                                                                                        "Async Capable": false,
                                                                                                                                        "Startup Cost": 3001.88,
                                                                                                                                        "Total Cost": 3001.88,
                                                                                                                                        "Plan Rows": 8443,
                                                                                                                                        "Plan Width": 4,
                                                                                                                                        "Actual Startup Time": 16.106,
                                                                                                                                        "Actual Total Time": 16.11,
                                                                                                                                        "Actual Rows": 17879,
                                                                                                                                        "Actual Loops": 5,
                                                                                                                                        "Hash Buckets": 32768,
                                                                                                                                        "Original Hash Buckets": 16384,
                                                                                                                                        "Hash Batches": 1,
                                                                                                                                        "Original Hash Batches": 1,
                                                                                                                                        "Peak Memory Usage": 885,
                                                                                                                                        "Workers": [],
                                                                                                                                        "Plans": [
                                                                                                                                            {
                                                                                                                                                "Node Type": "Hash Join",
                                                                                                                                                "Parent Relationship": "Outer",
                                                                                                                                                "Parallel Aware": false,
                                                                                                                                                "Async Capable": false,
                                                                                                                                                "Join Type": "Inner",
                                                                                                                                                "Startup Cost": 2.12,
                                                                                                                                                "Total Cost": 3001.88,
                                                                                                                                                "Plan Rows": 8443,
                                                                                                                                                "Plan Width": 4,
                                                                                                                                                "Actual Startup Time": 0.03,
                                                                                                                                                "Actual Total Time": 15.193,
                                                                                                                                                "Actual Rows": 17879,
                                                                                                                                                "Actual Loops": 5,
                                                                                                                                                "Inner Unique": true,
                                                                                                                                                "Hash Cond": "(cc.status_id = cct2.id)",
                                                                                                                                                "Workers": [],
                                                                                                                                                "Plans": [
                                                                                                                                                    {
                                                                                                                                                        "Node Type": "Hash Join",
                                                                                                                                                        "Parent Relationship": "Outer",
                                                                                                                                                        "Parallel Aware": false,
                                                                                                                                                        "Async Capable": false,
                                                                                                                                                        "Join Type": "Inner",
                                                                                                                                                        "Startup Cost": 1.06,
                                                                                                                                                        "Total Cost": 2818.24,
                                                                                                                                                        "Plan Rows": 33772,
                                                                                                                                                        "Plan Width": 8,
                                                                                                                                                        "Actual Startup Time": 0.015,
                                                                                                                                                        "Actual Total Time": 12.258,
                                                                                                                                                        "Actual Rows": 85941,
                                                                                                                                                        "Actual Loops": 5,
                                                                                                                                                        "Inner Unique": true,
                                                                                                                                                        "Hash Cond": "(cc.subject_id = cct1.id)",
                                                                                                                                                        "Workers": [],
                                                                                                                                                        "Plans": [
                                                                                                                                                            {
                                                                                                                                                                "Node Type": "Seq Scan",
                                                                                                                                                                "Parent Relationship": "Outer",
                                                                                                                                                                "Parallel Aware": false,
                                                                                                                                                                "Async Capable": false,
                                                                                                                                                                "Relation Name": "complete_cast",
                                                                                                                                                                "Alias": "cc",
                                                                                                                                                                "Startup Cost": 0.0,
                                                                                                                                                                "Total Cost": 2086.86,
                                                                                                                                                                "Plan Rows": 135086,
                                                                                                                                                                "Plan Width": 12,
                                                                                                                                                                "Actual Startup Time": 0.007,
                                                                                                                                                                "Actual Total Time": 4.962,
                                                                                                                                                                "Actual Rows": 135086,
                                                                                                                                                                "Actual Loops": 5,
                                                                                                                                                                "Workers": []
                                                                                                                                                            },
                                                                                                                                                            {
                                                                                                                                                                "Node Type": "Hash",
                                                                                                                                                                "Parent Relationship": "Inner",
                                                                                                                                                                "Parallel Aware": false,
                                                                                                                                                                "Async Capable": false,
                                                                                                                                                                "Startup Cost": 1.05,
                                                                                                                                                                "Total Cost": 1.05,
                                                                                                                                                                "Plan Rows": 1,
                                                                                                                                                                "Plan Width": 4,
                                                                                                                                                                "Actual Startup Time": 0.002,
                                                                                                                                                                "Actual Total Time": 0.002,
                                                                                                                                                                "Actual Rows": 1,
                                                                                                                                                                "Actual Loops": 5,
                                                                                                                                                                "Hash Buckets": 1024,
                                                                                                                                                                "Original Hash Buckets": 1024,
                                                                                                                                                                "Hash Batches": 1,
                                                                                                                                                                "Original Hash Batches": 1,
                                                                                                                                                                "Peak Memory Usage": 9,
                                                                                                                                                                "Workers": [],
                                                                                                                                                                "Plans": [
                                                                                                                                                                    {
                                                                                                                                                                        "Node Type": "Seq Scan",
                                                                                                                                                                        "Parent Relationship": "Outer",
                                                                                                                                                                        "Parallel Aware": false,
                                                                                                                                                                        "Async Capable": false,
                                                                                                                                                                        "Relation Name": "comp_cast_type",
                                                                                                                                                                        "Alias": "cct1",
                                                                                                                                                                        "Startup Cost": 0.0,
                                                                                                                                                                        "Total Cost": 1.05,
                                                                                                                                                                        "Plan Rows": 1,
                                                                                                                                                                        "Plan Width": 4,
                                                                                                                                                                        "Actual Startup Time": 0.001,
                                                                                                                                                                        "Actual Total Time": 0.001,
                                                                                                                                                                        "Actual Rows": 1,
                                                                                                                                                                        "Actual Loops": 5,
                                                                                                                                                                        "Filter": "((kind)::text = 'cast'::text)",
                                                                                                                                                                        "Rows Removed by Filter": 3,
                                                                                                                                                                        "Workers": []
                                                                                                                                                                    }
                                                                                                                                                                ]
                                                                                                                                                            }
                                                                                                                                                        ]
                                                                                                                                                    },
                                                                                                                                                    {
                                                                                                                                                        "Node Type": "Hash",
                                                                                                                                                        "Parent Relationship": "Inner",
                                                                                                                                                        "Parallel Aware": false,
                                                                                                                                                        "Async Capable": false,
                                                                                                                                                        "Startup Cost": 1.05,
                                                                                                                                                        "Total Cost": 1.05,
                                                                                                                                                        "Plan Rows": 1,
                                                                                                                                                        "Plan Width": 4,
                                                                                                                                                        "Actual Startup Time": 0.01,
                                                                                                                                                        "Actual Total Time": 0.011,
                                                                                                                                                        "Actual Rows": 1,
                                                                                                                                                        "Actual Loops": 5,
                                                                                                                                                        "Hash Buckets": 1024,
                                                                                                                                                        "Original Hash Buckets": 1024,
                                                                                                                                                        "Hash Batches": 1,
                                                                                                                                                        "Original Hash Batches": 1,
                                                                                                                                                        "Peak Memory Usage": 9,
                                                                                                                                                        "Workers": [],
                                                                                                                                                        "Plans": [
                                                                                                                                                            {
                                                                                                                                                                "Node Type": "Seq Scan",
                                                                                                                                                                "Parent Relationship": "Outer",
                                                                                                                                                                "Parallel Aware": false,
                                                                                                                                                                "Async Capable": false,
                                                                                                                                                                "Relation Name": "comp_cast_type",
                                                                                                                                                                "Alias": "cct2",
                                                                                                                                                                "Startup Cost": 0.0,
                                                                                                                                                                "Total Cost": 1.05,
                                                                                                                                                                "Plan Rows": 1,
                                                                                                                                                                "Plan Width": 4,
                                                                                                                                                                "Actual Startup Time": 0.009,
                                                                                                                                                                "Actual Total Time": 0.009,
                                                                                                                                                                "Actual Rows": 1,
                                                                                                                                                                "Actual Loops": 5,
                                                                                                                                                                "Filter": "((kind)::text = 'complete+verified'::text)",
                                                                                                                                                                "Rows Removed by Filter": 3,
                                                                                                                                                                "Workers": []
                                                                                                                                                            }
                                                                                                                                                        ]
                                                                                                                                                    }
                                                                                                                                                ]
                                                                                                                                            }
                                                                                                                                        ]
                                                                                                                                    }
                                                                                                                                ]
                                                                                                                            }
                                                                                                                        ]
                                                                                                                    }
                                                                                                                ]
                                                                                                            }
                                                                                                        ]
                                                                                                    }
                                                                                                ]
                                                                                            }
                                                                                        ]
                                                                                    }
                                                                                ]
                                                                            }
                                                                        ]
                                                                    }
                                                                ]
                                                            }
                                                        ]
                                                    }
                                                ]
                                            }
                                        ]
                                    }
                                ]
                            }
                        ]
                    },
                    "Planning Time": 19.471,
                    "Triggers": [],
                    "Execution Time": 847.725
                }
            ],
            "hints": [
                "SET enable_hashjoin TO on",
                "SET enable_indexonlyscan TO on",
                "SET enable_indexscan TO off",
                "SET enable_mergejoin TO off",
                "SET enable_nestloop TO on",
                "SET enable_seqscan TO on"
            ]
        },
        {
            "arm": 3,
            "execution_time": 828.423,
            "plan": [
                {
                    "Plan": {
                        "Node Type": "Aggregate",
                        "Strategy": "Plain",
                        "Partial Mode": "Finalize",
                        "Parallel Aware": false,
                        "Async Capable": false,
                        "Startup Cost": 746108.58,
                        "Total Cost": 746108.59,
                        "Plan Rows": 1,
                        "Plan Width": 128,
                        "Actual Startup Time": 804.348,
                        "Actual Total Time": 828.36,
                        "Actual Rows": 1,
                        "Actual Loops": 1,
                        "Plans": [
                            {
                                "Node Type": "Gather",
                                "Parent Relationship": "Outer",
                                "Parallel Aware": false,
                                "Async Capable": false,
                                "Startup Cost": 746108.13,
                                "Total Cost": 746108.54,
                                "Plan Rows": 4,
                                "Plan Width": 128,
                                "Actual Startup Time": 804.103,
                                "Actual Total Time": 828.354,
                                "Actual Rows": 5,
                                "Actual Loops": 1,
                                "Workers Planned": 4,
                                "Workers Launched": 4,
                                "Single Copy": false,
                                "Plans": [
                                    {
                                        "Node Type": "Aggregate",
                                        "Strategy": "Plain",
                                        "Partial Mode": "Partial",
                                        "Parent Relationship": "Outer",
                                        "Parallel Aware": false,
                                        "Async Capable": false,
                                        "Startup Cost": 745108.13,
                                        "Total Cost": 745108.14,
                                        "Plan Rows": 1,
                                        "Plan Width": 128,
                                        "Actual Startup Time": 802.132,
                                        "Actual Total Time": 802.148,
                                        "Actual Rows": 1,
                                        "Actual Loops": 5,
                                        "Workers": [],
                                        "Plans": [
                                            {
                                                "Node Type": "Hash Join",
                                                "Parent Relationship": "Outer",
                                                "Parallel Aware": true,
                                                "Async Capable": false,
                                                "Join Type": "Inner",
                                                "Startup Cost": 700408.21,
                                                "Total Cost": 745108.12,
                                                "Plan Rows": 1,
                                                "Plan Width": 80,
                                                "Actual Startup Time": 765.847,
                                                "Actual Total Time": 802.053,
                                                "Actual Rows": 1605,
                                                "Actual Loops": 5,
                                                "Inner Unique": false,
                                                "Hash Cond": "(t.id = mi.movie_id)",
                                                "Workers": [],
                                                "Plans": [
                                                    {
                                                        "Node Type": "Seq Scan",
                                                        "Parent Relationship": "Outer",
                                                        "Parallel Aware": true,
                                                        "Async Capable": false,
                                                        "Relation Name": "title",
                                                        "Alias": "t",
                                                        "Startup Cost": 0.0,
                                                        "Total Cost": 42329.38,
                                                        "Plan Rows": 632138,
                                                        "Plan Width": 21,
                                                        "Actual Startup Time": 0.004,
                                                        "Actual Total Time": 19.656,
                                                        "Actual Rows": 505662,
                                                        "Actual Loops": 5,
                                                        "Workers": []
                                                    },
                                                    {
                                                        "Node Type": "Hash",
                                                        "Parent Relationship": "Inner",
                                                        "Parallel Aware": true,
                                                        "Async Capable": false,
                                                        "Startup Cost": 700408.2,
                                                        "Total Cost": 700408.2,
                                                        "Plan Rows": 1,
                                                        "Plan Width": 83,
                                                        "Actual Startup Time": 762.331,
                                                        "Actual Total Time": 762.346,
                                                        "Actual Rows": 1605,
                                                        "Actual Loops": 5,
                                                        "Hash Buckets": 8192,
                                                        "Original Hash Buckets": 1024,
                                                        "Hash Batches": 1,
                                                        "Original Hash Batches": 1,
                                                        "Peak Memory Usage": 920,
                                                        "Workers": [],
                                                        "Plans": [
                                                            {
                                                                "Node Type": "Hash Join",
                                                                "Parent Relationship": "Outer",
                                                                "Parallel Aware": true,
                                                                "Async Capable": false,
                                                                "Join Type": "Inner",
                                                                "Startup Cost": 630098.25,
                                                                "Total Cost": 700408.2,
                                                                "Plan Rows": 1,
                                                                "Plan Width": 83,
                                                                "Actual Startup Time": 692.289,
                                                                "Actual Total Time": 745.326,
                                                                "Actual Rows": 1605,
                                                                "Actual Loops": 5,
                                                                "Inner Unique": false,
                                                                "Hash Cond": "(n.id = ci.person_id)",
                                                                "Workers": [],
                                                                "Plans": [
                                                                    {
                                                                        "Node Type": "Seq Scan",
                                                                        "Parent Relationship": "Outer",
                                                                        "Parallel Aware": true,
                                                                        "Async Capable": false,
                                                                        "Relation Name": "name",
                                                                        "Alias": "n",
                                                                        "Startup Cost": 0.0,
                                                                        "Total Cost": 68679.41,
                                                                        "Plan Rows": 434808,
                                                                        "Plan Width": 19,
                                                                        "Actual Startup Time": 0.004,
                                                                        "Actual Total Time": 41.949,
                                                                        "Actual Rows": 347916,
                                                                        "Actual Loops": 5,
                                                                        "Filter": "((gender)::text = 'm'::text)",
                                                                        "Rows Removed by Filter": 485582,
                                                                        "Workers": []
                                                                    },
                                                                    {
                                                                        "Node Type": "Hash",
                                                                        "Parent Relationship": "Inner",
                                                                        "Parallel Aware": true,
                                                                        "Async Capable": false,
                                                                        "Startup Cost": 630098.24,
                                                                        "Total Cost": 630098.24,
                                                                        "Plan Rows": 1,
                                                                        "Plan Width": 72,
                                                                        "Actual Startup Time": 691.954,
                                                                        "Actual Total Time": 691.967,
                                                                        "Actual Rows": 2373,
                                                                        "Actual Loops": 5,
                                                                        "Hash Buckets": 16384,
                                                                        "Original Hash Buckets": 1024,
                                                                        "Hash Batches": 1,
                                                                        "Original Hash Batches": 1,
                                                                        "Peak Memory Usage": 1144,
                                                                        "Workers": [],
                                                                        "Plans": [
                                                                            {
                                                                                "Node Type": "Hash Join",
                                                                                "Parent Relationship": "Outer",
                                                                                "Parallel Aware": true,
                                                                                "Async Capable": false,
                                                                                "Join Type": "Inner",
                                                                                "Startup Cost": 278444.76,
                                                                                "Total Cost": 630098.24,
                                                                                "Plan Rows": 1,
                                                                                "Plan Width": 72,
                                                                                "Actual Startup Time": 550.638,
                                                                                "Actual Total Time": 676.153,
                                                                                "Actual Rows": 2373,
                                                                                "Actual Loops": 5,
                                                                                "Inner Unique": false,
                                                                                "Hash Cond": "(ci.movie_id = mi.movie_id)",
                                                                                "Workers": [],
                                                                                "Plans": [
                                                                                    {
                                                                                        "Node Type": "Seq Scan",
                                                                                        "Parent Relationship": "Outer",
                                                                                        "Parallel Aware": true,
                                                                                        "Async Capable": false,
                                                                                        "Relation Name": "cast_info",
                                                                                        "Alias": "ci",
                                                                                        "Startup Cost": 0.0,
                                                                                        "Total Cost": 350881.77,
                                                                                        "Plan Rows": 205787,
                                                                                        "Plan Width": 8,
                                                                                        "Actual Startup Time": 20.186,
                                                                                        "Actual Total Time": 308.945,
                                                                                        "Actual Rows": 248943,
                                                                                        "Actual Loops": 5,
                                                                                        "Filter": "(note = ANY ('{(writer),\"(head writer)\",\"(written by)\",(story),\"(story editor)\"}'::text[]))",
                                                                                        "Rows Removed by Filter": 6999926,
                                                                                        "Workers": []
                                                                                    },
                                                                                    {
                                                                                        "Node Type": "Hash",
                                                                                        "Parent Relationship": "Inner",
                                                                                        "Parallel Aware": true,
                                                                                        "Async Capable": false,
                                                                                        "Startup Cost": 278444.75,
                                                                                        "Total Cost": 278444.75,
                                                                                        "Plan Rows": 1,
                                                                                        "Plan Width": 64,
                                                                                        "Actual Startup Time": 357.542,
                                                                                        "Actual Total Time": 357.553,
                                                                                        "Actual Rows": 2931,
                                                                                        "Actual Loops": 5,
                                                                                        "Hash Buckets": 16384,
                                                                                        "Original Hash Buckets": 1024,
                                                                                        "Hash Batches": 1,
                                                                                        "Original Hash Batches": 1,
                                                                                        "Peak Memory Usage": 1240,
                                                                                        "Workers": [],
                                                                                        "Plans": [
                                                                                            {
                                                                                                "Node Type": "Hash Join",
                                                                                                "Parent Relationship": "Outer",
                                                                                                "Parallel Aware": true,
                                                                                                "Async Capable": false,
                                                                                                "Join Type": "Inner",
                                                                                                "Startup Cost": 64843.94,
                                                                                                "Total Cost": 278444.75,
                                                                                                "Plan Rows": 1,
                                                                                                "Plan Width": 64,
                                                                                                "Actual Startup Time": 143.434,
                                                                                                "Actual Total Time": 349.41,
                                                                                                "Actual Rows": 2931,
                                                                                                "Actual Loops": 5,
                                                                                                "Inner Unique": false,
                                                                                                "Hash Cond": "(mi.movie_id = mi_idx.movie_id)",
                                                                                                "Workers": [],
                                                                                                "Plans": [
                                                                                                    {
                                                                                                        "Node Type": "Hash Join",
                                                                                                        "Parent Relationship": "Outer",
                                                                                                        "Parallel Aware": false,
                                                                                                        "Async Capable": false,
                                                                                                        "Join Type": "Inner",
                                                                                                        "Startup Cost": 2.43,
                                                                                                        "Total Cost": 213601.98,
                                                                                                        "Plan Rows": 331,
                                                                                                        "Plan Width": 46,
                                                                                                        "Actual Startup Time": 0.035,
                                                                                                        "Actual Total Time": 204.152,
                                                                                                        "Actual Rows": 37319,
                                                                                                        "Actual Loops": 5,
                                                                                                        "Inner Unique": true,
                                                                                                        "Hash Cond": "(mi.info_type_id = it1.id)",
                                                                                                        "Workers": [],
                                                                                                        "Plans": [
                                                                                                            {
                                                                                                                "Node Type": "Seq Scan",
                                                                                                                "Parent Relationship": "Outer",
                                                                                                                "Parallel Aware": true,
                                                                                                                "Async Capable": false,
                                                                                                                "Relation Name": "movie_info",
                                                                                                                "Alias": "mi",
                                                                                                                "Startup Cost": 0.0,
                                                                                                                "Total Cost": 213497.62,
                                                                                                                "Plan Rows": 37430,
                                                                                                                "Plan Width": 50,
                                                                                                                "Actual Startup Time": 0.018,
                                                                                                                "Actual Total Time": 201.683,
                                                                                                                "Actual Rows": 37794,
                                                                                                                "Actual Loops": 5,
                                                                                                                "Filter": "(info = ANY ('{Horror,Action,Sci-Fi,Thriller,Crime,War}'::text[]))",
                                                                                                                "Rows Removed by Filter": 2929350,
                                                                                                                "Workers": []
                                                                                                            },
                                                                                                            {
                                                                                                                "Node Type": "Hash",
                                                                                                                "Parent Relationship": "Inner",
                                                                                                                "Parallel Aware": false,
                                                                                                                "Async Capable": false,
                                                                                                                "Startup Cost": 2.41,
                                                                                                                "Total Cost": 2.41,
                                                                                                                "Plan Rows": 1,
                                                                                                                "Plan Width": 4,
                                                                                                                "Actual Startup Time": 0.007,
                                                                                                                "Actual Total Time": 0.008,
                                                                                                                "Actual Rows": 1,
                                                                                                                "Actual Loops": 5,
                                                                                                                "Hash Buckets": 1024,
                                                                                                                "Original Hash Buckets": 1024,
                                                                                                                "Hash Batches": 1,
                                                                                                                "Original Hash Batches": 1,
                                                                                                                "Peak Memory Usage": 9,
                                                                                                                "Workers": [],
                                                                                                                "Plans": [
                                                                                                                    {
                                                                                                                        "Node Type": "Seq Scan",
                                                                                                                        "Parent Relationship": "Outer",
                                                                                                                        "Parallel Aware": false,
                                                                                                                        "Async Capable": false,
                                                                                                                        "Relation Name": "info_type",
                                                                                                                        "Alias": "it1",
                                                                                                                        "Startup Cost": 0.0,
                                                                                                                        "Total Cost": 2.41,
                                                                                                                        "Plan Rows": 1,
                                                                                                                        "Plan Width": 4,
                                                                                                                        "Actual Startup Time": 0.003,
                                                                                                                        "Actual Total Time": 0.006,
                                                                                                                        "Actual Rows": 1,
                                                                                                                        "Actual Loops": 5,
                                                                                                                        "Filter": "((info)::text = 'genres'::text)",
                                                                                                                        "Rows Removed by Filter": 112,
                                                                                                                        "Workers": []
                                                                                                                    }
                                                                                                                ]
                                                                                                            }
                                                                                                        ]
                                                                                                    },
                                                                                                    {
                                                                                                        "Node Type": "Hash",
                                                                                                        "Parent Relationship": "Inner",
                                                                                                        "Parallel Aware": true,
                                                                                                        "Async Capable": false,
                                                                                                        "Startup Cost": 64841.51,
                                                                                                        "Total Cost": 64841.51,
                                                                                                        "Plan Rows": 1,
                                                                                                        "Plan Width": 18,
                                                                                                        "Actual Startup Time": 143.326,
                                                                                                        "Actual Total Time": 143.334,
                                                                                                        "Actual Rows": 2495,
                                                                                                        "Actual Loops": 5,
                                                                                                        "Hash Buckets": 16384,
                                                                                                        "Original Hash Buckets": 1024,
                                                                                                        "Hash Batches": 1,
                                                                                                        "Original Hash Batches": 1,
                                                                                                        "Peak Memory Usage": 984,
                                                                                                        "Workers": [],
                                                                                                        "Plans": [
                                                                                                            {
                                                                                                                "Node Type": "Hash Join",
                                                                                                                "Parent Relationship": "Outer",
                                                                                                                "Parallel Aware": true,
                                                                                                                "Async Capable": false,
                                                                                                                "Join Type": "Inner",
                                                                                                                "Startup Cost": 49538.24,
                                                                                                                "Total Cost": 64841.51,
                                                                                                                "Plan Rows": 1,
                                                                                                                "Plan Width": 18,
                                                                                                                "Actual Startup Time": 105.834,
                                                                                                                "Actual Total Time": 132.542,
                                                                                                                "Actual Rows": 2495,
                                                                                                                "Actual Loops": 5,
                                                                                                                "Inner Unique": false,
                                                                                                                "Hash Cond": "(mi_idx.movie_id = mk.movie_id)",
                                                                                                                "Workers": [],
                                                                                                                "Plans": [
                                                                                                                    {
                                                                                                                        "Node Type": "Hash Join",
                                                                                                                        "Parent Relationship": "Outer",
                                                                                                                        "Parallel Aware": false,
                                                                                                                        "Async Capable": false,
                                                                                                                        "Join Type": "Inner",
                                                                                                                        "Startup Cost": 2.43,
                                                                                                                        "Total Cost": 15286.6,
                                                                                                                        "Plan Rows": 5089,
                                                                                                                        "Plan Width": 10,
                                                                                                                        "Actual Startup Time": 0.035,
                                                                                                                        "Actual Total Time": 23.996,
                                                                                                                        "Actual Rows": 91985,
                                                                                                                        "Actual Loops": 5,
                                                                                                                        "Inner Unique": true,
                                                                                                                        "Hash Cond": "(mi_idx.info_type_id = it2.id)",
                                                                                                                        "Workers": [],
                                                                                                                        "Plans": [
                                                                                                                            {
                                                                                                                                "Node Type": "Seq Scan",
                                                                                                                                "Parent Relationship": "Outer",
                                                                                                                                "Parallel Aware": true,
                                                                                                                                "Async Capable": false,
                                                                                                                                "Relation Name": "movie_info_idx",
                                                                                                                                "Alias": "mi_idx",
                                                                                                                                "Startup Cost": 0.0,
                                                                                                                                "Total Cost": 13718.15,
                                                                                                                                "Plan Rows": 575015,
                                                                                                                                "Plan Width": 14,
                                                                                                                                "Actual Startup Time": 0.007,
                                                                                                                                "Actual Total Time": 11.071,
                                                                                                                                "Actual Rows": 276007,
                                                                                                                                "Actual Loops": 5,
                                                                                                                                "Workers": []
                                                                                                                            },
                                                                                                                            {
                                                                                                                                "Node Type": "Hash",
                                                                                                                                "Parent Relationship": "Inner",
                                                                                                                                "Parallel Aware": false,
                                                                                                                                "Async Capable": false,
                                                                                                                                "Startup Cost": 2.41,
                                                                                                                                "Total Cost": 2.41,
                                                                                                                                "Plan Rows": 1,
                                                                                                                                "Plan Width": 4,
                                                                                                                                "Actual Startup Time": 0.015,
                                                                                                                                "Actual Total Time": 0.016,
                                                                                                                                "Actual Rows": 1,
                                                                                                                                "Actual Loops": 5,
                                                                                                                                "Hash Buckets": 1024,
                                                                                                                                "Original Hash Buckets": 1024,
                                                                                                                                "Hash Batches": 1,
                                                                                                                                "Original Hash Batches": 1,
                                                                                                                                "Peak Memory Usage": 9,
                                                                                                                                "Workers": [],
                                                                                                                                "Plans": [
                                                                                                                                    {
                                                                                                                                        "Node Type": "Seq Scan",
                                                                                                                                        "Parent Relationship": "Outer",
                                                                                                                                        "Parallel Aware": false,
                                                                                                                                        "Async Capable": false,
                                                                                                                                        "Relation Name": "info_type",
                                                                                                                                        "Alias": "it2",
                                                                                                                                        "Startup Cost": 0.0,
                                                                                                                                        "Total Cost": 2.41,
                                                                                                                                        "Plan Rows": 1,
                                                                                                                                        "Plan Width": 4,
                                                                                                                                        "Actual Startup Time": 0.011,
                                                                                                                                        "Actual Total Time": 0.011,
                                                                                                                                        "Actual Rows": 1,
                                                                                                                                        "Actual Loops": 5,
                                                                                                                                        "Filter": "((info)::text = 'votes'::text)",
                                                                                                                                        "Rows Removed by Filter": 112,
                                                                                                                                        "Workers": []
                                                                                                                                    }
                                                                                                                                ]
                                                                                                                            }
                                                                                                                        ]
                                                                                                                    },
                                                                                                                    {
                                                                                                                        "Node Type": "Hash",
                                                                                                                        "Parent Relationship": "Inner",
                                                                                                                        "Parallel Aware": true,
                                                                                                                        "Async Capable": false,
                                                                                                                        "Startup Cost": 49535.74,
                                                                                                                        "Total Cost": 49535.74,
                                                                                                                        "Plan Rows": 6,
                                                                                                                        "Plan Width": 8,
                                                                                                                        "Actual Startup Time": 104.516,
                                                                                                                        "Actual Total Time": 104.521,
                                                                                                                        "Actual Rows": 2504,
                                                                                                                        "Actual Loops": 5,
                                                                                                                        "Hash Buckets": 16384,
                                                                                                                        "Original Hash Buckets": 1024,
                                                                                                                        "Hash Batches": 1,
                                                                                                                        "Original Hash Batches": 1,
                                                                                                                        "Peak Memory Usage": 888,
                                                                                                                        "Workers": [],
                                                                                                                        "Plans": [
                                                                                                                            {
                                                                                                                                "Node Type": "Hash Join",
                                                                                                                                "Parent Relationship": "Outer",
                                                                                                                                "Parallel Aware": false,
                                                                                                                                "Async Capable": false,
                                                                                                                                "Join Type": "Inner",
                                                                                                                                "Startup Cost": 6631.19,
                                                                                                                                "Total Cost": 49535.74,
                                                                                                                                "Plan Rows": 6,
                                                                                                                                "Plan Width": 8,
                                                                                                                                "Actual Startup Time": 24.575,
                                                                                                                                "Actual Total Time": 86.551,
                                                                                                                                "Actual Rows": 2504,
                                                                                                                                "Actual Loops": 5,
                                                                                                                                "Inner Unique": false,
                                                                                                                                "Hash Cond": "(mk.movie_id = cc.movie_id)",
                                                                                                                                "Workers": [],
                                                                                                                                "Plans": [
                                                                                                                                    {
                                                                                                                                        "Node Type": "Hash Join",
                                                                                                                                        "Parent Relationship": "Outer",
                                                                                                                                        "Parallel Aware": false,
                                                                                                                                        "Async Capable": false,
                                                                                                                                        "Join Type": "Inner",
                                                                                                                                        "Startup Cost": 3523.78,
                                                                                                                                        "Total Cost": 46427.97,
                                                                                                                                        "Plan Rows": 76,
                                                                                                                                        "Plan Width": 4,
                                                                                                                                        "Actual Startup Time": 8.084,
                                                                                                                                        "Actual Total Time": 69.14,
                                                                                                                                        "Actual Rows": 15343,
                                                                                                                                        "Actual Loops": 5,
                                                                                                                                        "Inner Unique": true,
                                                                                                                                        "Hash Cond": "(mk.keyword_id = k.id)",
                                                                                                                                        "Workers": [],
                                                                                                                                        "Plans": [
                                                                                                                                            {
                                                                                                                                                "Node Type": "Seq Scan",
                                                                                                                                                "Parent Relationship": "Outer",
                                                                                                                                                "Parallel Aware": true,
                                                                                                                                                "Async Capable": false,
                                                                                                                                                "Relation Name": "movie_keyword",
                                                                                                                                                "Alias": "mk",
                                                                                                                                                "Startup Cost": 0.0,
                                                                                                                                                "Total Cost": 39073.32,
                                                                                                                                                "Plan Rows": 1459332,
                                                                                                                                                "Plan Width": 8,
                                                                                                                                                "Actual Startup Time": 0.005,
                                                                                                                                                "Actual Total Time": 34.453,
                                                                                                                                                "Actual Rows": 904786,
                                                                                                                                                "Actual Loops": 5,
                                                                                                                                                "Workers": []
                                                                                                                                            },
                                                                                                                                            {
                                                                                                                                                "Node Type": "Hash",
                                                                                                                                                "Parent Relationship": "Inner",
                                                                                                                                                "Parallel Aware": false,
                                                                                                                                                "Async Capable": false,
                                                                                                                                                "Startup Cost": 3523.69,
                                                                                                                                                "Total Cost": 3523.69,
                                                                                                                                                "Plan Rows": 7,
                                                                                                                                                "Plan Width": 4,
                                                                                                                                                "Actual Startup Time": 8.058,
                                                                                                                                                "Actual Total Time": 8.059,
                                                                                                                                                "Actual Rows": 7,
                                                                                                                                                "Actual Loops": 5,
                                                                                                                                                "Hash Buckets": 1024,
                                                                                                                                                "Original Hash Buckets": 1024,
                                                                                                                                                "Hash Batches": 1,
                                                                                                                                                "Original Hash Batches": 1,
                                                                                                                                                "Peak Memory Usage": 9,
                                                                                                                                                "Workers": [],
                                                                                                                                                "Plans": [
                                                                                                                                                    {
                                                                                                                                                        "Node Type": "Seq Scan",
                                                                                                                                                        "Parent Relationship": "Outer",
                                                                                                                                                        "Parallel Aware": false,
                                                                                                                                                        "Async Capable": false,
                                                                                                                                                        "Relation Name": "keyword",
                                                                                                                                                        "Alias": "k",
                                                                                                                                                        "Startup Cost": 0.0,
                                                                                                                                                        "Total Cost": 3523.69,
                                                                                                                                                        "Plan Rows": 7,
                                                                                                                                                        "Plan Width": 4,
                                                                                                                                                        "Actual Startup Time": 0.217,
                                                                                                                                                        "Actual Total Time": 8.057,
                                                                                                                                                        "Actual Rows": 7,
                                                                                                                                                        "Actual Loops": 5,
                                                                                                                                                        "Filter": "(keyword = ANY ('{murder,violence,blood,gore,death,female-nudity,hospital}'::text[]))",
                                                                                                                                                        "Rows Removed by Filter": 134163,
                                                                                                                                                        "Workers": []
                                                                                                                                                    }
                                                                                                                                                ]
                                                                                                                                            }
                                                                                                                                        ]
                                                                                                                                    },
                                                                                                                                    {
                                                                                                                                        "Node Type": "Hash",
                                                                                                                                        "Parent Relationship": "Inner",
                                                                                                                                        "Parallel Aware": false,
                                                                                                                                        "Async Capable": false,
                                                                                                                                        "Startup Cost": 3001.88,
                                                                                                                                        "Total Cost": 3001.88,
                                                                                                                                        "Plan Rows": 8443,
                                                                                                                                        "Plan Width": 4,
                                                                                                                                        "Actual Startup Time": 15.98,
                                                                                                                                        "Actual Total Time": 15.983,
                                                                                                                                        "Actual Rows": 17879,
                                                                                                                                        "Actual Loops": 5,
                                                                                                                                        "Hash Buckets": 32768,
                                                                                                                                        "Original Hash Buckets": 16384,
                                                                                                                                        "Hash Batches": 1,
                                                                                                                                        "Original Hash Batches": 1,
                                                                                                                                        "Peak Memory Usage": 885,
                                                                                                                                        "Workers": [],
                                                                                                                                        "Plans": [
                                                                                                                                            {
                                                                                                                                                "Node Type": "Hash Join",
                                                                                                                                                "Parent Relationship": "Outer",
                                                                                                                                                "Parallel Aware": false,
                                                                                                                                                "Async Capable": false,
                                                                                                                                                "Join Type": "Inner",
                                                                                                                                                "Startup Cost": 2.12,
                                                                                                                                                "Total Cost": 3001.88,
                                                                                                                                                "Plan Rows": 8443,
                                                                                                                                                "Plan Width": 4,
                                                                                                                                                "Actual Startup Time": 0.037,
                                                                                                                                                "Actual Total Time": 15.09,
                                                                                                                                                "Actual Rows": 17879,
                                                                                                                                                "Actual Loops": 5,
                                                                                                                                                "Inner Unique": true,
                                                                                                                                                "Hash Cond": "(cc.status_id = cct2.id)",
                                                                                                                                                "Workers": [],
                                                                                                                                                "Plans": [
                                                                                                                                                    {
                                                                                                                                                        "Node Type": "Hash Join",
                                                                                                                                                        "Parent Relationship": "Outer",
                                                                                                                                                        "Parallel Aware": false,
                                                                                                                                                        "Async Capable": false,
                                                                                                                                                        "Join Type": "Inner",
                                                                                                                                                        "Startup Cost": 1.06,
                                                                                                                                                        "Total Cost": 2818.24,
                                                                                                                                                        "Plan Rows": 33772,
                                                                                                                                                        "Plan Width": 8,
                                                                                                                                                        "Actual Startup Time": 0.019,
                                                                                                                                                        "Actual Total Time": 12.148,
                                                                                                                                                        "Actual Rows": 85941,
                                                                                                                                                        "Actual Loops": 5,
                                                                                                                                                        "Inner Unique": true,
                                                                                                                                                        "Hash Cond": "(cc.subject_id = cct1.id)",
                                                                                                                                                        "Workers": [],
                                                                                                                                                        "Plans": [
                                                                                                                                                            {
                                                                                                                                                                "Node Type": "Seq Scan",
                                                                                                                                                                "Parent Relationship": "Outer",
                                                                                                                                                                "Parallel Aware": false,
                                                                                                                                                                "Async Capable": false,
                                                                                                                                                                "Relation Name": "complete_cast",
                                                                                                                                                                "Alias": "cc",
                                                                                                                                                                "Startup Cost": 0.0,
                                                                                                                                                                "Total Cost": 2086.86,
                                                                                                                                                                "Plan Rows": 135086,
                                                                                                                                                                "Plan Width": 12,
                                                                                                                                                                "Actual Startup Time": 0.011,
                                                                                                                                                                "Actual Total Time": 4.812,
                                                                                                                                                                "Actual Rows": 135086,
                                                                                                                                                                "Actual Loops": 5,
                                                                                                                                                                "Workers": []
                                                                                                                                                            },
                                                                                                                                                            {
                                                                                                                                                                "Node Type": "Hash",
                                                                                                                                                                "Parent Relationship": "Inner",
                                                                                                                                                                "Parallel Aware": false,
                                                                                                                                                                "Async Capable": false,
                                                                                                                                                                "Startup Cost": 1.05,
                                                                                                                                                                "Total Cost": 1.05,
                                                                                                                                                                "Plan Rows": 1,
                                                                                                                                                                "Plan Width": 4,
                                                                                                                                                                "Actual Startup Time": 0.002,
                                                                                                                                                                "Actual Total Time": 0.002,
                                                                                                                                                                "Actual Rows": 1,
                                                                                                                                                                "Actual Loops": 5,
                                                                                                                                                                "Hash Buckets": 1024,
                                                                                                                                                                "Original Hash Buckets": 1024,
                                                                                                                                                                "Hash Batches": 1,
                                                                                                                                                                "Original Hash Batches": 1,
                                                                                                                                                                "Peak Memory Usage": 9,
                                                                                                                                                                "Workers": [],
                                                                                                                                                                "Plans": [
                                                                                                                                                                    {
                                                                                                                                                                        "Node Type": "Seq Scan",
                                                                                                                                                                        "Parent Relationship": "Outer",
                                                                                                                                                                        "Parallel Aware": false,
                                                                                                                                                                        "Async Capable": false,
                                                                                                                                                                        "Relation Name": "comp_cast_type",
                                                                                                                                                                        "Alias": "cct1",
                                                                                                                                                                        "Startup Cost": 0.0,
                                                                                                                                                                        "Total Cost": 1.05,
                                                                                                                                                                        "Plan Rows": 1,
                                                                                                                                                                        "Plan Width": 4,
                                                                                                                                                                        "Actual Startup Time": 0.001,
                                                                                                                                                                        "Actual Total Time": 0.001,
                                                                                                                                                                        "Actual Rows": 1,
                                                                                                                                                                        "Actual Loops": 5,
                                                                                                                                                                        "Filter": "((kind)::text = 'cast'::text)",
                                                                                                                                                                        "Rows Removed by Filter": 3,
                                                                                                                                                                        "Workers": []
                                                                                                                                                                    }
                                                                                                                                                                ]
                                                                                                                                                            }
                                                                                                                                                        ]
                                                                                                                                                    },
                                                                                                                                                    {
                                                                                                                                                        "Node Type": "Hash",
                                                                                                                                                        "Parent Relationship": "Inner",
                                                                                                                                                        "Parallel Aware": false,
                                                                                                                                                        "Async Capable": false,
                                                                                                                                                        "Startup Cost": 1.05,
                                                                                                                                                        "Total Cost": 1.05,
                                                                                                                                                        "Plan Rows": 1,
                                                                                                                                                        "Plan Width": 4,
                                                                                                                                                        "Actual Startup Time": 0.013,
                                                                                                                                                        "Actual Total Time": 0.014,
                                                                                                                                                        "Actual Rows": 1,
                                                                                                                                                        "Actual Loops": 5,
                                                                                                                                                        "Hash Buckets": 1024,
                                                                                                                                                        "Original Hash Buckets": 1024,
                                                                                                                                                        "Hash Batches": 1,
                                                                                                                                                        "Original Hash Batches": 1,
                                                                                                                                                        "Peak Memory Usage": 9,
                                                                                                                                                        "Workers": [],
                                                                                                                                                        "Plans": [
                                                                                                                                                            {
                                                                                                                                                                "Node Type": "Seq Scan",
                                                                                                                                                                "Parent Relationship": "Outer",
                                                                                                                                                                "Parallel Aware": false,
                                                                                                                                                                "Async Capable": false,
                                                                                                                                                                "Relation Name": "comp_cast_type",
                                                                                                                                                                "Alias": "cct2",
                                                                                                                                                                "Startup Cost": 0.0,
                                                                                                                                                                "Total Cost": 1.05,
                                                                                                                                                                "Plan Rows": 1,
                                                                                                                                                                "Plan Width": 4,
                                                                                                                                                                "Actual Startup Time": 0.011,
                                                                                                                                                                "Actual Total Time": 0.012,
                                                                                                                                                                "Actual Rows": 1,
                                                                                                                                                                "Actual Loops": 5,
                                                                                                                                                                "Filter": "((kind)::text = 'complete+verified'::text)",
                                                                                                                                                                "Rows Removed by Filter": 3,
                                                                                                                                                                "Workers": []
                                                                                                                                                            }
                                                                                                                                                        ]
                                                                                                                                                    }
                                                                                                                                                ]
                                                                                                                                            }
                                                                                                                                        ]
                                                                                                                                    }
                                                                                                                                ]
                                                                                                                            }
                                                                                                                        ]
                                                                                                                    }
                                                                                                                ]
                                                                                                            }
                                                                                                        ]
                                                                                                    }
                                                                                                ]
                                                                                            }
                                                                                        ]
                                                                                    }
                                                                                ]
                                                                            }
                                                                        ]
                                                                    }
                                                                ]
                                                            }
                                                        ]
                                                    }
                                                ]
                                            }
                                        ]
                                    }
                                ]
                            }
                        ]
                    },
                    "Planning Time": 20.283,
                    "Triggers": [],
                    "Execution Time": 828.423
                }
            ],
            "hints": [
                "SET enable_hashjoin TO on",
                "SET enable_indexonlyscan TO on",
                "SET enable_indexscan TO off",
                "SET enable_mergejoin TO off",
                "SET enable_nestloop TO off",
                "SET enable_seqscan TO on"
            ]
        },
        {
            "arm": 4,
            "execution_time": 872.606,
            "plan": [
                {
                    "Plan": {
                        "Node Type": "Aggregate",
                        "Strategy": "Plain",
                        "Partial Mode": "Simple",
                        "Parallel Aware": false,
                        "Async Capable": false,
                        "Startup Cost": 9586.33,
                        "Total Cost": 9586.34,
                        "Plan Rows": 1,
                        "Plan Width": 128,
                        "Actual Startup Time": 872.478,
                        "Actual Total Time": 872.551,
                        "Actual Rows": 1,
                        "Actual Loops": 1,
                        "Plans": [
                            {
                                "Node Type": "Nested Loop",
                                "Parent Relationship": "Outer",
                                "Parallel Aware": false,
                                "Async Capable": false,
                                "Join Type": "Inner",
                                "Startup Cost": 1006.27,
                                "Total Cost": 9586.32,
                                "Plan Rows": 1,
                                "Plan Width": 80,
                                "Actual Startup Time": 2.386,
                                "Actual Total Time": 871.952,
                                "Actual Rows": 8024,
                                "Actual Loops": 1,
                                "Inner Unique": true,
                                "Join Filter": "(mi.movie_id = t.id)",
                                "Rows Removed by Join Filter": 0,
                                "Plans": [
                                    {
                                        "Node Type": "Nested Loop",
                                        "Parent Relationship": "Outer",
                                        "Parallel Aware": false,
                                        "Async Capable": false,
                                        "Join Type": "Inner",
                                        "Startup Cost": 1005.84,
                                        "Total Cost": 9585.46,
                                        "Plan Rows": 1,
                                        "Plan Width": 83,
                                        "Actual Startup Time": 2.374,
                                        "Actual Total Time": 861.669,
                                        "Actual Rows": 8024,
                                        "Actual Loops": 1,
                                        "Inner Unique": true,
                                        "Plans": [
                                            {
                                                "Node Type": "Nested Loop",
                                                "Parent Relationship": "Outer",
                                                "Parallel Aware": false,
                                                "Async Capable": false,
                                                "Join Type": "Inner",
                                                "Startup Cost": 1005.41,
                                                "Total Cost": 9584.37,
                                                "Plan Rows": 1,
                                                "Plan Width": 72,
                                                "Actual Startup Time": 2.359,
                                                "Actual Total Time": 842.538,
                                                "Actual Rows": 11863,
                                                "Actual Loops": 1,
                                                "Inner Unique": true,
                                                "Plans": [
                                                    {
                                                        "Node Type": "Nested Loop",
                                                        "Parent Relationship": "Outer",
                                                        "Parallel Aware": false,
                                                        "Async Capable": false,
                                                        "Join Type": "Inner",
                                                        "Startup Cost": 1005.27,
                                                        "Total Cost": 9584.19,
                                                        "Plan Rows": 1,
                                                        "Plan Width": 76,
                                                        "Actual Startup Time": 2.356,
                                                        "Actual Total Time": 836.669,
                                                        "Actual Rows": 15083,
                                                        "Actual Loops": 1,
                                                        "Inner Unique": false,
                                                        "Join Filter": "(mi.movie_id = mi_idx.movie_id)",
                                                        "Rows Removed by Join Filter": 0,
                                                        "Plans": [
                                                            {
                                                                "Node Type": "Nested Loop",
                                                                "Parent Relationship": "Outer",
                                                                "Parallel Aware": false,
                                                                "Async Capable": false,
                                                                "Join Type": "Inner",
                                                                "Startup Cost": 1004.84,
                                                                "Total Cost": 9570.35,
                                                                "Plan Rows": 1,
                                                                "Plan Width": 26,
                                                                "Actual Startup Time": 2.315,
                                                                "Actual Total Time": 624.884,
                                                                "Actual Rows": 8824,
                                                                "Actual Loops": 1,
                                                                "Inner Unique": false,
                                                                "Join Filter": "(ci.movie_id = mi_idx.movie_id)",
                                                                "Rows Removed by Join Filter": 0,
                                                                "Plans": [
                                                                    {
                                                                        "Node Type": "Nested Loop",
                                                                        "Parent Relationship": "Outer",
                                                                        "Parallel Aware": false,
                                                                        "Async Capable": false,
                                                                        "Join Type": "Inner",
                                                                        "Startup Cost": 1004.39,
                                                                        "Total Cost": 9551.74,
                                                                        "Plan Rows": 1,
                                                                        "Plan Width": 18,
                                                                        "Actual Startup Time": 0.62,
                                                                        "Actual Total Time": 62.476,
                                                                        "Actual Rows": 12476,
                                                                        "Actual Loops": 1,
                                                                        "Inner Unique": true,
                                                                        "Plans": [
                                                                            {
                                                                                "Node Type": "Gather",
                                                                                "Parent Relationship": "Outer",
                                                                                "Parallel Aware": false,
                                                                                "Async Capable": false,
                                                                                "Startup Cost": 1004.26,
                                                                                "Total Cost": 9551.57,
                                                                                "Plan Rows": 1,
                                                                                "Plan Width": 22,
                                                                                "Actual Startup Time": 0.386,
                                                                                "Actual Total Time": 53.81,
                                                                                "Actual Rows": 24904,
                                                                                "Actual Loops": 1,
                                                                                "Workers Planned": 2,
                                                                                "Workers Launched": 2,
                                                                                "Single Copy": false,
                                                                                "Plans": [
                                                                                    {
                                                                                        "Node Type": "Nested Loop",
                                                                                        "Parent Relationship": "Outer",
                                                                                        "Parallel Aware": false,
                                                                                        "Async Capable": false,
                                                                                        "Join Type": "Inner",
                                                                                        "Startup Cost": 4.26,
                                                                                        "Total Cost": 8551.47,
                                                                                        "Plan Rows": 1,
                                                                                        "Plan Width": 22,
                                                                                        "Actual Startup Time": 0.375,
                                                                                        "Actual Total Time": 96.484,
                                                                                        "Actual Rows": 8301,
                                                                                        "Actual Loops": 3,
                                                                                        "Inner Unique": true,
                                                                                        "Workers": [],
                                                                                        "Plans": [
                                                                                            {
                                                                                                "Node Type": "Nested Loop",
                                                                                                "Parent Relationship": "Outer",
                                                                                                "Parallel Aware": false,
                                                                                                "Async Capable": false,
                                                                                                "Join Type": "Inner",
                                                                                                "Startup Cost": 4.12,
                                                                                                "Total Cost": 8551.3,
                                                                                                "Plan Rows": 1,
                                                                                                "Plan Width": 26,
                                                                                                "Actual Startup Time": 0.364,
                                                                                                "Actual Total Time": 94.729,
                                                                                                "Actual Rows": 11782,
                                                                                                "Actual Loops": 3,
                                                                                                "Inner Unique": false,
                                                                                                "Workers": [],
                                                                                                "Plans": [
                                                                                                    {
                                                                                                        "Node Type": "Hash Join",
                                                                                                        "Parent Relationship": "Outer",
                                                                                                        "Parallel Aware": false,
                                                                                                        "Async Capable": false,
                                                                                                        "Join Type": "Inner",
                                                                                                        "Startup Cost": 3.71,
                                                                                                        "Total Cost": 8549.64,
                                                                                                        "Plan Rows": 2,
                                                                                                        "Plan Width": 14,
                                                                                                        "Actual Startup Time": 0.236,
                                                                                                        "Actual Total Time": 77.656,
                                                                                                        "Actual Rows": 21234,
                                                                                                        "Actual Loops": 3,
                                                                                                        "Inner Unique": true,
                                                                                                        "Hash Cond": "(mi_idx.info_type_id = it2.id)",
                                                                                                        "Workers": [],
                                                                                                        "Plans": [
                                                                                                            {
                                                                                                                "Node Type": "Nested Loop",
                                                                                                                "Parent Relationship": "Outer",
                                                                                                                "Parallel Aware": false,
                                                                                                                "Async Capable": false,
                                                                                                                "Join Type": "Inner",
                                                                                                                "Startup Cost": 1.28,
                                                                                                                "Total Cost": 8546.39,
                                                                                                                "Plan Rows": 301,
                                                                                                                "Plan Width": 18,
                                                                                                                "Actual Startup Time": 0.21,
                                                                                                                "Actual Total Time": 74.421,
                                                                                                                "Actual Rows": 63896,
                                                                                                                "Actual Loops": 3,
                                                                                                                "Inner Unique": false,
                                                                                                                "Workers": [],
                                                                                                                "Plans": [
                                                                                                                    {
                                                                                                                        "Node Type": "Nested Loop",
                                                                                                                        "Parent Relationship": "Outer",
                                                                                                                        "Parallel Aware": false,
                                                                                                                        "Async Capable": false,
                                                                                                                        "Join Type": "Inner",
                                                                                                                        "Startup Cost": 0.85,
                                                                                                                        "Total Cost": 8465.99,
                                                                                                                        "Plan Rows": 98,
                                                                                                                        "Plan Width": 4,
                                                                                                                        "Actual Startup Time": 0.187,
                                                                                                                        "Actual Total Time": 31.438,
                                                                                                                        "Actual Rows": 25571,
                                                                                                                        "Actual Loops": 3,
                                                                                                                        "Inner Unique": false,
                                                                                                                        "Workers": [],
                                                                                                                        "Plans": [
                                                                                                                            {
                                                                                                                                "Node Type": "Index Scan",
                                                                                                                                "Parent Relationship": "Outer",
                                                                                                                                "Parallel Aware": true,
                                                                                                                                "Async Capable": false,
                                                                                                                                "Scan Direction": "Forward",
                                                                                                                                "Index Name": "keyword_pkey",
                                                                                                                                "Relation Name": "keyword",
                                                                                                                                "Alias": "k",
                                                                                                                                "Startup Cost": 0.42,
                                                                                                                                "Total Cost": 4943.81,
                                                                                                                                "Plan Rows": 3,
                                                                                                                                "Plan Width": 4,
                                                                                                                                "Actual Startup Time": 0.144,
                                                                                                                                "Actual Total Time": 8.303,
                                                                                                                                "Actual Rows": 2,
                                                                                                                                "Actual Loops": 3,
                                                                                                                                "Filter": "(keyword = ANY ('{murder,violence,blood,gore,death,female-nudity,hospital}'::text[]))",
                                                                                                                                "Rows Removed by Filter": 44721,
                                                                                                                                "Workers": []
                                                                                                                            },
                                                                                                                            {
                                                                                                                                "Node Type": "Index Scan",
                                                                                                                                "Parent Relationship": "Inner",
                                                                                                                                "Parallel Aware": false,
                                                                                                                                "Async Capable": false,
                                                                                                                                "Scan Direction": "Forward",
                                                                                                                                "Index Name": "keyword_id_movie_keyword",
                                                                                                                                "Relation Name": "movie_keyword",
                                                                                                                                "Alias": "mk",
                                                                                                                                "Startup Cost": 0.43,
                                                                                                                                "Total Cost": 1171.03,
                                                                                                                                "Plan Rows": 303,
                                                                                                                                "Plan Width": 8,
                                                                                                                                "Actual Startup Time": 0.023,
                                                                                                                                "Actual Total Time": 9.337,
                                                                                                                                "Actual Rows": 10959,
                                                                                                                                "Actual Loops": 7,
                                                                                                                                "Index Cond": "(keyword_id = k.id)",
                                                                                                                                "Rows Removed by Index Recheck": 0,
                                                                                                                                "Workers": []
                                                                                                                            }
                                                                                                                        ]
                                                                                                                    },
                                                                                                                    {
                                                                                                                        "Node Type": "Index Scan",
                                                                                                                        "Parent Relationship": "Inner",
                                                                                                                        "Parallel Aware": false,
                                                                                                                        "Async Capable": false,
                                                                                                                        "Scan Direction": "Forward",
                                                                                                                        "Index Name": "movie_id_movie_info_idx",
                                                                                                                        "Relation Name": "movie_info_idx",
                                                                                                                        "Alias": "mi_idx",
                                                                                                                        "Startup Cost": 0.43,
                                                                                                                        "Total Cost": 0.79,
                                                                                                                        "Plan Rows": 3,
                                                                                                                        "Plan Width": 14,
                                                                                                                        "Actual Startup Time": 0.001,
                                                                                                                        "Actual Total Time": 0.001,
                                                                                                                        "Actual Rows": 2,
                                                                                                                        "Actual Loops": 76714,
                                                                                                                        "Index Cond": "(movie_id = mk.movie_id)",
                                                                                                                        "Rows Removed by Index Recheck": 0,
                                                                                                                        "Workers": []
                                                                                                                    }
                                                                                                                ]
                                                                                                            },
                                                                                                            {
                                                                                                                "Node Type": "Hash",
                                                                                                                "Parent Relationship": "Inner",
                                                                                                                "Parallel Aware": false,
                                                                                                                "Async Capable": false,
                                                                                                                "Startup Cost": 2.41,
                                                                                                                "Total Cost": 2.41,
                                                                                                                "Plan Rows": 1,
                                                                                                                "Plan Width": 4,
                                                                                                                "Actual Startup Time": 0.01,
                                                                                                                "Actual Total Time": 0.011,
                                                                                                                "Actual Rows": 1,
                                                                                                                "Actual Loops": 3,
                                                                                                                "Hash Buckets": 1024,
                                                                                                                "Original Hash Buckets": 1024,
                                                                                                                "Hash Batches": 1,
                                                                                                                "Original Hash Batches": 1,
                                                                                                                "Peak Memory Usage": 9,
                                                                                                                "Workers": [],
                                                                                                                "Plans": [
                                                                                                                    {
                                                                                                                        "Node Type": "Seq Scan",
                                                                                                                        "Parent Relationship": "Outer",
                                                                                                                        "Parallel Aware": false,
                                                                                                                        "Async Capable": false,
                                                                                                                        "Relation Name": "info_type",
                                                                                                                        "Alias": "it2",
                                                                                                                        "Startup Cost": 0.0,
                                                                                                                        "Total Cost": 2.41,
                                                                                                                        "Plan Rows": 1,
                                                                                                                        "Plan Width": 4,
                                                                                                                        "Actual Startup Time": 0.008,
                                                                                                                        "Actual Total Time": 0.008,
                                                                                                                        "Actual Rows": 1,
                                                                                                                        "Actual Loops": 3,
                                                                                                                        "Filter": "((info)::text = 'votes'::text)",
                                                                                                                        "Rows Removed by Filter": 112,
                                                                                                                        "Workers": []
                                                                                                                    }
                                                                                                                ]
                                                                                                            }
                                                                                                        ]
                                                                                                    },
                                                                                                    {
                                                                                                        "Node Type": "Index Scan",
                                                                                                        "Parent Relationship": "Inner",
                                                                                                        "Parallel Aware": false,
                                                                                                        "Async Capable": false,
                                                                                                        "Scan Direction": "Forward",
                                                                                                        "Index Name": "movie_id_complete_cast",
                                                                                                        "Relation Name": "complete_cast",
                                                                                                        "Alias": "cc",
                                                                                                        "Startup Cost": 0.42,
                                                                                                        "Total Cost": 0.81,
                                                                                                        "Plan Rows": 2,
                                                                                                        "Plan Width": 12,
                                                                                                        "Actual Startup Time": 0.001,
                                                                                                        "Actual Total Time": 0.001,
                                                                                                        "Actual Rows": 1,
                                                                                                        "Actual Loops": 63701,
                                                                                                        "Index Cond": "(movie_id = mi_idx.movie_id)",
                                                                                                        "Rows Removed by Index Recheck": 0,
                                                                                                        "Workers": []
                                                                                                    }
                                                                                                ]
                                                                                            },
                                                                                            {
                                                                                                "Node Type": "Memoize",
                                                                                                "Parent Relationship": "Inner",
                                                                                                "Parallel Aware": false,
                                                                                                "Async Capable": false,
                                                                                                "Startup Cost": 0.14,
                                                                                                "Total Cost": 0.16,
                                                                                                "Plan Rows": 1,
                                                                                                "Plan Width": 4,
                                                                                                "Actual Startup Time": 0.0,
                                                                                                "Actual Total Time": 0.0,
                                                                                                "Actual Rows": 1,
                                                                                                "Actual Loops": 35346,
                                                                                                "Cache Key": "cc.subject_id",
                                                                                                "Cache Mode": "logical",
                                                                                                "Cache Hits": 10945,
                                                                                                "Cache Misses": 2,
                                                                                                "Cache Evictions": 0,
                                                                                                "Cache Overflows": 0,
                                                                                                "Peak Memory Usage": 1,
                                                                                                "Workers": [
                                                                                                    {
                                                                                                        "Worker Number": 0,
                                                                                                        "Cache Hits": 14952,
                                                                                                        "Cache Misses": 2,
                                                                                                        "Cache Evictions": 0,
                                                                                                        "Cache Overflows": 0,
                                                                                                        "Peak Memory Usage": 1
                                                                                                    },
                                                                                                    {
                                                                                                        "Worker Number": 1,
                                                                                                        "Cache Hits": 9443,
                                                                                                        "Cache Misses": 2,
                                                                                                        "Cache Evictions": 0,
                                                                                                        "Cache Overflows": 0,
                                                                                                        "Peak Memory Usage": 1
                                                                                                    }
                                                                                                ],
                                                                                                "Plans": [
                                                                                                    {
                                                                                                        "Node Type": "Index Scan",
                                                                                                        "Parent Relationship": "Outer",
                                                                                                        "Parallel Aware": false,
                                                                                                        "Async Capable": false,
                                                                                                        "Scan Direction": "Forward",
                                                                                                        "Index Name": "comp_cast_type_pkey",
                                                                                                        "Relation Name": "comp_cast_type",
                                                                                                        "Alias": "cct1",
                                                                                                        "Startup Cost": 0.13,
                                                                                                        "Total Cost": 0.15,
                                                                                                        "Plan Rows": 1,
                                                                                                        "Plan Width": 4,
                                                                                                        "Actual Startup Time": 0.005,
                                                                                                        "Actual Total Time": 0.005,
                                                                                                        "Actual Rows": 0,
                                                                                                        "Actual Loops": 6,
                                                                                                        "Index Cond": "(id = cc.subject_id)",
                                                                                                        "Rows Removed by Index Recheck": 0,
                                                                                                        "Filter": "((kind)::text = 'cast'::text)",
                                                                                                        "Rows Removed by Filter": 0,
                                                                                                        "Workers": []
                                                                                                    }
                                                                                                ]
                                                                                            }
                                                                                        ]
                                                                                    }
                                                                                ]
                                                                            },
                                                                            {
                                                                                "Node Type": "Index Scan",
                                                                                "Parent Relationship": "Inner",
                                                                                "Parallel Aware": false,
                                                                                "Async Capable": false,
                                                                                "Scan Direction": "Forward",
                                                                                "Index Name": "comp_cast_type_pkey",
                                                                                "Relation Name": "comp_cast_type",
                                                                                "Alias": "cct2",
                                                                                "Startup Cost": 0.13,
                                                                                "Total Cost": 0.15,
                                                                                "Plan Rows": 1,
                                                                                "Plan Width": 4,
                                                                                "Actual Startup Time": 0.0,
                                                                                "Actual Total Time": 0.0,
                                                                                "Actual Rows": 1,
                                                                                "Actual Loops": 24904,
                                                                                "Index Cond": "(id = cc.status_id)",
                                                                                "Rows Removed by Index Recheck": 0,
                                                                                "Filter": "((kind)::text = 'complete+verified'::text)",
                                                                                "Rows Removed by Filter": 0
                                                                            }
                                                                        ]
                                                                    },
                                                                    {
                                                                        "Node Type": "Index Scan",
                                                                        "Parent Relationship": "Inner",
                                                                        "Parallel Aware": false,
                                                                        "Async Capable": false,
                                                                        "Scan Direction": "Forward",
                                                                        "Index Name": "movie_id_cast_info",
                                                                        "Relation Name": "cast_info",
                                                                        "Alias": "ci",
                                                                        "Startup Cost": 0.44,
                                                                        "Total Cost": 18.6,
                                                                        "Plan Rows": 1,
                                                                        "Plan Width": 8,
                                                                        "Actual Startup Time": 0.036,
                                                                        "Actual Total Time": 0.045,
                                                                        "Actual Rows": 1,
                                                                        "Actual Loops": 12476,
                                                                        "Index Cond": "(movie_id = mk.movie_id)",
                                                                        "Rows Removed by Index Recheck": 0,
                                                                        "Filter": "(note = ANY ('{(writer),\"(head writer)\",\"(written by)\",(story),\"(story editor)\"}'::text[]))",
                                                                        "Rows Removed by Filter": 78
                                                                    }
                                                                ]
                                                            },
                                                            {
                                                                "Node Type": "Index Scan",
                                                                "Parent Relationship": "Inner",
                                                                "Parallel Aware": false,
                                                                "Async Capable": false,
                                                                "Scan Direction": "Forward",
                                                                "Index Name": "movie_id_movie_info",
                                                                "Relation Name": "movie_info",
                                                                "Alias": "mi",
                                                                "Startup Cost": 0.43,
                                                                "Total Cost": 13.83,
                                                                "Plan Rows": 1,
                                                                "Plan Width": 50,
                                                                "Actual Startup Time": 0.022,
                                                                "Actual Total Time": 0.024,
                                                                "Actual Rows": 2,
                                                                "Actual Loops": 8824,
                                                                "Index Cond": "(movie_id = mk.movie_id)",
                                                                "Rows Removed by Index Recheck": 0,
                                                                "Filter": "(info = ANY ('{Horror,Action,Sci-Fi,Thriller,Crime,War}'::text[]))",
                                                                "Rows Removed by Filter": 150
                                                            }
                                                        ]
                                                    },
                                                    {
                                                        "Node Type": "Index Scan",
                                                        "Parent Relationship": "Inner",
                                                        "Parallel Aware": false,
                                                        "Async Capable": false,
                                                        "Scan Direction": "Forward",
                                                        "Index Name": "info_type_pkey",
                                                        "Relation Name": "info_type",
                                                        "Alias": "it1",
                                                        "Startup Cost": 0.14,
                                                        "Total Cost": 0.16,
                                                        "Plan Rows": 1,
                                                        "Plan Width": 4,
                                                        "Actual Startup Time": 0.0,
                                                        "Actual Total Time": 0.0,
                                                        "Actual Rows": 1,
                                                        "Actual Loops": 15083,
                                                        "Index Cond": "(id = mi.info_type_id)",
                                                        "Rows Removed by Index Recheck": 0,
                                                        "Filter": "((info)::text = 'genres'::text)",
                                                        "Rows Removed by Filter": 0
                                                    }
                                                ]
                                            },
                                            {
                                                "Node Type": "Index Scan",
                                                "Parent Relationship": "Inner",
                                                "Parallel Aware": false,
                                                "Async Capable": false,
                                                "Scan Direction": "Forward",
                                                "Index Name": "name_pkey",
                                                "Relation Name": "name",
                                                "Alias": "n",
                                                "Startup Cost": 0.43,
                                                "Total Cost": 1.09,
                                                "Plan Rows": 1,
                                                "Plan Width": 19,
                                                "Actual Startup Time": 0.001,
                                                "Actual Total Time": 0.001,
                                                "Actual Rows": 1,
                                                "Actual Loops": 11863,
                                                "Index Cond": "(id = ci.person_id)",
                                                "Rows Removed by Index Recheck": 0,
                                                "Filter": "((gender)::text = 'm'::text)",
                                                "Rows Removed by Filter": 0
                                            }
                                        ]
                                    },
                                    {
                                        "Node Type": "Index Scan",
                                        "Parent Relationship": "Inner",
                                        "Parallel Aware": false,
                                        "Async Capable": false,
                                        "Scan Direction": "Forward",
                                        "Index Name": "title_pkey",
                                        "Relation Name": "title",
                                        "Alias": "t",
                                        "Startup Cost": 0.43,
                                        "Total Cost": 0.85,
                                        "Plan Rows": 1,
                                        "Plan Width": 21,
                                        "Actual Startup Time": 0.001,
                                        "Actual Total Time": 0.001,
                                        "Actual Rows": 1,
                                        "Actual Loops": 8024,
                                        "Index Cond": "(id = mk.movie_id)",
                                        "Rows Removed by Index Recheck": 0
                                    }
                                ]
                            }
                        ]
                    },
                    "Planning Time": 24.514,
                    "Triggers": [],
                    "Execution Time": 872.606
                }
            ],
            "hints": [
                "SET enable_hashjoin TO on",
                "SET enable_indexonlyscan TO on",
                "SET enable_indexscan TO on",
                "SET enable_mergejoin TO off",
                "SET enable_nestloop TO on",
                "SET enable_seqscan TO on"
            ]
        }
    ]
}