{
    "sql_file": "job6f.sql",
    "query": "SELECT MIN(k.keyword) AS movie_keyword, MIN(n.name) AS actor_name, MIN(t.title) AS hero_movie FROM cast_info AS ci, keyword AS k, movie_keyword AS mk, name AS n, title AS t WHERE k.keyword in ('superhero', 'sequel', 'second-part', 'marvel-comics', 'based-on-comic', 'tv-special', 'fight', 'violence') AND t.production_year > 2000 AND k.id = mk.keyword_id AND t.id = mk.movie_id AND t.id = ci.movie_id AND ci.movie_id = mk.movie_id AND n.id = ci.person_id;",
    "results": [
        {
            "arm": 0,
            "execution_time": 1986.693,
            "plan": [
                {
                    "Plan": {
                        "Node Type": "Aggregate",
                        "Strategy": "Plain",
                        "Partial Mode": "Simple",
                        "Parallel Aware": false,
                        "Async Capable": false,
                        "Startup Cost": 16051.42,
                        "Total Cost": 16051.43,
                        "Plan Rows": 1,
                        "Plan Width": 96,
                        "Actual Startup Time": 1986.665,
                        "Actual Total Time": 1986.667,
                        "Actual Rows": 1,
                        "Actual Loops": 1,
                        "Plans": [
                            {
                                "Node Type": "Nested Loop",
                                "Parent Relationship": "Outer",
                                "Parallel Aware": false,
                                "Async Capable": false,
                                "Join Type": "Inner",
                                "Startup Cost": 1.73,
                                "Total Cost": 16009.03,
                                "Plan Rows": 5652,
                                "Plan Width": 48,
                                "Actual Startup Time": 0.07,
                                "Actual Total Time": 1943.149,
                                "Actual Rows": 785477,
                                "Actual Loops": 1,
                                "Inner Unique": true,
                                "Plans": [
                                    {
                                        "Node Type": "Nested Loop",
                                        "Parent Relationship": "Outer",
                                        "Parallel Aware": false,
                                        "Async Capable": false,
                                        "Join Type": "Inner",
                                        "Startup Cost": 1.3,
                                        "Total Cost": 13435.68,
                                        "Plan Rows": 5652,
                                        "Plan Width": 37,
                                        "Actual Startup Time": 0.062,
                                        "Actual Total Time": 751.335,
                                        "Actual Rows": 785477,
                                        "Actual Loops": 1,
                                        "Inner Unique": false,
                                        "Join Filter": "(ci.movie_id = t.id)",
                                        "Rows Removed by Join Filter": 0,
                                        "Plans": [
                                            {
                                                "Node Type": "Nested Loop",
                                                "Parent Relationship": "Outer",
                                                "Parallel Aware": false,
                                                "Async Capable": false,
                                                "Join Type": "Inner",
                                                "Startup Cost": 0.86,
                                                "Total Cost": 13162.43,
                                                "Plan Rows": 148,
                                                "Plan Width": 41,
                                                "Actual Startup Time": 0.053,
                                                "Actual Total Time": 102.504,
                                                "Actual Rows": 14165,
                                                "Actual Loops": 1,
                                                "Inner Unique": true,
                                                "Plans": [
                                                    {
                                                        "Node Type": "Nested Loop",
                                                        "Parent Relationship": "Outer",
                                                        "Parallel Aware": false,
                                                        "Async Capable": false,
                                                        "Join Type": "Inner",
                                                        "Startup Cost": 0.43,
                                                        "Total Cost": 13030.18,
                                                        "Plan Rows": 270,
                                                        "Plan Width": 20,
                                                        "Actual Startup Time": 0.046,
                                                        "Actual Total Time": 40.506,
                                                        "Actual Rows": 35548,
                                                        "Actual Loops": 1,
                                                        "Inner Unique": false,
                                                        "Plans": [
                                                            {
                                                                "Node Type": "Seq Scan",
                                                                "Parent Relationship": "Outer",
                                                                "Parallel Aware": false,
                                                                "Async Capable": false,
                                                                "Relation Name": "keyword",
                                                                "Alias": "k",
                                                                "Startup Cost": 0.0,
                                                                "Total Cost": 3691.4,
                                                                "Plan Rows": 8,
                                                                "Plan Width": 20,
                                                                "Actual Startup Time": 0.036,
                                                                "Actual Total Time": 9.158,
                                                                "Actual Rows": 8,
                                                                "Actual Loops": 1,
                                                                "Filter": "(keyword = ANY ('{superhero,sequel,second-part,marvel-comics,based-on-comic,tv-special,fight,violence}'::text[]))",
                                                                "Rows Removed by Filter": 134162
                                                            },
                                                            {
                                                                "Node Type": "Index Scan",
                                                                "Parent Relationship": "Inner",
                                                                "Parallel Aware": false,
                                                                "Async Capable": false,
                                                                "Scan Direction": "Forward",
                                                                "Index Name": "keyword_id_movie_keyword",
                                                                "Relation Name": "movie_keyword",
                                                                "Alias": "mk",
                                                                "Startup Cost": 0.43,
                                                                "Total Cost": 1164.32,
                                                                "Plan Rows": 303,
                                                                "Plan Width": 8,
                                                                "Actual Startup Time": 0.008,
                                                                "Actual Total Time": 3.7,
                                                                "Actual Rows": 4444,
                                                                "Actual Loops": 8,
                                                                "Index Cond": "(keyword_id = k.id)",
                                                                "Rows Removed by Index Recheck": 0
                                                            }
                                                        ]
                                                    },
                                                    {
                                                        "Node Type": "Index Scan",
                                                        "Parent Relationship": "Inner",
                                                        "Parallel Aware": false,
                                                        "Async Capable": false,
                                                        "Scan Direction": "Forward",
                                                        "Index Name": "title_pkey",
                                                        "Relation Name": "title",
                                                        "Alias": "t",
                                                        "Startup Cost": 0.43,
                                                        "Total Cost": 0.49,
                                                        "Plan Rows": 1,
                                                        "Plan Width": 21,
                                                        "Actual Startup Time": 0.002,
                                                        "Actual Total Time": 0.002,
                                                        "Actual Rows": 0,
                                                        "Actual Loops": 35548,
                                                        "Index Cond": "(id = mk.movie_id)",
                                                        "Rows Removed by Index Recheck": 0,
                                                        "Filter": "(production_year > 2000)",
                                                        "Rows Removed by Filter": 1
                                                    }
                                                ]
                                            },
                                            {
                                                "Node Type": "Index Scan",
                                                "Parent Relationship": "Inner",
                                                "Parallel Aware": false,
                                                "Async Capable": false,
                                                "Scan Direction": "Forward",
                                                "Index Name": "movie_id_cast_info",
                                                "Relation Name": "cast_info",
                                                "Alias": "ci",
                                                "Startup Cost": 0.44,
                                                "Total Cost": 1.37,
                                                "Plan Rows": 38,
                                                "Plan Width": 8,
                                                "Actual Startup Time": 0.002,
                                                "Actual Total Time": 0.042,
                                                "Actual Rows": 55,
                                                "Actual Loops": 14165,
                                                "Index Cond": "(movie_id = mk.movie_id)",
                                                "Rows Removed by Index Recheck": 0
                                            }
                                        ]
                                    },
                                    {
                                        "Node Type": "Index Scan",
                                        "Parent Relationship": "Inner",
                                        "Parallel Aware": false,
                                        "Async Capable": false,
                                        "Scan Direction": "Forward",
                                        "Index Name": "name_pkey",
                                        "Relation Name": "name",
                                        "Alias": "n",
                                        "Startup Cost": 0.43,
                                        "Total Cost": 0.46,
                                        "Plan Rows": 1,
                                        "Plan Width": 19,
                                        "Actual Startup Time": 0.001,
                                        "Actual Total Time": 0.001,
                                        "Actual Rows": 1,
                                        "Actual Loops": 785477,
                                        "Index Cond": "(id = ci.person_id)",
                                        "Rows Removed by Index Recheck": 0
                                    }
                                ]
                            }
                        ]
                    },
                    "Planning Time": 0.516,
                    "Triggers": [],
                    "Execution Time": 1986.693
                }
            ],
            "hints": [
                "SET enable_hashjoin TO on",
                "SET enable_indexonlyscan TO on",
                "SET enable_indexscan TO on",
                "SET enable_mergejoin TO on",
                "SET enable_nestloop TO on",
                "SET enable_seqscan TO on"
            ]
        },
        {
            "arm": 1,
            "execution_time": 929.098,
            "plan": [
                {
                    "Plan": {
                        "Node Type": "Aggregate",
                        "Strategy": "Plain",
                        "Partial Mode": "Finalize",
                        "Parallel Aware": false,
                        "Async Capable": false,
                        "Startup Cost": 499898.74,
                        "Total Cost": 499898.75,
                        "Plan Rows": 1,
                        "Plan Width": 96,
                        "Actual Startup Time": 905.898,
                        "Actual Total Time": 929.057,
                        "Actual Rows": 1,
                        "Actual Loops": 1,
                        "Plans": [
                            {
                                "Node Type": "Gather",
                                "Parent Relationship": "Outer",
                                "Parallel Aware": false,
                                "Async Capable": false,
                                "Startup Cost": 499898.3,
                                "Total Cost": 499898.71,
                                "Plan Rows": 4,
                                "Plan Width": 96,
                                "Actual Startup Time": 904.2,
                                "Actual Total Time": 929.052,
                                "Actual Rows": 5,
                                "Actual Loops": 1,
                                "Workers Planned": 4,
                                "Workers Launched": 4,
                                "Single Copy": false,
                                "Plans": [
                                    {
                                        "Node Type": "Aggregate",
                                        "Strategy": "Plain",
                                        "Partial Mode": "Partial",
                                        "Parent Relationship": "Outer",
                                        "Parallel Aware": false,
                                        "Async Capable": false,
                                        "Startup Cost": 498898.3,
                                        "Total Cost": 498898.31,
                                        "Plan Rows": 1,
                                        "Plan Width": 96,
                                        "Actual Startup Time": 902.184,
                                        "Actual Total Time": 902.255,
                                        "Actual Rows": 1,
                                        "Actual Loops": 5,
                                        "Workers": [],
                                        "Plans": [
                                            {
                                                "Node Type": "Hash Join",
                                                "Parent Relationship": "Outer",
                                                "Parallel Aware": true,
                                                "Async Capable": false,
                                                "Join Type": "Inner",
                                                "Startup Cost": 427601.25,
                                                "Total Cost": 498887.7,
                                                "Plan Rows": 1413,
                                                "Plan Width": 48,
                                                "Actual Startup Time": 769.256,
                                                "Actual Total Time": 895.461,
                                                "Actual Rows": 157095,
                                                "Actual Loops": 5,
                                                "Inner Unique": false,
                                                "Hash Cond": "(n.id = ci.person_id)",
                                                "Workers": [],
                                                "Plans": [
                                                    {
                                                        "Node Type": "Seq Scan",
                                                        "Parent Relationship": "Outer",
                                                        "Parallel Aware": true,
                                                        "Async Capable": false,
                                                        "Relation Name": "name",
                                                        "Alias": "n",
                                                        "Startup Cost": 0.0,
                                                        "Total Cost": 66074.73,
                                                        "Plan Rows": 1041873,
                                                        "Plan Width": 19,
                                                        "Actual Startup Time": 0.005,
                                                        "Actual Total Time": 34.756,
                                                        "Actual Rows": 833498,
                                                        "Actual Loops": 5,
                                                        "Workers": []
                                                    },
                                                    {
                                                        "Node Type": "Hash",
                                                        "Parent Relationship": "Inner",
                                                        "Parallel Aware": true,
                                                        "Async Capable": false,
                                                        "Startup Cost": 427589.47,
                                                        "Total Cost": 427589.47,
                                                        "Plan Rows": 942,
                                                        "Plan Width": 37,
                                                        "Actual Startup Time": 769.08,
                                                        "Actual Total Time": 769.15,
                                                        "Actual Rows": 157095,
                                                        "Actual Loops": 5,
                                                        "Hash Buckets": 1048576,
                                                        "Original Hash Buckets": 8192,
                                                        "Hash Batches": 1,
                                                        "Original Hash Batches": 1,
                                                        "Peak Memory Usage": 68544,
                                                        "Workers": [],
                                                        "Plans": [
                                                            {
                                                                "Node Type": "Hash Join",
                                                                "Parent Relationship": "Outer",
                                                                "Parallel Aware": true,
                                                                "Async Capable": false,
                                                                "Join Type": "Inner",
                                                                "Startup Cost": 91808.64,
                                                                "Total Cost": 427589.47,
                                                                "Plan Rows": 942,
                                                                "Plan Width": 37,
                                                                "Actual Startup Time": 142.744,
                                                                "Actual Total Time": 736.459,
                                                                "Actual Rows": 157095,
                                                                "Actual Loops": 5,
                                                                "Inner Unique": false,
                                                                "Hash Cond": "(ci.movie_id = t.id)",
                                                                "Workers": [],
                                                                "Plans": [
                                                                    {
                                                                        "Node Type": "Seq Scan",
                                                                        "Parent Relationship": "Outer",
                                                                        "Parallel Aware": true,
                                                                        "Async Capable": false,
                                                                        "Relation Name": "cast_info",
                                                                        "Alias": "ci",
                                                                        "Startup Cost": 0.0,
                                                                        "Total Cost": 313127.24,
                                                                        "Plan Rows": 6040724,
                                                                        "Plan Width": 8,
                                                                        "Actual Startup Time": 0.015,
                                                                        "Actual Total Time": 247.504,
                                                                        "Actual Rows": 7248869,
                                                                        "Actual Loops": 5,
                                                                        "Workers": []
                                                                    },
                                                                    {
                                                                        "Node Type": "Hash",
                                                                        "Parent Relationship": "Inner",
                                                                        "Parallel Aware": true,
                                                                        "Async Capable": false,
                                                                        "Startup Cost": 91808.17,
                                                                        "Total Cost": 91808.17,
                                                                        "Plan Rows": 37,
                                                                        "Plan Width": 41,
                                                                        "Actual Startup Time": 142.694,
                                                                        "Actual Total Time": 142.763,
                                                                        "Actual Rows": 2833,
                                                                        "Actual Loops": 5,
                                                                        "Hash Buckets": 16384,
                                                                        "Original Hash Buckets": 1024,
                                                                        "Hash Batches": 1,
                                                                        "Original Hash Batches": 1,
                                                                        "Peak Memory Usage": 1336,
                                                                        "Workers": [],
                                                                        "Plans": [
                                                                            {
                                                                                "Node Type": "Hash Join",
                                                                                "Parent Relationship": "Outer",
                                                                                "Parallel Aware": true,
                                                                                "Async Capable": false,
                                                                                "Join Type": "Inner",
                                                                                "Startup Cost": 46596.78,
                                                                                "Total Cost": 91808.17,
                                                                                "Plan Rows": 37,
                                                                                "Plan Width": 41,
                                                                                "Actual Startup Time": 89.341,
                                                                                "Actual Total Time": 135.995,
                                                                                "Actual Rows": 2833,
                                                                                "Actual Loops": 5,
                                                                                "Inner Unique": false,
                                                                                "Hash Cond": "(t.id = mk.movie_id)",
                                                                                "Workers": [],
                                                                                "Plans": [
                                                                                    {
                                                                                        "Node Type": "Seq Scan",
                                                                                        "Parent Relationship": "Outer",
                                                                                        "Parallel Aware": true,
                                                                                        "Async Capable": false,
                                                                                        "Relation Name": "title",
                                                                                        "Alias": "t",
                                                                                        "Startup Cost": 0.0,
                                                                                        "Total Cost": 43909.73,
                                                                                        "Plan Rows": 347079,
                                                                                        "Plan Width": 21,
                                                                                        "Actual Startup Time": 0.013,
                                                                                        "Actual Total Time": 35.3,
                                                                                        "Actual Rows": 276291,
                                                                                        "Actual Loops": 5,
                                                                                        "Filter": "(production_year > 2000)",
                                                                                        "Rows Removed by Filter": 229372,
                                                                                        "Workers": []
                                                                                    },
                                                                                    {
                                                                                        "Node Type": "Hash",
                                                                                        "Parent Relationship": "Inner",
                                                                                        "Parallel Aware": true,
                                                                                        "Async Capable": false,
                                                                                        "Startup Cost": 46595.69,
                                                                                        "Total Cost": 46595.69,
                                                                                        "Plan Rows": 87,
                                                                                        "Plan Width": 20,
                                                                                        "Actual Startup Time": 89.042,
                                                                                        "Actual Total Time": 89.045,
                                                                                        "Actual Rows": 7110,
                                                                                        "Actual Loops": 5,
                                                                                        "Hash Buckets": 65536,
                                                                                        "Original Hash Buckets": 1024,
                                                                                        "Hash Batches": 1,
                                                                                        "Original Hash Batches": 1,
                                                                                        "Peak Memory Usage": 2808,
                                                                                        "Workers": [],
                                                                                        "Plans": [
                                                                                            {
                                                                                                "Node Type": "Hash Join",
                                                                                                "Parent Relationship": "Outer",
                                                                                                "Parallel Aware": false,
                                                                                                "Async Capable": false,
                                                                                                "Join Type": "Inner",
                                                                                                "Startup Cost": 3691.5,
                                                                                                "Total Cost": 46595.69,
                                                                                                "Plan Rows": 87,
                                                                                                "Plan Width": 20,
                                                                                                "Actual Startup Time": 9.471,
                                                                                                "Actual Total Time": 72.609,
                                                                                                "Actual Rows": 7110,
                                                                                                "Actual Loops": 5,
                                                                                                "Inner Unique": true,
                                                                                                "Hash Cond": "(mk.keyword_id = k.id)",
                                                                                                "Workers": [],
                                                                                                "Plans": [
                                                                                                    {
                                                                                                        "Node Type": "Seq Scan",
                                                                                                        "Parent Relationship": "Outer",
                                                                                                        "Parallel Aware": true,
                                                                                                        "Async Capable": false,
                                                                                                        "Relation Name": "movie_keyword",
                                                                                                        "Alias": "mk",
                                                                                                        "Startup Cost": 0.0,
                                                                                                        "Total Cost": 39073.32,
                                                                                                        "Plan Rows": 1459332,
                                                                                                        "Plan Width": 8,
                                                                                                        "Actual Startup Time": 0.006,
                                                                                                        "Actual Total Time": 36.577,
                                                                                                        "Actual Rows": 904786,
                                                                                                        "Actual Loops": 5,
                                                                                                        "Workers": []
                                                                                                    },
                                                                                                    {
                                                                                                        "Node Type": "Hash",
                                                                                                        "Parent Relationship": "Inner",
                                                                                                        "Parallel Aware": false,
                                                                                                        "Async Capable": false,
                                                                                                        "Startup Cost": 3691.4,
                                                                                                        "Total Cost": 3691.4,
                                                                                                        "Plan Rows": 8,
                                                                                                        "Plan Width": 20,
                                                                                                        "Actual Startup Time": 9.398,
                                                                                                        "Actual Total Time": 9.399,
                                                                                                        "Actual Rows": 8,
                                                                                                        "Actual Loops": 5,
                                                                                                        "Hash Buckets": 1024,
                                                                                                        "Original Hash Buckets": 1024,
                                                                                                        "Hash Batches": 1,
                                                                                                        "Original Hash Batches": 1,
                                                                                                        "Peak Memory Usage": 9,
                                                                                                        "Workers": [],
                                                                                                        "Plans": [
                                                                                                            {
                                                                                                                "Node Type": "Seq Scan",
                                                                                                                "Parent Relationship": "Outer",
                                                                                                                "Parallel Aware": false,
                                                                                                                "Async Capable": false,
                                                                                                                "Relation Name": "keyword",
                                                                                                                "Alias": "k",
                                                                                                                "Startup Cost": 0.0,
                                                                                                                "Total Cost": 3691.4,
                                                                                                                "Plan Rows": 8,
                                                                                                                "Plan Width": 20,
                                                                                                                "Actual Startup Time": 0.045,
                                                                                                                "Actual Total Time": 9.395,
                                                                                                                "Actual Rows": 8,
                                                                                                                "Actual Loops": 5,
                                                                                                                "Filter": "(keyword = ANY ('{superhero,sequel,second-part,marvel-comics,based-on-comic,tv-special,fight,violence}'::text[]))",
                                                                                                                "Rows Removed by Filter": 134162,
                                                                                                                "Workers": []
                                                                                                            }
                                                                                                        ]
                                                                                                    }
                                                                                                ]
                                                                                            }
                                                                                        ]
                                                                                    }
                                                                                ]
                                                                            }
                                                                        ]
                                                                    }
                                                                ]
                                                            }
                                                        ]
                                                    }
                                                ]
                                            }
                                        ]
                                    }
                                ]
                            }
                        ]
                    },
                    "Planning Time": 0.468,
                    "Triggers": [],
                    "Execution Time": 929.098
                }
            ],
            "hints": [
                "SET enable_hashjoin TO on",
                "SET enable_indexonlyscan TO on",
                "SET enable_indexscan TO on",
                "SET enable_mergejoin TO on",
                "SET enable_nestloop TO off",
                "SET enable_seqscan TO on"
            ]
        },
        {
            "arm": 2,
            "execution_time": 918.359,
            "plan": [
                {
                    "Plan": {
                        "Node Type": "Aggregate",
                        "Strategy": "Plain",
                        "Partial Mode": "Finalize",
                        "Parallel Aware": false,
                        "Async Capable": false,
                        "Startup Cost": 499898.74,
                        "Total Cost": 499898.75,
                        "Plan Rows": 1,
                        "Plan Width": 96,
                        "Actual Startup Time": 895.499,
                        "Actual Total Time": 918.324,
                        "Actual Rows": 1,
                        "Actual Loops": 1,
                        "Plans": [
                            {
                                "Node Type": "Gather",
                                "Parent Relationship": "Outer",
                                "Parallel Aware": false,
                                "Async Capable": false,
                                "Startup Cost": 499898.3,
                                "Total Cost": 499898.71,
                                "Plan Rows": 4,
                                "Plan Width": 96,
                                "Actual Startup Time": 893.774,
                                "Actual Total Time": 918.318,
                                "Actual Rows": 5,
                                "Actual Loops": 1,
                                "Workers Planned": 4,
                                "Workers Launched": 4,
                                "Single Copy": false,
                                "Plans": [
                                    {
                                        "Node Type": "Aggregate",
                                        "Strategy": "Plain",
                                        "Partial Mode": "Partial",
                                        "Parent Relationship": "Outer",
                                        "Parallel Aware": false,
                                        "Async Capable": false,
                                        "Startup Cost": 498898.3,
                                        "Total Cost": 498898.31,
                                        "Plan Rows": 1,
                                        "Plan Width": 96,
                                        "Actual Startup Time": 892.29,
                                        "Actual Total Time": 892.432,
                                        "Actual Rows": 1,
                                        "Actual Loops": 5,
                                        "Workers": [],
                                        "Plans": [
                                            {
                                                "Node Type": "Hash Join",
                                                "Parent Relationship": "Outer",
                                                "Parallel Aware": true,
                                                "Async Capable": false,
                                                "Join Type": "Inner",
                                                "Startup Cost": 427601.25,
                                                "Total Cost": 498887.7,
                                                "Plan Rows": 1413,
                                                "Plan Width": 48,
                                                "Actual Startup Time": 764.289,
                                                "Actual Total Time": 885.552,
                                                "Actual Rows": 157095,
                                                "Actual Loops": 5,
                                                "Inner Unique": false,
                                                "Hash Cond": "(n.id = ci.person_id)",
                                                "Workers": [],
                                                "Plans": [
                                                    {
                                                        "Node Type": "Seq Scan",
                                                        "Parent Relationship": "Outer",
                                                        "Parallel Aware": true,
                                                        "Async Capable": false,
                                                        "Relation Name": "name",
                                                        "Alias": "n",
                                                        "Startup Cost": 0.0,
                                                        "Total Cost": 66074.73,
                                                        "Plan Rows": 1041873,
                                                        "Plan Width": 19,
                                                        "Actual Startup Time": 0.003,
                                                        "Actual Total Time": 32.7,
                                                        "Actual Rows": 833498,
                                                        "Actual Loops": 5,
                                                        "Workers": []
                                                    },
                                                    {
                                                        "Node Type": "Hash",
                                                        "Parent Relationship": "Inner",
                                                        "Parallel Aware": true,
                                                        "Async Capable": false,
                                                        "Startup Cost": 427589.47,
                                                        "Total Cost": 427589.47,
                                                        "Plan Rows": 942,
                                                        "Plan Width": 37,
                                                        "Actual Startup Time": 764.193,
                                                        "Actual Total Time": 764.334,
                                                        "Actual Rows": 157095,
                                                        "Actual Loops": 5,
                                                        "Hash Buckets": 1048576,
                                                        "Original Hash Buckets": 8192,
                                                        "Hash Batches": 1,
                                                        "Original Hash Batches": 1,
                                                        "Peak Memory Usage": 68576,
                                                        "Workers": [],
                                                        "Plans": [
                                                            {
                                                                "Node Type": "Hash Join",
                                                                "Parent Relationship": "Outer",
                                                                "Parallel Aware": true,
                                                                "Async Capable": false,
                                                                "Join Type": "Inner",
                                                                "Startup Cost": 91808.64,
                                                                "Total Cost": 427589.47,
                                                                "Plan Rows": 942,
                                                                "Plan Width": 37,
                                                                "Actual Startup Time": 140.665,
                                                                "Actual Total Time": 730.92,
                                                                "Actual Rows": 157095,
                                                                "Actual Loops": 5,
                                                                "Inner Unique": false,
                                                                "Hash Cond": "(ci.movie_id = t.id)",
                                                                "Workers": [],
                                                                "Plans": [
                                                                    {
                                                                        "Node Type": "Seq Scan",
                                                                        "Parent Relationship": "Outer",
                                                                        "Parallel Aware": true,
                                                                        "Async Capable": false,
                                                                        "Relation Name": "cast_info",
                                                                        "Alias": "ci",
                                                                        "Startup Cost": 0.0,
                                                                        "Total Cost": 313127.24,
                                                                        "Plan Rows": 6040724,
                                                                        "Plan Width": 8,
                                                                        "Actual Startup Time": 0.016,
                                                                        "Actual Total Time": 246.427,
                                                                        "Actual Rows": 7248869,
                                                                        "Actual Loops": 5,
                                                                        "Workers": []
                                                                    },
                                                                    {
                                                                        "Node Type": "Hash",
                                                                        "Parent Relationship": "Inner",
                                                                        "Parallel Aware": true,
                                                                        "Async Capable": false,
                                                                        "Startup Cost": 91808.17,
                                                                        "Total Cost": 91808.17,
                                                                        "Plan Rows": 37,
                                                                        "Plan Width": 41,
                                                                        "Actual Startup Time": 140.615,
                                                                        "Actual Total Time": 140.755,
                                                                        "Actual Rows": 2833,
                                                                        "Actual Loops": 5,
                                                                        "Hash Buckets": 16384,
                                                                        "Original Hash Buckets": 1024,
                                                                        "Hash Batches": 1,
                                                                        "Original Hash Batches": 1,
                                                                        "Peak Memory Usage": 1336,
                                                                        "Workers": [],
                                                                        "Plans": [
                                                                            {
                                                                                "Node Type": "Hash Join",
                                                                                "Parent Relationship": "Outer",
                                                                                "Parallel Aware": true,
                                                                                "Async Capable": false,
                                                                                "Join Type": "Inner",
                                                                                "Startup Cost": 46596.78,
                                                                                "Total Cost": 91808.17,
                                                                                "Plan Rows": 37,
                                                                                "Plan Width": 41,
                                                                                "Actual Startup Time": 90.86,
                                                                                "Actual Total Time": 134.471,
                                                                                "Actual Rows": 2833,
                                                                                "Actual Loops": 5,
                                                                                "Inner Unique": false,
                                                                                "Hash Cond": "(t.id = mk.movie_id)",
                                                                                "Workers": [],
                                                                                "Plans": [
                                                                                    {
                                                                                        "Node Type": "Seq Scan",
                                                                                        "Parent Relationship": "Outer",
                                                                                        "Parallel Aware": true,
                                                                                        "Async Capable": false,
                                                                                        "Relation Name": "title",
                                                                                        "Alias": "t",
                                                                                        "Startup Cost": 0.0,
                                                                                        "Total Cost": 43909.73,
                                                                                        "Plan Rows": 347079,
                                                                                        "Plan Width": 21,
                                                                                        "Actual Startup Time": 0.015,
                                                                                        "Actual Total Time": 32.295,
                                                                                        "Actual Rows": 276291,
                                                                                        "Actual Loops": 5,
                                                                                        "Filter": "(production_year > 2000)",
                                                                                        "Rows Removed by Filter": 229372,
                                                                                        "Workers": []
                                                                                    },
                                                                                    {
                                                                                        "Node Type": "Hash",
                                                                                        "Parent Relationship": "Inner",
                                                                                        "Parallel Aware": true,
                                                                                        "Async Capable": false,
                                                                                        "Startup Cost": 46595.69,
                                                                                        "Total Cost": 46595.69,
                                                                                        "Plan Rows": 87,
                                                                                        "Plan Width": 20,
                                                                                        "Actual Startup Time": 90.637,
                                                                                        "Actual Total Time": 90.639,
                                                                                        "Actual Rows": 7110,
                                                                                        "Actual Loops": 5,
                                                                                        "Hash Buckets": 65536,
                                                                                        "Original Hash Buckets": 1024,
                                                                                        "Hash Batches": 1,
                                                                                        "Original Hash Batches": 1,
                                                                                        "Peak Memory Usage": 2808,
                                                                                        "Workers": [],
                                                                                        "Plans": [
                                                                                            {
                                                                                                "Node Type": "Hash Join",
                                                                                                "Parent Relationship": "Outer",
                                                                                                "Parallel Aware": false,
                                                                                                "Async Capable": false,
                                                                                                "Join Type": "Inner",
                                                                                                "Startup Cost": 3691.5,
                                                                                                "Total Cost": 46595.69,
                                                                                                "Plan Rows": 87,
                                                                                                "Plan Width": 20,
                                                                                                "Actual Startup Time": 9.16,
                                                                                                "Actual Total Time": 70.974,
                                                                                                "Actual Rows": 7110,
                                                                                                "Actual Loops": 5,
                                                                                                "Inner Unique": true,
                                                                                                "Hash Cond": "(mk.keyword_id = k.id)",
                                                                                                "Workers": [],
                                                                                                "Plans": [
                                                                                                    {
                                                                                                        "Node Type": "Seq Scan",
                                                                                                        "Parent Relationship": "Outer",
                                                                                                        "Parallel Aware": true,
                                                                                                        "Async Capable": false,
                                                                                                        "Relation Name": "movie_keyword",
                                                                                                        "Alias": "mk",
                                                                                                        "Startup Cost": 0.0,
                                                                                                        "Total Cost": 39073.32,
                                                                                                        "Plan Rows": 1459332,
                                                                                                        "Plan Width": 8,
                                                                                                        "Actual Startup Time": 0.007,
                                                                                                        "Actual Total Time": 35.382,
                                                                                                        "Actual Rows": 904786,
                                                                                                        "Actual Loops": 5,
                                                                                                        "Workers": []
                                                                                                    },
                                                                                                    {
                                                                                                        "Node Type": "Hash",
                                                                                                        "Parent Relationship": "Inner",
                                                                                                        "Parallel Aware": false,
                                                                                                        "Async Capable": false,
                                                                                                        "Startup Cost": 3691.4,
                                                                                                        "Total Cost": 3691.4,
                                                                                                        "Plan Rows": 8,
                                                                                                        "Plan Width": 20,
                                                                                                        "Actual Startup Time": 9.085,
                                                                                                        "Actual Total Time": 9.086,
                                                                                                        "Actual Rows": 8,
                                                                                                        "Actual Loops": 5,
                                                                                                        "Hash Buckets": 1024,
                                                                                                        "Original Hash Buckets": 1024,
                                                                                                        "Hash Batches": 1,
                                                                                                        "Original Hash Batches": 1,
                                                                                                        "Peak Memory Usage": 9,
                                                                                                        "Workers": [],
                                                                                                        "Plans": [
                                                                                                            {
                                                                                                                "Node Type": "Seq Scan",
                                                                                                                "Parent Relationship": "Outer",
                                                                                                                "Parallel Aware": false,
                                                                                                                "Async Capable": false,
                                                                                                                "Relation Name": "keyword",
                                                                                                                "Alias": "k",
                                                                                                                "Startup Cost": 0.0,
                                                                                                                "Total Cost": 3691.4,
                                                                                                                "Plan Rows": 8,
                                                                                                                "Plan Width": 20,
                                                                                                                "Actual Startup Time": 0.039,
                                                                                                                "Actual Total Time": 9.083,
                                                                                                                "Actual Rows": 8,
                                                                                                                "Actual Loops": 5,
                                                                                                                "Filter": "(keyword = ANY ('{superhero,sequel,second-part,marvel-comics,based-on-comic,tv-special,fight,violence}'::text[]))",
                                                                                                                "Rows Removed by Filter": 134162,
                                                                                                                "Workers": []
                                                                                                            }
                                                                                                        ]
                                                                                                    }
                                                                                                ]
                                                                                            }
                                                                                        ]
                                                                                    }
                                                                                ]
                                                                            }
                                                                        ]
                                                                    }
                                                                ]
                                                            }
                                                        ]
                                                    }
                                                ]
                                            }
                                        ]
                                    }
                                ]
                            }
                        ]
                    },
                    "Planning Time": 0.282,
                    "Triggers": [],
                    "Execution Time": 918.359
                }
            ],
            "hints": [
                "SET enable_hashjoin TO on",
                "SET enable_indexonlyscan TO on",
                "SET enable_indexscan TO off",
                "SET enable_mergejoin TO off",
                "SET enable_nestloop TO on",
                "SET enable_seqscan TO on"
            ]
        },
        {
            "arm": 3,
            "execution_time": 919.872,
            "plan": [
                {
                    "Plan": {
                        "Node Type": "Aggregate",
                        "Strategy": "Plain",
                        "Partial Mode": "Finalize",
                        "Parallel Aware": false,
                        "Async Capable": false,
                        "Startup Cost": 499898.74,
                        "Total Cost": 499898.75,
                        "Plan Rows": 1,
                        "Plan Width": 96,
                        "Actual Startup Time": 897.192,
                        "Actual Total Time": 919.829,
                        "Actual Rows": 1,
                        "Actual Loops": 1,
                        "Plans": [
                            {
                                "Node Type": "Gather",
                                "Parent Relationship": "Outer",
                                "Parallel Aware": false,
                                "Async Capable": false,
                                "Startup Cost": 499898.3,
                                "Total Cost": 499898.71,
                                "Plan Rows": 4,
                                "Plan Width": 96,
                                "Actual Startup Time": 895.408,
                                "Actual Total Time": 919.823,
                                "Actual Rows": 5,
                                "Actual Loops": 1,
                                "Workers Planned": 4,
                                "Workers Launched": 4,
                                "Single Copy": false,
                                "Plans": [
                                    {
                                        "Node Type": "Aggregate",
                                        "Strategy": "Plain",
                                        "Partial Mode": "Partial",
                                        "Parent Relationship": "Outer",
                                        "Parallel Aware": false,
                                        "Async Capable": false,
                                        "Startup Cost": 498898.3,
                                        "Total Cost": 498898.31,
                                        "Plan Rows": 1,
                                        "Plan Width": 96,
                                        "Actual Startup Time": 893.8,
                                        "Actual Total Time": 893.917,
                                        "Actual Rows": 1,
                                        "Actual Loops": 5,
                                        "Workers": [],
                                        "Plans": [
                                            {
                                                "Node Type": "Hash Join",
                                                "Parent Relationship": "Outer",
                                                "Parallel Aware": true,
                                                "Async Capable": false,
                                                "Join Type": "Inner",
                                                "Startup Cost": 427601.25,
                                                "Total Cost": 498887.7,
                                                "Plan Rows": 1413,
                                                "Plan Width": 48,
                                                "Actual Startup Time": 766.655,
                                                "Actual Total Time": 887.11,
                                                "Actual Rows": 157095,
                                                "Actual Loops": 5,
                                                "Inner Unique": false,
                                                "Hash Cond": "(n.id = ci.person_id)",
                                                "Workers": [],
                                                "Plans": [
                                                    {
                                                        "Node Type": "Seq Scan",
                                                        "Parent Relationship": "Outer",
                                                        "Parallel Aware": true,
                                                        "Async Capable": false,
                                                        "Relation Name": "name",
                                                        "Alias": "n",
                                                        "Startup Cost": 0.0,
                                                        "Total Cost": 66074.73,
                                                        "Plan Rows": 1041873,
                                                        "Plan Width": 19,
                                                        "Actual Startup Time": 0.004,
                                                        "Actual Total Time": 32.22,
                                                        "Actual Rows": 833498,
                                                        "Actual Loops": 5,
                                                        "Workers": []
                                                    },
                                                    {
                                                        "Node Type": "Hash",
                                                        "Parent Relationship": "Inner",
                                                        "Parallel Aware": true,
                                                        "Async Capable": false,
                                                        "Startup Cost": 427589.47,
                                                        "Total Cost": 427589.47,
                                                        "Plan Rows": 942,
                                                        "Plan Width": 37,
                                                        "Actual Startup Time": 766.538,
                                                        "Actual Total Time": 766.653,
                                                        "Actual Rows": 157095,
                                                        "Actual Loops": 5,
                                                        "Hash Buckets": 1048576,
                                                        "Original Hash Buckets": 8192,
                                                        "Hash Batches": 1,
                                                        "Original Hash Batches": 1,
                                                        "Peak Memory Usage": 68576,
                                                        "Workers": [],
                                                        "Plans": [
                                                            {
                                                                "Node Type": "Hash Join",
                                                                "Parent Relationship": "Outer",
                                                                "Parallel Aware": true,
                                                                "Async Capable": false,
                                                                "Join Type": "Inner",
                                                                "Startup Cost": 91808.64,
                                                                "Total Cost": 427589.47,
                                                                "Plan Rows": 942,
                                                                "Plan Width": 37,
                                                                "Actual Startup Time": 138.201,
                                                                "Actual Total Time": 731.686,
                                                                "Actual Rows": 157095,
                                                                "Actual Loops": 5,
                                                                "Inner Unique": false,
                                                                "Hash Cond": "(ci.movie_id = t.id)",
                                                                "Workers": [],
                                                                "Plans": [
                                                                    {
                                                                        "Node Type": "Seq Scan",
                                                                        "Parent Relationship": "Outer",
                                                                        "Parallel Aware": true,
                                                                        "Async Capable": false,
                                                                        "Relation Name": "cast_info",
                                                                        "Alias": "ci",
                                                                        "Startup Cost": 0.0,
                                                                        "Total Cost": 313127.24,
                                                                        "Plan Rows": 6040724,
                                                                        "Plan Width": 8,
                                                                        "Actual Startup Time": 0.026,
                                                                        "Actual Total Time": 246.387,
                                                                        "Actual Rows": 7248869,
                                                                        "Actual Loops": 5,
                                                                        "Workers": []
                                                                    },
                                                                    {
                                                                        "Node Type": "Hash",
                                                                        "Parent Relationship": "Inner",
                                                                        "Parallel Aware": true,
                                                                        "Async Capable": false,
                                                                        "Startup Cost": 91808.17,
                                                                        "Total Cost": 91808.17,
                                                                        "Plan Rows": 37,
                                                                        "Plan Width": 41,
                                                                        "Actual Startup Time": 138.136,
                                                                        "Actual Total Time": 138.25,
                                                                        "Actual Rows": 2833,
                                                                        "Actual Loops": 5,
                                                                        "Hash Buckets": 16384,
                                                                        "Original Hash Buckets": 1024,
                                                                        "Hash Batches": 1,
                                                                        "Original Hash Batches": 1,
                                                                        "Peak Memory Usage": 1336,
                                                                        "Workers": [],
                                                                        "Plans": [
                                                                            {
                                                                                "Node Type": "Hash Join",
                                                                                "Parent Relationship": "Outer",
                                                                                "Parallel Aware": true,
                                                                                "Async Capable": false,
                                                                                "Join Type": "Inner",
                                                                                "Startup Cost": 46596.78,
                                                                                "Total Cost": 91808.17,
                                                                                "Plan Rows": 37,
                                                                                "Plan Width": 41,
                                                                                "Actual Startup Time": 89.035,
                                                                                "Actual Total Time": 131.613,
                                                                                "Actual Rows": 2833,
                                                                                "Actual Loops": 5,
                                                                                "Inner Unique": false,
                                                                                "Hash Cond": "(t.id = mk.movie_id)",
                                                                                "Workers": [],
                                                                                "Plans": [
                                                                                    {
                                                                                        "Node Type": "Seq Scan",
                                                                                        "Parent Relationship": "Outer",
                                                                                        "Parallel Aware": true,
                                                                                        "Async Capable": false,
                                                                                        "Relation Name": "title",
                                                                                        "Alias": "t",
                                                                                        "Startup Cost": 0.0,
                                                                                        "Total Cost": 43909.73,
                                                                                        "Plan Rows": 347079,
                                                                                        "Plan Width": 21,
                                                                                        "Actual Startup Time": 0.007,
                                                                                        "Actual Total Time": 31.228,
                                                                                        "Actual Rows": 276291,
                                                                                        "Actual Loops": 5,
                                                                                        "Filter": "(production_year > 2000)",
                                                                                        "Rows Removed by Filter": 229372,
                                                                                        "Workers": []
                                                                                    },
                                                                                    {
                                                                                        "Node Type": "Hash",
                                                                                        "Parent Relationship": "Inner",
                                                                                        "Parallel Aware": true,
                                                                                        "Async Capable": false,
                                                                                        "Startup Cost": 46595.69,
                                                                                        "Total Cost": 46595.69,
                                                                                        "Plan Rows": 87,
                                                                                        "Plan Width": 20,
                                                                                        "Actual Startup Time": 88.783,
                                                                                        "Actual Total Time": 88.786,
                                                                                        "Actual Rows": 7110,
                                                                                        "Actual Loops": 5,
                                                                                        "Hash Buckets": 65536,
                                                                                        "Original Hash Buckets": 1024,
                                                                                        "Hash Batches": 1,
                                                                                        "Original Hash Batches": 1,
                                                                                        "Peak Memory Usage": 2808,
                                                                                        "Workers": [],
                                                                                        "Plans": [
                                                                                            {
                                                                                                "Node Type": "Hash Join",
                                                                                                "Parent Relationship": "Outer",
                                                                                                "Parallel Aware": false,
                                                                                                "Async Capable": false,
                                                                                                "Join Type": "Inner",
                                                                                                "Startup Cost": 3691.5,
                                                                                                "Total Cost": 46595.69,
                                                                                                "Plan Rows": 87,
                                                                                                "Plan Width": 20,
                                                                                                "Actual Startup Time": 8.986,
                                                                                                "Actual Total Time": 69.864,
                                                                                                "Actual Rows": 7110,
                                                                                                "Actual Loops": 5,
                                                                                                "Inner Unique": true,
                                                                                                "Hash Cond": "(mk.keyword_id = k.id)",
                                                                                                "Workers": [],
                                                                                                "Plans": [
                                                                                                    {
                                                                                                        "Node Type": "Seq Scan",
                                                                                                        "Parent Relationship": "Outer",
                                                                                                        "Parallel Aware": true,
                                                                                                        "Async Capable": false,
                                                                                                        "Relation Name": "movie_keyword",
                                                                                                        "Alias": "mk",
                                                                                                        "Startup Cost": 0.0,
                                                                                                        "Total Cost": 39073.32,
                                                                                                        "Plan Rows": 1459332,
                                                                                                        "Plan Width": 8,
                                                                                                        "Actual Startup Time": 0.005,
                                                                                                        "Actual Total Time": 34.459,
                                                                                                        "Actual Rows": 904786,
                                                                                                        "Actual Loops": 5,
                                                                                                        "Workers": []
                                                                                                    },
                                                                                                    {
                                                                                                        "Node Type": "Hash",
                                                                                                        "Parent Relationship": "Inner",
                                                                                                        "Parallel Aware": false,
                                                                                                        "Async Capable": false,
                                                                                                        "Startup Cost": 3691.4,
                                                                                                        "Total Cost": 3691.4,
                                                                                                        "Plan Rows": 8,
                                                                                                        "Plan Width": 20,
                                                                                                        "Actual Startup Time": 8.921,
                                                                                                        "Actual Total Time": 8.922,
                                                                                                        "Actual Rows": 8,
                                                                                                        "Actual Loops": 5,
                                                                                                        "Hash Buckets": 1024,
                                                                                                        "Original Hash Buckets": 1024,
                                                                                                        "Hash Batches": 1,
                                                                                                        "Original Hash Batches": 1,
                                                                                                        "Peak Memory Usage": 9,
                                                                                                        "Workers": [],
                                                                                                        "Plans": [
                                                                                                            {
                                                                                                                "Node Type": "Seq Scan",
                                                                                                                "Parent Relationship": "Outer",
                                                                                                                "Parallel Aware": false,
                                                                                                                "Async Capable": false,
                                                                                                                "Relation Name": "keyword",
                                                                                                                "Alias": "k",
                                                                                                                "Startup Cost": 0.0,
                                                                                                                "Total Cost": 3691.4,
                                                                                                                "Plan Rows": 8,
                                                                                                                "Plan Width": 20,
                                                                                                                "Actual Startup Time": 0.04,
                                                                                                                "Actual Total Time": 8.919,
                                                                                                                "Actual Rows": 8,
                                                                                                                "Actual Loops": 5,
                                                                                                                "Filter": "(keyword = ANY ('{superhero,sequel,second-part,marvel-comics,based-on-comic,tv-special,fight,violence}'::text[]))",
                                                                                                                "Rows Removed by Filter": 134162,
                                                                                                                "Workers": []
                                                                                                            }
                                                                                                        ]
                                                                                                    }
                                                                                                ]
                                                                                            }
                                                                                        ]
                                                                                    }
                                                                                ]
                                                                            }
                                                                        ]
                                                                    }
                                                                ]
                                                            }
                                                        ]
                                                    }
                                                ]
                                            }
                                        ]
                                    }
                                ]
                            }
                        ]
                    },
                    "Planning Time": 0.287,
                    "Triggers": [],
                    "Execution Time": 919.872
                }
            ],
            "hints": [
                "SET enable_hashjoin TO on",
                "SET enable_indexonlyscan TO on",
                "SET enable_indexscan TO off",
                "SET enable_mergejoin TO off",
                "SET enable_nestloop TO off",
                "SET enable_seqscan TO on"
            ]
        },
        {
            "arm": 4,
            "execution_time": 1744.82,
            "plan": [
                {
                    "Plan": {
                        "Node Type": "Aggregate",
                        "Strategy": "Plain",
                        "Partial Mode": "Simple",
                        "Parallel Aware": false,
                        "Async Capable": false,
                        "Startup Cost": 16051.42,
                        "Total Cost": 16051.43,
                        "Plan Rows": 1,
                        "Plan Width": 96,
                        "Actual Startup Time": 1744.794,
                        "Actual Total Time": 1744.796,
                        "Actual Rows": 1,
                        "Actual Loops": 1,
                        "Plans": [
                            {
                                "Node Type": "Nested Loop",
                                "Parent Relationship": "Outer",
                                "Parallel Aware": false,
                                "Async Capable": false,
                                "Join Type": "Inner",
                                "Startup Cost": 1.73,
                                "Total Cost": 16009.03,
                                "Plan Rows": 5652,
                                "Plan Width": 48,
                                "Actual Startup Time": 0.089,
                                "Actual Total Time": 1702.677,
                                "Actual Rows": 785477,
                                "Actual Loops": 1,
                                "Inner Unique": true,
                                "Plans": [
                                    {
                                        "Node Type": "Nested Loop",
                                        "Parent Relationship": "Outer",
                                        "Parallel Aware": false,
                                        "Async Capable": false,
                                        "Join Type": "Inner",
                                        "Startup Cost": 1.3,
                                        "Total Cost": 13435.68,
                                        "Plan Rows": 5652,
                                        "Plan Width": 37,
                                        "Actual Startup Time": 0.081,
                                        "Actual Total Time": 607.96,
                                        "Actual Rows": 785477,
                                        "Actual Loops": 1,
                                        "Inner Unique": false,
                                        "Join Filter": "(ci.movie_id = t.id)",
                                        "Rows Removed by Join Filter": 0,
                                        "Plans": [
                                            {
                                                "Node Type": "Nested Loop",
                                                "Parent Relationship": "Outer",
                                                "Parallel Aware": false,
                                                "Async Capable": false,
                                                "Join Type": "Inner",
                                                "Startup Cost": 0.86,
                                                "Total Cost": 13162.43,
                                                "Plan Rows": 148,
                                                "Plan Width": 41,
                                                "Actual Startup Time": 0.072,
                                                "Actual Total Time": 86.884,
                                                "Actual Rows": 14165,
                                                "Actual Loops": 1,
                                                "Inner Unique": true,
                                                "Plans": [
                                                    {
                                                        "Node Type": "Nested Loop",
                                                        "Parent Relationship": "Outer",
                                                        "Parallel Aware": false,
                                                        "Async Capable": false,
                                                        "Join Type": "Inner",
                                                        "Startup Cost": 0.43,
                                                        "Total Cost": 13030.18,
                                                        "Plan Rows": 270,
                                                        "Plan Width": 20,
                                                        "Actual Startup Time": 0.062,
                                                        "Actual Total Time": 29.489,
                                                        "Actual Rows": 35548,
                                                        "Actual Loops": 1,
                                                        "Inner Unique": false,
                                                        "Plans": [
                                                            {
                                                                "Node Type": "Seq Scan",
                                                                "Parent Relationship": "Outer",
                                                                "Parallel Aware": false,
                                                                "Async Capable": false,
                                                                "Relation Name": "keyword",
                                                                "Alias": "k",
                                                                "Startup Cost": 0.0,
                                                                "Total Cost": 3691.4,
                                                                "Plan Rows": 8,
                                                                "Plan Width": 20,
                                                                "Actual Startup Time": 0.038,
                                                                "Actual Total Time": 8.909,
                                                                "Actual Rows": 8,
                                                                "Actual Loops": 1,
                                                                "Filter": "(keyword = ANY ('{superhero,sequel,second-part,marvel-comics,based-on-comic,tv-special,fight,violence}'::text[]))",
                                                                "Rows Removed by Filter": 134162
                                                            },
                                                            {
                                                                "Node Type": "Index Scan",
                                                                "Parent Relationship": "Inner",
                                                                "Parallel Aware": false,
                                                                "Async Capable": false,
                                                                "Scan Direction": "Forward",
                                                                "Index Name": "keyword_id_movie_keyword",
                                                                "Relation Name": "movie_keyword",
                                                                "Alias": "mk",
                                                                "Startup Cost": 0.43,
                                                                "Total Cost": 1164.32,
                                                                "Plan Rows": 303,
                                                                "Plan Width": 8,
                                                                "Actual Startup Time": 0.009,
                                                                "Actual Total Time": 2.36,
                                                                "Actual Rows": 4444,
                                                                "Actual Loops": 8,
                                                                "Index Cond": "(keyword_id = k.id)",
                                                                "Rows Removed by Index Recheck": 0
                                                            }
                                                        ]
                                                    },
                                                    {
                                                        "Node Type": "Index Scan",
                                                        "Parent Relationship": "Inner",
                                                        "Parallel Aware": false,
                                                        "Async Capable": false,
                                                        "Scan Direction": "Forward",
                                                        "Index Name": "title_pkey",
                                                        "Relation Name": "title",
                                                        "Alias": "t",
                                                        "Startup Cost": 0.43,
                                                        "Total Cost": 0.49,
                                                        "Plan Rows": 1,
                                                        "Plan Width": 21,
                                                        "Actual Startup Time": 0.002,
                                                        "Actual Total Time": 0.002,
                                                        "Actual Rows": 0,
                                                        "Actual Loops": 35548,
                                                        "Index Cond": "(id = mk.movie_id)",
                                                        "Rows Removed by Index Recheck": 0,
                                                        "Filter": "(production_year > 2000)",
                                                        "Rows Removed by Filter": 1
                                                    }
                                                ]
                                            },
                                            {
                                                "Node Type": "Index Scan",
                                                "Parent Relationship": "Inner",
                                                "Parallel Aware": false,
                                                "Async Capable": false,
                                                "Scan Direction": "Forward",
                                                "Index Name": "movie_id_cast_info",
                                                "Relation Name": "cast_info",
                                                "Alias": "ci",
                                                "Startup Cost": 0.44,
                                                "Total Cost": 1.37,
                                                "Plan Rows": 38,
                                                "Plan Width": 8,
                                                "Actual Startup Time": 0.002,
                                                "Actual Total Time": 0.034,
                                                "Actual Rows": 55,
                                                "Actual Loops": 14165,
                                                "Index Cond": "(movie_id = mk.movie_id)",
                                                "Rows Removed by Index Recheck": 0
                                            }
                                        ]
                                    },
                                    {
                                        "Node Type": "Index Scan",
                                        "Parent Relationship": "Inner",
                                        "Parallel Aware": false,
                                        "Async Capable": false,
                                        "Scan Direction": "Forward",
                                        "Index Name": "name_pkey",
                                        "Relation Name": "name",
                                        "Alias": "n",
                                        "Startup Cost": 0.43,
                                        "Total Cost": 0.46,
                                        "Plan Rows": 1,
                                        "Plan Width": 19,
                                        "Actual Startup Time": 0.001,
                                        "Actual Total Time": 0.001,
                                        "Actual Rows": 1,
                                        "Actual Loops": 785477,
                                        "Index Cond": "(id = ci.person_id)",
                                        "Rows Removed by Index Recheck": 0
                                    }
                                ]
                            }
                        ]
                    },
                    "Planning Time": 0.455,
                    "Triggers": [],
                    "Execution Time": 1744.82
                }
            ],
            "hints": [
                "SET enable_hashjoin TO on",
                "SET enable_indexonlyscan TO on",
                "SET enable_indexscan TO on",
                "SET enable_mergejoin TO off",
                "SET enable_nestloop TO on",
                "SET enable_seqscan TO on"
            ]
        }
    ]
}