{
    "sql_file": "job7b.sql",
    "query": "SELECT MIN(n.name) AS of_person, MIN(t.title) AS biography_movie FROM aka_name AS an, cast_info AS ci, info_type AS it, link_type AS lt, movie_link AS ml, name AS n, person_info AS pi, title AS t WHERE an.name LIKE '%a%' AND it.info ='mini biography' AND lt.link ='features' AND n.name_pcode_cf LIKE 'D%' AND n.gender = 'm' AND pi.note ='Volker Boehm' AND t.production_year BETWEEN 1980 AND 1984 AND n.id = an.person_id AND n.id = pi.person_id AND ci.person_id = n.id AND t.id = ci.movie_id AND ml.linked_movie_id = t.id AND lt.id = ml.link_type_id AND it.id = pi.info_type_id AND pi.person_id = an.person_id AND pi.person_id = ci.person_id AND an.person_id = ci.person_id AND ci.movie_id = ml.linked_movie_id;",
    "results": [
        {
            "arm": 0,
            "execution_time": 106.328,
            "plan": [
                {
                    "Plan": {
                        "Node Type": "Aggregate",
                        "Strategy": "Plain",
                        "Partial Mode": "Simple",
                        "Parallel Aware": false,
                        "Async Capable": false,
                        "Startup Cost": 9776.17,
                        "Total Cost": 9776.18,
                        "Plan Rows": 1,
                        "Plan Width": 64,
                        "Actual Startup Time": 106.29,
                        "Actual Total Time": 106.294,
                        "Actual Rows": 1,
                        "Actual Loops": 1,
                        "Plans": [
                            {
                                "Node Type": "Nested Loop",
                                "Parent Relationship": "Outer",
                                "Parallel Aware": false,
                                "Async Capable": false,
                                "Join Type": "Inner",
                                "Startup Cost": 3.39,
                                "Total Cost": 9776.17,
                                "Plan Rows": 1,
                                "Plan Width": 32,
                                "Actual Startup Time": 3.416,
                                "Actual Total Time": 106.284,
                                "Actual Rows": 16,
                                "Actual Loops": 1,
                                "Inner Unique": true,
                                "Join Filter": "(it.id = pi.info_type_id)",
                                "Rows Removed by Join Filter": 0,
                                "Plans": [
                                    {
                                        "Node Type": "Nested Loop",
                                        "Parent Relationship": "Outer",
                                        "Parallel Aware": false,
                                        "Async Capable": false,
                                        "Join Type": "Inner",
                                        "Startup Cost": 3.39,
                                        "Total Cost": 9773.74,
                                        "Plan Rows": 1,
                                        "Plan Width": 36,
                                        "Actual Startup Time": 3.412,
                                        "Actual Total Time": 106.255,
                                        "Actual Rows": 16,
                                        "Actual Loops": 1,
                                        "Inner Unique": false,
                                        "Join Filter": "(an.person_id = n.id)",
                                        "Rows Removed by Join Filter": 0,
                                        "Plans": [
                                            {
                                                "Node Type": "Nested Loop",
                                                "Parent Relationship": "Outer",
                                                "Parallel Aware": false,
                                                "Async Capable": false,
                                                "Join Type": "Inner",
                                                "Startup Cost": 2.97,
                                                "Total Cost": 9773.25,
                                                "Plan Rows": 1,
                                                "Plan Width": 48,
                                                "Actual Startup Time": 3.404,
                                                "Actual Total Time": 106.221,
                                                "Actual Rows": 8,
                                                "Actual Loops": 1,
                                                "Inner Unique": false,
                                                "Join Filter": "(n.id = pi.person_id)",
                                                "Rows Removed by Join Filter": 0,
                                                "Plans": [
                                                    {
                                                        "Node Type": "Nested Loop",
                                                        "Parent Relationship": "Outer",
                                                        "Parallel Aware": false,
                                                        "Async Capable": false,
                                                        "Join Type": "Inner",
                                                        "Startup Cost": 2.54,
                                                        "Total Cost": 9731.5,
                                                        "Plan Rows": 44,
                                                        "Plan Width": 40,
                                                        "Actual Startup Time": 0.073,
                                                        "Actual Total Time": 103.393,
                                                        "Actual Rows": 1076,
                                                        "Actual Loops": 1,
                                                        "Inner Unique": true,
                                                        "Plans": [
                                                            {
                                                                "Node Type": "Nested Loop",
                                                                "Parent Relationship": "Outer",
                                                                "Parallel Aware": false,
                                                                "Async Capable": false,
                                                                "Join Type": "Inner",
                                                                "Startup Cost": 2.11,
                                                                "Total Cost": 8865.68,
                                                                "Plan Rows": 1881,
                                                                "Plan Width": 21,
                                                                "Actual Startup Time": 0.028,
                                                                "Actual Total Time": 37.873,
                                                                "Actual Rows": 33415,
                                                                "Actual Loops": 1,
                                                                "Inner Unique": false,
                                                                "Plans": [
                                                                    {
                                                                        "Node Type": "Nested Loop",
                                                                        "Parent Relationship": "Outer",
                                                                        "Parallel Aware": false,
                                                                        "Async Capable": false,
                                                                        "Join Type": "Inner",
                                                                        "Startup Cost": 1.67,
                                                                        "Total Cost": 8020.0,
                                                                        "Plan Rows": 49,
                                                                        "Plan Width": 25,
                                                                        "Actual Startup Time": 0.024,
                                                                        "Actual Total Time": 16.124,
                                                                        "Actual Rows": 435,
                                                                        "Actual Loops": 1,
                                                                        "Inner Unique": true,
                                                                        "Plans": [
                                                                            {
                                                                                "Node Type": "Hash Join",
                                                                                "Parent Relationship": "Outer",
                                                                                "Parallel Aware": false,
                                                                                "Async Capable": false,
                                                                                "Join Type": "Inner",
                                                                                "Startup Cost": 1.24,
                                                                                "Total Cost": 561.48,
                                                                                "Plan Rows": 1666,
                                                                                "Plan Width": 4,
                                                                                "Actual Startup Time": 0.017,
                                                                                "Actual Total Time": 2.295,
                                                                                "Actual Rows": 5186,
                                                                                "Actual Loops": 1,
                                                                                "Inner Unique": true,
                                                                                "Hash Cond": "(ml.link_type_id = lt.id)",
                                                                                "Plans": [
                                                                                    {
                                                                                        "Node Type": "Seq Scan",
                                                                                        "Parent Relationship": "Outer",
                                                                                        "Parallel Aware": false,
                                                                                        "Async Capable": false,
                                                                                        "Relation Name": "movie_link",
                                                                                        "Alias": "ml",
                                                                                        "Startup Cost": 0.0,
                                                                                        "Total Cost": 462.97,
                                                                                        "Plan Rows": 29997,
                                                                                        "Plan Width": 8,
                                                                                        "Actual Startup Time": 0.004,
                                                                                        "Actual Total Time": 1.083,
                                                                                        "Actual Rows": 29997,
                                                                                        "Actual Loops": 1
                                                                                    },
                                                                                    {
                                                                                        "Node Type": "Hash",
                                                                                        "Parent Relationship": "Inner",
                                                                                        "Parallel Aware": false,
                                                                                        "Async Capable": false,
                                                                                        "Startup Cost": 1.23,
                                                                                        "Total Cost": 1.23,
                                                                                        "Plan Rows": 1,
                                                                                        "Plan Width": 4,
                                                                                        "Actual Startup Time": 0.004,
                                                                                        "Actual Total Time": 0.005,
                                                                                        "Actual Rows": 1,
                                                                                        "Actual Loops": 1,
                                                                                        "Hash Buckets": 1024,
                                                                                        "Original Hash Buckets": 1024,
                                                                                        "Hash Batches": 1,
                                                                                        "Original Hash Batches": 1,
                                                                                        "Peak Memory Usage": 9,
                                                                                        "Plans": [
                                                                                            {
                                                                                                "Node Type": "Seq Scan",
                                                                                                "Parent Relationship": "Outer",
                                                                                                "Parallel Aware": false,
                                                                                                "Async Capable": false,
                                                                                                "Relation Name": "link_type",
                                                                                                "Alias": "lt",
                                                                                                "Startup Cost": 0.0,
                                                                                                "Total Cost": 1.23,
                                                                                                "Plan Rows": 1,
                                                                                                "Plan Width": 4,
                                                                                                "Actual Startup Time": 0.002,
                                                                                                "Actual Total Time": 0.003,
                                                                                                "Actual Rows": 1,
                                                                                                "Actual Loops": 1,
                                                                                                "Filter": "((link)::text = 'features'::text)",
                                                                                                "Rows Removed by Filter": 17
                                                                                            }
                                                                                        ]
                                                                                    }
                                                                                ]
                                                                            },
                                                                            {
                                                                                "Node Type": "Index Scan",
                                                                                "Parent Relationship": "Inner",
                                                                                "Parallel Aware": false,
                                                                                "Async Capable": false,
                                                                                "Scan Direction": "Forward",
                                                                                "Index Name": "title_pkey",
                                                                                "Relation Name": "title",
                                                                                "Alias": "t",
                                                                                "Startup Cost": 0.43,
                                                                                "Total Cost": 4.48,
                                                                                "Plan Rows": 1,
                                                                                "Plan Width": 21,
                                                                                "Actual Startup Time": 0.003,
                                                                                "Actual Total Time": 0.003,
                                                                                "Actual Rows": 0,
                                                                                "Actual Loops": 5186,
                                                                                "Index Cond": "(id = ml.linked_movie_id)",
                                                                                "Rows Removed by Index Recheck": 0,
                                                                                "Filter": "((production_year >= 1980) AND (production_year <= 1984))",
                                                                                "Rows Removed by Filter": 1
                                                                            }
                                                                        ]
                                                                    },
                                                                    {
                                                                        "Node Type": "Index Scan",
                                                                        "Parent Relationship": "Inner",
                                                                        "Parallel Aware": false,
                                                                        "Async Capable": false,
                                                                        "Scan Direction": "Forward",
                                                                        "Index Name": "movie_id_cast_info",
                                                                        "Relation Name": "cast_info",
                                                                        "Alias": "ci",
                                                                        "Startup Cost": 0.44,
                                                                        "Total Cost": 16.88,
                                                                        "Plan Rows": 38,
                                                                        "Plan Width": 8,
                                                                        "Actual Startup Time": 0.003,
                                                                        "Actual Total Time": 0.046,
                                                                        "Actual Rows": 77,
                                                                        "Actual Loops": 435,
                                                                        "Index Cond": "(movie_id = t.id)",
                                                                        "Rows Removed by Index Recheck": 0
                                                                    }
                                                                ]
                                                            },
                                                            {
                                                                "Node Type": "Index Scan",
                                                                "Parent Relationship": "Inner",
                                                                "Parallel Aware": false,
                                                                "Async Capable": false,
                                                                "Scan Direction": "Forward",
                                                                "Index Name": "name_pkey",
                                                                "Relation Name": "name",
                                                                "Alias": "n",
                                                                "Startup Cost": 0.43,
                                                                "Total Cost": 0.46,
                                                                "Plan Rows": 1,
                                                                "Plan Width": 19,
                                                                "Actual Startup Time": 0.002,
                                                                "Actual Total Time": 0.002,
                                                                "Actual Rows": 0,
                                                                "Actual Loops": 33415,
                                                                "Index Cond": "(id = ci.person_id)",
                                                                "Rows Removed by Index Recheck": 0,
                                                                "Filter": "(((name_pcode_cf)::text ~~ 'D%'::text) AND ((gender)::text = 'm'::text))",
                                                                "Rows Removed by Filter": 1
                                                            }
                                                        ]
                                                    },
                                                    {
                                                        "Node Type": "Index Scan",
                                                        "Parent Relationship": "Inner",
                                                        "Parallel Aware": false,
                                                        "Async Capable": false,
                                                        "Scan Direction": "Forward",
                                                        "Index Name": "person_id_person_info",
                                                        "Relation Name": "person_info",
                                                        "Alias": "pi",
                                                        "Startup Cost": 0.43,
                                                        "Total Cost": 0.94,
                                                        "Plan Rows": 1,
                                                        "Plan Width": 8,
                                                        "Actual Startup Time": 0.003,
                                                        "Actual Total Time": 0.003,
                                                        "Actual Rows": 0,
                                                        "Actual Loops": 1076,
                                                        "Index Cond": "(person_id = ci.person_id)",
                                                        "Rows Removed by Index Recheck": 0,
                                                        "Filter": "(note = 'Volker Boehm'::text)",
                                                        "Rows Removed by Filter": 16
                                                    }
                                                ]
                                            },
                                            {
                                                "Node Type": "Index Scan",
                                                "Parent Relationship": "Inner",
                                                "Parallel Aware": false,
                                                "Async Capable": false,
                                                "Scan Direction": "Forward",
                                                "Index Name": "person_id_aka_name",
                                                "Relation Name": "aka_name",
                                                "Alias": "an",
                                                "Startup Cost": 0.42,
                                                "Total Cost": 0.47,
                                                "Plan Rows": 2,
                                                "Plan Width": 4,
                                                "Actual Startup Time": 0.003,
                                                "Actual Total Time": 0.003,
                                                "Actual Rows": 2,
                                                "Actual Loops": 8,
                                                "Index Cond": "(person_id = ci.person_id)",
                                                "Rows Removed by Index Recheck": 0,
                                                "Filter": "(name ~~ '%a%'::text)",
                                                "Rows Removed by Filter": 1
                                            }
                                        ]
                                    },
                                    {
                                        "Node Type": "Seq Scan",
                                        "Parent Relationship": "Inner",
                                        "Parallel Aware": false,
                                        "Async Capable": false,
                                        "Relation Name": "info_type",
                                        "Alias": "it",
                                        "Startup Cost": 0.0,
                                        "Total Cost": 2.41,
                                        "Plan Rows": 1,
                                        "Plan Width": 4,
                                        "Actual Startup Time": 0.001,
                                        "Actual Total Time": 0.001,
                                        "Actual Rows": 1,
                                        "Actual Loops": 16,
                                        "Filter": "((info)::text = 'mini biography'::text)",
                                        "Rows Removed by Filter": 18
                                    }
                                ]
                            }
                        ]
                    },
                    "Planning Time": 1.917,
                    "Triggers": [],
                    "Execution Time": 106.328
                }
            ],
            "hints": [
                "SET enable_hashjoin TO on",
                "SET enable_indexonlyscan TO on",
                "SET enable_indexscan TO on",
                "SET enable_mergejoin TO on",
                "SET enable_nestloop TO on",
                "SET enable_seqscan TO on"
            ]
        },
        {
            "arm": 1,
            "execution_time": 815.844,
            "plan": [
                {
                    "Plan": {
                        "Node Type": "Aggregate",
                        "Strategy": "Plain",
                        "Partial Mode": "Finalize",
                        "Parallel Aware": false,
                        "Async Capable": false,
                        "Startup Cost": 524440.92,
                        "Total Cost": 524440.93,
                        "Plan Rows": 1,
                        "Plan Width": 64,
                        "Actual Startup Time": 796.674,
                        "Actual Total Time": 815.792,
                        "Actual Rows": 1,
                        "Actual Loops": 1,
                        "Plans": [
                            {
                                "Node Type": "Gather",
                                "Parent Relationship": "Outer",
                                "Parallel Aware": false,
                                "Async Capable": false,
                                "Startup Cost": 524440.59,
                                "Total Cost": 524440.9,
                                "Plan Rows": 3,
                                "Plan Width": 64,
                                "Actual Startup Time": 796.325,
                                "Actual Total Time": 815.787,
                                "Actual Rows": 4,
                                "Actual Loops": 1,
                                "Workers Planned": 3,
                                "Workers Launched": 3,
                                "Single Copy": false,
                                "Plans": [
                                    {
                                        "Node Type": "Aggregate",
                                        "Strategy": "Plain",
                                        "Partial Mode": "Partial",
                                        "Parent Relationship": "Outer",
                                        "Parallel Aware": false,
                                        "Async Capable": false,
                                        "Startup Cost": 523440.59,
                                        "Total Cost": 523440.6,
                                        "Plan Rows": 1,
                                        "Plan Width": 64,
                                        "Actual Startup Time": 794.398,
                                        "Actual Total Time": 794.41,
                                        "Actual Rows": 1,
                                        "Actual Loops": 4,
                                        "Workers": [],
                                        "Plans": [
                                            {
                                                "Node Type": "Hash Join",
                                                "Parent Relationship": "Outer",
                                                "Parallel Aware": true,
                                                "Async Capable": false,
                                                "Join Type": "Inner",
                                                "Startup Cost": 507576.33,
                                                "Total Cost": 523440.59,
                                                "Plan Rows": 1,
                                                "Plan Width": 32,
                                                "Actual Startup Time": 789.264,
                                                "Actual Total Time": 794.402,
                                                "Actual Rows": 4,
                                                "Actual Loops": 4,
                                                "Inner Unique": false,
                                                "Hash Cond": "(an.person_id = n.id)",
                                                "Workers": [],
                                                "Plans": [
                                                    {
                                                        "Node Type": "Seq Scan",
                                                        "Parent Relationship": "Outer",
                                                        "Parallel Aware": true,
                                                        "Async Capable": false,
                                                        "Relation Name": "aka_name",
                                                        "Alias": "an",
                                                        "Startup Cost": 0.0,
                                                        "Total Cost": 15050.45,
                                                        "Plan Rows": 217013,
                                                        "Plan Width": 4,
                                                        "Actual Startup Time": 0.024,
                                                        "Actual Total Time": 16.303,
                                                        "Actual Rows": 168673,
                                                        "Actual Loops": 4,
                                                        "Filter": "(name ~~ '%a%'::text)",
                                                        "Rows Removed by Filter": 56663,
                                                        "Workers": []
                                                    },
                                                    {
                                                        "Node Type": "Hash",
                                                        "Parent Relationship": "Inner",
                                                        "Parallel Aware": true,
                                                        "Async Capable": false,
                                                        "Startup Cost": 507576.32,
                                                        "Total Cost": 507576.32,
                                                        "Plan Rows": 1,
                                                        "Plan Width": 44,
                                                        "Actual Startup Time": 773.774,
                                                        "Actual Total Time": 773.784,
                                                        "Actual Rows": 2,
                                                        "Actual Loops": 4,
                                                        "Hash Buckets": 1024,
                                                        "Original Hash Buckets": 1024,
                                                        "Hash Batches": 1,
                                                        "Original Hash Batches": 1,
                                                        "Peak Memory Usage": 40,
                                                        "Workers": [],
                                                        "Plans": [
                                                            {
                                                                "Node Type": "Hash Join",
                                                                "Parent Relationship": "Outer",
                                                                "Parallel Aware": false,
                                                                "Async Capable": false,
                                                                "Join Type": "Inner",
                                                                "Startup Cost": 462016.1,
                                                                "Total Cost": 507576.32,
                                                                "Plan Rows": 1,
                                                                "Plan Width": 44,
                                                                "Actual Startup Time": 771.254,
                                                                "Actual Total Time": 773.763,
                                                                "Actual Rows": 2,
                                                                "Actual Loops": 4,
                                                                "Inner Unique": false,
                                                                "Hash Cond": "(t.id = ml.linked_movie_id)",
                                                                "Workers": [],
                                                                "Plans": [
                                                                    {
                                                                        "Node Type": "Hash Join",
                                                                        "Parent Relationship": "Outer",
                                                                        "Parallel Aware": true,
                                                                        "Async Capable": false,
                                                                        "Join Type": "Inner",
                                                                        "Startup Cost": 461433.79,
                                                                        "Total Cost": 506993.99,
                                                                        "Plan Rows": 1,
                                                                        "Plan Width": 52,
                                                                        "Actual Startup Time": 759.539,
                                                                        "Actual Total Time": 771.004,
                                                                        "Actual Rows": 6,
                                                                        "Actual Loops": 4,
                                                                        "Inner Unique": false,
                                                                        "Hash Cond": "(t.id = ci.movie_id)",
                                                                        "Workers": [],
                                                                        "Plans": [
                                                                            {
                                                                                "Node Type": "Seq Scan",
                                                                                "Parent Relationship": "Outer",
                                                                                "Parallel Aware": true,
                                                                                "Async Capable": false,
                                                                                "Relation Name": "title",
                                                                                "Alias": "t",
                                                                                "Startup Cost": 0.0,
                                                                                "Total Cost": 45490.07,
                                                                                "Plan Rows": 18697,
                                                                                "Plan Width": 21,
                                                                                "Actual Startup Time": 0.012,
                                                                                "Actual Total Time": 38.026,
                                                                                "Actual Rows": 19016,
                                                                                "Actual Loops": 4,
                                                                                "Filter": "((production_year >= 1980) AND (production_year <= 1984))",
                                                                                "Rows Removed by Filter": 613062,
                                                                                "Workers": []
                                                                            },
                                                                            {
                                                                                "Node Type": "Hash",
                                                                                "Parent Relationship": "Inner",
                                                                                "Parallel Aware": true,
                                                                                "Async Capable": false,
                                                                                "Startup Cost": 461433.78,
                                                                                "Total Cost": 461433.78,
                                                                                "Plan Rows": 1,
                                                                                "Plan Width": 31,
                                                                                "Actual Startup Time": 732.269,
                                                                                "Actual Total Time": 732.275,
                                                                                "Actual Rows": 69,
                                                                                "Actual Loops": 4,
                                                                                "Hash Buckets": 1024,
                                                                                "Original Hash Buckets": 1024,
                                                                                "Hash Batches": 1,
                                                                                "Original Hash Batches": 1,
                                                                                "Peak Memory Usage": 136,
                                                                                "Workers": [],
                                                                                "Plans": [
                                                                                    {
                                                                                        "Node Type": "Hash Join",
                                                                                        "Parent Relationship": "Outer",
                                                                                        "Parallel Aware": true,
                                                                                        "Async Capable": false,
                                                                                        "Join Type": "Inner",
                                                                                        "Startup Cost": 131922.74,
                                                                                        "Total Cost": 461433.78,
                                                                                        "Plan Rows": 1,
                                                                                        "Plan Width": 31,
                                                                                        "Actual Startup Time": 304.918,
                                                                                        "Actual Total Time": 732.224,
                                                                                        "Actual Rows": 69,
                                                                                        "Actual Loops": 4,
                                                                                        "Inner Unique": false,
                                                                                        "Hash Cond": "(n.id = pi.person_id)",
                                                                                        "Workers": [],
                                                                                        "Plans": [
                                                                                            {
                                                                                                "Node Type": "Hash Join",
                                                                                                "Parent Relationship": "Outer",
                                                                                                "Parallel Aware": true,
                                                                                                "Async Capable": false,
                                                                                                "Join Type": "Inner",
                                                                                                "Startup Cost": 71586.99,
                                                                                                "Total Cost": 400571.14,
                                                                                                "Plan Rows": 140499,
                                                                                                "Plan Width": 27,
                                                                                                "Actual Startup Time": 93.913,
                                                                                                "Actual Total Time": 676.147,
                                                                                                "Actual Rows": 228081,
                                                                                                "Actual Loops": 4,
                                                                                                "Inner Unique": true,
                                                                                                "Hash Cond": "(ci.person_id = n.id)",
                                                                                                "Workers": [],
                                                                                                "Plans": [
                                                                                                    {
                                                                                                        "Node Type": "Seq Scan",
                                                                                                        "Parent Relationship": "Outer",
                                                                                                        "Parallel Aware": true,
                                                                                                        "Async Capable": false,
                                                                                                        "Relation Name": "cast_info",
                                                                                                        "Alias": "ci",
                                                                                                        "Startup Cost": 0.0,
                                                                                                        "Total Cost": 313127.24,
                                                                                                        "Plan Rows": 6040724,
                                                                                                        "Plan Width": 8,
                                                                                                        "Actual Startup Time": 0.02,
                                                                                                        "Actual Total Time": 294.078,
                                                                                                        "Actual Rows": 9061086,
                                                                                                        "Actual Loops": 4,
                                                                                                        "Workers": []
                                                                                                    },
                                                                                                    {
                                                                                                        "Node Type": "Hash",
                                                                                                        "Parent Relationship": "Inner",
                                                                                                        "Parallel Aware": true,
                                                                                                        "Async Capable": false,
                                                                                                        "Startup Cost": 71284.09,
                                                                                                        "Total Cost": 71284.09,
                                                                                                        "Plan Rows": 24232,
                                                                                                        "Plan Width": 19,
                                                                                                        "Actual Startup Time": 70.12,
                                                                                                        "Actual Total Time": 70.12,
                                                                                                        "Actual Rows": 22994,
                                                                                                        "Actual Loops": 4,
                                                                                                        "Hash Buckets": 131072,
                                                                                                        "Original Hash Buckets": 131072,
                                                                                                        "Hash Batches": 1,
                                                                                                        "Original Hash Batches": 1,
                                                                                                        "Peak Memory Usage": 6112,
                                                                                                        "Workers": [],
                                                                                                        "Plans": [
                                                                                                            {
                                                                                                                "Node Type": "Seq Scan",
                                                                                                                "Parent Relationship": "Outer",
                                                                                                                "Parallel Aware": true,
                                                                                                                "Async Capable": false,
                                                                                                                "Relation Name": "name",
                                                                                                                "Alias": "n",
                                                                                                                "Startup Cost": 0.0,
                                                                                                                "Total Cost": 71284.09,
                                                                                                                "Plan Rows": 24232,
                                                                                                                "Plan Width": 19,
                                                                                                                "Actual Startup Time": 2.853,
                                                                                                                "Actual Total Time": 67.226,
                                                                                                                "Actual Rows": 22994,
                                                                                                                "Actual Loops": 4,
                                                                                                                "Filter": "(((name_pcode_cf)::text ~~ 'D%'::text) AND ((gender)::text = 'm'::text))",
                                                                                                                "Rows Removed by Filter": 1018879,
                                                                                                                "Workers": []
                                                                                                            }
                                                                                                        ]
                                                                                                    }
                                                                                                ]
                                                                                            },
                                                                                            {
                                                                                                "Node Type": "Hash",
                                                                                                "Parent Relationship": "Inner",
                                                                                                "Parallel Aware": true,
                                                                                                "Async Capable": false,
                                                                                                "Startup Cost": 60335.74,
                                                                                                "Total Cost": 60335.74,
                                                                                                "Plan Rows": 1,
                                                                                                "Plan Width": 4,
                                                                                                "Actual Startup Time": 49.84,
                                                                                                "Actual Total Time": 49.842,
                                                                                                "Actual Rows": 16,
                                                                                                "Actual Loops": 4,
                                                                                                "Hash Buckets": 1024,
                                                                                                "Original Hash Buckets": 1024,
                                                                                                "Hash Batches": 1,
                                                                                                "Original Hash Batches": 1,
                                                                                                "Peak Memory Usage": 136,
                                                                                                "Workers": [],
                                                                                                "Plans": [
                                                                                                    {
                                                                                                        "Node Type": "Hash Join",
                                                                                                        "Parent Relationship": "Outer",
                                                                                                        "Parallel Aware": false,
                                                                                                        "Async Capable": false,
                                                                                                        "Join Type": "Inner",
                                                                                                        "Startup Cost": 2.43,
                                                                                                        "Total Cost": 60335.74,
                                                                                                        "Plan Rows": 1,
                                                                                                        "Plan Width": 4,
                                                                                                        "Actual Startup Time": 3.167,
                                                                                                        "Actual Total Time": 49.817,
                                                                                                        "Actual Rows": 16,
                                                                                                        "Actual Loops": 4,
                                                                                                        "Inner Unique": true,
                                                                                                        "Hash Cond": "(pi.info_type_id = it.id)",
                                                                                                        "Workers": [],
                                                                                                        "Plans": [
                                                                                                            {
                                                                                                                "Node Type": "Seq Scan",
                                                                                                                "Parent Relationship": "Outer",
                                                                                                                "Parallel Aware": true,
                                                                                                                "Async Capable": false,
                                                                                                                "Relation Name": "person_info",
                                                                                                                "Alias": "pi",
                                                                                                                "Startup Cost": 0.0,
                                                                                                                "Total Cost": 60333.3,
                                                                                                                "Plan Rows": 7,
                                                                                                                "Plan Width": 8,
                                                                                                                "Actual Startup Time": 3.15,
                                                                                                                "Actual Total Time": 49.792,
                                                                                                                "Actual Rows": 16,
                                                                                                                "Actual Loops": 4,
                                                                                                                "Filter": "(note = 'Volker Boehm'::text)",
                                                                                                                "Rows Removed by Filter": 740900,
                                                                                                                "Workers": []
                                                                                                            },
                                                                                                            {
                                                                                                                "Node Type": "Hash",
                                                                                                                "Parent Relationship": "Inner",
                                                                                                                "Parallel Aware": false,
                                                                                                                "Async Capable": false,
                                                                                                                "Startup Cost": 2.41,
                                                                                                                "Total Cost": 2.41,
                                                                                                                "Plan Rows": 1,
                                                                                                                "Plan Width": 4,
                                                                                                                "Actual Startup Time": 0.01,
                                                                                                                "Actual Total Time": 0.011,
                                                                                                                "Actual Rows": 1,
                                                                                                                "Actual Loops": 4,
                                                                                                                "Hash Buckets": 1024,
                                                                                                                "Original Hash Buckets": 1024,
                                                                                                                "Hash Batches": 1,
                                                                                                                "Original Hash Batches": 1,
                                                                                                                "Peak Memory Usage": 9,
                                                                                                                "Workers": [],
                                                                                                                "Plans": [
                                                                                                                    {
                                                                                                                        "Node Type": "Seq Scan",
                                                                                                                        "Parent Relationship": "Outer",
                                                                                                                        "Parallel Aware": false,
                                                                                                                        "Async Capable": false,
                                                                                                                        "Relation Name": "info_type",
                                                                                                                        "Alias": "it",
                                                                                                                        "Startup Cost": 0.0,
                                                                                                                        "Total Cost": 2.41,
                                                                                                                        "Plan Rows": 1,
                                                                                                                        "Plan Width": 4,
                                                                                                                        "Actual Startup Time": 0.007,
                                                                                                                        "Actual Total Time": 0.009,
                                                                                                                        "Actual Rows": 1,
                                                                                                                        "Actual Loops": 4,
                                                                                                                        "Filter": "((info)::text = 'mini biography'::text)",
                                                                                                                        "Rows Removed by Filter": 112,
                                                                                                                        "Workers": []
                                                                                                                    }
                                                                                                                ]
                                                                                                            }
                                                                                                        ]
                                                                                                    }
                                                                                                ]
                                                                                            }
                                                                                        ]
                                                                                    }
                                                                                ]
                                                                            }
                                                                        ]
                                                                    },
                                                                    {
                                                                        "Node Type": "Hash",
                                                                        "Parent Relationship": "Inner",
                                                                        "Parallel Aware": false,
                                                                        "Async Capable": false,
                                                                        "Startup Cost": 561.48,
                                                                        "Total Cost": 561.48,
                                                                        "Plan Rows": 1666,
                                                                        "Plan Width": 4,
                                                                        "Actual Startup Time": 2.747,
                                                                        "Actual Total Time": 2.749,
                                                                        "Actual Rows": 5186,
                                                                        "Actual Loops": 4,
                                                                        "Hash Buckets": 8192,
                                                                        "Original Hash Buckets": 2048,
                                                                        "Hash Batches": 1,
                                                                        "Original Hash Batches": 1,
                                                                        "Peak Memory Usage": 247,
                                                                        "Workers": [],
                                                                        "Plans": [
                                                                            {
                                                                                "Node Type": "Hash Join",
                                                                                "Parent Relationship": "Outer",
                                                                                "Parallel Aware": false,
                                                                                "Async Capable": false,
                                                                                "Join Type": "Inner",
                                                                                "Startup Cost": 1.24,
                                                                                "Total Cost": 561.48,
                                                                                "Plan Rows": 1666,
                                                                                "Plan Width": 4,
                                                                                "Actual Startup Time": 0.026,
                                                                                "Actual Total Time": 2.497,
                                                                                "Actual Rows": 5186,
                                                                                "Actual Loops": 4,
                                                                                "Inner Unique": true,
                                                                                "Hash Cond": "(ml.link_type_id = lt.id)",
                                                                                "Workers": [],
                                                                                "Plans": [
                                                                                    {
                                                                                        "Node Type": "Seq Scan",
                                                                                        "Parent Relationship": "Outer",
                                                                                        "Parallel Aware": false,
                                                                                        "Async Capable": false,
                                                                                        "Relation Name": "movie_link",
                                                                                        "Alias": "ml",
                                                                                        "Startup Cost": 0.0,
                                                                                        "Total Cost": 462.97,
                                                                                        "Plan Rows": 29997,
                                                                                        "Plan Width": 8,
                                                                                        "Actual Startup Time": 0.007,
                                                                                        "Actual Total Time": 1.442,
                                                                                        "Actual Rows": 29997,
                                                                                        "Actual Loops": 4,
                                                                                        "Workers": []
                                                                                    },
                                                                                    {
                                                                                        "Node Type": "Hash",
                                                                                        "Parent Relationship": "Inner",
                                                                                        "Parallel Aware": false,
                                                                                        "Async Capable": false,
                                                                                        "Startup Cost": 1.23,
                                                                                        "Total Cost": 1.23,
                                                                                        "Plan Rows": 1,
                                                                                        "Plan Width": 4,
                                                                                        "Actual Startup Time": 0.007,
                                                                                        "Actual Total Time": 0.007,
                                                                                        "Actual Rows": 1,
                                                                                        "Actual Loops": 4,
                                                                                        "Hash Buckets": 1024,
                                                                                        "Original Hash Buckets": 1024,
                                                                                        "Hash Batches": 1,
                                                                                        "Original Hash Batches": 1,
                                                                                        "Peak Memory Usage": 9,
                                                                                        "Workers": [],
                                                                                        "Plans": [
                                                                                            {
                                                                                                "Node Type": "Seq Scan",
                                                                                                "Parent Relationship": "Outer",
                                                                                                "Parallel Aware": false,
                                                                                                "Async Capable": false,
                                                                                                "Relation Name": "link_type",
                                                                                                "Alias": "lt",
                                                                                                "Startup Cost": 0.0,
                                                                                                "Total Cost": 1.23,
                                                                                                "Plan Rows": 1,
                                                                                                "Plan Width": 4,
                                                                                                "Actual Startup Time": 0.004,
                                                                                                "Actual Total Time": 0.004,
                                                                                                "Actual Rows": 1,
                                                                                                "Actual Loops": 4,
                                                                                                "Filter": "((link)::text = 'features'::text)",
                                                                                                "Rows Removed by Filter": 17,
                                                                                                "Workers": []
                                                                                            }
                                                                                        ]
                                                                                    }
                                                                                ]
                                                                            }
                                                                        ]
                                                                    }
                                                                ]
                                                            }
                                                        ]
                                                    }
                                                ]
                                            }
                                        ]
                                    }
                                ]
                            }
                        ]
                    },
                    "Planning Time": 1.997,
                    "Triggers": [],
                    "Execution Time": 815.844
                }
            ],
            "hints": [
                "SET enable_hashjoin TO on",
                "SET enable_indexonlyscan TO on",
                "SET enable_indexscan TO on",
                "SET enable_mergejoin TO on",
                "SET enable_nestloop TO off",
                "SET enable_seqscan TO on"
            ]
        },
        {
            "arm": 2,
            "execution_time": 755.715,
            "plan": [
                {
                    "Plan": {
                        "Node Type": "Aggregate",
                        "Strategy": "Plain",
                        "Partial Mode": "Simple",
                        "Parallel Aware": false,
                        "Async Capable": false,
                        "Startup Cost": 524440.67,
                        "Total Cost": 524440.68,
                        "Plan Rows": 1,
                        "Plan Width": 64,
                        "Actual Startup Time": 737.817,
                        "Actual Total Time": 755.67,
                        "Actual Rows": 1,
                        "Actual Loops": 1,
                        "Plans": [
                            {
                                "Node Type": "Gather",
                                "Parent Relationship": "Outer",
                                "Parallel Aware": false,
                                "Async Capable": false,
                                "Startup Cost": 478880.37,
                                "Total Cost": 524440.66,
                                "Plan Rows": 1,
                                "Plan Width": 32,
                                "Actual Startup Time": 731.165,
                                "Actual Total Time": 755.655,
                                "Actual Rows": 16,
                                "Actual Loops": 1,
                                "Workers Planned": 4,
                                "Workers Launched": 4,
                                "Single Copy": false,
                                "Plans": [
                                    {
                                        "Node Type": "Hash Join",
                                        "Parent Relationship": "Outer",
                                        "Parallel Aware": true,
                                        "Async Capable": false,
                                        "Join Type": "Inner",
                                        "Startup Cost": 477880.37,
                                        "Total Cost": 523440.56,
                                        "Plan Rows": 1,
                                        "Plan Width": 32,
                                        "Actual Startup Time": 733.858,
                                        "Actual Total Time": 735.592,
                                        "Actual Rows": 3,
                                        "Actual Loops": 5,
                                        "Inner Unique": false,
                                        "Hash Cond": "(t.id = ci.movie_id)",
                                        "Workers": [],
                                        "Plans": [
                                            {
                                                "Node Type": "Seq Scan",
                                                "Parent Relationship": "Outer",
                                                "Parallel Aware": true,
                                                "Async Capable": false,
                                                "Relation Name": "title",
                                                "Alias": "t",
                                                "Startup Cost": 0.0,
                                                "Total Cost": 45490.07,
                                                "Plan Rows": 18697,
                                                "Plan Width": 21,
                                                "Actual Startup Time": 0.008,
                                                "Actual Total Time": 24.793,
                                                "Actual Rows": 15213,
                                                "Actual Loops": 5,
                                                "Filter": "((production_year >= 1980) AND (production_year <= 1984))",
                                                "Rows Removed by Filter": 490449,
                                                "Workers": []
                                            },
                                            {
                                                "Node Type": "Hash",
                                                "Parent Relationship": "Inner",
                                                "Parallel Aware": true,
                                                "Async Capable": false,
                                                "Startup Cost": 477880.35,
                                                "Total Cost": 477880.35,
                                                "Plan Rows": 1,
                                                "Plan Width": 23,
                                                "Actual Startup Time": 710.247,
                                                "Actual Total Time": 710.257,
                                                "Actual Rows": 9,
                                                "Actual Loops": 5,
                                                "Hash Buckets": 1024,
                                                "Original Hash Buckets": 1024,
                                                "Hash Batches": 1,
                                                "Original Hash Batches": 1,
                                                "Peak Memory Usage": 104,
                                                "Workers": [],
                                                "Plans": [
                                                    {
                                                        "Node Type": "Hash Join",
                                                        "Parent Relationship": "Outer",
                                                        "Parallel Aware": true,
                                                        "Async Capable": false,
                                                        "Join Type": "Inner",
                                                        "Startup Cost": 462016.1,
                                                        "Total Cost": 477880.35,
                                                        "Plan Rows": 1,
                                                        "Plan Width": 23,
                                                        "Actual Startup Time": 706.741,
                                                        "Actual Total Time": 710.238,
                                                        "Actual Rows": 9,
                                                        "Actual Loops": 5,
                                                        "Inner Unique": false,
                                                        "Hash Cond": "(an.person_id = n.id)",
                                                        "Workers": [],
                                                        "Plans": [
                                                            {
                                                                "Node Type": "Seq Scan",
                                                                "Parent Relationship": "Outer",
                                                                "Parallel Aware": true,
                                                                "Async Capable": false,
                                                                "Relation Name": "aka_name",
                                                                "Alias": "an",
                                                                "Startup Cost": 0.0,
                                                                "Total Cost": 15050.45,
                                                                "Plan Rows": 217013,
                                                                "Plan Width": 4,
                                                                "Actual Startup Time": 0.005,
                                                                "Actual Total Time": 11.571,
                                                                "Actual Rows": 134938,
                                                                "Actual Loops": 5,
                                                                "Filter": "(name ~~ '%a%'::text)",
                                                                "Rows Removed by Filter": 45330,
                                                                "Workers": []
                                                            },
                                                            {
                                                                "Node Type": "Hash",
                                                                "Parent Relationship": "Inner",
                                                                "Parallel Aware": true,
                                                                "Async Capable": false,
                                                                "Startup Cost": 462016.09,
                                                                "Total Cost": 462016.09,
                                                                "Plan Rows": 1,
                                                                "Plan Width": 35,
                                                                "Actual Startup Time": 695.294,
                                                                "Actual Total Time": 695.302,
                                                                "Actual Rows": 6,
                                                                "Actual Loops": 5,
                                                                "Hash Buckets": 1024,
                                                                "Original Hash Buckets": 1024,
                                                                "Hash Batches": 1,
                                                                "Original Hash Batches": 1,
                                                                "Peak Memory Usage": 168,
                                                                "Workers": [],
                                                                "Plans": [
                                                                    {
                                                                        "Node Type": "Nested Loop",
                                                                        "Parent Relationship": "Outer",
                                                                        "Parallel Aware": false,
                                                                        "Async Capable": false,
                                                                        "Join Type": "Inner",
                                                                        "Startup Cost": 131923.98,
                                                                        "Total Cost": 462016.09,
                                                                        "Plan Rows": 1,
                                                                        "Plan Width": 35,
                                                                        "Actual Startup Time": 274.653,
                                                                        "Actual Total Time": 695.256,
                                                                        "Actual Rows": 6,
                                                                        "Actual Loops": 5,
                                                                        "Inner Unique": false,
                                                                        "Join Filter": "(ci.movie_id = ml.linked_movie_id)",
                                                                        "Rows Removed by Join Filter": 286261,
                                                                        "Workers": [],
                                                                        "Plans": [
                                                                            {
                                                                                "Node Type": "Hash Join",
                                                                                "Parent Relationship": "Outer",
                                                                                "Parallel Aware": true,
                                                                                "Async Capable": false,
                                                                                "Join Type": "Inner",
                                                                                "Startup Cost": 131922.74,
                                                                                "Total Cost": 461433.78,
                                                                                "Plan Rows": 1,
                                                                                "Plan Width": 31,
                                                                                "Actual Startup Time": 254.381,
                                                                                "Actual Total Time": 583.569,
                                                                                "Actual Rows": 55,
                                                                                "Actual Loops": 5,
                                                                                "Inner Unique": false,
                                                                                "Hash Cond": "(n.id = pi.person_id)",
                                                                                "Workers": [],
                                                                                "Plans": [
                                                                                    {
                                                                                        "Node Type": "Hash Join",
                                                                                        "Parent Relationship": "Outer",
                                                                                        "Parallel Aware": true,
                                                                                        "Async Capable": false,
                                                                                        "Join Type": "Inner",
                                                                                        "Startup Cost": 71586.99,
                                                                                        "Total Cost": 400571.14,
                                                                                        "Plan Rows": 140499,
                                                                                        "Plan Width": 27,
                                                                                        "Actual Startup Time": 73.188,
                                                                                        "Actual Total Time": 535.032,
                                                                                        "Actual Rows": 182465,
                                                                                        "Actual Loops": 5,
                                                                                        "Inner Unique": true,
                                                                                        "Hash Cond": "(ci.person_id = n.id)",
                                                                                        "Workers": [],
                                                                                        "Plans": [
                                                                                            {
                                                                                                "Node Type": "Seq Scan",
                                                                                                "Parent Relationship": "Outer",
                                                                                                "Parallel Aware": true,
                                                                                                "Async Capable": false,
                                                                                                "Relation Name": "cast_info",
                                                                                                "Alias": "ci",
                                                                                                "Startup Cost": 0.0,
                                                                                                "Total Cost": 313127.24,
                                                                                                "Plan Rows": 6040724,
                                                                                                "Plan Width": 8,
                                                                                                "Actual Startup Time": 0.023,
                                                                                                "Actual Total Time": 235.332,
                                                                                                "Actual Rows": 7248869,
                                                                                                "Actual Loops": 5,
                                                                                                "Workers": []
                                                                                            },
                                                                                            {
                                                                                                "Node Type": "Hash",
                                                                                                "Parent Relationship": "Inner",
                                                                                                "Parallel Aware": true,
                                                                                                "Async Capable": false,
                                                                                                "Startup Cost": 71284.09,
                                                                                                "Total Cost": 71284.09,
                                                                                                "Plan Rows": 24232,
                                                                                                "Plan Width": 19,
                                                                                                "Actual Startup Time": 53.911,
                                                                                                "Actual Total Time": 53.912,
                                                                                                "Actual Rows": 18395,
                                                                                                "Actual Loops": 5,
                                                                                                "Hash Buckets": 131072,
                                                                                                "Original Hash Buckets": 131072,
                                                                                                "Hash Batches": 1,
                                                                                                "Original Hash Batches": 1,
                                                                                                "Peak Memory Usage": 6112,
                                                                                                "Workers": [],
                                                                                                "Plans": [
                                                                                                    {
                                                                                                        "Node Type": "Seq Scan",
                                                                                                        "Parent Relationship": "Outer",
                                                                                                        "Parallel Aware": true,
                                                                                                        "Async Capable": false,
                                                                                                        "Relation Name": "name",
                                                                                                        "Alias": "n",
                                                                                                        "Startup Cost": 0.0,
                                                                                                        "Total Cost": 71284.09,
                                                                                                        "Plan Rows": 24232,
                                                                                                        "Plan Width": 19,
                                                                                                        "Actual Startup Time": 2.855,
                                                                                                        "Actual Total Time": 51.262,
                                                                                                        "Actual Rows": 18395,
                                                                                                        "Actual Loops": 5,
                                                                                                        "Filter": "(((name_pcode_cf)::text ~~ 'D%'::text) AND ((gender)::text = 'm'::text))",
                                                                                                        "Rows Removed by Filter": 815103,
                                                                                                        "Workers": []
                                                                                                    }
                                                                                                ]
                                                                                            }
                                                                                        ]
                                                                                    },
                                                                                    {
                                                                                        "Node Type": "Hash",
                                                                                        "Parent Relationship": "Inner",
                                                                                        "Parallel Aware": true,
                                                                                        "Async Capable": false,
                                                                                        "Startup Cost": 60335.74,
                                                                                        "Total Cost": 60335.74,
                                                                                        "Plan Rows": 1,
                                                                                        "Plan Width": 4,
                                                                                        "Actual Startup Time": 43.51,
                                                                                        "Actual Total Time": 43.512,
                                                                                        "Actual Rows": 13,
                                                                                        "Actual Loops": 5,
                                                                                        "Hash Buckets": 1024,
                                                                                        "Original Hash Buckets": 1024,
                                                                                        "Hash Batches": 1,
                                                                                        "Original Hash Batches": 1,
                                                                                        "Peak Memory Usage": 168,
                                                                                        "Workers": [],
                                                                                        "Plans": [
                                                                                            {
                                                                                                "Node Type": "Hash Join",
                                                                                                "Parent Relationship": "Outer",
                                                                                                "Parallel Aware": false,
                                                                                                "Async Capable": false,
                                                                                                "Join Type": "Inner",
                                                                                                "Startup Cost": 2.43,
                                                                                                "Total Cost": 60335.74,
                                                                                                "Plan Rows": 1,
                                                                                                "Plan Width": 4,
                                                                                                "Actual Startup Time": 2.094,
                                                                                                "Actual Total Time": 43.489,
                                                                                                "Actual Rows": 13,
                                                                                                "Actual Loops": 5,
                                                                                                "Inner Unique": true,
                                                                                                "Hash Cond": "(pi.info_type_id = it.id)",
                                                                                                "Workers": [],
                                                                                                "Plans": [
                                                                                                    {
                                                                                                        "Node Type": "Seq Scan",
                                                                                                        "Parent Relationship": "Outer",
                                                                                                        "Parallel Aware": true,
                                                                                                        "Async Capable": false,
                                                                                                        "Relation Name": "person_info",
                                                                                                        "Alias": "pi",
                                                                                                        "Startup Cost": 0.0,
                                                                                                        "Total Cost": 60333.3,
                                                                                                        "Plan Rows": 7,
                                                                                                        "Plan Width": 8,
                                                                                                        "Actual Startup Time": 2.074,
                                                                                                        "Actual Total Time": 43.459,
                                                                                                        "Actual Rows": 13,
                                                                                                        "Actual Loops": 5,
                                                                                                        "Filter": "(note = 'Volker Boehm'::text)",
                                                                                                        "Rows Removed by Filter": 592720,
                                                                                                        "Workers": []
                                                                                                    },
                                                                                                    {
                                                                                                        "Node Type": "Hash",
                                                                                                        "Parent Relationship": "Inner",
                                                                                                        "Parallel Aware": false,
                                                                                                        "Async Capable": false,
                                                                                                        "Startup Cost": 2.41,
                                                                                                        "Total Cost": 2.41,
                                                                                                        "Plan Rows": 1,
                                                                                                        "Plan Width": 4,
                                                                                                        "Actual Startup Time": 0.011,
                                                                                                        "Actual Total Time": 0.012,
                                                                                                        "Actual Rows": 1,
                                                                                                        "Actual Loops": 5,
                                                                                                        "Hash Buckets": 1024,
                                                                                                        "Original Hash Buckets": 1024,
                                                                                                        "Hash Batches": 1,
                                                                                                        "Original Hash Batches": 1,
                                                                                                        "Peak Memory Usage": 9,
                                                                                                        "Workers": [],
                                                                                                        "Plans": [
                                                                                                            {
                                                                                                                "Node Type": "Seq Scan",
                                                                                                                "Parent Relationship": "Outer",
                                                                                                                "Parallel Aware": false,
                                                                                                                "Async Capable": false,
                                                                                                                "Relation Name": "info_type",
                                                                                                                "Alias": "it",
                                                                                                                "Startup Cost": 0.0,
                                                                                                                "Total Cost": 2.41,
                                                                                                                "Plan Rows": 1,
                                                                                                                "Plan Width": 4,
                                                                                                                "Actual Startup Time": 0.008,
                                                                                                                "Actual Total Time": 0.01,
                                                                                                                "Actual Rows": 1,
                                                                                                                "Actual Loops": 5,
                                                                                                                "Filter": "((info)::text = 'mini biography'::text)",
                                                                                                                "Rows Removed by Filter": 112,
                                                                                                                "Workers": []
                                                                                                            }
                                                                                                        ]
                                                                                                    }
                                                                                                ]
                                                                                            }
                                                                                        ]
                                                                                    }
                                                                                ]
                                                                            },
                                                                            {
                                                                                "Node Type": "Hash Join",
                                                                                "Parent Relationship": "Inner",
                                                                                "Parallel Aware": false,
                                                                                "Async Capable": false,
                                                                                "Join Type": "Inner",
                                                                                "Startup Cost": 1.24,
                                                                                "Total Cost": 561.48,
                                                                                "Plan Rows": 1666,
                                                                                "Plan Width": 4,
                                                                                "Actual Startup Time": 0.007,
                                                                                "Actual Total Time": 1.905,
                                                                                "Actual Rows": 5186,
                                                                                "Actual Loops": 276,
                                                                                "Inner Unique": true,
                                                                                "Hash Cond": "(ml.link_type_id = lt.id)",
                                                                                "Workers": [],
                                                                                "Plans": [
                                                                                    {
                                                                                        "Node Type": "Seq Scan",
                                                                                        "Parent Relationship": "Outer",
                                                                                        "Parallel Aware": false,
                                                                                        "Async Capable": false,
                                                                                        "Relation Name": "movie_link",
                                                                                        "Alias": "ml",
                                                                                        "Startup Cost": 0.0,
                                                                                        "Total Cost": 462.97,
                                                                                        "Plan Rows": 29997,
                                                                                        "Plan Width": 8,
                                                                                        "Actual Startup Time": 0.001,
                                                                                        "Actual Total Time": 0.855,
                                                                                        "Actual Rows": 29997,
                                                                                        "Actual Loops": 276,
                                                                                        "Workers": []
                                                                                    },
                                                                                    {
                                                                                        "Node Type": "Hash",
                                                                                        "Parent Relationship": "Inner",
                                                                                        "Parallel Aware": false,
                                                                                        "Async Capable": false,
                                                                                        "Startup Cost": 1.23,
                                                                                        "Total Cost": 1.23,
                                                                                        "Plan Rows": 1,
                                                                                        "Plan Width": 4,
                                                                                        "Actual Startup Time": 0.007,
                                                                                        "Actual Total Time": 0.008,
                                                                                        "Actual Rows": 1,
                                                                                        "Actual Loops": 5,
                                                                                        "Hash Buckets": 1024,
                                                                                        "Original Hash Buckets": 1024,
                                                                                        "Hash Batches": 1,
                                                                                        "Original Hash Batches": 1,
                                                                                        "Peak Memory Usage": 9,
                                                                                        "Workers": [],
                                                                                        "Plans": [
                                                                                            {
                                                                                                "Node Type": "Seq Scan",
                                                                                                "Parent Relationship": "Outer",
                                                                                                "Parallel Aware": false,
                                                                                                "Async Capable": false,
                                                                                                "Relation Name": "link_type",
                                                                                                "Alias": "lt",
                                                                                                "Startup Cost": 0.0,
                                                                                                "Total Cost": 1.23,
                                                                                                "Plan Rows": 1,
                                                                                                "Plan Width": 4,
                                                                                                "Actual Startup Time": 0.005,
                                                                                                "Actual Total Time": 0.005,
                                                                                                "Actual Rows": 1,
                                                                                                "Actual Loops": 5,
                                                                                                "Filter": "((link)::text = 'features'::text)",
                                                                                                "Rows Removed by Filter": 17,
                                                                                                "Workers": []
                                                                                            }
                                                                                        ]
                                                                                    }
                                                                                ]
                                                                            }
                                                                        ]
                                                                    }
                                                                ]
                                                            }
                                                        ]
                                                    }
                                                ]
                                            }
                                        ]
                                    }
                                ]
                            }
                        ]
                    },
                    "Planning Time": 1.049,
                    "Triggers": [],
                    "Execution Time": 755.715
                }
            ],
            "hints": [
                "SET enable_hashjoin TO on",
                "SET enable_indexonlyscan TO on",
                "SET enable_indexscan TO off",
                "SET enable_mergejoin TO off",
                "SET enable_nestloop TO on",
                "SET enable_seqscan TO on"
            ]
        },
        {
            "arm": 3,
            "execution_time": 631.209,
            "plan": [
                {
                    "Plan": {
                        "Node Type": "Aggregate",
                        "Strategy": "Plain",
                        "Partial Mode": "Finalize",
                        "Parallel Aware": false,
                        "Async Capable": false,
                        "Startup Cost": 524441.02,
                        "Total Cost": 524441.03,
                        "Plan Rows": 1,
                        "Plan Width": 64,
                        "Actual Startup Time": 609.548,
                        "Actual Total Time": 631.166,
                        "Actual Rows": 1,
                        "Actual Loops": 1,
                        "Plans": [
                            {
                                "Node Type": "Gather",
                                "Parent Relationship": "Outer",
                                "Parallel Aware": false,
                                "Async Capable": false,
                                "Startup Cost": 524440.59,
                                "Total Cost": 524441.0,
                                "Plan Rows": 4,
                                "Plan Width": 64,
                                "Actual Startup Time": 609.216,
                                "Actual Total Time": 631.16,
                                "Actual Rows": 5,
                                "Actual Loops": 1,
                                "Workers Planned": 4,
                                "Workers Launched": 4,
                                "Single Copy": false,
                                "Plans": [
                                    {
                                        "Node Type": "Aggregate",
                                        "Strategy": "Plain",
                                        "Partial Mode": "Partial",
                                        "Parent Relationship": "Outer",
                                        "Parallel Aware": false,
                                        "Async Capable": false,
                                        "Startup Cost": 523440.59,
                                        "Total Cost": 523440.6,
                                        "Plan Rows": 1,
                                        "Plan Width": 64,
                                        "Actual Startup Time": 607.491,
                                        "Actual Total Time": 607.502,
                                        "Actual Rows": 1,
                                        "Actual Loops": 5,
                                        "Workers": [],
                                        "Plans": [
                                            {
                                                "Node Type": "Hash Join",
                                                "Parent Relationship": "Outer",
                                                "Parallel Aware": true,
                                                "Async Capable": false,
                                                "Join Type": "Inner",
                                                "Startup Cost": 477880.39,
                                                "Total Cost": 523440.59,
                                                "Plan Rows": 1,
                                                "Plan Width": 32,
                                                "Actual Startup Time": 605.742,
                                                "Actual Total Time": 607.496,
                                                "Actual Rows": 3,
                                                "Actual Loops": 5,
                                                "Inner Unique": false,
                                                "Hash Cond": "(t.id = ci.movie_id)",
                                                "Workers": [],
                                                "Plans": [
                                                    {
                                                        "Node Type": "Seq Scan",
                                                        "Parent Relationship": "Outer",
                                                        "Parallel Aware": true,
                                                        "Async Capable": false,
                                                        "Relation Name": "title",
                                                        "Alias": "t",
                                                        "Startup Cost": 0.0,
                                                        "Total Cost": 45490.07,
                                                        "Plan Rows": 18697,
                                                        "Plan Width": 21,
                                                        "Actual Startup Time": 0.009,
                                                        "Actual Total Time": 23.629,
                                                        "Actual Rows": 15213,
                                                        "Actual Loops": 5,
                                                        "Filter": "((production_year >= 1980) AND (production_year <= 1984))",
                                                        "Rows Removed by Filter": 490449,
                                                        "Workers": []
                                                    },
                                                    {
                                                        "Node Type": "Hash",
                                                        "Parent Relationship": "Inner",
                                                        "Parallel Aware": true,
                                                        "Async Capable": false,
                                                        "Startup Cost": 477880.38,
                                                        "Total Cost": 477880.38,
                                                        "Plan Rows": 1,
                                                        "Plan Width": 23,
                                                        "Actual Startup Time": 583.318,
                                                        "Actual Total Time": 583.328,
                                                        "Actual Rows": 9,
                                                        "Actual Loops": 5,
                                                        "Hash Buckets": 1024,
                                                        "Original Hash Buckets": 1024,
                                                        "Hash Batches": 1,
                                                        "Original Hash Batches": 1,
                                                        "Peak Memory Usage": 72,
                                                        "Workers": [],
                                                        "Plans": [
                                                            {
                                                                "Node Type": "Hash Join",
                                                                "Parent Relationship": "Outer",
                                                                "Parallel Aware": true,
                                                                "Async Capable": false,
                                                                "Join Type": "Inner",
                                                                "Startup Cost": 462016.12,
                                                                "Total Cost": 477880.38,
                                                                "Plan Rows": 1,
                                                                "Plan Width": 23,
                                                                "Actual Startup Time": 580.286,
                                                                "Actual Total Time": 583.308,
                                                                "Actual Rows": 9,
                                                                "Actual Loops": 5,
                                                                "Inner Unique": false,
                                                                "Hash Cond": "(an.person_id = n.id)",
                                                                "Workers": [],
                                                                "Plans": [
                                                                    {
                                                                        "Node Type": "Seq Scan",
                                                                        "Parent Relationship": "Outer",
                                                                        "Parallel Aware": true,
                                                                        "Async Capable": false,
                                                                        "Relation Name": "aka_name",
                                                                        "Alias": "an",
                                                                        "Startup Cost": 0.0,
                                                                        "Total Cost": 15050.45,
                                                                        "Plan Rows": 217013,
                                                                        "Plan Width": 4,
                                                                        "Actual Startup Time": 0.007,
                                                                        "Actual Total Time": 11.67,
                                                                        "Actual Rows": 134938,
                                                                        "Actual Loops": 5,
                                                                        "Filter": "(name ~~ '%a%'::text)",
                                                                        "Rows Removed by Filter": 45330,
                                                                        "Workers": []
                                                                    },
                                                                    {
                                                                        "Node Type": "Hash",
                                                                        "Parent Relationship": "Inner",
                                                                        "Parallel Aware": true,
                                                                        "Async Capable": false,
                                                                        "Startup Cost": 462016.11,
                                                                        "Total Cost": 462016.11,
                                                                        "Plan Rows": 1,
                                                                        "Plan Width": 35,
                                                                        "Actual Startup Time": 568.265,
                                                                        "Actual Total Time": 568.274,
                                                                        "Actual Rows": 6,
                                                                        "Actual Loops": 5,
                                                                        "Hash Buckets": 1024,
                                                                        "Original Hash Buckets": 1024,
                                                                        "Hash Batches": 1,
                                                                        "Original Hash Batches": 1,
                                                                        "Peak Memory Usage": 136,
                                                                        "Workers": [],
                                                                        "Plans": [
                                                                            {
                                                                                "Node Type": "Hash Join",
                                                                                "Parent Relationship": "Outer",
                                                                                "Parallel Aware": false,
                                                                                "Async Capable": false,
                                                                                "Join Type": "Inner",
                                                                                "Startup Cost": 132505.05,
                                                                                "Total Cost": 462016.11,
                                                                                "Plan Rows": 1,
                                                                                "Plan Width": 35,
                                                                                "Actual Startup Time": 346.704,
                                                                                "Actual Total Time": 568.228,
                                                                                "Actual Rows": 6,
                                                                                "Actual Loops": 5,
                                                                                "Inner Unique": false,
                                                                                "Hash Cond": "(ci.movie_id = ml.linked_movie_id)",
                                                                                "Workers": [],
                                                                                "Plans": [
                                                                                    {
                                                                                        "Node Type": "Hash Join",
                                                                                        "Parent Relationship": "Outer",
                                                                                        "Parallel Aware": true,
                                                                                        "Async Capable": false,
                                                                                        "Join Type": "Inner",
                                                                                        "Startup Cost": 131922.74,
                                                                                        "Total Cost": 461433.78,
                                                                                        "Plan Rows": 1,
                                                                                        "Plan Width": 31,
                                                                                        "Actual Startup Time": 244.142,
                                                                                        "Actual Total Time": 565.444,
                                                                                        "Actual Rows": 55,
                                                                                        "Actual Loops": 5,
                                                                                        "Inner Unique": false,
                                                                                        "Hash Cond": "(n.id = pi.person_id)",
                                                                                        "Workers": [],
                                                                                        "Plans": [
                                                                                            {
                                                                                                "Node Type": "Hash Join",
                                                                                                "Parent Relationship": "Outer",
                                                                                                "Parallel Aware": true,
                                                                                                "Async Capable": false,
                                                                                                "Join Type": "Inner",
                                                                                                "Startup Cost": 71586.99,
                                                                                                "Total Cost": 400571.14,
                                                                                                "Plan Rows": 140499,
                                                                                                "Plan Width": 27,
                                                                                                "Actual Startup Time": 66.984,
                                                                                                "Actual Total Time": 526.203,
                                                                                                "Actual Rows": 182465,
                                                                                                "Actual Loops": 5,
                                                                                                "Inner Unique": true,
                                                                                                "Hash Cond": "(ci.person_id = n.id)",
                                                                                                "Workers": [],
                                                                                                "Plans": [
                                                                                                    {
                                                                                                        "Node Type": "Seq Scan",
                                                                                                        "Parent Relationship": "Outer",
                                                                                                        "Parallel Aware": true,
                                                                                                        "Async Capable": false,
                                                                                                        "Relation Name": "cast_info",
                                                                                                        "Alias": "ci",
                                                                                                        "Startup Cost": 0.0,
                                                                                                        "Total Cost": 313127.24,
                                                                                                        "Plan Rows": 6040724,
                                                                                                        "Plan Width": 8,
                                                                                                        "Actual Startup Time": 0.028,
                                                                                                        "Actual Total Time": 232.718,
                                                                                                        "Actual Rows": 7248869,
                                                                                                        "Actual Loops": 5,
                                                                                                        "Workers": []
                                                                                                    },
                                                                                                    {
                                                                                                        "Node Type": "Hash",
                                                                                                        "Parent Relationship": "Inner",
                                                                                                        "Parallel Aware": true,
                                                                                                        "Async Capable": false,
                                                                                                        "Startup Cost": 71284.09,
                                                                                                        "Total Cost": 71284.09,
                                                                                                        "Plan Rows": 24232,
                                                                                                        "Plan Width": 19,
                                                                                                        "Actual Startup Time": 47.854,
                                                                                                        "Actual Total Time": 47.855,
                                                                                                        "Actual Rows": 18395,
                                                                                                        "Actual Loops": 5,
                                                                                                        "Hash Buckets": 131072,
                                                                                                        "Original Hash Buckets": 131072,
                                                                                                        "Hash Batches": 1,
                                                                                                        "Original Hash Batches": 1,
                                                                                                        "Peak Memory Usage": 6080,
                                                                                                        "Workers": [],
                                                                                                        "Plans": [
                                                                                                            {
                                                                                                                "Node Type": "Seq Scan",
                                                                                                                "Parent Relationship": "Outer",
                                                                                                                "Parallel Aware": true,
                                                                                                                "Async Capable": false,
                                                                                                                "Relation Name": "name",
                                                                                                                "Alias": "n",
                                                                                                                "Startup Cost": 0.0,
                                                                                                                "Total Cost": 71284.09,
                                                                                                                "Plan Rows": 24232,
                                                                                                                "Plan Width": 19,
                                                                                                                "Actual Startup Time": 2.389,
                                                                                                                "Actual Total Time": 45.354,
                                                                                                                "Actual Rows": 18395,
                                                                                                                "Actual Loops": 5,
                                                                                                                "Filter": "(((name_pcode_cf)::text ~~ 'D%'::text) AND ((gender)::text = 'm'::text))",
                                                                                                                "Rows Removed by Filter": 815103,
                                                                                                                "Workers": []
                                                                                                            }
                                                                                                        ]
                                                                                                    }
                                                                                                ]
                                                                                            },
                                                                                            {
                                                                                                "Node Type": "Hash",
                                                                                                "Parent Relationship": "Inner",
                                                                                                "Parallel Aware": true,
                                                                                                "Async Capable": false,
                                                                                                "Startup Cost": 60335.74,
                                                                                                "Total Cost": 60335.74,
                                                                                                "Plan Rows": 1,
                                                                                                "Plan Width": 4,
                                                                                                "Actual Startup Time": 34.212,
                                                                                                "Actual Total Time": 34.214,
                                                                                                "Actual Rows": 13,
                                                                                                "Actual Loops": 5,
                                                                                                "Hash Buckets": 1024,
                                                                                                "Original Hash Buckets": 1024,
                                                                                                "Hash Batches": 1,
                                                                                                "Original Hash Batches": 1,
                                                                                                "Peak Memory Usage": 168,
                                                                                                "Workers": [],
                                                                                                "Plans": [
                                                                                                    {
                                                                                                        "Node Type": "Hash Join",
                                                                                                        "Parent Relationship": "Outer",
                                                                                                        "Parallel Aware": false,
                                                                                                        "Async Capable": false,
                                                                                                        "Join Type": "Inner",
                                                                                                        "Startup Cost": 2.43,
                                                                                                        "Total Cost": 60335.74,
                                                                                                        "Plan Rows": 1,
                                                                                                        "Plan Width": 4,
                                                                                                        "Actual Startup Time": 0.924,
                                                                                                        "Actual Total Time": 34.189,
                                                                                                        "Actual Rows": 13,
                                                                                                        "Actual Loops": 5,
                                                                                                        "Inner Unique": true,
                                                                                                        "Hash Cond": "(pi.info_type_id = it.id)",
                                                                                                        "Workers": [],
                                                                                                        "Plans": [
                                                                                                            {
                                                                                                                "Node Type": "Seq Scan",
                                                                                                                "Parent Relationship": "Outer",
                                                                                                                "Parallel Aware": true,
                                                                                                                "Async Capable": false,
                                                                                                                "Relation Name": "person_info",
                                                                                                                "Alias": "pi",
                                                                                                                "Startup Cost": 0.0,
                                                                                                                "Total Cost": 60333.3,
                                                                                                                "Plan Rows": 7,
                                                                                                                "Plan Width": 8,
                                                                                                                "Actual Startup Time": 0.91,
                                                                                                                "Actual Total Time": 34.169,
                                                                                                                "Actual Rows": 13,
                                                                                                                "Actual Loops": 5,
                                                                                                                "Filter": "(note = 'Volker Boehm'::text)",
                                                                                                                "Rows Removed by Filter": 592720,
                                                                                                                "Workers": []
                                                                                                            },
                                                                                                            {
                                                                                                                "Node Type": "Hash",
                                                                                                                "Parent Relationship": "Inner",
                                                                                                                "Parallel Aware": false,
                                                                                                                "Async Capable": false,
                                                                                                                "Startup Cost": 2.41,
                                                                                                                "Total Cost": 2.41,
                                                                                                                "Plan Rows": 1,
                                                                                                                "Plan Width": 4,
                                                                                                                "Actual Startup Time": 0.008,
                                                                                                                "Actual Total Time": 0.009,
                                                                                                                "Actual Rows": 1,
                                                                                                                "Actual Loops": 5,
                                                                                                                "Hash Buckets": 1024,
                                                                                                                "Original Hash Buckets": 1024,
                                                                                                                "Hash Batches": 1,
                                                                                                                "Original Hash Batches": 1,
                                                                                                                "Peak Memory Usage": 9,
                                                                                                                "Workers": [],
                                                                                                                "Plans": [
                                                                                                                    {
                                                                                                                        "Node Type": "Seq Scan",
                                                                                                                        "Parent Relationship": "Outer",
                                                                                                                        "Parallel Aware": false,
                                                                                                                        "Async Capable": false,
                                                                                                                        "Relation Name": "info_type",
                                                                                                                        "Alias": "it",
                                                                                                                        "Startup Cost": 0.0,
                                                                                                                        "Total Cost": 2.41,
                                                                                                                        "Plan Rows": 1,
                                                                                                                        "Plan Width": 4,
                                                                                                                        "Actual Startup Time": 0.005,
                                                                                                                        "Actual Total Time": 0.007,
                                                                                                                        "Actual Rows": 1,
                                                                                                                        "Actual Loops": 5,
                                                                                                                        "Filter": "((info)::text = 'mini biography'::text)",
                                                                                                                        "Rows Removed by Filter": 112,
                                                                                                                        "Workers": []
                                                                                                                    }
                                                                                                                ]
                                                                                                            }
                                                                                                        ]
                                                                                                    }
                                                                                                ]
                                                                                            }
                                                                                        ]
                                                                                    },
                                                                                    {
                                                                                        "Node Type": "Hash",
                                                                                        "Parent Relationship": "Inner",
                                                                                        "Parallel Aware": false,
                                                                                        "Async Capable": false,
                                                                                        "Startup Cost": 561.48,
                                                                                        "Total Cost": 561.48,
                                                                                        "Plan Rows": 1666,
                                                                                        "Plan Width": 4,
                                                                                        "Actual Startup Time": 2.761,
                                                                                        "Actual Total Time": 2.763,
                                                                                        "Actual Rows": 5186,
                                                                                        "Actual Loops": 5,
                                                                                        "Hash Buckets": 8192,
                                                                                        "Original Hash Buckets": 2048,
                                                                                        "Hash Batches": 1,
                                                                                        "Original Hash Batches": 1,
                                                                                        "Peak Memory Usage": 247,
                                                                                        "Workers": [],
                                                                                        "Plans": [
                                                                                            {
                                                                                                "Node Type": "Hash Join",
                                                                                                "Parent Relationship": "Outer",
                                                                                                "Parallel Aware": false,
                                                                                                "Async Capable": false,
                                                                                                "Join Type": "Inner",
                                                                                                "Startup Cost": 1.24,
                                                                                                "Total Cost": 561.48,
                                                                                                "Plan Rows": 1666,
                                                                                                "Plan Width": 4,
                                                                                                "Actual Startup Time": 0.026,
                                                                                                "Actual Total Time": 2.5,
                                                                                                "Actual Rows": 5186,
                                                                                                "Actual Loops": 5,
                                                                                                "Inner Unique": true,
                                                                                                "Hash Cond": "(ml.link_type_id = lt.id)",
                                                                                                "Workers": [],
                                                                                                "Plans": [
                                                                                                    {
                                                                                                        "Node Type": "Seq Scan",
                                                                                                        "Parent Relationship": "Outer",
                                                                                                        "Parallel Aware": false,
                                                                                                        "Async Capable": false,
                                                                                                        "Relation Name": "movie_link",
                                                                                                        "Alias": "ml",
                                                                                                        "Startup Cost": 0.0,
                                                                                                        "Total Cost": 462.97,
                                                                                                        "Plan Rows": 29997,
                                                                                                        "Plan Width": 8,
                                                                                                        "Actual Startup Time": 0.008,
                                                                                                        "Actual Total Time": 1.4,
                                                                                                        "Actual Rows": 29997,
                                                                                                        "Actual Loops": 5,
                                                                                                        "Workers": []
                                                                                                    },
                                                                                                    {
                                                                                                        "Node Type": "Hash",
                                                                                                        "Parent Relationship": "Inner",
                                                                                                        "Parallel Aware": false,
                                                                                                        "Async Capable": false,
                                                                                                        "Startup Cost": 1.23,
                                                                                                        "Total Cost": 1.23,
                                                                                                        "Plan Rows": 1,
                                                                                                        "Plan Width": 4,
                                                                                                        "Actual Startup Time": 0.007,
                                                                                                        "Actual Total Time": 0.008,
                                                                                                        "Actual Rows": 1,
                                                                                                        "Actual Loops": 5,
                                                                                                        "Hash Buckets": 1024,
                                                                                                        "Original Hash Buckets": 1024,
                                                                                                        "Hash Batches": 1,
                                                                                                        "Original Hash Batches": 1,
                                                                                                        "Peak Memory Usage": 9,
                                                                                                        "Workers": [],
                                                                                                        "Plans": [
                                                                                                            {
                                                                                                                "Node Type": "Seq Scan",
                                                                                                                "Parent Relationship": "Outer",
                                                                                                                "Parallel Aware": false,
                                                                                                                "Async Capable": false,
                                                                                                                "Relation Name": "link_type",
                                                                                                                "Alias": "lt",
                                                                                                                "Startup Cost": 0.0,
                                                                                                                "Total Cost": 1.23,
                                                                                                                "Plan Rows": 1,
                                                                                                                "Plan Width": 4,
                                                                                                                "Actual Startup Time": 0.005,
                                                                                                                "Actual Total Time": 0.005,
                                                                                                                "Actual Rows": 1,
                                                                                                                "Actual Loops": 5,
                                                                                                                "Filter": "((link)::text = 'features'::text)",
                                                                                                                "Rows Removed by Filter": 17,
                                                                                                                "Workers": []
                                                                                                            }
                                                                                                        ]
                                                                                                    }
                                                                                                ]
                                                                                            }
                                                                                        ]
                                                                                    }
                                                                                ]
                                                                            }
                                                                        ]
                                                                    }
                                                                ]
                                                            }
                                                        ]
                                                    }
                                                ]
                                            }
                                        ]
                                    }
                                ]
                            }
                        ]
                    },
                    "Planning Time": 1.1,
                    "Triggers": [],
                    "Execution Time": 631.209
                }
            ],
            "hints": [
                "SET enable_hashjoin TO on",
                "SET enable_indexonlyscan TO on",
                "SET enable_indexscan TO off",
                "SET enable_mergejoin TO off",
                "SET enable_nestloop TO off",
                "SET enable_seqscan TO on"
            ]
        },
        {
            "arm": 4,
            "execution_time": 91.424,
            "plan": [
                {
                    "Plan": {
                        "Node Type": "Aggregate",
                        "Strategy": "Plain",
                        "Partial Mode": "Simple",
                        "Parallel Aware": false,
                        "Async Capable": false,
                        "Startup Cost": 9776.17,
                        "Total Cost": 9776.18,
                        "Plan Rows": 1,
                        "Plan Width": 64,
                        "Actual Startup Time": 91.385,
                        "Actual Total Time": 91.389,
                        "Actual Rows": 1,
                        "Actual Loops": 1,
                        "Plans": [
                            {
                                "Node Type": "Nested Loop",
                                "Parent Relationship": "Outer",
                                "Parallel Aware": false,
                                "Async Capable": false,
                                "Join Type": "Inner",
                                "Startup Cost": 3.39,
                                "Total Cost": 9776.17,
                                "Plan Rows": 1,
                                "Plan Width": 32,
                                "Actual Startup Time": 2.645,
                                "Actual Total Time": 91.377,
                                "Actual Rows": 16,
                                "Actual Loops": 1,
                                "Inner Unique": true,
                                "Join Filter": "(it.id = pi.info_type_id)",
                                "Rows Removed by Join Filter": 0,
                                "Plans": [
                                    {
                                        "Node Type": "Nested Loop",
                                        "Parent Relationship": "Outer",
                                        "Parallel Aware": false,
                                        "Async Capable": false,
                                        "Join Type": "Inner",
                                        "Startup Cost": 3.39,
                                        "Total Cost": 9773.74,
                                        "Plan Rows": 1,
                                        "Plan Width": 36,
                                        "Actual Startup Time": 2.642,
                                        "Actual Total Time": 91.346,
                                        "Actual Rows": 16,
                                        "Actual Loops": 1,
                                        "Inner Unique": false,
                                        "Join Filter": "(an.person_id = n.id)",
                                        "Rows Removed by Join Filter": 0,
                                        "Plans": [
                                            {
                                                "Node Type": "Nested Loop",
                                                "Parent Relationship": "Outer",
                                                "Parallel Aware": false,
                                                "Async Capable": false,
                                                "Join Type": "Inner",
                                                "Startup Cost": 2.97,
                                                "Total Cost": 9773.25,
                                                "Plan Rows": 1,
                                                "Plan Width": 48,
                                                "Actual Startup Time": 2.637,
                                                "Actual Total Time": 91.313,
                                                "Actual Rows": 8,
                                                "Actual Loops": 1,
                                                "Inner Unique": false,
                                                "Join Filter": "(n.id = pi.person_id)",
                                                "Rows Removed by Join Filter": 0,
                                                "Plans": [
                                                    {
                                                        "Node Type": "Nested Loop",
                                                        "Parent Relationship": "Outer",
                                                        "Parallel Aware": false,
                                                        "Async Capable": false,
                                                        "Join Type": "Inner",
                                                        "Startup Cost": 2.54,
                                                        "Total Cost": 9731.5,
                                                        "Plan Rows": 44,
                                                        "Plan Width": 40,
                                                        "Actual Startup Time": 0.087,
                                                        "Actual Total Time": 88.758,
                                                        "Actual Rows": 1076,
                                                        "Actual Loops": 1,
                                                        "Inner Unique": true,
                                                        "Plans": [
                                                            {
                                                                "Node Type": "Nested Loop",
                                                                "Parent Relationship": "Outer",
                                                                "Parallel Aware": false,
                                                                "Async Capable": false,
                                                                "Join Type": "Inner",
                                                                "Startup Cost": 2.11,
                                                                "Total Cost": 8865.68,
                                                                "Plan Rows": 1881,
                                                                "Plan Width": 21,
                                                                "Actual Startup Time": 0.044,
                                                                "Actual Total Time": 35.032,
                                                                "Actual Rows": 33415,
                                                                "Actual Loops": 1,
                                                                "Inner Unique": false,
                                                                "Plans": [
                                                                    {
                                                                        "Node Type": "Nested Loop",
                                                                        "Parent Relationship": "Outer",
                                                                        "Parallel Aware": false,
                                                                        "Async Capable": false,
                                                                        "Join Type": "Inner",
                                                                        "Startup Cost": 1.67,
                                                                        "Total Cost": 8020.0,
                                                                        "Plan Rows": 49,
                                                                        "Plan Width": 25,
                                                                        "Actual Startup Time": 0.036,
                                                                        "Actual Total Time": 12.555,
                                                                        "Actual Rows": 435,
                                                                        "Actual Loops": 1,
                                                                        "Inner Unique": true,
                                                                        "Plans": [
                                                                            {
                                                                                "Node Type": "Hash Join",
                                                                                "Parent Relationship": "Outer",
                                                                                "Parallel Aware": false,
                                                                                "Async Capable": false,
                                                                                "Join Type": "Inner",
                                                                                "Startup Cost": 1.24,
                                                                                "Total Cost": 561.48,
                                                                                "Plan Rows": 1666,
                                                                                "Plan Width": 4,
                                                                                "Actual Startup Time": 0.022,
                                                                                "Actual Total Time": 2.141,
                                                                                "Actual Rows": 5186,
                                                                                "Actual Loops": 1,
                                                                                "Inner Unique": true,
                                                                                "Hash Cond": "(ml.link_type_id = lt.id)",
                                                                                "Plans": [
                                                                                    {
                                                                                        "Node Type": "Seq Scan",
                                                                                        "Parent Relationship": "Outer",
                                                                                        "Parallel Aware": false,
                                                                                        "Async Capable": false,
                                                                                        "Relation Name": "movie_link",
                                                                                        "Alias": "ml",
                                                                                        "Startup Cost": 0.0,
                                                                                        "Total Cost": 462.97,
                                                                                        "Plan Rows": 29997,
                                                                                        "Plan Width": 8,
                                                                                        "Actual Startup Time": 0.006,
                                                                                        "Actual Total Time": 0.991,
                                                                                        "Actual Rows": 29997,
                                                                                        "Actual Loops": 1
                                                                                    },
                                                                                    {
                                                                                        "Node Type": "Hash",
                                                                                        "Parent Relationship": "Inner",
                                                                                        "Parallel Aware": false,
                                                                                        "Async Capable": false,
                                                                                        "Startup Cost": 1.23,
                                                                                        "Total Cost": 1.23,
                                                                                        "Plan Rows": 1,
                                                                                        "Plan Width": 4,
                                                                                        "Actual Startup Time": 0.006,
                                                                                        "Actual Total Time": 0.007,
                                                                                        "Actual Rows": 1,
                                                                                        "Actual Loops": 1,
                                                                                        "Hash Buckets": 1024,
                                                                                        "Original Hash Buckets": 1024,
                                                                                        "Hash Batches": 1,
                                                                                        "Original Hash Batches": 1,
                                                                                        "Peak Memory Usage": 9,
                                                                                        "Plans": [
                                                                                            {
                                                                                                "Node Type": "Seq Scan",
                                                                                                "Parent Relationship": "Outer",
                                                                                                "Parallel Aware": false,
                                                                                                "Async Capable": false,
                                                                                                "Relation Name": "link_type",
                                                                                                "Alias": "lt",
                                                                                                "Startup Cost": 0.0,
                                                                                                "Total Cost": 1.23,
                                                                                                "Plan Rows": 1,
                                                                                                "Plan Width": 4,
                                                                                                "Actual Startup Time": 0.004,
                                                                                                "Actual Total Time": 0.004,
                                                                                                "Actual Rows": 1,
                                                                                                "Actual Loops": 1,
                                                                                                "Filter": "((link)::text = 'features'::text)",
                                                                                                "Rows Removed by Filter": 17
                                                                                            }
                                                                                        ]
                                                                                    }
                                                                                ]
                                                                            },
                                                                            {
                                                                                "Node Type": "Index Scan",
                                                                                "Parent Relationship": "Inner",
                                                                                "Parallel Aware": false,
                                                                                "Async Capable": false,
                                                                                "Scan Direction": "Forward",
                                                                                "Index Name": "title_pkey",
                                                                                "Relation Name": "title",
                                                                                "Alias": "t",
                                                                                "Startup Cost": 0.43,
                                                                                "Total Cost": 4.48,
                                                                                "Plan Rows": 1,
                                                                                "Plan Width": 21,
                                                                                "Actual Startup Time": 0.002,
                                                                                "Actual Total Time": 0.002,
                                                                                "Actual Rows": 0,
                                                                                "Actual Loops": 5186,
                                                                                "Index Cond": "(id = ml.linked_movie_id)",
                                                                                "Rows Removed by Index Recheck": 0,
                                                                                "Filter": "((production_year >= 1980) AND (production_year <= 1984))",
                                                                                "Rows Removed by Filter": 1
                                                                            }
                                                                        ]
                                                                    },
                                                                    {
                                                                        "Node Type": "Index Scan",
                                                                        "Parent Relationship": "Inner",
                                                                        "Parallel Aware": false,
                                                                        "Async Capable": false,
                                                                        "Scan Direction": "Forward",
                                                                        "Index Name": "movie_id_cast_info",
                                                                        "Relation Name": "cast_info",
                                                                        "Alias": "ci",
                                                                        "Startup Cost": 0.44,
                                                                        "Total Cost": 16.88,
                                                                        "Plan Rows": 38,
                                                                        "Plan Width": 8,
                                                                        "Actual Startup Time": 0.003,
                                                                        "Actual Total Time": 0.048,
                                                                        "Actual Rows": 77,
                                                                        "Actual Loops": 435,
                                                                        "Index Cond": "(movie_id = t.id)",
                                                                        "Rows Removed by Index Recheck": 0
                                                                    }
                                                                ]
                                                            },
                                                            {
                                                                "Node Type": "Index Scan",
                                                                "Parent Relationship": "Inner",
                                                                "Parallel Aware": false,
                                                                "Async Capable": false,
                                                                "Scan Direction": "Forward",
                                                                "Index Name": "name_pkey",
                                                                "Relation Name": "name",
                                                                "Alias": "n",
                                                                "Startup Cost": 0.43,
                                                                "Total Cost": 0.46,
                                                                "Plan Rows": 1,
                                                                "Plan Width": 19,
                                                                "Actual Startup Time": 0.002,
                                                                "Actual Total Time": 0.002,
                                                                "Actual Rows": 0,
                                                                "Actual Loops": 33415,
                                                                "Index Cond": "(id = ci.person_id)",
                                                                "Rows Removed by Index Recheck": 0,
                                                                "Filter": "(((name_pcode_cf)::text ~~ 'D%'::text) AND ((gender)::text = 'm'::text))",
                                                                "Rows Removed by Filter": 1
                                                            }
                                                        ]
                                                    },
                                                    {
                                                        "Node Type": "Index Scan",
                                                        "Parent Relationship": "Inner",
                                                        "Parallel Aware": false,
                                                        "Async Capable": false,
                                                        "Scan Direction": "Forward",
                                                        "Index Name": "person_id_person_info",
                                                        "Relation Name": "person_info",
                                                        "Alias": "pi",
                                                        "Startup Cost": 0.43,
                                                        "Total Cost": 0.94,
                                                        "Plan Rows": 1,
                                                        "Plan Width": 8,
                                                        "Actual Startup Time": 0.002,
                                                        "Actual Total Time": 0.002,
                                                        "Actual Rows": 0,
                                                        "Actual Loops": 1076,
                                                        "Index Cond": "(person_id = ci.person_id)",
                                                        "Rows Removed by Index Recheck": 0,
                                                        "Filter": "(note = 'Volker Boehm'::text)",
                                                        "Rows Removed by Filter": 16
                                                    }
                                                ]
                                            },
                                            {
                                                "Node Type": "Index Scan",
                                                "Parent Relationship": "Inner",
                                                "Parallel Aware": false,
                                                "Async Capable": false,
                                                "Scan Direction": "Forward",
                                                "Index Name": "person_id_aka_name",
                                                "Relation Name": "aka_name",
                                                "Alias": "an",
                                                "Startup Cost": 0.42,
                                                "Total Cost": 0.47,
                                                "Plan Rows": 2,
                                                "Plan Width": 4,
                                                "Actual Startup Time": 0.003,
                                                "Actual Total Time": 0.003,
                                                "Actual Rows": 2,
                                                "Actual Loops": 8,
                                                "Index Cond": "(person_id = ci.person_id)",
                                                "Rows Removed by Index Recheck": 0,
                                                "Filter": "(name ~~ '%a%'::text)",
                                                "Rows Removed by Filter": 1
                                            }
                                        ]
                                    },
                                    {
                                        "Node Type": "Seq Scan",
                                        "Parent Relationship": "Inner",
                                        "Parallel Aware": false,
                                        "Async Capable": false,
                                        "Relation Name": "info_type",
                                        "Alias": "it",
                                        "Startup Cost": 0.0,
                                        "Total Cost": 2.41,
                                        "Plan Rows": 1,
                                        "Plan Width": 4,
                                        "Actual Startup Time": 0.001,
                                        "Actual Total Time": 0.001,
                                        "Actual Rows": 1,
                                        "Actual Loops": 16,
                                        "Filter": "((info)::text = 'mini biography'::text)",
                                        "Rows Removed by Filter": 18
                                    }
                                ]
                            }
                        ]
                    },
                    "Planning Time": 1.314,
                    "Triggers": [],
                    "Execution Time": 91.424
                }
            ],
            "hints": [
                "SET enable_hashjoin TO on",
                "SET enable_indexonlyscan TO on",
                "SET enable_indexscan TO on",
                "SET enable_mergejoin TO off",
                "SET enable_nestloop TO on",
                "SET enable_seqscan TO on"
            ]
        }
    ]
}