{
    "sql_file": "job8d.sql",
    "query": "SELECT MIN(an1.name) AS costume_designer_pseudo, MIN(t.title) AS movie_with_costumes FROM aka_name AS an1, cast_info AS ci, company_name AS cn, movie_companies AS mc, name AS n1, role_type AS rt, title AS t WHERE cn.country_code ='[us]' AND rt.role ='costume designer' AND an1.person_id = n1.id AND n1.id = ci.person_id AND ci.movie_id = t.id AND t.id = mc.movie_id AND mc.company_id = cn.id AND ci.role_id = rt.id AND an1.person_id = ci.person_id AND ci.movie_id = mc.movie_id;",
    "results": [
        {
            "arm": 0,
            "execution_time": 436.341,
            "plan": [
                {
                    "Plan": {
                        "Node Type": "Aggregate",
                        "Strategy": "Plain",
                        "Partial Mode": "Finalize",
                        "Parallel Aware": false,
                        "Async Capable": false,
                        "Startup Cost": 380507.45,
                        "Total Cost": 380507.46,
                        "Plan Rows": 1,
                        "Plan Width": 64,
                        "Actual Startup Time": 425.102,
                        "Actual Total Time": 436.175,
                        "Actual Rows": 1,
                        "Actual Loops": 1,
                        "Plans": [
                            {
                                "Node Type": "Gather",
                                "Parent Relationship": "Outer",
                                "Parallel Aware": false,
                                "Async Capable": false,
                                "Startup Cost": 380507.13,
                                "Total Cost": 380507.44,
                                "Plan Rows": 3,
                                "Plan Width": 64,
                                "Actual Startup Time": 422.979,
                                "Actual Total Time": 436.171,
                                "Actual Rows": 4,
                                "Actual Loops": 1,
                                "Workers Planned": 3,
                                "Workers Launched": 3,
                                "Single Copy": false,
                                "Plans": [
                                    {
                                        "Node Type": "Aggregate",
                                        "Strategy": "Plain",
                                        "Partial Mode": "Partial",
                                        "Parent Relationship": "Outer",
                                        "Parallel Aware": false,
                                        "Async Capable": false,
                                        "Startup Cost": 379507.13,
                                        "Total Cost": 379507.14,
                                        "Plan Rows": 1,
                                        "Plan Width": 64,
                                        "Actual Startup Time": 420.402,
                                        "Actual Total Time": 420.41,
                                        "Actual Rows": 1,
                                        "Actual Loops": 4,
                                        "Workers": [],
                                        "Plans": [
                                            {
                                                "Node Type": "Hash Join",
                                                "Parent Relationship": "Outer",
                                                "Parallel Aware": true,
                                                "Async Capable": false,
                                                "Join Type": "Inner",
                                                "Startup Cost": 343126.64,
                                                "Total Cost": 367597.67,
                                                "Plan Rows": 2381892,
                                                "Plan Width": 33,
                                                "Actual Startup Time": 405.866,
                                                "Actual Total Time": 417.819,
                                                "Actual Rows": 80751,
                                                "Actual Loops": 4,
                                                "Inner Unique": false,
                                                "Hash Cond": "(an1.person_id = n1.id)",
                                                "Workers": [],
                                                "Plans": [
                                                    {
                                                        "Node Type": "Seq Scan",
                                                        "Parent Relationship": "Outer",
                                                        "Parallel Aware": true,
                                                        "Async Capable": false,
                                                        "Relation Name": "aka_name",
                                                        "Alias": "an1",
                                                        "Startup Cost": 0.0,
                                                        "Total Cost": 14323.56,
                                                        "Plan Rows": 290756,
                                                        "Plan Width": 20,
                                                        "Actual Startup Time": 0.017,
                                                        "Actual Total Time": 15.19,
                                                        "Actual Rows": 225336,
                                                        "Actual Loops": 4,
                                                        "Workers": []
                                                    },
                                                    {
                                                        "Node Type": "Hash",
                                                        "Parent Relationship": "Inner",
                                                        "Parallel Aware": true,
                                                        "Async Capable": false,
                                                        "Startup Cost": 328627.96,
                                                        "Total Cost": 328627.96,
                                                        "Plan Rows": 749815,
                                                        "Plan Width": 25,
                                                        "Actual Startup Time": 376.401,
                                                        "Actual Total Time": 376.409,
                                                        "Actual Rows": 71384,
                                                        "Actual Loops": 4,
                                                        "Hash Buckets": 262144,
                                                        "Original Hash Buckets": 262144,
                                                        "Hash Batches": 16,
                                                        "Original Hash Batches": 16,
                                                        "Peak Memory Usage": 3392,
                                                        "Workers": [],
                                                        "Plans": [
                                                            {
                                                                "Node Type": "Nested Loop",
                                                                "Parent Relationship": "Outer",
                                                                "Parallel Aware": false,
                                                                "Async Capable": false,
                                                                "Join Type": "Inner",
                                                                "Startup Cost": 212157.75,
                                                                "Total Cost": 328627.96,
                                                                "Plan Rows": 749815,
                                                                "Plan Width": 25,
                                                                "Actual Startup Time": 157.98,
                                                                "Actual Total Time": 370.458,
                                                                "Actual Rows": 71384,
                                                                "Actual Loops": 4,
                                                                "Inner Unique": true,
                                                                "Workers": [],
                                                                "Plans": [
                                                                    {
                                                                        "Node Type": "Hash Join",
                                                                        "Parent Relationship": "Outer",
                                                                        "Parallel Aware": false,
                                                                        "Async Capable": false,
                                                                        "Join Type": "Inner",
                                                                        "Startup Cost": 212157.31,
                                                                        "Total Cost": 276930.81,
                                                                        "Plan Rows": 749815,
                                                                        "Plan Width": 21,
                                                                        "Actual Startup Time": 157.957,
                                                                        "Actual Total Time": 349.249,
                                                                        "Actual Rows": 71384,
                                                                        "Actual Loops": 4,
                                                                        "Inner Unique": false,
                                                                        "Hash Cond": "(t.id = ci.movie_id)",
                                                                        "Workers": [],
                                                                        "Plans": [
                                                                            {
                                                                                "Node Type": "Hash Join",
                                                                                "Parent Relationship": "Outer",
                                                                                "Parallel Aware": true,
                                                                                "Async Capable": false,
                                                                                "Join Type": "Inner",
                                                                                "Startup Cost": 38645.34,
                                                                                "Total Cost": 84105.82,
                                                                                "Plan Rows": 235780,
                                                                                "Plan Width": 25,
                                                                                "Actual Startup Time": 115.656,
                                                                                "Actual Total Time": 265.077,
                                                                                "Actual Rows": 288450,
                                                                                "Actual Loops": 4,
                                                                                "Inner Unique": false,
                                                                                "Hash Cond": "(t.id = mc.movie_id)",
                                                                                "Workers": [],
                                                                                "Plans": [
                                                                                    {
                                                                                        "Node Type": "Seq Scan",
                                                                                        "Parent Relationship": "Outer",
                                                                                        "Parallel Aware": true,
                                                                                        "Async Capable": false,
                                                                                        "Relation Name": "title",
                                                                                        "Alias": "t",
                                                                                        "Startup Cost": 0.0,
                                                                                        "Total Cost": 42329.38,
                                                                                        "Plan Rows": 632138,
                                                                                        "Plan Width": 21,
                                                                                        "Actual Startup Time": 0.014,
                                                                                        "Actual Total Time": 38.862,
                                                                                        "Actual Rows": 632078,
                                                                                        "Actual Loops": 4,
                                                                                        "Workers": []
                                                                                    },
                                                                                    {
                                                                                        "Node Type": "Hash",
                                                                                        "Parent Relationship": "Inner",
                                                                                        "Parallel Aware": true,
                                                                                        "Async Capable": false,
                                                                                        "Startup Cost": 34842.44,
                                                                                        "Total Cost": 34842.44,
                                                                                        "Plan Rows": 304232,
                                                                                        "Plan Width": 4,
                                                                                        "Actual Startup Time": 115.172,
                                                                                        "Actual Total Time": 115.175,
                                                                                        "Actual Rows": 288450,
                                                                                        "Actual Loops": 4,
                                                                                        "Hash Buckets": 2097152,
                                                                                        "Original Hash Buckets": 1048576,
                                                                                        "Hash Batches": 1,
                                                                                        "Original Hash Batches": 1,
                                                                                        "Peak Memory Usage": 69760,
                                                                                        "Workers": [],
                                                                                        "Plans": [
                                                                                            {
                                                                                                "Node Type": "Hash Join",
                                                                                                "Parent Relationship": "Outer",
                                                                                                "Parallel Aware": true,
                                                                                                "Async Capable": false,
                                                                                                "Join Type": "Inner",
                                                                                                "Startup Cost": 5392.51,
                                                                                                "Total Cost": 34842.44,
                                                                                                "Plan Rows": 304232,
                                                                                                "Plan Width": 4,
                                                                                                "Actual Startup Time": 5.896,
                                                                                                "Actual Total Time": 77.881,
                                                                                                "Actual Rows": 288450,
                                                                                                "Actual Loops": 4,
                                                                                                "Inner Unique": true,
                                                                                                "Hash Cond": "(mc.company_id = cn.id)",
                                                                                                "Workers": [],
                                                                                                "Plans": [
                                                                                                    {
                                                                                                        "Node Type": "Seq Scan",
                                                                                                        "Parent Relationship": "Outer",
                                                                                                        "Parallel Aware": true,
                                                                                                        "Async Capable": false,
                                                                                                        "Relation Name": "movie_companies",
                                                                                                        "Alias": "mc",
                                                                                                        "Startup Cost": 0.0,
                                                                                                        "Total Cost": 27240.55,
                                                                                                        "Plan Rows": 841655,
                                                                                                        "Plan Width": 8,
                                                                                                        "Actual Startup Time": 0.007,
                                                                                                        "Actual Total Time": 29.9,
                                                                                                        "Actual Rows": 652282,
                                                                                                        "Actual Loops": 4,
                                                                                                        "Workers": []
                                                                                                    },
                                                                                                    {
                                                                                                        "Node Type": "Hash",
                                                                                                        "Parent Relationship": "Inner",
                                                                                                        "Parallel Aware": true,
                                                                                                        "Async Capable": false,
                                                                                                        "Startup Cost": 4767.92,
                                                                                                        "Total Cost": 4767.92,
                                                                                                        "Plan Rows": 49967,
                                                                                                        "Plan Width": 4,
                                                                                                        "Actual Startup Time": 5.694,
                                                                                                        "Actual Total Time": 5.695,
                                                                                                        "Actual Rows": 21211,
                                                                                                        "Actual Loops": 4,
                                                                                                        "Hash Buckets": 131072,
                                                                                                        "Original Hash Buckets": 131072,
                                                                                                        "Hash Batches": 1,
                                                                                                        "Original Hash Batches": 1,
                                                                                                        "Peak Memory Usage": 4416,
                                                                                                        "Workers": [],
                                                                                                        "Plans": [
                                                                                                            {
                                                                                                                "Node Type": "Seq Scan",
                                                                                                                "Parent Relationship": "Outer",
                                                                                                                "Parallel Aware": true,
                                                                                                                "Async Capable": false,
                                                                                                                "Relation Name": "company_name",
                                                                                                                "Alias": "cn",
                                                                                                                "Startup Cost": 0.0,
                                                                                                                "Total Cost": 4767.92,
                                                                                                                "Plan Rows": 49967,
                                                                                                                "Plan Width": 4,
                                                                                                                "Actual Startup Time": 0.009,
                                                                                                                "Actual Total Time": 4.466,
                                                                                                                "Actual Rows": 21211,
                                                                                                                "Actual Loops": 4,
                                                                                                                "Filter": "((country_code)::text = '[us]'::text)",
                                                                                                                "Rows Removed by Filter": 37538,
                                                                                                                "Workers": []
                                                                                                            }
                                                                                                        ]
                                                                                                    }
                                                                                                ]
                                                                                            }
                                                                                        ]
                                                                                    }
                                                                                ]
                                                                            },
                                                                            {
                                                                                "Node Type": "Hash",
                                                                                "Parent Relationship": "Inner",
                                                                                "Parallel Aware": false,
                                                                                "Async Capable": false,
                                                                                "Startup Cost": 123958.44,
                                                                                "Total Cost": 123958.44,
                                                                                "Plan Rows": 3020362,
                                                                                "Plan Width": 8,
                                                                                "Actual Startup Time": 41.022,
                                                                                "Actual Total Time": 41.024,
                                                                                "Actual Rows": 276403,
                                                                                "Actual Loops": 4,
                                                                                "Hash Buckets": 524288,
                                                                                "Original Hash Buckets": 524288,
                                                                                "Hash Batches": 16,
                                                                                "Original Hash Batches": 16,
                                                                                "Peak Memory Usage": 4778,
                                                                                "Workers": [],
                                                                                "Plans": [
                                                                                    {
                                                                                        "Node Type": "Nested Loop",
                                                                                        "Parent Relationship": "Outer",
                                                                                        "Parallel Aware": false,
                                                                                        "Async Capable": false,
                                                                                        "Join Type": "Inner",
                                                                                        "Startup Cost": 0.44,
                                                                                        "Total Cost": 123958.44,
                                                                                        "Plan Rows": 3020362,
                                                                                        "Plan Width": 8,
                                                                                        "Actual Startup Time": 0.031,
                                                                                        "Actual Total Time": 26.997,
                                                                                        "Actual Rows": 276403,
                                                                                        "Actual Loops": 4,
                                                                                        "Inner Unique": false,
                                                                                        "Workers": [],
                                                                                        "Plans": [
                                                                                            {
                                                                                                "Node Type": "Seq Scan",
                                                                                                "Parent Relationship": "Outer",
                                                                                                "Parallel Aware": false,
                                                                                                "Async Capable": false,
                                                                                                "Relation Name": "role_type",
                                                                                                "Alias": "rt",
                                                                                                "Startup Cost": 0.0,
                                                                                                "Total Cost": 1.15,
                                                                                                "Plan Rows": 1,
                                                                                                "Plan Width": 4,
                                                                                                "Actual Startup Time": 0.007,
                                                                                                "Actual Total Time": 0.008,
                                                                                                "Actual Rows": 1,
                                                                                                "Actual Loops": 4,
                                                                                                "Filter": "((role)::text = 'costume designer'::text)",
                                                                                                "Rows Removed by Filter": 11,
                                                                                                "Workers": []
                                                                                            },
                                                                                            {
                                                                                                "Node Type": "Index Scan",
                                                                                                "Parent Relationship": "Inner",
                                                                                                "Parallel Aware": false,
                                                                                                "Async Capable": false,
                                                                                                "Scan Direction": "Forward",
                                                                                                "Index Name": "role_id_cast_info",
                                                                                                "Relation Name": "cast_info",
                                                                                                "Alias": "ci",
                                                                                                "Startup Cost": 0.44,
                                                                                                "Total Cost": 91007.89,
                                                                                                "Plan Rows": 3294940,
                                                                                                "Plan Width": 12,
                                                                                                "Actual Startup Time": 0.019,
                                                                                                "Actual Total Time": 14.804,
                                                                                                "Actual Rows": 276403,
                                                                                                "Actual Loops": 4,
                                                                                                "Index Cond": "(role_id = rt.id)",
                                                                                                "Rows Removed by Index Recheck": 0,
                                                                                                "Workers": []
                                                                                            }
                                                                                        ]
                                                                                    }
                                                                                ]
                                                                            }
                                                                        ]
                                                                    },
                                                                    {
                                                                        "Node Type": "Memoize",
                                                                        "Parent Relationship": "Inner",
                                                                        "Parallel Aware": false,
                                                                        "Async Capable": false,
                                                                        "Startup Cost": 0.44,
                                                                        "Total Cost": 0.46,
                                                                        "Plan Rows": 1,
                                                                        "Plan Width": 4,
                                                                        "Actual Startup Time": 0.0,
                                                                        "Actual Total Time": 0.0,
                                                                        "Actual Rows": 1,
                                                                        "Actual Loops": 285538,
                                                                        "Cache Key": "ci.person_id",
                                                                        "Cache Mode": "logical",
                                                                        "Cache Hits": 67499,
                                                                        "Cache Misses": 7452,
                                                                        "Cache Evictions": 0,
                                                                        "Cache Overflows": 0,
                                                                        "Peak Memory Usage": 757,
                                                                        "Workers": [
                                                                            {
                                                                                "Worker Number": 0,
                                                                                "Cache Hits": 62943,
                                                                                "Cache Misses": 7133,
                                                                                "Cache Evictions": 0,
                                                                                "Cache Overflows": 0,
                                                                                "Peak Memory Usage": 725
                                                                            },
                                                                            {
                                                                                "Worker Number": 1,
                                                                                "Cache Hits": 63351,
                                                                                "Cache Misses": 7266,
                                                                                "Cache Evictions": 0,
                                                                                "Cache Overflows": 0,
                                                                                "Peak Memory Usage": 738
                                                                            },
                                                                            {
                                                                                "Worker Number": 2,
                                                                                "Cache Hits": 62800,
                                                                                "Cache Misses": 7094,
                                                                                "Cache Evictions": 0,
                                                                                "Cache Overflows": 0,
                                                                                "Peak Memory Usage": 721
                                                                            }
                                                                        ],
                                                                        "Plans": [
                                                                            {
                                                                                "Node Type": "Index Only Scan",
                                                                                "Parent Relationship": "Outer",
                                                                                "Parallel Aware": false,
                                                                                "Async Capable": false,
                                                                                "Scan Direction": "Forward",
                                                                                "Index Name": "name_pkey",
                                                                                "Relation Name": "name",
                                                                                "Alias": "n1",
                                                                                "Startup Cost": 0.43,
                                                                                "Total Cost": 0.45,
                                                                                "Plan Rows": 1,
                                                                                "Plan Width": 4,
                                                                                "Actual Startup Time": 0.001,
                                                                                "Actual Total Time": 0.001,
                                                                                "Actual Rows": 1,
                                                                                "Actual Loops": 28945,
                                                                                "Index Cond": "(id = ci.person_id)",
                                                                                "Rows Removed by Index Recheck": 0,
                                                                                "Heap Fetches": 0,
                                                                                "Workers": []
                                                                            }
                                                                        ]
                                                                    }
                                                                ]
                                                            }
                                                        ]
                                                    }
                                                ]
                                            }
                                        ]
                                    }
                                ]
                            }
                        ]
                    },
                    "Planning Time": 1.616,
                    "Triggers": [],
                    "Execution Time": 436.341
                }
            ],
            "hints": [
                "SET enable_hashjoin TO on",
                "SET enable_indexonlyscan TO on",
                "SET enable_indexscan TO on",
                "SET enable_mergejoin TO on",
                "SET enable_nestloop TO on",
                "SET enable_seqscan TO on"
            ]
        },
        {
            "arm": 1,
            "execution_time": 1116.536,
            "plan": [
                {
                    "Plan": {
                        "Node Type": "Aggregate",
                        "Strategy": "Plain",
                        "Partial Mode": "Finalize",
                        "Parallel Aware": false,
                        "Async Capable": false,
                        "Startup Cost": 561654.2,
                        "Total Cost": 561654.21,
                        "Plan Rows": 1,
                        "Plan Width": 64,
                        "Actual Startup Time": 1089.394,
                        "Actual Total Time": 1116.494,
                        "Actual Rows": 1,
                        "Actual Loops": 1,
                        "Plans": [
                            {
                                "Node Type": "Gather",
                                "Parent Relationship": "Outer",
                                "Parallel Aware": false,
                                "Async Capable": false,
                                "Startup Cost": 561653.87,
                                "Total Cost": 561654.18,
                                "Plan Rows": 3,
                                "Plan Width": 64,
                                "Actual Startup Time": 1087.149,
                                "Actual Total Time": 1116.487,
                                "Actual Rows": 4,
                                "Actual Loops": 1,
                                "Workers Planned": 3,
                                "Workers Launched": 3,
                                "Single Copy": false,
                                "Plans": [
                                    {
                                        "Node Type": "Aggregate",
                                        "Strategy": "Plain",
                                        "Partial Mode": "Partial",
                                        "Parent Relationship": "Outer",
                                        "Parallel Aware": false,
                                        "Async Capable": false,
                                        "Startup Cost": 560653.87,
                                        "Total Cost": 560653.88,
                                        "Plan Rows": 1,
                                        "Plan Width": 64,
                                        "Actual Startup Time": 1085.015,
                                        "Actual Total Time": 1085.024,
                                        "Actual Rows": 1,
                                        "Actual Loops": 4,
                                        "Workers": [],
                                        "Plans": [
                                            {
                                                "Node Type": "Hash Join",
                                                "Parent Relationship": "Outer",
                                                "Parallel Aware": true,
                                                "Async Capable": false,
                                                "Join Type": "Inner",
                                                "Startup Cost": 526155.77,
                                                "Total Cost": 548744.41,
                                                "Plan Rows": 2381892,
                                                "Plan Width": 33,
                                                "Actual Startup Time": 1069.662,
                                                "Actual Total Time": 1082.341,
                                                "Actual Rows": 80751,
                                                "Actual Loops": 4,
                                                "Inner Unique": false,
                                                "Hash Cond": "(an1.person_id = n1.id)",
                                                "Workers": [],
                                                "Plans": [
                                                    {
                                                        "Node Type": "Seq Scan",
                                                        "Parent Relationship": "Outer",
                                                        "Parallel Aware": true,
                                                        "Async Capable": false,
                                                        "Relation Name": "aka_name",
                                                        "Alias": "an1",
                                                        "Startup Cost": 0.0,
                                                        "Total Cost": 14323.56,
                                                        "Plan Rows": 290756,
                                                        "Plan Width": 20,
                                                        "Actual Startup Time": 0.01,
                                                        "Actual Total Time": 12.317,
                                                        "Actual Rows": 225336,
                                                        "Actual Loops": 4,
                                                        "Workers": []
                                                    },
                                                    {
                                                        "Node Type": "Hash",
                                                        "Parent Relationship": "Inner",
                                                        "Parallel Aware": true,
                                                        "Async Capable": false,
                                                        "Startup Cost": 516489.31,
                                                        "Total Cost": 516489.31,
                                                        "Plan Rows": 499877,
                                                        "Plan Width": 25,
                                                        "Actual Startup Time": 1043.708,
                                                        "Actual Total Time": 1043.716,
                                                        "Actual Rows": 71384,
                                                        "Actual Loops": 4,
                                                        "Hash Buckets": 262144,
                                                        "Original Hash Buckets": 262144,
                                                        "Hash Batches": 16,
                                                        "Original Hash Batches": 16,
                                                        "Peak Memory Usage": 3392,
                                                        "Workers": [],
                                                        "Plans": [
                                                            {
                                                                "Node Type": "Hash Join",
                                                                "Parent Relationship": "Outer",
                                                                "Parallel Aware": true,
                                                                "Async Capable": false,
                                                                "Join Type": "Inner",
                                                                "Startup Cost": 170222.37,
                                                                "Total Cost": 516489.31,
                                                                "Plan Rows": 499877,
                                                                "Plan Width": 25,
                                                                "Actual Startup Time": 1024.369,
                                                                "Actual Total Time": 1038.901,
                                                                "Actual Rows": 71384,
                                                                "Actual Loops": 4,
                                                                "Inner Unique": false,
                                                                "Hash Cond": "(ci.movie_id = t.id)",
                                                                "Workers": [],
                                                                "Plans": [
                                                                    {
                                                                        "Node Type": "Hash Join",
                                                                        "Parent Relationship": "Outer",
                                                                        "Parallel Aware": true,
                                                                        "Async Capable": false,
                                                                        "Join Type": "Inner",
                                                                        "Startup Cost": 83169.3,
                                                                        "Total Cost": 427079.11,
                                                                        "Plan Rows": 503394,
                                                                        "Plan Width": 12,
                                                                        "Actual Startup Time": 717.46,
                                                                        "Actual Total Time": 740.48,
                                                                        "Actual Rows": 69101,
                                                                        "Actual Loops": 4,
                                                                        "Inner Unique": true,
                                                                        "Hash Cond": "(ci.person_id = n1.id)",
                                                                        "Workers": [],
                                                                        "Plans": [
                                                                            {
                                                                                "Node Type": "Hash Join",
                                                                                "Parent Relationship": "Outer",
                                                                                "Parallel Aware": false,
                                                                                "Async Capable": false,
                                                                                "Join Type": "Inner",
                                                                                "Startup Cost": 1.16,
                                                                                "Total Cost": 334585.56,
                                                                                "Plan Rows": 503394,
                                                                                "Plan Width": 8,
                                                                                "Actual Startup Time": 45.062,
                                                                                "Actual Total Time": 603.253,
                                                                                "Actual Rows": 69101,
                                                                                "Actual Loops": 4,
                                                                                "Inner Unique": true,
                                                                                "Hash Cond": "(ci.role_id = rt.id)",
                                                                                "Workers": [],
                                                                                "Plans": [
                                                                                    {
                                                                                        "Node Type": "Seq Scan",
                                                                                        "Parent Relationship": "Outer",
                                                                                        "Parallel Aware": true,
                                                                                        "Async Capable": false,
                                                                                        "Relation Name": "cast_info",
                                                                                        "Alias": "ci",
                                                                                        "Startup Cost": 0.0,
                                                                                        "Total Cost": 313127.24,
                                                                                        "Plan Rows": 6040724,
                                                                                        "Plan Width": 12,
                                                                                        "Actual Startup Time": 0.02,
                                                                                        "Actual Total Time": 289.58,
                                                                                        "Actual Rows": 9061086,
                                                                                        "Actual Loops": 4,
                                                                                        "Workers": []
                                                                                    },
                                                                                    {
                                                                                        "Node Type": "Hash",
                                                                                        "Parent Relationship": "Inner",
                                                                                        "Parallel Aware": false,
                                                                                        "Async Capable": false,
                                                                                        "Startup Cost": 1.15,
                                                                                        "Total Cost": 1.15,
                                                                                        "Plan Rows": 1,
                                                                                        "Plan Width": 4,
                                                                                        "Actual Startup Time": 0.011,
                                                                                        "Actual Total Time": 0.011,
                                                                                        "Actual Rows": 1,
                                                                                        "Actual Loops": 4,
                                                                                        "Hash Buckets": 1024,
                                                                                        "Original Hash Buckets": 1024,
                                                                                        "Hash Batches": 1,
                                                                                        "Original Hash Batches": 1,
                                                                                        "Peak Memory Usage": 9,
                                                                                        "Workers": [],
                                                                                        "Plans": [
                                                                                            {
                                                                                                "Node Type": "Seq Scan",
                                                                                                "Parent Relationship": "Outer",
                                                                                                "Parallel Aware": false,
                                                                                                "Async Capable": false,
                                                                                                "Relation Name": "role_type",
                                                                                                "Alias": "rt",
                                                                                                "Startup Cost": 0.0,
                                                                                                "Total Cost": 1.15,
                                                                                                "Plan Rows": 1,
                                                                                                "Plan Width": 4,
                                                                                                "Actual Startup Time": 0.009,
                                                                                                "Actual Total Time": 0.01,
                                                                                                "Actual Rows": 1,
                                                                                                "Actual Loops": 4,
                                                                                                "Filter": "((role)::text = 'costume designer'::text)",
                                                                                                "Rows Removed by Filter": 11,
                                                                                                "Workers": []
                                                                                            }
                                                                                        ]
                                                                                    }
                                                                                ]
                                                                            },
                                                                            {
                                                                                "Node Type": "Hash",
                                                                                "Parent Relationship": "Inner",
                                                                                "Parallel Aware": true,
                                                                                "Async Capable": false,
                                                                                "Startup Cost": 66074.73,
                                                                                "Total Cost": 66074.73,
                                                                                "Plan Rows": 1041873,
                                                                                "Plan Width": 4,
                                                                                "Actual Startup Time": 103.155,
                                                                                "Actual Total Time": 103.156,
                                                                                "Actual Rows": 1041873,
                                                                                "Actual Loops": 4,
                                                                                "Hash Buckets": 524288,
                                                                                "Original Hash Buckets": 524288,
                                                                                "Hash Batches": 16,
                                                                                "Original Hash Batches": 16,
                                                                                "Peak Memory Usage": 14368,
                                                                                "Workers": [],
                                                                                "Plans": [
                                                                                    {
                                                                                        "Node Type": "Seq Scan",
                                                                                        "Parent Relationship": "Outer",
                                                                                        "Parallel Aware": true,
                                                                                        "Async Capable": false,
                                                                                        "Relation Name": "name",
                                                                                        "Alias": "n1",
                                                                                        "Startup Cost": 0.0,
                                                                                        "Total Cost": 66074.73,
                                                                                        "Plan Rows": 1041873,
                                                                                        "Plan Width": 4,
                                                                                        "Actual Startup Time": 0.01,
                                                                                        "Actual Total Time": 55.132,
                                                                                        "Actual Rows": 1041873,
                                                                                        "Actual Loops": 4,
                                                                                        "Workers": []
                                                                                    }
                                                                                ]
                                                                            }
                                                                        ]
                                                                    },
                                                                    {
                                                                        "Node Type": "Hash",
                                                                        "Parent Relationship": "Inner",
                                                                        "Parallel Aware": true,
                                                                        "Async Capable": false,
                                                                        "Startup Cost": 84105.82,
                                                                        "Total Cost": 84105.82,
                                                                        "Plan Rows": 235780,
                                                                        "Plan Width": 25,
                                                                        "Actual Startup Time": 277.056,
                                                                        "Actual Total Time": 277.059,
                                                                        "Actual Rows": 288450,
                                                                        "Actual Loops": 4,
                                                                        "Hash Buckets": 262144,
                                                                        "Original Hash Buckets": 262144,
                                                                        "Hash Batches": 8,
                                                                        "Original Hash Batches": 8,
                                                                        "Peak Memory Usage": 10944,
                                                                        "Workers": [],
                                                                        "Plans": [
                                                                            {
                                                                                "Node Type": "Hash Join",
                                                                                "Parent Relationship": "Outer",
                                                                                "Parallel Aware": true,
                                                                                "Async Capable": false,
                                                                                "Join Type": "Inner",
                                                                                "Startup Cost": 38645.34,
                                                                                "Total Cost": 84105.82,
                                                                                "Plan Rows": 235780,
                                                                                "Plan Width": 25,
                                                                                "Actual Startup Time": 118.721,
                                                                                "Actual Total Time": 256.754,
                                                                                "Actual Rows": 288450,
                                                                                "Actual Loops": 4,
                                                                                "Inner Unique": false,
                                                                                "Hash Cond": "(t.id = mc.movie_id)",
                                                                                "Workers": [],
                                                                                "Plans": [
                                                                                    {
                                                                                        "Node Type": "Seq Scan",
                                                                                        "Parent Relationship": "Outer",
                                                                                        "Parallel Aware": true,
                                                                                        "Async Capable": false,
                                                                                        "Relation Name": "title",
                                                                                        "Alias": "t",
                                                                                        "Startup Cost": 0.0,
                                                                                        "Total Cost": 42329.38,
                                                                                        "Plan Rows": 632138,
                                                                                        "Plan Width": 21,
                                                                                        "Actual Startup Time": 0.004,
                                                                                        "Actual Total Time": 29.675,
                                                                                        "Actual Rows": 632078,
                                                                                        "Actual Loops": 4,
                                                                                        "Workers": []
                                                                                    },
                                                                                    {
                                                                                        "Node Type": "Hash",
                                                                                        "Parent Relationship": "Inner",
                                                                                        "Parallel Aware": true,
                                                                                        "Async Capable": false,
                                                                                        "Startup Cost": 34842.44,
                                                                                        "Total Cost": 34842.44,
                                                                                        "Plan Rows": 304232,
                                                                                        "Plan Width": 4,
                                                                                        "Actual Startup Time": 118.218,
                                                                                        "Actual Total Time": 118.22,
                                                                                        "Actual Rows": 288450,
                                                                                        "Actual Loops": 4,
                                                                                        "Hash Buckets": 2097152,
                                                                                        "Original Hash Buckets": 1048576,
                                                                                        "Hash Batches": 1,
                                                                                        "Original Hash Batches": 1,
                                                                                        "Peak Memory Usage": 69760,
                                                                                        "Workers": [],
                                                                                        "Plans": [
                                                                                            {
                                                                                                "Node Type": "Hash Join",
                                                                                                "Parent Relationship": "Outer",
                                                                                                "Parallel Aware": true,
                                                                                                "Async Capable": false,
                                                                                                "Join Type": "Inner",
                                                                                                "Startup Cost": 5392.51,
                                                                                                "Total Cost": 34842.44,
                                                                                                "Plan Rows": 304232,
                                                                                                "Plan Width": 4,
                                                                                                "Actual Startup Time": 6.547,
                                                                                                "Actual Total Time": 79.35,
                                                                                                "Actual Rows": 288450,
                                                                                                "Actual Loops": 4,
                                                                                                "Inner Unique": true,
                                                                                                "Hash Cond": "(mc.company_id = cn.id)",
                                                                                                "Workers": [],
                                                                                                "Plans": [
                                                                                                    {
                                                                                                        "Node Type": "Seq Scan",
                                                                                                        "Parent Relationship": "Outer",
                                                                                                        "Parallel Aware": true,
                                                                                                        "Async Capable": false,
                                                                                                        "Relation Name": "movie_companies",
                                                                                                        "Alias": "mc",
                                                                                                        "Startup Cost": 0.0,
                                                                                                        "Total Cost": 27240.55,
                                                                                                        "Plan Rows": 841655,
                                                                                                        "Plan Width": 8,
                                                                                                        "Actual Startup Time": 0.006,
                                                                                                        "Actual Total Time": 29.465,
                                                                                                        "Actual Rows": 652282,
                                                                                                        "Actual Loops": 4,
                                                                                                        "Workers": []
                                                                                                    },
                                                                                                    {
                                                                                                        "Node Type": "Hash",
                                                                                                        "Parent Relationship": "Inner",
                                                                                                        "Parallel Aware": true,
                                                                                                        "Async Capable": false,
                                                                                                        "Startup Cost": 4767.92,
                                                                                                        "Total Cost": 4767.92,
                                                                                                        "Plan Rows": 49967,
                                                                                                        "Plan Width": 4,
                                                                                                        "Actual Startup Time": 6.349,
                                                                                                        "Actual Total Time": 6.35,
                                                                                                        "Actual Rows": 21211,
                                                                                                        "Actual Loops": 4,
                                                                                                        "Hash Buckets": 131072,
                                                                                                        "Original Hash Buckets": 131072,
                                                                                                        "Hash Batches": 1,
                                                                                                        "Original Hash Batches": 1,
                                                                                                        "Peak Memory Usage": 4416,
                                                                                                        "Workers": [],
                                                                                                        "Plans": [
                                                                                                            {
                                                                                                                "Node Type": "Seq Scan",
                                                                                                                "Parent Relationship": "Outer",
                                                                                                                "Parallel Aware": true,
                                                                                                                "Async Capable": false,
                                                                                                                "Relation Name": "company_name",
                                                                                                                "Alias": "cn",
                                                                                                                "Startup Cost": 0.0,
                                                                                                                "Total Cost": 4767.92,
                                                                                                                "Plan Rows": 49967,
                                                                                                                "Plan Width": 4,
                                                                                                                "Actual Startup Time": 0.012,
                                                                                                                "Actual Total Time": 4.545,
                                                                                                                "Actual Rows": 21211,
                                                                                                                "Actual Loops": 4,
                                                                                                                "Filter": "((country_code)::text = '[us]'::text)",
                                                                                                                "Rows Removed by Filter": 37538,
                                                                                                                "Workers": []
                                                                                                            }
                                                                                                        ]
                                                                                                    }
                                                                                                ]
                                                                                            }
                                                                                        ]
                                                                                    }
                                                                                ]
                                                                            }
                                                                        ]
                                                                    }
                                                                ]
                                                            }
                                                        ]
                                                    }
                                                ]
                                            }
                                        ]
                                    }
                                ]
                            }
                        ]
                    },
                    "Planning Time": 1.237,
                    "Triggers": [],
                    "Execution Time": 1116.536
                }
            ],
            "hints": [
                "SET enable_hashjoin TO on",
                "SET enable_indexonlyscan TO on",
                "SET enable_indexscan TO on",
                "SET enable_mergejoin TO on",
                "SET enable_nestloop TO off",
                "SET enable_seqscan TO on"
            ]
        },
        {
            "arm": 2,
            "execution_time": 1117.472,
            "plan": [
                {
                    "Plan": {
                        "Node Type": "Aggregate",
                        "Strategy": "Plain",
                        "Partial Mode": "Finalize",
                        "Parallel Aware": false,
                        "Async Capable": false,
                        "Startup Cost": 561654.2,
                        "Total Cost": 561654.21,
                        "Plan Rows": 1,
                        "Plan Width": 64,
                        "Actual Startup Time": 1090.061,
                        "Actual Total Time": 1117.425,
                        "Actual Rows": 1,
                        "Actual Loops": 1,
                        "Plans": [
                            {
                                "Node Type": "Gather",
                                "Parent Relationship": "Outer",
                                "Parallel Aware": false,
                                "Async Capable": false,
                                "Startup Cost": 561653.87,
                                "Total Cost": 561654.18,
                                "Plan Rows": 3,
                                "Plan Width": 64,
                                "Actual Startup Time": 1087.742,
                                "Actual Total Time": 1117.42,
                                "Actual Rows": 4,
                                "Actual Loops": 1,
                                "Workers Planned": 3,
                                "Workers Launched": 3,
                                "Single Copy": false,
                                "Plans": [
                                    {
                                        "Node Type": "Aggregate",
                                        "Strategy": "Plain",
                                        "Partial Mode": "Partial",
                                        "Parent Relationship": "Outer",
                                        "Parallel Aware": false,
                                        "Async Capable": false,
                                        "Startup Cost": 560653.87,
                                        "Total Cost": 560653.88,
                                        "Plan Rows": 1,
                                        "Plan Width": 64,
                                        "Actual Startup Time": 1085.758,
                                        "Actual Total Time": 1085.845,
                                        "Actual Rows": 1,
                                        "Actual Loops": 4,
                                        "Workers": [],
                                        "Plans": [
                                            {
                                                "Node Type": "Hash Join",
                                                "Parent Relationship": "Outer",
                                                "Parallel Aware": true,
                                                "Async Capable": false,
                                                "Join Type": "Inner",
                                                "Startup Cost": 526155.77,
                                                "Total Cost": 548744.41,
                                                "Plan Rows": 2381892,
                                                "Plan Width": 33,
                                                "Actual Startup Time": 1071.355,
                                                "Actual Total Time": 1083.098,
                                                "Actual Rows": 80751,
                                                "Actual Loops": 4,
                                                "Inner Unique": false,
                                                "Hash Cond": "(an1.person_id = n1.id)",
                                                "Workers": [],
                                                "Plans": [
                                                    {
                                                        "Node Type": "Seq Scan",
                                                        "Parent Relationship": "Outer",
                                                        "Parallel Aware": true,
                                                        "Async Capable": false,
                                                        "Relation Name": "aka_name",
                                                        "Alias": "an1",
                                                        "Startup Cost": 0.0,
                                                        "Total Cost": 14323.56,
                                                        "Plan Rows": 290756,
                                                        "Plan Width": 20,
                                                        "Actual Startup Time": 0.009,
                                                        "Actual Total Time": 12.322,
                                                        "Actual Rows": 225336,
                                                        "Actual Loops": 4,
                                                        "Workers": []
                                                    },
                                                    {
                                                        "Node Type": "Hash",
                                                        "Parent Relationship": "Inner",
                                                        "Parallel Aware": true,
                                                        "Async Capable": false,
                                                        "Startup Cost": 516489.31,
                                                        "Total Cost": 516489.31,
                                                        "Plan Rows": 499877,
                                                        "Plan Width": 25,
                                                        "Actual Startup Time": 1044.189,
                                                        "Actual Total Time": 1044.275,
                                                        "Actual Rows": 71384,
                                                        "Actual Loops": 4,
                                                        "Hash Buckets": 262144,
                                                        "Original Hash Buckets": 262144,
                                                        "Hash Batches": 16,
                                                        "Original Hash Batches": 16,
                                                        "Peak Memory Usage": 3392,
                                                        "Workers": [],
                                                        "Plans": [
                                                            {
                                                                "Node Type": "Hash Join",
                                                                "Parent Relationship": "Outer",
                                                                "Parallel Aware": true,
                                                                "Async Capable": false,
                                                                "Join Type": "Inner",
                                                                "Startup Cost": 170222.37,
                                                                "Total Cost": 516489.31,
                                                                "Plan Rows": 499877,
                                                                "Plan Width": 25,
                                                                "Actual Startup Time": 1024.676,
                                                                "Actual Total Time": 1039.141,
                                                                "Actual Rows": 71384,
                                                                "Actual Loops": 4,
                                                                "Inner Unique": false,
                                                                "Hash Cond": "(ci.movie_id = t.id)",
                                                                "Workers": [],
                                                                "Plans": [
                                                                    {
                                                                        "Node Type": "Hash Join",
                                                                        "Parent Relationship": "Outer",
                                                                        "Parallel Aware": true,
                                                                        "Async Capable": false,
                                                                        "Join Type": "Inner",
                                                                        "Startup Cost": 83169.3,
                                                                        "Total Cost": 427079.11,
                                                                        "Plan Rows": 503394,
                                                                        "Plan Width": 12,
                                                                        "Actual Startup Time": 718.945,
                                                                        "Actual Total Time": 744.347,
                                                                        "Actual Rows": 69101,
                                                                        "Actual Loops": 4,
                                                                        "Inner Unique": true,
                                                                        "Hash Cond": "(ci.person_id = n1.id)",
                                                                        "Workers": [],
                                                                        "Plans": [
                                                                            {
                                                                                "Node Type": "Hash Join",
                                                                                "Parent Relationship": "Outer",
                                                                                "Parallel Aware": false,
                                                                                "Async Capable": false,
                                                                                "Join Type": "Inner",
                                                                                "Startup Cost": 1.16,
                                                                                "Total Cost": 334585.56,
                                                                                "Plan Rows": 503394,
                                                                                "Plan Width": 8,
                                                                                "Actual Startup Time": 45.274,
                                                                                "Actual Total Time": 603.298,
                                                                                "Actual Rows": 69101,
                                                                                "Actual Loops": 4,
                                                                                "Inner Unique": true,
                                                                                "Hash Cond": "(ci.role_id = rt.id)",
                                                                                "Workers": [],
                                                                                "Plans": [
                                                                                    {
                                                                                        "Node Type": "Seq Scan",
                                                                                        "Parent Relationship": "Outer",
                                                                                        "Parallel Aware": true,
                                                                                        "Async Capable": false,
                                                                                        "Relation Name": "cast_info",
                                                                                        "Alias": "ci",
                                                                                        "Startup Cost": 0.0,
                                                                                        "Total Cost": 313127.24,
                                                                                        "Plan Rows": 6040724,
                                                                                        "Plan Width": 12,
                                                                                        "Actual Startup Time": 0.032,
                                                                                        "Actual Total Time": 290.696,
                                                                                        "Actual Rows": 9061086,
                                                                                        "Actual Loops": 4,
                                                                                        "Workers": []
                                                                                    },
                                                                                    {
                                                                                        "Node Type": "Hash",
                                                                                        "Parent Relationship": "Inner",
                                                                                        "Parallel Aware": false,
                                                                                        "Async Capable": false,
                                                                                        "Startup Cost": 1.15,
                                                                                        "Total Cost": 1.15,
                                                                                        "Plan Rows": 1,
                                                                                        "Plan Width": 4,
                                                                                        "Actual Startup Time": 0.01,
                                                                                        "Actual Total Time": 0.011,
                                                                                        "Actual Rows": 1,
                                                                                        "Actual Loops": 4,
                                                                                        "Hash Buckets": 1024,
                                                                                        "Original Hash Buckets": 1024,
                                                                                        "Hash Batches": 1,
                                                                                        "Original Hash Batches": 1,
                                                                                        "Peak Memory Usage": 9,
                                                                                        "Workers": [],
                                                                                        "Plans": [
                                                                                            {
                                                                                                "Node Type": "Seq Scan",
                                                                                                "Parent Relationship": "Outer",
                                                                                                "Parallel Aware": false,
                                                                                                "Async Capable": false,
                                                                                                "Relation Name": "role_type",
                                                                                                "Alias": "rt",
                                                                                                "Startup Cost": 0.0,
                                                                                                "Total Cost": 1.15,
                                                                                                "Plan Rows": 1,
                                                                                                "Plan Width": 4,
                                                                                                "Actual Startup Time": 0.009,
                                                                                                "Actual Total Time": 0.009,
                                                                                                "Actual Rows": 1,
                                                                                                "Actual Loops": 4,
                                                                                                "Filter": "((role)::text = 'costume designer'::text)",
                                                                                                "Rows Removed by Filter": 11,
                                                                                                "Workers": []
                                                                                            }
                                                                                        ]
                                                                                    }
                                                                                ]
                                                                            },
                                                                            {
                                                                                "Node Type": "Hash",
                                                                                "Parent Relationship": "Inner",
                                                                                "Parallel Aware": true,
                                                                                "Async Capable": false,
                                                                                "Startup Cost": 66074.73,
                                                                                "Total Cost": 66074.73,
                                                                                "Plan Rows": 1041873,
                                                                                "Plan Width": 4,
                                                                                "Actual Startup Time": 100.683,
                                                                                "Actual Total Time": 100.683,
                                                                                "Actual Rows": 1041873,
                                                                                "Actual Loops": 4,
                                                                                "Hash Buckets": 524288,
                                                                                "Original Hash Buckets": 524288,
                                                                                "Hash Batches": 16,
                                                                                "Original Hash Batches": 16,
                                                                                "Peak Memory Usage": 14336,
                                                                                "Workers": [],
                                                                                "Plans": [
                                                                                    {
                                                                                        "Node Type": "Seq Scan",
                                                                                        "Parent Relationship": "Outer",
                                                                                        "Parallel Aware": true,
                                                                                        "Async Capable": false,
                                                                                        "Relation Name": "name",
                                                                                        "Alias": "n1",
                                                                                        "Startup Cost": 0.0,
                                                                                        "Total Cost": 66074.73,
                                                                                        "Plan Rows": 1041873,
                                                                                        "Plan Width": 4,
                                                                                        "Actual Startup Time": 0.006,
                                                                                        "Actual Total Time": 53.852,
                                                                                        "Actual Rows": 1041873,
                                                                                        "Actual Loops": 4,
                                                                                        "Workers": []
                                                                                    }
                                                                                ]
                                                                            }
                                                                        ]
                                                                    },
                                                                    {
                                                                        "Node Type": "Hash",
                                                                        "Parent Relationship": "Inner",
                                                                        "Parallel Aware": true,
                                                                        "Async Capable": false,
                                                                        "Startup Cost": 84105.82,
                                                                        "Total Cost": 84105.82,
                                                                        "Plan Rows": 235780,
                                                                        "Plan Width": 25,
                                                                        "Actual Startup Time": 273.294,
                                                                        "Actual Total Time": 273.298,
                                                                        "Actual Rows": 288450,
                                                                        "Actual Loops": 4,
                                                                        "Hash Buckets": 262144,
                                                                        "Original Hash Buckets": 262144,
                                                                        "Hash Batches": 8,
                                                                        "Original Hash Batches": 8,
                                                                        "Peak Memory Usage": 10944,
                                                                        "Workers": [],
                                                                        "Plans": [
                                                                            {
                                                                                "Node Type": "Hash Join",
                                                                                "Parent Relationship": "Outer",
                                                                                "Parallel Aware": true,
                                                                                "Async Capable": false,
                                                                                "Join Type": "Inner",
                                                                                "Startup Cost": 38645.34,
                                                                                "Total Cost": 84105.82,
                                                                                "Plan Rows": 235780,
                                                                                "Plan Width": 25,
                                                                                "Actual Startup Time": 116.903,
                                                                                "Actual Total Time": 253.049,
                                                                                "Actual Rows": 288450,
                                                                                "Actual Loops": 4,
                                                                                "Inner Unique": false,
                                                                                "Hash Cond": "(t.id = mc.movie_id)",
                                                                                "Workers": [],
                                                                                "Plans": [
                                                                                    {
                                                                                        "Node Type": "Seq Scan",
                                                                                        "Parent Relationship": "Outer",
                                                                                        "Parallel Aware": true,
                                                                                        "Async Capable": false,
                                                                                        "Relation Name": "title",
                                                                                        "Alias": "t",
                                                                                        "Startup Cost": 0.0,
                                                                                        "Total Cost": 42329.38,
                                                                                        "Plan Rows": 632138,
                                                                                        "Plan Width": 21,
                                                                                        "Actual Startup Time": 0.003,
                                                                                        "Actual Total Time": 29.57,
                                                                                        "Actual Rows": 632078,
                                                                                        "Actual Loops": 4,
                                                                                        "Workers": []
                                                                                    },
                                                                                    {
                                                                                        "Node Type": "Hash",
                                                                                        "Parent Relationship": "Inner",
                                                                                        "Parallel Aware": true,
                                                                                        "Async Capable": false,
                                                                                        "Startup Cost": 34842.44,
                                                                                        "Total Cost": 34842.44,
                                                                                        "Plan Rows": 304232,
                                                                                        "Plan Width": 4,
                                                                                        "Actual Startup Time": 116.399,
                                                                                        "Actual Total Time": 116.401,
                                                                                        "Actual Rows": 288450,
                                                                                        "Actual Loops": 4,
                                                                                        "Hash Buckets": 2097152,
                                                                                        "Original Hash Buckets": 1048576,
                                                                                        "Hash Batches": 1,
                                                                                        "Original Hash Batches": 1,
                                                                                        "Peak Memory Usage": 69760,
                                                                                        "Workers": [],
                                                                                        "Plans": [
                                                                                            {
                                                                                                "Node Type": "Hash Join",
                                                                                                "Parent Relationship": "Outer",
                                                                                                "Parallel Aware": true,
                                                                                                "Async Capable": false,
                                                                                                "Join Type": "Inner",
                                                                                                "Startup Cost": 5392.51,
                                                                                                "Total Cost": 34842.44,
                                                                                                "Plan Rows": 304232,
                                                                                                "Plan Width": 4,
                                                                                                "Actual Startup Time": 6.363,
                                                                                                "Actual Total Time": 78.768,
                                                                                                "Actual Rows": 288450,
                                                                                                "Actual Loops": 4,
                                                                                                "Inner Unique": true,
                                                                                                "Hash Cond": "(mc.company_id = cn.id)",
                                                                                                "Workers": [],
                                                                                                "Plans": [
                                                                                                    {
                                                                                                        "Node Type": "Seq Scan",
                                                                                                        "Parent Relationship": "Outer",
                                                                                                        "Parallel Aware": true,
                                                                                                        "Async Capable": false,
                                                                                                        "Relation Name": "movie_companies",
                                                                                                        "Alias": "mc",
                                                                                                        "Startup Cost": 0.0,
                                                                                                        "Total Cost": 27240.55,
                                                                                                        "Plan Rows": 841655,
                                                                                                        "Plan Width": 8,
                                                                                                        "Actual Startup Time": 0.004,
                                                                                                        "Actual Total Time": 29.068,
                                                                                                        "Actual Rows": 652282,
                                                                                                        "Actual Loops": 4,
                                                                                                        "Workers": []
                                                                                                    },
                                                                                                    {
                                                                                                        "Node Type": "Hash",
                                                                                                        "Parent Relationship": "Inner",
                                                                                                        "Parallel Aware": true,
                                                                                                        "Async Capable": false,
                                                                                                        "Startup Cost": 4767.92,
                                                                                                        "Total Cost": 4767.92,
                                                                                                        "Plan Rows": 49967,
                                                                                                        "Plan Width": 4,
                                                                                                        "Actual Startup Time": 6.187,
                                                                                                        "Actual Total Time": 6.187,
                                                                                                        "Actual Rows": 21211,
                                                                                                        "Actual Loops": 4,
                                                                                                        "Hash Buckets": 131072,
                                                                                                        "Original Hash Buckets": 131072,
                                                                                                        "Hash Batches": 1,
                                                                                                        "Original Hash Batches": 1,
                                                                                                        "Peak Memory Usage": 4448,
                                                                                                        "Workers": [],
                                                                                                        "Plans": [
                                                                                                            {
                                                                                                                "Node Type": "Seq Scan",
                                                                                                                "Parent Relationship": "Outer",
                                                                                                                "Parallel Aware": true,
                                                                                                                "Async Capable": false,
                                                                                                                "Relation Name": "company_name",
                                                                                                                "Alias": "cn",
                                                                                                                "Startup Cost": 0.0,
                                                                                                                "Total Cost": 4767.92,
                                                                                                                "Plan Rows": 49967,
                                                                                                                "Plan Width": 4,
                                                                                                                "Actual Startup Time": 0.012,
                                                                                                                "Actual Total Time": 4.481,
                                                                                                                "Actual Rows": 21211,
                                                                                                                "Actual Loops": 4,
                                                                                                                "Filter": "((country_code)::text = '[us]'::text)",
                                                                                                                "Rows Removed by Filter": 37538,
                                                                                                                "Workers": []
                                                                                                            }
                                                                                                        ]
                                                                                                    }
                                                                                                ]
                                                                                            }
                                                                                        ]
                                                                                    }
                                                                                ]
                                                                            }
                                                                        ]
                                                                    }
                                                                ]
                                                            }
                                                        ]
                                                    }
                                                ]
                                            }
                                        ]
                                    }
                                ]
                            }
                        ]
                    },
                    "Planning Time": 0.815,
                    "Triggers": [],
                    "Execution Time": 1117.472
                }
            ],
            "hints": [
                "SET enable_hashjoin TO on",
                "SET enable_indexonlyscan TO on",
                "SET enable_indexscan TO off",
                "SET enable_mergejoin TO off",
                "SET enable_nestloop TO on",
                "SET enable_seqscan TO on"
            ]
        },
        {
            "arm": 3,
            "execution_time": 1108.475,
            "plan": [
                {
                    "Plan": {
                        "Node Type": "Aggregate",
                        "Strategy": "Plain",
                        "Partial Mode": "Finalize",
                        "Parallel Aware": false,
                        "Async Capable": false,
                        "Startup Cost": 561654.2,
                        "Total Cost": 561654.21,
                        "Plan Rows": 1,
                        "Plan Width": 64,
                        "Actual Startup Time": 1082.577,
                        "Actual Total Time": 1108.432,
                        "Actual Rows": 1,
                        "Actual Loops": 1,
                        "Plans": [
                            {
                                "Node Type": "Gather",
                                "Parent Relationship": "Outer",
                                "Parallel Aware": false,
                                "Async Capable": false,
                                "Startup Cost": 561653.87,
                                "Total Cost": 561654.18,
                                "Plan Rows": 3,
                                "Plan Width": 64,
                                "Actual Startup Time": 1080.652,
                                "Actual Total Time": 1108.427,
                                "Actual Rows": 4,
                                "Actual Loops": 1,
                                "Workers Planned": 3,
                                "Workers Launched": 3,
                                "Single Copy": false,
                                "Plans": [
                                    {
                                        "Node Type": "Aggregate",
                                        "Strategy": "Plain",
                                        "Partial Mode": "Partial",
                                        "Parent Relationship": "Outer",
                                        "Parallel Aware": false,
                                        "Async Capable": false,
                                        "Startup Cost": 560653.87,
                                        "Total Cost": 560653.88,
                                        "Plan Rows": 1,
                                        "Plan Width": 64,
                                        "Actual Startup Time": 1078.657,
                                        "Actual Total Time": 1078.666,
                                        "Actual Rows": 1,
                                        "Actual Loops": 4,
                                        "Workers": [],
                                        "Plans": [
                                            {
                                                "Node Type": "Hash Join",
                                                "Parent Relationship": "Outer",
                                                "Parallel Aware": true,
                                                "Async Capable": false,
                                                "Join Type": "Inner",
                                                "Startup Cost": 526155.77,
                                                "Total Cost": 548744.41,
                                                "Plan Rows": 2381892,
                                                "Plan Width": 33,
                                                "Actual Startup Time": 1065.157,
                                                "Actual Total Time": 1076.021,
                                                "Actual Rows": 80751,
                                                "Actual Loops": 4,
                                                "Inner Unique": false,
                                                "Hash Cond": "(an1.person_id = n1.id)",
                                                "Workers": [],
                                                "Plans": [
                                                    {
                                                        "Node Type": "Seq Scan",
                                                        "Parent Relationship": "Outer",
                                                        "Parallel Aware": true,
                                                        "Async Capable": false,
                                                        "Relation Name": "aka_name",
                                                        "Alias": "an1",
                                                        "Startup Cost": 0.0,
                                                        "Total Cost": 14323.56,
                                                        "Plan Rows": 290756,
                                                        "Plan Width": 20,
                                                        "Actual Startup Time": 0.009,
                                                        "Actual Total Time": 12.287,
                                                        "Actual Rows": 225336,
                                                        "Actual Loops": 4,
                                                        "Workers": []
                                                    },
                                                    {
                                                        "Node Type": "Hash",
                                                        "Parent Relationship": "Inner",
                                                        "Parallel Aware": true,
                                                        "Async Capable": false,
                                                        "Startup Cost": 516489.31,
                                                        "Total Cost": 516489.31,
                                                        "Plan Rows": 499877,
                                                        "Plan Width": 25,
                                                        "Actual Startup Time": 1039.354,
                                                        "Actual Total Time": 1039.362,
                                                        "Actual Rows": 71384,
                                                        "Actual Loops": 4,
                                                        "Hash Buckets": 262144,
                                                        "Original Hash Buckets": 262144,
                                                        "Hash Batches": 16,
                                                        "Original Hash Batches": 16,
                                                        "Peak Memory Usage": 3392,
                                                        "Workers": [],
                                                        "Plans": [
                                                            {
                                                                "Node Type": "Hash Join",
                                                                "Parent Relationship": "Outer",
                                                                "Parallel Aware": true,
                                                                "Async Capable": false,
                                                                "Join Type": "Inner",
                                                                "Startup Cost": 170222.37,
                                                                "Total Cost": 516489.31,
                                                                "Plan Rows": 499877,
                                                                "Plan Width": 25,
                                                                "Actual Startup Time": 1019.429,
                                                                "Actual Total Time": 1034.563,
                                                                "Actual Rows": 71384,
                                                                "Actual Loops": 4,
                                                                "Inner Unique": false,
                                                                "Hash Cond": "(ci.movie_id = t.id)",
                                                                "Workers": [],
                                                                "Plans": [
                                                                    {
                                                                        "Node Type": "Hash Join",
                                                                        "Parent Relationship": "Outer",
                                                                        "Parallel Aware": true,
                                                                        "Async Capable": false,
                                                                        "Join Type": "Inner",
                                                                        "Startup Cost": 83169.3,
                                                                        "Total Cost": 427079.11,
                                                                        "Plan Rows": 503394,
                                                                        "Plan Width": 12,
                                                                        "Actual Startup Time": 718.517,
                                                                        "Actual Total Time": 741.028,
                                                                        "Actual Rows": 69101,
                                                                        "Actual Loops": 4,
                                                                        "Inner Unique": true,
                                                                        "Hash Cond": "(ci.person_id = n1.id)",
                                                                        "Workers": [],
                                                                        "Plans": [
                                                                            {
                                                                                "Node Type": "Hash Join",
                                                                                "Parent Relationship": "Outer",
                                                                                "Parallel Aware": false,
                                                                                "Async Capable": false,
                                                                                "Join Type": "Inner",
                                                                                "Startup Cost": 1.16,
                                                                                "Total Cost": 334585.56,
                                                                                "Plan Rows": 503394,
                                                                                "Plan Width": 8,
                                                                                "Actual Startup Time": 45.132,
                                                                                "Actual Total Time": 602.456,
                                                                                "Actual Rows": 69101,
                                                                                "Actual Loops": 4,
                                                                                "Inner Unique": true,
                                                                                "Hash Cond": "(ci.role_id = rt.id)",
                                                                                "Workers": [],
                                                                                "Plans": [
                                                                                    {
                                                                                        "Node Type": "Seq Scan",
                                                                                        "Parent Relationship": "Outer",
                                                                                        "Parallel Aware": true,
                                                                                        "Async Capable": false,
                                                                                        "Relation Name": "cast_info",
                                                                                        "Alias": "ci",
                                                                                        "Startup Cost": 0.0,
                                                                                        "Total Cost": 313127.24,
                                                                                        "Plan Rows": 6040724,
                                                                                        "Plan Width": 12,
                                                                                        "Actual Startup Time": 0.031,
                                                                                        "Actual Total Time": 289.287,
                                                                                        "Actual Rows": 9061086,
                                                                                        "Actual Loops": 4,
                                                                                        "Workers": []
                                                                                    },
                                                                                    {
                                                                                        "Node Type": "Hash",
                                                                                        "Parent Relationship": "Inner",
                                                                                        "Parallel Aware": false,
                                                                                        "Async Capable": false,
                                                                                        "Startup Cost": 1.15,
                                                                                        "Total Cost": 1.15,
                                                                                        "Plan Rows": 1,
                                                                                        "Plan Width": 4,
                                                                                        "Actual Startup Time": 0.01,
                                                                                        "Actual Total Time": 0.011,
                                                                                        "Actual Rows": 1,
                                                                                        "Actual Loops": 4,
                                                                                        "Hash Buckets": 1024,
                                                                                        "Original Hash Buckets": 1024,
                                                                                        "Hash Batches": 1,
                                                                                        "Original Hash Batches": 1,
                                                                                        "Peak Memory Usage": 9,
                                                                                        "Workers": [],
                                                                                        "Plans": [
                                                                                            {
                                                                                                "Node Type": "Seq Scan",
                                                                                                "Parent Relationship": "Outer",
                                                                                                "Parallel Aware": false,
                                                                                                "Async Capable": false,
                                                                                                "Relation Name": "role_type",
                                                                                                "Alias": "rt",
                                                                                                "Startup Cost": 0.0,
                                                                                                "Total Cost": 1.15,
                                                                                                "Plan Rows": 1,
                                                                                                "Plan Width": 4,
                                                                                                "Actual Startup Time": 0.009,
                                                                                                "Actual Total Time": 0.009,
                                                                                                "Actual Rows": 1,
                                                                                                "Actual Loops": 4,
                                                                                                "Filter": "((role)::text = 'costume designer'::text)",
                                                                                                "Rows Removed by Filter": 11,
                                                                                                "Workers": []
                                                                                            }
                                                                                        ]
                                                                                    }
                                                                                ]
                                                                            },
                                                                            {
                                                                                "Node Type": "Hash",
                                                                                "Parent Relationship": "Inner",
                                                                                "Parallel Aware": true,
                                                                                "Async Capable": false,
                                                                                "Startup Cost": 66074.73,
                                                                                "Total Cost": 66074.73,
                                                                                "Plan Rows": 1041873,
                                                                                "Plan Width": 4,
                                                                                "Actual Startup Time": 100.508,
                                                                                "Actual Total Time": 100.509,
                                                                                "Actual Rows": 1041873,
                                                                                "Actual Loops": 4,
                                                                                "Hash Buckets": 524288,
                                                                                "Original Hash Buckets": 524288,
                                                                                "Hash Batches": 16,
                                                                                "Original Hash Batches": 16,
                                                                                "Peak Memory Usage": 14336,
                                                                                "Workers": [],
                                                                                "Plans": [
                                                                                    {
                                                                                        "Node Type": "Seq Scan",
                                                                                        "Parent Relationship": "Outer",
                                                                                        "Parallel Aware": true,
                                                                                        "Async Capable": false,
                                                                                        "Relation Name": "name",
                                                                                        "Alias": "n1",
                                                                                        "Startup Cost": 0.0,
                                                                                        "Total Cost": 66074.73,
                                                                                        "Plan Rows": 1041873,
                                                                                        "Plan Width": 4,
                                                                                        "Actual Startup Time": 0.006,
                                                                                        "Actual Total Time": 53.878,
                                                                                        "Actual Rows": 1041873,
                                                                                        "Actual Loops": 4,
                                                                                        "Workers": []
                                                                                    }
                                                                                ]
                                                                            }
                                                                        ]
                                                                    },
                                                                    {
                                                                        "Node Type": "Hash",
                                                                        "Parent Relationship": "Inner",
                                                                        "Parallel Aware": true,
                                                                        "Async Capable": false,
                                                                        "Startup Cost": 84105.82,
                                                                        "Total Cost": 84105.82,
                                                                        "Plan Rows": 235780,
                                                                        "Plan Width": 25,
                                                                        "Actual Startup Time": 271.857,
                                                                        "Actual Total Time": 271.86,
                                                                        "Actual Rows": 288450,
                                                                        "Actual Loops": 4,
                                                                        "Hash Buckets": 262144,
                                                                        "Original Hash Buckets": 262144,
                                                                        "Hash Batches": 8,
                                                                        "Original Hash Batches": 8,
                                                                        "Peak Memory Usage": 10944,
                                                                        "Workers": [],
                                                                        "Plans": [
                                                                            {
                                                                                "Node Type": "Hash Join",
                                                                                "Parent Relationship": "Outer",
                                                                                "Parallel Aware": true,
                                                                                "Async Capable": false,
                                                                                "Join Type": "Inner",
                                                                                "Startup Cost": 38645.34,
                                                                                "Total Cost": 84105.82,
                                                                                "Plan Rows": 235780,
                                                                                "Plan Width": 25,
                                                                                "Actual Startup Time": 112.899,
                                                                                "Actual Total Time": 251.518,
                                                                                "Actual Rows": 288450,
                                                                                "Actual Loops": 4,
                                                                                "Inner Unique": false,
                                                                                "Hash Cond": "(t.id = mc.movie_id)",
                                                                                "Workers": [],
                                                                                "Plans": [
                                                                                    {
                                                                                        "Node Type": "Seq Scan",
                                                                                        "Parent Relationship": "Outer",
                                                                                        "Parallel Aware": true,
                                                                                        "Async Capable": false,
                                                                                        "Relation Name": "title",
                                                                                        "Alias": "t",
                                                                                        "Startup Cost": 0.0,
                                                                                        "Total Cost": 42329.38,
                                                                                        "Plan Rows": 632138,
                                                                                        "Plan Width": 21,
                                                                                        "Actual Startup Time": 0.003,
                                                                                        "Actual Total Time": 29.657,
                                                                                        "Actual Rows": 632078,
                                                                                        "Actual Loops": 4,
                                                                                        "Workers": []
                                                                                    },
                                                                                    {
                                                                                        "Node Type": "Hash",
                                                                                        "Parent Relationship": "Inner",
                                                                                        "Parallel Aware": true,
                                                                                        "Async Capable": false,
                                                                                        "Startup Cost": 34842.44,
                                                                                        "Total Cost": 34842.44,
                                                                                        "Plan Rows": 304232,
                                                                                        "Plan Width": 4,
                                                                                        "Actual Startup Time": 112.393,
                                                                                        "Actual Total Time": 112.395,
                                                                                        "Actual Rows": 288450,
                                                                                        "Actual Loops": 4,
                                                                                        "Hash Buckets": 2097152,
                                                                                        "Original Hash Buckets": 1048576,
                                                                                        "Hash Batches": 1,
                                                                                        "Original Hash Batches": 1,
                                                                                        "Peak Memory Usage": 69792,
                                                                                        "Workers": [],
                                                                                        "Plans": [
                                                                                            {
                                                                                                "Node Type": "Hash Join",
                                                                                                "Parent Relationship": "Outer",
                                                                                                "Parallel Aware": true,
                                                                                                "Async Capable": false,
                                                                                                "Join Type": "Inner",
                                                                                                "Startup Cost": 5392.51,
                                                                                                "Total Cost": 34842.44,
                                                                                                "Plan Rows": 304232,
                                                                                                "Plan Width": 4,
                                                                                                "Actual Startup Time": 6.612,
                                                                                                "Actual Total Time": 77.647,
                                                                                                "Actual Rows": 288450,
                                                                                                "Actual Loops": 4,
                                                                                                "Inner Unique": true,
                                                                                                "Hash Cond": "(mc.company_id = cn.id)",
                                                                                                "Workers": [],
                                                                                                "Plans": [
                                                                                                    {
                                                                                                        "Node Type": "Seq Scan",
                                                                                                        "Parent Relationship": "Outer",
                                                                                                        "Parallel Aware": true,
                                                                                                        "Async Capable": false,
                                                                                                        "Relation Name": "movie_companies",
                                                                                                        "Alias": "mc",
                                                                                                        "Startup Cost": 0.0,
                                                                                                        "Total Cost": 27240.55,
                                                                                                        "Plan Rows": 841655,
                                                                                                        "Plan Width": 8,
                                                                                                        "Actual Startup Time": 0.005,
                                                                                                        "Actual Total Time": 28.76,
                                                                                                        "Actual Rows": 652282,
                                                                                                        "Actual Loops": 4,
                                                                                                        "Workers": []
                                                                                                    },
                                                                                                    {
                                                                                                        "Node Type": "Hash",
                                                                                                        "Parent Relationship": "Inner",
                                                                                                        "Parallel Aware": true,
                                                                                                        "Async Capable": false,
                                                                                                        "Startup Cost": 4767.92,
                                                                                                        "Total Cost": 4767.92,
                                                                                                        "Plan Rows": 49967,
                                                                                                        "Plan Width": 4,
                                                                                                        "Actual Startup Time": 6.403,
                                                                                                        "Actual Total Time": 6.403,
                                                                                                        "Actual Rows": 21211,
                                                                                                        "Actual Loops": 4,
                                                                                                        "Hash Buckets": 131072,
                                                                                                        "Original Hash Buckets": 131072,
                                                                                                        "Hash Batches": 1,
                                                                                                        "Original Hash Batches": 1,
                                                                                                        "Peak Memory Usage": 4384,
                                                                                                        "Workers": [],
                                                                                                        "Plans": [
                                                                                                            {
                                                                                                                "Node Type": "Seq Scan",
                                                                                                                "Parent Relationship": "Outer",
                                                                                                                "Parallel Aware": true,
                                                                                                                "Async Capable": false,
                                                                                                                "Relation Name": "company_name",
                                                                                                                "Alias": "cn",
                                                                                                                "Startup Cost": 0.0,
                                                                                                                "Total Cost": 4767.92,
                                                                                                                "Plan Rows": 49967,
                                                                                                                "Plan Width": 4,
                                                                                                                "Actual Startup Time": 0.012,
                                                                                                                "Actual Total Time": 4.558,
                                                                                                                "Actual Rows": 21211,
                                                                                                                "Actual Loops": 4,
                                                                                                                "Filter": "((country_code)::text = '[us]'::text)",
                                                                                                                "Rows Removed by Filter": 37538,
                                                                                                                "Workers": []
                                                                                                            }
                                                                                                        ]
                                                                                                    }
                                                                                                ]
                                                                                            }
                                                                                        ]
                                                                                    }
                                                                                ]
                                                                            }
                                                                        ]
                                                                    }
                                                                ]
                                                            }
                                                        ]
                                                    }
                                                ]
                                            }
                                        ]
                                    }
                                ]
                            }
                        ]
                    },
                    "Planning Time": 0.817,
                    "Triggers": [],
                    "Execution Time": 1108.475
                }
            ],
            "hints": [
                "SET enable_hashjoin TO on",
                "SET enable_indexonlyscan TO on",
                "SET enable_indexscan TO off",
                "SET enable_mergejoin TO off",
                "SET enable_nestloop TO off",
                "SET enable_seqscan TO on"
            ]
        },
        {
            "arm": 4,
            "execution_time": 430.603,
            "plan": [
                {
                    "Plan": {
                        "Node Type": "Aggregate",
                        "Strategy": "Plain",
                        "Partial Mode": "Finalize",
                        "Parallel Aware": false,
                        "Async Capable": false,
                        "Startup Cost": 380507.45,
                        "Total Cost": 380507.46,
                        "Plan Rows": 1,
                        "Plan Width": 64,
                        "Actual Startup Time": 414.299,
                        "Actual Total Time": 430.438,
                        "Actual Rows": 1,
                        "Actual Loops": 1,
                        "Plans": [
                            {
                                "Node Type": "Gather",
                                "Parent Relationship": "Outer",
                                "Parallel Aware": false,
                                "Async Capable": false,
                                "Startup Cost": 380507.13,
                                "Total Cost": 380507.44,
                                "Plan Rows": 3,
                                "Plan Width": 64,
                                "Actual Startup Time": 412.307,
                                "Actual Total Time": 430.432,
                                "Actual Rows": 4,
                                "Actual Loops": 1,
                                "Workers Planned": 3,
                                "Workers Launched": 3,
                                "Single Copy": false,
                                "Plans": [
                                    {
                                        "Node Type": "Aggregate",
                                        "Strategy": "Plain",
                                        "Partial Mode": "Partial",
                                        "Parent Relationship": "Outer",
                                        "Parallel Aware": false,
                                        "Async Capable": false,
                                        "Startup Cost": 379507.13,
                                        "Total Cost": 379507.14,
                                        "Plan Rows": 1,
                                        "Plan Width": 64,
                                        "Actual Startup Time": 410.223,
                                        "Actual Total Time": 410.232,
                                        "Actual Rows": 1,
                                        "Actual Loops": 4,
                                        "Workers": [],
                                        "Plans": [
                                            {
                                                "Node Type": "Hash Join",
                                                "Parent Relationship": "Outer",
                                                "Parallel Aware": true,
                                                "Async Capable": false,
                                                "Join Type": "Inner",
                                                "Startup Cost": 343126.64,
                                                "Total Cost": 367597.67,
                                                "Plan Rows": 2381892,
                                                "Plan Width": 33,
                                                "Actual Startup Time": 394.987,
                                                "Actual Total Time": 407.613,
                                                "Actual Rows": 80751,
                                                "Actual Loops": 4,
                                                "Inner Unique": false,
                                                "Hash Cond": "(an1.person_id = n1.id)",
                                                "Workers": [],
                                                "Plans": [
                                                    {
                                                        "Node Type": "Seq Scan",
                                                        "Parent Relationship": "Outer",
                                                        "Parallel Aware": true,
                                                        "Async Capable": false,
                                                        "Relation Name": "aka_name",
                                                        "Alias": "an1",
                                                        "Startup Cost": 0.0,
                                                        "Total Cost": 14323.56,
                                                        "Plan Rows": 290756,
                                                        "Plan Width": 20,
                                                        "Actual Startup Time": 0.009,
                                                        "Actual Total Time": 13.509,
                                                        "Actual Rows": 225336,
                                                        "Actual Loops": 4,
                                                        "Workers": []
                                                    },
                                                    {
                                                        "Node Type": "Hash",
                                                        "Parent Relationship": "Inner",
                                                        "Parallel Aware": true,
                                                        "Async Capable": false,
                                                        "Startup Cost": 328627.96,
                                                        "Total Cost": 328627.96,
                                                        "Plan Rows": 749815,
                                                        "Plan Width": 25,
                                                        "Actual Startup Time": 367.562,
                                                        "Actual Total Time": 367.569,
                                                        "Actual Rows": 71384,
                                                        "Actual Loops": 4,
                                                        "Hash Buckets": 262144,
                                                        "Original Hash Buckets": 262144,
                                                        "Hash Batches": 16,
                                                        "Original Hash Batches": 16,
                                                        "Peak Memory Usage": 3392,
                                                        "Workers": [],
                                                        "Plans": [
                                                            {
                                                                "Node Type": "Nested Loop",
                                                                "Parent Relationship": "Outer",
                                                                "Parallel Aware": false,
                                                                "Async Capable": false,
                                                                "Join Type": "Inner",
                                                                "Startup Cost": 212157.75,
                                                                "Total Cost": 328627.96,
                                                                "Plan Rows": 749815,
                                                                "Plan Width": 25,
                                                                "Actual Startup Time": 155.423,
                                                                "Actual Total Time": 360.883,
                                                                "Actual Rows": 71384,
                                                                "Actual Loops": 4,
                                                                "Inner Unique": true,
                                                                "Workers": [],
                                                                "Plans": [
                                                                    {
                                                                        "Node Type": "Hash Join",
                                                                        "Parent Relationship": "Outer",
                                                                        "Parallel Aware": false,
                                                                        "Async Capable": false,
                                                                        "Join Type": "Inner",
                                                                        "Startup Cost": 212157.31,
                                                                        "Total Cost": 276930.81,
                                                                        "Plan Rows": 749815,
                                                                        "Plan Width": 21,
                                                                        "Actual Startup Time": 155.402,
                                                                        "Actual Total Time": 340.217,
                                                                        "Actual Rows": 71384,
                                                                        "Actual Loops": 4,
                                                                        "Inner Unique": false,
                                                                        "Hash Cond": "(t.id = ci.movie_id)",
                                                                        "Workers": [],
                                                                        "Plans": [
                                                                            {
                                                                                "Node Type": "Hash Join",
                                                                                "Parent Relationship": "Outer",
                                                                                "Parallel Aware": true,
                                                                                "Async Capable": false,
                                                                                "Join Type": "Inner",
                                                                                "Startup Cost": 38645.34,
                                                                                "Total Cost": 84105.82,
                                                                                "Plan Rows": 235780,
                                                                                "Plan Width": 25,
                                                                                "Actual Startup Time": 113.681,
                                                                                "Actual Total Time": 256.056,
                                                                                "Actual Rows": 288450,
                                                                                "Actual Loops": 4,
                                                                                "Inner Unique": false,
                                                                                "Hash Cond": "(t.id = mc.movie_id)",
                                                                                "Workers": [],
                                                                                "Plans": [
                                                                                    {
                                                                                        "Node Type": "Seq Scan",
                                                                                        "Parent Relationship": "Outer",
                                                                                        "Parallel Aware": true,
                                                                                        "Async Capable": false,
                                                                                        "Relation Name": "title",
                                                                                        "Alias": "t",
                                                                                        "Startup Cost": 0.0,
                                                                                        "Total Cost": 42329.38,
                                                                                        "Plan Rows": 632138,
                                                                                        "Plan Width": 21,
                                                                                        "Actual Startup Time": 0.004,
                                                                                        "Actual Total Time": 29.78,
                                                                                        "Actual Rows": 632078,
                                                                                        "Actual Loops": 4,
                                                                                        "Workers": []
                                                                                    },
                                                                                    {
                                                                                        "Node Type": "Hash",
                                                                                        "Parent Relationship": "Inner",
                                                                                        "Parallel Aware": true,
                                                                                        "Async Capable": false,
                                                                                        "Startup Cost": 34842.44,
                                                                                        "Total Cost": 34842.44,
                                                                                        "Plan Rows": 304232,
                                                                                        "Plan Width": 4,
                                                                                        "Actual Startup Time": 113.139,
                                                                                        "Actual Total Time": 113.141,
                                                                                        "Actual Rows": 288450,
                                                                                        "Actual Loops": 4,
                                                                                        "Hash Buckets": 2097152,
                                                                                        "Original Hash Buckets": 1048576,
                                                                                        "Hash Batches": 1,
                                                                                        "Original Hash Batches": 1,
                                                                                        "Peak Memory Usage": 69792,
                                                                                        "Workers": [],
                                                                                        "Plans": [
                                                                                            {
                                                                                                "Node Type": "Hash Join",
                                                                                                "Parent Relationship": "Outer",
                                                                                                "Parallel Aware": true,
                                                                                                "Async Capable": false,
                                                                                                "Join Type": "Inner",
                                                                                                "Startup Cost": 5392.51,
                                                                                                "Total Cost": 34842.44,
                                                                                                "Plan Rows": 304232,
                                                                                                "Plan Width": 4,
                                                                                                "Actual Startup Time": 6.505,
                                                                                                "Actual Total Time": 77.838,
                                                                                                "Actual Rows": 288450,
                                                                                                "Actual Loops": 4,
                                                                                                "Inner Unique": true,
                                                                                                "Hash Cond": "(mc.company_id = cn.id)",
                                                                                                "Workers": [],
                                                                                                "Plans": [
                                                                                                    {
                                                                                                        "Node Type": "Seq Scan",
                                                                                                        "Parent Relationship": "Outer",
                                                                                                        "Parallel Aware": true,
                                                                                                        "Async Capable": false,
                                                                                                        "Relation Name": "movie_companies",
                                                                                                        "Alias": "mc",
                                                                                                        "Startup Cost": 0.0,
                                                                                                        "Total Cost": 27240.55,
                                                                                                        "Plan Rows": 841655,
                                                                                                        "Plan Width": 8,
                                                                                                        "Actual Startup Time": 0.005,
                                                                                                        "Actual Total Time": 28.938,
                                                                                                        "Actual Rows": 652282,
                                                                                                        "Actual Loops": 4,
                                                                                                        "Workers": []
                                                                                                    },
                                                                                                    {
                                                                                                        "Node Type": "Hash",
                                                                                                        "Parent Relationship": "Inner",
                                                                                                        "Parallel Aware": true,
                                                                                                        "Async Capable": false,
                                                                                                        "Startup Cost": 4767.92,
                                                                                                        "Total Cost": 4767.92,
                                                                                                        "Plan Rows": 49967,
                                                                                                        "Plan Width": 4,
                                                                                                        "Actual Startup Time": 6.341,
                                                                                                        "Actual Total Time": 6.342,
                                                                                                        "Actual Rows": 21211,
                                                                                                        "Actual Loops": 4,
                                                                                                        "Hash Buckets": 131072,
                                                                                                        "Original Hash Buckets": 131072,
                                                                                                        "Hash Batches": 1,
                                                                                                        "Original Hash Batches": 1,
                                                                                                        "Peak Memory Usage": 4416,
                                                                                                        "Workers": [],
                                                                                                        "Plans": [
                                                                                                            {
                                                                                                                "Node Type": "Seq Scan",
                                                                                                                "Parent Relationship": "Outer",
                                                                                                                "Parallel Aware": true,
                                                                                                                "Async Capable": false,
                                                                                                                "Relation Name": "company_name",
                                                                                                                "Alias": "cn",
                                                                                                                "Startup Cost": 0.0,
                                                                                                                "Total Cost": 4767.92,
                                                                                                                "Plan Rows": 49967,
                                                                                                                "Plan Width": 4,
                                                                                                                "Actual Startup Time": 0.013,
                                                                                                                "Actual Total Time": 4.634,
                                                                                                                "Actual Rows": 21211,
                                                                                                                "Actual Loops": 4,
                                                                                                                "Filter": "((country_code)::text = '[us]'::text)",
                                                                                                                "Rows Removed by Filter": 37538,
                                                                                                                "Workers": []
                                                                                                            }
                                                                                                        ]
                                                                                                    }
                                                                                                ]
                                                                                            }
                                                                                        ]
                                                                                    }
                                                                                ]
                                                                            },
                                                                            {
                                                                                "Node Type": "Hash",
                                                                                "Parent Relationship": "Inner",
                                                                                "Parallel Aware": false,
                                                                                "Async Capable": false,
                                                                                "Startup Cost": 123958.44,
                                                                                "Total Cost": 123958.44,
                                                                                "Plan Rows": 3020362,
                                                                                "Plan Width": 8,
                                                                                "Actual Startup Time": 40.565,
                                                                                "Actual Total Time": 40.566,
                                                                                "Actual Rows": 276403,
                                                                                "Actual Loops": 4,
                                                                                "Hash Buckets": 524288,
                                                                                "Original Hash Buckets": 524288,
                                                                                "Hash Batches": 16,
                                                                                "Original Hash Batches": 16,
                                                                                "Peak Memory Usage": 4778,
                                                                                "Workers": [],
                                                                                "Plans": [
                                                                                    {
                                                                                        "Node Type": "Nested Loop",
                                                                                        "Parent Relationship": "Outer",
                                                                                        "Parallel Aware": false,
                                                                                        "Async Capable": false,
                                                                                        "Join Type": "Inner",
                                                                                        "Startup Cost": 0.44,
                                                                                        "Total Cost": 123958.44,
                                                                                        "Plan Rows": 3020362,
                                                                                        "Plan Width": 8,
                                                                                        "Actual Startup Time": 0.044,
                                                                                        "Actual Total Time": 26.677,
                                                                                        "Actual Rows": 276403,
                                                                                        "Actual Loops": 4,
                                                                                        "Inner Unique": false,
                                                                                        "Workers": [],
                                                                                        "Plans": [
                                                                                            {
                                                                                                "Node Type": "Seq Scan",
                                                                                                "Parent Relationship": "Outer",
                                                                                                "Parallel Aware": false,
                                                                                                "Async Capable": false,
                                                                                                "Relation Name": "role_type",
                                                                                                "Alias": "rt",
                                                                                                "Startup Cost": 0.0,
                                                                                                "Total Cost": 1.15,
                                                                                                "Plan Rows": 1,
                                                                                                "Plan Width": 4,
                                                                                                "Actual Startup Time": 0.016,
                                                                                                "Actual Total Time": 0.018,
                                                                                                "Actual Rows": 1,
                                                                                                "Actual Loops": 4,
                                                                                                "Filter": "((role)::text = 'costume designer'::text)",
                                                                                                "Rows Removed by Filter": 11,
                                                                                                "Workers": []
                                                                                            },
                                                                                            {
                                                                                                "Node Type": "Index Scan",
                                                                                                "Parent Relationship": "Inner",
                                                                                                "Parallel Aware": false,
                                                                                                "Async Capable": false,
                                                                                                "Scan Direction": "Forward",
                                                                                                "Index Name": "role_id_cast_info",
                                                                                                "Relation Name": "cast_info",
                                                                                                "Alias": "ci",
                                                                                                "Startup Cost": 0.44,
                                                                                                "Total Cost": 91007.89,
                                                                                                "Plan Rows": 3294940,
                                                                                                "Plan Width": 12,
                                                                                                "Actual Startup Time": 0.023,
                                                                                                "Actual Total Time": 14.45,
                                                                                                "Actual Rows": 276403,
                                                                                                "Actual Loops": 4,
                                                                                                "Index Cond": "(role_id = rt.id)",
                                                                                                "Rows Removed by Index Recheck": 0,
                                                                                                "Workers": []
                                                                                            }
                                                                                        ]
                                                                                    }
                                                                                ]
                                                                            }
                                                                        ]
                                                                    },
                                                                    {
                                                                        "Node Type": "Memoize",
                                                                        "Parent Relationship": "Inner",
                                                                        "Parallel Aware": false,
                                                                        "Async Capable": false,
                                                                        "Startup Cost": 0.44,
                                                                        "Total Cost": 0.46,
                                                                        "Plan Rows": 1,
                                                                        "Plan Width": 4,
                                                                        "Actual Startup Time": 0.0,
                                                                        "Actual Total Time": 0.0,
                                                                        "Actual Rows": 1,
                                                                        "Actual Loops": 285538,
                                                                        "Cache Key": "ci.person_id",
                                                                        "Cache Mode": "logical",
                                                                        "Cache Hits": 68074,
                                                                        "Cache Misses": 7321,
                                                                        "Cache Evictions": 0,
                                                                        "Cache Overflows": 0,
                                                                        "Peak Memory Usage": 744,
                                                                        "Workers": [
                                                                            {
                                                                                "Worker Number": 0,
                                                                                "Cache Hits": 63334,
                                                                                "Cache Misses": 7288,
                                                                                "Cache Evictions": 0,
                                                                                "Cache Overflows": 0,
                                                                                "Peak Memory Usage": 741
                                                                            },
                                                                            {
                                                                                "Worker Number": 1,
                                                                                "Cache Hits": 61886,
                                                                                "Cache Misses": 7064,
                                                                                "Cache Evictions": 0,
                                                                                "Cache Overflows": 0,
                                                                                "Peak Memory Usage": 718
                                                                            },
                                                                            {
                                                                                "Worker Number": 2,
                                                                                "Cache Hits": 63332,
                                                                                "Cache Misses": 7239,
                                                                                "Cache Evictions": 0,
                                                                                "Cache Overflows": 0,
                                                                                "Peak Memory Usage": 736
                                                                            }
                                                                        ],
                                                                        "Plans": [
                                                                            {
                                                                                "Node Type": "Index Only Scan",
                                                                                "Parent Relationship": "Outer",
                                                                                "Parallel Aware": false,
                                                                                "Async Capable": false,
                                                                                "Scan Direction": "Forward",
                                                                                "Index Name": "name_pkey",
                                                                                "Relation Name": "name",
                                                                                "Alias": "n1",
                                                                                "Startup Cost": 0.43,
                                                                                "Total Cost": 0.45,
                                                                                "Plan Rows": 1,
                                                                                "Plan Width": 4,
                                                                                "Actual Startup Time": 0.001,
                                                                                "Actual Total Time": 0.001,
                                                                                "Actual Rows": 1,
                                                                                "Actual Loops": 28912,
                                                                                "Index Cond": "(id = ci.person_id)",
                                                                                "Rows Removed by Index Recheck": 0,
                                                                                "Heap Fetches": 0,
                                                                                "Workers": []
                                                                            }
                                                                        ]
                                                                    }
                                                                ]
                                                            }
                                                        ]
                                                    }
                                                ]
                                            }
                                        ]
                                    }
                                ]
                            }
                        ]
                    },
                    "Planning Time": 0.843,
                    "Triggers": [],
                    "Execution Time": 430.603
                }
            ],
            "hints": [
                "SET enable_hashjoin TO on",
                "SET enable_indexonlyscan TO on",
                "SET enable_indexscan TO on",
                "SET enable_mergejoin TO off",
                "SET enable_nestloop TO on",
                "SET enable_seqscan TO on"
            ]
        }
    ]
}