{
    "sql_file": "job8c.sql",
    "query": "SELECT MIN(a1.name) AS writer_pseudo_name, MIN(t.title) AS movie_title FROM aka_name AS a1, cast_info AS ci, company_name AS cn, movie_companies AS mc, name AS n1, role_type AS rt, title AS t WHERE cn.country_code ='[us]' AND rt.role ='writer' AND a1.person_id = n1.id AND n1.id = ci.person_id AND ci.movie_id = t.id AND t.id = mc.movie_id AND mc.company_id = cn.id AND ci.role_id = rt.id AND a1.person_id = ci.person_id AND ci.movie_id = mc.movie_id;",
    "results": [
        {
            "arm": 0,
            "execution_time": 1228.933,
            "plan": [
                {
                    "Plan": {
                        "Node Type": "Aggregate",
                        "Strategy": "Plain",
                        "Partial Mode": "Finalize",
                        "Parallel Aware": false,
                        "Async Capable": false,
                        "Startup Cost": 380507.45,
                        "Total Cost": 380507.46,
                        "Plan Rows": 1,
                        "Plan Width": 64,
                        "Actual Startup Time": 1203.924,
                        "Actual Total Time": 1228.754,
                        "Actual Rows": 1,
                        "Actual Loops": 1,
                        "Plans": [
                            {
                                "Node Type": "Gather",
                                "Parent Relationship": "Outer",
                                "Parallel Aware": false,
                                "Async Capable": false,
                                "Startup Cost": 380507.13,
                                "Total Cost": 380507.44,
                                "Plan Rows": 3,
                                "Plan Width": 64,
                                "Actual Startup Time": 1200.619,
                                "Actual Total Time": 1228.749,
                                "Actual Rows": 4,
                                "Actual Loops": 1,
                                "Workers Planned": 3,
                                "Workers Launched": 3,
                                "Single Copy": false,
                                "Plans": [
                                    {
                                        "Node Type": "Aggregate",
                                        "Strategy": "Plain",
                                        "Partial Mode": "Partial",
                                        "Parent Relationship": "Outer",
                                        "Parallel Aware": false,
                                        "Async Capable": false,
                                        "Startup Cost": 379507.13,
                                        "Total Cost": 379507.14,
                                        "Plan Rows": 1,
                                        "Plan Width": 64,
                                        "Actual Startup Time": 1198.206,
                                        "Actual Total Time": 1198.216,
                                        "Actual Rows": 1,
                                        "Actual Loops": 4,
                                        "Workers": [],
                                        "Plans": [
                                            {
                                                "Node Type": "Hash Join",
                                                "Parent Relationship": "Outer",
                                                "Parallel Aware": true,
                                                "Async Capable": false,
                                                "Join Type": "Inner",
                                                "Startup Cost": 343126.64,
                                                "Total Cost": 367597.67,
                                                "Plan Rows": 2381892,
                                                "Plan Width": 33,
                                                "Actual Startup Time": 1128.042,
                                                "Actual Total Time": 1177.739,
                                                "Actual Rows": 621903,
                                                "Actual Loops": 4,
                                                "Inner Unique": false,
                                                "Hash Cond": "(a1.person_id = n1.id)",
                                                "Workers": [],
                                                "Plans": [
                                                    {
                                                        "Node Type": "Seq Scan",
                                                        "Parent Relationship": "Outer",
                                                        "Parallel Aware": true,
                                                        "Async Capable": false,
                                                        "Relation Name": "aka_name",
                                                        "Alias": "a1",
                                                        "Startup Cost": 0.0,
                                                        "Total Cost": 14323.56,
                                                        "Plan Rows": 290756,
                                                        "Plan Width": 20,
                                                        "Actual Startup Time": 0.008,
                                                        "Actual Total Time": 12.465,
                                                        "Actual Rows": 225336,
                                                        "Actual Loops": 4,
                                                        "Workers": []
                                                    },
                                                    {
                                                        "Node Type": "Hash",
                                                        "Parent Relationship": "Inner",
                                                        "Parallel Aware": true,
                                                        "Async Capable": false,
                                                        "Startup Cost": 328627.96,
                                                        "Total Cost": 328627.96,
                                                        "Plan Rows": 749815,
                                                        "Plan Width": 25,
                                                        "Actual Startup Time": 1099.561,
                                                        "Actual Total Time": 1099.569,
                                                        "Actual Rows": 492664,
                                                        "Actual Loops": 4,
                                                        "Hash Buckets": 262144,
                                                        "Original Hash Buckets": 262144,
                                                        "Hash Batches": 16,
                                                        "Original Hash Batches": 16,
                                                        "Peak Memory Usage": 10208,
                                                        "Workers": [],
                                                        "Plans": [
                                                            {
                                                                "Node Type": "Nested Loop",
                                                                "Parent Relationship": "Outer",
                                                                "Parallel Aware": false,
                                                                "Async Capable": false,
                                                                "Join Type": "Inner",
                                                                "Startup Cost": 212157.75,
                                                                "Total Cost": 328627.96,
                                                                "Plan Rows": 749815,
                                                                "Plan Width": 25,
                                                                "Actual Startup Time": 527.502,
                                                                "Actual Total Time": 1033.24,
                                                                "Actual Rows": 492664,
                                                                "Actual Loops": 4,
                                                                "Inner Unique": true,
                                                                "Workers": [],
                                                                "Plans": [
                                                                    {
                                                                        "Node Type": "Hash Join",
                                                                        "Parent Relationship": "Outer",
                                                                        "Parallel Aware": false,
                                                                        "Async Capable": false,
                                                                        "Join Type": "Inner",
                                                                        "Startup Cost": 212157.31,
                                                                        "Total Cost": 276930.81,
                                                                        "Plan Rows": 749815,
                                                                        "Plan Width": 21,
                                                                        "Actual Startup Time": 527.477,
                                                                        "Actual Total Time": 838.167,
                                                                        "Actual Rows": 492664,
                                                                        "Actual Loops": 4,
                                                                        "Inner Unique": false,
                                                                        "Hash Cond": "(t.id = ci.movie_id)",
                                                                        "Workers": [],
                                                                        "Plans": [
                                                                            {
                                                                                "Node Type": "Hash Join",
                                                                                "Parent Relationship": "Outer",
                                                                                "Parallel Aware": true,
                                                                                "Async Capable": false,
                                                                                "Join Type": "Inner",
                                                                                "Startup Cost": 38645.34,
                                                                                "Total Cost": 84105.82,
                                                                                "Plan Rows": 235780,
                                                                                "Plan Width": 25,
                                                                                "Actual Startup Time": 113.198,
                                                                                "Actual Total Time": 265.38,
                                                                                "Actual Rows": 288450,
                                                                                "Actual Loops": 4,
                                                                                "Inner Unique": false,
                                                                                "Hash Cond": "(t.id = mc.movie_id)",
                                                                                "Workers": [],
                                                                                "Plans": [
                                                                                    {
                                                                                        "Node Type": "Seq Scan",
                                                                                        "Parent Relationship": "Outer",
                                                                                        "Parallel Aware": true,
                                                                                        "Async Capable": false,
                                                                                        "Relation Name": "title",
                                                                                        "Alias": "t",
                                                                                        "Startup Cost": 0.0,
                                                                                        "Total Cost": 42329.38,
                                                                                        "Plan Rows": 632138,
                                                                                        "Plan Width": 21,
                                                                                        "Actual Startup Time": 0.005,
                                                                                        "Actual Total Time": 28.697,
                                                                                        "Actual Rows": 632078,
                                                                                        "Actual Loops": 4,
                                                                                        "Workers": []
                                                                                    },
                                                                                    {
                                                                                        "Node Type": "Hash",
                                                                                        "Parent Relationship": "Inner",
                                                                                        "Parallel Aware": true,
                                                                                        "Async Capable": false,
                                                                                        "Startup Cost": 34842.44,
                                                                                        "Total Cost": 34842.44,
                                                                                        "Plan Rows": 304232,
                                                                                        "Plan Width": 4,
                                                                                        "Actual Startup Time": 112.664,
                                                                                        "Actual Total Time": 112.668,
                                                                                        "Actual Rows": 288450,
                                                                                        "Actual Loops": 4,
                                                                                        "Hash Buckets": 2097152,
                                                                                        "Original Hash Buckets": 1048576,
                                                                                        "Hash Batches": 1,
                                                                                        "Original Hash Batches": 1,
                                                                                        "Peak Memory Usage": 69792,
                                                                                        "Workers": [],
                                                                                        "Plans": [
                                                                                            {
                                                                                                "Node Type": "Hash Join",
                                                                                                "Parent Relationship": "Outer",
                                                                                                "Parallel Aware": true,
                                                                                                "Async Capable": false,
                                                                                                "Join Type": "Inner",
                                                                                                "Startup Cost": 5392.51,
                                                                                                "Total Cost": 34842.44,
                                                                                                "Plan Rows": 304232,
                                                                                                "Plan Width": 4,
                                                                                                "Actual Startup Time": 5.879,
                                                                                                "Actual Total Time": 74.724,
                                                                                                "Actual Rows": 288450,
                                                                                                "Actual Loops": 4,
                                                                                                "Inner Unique": true,
                                                                                                "Hash Cond": "(mc.company_id = cn.id)",
                                                                                                "Workers": [],
                                                                                                "Plans": [
                                                                                                    {
                                                                                                        "Node Type": "Seq Scan",
                                                                                                        "Parent Relationship": "Outer",
                                                                                                        "Parallel Aware": true,
                                                                                                        "Async Capable": false,
                                                                                                        "Relation Name": "movie_companies",
                                                                                                        "Alias": "mc",
                                                                                                        "Startup Cost": 0.0,
                                                                                                        "Total Cost": 27240.55,
                                                                                                        "Plan Rows": 841655,
                                                                                                        "Plan Width": 8,
                                                                                                        "Actual Startup Time": 0.005,
                                                                                                        "Actual Total Time": 26.675,
                                                                                                        "Actual Rows": 652282,
                                                                                                        "Actual Loops": 4,
                                                                                                        "Workers": []
                                                                                                    },
                                                                                                    {
                                                                                                        "Node Type": "Hash",
                                                                                                        "Parent Relationship": "Inner",
                                                                                                        "Parallel Aware": true,
                                                                                                        "Async Capable": false,
                                                                                                        "Startup Cost": 4767.92,
                                                                                                        "Total Cost": 4767.92,
                                                                                                        "Plan Rows": 49967,
                                                                                                        "Plan Width": 4,
                                                                                                        "Actual Startup Time": 5.678,
                                                                                                        "Actual Total Time": 5.679,
                                                                                                        "Actual Rows": 21211,
                                                                                                        "Actual Loops": 4,
                                                                                                        "Hash Buckets": 131072,
                                                                                                        "Original Hash Buckets": 131072,
                                                                                                        "Hash Batches": 1,
                                                                                                        "Original Hash Batches": 1,
                                                                                                        "Peak Memory Usage": 4416,
                                                                                                        "Workers": [],
                                                                                                        "Plans": [
                                                                                                            {
                                                                                                                "Node Type": "Seq Scan",
                                                                                                                "Parent Relationship": "Outer",
                                                                                                                "Parallel Aware": true,
                                                                                                                "Async Capable": false,
                                                                                                                "Relation Name": "company_name",
                                                                                                                "Alias": "cn",
                                                                                                                "Startup Cost": 0.0,
                                                                                                                "Total Cost": 4767.92,
                                                                                                                "Plan Rows": 49967,
                                                                                                                "Plan Width": 4,
                                                                                                                "Actual Startup Time": 0.011,
                                                                                                                "Actual Total Time": 4.261,
                                                                                                                "Actual Rows": 21211,
                                                                                                                "Actual Loops": 4,
                                                                                                                "Filter": "((country_code)::text = '[us]'::text)",
                                                                                                                "Rows Removed by Filter": 37538,
                                                                                                                "Workers": []
                                                                                                            }
                                                                                                        ]
                                                                                                    }
                                                                                                ]
                                                                                            }
                                                                                        ]
                                                                                    }
                                                                                ]
                                                                            },
                                                                            {
                                                                                "Node Type": "Hash",
                                                                                "Parent Relationship": "Inner",
                                                                                "Parallel Aware": false,
                                                                                "Async Capable": false,
                                                                                "Startup Cost": 123958.44,
                                                                                "Total Cost": 123958.44,
                                                                                "Plan Rows": 3020362,
                                                                                "Plan Width": 8,
                                                                                "Actual Startup Time": 413.25,
                                                                                "Actual Total Time": 413.252,
                                                                                "Actual Rows": 2728943,
                                                                                "Actual Loops": 4,
                                                                                "Hash Buckets": 524288,
                                                                                "Original Hash Buckets": 524288,
                                                                                "Hash Batches": 16,
                                                                                "Original Hash Batches": 16,
                                                                                "Peak Memory Usage": 10757,
                                                                                "Workers": [],
                                                                                "Plans": [
                                                                                    {
                                                                                        "Node Type": "Nested Loop",
                                                                                        "Parent Relationship": "Outer",
                                                                                        "Parallel Aware": false,
                                                                                        "Async Capable": false,
                                                                                        "Join Type": "Inner",
                                                                                        "Startup Cost": 0.44,
                                                                                        "Total Cost": 123958.44,
                                                                                        "Plan Rows": 3020362,
                                                                                        "Plan Width": 8,
                                                                                        "Actual Startup Time": 0.035,
                                                                                        "Actual Total Time": 274.152,
                                                                                        "Actual Rows": 2728943,
                                                                                        "Actual Loops": 4,
                                                                                        "Inner Unique": false,
                                                                                        "Workers": [],
                                                                                        "Plans": [
                                                                                            {
                                                                                                "Node Type": "Seq Scan",
                                                                                                "Parent Relationship": "Outer",
                                                                                                "Parallel Aware": false,
                                                                                                "Async Capable": false,
                                                                                                "Relation Name": "role_type",
                                                                                                "Alias": "rt",
                                                                                                "Startup Cost": 0.0,
                                                                                                "Total Cost": 1.15,
                                                                                                "Plan Rows": 1,
                                                                                                "Plan Width": 4,
                                                                                                "Actual Startup Time": 0.009,
                                                                                                "Actual Total Time": 0.012,
                                                                                                "Actual Rows": 1,
                                                                                                "Actual Loops": 4,
                                                                                                "Filter": "((role)::text = 'writer'::text)",
                                                                                                "Rows Removed by Filter": 11,
                                                                                                "Workers": []
                                                                                            },
                                                                                            {
                                                                                                "Node Type": "Index Scan",
                                                                                                "Parent Relationship": "Inner",
                                                                                                "Parallel Aware": false,
                                                                                                "Async Capable": false,
                                                                                                "Scan Direction": "Forward",
                                                                                                "Index Name": "role_id_cast_info",
                                                                                                "Relation Name": "cast_info",
                                                                                                "Alias": "ci",
                                                                                                "Startup Cost": 0.44,
                                                                                                "Total Cost": 91007.89,
                                                                                                "Plan Rows": 3294940,
                                                                                                "Plan Width": 12,
                                                                                                "Actual Startup Time": 0.021,
                                                                                                "Actual Total Time": 152.969,
                                                                                                "Actual Rows": 2728943,
                                                                                                "Actual Loops": 4,
                                                                                                "Index Cond": "(role_id = rt.id)",
                                                                                                "Rows Removed by Index Recheck": 0,
                                                                                                "Workers": []
                                                                                            }
                                                                                        ]
                                                                                    }
                                                                                ]
                                                                            }
                                                                        ]
                                                                    },
                                                                    {
                                                                        "Node Type": "Memoize",
                                                                        "Parent Relationship": "Inner",
                                                                        "Parallel Aware": false,
                                                                        "Async Capable": false,
                                                                        "Startup Cost": 0.44,
                                                                        "Total Cost": 0.46,
                                                                        "Plan Rows": 1,
                                                                        "Plan Width": 4,
                                                                        "Actual Startup Time": 0.0,
                                                                        "Actual Total Time": 0.0,
                                                                        "Actual Rows": 1,
                                                                        "Actual Loops": 1970658,
                                                                        "Cache Key": "ci.person_id",
                                                                        "Cache Mode": "logical",
                                                                        "Cache Hits": 454974,
                                                                        "Cache Misses": 66193,
                                                                        "Cache Evictions": 0,
                                                                        "Cache Overflows": 0,
                                                                        "Peak Memory Usage": 6723,
                                                                        "Workers": [
                                                                            {
                                                                                "Worker Number": 0,
                                                                                "Cache Hits": 416488,
                                                                                "Cache Misses": 62946,
                                                                                "Cache Evictions": 0,
                                                                                "Cache Overflows": 0,
                                                                                "Peak Memory Usage": 6393
                                                                            },
                                                                            {
                                                                                "Worker Number": 1,
                                                                                "Cache Hits": 418479,
                                                                                "Cache Misses": 63469,
                                                                                "Cache Evictions": 0,
                                                                                "Cache Overflows": 0,
                                                                                "Peak Memory Usage": 6447
                                                                            },
                                                                            {
                                                                                "Worker Number": 2,
                                                                                "Cache Hits": 424374,
                                                                                "Cache Misses": 63735,
                                                                                "Cache Evictions": 0,
                                                                                "Cache Overflows": 0,
                                                                                "Peak Memory Usage": 6474
                                                                            }
                                                                        ],
                                                                        "Plans": [
                                                                            {
                                                                                "Node Type": "Index Only Scan",
                                                                                "Parent Relationship": "Outer",
                                                                                "Parallel Aware": false,
                                                                                "Async Capable": false,
                                                                                "Scan Direction": "Forward",
                                                                                "Index Name": "name_pkey",
                                                                                "Relation Name": "name",
                                                                                "Alias": "n1",
                                                                                "Startup Cost": 0.43,
                                                                                "Total Cost": 0.45,
                                                                                "Plan Rows": 1,
                                                                                "Plan Width": 4,
                                                                                "Actual Startup Time": 0.002,
                                                                                "Actual Total Time": 0.002,
                                                                                "Actual Rows": 1,
                                                                                "Actual Loops": 256343,
                                                                                "Index Cond": "(id = ci.person_id)",
                                                                                "Rows Removed by Index Recheck": 0,
                                                                                "Heap Fetches": 0,
                                                                                "Workers": []
                                                                            }
                                                                        ]
                                                                    }
                                                                ]
                                                            }
                                                        ]
                                                    }
                                                ]
                                            }
                                        ]
                                    }
                                ]
                            }
                        ]
                    },
                    "Planning Time": 1.171,
                    "Triggers": [],
                    "Execution Time": 1228.933
                }
            ],
            "hints": [
                "SET enable_hashjoin TO on",
                "SET enable_indexonlyscan TO on",
                "SET enable_indexscan TO on",
                "SET enable_mergejoin TO on",
                "SET enable_nestloop TO on",
                "SET enable_seqscan TO on"
            ]
        },
        {
            "arm": 1,
            "execution_time": 1383.908,
            "plan": [
                {
                    "Plan": {
                        "Node Type": "Aggregate",
                        "Strategy": "Plain",
                        "Partial Mode": "Finalize",
                        "Parallel Aware": false,
                        "Async Capable": false,
                        "Startup Cost": 561654.2,
                        "Total Cost": 561654.21,
                        "Plan Rows": 1,
                        "Plan Width": 64,
                        "Actual Startup Time": 1343.176,
                        "Actual Total Time": 1383.869,
                        "Actual Rows": 1,
                        "Actual Loops": 1,
                        "Plans": [
                            {
                                "Node Type": "Gather",
                                "Parent Relationship": "Outer",
                                "Parallel Aware": false,
                                "Async Capable": false,
                                "Startup Cost": 561653.87,
                                "Total Cost": 561654.18,
                                "Plan Rows": 3,
                                "Plan Width": 64,
                                "Actual Startup Time": 1341.167,
                                "Actual Total Time": 1383.862,
                                "Actual Rows": 4,
                                "Actual Loops": 1,
                                "Workers Planned": 3,
                                "Workers Launched": 3,
                                "Single Copy": false,
                                "Plans": [
                                    {
                                        "Node Type": "Aggregate",
                                        "Strategy": "Plain",
                                        "Partial Mode": "Partial",
                                        "Parent Relationship": "Outer",
                                        "Parallel Aware": false,
                                        "Async Capable": false,
                                        "Startup Cost": 560653.87,
                                        "Total Cost": 560653.88,
                                        "Plan Rows": 1,
                                        "Plan Width": 64,
                                        "Actual Startup Time": 1339.532,
                                        "Actual Total Time": 1339.842,
                                        "Actual Rows": 1,
                                        "Actual Loops": 4,
                                        "Workers": [],
                                        "Plans": [
                                            {
                                                "Node Type": "Hash Join",
                                                "Parent Relationship": "Outer",
                                                "Parallel Aware": true,
                                                "Async Capable": false,
                                                "Join Type": "Inner",
                                                "Startup Cost": 526155.77,
                                                "Total Cost": 548744.41,
                                                "Plan Rows": 2381892,
                                                "Plan Width": 33,
                                                "Actual Startup Time": 1273.728,
                                                "Actual Total Time": 1319.532,
                                                "Actual Rows": 621903,
                                                "Actual Loops": 4,
                                                "Inner Unique": false,
                                                "Hash Cond": "(a1.person_id = n1.id)",
                                                "Workers": [],
                                                "Plans": [
                                                    {
                                                        "Node Type": "Seq Scan",
                                                        "Parent Relationship": "Outer",
                                                        "Parallel Aware": true,
                                                        "Async Capable": false,
                                                        "Relation Name": "aka_name",
                                                        "Alias": "a1",
                                                        "Startup Cost": 0.0,
                                                        "Total Cost": 14323.56,
                                                        "Plan Rows": 290756,
                                                        "Plan Width": 20,
                                                        "Actual Startup Time": 0.01,
                                                        "Actual Total Time": 12.849,
                                                        "Actual Rows": 225336,
                                                        "Actual Loops": 4,
                                                        "Workers": []
                                                    },
                                                    {
                                                        "Node Type": "Hash",
                                                        "Parent Relationship": "Inner",
                                                        "Parallel Aware": true,
                                                        "Async Capable": false,
                                                        "Startup Cost": 516489.31,
                                                        "Total Cost": 516489.31,
                                                        "Plan Rows": 499877,
                                                        "Plan Width": 25,
                                                        "Actual Startup Time": 1245.39,
                                                        "Actual Total Time": 1245.698,
                                                        "Actual Rows": 492664,
                                                        "Actual Loops": 4,
                                                        "Hash Buckets": 262144,
                                                        "Original Hash Buckets": 262144,
                                                        "Hash Batches": 16,
                                                        "Original Hash Batches": 16,
                                                        "Peak Memory Usage": 10208,
                                                        "Workers": [],
                                                        "Plans": [
                                                            {
                                                                "Node Type": "Hash Join",
                                                                "Parent Relationship": "Outer",
                                                                "Parallel Aware": true,
                                                                "Async Capable": false,
                                                                "Join Type": "Inner",
                                                                "Startup Cost": 170222.37,
                                                                "Total Cost": 516489.31,
                                                                "Plan Rows": 499877,
                                                                "Plan Width": 25,
                                                                "Actual Startup Time": 1139.515,
                                                                "Actual Total Time": 1216.041,
                                                                "Actual Rows": 492664,
                                                                "Actual Loops": 4,
                                                                "Inner Unique": false,
                                                                "Hash Cond": "(ci.movie_id = t.id)",
                                                                "Workers": [],
                                                                "Plans": [
                                                                    {
                                                                        "Node Type": "Hash Join",
                                                                        "Parent Relationship": "Outer",
                                                                        "Parallel Aware": true,
                                                                        "Async Capable": false,
                                                                        "Join Type": "Inner",
                                                                        "Startup Cost": 83169.3,
                                                                        "Total Cost": 427079.11,
                                                                        "Plan Rows": 503394,
                                                                        "Plan Width": 12,
                                                                        "Actual Startup Time": 758.922,
                                                                        "Actual Total Time": 832.806,
                                                                        "Actual Rows": 682236,
                                                                        "Actual Loops": 4,
                                                                        "Inner Unique": true,
                                                                        "Hash Cond": "(ci.person_id = n1.id)",
                                                                        "Workers": [],
                                                                        "Plans": [
                                                                            {
                                                                                "Node Type": "Hash Join",
                                                                                "Parent Relationship": "Outer",
                                                                                "Parallel Aware": false,
                                                                                "Async Capable": false,
                                                                                "Join Type": "Inner",
                                                                                "Startup Cost": 1.16,
                                                                                "Total Cost": 334585.56,
                                                                                "Plan Rows": 503394,
                                                                                "Plan Width": 8,
                                                                                "Actual Startup Time": 185.035,
                                                                                "Actual Total Time": 619.987,
                                                                                "Actual Rows": 682236,
                                                                                "Actual Loops": 4,
                                                                                "Inner Unique": true,
                                                                                "Hash Cond": "(ci.role_id = rt.id)",
                                                                                "Workers": [],
                                                                                "Plans": [
                                                                                    {
                                                                                        "Node Type": "Seq Scan",
                                                                                        "Parent Relationship": "Outer",
                                                                                        "Parallel Aware": true,
                                                                                        "Async Capable": false,
                                                                                        "Relation Name": "cast_info",
                                                                                        "Alias": "ci",
                                                                                        "Startup Cost": 0.0,
                                                                                        "Total Cost": 313127.24,
                                                                                        "Plan Rows": 6040724,
                                                                                        "Plan Width": 12,
                                                                                        "Actual Startup Time": 0.02,
                                                                                        "Actual Total Time": 286.886,
                                                                                        "Actual Rows": 9061086,
                                                                                        "Actual Loops": 4,
                                                                                        "Workers": []
                                                                                    },
                                                                                    {
                                                                                        "Node Type": "Hash",
                                                                                        "Parent Relationship": "Inner",
                                                                                        "Parallel Aware": false,
                                                                                        "Async Capable": false,
                                                                                        "Startup Cost": 1.15,
                                                                                        "Total Cost": 1.15,
                                                                                        "Plan Rows": 1,
                                                                                        "Plan Width": 4,
                                                                                        "Actual Startup Time": 0.012,
                                                                                        "Actual Total Time": 0.013,
                                                                                        "Actual Rows": 1,
                                                                                        "Actual Loops": 4,
                                                                                        "Hash Buckets": 1024,
                                                                                        "Original Hash Buckets": 1024,
                                                                                        "Hash Batches": 1,
                                                                                        "Original Hash Batches": 1,
                                                                                        "Peak Memory Usage": 9,
                                                                                        "Workers": [],
                                                                                        "Plans": [
                                                                                            {
                                                                                                "Node Type": "Seq Scan",
                                                                                                "Parent Relationship": "Outer",
                                                                                                "Parallel Aware": false,
                                                                                                "Async Capable": false,
                                                                                                "Relation Name": "role_type",
                                                                                                "Alias": "rt",
                                                                                                "Startup Cost": 0.0,
                                                                                                "Total Cost": 1.15,
                                                                                                "Plan Rows": 1,
                                                                                                "Plan Width": 4,
                                                                                                "Actual Startup Time": 0.01,
                                                                                                "Actual Total Time": 0.011,
                                                                                                "Actual Rows": 1,
                                                                                                "Actual Loops": 4,
                                                                                                "Filter": "((role)::text = 'writer'::text)",
                                                                                                "Rows Removed by Filter": 11,
                                                                                                "Workers": []
                                                                                            }
                                                                                        ]
                                                                                    }
                                                                                ]
                                                                            },
                                                                            {
                                                                                "Node Type": "Hash",
                                                                                "Parent Relationship": "Inner",
                                                                                "Parallel Aware": true,
                                                                                "Async Capable": false,
                                                                                "Startup Cost": 66074.73,
                                                                                "Total Cost": 66074.73,
                                                                                "Plan Rows": 1041873,
                                                                                "Plan Width": 4,
                                                                                "Actual Startup Time": 101.357,
                                                                                "Actual Total Time": 101.358,
                                                                                "Actual Rows": 1041873,
                                                                                "Actual Loops": 4,
                                                                                "Hash Buckets": 524288,
                                                                                "Original Hash Buckets": 524288,
                                                                                "Hash Batches": 16,
                                                                                "Original Hash Batches": 16,
                                                                                "Peak Memory Usage": 14336,
                                                                                "Workers": [],
                                                                                "Plans": [
                                                                                    {
                                                                                        "Node Type": "Seq Scan",
                                                                                        "Parent Relationship": "Outer",
                                                                                        "Parallel Aware": true,
                                                                                        "Async Capable": false,
                                                                                        "Relation Name": "name",
                                                                                        "Alias": "n1",
                                                                                        "Startup Cost": 0.0,
                                                                                        "Total Cost": 66074.73,
                                                                                        "Plan Rows": 1041873,
                                                                                        "Plan Width": 4,
                                                                                        "Actual Startup Time": 0.005,
                                                                                        "Actual Total Time": 52.957,
                                                                                        "Actual Rows": 1041873,
                                                                                        "Actual Loops": 4,
                                                                                        "Workers": []
                                                                                    }
                                                                                ]
                                                                            }
                                                                        ]
                                                                    },
                                                                    {
                                                                        "Node Type": "Hash",
                                                                        "Parent Relationship": "Inner",
                                                                        "Parallel Aware": true,
                                                                        "Async Capable": false,
                                                                        "Startup Cost": 84105.82,
                                                                        "Total Cost": 84105.82,
                                                                        "Plan Rows": 235780,
                                                                        "Plan Width": 25,
                                                                        "Actual Startup Time": 269.785,
                                                                        "Actual Total Time": 269.788,
                                                                        "Actual Rows": 288450,
                                                                        "Actual Loops": 4,
                                                                        "Hash Buckets": 262144,
                                                                        "Original Hash Buckets": 262144,
                                                                        "Hash Batches": 8,
                                                                        "Original Hash Batches": 8,
                                                                        "Peak Memory Usage": 10944,
                                                                        "Workers": [],
                                                                        "Plans": [
                                                                            {
                                                                                "Node Type": "Hash Join",
                                                                                "Parent Relationship": "Outer",
                                                                                "Parallel Aware": true,
                                                                                "Async Capable": false,
                                                                                "Join Type": "Inner",
                                                                                "Startup Cost": 38645.34,
                                                                                "Total Cost": 84105.82,
                                                                                "Plan Rows": 235780,
                                                                                "Plan Width": 25,
                                                                                "Actual Startup Time": 112.102,
                                                                                "Actual Total Time": 249.278,
                                                                                "Actual Rows": 288450,
                                                                                "Actual Loops": 4,
                                                                                "Inner Unique": false,
                                                                                "Hash Cond": "(t.id = mc.movie_id)",
                                                                                "Workers": [],
                                                                                "Plans": [
                                                                                    {
                                                                                        "Node Type": "Seq Scan",
                                                                                        "Parent Relationship": "Outer",
                                                                                        "Parallel Aware": true,
                                                                                        "Async Capable": false,
                                                                                        "Relation Name": "title",
                                                                                        "Alias": "t",
                                                                                        "Startup Cost": 0.0,
                                                                                        "Total Cost": 42329.38,
                                                                                        "Plan Rows": 632138,
                                                                                        "Plan Width": 21,
                                                                                        "Actual Startup Time": 0.005,
                                                                                        "Actual Total Time": 28.82,
                                                                                        "Actual Rows": 632078,
                                                                                        "Actual Loops": 4,
                                                                                        "Workers": []
                                                                                    },
                                                                                    {
                                                                                        "Node Type": "Hash",
                                                                                        "Parent Relationship": "Inner",
                                                                                        "Parallel Aware": true,
                                                                                        "Async Capable": false,
                                                                                        "Startup Cost": 34842.44,
                                                                                        "Total Cost": 34842.44,
                                                                                        "Plan Rows": 304232,
                                                                                        "Plan Width": 4,
                                                                                        "Actual Startup Time": 111.635,
                                                                                        "Actual Total Time": 111.637,
                                                                                        "Actual Rows": 288450,
                                                                                        "Actual Loops": 4,
                                                                                        "Hash Buckets": 2097152,
                                                                                        "Original Hash Buckets": 1048576,
                                                                                        "Hash Batches": 1,
                                                                                        "Original Hash Batches": 1,
                                                                                        "Peak Memory Usage": 69792,
                                                                                        "Workers": [],
                                                                                        "Plans": [
                                                                                            {
                                                                                                "Node Type": "Hash Join",
                                                                                                "Parent Relationship": "Outer",
                                                                                                "Parallel Aware": true,
                                                                                                "Async Capable": false,
                                                                                                "Join Type": "Inner",
                                                                                                "Startup Cost": 5392.51,
                                                                                                "Total Cost": 34842.44,
                                                                                                "Plan Rows": 304232,
                                                                                                "Plan Width": 4,
                                                                                                "Actual Startup Time": 6.079,
                                                                                                "Actual Total Time": 75.002,
                                                                                                "Actual Rows": 288450,
                                                                                                "Actual Loops": 4,
                                                                                                "Inner Unique": true,
                                                                                                "Hash Cond": "(mc.company_id = cn.id)",
                                                                                                "Workers": [],
                                                                                                "Plans": [
                                                                                                    {
                                                                                                        "Node Type": "Seq Scan",
                                                                                                        "Parent Relationship": "Outer",
                                                                                                        "Parallel Aware": true,
                                                                                                        "Async Capable": false,
                                                                                                        "Relation Name": "movie_companies",
                                                                                                        "Alias": "mc",
                                                                                                        "Startup Cost": 0.0,
                                                                                                        "Total Cost": 27240.55,
                                                                                                        "Plan Rows": 841655,
                                                                                                        "Plan Width": 8,
                                                                                                        "Actual Startup Time": 0.004,
                                                                                                        "Actual Total Time": 26.688,
                                                                                                        "Actual Rows": 652282,
                                                                                                        "Actual Loops": 4,
                                                                                                        "Workers": []
                                                                                                    },
                                                                                                    {
                                                                                                        "Node Type": "Hash",
                                                                                                        "Parent Relationship": "Inner",
                                                                                                        "Parallel Aware": true,
                                                                                                        "Async Capable": false,
                                                                                                        "Startup Cost": 4767.92,
                                                                                                        "Total Cost": 4767.92,
                                                                                                        "Plan Rows": 49967,
                                                                                                        "Plan Width": 4,
                                                                                                        "Actual Startup Time": 5.921,
                                                                                                        "Actual Total Time": 5.922,
                                                                                                        "Actual Rows": 21211,
                                                                                                        "Actual Loops": 4,
                                                                                                        "Hash Buckets": 131072,
                                                                                                        "Original Hash Buckets": 131072,
                                                                                                        "Hash Batches": 1,
                                                                                                        "Original Hash Batches": 1,
                                                                                                        "Peak Memory Usage": 4416,
                                                                                                        "Workers": [],
                                                                                                        "Plans": [
                                                                                                            {
                                                                                                                "Node Type": "Seq Scan",
                                                                                                                "Parent Relationship": "Outer",
                                                                                                                "Parallel Aware": true,
                                                                                                                "Async Capable": false,
                                                                                                                "Relation Name": "company_name",
                                                                                                                "Alias": "cn",
                                                                                                                "Startup Cost": 0.0,
                                                                                                                "Total Cost": 4767.92,
                                                                                                                "Plan Rows": 49967,
                                                                                                                "Plan Width": 4,
                                                                                                                "Actual Startup Time": 0.013,
                                                                                                                "Actual Total Time": 4.246,
                                                                                                                "Actual Rows": 21211,
                                                                                                                "Actual Loops": 4,
                                                                                                                "Filter": "((country_code)::text = '[us]'::text)",
                                                                                                                "Rows Removed by Filter": 37538,
                                                                                                                "Workers": []
                                                                                                            }
                                                                                                        ]
                                                                                                    }
                                                                                                ]
                                                                                            }
                                                                                        ]
                                                                                    }
                                                                                ]
                                                                            }
                                                                        ]
                                                                    }
                                                                ]
                                                            }
                                                        ]
                                                    }
                                                ]
                                            }
                                        ]
                                    }
                                ]
                            }
                        ]
                    },
                    "Planning Time": 1.67,
                    "Triggers": [],
                    "Execution Time": 1383.908
                }
            ],
            "hints": [
                "SET enable_hashjoin TO on",
                "SET enable_indexonlyscan TO on",
                "SET enable_indexscan TO on",
                "SET enable_mergejoin TO on",
                "SET enable_nestloop TO off",
                "SET enable_seqscan TO on"
            ]
        },
        {
            "arm": 2,
            "execution_time": 1397.756,
            "plan": [
                {
                    "Plan": {
                        "Node Type": "Aggregate",
                        "Strategy": "Plain",
                        "Partial Mode": "Finalize",
                        "Parallel Aware": false,
                        "Async Capable": false,
                        "Startup Cost": 561654.2,
                        "Total Cost": 561654.21,
                        "Plan Rows": 1,
                        "Plan Width": 64,
                        "Actual Startup Time": 1354.759,
                        "Actual Total Time": 1397.713,
                        "Actual Rows": 1,
                        "Actual Loops": 1,
                        "Plans": [
                            {
                                "Node Type": "Gather",
                                "Parent Relationship": "Outer",
                                "Parallel Aware": false,
                                "Async Capable": false,
                                "Startup Cost": 561653.87,
                                "Total Cost": 561654.18,
                                "Plan Rows": 3,
                                "Plan Width": 64,
                                "Actual Startup Time": 1352.92,
                                "Actual Total Time": 1397.706,
                                "Actual Rows": 4,
                                "Actual Loops": 1,
                                "Workers Planned": 3,
                                "Workers Launched": 3,
                                "Single Copy": false,
                                "Plans": [
                                    {
                                        "Node Type": "Aggregate",
                                        "Strategy": "Plain",
                                        "Partial Mode": "Partial",
                                        "Parent Relationship": "Outer",
                                        "Parallel Aware": false,
                                        "Async Capable": false,
                                        "Startup Cost": 560653.87,
                                        "Total Cost": 560653.88,
                                        "Plan Rows": 1,
                                        "Plan Width": 64,
                                        "Actual Startup Time": 1351.132,
                                        "Actual Total Time": 1351.331,
                                        "Actual Rows": 1,
                                        "Actual Loops": 4,
                                        "Workers": [],
                                        "Plans": [
                                            {
                                                "Node Type": "Hash Join",
                                                "Parent Relationship": "Outer",
                                                "Parallel Aware": true,
                                                "Async Capable": false,
                                                "Join Type": "Inner",
                                                "Startup Cost": 526155.77,
                                                "Total Cost": 548744.41,
                                                "Plan Rows": 2381892,
                                                "Plan Width": 33,
                                                "Actual Startup Time": 1285.269,
                                                "Actual Total Time": 1330.98,
                                                "Actual Rows": 621903,
                                                "Actual Loops": 4,
                                                "Inner Unique": false,
                                                "Hash Cond": "(a1.person_id = n1.id)",
                                                "Workers": [],
                                                "Plans": [
                                                    {
                                                        "Node Type": "Seq Scan",
                                                        "Parent Relationship": "Outer",
                                                        "Parallel Aware": true,
                                                        "Async Capable": false,
                                                        "Relation Name": "aka_name",
                                                        "Alias": "a1",
                                                        "Startup Cost": 0.0,
                                                        "Total Cost": 14323.56,
                                                        "Plan Rows": 290756,
                                                        "Plan Width": 20,
                                                        "Actual Startup Time": 0.01,
                                                        "Actual Total Time": 12.915,
                                                        "Actual Rows": 225336,
                                                        "Actual Loops": 4,
                                                        "Workers": []
                                                    },
                                                    {
                                                        "Node Type": "Hash",
                                                        "Parent Relationship": "Inner",
                                                        "Parallel Aware": true,
                                                        "Async Capable": false,
                                                        "Startup Cost": 516489.31,
                                                        "Total Cost": 516489.31,
                                                        "Plan Rows": 499877,
                                                        "Plan Width": 25,
                                                        "Actual Startup Time": 1256.738,
                                                        "Actual Total Time": 1256.935,
                                                        "Actual Rows": 492664,
                                                        "Actual Loops": 4,
                                                        "Hash Buckets": 262144,
                                                        "Original Hash Buckets": 262144,
                                                        "Hash Batches": 16,
                                                        "Original Hash Batches": 16,
                                                        "Peak Memory Usage": 10208,
                                                        "Workers": [],
                                                        "Plans": [
                                                            {
                                                                "Node Type": "Hash Join",
                                                                "Parent Relationship": "Outer",
                                                                "Parallel Aware": true,
                                                                "Async Capable": false,
                                                                "Join Type": "Inner",
                                                                "Startup Cost": 170222.37,
                                                                "Total Cost": 516489.31,
                                                                "Plan Rows": 499877,
                                                                "Plan Width": 25,
                                                                "Actual Startup Time": 1150.492,
                                                                "Actual Total Time": 1227.273,
                                                                "Actual Rows": 492664,
                                                                "Actual Loops": 4,
                                                                "Inner Unique": false,
                                                                "Hash Cond": "(ci.movie_id = t.id)",
                                                                "Workers": [],
                                                                "Plans": [
                                                                    {
                                                                        "Node Type": "Hash Join",
                                                                        "Parent Relationship": "Outer",
                                                                        "Parallel Aware": true,
                                                                        "Async Capable": false,
                                                                        "Join Type": "Inner",
                                                                        "Startup Cost": 83169.3,
                                                                        "Total Cost": 427079.11,
                                                                        "Plan Rows": 503394,
                                                                        "Plan Width": 12,
                                                                        "Actual Startup Time": 760.33,
                                                                        "Actual Total Time": 835.722,
                                                                        "Actual Rows": 682236,
                                                                        "Actual Loops": 4,
                                                                        "Inner Unique": true,
                                                                        "Hash Cond": "(ci.person_id = n1.id)",
                                                                        "Workers": [],
                                                                        "Plans": [
                                                                            {
                                                                                "Node Type": "Hash Join",
                                                                                "Parent Relationship": "Outer",
                                                                                "Parallel Aware": false,
                                                                                "Async Capable": false,
                                                                                "Join Type": "Inner",
                                                                                "Startup Cost": 1.16,
                                                                                "Total Cost": 334585.56,
                                                                                "Plan Rows": 503394,
                                                                                "Plan Width": 8,
                                                                                "Actual Startup Time": 184.737,
                                                                                "Actual Total Time": 619.797,
                                                                                "Actual Rows": 682236,
                                                                                "Actual Loops": 4,
                                                                                "Inner Unique": true,
                                                                                "Hash Cond": "(ci.role_id = rt.id)",
                                                                                "Workers": [],
                                                                                "Plans": [
                                                                                    {
                                                                                        "Node Type": "Seq Scan",
                                                                                        "Parent Relationship": "Outer",
                                                                                        "Parallel Aware": true,
                                                                                        "Async Capable": false,
                                                                                        "Relation Name": "cast_info",
                                                                                        "Alias": "ci",
                                                                                        "Startup Cost": 0.0,
                                                                                        "Total Cost": 313127.24,
                                                                                        "Plan Rows": 6040724,
                                                                                        "Plan Width": 12,
                                                                                        "Actual Startup Time": 0.02,
                                                                                        "Actual Total Time": 286.833,
                                                                                        "Actual Rows": 9061086,
                                                                                        "Actual Loops": 4,
                                                                                        "Workers": []
                                                                                    },
                                                                                    {
                                                                                        "Node Type": "Hash",
                                                                                        "Parent Relationship": "Inner",
                                                                                        "Parallel Aware": false,
                                                                                        "Async Capable": false,
                                                                                        "Startup Cost": 1.15,
                                                                                        "Total Cost": 1.15,
                                                                                        "Plan Rows": 1,
                                                                                        "Plan Width": 4,
                                                                                        "Actual Startup Time": 0.013,
                                                                                        "Actual Total Time": 0.013,
                                                                                        "Actual Rows": 1,
                                                                                        "Actual Loops": 4,
                                                                                        "Hash Buckets": 1024,
                                                                                        "Original Hash Buckets": 1024,
                                                                                        "Hash Batches": 1,
                                                                                        "Original Hash Batches": 1,
                                                                                        "Peak Memory Usage": 9,
                                                                                        "Workers": [],
                                                                                        "Plans": [
                                                                                            {
                                                                                                "Node Type": "Seq Scan",
                                                                                                "Parent Relationship": "Outer",
                                                                                                "Parallel Aware": false,
                                                                                                "Async Capable": false,
                                                                                                "Relation Name": "role_type",
                                                                                                "Alias": "rt",
                                                                                                "Startup Cost": 0.0,
                                                                                                "Total Cost": 1.15,
                                                                                                "Plan Rows": 1,
                                                                                                "Plan Width": 4,
                                                                                                "Actual Startup Time": 0.011,
                                                                                                "Actual Total Time": 0.012,
                                                                                                "Actual Rows": 1,
                                                                                                "Actual Loops": 4,
                                                                                                "Filter": "((role)::text = 'writer'::text)",
                                                                                                "Rows Removed by Filter": 11,
                                                                                                "Workers": []
                                                                                            }
                                                                                        ]
                                                                                    }
                                                                                ]
                                                                            },
                                                                            {
                                                                                "Node Type": "Hash",
                                                                                "Parent Relationship": "Inner",
                                                                                "Parallel Aware": true,
                                                                                "Async Capable": false,
                                                                                "Startup Cost": 66074.73,
                                                                                "Total Cost": 66074.73,
                                                                                "Plan Rows": 1041873,
                                                                                "Plan Width": 4,
                                                                                "Actual Startup Time": 102.003,
                                                                                "Actual Total Time": 102.004,
                                                                                "Actual Rows": 1041873,
                                                                                "Actual Loops": 4,
                                                                                "Hash Buckets": 524288,
                                                                                "Original Hash Buckets": 524288,
                                                                                "Hash Batches": 16,
                                                                                "Original Hash Batches": 16,
                                                                                "Peak Memory Usage": 14336,
                                                                                "Workers": [],
                                                                                "Plans": [
                                                                                    {
                                                                                        "Node Type": "Seq Scan",
                                                                                        "Parent Relationship": "Outer",
                                                                                        "Parallel Aware": true,
                                                                                        "Async Capable": false,
                                                                                        "Relation Name": "name",
                                                                                        "Alias": "n1",
                                                                                        "Startup Cost": 0.0,
                                                                                        "Total Cost": 66074.73,
                                                                                        "Plan Rows": 1041873,
                                                                                        "Plan Width": 4,
                                                                                        "Actual Startup Time": 0.004,
                                                                                        "Actual Total Time": 53.041,
                                                                                        "Actual Rows": 1041873,
                                                                                        "Actual Loops": 4,
                                                                                        "Workers": []
                                                                                    }
                                                                                ]
                                                                            }
                                                                        ]
                                                                    },
                                                                    {
                                                                        "Node Type": "Hash",
                                                                        "Parent Relationship": "Inner",
                                                                        "Parallel Aware": true,
                                                                        "Async Capable": false,
                                                                        "Startup Cost": 84105.82,
                                                                        "Total Cost": 84105.82,
                                                                        "Plan Rows": 235780,
                                                                        "Plan Width": 25,
                                                                        "Actual Startup Time": 277.857,
                                                                        "Actual Total Time": 277.861,
                                                                        "Actual Rows": 288450,
                                                                        "Actual Loops": 4,
                                                                        "Hash Buckets": 262144,
                                                                        "Original Hash Buckets": 262144,
                                                                        "Hash Batches": 8,
                                                                        "Original Hash Batches": 8,
                                                                        "Peak Memory Usage": 10944,
                                                                        "Workers": [],
                                                                        "Plans": [
                                                                            {
                                                                                "Node Type": "Hash Join",
                                                                                "Parent Relationship": "Outer",
                                                                                "Parallel Aware": true,
                                                                                "Async Capable": false,
                                                                                "Join Type": "Inner",
                                                                                "Startup Cost": 38645.34,
                                                                                "Total Cost": 84105.82,
                                                                                "Plan Rows": 235780,
                                                                                "Plan Width": 25,
                                                                                "Actual Startup Time": 112.103,
                                                                                "Actual Total Time": 257.084,
                                                                                "Actual Rows": 288450,
                                                                                "Actual Loops": 4,
                                                                                "Inner Unique": false,
                                                                                "Hash Cond": "(t.id = mc.movie_id)",
                                                                                "Workers": [],
                                                                                "Plans": [
                                                                                    {
                                                                                        "Node Type": "Seq Scan",
                                                                                        "Parent Relationship": "Outer",
                                                                                        "Parallel Aware": true,
                                                                                        "Async Capable": false,
                                                                                        "Relation Name": "title",
                                                                                        "Alias": "t",
                                                                                        "Startup Cost": 0.0,
                                                                                        "Total Cost": 42329.38,
                                                                                        "Plan Rows": 632138,
                                                                                        "Plan Width": 21,
                                                                                        "Actual Startup Time": 0.004,
                                                                                        "Actual Total Time": 29.0,
                                                                                        "Actual Rows": 632078,
                                                                                        "Actual Loops": 4,
                                                                                        "Workers": []
                                                                                    },
                                                                                    {
                                                                                        "Node Type": "Hash",
                                                                                        "Parent Relationship": "Inner",
                                                                                        "Parallel Aware": true,
                                                                                        "Async Capable": false,
                                                                                        "Startup Cost": 34842.44,
                                                                                        "Total Cost": 34842.44,
                                                                                        "Plan Rows": 304232,
                                                                                        "Plan Width": 4,
                                                                                        "Actual Startup Time": 111.613,
                                                                                        "Actual Total Time": 111.615,
                                                                                        "Actual Rows": 288450,
                                                                                        "Actual Loops": 4,
                                                                                        "Hash Buckets": 2097152,
                                                                                        "Original Hash Buckets": 1048576,
                                                                                        "Hash Batches": 1,
                                                                                        "Original Hash Batches": 1,
                                                                                        "Peak Memory Usage": 69792,
                                                                                        "Workers": [],
                                                                                        "Plans": [
                                                                                            {
                                                                                                "Node Type": "Hash Join",
                                                                                                "Parent Relationship": "Outer",
                                                                                                "Parallel Aware": true,
                                                                                                "Async Capable": false,
                                                                                                "Join Type": "Inner",
                                                                                                "Startup Cost": 5392.51,
                                                                                                "Total Cost": 34842.44,
                                                                                                "Plan Rows": 304232,
                                                                                                "Plan Width": 4,
                                                                                                "Actual Startup Time": 6.14,
                                                                                                "Actual Total Time": 75.505,
                                                                                                "Actual Rows": 288450,
                                                                                                "Actual Loops": 4,
                                                                                                "Inner Unique": true,
                                                                                                "Hash Cond": "(mc.company_id = cn.id)",
                                                                                                "Workers": [],
                                                                                                "Plans": [
                                                                                                    {
                                                                                                        "Node Type": "Seq Scan",
                                                                                                        "Parent Relationship": "Outer",
                                                                                                        "Parallel Aware": true,
                                                                                                        "Async Capable": false,
                                                                                                        "Relation Name": "movie_companies",
                                                                                                        "Alias": "mc",
                                                                                                        "Startup Cost": 0.0,
                                                                                                        "Total Cost": 27240.55,
                                                                                                        "Plan Rows": 841655,
                                                                                                        "Plan Width": 8,
                                                                                                        "Actual Startup Time": 0.004,
                                                                                                        "Actual Total Time": 26.805,
                                                                                                        "Actual Rows": 652282,
                                                                                                        "Actual Loops": 4,
                                                                                                        "Workers": []
                                                                                                    },
                                                                                                    {
                                                                                                        "Node Type": "Hash",
                                                                                                        "Parent Relationship": "Inner",
                                                                                                        "Parallel Aware": true,
                                                                                                        "Async Capable": false,
                                                                                                        "Startup Cost": 4767.92,
                                                                                                        "Total Cost": 4767.92,
                                                                                                        "Plan Rows": 49967,
                                                                                                        "Plan Width": 4,
                                                                                                        "Actual Startup Time": 5.979,
                                                                                                        "Actual Total Time": 5.98,
                                                                                                        "Actual Rows": 21211,
                                                                                                        "Actual Loops": 4,
                                                                                                        "Hash Buckets": 131072,
                                                                                                        "Original Hash Buckets": 131072,
                                                                                                        "Hash Batches": 1,
                                                                                                        "Original Hash Batches": 1,
                                                                                                        "Peak Memory Usage": 4416,
                                                                                                        "Workers": [],
                                                                                                        "Plans": [
                                                                                                            {
                                                                                                                "Node Type": "Seq Scan",
                                                                                                                "Parent Relationship": "Outer",
                                                                                                                "Parallel Aware": true,
                                                                                                                "Async Capable": false,
                                                                                                                "Relation Name": "company_name",
                                                                                                                "Alias": "cn",
                                                                                                                "Startup Cost": 0.0,
                                                                                                                "Total Cost": 4767.92,
                                                                                                                "Plan Rows": 49967,
                                                                                                                "Plan Width": 4,
                                                                                                                "Actual Startup Time": 0.012,
                                                                                                                "Actual Total Time": 4.262,
                                                                                                                "Actual Rows": 21211,
                                                                                                                "Actual Loops": 4,
                                                                                                                "Filter": "((country_code)::text = '[us]'::text)",
                                                                                                                "Rows Removed by Filter": 37538,
                                                                                                                "Workers": []
                                                                                                            }
                                                                                                        ]
                                                                                                    }
                                                                                                ]
                                                                                            }
                                                                                        ]
                                                                                    }
                                                                                ]
                                                                            }
                                                                        ]
                                                                    }
                                                                ]
                                                            }
                                                        ]
                                                    }
                                                ]
                                            }
                                        ]
                                    }
                                ]
                            }
                        ]
                    },
                    "Planning Time": 0.813,
                    "Triggers": [],
                    "Execution Time": 1397.756
                }
            ],
            "hints": [
                "SET enable_hashjoin TO on",
                "SET enable_indexonlyscan TO on",
                "SET enable_indexscan TO off",
                "SET enable_mergejoin TO off",
                "SET enable_nestloop TO on",
                "SET enable_seqscan TO on"
            ]
        },
        {
            "arm": 3,
            "execution_time": 1398.213,
            "plan": [
                {
                    "Plan": {
                        "Node Type": "Aggregate",
                        "Strategy": "Plain",
                        "Partial Mode": "Finalize",
                        "Parallel Aware": false,
                        "Async Capable": false,
                        "Startup Cost": 561654.2,
                        "Total Cost": 561654.21,
                        "Plan Rows": 1,
                        "Plan Width": 64,
                        "Actual Startup Time": 1355.913,
                        "Actual Total Time": 1398.168,
                        "Actual Rows": 1,
                        "Actual Loops": 1,
                        "Plans": [
                            {
                                "Node Type": "Gather",
                                "Parent Relationship": "Outer",
                                "Parallel Aware": false,
                                "Async Capable": false,
                                "Startup Cost": 561653.87,
                                "Total Cost": 561654.18,
                                "Plan Rows": 3,
                                "Plan Width": 64,
                                "Actual Startup Time": 1353.827,
                                "Actual Total Time": 1398.162,
                                "Actual Rows": 4,
                                "Actual Loops": 1,
                                "Workers Planned": 3,
                                "Workers Launched": 3,
                                "Single Copy": false,
                                "Plans": [
                                    {
                                        "Node Type": "Aggregate",
                                        "Strategy": "Plain",
                                        "Partial Mode": "Partial",
                                        "Parent Relationship": "Outer",
                                        "Parallel Aware": false,
                                        "Async Capable": false,
                                        "Startup Cost": 560653.87,
                                        "Total Cost": 560653.88,
                                        "Plan Rows": 1,
                                        "Plan Width": 64,
                                        "Actual Startup Time": 1351.344,
                                        "Actual Total Time": 1351.355,
                                        "Actual Rows": 1,
                                        "Actual Loops": 4,
                                        "Workers": [],
                                        "Plans": [
                                            {
                                                "Node Type": "Hash Join",
                                                "Parent Relationship": "Outer",
                                                "Parallel Aware": true,
                                                "Async Capable": false,
                                                "Join Type": "Inner",
                                                "Startup Cost": 526155.77,
                                                "Total Cost": 548744.41,
                                                "Plan Rows": 2381892,
                                                "Plan Width": 33,
                                                "Actual Startup Time": 1283.065,
                                                "Actual Total Time": 1330.931,
                                                "Actual Rows": 621903,
                                                "Actual Loops": 4,
                                                "Inner Unique": false,
                                                "Hash Cond": "(a1.person_id = n1.id)",
                                                "Workers": [],
                                                "Plans": [
                                                    {
                                                        "Node Type": "Seq Scan",
                                                        "Parent Relationship": "Outer",
                                                        "Parallel Aware": true,
                                                        "Async Capable": false,
                                                        "Relation Name": "aka_name",
                                                        "Alias": "a1",
                                                        "Startup Cost": 0.0,
                                                        "Total Cost": 14323.56,
                                                        "Plan Rows": 290756,
                                                        "Plan Width": 20,
                                                        "Actual Startup Time": 0.009,
                                                        "Actual Total Time": 13.103,
                                                        "Actual Rows": 225336,
                                                        "Actual Loops": 4,
                                                        "Workers": []
                                                    },
                                                    {
                                                        "Node Type": "Hash",
                                                        "Parent Relationship": "Inner",
                                                        "Parallel Aware": true,
                                                        "Async Capable": false,
                                                        "Startup Cost": 516489.31,
                                                        "Total Cost": 516489.31,
                                                        "Plan Rows": 499877,
                                                        "Plan Width": 25,
                                                        "Actual Startup Time": 1254.167,
                                                        "Actual Total Time": 1254.176,
                                                        "Actual Rows": 492664,
                                                        "Actual Loops": 4,
                                                        "Hash Buckets": 262144,
                                                        "Original Hash Buckets": 262144,
                                                        "Hash Batches": 16,
                                                        "Original Hash Batches": 16,
                                                        "Peak Memory Usage": 10208,
                                                        "Workers": [],
                                                        "Plans": [
                                                            {
                                                                "Node Type": "Hash Join",
                                                                "Parent Relationship": "Outer",
                                                                "Parallel Aware": true,
                                                                "Async Capable": false,
                                                                "Join Type": "Inner",
                                                                "Startup Cost": 170222.37,
                                                                "Total Cost": 516489.31,
                                                                "Plan Rows": 499877,
                                                                "Plan Width": 25,
                                                                "Actual Startup Time": 1146.624,
                                                                "Actual Total Time": 1224.42,
                                                                "Actual Rows": 492664,
                                                                "Actual Loops": 4,
                                                                "Inner Unique": false,
                                                                "Hash Cond": "(ci.movie_id = t.id)",
                                                                "Workers": [],
                                                                "Plans": [
                                                                    {
                                                                        "Node Type": "Hash Join",
                                                                        "Parent Relationship": "Outer",
                                                                        "Parallel Aware": true,
                                                                        "Async Capable": false,
                                                                        "Join Type": "Inner",
                                                                        "Startup Cost": 83169.3,
                                                                        "Total Cost": 427079.11,
                                                                        "Plan Rows": 503394,
                                                                        "Plan Width": 12,
                                                                        "Actual Startup Time": 762.8,
                                                                        "Actual Total Time": 836.282,
                                                                        "Actual Rows": 682236,
                                                                        "Actual Loops": 4,
                                                                        "Inner Unique": true,
                                                                        "Hash Cond": "(ci.person_id = n1.id)",
                                                                        "Workers": [],
                                                                        "Plans": [
                                                                            {
                                                                                "Node Type": "Hash Join",
                                                                                "Parent Relationship": "Outer",
                                                                                "Parallel Aware": false,
                                                                                "Async Capable": false,
                                                                                "Join Type": "Inner",
                                                                                "Startup Cost": 1.16,
                                                                                "Total Cost": 334585.56,
                                                                                "Plan Rows": 503394,
                                                                                "Plan Width": 8,
                                                                                "Actual Startup Time": 184.845,
                                                                                "Actual Total Time": 620.913,
                                                                                "Actual Rows": 682236,
                                                                                "Actual Loops": 4,
                                                                                "Inner Unique": true,
                                                                                "Hash Cond": "(ci.role_id = rt.id)",
                                                                                "Workers": [],
                                                                                "Plans": [
                                                                                    {
                                                                                        "Node Type": "Seq Scan",
                                                                                        "Parent Relationship": "Outer",
                                                                                        "Parallel Aware": true,
                                                                                        "Async Capable": false,
                                                                                        "Relation Name": "cast_info",
                                                                                        "Alias": "ci",
                                                                                        "Startup Cost": 0.0,
                                                                                        "Total Cost": 313127.24,
                                                                                        "Plan Rows": 6040724,
                                                                                        "Plan Width": 12,
                                                                                        "Actual Startup Time": 0.021,
                                                                                        "Actual Total Time": 287.97,
                                                                                        "Actual Rows": 9061086,
                                                                                        "Actual Loops": 4,
                                                                                        "Workers": []
                                                                                    },
                                                                                    {
                                                                                        "Node Type": "Hash",
                                                                                        "Parent Relationship": "Inner",
                                                                                        "Parallel Aware": false,
                                                                                        "Async Capable": false,
                                                                                        "Startup Cost": 1.15,
                                                                                        "Total Cost": 1.15,
                                                                                        "Plan Rows": 1,
                                                                                        "Plan Width": 4,
                                                                                        "Actual Startup Time": 0.012,
                                                                                        "Actual Total Time": 0.012,
                                                                                        "Actual Rows": 1,
                                                                                        "Actual Loops": 4,
                                                                                        "Hash Buckets": 1024,
                                                                                        "Original Hash Buckets": 1024,
                                                                                        "Hash Batches": 1,
                                                                                        "Original Hash Batches": 1,
                                                                                        "Peak Memory Usage": 9,
                                                                                        "Workers": [],
                                                                                        "Plans": [
                                                                                            {
                                                                                                "Node Type": "Seq Scan",
                                                                                                "Parent Relationship": "Outer",
                                                                                                "Parallel Aware": false,
                                                                                                "Async Capable": false,
                                                                                                "Relation Name": "role_type",
                                                                                                "Alias": "rt",
                                                                                                "Startup Cost": 0.0,
                                                                                                "Total Cost": 1.15,
                                                                                                "Plan Rows": 1,
                                                                                                "Plan Width": 4,
                                                                                                "Actual Startup Time": 0.01,
                                                                                                "Actual Total Time": 0.011,
                                                                                                "Actual Rows": 1,
                                                                                                "Actual Loops": 4,
                                                                                                "Filter": "((role)::text = 'writer'::text)",
                                                                                                "Rows Removed by Filter": 11,
                                                                                                "Workers": []
                                                                                            }
                                                                                        ]
                                                                                    }
                                                                                ]
                                                                            },
                                                                            {
                                                                                "Node Type": "Hash",
                                                                                "Parent Relationship": "Inner",
                                                                                "Parallel Aware": true,
                                                                                "Async Capable": false,
                                                                                "Startup Cost": 66074.73,
                                                                                "Total Cost": 66074.73,
                                                                                "Plan Rows": 1041873,
                                                                                "Plan Width": 4,
                                                                                "Actual Startup Time": 101.229,
                                                                                "Actual Total Time": 101.23,
                                                                                "Actual Rows": 1041873,
                                                                                "Actual Loops": 4,
                                                                                "Hash Buckets": 524288,
                                                                                "Original Hash Buckets": 524288,
                                                                                "Hash Batches": 16,
                                                                                "Original Hash Batches": 16,
                                                                                "Peak Memory Usage": 14336,
                                                                                "Workers": [],
                                                                                "Plans": [
                                                                                    {
                                                                                        "Node Type": "Seq Scan",
                                                                                        "Parent Relationship": "Outer",
                                                                                        "Parallel Aware": true,
                                                                                        "Async Capable": false,
                                                                                        "Relation Name": "name",
                                                                                        "Alias": "n1",
                                                                                        "Startup Cost": 0.0,
                                                                                        "Total Cost": 66074.73,
                                                                                        "Plan Rows": 1041873,
                                                                                        "Plan Width": 4,
                                                                                        "Actual Startup Time": 0.004,
                                                                                        "Actual Total Time": 53.083,
                                                                                        "Actual Rows": 1041873,
                                                                                        "Actual Loops": 4,
                                                                                        "Workers": []
                                                                                    }
                                                                                ]
                                                                            }
                                                                        ]
                                                                    },
                                                                    {
                                                                        "Node Type": "Hash",
                                                                        "Parent Relationship": "Inner",
                                                                        "Parallel Aware": true,
                                                                        "Async Capable": false,
                                                                        "Startup Cost": 84105.82,
                                                                        "Total Cost": 84105.82,
                                                                        "Plan Rows": 235780,
                                                                        "Plan Width": 25,
                                                                        "Actual Startup Time": 272.739,
                                                                        "Actual Total Time": 272.743,
                                                                        "Actual Rows": 288450,
                                                                        "Actual Loops": 4,
                                                                        "Hash Buckets": 262144,
                                                                        "Original Hash Buckets": 262144,
                                                                        "Hash Batches": 8,
                                                                        "Original Hash Batches": 8,
                                                                        "Peak Memory Usage": 10944,
                                                                        "Workers": [],
                                                                        "Plans": [
                                                                            {
                                                                                "Node Type": "Hash Join",
                                                                                "Parent Relationship": "Outer",
                                                                                "Parallel Aware": true,
                                                                                "Async Capable": false,
                                                                                "Join Type": "Inner",
                                                                                "Startup Cost": 38645.34,
                                                                                "Total Cost": 84105.82,
                                                                                "Plan Rows": 235780,
                                                                                "Plan Width": 25,
                                                                                "Actual Startup Time": 113.481,
                                                                                "Actual Total Time": 252.015,
                                                                                "Actual Rows": 288450,
                                                                                "Actual Loops": 4,
                                                                                "Inner Unique": false,
                                                                                "Hash Cond": "(t.id = mc.movie_id)",
                                                                                "Workers": [],
                                                                                "Plans": [
                                                                                    {
                                                                                        "Node Type": "Seq Scan",
                                                                                        "Parent Relationship": "Outer",
                                                                                        "Parallel Aware": true,
                                                                                        "Async Capable": false,
                                                                                        "Relation Name": "title",
                                                                                        "Alias": "t",
                                                                                        "Startup Cost": 0.0,
                                                                                        "Total Cost": 42329.38,
                                                                                        "Plan Rows": 632138,
                                                                                        "Plan Width": 21,
                                                                                        "Actual Startup Time": 0.004,
                                                                                        "Actual Total Time": 28.848,
                                                                                        "Actual Rows": 632078,
                                                                                        "Actual Loops": 4,
                                                                                        "Workers": []
                                                                                    },
                                                                                    {
                                                                                        "Node Type": "Hash",
                                                                                        "Parent Relationship": "Inner",
                                                                                        "Parallel Aware": true,
                                                                                        "Async Capable": false,
                                                                                        "Startup Cost": 34842.44,
                                                                                        "Total Cost": 34842.44,
                                                                                        "Plan Rows": 304232,
                                                                                        "Plan Width": 4,
                                                                                        "Actual Startup Time": 112.997,
                                                                                        "Actual Total Time": 112.999,
                                                                                        "Actual Rows": 288450,
                                                                                        "Actual Loops": 4,
                                                                                        "Hash Buckets": 2097152,
                                                                                        "Original Hash Buckets": 1048576,
                                                                                        "Hash Batches": 1,
                                                                                        "Original Hash Batches": 1,
                                                                                        "Peak Memory Usage": 69760,
                                                                                        "Workers": [],
                                                                                        "Plans": [
                                                                                            {
                                                                                                "Node Type": "Hash Join",
                                                                                                "Parent Relationship": "Outer",
                                                                                                "Parallel Aware": true,
                                                                                                "Async Capable": false,
                                                                                                "Join Type": "Inner",
                                                                                                "Startup Cost": 5392.51,
                                                                                                "Total Cost": 34842.44,
                                                                                                "Plan Rows": 304232,
                                                                                                "Plan Width": 4,
                                                                                                "Actual Startup Time": 5.981,
                                                                                                "Actual Total Time": 75.046,
                                                                                                "Actual Rows": 288450,
                                                                                                "Actual Loops": 4,
                                                                                                "Inner Unique": true,
                                                                                                "Hash Cond": "(mc.company_id = cn.id)",
                                                                                                "Workers": [],
                                                                                                "Plans": [
                                                                                                    {
                                                                                                        "Node Type": "Seq Scan",
                                                                                                        "Parent Relationship": "Outer",
                                                                                                        "Parallel Aware": true,
                                                                                                        "Async Capable": false,
                                                                                                        "Relation Name": "movie_companies",
                                                                                                        "Alias": "mc",
                                                                                                        "Startup Cost": 0.0,
                                                                                                        "Total Cost": 27240.55,
                                                                                                        "Plan Rows": 841655,
                                                                                                        "Plan Width": 8,
                                                                                                        "Actual Startup Time": 0.004,
                                                                                                        "Actual Total Time": 26.766,
                                                                                                        "Actual Rows": 652282,
                                                                                                        "Actual Loops": 4,
                                                                                                        "Workers": []
                                                                                                    },
                                                                                                    {
                                                                                                        "Node Type": "Hash",
                                                                                                        "Parent Relationship": "Inner",
                                                                                                        "Parallel Aware": true,
                                                                                                        "Async Capable": false,
                                                                                                        "Startup Cost": 4767.92,
                                                                                                        "Total Cost": 4767.92,
                                                                                                        "Plan Rows": 49967,
                                                                                                        "Plan Width": 4,
                                                                                                        "Actual Startup Time": 5.826,
                                                                                                        "Actual Total Time": 5.826,
                                                                                                        "Actual Rows": 21211,
                                                                                                        "Actual Loops": 4,
                                                                                                        "Hash Buckets": 131072,
                                                                                                        "Original Hash Buckets": 131072,
                                                                                                        "Hash Batches": 1,
                                                                                                        "Original Hash Batches": 1,
                                                                                                        "Peak Memory Usage": 4384,
                                                                                                        "Workers": [],
                                                                                                        "Plans": [
                                                                                                            {
                                                                                                                "Node Type": "Seq Scan",
                                                                                                                "Parent Relationship": "Outer",
                                                                                                                "Parallel Aware": true,
                                                                                                                "Async Capable": false,
                                                                                                                "Relation Name": "company_name",
                                                                                                                "Alias": "cn",
                                                                                                                "Startup Cost": 0.0,
                                                                                                                "Total Cost": 4767.92,
                                                                                                                "Plan Rows": 49967,
                                                                                                                "Plan Width": 4,
                                                                                                                "Actual Startup Time": 0.01,
                                                                                                                "Actual Total Time": 4.204,
                                                                                                                "Actual Rows": 21211,
                                                                                                                "Actual Loops": 4,
                                                                                                                "Filter": "((country_code)::text = '[us]'::text)",
                                                                                                                "Rows Removed by Filter": 37538,
                                                                                                                "Workers": []
                                                                                                            }
                                                                                                        ]
                                                                                                    }
                                                                                                ]
                                                                                            }
                                                                                        ]
                                                                                    }
                                                                                ]
                                                                            }
                                                                        ]
                                                                    }
                                                                ]
                                                            }
                                                        ]
                                                    }
                                                ]
                                            }
                                        ]
                                    }
                                ]
                            }
                        ]
                    },
                    "Planning Time": 0.819,
                    "Triggers": [],
                    "Execution Time": 1398.213
                }
            ],
            "hints": [
                "SET enable_hashjoin TO on",
                "SET enable_indexonlyscan TO on",
                "SET enable_indexscan TO off",
                "SET enable_mergejoin TO off",
                "SET enable_nestloop TO off",
                "SET enable_seqscan TO on"
            ]
        },
        {
            "arm": 4,
            "execution_time": 1186.091,
            "plan": [
                {
                    "Plan": {
                        "Node Type": "Aggregate",
                        "Strategy": "Plain",
                        "Partial Mode": "Finalize",
                        "Parallel Aware": false,
                        "Async Capable": false,
                        "Startup Cost": 380507.45,
                        "Total Cost": 380507.46,
                        "Plan Rows": 1,
                        "Plan Width": 64,
                        "Actual Startup Time": 1162.136,
                        "Actual Total Time": 1185.913,
                        "Actual Rows": 1,
                        "Actual Loops": 1,
                        "Plans": [
                            {
                                "Node Type": "Gather",
                                "Parent Relationship": "Outer",
                                "Parallel Aware": false,
                                "Async Capable": false,
                                "Startup Cost": 380507.13,
                                "Total Cost": 380507.44,
                                "Plan Rows": 3,
                                "Plan Width": 64,
                                "Actual Startup Time": 1159.588,
                                "Actual Total Time": 1185.907,
                                "Actual Rows": 4,
                                "Actual Loops": 1,
                                "Workers Planned": 3,
                                "Workers Launched": 3,
                                "Single Copy": false,
                                "Plans": [
                                    {
                                        "Node Type": "Aggregate",
                                        "Strategy": "Plain",
                                        "Partial Mode": "Partial",
                                        "Parent Relationship": "Outer",
                                        "Parallel Aware": false,
                                        "Async Capable": false,
                                        "Startup Cost": 379507.13,
                                        "Total Cost": 379507.14,
                                        "Plan Rows": 1,
                                        "Plan Width": 64,
                                        "Actual Startup Time": 1156.967,
                                        "Actual Total Time": 1156.977,
                                        "Actual Rows": 1,
                                        "Actual Loops": 4,
                                        "Workers": [],
                                        "Plans": [
                                            {
                                                "Node Type": "Hash Join",
                                                "Parent Relationship": "Outer",
                                                "Parallel Aware": true,
                                                "Async Capable": false,
                                                "Join Type": "Inner",
                                                "Startup Cost": 343126.64,
                                                "Total Cost": 367597.67,
                                                "Plan Rows": 2381892,
                                                "Plan Width": 33,
                                                "Actual Startup Time": 1086.091,
                                                "Actual Total Time": 1136.562,
                                                "Actual Rows": 621903,
                                                "Actual Loops": 4,
                                                "Inner Unique": false,
                                                "Hash Cond": "(a1.person_id = n1.id)",
                                                "Workers": [],
                                                "Plans": [
                                                    {
                                                        "Node Type": "Seq Scan",
                                                        "Parent Relationship": "Outer",
                                                        "Parallel Aware": true,
                                                        "Async Capable": false,
                                                        "Relation Name": "aka_name",
                                                        "Alias": "a1",
                                                        "Startup Cost": 0.0,
                                                        "Total Cost": 14323.56,
                                                        "Plan Rows": 290756,
                                                        "Plan Width": 20,
                                                        "Actual Startup Time": 0.008,
                                                        "Actual Total Time": 12.474,
                                                        "Actual Rows": 225336,
                                                        "Actual Loops": 4,
                                                        "Workers": []
                                                    },
                                                    {
                                                        "Node Type": "Hash",
                                                        "Parent Relationship": "Inner",
                                                        "Parallel Aware": true,
                                                        "Async Capable": false,
                                                        "Startup Cost": 328627.96,
                                                        "Total Cost": 328627.96,
                                                        "Plan Rows": 749815,
                                                        "Plan Width": 25,
                                                        "Actual Startup Time": 1057.822,
                                                        "Actual Total Time": 1057.831,
                                                        "Actual Rows": 492664,
                                                        "Actual Loops": 4,
                                                        "Hash Buckets": 262144,
                                                        "Original Hash Buckets": 262144,
                                                        "Hash Batches": 16,
                                                        "Original Hash Batches": 16,
                                                        "Peak Memory Usage": 10208,
                                                        "Workers": [],
                                                        "Plans": [
                                                            {
                                                                "Node Type": "Nested Loop",
                                                                "Parent Relationship": "Outer",
                                                                "Parallel Aware": false,
                                                                "Async Capable": false,
                                                                "Join Type": "Inner",
                                                                "Startup Cost": 212157.75,
                                                                "Total Cost": 328627.96,
                                                                "Plan Rows": 749815,
                                                                "Plan Width": 25,
                                                                "Actual Startup Time": 503.089,
                                                                "Actual Total Time": 1011.612,
                                                                "Actual Rows": 492664,
                                                                "Actual Loops": 4,
                                                                "Inner Unique": true,
                                                                "Workers": [],
                                                                "Plans": [
                                                                    {
                                                                        "Node Type": "Hash Join",
                                                                        "Parent Relationship": "Outer",
                                                                        "Parallel Aware": false,
                                                                        "Async Capable": false,
                                                                        "Join Type": "Inner",
                                                                        "Startup Cost": 212157.31,
                                                                        "Total Cost": 276930.81,
                                                                        "Plan Rows": 749815,
                                                                        "Plan Width": 21,
                                                                        "Actual Startup Time": 503.067,
                                                                        "Actual Total Time": 817.518,
                                                                        "Actual Rows": 492664,
                                                                        "Actual Loops": 4,
                                                                        "Inner Unique": false,
                                                                        "Hash Cond": "(t.id = ci.movie_id)",
                                                                        "Workers": [],
                                                                        "Plans": [
                                                                            {
                                                                                "Node Type": "Hash Join",
                                                                                "Parent Relationship": "Outer",
                                                                                "Parallel Aware": true,
                                                                                "Async Capable": false,
                                                                                "Join Type": "Inner",
                                                                                "Startup Cost": 38645.34,
                                                                                "Total Cost": 84105.82,
                                                                                "Plan Rows": 235780,
                                                                                "Plan Width": 25,
                                                                                "Actual Startup Time": 114.042,
                                                                                "Actual Total Time": 266.967,
                                                                                "Actual Rows": 288450,
                                                                                "Actual Loops": 4,
                                                                                "Inner Unique": false,
                                                                                "Hash Cond": "(t.id = mc.movie_id)",
                                                                                "Workers": [],
                                                                                "Plans": [
                                                                                    {
                                                                                        "Node Type": "Seq Scan",
                                                                                        "Parent Relationship": "Outer",
                                                                                        "Parallel Aware": true,
                                                                                        "Async Capable": false,
                                                                                        "Relation Name": "title",
                                                                                        "Alias": "t",
                                                                                        "Startup Cost": 0.0,
                                                                                        "Total Cost": 42329.38,
                                                                                        "Plan Rows": 632138,
                                                                                        "Plan Width": 21,
                                                                                        "Actual Startup Time": 0.005,
                                                                                        "Actual Total Time": 28.67,
                                                                                        "Actual Rows": 632078,
                                                                                        "Actual Loops": 4,
                                                                                        "Workers": []
                                                                                    },
                                                                                    {
                                                                                        "Node Type": "Hash",
                                                                                        "Parent Relationship": "Inner",
                                                                                        "Parallel Aware": true,
                                                                                        "Async Capable": false,
                                                                                        "Startup Cost": 34842.44,
                                                                                        "Total Cost": 34842.44,
                                                                                        "Plan Rows": 304232,
                                                                                        "Plan Width": 4,
                                                                                        "Actual Startup Time": 113.459,
                                                                                        "Actual Total Time": 113.464,
                                                                                        "Actual Rows": 288450,
                                                                                        "Actual Loops": 4,
                                                                                        "Hash Buckets": 2097152,
                                                                                        "Original Hash Buckets": 1048576,
                                                                                        "Hash Batches": 1,
                                                                                        "Original Hash Batches": 1,
                                                                                        "Peak Memory Usage": 69792,
                                                                                        "Workers": [],
                                                                                        "Plans": [
                                                                                            {
                                                                                                "Node Type": "Hash Join",
                                                                                                "Parent Relationship": "Outer",
                                                                                                "Parallel Aware": true,
                                                                                                "Async Capable": false,
                                                                                                "Join Type": "Inner",
                                                                                                "Startup Cost": 5392.51,
                                                                                                "Total Cost": 34842.44,
                                                                                                "Plan Rows": 304232,
                                                                                                "Plan Width": 4,
                                                                                                "Actual Startup Time": 6.172,
                                                                                                "Actual Total Time": 75.672,
                                                                                                "Actual Rows": 288450,
                                                                                                "Actual Loops": 4,
                                                                                                "Inner Unique": true,
                                                                                                "Hash Cond": "(mc.company_id = cn.id)",
                                                                                                "Workers": [],
                                                                                                "Plans": [
                                                                                                    {
                                                                                                        "Node Type": "Seq Scan",
                                                                                                        "Parent Relationship": "Outer",
                                                                                                        "Parallel Aware": true,
                                                                                                        "Async Capable": false,
                                                                                                        "Relation Name": "movie_companies",
                                                                                                        "Alias": "mc",
                                                                                                        "Startup Cost": 0.0,
                                                                                                        "Total Cost": 27240.55,
                                                                                                        "Plan Rows": 841655,
                                                                                                        "Plan Width": 8,
                                                                                                        "Actual Startup Time": 0.004,
                                                                                                        "Actual Total Time": 26.856,
                                                                                                        "Actual Rows": 652282,
                                                                                                        "Actual Loops": 4,
                                                                                                        "Workers": []
                                                                                                    },
                                                                                                    {
                                                                                                        "Node Type": "Hash",
                                                                                                        "Parent Relationship": "Inner",
                                                                                                        "Parallel Aware": true,
                                                                                                        "Async Capable": false,
                                                                                                        "Startup Cost": 4767.92,
                                                                                                        "Total Cost": 4767.92,
                                                                                                        "Plan Rows": 49967,
                                                                                                        "Plan Width": 4,
                                                                                                        "Actual Startup Time": 6.0,
                                                                                                        "Actual Total Time": 6.001,
                                                                                                        "Actual Rows": 21211,
                                                                                                        "Actual Loops": 4,
                                                                                                        "Hash Buckets": 131072,
                                                                                                        "Original Hash Buckets": 131072,
                                                                                                        "Hash Batches": 1,
                                                                                                        "Original Hash Batches": 1,
                                                                                                        "Peak Memory Usage": 4384,
                                                                                                        "Workers": [],
                                                                                                        "Plans": [
                                                                                                            {
                                                                                                                "Node Type": "Seq Scan",
                                                                                                                "Parent Relationship": "Outer",
                                                                                                                "Parallel Aware": true,
                                                                                                                "Async Capable": false,
                                                                                                                "Relation Name": "company_name",
                                                                                                                "Alias": "cn",
                                                                                                                "Startup Cost": 0.0,
                                                                                                                "Total Cost": 4767.92,
                                                                                                                "Plan Rows": 49967,
                                                                                                                "Plan Width": 4,
                                                                                                                "Actual Startup Time": 0.01,
                                                                                                                "Actual Total Time": 4.278,
                                                                                                                "Actual Rows": 21211,
                                                                                                                "Actual Loops": 4,
                                                                                                                "Filter": "((country_code)::text = '[us]'::text)",
                                                                                                                "Rows Removed by Filter": 37538,
                                                                                                                "Workers": []
                                                                                                            }
                                                                                                        ]
                                                                                                    }
                                                                                                ]
                                                                                            }
                                                                                        ]
                                                                                    }
                                                                                ]
                                                                            },
                                                                            {
                                                                                "Node Type": "Hash",
                                                                                "Parent Relationship": "Inner",
                                                                                "Parallel Aware": false,
                                                                                "Async Capable": false,
                                                                                "Startup Cost": 123958.44,
                                                                                "Total Cost": 123958.44,
                                                                                "Plan Rows": 3020362,
                                                                                "Plan Width": 8,
                                                                                "Actual Startup Time": 388.143,
                                                                                "Actual Total Time": 388.144,
                                                                                "Actual Rows": 2728943,
                                                                                "Actual Loops": 4,
                                                                                "Hash Buckets": 524288,
                                                                                "Original Hash Buckets": 524288,
                                                                                "Hash Batches": 16,
                                                                                "Original Hash Batches": 16,
                                                                                "Peak Memory Usage": 10757,
                                                                                "Workers": [],
                                                                                "Plans": [
                                                                                    {
                                                                                        "Node Type": "Nested Loop",
                                                                                        "Parent Relationship": "Outer",
                                                                                        "Parallel Aware": false,
                                                                                        "Async Capable": false,
                                                                                        "Join Type": "Inner",
                                                                                        "Startup Cost": 0.44,
                                                                                        "Total Cost": 123958.44,
                                                                                        "Plan Rows": 3020362,
                                                                                        "Plan Width": 8,
                                                                                        "Actual Startup Time": 0.03,
                                                                                        "Actual Total Time": 250.174,
                                                                                        "Actual Rows": 2728943,
                                                                                        "Actual Loops": 4,
                                                                                        "Inner Unique": false,
                                                                                        "Workers": [],
                                                                                        "Plans": [
                                                                                            {
                                                                                                "Node Type": "Seq Scan",
                                                                                                "Parent Relationship": "Outer",
                                                                                                "Parallel Aware": false,
                                                                                                "Async Capable": false,
                                                                                                "Relation Name": "role_type",
                                                                                                "Alias": "rt",
                                                                                                "Startup Cost": 0.0,
                                                                                                "Total Cost": 1.15,
                                                                                                "Plan Rows": 1,
                                                                                                "Plan Width": 4,
                                                                                                "Actual Startup Time": 0.013,
                                                                                                "Actual Total Time": 0.015,
                                                                                                "Actual Rows": 1,
                                                                                                "Actual Loops": 4,
                                                                                                "Filter": "((role)::text = 'writer'::text)",
                                                                                                "Rows Removed by Filter": 11,
                                                                                                "Workers": []
                                                                                            },
                                                                                            {
                                                                                                "Node Type": "Index Scan",
                                                                                                "Parent Relationship": "Inner",
                                                                                                "Parallel Aware": false,
                                                                                                "Async Capable": false,
                                                                                                "Scan Direction": "Forward",
                                                                                                "Index Name": "role_id_cast_info",
                                                                                                "Relation Name": "cast_info",
                                                                                                "Alias": "ci",
                                                                                                "Startup Cost": 0.44,
                                                                                                "Total Cost": 91007.89,
                                                                                                "Plan Rows": 3294940,
                                                                                                "Plan Width": 12,
                                                                                                "Actual Startup Time": 0.013,
                                                                                                "Actual Total Time": 129.312,
                                                                                                "Actual Rows": 2728943,
                                                                                                "Actual Loops": 4,
                                                                                                "Index Cond": "(role_id = rt.id)",
                                                                                                "Rows Removed by Index Recheck": 0,
                                                                                                "Workers": []
                                                                                            }
                                                                                        ]
                                                                                    }
                                                                                ]
                                                                            }
                                                                        ]
                                                                    },
                                                                    {
                                                                        "Node Type": "Memoize",
                                                                        "Parent Relationship": "Inner",
                                                                        "Parallel Aware": false,
                                                                        "Async Capable": false,
                                                                        "Startup Cost": 0.44,
                                                                        "Total Cost": 0.46,
                                                                        "Plan Rows": 1,
                                                                        "Plan Width": 4,
                                                                        "Actual Startup Time": 0.0,
                                                                        "Actual Total Time": 0.0,
                                                                        "Actual Rows": 1,
                                                                        "Actual Loops": 1970658,
                                                                        "Cache Key": "ci.person_id",
                                                                        "Cache Mode": "logical",
                                                                        "Cache Hits": 465796,
                                                                        "Cache Misses": 66757,
                                                                        "Cache Evictions": 0,
                                                                        "Cache Overflows": 0,
                                                                        "Peak Memory Usage": 6781,
                                                                        "Workers": [
                                                                            {
                                                                                "Worker Number": 0,
                                                                                "Cache Hits": 417540,
                                                                                "Cache Misses": 64126,
                                                                                "Cache Evictions": 0,
                                                                                "Cache Overflows": 0,
                                                                                "Peak Memory Usage": 6513
                                                                            },
                                                                            {
                                                                                "Worker Number": 1,
                                                                                "Cache Hits": 412155,
                                                                                "Cache Misses": 61852,
                                                                                "Cache Evictions": 0,
                                                                                "Cache Overflows": 0,
                                                                                "Peak Memory Usage": 6282
                                                                            },
                                                                            {
                                                                                "Worker Number": 2,
                                                                                "Cache Hits": 418955,
                                                                                "Cache Misses": 63477,
                                                                                "Cache Evictions": 0,
                                                                                "Cache Overflows": 0,
                                                                                "Peak Memory Usage": 6447
                                                                            }
                                                                        ],
                                                                        "Plans": [
                                                                            {
                                                                                "Node Type": "Index Only Scan",
                                                                                "Parent Relationship": "Outer",
                                                                                "Parallel Aware": false,
                                                                                "Async Capable": false,
                                                                                "Scan Direction": "Forward",
                                                                                "Index Name": "name_pkey",
                                                                                "Relation Name": "name",
                                                                                "Alias": "n1",
                                                                                "Startup Cost": 0.43,
                                                                                "Total Cost": 0.45,
                                                                                "Plan Rows": 1,
                                                                                "Plan Width": 4,
                                                                                "Actual Startup Time": 0.002,
                                                                                "Actual Total Time": 0.002,
                                                                                "Actual Rows": 1,
                                                                                "Actual Loops": 256212,
                                                                                "Index Cond": "(id = ci.person_id)",
                                                                                "Rows Removed by Index Recheck": 0,
                                                                                "Heap Fetches": 0,
                                                                                "Workers": []
                                                                            }
                                                                        ]
                                                                    }
                                                                ]
                                                            }
                                                        ]
                                                    }
                                                ]
                                            }
                                        ]
                                    }
                                ]
                            }
                        ]
                    },
                    "Planning Time": 0.841,
                    "Triggers": [],
                    "Execution Time": 1186.091
                }
            ],
            "hints": [
                "SET enable_hashjoin TO on",
                "SET enable_indexonlyscan TO on",
                "SET enable_indexscan TO on",
                "SET enable_mergejoin TO off",
                "SET enable_nestloop TO on",
                "SET enable_seqscan TO on"
            ]
        }
    ]
}