{
    "sql_file": "job9b.sql",
    "query": "SELECT MIN(an.name) AS alternative_name, MIN(chn.name) AS voiced_character, MIN(n.name) AS voicing_actress, MIN(t.title) AS american_movie FROM aka_name AS an, char_name AS chn, cast_info AS ci, company_name AS cn, movie_companies AS mc, name AS n, role_type AS rt, title AS t WHERE ci.note  = '(voice)' AND cn.country_code ='[us]' AND mc.note  like '%(200%)%' and (mc.note like '%(USA)%' or mc.note like '%(worldwide)%') AND n.gender ='f' and n.name like '%Angel%' AND rt.role ='actress' AND t.production_year  between 2007 and 2010 AND ci.movie_id = t.id AND t.id = mc.movie_id AND ci.movie_id = mc.movie_id AND mc.company_id = cn.id AND ci.role_id = rt.id AND n.id = ci.person_id AND chn.id = ci.person_role_id AND an.person_id = n.id AND an.person_id = ci.person_id;",
    "results": [
        {
            "arm": 0,
            "execution_time": 70.084,
            "plan": [
                {
                    "Plan": {
                        "Node Type": "Aggregate",
                        "Strategy": "Plain",
                        "Partial Mode": "Simple",
                        "Parallel Aware": false,
                        "Async Capable": false,
                        "Startup Cost": 72644.43,
                        "Total Cost": 72644.44,
                        "Plan Rows": 1,
                        "Plan Width": 128,
                        "Actual Startup Time": 60.041,
                        "Actual Total Time": 70.036,
                        "Actual Rows": 1,
                        "Actual Loops": 1,
                        "Plans": [
                            {
                                "Node Type": "Nested Loop",
                                "Parent Relationship": "Outer",
                                "Parallel Aware": false,
                                "Async Capable": false,
                                "Join Type": "Inner",
                                "Startup Cost": 1003.74,
                                "Total Cost": 72644.42,
                                "Plan Rows": 1,
                                "Plan Width": 64,
                                "Actual Startup Time": 31.097,
                                "Actual Total Time": 70.022,
                                "Actual Rows": 40,
                                "Actual Loops": 1,
                                "Inner Unique": true,
                                "Plans": [
                                    {
                                        "Node Type": "Nested Loop",
                                        "Parent Relationship": "Outer",
                                        "Parallel Aware": false,
                                        "Async Capable": false,
                                        "Join Type": "Inner",
                                        "Startup Cost": 1003.31,
                                        "Total Cost": 72643.71,
                                        "Plan Rows": 1,
                                        "Plan Width": 55,
                                        "Actual Startup Time": 24.526,
                                        "Actual Total Time": 69.866,
                                        "Actual Rows": 94,
                                        "Actual Loops": 1,
                                        "Inner Unique": true,
                                        "Plans": [
                                            {
                                                "Node Type": "Nested Loop",
                                                "Parent Relationship": "Outer",
                                                "Parallel Aware": false,
                                                "Async Capable": false,
                                                "Join Type": "Inner",
                                                "Startup Cost": 1002.89,
                                                "Total Cost": 72643.09,
                                                "Plan Rows": 1,
                                                "Plan Width": 59,
                                                "Actual Startup Time": 24.519,
                                                "Actual Total Time": 69.738,
                                                "Actual Rows": 94,
                                                "Actual Loops": 1,
                                                "Inner Unique": true,
                                                "Plans": [
                                                    {
                                                        "Node Type": "Gather",
                                                        "Parent Relationship": "Outer",
                                                        "Parallel Aware": false,
                                                        "Async Capable": false,
                                                        "Startup Cost": 1002.46,
                                                        "Total Cost": 72642.37,
                                                        "Plan Rows": 1,
                                                        "Plan Width": 47,
                                                        "Actual Startup Time": 24.511,
                                                        "Actual Total Time": 69.546,
                                                        "Actual Rows": 103,
                                                        "Actual Loops": 1,
                                                        "Workers Planned": 4,
                                                        "Workers Launched": 4,
                                                        "Single Copy": false,
                                                        "Plans": [
                                                            {
                                                                "Node Type": "Nested Loop",
                                                                "Parent Relationship": "Outer",
                                                                "Parallel Aware": false,
                                                                "Async Capable": false,
                                                                "Join Type": "Inner",
                                                                "Startup Cost": 2.46,
                                                                "Total Cost": 71642.27,
                                                                "Plan Rows": 1,
                                                                "Plan Width": 47,
                                                                "Actual Startup Time": 30.65,
                                                                "Actual Total Time": 57.843,
                                                                "Actual Rows": 21,
                                                                "Actual Loops": 5,
                                                                "Inner Unique": false,
                                                                "Workers": [],
                                                                "Plans": [
                                                                    {
                                                                        "Node Type": "Hash Join",
                                                                        "Parent Relationship": "Outer",
                                                                        "Parallel Aware": false,
                                                                        "Async Capable": false,
                                                                        "Join Type": "Inner",
                                                                        "Startup Cost": 2.03,
                                                                        "Total Cost": 71641.56,
                                                                        "Plan Rows": 1,
                                                                        "Plan Width": 39,
                                                                        "Actual Startup Time": 23.395,
                                                                        "Actual Total Time": 57.571,
                                                                        "Actual Rows": 53,
                                                                        "Actual Loops": 5,
                                                                        "Inner Unique": true,
                                                                        "Hash Cond": "(ci.role_id = rt.id)",
                                                                        "Workers": [],
                                                                        "Plans": [
                                                                            {
                                                                                "Node Type": "Nested Loop",
                                                                                "Parent Relationship": "Outer",
                                                                                "Parallel Aware": false,
                                                                                "Async Capable": false,
                                                                                "Join Type": "Inner",
                                                                                "Startup Cost": 0.86,
                                                                                "Total Cost": 71640.36,
                                                                                "Plan Rows": 10,
                                                                                "Plan Width": 43,
                                                                                "Actual Startup Time": 23.328,
                                                                                "Actual Total Time": 57.497,
                                                                                "Actual Rows": 53,
                                                                                "Actual Loops": 5,
                                                                                "Inner Unique": false,
                                                                                "Join Filter": "(ci.person_id = n.id)",
                                                                                "Rows Removed by Join Filter": 0,
                                                                                "Workers": [],
                                                                                "Plans": [
                                                                                    {
                                                                                        "Node Type": "Nested Loop",
                                                                                        "Parent Relationship": "Outer",
                                                                                        "Parallel Aware": false,
                                                                                        "Async Capable": false,
                                                                                        "Join Type": "Inner",
                                                                                        "Startup Cost": 0.42,
                                                                                        "Total Cost": 71581.42,
                                                                                        "Plan Rows": 5,
                                                                                        "Plan Width": 39,
                                                                                        "Actual Startup Time": 22.32,
                                                                                        "Actual Total Time": 56.003,
                                                                                        "Actual Rows": 259,
                                                                                        "Actual Loops": 5,
                                                                                        "Inner Unique": false,
                                                                                        "Workers": [],
                                                                                        "Plans": [
                                                                                            {
                                                                                                "Node Type": "Seq Scan",
                                                                                                "Parent Relationship": "Outer",
                                                                                                "Parallel Aware": true,
                                                                                                "Async Capable": false,
                                                                                                "Relation Name": "name",
                                                                                                "Alias": "n",
                                                                                                "Startup Cost": 0.0,
                                                                                                "Total Cost": 71284.09,
                                                                                                "Plan Rows": 24,
                                                                                                "Plan Width": 19,
                                                                                                "Actual Startup Time": 22.187,
                                                                                                "Actual Total Time": 54.478,
                                                                                                "Actual Rows": 1082,
                                                                                                "Actual Loops": 5,
                                                                                                "Filter": "((name ~~ '%Angel%'::text) AND ((gender)::text = 'f'::text))",
                                                                                                "Rows Removed by Filter": 832416,
                                                                                                "Workers": []
                                                                                            },
                                                                                            {
                                                                                                "Node Type": "Index Scan",
                                                                                                "Parent Relationship": "Inner",
                                                                                                "Parallel Aware": false,
                                                                                                "Async Capable": false,
                                                                                                "Scan Direction": "Forward",
                                                                                                "Index Name": "person_id_aka_name",
                                                                                                "Relation Name": "aka_name",
                                                                                                "Alias": "an",
                                                                                                "Startup Cost": 0.42,
                                                                                                "Total Cost": 12.37,
                                                                                                "Plan Rows": 2,
                                                                                                "Plan Width": 20,
                                                                                                "Actual Startup Time": 0.001,
                                                                                                "Actual Total Time": 0.001,
                                                                                                "Actual Rows": 0,
                                                                                                "Actual Loops": 5409,
                                                                                                "Index Cond": "(person_id = n.id)",
                                                                                                "Rows Removed by Index Recheck": 0,
                                                                                                "Workers": []
                                                                                            }
                                                                                        ]
                                                                                    },
                                                                                    {
                                                                                        "Node Type": "Index Scan",
                                                                                        "Parent Relationship": "Inner",
                                                                                        "Parallel Aware": false,
                                                                                        "Async Capable": false,
                                                                                        "Scan Direction": "Forward",
                                                                                        "Index Name": "person_id_cast_info",
                                                                                        "Relation Name": "cast_info",
                                                                                        "Alias": "ci",
                                                                                        "Startup Cost": 0.44,
                                                                                        "Total Cost": 11.68,
                                                                                        "Plan Rows": 9,
                                                                                        "Plan Width": 16,
                                                                                        "Actual Startup Time": 0.005,
                                                                                        "Actual Total Time": 0.006,
                                                                                        "Actual Rows": 0,
                                                                                        "Actual Loops": 1296,
                                                                                        "Index Cond": "(person_id = an.person_id)",
                                                                                        "Rows Removed by Index Recheck": 0,
                                                                                        "Filter": "(note = '(voice)'::text)",
                                                                                        "Rows Removed by Filter": 43,
                                                                                        "Workers": []
                                                                                    }
                                                                                ]
                                                                            },
                                                                            {
                                                                                "Node Type": "Hash",
                                                                                "Parent Relationship": "Inner",
                                                                                "Parallel Aware": false,
                                                                                "Async Capable": false,
                                                                                "Startup Cost": 1.15,
                                                                                "Total Cost": 1.15,
                                                                                "Plan Rows": 1,
                                                                                "Plan Width": 4,
                                                                                "Actual Startup Time": 0.008,
                                                                                "Actual Total Time": 0.009,
                                                                                "Actual Rows": 1,
                                                                                "Actual Loops": 5,
                                                                                "Hash Buckets": 1024,
                                                                                "Original Hash Buckets": 1024,
                                                                                "Hash Batches": 1,
                                                                                "Original Hash Batches": 1,
                                                                                "Peak Memory Usage": 9,
                                                                                "Workers": [],
                                                                                "Plans": [
                                                                                    {
                                                                                        "Node Type": "Seq Scan",
                                                                                        "Parent Relationship": "Outer",
                                                                                        "Parallel Aware": false,
                                                                                        "Async Capable": false,
                                                                                        "Relation Name": "role_type",
                                                                                        "Alias": "rt",
                                                                                        "Startup Cost": 0.0,
                                                                                        "Total Cost": 1.15,
                                                                                        "Plan Rows": 1,
                                                                                        "Plan Width": 4,
                                                                                        "Actual Startup Time": 0.005,
                                                                                        "Actual Total Time": 0.005,
                                                                                        "Actual Rows": 1,
                                                                                        "Actual Loops": 5,
                                                                                        "Filter": "((role)::text = 'actress'::text)",
                                                                                        "Rows Removed by Filter": 11,
                                                                                        "Workers": []
                                                                                    }
                                                                                ]
                                                                            }
                                                                        ]
                                                                    },
                                                                    {
                                                                        "Node Type": "Index Scan",
                                                                        "Parent Relationship": "Inner",
                                                                        "Parallel Aware": false,
                                                                        "Async Capable": false,
                                                                        "Scan Direction": "Forward",
                                                                        "Index Name": "movie_id_movie_companies",
                                                                        "Relation Name": "movie_companies",
                                                                        "Alias": "mc",
                                                                        "Startup Cost": 0.43,
                                                                        "Total Cost": 0.7,
                                                                        "Plan Rows": 1,
                                                                        "Plan Width": 8,
                                                                        "Actual Startup Time": 0.004,
                                                                        "Actual Total Time": 0.005,
                                                                        "Actual Rows": 0,
                                                                        "Actual Loops": 265,
                                                                        "Index Cond": "(movie_id = ci.movie_id)",
                                                                        "Rows Removed by Index Recheck": 0,
                                                                        "Filter": "((note ~~ '%(200%)%'::text) AND ((note ~~ '%(USA)%'::text) OR (note ~~ '%(worldwide)%'::text)))",
                                                                        "Rows Removed by Filter": 4,
                                                                        "Workers": []
                                                                    }
                                                                ]
                                                            }
                                                        ]
                                                    },
                                                    {
                                                        "Node Type": "Index Scan",
                                                        "Parent Relationship": "Inner",
                                                        "Parallel Aware": false,
                                                        "Async Capable": false,
                                                        "Scan Direction": "Forward",
                                                        "Index Name": "char_name_pkey",
                                                        "Relation Name": "char_name",
                                                        "Alias": "chn",
                                                        "Startup Cost": 0.43,
                                                        "Total Cost": 0.72,
                                                        "Plan Rows": 1,
                                                        "Plan Width": 20,
                                                        "Actual Startup Time": 0.002,
                                                        "Actual Total Time": 0.002,
                                                        "Actual Rows": 1,
                                                        "Actual Loops": 103,
                                                        "Index Cond": "(id = ci.person_role_id)",
                                                        "Rows Removed by Index Recheck": 0
                                                    }
                                                ]
                                            },
                                            {
                                                "Node Type": "Index Scan",
                                                "Parent Relationship": "Inner",
                                                "Parallel Aware": false,
                                                "Async Capable": false,
                                                "Scan Direction": "Forward",
                                                "Index Name": "company_name_pkey",
                                                "Relation Name": "company_name",
                                                "Alias": "cn",
                                                "Startup Cost": 0.42,
                                                "Total Cost": 0.62,
                                                "Plan Rows": 1,
                                                "Plan Width": 4,
                                                "Actual Startup Time": 0.001,
                                                "Actual Total Time": 0.001,
                                                "Actual Rows": 1,
                                                "Actual Loops": 94,
                                                "Index Cond": "(id = mc.company_id)",
                                                "Rows Removed by Index Recheck": 0,
                                                "Filter": "((country_code)::text = '[us]'::text)",
                                                "Rows Removed by Filter": 0
                                            }
                                        ]
                                    },
                                    {
                                        "Node Type": "Index Scan",
                                        "Parent Relationship": "Inner",
                                        "Parallel Aware": false,
                                        "Async Capable": false,
                                        "Scan Direction": "Forward",
                                        "Index Name": "title_pkey",
                                        "Relation Name": "title",
                                        "Alias": "t",
                                        "Startup Cost": 0.43,
                                        "Total Cost": 0.71,
                                        "Plan Rows": 1,
                                        "Plan Width": 21,
                                        "Actual Startup Time": 0.002,
                                        "Actual Total Time": 0.002,
                                        "Actual Rows": 0,
                                        "Actual Loops": 94,
                                        "Index Cond": "(id = ci.movie_id)",
                                        "Rows Removed by Index Recheck": 0,
                                        "Filter": "((production_year >= 2007) AND (production_year <= 2010))",
                                        "Rows Removed by Filter": 1
                                    }
                                ]
                            }
                        ]
                    },
                    "Planning Time": 2.572,
                    "Triggers": [],
                    "Execution Time": 70.084
                }
            ],
            "hints": [
                "SET enable_hashjoin TO on",
                "SET enable_indexonlyscan TO on",
                "SET enable_indexscan TO on",
                "SET enable_mergejoin TO on",
                "SET enable_nestloop TO on",
                "SET enable_seqscan TO on"
            ]
        },
        {
            "arm": 1,
            "execution_time": 445.584,
            "plan": [
                {
                    "Plan": {
                        "Node Type": "Aggregate",
                        "Strategy": "Plain",
                        "Partial Mode": "Simple",
                        "Parallel Aware": false,
                        "Async Capable": false,
                        "Startup Cost": 547876.39,
                        "Total Cost": 547876.4,
                        "Plan Rows": 1,
                        "Plan Width": 128,
                        "Actual Startup Time": 423.808,
                        "Actual Total Time": 445.541,
                        "Actual Rows": 1,
                        "Actual Loops": 1,
                        "Plans": [
                            {
                                "Node Type": "Gather",
                                "Parent Relationship": "Outer",
                                "Parallel Aware": false,
                                "Async Capable": false,
                                "Startup Cost": 501895.74,
                                "Total Cost": 547876.38,
                                "Plan Rows": 1,
                                "Plan Width": 64,
                                "Actual Startup Time": 400.099,
                                "Actual Total Time": 445.522,
                                "Actual Rows": 40,
                                "Actual Loops": 1,
                                "Workers Planned": 4,
                                "Workers Launched": 4,
                                "Single Copy": false,
                                "Plans": [
                                    {
                                        "Node Type": "Hash Join",
                                        "Parent Relationship": "Outer",
                                        "Parallel Aware": true,
                                        "Async Capable": false,
                                        "Join Type": "Inner",
                                        "Startup Cost": 500895.74,
                                        "Total Cost": 546876.28,
                                        "Plan Rows": 1,
                                        "Plan Width": 64,
                                        "Actual Startup Time": 408.632,
                                        "Actual Total Time": 422.078,
                                        "Actual Rows": 8,
                                        "Actual Loops": 5,
                                        "Inner Unique": false,
                                        "Hash Cond": "(t.id = ci.movie_id)",
                                        "Workers": [],
                                        "Plans": [
                                            {
                                                "Node Type": "Seq Scan",
                                                "Parent Relationship": "Outer",
                                                "Parallel Aware": true,
                                                "Async Capable": false,
                                                "Relation Name": "title",
                                                "Alias": "t",
                                                "Startup Cost": 0.0,
                                                "Total Cost": 45490.07,
                                                "Plan Rows": 130788,
                                                "Plan Width": 21,
                                                "Actual Startup Time": 0.003,
                                                "Actual Total Time": 25.789,
                                                "Actual Rows": 102565,
                                                "Actual Loops": 5,
                                                "Filter": "((production_year >= 2007) AND (production_year <= 2010))",
                                                "Rows Removed by Filter": 403097,
                                                "Workers": []
                                            },
                                            {
                                                "Node Type": "Hash",
                                                "Parent Relationship": "Inner",
                                                "Parallel Aware": true,
                                                "Async Capable": false,
                                                "Startup Cost": 500895.73,
                                                "Total Cost": 500895.73,
                                                "Plan Rows": 1,
                                                "Plan Width": 55,
                                                "Actual Startup Time": 393.474,
                                                "Actual Total Time": 393.485,
                                                "Actual Rows": 19,
                                                "Actual Loops": 5,
                                                "Hash Buckets": 1024,
                                                "Original Hash Buckets": 1024,
                                                "Hash Batches": 1,
                                                "Original Hash Batches": 1,
                                                "Peak Memory Usage": 168,
                                                "Workers": [],
                                                "Plans": [
                                                    {
                                                        "Node Type": "Hash Join",
                                                        "Parent Relationship": "Outer",
                                                        "Parallel Aware": true,
                                                        "Async Capable": false,
                                                        "Join Type": "Inner",
                                                        "Startup Cost": 495940.42,
                                                        "Total Cost": 500895.73,
                                                        "Plan Rows": 1,
                                                        "Plan Width": 55,
                                                        "Actual Startup Time": 390.359,
                                                        "Actual Total Time": 393.47,
                                                        "Actual Rows": 19,
                                                        "Actual Loops": 5,
                                                        "Inner Unique": false,
                                                        "Hash Cond": "(cn.id = mc.company_id)",
                                                        "Workers": [],
                                                        "Plans": [
                                                            {
                                                                "Node Type": "Seq Scan",
                                                                "Parent Relationship": "Outer",
                                                                "Parallel Aware": true,
                                                                "Async Capable": false,
                                                                "Relation Name": "company_name",
                                                                "Alias": "cn",
                                                                "Startup Cost": 0.0,
                                                                "Total Cost": 4767.92,
                                                                "Plan Rows": 49967,
                                                                "Plan Width": 4,
                                                                "Actual Startup Time": 0.004,
                                                                "Actual Total Time": 2.779,
                                                                "Actual Rows": 16969,
                                                                "Actual Loops": 5,
                                                                "Filter": "((country_code)::text = '[us]'::text)",
                                                                "Rows Removed by Filter": 30031,
                                                                "Workers": []
                                                            },
                                                            {
                                                                "Node Type": "Hash",
                                                                "Parent Relationship": "Inner",
                                                                "Parallel Aware": true,
                                                                "Async Capable": false,
                                                                "Startup Cost": 495940.41,
                                                                "Total Cost": 495940.41,
                                                                "Plan Rows": 1,
                                                                "Plan Width": 59,
                                                                "Actual Startup Time": 390.211,
                                                                "Actual Total Time": 390.221,
                                                                "Actual Rows": 19,
                                                                "Actual Loops": 5,
                                                                "Hash Buckets": 1024,
                                                                "Original Hash Buckets": 1024,
                                                                "Hash Batches": 1,
                                                                "Original Hash Batches": 1,
                                                                "Peak Memory Usage": 168,
                                                                "Workers": [],
                                                                "Plans": [
                                                                    {
                                                                        "Node Type": "Hash Join",
                                                                        "Parent Relationship": "Outer",
                                                                        "Parallel Aware": true,
                                                                        "Async Capable": false,
                                                                        "Join Type": "Inner",
                                                                        "Startup Cost": 462279.44,
                                                                        "Total Cost": 495940.41,
                                                                        "Plan Rows": 1,
                                                                        "Plan Width": 59,
                                                                        "Actual Startup Time": 364.093,
                                                                        "Actual Total Time": 390.203,
                                                                        "Actual Rows": 19,
                                                                        "Actual Loops": 5,
                                                                        "Inner Unique": false,
                                                                        "Hash Cond": "(mc.movie_id = ci.movie_id)",
                                                                        "Workers": [],
                                                                        "Plans": [
                                                                            {
                                                                                "Node Type": "Seq Scan",
                                                                                "Parent Relationship": "Outer",
                                                                                "Parallel Aware": true,
                                                                                "Async Capable": false,
                                                                                "Relation Name": "movie_companies",
                                                                                "Alias": "mc",
                                                                                "Startup Cost": 0.0,
                                                                                "Total Cost": 33552.95,
                                                                                "Plan Rows": 28802,
                                                                                "Plan Width": 8,
                                                                                "Actual Startup Time": 0.008,
                                                                                "Actual Total Time": 30.127,
                                                                                "Actual Rows": 39704,
                                                                                "Actual Loops": 5,
                                                                                "Filter": "((note ~~ '%(200%)%'::text) AND ((note ~~ '%(USA)%'::text) OR (note ~~ '%(worldwide)%'::text)))",
                                                                                "Rows Removed by Filter": 482122,
                                                                                "Workers": []
                                                                            },
                                                                            {
                                                                                "Node Type": "Hash",
                                                                                "Parent Relationship": "Inner",
                                                                                "Parallel Aware": true,
                                                                                "Async Capable": false,
                                                                                "Startup Cost": 462279.42,
                                                                                "Total Cost": 462279.42,
                                                                                "Plan Rows": 1,
                                                                                "Plan Width": 51,
                                                                                "Actual Startup Time": 358.915,
                                                                                "Actual Total Time": 358.923,
                                                                                "Actual Rows": 47,
                                                                                "Actual Loops": 5,
                                                                                "Hash Buckets": 1024,
                                                                                "Original Hash Buckets": 1024,
                                                                                "Hash Batches": 1,
                                                                                "Original Hash Batches": 1,
                                                                                "Peak Memory Usage": 168,
                                                                                "Workers": [],
                                                                                "Plans": [
                                                                                    {
                                                                                        "Node Type": "Hash Join",
                                                                                        "Parent Relationship": "Outer",
                                                                                        "Parallel Aware": true,
                                                                                        "Async Capable": false,
                                                                                        "Join Type": "Inner",
                                                                                        "Startup Cost": 415036.47,
                                                                                        "Total Cost": 462279.42,
                                                                                        "Plan Rows": 1,
                                                                                        "Plan Width": 51,
                                                                                        "Actual Startup Time": 305.588,
                                                                                        "Actual Total Time": 358.896,
                                                                                        "Actual Rows": 47,
                                                                                        "Actual Loops": 5,
                                                                                        "Inner Unique": false,
                                                                                        "Hash Cond": "(chn.id = ci.person_role_id)",
                                                                                        "Workers": [],
                                                                                        "Plans": [
                                                                                            {
                                                                                                "Node Type": "Seq Scan",
                                                                                                "Parent Relationship": "Outer",
                                                                                                "Parallel Aware": true,
                                                                                                "Async Capable": false,
                                                                                                "Relation Name": "char_name",
                                                                                                "Alias": "chn",
                                                                                                "Startup Cost": 0.0,
                                                                                                "Total Cost": 44298.87,
                                                                                                "Plan Rows": 785087,
                                                                                                "Plan Width": 20,
                                                                                                "Actual Startup Time": 0.01,
                                                                                                "Actual Total Time": 35.244,
                                                                                                "Actual Rows": 628068,
                                                                                                "Actual Loops": 5,
                                                                                                "Workers": []
                                                                                            },
                                                                                            {
                                                                                                "Node Type": "Hash",
                                                                                                "Parent Relationship": "Inner",
                                                                                                "Parallel Aware": true,
                                                                                                "Async Capable": false,
                                                                                                "Startup Cost": 415036.46,
                                                                                                "Total Cost": 415036.46,
                                                                                                "Plan Rows": 1,
                                                                                                "Plan Width": 39,
                                                                                                "Actual Startup Time": 305.252,
                                                                                                "Actual Total Time": 305.258,
                                                                                                "Actual Rows": 53,
                                                                                                "Actual Loops": 5,
                                                                                                "Hash Buckets": 1024,
                                                                                                "Original Hash Buckets": 1024,
                                                                                                "Hash Batches": 1,
                                                                                                "Original Hash Batches": 1,
                                                                                                "Peak Memory Usage": 168,
                                                                                                "Workers": [],
                                                                                                "Plans": [
                                                                                                    {
                                                                                                        "Node Type": "Hash Join",
                                                                                                        "Parent Relationship": "Outer",
                                                                                                        "Parallel Aware": false,
                                                                                                        "Async Capable": false,
                                                                                                        "Join Type": "Inner",
                                                                                                        "Startup Cost": 86372.43,
                                                                                                        "Total Cost": 415036.46,
                                                                                                        "Plan Rows": 1,
                                                                                                        "Plan Width": 39,
                                                                                                        "Actual Startup Time": 89.797,
                                                                                                        "Actual Total Time": 305.234,
                                                                                                        "Actual Rows": 53,
                                                                                                        "Actual Loops": 5,
                                                                                                        "Inner Unique": true,
                                                                                                        "Hash Cond": "(ci.role_id = rt.id)",
                                                                                                        "Workers": [],
                                                                                                        "Plans": [
                                                                                                            {
                                                                                                                "Node Type": "Hash Join",
                                                                                                                "Parent Relationship": "Outer",
                                                                                                                "Parallel Aware": true,
                                                                                                                "Async Capable": false,
                                                                                                                "Join Type": "Inner",
                                                                                                                "Startup Cost": 86371.27,
                                                                                                                "Total Cost": 415035.26,
                                                                                                                "Plan Rows": 7,
                                                                                                                "Plan Width": 43,
                                                                                                                "Actual Startup Time": 89.784,
                                                                                                                "Actual Total Time": 305.214,
                                                                                                                "Actual Rows": 53,
                                                                                                                "Actual Loops": 5,
                                                                                                                "Inner Unique": false,
                                                                                                                "Hash Cond": "(ci.person_id = n.id)",
                                                                                                                "Workers": [],
                                                                                                                "Plans": [
                                                                                                                    {
                                                                                                                        "Node Type": "Seq Scan",
                                                                                                                        "Parent Relationship": "Outer",
                                                                                                                        "Parallel Aware": true,
                                                                                                                        "Async Capable": false,
                                                                                                                        "Relation Name": "cast_info",
                                                                                                                        "Alias": "ci",
                                                                                                                        "Startup Cost": 0.0,
                                                                                                                        "Total Cost": 328229.05,
                                                                                                                        "Plan Rows": 115982,
                                                                                                                        "Plan Width": 16,
                                                                                                                        "Actual Startup Time": 0.033,
                                                                                                                        "Actual Total Time": 217.104,
                                                                                                                        "Actual Rows": 142766,
                                                                                                                        "Actual Loops": 5,
                                                                                                                        "Filter": "(note = '(voice)'::text)",
                                                                                                                        "Rows Removed by Filter": 7106103,
                                                                                                                        "Workers": []
                                                                                                                    },
                                                                                                                    {
                                                                                                                        "Node Type": "Hash",
                                                                                                                        "Parent Relationship": "Inner",
                                                                                                                        "Parallel Aware": true,
                                                                                                                        "Async Capable": false,
                                                                                                                        "Startup Cost": 86371.18,
                                                                                                                        "Total Cost": 86371.18,
                                                                                                                        "Plan Rows": 7,
                                                                                                                        "Plan Width": 39,
                                                                                                                        "Actual Startup Time": 83.422,
                                                                                                                        "Actual Total Time": 83.425,
                                                                                                                        "Actual Rows": 259,
                                                                                                                        "Actual Loops": 5,
                                                                                                                        "Hash Buckets": 1024,
                                                                                                                        "Original Hash Buckets": 1024,
                                                                                                                        "Hash Batches": 1,
                                                                                                                        "Original Hash Batches": 1,
                                                                                                                        "Peak Memory Usage": 200,
                                                                                                                        "Workers": [],
                                                                                                                        "Plans": [
                                                                                                                            {
                                                                                                                                "Node Type": "Hash Join",
                                                                                                                                "Parent Relationship": "Outer",
                                                                                                                                "Parallel Aware": true,
                                                                                                                                "Async Capable": false,
                                                                                                                                "Join Type": "Inner",
                                                                                                                                "Startup Cost": 71284.39,
                                                                                                                                "Total Cost": 86371.18,
                                                                                                                                "Plan Rows": 7,
                                                                                                                                "Plan Width": 39,
                                                                                                                                "Actual Startup Time": 63.613,
                                                                                                                                "Actual Total Time": 83.369,
                                                                                                                                "Actual Rows": 259,
                                                                                                                                "Actual Loops": 5,
                                                                                                                                "Inner Unique": true,
                                                                                                                                "Hash Cond": "(an.person_id = n.id)",
                                                                                                                                "Workers": [],
                                                                                                                                "Plans": [
                                                                                                                                    {
                                                                                                                                        "Node Type": "Seq Scan",
                                                                                                                                        "Parent Relationship": "Outer",
                                                                                                                                        "Parallel Aware": true,
                                                                                                                                        "Async Capable": false,
                                                                                                                                        "Relation Name": "aka_name",
                                                                                                                                        "Alias": "an",
                                                                                                                                        "Startup Cost": 0.0,
                                                                                                                                        "Total Cost": 14323.56,
                                                                                                                                        "Plan Rows": 290756,
                                                                                                                                        "Plan Width": 20,
                                                                                                                                        "Actual Startup Time": 0.02,
                                                                                                                                        "Actual Total Time": 12.138,
                                                                                                                                        "Actual Rows": 180269,
                                                                                                                                        "Actual Loops": 5,
                                                                                                                                        "Workers": []
                                                                                                                                    },
                                                                                                                                    {
                                                                                                                                        "Node Type": "Hash",
                                                                                                                                        "Parent Relationship": "Inner",
                                                                                                                                        "Parallel Aware": true,
                                                                                                                                        "Async Capable": false,
                                                                                                                                        "Startup Cost": 71284.09,
                                                                                                                                        "Total Cost": 71284.09,
                                                                                                                                        "Plan Rows": 24,
                                                                                                                                        "Plan Width": 19,
                                                                                                                                        "Actual Startup Time": 63.262,
                                                                                                                                        "Actual Total Time": 63.263,
                                                                                                                                        "Actual Rows": 1082,
                                                                                                                                        "Actual Loops": 5,
                                                                                                                                        "Hash Buckets": 4096,
                                                                                                                                        "Original Hash Buckets": 1024,
                                                                                                                                        "Hash Batches": 1,
                                                                                                                                        "Original Hash Batches": 1,
                                                                                                                                        "Peak Memory Usage": 440,
                                                                                                                                        "Workers": [],
                                                                                                                                        "Plans": [
                                                                                                                                            {
                                                                                                                                                "Node Type": "Seq Scan",
                                                                                                                                                "Parent Relationship": "Outer",
                                                                                                                                                "Parallel Aware": true,
                                                                                                                                                "Async Capable": false,
                                                                                                                                                "Relation Name": "name",
                                                                                                                                                "Alias": "n",
                                                                                                                                                "Startup Cost": 0.0,
                                                                                                                                                "Total Cost": 71284.09,
                                                                                                                                                "Plan Rows": 24,
                                                                                                                                                "Plan Width": 19,
                                                                                                                                                "Actual Startup Time": 22.081,
                                                                                                                                                "Actual Total Time": 55.183,
                                                                                                                                                "Actual Rows": 1082,
                                                                                                                                                "Actual Loops": 5,
                                                                                                                                                "Filter": "((name ~~ '%Angel%'::text) AND ((gender)::text = 'f'::text))",
                                                                                                                                                "Rows Removed by Filter": 832416,
                                                                                                                                                "Workers": []
                                                                                                                                            }
                                                                                                                                        ]
                                                                                                                                    }
                                                                                                                                ]
                                                                                                                            }
                                                                                                                        ]
                                                                                                                    }
                                                                                                                ]
                                                                                                            },
                                                                                                            {
                                                                                                                "Node Type": "Hash",
                                                                                                                "Parent Relationship": "Inner",
                                                                                                                "Parallel Aware": false,
                                                                                                                "Async Capable": false,
                                                                                                                "Startup Cost": 1.15,
                                                                                                                "Total Cost": 1.15,
                                                                                                                "Plan Rows": 1,
                                                                                                                "Plan Width": 4,
                                                                                                                "Actual Startup Time": 0.007,
                                                                                                                "Actual Total Time": 0.008,
                                                                                                                "Actual Rows": 1,
                                                                                                                "Actual Loops": 5,
                                                                                                                "Hash Buckets": 1024,
                                                                                                                "Original Hash Buckets": 1024,
                                                                                                                "Hash Batches": 1,
                                                                                                                "Original Hash Batches": 1,
                                                                                                                "Peak Memory Usage": 9,
                                                                                                                "Workers": [],
                                                                                                                "Plans": [
                                                                                                                    {
                                                                                                                        "Node Type": "Seq Scan",
                                                                                                                        "Parent Relationship": "Outer",
                                                                                                                        "Parallel Aware": false,
                                                                                                                        "Async Capable": false,
                                                                                                                        "Relation Name": "role_type",
                                                                                                                        "Alias": "rt",
                                                                                                                        "Startup Cost": 0.0,
                                                                                                                        "Total Cost": 1.15,
                                                                                                                        "Plan Rows": 1,
                                                                                                                        "Plan Width": 4,
                                                                                                                        "Actual Startup Time": 0.005,
                                                                                                                        "Actual Total Time": 0.006,
                                                                                                                        "Actual Rows": 1,
                                                                                                                        "Actual Loops": 5,
                                                                                                                        "Filter": "((role)::text = 'actress'::text)",
                                                                                                                        "Rows Removed by Filter": 11,
                                                                                                                        "Workers": []
                                                                                                                    }
                                                                                                                ]
                                                                                                            }
                                                                                                        ]
                                                                                                    }
                                                                                                ]
                                                                                            }
                                                                                        ]
                                                                                    }
                                                                                ]
                                                                            }
                                                                        ]
                                                                    }
                                                                ]
                                                            }
                                                        ]
                                                    }
                                                ]
                                            }
                                        ]
                                    }
                                ]
                            }
                        ]
                    },
                    "Planning Time": 2.427,
                    "Triggers": [],
                    "Execution Time": 445.584
                }
            ],
            "hints": [
                "SET enable_hashjoin TO on",
                "SET enable_indexonlyscan TO on",
                "SET enable_indexscan TO on",
                "SET enable_mergejoin TO on",
                "SET enable_nestloop TO off",
                "SET enable_seqscan TO on"
            ]
        },
        {
            "arm": 2,
            "execution_time": 437.425,
            "plan": [
                {
                    "Plan": {
                        "Node Type": "Aggregate",
                        "Strategy": "Plain",
                        "Partial Mode": "Finalize",
                        "Parallel Aware": false,
                        "Async Capable": false,
                        "Startup Cost": 547876.74,
                        "Total Cost": 547876.75,
                        "Plan Rows": 1,
                        "Plan Width": 128,
                        "Actual Startup Time": 415.223,
                        "Actual Total Time": 437.376,
                        "Actual Rows": 1,
                        "Actual Loops": 1,
                        "Plans": [
                            {
                                "Node Type": "Gather",
                                "Parent Relationship": "Outer",
                                "Parallel Aware": false,
                                "Async Capable": false,
                                "Startup Cost": 547876.29,
                                "Total Cost": 547876.7,
                                "Plan Rows": 4,
                                "Plan Width": 128,
                                "Actual Startup Time": 415.112,
                                "Actual Total Time": 437.371,
                                "Actual Rows": 5,
                                "Actual Loops": 1,
                                "Workers Planned": 4,
                                "Workers Launched": 4,
                                "Single Copy": false,
                                "Plans": [
                                    {
                                        "Node Type": "Aggregate",
                                        "Strategy": "Plain",
                                        "Partial Mode": "Partial",
                                        "Parent Relationship": "Outer",
                                        "Parallel Aware": false,
                                        "Async Capable": false,
                                        "Startup Cost": 546876.29,
                                        "Total Cost": 546876.3,
                                        "Plan Rows": 1,
                                        "Plan Width": 128,
                                        "Actual Startup Time": 413.234,
                                        "Actual Total Time": 413.245,
                                        "Actual Rows": 1,
                                        "Actual Loops": 5,
                                        "Workers": [],
                                        "Plans": [
                                            {
                                                "Node Type": "Hash Join",
                                                "Parent Relationship": "Outer",
                                                "Parallel Aware": true,
                                                "Async Capable": false,
                                                "Join Type": "Inner",
                                                "Startup Cost": 500895.74,
                                                "Total Cost": 546876.28,
                                                "Plan Rows": 1,
                                                "Plan Width": 64,
                                                "Actual Startup Time": 399.081,
                                                "Actual Total Time": 413.236,
                                                "Actual Rows": 8,
                                                "Actual Loops": 5,
                                                "Inner Unique": false,
                                                "Hash Cond": "(t.id = ci.movie_id)",
                                                "Workers": [],
                                                "Plans": [
                                                    {
                                                        "Node Type": "Seq Scan",
                                                        "Parent Relationship": "Outer",
                                                        "Parallel Aware": true,
                                                        "Async Capable": false,
                                                        "Relation Name": "title",
                                                        "Alias": "t",
                                                        "Startup Cost": 0.0,
                                                        "Total Cost": 45490.07,
                                                        "Plan Rows": 130788,
                                                        "Plan Width": 21,
                                                        "Actual Startup Time": 0.009,
                                                        "Actual Total Time": 25.224,
                                                        "Actual Rows": 102565,
                                                        "Actual Loops": 5,
                                                        "Filter": "((production_year >= 2007) AND (production_year <= 2010))",
                                                        "Rows Removed by Filter": 403097,
                                                        "Workers": []
                                                    },
                                                    {
                                                        "Node Type": "Hash",
                                                        "Parent Relationship": "Inner",
                                                        "Parallel Aware": true,
                                                        "Async Capable": false,
                                                        "Startup Cost": 500895.73,
                                                        "Total Cost": 500895.73,
                                                        "Plan Rows": 1,
                                                        "Plan Width": 55,
                                                        "Actual Startup Time": 385.14,
                                                        "Actual Total Time": 385.151,
                                                        "Actual Rows": 19,
                                                        "Actual Loops": 5,
                                                        "Hash Buckets": 1024,
                                                        "Original Hash Buckets": 1024,
                                                        "Hash Batches": 1,
                                                        "Original Hash Batches": 1,
                                                        "Peak Memory Usage": 168,
                                                        "Workers": [],
                                                        "Plans": [
                                                            {
                                                                "Node Type": "Hash Join",
                                                                "Parent Relationship": "Outer",
                                                                "Parallel Aware": true,
                                                                "Async Capable": false,
                                                                "Join Type": "Inner",
                                                                "Startup Cost": 495940.42,
                                                                "Total Cost": 500895.73,
                                                                "Plan Rows": 1,
                                                                "Plan Width": 55,
                                                                "Actual Startup Time": 382.109,
                                                                "Actual Total Time": 385.133,
                                                                "Actual Rows": 19,
                                                                "Actual Loops": 5,
                                                                "Inner Unique": false,
                                                                "Hash Cond": "(cn.id = mc.company_id)",
                                                                "Workers": [],
                                                                "Plans": [
                                                                    {
                                                                        "Node Type": "Seq Scan",
                                                                        "Parent Relationship": "Outer",
                                                                        "Parallel Aware": true,
                                                                        "Async Capable": false,
                                                                        "Relation Name": "company_name",
                                                                        "Alias": "cn",
                                                                        "Startup Cost": 0.0,
                                                                        "Total Cost": 4767.92,
                                                                        "Plan Rows": 49967,
                                                                        "Plan Width": 4,
                                                                        "Actual Startup Time": 0.005,
                                                                        "Actual Total Time": 2.693,
                                                                        "Actual Rows": 16969,
                                                                        "Actual Loops": 5,
                                                                        "Filter": "((country_code)::text = '[us]'::text)",
                                                                        "Rows Removed by Filter": 30031,
                                                                        "Workers": []
                                                                    },
                                                                    {
                                                                        "Node Type": "Hash",
                                                                        "Parent Relationship": "Inner",
                                                                        "Parallel Aware": true,
                                                                        "Async Capable": false,
                                                                        "Startup Cost": 495940.41,
                                                                        "Total Cost": 495940.41,
                                                                        "Plan Rows": 1,
                                                                        "Plan Width": 59,
                                                                        "Actual Startup Time": 381.964,
                                                                        "Actual Total Time": 381.973,
                                                                        "Actual Rows": 19,
                                                                        "Actual Loops": 5,
                                                                        "Hash Buckets": 1024,
                                                                        "Original Hash Buckets": 1024,
                                                                        "Hash Batches": 1,
                                                                        "Original Hash Batches": 1,
                                                                        "Peak Memory Usage": 168,
                                                                        "Workers": [],
                                                                        "Plans": [
                                                                            {
                                                                                "Node Type": "Hash Join",
                                                                                "Parent Relationship": "Outer",
                                                                                "Parallel Aware": true,
                                                                                "Async Capable": false,
                                                                                "Join Type": "Inner",
                                                                                "Startup Cost": 462279.44,
                                                                                "Total Cost": 495940.41,
                                                                                "Plan Rows": 1,
                                                                                "Plan Width": 59,
                                                                                "Actual Startup Time": 355.209,
                                                                                "Actual Total Time": 381.952,
                                                                                "Actual Rows": 19,
                                                                                "Actual Loops": 5,
                                                                                "Inner Unique": false,
                                                                                "Hash Cond": "(mc.movie_id = ci.movie_id)",
                                                                                "Workers": [],
                                                                                "Plans": [
                                                                                    {
                                                                                        "Node Type": "Seq Scan",
                                                                                        "Parent Relationship": "Outer",
                                                                                        "Parallel Aware": true,
                                                                                        "Async Capable": false,
                                                                                        "Relation Name": "movie_companies",
                                                                                        "Alias": "mc",
                                                                                        "Startup Cost": 0.0,
                                                                                        "Total Cost": 33552.95,
                                                                                        "Plan Rows": 28802,
                                                                                        "Plan Width": 8,
                                                                                        "Actual Startup Time": 0.006,
                                                                                        "Actual Total Time": 29.842,
                                                                                        "Actual Rows": 39704,
                                                                                        "Actual Loops": 5,
                                                                                        "Filter": "((note ~~ '%(200%)%'::text) AND ((note ~~ '%(USA)%'::text) OR (note ~~ '%(worldwide)%'::text)))",
                                                                                        "Rows Removed by Filter": 482122,
                                                                                        "Workers": []
                                                                                    },
                                                                                    {
                                                                                        "Node Type": "Hash",
                                                                                        "Parent Relationship": "Inner",
                                                                                        "Parallel Aware": true,
                                                                                        "Async Capable": false,
                                                                                        "Startup Cost": 462279.42,
                                                                                        "Total Cost": 462279.42,
                                                                                        "Plan Rows": 1,
                                                                                        "Plan Width": 51,
                                                                                        "Actual Startup Time": 350.974,
                                                                                        "Actual Total Time": 350.982,
                                                                                        "Actual Rows": 47,
                                                                                        "Actual Loops": 5,
                                                                                        "Hash Buckets": 1024,
                                                                                        "Original Hash Buckets": 1024,
                                                                                        "Hash Batches": 1,
                                                                                        "Original Hash Batches": 1,
                                                                                        "Peak Memory Usage": 168,
                                                                                        "Workers": [],
                                                                                        "Plans": [
                                                                                            {
                                                                                                "Node Type": "Hash Join",
                                                                                                "Parent Relationship": "Outer",
                                                                                                "Parallel Aware": true,
                                                                                                "Async Capable": false,
                                                                                                "Join Type": "Inner",
                                                                                                "Startup Cost": 415036.47,
                                                                                                "Total Cost": 462279.42,
                                                                                                "Plan Rows": 1,
                                                                                                "Plan Width": 51,
                                                                                                "Actual Startup Time": 302.018,
                                                                                                "Actual Total Time": 350.955,
                                                                                                "Actual Rows": 47,
                                                                                                "Actual Loops": 5,
                                                                                                "Inner Unique": false,
                                                                                                "Hash Cond": "(chn.id = ci.person_role_id)",
                                                                                                "Workers": [],
                                                                                                "Plans": [
                                                                                                    {
                                                                                                        "Node Type": "Seq Scan",
                                                                                                        "Parent Relationship": "Outer",
                                                                                                        "Parallel Aware": true,
                                                                                                        "Async Capable": false,
                                                                                                        "Relation Name": "char_name",
                                                                                                        "Alias": "chn",
                                                                                                        "Startup Cost": 0.0,
                                                                                                        "Total Cost": 44298.87,
                                                                                                        "Plan Rows": 785087,
                                                                                                        "Plan Width": 20,
                                                                                                        "Actual Startup Time": 0.009,
                                                                                                        "Actual Total Time": 31.195,
                                                                                                        "Actual Rows": 628068,
                                                                                                        "Actual Loops": 5,
                                                                                                        "Workers": []
                                                                                                    },
                                                                                                    {
                                                                                                        "Node Type": "Hash",
                                                                                                        "Parent Relationship": "Inner",
                                                                                                        "Parallel Aware": true,
                                                                                                        "Async Capable": false,
                                                                                                        "Startup Cost": 415036.46,
                                                                                                        "Total Cost": 415036.46,
                                                                                                        "Plan Rows": 1,
                                                                                                        "Plan Width": 39,
                                                                                                        "Actual Startup Time": 301.655,
                                                                                                        "Actual Total Time": 301.661,
                                                                                                        "Actual Rows": 53,
                                                                                                        "Actual Loops": 5,
                                                                                                        "Hash Buckets": 1024,
                                                                                                        "Original Hash Buckets": 1024,
                                                                                                        "Hash Batches": 1,
                                                                                                        "Original Hash Batches": 1,
                                                                                                        "Peak Memory Usage": 168,
                                                                                                        "Workers": [],
                                                                                                        "Plans": [
                                                                                                            {
                                                                                                                "Node Type": "Hash Join",
                                                                                                                "Parent Relationship": "Outer",
                                                                                                                "Parallel Aware": false,
                                                                                                                "Async Capable": false,
                                                                                                                "Join Type": "Inner",
                                                                                                                "Startup Cost": 86372.43,
                                                                                                                "Total Cost": 415036.46,
                                                                                                                "Plan Rows": 1,
                                                                                                                "Plan Width": 39,
                                                                                                                "Actual Startup Time": 83.297,
                                                                                                                "Actual Total Time": 301.637,
                                                                                                                "Actual Rows": 53,
                                                                                                                "Actual Loops": 5,
                                                                                                                "Inner Unique": true,
                                                                                                                "Hash Cond": "(ci.role_id = rt.id)",
                                                                                                                "Workers": [],
                                                                                                                "Plans": [
                                                                                                                    {
                                                                                                                        "Node Type": "Hash Join",
                                                                                                                        "Parent Relationship": "Outer",
                                                                                                                        "Parallel Aware": true,
                                                                                                                        "Async Capable": false,
                                                                                                                        "Join Type": "Inner",
                                                                                                                        "Startup Cost": 86371.27,
                                                                                                                        "Total Cost": 415035.26,
                                                                                                                        "Plan Rows": 7,
                                                                                                                        "Plan Width": 43,
                                                                                                                        "Actual Startup Time": 83.283,
                                                                                                                        "Actual Total Time": 301.614,
                                                                                                                        "Actual Rows": 53,
                                                                                                                        "Actual Loops": 5,
                                                                                                                        "Inner Unique": false,
                                                                                                                        "Hash Cond": "(ci.person_id = n.id)",
                                                                                                                        "Workers": [],
                                                                                                                        "Plans": [
                                                                                                                            {
                                                                                                                                "Node Type": "Seq Scan",
                                                                                                                                "Parent Relationship": "Outer",
                                                                                                                                "Parallel Aware": true,
                                                                                                                                "Async Capable": false,
                                                                                                                                "Relation Name": "cast_info",
                                                                                                                                "Alias": "ci",
                                                                                                                                "Startup Cost": 0.0,
                                                                                                                                "Total Cost": 328229.05,
                                                                                                                                "Plan Rows": 115982,
                                                                                                                                "Plan Width": 16,
                                                                                                                                "Actual Startup Time": 0.033,
                                                                                                                                "Actual Total Time": 215.473,
                                                                                                                                "Actual Rows": 142766,
                                                                                                                                "Actual Loops": 5,
                                                                                                                                "Filter": "(note = '(voice)'::text)",
                                                                                                                                "Rows Removed by Filter": 7106103,
                                                                                                                                "Workers": []
                                                                                                                            },
                                                                                                                            {
                                                                                                                                "Node Type": "Hash",
                                                                                                                                "Parent Relationship": "Inner",
                                                                                                                                "Parallel Aware": true,
                                                                                                                                "Async Capable": false,
                                                                                                                                "Startup Cost": 86371.18,
                                                                                                                                "Total Cost": 86371.18,
                                                                                                                                "Plan Rows": 7,
                                                                                                                                "Plan Width": 39,
                                                                                                                                "Actual Startup Time": 81.477,
                                                                                                                                "Actual Total Time": 81.48,
                                                                                                                                "Actual Rows": 259,
                                                                                                                                "Actual Loops": 5,
                                                                                                                                "Hash Buckets": 1024,
                                                                                                                                "Original Hash Buckets": 1024,
                                                                                                                                "Hash Batches": 1,
                                                                                                                                "Original Hash Batches": 1,
                                                                                                                                "Peak Memory Usage": 168,
                                                                                                                                "Workers": [],
                                                                                                                                "Plans": [
                                                                                                                                    {
                                                                                                                                        "Node Type": "Hash Join",
                                                                                                                                        "Parent Relationship": "Outer",
                                                                                                                                        "Parallel Aware": true,
                                                                                                                                        "Async Capable": false,
                                                                                                                                        "Join Type": "Inner",
                                                                                                                                        "Startup Cost": 71284.39,
                                                                                                                                        "Total Cost": 86371.18,
                                                                                                                                        "Plan Rows": 7,
                                                                                                                                        "Plan Width": 39,
                                                                                                                                        "Actual Startup Time": 64.252,
                                                                                                                                        "Actual Total Time": 81.423,
                                                                                                                                        "Actual Rows": 259,
                                                                                                                                        "Actual Loops": 5,
                                                                                                                                        "Inner Unique": true,
                                                                                                                                        "Hash Cond": "(an.person_id = n.id)",
                                                                                                                                        "Workers": [],
                                                                                                                                        "Plans": [
                                                                                                                                            {
                                                                                                                                                "Node Type": "Seq Scan",
                                                                                                                                                "Parent Relationship": "Outer",
                                                                                                                                                "Parallel Aware": true,
                                                                                                                                                "Async Capable": false,
                                                                                                                                                "Relation Name": "aka_name",
                                                                                                                                                "Alias": "an",
                                                                                                                                                "Startup Cost": 0.0,
                                                                                                                                                "Total Cost": 14323.56,
                                                                                                                                                "Plan Rows": 290756,
                                                                                                                                                "Plan Width": 20,
                                                                                                                                                "Actual Startup Time": 0.022,
                                                                                                                                                "Actual Total Time": 9.869,
                                                                                                                                                "Actual Rows": 180269,
                                                                                                                                                "Actual Loops": 5,
                                                                                                                                                "Workers": []
                                                                                                                                            },
                                                                                                                                            {
                                                                                                                                                "Node Type": "Hash",
                                                                                                                                                "Parent Relationship": "Inner",
                                                                                                                                                "Parallel Aware": true,
                                                                                                                                                "Async Capable": false,
                                                                                                                                                "Startup Cost": 71284.09,
                                                                                                                                                "Total Cost": 71284.09,
                                                                                                                                                "Plan Rows": 24,
                                                                                                                                                "Plan Width": 19,
                                                                                                                                                "Actual Startup Time": 63.957,
                                                                                                                                                "Actual Total Time": 63.958,
                                                                                                                                                "Actual Rows": 1082,
                                                                                                                                                "Actual Loops": 5,
                                                                                                                                                "Hash Buckets": 4096,
                                                                                                                                                "Original Hash Buckets": 1024,
                                                                                                                                                "Hash Batches": 1,
                                                                                                                                                "Original Hash Batches": 1,
                                                                                                                                                "Peak Memory Usage": 440,
                                                                                                                                                "Workers": [],
                                                                                                                                                "Plans": [
                                                                                                                                                    {
                                                                                                                                                        "Node Type": "Seq Scan",
                                                                                                                                                        "Parent Relationship": "Outer",
                                                                                                                                                        "Parallel Aware": true,
                                                                                                                                                        "Async Capable": false,
                                                                                                                                                        "Relation Name": "name",
                                                                                                                                                        "Alias": "n",
                                                                                                                                                        "Startup Cost": 0.0,
                                                                                                                                                        "Total Cost": 71284.09,
                                                                                                                                                        "Plan Rows": 24,
                                                                                                                                                        "Plan Width": 19,
                                                                                                                                                        "Actual Startup Time": 22.413,
                                                                                                                                                        "Actual Total Time": 54.995,
                                                                                                                                                        "Actual Rows": 1082,
                                                                                                                                                        "Actual Loops": 5,
                                                                                                                                                        "Filter": "((name ~~ '%Angel%'::text) AND ((gender)::text = 'f'::text))",
                                                                                                                                                        "Rows Removed by Filter": 832416,
                                                                                                                                                        "Workers": []
                                                                                                                                                    }
                                                                                                                                                ]
                                                                                                                                            }
                                                                                                                                        ]
                                                                                                                                    }
                                                                                                                                ]
                                                                                                                            }
                                                                                                                        ]
                                                                                                                    },
                                                                                                                    {
                                                                                                                        "Node Type": "Hash",
                                                                                                                        "Parent Relationship": "Inner",
                                                                                                                        "Parallel Aware": false,
                                                                                                                        "Async Capable": false,
                                                                                                                        "Startup Cost": 1.15,
                                                                                                                        "Total Cost": 1.15,
                                                                                                                        "Plan Rows": 1,
                                                                                                                        "Plan Width": 4,
                                                                                                                        "Actual Startup Time": 0.008,
                                                                                                                        "Actual Total Time": 0.009,
                                                                                                                        "Actual Rows": 1,
                                                                                                                        "Actual Loops": 5,
                                                                                                                        "Hash Buckets": 1024,
                                                                                                                        "Original Hash Buckets": 1024,
                                                                                                                        "Hash Batches": 1,
                                                                                                                        "Original Hash Batches": 1,
                                                                                                                        "Peak Memory Usage": 9,
                                                                                                                        "Workers": [],
                                                                                                                        "Plans": [
                                                                                                                            {
                                                                                                                                "Node Type": "Seq Scan",
                                                                                                                                "Parent Relationship": "Outer",
                                                                                                                                "Parallel Aware": false,
                                                                                                                                "Async Capable": false,
                                                                                                                                "Relation Name": "role_type",
                                                                                                                                "Alias": "rt",
                                                                                                                                "Startup Cost": 0.0,
                                                                                                                                "Total Cost": 1.15,
                                                                                                                                "Plan Rows": 1,
                                                                                                                                "Plan Width": 4,
                                                                                                                                "Actual Startup Time": 0.006,
                                                                                                                                "Actual Total Time": 0.007,
                                                                                                                                "Actual Rows": 1,
                                                                                                                                "Actual Loops": 5,
                                                                                                                                "Filter": "((role)::text = 'actress'::text)",
                                                                                                                                "Rows Removed by Filter": 11,
                                                                                                                                "Workers": []
                                                                                                                            }
                                                                                                                        ]
                                                                                                                    }
                                                                                                                ]
                                                                                                            }
                                                                                                        ]
                                                                                                    }
                                                                                                ]
                                                                                            }
                                                                                        ]
                                                                                    }
                                                                                ]
                                                                            }
                                                                        ]
                                                                    }
                                                                ]
                                                            }
                                                        ]
                                                    }
                                                ]
                                            }
                                        ]
                                    }
                                ]
                            }
                        ]
                    },
                    "Planning Time": 1.257,
                    "Triggers": [],
                    "Execution Time": 437.425
                }
            ],
            "hints": [
                "SET enable_hashjoin TO on",
                "SET enable_indexonlyscan TO on",
                "SET enable_indexscan TO off",
                "SET enable_mergejoin TO off",
                "SET enable_nestloop TO on",
                "SET enable_seqscan TO on"
            ]
        },
        {
            "arm": 3,
            "execution_time": 433.13,
            "plan": [
                {
                    "Plan": {
                        "Node Type": "Aggregate",
                        "Strategy": "Plain",
                        "Partial Mode": "Simple",
                        "Parallel Aware": false,
                        "Async Capable": false,
                        "Startup Cost": 547876.39,
                        "Total Cost": 547876.4,
                        "Plan Rows": 1,
                        "Plan Width": 128,
                        "Actual Startup Time": 410.892,
                        "Actual Total Time": 433.086,
                        "Actual Rows": 1,
                        "Actual Loops": 1,
                        "Plans": [
                            {
                                "Node Type": "Gather",
                                "Parent Relationship": "Outer",
                                "Parallel Aware": false,
                                "Async Capable": false,
                                "Startup Cost": 501895.74,
                                "Total Cost": 547876.38,
                                "Plan Rows": 1,
                                "Plan Width": 64,
                                "Actual Startup Time": 387.723,
                                "Actual Total Time": 433.067,
                                "Actual Rows": 40,
                                "Actual Loops": 1,
                                "Workers Planned": 4,
                                "Workers Launched": 4,
                                "Single Copy": false,
                                "Plans": [
                                    {
                                        "Node Type": "Hash Join",
                                        "Parent Relationship": "Outer",
                                        "Parallel Aware": true,
                                        "Async Capable": false,
                                        "Join Type": "Inner",
                                        "Startup Cost": 500895.74,
                                        "Total Cost": 546876.28,
                                        "Plan Rows": 1,
                                        "Plan Width": 64,
                                        "Actual Startup Time": 395.696,
                                        "Actual Total Time": 409.117,
                                        "Actual Rows": 8,
                                        "Actual Loops": 5,
                                        "Inner Unique": false,
                                        "Hash Cond": "(t.id = ci.movie_id)",
                                        "Workers": [],
                                        "Plans": [
                                            {
                                                "Node Type": "Seq Scan",
                                                "Parent Relationship": "Outer",
                                                "Parallel Aware": true,
                                                "Async Capable": false,
                                                "Relation Name": "title",
                                                "Alias": "t",
                                                "Startup Cost": 0.0,
                                                "Total Cost": 45490.07,
                                                "Plan Rows": 130788,
                                                "Plan Width": 21,
                                                "Actual Startup Time": 0.003,
                                                "Actual Total Time": 25.117,
                                                "Actual Rows": 102565,
                                                "Actual Loops": 5,
                                                "Filter": "((production_year >= 2007) AND (production_year <= 2010))",
                                                "Rows Removed by Filter": 403097,
                                                "Workers": []
                                            },
                                            {
                                                "Node Type": "Hash",
                                                "Parent Relationship": "Inner",
                                                "Parallel Aware": true,
                                                "Async Capable": false,
                                                "Startup Cost": 500895.73,
                                                "Total Cost": 500895.73,
                                                "Plan Rows": 1,
                                                "Plan Width": 55,
                                                "Actual Startup Time": 381.209,
                                                "Actual Total Time": 381.22,
                                                "Actual Rows": 19,
                                                "Actual Loops": 5,
                                                "Hash Buckets": 1024,
                                                "Original Hash Buckets": 1024,
                                                "Hash Batches": 1,
                                                "Original Hash Batches": 1,
                                                "Peak Memory Usage": 168,
                                                "Workers": [],
                                                "Plans": [
                                                    {
                                                        "Node Type": "Hash Join",
                                                        "Parent Relationship": "Outer",
                                                        "Parallel Aware": true,
                                                        "Async Capable": false,
                                                        "Join Type": "Inner",
                                                        "Startup Cost": 495940.42,
                                                        "Total Cost": 500895.73,
                                                        "Plan Rows": 1,
                                                        "Plan Width": 55,
                                                        "Actual Startup Time": 378.236,
                                                        "Actual Total Time": 381.205,
                                                        "Actual Rows": 19,
                                                        "Actual Loops": 5,
                                                        "Inner Unique": false,
                                                        "Hash Cond": "(cn.id = mc.company_id)",
                                                        "Workers": [],
                                                        "Plans": [
                                                            {
                                                                "Node Type": "Seq Scan",
                                                                "Parent Relationship": "Outer",
                                                                "Parallel Aware": true,
                                                                "Async Capable": false,
                                                                "Relation Name": "company_name",
                                                                "Alias": "cn",
                                                                "Startup Cost": 0.0,
                                                                "Total Cost": 4767.92,
                                                                "Plan Rows": 49967,
                                                                "Plan Width": 4,
                                                                "Actual Startup Time": 0.004,
                                                                "Actual Total Time": 2.663,
                                                                "Actual Rows": 16969,
                                                                "Actual Loops": 5,
                                                                "Filter": "((country_code)::text = '[us]'::text)",
                                                                "Rows Removed by Filter": 30031,
                                                                "Workers": []
                                                            },
                                                            {
                                                                "Node Type": "Hash",
                                                                "Parent Relationship": "Inner",
                                                                "Parallel Aware": true,
                                                                "Async Capable": false,
                                                                "Startup Cost": 495940.41,
                                                                "Total Cost": 495940.41,
                                                                "Plan Rows": 1,
                                                                "Plan Width": 59,
                                                                "Actual Startup Time": 378.069,
                                                                "Actual Total Time": 378.079,
                                                                "Actual Rows": 19,
                                                                "Actual Loops": 5,
                                                                "Hash Buckets": 1024,
                                                                "Original Hash Buckets": 1024,
                                                                "Hash Batches": 1,
                                                                "Original Hash Batches": 1,
                                                                "Peak Memory Usage": 168,
                                                                "Workers": [],
                                                                "Plans": [
                                                                    {
                                                                        "Node Type": "Hash Join",
                                                                        "Parent Relationship": "Outer",
                                                                        "Parallel Aware": true,
                                                                        "Async Capable": false,
                                                                        "Join Type": "Inner",
                                                                        "Startup Cost": 462279.44,
                                                                        "Total Cost": 495940.41,
                                                                        "Plan Rows": 1,
                                                                        "Plan Width": 59,
                                                                        "Actual Startup Time": 352.796,
                                                                        "Actual Total Time": 378.059,
                                                                        "Actual Rows": 19,
                                                                        "Actual Loops": 5,
                                                                        "Inner Unique": false,
                                                                        "Hash Cond": "(mc.movie_id = ci.movie_id)",
                                                                        "Workers": [],
                                                                        "Plans": [
                                                                            {
                                                                                "Node Type": "Seq Scan",
                                                                                "Parent Relationship": "Outer",
                                                                                "Parallel Aware": true,
                                                                                "Async Capable": false,
                                                                                "Relation Name": "movie_companies",
                                                                                "Alias": "mc",
                                                                                "Startup Cost": 0.0,
                                                                                "Total Cost": 33552.95,
                                                                                "Plan Rows": 28802,
                                                                                "Plan Width": 8,
                                                                                "Actual Startup Time": 0.006,
                                                                                "Actual Total Time": 29.507,
                                                                                "Actual Rows": 39704,
                                                                                "Actual Loops": 5,
                                                                                "Filter": "((note ~~ '%(200%)%'::text) AND ((note ~~ '%(USA)%'::text) OR (note ~~ '%(worldwide)%'::text)))",
                                                                                "Rows Removed by Filter": 482122,
                                                                                "Workers": []
                                                                            },
                                                                            {
                                                                                "Node Type": "Hash",
                                                                                "Parent Relationship": "Inner",
                                                                                "Parallel Aware": true,
                                                                                "Async Capable": false,
                                                                                "Startup Cost": 462279.42,
                                                                                "Total Cost": 462279.42,
                                                                                "Plan Rows": 1,
                                                                                "Plan Width": 51,
                                                                                "Actual Startup Time": 347.402,
                                                                                "Actual Total Time": 347.41,
                                                                                "Actual Rows": 47,
                                                                                "Actual Loops": 5,
                                                                                "Hash Buckets": 1024,
                                                                                "Original Hash Buckets": 1024,
                                                                                "Hash Batches": 1,
                                                                                "Original Hash Batches": 1,
                                                                                "Peak Memory Usage": 168,
                                                                                "Workers": [],
                                                                                "Plans": [
                                                                                    {
                                                                                        "Node Type": "Hash Join",
                                                                                        "Parent Relationship": "Outer",
                                                                                        "Parallel Aware": true,
                                                                                        "Async Capable": false,
                                                                                        "Join Type": "Inner",
                                                                                        "Startup Cost": 415036.47,
                                                                                        "Total Cost": 462279.42,
                                                                                        "Plan Rows": 1,
                                                                                        "Plan Width": 51,
                                                                                        "Actual Startup Time": 299.503,
                                                                                        "Actual Total Time": 347.384,
                                                                                        "Actual Rows": 47,
                                                                                        "Actual Loops": 5,
                                                                                        "Inner Unique": false,
                                                                                        "Hash Cond": "(chn.id = ci.person_role_id)",
                                                                                        "Workers": [],
                                                                                        "Plans": [
                                                                                            {
                                                                                                "Node Type": "Seq Scan",
                                                                                                "Parent Relationship": "Outer",
                                                                                                "Parallel Aware": true,
                                                                                                "Async Capable": false,
                                                                                                "Relation Name": "char_name",
                                                                                                "Alias": "chn",
                                                                                                "Startup Cost": 0.0,
                                                                                                "Total Cost": 44298.87,
                                                                                                "Plan Rows": 785087,
                                                                                                "Plan Width": 20,
                                                                                                "Actual Startup Time": 0.004,
                                                                                                "Actual Total Time": 30.07,
                                                                                                "Actual Rows": 628068,
                                                                                                "Actual Loops": 5,
                                                                                                "Workers": []
                                                                                            },
                                                                                            {
                                                                                                "Node Type": "Hash",
                                                                                                "Parent Relationship": "Inner",
                                                                                                "Parallel Aware": true,
                                                                                                "Async Capable": false,
                                                                                                "Startup Cost": 415036.46,
                                                                                                "Total Cost": 415036.46,
                                                                                                "Plan Rows": 1,
                                                                                                "Plan Width": 39,
                                                                                                "Actual Startup Time": 299.081,
                                                                                                "Actual Total Time": 299.088,
                                                                                                "Actual Rows": 53,
                                                                                                "Actual Loops": 5,
                                                                                                "Hash Buckets": 1024,
                                                                                                "Original Hash Buckets": 1024,
                                                                                                "Hash Batches": 1,
                                                                                                "Original Hash Batches": 1,
                                                                                                "Peak Memory Usage": 168,
                                                                                                "Workers": [],
                                                                                                "Plans": [
                                                                                                    {
                                                                                                        "Node Type": "Hash Join",
                                                                                                        "Parent Relationship": "Outer",
                                                                                                        "Parallel Aware": false,
                                                                                                        "Async Capable": false,
                                                                                                        "Join Type": "Inner",
                                                                                                        "Startup Cost": 86372.43,
                                                                                                        "Total Cost": 415036.46,
                                                                                                        "Plan Rows": 1,
                                                                                                        "Plan Width": 39,
                                                                                                        "Actual Startup Time": 83.45,
                                                                                                        "Actual Total Time": 299.052,
                                                                                                        "Actual Rows": 53,
                                                                                                        "Actual Loops": 5,
                                                                                                        "Inner Unique": true,
                                                                                                        "Hash Cond": "(ci.role_id = rt.id)",
                                                                                                        "Workers": [],
                                                                                                        "Plans": [
                                                                                                            {
                                                                                                                "Node Type": "Hash Join",
                                                                                                                "Parent Relationship": "Outer",
                                                                                                                "Parallel Aware": true,
                                                                                                                "Async Capable": false,
                                                                                                                "Join Type": "Inner",
                                                                                                                "Startup Cost": 86371.27,
                                                                                                                "Total Cost": 415035.26,
                                                                                                                "Plan Rows": 7,
                                                                                                                "Plan Width": 43,
                                                                                                                "Actual Startup Time": 83.436,
                                                                                                                "Actual Total Time": 299.032,
                                                                                                                "Actual Rows": 53,
                                                                                                                "Actual Loops": 5,
                                                                                                                "Inner Unique": false,
                                                                                                                "Hash Cond": "(ci.person_id = n.id)",
                                                                                                                "Workers": [],
                                                                                                                "Plans": [
                                                                                                                    {
                                                                                                                        "Node Type": "Seq Scan",
                                                                                                                        "Parent Relationship": "Outer",
                                                                                                                        "Parallel Aware": true,
                                                                                                                        "Async Capable": false,
                                                                                                                        "Relation Name": "cast_info",
                                                                                                                        "Alias": "ci",
                                                                                                                        "Startup Cost": 0.0,
                                                                                                                        "Total Cost": 328229.05,
                                                                                                                        "Plan Rows": 115982,
                                                                                                                        "Plan Width": 16,
                                                                                                                        "Actual Startup Time": 0.05,
                                                                                                                        "Actual Total Time": 213.755,
                                                                                                                        "Actual Rows": 142766,
                                                                                                                        "Actual Loops": 5,
                                                                                                                        "Filter": "(note = '(voice)'::text)",
                                                                                                                        "Rows Removed by Filter": 7106103,
                                                                                                                        "Workers": []
                                                                                                                    },
                                                                                                                    {
                                                                                                                        "Node Type": "Hash",
                                                                                                                        "Parent Relationship": "Inner",
                                                                                                                        "Parallel Aware": true,
                                                                                                                        "Async Capable": false,
                                                                                                                        "Startup Cost": 86371.18,
                                                                                                                        "Total Cost": 86371.18,
                                                                                                                        "Plan Rows": 7,
                                                                                                                        "Plan Width": 39,
                                                                                                                        "Actual Startup Time": 80.601,
                                                                                                                        "Actual Total Time": 80.604,
                                                                                                                        "Actual Rows": 259,
                                                                                                                        "Actual Loops": 5,
                                                                                                                        "Hash Buckets": 1024,
                                                                                                                        "Original Hash Buckets": 1024,
                                                                                                                        "Hash Batches": 1,
                                                                                                                        "Original Hash Batches": 1,
                                                                                                                        "Peak Memory Usage": 168,
                                                                                                                        "Workers": [],
                                                                                                                        "Plans": [
                                                                                                                            {
                                                                                                                                "Node Type": "Hash Join",
                                                                                                                                "Parent Relationship": "Outer",
                                                                                                                                "Parallel Aware": true,
                                                                                                                                "Async Capable": false,
                                                                                                                                "Join Type": "Inner",
                                                                                                                                "Startup Cost": 71284.39,
                                                                                                                                "Total Cost": 86371.18,
                                                                                                                                "Plan Rows": 7,
                                                                                                                                "Plan Width": 39,
                                                                                                                                "Actual Startup Time": 63.433,
                                                                                                                                "Actual Total Time": 80.553,
                                                                                                                                "Actual Rows": 259,
                                                                                                                                "Actual Loops": 5,
                                                                                                                                "Inner Unique": true,
                                                                                                                                "Hash Cond": "(an.person_id = n.id)",
                                                                                                                                "Workers": [],
                                                                                                                                "Plans": [
                                                                                                                                    {
                                                                                                                                        "Node Type": "Seq Scan",
                                                                                                                                        "Parent Relationship": "Outer",
                                                                                                                                        "Parallel Aware": true,
                                                                                                                                        "Async Capable": false,
                                                                                                                                        "Relation Name": "aka_name",
                                                                                                                                        "Alias": "an",
                                                                                                                                        "Startup Cost": 0.0,
                                                                                                                                        "Total Cost": 14323.56,
                                                                                                                                        "Plan Rows": 290756,
                                                                                                                                        "Plan Width": 20,
                                                                                                                                        "Actual Startup Time": 0.005,
                                                                                                                                        "Actual Total Time": 9.683,
                                                                                                                                        "Actual Rows": 180269,
                                                                                                                                        "Actual Loops": 5,
                                                                                                                                        "Workers": []
                                                                                                                                    },
                                                                                                                                    {
                                                                                                                                        "Node Type": "Hash",
                                                                                                                                        "Parent Relationship": "Inner",
                                                                                                                                        "Parallel Aware": true,
                                                                                                                                        "Async Capable": false,
                                                                                                                                        "Startup Cost": 71284.09,
                                                                                                                                        "Total Cost": 71284.09,
                                                                                                                                        "Plan Rows": 24,
                                                                                                                                        "Plan Width": 19,
                                                                                                                                        "Actual Startup Time": 63.15,
                                                                                                                                        "Actual Total Time": 63.151,
                                                                                                                                        "Actual Rows": 1082,
                                                                                                                                        "Actual Loops": 5,
                                                                                                                                        "Hash Buckets": 4096,
                                                                                                                                        "Original Hash Buckets": 1024,
                                                                                                                                        "Hash Batches": 1,
                                                                                                                                        "Original Hash Batches": 1,
                                                                                                                                        "Peak Memory Usage": 440,
                                                                                                                                        "Workers": [],
                                                                                                                                        "Plans": [
                                                                                                                                            {
                                                                                                                                                "Node Type": "Seq Scan",
                                                                                                                                                "Parent Relationship": "Outer",
                                                                                                                                                "Parallel Aware": true,
                                                                                                                                                "Async Capable": false,
                                                                                                                                                "Relation Name": "name",
                                                                                                                                                "Alias": "n",
                                                                                                                                                "Startup Cost": 0.0,
                                                                                                                                                "Total Cost": 71284.09,
                                                                                                                                                "Plan Rows": 24,
                                                                                                                                                "Plan Width": 19,
                                                                                                                                                "Actual Startup Time": 22.053,
                                                                                                                                                "Actual Total Time": 54.29,
                                                                                                                                                "Actual Rows": 1082,
                                                                                                                                                "Actual Loops": 5,
                                                                                                                                                "Filter": "((name ~~ '%Angel%'::text) AND ((gender)::text = 'f'::text))",
                                                                                                                                                "Rows Removed by Filter": 832416,
                                                                                                                                                "Workers": []
                                                                                                                                            }
                                                                                                                                        ]
                                                                                                                                    }
                                                                                                                                ]
                                                                                                                            }
                                                                                                                        ]
                                                                                                                    }
                                                                                                                ]
                                                                                                            },
                                                                                                            {
                                                                                                                "Node Type": "Hash",
                                                                                                                "Parent Relationship": "Inner",
                                                                                                                "Parallel Aware": false,
                                                                                                                "Async Capable": false,
                                                                                                                "Startup Cost": 1.15,
                                                                                                                "Total Cost": 1.15,
                                                                                                                "Plan Rows": 1,
                                                                                                                "Plan Width": 4,
                                                                                                                "Actual Startup Time": 0.007,
                                                                                                                "Actual Total Time": 0.008,
                                                                                                                "Actual Rows": 1,
                                                                                                                "Actual Loops": 5,
                                                                                                                "Hash Buckets": 1024,
                                                                                                                "Original Hash Buckets": 1024,
                                                                                                                "Hash Batches": 1,
                                                                                                                "Original Hash Batches": 1,
                                                                                                                "Peak Memory Usage": 9,
                                                                                                                "Workers": [],
                                                                                                                "Plans": [
                                                                                                                    {
                                                                                                                        "Node Type": "Seq Scan",
                                                                                                                        "Parent Relationship": "Outer",
                                                                                                                        "Parallel Aware": false,
                                                                                                                        "Async Capable": false,
                                                                                                                        "Relation Name": "role_type",
                                                                                                                        "Alias": "rt",
                                                                                                                        "Startup Cost": 0.0,
                                                                                                                        "Total Cost": 1.15,
                                                                                                                        "Plan Rows": 1,
                                                                                                                        "Plan Width": 4,
                                                                                                                        "Actual Startup Time": 0.005,
                                                                                                                        "Actual Total Time": 0.006,
                                                                                                                        "Actual Rows": 1,
                                                                                                                        "Actual Loops": 5,
                                                                                                                        "Filter": "((role)::text = 'actress'::text)",
                                                                                                                        "Rows Removed by Filter": 11,
                                                                                                                        "Workers": []
                                                                                                                    }
                                                                                                                ]
                                                                                                            }
                                                                                                        ]
                                                                                                    }
                                                                                                ]
                                                                                            }
                                                                                        ]
                                                                                    }
                                                                                ]
                                                                            }
                                                                        ]
                                                                    }
                                                                ]
                                                            }
                                                        ]
                                                    }
                                                ]
                                            }
                                        ]
                                    }
                                ]
                            }
                        ]
                    },
                    "Planning Time": 1.29,
                    "Triggers": [],
                    "Execution Time": 433.13
                }
            ],
            "hints": [
                "SET enable_hashjoin TO on",
                "SET enable_indexonlyscan TO on",
                "SET enable_indexscan TO off",
                "SET enable_mergejoin TO off",
                "SET enable_nestloop TO off",
                "SET enable_seqscan TO on"
            ]
        },
        {
            "arm": 4,
            "execution_time": 69.171,
            "plan": [
                {
                    "Plan": {
                        "Node Type": "Aggregate",
                        "Strategy": "Plain",
                        "Partial Mode": "Simple",
                        "Parallel Aware": false,
                        "Async Capable": false,
                        "Startup Cost": 72644.43,
                        "Total Cost": 72644.44,
                        "Plan Rows": 1,
                        "Plan Width": 128,
                        "Actual Startup Time": 59.162,
                        "Actual Total Time": 69.126,
                        "Actual Rows": 1,
                        "Actual Loops": 1,
                        "Plans": [
                            {
                                "Node Type": "Nested Loop",
                                "Parent Relationship": "Outer",
                                "Parallel Aware": false,
                                "Async Capable": false,
                                "Join Type": "Inner",
                                "Startup Cost": 1003.74,
                                "Total Cost": 72644.42,
                                "Plan Rows": 1,
                                "Plan Width": 64,
                                "Actual Startup Time": 24.93,
                                "Actual Total Time": 69.113,
                                "Actual Rows": 40,
                                "Actual Loops": 1,
                                "Inner Unique": true,
                                "Plans": [
                                    {
                                        "Node Type": "Nested Loop",
                                        "Parent Relationship": "Outer",
                                        "Parallel Aware": false,
                                        "Async Capable": false,
                                        "Join Type": "Inner",
                                        "Startup Cost": 1003.31,
                                        "Total Cost": 72643.71,
                                        "Plan Rows": 1,
                                        "Plan Width": 55,
                                        "Actual Startup Time": 24.923,
                                        "Actual Total Time": 68.951,
                                        "Actual Rows": 94,
                                        "Actual Loops": 1,
                                        "Inner Unique": true,
                                        "Plans": [
                                            {
                                                "Node Type": "Nested Loop",
                                                "Parent Relationship": "Outer",
                                                "Parallel Aware": false,
                                                "Async Capable": false,
                                                "Join Type": "Inner",
                                                "Startup Cost": 1002.89,
                                                "Total Cost": 72643.09,
                                                "Plan Rows": 1,
                                                "Plan Width": 59,
                                                "Actual Startup Time": 24.915,
                                                "Actual Total Time": 68.815,
                                                "Actual Rows": 94,
                                                "Actual Loops": 1,
                                                "Inner Unique": true,
                                                "Plans": [
                                                    {
                                                        "Node Type": "Gather",
                                                        "Parent Relationship": "Outer",
                                                        "Parallel Aware": false,
                                                        "Async Capable": false,
                                                        "Startup Cost": 1002.46,
                                                        "Total Cost": 72642.37,
                                                        "Plan Rows": 1,
                                                        "Plan Width": 47,
                                                        "Actual Startup Time": 24.908,
                                                        "Actual Total Time": 68.651,
                                                        "Actual Rows": 103,
                                                        "Actual Loops": 1,
                                                        "Workers Planned": 4,
                                                        "Workers Launched": 4,
                                                        "Single Copy": false,
                                                        "Plans": [
                                                            {
                                                                "Node Type": "Nested Loop",
                                                                "Parent Relationship": "Outer",
                                                                "Parallel Aware": false,
                                                                "Async Capable": false,
                                                                "Join Type": "Inner",
                                                                "Startup Cost": 2.46,
                                                                "Total Cost": 71642.27,
                                                                "Plan Rows": 1,
                                                                "Plan Width": 47,
                                                                "Actual Startup Time": 23.876,
                                                                "Actual Total Time": 57.234,
                                                                "Actual Rows": 21,
                                                                "Actual Loops": 5,
                                                                "Inner Unique": false,
                                                                "Workers": [],
                                                                "Plans": [
                                                                    {
                                                                        "Node Type": "Hash Join",
                                                                        "Parent Relationship": "Outer",
                                                                        "Parallel Aware": false,
                                                                        "Async Capable": false,
                                                                        "Join Type": "Inner",
                                                                        "Startup Cost": 2.03,
                                                                        "Total Cost": 71641.56,
                                                                        "Plan Rows": 1,
                                                                        "Plan Width": 39,
                                                                        "Actual Startup Time": 23.287,
                                                                        "Actual Total Time": 56.979,
                                                                        "Actual Rows": 53,
                                                                        "Actual Loops": 5,
                                                                        "Inner Unique": true,
                                                                        "Hash Cond": "(ci.role_id = rt.id)",
                                                                        "Workers": [],
                                                                        "Plans": [
                                                                            {
                                                                                "Node Type": "Nested Loop",
                                                                                "Parent Relationship": "Outer",
                                                                                "Parallel Aware": false,
                                                                                "Async Capable": false,
                                                                                "Join Type": "Inner",
                                                                                "Startup Cost": 0.86,
                                                                                "Total Cost": 71640.36,
                                                                                "Plan Rows": 10,
                                                                                "Plan Width": 43,
                                                                                "Actual Startup Time": 23.222,
                                                                                "Actual Total Time": 56.905,
                                                                                "Actual Rows": 53,
                                                                                "Actual Loops": 5,
                                                                                "Inner Unique": false,
                                                                                "Join Filter": "(ci.person_id = n.id)",
                                                                                "Rows Removed by Join Filter": 0,
                                                                                "Workers": [],
                                                                                "Plans": [
                                                                                    {
                                                                                        "Node Type": "Nested Loop",
                                                                                        "Parent Relationship": "Outer",
                                                                                        "Parallel Aware": false,
                                                                                        "Async Capable": false,
                                                                                        "Join Type": "Inner",
                                                                                        "Startup Cost": 0.42,
                                                                                        "Total Cost": 71581.42,
                                                                                        "Plan Rows": 5,
                                                                                        "Plan Width": 39,
                                                                                        "Actual Startup Time": 22.29,
                                                                                        "Actual Total Time": 55.479,
                                                                                        "Actual Rows": 259,
                                                                                        "Actual Loops": 5,
                                                                                        "Inner Unique": false,
                                                                                        "Workers": [],
                                                                                        "Plans": [
                                                                                            {
                                                                                                "Node Type": "Seq Scan",
                                                                                                "Parent Relationship": "Outer",
                                                                                                "Parallel Aware": true,
                                                                                                "Async Capable": false,
                                                                                                "Relation Name": "name",
                                                                                                "Alias": "n",
                                                                                                "Startup Cost": 0.0,
                                                                                                "Total Cost": 71284.09,
                                                                                                "Plan Rows": 24,
                                                                                                "Plan Width": 19,
                                                                                                "Actual Startup Time": 22.189,
                                                                                                "Actual Total Time": 54.162,
                                                                                                "Actual Rows": 1082,
                                                                                                "Actual Loops": 5,
                                                                                                "Filter": "((name ~~ '%Angel%'::text) AND ((gender)::text = 'f'::text))",
                                                                                                "Rows Removed by Filter": 832416,
                                                                                                "Workers": []
                                                                                            },
                                                                                            {
                                                                                                "Node Type": "Index Scan",
                                                                                                "Parent Relationship": "Inner",
                                                                                                "Parallel Aware": false,
                                                                                                "Async Capable": false,
                                                                                                "Scan Direction": "Forward",
                                                                                                "Index Name": "person_id_aka_name",
                                                                                                "Relation Name": "aka_name",
                                                                                                "Alias": "an",
                                                                                                "Startup Cost": 0.42,
                                                                                                "Total Cost": 12.37,
                                                                                                "Plan Rows": 2,
                                                                                                "Plan Width": 20,
                                                                                                "Actual Startup Time": 0.001,
                                                                                                "Actual Total Time": 0.001,
                                                                                                "Actual Rows": 0,
                                                                                                "Actual Loops": 5409,
                                                                                                "Index Cond": "(person_id = n.id)",
                                                                                                "Rows Removed by Index Recheck": 0,
                                                                                                "Workers": []
                                                                                            }
                                                                                        ]
                                                                                    },
                                                                                    {
                                                                                        "Node Type": "Index Scan",
                                                                                        "Parent Relationship": "Inner",
                                                                                        "Parallel Aware": false,
                                                                                        "Async Capable": false,
                                                                                        "Scan Direction": "Forward",
                                                                                        "Index Name": "person_id_cast_info",
                                                                                        "Relation Name": "cast_info",
                                                                                        "Alias": "ci",
                                                                                        "Startup Cost": 0.44,
                                                                                        "Total Cost": 11.68,
                                                                                        "Plan Rows": 9,
                                                                                        "Plan Width": 16,
                                                                                        "Actual Startup Time": 0.005,
                                                                                        "Actual Total Time": 0.005,
                                                                                        "Actual Rows": 0,
                                                                                        "Actual Loops": 1296,
                                                                                        "Index Cond": "(person_id = an.person_id)",
                                                                                        "Rows Removed by Index Recheck": 0,
                                                                                        "Filter": "(note = '(voice)'::text)",
                                                                                        "Rows Removed by Filter": 43,
                                                                                        "Workers": []
                                                                                    }
                                                                                ]
                                                                            },
                                                                            {
                                                                                "Node Type": "Hash",
                                                                                "Parent Relationship": "Inner",
                                                                                "Parallel Aware": false,
                                                                                "Async Capable": false,
                                                                                "Startup Cost": 1.15,
                                                                                "Total Cost": 1.15,
                                                                                "Plan Rows": 1,
                                                                                "Plan Width": 4,
                                                                                "Actual Startup Time": 0.008,
                                                                                "Actual Total Time": 0.009,
                                                                                "Actual Rows": 1,
                                                                                "Actual Loops": 5,
                                                                                "Hash Buckets": 1024,
                                                                                "Original Hash Buckets": 1024,
                                                                                "Hash Batches": 1,
                                                                                "Original Hash Batches": 1,
                                                                                "Peak Memory Usage": 9,
                                                                                "Workers": [],
                                                                                "Plans": [
                                                                                    {
                                                                                        "Node Type": "Seq Scan",
                                                                                        "Parent Relationship": "Outer",
                                                                                        "Parallel Aware": false,
                                                                                        "Async Capable": false,
                                                                                        "Relation Name": "role_type",
                                                                                        "Alias": "rt",
                                                                                        "Startup Cost": 0.0,
                                                                                        "Total Cost": 1.15,
                                                                                        "Plan Rows": 1,
                                                                                        "Plan Width": 4,
                                                                                        "Actual Startup Time": 0.005,
                                                                                        "Actual Total Time": 0.005,
                                                                                        "Actual Rows": 1,
                                                                                        "Actual Loops": 5,
                                                                                        "Filter": "((role)::text = 'actress'::text)",
                                                                                        "Rows Removed by Filter": 11,
                                                                                        "Workers": []
                                                                                    }
                                                                                ]
                                                                            }
                                                                        ]
                                                                    },
                                                                    {
                                                                        "Node Type": "Index Scan",
                                                                        "Parent Relationship": "Inner",
                                                                        "Parallel Aware": false,
                                                                        "Async Capable": false,
                                                                        "Scan Direction": "Forward",
                                                                        "Index Name": "movie_id_movie_companies",
                                                                        "Relation Name": "movie_companies",
                                                                        "Alias": "mc",
                                                                        "Startup Cost": 0.43,
                                                                        "Total Cost": 0.7,
                                                                        "Plan Rows": 1,
                                                                        "Plan Width": 8,
                                                                        "Actual Startup Time": 0.004,
                                                                        "Actual Total Time": 0.005,
                                                                        "Actual Rows": 0,
                                                                        "Actual Loops": 265,
                                                                        "Index Cond": "(movie_id = ci.movie_id)",
                                                                        "Rows Removed by Index Recheck": 0,
                                                                        "Filter": "((note ~~ '%(200%)%'::text) AND ((note ~~ '%(USA)%'::text) OR (note ~~ '%(worldwide)%'::text)))",
                                                                        "Rows Removed by Filter": 4,
                                                                        "Workers": []
                                                                    }
                                                                ]
                                                            }
                                                        ]
                                                    },
                                                    {
                                                        "Node Type": "Index Scan",
                                                        "Parent Relationship": "Inner",
                                                        "Parallel Aware": false,
                                                        "Async Capable": false,
                                                        "Scan Direction": "Forward",
                                                        "Index Name": "char_name_pkey",
                                                        "Relation Name": "char_name",
                                                        "Alias": "chn",
                                                        "Startup Cost": 0.43,
                                                        "Total Cost": 0.72,
                                                        "Plan Rows": 1,
                                                        "Plan Width": 20,
                                                        "Actual Startup Time": 0.001,
                                                        "Actual Total Time": 0.001,
                                                        "Actual Rows": 1,
                                                        "Actual Loops": 103,
                                                        "Index Cond": "(id = ci.person_role_id)",
                                                        "Rows Removed by Index Recheck": 0
                                                    }
                                                ]
                                            },
                                            {
                                                "Node Type": "Index Scan",
                                                "Parent Relationship": "Inner",
                                                "Parallel Aware": false,
                                                "Async Capable": false,
                                                "Scan Direction": "Forward",
                                                "Index Name": "company_name_pkey",
                                                "Relation Name": "company_name",
                                                "Alias": "cn",
                                                "Startup Cost": 0.42,
                                                "Total Cost": 0.62,
                                                "Plan Rows": 1,
                                                "Plan Width": 4,
                                                "Actual Startup Time": 0.001,
                                                "Actual Total Time": 0.001,
                                                "Actual Rows": 1,
                                                "Actual Loops": 94,
                                                "Index Cond": "(id = mc.company_id)",
                                                "Rows Removed by Index Recheck": 0,
                                                "Filter": "((country_code)::text = '[us]'::text)",
                                                "Rows Removed by Filter": 0
                                            }
                                        ]
                                    },
                                    {
                                        "Node Type": "Index Scan",
                                        "Parent Relationship": "Inner",
                                        "Parallel Aware": false,
                                        "Async Capable": false,
                                        "Scan Direction": "Forward",
                                        "Index Name": "title_pkey",
                                        "Relation Name": "title",
                                        "Alias": "t",
                                        "Startup Cost": 0.43,
                                        "Total Cost": 0.71,
                                        "Plan Rows": 1,
                                        "Plan Width": 21,
                                        "Actual Startup Time": 0.002,
                                        "Actual Total Time": 0.002,
                                        "Actual Rows": 0,
                                        "Actual Loops": 94,
                                        "Index Cond": "(id = ci.movie_id)",
                                        "Rows Removed by Index Recheck": 0,
                                        "Filter": "((production_year >= 2007) AND (production_year <= 2010))",
                                        "Rows Removed by Filter": 1
                                    }
                                ]
                            }
                        ]
                    },
                    "Planning Time": 1.643,
                    "Triggers": [],
                    "Execution Time": 69.171
                }
            ],
            "hints": [
                "SET enable_hashjoin TO on",
                "SET enable_indexonlyscan TO on",
                "SET enable_indexscan TO on",
                "SET enable_mergejoin TO off",
                "SET enable_nestloop TO on",
                "SET enable_seqscan TO on"
            ]
        }
    ]
}