{
    "sql_file": "job9d.sql",
    "query": "SELECT MIN(an.name) AS alternative_name, MIN(chn.name) AS voiced_char_name, MIN(n.name) AS voicing_actress, MIN(t.title) AS american_movie FROM aka_name AS an, char_name AS chn, cast_info AS ci, company_name AS cn, movie_companies AS mc, name AS n, role_type AS rt, title AS t WHERE ci.note  in ('(voice)', '(voice: Japanese version)', '(voice) (uncredited)', '(voice: English version)') AND cn.country_code ='[us]' AND n.gender ='f' AND rt.role ='actress' AND ci.movie_id = t.id AND t.id = mc.movie_id AND ci.movie_id = mc.movie_id AND mc.company_id = cn.id AND ci.role_id = rt.id AND n.id = ci.person_id AND chn.id = ci.person_role_id AND an.person_id = n.id AND an.person_id = ci.person_id;",
    "results": [
        {
            "arm": 0,
            "execution_time": 862.076,
            "plan": [
                {
                    "Plan": {
                        "Node Type": "Aggregate",
                        "Strategy": "Plain",
                        "Partial Mode": "Finalize",
                        "Parallel Aware": false,
                        "Async Capable": false,
                        "Startup Cost": 173956.3,
                        "Total Cost": 173956.31,
                        "Plan Rows": 1,
                        "Plan Width": 128,
                        "Actual Startup Time": 835.191,
                        "Actual Total Time": 862.021,
                        "Actual Rows": 1,
                        "Actual Loops": 1,
                        "Plans": [
                            {
                                "Node Type": "Gather",
                                "Parent Relationship": "Outer",
                                "Parallel Aware": false,
                                "Async Capable": false,
                                "Startup Cost": 173955.96,
                                "Total Cost": 173956.27,
                                "Plan Rows": 3,
                                "Plan Width": 128,
                                "Actual Startup Time": 834.795,
                                "Actual Total Time": 862.015,
                                "Actual Rows": 4,
                                "Actual Loops": 1,
                                "Workers Planned": 3,
                                "Workers Launched": 3,
                                "Single Copy": false,
                                "Plans": [
                                    {
                                        "Node Type": "Aggregate",
                                        "Strategy": "Plain",
                                        "Partial Mode": "Partial",
                                        "Parent Relationship": "Outer",
                                        "Parallel Aware": false,
                                        "Async Capable": false,
                                        "Startup Cost": 172955.96,
                                        "Total Cost": 172955.97,
                                        "Plan Rows": 1,
                                        "Plan Width": 128,
                                        "Actual Startup Time": 832.901,
                                        "Actual Total Time": 832.906,
                                        "Actual Rows": 1,
                                        "Actual Loops": 4,
                                        "Workers": [],
                                        "Plans": [
                                            {
                                                "Node Type": "Nested Loop",
                                                "Parent Relationship": "Outer",
                                                "Parallel Aware": false,
                                                "Async Capable": false,
                                                "Join Type": "Inner",
                                                "Startup Cost": 114520.64,
                                                "Total Cost": 172827.74,
                                                "Plan Rows": 12822,
                                                "Plan Width": 64,
                                                "Actual Startup Time": 521.562,
                                                "Actual Total Time": 826.9,
                                                "Actual Rows": 120770,
                                                "Actual Loops": 4,
                                                "Inner Unique": false,
                                                "Workers": [],
                                                "Plans": [
                                                    {
                                                        "Node Type": "Nested Loop",
                                                        "Parent Relationship": "Outer",
                                                        "Parallel Aware": false,
                                                        "Async Capable": false,
                                                        "Join Type": "Inner",
                                                        "Startup Cost": 114520.22,
                                                        "Total Cost": 170020.88,
                                                        "Plan Rows": 5208,
                                                        "Plan Width": 56,
                                                        "Actual Startup Time": 521.452,
                                                        "Actual Total Time": 780.908,
                                                        "Actual Rows": 43392,
                                                        "Actual Loops": 4,
                                                        "Inner Unique": true,
                                                        "Join Filter": "(ci.movie_id = t.id)",
                                                        "Rows Removed by Join Filter": 0,
                                                        "Workers": [],
                                                        "Plans": [
                                                            {
                                                                "Node Type": "Nested Loop",
                                                                "Parent Relationship": "Outer",
                                                                "Parallel Aware": false,
                                                                "Async Capable": false,
                                                                "Join Type": "Inner",
                                                                "Startup Cost": 114519.79,
                                                                "Total Cost": 167265.82,
                                                                "Plan Rows": 5208,
                                                                "Plan Width": 47,
                                                                "Actual Startup Time": 521.43,
                                                                "Actual Total Time": 744.719,
                                                                "Actual Rows": 43392,
                                                                "Actual Loops": 4,
                                                                "Inner Unique": true,
                                                                "Workers": [],
                                                                "Plans": [
                                                                    {
                                                                        "Node Type": "Nested Loop",
                                                                        "Parent Relationship": "Outer",
                                                                        "Parallel Aware": false,
                                                                        "Async Capable": false,
                                                                        "Join Type": "Inner",
                                                                        "Startup Cost": 114519.36,
                                                                        "Total Cost": 163755.6,
                                                                        "Plan Rows": 5208,
                                                                        "Plan Width": 35,
                                                                        "Actual Startup Time": 521.408,
                                                                        "Actual Total Time": 687.381,
                                                                        "Actual Rows": 47366,
                                                                        "Actual Loops": 4,
                                                                        "Inner Unique": true,
                                                                        "Workers": [],
                                                                        "Plans": [
                                                                            {
                                                                                "Node Type": "Hash Join",
                                                                                "Parent Relationship": "Outer",
                                                                                "Parallel Aware": false,
                                                                                "Async Capable": false,
                                                                                "Join Type": "Inner",
                                                                                "Startup Cost": 114518.93,
                                                                                "Total Cost": 146095.09,
                                                                                "Plan Rows": 22478,
                                                                                "Plan Width": 16,
                                                                                "Actual Startup Time": 521.364,
                                                                                "Actual Total Time": 638.175,
                                                                                "Actual Rows": 47388,
                                                                                "Actual Loops": 4,
                                                                                "Inner Unique": false,
                                                                                "Hash Cond": "(mc.movie_id = ci.movie_id)",
                                                                                "Workers": [],
                                                                                "Plans": [
                                                                                    {
                                                                                        "Node Type": "Hash Join",
                                                                                        "Parent Relationship": "Outer",
                                                                                        "Parallel Aware": true,
                                                                                        "Async Capable": false,
                                                                                        "Join Type": "Inner",
                                                                                        "Startup Cost": 5392.51,
                                                                                        "Total Cost": 34842.44,
                                                                                        "Plan Rows": 304232,
                                                                                        "Plan Width": 4,
                                                                                        "Actual Startup Time": 5.223,
                                                                                        "Actual Total Time": 76.9,
                                                                                        "Actual Rows": 288450,
                                                                                        "Actual Loops": 4,
                                                                                        "Inner Unique": true,
                                                                                        "Hash Cond": "(mc.company_id = cn.id)",
                                                                                        "Workers": [],
                                                                                        "Plans": [
                                                                                            {
                                                                                                "Node Type": "Seq Scan",
                                                                                                "Parent Relationship": "Outer",
                                                                                                "Parallel Aware": true,
                                                                                                "Async Capable": false,
                                                                                                "Relation Name": "movie_companies",
                                                                                                "Alias": "mc",
                                                                                                "Startup Cost": 0.0,
                                                                                                "Total Cost": 27240.55,
                                                                                                "Plan Rows": 841655,
                                                                                                "Plan Width": 8,
                                                                                                "Actual Startup Time": 0.005,
                                                                                                "Actual Total Time": 25.309,
                                                                                                "Actual Rows": 652282,
                                                                                                "Actual Loops": 4,
                                                                                                "Workers": []
                                                                                            },
                                                                                            {
                                                                                                "Node Type": "Hash",
                                                                                                "Parent Relationship": "Inner",
                                                                                                "Parallel Aware": true,
                                                                                                "Async Capable": false,
                                                                                                "Startup Cost": 4767.92,
                                                                                                "Total Cost": 4767.92,
                                                                                                "Plan Rows": 49967,
                                                                                                "Plan Width": 4,
                                                                                                "Actual Startup Time": 5.047,
                                                                                                "Actual Total Time": 5.048,
                                                                                                "Actual Rows": 21211,
                                                                                                "Actual Loops": 4,
                                                                                                "Hash Buckets": 131072,
                                                                                                "Original Hash Buckets": 131072,
                                                                                                "Hash Batches": 1,
                                                                                                "Original Hash Batches": 1,
                                                                                                "Peak Memory Usage": 4416,
                                                                                                "Workers": [],
                                                                                                "Plans": [
                                                                                                    {
                                                                                                        "Node Type": "Seq Scan",
                                                                                                        "Parent Relationship": "Outer",
                                                                                                        "Parallel Aware": true,
                                                                                                        "Async Capable": false,
                                                                                                        "Relation Name": "company_name",
                                                                                                        "Alias": "cn",
                                                                                                        "Startup Cost": 0.0,
                                                                                                        "Total Cost": 4767.92,
                                                                                                        "Plan Rows": 49967,
                                                                                                        "Plan Width": 4,
                                                                                                        "Actual Startup Time": 0.009,
                                                                                                        "Actual Total Time": 3.633,
                                                                                                        "Actual Rows": 21211,
                                                                                                        "Actual Loops": 4,
                                                                                                        "Filter": "((country_code)::text = '[us]'::text)",
                                                                                                        "Rows Removed by Filter": 37538,
                                                                                                        "Workers": []
                                                                                                    }
                                                                                                ]
                                                                                            }
                                                                                        ]
                                                                                    },
                                                                                    {
                                                                                        "Node Type": "Hash",
                                                                                        "Parent Relationship": "Inner",
                                                                                        "Parallel Aware": false,
                                                                                        "Async Capable": false,
                                                                                        "Startup Cost": 108249.26,
                                                                                        "Total Cost": 108249.26,
                                                                                        "Plan Rows": 70173,
                                                                                        "Plan Width": 12,
                                                                                        "Actual Startup Time": 515.837,
                                                                                        "Actual Total Time": 515.839,
                                                                                        "Actual Rows": 276166,
                                                                                        "Actual Loops": 4,
                                                                                        "Hash Buckets": 524288,
                                                                                        "Original Hash Buckets": 131072,
                                                                                        "Hash Batches": 1,
                                                                                        "Original Hash Batches": 1,
                                                                                        "Peak Memory Usage": 15883,
                                                                                        "Workers": [],
                                                                                        "Plans": [
                                                                                            {
                                                                                                "Node Type": "Nested Loop",
                                                                                                "Parent Relationship": "Outer",
                                                                                                "Parallel Aware": false,
                                                                                                "Async Capable": false,
                                                                                                "Join Type": "Inner",
                                                                                                "Startup Cost": 0.44,
                                                                                                "Total Cost": 108249.26,
                                                                                                "Plan Rows": 70173,
                                                                                                "Plan Width": 12,
                                                                                                "Actual Startup Time": 0.055,
                                                                                                "Actual Total Time": 488.539,
                                                                                                "Actual Rows": 276166,
                                                                                                "Actual Loops": 4,
                                                                                                "Inner Unique": false,
                                                                                                "Workers": [],
                                                                                                "Plans": [
                                                                                                    {
                                                                                                        "Node Type": "Seq Scan",
                                                                                                        "Parent Relationship": "Outer",
                                                                                                        "Parallel Aware": false,
                                                                                                        "Async Capable": false,
                                                                                                        "Relation Name": "role_type",
                                                                                                        "Alias": "rt",
                                                                                                        "Startup Cost": 0.0,
                                                                                                        "Total Cost": 1.15,
                                                                                                        "Plan Rows": 1,
                                                                                                        "Plan Width": 4,
                                                                                                        "Actual Startup Time": 0.008,
                                                                                                        "Actual Total Time": 0.011,
                                                                                                        "Actual Rows": 1,
                                                                                                        "Actual Loops": 4,
                                                                                                        "Filter": "((role)::text = 'actress'::text)",
                                                                                                        "Rows Removed by Filter": 11,
                                                                                                        "Workers": []
                                                                                                    },
                                                                                                    {
                                                                                                        "Node Type": "Index Scan",
                                                                                                        "Parent Relationship": "Inner",
                                                                                                        "Parallel Aware": false,
                                                                                                        "Async Capable": false,
                                                                                                        "Scan Direction": "Forward",
                                                                                                        "Index Name": "role_id_cast_info",
                                                                                                        "Relation Name": "cast_info",
                                                                                                        "Alias": "ci",
                                                                                                        "Startup Cost": 0.44,
                                                                                                        "Total Cost": 107482.59,
                                                                                                        "Plan Rows": 76552,
                                                                                                        "Plan Width": 16,
                                                                                                        "Actual Startup Time": 0.044,
                                                                                                        "Actual Total Time": 476.796,
                                                                                                        "Actual Rows": 276166,
                                                                                                        "Actual Loops": 4,
                                                                                                        "Index Cond": "(role_id = rt.id)",
                                                                                                        "Rows Removed by Index Recheck": 0,
                                                                                                        "Filter": "(note = ANY ('{(voice),\"(voice: Japanese version)\",\"(voice) (uncredited)\",\"(voice: English version)\"}'::text[]))",
                                                                                                        "Rows Removed by Filter": 7175807,
                                                                                                        "Workers": []
                                                                                                    }
                                                                                                ]
                                                                                            }
                                                                                        ]
                                                                                    }
                                                                                ]
                                                                            },
                                                                            {
                                                                                "Node Type": "Index Scan",
                                                                                "Parent Relationship": "Inner",
                                                                                "Parallel Aware": false,
                                                                                "Async Capable": false,
                                                                                "Scan Direction": "Forward",
                                                                                "Index Name": "name_pkey",
                                                                                "Relation Name": "name",
                                                                                "Alias": "n",
                                                                                "Startup Cost": 0.43,
                                                                                "Total Cost": 0.79,
                                                                                "Plan Rows": 1,
                                                                                "Plan Width": 19,
                                                                                "Actual Startup Time": 0.001,
                                                                                "Actual Total Time": 0.001,
                                                                                "Actual Rows": 1,
                                                                                "Actual Loops": 189554,
                                                                                "Index Cond": "(id = ci.person_id)",
                                                                                "Rows Removed by Index Recheck": 0,
                                                                                "Filter": "((gender)::text = 'f'::text)",
                                                                                "Rows Removed by Filter": 0,
                                                                                "Workers": []
                                                                            }
                                                                        ]
                                                                    },
                                                                    {
                                                                        "Node Type": "Index Scan",
                                                                        "Parent Relationship": "Inner",
                                                                        "Parallel Aware": false,
                                                                        "Async Capable": false,
                                                                        "Scan Direction": "Forward",
                                                                        "Index Name": "char_name_pkey",
                                                                        "Relation Name": "char_name",
                                                                        "Alias": "chn",
                                                                        "Startup Cost": 0.43,
                                                                        "Total Cost": 0.67,
                                                                        "Plan Rows": 1,
                                                                        "Plan Width": 20,
                                                                        "Actual Startup Time": 0.001,
                                                                        "Actual Total Time": 0.001,
                                                                        "Actual Rows": 1,
                                                                        "Actual Loops": 189464,
                                                                        "Index Cond": "(id = ci.person_role_id)",
                                                                        "Rows Removed by Index Recheck": 0,
                                                                        "Workers": []
                                                                    }
                                                                ]
                                                            },
                                                            {
                                                                "Node Type": "Index Scan",
                                                                "Parent Relationship": "Inner",
                                                                "Parallel Aware": false,
                                                                "Async Capable": false,
                                                                "Scan Direction": "Forward",
                                                                "Index Name": "title_pkey",
                                                                "Relation Name": "title",
                                                                "Alias": "t",
                                                                "Startup Cost": 0.43,
                                                                "Total Cost": 0.52,
                                                                "Plan Rows": 1,
                                                                "Plan Width": 21,
                                                                "Actual Startup Time": 0.001,
                                                                "Actual Total Time": 0.001,
                                                                "Actual Rows": 1,
                                                                "Actual Loops": 173567,
                                                                "Index Cond": "(id = mc.movie_id)",
                                                                "Rows Removed by Index Recheck": 0,
                                                                "Workers": []
                                                            }
                                                        ]
                                                    },
                                                    {
                                                        "Node Type": "Index Scan",
                                                        "Parent Relationship": "Inner",
                                                        "Parallel Aware": false,
                                                        "Async Capable": false,
                                                        "Scan Direction": "Forward",
                                                        "Index Name": "person_id_aka_name",
                                                        "Relation Name": "aka_name",
                                                        "Alias": "an",
                                                        "Startup Cost": 0.42,
                                                        "Total Cost": 0.52,
                                                        "Plan Rows": 2,
                                                        "Plan Width": 20,
                                                        "Actual Startup Time": 0.001,
                                                        "Actual Total Time": 0.001,
                                                        "Actual Rows": 3,
                                                        "Actual Loops": 173567,
                                                        "Index Cond": "(person_id = n.id)",
                                                        "Rows Removed by Index Recheck": 0,
                                                        "Workers": []
                                                    }
                                                ]
                                            }
                                        ]
                                    }
                                ]
                            }
                        ]
                    },
                    "Planning Time": 2.374,
                    "Triggers": [],
                    "Execution Time": 862.076
                }
            ],
            "hints": [
                "SET enable_hashjoin TO on",
                "SET enable_indexonlyscan TO on",
                "SET enable_indexscan TO on",
                "SET enable_mergejoin TO on",
                "SET enable_nestloop TO on",
                "SET enable_seqscan TO on"
            ]
        },
        {
            "arm": 1,
            "execution_time": 834.733,
            "plan": [
                {
                    "Plan": {
                        "Node Type": "Aggregate",
                        "Strategy": "Plain",
                        "Partial Mode": "Finalize",
                        "Parallel Aware": false,
                        "Async Capable": false,
                        "Startup Cost": 576138.08,
                        "Total Cost": 576138.09,
                        "Plan Rows": 1,
                        "Plan Width": 128,
                        "Actual Startup Time": 814.351,
                        "Actual Total Time": 834.691,
                        "Actual Rows": 1,
                        "Actual Loops": 1,
                        "Plans": [
                            {
                                "Node Type": "Gather",
                                "Parent Relationship": "Outer",
                                "Parallel Aware": false,
                                "Async Capable": false,
                                "Startup Cost": 576137.74,
                                "Total Cost": 576138.05,
                                "Plan Rows": 3,
                                "Plan Width": 128,
                                "Actual Startup Time": 812.674,
                                "Actual Total Time": 834.685,
                                "Actual Rows": 4,
                                "Actual Loops": 1,
                                "Workers Planned": 3,
                                "Workers Launched": 3,
                                "Single Copy": false,
                                "Plans": [
                                    {
                                        "Node Type": "Aggregate",
                                        "Strategy": "Plain",
                                        "Partial Mode": "Partial",
                                        "Parent Relationship": "Outer",
                                        "Parallel Aware": false,
                                        "Async Capable": false,
                                        "Startup Cost": 575137.74,
                                        "Total Cost": 575137.75,
                                        "Plan Rows": 1,
                                        "Plan Width": 128,
                                        "Actual Startup Time": 811.026,
                                        "Actual Total Time": 811.407,
                                        "Actual Rows": 1,
                                        "Actual Loops": 4,
                                        "Workers": [],
                                        "Plans": [
                                            {
                                                "Node Type": "Hash Join",
                                                "Parent Relationship": "Outer",
                                                "Parallel Aware": true,
                                                "Async Capable": false,
                                                "Join Type": "Inner",
                                                "Startup Cost": 559592.0,
                                                "Total Cost": 575009.52,
                                                "Plan Rows": 12822,
                                                "Plan Width": 64,
                                                "Actual Startup Time": 774.003,
                                                "Actual Total Time": 805.575,
                                                "Actual Rows": 120770,
                                                "Actual Loops": 4,
                                                "Inner Unique": false,
                                                "Hash Cond": "(an.person_id = n.id)",
                                                "Workers": [],
                                                "Plans": [
                                                    {
                                                        "Node Type": "Seq Scan",
                                                        "Parent Relationship": "Outer",
                                                        "Parallel Aware": true,
                                                        "Async Capable": false,
                                                        "Relation Name": "aka_name",
                                                        "Alias": "an",
                                                        "Startup Cost": 0.0,
                                                        "Total Cost": 14323.56,
                                                        "Plan Rows": 290756,
                                                        "Plan Width": 20,
                                                        "Actual Startup Time": 0.016,
                                                        "Actual Total Time": 11.567,
                                                        "Actual Rows": 225336,
                                                        "Actual Loops": 4,
                                                        "Workers": []
                                                    },
                                                    {
                                                        "Node Type": "Hash",
                                                        "Parent Relationship": "Inner",
                                                        "Parallel Aware": true,
                                                        "Async Capable": false,
                                                        "Startup Cost": 559526.9,
                                                        "Total Cost": 559526.9,
                                                        "Plan Rows": 5208,
                                                        "Plan Width": 56,
                                                        "Actual Startup Time": 773.798,
                                                        "Actual Total Time": 774.178,
                                                        "Actual Rows": 43392,
                                                        "Actual Loops": 4,
                                                        "Hash Buckets": 262144,
                                                        "Original Hash Buckets": 16384,
                                                        "Hash Batches": 1,
                                                        "Original Hash Batches": 1,
                                                        "Peak Memory Usage": 20672,
                                                        "Workers": [],
                                                        "Plans": [
                                                            {
                                                                "Node Type": "Hash Join",
                                                                "Parent Relationship": "Outer",
                                                                "Parallel Aware": true,
                                                                "Async Capable": false,
                                                                "Join Type": "Inner",
                                                                "Startup Cost": 529056.31,
                                                                "Total Cost": 559526.9,
                                                                "Plan Rows": 5208,
                                                                "Plan Width": 56,
                                                                "Actual Startup Time": 694.946,
                                                                "Actual Total Time": 767.711,
                                                                "Actual Rows": 43392,
                                                                "Actual Loops": 4,
                                                                "Inner Unique": true,
                                                                "Hash Cond": "(mc.company_id = cn.id)",
                                                                "Workers": [],
                                                                "Plans": [
                                                                    {
                                                                        "Node Type": "Hash Join",
                                                                        "Parent Relationship": "Outer",
                                                                        "Parallel Aware": true,
                                                                        "Async Capable": false,
                                                                        "Join Type": "Inner",
                                                                        "Startup Cost": 523663.8,
                                                                        "Total Cost": 554096.57,
                                                                        "Plan Rows": 14408,
                                                                        "Plan Width": 60,
                                                                        "Actual Startup Time": 689.811,
                                                                        "Actual Total Time": 756.287,
                                                                        "Actual Rows": 106600,
                                                                        "Actual Loops": 4,
                                                                        "Inner Unique": false,
                                                                        "Hash Cond": "(mc.movie_id = ci.movie_id)",
                                                                        "Workers": [],
                                                                        "Plans": [
                                                                            {
                                                                                "Node Type": "Seq Scan",
                                                                                "Parent Relationship": "Outer",
                                                                                "Parallel Aware": true,
                                                                                "Async Capable": false,
                                                                                "Relation Name": "movie_companies",
                                                                                "Alias": "mc",
                                                                                "Startup Cost": 0.0,
                                                                                "Total Cost": 27240.55,
                                                                                "Plan Rows": 841655,
                                                                                "Plan Width": 8,
                                                                                "Actual Startup Time": 0.004,
                                                                                "Actual Total Time": 24.006,
                                                                                "Actual Rows": 652282,
                                                                                "Actual Loops": 4,
                                                                                "Workers": []
                                                                            },
                                                                            {
                                                                                "Node Type": "Hash",
                                                                                "Parent Relationship": "Inner",
                                                                                "Parallel Aware": true,
                                                                                "Async Capable": false,
                                                                                "Startup Cost": 523612.99,
                                                                                "Total Cost": 523612.99,
                                                                                "Plan Rows": 4065,
                                                                                "Plan Width": 64,
                                                                                "Actual Startup Time": 689.708,
                                                                                "Actual Total Time": 690.086,
                                                                                "Actual Rows": 63873,
                                                                                "Actual Loops": 4,
                                                                                "Hash Buckets": 262144,
                                                                                "Original Hash Buckets": 16384,
                                                                                "Hash Batches": 1,
                                                                                "Original Hash Batches": 1,
                                                                                "Peak Memory Usage": 30464,
                                                                                "Workers": [],
                                                                                "Plans": [
                                                                                    {
                                                                                        "Node Type": "Hash Join",
                                                                                        "Parent Relationship": "Outer",
                                                                                        "Parallel Aware": true,
                                                                                        "Async Capable": false,
                                                                                        "Join Type": "Inner",
                                                                                        "Startup Cost": 478906.32,
                                                                                        "Total Cost": 523612.99,
                                                                                        "Plan Rows": 4065,
                                                                                        "Plan Width": 64,
                                                                                        "Actual Startup Time": 592.298,
                                                                                        "Actual Total Time": 681.587,
                                                                                        "Actual Rows": 63873,
                                                                                        "Actual Loops": 4,
                                                                                        "Inner Unique": false,
                                                                                        "Hash Cond": "(t.id = ci.movie_id)",
                                                                                        "Workers": [],
                                                                                        "Plans": [
                                                                                            {
                                                                                                "Node Type": "Seq Scan",
                                                                                                "Parent Relationship": "Outer",
                                                                                                "Parallel Aware": true,
                                                                                                "Async Capable": false,
                                                                                                "Relation Name": "title",
                                                                                                "Alias": "t",
                                                                                                "Startup Cost": 0.0,
                                                                                                "Total Cost": 42329.38,
                                                                                                "Plan Rows": 632138,
                                                                                                "Plan Width": 21,
                                                                                                "Actual Startup Time": 0.008,
                                                                                                "Actual Total Time": 26.904,
                                                                                                "Actual Rows": 632078,
                                                                                                "Actual Loops": 4,
                                                                                                "Workers": []
                                                                                            },
                                                                                            {
                                                                                                "Node Type": "Hash",
                                                                                                "Parent Relationship": "Inner",
                                                                                                "Parallel Aware": true,
                                                                                                "Async Capable": false,
                                                                                                "Startup Cost": 478872.44,
                                                                                                "Total Cost": 478872.44,
                                                                                                "Plan Rows": 2710,
                                                                                                "Plan Width": 43,
                                                                                                "Actual Startup Time": 592.259,
                                                                                                "Actual Total Time": 592.635,
                                                                                                "Actual Rows": 63873,
                                                                                                "Actual Loops": 4,
                                                                                                "Hash Buckets": 262144,
                                                                                                "Original Hash Buckets": 16384,
                                                                                                "Hash Batches": 1,
                                                                                                "Original Hash Batches": 1,
                                                                                                "Peak Memory Usage": 23008,
                                                                                                "Workers": [],
                                                                                                "Plans": [
                                                                                                    {
                                                                                                        "Node Type": "Hash Join",
                                                                                                        "Parent Relationship": "Outer",
                                                                                                        "Parallel Aware": true,
                                                                                                        "Async Capable": false,
                                                                                                        "Join Type": "Inner",
                                                                                                        "Startup Cost": 130411.55,
                                                                                                        "Total Cost": 478872.44,
                                                                                                        "Plan Rows": 2710,
                                                                                                        "Plan Width": 43,
                                                                                                        "Actual Startup Time": 559.759,
                                                                                                        "Actual Total Time": 582.251,
                                                                                                        "Actual Rows": 63873,
                                                                                                        "Actual Loops": 4,
                                                                                                        "Inner Unique": true,
                                                                                                        "Hash Cond": "(ci.person_role_id = chn.id)",
                                                                                                        "Workers": [],
                                                                                                        "Plans": [
                                                                                                            {
                                                                                                                "Node Type": "Hash Join",
                                                                                                                "Parent Relationship": "Outer",
                                                                                                                "Parallel Aware": false,
                                                                                                                "Async Capable": false,
                                                                                                                "Join Type": "Inner",
                                                                                                                "Startup Cost": 71698.1,
                                                                                                                "Total Cost": 415512.87,
                                                                                                                "Plan Rows": 2710,
                                                                                                                "Plan Width": 31,
                                                                                                                "Actual Startup Time": 304.81,
                                                                                                                "Actual Total Time": 447.332,
                                                                                                                "Actual Rows": 69001,
                                                                                                                "Actual Loops": 4,
                                                                                                                "Inner Unique": true,
                                                                                                                "Hash Cond": "(ci.role_id = rt.id)",
                                                                                                                "Workers": [],
                                                                                                                "Plans": [
                                                                                                                    {
                                                                                                                        "Node Type": "Hash Join",
                                                                                                                        "Parent Relationship": "Outer",
                                                                                                                        "Parallel Aware": true,
                                                                                                                        "Async Capable": false,
                                                                                                                        "Join Type": "Inner",
                                                                                                                        "Startup Cost": 71696.93,
                                                                                                                        "Total Cost": 415396.2,
                                                                                                                        "Plan Rows": 32518,
                                                                                                                        "Plan Width": 35,
                                                                                                                        "Actual Startup Time": 121.12,
                                                                                                                        "Actual Total Time": 442.942,
                                                                                                                        "Actual Rows": 69022,
                                                                                                                        "Actual Loops": 4,
                                                                                                                        "Inner Unique": true,
                                                                                                                        "Hash Cond": "(ci.person_id = n.id)",
                                                                                                                        "Workers": [],
                                                                                                                        "Plans": [
                                                                                                                            {
                                                                                                                                "Node Type": "Seq Scan",
                                                                                                                                "Parent Relationship": "Outer",
                                                                                                                                "Parallel Aware": true,
                                                                                                                                "Async Capable": false,
                                                                                                                                "Relation Name": "cast_info",
                                                                                                                                "Alias": "ci",
                                                                                                                                "Startup Cost": 0.0,
                                                                                                                                "Total Cost": 343330.86,
                                                                                                                                "Plan Rows": 140346,
                                                                                                                                "Plan Width": 16,
                                                                                                                                "Actual Startup Time": 29.697,
                                                                                                                                "Actual Total Time": 340.23,
                                                                                                                                "Actual Rows": 216869,
                                                                                                                                "Actual Loops": 4,
                                                                                                                                "Filter": "(note = ANY ('{(voice),\"(voice: Japanese version)\",\"(voice) (uncredited)\",\"(voice: English version)\"}'::text[]))",
                                                                                                                                "Rows Removed by Filter": 8844217,
                                                                                                                                "Workers": []
                                                                                                                            },
                                                                                                                            {
                                                                                                                                "Node Type": "Hash",
                                                                                                                                "Parent Relationship": "Inner",
                                                                                                                                "Parallel Aware": true,
                                                                                                                                "Async Capable": false,
                                                                                                                                "Startup Cost": 68679.41,
                                                                                                                                "Total Cost": 68679.41,
                                                                                                                                "Plan Rows": 241402,
                                                                                                                                "Plan Width": 19,
                                                                                                                                "Actual Startup Time": 85.71,
                                                                                                                                "Actual Total Time": 85.711,
                                                                                                                                "Actual Rows": 240389,
                                                                                                                                "Actual Loops": 4,
                                                                                                                                "Hash Buckets": 1048576,
                                                                                                                                "Original Hash Buckets": 1048576,
                                                                                                                                "Hash Batches": 1,
                                                                                                                                "Original Hash Batches": 1,
                                                                                                                                "Peak Memory Usage": 60576,
                                                                                                                                "Workers": [],
                                                                                                                                "Plans": [
                                                                                                                                    {
                                                                                                                                        "Node Type": "Seq Scan",
                                                                                                                                        "Parent Relationship": "Outer",
                                                                                                                                        "Parallel Aware": true,
                                                                                                                                        "Async Capable": false,
                                                                                                                                        "Relation Name": "name",
                                                                                                                                        "Alias": "n",
                                                                                                                                        "Startup Cost": 0.0,
                                                                                                                                        "Total Cost": 68679.41,
                                                                                                                                        "Plan Rows": 241402,
                                                                                                                                        "Plan Width": 19,
                                                                                                                                        "Actual Startup Time": 19.322,
                                                                                                                                        "Actual Total Time": 56.62,
                                                                                                                                        "Actual Rows": 240389,
                                                                                                                                        "Actual Loops": 4,
                                                                                                                                        "Filter": "((gender)::text = 'f'::text)",
                                                                                                                                        "Rows Removed by Filter": 801484,
                                                                                                                                        "Workers": []
                                                                                                                                    }
                                                                                                                                ]
                                                                                                                            }
                                                                                                                        ]
                                                                                                                    },
                                                                                                                    {
                                                                                                                        "Node Type": "Hash",
                                                                                                                        "Parent Relationship": "Inner",
                                                                                                                        "Parallel Aware": false,
                                                                                                                        "Async Capable": false,
                                                                                                                        "Startup Cost": 1.15,
                                                                                                                        "Total Cost": 1.15,
                                                                                                                        "Plan Rows": 1,
                                                                                                                        "Plan Width": 4,
                                                                                                                        "Actual Startup Time": 0.019,
                                                                                                                        "Actual Total Time": 0.019,
                                                                                                                        "Actual Rows": 1,
                                                                                                                        "Actual Loops": 4,
                                                                                                                        "Hash Buckets": 1024,
                                                                                                                        "Original Hash Buckets": 1024,
                                                                                                                        "Hash Batches": 1,
                                                                                                                        "Original Hash Batches": 1,
                                                                                                                        "Peak Memory Usage": 9,
                                                                                                                        "Workers": [],
                                                                                                                        "Plans": [
                                                                                                                            {
                                                                                                                                "Node Type": "Seq Scan",
                                                                                                                                "Parent Relationship": "Outer",
                                                                                                                                "Parallel Aware": false,
                                                                                                                                "Async Capable": false,
                                                                                                                                "Relation Name": "role_type",
                                                                                                                                "Alias": "rt",
                                                                                                                                "Startup Cost": 0.0,
                                                                                                                                "Total Cost": 1.15,
                                                                                                                                "Plan Rows": 1,
                                                                                                                                "Plan Width": 4,
                                                                                                                                "Actual Startup Time": 0.017,
                                                                                                                                "Actual Total Time": 0.018,
                                                                                                                                "Actual Rows": 1,
                                                                                                                                "Actual Loops": 4,
                                                                                                                                "Filter": "((role)::text = 'actress'::text)",
                                                                                                                                "Rows Removed by Filter": 11,
                                                                                                                                "Workers": []
                                                                                                                            }
                                                                                                                        ]
                                                                                                                    }
                                                                                                                ]
                                                                                                            },
                                                                                                            {
                                                                                                                "Node Type": "Hash",
                                                                                                                "Parent Relationship": "Inner",
                                                                                                                "Parallel Aware": true,
                                                                                                                "Async Capable": false,
                                                                                                                "Startup Cost": 44298.87,
                                                                                                                "Total Cost": 44298.87,
                                                                                                                "Plan Rows": 785087,
                                                                                                                "Plan Width": 20,
                                                                                                                "Actual Startup Time": 103.454,
                                                                                                                "Actual Total Time": 103.454,
                                                                                                                "Actual Rows": 785085,
                                                                                                                "Actual Loops": 4,
                                                                                                                "Hash Buckets": 262144,
                                                                                                                "Original Hash Buckets": 262144,
                                                                                                                "Hash Batches": 16,
                                                                                                                "Original Hash Batches": 16,
                                                                                                                "Peak Memory Usage": 12896,
                                                                                                                "Workers": [],
                                                                                                                "Plans": [
                                                                                                                    {
                                                                                                                        "Node Type": "Seq Scan",
                                                                                                                        "Parent Relationship": "Outer",
                                                                                                                        "Parallel Aware": true,
                                                                                                                        "Async Capable": false,
                                                                                                                        "Relation Name": "char_name",
                                                                                                                        "Alias": "chn",
                                                                                                                        "Startup Cost": 0.0,
                                                                                                                        "Total Cost": 44298.87,
                                                                                                                        "Plan Rows": 785087,
                                                                                                                        "Plan Width": 20,
                                                                                                                        "Actual Startup Time": 0.008,
                                                                                                                        "Actual Total Time": 51.406,
                                                                                                                        "Actual Rows": 785085,
                                                                                                                        "Actual Loops": 4,
                                                                                                                        "Workers": []
                                                                                                                    }
                                                                                                                ]
                                                                                                            }
                                                                                                        ]
                                                                                                    }
                                                                                                ]
                                                                                            }
                                                                                        ]
                                                                                    }
                                                                                ]
                                                                            }
                                                                        ]
                                                                    },
                                                                    {
                                                                        "Node Type": "Hash",
                                                                        "Parent Relationship": "Inner",
                                                                        "Parallel Aware": true,
                                                                        "Async Capable": false,
                                                                        "Startup Cost": 4767.92,
                                                                        "Total Cost": 4767.92,
                                                                        "Plan Rows": 49967,
                                                                        "Plan Width": 4,
                                                                        "Actual Startup Time": 5.029,
                                                                        "Actual Total Time": 5.029,
                                                                        "Actual Rows": 21211,
                                                                        "Actual Loops": 4,
                                                                        "Hash Buckets": 131072,
                                                                        "Original Hash Buckets": 131072,
                                                                        "Hash Batches": 1,
                                                                        "Original Hash Batches": 1,
                                                                        "Peak Memory Usage": 4416,
                                                                        "Workers": [],
                                                                        "Plans": [
                                                                            {
                                                                                "Node Type": "Seq Scan",
                                                                                "Parent Relationship": "Outer",
                                                                                "Parallel Aware": true,
                                                                                "Async Capable": false,
                                                                                "Relation Name": "company_name",
                                                                                "Alias": "cn",
                                                                                "Startup Cost": 0.0,
                                                                                "Total Cost": 4767.92,
                                                                                "Plan Rows": 49967,
                                                                                "Plan Width": 4,
                                                                                "Actual Startup Time": 0.007,
                                                                                "Actual Total Time": 3.675,
                                                                                "Actual Rows": 21211,
                                                                                "Actual Loops": 4,
                                                                                "Filter": "((country_code)::text = '[us]'::text)",
                                                                                "Rows Removed by Filter": 37538,
                                                                                "Workers": []
                                                                            }
                                                                        ]
                                                                    }
                                                                ]
                                                            }
                                                        ]
                                                    }
                                                ]
                                            }
                                        ]
                                    }
                                ]
                            }
                        ]
                    },
                    "Planning Time": 2.704,
                    "Triggers": [],
                    "Execution Time": 834.733
                }
            ],
            "hints": [
                "SET enable_hashjoin TO on",
                "SET enable_indexonlyscan TO on",
                "SET enable_indexscan TO on",
                "SET enable_mergejoin TO on",
                "SET enable_nestloop TO off",
                "SET enable_seqscan TO on"
            ]
        },
        {
            "arm": 2,
            "execution_time": 829.53,
            "plan": [
                {
                    "Plan": {
                        "Node Type": "Aggregate",
                        "Strategy": "Plain",
                        "Partial Mode": "Finalize",
                        "Parallel Aware": false,
                        "Async Capable": false,
                        "Startup Cost": 576138.08,
                        "Total Cost": 576138.09,
                        "Plan Rows": 1,
                        "Plan Width": 128,
                        "Actual Startup Time": 807.519,
                        "Actual Total Time": 829.48,
                        "Actual Rows": 1,
                        "Actual Loops": 1,
                        "Plans": [
                            {
                                "Node Type": "Gather",
                                "Parent Relationship": "Outer",
                                "Parallel Aware": false,
                                "Async Capable": false,
                                "Startup Cost": 576137.74,
                                "Total Cost": 576138.05,
                                "Plan Rows": 3,
                                "Plan Width": 128,
                                "Actual Startup Time": 805.763,
                                "Actual Total Time": 829.473,
                                "Actual Rows": 4,
                                "Actual Loops": 1,
                                "Workers Planned": 3,
                                "Workers Launched": 3,
                                "Single Copy": false,
                                "Plans": [
                                    {
                                        "Node Type": "Aggregate",
                                        "Strategy": "Plain",
                                        "Partial Mode": "Partial",
                                        "Parent Relationship": "Outer",
                                        "Parallel Aware": false,
                                        "Async Capable": false,
                                        "Startup Cost": 575137.74,
                                        "Total Cost": 575137.75,
                                        "Plan Rows": 1,
                                        "Plan Width": 128,
                                        "Actual Startup Time": 804.22,
                                        "Actual Total Time": 804.424,
                                        "Actual Rows": 1,
                                        "Actual Loops": 4,
                                        "Workers": [],
                                        "Plans": [
                                            {
                                                "Node Type": "Hash Join",
                                                "Parent Relationship": "Outer",
                                                "Parallel Aware": true,
                                                "Async Capable": false,
                                                "Join Type": "Inner",
                                                "Startup Cost": 559592.0,
                                                "Total Cost": 575009.52,
                                                "Plan Rows": 12822,
                                                "Plan Width": 64,
                                                "Actual Startup Time": 769.625,
                                                "Actual Total Time": 798.704,
                                                "Actual Rows": 120770,
                                                "Actual Loops": 4,
                                                "Inner Unique": false,
                                                "Hash Cond": "(an.person_id = n.id)",
                                                "Workers": [],
                                                "Plans": [
                                                    {
                                                        "Node Type": "Seq Scan",
                                                        "Parent Relationship": "Outer",
                                                        "Parallel Aware": true,
                                                        "Async Capable": false,
                                                        "Relation Name": "aka_name",
                                                        "Alias": "an",
                                                        "Startup Cost": 0.0,
                                                        "Total Cost": 14323.56,
                                                        "Plan Rows": 290756,
                                                        "Plan Width": 20,
                                                        "Actual Startup Time": 0.005,
                                                        "Actual Total Time": 10.311,
                                                        "Actual Rows": 225336,
                                                        "Actual Loops": 4,
                                                        "Workers": []
                                                    },
                                                    {
                                                        "Node Type": "Hash",
                                                        "Parent Relationship": "Inner",
                                                        "Parallel Aware": true,
                                                        "Async Capable": false,
                                                        "Startup Cost": 559526.9,
                                                        "Total Cost": 559526.9,
                                                        "Plan Rows": 5208,
                                                        "Plan Width": 56,
                                                        "Actual Startup Time": 769.442,
                                                        "Actual Total Time": 769.646,
                                                        "Actual Rows": 43392,
                                                        "Actual Loops": 4,
                                                        "Hash Buckets": 262144,
                                                        "Original Hash Buckets": 16384,
                                                        "Hash Batches": 1,
                                                        "Original Hash Batches": 1,
                                                        "Peak Memory Usage": 20640,
                                                        "Workers": [],
                                                        "Plans": [
                                                            {
                                                                "Node Type": "Hash Join",
                                                                "Parent Relationship": "Outer",
                                                                "Parallel Aware": true,
                                                                "Async Capable": false,
                                                                "Join Type": "Inner",
                                                                "Startup Cost": 529056.31,
                                                                "Total Cost": 559526.9,
                                                                "Plan Rows": 5208,
                                                                "Plan Width": 56,
                                                                "Actual Startup Time": 688.853,
                                                                "Actual Total Time": 762.987,
                                                                "Actual Rows": 43392,
                                                                "Actual Loops": 4,
                                                                "Inner Unique": true,
                                                                "Hash Cond": "(mc.company_id = cn.id)",
                                                                "Workers": [],
                                                                "Plans": [
                                                                    {
                                                                        "Node Type": "Hash Join",
                                                                        "Parent Relationship": "Outer",
                                                                        "Parallel Aware": true,
                                                                        "Async Capable": false,
                                                                        "Join Type": "Inner",
                                                                        "Startup Cost": 523663.8,
                                                                        "Total Cost": 554096.57,
                                                                        "Plan Rows": 14408,
                                                                        "Plan Width": 60,
                                                                        "Actual Startup Time": 683.594,
                                                                        "Actual Total Time": 751.372,
                                                                        "Actual Rows": 106600,
                                                                        "Actual Loops": 4,
                                                                        "Inner Unique": false,
                                                                        "Hash Cond": "(mc.movie_id = ci.movie_id)",
                                                                        "Workers": [],
                                                                        "Plans": [
                                                                            {
                                                                                "Node Type": "Seq Scan",
                                                                                "Parent Relationship": "Outer",
                                                                                "Parallel Aware": true,
                                                                                "Async Capable": false,
                                                                                "Relation Name": "movie_companies",
                                                                                "Alias": "mc",
                                                                                "Startup Cost": 0.0,
                                                                                "Total Cost": 27240.55,
                                                                                "Plan Rows": 841655,
                                                                                "Plan Width": 8,
                                                                                "Actual Startup Time": 0.005,
                                                                                "Actual Total Time": 24.122,
                                                                                "Actual Rows": 652282,
                                                                                "Actual Loops": 4,
                                                                                "Workers": []
                                                                            },
                                                                            {
                                                                                "Node Type": "Hash",
                                                                                "Parent Relationship": "Inner",
                                                                                "Parallel Aware": true,
                                                                                "Async Capable": false,
                                                                                "Startup Cost": 523612.99,
                                                                                "Total Cost": 523612.99,
                                                                                "Plan Rows": 4065,
                                                                                "Plan Width": 64,
                                                                                "Actual Startup Time": 683.475,
                                                                                "Actual Total Time": 683.676,
                                                                                "Actual Rows": 63873,
                                                                                "Actual Loops": 4,
                                                                                "Hash Buckets": 262144,
                                                                                "Original Hash Buckets": 16384,
                                                                                "Hash Batches": 1,
                                                                                "Original Hash Batches": 1,
                                                                                "Peak Memory Usage": 30496,
                                                                                "Workers": [],
                                                                                "Plans": [
                                                                                    {
                                                                                        "Node Type": "Hash Join",
                                                                                        "Parent Relationship": "Outer",
                                                                                        "Parallel Aware": true,
                                                                                        "Async Capable": false,
                                                                                        "Join Type": "Inner",
                                                                                        "Startup Cost": 478906.32,
                                                                                        "Total Cost": 523612.99,
                                                                                        "Plan Rows": 4065,
                                                                                        "Plan Width": 64,
                                                                                        "Actual Startup Time": 584.547,
                                                                                        "Actual Total Time": 675.248,
                                                                                        "Actual Rows": 63873,
                                                                                        "Actual Loops": 4,
                                                                                        "Inner Unique": false,
                                                                                        "Hash Cond": "(t.id = ci.movie_id)",
                                                                                        "Workers": [],
                                                                                        "Plans": [
                                                                                            {
                                                                                                "Node Type": "Seq Scan",
                                                                                                "Parent Relationship": "Outer",
                                                                                                "Parallel Aware": true,
                                                                                                "Async Capable": false,
                                                                                                "Relation Name": "title",
                                                                                                "Alias": "t",
                                                                                                "Startup Cost": 0.0,
                                                                                                "Total Cost": 42329.38,
                                                                                                "Plan Rows": 632138,
                                                                                                "Plan Width": 21,
                                                                                                "Actual Startup Time": 0.007,
                                                                                                "Actual Total Time": 26.286,
                                                                                                "Actual Rows": 632078,
                                                                                                "Actual Loops": 4,
                                                                                                "Workers": []
                                                                                            },
                                                                                            {
                                                                                                "Node Type": "Hash",
                                                                                                "Parent Relationship": "Inner",
                                                                                                "Parallel Aware": true,
                                                                                                "Async Capable": false,
                                                                                                "Startup Cost": 478872.44,
                                                                                                "Total Cost": 478872.44,
                                                                                                "Plan Rows": 2710,
                                                                                                "Plan Width": 43,
                                                                                                "Actual Startup Time": 584.509,
                                                                                                "Actual Total Time": 584.709,
                                                                                                "Actual Rows": 63873,
                                                                                                "Actual Loops": 4,
                                                                                                "Hash Buckets": 262144,
                                                                                                "Original Hash Buckets": 16384,
                                                                                                "Hash Batches": 1,
                                                                                                "Original Hash Batches": 1,
                                                                                                "Peak Memory Usage": 23040,
                                                                                                "Workers": [],
                                                                                                "Plans": [
                                                                                                    {
                                                                                                        "Node Type": "Hash Join",
                                                                                                        "Parent Relationship": "Outer",
                                                                                                        "Parallel Aware": true,
                                                                                                        "Async Capable": false,
                                                                                                        "Join Type": "Inner",
                                                                                                        "Startup Cost": 130411.55,
                                                                                                        "Total Cost": 478872.44,
                                                                                                        "Plan Rows": 2710,
                                                                                                        "Plan Width": 43,
                                                                                                        "Actual Startup Time": 550.559,
                                                                                                        "Actual Total Time": 572.982,
                                                                                                        "Actual Rows": 63873,
                                                                                                        "Actual Loops": 4,
                                                                                                        "Inner Unique": true,
                                                                                                        "Hash Cond": "(ci.person_role_id = chn.id)",
                                                                                                        "Workers": [],
                                                                                                        "Plans": [
                                                                                                            {
                                                                                                                "Node Type": "Hash Join",
                                                                                                                "Parent Relationship": "Outer",
                                                                                                                "Parallel Aware": false,
                                                                                                                "Async Capable": false,
                                                                                                                "Join Type": "Inner",
                                                                                                                "Startup Cost": 71698.1,
                                                                                                                "Total Cost": 415512.87,
                                                                                                                "Plan Rows": 2710,
                                                                                                                "Plan Width": 31,
                                                                                                                "Actual Startup Time": 302.554,
                                                                                                                "Actual Total Time": 445.781,
                                                                                                                "Actual Rows": 69001,
                                                                                                                "Actual Loops": 4,
                                                                                                                "Inner Unique": true,
                                                                                                                "Hash Cond": "(ci.role_id = rt.id)",
                                                                                                                "Workers": [],
                                                                                                                "Plans": [
                                                                                                                    {
                                                                                                                        "Node Type": "Hash Join",
                                                                                                                        "Parent Relationship": "Outer",
                                                                                                                        "Parallel Aware": true,
                                                                                                                        "Async Capable": false,
                                                                                                                        "Join Type": "Inner",
                                                                                                                        "Startup Cost": 71696.93,
                                                                                                                        "Total Cost": 415396.2,
                                                                                                                        "Plan Rows": 32518,
                                                                                                                        "Plan Width": 35,
                                                                                                                        "Actual Startup Time": 121.253,
                                                                                                                        "Actual Total Time": 441.398,
                                                                                                                        "Actual Rows": 69022,
                                                                                                                        "Actual Loops": 4,
                                                                                                                        "Inner Unique": true,
                                                                                                                        "Hash Cond": "(ci.person_id = n.id)",
                                                                                                                        "Workers": [],
                                                                                                                        "Plans": [
                                                                                                                            {
                                                                                                                                "Node Type": "Seq Scan",
                                                                                                                                "Parent Relationship": "Outer",
                                                                                                                                "Parallel Aware": true,
                                                                                                                                "Async Capable": false,
                                                                                                                                "Relation Name": "cast_info",
                                                                                                                                "Alias": "ci",
                                                                                                                                "Startup Cost": 0.0,
                                                                                                                                "Total Cost": 343330.86,
                                                                                                                                "Plan Rows": 140346,
                                                                                                                                "Plan Width": 16,
                                                                                                                                "Actual Startup Time": 30.224,
                                                                                                                                "Actual Total Time": 341.828,
                                                                                                                                "Actual Rows": 216869,
                                                                                                                                "Actual Loops": 4,
                                                                                                                                "Filter": "(note = ANY ('{(voice),\"(voice: Japanese version)\",\"(voice) (uncredited)\",\"(voice: English version)\"}'::text[]))",
                                                                                                                                "Rows Removed by Filter": 8844217,
                                                                                                                                "Workers": []
                                                                                                                            },
                                                                                                                            {
                                                                                                                                "Node Type": "Hash",
                                                                                                                                "Parent Relationship": "Inner",
                                                                                                                                "Parallel Aware": true,
                                                                                                                                "Async Capable": false,
                                                                                                                                "Startup Cost": 68679.41,
                                                                                                                                "Total Cost": 68679.41,
                                                                                                                                "Plan Rows": 241402,
                                                                                                                                "Plan Width": 19,
                                                                                                                                "Actual Startup Time": 82.86,
                                                                                                                                "Actual Total Time": 82.861,
                                                                                                                                "Actual Rows": 240389,
                                                                                                                                "Actual Loops": 4,
                                                                                                                                "Hash Buckets": 1048576,
                                                                                                                                "Original Hash Buckets": 1048576,
                                                                                                                                "Hash Batches": 1,
                                                                                                                                "Original Hash Batches": 1,
                                                                                                                                "Peak Memory Usage": 60544,
                                                                                                                                "Workers": [],
                                                                                                                                "Plans": [
                                                                                                                                    {
                                                                                                                                        "Node Type": "Seq Scan",
                                                                                                                                        "Parent Relationship": "Outer",
                                                                                                                                        "Parallel Aware": true,
                                                                                                                                        "Async Capable": false,
                                                                                                                                        "Relation Name": "name",
                                                                                                                                        "Alias": "n",
                                                                                                                                        "Startup Cost": 0.0,
                                                                                                                                        "Total Cost": 68679.41,
                                                                                                                                        "Plan Rows": 241402,
                                                                                                                                        "Plan Width": 19,
                                                                                                                                        "Actual Startup Time": 17.932,
                                                                                                                                        "Actual Total Time": 54.855,
                                                                                                                                        "Actual Rows": 240389,
                                                                                                                                        "Actual Loops": 4,
                                                                                                                                        "Filter": "((gender)::text = 'f'::text)",
                                                                                                                                        "Rows Removed by Filter": 801484,
                                                                                                                                        "Workers": []
                                                                                                                                    }
                                                                                                                                ]
                                                                                                                            }
                                                                                                                        ]
                                                                                                                    },
                                                                                                                    {
                                                                                                                        "Node Type": "Hash",
                                                                                                                        "Parent Relationship": "Inner",
                                                                                                                        "Parallel Aware": false,
                                                                                                                        "Async Capable": false,
                                                                                                                        "Startup Cost": 1.15,
                                                                                                                        "Total Cost": 1.15,
                                                                                                                        "Plan Rows": 1,
                                                                                                                        "Plan Width": 4,
                                                                                                                        "Actual Startup Time": 0.019,
                                                                                                                        "Actual Total Time": 0.02,
                                                                                                                        "Actual Rows": 1,
                                                                                                                        "Actual Loops": 4,
                                                                                                                        "Hash Buckets": 1024,
                                                                                                                        "Original Hash Buckets": 1024,
                                                                                                                        "Hash Batches": 1,
                                                                                                                        "Original Hash Batches": 1,
                                                                                                                        "Peak Memory Usage": 9,
                                                                                                                        "Workers": [],
                                                                                                                        "Plans": [
                                                                                                                            {
                                                                                                                                "Node Type": "Seq Scan",
                                                                                                                                "Parent Relationship": "Outer",
                                                                                                                                "Parallel Aware": false,
                                                                                                                                "Async Capable": false,
                                                                                                                                "Relation Name": "role_type",
                                                                                                                                "Alias": "rt",
                                                                                                                                "Startup Cost": 0.0,
                                                                                                                                "Total Cost": 1.15,
                                                                                                                                "Plan Rows": 1,
                                                                                                                                "Plan Width": 4,
                                                                                                                                "Actual Startup Time": 0.018,
                                                                                                                                "Actual Total Time": 0.018,
                                                                                                                                "Actual Rows": 1,
                                                                                                                                "Actual Loops": 4,
                                                                                                                                "Filter": "((role)::text = 'actress'::text)",
                                                                                                                                "Rows Removed by Filter": 11,
                                                                                                                                "Workers": []
                                                                                                                            }
                                                                                                                        ]
                                                                                                                    }
                                                                                                                ]
                                                                                                            },
                                                                                                            {
                                                                                                                "Node Type": "Hash",
                                                                                                                "Parent Relationship": "Inner",
                                                                                                                "Parallel Aware": true,
                                                                                                                "Async Capable": false,
                                                                                                                "Startup Cost": 44298.87,
                                                                                                                "Total Cost": 44298.87,
                                                                                                                "Plan Rows": 785087,
                                                                                                                "Plan Width": 20,
                                                                                                                "Actual Startup Time": 95.241,
                                                                                                                "Actual Total Time": 95.241,
                                                                                                                "Actual Rows": 785085,
                                                                                                                "Actual Loops": 4,
                                                                                                                "Hash Buckets": 262144,
                                                                                                                "Original Hash Buckets": 262144,
                                                                                                                "Hash Batches": 16,
                                                                                                                "Original Hash Batches": 16,
                                                                                                                "Peak Memory Usage": 12896,
                                                                                                                "Workers": [],
                                                                                                                "Plans": [
                                                                                                                    {
                                                                                                                        "Node Type": "Seq Scan",
                                                                                                                        "Parent Relationship": "Outer",
                                                                                                                        "Parallel Aware": true,
                                                                                                                        "Async Capable": false,
                                                                                                                        "Relation Name": "char_name",
                                                                                                                        "Alias": "chn",
                                                                                                                        "Startup Cost": 0.0,
                                                                                                                        "Total Cost": 44298.87,
                                                                                                                        "Plan Rows": 785087,
                                                                                                                        "Plan Width": 20,
                                                                                                                        "Actual Startup Time": 0.006,
                                                                                                                        "Actual Total Time": 44.411,
                                                                                                                        "Actual Rows": 785085,
                                                                                                                        "Actual Loops": 4,
                                                                                                                        "Workers": []
                                                                                                                    }
                                                                                                                ]
                                                                                                            }
                                                                                                        ]
                                                                                                    }
                                                                                                ]
                                                                                            }
                                                                                        ]
                                                                                    }
                                                                                ]
                                                                            }
                                                                        ]
                                                                    },
                                                                    {
                                                                        "Node Type": "Hash",
                                                                        "Parent Relationship": "Inner",
                                                                        "Parallel Aware": true,
                                                                        "Async Capable": false,
                                                                        "Startup Cost": 4767.92,
                                                                        "Total Cost": 4767.92,
                                                                        "Plan Rows": 49967,
                                                                        "Plan Width": 4,
                                                                        "Actual Startup Time": 5.118,
                                                                        "Actual Total Time": 5.119,
                                                                        "Actual Rows": 21211,
                                                                        "Actual Loops": 4,
                                                                        "Hash Buckets": 131072,
                                                                        "Original Hash Buckets": 131072,
                                                                        "Hash Batches": 1,
                                                                        "Original Hash Batches": 1,
                                                                        "Peak Memory Usage": 4416,
                                                                        "Workers": [],
                                                                        "Plans": [
                                                                            {
                                                                                "Node Type": "Seq Scan",
                                                                                "Parent Relationship": "Outer",
                                                                                "Parallel Aware": true,
                                                                                "Async Capable": false,
                                                                                "Relation Name": "company_name",
                                                                                "Alias": "cn",
                                                                                "Startup Cost": 0.0,
                                                                                "Total Cost": 4767.92,
                                                                                "Plan Rows": 49967,
                                                                                "Plan Width": 4,
                                                                                "Actual Startup Time": 0.007,
                                                                                "Actual Total Time": 3.697,
                                                                                "Actual Rows": 21211,
                                                                                "Actual Loops": 4,
                                                                                "Filter": "((country_code)::text = '[us]'::text)",
                                                                                "Rows Removed by Filter": 37538,
                                                                                "Workers": []
                                                                            }
                                                                        ]
                                                                    }
                                                                ]
                                                            }
                                                        ]
                                                    }
                                                ]
                                            }
                                        ]
                                    }
                                ]
                            }
                        ]
                    },
                    "Planning Time": 1.671,
                    "Triggers": [],
                    "Execution Time": 829.53
                }
            ],
            "hints": [
                "SET enable_hashjoin TO on",
                "SET enable_indexonlyscan TO on",
                "SET enable_indexscan TO off",
                "SET enable_mergejoin TO off",
                "SET enable_nestloop TO on",
                "SET enable_seqscan TO on"
            ]
        },
        {
            "arm": 3,
            "execution_time": 826.051,
            "plan": [
                {
                    "Plan": {
                        "Node Type": "Aggregate",
                        "Strategy": "Plain",
                        "Partial Mode": "Finalize",
                        "Parallel Aware": false,
                        "Async Capable": false,
                        "Startup Cost": 576138.08,
                        "Total Cost": 576138.09,
                        "Plan Rows": 1,
                        "Plan Width": 128,
                        "Actual Startup Time": 803.791,
                        "Actual Total Time": 826.003,
                        "Actual Rows": 1,
                        "Actual Loops": 1,
                        "Plans": [
                            {
                                "Node Type": "Gather",
                                "Parent Relationship": "Outer",
                                "Parallel Aware": false,
                                "Async Capable": false,
                                "Startup Cost": 576137.74,
                                "Total Cost": 576138.05,
                                "Plan Rows": 3,
                                "Plan Width": 128,
                                "Actual Startup Time": 801.824,
                                "Actual Total Time": 825.996,
                                "Actual Rows": 4,
                                "Actual Loops": 1,
                                "Workers Planned": 3,
                                "Workers Launched": 3,
                                "Single Copy": false,
                                "Plans": [
                                    {
                                        "Node Type": "Aggregate",
                                        "Strategy": "Plain",
                                        "Partial Mode": "Partial",
                                        "Parent Relationship": "Outer",
                                        "Parallel Aware": false,
                                        "Async Capable": false,
                                        "Startup Cost": 575137.74,
                                        "Total Cost": 575137.75,
                                        "Plan Rows": 1,
                                        "Plan Width": 128,
                                        "Actual Startup Time": 800.283,
                                        "Actual Total Time": 800.479,
                                        "Actual Rows": 1,
                                        "Actual Loops": 4,
                                        "Workers": [],
                                        "Plans": [
                                            {
                                                "Node Type": "Hash Join",
                                                "Parent Relationship": "Outer",
                                                "Parallel Aware": true,
                                                "Async Capable": false,
                                                "Join Type": "Inner",
                                                "Startup Cost": 559592.0,
                                                "Total Cost": 575009.52,
                                                "Plan Rows": 12822,
                                                "Plan Width": 64,
                                                "Actual Startup Time": 765.417,
                                                "Actual Total Time": 794.743,
                                                "Actual Rows": 120770,
                                                "Actual Loops": 4,
                                                "Inner Unique": false,
                                                "Hash Cond": "(an.person_id = n.id)",
                                                "Workers": [],
                                                "Plans": [
                                                    {
                                                        "Node Type": "Seq Scan",
                                                        "Parent Relationship": "Outer",
                                                        "Parallel Aware": true,
                                                        "Async Capable": false,
                                                        "Relation Name": "aka_name",
                                                        "Alias": "an",
                                                        "Startup Cost": 0.0,
                                                        "Total Cost": 14323.56,
                                                        "Plan Rows": 290756,
                                                        "Plan Width": 20,
                                                        "Actual Startup Time": 0.006,
                                                        "Actual Total Time": 10.363,
                                                        "Actual Rows": 225336,
                                                        "Actual Loops": 4,
                                                        "Workers": []
                                                    },
                                                    {
                                                        "Node Type": "Hash",
                                                        "Parent Relationship": "Inner",
                                                        "Parallel Aware": true,
                                                        "Async Capable": false,
                                                        "Startup Cost": 559526.9,
                                                        "Total Cost": 559526.9,
                                                        "Plan Rows": 5208,
                                                        "Plan Width": 56,
                                                        "Actual Startup Time": 765.254,
                                                        "Actual Total Time": 765.449,
                                                        "Actual Rows": 43392,
                                                        "Actual Loops": 4,
                                                        "Hash Buckets": 262144,
                                                        "Original Hash Buckets": 16384,
                                                        "Hash Batches": 1,
                                                        "Original Hash Batches": 1,
                                                        "Peak Memory Usage": 20640,
                                                        "Workers": [],
                                                        "Plans": [
                                                            {
                                                                "Node Type": "Hash Join",
                                                                "Parent Relationship": "Outer",
                                                                "Parallel Aware": true,
                                                                "Async Capable": false,
                                                                "Join Type": "Inner",
                                                                "Startup Cost": 529056.31,
                                                                "Total Cost": 559526.9,
                                                                "Plan Rows": 5208,
                                                                "Plan Width": 56,
                                                                "Actual Startup Time": 685.655,
                                                                "Actual Total Time": 759.138,
                                                                "Actual Rows": 43392,
                                                                "Actual Loops": 4,
                                                                "Inner Unique": true,
                                                                "Hash Cond": "(mc.company_id = cn.id)",
                                                                "Workers": [],
                                                                "Plans": [
                                                                    {
                                                                        "Node Type": "Hash Join",
                                                                        "Parent Relationship": "Outer",
                                                                        "Parallel Aware": true,
                                                                        "Async Capable": false,
                                                                        "Join Type": "Inner",
                                                                        "Startup Cost": 523663.8,
                                                                        "Total Cost": 554096.57,
                                                                        "Plan Rows": 14408,
                                                                        "Plan Width": 60,
                                                                        "Actual Startup Time": 680.464,
                                                                        "Actual Total Time": 747.611,
                                                                        "Actual Rows": 106600,
                                                                        "Actual Loops": 4,
                                                                        "Inner Unique": false,
                                                                        "Hash Cond": "(mc.movie_id = ci.movie_id)",
                                                                        "Workers": [],
                                                                        "Plans": [
                                                                            {
                                                                                "Node Type": "Seq Scan",
                                                                                "Parent Relationship": "Outer",
                                                                                "Parallel Aware": true,
                                                                                "Async Capable": false,
                                                                                "Relation Name": "movie_companies",
                                                                                "Alias": "mc",
                                                                                "Startup Cost": 0.0,
                                                                                "Total Cost": 27240.55,
                                                                                "Plan Rows": 841655,
                                                                                "Plan Width": 8,
                                                                                "Actual Startup Time": 0.005,
                                                                                "Actual Total Time": 24.022,
                                                                                "Actual Rows": 652282,
                                                                                "Actual Loops": 4,
                                                                                "Workers": []
                                                                            },
                                                                            {
                                                                                "Node Type": "Hash",
                                                                                "Parent Relationship": "Inner",
                                                                                "Parallel Aware": true,
                                                                                "Async Capable": false,
                                                                                "Startup Cost": 523612.99,
                                                                                "Total Cost": 523612.99,
                                                                                "Plan Rows": 4065,
                                                                                "Plan Width": 64,
                                                                                "Actual Startup Time": 680.354,
                                                                                "Actual Total Time": 680.547,
                                                                                "Actual Rows": 63873,
                                                                                "Actual Loops": 4,
                                                                                "Hash Buckets": 262144,
                                                                                "Original Hash Buckets": 16384,
                                                                                "Hash Batches": 1,
                                                                                "Original Hash Batches": 1,
                                                                                "Peak Memory Usage": 30464,
                                                                                "Workers": [],
                                                                                "Plans": [
                                                                                    {
                                                                                        "Node Type": "Hash Join",
                                                                                        "Parent Relationship": "Outer",
                                                                                        "Parallel Aware": true,
                                                                                        "Async Capable": false,
                                                                                        "Join Type": "Inner",
                                                                                        "Startup Cost": 478906.32,
                                                                                        "Total Cost": 523612.99,
                                                                                        "Plan Rows": 4065,
                                                                                        "Plan Width": 64,
                                                                                        "Actual Startup Time": 586.457,
                                                                                        "Actual Total Time": 672.315,
                                                                                        "Actual Rows": 63873,
                                                                                        "Actual Loops": 4,
                                                                                        "Inner Unique": false,
                                                                                        "Hash Cond": "(t.id = ci.movie_id)",
                                                                                        "Workers": [],
                                                                                        "Plans": [
                                                                                            {
                                                                                                "Node Type": "Seq Scan",
                                                                                                "Parent Relationship": "Outer",
                                                                                                "Parallel Aware": true,
                                                                                                "Async Capable": false,
                                                                                                "Relation Name": "title",
                                                                                                "Alias": "t",
                                                                                                "Startup Cost": 0.0,
                                                                                                "Total Cost": 42329.38,
                                                                                                "Plan Rows": 632138,
                                                                                                "Plan Width": 21,
                                                                                                "Actual Startup Time": 0.008,
                                                                                                "Actual Total Time": 25.819,
                                                                                                "Actual Rows": 632078,
                                                                                                "Actual Loops": 4,
                                                                                                "Workers": []
                                                                                            },
                                                                                            {
                                                                                                "Node Type": "Hash",
                                                                                                "Parent Relationship": "Inner",
                                                                                                "Parallel Aware": true,
                                                                                                "Async Capable": false,
                                                                                                "Startup Cost": 478872.44,
                                                                                                "Total Cost": 478872.44,
                                                                                                "Plan Rows": 2710,
                                                                                                "Plan Width": 43,
                                                                                                "Actual Startup Time": 586.424,
                                                                                                "Actual Total Time": 586.615,
                                                                                                "Actual Rows": 63873,
                                                                                                "Actual Loops": 4,
                                                                                                "Hash Buckets": 262144,
                                                                                                "Original Hash Buckets": 16384,
                                                                                                "Hash Batches": 1,
                                                                                                "Original Hash Batches": 1,
                                                                                                "Peak Memory Usage": 23040,
                                                                                                "Workers": [],
                                                                                                "Plans": [
                                                                                                    {
                                                                                                        "Node Type": "Hash Join",
                                                                                                        "Parent Relationship": "Outer",
                                                                                                        "Parallel Aware": true,
                                                                                                        "Async Capable": false,
                                                                                                        "Join Type": "Inner",
                                                                                                        "Startup Cost": 130411.55,
                                                                                                        "Total Cost": 478872.44,
                                                                                                        "Plan Rows": 2710,
                                                                                                        "Plan Width": 43,
                                                                                                        "Actual Startup Time": 552.663,
                                                                                                        "Actual Total Time": 575.227,
                                                                                                        "Actual Rows": 63873,
                                                                                                        "Actual Loops": 4,
                                                                                                        "Inner Unique": true,
                                                                                                        "Hash Cond": "(ci.person_role_id = chn.id)",
                                                                                                        "Workers": [],
                                                                                                        "Plans": [
                                                                                                            {
                                                                                                                "Node Type": "Hash Join",
                                                                                                                "Parent Relationship": "Outer",
                                                                                                                "Parallel Aware": false,
                                                                                                                "Async Capable": false,
                                                                                                                "Join Type": "Inner",
                                                                                                                "Startup Cost": 71698.1,
                                                                                                                "Total Cost": 415512.87,
                                                                                                                "Plan Rows": 2710,
                                                                                                                "Plan Width": 31,
                                                                                                                "Actual Startup Time": 305.555,
                                                                                                                "Actual Total Time": 448.536,
                                                                                                                "Actual Rows": 69001,
                                                                                                                "Actual Loops": 4,
                                                                                                                "Inner Unique": true,
                                                                                                                "Hash Cond": "(ci.role_id = rt.id)",
                                                                                                                "Workers": [],
                                                                                                                "Plans": [
                                                                                                                    {
                                                                                                                        "Node Type": "Hash Join",
                                                                                                                        "Parent Relationship": "Outer",
                                                                                                                        "Parallel Aware": true,
                                                                                                                        "Async Capable": false,
                                                                                                                        "Join Type": "Inner",
                                                                                                                        "Startup Cost": 71696.93,
                                                                                                                        "Total Cost": 415396.2,
                                                                                                                        "Plan Rows": 32518,
                                                                                                                        "Plan Width": 35,
                                                                                                                        "Actual Startup Time": 121.238,
                                                                                                                        "Actual Total Time": 444.138,
                                                                                                                        "Actual Rows": 69022,
                                                                                                                        "Actual Loops": 4,
                                                                                                                        "Inner Unique": true,
                                                                                                                        "Hash Cond": "(ci.person_id = n.id)",
                                                                                                                        "Workers": [],
                                                                                                                        "Plans": [
                                                                                                                            {
                                                                                                                                "Node Type": "Seq Scan",
                                                                                                                                "Parent Relationship": "Outer",
                                                                                                                                "Parallel Aware": true,
                                                                                                                                "Async Capable": false,
                                                                                                                                "Relation Name": "cast_info",
                                                                                                                                "Alias": "ci",
                                                                                                                                "Startup Cost": 0.0,
                                                                                                                                "Total Cost": 343330.86,
                                                                                                                                "Plan Rows": 140346,
                                                                                                                                "Plan Width": 16,
                                                                                                                                "Actual Startup Time": 30.378,
                                                                                                                                "Actual Total Time": 341.523,
                                                                                                                                "Actual Rows": 216869,
                                                                                                                                "Actual Loops": 4,
                                                                                                                                "Filter": "(note = ANY ('{(voice),\"(voice: Japanese version)\",\"(voice) (uncredited)\",\"(voice: English version)\"}'::text[]))",
                                                                                                                                "Rows Removed by Filter": 8844217,
                                                                                                                                "Workers": []
                                                                                                                            },
                                                                                                                            {
                                                                                                                                "Node Type": "Hash",
                                                                                                                                "Parent Relationship": "Inner",
                                                                                                                                "Parallel Aware": true,
                                                                                                                                "Async Capable": false,
                                                                                                                                "Startup Cost": 68679.41,
                                                                                                                                "Total Cost": 68679.41,
                                                                                                                                "Plan Rows": 241402,
                                                                                                                                "Plan Width": 19,
                                                                                                                                "Actual Startup Time": 85.696,
                                                                                                                                "Actual Total Time": 85.697,
                                                                                                                                "Actual Rows": 240389,
                                                                                                                                "Actual Loops": 4,
                                                                                                                                "Hash Buckets": 1048576,
                                                                                                                                "Original Hash Buckets": 1048576,
                                                                                                                                "Hash Batches": 1,
                                                                                                                                "Original Hash Batches": 1,
                                                                                                                                "Peak Memory Usage": 60576,
                                                                                                                                "Workers": [],
                                                                                                                                "Plans": [
                                                                                                                                    {
                                                                                                                                        "Node Type": "Seq Scan",
                                                                                                                                        "Parent Relationship": "Outer",
                                                                                                                                        "Parallel Aware": true,
                                                                                                                                        "Async Capable": false,
                                                                                                                                        "Relation Name": "name",
                                                                                                                                        "Alias": "n",
                                                                                                                                        "Startup Cost": 0.0,
                                                                                                                                        "Total Cost": 68679.41,
                                                                                                                                        "Plan Rows": 241402,
                                                                                                                                        "Plan Width": 19,
                                                                                                                                        "Actual Startup Time": 17.975,
                                                                                                                                        "Actual Total Time": 56.091,
                                                                                                                                        "Actual Rows": 240389,
                                                                                                                                        "Actual Loops": 4,
                                                                                                                                        "Filter": "((gender)::text = 'f'::text)",
                                                                                                                                        "Rows Removed by Filter": 801484,
                                                                                                                                        "Workers": []
                                                                                                                                    }
                                                                                                                                ]
                                                                                                                            }
                                                                                                                        ]
                                                                                                                    },
                                                                                                                    {
                                                                                                                        "Node Type": "Hash",
                                                                                                                        "Parent Relationship": "Inner",
                                                                                                                        "Parallel Aware": false,
                                                                                                                        "Async Capable": false,
                                                                                                                        "Startup Cost": 1.15,
                                                                                                                        "Total Cost": 1.15,
                                                                                                                        "Plan Rows": 1,
                                                                                                                        "Plan Width": 4,
                                                                                                                        "Actual Startup Time": 0.02,
                                                                                                                        "Actual Total Time": 0.02,
                                                                                                                        "Actual Rows": 1,
                                                                                                                        "Actual Loops": 4,
                                                                                                                        "Hash Buckets": 1024,
                                                                                                                        "Original Hash Buckets": 1024,
                                                                                                                        "Hash Batches": 1,
                                                                                                                        "Original Hash Batches": 1,
                                                                                                                        "Peak Memory Usage": 9,
                                                                                                                        "Workers": [],
                                                                                                                        "Plans": [
                                                                                                                            {
                                                                                                                                "Node Type": "Seq Scan",
                                                                                                                                "Parent Relationship": "Outer",
                                                                                                                                "Parallel Aware": false,
                                                                                                                                "Async Capable": false,
                                                                                                                                "Relation Name": "role_type",
                                                                                                                                "Alias": "rt",
                                                                                                                                "Startup Cost": 0.0,
                                                                                                                                "Total Cost": 1.15,
                                                                                                                                "Plan Rows": 1,
                                                                                                                                "Plan Width": 4,
                                                                                                                                "Actual Startup Time": 0.018,
                                                                                                                                "Actual Total Time": 0.018,
                                                                                                                                "Actual Rows": 1,
                                                                                                                                "Actual Loops": 4,
                                                                                                                                "Filter": "((role)::text = 'actress'::text)",
                                                                                                                                "Rows Removed by Filter": 11,
                                                                                                                                "Workers": []
                                                                                                                            }
                                                                                                                        ]
                                                                                                                    }
                                                                                                                ]
                                                                                                            },
                                                                                                            {
                                                                                                                "Node Type": "Hash",
                                                                                                                "Parent Relationship": "Inner",
                                                                                                                "Parallel Aware": true,
                                                                                                                "Async Capable": false,
                                                                                                                "Startup Cost": 44298.87,
                                                                                                                "Total Cost": 44298.87,
                                                                                                                "Plan Rows": 785087,
                                                                                                                "Plan Width": 20,
                                                                                                                "Actual Startup Time": 93.956,
                                                                                                                "Actual Total Time": 93.956,
                                                                                                                "Actual Rows": 785085,
                                                                                                                "Actual Loops": 4,
                                                                                                                "Hash Buckets": 262144,
                                                                                                                "Original Hash Buckets": 262144,
                                                                                                                "Hash Batches": 16,
                                                                                                                "Original Hash Batches": 16,
                                                                                                                "Peak Memory Usage": 12896,
                                                                                                                "Workers": [],
                                                                                                                "Plans": [
                                                                                                                    {
                                                                                                                        "Node Type": "Seq Scan",
                                                                                                                        "Parent Relationship": "Outer",
                                                                                                                        "Parallel Aware": true,
                                                                                                                        "Async Capable": false,
                                                                                                                        "Relation Name": "char_name",
                                                                                                                        "Alias": "chn",
                                                                                                                        "Startup Cost": 0.0,
                                                                                                                        "Total Cost": 44298.87,
                                                                                                                        "Plan Rows": 785087,
                                                                                                                        "Plan Width": 20,
                                                                                                                        "Actual Startup Time": 0.006,
                                                                                                                        "Actual Total Time": 44.122,
                                                                                                                        "Actual Rows": 785085,
                                                                                                                        "Actual Loops": 4,
                                                                                                                        "Workers": []
                                                                                                                    }
                                                                                                                ]
                                                                                                            }
                                                                                                        ]
                                                                                                    }
                                                                                                ]
                                                                                            }
                                                                                        ]
                                                                                    }
                                                                                ]
                                                                            }
                                                                        ]
                                                                    },
                                                                    {
                                                                        "Node Type": "Hash",
                                                                        "Parent Relationship": "Inner",
                                                                        "Parallel Aware": true,
                                                                        "Async Capable": false,
                                                                        "Startup Cost": 4767.92,
                                                                        "Total Cost": 4767.92,
                                                                        "Plan Rows": 49967,
                                                                        "Plan Width": 4,
                                                                        "Actual Startup Time": 5.104,
                                                                        "Actual Total Time": 5.105,
                                                                        "Actual Rows": 21211,
                                                                        "Actual Loops": 4,
                                                                        "Hash Buckets": 131072,
                                                                        "Original Hash Buckets": 131072,
                                                                        "Hash Batches": 1,
                                                                        "Original Hash Batches": 1,
                                                                        "Peak Memory Usage": 4416,
                                                                        "Workers": [],
                                                                        "Plans": [
                                                                            {
                                                                                "Node Type": "Seq Scan",
                                                                                "Parent Relationship": "Outer",
                                                                                "Parallel Aware": true,
                                                                                "Async Capable": false,
                                                                                "Relation Name": "company_name",
                                                                                "Alias": "cn",
                                                                                "Startup Cost": 0.0,
                                                                                "Total Cost": 4767.92,
                                                                                "Plan Rows": 49967,
                                                                                "Plan Width": 4,
                                                                                "Actual Startup Time": 0.008,
                                                                                "Actual Total Time": 3.759,
                                                                                "Actual Rows": 21211,
                                                                                "Actual Loops": 4,
                                                                                "Filter": "((country_code)::text = '[us]'::text)",
                                                                                "Rows Removed by Filter": 37538,
                                                                                "Workers": []
                                                                            }
                                                                        ]
                                                                    }
                                                                ]
                                                            }
                                                        ]
                                                    }
                                                ]
                                            }
                                        ]
                                    }
                                ]
                            }
                        ]
                    },
                    "Planning Time": 1.73,
                    "Triggers": [],
                    "Execution Time": 826.051
                }
            ],
            "hints": [
                "SET enable_hashjoin TO on",
                "SET enable_indexonlyscan TO on",
                "SET enable_indexscan TO off",
                "SET enable_mergejoin TO off",
                "SET enable_nestloop TO off",
                "SET enable_seqscan TO on"
            ]
        },
        {
            "arm": 4,
            "execution_time": 815.511,
            "plan": [
                {
                    "Plan": {
                        "Node Type": "Aggregate",
                        "Strategy": "Plain",
                        "Partial Mode": "Finalize",
                        "Parallel Aware": false,
                        "Async Capable": false,
                        "Startup Cost": 173956.3,
                        "Total Cost": 173956.31,
                        "Plan Rows": 1,
                        "Plan Width": 128,
                        "Actual Startup Time": 789.049,
                        "Actual Total Time": 815.458,
                        "Actual Rows": 1,
                        "Actual Loops": 1,
                        "Plans": [
                            {
                                "Node Type": "Gather",
                                "Parent Relationship": "Outer",
                                "Parallel Aware": false,
                                "Async Capable": false,
                                "Startup Cost": 173955.96,
                                "Total Cost": 173956.27,
                                "Plan Rows": 3,
                                "Plan Width": 128,
                                "Actual Startup Time": 788.716,
                                "Actual Total Time": 815.453,
                                "Actual Rows": 4,
                                "Actual Loops": 1,
                                "Workers Planned": 3,
                                "Workers Launched": 3,
                                "Single Copy": false,
                                "Plans": [
                                    {
                                        "Node Type": "Aggregate",
                                        "Strategy": "Plain",
                                        "Partial Mode": "Partial",
                                        "Parent Relationship": "Outer",
                                        "Parallel Aware": false,
                                        "Async Capable": false,
                                        "Startup Cost": 172955.96,
                                        "Total Cost": 172955.97,
                                        "Plan Rows": 1,
                                        "Plan Width": 128,
                                        "Actual Startup Time": 786.979,
                                        "Actual Total Time": 786.984,
                                        "Actual Rows": 1,
                                        "Actual Loops": 4,
                                        "Workers": [],
                                        "Plans": [
                                            {
                                                "Node Type": "Nested Loop",
                                                "Parent Relationship": "Outer",
                                                "Parallel Aware": false,
                                                "Async Capable": false,
                                                "Join Type": "Inner",
                                                "Startup Cost": 114520.64,
                                                "Total Cost": 172827.74,
                                                "Plan Rows": 12822,
                                                "Plan Width": 64,
                                                "Actual Startup Time": 498.347,
                                                "Actual Total Time": 780.941,
                                                "Actual Rows": 120770,
                                                "Actual Loops": 4,
                                                "Inner Unique": false,
                                                "Workers": [],
                                                "Plans": [
                                                    {
                                                        "Node Type": "Nested Loop",
                                                        "Parent Relationship": "Outer",
                                                        "Parallel Aware": false,
                                                        "Async Capable": false,
                                                        "Join Type": "Inner",
                                                        "Startup Cost": 114520.22,
                                                        "Total Cost": 170020.88,
                                                        "Plan Rows": 5208,
                                                        "Plan Width": 56,
                                                        "Actual Startup Time": 498.253,
                                                        "Actual Total Time": 738.38,
                                                        "Actual Rows": 43392,
                                                        "Actual Loops": 4,
                                                        "Inner Unique": true,
                                                        "Join Filter": "(ci.movie_id = t.id)",
                                                        "Rows Removed by Join Filter": 0,
                                                        "Workers": [],
                                                        "Plans": [
                                                            {
                                                                "Node Type": "Nested Loop",
                                                                "Parent Relationship": "Outer",
                                                                "Parallel Aware": false,
                                                                "Async Capable": false,
                                                                "Join Type": "Inner",
                                                                "Startup Cost": 114519.79,
                                                                "Total Cost": 167265.82,
                                                                "Plan Rows": 5208,
                                                                "Plan Width": 47,
                                                                "Actual Startup Time": 498.231,
                                                                "Actual Total Time": 703.872,
                                                                "Actual Rows": 43392,
                                                                "Actual Loops": 4,
                                                                "Inner Unique": true,
                                                                "Workers": [],
                                                                "Plans": [
                                                                    {
                                                                        "Node Type": "Nested Loop",
                                                                        "Parent Relationship": "Outer",
                                                                        "Parallel Aware": false,
                                                                        "Async Capable": false,
                                                                        "Join Type": "Inner",
                                                                        "Startup Cost": 114519.36,
                                                                        "Total Cost": 163755.6,
                                                                        "Plan Rows": 5208,
                                                                        "Plan Width": 35,
                                                                        "Actual Startup Time": 498.214,
                                                                        "Actual Total Time": 656.247,
                                                                        "Actual Rows": 47366,
                                                                        "Actual Loops": 4,
                                                                        "Inner Unique": true,
                                                                        "Workers": [],
                                                                        "Plans": [
                                                                            {
                                                                                "Node Type": "Hash Join",
                                                                                "Parent Relationship": "Outer",
                                                                                "Parallel Aware": false,
                                                                                "Async Capable": false,
                                                                                "Join Type": "Inner",
                                                                                "Startup Cost": 114518.93,
                                                                                "Total Cost": 146095.09,
                                                                                "Plan Rows": 22478,
                                                                                "Plan Width": 16,
                                                                                "Actual Startup Time": 498.177,
                                                                                "Actual Total Time": 609.464,
                                                                                "Actual Rows": 47388,
                                                                                "Actual Loops": 4,
                                                                                "Inner Unique": false,
                                                                                "Hash Cond": "(mc.movie_id = ci.movie_id)",
                                                                                "Workers": [],
                                                                                "Plans": [
                                                                                    {
                                                                                        "Node Type": "Hash Join",
                                                                                        "Parent Relationship": "Outer",
                                                                                        "Parallel Aware": true,
                                                                                        "Async Capable": false,
                                                                                        "Join Type": "Inner",
                                                                                        "Startup Cost": 5392.51,
                                                                                        "Total Cost": 34842.44,
                                                                                        "Plan Rows": 304232,
                                                                                        "Plan Width": 4,
                                                                                        "Actual Startup Time": 5.298,
                                                                                        "Actual Total Time": 74.993,
                                                                                        "Actual Rows": 288450,
                                                                                        "Actual Loops": 4,
                                                                                        "Inner Unique": true,
                                                                                        "Hash Cond": "(mc.company_id = cn.id)",
                                                                                        "Workers": [],
                                                                                        "Plans": [
                                                                                            {
                                                                                                "Node Type": "Seq Scan",
                                                                                                "Parent Relationship": "Outer",
                                                                                                "Parallel Aware": true,
                                                                                                "Async Capable": false,
                                                                                                "Relation Name": "movie_companies",
                                                                                                "Alias": "mc",
                                                                                                "Startup Cost": 0.0,
                                                                                                "Total Cost": 27240.55,
                                                                                                "Plan Rows": 841655,
                                                                                                "Plan Width": 8,
                                                                                                "Actual Startup Time": 0.006,
                                                                                                "Actual Total Time": 24.042,
                                                                                                "Actual Rows": 652282,
                                                                                                "Actual Loops": 4,
                                                                                                "Workers": []
                                                                                            },
                                                                                            {
                                                                                                "Node Type": "Hash",
                                                                                                "Parent Relationship": "Inner",
                                                                                                "Parallel Aware": true,
                                                                                                "Async Capable": false,
                                                                                                "Startup Cost": 4767.92,
                                                                                                "Total Cost": 4767.92,
                                                                                                "Plan Rows": 49967,
                                                                                                "Plan Width": 4,
                                                                                                "Actual Startup Time": 5.162,
                                                                                                "Actual Total Time": 5.163,
                                                                                                "Actual Rows": 21211,
                                                                                                "Actual Loops": 4,
                                                                                                "Hash Buckets": 131072,
                                                                                                "Original Hash Buckets": 131072,
                                                                                                "Hash Batches": 1,
                                                                                                "Original Hash Batches": 1,
                                                                                                "Peak Memory Usage": 4416,
                                                                                                "Workers": [],
                                                                                                "Plans": [
                                                                                                    {
                                                                                                        "Node Type": "Seq Scan",
                                                                                                        "Parent Relationship": "Outer",
                                                                                                        "Parallel Aware": true,
                                                                                                        "Async Capable": false,
                                                                                                        "Relation Name": "company_name",
                                                                                                        "Alias": "cn",
                                                                                                        "Startup Cost": 0.0,
                                                                                                        "Total Cost": 4767.92,
                                                                                                        "Plan Rows": 49967,
                                                                                                        "Plan Width": 4,
                                                                                                        "Actual Startup Time": 0.007,
                                                                                                        "Actual Total Time": 3.654,
                                                                                                        "Actual Rows": 21211,
                                                                                                        "Actual Loops": 4,
                                                                                                        "Filter": "((country_code)::text = '[us]'::text)",
                                                                                                        "Rows Removed by Filter": 37538,
                                                                                                        "Workers": []
                                                                                                    }
                                                                                                ]
                                                                                            }
                                                                                        ]
                                                                                    },
                                                                                    {
                                                                                        "Node Type": "Hash",
                                                                                        "Parent Relationship": "Inner",
                                                                                        "Parallel Aware": false,
                                                                                        "Async Capable": false,
                                                                                        "Startup Cost": 108249.26,
                                                                                        "Total Cost": 108249.26,
                                                                                        "Plan Rows": 70173,
                                                                                        "Plan Width": 12,
                                                                                        "Actual Startup Time": 492.525,
                                                                                        "Actual Total Time": 492.526,
                                                                                        "Actual Rows": 276166,
                                                                                        "Actual Loops": 4,
                                                                                        "Hash Buckets": 524288,
                                                                                        "Original Hash Buckets": 131072,
                                                                                        "Hash Batches": 1,
                                                                                        "Original Hash Batches": 1,
                                                                                        "Peak Memory Usage": 15883,
                                                                                        "Workers": [],
                                                                                        "Plans": [
                                                                                            {
                                                                                                "Node Type": "Nested Loop",
                                                                                                "Parent Relationship": "Outer",
                                                                                                "Parallel Aware": false,
                                                                                                "Async Capable": false,
                                                                                                "Join Type": "Inner",
                                                                                                "Startup Cost": 0.44,
                                                                                                "Total Cost": 108249.26,
                                                                                                "Plan Rows": 70173,
                                                                                                "Plan Width": 12,
                                                                                                "Actual Startup Time": 0.057,
                                                                                                "Actual Total Time": 465.755,
                                                                                                "Actual Rows": 276166,
                                                                                                "Actual Loops": 4,
                                                                                                "Inner Unique": false,
                                                                                                "Workers": [],
                                                                                                "Plans": [
                                                                                                    {
                                                                                                        "Node Type": "Seq Scan",
                                                                                                        "Parent Relationship": "Outer",
                                                                                                        "Parallel Aware": false,
                                                                                                        "Async Capable": false,
                                                                                                        "Relation Name": "role_type",
                                                                                                        "Alias": "rt",
                                                                                                        "Startup Cost": 0.0,
                                                                                                        "Total Cost": 1.15,
                                                                                                        "Plan Rows": 1,
                                                                                                        "Plan Width": 4,
                                                                                                        "Actual Startup Time": 0.009,
                                                                                                        "Actual Total Time": 0.011,
                                                                                                        "Actual Rows": 1,
                                                                                                        "Actual Loops": 4,
                                                                                                        "Filter": "((role)::text = 'actress'::text)",
                                                                                                        "Rows Removed by Filter": 11,
                                                                                                        "Workers": []
                                                                                                    },
                                                                                                    {
                                                                                                        "Node Type": "Index Scan",
                                                                                                        "Parent Relationship": "Inner",
                                                                                                        "Parallel Aware": false,
                                                                                                        "Async Capable": false,
                                                                                                        "Scan Direction": "Forward",
                                                                                                        "Index Name": "role_id_cast_info",
                                                                                                        "Relation Name": "cast_info",
                                                                                                        "Alias": "ci",
                                                                                                        "Startup Cost": 0.44,
                                                                                                        "Total Cost": 107482.59,
                                                                                                        "Plan Rows": 76552,
                                                                                                        "Plan Width": 16,
                                                                                                        "Actual Startup Time": 0.046,
                                                                                                        "Actual Total Time": 454.095,
                                                                                                        "Actual Rows": 276166,
                                                                                                        "Actual Loops": 4,
                                                                                                        "Index Cond": "(role_id = rt.id)",
                                                                                                        "Rows Removed by Index Recheck": 0,
                                                                                                        "Filter": "(note = ANY ('{(voice),\"(voice: Japanese version)\",\"(voice) (uncredited)\",\"(voice: English version)\"}'::text[]))",
                                                                                                        "Rows Removed by Filter": 7175807,
                                                                                                        "Workers": []
                                                                                                    }
                                                                                                ]
                                                                                            }
                                                                                        ]
                                                                                    }
                                                                                ]
                                                                            },
                                                                            {
                                                                                "Node Type": "Index Scan",
                                                                                "Parent Relationship": "Inner",
                                                                                "Parallel Aware": false,
                                                                                "Async Capable": false,
                                                                                "Scan Direction": "Forward",
                                                                                "Index Name": "name_pkey",
                                                                                "Relation Name": "name",
                                                                                "Alias": "n",
                                                                                "Startup Cost": 0.43,
                                                                                "Total Cost": 0.79,
                                                                                "Plan Rows": 1,
                                                                                "Plan Width": 19,
                                                                                "Actual Startup Time": 0.001,
                                                                                "Actual Total Time": 0.001,
                                                                                "Actual Rows": 1,
                                                                                "Actual Loops": 189554,
                                                                                "Index Cond": "(id = ci.person_id)",
                                                                                "Rows Removed by Index Recheck": 0,
                                                                                "Filter": "((gender)::text = 'f'::text)",
                                                                                "Rows Removed by Filter": 0,
                                                                                "Workers": []
                                                                            }
                                                                        ]
                                                                    },
                                                                    {
                                                                        "Node Type": "Index Scan",
                                                                        "Parent Relationship": "Inner",
                                                                        "Parallel Aware": false,
                                                                        "Async Capable": false,
                                                                        "Scan Direction": "Forward",
                                                                        "Index Name": "char_name_pkey",
                                                                        "Relation Name": "char_name",
                                                                        "Alias": "chn",
                                                                        "Startup Cost": 0.43,
                                                                        "Total Cost": 0.67,
                                                                        "Plan Rows": 1,
                                                                        "Plan Width": 20,
                                                                        "Actual Startup Time": 0.001,
                                                                        "Actual Total Time": 0.001,
                                                                        "Actual Rows": 1,
                                                                        "Actual Loops": 189464,
                                                                        "Index Cond": "(id = ci.person_role_id)",
                                                                        "Rows Removed by Index Recheck": 0,
                                                                        "Workers": []
                                                                    }
                                                                ]
                                                            },
                                                            {
                                                                "Node Type": "Index Scan",
                                                                "Parent Relationship": "Inner",
                                                                "Parallel Aware": false,
                                                                "Async Capable": false,
                                                                "Scan Direction": "Forward",
                                                                "Index Name": "title_pkey",
                                                                "Relation Name": "title",
                                                                "Alias": "t",
                                                                "Startup Cost": 0.43,
                                                                "Total Cost": 0.52,
                                                                "Plan Rows": 1,
                                                                "Plan Width": 21,
                                                                "Actual Startup Time": 0.001,
                                                                "Actual Total Time": 0.001,
                                                                "Actual Rows": 1,
                                                                "Actual Loops": 173567,
                                                                "Index Cond": "(id = mc.movie_id)",
                                                                "Rows Removed by Index Recheck": 0,
                                                                "Workers": []
                                                            }
                                                        ]
                                                    },
                                                    {
                                                        "Node Type": "Index Scan",
                                                        "Parent Relationship": "Inner",
                                                        "Parallel Aware": false,
                                                        "Async Capable": false,
                                                        "Scan Direction": "Forward",
                                                        "Index Name": "person_id_aka_name",
                                                        "Relation Name": "aka_name",
                                                        "Alias": "an",
                                                        "Startup Cost": 0.42,
                                                        "Total Cost": 0.52,
                                                        "Plan Rows": 2,
                                                        "Plan Width": 20,
                                                        "Actual Startup Time": 0.001,
                                                        "Actual Total Time": 0.001,
                                                        "Actual Rows": 3,
                                                        "Actual Loops": 173567,
                                                        "Index Cond": "(person_id = n.id)",
                                                        "Rows Removed by Index Recheck": 0,
                                                        "Workers": []
                                                    }
                                                ]
                                            }
                                        ]
                                    }
                                ]
                            }
                        ]
                    },
                    "Planning Time": 1.776,
                    "Triggers": [],
                    "Execution Time": 815.511
                }
            ],
            "hints": [
                "SET enable_hashjoin TO on",
                "SET enable_indexonlyscan TO on",
                "SET enable_indexscan TO on",
                "SET enable_mergejoin TO off",
                "SET enable_nestloop TO on",
                "SET enable_seqscan TO on"
            ]
        }
    ]
}