{
    "sql_file": "soload_q3-002.sql",
    "query": "select COUNT(distinct account.display_name)\nfrom\ntag t1, site s1, question q1, answer a1, tag_question tq1, so_user u1,\ntag t2, site s2, question q2, tag_question tq2, so_user u2,\naccount\nwhere\n-- answerers\ns1.site_name='stackoverflow' and\nt1.name  = 'split' and\nt1.site_id = s1.site_id and\nq1.site_id = s1.site_id and\ntq1.site_id = s1.site_id and\ntq1.question_id = q1.id and\ntq1.tag_id = t1.id and\na1.site_id = q1.site_id and\na1.question_id = q1.id and\na1.owner_user_id = u1.id and\na1.site_id = u1.site_id and\n\n-- askers\ns2.site_name='math' and\nt2.name  = 'geometry' and\nt2.site_id = s2.site_id and\nq2.site_id = s2.site_id and\ntq2.site_id = s2.site_id and\ntq2.question_id = q2.id and\ntq2.tag_id = t2.id and\nq2.owner_user_id = u2.id and\nq2.site_id = u2.site_id and\n\n\n-- intersect\nu1.account_id = u2.account_id and\naccount.id = u1.account_id;",
    "results": [
        {
            "arm": 0,
            "execution_time": 1176.508,
            "plan": [
                {
                    "Plan": {
                        "Node Type": "Aggregate",
                        "Strategy": "Plain",
                        "Partial Mode": "Simple",
                        "Parallel Aware": false,
                        "Async Capable": false,
                        "Startup Cost": 258328.74,
                        "Total Cost": 258328.75,
                        "Plan Rows": 1,
                        "Plan Width": 8,
                        "Actual Startup Time": 1174.538,
                        "Actual Total Time": 1176.439,
                        "Actual Rows": 1,
                        "Actual Loops": 1,
                        "Plans": [
                            {
                                "Node Type": "Gather Merge",
                                "Parent Relationship": "Outer",
                                "Parallel Aware": false,
                                "Async Capable": false,
                                "Startup Cost": 258328.61,
                                "Total Cost": 258328.73,
                                "Plan Rows": 1,
                                "Plan Width": 11,
                                "Actual Startup Time": 1174.485,
                                "Actual Total Time": 1176.424,
                                "Actual Rows": 170,
                                "Actual Loops": 1,
                                "Workers Planned": 5,
                                "Workers Launched": 5,
                                "Plans": [
                                    {
                                        "Node Type": "Sort",
                                        "Parent Relationship": "Outer",
                                        "Parallel Aware": false,
                                        "Async Capable": false,
                                        "Startup Cost": 257328.53,
                                        "Total Cost": 257328.53,
                                        "Plan Rows": 1,
                                        "Plan Width": 11,
                                        "Actual Startup Time": 1129.686,
                                        "Actual Total Time": 1129.695,
                                        "Actual Rows": 28,
                                        "Actual Loops": 6,
                                        "Sort Key": [
                                            "account.display_name"
                                        ],
                                        "Sort Method": "quicksort",
                                        "Sort Space Used": 25,
                                        "Sort Space Type": "Memory",
                                        "Workers": [
                                            {
                                                "Worker Number": 0,
                                                "Sort Method": "quicksort",
                                                "Sort Space Used": 25,
                                                "Sort Space Type": "Memory"
                                            },
                                            {
                                                "Worker Number": 1,
                                                "Sort Method": "quicksort",
                                                "Sort Space Used": 25,
                                                "Sort Space Type": "Memory"
                                            },
                                            {
                                                "Worker Number": 2,
                                                "Sort Method": "quicksort",
                                                "Sort Space Used": 25,
                                                "Sort Space Type": "Memory"
                                            },
                                            {
                                                "Worker Number": 3,
                                                "Sort Method": "quicksort",
                                                "Sort Space Used": 26,
                                                "Sort Space Type": "Memory"
                                            },
                                            {
                                                "Worker Number": 4,
                                                "Sort Method": "quicksort",
                                                "Sort Space Used": 25,
                                                "Sort Space Type": "Memory"
                                            }
                                        ],
                                        "Plans": [
                                            {
                                                "Node Type": "Nested Loop",
                                                "Parent Relationship": "Outer",
                                                "Parallel Aware": false,
                                                "Async Capable": false,
                                                "Join Type": "Inner",
                                                "Startup Cost": 257234.35,
                                                "Total Cost": 257328.52,
                                                "Plan Rows": 1,
                                                "Plan Width": 11,
                                                "Actual Startup Time": 1050.672,
                                                "Actual Total Time": 1129.653,
                                                "Actual Rows": 28,
                                                "Actual Loops": 6,
                                                "Inner Unique": true,
                                                "Workers": [],
                                                "Plans": [
                                                    {
                                                        "Node Type": "Nested Loop",
                                                        "Parent Relationship": "Outer",
                                                        "Parallel Aware": false,
                                                        "Async Capable": false,
                                                        "Join Type": "Inner",
                                                        "Startup Cost": 257233.91,
                                                        "Total Cost": 257320.9,
                                                        "Plan Rows": 1,
                                                        "Plan Width": 8,
                                                        "Actual Startup Time": 1050.569,
                                                        "Actual Total Time": 1128.543,
                                                        "Actual Rows": 28,
                                                        "Actual Loops": 6,
                                                        "Inner Unique": true,
                                                        "Join Filter": "((t2.site_id = tq2.site_id) AND (t2.id = tq2.tag_id))",
                                                        "Rows Removed by Join Filter": 1104,
                                                        "Workers": [],
                                                        "Plans": [
                                                            {
                                                                "Node Type": "Nested Loop",
                                                                "Parent Relationship": "Outer",
                                                                "Parallel Aware": false,
                                                                "Async Capable": false,
                                                                "Join Type": "Inner",
                                                                "Startup Cost": 257233.35,
                                                                "Total Cost": 257313.12,
                                                                "Plan Rows": 1,
                                                                "Plan Width": 32,
                                                                "Actual Startup Time": 1045.629,
                                                                "Actual Total Time": 1101.321,
                                                                "Actual Rows": 522,
                                                                "Actual Loops": 6,
                                                                "Inner Unique": true,
                                                                "Join Filter": "(t1.site_id = q1.site_id)",
                                                                "Rows Removed by Join Filter": 0,
                                                                "Workers": [],
                                                                "Plans": [
                                                                    {
                                                                        "Node Type": "Nested Loop",
                                                                        "Parent Relationship": "Outer",
                                                                        "Parallel Aware": false,
                                                                        "Async Capable": false,
                                                                        "Join Type": "Inner",
                                                                        "Startup Cost": 257232.91,
                                                                        "Total Cost": 257309.07,
                                                                        "Plan Rows": 1,
                                                                        "Plan Width": 60,
                                                                        "Actual Startup Time": 1045.597,
                                                                        "Actual Total Time": 1095.962,
                                                                        "Actual Rows": 522,
                                                                        "Actual Loops": 6,
                                                                        "Inner Unique": false,
                                                                        "Join Filter": "(t2.site_id = q2.site_id)",
                                                                        "Rows Removed by Join Filter": 0,
                                                                        "Workers": [],
                                                                        "Plans": [
                                                                            {
                                                                                "Node Type": "Merge Join",
                                                                                "Parent Relationship": "Outer",
                                                                                "Parallel Aware": false,
                                                                                "Async Capable": false,
                                                                                "Join Type": "Inner",
                                                                                "Startup Cost": 257232.48,
                                                                                "Total Cost": 257234.61,
                                                                                "Plan Rows": 1,
                                                                                "Plan Width": 56,
                                                                                "Actual Startup Time": 1044.849,
                                                                                "Actual Total Time": 1055.664,
                                                                                "Actual Rows": 565,
                                                                                "Actual Loops": 6,
                                                                                "Inner Unique": false,
                                                                                "Merge Cond": "(u2.account_id = u1.account_id)",
                                                                                "Workers": [],
                                                                                "Plans": [
                                                                                    {
                                                                                        "Node Type": "Sort",
                                                                                        "Parent Relationship": "Outer",
                                                                                        "Parallel Aware": false,
                                                                                        "Async Capable": false,
                                                                                        "Startup Cost": 253457.2,
                                                                                        "Total Cost": 253458.25,
                                                                                        "Plan Rows": 423,
                                                                                        "Plan Width": 24,
                                                                                        "Actual Startup Time": 310.72,
                                                                                        "Actual Total Time": 316.53,
                                                                                        "Actual Rows": 94900,
                                                                                        "Actual Loops": 6,
                                                                                        "Sort Key": [
                                                                                            "u2.account_id"
                                                                                        ],
                                                                                        "Sort Method": "quicksort",
                                                                                        "Sort Space Used": 7058,
                                                                                        "Sort Space Type": "Memory",
                                                                                        "Workers": [
                                                                                            {
                                                                                                "Worker Number": 0,
                                                                                                "Sort Method": "quicksort",
                                                                                                "Sort Space Used": 7225,
                                                                                                "Sort Space Type": "Memory"
                                                                                            },
                                                                                            {
                                                                                                "Worker Number": 1,
                                                                                                "Sort Method": "quicksort",
                                                                                                "Sort Space Used": 7225,
                                                                                                "Sort Space Type": "Memory"
                                                                                            },
                                                                                            {
                                                                                                "Worker Number": 2,
                                                                                                "Sort Method": "quicksort",
                                                                                                "Sort Space Used": 7225,
                                                                                                "Sort Space Type": "Memory"
                                                                                            },
                                                                                            {
                                                                                                "Worker Number": 3,
                                                                                                "Sort Method": "quicksort",
                                                                                                "Sort Space Used": 7225,
                                                                                                "Sort Space Type": "Memory"
                                                                                            },
                                                                                            {
                                                                                                "Worker Number": 4,
                                                                                                "Sort Method": "quicksort",
                                                                                                "Sort Space Used": 7225,
                                                                                                "Sort Space Type": "Memory"
                                                                                            }
                                                                                        ],
                                                                                        "Plans": [
                                                                                            {
                                                                                                "Node Type": "Hash Join",
                                                                                                "Parent Relationship": "Outer",
                                                                                                "Parallel Aware": true,
                                                                                                "Async Capable": false,
                                                                                                "Join Type": "Inner",
                                                                                                "Startup Cost": 2576.51,
                                                                                                "Total Cost": 253438.74,
                                                                                                "Plan Rows": 423,
                                                                                                "Plan Width": 24,
                                                                                                "Actual Startup Time": 68.633,
                                                                                                "Actual Total Time": 294.615,
                                                                                                "Actual Rows": 95278,
                                                                                                "Actual Loops": 6,
                                                                                                "Inner Unique": false,
                                                                                                "Hash Cond": "(s2.site_id = t2.site_id)",
                                                                                                "Workers": [],
                                                                                                "Plans": [
                                                                                                    {
                                                                                                        "Node Type": "Hash Join",
                                                                                                        "Parent Relationship": "Outer",
                                                                                                        "Parallel Aware": false,
                                                                                                        "Async Capable": false,
                                                                                                        "Join Type": "Inner",
                                                                                                        "Startup Cost": 3.18,
                                                                                                        "Total Cost": 250740.65,
                                                                                                        "Plan Rows": 24388,
                                                                                                        "Plan Width": 16,
                                                                                                        "Actual Startup Time": 66.992,
                                                                                                        "Actual Total Time": 284.279,
                                                                                                        "Actual Rows": 95278,
                                                                                                        "Actual Loops": 6,
                                                                                                        "Inner Unique": true,
                                                                                                        "Hash Cond": "(u2.site_id = s2.site_id)",
                                                                                                        "Workers": [],
                                                                                                        "Plans": [
                                                                                                            {
                                                                                                                "Node Type": "Seq Scan",
                                                                                                                "Parent Relationship": "Outer",
                                                                                                                "Parallel Aware": true,
                                                                                                                "Async Capable": false,
                                                                                                                "Relation Name": "so_user",
                                                                                                                "Alias": "u2",
                                                                                                                "Startup Cost": 0.0,
                                                                                                                "Total Cost": 239391.02,
                                                                                                                "Plan Rows": 4219102,
                                                                                                                "Plan Width": 12,
                                                                                                                "Actual Startup Time": 0.033,
                                                                                                                "Actual Total Time": 157.208,
                                                                                                                "Actual Rows": 3516217,
                                                                                                                "Actual Loops": 6,
                                                                                                                "Workers": []
                                                                                                            },
                                                                                                            {
                                                                                                                "Node Type": "Hash",
                                                                                                                "Parent Relationship": "Inner",
                                                                                                                "Parallel Aware": false,
                                                                                                                "Async Capable": false,
                                                                                                                "Startup Cost": 3.16,
                                                                                                                "Total Cost": 3.16,
                                                                                                                "Plan Rows": 1,
                                                                                                                "Plan Width": 4,
                                                                                                                "Actual Startup Time": 0.018,
                                                                                                                "Actual Total Time": 0.019,
                                                                                                                "Actual Rows": 1,
                                                                                                                "Actual Loops": 6,
                                                                                                                "Hash Buckets": 1024,
                                                                                                                "Original Hash Buckets": 1024,
                                                                                                                "Hash Batches": 1,
                                                                                                                "Original Hash Batches": 1,
                                                                                                                "Peak Memory Usage": 9,
                                                                                                                "Workers": [],
                                                                                                                "Plans": [
                                                                                                                    {
                                                                                                                        "Node Type": "Seq Scan",
                                                                                                                        "Parent Relationship": "Outer",
                                                                                                                        "Parallel Aware": false,
                                                                                                                        "Async Capable": false,
                                                                                                                        "Relation Name": "site",
                                                                                                                        "Alias": "s2",
                                                                                                                        "Startup Cost": 0.0,
                                                                                                                        "Total Cost": 3.16,
                                                                                                                        "Plan Rows": 1,
                                                                                                                        "Plan Width": 4,
                                                                                                                        "Actual Startup Time": 0.012,
                                                                                                                        "Actual Total Time": 0.015,
                                                                                                                        "Actual Rows": 1,
                                                                                                                        "Actual Loops": 6,
                                                                                                                        "Filter": "((site_name)::text = 'math'::text)",
                                                                                                                        "Rows Removed by Filter": 172,
                                                                                                                        "Workers": []
                                                                                                                    }
                                                                                                                ]
                                                                                                            }
                                                                                                        ]
                                                                                                    },
                                                                                                    {
                                                                                                        "Node Type": "Hash",
                                                                                                        "Parent Relationship": "Inner",
                                                                                                        "Parallel Aware": true,
                                                                                                        "Async Capable": false,
                                                                                                        "Startup Cost": 2573.31,
                                                                                                        "Total Cost": 2573.31,
                                                                                                        "Plan Rows": 2,
                                                                                                        "Plan Width": 8,
                                                                                                        "Actual Startup Time": 1.518,
                                                                                                        "Actual Total Time": 1.519,
                                                                                                        "Actual Rows": 4,
                                                                                                        "Actual Loops": 6,
                                                                                                        "Hash Buckets": 1024,
                                                                                                        "Original Hash Buckets": 1024,
                                                                                                        "Hash Batches": 1,
                                                                                                        "Original Hash Batches": 1,
                                                                                                        "Peak Memory Usage": 104,
                                                                                                        "Workers": [],
                                                                                                        "Plans": [
                                                                                                            {
                                                                                                                "Node Type": "Seq Scan",
                                                                                                                "Parent Relationship": "Outer",
                                                                                                                "Parallel Aware": true,
                                                                                                                "Async Capable": false,
                                                                                                                "Relation Name": "tag",
                                                                                                                "Alias": "t2",
                                                                                                                "Startup Cost": 0.0,
                                                                                                                "Total Cost": 2573.31,
                                                                                                                "Plan Rows": 2,
                                                                                                                "Plan Width": 8,
                                                                                                                "Actual Startup Time": 0.416,
                                                                                                                "Actual Total Time": 1.48,
                                                                                                                "Actual Rows": 4,
                                                                                                                "Actual Loops": 6,
                                                                                                                "Filter": "((name)::text = 'geometry'::text)",
                                                                                                                "Rows Removed by Filter": 31124,
                                                                                                                "Workers": []
                                                                                                            }
                                                                                                        ]
                                                                                                    }
                                                                                                ]
                                                                                            }
                                                                                        ]
                                                                                    },
                                                                                    {
                                                                                        "Node Type": "Sort",
                                                                                        "Parent Relationship": "Inner",
                                                                                        "Parallel Aware": false,
                                                                                        "Async Capable": false,
                                                                                        "Startup Cost": 3775.28,
                                                                                        "Total Cost": 3775.28,
                                                                                        "Plan Rows": 1,
                                                                                        "Plan Width": 32,
                                                                                        "Actual Startup Time": 734.11,
                                                                                        "Actual Total Time": 735.02,
                                                                                        "Actual Rows": 9222,
                                                                                        "Actual Loops": 6,
                                                                                        "Sort Key": [
                                                                                            "u1.account_id"
                                                                                        ],
                                                                                        "Sort Method": "quicksort",
                                                                                        "Sort Space Used": 890,
                                                                                        "Sort Space Type": "Memory",
                                                                                        "Workers": [
                                                                                            {
                                                                                                "Worker Number": 0,
                                                                                                "Sort Method": "quicksort",
                                                                                                "Sort Space Used": 890,
                                                                                                "Sort Space Type": "Memory"
                                                                                            },
                                                                                            {
                                                                                                "Worker Number": 1,
                                                                                                "Sort Method": "quicksort",
                                                                                                "Sort Space Used": 890,
                                                                                                "Sort Space Type": "Memory"
                                                                                            },
                                                                                            {
                                                                                                "Worker Number": 2,
                                                                                                "Sort Method": "quicksort",
                                                                                                "Sort Space Used": 890,
                                                                                                "Sort Space Type": "Memory"
                                                                                            },
                                                                                            {
                                                                                                "Worker Number": 3,
                                                                                                "Sort Method": "quicksort",
                                                                                                "Sort Space Used": 890,
                                                                                                "Sort Space Type": "Memory"
                                                                                            },
                                                                                            {
                                                                                                "Worker Number": 4,
                                                                                                "Sort Method": "quicksort",
                                                                                                "Sort Space Used": 890,
                                                                                                "Sort Space Type": "Memory"
                                                                                            }
                                                                                        ],
                                                                                        "Plans": [
                                                                                            {
                                                                                                "Node Type": "Nested Loop",
                                                                                                "Parent Relationship": "Outer",
                                                                                                "Parallel Aware": false,
                                                                                                "Async Capable": false,
                                                                                                "Join Type": "Inner",
                                                                                                "Startup Cost": 1.44,
                                                                                                "Total Cost": 3775.27,
                                                                                                "Plan Rows": 1,
                                                                                                "Plan Width": 32,
                                                                                                "Actual Startup Time": 5.465,
                                                                                                "Actual Total Time": 729.864,
                                                                                                "Actual Rows": 9238,
                                                                                                "Actual Loops": 6,
                                                                                                "Inner Unique": true,
                                                                                                "Join Filter": "(t1.site_id = u1.site_id)",
                                                                                                "Rows Removed by Join Filter": 0,
                                                                                                "Workers": [],
                                                                                                "Plans": [
                                                                                                    {
                                                                                                        "Node Type": "Nested Loop",
                                                                                                        "Parent Relationship": "Outer",
                                                                                                        "Parallel Aware": false,
                                                                                                        "Async Capable": false,
                                                                                                        "Join Type": "Inner",
                                                                                                        "Startup Cost": 1.0,
                                                                                                        "Total Cost": 3767.63,
                                                                                                        "Plan Rows": 1,
                                                                                                        "Plan Width": 28,
                                                                                                        "Actual Startup Time": 5.414,
                                                                                                        "Actual Total Time": 247.064,
                                                                                                        "Actual Rows": 9238,
                                                                                                        "Actual Loops": 6,
                                                                                                        "Inner Unique": false,
                                                                                                        "Join Filter": "(t1.site_id = a1.site_id)",
                                                                                                        "Rows Removed by Join Filter": 0,
                                                                                                        "Workers": [],
                                                                                                        "Plans": [
                                                                                                            {
                                                                                                                "Node Type": "Nested Loop",
                                                                                                                "Parent Relationship": "Outer",
                                                                                                                "Parallel Aware": false,
                                                                                                                "Async Capable": false,
                                                                                                                "Join Type": "Inner",
                                                                                                                "Startup Cost": 0.56,
                                                                                                                "Total Cost": 3599.82,
                                                                                                                "Plan Rows": 22,
                                                                                                                "Plan Width": 16,
                                                                                                                "Actual Startup Time": 5.391,
                                                                                                                "Actual Total Time": 87.11,
                                                                                                                "Actual Rows": 10291,
                                                                                                                "Actual Loops": 6,
                                                                                                                "Inner Unique": false,
                                                                                                                "Workers": [],
                                                                                                                "Plans": [
                                                                                                                    {
                                                                                                                        "Node Type": "Nested Loop",
                                                                                                                        "Parent Relationship": "Outer",
                                                                                                                        "Parallel Aware": false,
                                                                                                                        "Async Capable": false,
                                                                                                                        "Join Type": "Inner",
                                                                                                                        "Startup Cost": 0.0,
                                                                                                                        "Total Cost": 3537.82,
                                                                                                                        "Plan Rows": 1,
                                                                                                                        "Plan Width": 12,
                                                                                                                        "Actual Startup Time": 4.247,
                                                                                                                        "Actual Total Time": 9.987,
                                                                                                                        "Actual Rows": 1,
                                                                                                                        "Actual Loops": 6,
                                                                                                                        "Inner Unique": false,
                                                                                                                        "Join Filter": "(t1.site_id = s1.site_id)",
                                                                                                                        "Rows Removed by Join Filter": 16,
                                                                                                                        "Workers": [],
                                                                                                                        "Plans": [
                                                                                                                            {
                                                                                                                                "Node Type": "Seq Scan",
                                                                                                                                "Parent Relationship": "Outer",
                                                                                                                                "Parallel Aware": false,
                                                                                                                                "Async Capable": false,
                                                                                                                                "Relation Name": "site",
                                                                                                                                "Alias": "s1",
                                                                                                                                "Startup Cost": 0.0,
                                                                                                                                "Total Cost": 3.16,
                                                                                                                                "Plan Rows": 1,
                                                                                                                                "Plan Width": 4,
                                                                                                                                "Actual Startup Time": 0.011,
                                                                                                                                "Actual Total Time": 0.013,
                                                                                                                                "Actual Rows": 1,
                                                                                                                                "Actual Loops": 6,
                                                                                                                                "Filter": "((site_name)::text = 'stackoverflow'::text)",
                                                                                                                                "Rows Removed by Filter": 172,
                                                                                                                                "Workers": []
                                                                                                                            },
                                                                                                                            {
                                                                                                                                "Node Type": "Seq Scan",
                                                                                                                                "Parent Relationship": "Inner",
                                                                                                                                "Parallel Aware": false,
                                                                                                                                "Async Capable": false,
                                                                                                                                "Relation Name": "tag",
                                                                                                                                "Alias": "t1",
                                                                                                                                "Startup Cost": 0.0,
                                                                                                                                "Total Cost": 3534.62,
                                                                                                                                "Plan Rows": 3,
                                                                                                                                "Plan Width": 8,
                                                                                                                                "Actual Startup Time": 0.306,
                                                                                                                                "Actual Total Time": 9.969,
                                                                                                                                "Actual Rows": 17,
                                                                                                                                "Actual Loops": 6,
                                                                                                                                "Filter": "((name)::text = 'split'::text)",
                                                                                                                                "Rows Removed by Filter": 186753,
                                                                                                                                "Workers": []
                                                                                                                            }
                                                                                                                        ]
                                                                                                                    },
                                                                                                                    {
                                                                                                                        "Node Type": "Index Only Scan",
                                                                                                                        "Parent Relationship": "Inner",
                                                                                                                        "Parallel Aware": false,
                                                                                                                        "Async Capable": false,
                                                                                                                        "Scan Direction": "Forward",
                                                                                                                        "Index Name": "tag_question_site_id_tag_id_question_id_idx",
                                                                                                                        "Relation Name": "tag_question",
                                                                                                                        "Alias": "tq1",
                                                                                                                        "Startup Cost": 0.56,
                                                                                                                        "Total Cost": 61.69,
                                                                                                                        "Plan Rows": 31,
                                                                                                                        "Plan Width": 12,
                                                                                                                        "Actual Startup Time": 1.141,
                                                                                                                        "Actual Total Time": 75.457,
                                                                                                                        "Actual Rows": 10291,
                                                                                                                        "Actual Loops": 6,
                                                                                                                        "Index Cond": "((site_id = t1.site_id) AND (tag_id = t1.id))",
                                                                                                                        "Rows Removed by Index Recheck": 0,
                                                                                                                        "Heap Fetches": 61746,
                                                                                                                        "Workers": []
                                                                                                                    }
                                                                                                                ]
                                                                                                            },
                                                                                                            {
                                                                                                                "Node Type": "Index Scan",
                                                                                                                "Parent Relationship": "Inner",
                                                                                                                "Parallel Aware": false,
                                                                                                                "Async Capable": false,
                                                                                                                "Scan Direction": "Forward",
                                                                                                                "Index Name": "answer_site_id_question_id_idx",
                                                                                                                "Relation Name": "answer",
                                                                                                                "Alias": "a1",
                                                                                                                "Startup Cost": 0.43,
                                                                                                                "Total Cost": 7.62,
                                                                                                                "Plan Rows": 1,
                                                                                                                "Plan Width": 12,
                                                                                                                "Actual Startup Time": 0.013,
                                                                                                                "Actual Total Time": 0.015,
                                                                                                                "Actual Rows": 1,
                                                                                                                "Actual Loops": 61746,
                                                                                                                "Index Cond": "((site_id = tq1.site_id) AND (question_id = tq1.question_id))",
                                                                                                                "Rows Removed by Index Recheck": 0,
                                                                                                                "Workers": []
                                                                                                            }
                                                                                                        ]
                                                                                                    },
                                                                                                    {
                                                                                                        "Node Type": "Index Scan",
                                                                                                        "Parent Relationship": "Inner",
                                                                                                        "Parallel Aware": false,
                                                                                                        "Async Capable": false,
                                                                                                        "Scan Direction": "Forward",
                                                                                                        "Index Name": "so_user_pkey",
                                                                                                        "Relation Name": "so_user",
                                                                                                        "Alias": "u1",
                                                                                                        "Startup Cost": 0.44,
                                                                                                        "Total Cost": 7.63,
                                                                                                        "Plan Rows": 1,
                                                                                                        "Plan Width": 12,
                                                                                                        "Actual Startup Time": 0.052,
                                                                                                        "Actual Total Time": 0.052,
                                                                                                        "Actual Rows": 1,
                                                                                                        "Actual Loops": 55428,
                                                                                                        "Index Cond": "((id = a1.owner_user_id) AND (site_id = a1.site_id))",
                                                                                                        "Rows Removed by Index Recheck": 0,
                                                                                                        "Workers": []
                                                                                                    }
                                                                                                ]
                                                                                            }
                                                                                        ]
                                                                                    }
                                                                                ]
                                                                            },
                                                                            {
                                                                                "Node Type": "Index Scan",
                                                                                "Parent Relationship": "Inner",
                                                                                "Parallel Aware": false,
                                                                                "Async Capable": false,
                                                                                "Scan Direction": "Forward",
                                                                                "Index Name": "question_owner_user_id_idx",
                                                                                "Relation Name": "question",
                                                                                "Alias": "q2",
                                                                                "Startup Cost": 0.43,
                                                                                "Total Cost": 74.45,
                                                                                "Plan Rows": 1,
                                                                                "Plan Width": 12,
                                                                                "Actual Startup Time": 0.064,
                                                                                "Actual Total Time": 0.071,
                                                                                "Actual Rows": 1,
                                                                                "Actual Loops": 3390,
                                                                                "Index Cond": "(owner_user_id = u2.id)",
                                                                                "Rows Removed by Index Recheck": 0,
                                                                                "Filter": "(site_id = u2.site_id)",
                                                                                "Rows Removed by Filter": 16,
                                                                                "Workers": []
                                                                            }
                                                                        ]
                                                                    },
                                                                    {
                                                                        "Node Type": "Index Only Scan",
                                                                        "Parent Relationship": "Inner",
                                                                        "Parallel Aware": false,
                                                                        "Async Capable": false,
                                                                        "Scan Direction": "Forward",
                                                                        "Index Name": "question_pkey",
                                                                        "Relation Name": "question",
                                                                        "Alias": "q1",
                                                                        "Startup Cost": 0.43,
                                                                        "Total Cost": 4.04,
                                                                        "Plan Rows": 1,
                                                                        "Plan Width": 8,
                                                                        "Actual Startup Time": 0.01,
                                                                        "Actual Total Time": 0.01,
                                                                        "Actual Rows": 1,
                                                                        "Actual Loops": 3129,
                                                                        "Index Cond": "((id = tq1.question_id) AND (site_id = tq1.site_id))",
                                                                        "Rows Removed by Index Recheck": 0,
                                                                        "Heap Fetches": 0,
                                                                        "Workers": []
                                                                    }
                                                                ]
                                                            },
                                                            {
                                                                "Node Type": "Index Only Scan",
                                                                "Parent Relationship": "Inner",
                                                                "Parallel Aware": false,
                                                                "Async Capable": false,
                                                                "Scan Direction": "Forward",
                                                                "Index Name": "tag_question_pkey",
                                                                "Relation Name": "tag_question",
                                                                "Alias": "tq2",
                                                                "Startup Cost": 0.56,
                                                                "Total Cost": 7.77,
                                                                "Plan Rows": 1,
                                                                "Plan Width": 12,
                                                                "Actual Startup Time": 0.052,
                                                                "Actual Total Time": 0.052,
                                                                "Actual Rows": 2,
                                                                "Actual Loops": 3129,
                                                                "Index Cond": "((site_id = q2.site_id) AND (question_id = q2.id))",
                                                                "Rows Removed by Index Recheck": 0,
                                                                "Heap Fetches": 6795,
                                                                "Workers": []
                                                            }
                                                        ]
                                                    },
                                                    {
                                                        "Node Type": "Index Scan",
                                                        "Parent Relationship": "Inner",
                                                        "Parallel Aware": false,
                                                        "Async Capable": false,
                                                        "Scan Direction": "Forward",
                                                        "Index Name": "account_pkey",
                                                        "Relation Name": "account",
                                                        "Alias": "account",
                                                        "Startup Cost": 0.43,
                                                        "Total Cost": 7.62,
                                                        "Plan Rows": 1,
                                                        "Plan Width": 15,
                                                        "Actual Startup Time": 0.039,
                                                        "Actual Total Time": 0.039,
                                                        "Actual Rows": 1,
                                                        "Actual Loops": 170,
                                                        "Index Cond": "(id = u1.account_id)",
                                                        "Rows Removed by Index Recheck": 0,
                                                        "Workers": []
                                                    }
                                                ]
                                            }
                                        ]
                                    }
                                ]
                            }
                        ]
                    },
                    "Planning Time": 89.975,
                    "Triggers": [],
                    "Execution Time": 1176.508
                }
            ],
            "hints": [
                "SET enable_hashjoin TO on",
                "SET enable_indexonlyscan TO on",
                "SET enable_indexscan TO on",
                "SET enable_mergejoin TO on",
                "SET enable_nestloop TO on",
                "SET enable_seqscan TO on"
            ]
        },
        {
            "arm": 1,
            "execution_time": 4303.274,
            "plan": [
                {
                    "Plan": {
                        "Node Type": "Aggregate",
                        "Strategy": "Plain",
                        "Partial Mode": "Simple",
                        "Parallel Aware": false,
                        "Async Capable": false,
                        "Startup Cost": 3995902.56,
                        "Total Cost": 3995902.57,
                        "Plan Rows": 1,
                        "Plan Width": 8,
                        "Actual Startup Time": 4283.89,
                        "Actual Total Time": 4302.691,
                        "Actual Rows": 1,
                        "Actual Loops": 1,
                        "Plans": [
                            {
                                "Node Type": "Gather Merge",
                                "Parent Relationship": "Outer",
                                "Parallel Aware": false,
                                "Async Capable": false,
                                "Startup Cost": 3995902.43,
                                "Total Cost": 3995902.56,
                                "Plan Rows": 1,
                                "Plan Width": 11,
                                "Actual Startup Time": 4283.831,
                                "Actual Total Time": 4302.676,
                                "Actual Rows": 170,
                                "Actual Loops": 1,
                                "Workers Planned": 7,
                                "Workers Launched": 7,
                                "Plans": [
                                    {
                                        "Node Type": "Sort",
                                        "Parent Relationship": "Outer",
                                        "Parallel Aware": false,
                                        "Async Capable": false,
                                        "Startup Cost": 3994902.31,
                                        "Total Cost": 3994902.32,
                                        "Plan Rows": 1,
                                        "Plan Width": 11,
                                        "Actual Startup Time": 4280.293,
                                        "Actual Total Time": 4280.333,
                                        "Actual Rows": 21,
                                        "Actual Loops": 8,
                                        "Sort Key": [
                                            "account.display_name"
                                        ],
                                        "Sort Method": "quicksort",
                                        "Sort Space Used": 25,
                                        "Sort Space Type": "Memory",
                                        "Workers": [
                                            {
                                                "Worker Number": 0,
                                                "Sort Method": "quicksort",
                                                "Sort Space Used": 25,
                                                "Sort Space Type": "Memory"
                                            },
                                            {
                                                "Worker Number": 1,
                                                "Sort Method": "quicksort",
                                                "Sort Space Used": 25,
                                                "Sort Space Type": "Memory"
                                            },
                                            {
                                                "Worker Number": 2,
                                                "Sort Method": "quicksort",
                                                "Sort Space Used": 25,
                                                "Sort Space Type": "Memory"
                                            },
                                            {
                                                "Worker Number": 3,
                                                "Sort Method": "quicksort",
                                                "Sort Space Used": 25,
                                                "Sort Space Type": "Memory"
                                            },
                                            {
                                                "Worker Number": 4,
                                                "Sort Method": "quicksort",
                                                "Sort Space Used": 25,
                                                "Sort Space Type": "Memory"
                                            },
                                            {
                                                "Worker Number": 5,
                                                "Sort Method": "quicksort",
                                                "Sort Space Used": 25,
                                                "Sort Space Type": "Memory"
                                            },
                                            {
                                                "Worker Number": 6,
                                                "Sort Method": "quicksort",
                                                "Sort Space Used": 25,
                                                "Sort Space Type": "Memory"
                                            }
                                        ],
                                        "Plans": [
                                            {
                                                "Node Type": "Hash Join",
                                                "Parent Relationship": "Outer",
                                                "Parallel Aware": true,
                                                "Async Capable": false,
                                                "Join Type": "Inner",
                                                "Startup Cost": 3994902.06,
                                                "Total Cost": 3994902.3,
                                                "Plan Rows": 1,
                                                "Plan Width": 11,
                                                "Actual Startup Time": 4279.936,
                                                "Actual Total Time": 4280.29,
                                                "Actual Rows": 21,
                                                "Actual Loops": 8,
                                                "Inner Unique": false,
                                                "Hash Cond": "((t1.site_id = u1.site_id) AND (a1.owner_user_id = u1.id))",
                                                "Workers": [],
                                                "Plans": [
                                                    {
                                                        "Node Type": "Merge Join",
                                                        "Parent Relationship": "Outer",
                                                        "Parallel Aware": false,
                                                        "Async Capable": false,
                                                        "Join Type": "Inner",
                                                        "Startup Cost": 1323188.49,
                                                        "Total Cost": 1323188.72,
                                                        "Plan Rows": 1,
                                                        "Plan Width": 24,
                                                        "Actual Startup Time": 1910.865,
                                                        "Actual Total Time": 1911.01,
                                                        "Actual Rows": 1155,
                                                        "Actual Loops": 8,
                                                        "Inner Unique": true,
                                                        "Merge Cond": "(t1.site_id = s1.site_id)",
                                                        "Workers": [],
                                                        "Plans": [
                                                            {
                                                                "Node Type": "Sort",
                                                                "Parent Relationship": "Outer",
                                                                "Parallel Aware": false,
                                                                "Async Capable": false,
                                                                "Startup Cost": 1323185.32,
                                                                "Total Cost": 1323185.42,
                                                                "Plan Rows": 42,
                                                                "Plan Width": 20,
                                                                "Actual Startup Time": 1910.842,
                                                                "Actual Total Time": 1910.9,
                                                                "Actual Rows": 1169,
                                                                "Actual Loops": 8,
                                                                "Sort Key": [
                                                                    "t1.site_id"
                                                                ],
                                                                "Sort Method": "quicksort",
                                                                "Sort Space Used": 107,
                                                                "Sort Space Type": "Memory",
                                                                "Workers": [
                                                                    {
                                                                        "Worker Number": 0,
                                                                        "Sort Method": "quicksort",
                                                                        "Sort Space Used": 103,
                                                                        "Sort Space Type": "Memory"
                                                                    },
                                                                    {
                                                                        "Worker Number": 1,
                                                                        "Sort Method": "quicksort",
                                                                        "Sort Space Used": 100,
                                                                        "Sort Space Type": "Memory"
                                                                    },
                                                                    {
                                                                        "Worker Number": 2,
                                                                        "Sort Method": "quicksort",
                                                                        "Sort Space Used": 106,
                                                                        "Sort Space Type": "Memory"
                                                                    },
                                                                    {
                                                                        "Worker Number": 3,
                                                                        "Sort Method": "quicksort",
                                                                        "Sort Space Used": 106,
                                                                        "Sort Space Type": "Memory"
                                                                    },
                                                                    {
                                                                        "Worker Number": 4,
                                                                        "Sort Method": "quicksort",
                                                                        "Sort Space Used": 107,
                                                                        "Sort Space Type": "Memory"
                                                                    },
                                                                    {
                                                                        "Worker Number": 5,
                                                                        "Sort Method": "quicksort",
                                                                        "Sort Space Used": 103,
                                                                        "Sort Space Type": "Memory"
                                                                    },
                                                                    {
                                                                        "Worker Number": 6,
                                                                        "Sort Method": "quicksort",
                                                                        "Sort Space Used": 108,
                                                                        "Sort Space Type": "Memory"
                                                                    }
                                                                ],
                                                                "Plans": [
                                                                    {
                                                                        "Node Type": "Hash Join",
                                                                        "Parent Relationship": "Outer",
                                                                        "Parallel Aware": true,
                                                                        "Async Capable": false,
                                                                        "Join Type": "Inner",
                                                                        "Startup Cost": 553810.23,
                                                                        "Total Cost": 1323184.19,
                                                                        "Plan Rows": 42,
                                                                        "Plan Width": 20,
                                                                        "Actual Startup Time": 1669.143,
                                                                        "Actual Total Time": 1910.704,
                                                                        "Actual Rows": 1204,
                                                                        "Actual Loops": 8,
                                                                        "Inner Unique": false,
                                                                        "Hash Cond": "((a1.site_id = t1.site_id) AND (a1.question_id = tq1.question_id))",
                                                                        "Workers": [],
                                                                        "Plans": [
                                                                            {
                                                                                "Node Type": "Seq Scan",
                                                                                "Parent Relationship": "Outer",
                                                                                "Parallel Aware": true,
                                                                                "Async Capable": false,
                                                                                "Relation Name": "answer",
                                                                                "Alias": "a1",
                                                                                "Startup Cost": 0.0,
                                                                                "Total Cost": 762572.49,
                                                                                "Plan Rows": 906849,
                                                                                "Plan Width": 12,
                                                                                "Actual Startup Time": 0.018,
                                                                                "Actual Total Time": 188.734,
                                                                                "Actual Rows": 793444,
                                                                                "Actual Loops": 8,
                                                                                "Workers": []
                                                                            },
                                                                            {
                                                                                "Node Type": "Hash",
                                                                                "Parent Relationship": "Inner",
                                                                                "Parallel Aware": true,
                                                                                "Async Capable": false,
                                                                                "Startup Cost": 553808.74,
                                                                                "Total Cost": 553808.74,
                                                                                "Plan Rows": 99,
                                                                                "Plan Width": 20,
                                                                                "Actual Startup Time": 1659.13,
                                                                                "Actual Total Time": 1659.16,
                                                                                "Actual Rows": 1350,
                                                                                "Actual Loops": 8,
                                                                                "Hash Buckets": 16384,
                                                                                "Original Hash Buckets": 1024,
                                                                                "Hash Batches": 1,
                                                                                "Original Hash Batches": 1,
                                                                                "Peak Memory Usage": 984,
                                                                                "Workers": [],
                                                                                "Plans": [
                                                                                    {
                                                                                        "Node Type": "Hash Join",
                                                                                        "Parent Relationship": "Outer",
                                                                                        "Parallel Aware": true,
                                                                                        "Async Capable": false,
                                                                                        "Join Type": "Inner",
                                                                                        "Startup Cost": 314465.34,
                                                                                        "Total Cost": 553808.74,
                                                                                        "Plan Rows": 99,
                                                                                        "Plan Width": 20,
                                                                                        "Actual Startup Time": 988.749,
                                                                                        "Actual Total Time": 1517.771,
                                                                                        "Actual Rows": 1350,
                                                                                        "Actual Loops": 8,
                                                                                        "Inner Unique": false,
                                                                                        "Hash Cond": "((q1.site_id = t1.site_id) AND (q1.id = tq1.question_id))",
                                                                                        "Workers": [],
                                                                                        "Plans": [
                                                                                            {
                                                                                                "Node Type": "Index Only Scan",
                                                                                                "Parent Relationship": "Outer",
                                                                                                "Parallel Aware": true,
                                                                                                "Async Capable": false,
                                                                                                "Scan Direction": "Forward",
                                                                                                "Index Name": "question_pkey",
                                                                                                "Relation Name": "question",
                                                                                                "Alias": "q1",
                                                                                                "Startup Cost": 0.43,
                                                                                                "Total Cost": 223527.11,
                                                                                                "Plan Rows": 2108881,
                                                                                                "Plan Width": 8,
                                                                                                "Actual Startup Time": 4.215,
                                                                                                "Actual Total Time": 439.382,
                                                                                                "Actual Rows": 1583305,
                                                                                                "Actual Loops": 8,
                                                                                                "Heap Fetches": 0,
                                                                                                "Workers": []
                                                                                            },
                                                                                            {
                                                                                                "Node Type": "Hash",
                                                                                                "Parent Relationship": "Inner",
                                                                                                "Parallel Aware": true,
                                                                                                "Async Capable": false,
                                                                                                "Startup Cost": 314463.13,
                                                                                                "Total Cost": 314463.13,
                                                                                                "Plan Rows": 118,
                                                                                                "Plan Width": 12,
                                                                                                "Actual Startup Time": 977.817,
                                                                                                "Actual Total Time": 977.845,
                                                                                                "Actual Rows": 1350,
                                                                                                "Actual Loops": 8,
                                                                                                "Hash Buckets": 16384,
                                                                                                "Original Hash Buckets": 1024,
                                                                                                "Hash Batches": 1,
                                                                                                "Original Hash Batches": 1,
                                                                                                "Peak Memory Usage": 952,
                                                                                                "Workers": [],
                                                                                                "Plans": [
                                                                                                    {
                                                                                                        "Node Type": "Hash Join",
                                                                                                        "Parent Relationship": "Outer",
                                                                                                        "Parallel Aware": true,
                                                                                                        "Async Capable": false,
                                                                                                        "Join Type": "Inner",
                                                                                                        "Startup Cost": 2573.34,
                                                                                                        "Total Cost": 314463.13,
                                                                                                        "Plan Rows": 118,
                                                                                                        "Plan Width": 12,
                                                                                                        "Actual Startup Time": 1.209,
                                                                                                        "Actual Total Time": 379.31,
                                                                                                        "Actual Rows": 1350,
                                                                                                        "Actual Loops": 8,
                                                                                                        "Inner Unique": true,
                                                                                                        "Hash Cond": "((tq1.site_id = t1.site_id) AND (tq1.tag_id = t1.id))",
                                                                                                        "Workers": [],
                                                                                                        "Plans": [
                                                                                                            {
                                                                                                                "Node Type": "Seq Scan",
                                                                                                                "Parent Relationship": "Outer",
                                                                                                                "Parallel Aware": true,
                                                                                                                "Async Capable": false,
                                                                                                                "Relation Name": "tag_question",
                                                                                                                "Alias": "tq1",
                                                                                                                "Startup Cost": 0.0,
                                                                                                                "Total Cost": 273159.66,
                                                                                                                "Plan Rows": 7376766,
                                                                                                                "Plan Width": 12,
                                                                                                                "Actual Startup Time": 0.009,
                                                                                                                "Actual Total Time": 184.871,
                                                                                                                "Actual Rows": 4610477,
                                                                                                                "Actual Loops": 8,
                                                                                                                "Workers": []
                                                                                                            },
                                                                                                            {
                                                                                                                "Node Type": "Hash",
                                                                                                                "Parent Relationship": "Inner",
                                                                                                                "Parallel Aware": true,
                                                                                                                "Async Capable": false,
                                                                                                                "Startup Cost": 2573.31,
                                                                                                                "Total Cost": 2573.31,
                                                                                                                "Plan Rows": 2,
                                                                                                                "Plan Width": 8,
                                                                                                                "Actual Startup Time": 0.955,
                                                                                                                "Actual Total Time": 0.955,
                                                                                                                "Actual Rows": 2,
                                                                                                                "Actual Loops": 8,
                                                                                                                "Hash Buckets": 1024,
                                                                                                                "Original Hash Buckets": 1024,
                                                                                                                "Hash Batches": 1,
                                                                                                                "Original Hash Batches": 1,
                                                                                                                "Peak Memory Usage": 232,
                                                                                                                "Workers": [],
                                                                                                                "Plans": [
                                                                                                                    {
                                                                                                                        "Node Type": "Seq Scan",
                                                                                                                        "Parent Relationship": "Outer",
                                                                                                                        "Parallel Aware": true,
                                                                                                                        "Async Capable": false,
                                                                                                                        "Relation Name": "tag",
                                                                                                                        "Alias": "t1",
                                                                                                                        "Startup Cost": 0.0,
                                                                                                                        "Total Cost": 2573.31,
                                                                                                                        "Plan Rows": 2,
                                                                                                                        "Plan Width": 8,
                                                                                                                        "Actual Startup Time": 0.358,
                                                                                                                        "Actual Total Time": 0.938,
                                                                                                                        "Actual Rows": 2,
                                                                                                                        "Actual Loops": 8,
                                                                                                                        "Filter": "((name)::text = 'split'::text)",
                                                                                                                        "Rows Removed by Filter": 23344,
                                                                                                                        "Workers": []
                                                                                                                    }
                                                                                                                ]
                                                                                                            }
                                                                                                        ]
                                                                                                    }
                                                                                                ]
                                                                                            }
                                                                                        ]
                                                                                    }
                                                                                ]
                                                                            }
                                                                        ]
                                                                    }
                                                                ]
                                                            },
                                                            {
                                                                "Node Type": "Sort",
                                                                "Parent Relationship": "Inner",
                                                                "Parallel Aware": false,
                                                                "Async Capable": false,
                                                                "Startup Cost": 3.17,
                                                                "Total Cost": 3.18,
                                                                "Plan Rows": 1,
                                                                "Plan Width": 4,
                                                                "Actual Startup Time": 0.018,
                                                                "Actual Total Time": 0.019,
                                                                "Actual Rows": 1,
                                                                "Actual Loops": 8,
                                                                "Sort Key": [
                                                                    "s1.site_id"
                                                                ],
                                                                "Sort Method": "quicksort",
                                                                "Sort Space Used": 25,
                                                                "Sort Space Type": "Memory",
                                                                "Workers": [
                                                                    {
                                                                        "Worker Number": 0,
                                                                        "Sort Method": "quicksort",
                                                                        "Sort Space Used": 25,
                                                                        "Sort Space Type": "Memory"
                                                                    },
                                                                    {
                                                                        "Worker Number": 1,
                                                                        "Sort Method": "quicksort",
                                                                        "Sort Space Used": 25,
                                                                        "Sort Space Type": "Memory"
                                                                    },
                                                                    {
                                                                        "Worker Number": 2,
                                                                        "Sort Method": "quicksort",
                                                                        "Sort Space Used": 25,
                                                                        "Sort Space Type": "Memory"
                                                                    },
                                                                    {
                                                                        "Worker Number": 3,
                                                                        "Sort Method": "quicksort",
                                                                        "Sort Space Used": 25,
                                                                        "Sort Space Type": "Memory"
                                                                    },
                                                                    {
                                                                        "Worker Number": 4,
                                                                        "Sort Method": "quicksort",
                                                                        "Sort Space Used": 25,
                                                                        "Sort Space Type": "Memory"
                                                                    },
                                                                    {
                                                                        "Worker Number": 5,
                                                                        "Sort Method": "quicksort",
                                                                        "Sort Space Used": 25,
                                                                        "Sort Space Type": "Memory"
                                                                    },
                                                                    {
                                                                        "Worker Number": 6,
                                                                        "Sort Method": "quicksort",
                                                                        "Sort Space Used": 25,
                                                                        "Sort Space Type": "Memory"
                                                                    }
                                                                ],
                                                                "Plans": [
                                                                    {
                                                                        "Node Type": "Seq Scan",
                                                                        "Parent Relationship": "Outer",
                                                                        "Parallel Aware": false,
                                                                        "Async Capable": false,
                                                                        "Relation Name": "site",
                                                                        "Alias": "s1",
                                                                        "Startup Cost": 0.0,
                                                                        "Total Cost": 3.16,
                                                                        "Plan Rows": 1,
                                                                        "Plan Width": 4,
                                                                        "Actual Startup Time": 0.011,
                                                                        "Actual Total Time": 0.012,
                                                                        "Actual Rows": 1,
                                                                        "Actual Loops": 8,
                                                                        "Filter": "((site_name)::text = 'stackoverflow'::text)",
                                                                        "Rows Removed by Filter": 172,
                                                                        "Workers": []
                                                                    }
                                                                ]
                                                            }
                                                        ]
                                                    },
                                                    {
                                                        "Node Type": "Hash",
                                                        "Parent Relationship": "Inner",
                                                        "Parallel Aware": true,
                                                        "Async Capable": false,
                                                        "Startup Cost": 2671713.55,
                                                        "Total Cost": 2671713.55,
                                                        "Plan Rows": 1,
                                                        "Plan Width": 19,
                                                        "Actual Startup Time": 2368.869,
                                                        "Actual Total Time": 2368.877,
                                                        "Actual Rows": 25403,
                                                        "Actual Loops": 8,
                                                        "Hash Buckets": 262144,
                                                        "Original Hash Buckets": 1024,
                                                        "Hash Batches": 1,
                                                        "Original Hash Batches": 1,
                                                        "Peak Memory Usage": 14872,
                                                        "Workers": [],
                                                        "Plans": [
                                                            {
                                                                "Node Type": "Hash Join",
                                                                "Parent Relationship": "Outer",
                                                                "Parallel Aware": true,
                                                                "Async Capable": false,
                                                                "Join Type": "Inner",
                                                                "Startup Cost": 2416500.9,
                                                                "Total Cost": 2671713.55,
                                                                "Plan Rows": 1,
                                                                "Plan Width": 19,
                                                                "Actual Startup Time": 2068.968,
                                                                "Actual Total Time": 2345.255,
                                                                "Actual Rows": 25403,
                                                                "Actual Loops": 8,
                                                                "Inner Unique": false,
                                                                "Hash Cond": "(u1.account_id = u2.account_id)",
                                                                "Workers": [],
                                                                "Plans": [
                                                                    {
                                                                        "Node Type": "Seq Scan",
                                                                        "Parent Relationship": "Outer",
                                                                        "Parallel Aware": true,
                                                                        "Async Capable": false,
                                                                        "Relation Name": "so_user",
                                                                        "Alias": "u1",
                                                                        "Startup Cost": 0.0,
                                                                        "Total Cost": 239391.02,
                                                                        "Plan Rows": 4219102,
                                                                        "Plan Width": 12,
                                                                        "Actual Startup Time": 0.011,
                                                                        "Actual Total Time": 117.723,
                                                                        "Actual Rows": 2637163,
                                                                        "Actual Loops": 8,
                                                                        "Workers": []
                                                                    },
                                                                    {
                                                                        "Node Type": "Hash",
                                                                        "Parent Relationship": "Inner",
                                                                        "Parallel Aware": true,
                                                                        "Async Capable": false,
                                                                        "Startup Cost": 2416500.88,
                                                                        "Total Cost": 2416500.88,
                                                                        "Plan Rows": 1,
                                                                        "Plan Width": 19,
                                                                        "Actual Startup Time": 2068.854,
                                                                        "Actual Total Time": 2068.861,
                                                                        "Actual Rows": 2404,
                                                                        "Actual Loops": 8,
                                                                        "Hash Buckets": 32768,
                                                                        "Original Hash Buckets": 1024,
                                                                        "Hash Batches": 1,
                                                                        "Original Hash Batches": 1,
                                                                        "Peak Memory Usage": 1688,
                                                                        "Workers": [],
                                                                        "Plans": [
                                                                            {
                                                                                "Node Type": "Hash Join",
                                                                                "Parent Relationship": "Outer",
                                                                                "Parallel Aware": true,
                                                                                "Async Capable": false,
                                                                                "Join Type": "Inner",
                                                                                "Startup Cost": 2264046.08,
                                                                                "Total Cost": 2416500.88,
                                                                                "Plan Rows": 1,
                                                                                "Plan Width": 19,
                                                                                "Actual Startup Time": 1621.416,
                                                                                "Actual Total Time": 1812.407,
                                                                                "Actual Rows": 2404,
                                                                                "Actual Loops": 8,
                                                                                "Inner Unique": false,
                                                                                "Hash Cond": "(account.id = u2.account_id)",
                                                                                "Workers": [],
                                                                                "Plans": [
                                                                                    {
                                                                                        "Node Type": "Seq Scan",
                                                                                        "Parent Relationship": "Outer",
                                                                                        "Parallel Aware": true,
                                                                                        "Async Capable": false,
                                                                                        "Relation Name": "account",
                                                                                        "Alias": "account",
                                                                                        "Startup Cost": 0.0,
                                                                                        "Total Cost": 142069.67,
                                                                                        "Plan Rows": 2769367,
                                                                                        "Plan Width": 15,
                                                                                        "Actual Startup Time": 0.025,
                                                                                        "Actual Total Time": 86.41,
                                                                                        "Actual Rows": 1734019,
                                                                                        "Actual Loops": 8,
                                                                                        "Workers": []
                                                                                    },
                                                                                    {
                                                                                        "Node Type": "Hash",
                                                                                        "Parent Relationship": "Inner",
                                                                                        "Parallel Aware": true,
                                                                                        "Async Capable": false,
                                                                                        "Startup Cost": 2264046.06,
                                                                                        "Total Cost": 2264046.06,
                                                                                        "Plan Rows": 1,
                                                                                        "Plan Width": 4,
                                                                                        "Actual Startup Time": 1621.279,
                                                                                        "Actual Total Time": 1621.285,
                                                                                        "Actual Rows": 2404,
                                                                                        "Actual Loops": 8,
                                                                                        "Hash Buckets": 16384,
                                                                                        "Original Hash Buckets": 1024,
                                                                                        "Hash Batches": 1,
                                                                                        "Original Hash Batches": 1,
                                                                                        "Peak Memory Usage": 1080,
                                                                                        "Workers": [],
                                                                                        "Plans": [
                                                                                            {
                                                                                                "Node Type": "Hash Join",
                                                                                                "Parent Relationship": "Outer",
                                                                                                "Parallel Aware": true,
                                                                                                "Async Capable": false,
                                                                                                "Join Type": "Inner",
                                                                                                "Startup Cost": 1993011.77,
                                                                                                "Total Cost": 2264046.06,
                                                                                                "Plan Rows": 1,
                                                                                                "Plan Width": 4,
                                                                                                "Actual Startup Time": 1400.764,
                                                                                                "Actual Total Time": 1616.203,
                                                                                                "Actual Rows": 2404,
                                                                                                "Actual Loops": 8,
                                                                                                "Inner Unique": false,
                                                                                                "Hash Cond": "((u2.site_id = t2.site_id) AND (u2.id = q2.owner_user_id))",
                                                                                                "Workers": [],
                                                                                                "Plans": [
                                                                                                    {
                                                                                                        "Node Type": "Seq Scan",
                                                                                                        "Parent Relationship": "Outer",
                                                                                                        "Parallel Aware": true,
                                                                                                        "Async Capable": false,
                                                                                                        "Relation Name": "so_user",
                                                                                                        "Alias": "u2",
                                                                                                        "Startup Cost": 0.0,
                                                                                                        "Total Cost": 239391.02,
                                                                                                        "Plan Rows": 4219102,
                                                                                                        "Plan Width": 12,
                                                                                                        "Actual Startup Time": 0.033,
                                                                                                        "Actual Total Time": 125.327,
                                                                                                        "Actual Rows": 2637163,
                                                                                                        "Actual Loops": 8,
                                                                                                        "Workers": []
                                                                                                    },
                                                                                                    {
                                                                                                        "Node Type": "Hash",
                                                                                                        "Parent Relationship": "Inner",
                                                                                                        "Parallel Aware": true,
                                                                                                        "Async Capable": false,
                                                                                                        "Startup Cost": 1993011.76,
                                                                                                        "Total Cost": 1993011.76,
                                                                                                        "Plan Rows": 1,
                                                                                                        "Plan Width": 20,
                                                                                                        "Actual Startup Time": 1334.218,
                                                                                                        "Actual Total Time": 1334.223,
                                                                                                        "Actual Rows": 2404,
                                                                                                        "Actual Loops": 8,
                                                                                                        "Hash Buckets": 32768,
                                                                                                        "Original Hash Buckets": 1024,
                                                                                                        "Hash Batches": 1,
                                                                                                        "Original Hash Batches": 1,
                                                                                                        "Peak Memory Usage": 1688,
                                                                                                        "Workers": [],
                                                                                                        "Plans": [
                                                                                                            {
                                                                                                                "Node Type": "Merge Join",
                                                                                                                "Parent Relationship": "Outer",
                                                                                                                "Parallel Aware": false,
                                                                                                                "Async Capable": false,
                                                                                                                "Join Type": "Inner",
                                                                                                                "Startup Cost": 1993007.99,
                                                                                                                "Total Cost": 1993011.76,
                                                                                                                "Plan Rows": 1,
                                                                                                                "Plan Width": 20,
                                                                                                                "Actual Startup Time": 1286.148,
                                                                                                                "Actual Total Time": 1299.897,
                                                                                                                "Actual Rows": 2404,
                                                                                                                "Actual Loops": 8,
                                                                                                                "Inner Unique": true,
                                                                                                                "Merge Cond": "((s2.site_id = t2.site_id) AND (tq2.tag_id = t2.id))",
                                                                                                                "Workers": [],
                                                                                                                "Plans": [
                                                                                                                    {
                                                                                                                        "Node Type": "Sort",
                                                                                                                        "Parent Relationship": "Outer",
                                                                                                                        "Parallel Aware": false,
                                                                                                                        "Async Capable": false,
                                                                                                                        "Startup Cost": 1989473.34,
                                                                                                                        "Total Cost": 1989474.59,
                                                                                                                        "Plan Rows": 498,
                                                                                                                        "Plan Width": 20,
                                                                                                                        "Actual Startup Time": 1277.362,
                                                                                                                        "Actual Total Time": 1285.24,
                                                                                                                        "Actual Rows": 180784,
                                                                                                                        "Actual Loops": 8,
                                                                                                                        "Sort Key": [
                                                                                                                            "s2.site_id",
                                                                                                                            "tq2.tag_id"
                                                                                                                        ],
                                                                                                                        "Sort Method": "external merge",
                                                                                                                        "Sort Space Used": 5784,
                                                                                                                        "Sort Space Type": "Disk",
                                                                                                                        "Workers": [
                                                                                                                            {
                                                                                                                                "Worker Number": 0,
                                                                                                                                "Sort Method": "external merge",
                                                                                                                                "Sort Space Used": 5672,
                                                                                                                                "Sort Space Type": "Disk"
                                                                                                                            },
                                                                                                                            {
                                                                                                                                "Worker Number": 1,
                                                                                                                                "Sort Method": "external merge",
                                                                                                                                "Sort Space Used": 5512,
                                                                                                                                "Sort Space Type": "Disk"
                                                                                                                            },
                                                                                                                            {
                                                                                                                                "Worker Number": 2,
                                                                                                                                "Sort Method": "external merge",
                                                                                                                                "Sort Space Used": 5120,
                                                                                                                                "Sort Space Type": "Disk"
                                                                                                                            },
                                                                                                                            {
                                                                                                                                "Worker Number": 3,
                                                                                                                                "Sort Method": "external merge",
                                                                                                                                "Sort Space Used": 5656,
                                                                                                                                "Sort Space Type": "Disk"
                                                                                                                            },
                                                                                                                            {
                                                                                                                                "Worker Number": 4,
                                                                                                                                "Sort Method": "external merge",
                                                                                                                                "Sort Space Used": 4376,
                                                                                                                                "Sort Space Type": "Disk"
                                                                                                                            },
                                                                                                                            {
                                                                                                                                "Worker Number": 5,
                                                                                                                                "Sort Method": "external merge",
                                                                                                                                "Sort Space Used": 5208,
                                                                                                                                "Sort Space Type": "Disk"
                                                                                                                            },
                                                                                                                            {
                                                                                                                                "Worker Number": 6,
                                                                                                                                "Sort Method": "external merge",
                                                                                                                                "Sort Space Used": 5192,
                                                                                                                                "Sort Space Type": "Disk"
                                                                                                                            }
                                                                                                                        ],
                                                                                                                        "Plans": [
                                                                                                                            {
                                                                                                                                "Node Type": "Hash Join",
                                                                                                                                "Parent Relationship": "Outer",
                                                                                                                                "Parallel Aware": true,
                                                                                                                                "Async Capable": false,
                                                                                                                                "Join Type": "Inner",
                                                                                                                                "Startup Cost": 293640.82,
                                                                                                                                "Total Cost": 1989451.03,
                                                                                                                                "Plan Rows": 498,
                                                                                                                                "Plan Width": 20,
                                                                                                                                "Actual Startup Time": 590.595,
                                                                                                                                "Actual Total Time": 1232.027,
                                                                                                                                "Actual Rows": 180784,
                                                                                                                                "Actual Loops": 8,
                                                                                                                                "Inner Unique": false,
                                                                                                                                "Hash Cond": "((q2.site_id = s2.site_id) AND (q2.id = tq2.question_id))",
                                                                                                                                "Workers": [],
                                                                                                                                "Plans": [
                                                                                                                                    {
                                                                                                                                        "Node Type": "Seq Scan",
                                                                                                                                        "Parent Relationship": "Outer",
                                                                                                                                        "Parallel Aware": true,
                                                                                                                                        "Async Capable": false,
                                                                                                                                        "Relation Name": "question",
                                                                                                                                        "Alias": "q2",
                                                                                                                                        "Startup Cost": 0.0,
                                                                                                                                        "Total Cost": 1682252.12,
                                                                                                                                        "Plan Rows": 1807612,
                                                                                                                                        "Plan Width": 12,
                                                                                                                                        "Actual Startup Time": 0.027,
                                                                                                                                        "Actual Total Time": 490.556,
                                                                                                                                        "Actual Rows": 1583305,
                                                                                                                                        "Actual Loops": 8,
                                                                                                                                        "Workers": []
                                                                                                                                    },
                                                                                                                                    {
                                                                                                                                        "Node Type": "Hash",
                                                                                                                                        "Parent Relationship": "Inner",
                                                                                                                                        "Parallel Aware": true,
                                                                                                                                        "Async Capable": false,
                                                                                                                                        "Startup Cost": 293001.22,
                                                                                                                                        "Total Cost": 293001.22,
                                                                                                                                        "Plan Rows": 42640,
                                                                                                                                        "Plan Width": 16,
                                                                                                                                        "Actual Startup Time": 451.992,
                                                                                                                                        "Actual Total Time": 451.994,
                                                                                                                                        "Actual Rows": 180784,
                                                                                                                                        "Actual Loops": 8,
                                                                                                                                        "Hash Buckets": 2097152,
                                                                                                                                        "Original Hash Buckets": 262144,
                                                                                                                                        "Hash Batches": 1,
                                                                                                                                        "Original Hash Batches": 1,
                                                                                                                                        "Peak Memory Usage": 98688,
                                                                                                                                        "Workers": [],
                                                                                                                                        "Plans": [
                                                                                                                                            {
                                                                                                                                                "Node Type": "Hash Join",
                                                                                                                                                "Parent Relationship": "Outer",
                                                                                                                                                "Parallel Aware": false,
                                                                                                                                                "Async Capable": false,
                                                                                                                                                "Join Type": "Inner",
                                                                                                                                                "Startup Cost": 3.18,
                                                                                                                                                "Total Cost": 293001.22,
                                                                                                                                                "Plan Rows": 42640,
                                                                                                                                                "Plan Width": 16,
                                                                                                                                                "Actual Startup Time": 194.839,
                                                                                                                                                "Actual Total Time": 404.186,
                                                                                                                                                "Actual Rows": 180784,
                                                                                                                                                "Actual Loops": 8,
                                                                                                                                                "Inner Unique": true,
                                                                                                                                                "Hash Cond": "(tq2.site_id = s2.site_id)",
                                                                                                                                                "Workers": [],
                                                                                                                                                "Plans": [
                                                                                                                                                    {
                                                                                                                                                        "Node Type": "Seq Scan",
                                                                                                                                                        "Parent Relationship": "Outer",
                                                                                                                                                        "Parallel Aware": true,
                                                                                                                                                        "Async Capable": false,
                                                                                                                                                        "Relation Name": "tag_question",
                                                                                                                                                        "Alias": "tq2",
                                                                                                                                                        "Startup Cost": 0.0,
                                                                                                                                                        "Total Cost": 273159.66,
                                                                                                                                                        "Plan Rows": 7376766,
                                                                                                                                                        "Plan Width": 12,
                                                                                                                                                        "Actual Startup Time": 0.021,
                                                                                                                                                        "Actual Total Time": 234.773,
                                                                                                                                                        "Actual Rows": 4610477,
                                                                                                                                                        "Actual Loops": 8,
                                                                                                                                                        "Workers": []
                                                                                                                                                    },
                                                                                                                                                    {
                                                                                                                                                        "Node Type": "Hash",
                                                                                                                                                        "Parent Relationship": "Inner",
                                                                                                                                                        "Parallel Aware": false,
                                                                                                                                                        "Async Capable": false,
                                                                                                                                                        "Startup Cost": 3.16,
                                                                                                                                                        "Total Cost": 3.16,
                                                                                                                                                        "Plan Rows": 1,
                                                                                                                                                        "Plan Width": 4,
                                                                                                                                                        "Actual Startup Time": 0.021,
                                                                                                                                                        "Actual Total Time": 0.021,
                                                                                                                                                        "Actual Rows": 1,
                                                                                                                                                        "Actual Loops": 8,
                                                                                                                                                        "Hash Buckets": 1024,
                                                                                                                                                        "Original Hash Buckets": 1024,
                                                                                                                                                        "Hash Batches": 1,
                                                                                                                                                        "Original Hash Batches": 1,
                                                                                                                                                        "Peak Memory Usage": 9,
                                                                                                                                                        "Workers": [],
                                                                                                                                                        "Plans": [
                                                                                                                                                            {
                                                                                                                                                                "Node Type": "Seq Scan",
                                                                                                                                                                "Parent Relationship": "Outer",
                                                                                                                                                                "Parallel Aware": false,
                                                                                                                                                                "Async Capable": false,
                                                                                                                                                                "Relation Name": "site",
                                                                                                                                                                "Alias": "s2",
                                                                                                                                                                "Startup Cost": 0.0,
                                                                                                                                                                "Total Cost": 3.16,
                                                                                                                                                                "Plan Rows": 1,
                                                                                                                                                                "Plan Width": 4,
                                                                                                                                                                "Actual Startup Time": 0.013,
                                                                                                                                                                "Actual Total Time": 0.017,
                                                                                                                                                                "Actual Rows": 1,
                                                                                                                                                                "Actual Loops": 8,
                                                                                                                                                                "Filter": "((site_name)::text = 'math'::text)",
                                                                                                                                                                "Rows Removed by Filter": 172,
                                                                                                                                                                "Workers": []
                                                                                                                                                            }
                                                                                                                                                        ]
                                                                                                                                                    }
                                                                                                                                                ]
                                                                                                                                            }
                                                                                                                                        ]
                                                                                                                                    }
                                                                                                                                ]
                                                                                                                            }
                                                                                                                        ]
                                                                                                                    },
                                                                                                                    {
                                                                                                                        "Node Type": "Sort",
                                                                                                                        "Parent Relationship": "Inner",
                                                                                                                        "Parallel Aware": false,
                                                                                                                        "Async Capable": false,
                                                                                                                        "Startup Cost": 3534.65,
                                                                                                                        "Total Cost": 3534.66,
                                                                                                                        "Plan Rows": 3,
                                                                                                                        "Plan Width": 8,
                                                                                                                        "Actual Startup Time": 7.943,
                                                                                                                        "Actual Total Time": 7.944,
                                                                                                                        "Actual Rows": 14,
                                                                                                                        "Actual Loops": 8,
                                                                                                                        "Sort Key": [
                                                                                                                            "t2.site_id",
                                                                                                                            "t2.id"
                                                                                                                        ],
                                                                                                                        "Sort Method": "quicksort",
                                                                                                                        "Sort Space Used": 25,
                                                                                                                        "Sort Space Type": "Memory",
                                                                                                                        "Workers": [
                                                                                                                            {
                                                                                                                                "Worker Number": 0,
                                                                                                                                "Sort Method": "quicksort",
                                                                                                                                "Sort Space Used": 25,
                                                                                                                                "Sort Space Type": "Memory"
                                                                                                                            },
                                                                                                                            {
                                                                                                                                "Worker Number": 1,
                                                                                                                                "Sort Method": "quicksort",
                                                                                                                                "Sort Space Used": 25,
                                                                                                                                "Sort Space Type": "Memory"
                                                                                                                            },
                                                                                                                            {
                                                                                                                                "Worker Number": 2,
                                                                                                                                "Sort Method": "quicksort",
                                                                                                                                "Sort Space Used": 25,
                                                                                                                                "Sort Space Type": "Memory"
                                                                                                                            },
                                                                                                                            {
                                                                                                                                "Worker Number": 3,
                                                                                                                                "Sort Method": "quicksort",
                                                                                                                                "Sort Space Used": 25,
                                                                                                                                "Sort Space Type": "Memory"
                                                                                                                            },
                                                                                                                            {
                                                                                                                                "Worker Number": 4,
                                                                                                                                "Sort Method": "quicksort",
                                                                                                                                "Sort Space Used": 25,
                                                                                                                                "Sort Space Type": "Memory"
                                                                                                                            },
                                                                                                                            {
                                                                                                                                "Worker Number": 5,
                                                                                                                                "Sort Method": "quicksort",
                                                                                                                                "Sort Space Used": 25,
                                                                                                                                "Sort Space Type": "Memory"
                                                                                                                            },
                                                                                                                            {
                                                                                                                                "Worker Number": 6,
                                                                                                                                "Sort Method": "quicksort",
                                                                                                                                "Sort Space Used": 25,
                                                                                                                                "Sort Space Type": "Memory"
                                                                                                                            }
                                                                                                                        ],
                                                                                                                        "Plans": [
                                                                                                                            {
                                                                                                                                "Node Type": "Seq Scan",
                                                                                                                                "Parent Relationship": "Outer",
                                                                                                                                "Parallel Aware": false,
                                                                                                                                "Async Capable": false,
                                                                                                                                "Relation Name": "tag",
                                                                                                                                "Alias": "t2",
                                                                                                                                "Startup Cost": 0.0,
                                                                                                                                "Total Cost": 3534.62,
                                                                                                                                "Plan Rows": 3,
                                                                                                                                "Plan Width": 8,
                                                                                                                                "Actual Startup Time": 0.501,
                                                                                                                                "Actual Total Time": 7.935,
                                                                                                                                "Actual Rows": 25,
                                                                                                                                "Actual Loops": 8,
                                                                                                                                "Filter": "((name)::text = 'geometry'::text)",
                                                                                                                                "Rows Removed by Filter": 186745,
                                                                                                                                "Workers": []
                                                                                                                            }
                                                                                                                        ]
                                                                                                                    }
                                                                                                                ]
                                                                                                            }
                                                                                                        ]
                                                                                                    }
                                                                                                ]
                                                                                            }
                                                                                        ]
                                                                                    }
                                                                                ]
                                                                            }
                                                                        ]
                                                                    }
                                                                ]
                                                            }
                                                        ]
                                                    }
                                                ]
                                            }
                                        ]
                                    }
                                ]
                            }
                        ]
                    },
                    "Planning Time": 88.486,
                    "Triggers": [],
                    "Execution Time": 4303.274
                }
            ],
            "hints": [
                "SET enable_hashjoin TO on",
                "SET enable_indexonlyscan TO on",
                "SET enable_indexscan TO on",
                "SET enable_mergejoin TO on",
                "SET enable_nestloop TO off",
                "SET enable_seqscan TO on"
            ]
        },
        {
            "arm": 2,
            "execution_time": 396.64,
            "plan": [
                {
                    "Plan": {
                        "Node Type": "Aggregate",
                        "Strategy": "Plain",
                        "Partial Mode": "Simple",
                        "Parallel Aware": false,
                        "Async Capable": false,
                        "Startup Cost": 257398.96,
                        "Total Cost": 257398.97,
                        "Plan Rows": 1,
                        "Plan Width": 8,
                        "Actual Startup Time": 387.634,
                        "Actual Total Time": 396.568,
                        "Actual Rows": 1,
                        "Actual Loops": 1,
                        "Plans": [
                            {
                                "Node Type": "Gather Merge",
                                "Parent Relationship": "Outer",
                                "Parallel Aware": false,
                                "Async Capable": false,
                                "Startup Cost": 257398.83,
                                "Total Cost": 257398.95,
                                "Plan Rows": 1,
                                "Plan Width": 11,
                                "Actual Startup Time": 387.583,
                                "Actual Total Time": 396.552,
                                "Actual Rows": 170,
                                "Actual Loops": 1,
                                "Workers Planned": 5,
                                "Workers Launched": 5,
                                "Plans": [
                                    {
                                        "Node Type": "Sort",
                                        "Parent Relationship": "Outer",
                                        "Parallel Aware": false,
                                        "Async Capable": false,
                                        "Startup Cost": 256398.75,
                                        "Total Cost": 256398.75,
                                        "Plan Rows": 1,
                                        "Plan Width": 11,
                                        "Actual Startup Time": 384.827,
                                        "Actual Total Time": 384.837,
                                        "Actual Rows": 28,
                                        "Actual Loops": 6,
                                        "Sort Key": [
                                            "account.display_name"
                                        ],
                                        "Sort Method": "quicksort",
                                        "Sort Space Used": 25,
                                        "Sort Space Type": "Memory",
                                        "Workers": [
                                            {
                                                "Worker Number": 0,
                                                "Sort Method": "quicksort",
                                                "Sort Space Used": 25,
                                                "Sort Space Type": "Memory"
                                            },
                                            {
                                                "Worker Number": 1,
                                                "Sort Method": "quicksort",
                                                "Sort Space Used": 25,
                                                "Sort Space Type": "Memory"
                                            },
                                            {
                                                "Worker Number": 2,
                                                "Sort Method": "quicksort",
                                                "Sort Space Used": 25,
                                                "Sort Space Type": "Memory"
                                            },
                                            {
                                                "Worker Number": 3,
                                                "Sort Method": "quicksort",
                                                "Sort Space Used": 25,
                                                "Sort Space Type": "Memory"
                                            },
                                            {
                                                "Worker Number": 4,
                                                "Sort Method": "quicksort",
                                                "Sort Space Used": 25,
                                                "Sort Space Type": "Memory"
                                            }
                                        ],
                                        "Plans": [
                                            {
                                                "Node Type": "Nested Loop",
                                                "Parent Relationship": "Outer",
                                                "Parallel Aware": false,
                                                "Async Capable": false,
                                                "Join Type": "Inner",
                                                "Startup Cost": 5410.71,
                                                "Total Cost": 256398.74,
                                                "Plan Rows": 1,
                                                "Plan Width": 11,
                                                "Actual Startup Time": 141.037,
                                                "Actual Total Time": 384.791,
                                                "Actual Rows": 28,
                                                "Actual Loops": 6,
                                                "Inner Unique": true,
                                                "Workers": [],
                                                "Plans": [
                                                    {
                                                        "Node Type": "Nested Loop",
                                                        "Parent Relationship": "Outer",
                                                        "Parallel Aware": false,
                                                        "Async Capable": false,
                                                        "Join Type": "Inner",
                                                        "Startup Cost": 5406.68,
                                                        "Total Cost": 256390.7,
                                                        "Plan Rows": 1,
                                                        "Plan Width": 8,
                                                        "Actual Startup Time": 141.015,
                                                        "Actual Total Time": 384.638,
                                                        "Actual Rows": 28,
                                                        "Actual Loops": 6,
                                                        "Inner Unique": true,
                                                        "Join Filter": "((t2.site_id = tq2.site_id) AND (t2.id = tq2.tag_id))",
                                                        "Rows Removed by Join Filter": 1108,
                                                        "Workers": [],
                                                        "Plans": [
                                                            {
                                                                "Node Type": "Nested Loop",
                                                                "Parent Relationship": "Outer",
                                                                "Parallel Aware": false,
                                                                "Async Capable": false,
                                                                "Join Type": "Inner",
                                                                "Startup Cost": 5402.51,
                                                                "Total Cost": 256382.5,
                                                                "Plan Rows": 1,
                                                                "Plan Width": 32,
                                                                "Actual Startup Time": 140.461,
                                                                "Actual Total Time": 382.218,
                                                                "Actual Rows": 522,
                                                                "Actual Loops": 6,
                                                                "Inner Unique": true,
                                                                "Join Filter": "(t1.site_id = q1.site_id)",
                                                                "Rows Removed by Join Filter": 0,
                                                                "Workers": [],
                                                                "Plans": [
                                                                    {
                                                                        "Node Type": "Nested Loop",
                                                                        "Parent Relationship": "Outer",
                                                                        "Parallel Aware": false,
                                                                        "Async Capable": false,
                                                                        "Join Type": "Inner",
                                                                        "Startup Cost": 5398.48,
                                                                        "Total Cost": 256374.45,
                                                                        "Plan Rows": 1,
                                                                        "Plan Width": 60,
                                                                        "Actual Startup Time": 140.431,
                                                                        "Actual Total Time": 380.334,
                                                                        "Actual Rows": 522,
                                                                        "Actual Loops": 6,
                                                                        "Inner Unique": false,
                                                                        "Join Filter": "(t2.site_id = q2.site_id)",
                                                                        "Rows Removed by Join Filter": 0,
                                                                        "Workers": [],
                                                                        "Plans": [
                                                                            {
                                                                                "Node Type": "Hash Join",
                                                                                "Parent Relationship": "Outer",
                                                                                "Parallel Aware": true,
                                                                                "Async Capable": false,
                                                                                "Join Type": "Inner",
                                                                                "Startup Cost": 5394.24,
                                                                                "Total Cost": 256258.07,
                                                                                "Plan Rows": 1,
                                                                                "Plan Width": 56,
                                                                                "Actual Startup Time": 140.13,
                                                                                "Actual Total Time": 368.286,
                                                                                "Actual Rows": 565,
                                                                                "Actual Loops": 6,
                                                                                "Inner Unique": false,
                                                                                "Hash Cond": "(u2.account_id = u1.account_id)",
                                                                                "Workers": [],
                                                                                "Plans": [
                                                                                    {
                                                                                        "Node Type": "Hash Join",
                                                                                        "Parent Relationship": "Outer",
                                                                                        "Parallel Aware": true,
                                                                                        "Async Capable": false,
                                                                                        "Join Type": "Inner",
                                                                                        "Startup Cost": 2576.51,
                                                                                        "Total Cost": 253438.74,
                                                                                        "Plan Rows": 423,
                                                                                        "Plan Width": 24,
                                                                                        "Actual Startup Time": 68.931,
                                                                                        "Actual Total Time": 292.303,
                                                                                        "Actual Rows": 95278,
                                                                                        "Actual Loops": 6,
                                                                                        "Inner Unique": false,
                                                                                        "Hash Cond": "(s2.site_id = t2.site_id)",
                                                                                        "Workers": [],
                                                                                        "Plans": [
                                                                                            {
                                                                                                "Node Type": "Hash Join",
                                                                                                "Parent Relationship": "Outer",
                                                                                                "Parallel Aware": false,
                                                                                                "Async Capable": false,
                                                                                                "Join Type": "Inner",
                                                                                                "Startup Cost": 3.18,
                                                                                                "Total Cost": 250740.65,
                                                                                                "Plan Rows": 24388,
                                                                                                "Plan Width": 16,
                                                                                                "Actual Startup Time": 67.037,
                                                                                                "Actual Total Time": 282.337,
                                                                                                "Actual Rows": 95278,
                                                                                                "Actual Loops": 6,
                                                                                                "Inner Unique": true,
                                                                                                "Hash Cond": "(u2.site_id = s2.site_id)",
                                                                                                "Workers": [],
                                                                                                "Plans": [
                                                                                                    {
                                                                                                        "Node Type": "Seq Scan",
                                                                                                        "Parent Relationship": "Outer",
                                                                                                        "Parallel Aware": true,
                                                                                                        "Async Capable": false,
                                                                                                        "Relation Name": "so_user",
                                                                                                        "Alias": "u2",
                                                                                                        "Startup Cost": 0.0,
                                                                                                        "Total Cost": 239391.02,
                                                                                                        "Plan Rows": 4219102,
                                                                                                        "Plan Width": 12,
                                                                                                        "Actual Startup Time": 0.023,
                                                                                                        "Actual Total Time": 157.013,
                                                                                                        "Actual Rows": 3516217,
                                                                                                        "Actual Loops": 6,
                                                                                                        "Workers": []
                                                                                                    },
                                                                                                    {
                                                                                                        "Node Type": "Hash",
                                                                                                        "Parent Relationship": "Inner",
                                                                                                        "Parallel Aware": false,
                                                                                                        "Async Capable": false,
                                                                                                        "Startup Cost": 3.16,
                                                                                                        "Total Cost": 3.16,
                                                                                                        "Plan Rows": 1,
                                                                                                        "Plan Width": 4,
                                                                                                        "Actual Startup Time": 0.013,
                                                                                                        "Actual Total Time": 0.014,
                                                                                                        "Actual Rows": 1,
                                                                                                        "Actual Loops": 6,
                                                                                                        "Hash Buckets": 1024,
                                                                                                        "Original Hash Buckets": 1024,
                                                                                                        "Hash Batches": 1,
                                                                                                        "Original Hash Batches": 1,
                                                                                                        "Peak Memory Usage": 9,
                                                                                                        "Workers": [],
                                                                                                        "Plans": [
                                                                                                            {
                                                                                                                "Node Type": "Seq Scan",
                                                                                                                "Parent Relationship": "Outer",
                                                                                                                "Parallel Aware": false,
                                                                                                                "Async Capable": false,
                                                                                                                "Relation Name": "site",
                                                                                                                "Alias": "s2",
                                                                                                                "Startup Cost": 0.0,
                                                                                                                "Total Cost": 3.16,
                                                                                                                "Plan Rows": 1,
                                                                                                                "Plan Width": 4,
                                                                                                                "Actual Startup Time": 0.009,
                                                                                                                "Actual Total Time": 0.012,
                                                                                                                "Actual Rows": 1,
                                                                                                                "Actual Loops": 6,
                                                                                                                "Filter": "((site_name)::text = 'math'::text)",
                                                                                                                "Rows Removed by Filter": 172,
                                                                                                                "Workers": []
                                                                                                            }
                                                                                                        ]
                                                                                                    }
                                                                                                ]
                                                                                            },
                                                                                            {
                                                                                                "Node Type": "Hash",
                                                                                                "Parent Relationship": "Inner",
                                                                                                "Parallel Aware": true,
                                                                                                "Async Capable": false,
                                                                                                "Startup Cost": 2573.31,
                                                                                                "Total Cost": 2573.31,
                                                                                                "Plan Rows": 2,
                                                                                                "Plan Width": 8,
                                                                                                "Actual Startup Time": 1.852,
                                                                                                "Actual Total Time": 1.852,
                                                                                                "Actual Rows": 4,
                                                                                                "Actual Loops": 6,
                                                                                                "Hash Buckets": 1024,
                                                                                                "Original Hash Buckets": 1024,
                                                                                                "Hash Batches": 1,
                                                                                                "Original Hash Batches": 1,
                                                                                                "Peak Memory Usage": 200,
                                                                                                "Workers": [],
                                                                                                "Plans": [
                                                                                                    {
                                                                                                        "Node Type": "Seq Scan",
                                                                                                        "Parent Relationship": "Outer",
                                                                                                        "Parallel Aware": true,
                                                                                                        "Async Capable": false,
                                                                                                        "Relation Name": "tag",
                                                                                                        "Alias": "t2",
                                                                                                        "Startup Cost": 0.0,
                                                                                                        "Total Cost": 2573.31,
                                                                                                        "Plan Rows": 2,
                                                                                                        "Plan Width": 8,
                                                                                                        "Actual Startup Time": 0.35,
                                                                                                        "Actual Total Time": 1.708,
                                                                                                        "Actual Rows": 4,
                                                                                                        "Actual Loops": 6,
                                                                                                        "Filter": "((name)::text = 'geometry'::text)",
                                                                                                        "Rows Removed by Filter": 31124,
                                                                                                        "Workers": []
                                                                                                    }
                                                                                                ]
                                                                                            }
                                                                                        ]
                                                                                    },
                                                                                    {
                                                                                        "Node Type": "Hash",
                                                                                        "Parent Relationship": "Inner",
                                                                                        "Parallel Aware": true,
                                                                                        "Async Capable": false,
                                                                                        "Startup Cost": 2817.71,
                                                                                        "Total Cost": 2817.71,
                                                                                        "Plan Rows": 1,
                                                                                        "Plan Width": 32,
                                                                                        "Actual Startup Time": 70.965,
                                                                                        "Actual Total Time": 70.968,
                                                                                        "Actual Rows": 1540,
                                                                                        "Actual Loops": 6,
                                                                                        "Hash Buckets": 16384,
                                                                                        "Original Hash Buckets": 1024,
                                                                                        "Hash Batches": 1,
                                                                                        "Original Hash Batches": 1,
                                                                                        "Peak Memory Usage": 856,
                                                                                        "Workers": [],
                                                                                        "Plans": [
                                                                                            {
                                                                                                "Node Type": "Nested Loop",
                                                                                                "Parent Relationship": "Outer",
                                                                                                "Parallel Aware": false,
                                                                                                "Async Capable": false,
                                                                                                "Join Type": "Inner",
                                                                                                "Startup Cost": 16.11,
                                                                                                "Total Cost": 2817.71,
                                                                                                "Plan Rows": 1,
                                                                                                "Plan Width": 32,
                                                                                                "Actual Startup Time": 2.007,
                                                                                                "Actual Total Time": 13.074,
                                                                                                "Actual Rows": 1540,
                                                                                                "Actual Loops": 6,
                                                                                                "Inner Unique": true,
                                                                                                "Join Filter": "(t1.site_id = u1.site_id)",
                                                                                                "Rows Removed by Join Filter": 0,
                                                                                                "Workers": [],
                                                                                                "Plans": [
                                                                                                    {
                                                                                                        "Node Type": "Nested Loop",
                                                                                                        "Parent Relationship": "Outer",
                                                                                                        "Parallel Aware": false,
                                                                                                        "Async Capable": false,
                                                                                                        "Join Type": "Inner",
                                                                                                        "Startup Cost": 12.08,
                                                                                                        "Total Cost": 2809.65,
                                                                                                        "Plan Rows": 1,
                                                                                                        "Plan Width": 28,
                                                                                                        "Actual Startup Time": 2.006,
                                                                                                        "Actual Total Time": 8.568,
                                                                                                        "Actual Rows": 1540,
                                                                                                        "Actual Loops": 6,
                                                                                                        "Inner Unique": false,
                                                                                                        "Join Filter": "(t1.site_id = a1.site_id)",
                                                                                                        "Rows Removed by Join Filter": 0,
                                                                                                        "Workers": [],
                                                                                                        "Plans": [
                                                                                                            {
                                                                                                                "Node Type": "Nested Loop",
                                                                                                                "Parent Relationship": "Outer",
                                                                                                                "Parallel Aware": false,
                                                                                                                "Async Capable": false,
                                                                                                                "Join Type": "Inner",
                                                                                                                "Startup Cost": 8.06,
                                                                                                                "Total Cost": 2704.99,
                                                                                                                "Plan Rows": 13,
                                                                                                                "Plan Width": 16,
                                                                                                                "Actual Startup Time": 2.004,
                                                                                                                "Actual Total Time": 3.499,
                                                                                                                "Actual Rows": 1715,
                                                                                                                "Actual Loops": 6,
                                                                                                                "Inner Unique": false,
                                                                                                                "Workers": [],
                                                                                                                "Plans": [
                                                                                                                    {
                                                                                                                        "Node Type": "Hash Join",
                                                                                                                        "Parent Relationship": "Outer",
                                                                                                                        "Parallel Aware": false,
                                                                                                                        "Async Capable": false,
                                                                                                                        "Join Type": "Inner",
                                                                                                                        "Startup Cost": 3.18,
                                                                                                                        "Total Cost": 2576.49,
                                                                                                                        "Plan Rows": 1,
                                                                                                                        "Plan Width": 12,
                                                                                                                        "Actual Startup Time": 1.717,
                                                                                                                        "Actual Total Time": 1.719,
                                                                                                                        "Actual Rows": 0,
                                                                                                                        "Actual Loops": 6,
                                                                                                                        "Inner Unique": true,
                                                                                                                        "Hash Cond": "(t1.site_id = s1.site_id)",
                                                                                                                        "Workers": [],
                                                                                                                        "Plans": [
                                                                                                                            {
                                                                                                                                "Node Type": "Seq Scan",
                                                                                                                                "Parent Relationship": "Outer",
                                                                                                                                "Parallel Aware": true,
                                                                                                                                "Async Capable": false,
                                                                                                                                "Relation Name": "tag",
                                                                                                                                "Alias": "t1",
                                                                                                                                "Startup Cost": 0.0,
                                                                                                                                "Total Cost": 2573.31,
                                                                                                                                "Plan Rows": 2,
                                                                                                                                "Plan Width": 8,
                                                                                                                                "Actual Startup Time": 0.753,
                                                                                                                                "Actual Total Time": 1.696,
                                                                                                                                "Actual Rows": 3,
                                                                                                                                "Actual Loops": 6,
                                                                                                                                "Filter": "((name)::text = 'split'::text)",
                                                                                                                                "Rows Removed by Filter": 31126,
                                                                                                                                "Workers": []
                                                                                                                            },
                                                                                                                            {
                                                                                                                                "Node Type": "Hash",
                                                                                                                                "Parent Relationship": "Inner",
                                                                                                                                "Parallel Aware": false,
                                                                                                                                "Async Capable": false,
                                                                                                                                "Startup Cost": 3.16,
                                                                                                                                "Total Cost": 3.16,
                                                                                                                                "Plan Rows": 1,
                                                                                                                                "Plan Width": 4,
                                                                                                                                "Actual Startup Time": 0.019,
                                                                                                                                "Actual Total Time": 0.02,
                                                                                                                                "Actual Rows": 1,
                                                                                                                                "Actual Loops": 5,
                                                                                                                                "Hash Buckets": 1024,
                                                                                                                                "Original Hash Buckets": 1024,
                                                                                                                                "Hash Batches": 1,
                                                                                                                                "Original Hash Batches": 1,
                                                                                                                                "Peak Memory Usage": 9,
                                                                                                                                "Workers": [],
                                                                                                                                "Plans": [
                                                                                                                                    {
                                                                                                                                        "Node Type": "Seq Scan",
                                                                                                                                        "Parent Relationship": "Outer",
                                                                                                                                        "Parallel Aware": false,
                                                                                                                                        "Async Capable": false,
                                                                                                                                        "Relation Name": "site",
                                                                                                                                        "Alias": "s1",
                                                                                                                                        "Startup Cost": 0.0,
                                                                                                                                        "Total Cost": 3.16,
                                                                                                                                        "Plan Rows": 1,
                                                                                                                                        "Plan Width": 4,
                                                                                                                                        "Actual Startup Time": 0.014,
                                                                                                                                        "Actual Total Time": 0.015,
                                                                                                                                        "Actual Rows": 1,
                                                                                                                                        "Actual Loops": 5,
                                                                                                                                        "Filter": "((site_name)::text = 'stackoverflow'::text)",
                                                                                                                                        "Rows Removed by Filter": 172,
                                                                                                                                        "Workers": []
                                                                                                                                    }
                                                                                                                                ]
                                                                                                                            }
                                                                                                                        ]
                                                                                                                    },
                                                                                                                    {
                                                                                                                        "Node Type": "Bitmap Heap Scan",
                                                                                                                        "Parent Relationship": "Inner",
                                                                                                                        "Parallel Aware": false,
                                                                                                                        "Async Capable": false,
                                                                                                                        "Relation Name": "tag_question",
                                                                                                                        "Alias": "tq1",
                                                                                                                        "Startup Cost": 4.88,
                                                                                                                        "Total Cost": 128.19,
                                                                                                                        "Plan Rows": 31,
                                                                                                                        "Plan Width": 12,
                                                                                                                        "Actual Startup Time": 1.712,
                                                                                                                        "Actual Total Time": 9.943,
                                                                                                                        "Actual Rows": 10291,
                                                                                                                        "Actual Loops": 1,
                                                                                                                        "Recheck Cond": "((t1.site_id = site_id) AND (t1.id = tag_id))",
                                                                                                                        "Rows Removed by Index Recheck": 0,
                                                                                                                        "Exact Heap Blocks": 9952,
                                                                                                                        "Lossy Heap Blocks": 0,
                                                                                                                        "Workers": [],
                                                                                                                        "Plans": [
                                                                                                                            {
                                                                                                                                "Node Type": "Bitmap Index Scan",
                                                                                                                                "Parent Relationship": "Outer",
                                                                                                                                "Parallel Aware": false,
                                                                                                                                "Async Capable": false,
                                                                                                                                "Index Name": "tag_question_site_id_tag_id_question_id_idx",
                                                                                                                                "Startup Cost": 0.0,
                                                                                                                                "Total Cost": 4.88,
                                                                                                                                "Plan Rows": 31,
                                                                                                                                "Plan Width": 0,
                                                                                                                                "Actual Startup Time": 0.691,
                                                                                                                                "Actual Total Time": 0.691,
                                                                                                                                "Actual Rows": 10291,
                                                                                                                                "Actual Loops": 1,
                                                                                                                                "Index Cond": "((site_id = t1.site_id) AND (tag_id = t1.id))",
                                                                                                                                "Workers": []
                                                                                                                            }
                                                                                                                        ]
                                                                                                                    }
                                                                                                                ]
                                                                                                            },
                                                                                                            {
                                                                                                                "Node Type": "Bitmap Heap Scan",
                                                                                                                "Parent Relationship": "Inner",
                                                                                                                "Parallel Aware": false,
                                                                                                                "Async Capable": false,
                                                                                                                "Relation Name": "answer",
                                                                                                                "Alias": "a1",
                                                                                                                "Startup Cost": 4.02,
                                                                                                                "Total Cost": 8.04,
                                                                                                                "Plan Rows": 1,
                                                                                                                "Plan Width": 12,
                                                                                                                "Actual Startup Time": 0.002,
                                                                                                                "Actual Total Time": 0.002,
                                                                                                                "Actual Rows": 1,
                                                                                                                "Actual Loops": 10291,
                                                                                                                "Recheck Cond": "((site_id = tq1.site_id) AND (tq1.question_id = question_id))",
                                                                                                                "Rows Removed by Index Recheck": 0,
                                                                                                                "Exact Heap Blocks": 8622,
                                                                                                                "Lossy Heap Blocks": 0,
                                                                                                                "Workers": [],
                                                                                                                "Plans": [
                                                                                                                    {
                                                                                                                        "Node Type": "Bitmap Index Scan",
                                                                                                                        "Parent Relationship": "Outer",
                                                                                                                        "Parallel Aware": false,
                                                                                                                        "Async Capable": false,
                                                                                                                        "Index Name": "answer_site_id_question_id_idx",
                                                                                                                        "Startup Cost": 0.0,
                                                                                                                        "Total Cost": 4.02,
                                                                                                                        "Plan Rows": 1,
                                                                                                                        "Plan Width": 0,
                                                                                                                        "Actual Startup Time": 0.002,
                                                                                                                        "Actual Total Time": 0.002,
                                                                                                                        "Actual Rows": 1,
                                                                                                                        "Actual Loops": 10291,
                                                                                                                        "Index Cond": "((site_id = tq1.site_id) AND (question_id = tq1.question_id))",
                                                                                                                        "Workers": []
                                                                                                                    }
                                                                                                                ]
                                                                                                            }
                                                                                                        ]
                                                                                                    },
                                                                                                    {
                                                                                                        "Node Type": "Bitmap Heap Scan",
                                                                                                        "Parent Relationship": "Inner",
                                                                                                        "Parallel Aware": false,
                                                                                                        "Async Capable": false,
                                                                                                        "Relation Name": "so_user",
                                                                                                        "Alias": "u1",
                                                                                                        "Startup Cost": 4.03,
                                                                                                        "Total Cost": 8.05,
                                                                                                        "Plan Rows": 1,
                                                                                                        "Plan Width": 12,
                                                                                                        "Actual Startup Time": 0.003,
                                                                                                        "Actual Total Time": 0.003,
                                                                                                        "Actual Rows": 1,
                                                                                                        "Actual Loops": 9238,
                                                                                                        "Recheck Cond": "((id = a1.owner_user_id) AND (a1.site_id = site_id))",
                                                                                                        "Rows Removed by Index Recheck": 0,
                                                                                                        "Exact Heap Blocks": 9238,
                                                                                                        "Lossy Heap Blocks": 0,
                                                                                                        "Workers": [],
                                                                                                        "Plans": [
                                                                                                            {
                                                                                                                "Node Type": "Bitmap Index Scan",
                                                                                                                "Parent Relationship": "Outer",
                                                                                                                "Parallel Aware": false,
                                                                                                                "Async Capable": false,
                                                                                                                "Index Name": "so_user_pkey",
                                                                                                                "Startup Cost": 0.0,
                                                                                                                "Total Cost": 4.03,
                                                                                                                "Plan Rows": 1,
                                                                                                                "Plan Width": 0,
                                                                                                                "Actual Startup Time": 0.002,
                                                                                                                "Actual Total Time": 0.002,
                                                                                                                "Actual Rows": 1,
                                                                                                                "Actual Loops": 9238,
                                                                                                                "Index Cond": "((id = a1.owner_user_id) AND (site_id = a1.site_id))",
                                                                                                                "Workers": []
                                                                                                            }
                                                                                                        ]
                                                                                                    }
                                                                                                ]
                                                                                            }
                                                                                        ]
                                                                                    }
                                                                                ]
                                                                            },
                                                                            {
                                                                                "Node Type": "Bitmap Heap Scan",
                                                                                "Parent Relationship": "Inner",
                                                                                "Parallel Aware": false,
                                                                                "Async Capable": false,
                                                                                "Relation Name": "question",
                                                                                "Alias": "q2",
                                                                                "Startup Cost": 4.25,
                                                                                "Total Cost": 116.37,
                                                                                "Plan Rows": 1,
                                                                                "Plan Width": 12,
                                                                                "Actual Startup Time": 0.017,
                                                                                "Actual Total Time": 0.021,
                                                                                "Actual Rows": 1,
                                                                                "Actual Loops": 3390,
                                                                                "Recheck Cond": "(u2.id = owner_user_id)",
                                                                                "Rows Removed by Index Recheck": 0,
                                                                                "Filter": "(site_id = u2.site_id)",
                                                                                "Rows Removed by Filter": 16,
                                                                                "Exact Heap Blocks": 6711,
                                                                                "Lossy Heap Blocks": 0,
                                                                                "Workers": [],
                                                                                "Plans": [
                                                                                    {
                                                                                        "Node Type": "Bitmap Index Scan",
                                                                                        "Parent Relationship": "Outer",
                                                                                        "Parallel Aware": false,
                                                                                        "Async Capable": false,
                                                                                        "Index Name": "question_owner_user_id_idx",
                                                                                        "Startup Cost": 0.0,
                                                                                        "Total Cost": 4.25,
                                                                                        "Plan Rows": 31,
                                                                                        "Plan Width": 0,
                                                                                        "Actual Startup Time": 0.002,
                                                                                        "Actual Total Time": 0.002,
                                                                                        "Actual Rows": 17,
                                                                                        "Actual Loops": 3390,
                                                                                        "Index Cond": "(owner_user_id = u2.id)",
                                                                                        "Workers": []
                                                                                    }
                                                                                ]
                                                                            }
                                                                        ]
                                                                    },
                                                                    {
                                                                        "Node Type": "Bitmap Heap Scan",
                                                                        "Parent Relationship": "Inner",
                                                                        "Parallel Aware": false,
                                                                        "Async Capable": false,
                                                                        "Relation Name": "question",
                                                                        "Alias": "q1",
                                                                        "Startup Cost": 4.03,
                                                                        "Total Cost": 8.04,
                                                                        "Plan Rows": 1,
                                                                        "Plan Width": 8,
                                                                        "Actual Startup Time": 0.003,
                                                                        "Actual Total Time": 0.003,
                                                                        "Actual Rows": 1,
                                                                        "Actual Loops": 3129,
                                                                        "Recheck Cond": "((id = tq1.question_id) AND (site_id = tq1.site_id))",
                                                                        "Rows Removed by Index Recheck": 0,
                                                                        "Exact Heap Blocks": 502,
                                                                        "Lossy Heap Blocks": 0,
                                                                        "Workers": [],
                                                                        "Plans": [
                                                                            {
                                                                                "Node Type": "Bitmap Index Scan",
                                                                                "Parent Relationship": "Outer",
                                                                                "Parallel Aware": false,
                                                                                "Async Capable": false,
                                                                                "Index Name": "question_pkey",
                                                                                "Startup Cost": 0.0,
                                                                                "Total Cost": 4.03,
                                                                                "Plan Rows": 1,
                                                                                "Plan Width": 0,
                                                                                "Actual Startup Time": 0.002,
                                                                                "Actual Total Time": 0.002,
                                                                                "Actual Rows": 1,
                                                                                "Actual Loops": 3129,
                                                                                "Index Cond": "((id = tq1.question_id) AND (site_id = tq1.site_id))",
                                                                                "Workers": []
                                                                            }
                                                                        ]
                                                                    }
                                                                ]
                                                            },
                                                            {
                                                                "Node Type": "Bitmap Heap Scan",
                                                                "Parent Relationship": "Inner",
                                                                "Parallel Aware": false,
                                                                "Async Capable": false,
                                                                "Relation Name": "tag_question",
                                                                "Alias": "tq2",
                                                                "Startup Cost": 4.17,
                                                                "Total Cost": 8.18,
                                                                "Plan Rows": 1,
                                                                "Plan Width": 12,
                                                                "Actual Startup Time": 0.004,
                                                                "Actual Total Time": 0.004,
                                                                "Actual Rows": 2,
                                                                "Actual Loops": 3129,
                                                                "Recheck Cond": "((q2.site_id = site_id) AND (q2.id = question_id))",
                                                                "Rows Removed by Index Recheck": 0,
                                                                "Exact Heap Blocks": 505,
                                                                "Lossy Heap Blocks": 0,
                                                                "Workers": [],
                                                                "Plans": [
                                                                    {
                                                                        "Node Type": "Bitmap Index Scan",
                                                                        "Parent Relationship": "Outer",
                                                                        "Parallel Aware": false,
                                                                        "Async Capable": false,
                                                                        "Index Name": "tag_question_pkey",
                                                                        "Startup Cost": 0.0,
                                                                        "Total Cost": 4.17,
                                                                        "Plan Rows": 1,
                                                                        "Plan Width": 0,
                                                                        "Actual Startup Time": 0.003,
                                                                        "Actual Total Time": 0.003,
                                                                        "Actual Rows": 2,
                                                                        "Actual Loops": 3129,
                                                                        "Index Cond": "((site_id = q2.site_id) AND (question_id = q2.id))",
                                                                        "Workers": []
                                                                    }
                                                                ]
                                                            }
                                                        ]
                                                    },
                                                    {
                                                        "Node Type": "Bitmap Heap Scan",
                                                        "Parent Relationship": "Inner",
                                                        "Parallel Aware": false,
                                                        "Async Capable": false,
                                                        "Relation Name": "account",
                                                        "Alias": "account",
                                                        "Startup Cost": 4.03,
                                                        "Total Cost": 8.04,
                                                        "Plan Rows": 1,
                                                        "Plan Width": 15,
                                                        "Actual Startup Time": 0.005,
                                                        "Actual Total Time": 0.005,
                                                        "Actual Rows": 1,
                                                        "Actual Loops": 170,
                                                        "Recheck Cond": "(id = u1.account_id)",
                                                        "Rows Removed by Index Recheck": 0,
                                                        "Exact Heap Blocks": 26,
                                                        "Lossy Heap Blocks": 0,
                                                        "Workers": [],
                                                        "Plans": [
                                                            {
                                                                "Node Type": "Bitmap Index Scan",
                                                                "Parent Relationship": "Outer",
                                                                "Parallel Aware": false,
                                                                "Async Capable": false,
                                                                "Index Name": "account_pkey",
                                                                "Startup Cost": 0.0,
                                                                "Total Cost": 4.03,
                                                                "Plan Rows": 1,
                                                                "Plan Width": 0,
                                                                "Actual Startup Time": 0.003,
                                                                "Actual Total Time": 0.003,
                                                                "Actual Rows": 1,
                                                                "Actual Loops": 170,
                                                                "Index Cond": "(id = u1.account_id)",
                                                                "Workers": []
                                                            }
                                                        ]
                                                    }
                                                ]
                                            }
                                        ]
                                    }
                                ]
                            }
                        ]
                    },
                    "Planning Time": 49.523,
                    "Triggers": [],
                    "Execution Time": 396.64
                }
            ],
            "hints": [
                "SET enable_hashjoin TO on",
                "SET enable_indexonlyscan TO on",
                "SET enable_indexscan TO off",
                "SET enable_mergejoin TO off",
                "SET enable_nestloop TO on",
                "SET enable_seqscan TO on"
            ]
        },
        {
            "arm": 3,
            "execution_time": 14491.018,
            "plan": [
                {
                    "Plan": {
                        "Node Type": "Aggregate",
                        "Strategy": "Plain",
                        "Partial Mode": "Simple",
                        "Parallel Aware": false,
                        "Async Capable": false,
                        "Startup Cost": 5448093.28,
                        "Total Cost": 5448093.29,
                        "Plan Rows": 1,
                        "Plan Width": 8,
                        "Actual Startup Time": 11765.034,
                        "Actual Total Time": 14490.958,
                        "Actual Rows": 1,
                        "Actual Loops": 1,
                        "Plans": [
                            {
                                "Node Type": "Gather Merge",
                                "Parent Relationship": "Outer",
                                "Parallel Aware": false,
                                "Async Capable": false,
                                "Startup Cost": 5448093.16,
                                "Total Cost": 5448093.28,
                                "Plan Rows": 1,
                                "Plan Width": 11,
                                "Actual Startup Time": 11764.981,
                                "Actual Total Time": 14490.943,
                                "Actual Rows": 170,
                                "Actual Loops": 1,
                                "Workers Planned": 5,
                                "Workers Launched": 5,
                                "Plans": [
                                    {
                                        "Node Type": "Sort",
                                        "Parent Relationship": "Outer",
                                        "Parallel Aware": false,
                                        "Async Capable": false,
                                        "Startup Cost": 5447093.08,
                                        "Total Cost": 5447093.08,
                                        "Plan Rows": 1,
                                        "Plan Width": 11,
                                        "Actual Startup Time": 11761.851,
                                        "Actual Total Time": 11762.034,
                                        "Actual Rows": 28,
                                        "Actual Loops": 6,
                                        "Sort Key": [
                                            "account.display_name"
                                        ],
                                        "Sort Method": "quicksort",
                                        "Sort Space Used": 25,
                                        "Sort Space Type": "Memory",
                                        "Workers": [
                                            {
                                                "Worker Number": 0,
                                                "Sort Method": "quicksort",
                                                "Sort Space Used": 25,
                                                "Sort Space Type": "Memory"
                                            },
                                            {
                                                "Worker Number": 1,
                                                "Sort Method": "quicksort",
                                                "Sort Space Used": 25,
                                                "Sort Space Type": "Memory"
                                            },
                                            {
                                                "Worker Number": 2,
                                                "Sort Method": "quicksort",
                                                "Sort Space Used": 25,
                                                "Sort Space Type": "Memory"
                                            },
                                            {
                                                "Worker Number": 3,
                                                "Sort Method": "quicksort",
                                                "Sort Space Used": 25,
                                                "Sort Space Type": "Memory"
                                            },
                                            {
                                                "Worker Number": 4,
                                                "Sort Method": "quicksort",
                                                "Sort Space Used": 25,
                                                "Sort Space Type": "Memory"
                                            }
                                        ],
                                        "Plans": [
                                            {
                                                "Node Type": "Hash Join",
                                                "Parent Relationship": "Outer",
                                                "Parallel Aware": true,
                                                "Async Capable": false,
                                                "Join Type": "Inner",
                                                "Startup Cost": 5191878.71,
                                                "Total Cost": 5447093.07,
                                                "Plan Rows": 1,
                                                "Plan Width": 11,
                                                "Actual Startup Time": 11444.541,
                                                "Actual Total Time": 11761.949,
                                                "Actual Rows": 28,
                                                "Actual Loops": 6,
                                                "Inner Unique": true,
                                                "Hash Cond": "((s2.site_id = t2.site_id) AND (tq2.tag_id = t2.id))",
                                                "Workers": [],
                                                "Plans": [
                                                    {
                                                        "Node Type": "Hash Join",
                                                        "Parent Relationship": "Outer",
                                                        "Parallel Aware": true,
                                                        "Async Capable": false,
                                                        "Join Type": "Inner",
                                                        "Startup Cost": 5189305.37,
                                                        "Total Cost": 5444519.72,
                                                        "Plan Rows": 1,
                                                        "Plan Width": 31,
                                                        "Actual Startup Time": 11431.486,
                                                        "Actual Total Time": 11760.113,
                                                        "Actual Rows": 1181,
                                                        "Actual Loops": 6,
                                                        "Inner Unique": true,
                                                        "Hash Cond": "((s1.site_id = t1.site_id) AND (tq1.tag_id = t1.id))",
                                                        "Workers": [],
                                                        "Plans": [
                                                            {
                                                                "Node Type": "Hash Join",
                                                                "Parent Relationship": "Outer",
                                                                "Parallel Aware": true,
                                                                "Async Capable": false,
                                                                "Join Type": "Inner",
                                                                "Startup Cost": 5186732.03,
                                                                "Total Cost": 5441946.38,
                                                                "Plan Rows": 1,
                                                                "Plan Width": 55,
                                                                "Actual Startup Time": 11425.981,
                                                                "Actual Total Time": 11714.492,
                                                                "Actual Rows": 1260696,
                                                                "Actual Loops": 6,
                                                                "Inner Unique": false,
                                                                "Hash Cond": "((u1.site_id = s1.site_id) AND (u1.id = a1.owner_user_id))",
                                                                "Workers": [],
                                                                "Plans": [
                                                                    {
                                                                        "Node Type": "Hash Join",
                                                                        "Parent Relationship": "Outer",
                                                                        "Parallel Aware": true,
                                                                        "Async Capable": false,
                                                                        "Join Type": "Inner",
                                                                        "Startup Cost": 2427899.51,
                                                                        "Total Cost": 2683112.99,
                                                                        "Plan Rows": 115,
                                                                        "Plan Width": 39,
                                                                        "Actual Startup Time": 2845.782,
                                                                        "Actual Total Time": 3326.459,
                                                                        "Actual Rows": 2201666,
                                                                        "Actual Loops": 6,
                                                                        "Inner Unique": false,
                                                                        "Hash Cond": "(u1.account_id = u2.account_id)",
                                                                        "Workers": [],
                                                                        "Plans": [
                                                                            {
                                                                                "Node Type": "Seq Scan",
                                                                                "Parent Relationship": "Outer",
                                                                                "Parallel Aware": true,
                                                                                "Async Capable": false,
                                                                                "Relation Name": "so_user",
                                                                                "Alias": "u1",
                                                                                "Startup Cost": 0.0,
                                                                                "Total Cost": 239391.02,
                                                                                "Plan Rows": 4219102,
                                                                                "Plan Width": 12,
                                                                                "Actual Startup Time": 0.007,
                                                                                "Actual Total Time": 158.149,
                                                                                "Actual Rows": 3516217,
                                                                                "Actual Loops": 6,
                                                                                "Workers": []
                                                                            },
                                                                            {
                                                                                "Node Type": "Hash",
                                                                                "Parent Relationship": "Inner",
                                                                                "Parallel Aware": true,
                                                                                "Async Capable": false,
                                                                                "Startup Cost": 2427898.56,
                                                                                "Total Cost": 2427898.56,
                                                                                "Plan Rows": 76,
                                                                                "Plan Width": 39,
                                                                                "Actual Startup Time": 2392.053,
                                                                                "Actual Total Time": 2392.08,
                                                                                "Actual Rows": 241046,
                                                                                "Actual Loops": 6,
                                                                                "Hash Buckets": 262144,
                                                                                "Original Hash Buckets": 1024,
                                                                                "Hash Batches": 16,
                                                                                "Original Hash Batches": 1,
                                                                                "Peak Memory Usage": 8960,
                                                                                "Workers": [],
                                                                                "Plans": [
                                                                                    {
                                                                                        "Node Type": "Hash Join",
                                                                                        "Parent Relationship": "Outer",
                                                                                        "Parallel Aware": true,
                                                                                        "Async Capable": false,
                                                                                        "Join Type": "Inner",
                                                                                        "Startup Cost": 2099413.0,
                                                                                        "Total Cost": 2427898.56,
                                                                                        "Plan Rows": 76,
                                                                                        "Plan Width": 39,
                                                                                        "Actual Startup Time": 2016.15,
                                                                                        "Actual Total Time": 2336.557,
                                                                                        "Actual Rows": 241046,
                                                                                        "Actual Loops": 6,
                                                                                        "Inner Unique": false,
                                                                                        "Hash Cond": "((tq2.site_id = s2.site_id) AND (tq2.question_id = q2.id))",
                                                                                        "Workers": [],
                                                                                        "Plans": [
                                                                                            {
                                                                                                "Node Type": "Seq Scan",
                                                                                                "Parent Relationship": "Outer",
                                                                                                "Parallel Aware": true,
                                                                                                "Async Capable": false,
                                                                                                "Relation Name": "tag_question",
                                                                                                "Alias": "tq2",
                                                                                                "Startup Cost": 0.0,
                                                                                                "Total Cost": 273159.66,
                                                                                                "Plan Rows": 7376766,
                                                                                                "Plan Width": 12,
                                                                                                "Actual Startup Time": 0.012,
                                                                                                "Actual Total Time": 258.171,
                                                                                                "Actual Rows": 6147303,
                                                                                                "Actual Loops": 6,
                                                                                                "Workers": []
                                                                                            },
                                                                                            {
                                                                                                "Node Type": "Hash",
                                                                                                "Parent Relationship": "Inner",
                                                                                                "Parallel Aware": true,
                                                                                                "Async Capable": false,
                                                                                                "Startup Cost": 2099389.19,
                                                                                                "Total Cost": 2099389.19,
                                                                                                "Plan Rows": 1587,
                                                                                                "Plan Width": 35,
                                                                                                "Actual Startup Time": 1597.834,
                                                                                                "Actual Total Time": 1597.86,
                                                                                                "Actual Rows": 103037,
                                                                                                "Actual Loops": 6,
                                                                                                "Hash Buckets": 1048576,
                                                                                                "Original Hash Buckets": 8192,
                                                                                                "Hash Batches": 1,
                                                                                                "Original Hash Batches": 1,
                                                                                                "Peak Memory Usage": 58272,
                                                                                                "Workers": [],
                                                                                                "Plans": [
                                                                                                    {
                                                                                                        "Node Type": "Hash Join",
                                                                                                        "Parent Relationship": "Outer",
                                                                                                        "Parallel Aware": true,
                                                                                                        "Async Capable": false,
                                                                                                        "Join Type": "Inner",
                                                                                                        "Startup Cost": 1946932.13,
                                                                                                        "Total Cost": 2099389.19,
                                                                                                        "Plan Rows": 1587,
                                                                                                        "Plan Width": 35,
                                                                                                        "Actual Startup Time": 1172.262,
                                                                                                        "Actual Total Time": 1570.828,
                                                                                                        "Actual Rows": 103037,
                                                                                                        "Actual Loops": 6,
                                                                                                        "Inner Unique": false,
                                                                                                        "Hash Cond": "(account.id = u2.account_id)",
                                                                                                        "Workers": [],
                                                                                                        "Plans": [
                                                                                                            {
                                                                                                                "Node Type": "Seq Scan",
                                                                                                                "Parent Relationship": "Outer",
                                                                                                                "Parallel Aware": true,
                                                                                                                "Async Capable": false,
                                                                                                                "Relation Name": "account",
                                                                                                                "Alias": "account",
                                                                                                                "Startup Cost": 0.0,
                                                                                                                "Total Cost": 142069.67,
                                                                                                                "Plan Rows": 2769367,
                                                                                                                "Plan Width": 15,
                                                                                                                "Actual Startup Time": 0.021,
                                                                                                                "Actual Total Time": 119.943,
                                                                                                                "Actual Rows": 2312026,
                                                                                                                "Actual Loops": 6,
                                                                                                                "Workers": []
                                                                                                            },
                                                                                                            {
                                                                                                                "Node Type": "Hash",
                                                                                                                "Parent Relationship": "Inner",
                                                                                                                "Parallel Aware": true,
                                                                                                                "Async Capable": false,
                                                                                                                "Startup Cost": 1946917.95,
                                                                                                                "Total Cost": 1946917.95,
                                                                                                                "Plan Rows": 1134,
                                                                                                                "Plan Width": 20,
                                                                                                                "Actual Startup Time": 1172.101,
                                                                                                                "Actual Total Time": 1172.126,
                                                                                                                "Actual Rows": 103037,
                                                                                                                "Actual Loops": 6,
                                                                                                                "Hash Buckets": 1048576,
                                                                                                                "Original Hash Buckets": 8192,
                                                                                                                "Hash Batches": 1,
                                                                                                                "Original Hash Batches": 1,
                                                                                                                "Peak Memory Usage": 50304,
                                                                                                                "Workers": [],
                                                                                                                "Plans": [
                                                                                                                    {
                                                                                                                        "Node Type": "Hash Join",
                                                                                                                        "Parent Relationship": "Outer",
                                                                                                                        "Parallel Aware": true,
                                                                                                                        "Async Capable": false,
                                                                                                                        "Join Type": "Inner",
                                                                                                                        "Startup Cost": 251106.47,
                                                                                                                        "Total Cost": 1946917.95,
                                                                                                                        "Plan Rows": 1134,
                                                                                                                        "Plan Width": 20,
                                                                                                                        "Actual Startup Time": 461.828,
                                                                                                                        "Actual Total Time": 1154.992,
                                                                                                                        "Actual Rows": 103037,
                                                                                                                        "Actual Loops": 6,
                                                                                                                        "Inner Unique": false,
                                                                                                                        "Hash Cond": "((q2.site_id = s2.site_id) AND (q2.owner_user_id = u2.id))",
                                                                                                                        "Workers": [],
                                                                                                                        "Plans": [
                                                                                                                            {
                                                                                                                                "Node Type": "Seq Scan",
                                                                                                                                "Parent Relationship": "Outer",
                                                                                                                                "Parallel Aware": true,
                                                                                                                                "Async Capable": false,
                                                                                                                                "Relation Name": "question",
                                                                                                                                "Alias": "q2",
                                                                                                                                "Startup Cost": 0.0,
                                                                                                                                "Total Cost": 1682252.12,
                                                                                                                                "Plan Rows": 1807612,
                                                                                                                                "Plan Width": 12,
                                                                                                                                "Actual Startup Time": 0.008,
                                                                                                                                "Actual Total Time": 503.371,
                                                                                                                                "Actual Rows": 2111074,
                                                                                                                                "Actual Loops": 6,
                                                                                                                                "Workers": []
                                                                                                                            },
                                                                                                                            {
                                                                                                                                "Node Type": "Hash",
                                                                                                                                "Parent Relationship": "Inner",
                                                                                                                                "Parallel Aware": true,
                                                                                                                                "Async Capable": false,
                                                                                                                                "Startup Cost": 250740.65,
                                                                                                                                "Total Cost": 250740.65,
                                                                                                                                "Plan Rows": 24388,
                                                                                                                                "Plan Width": 16,
                                                                                                                                "Actual Startup Time": 292.908,
                                                                                                                                "Actual Total Time": 292.909,
                                                                                                                                "Actual Rows": 95278,
                                                                                                                                "Actual Loops": 6,
                                                                                                                                "Hash Buckets": 1048576,
                                                                                                                                "Original Hash Buckets": 131072,
                                                                                                                                "Hash Batches": 1,
                                                                                                                                "Original Hash Batches": 1,
                                                                                                                                "Peak Memory Usage": 42272,
                                                                                                                                "Workers": [],
                                                                                                                                "Plans": [
                                                                                                                                    {
                                                                                                                                        "Node Type": "Hash Join",
                                                                                                                                        "Parent Relationship": "Outer",
                                                                                                                                        "Parallel Aware": false,
                                                                                                                                        "Async Capable": false,
                                                                                                                                        "Join Type": "Inner",
                                                                                                                                        "Startup Cost": 3.18,
                                                                                                                                        "Total Cost": 250740.65,
                                                                                                                                        "Plan Rows": 24388,
                                                                                                                                        "Plan Width": 16,
                                                                                                                                        "Actual Startup Time": 66.045,
                                                                                                                                        "Actual Total Time": 278.815,
                                                                                                                                        "Actual Rows": 95278,
                                                                                                                                        "Actual Loops": 6,
                                                                                                                                        "Inner Unique": true,
                                                                                                                                        "Hash Cond": "(u2.site_id = s2.site_id)",
                                                                                                                                        "Workers": [],
                                                                                                                                        "Plans": [
                                                                                                                                            {
                                                                                                                                                "Node Type": "Seq Scan",
                                                                                                                                                "Parent Relationship": "Outer",
                                                                                                                                                "Parallel Aware": true,
                                                                                                                                                "Async Capable": false,
                                                                                                                                                "Relation Name": "so_user",
                                                                                                                                                "Alias": "u2",
                                                                                                                                                "Startup Cost": 0.0,
                                                                                                                                                "Total Cost": 239391.02,
                                                                                                                                                "Plan Rows": 4219102,
                                                                                                                                                "Plan Width": 12,
                                                                                                                                                "Actual Startup Time": 0.018,
                                                                                                                                                "Actual Total Time": 153.655,
                                                                                                                                                "Actual Rows": 3516217,
                                                                                                                                                "Actual Loops": 6,
                                                                                                                                                "Workers": []
                                                                                                                                            },
                                                                                                                                            {
                                                                                                                                                "Node Type": "Hash",
                                                                                                                                                "Parent Relationship": "Inner",
                                                                                                                                                "Parallel Aware": false,
                                                                                                                                                "Async Capable": false,
                                                                                                                                                "Startup Cost": 3.16,
                                                                                                                                                "Total Cost": 3.16,
                                                                                                                                                "Plan Rows": 1,
                                                                                                                                                "Plan Width": 4,
                                                                                                                                                "Actual Startup Time": 0.013,
                                                                                                                                                "Actual Total Time": 0.013,
                                                                                                                                                "Actual Rows": 1,
                                                                                                                                                "Actual Loops": 6,
                                                                                                                                                "Hash Buckets": 1024,
                                                                                                                                                "Original Hash Buckets": 1024,
                                                                                                                                                "Hash Batches": 1,
                                                                                                                                                "Original Hash Batches": 1,
                                                                                                                                                "Peak Memory Usage": 9,
                                                                                                                                                "Workers": [],
                                                                                                                                                "Plans": [
                                                                                                                                                    {
                                                                                                                                                        "Node Type": "Seq Scan",
                                                                                                                                                        "Parent Relationship": "Outer",
                                                                                                                                                        "Parallel Aware": false,
                                                                                                                                                        "Async Capable": false,
                                                                                                                                                        "Relation Name": "site",
                                                                                                                                                        "Alias": "s2",
                                                                                                                                                        "Startup Cost": 0.0,
                                                                                                                                                        "Total Cost": 3.16,
                                                                                                                                                        "Plan Rows": 1,
                                                                                                                                                        "Plan Width": 4,
                                                                                                                                                        "Actual Startup Time": 0.009,
                                                                                                                                                        "Actual Total Time": 0.012,
                                                                                                                                                        "Actual Rows": 1,
                                                                                                                                                        "Actual Loops": 6,
                                                                                                                                                        "Filter": "((site_name)::text = 'math'::text)",
                                                                                                                                                        "Rows Removed by Filter": 172,
                                                                                                                                                        "Workers": []
                                                                                                                                                    }
                                                                                                                                                ]
                                                                                                                                            }
                                                                                                                                        ]
                                                                                                                                    }
                                                                                                                                ]
                                                                                                                            }
                                                                                                                        ]
                                                                                                                    }
                                                                                                                ]
                                                                                                            }
                                                                                                        ]
                                                                                                    }
                                                                                                ]
                                                                                            }
                                                                                        ]
                                                                                    }
                                                                                ]
                                                                            }
                                                                        ]
                                                                    },
                                                                    {
                                                                        "Node Type": "Hash",
                                                                        "Parent Relationship": "Inner",
                                                                        "Parallel Aware": true,
                                                                        "Async Capable": false,
                                                                        "Startup Cost": 2758832.37,
                                                                        "Total Cost": 2758832.37,
                                                                        "Plan Rows": 10,
                                                                        "Plan Width": 24,
                                                                        "Actual Startup Time": 7776.104,
                                                                        "Actual Total Time": 7776.193,
                                                                        "Actual Rows": 2205166,
                                                                        "Actual Loops": 6,
                                                                        "Hash Buckets": 262144,
                                                                        "Original Hash Buckets": 1024,
                                                                        "Hash Batches": 64,
                                                                        "Original Hash Batches": 1,
                                                                        "Peak Memory Usage": 16512,
                                                                        "Workers": [],
                                                                        "Plans": [
                                                                            {
                                                                                "Node Type": "Hash Join",
                                                                                "Parent Relationship": "Outer",
                                                                                "Parallel Aware": true,
                                                                                "Async Capable": false,
                                                                                "Join Type": "Inner",
                                                                                "Startup Cost": 1989458.5,
                                                                                "Total Cost": 2758832.37,
                                                                                "Plan Rows": 10,
                                                                                "Plan Width": 24,
                                                                                "Actual Startup Time": 6659.209,
                                                                                "Actual Total Time": 7377.509,
                                                                                "Actual Rows": 2205166,
                                                                                "Actual Loops": 6,
                                                                                "Inner Unique": false,
                                                                                "Hash Cond": "((a1.site_id = s1.site_id) AND (a1.question_id = tq1.question_id))",
                                                                                "Workers": [],
                                                                                "Plans": [
                                                                                    {
                                                                                        "Node Type": "Seq Scan",
                                                                                        "Parent Relationship": "Outer",
                                                                                        "Parallel Aware": true,
                                                                                        "Async Capable": false,
                                                                                        "Relation Name": "answer",
                                                                                        "Alias": "a1",
                                                                                        "Startup Cost": 0.0,
                                                                                        "Total Cost": 762572.49,
                                                                                        "Plan Rows": 906849,
                                                                                        "Plan Width": 12,
                                                                                        "Actual Startup Time": 0.022,
                                                                                        "Actual Total Time": 293.828,
                                                                                        "Actual Rows": 1057926,
                                                                                        "Actual Loops": 6,
                                                                                        "Workers": []
                                                                                    },
                                                                                    {
                                                                                        "Node Type": "Hash",
                                                                                        "Parent Relationship": "Inner",
                                                                                        "Parallel Aware": true,
                                                                                        "Async Capable": false,
                                                                                        "Startup Cost": 1989451.03,
                                                                                        "Total Cost": 1989451.03,
                                                                                        "Plan Rows": 498,
                                                                                        "Plan Width": 24,
                                                                                        "Actual Startup Time": 5661.671,
                                                                                        "Actual Total Time": 5661.676,
                                                                                        "Actual Rows": 4636805,
                                                                                        "Actual Loops": 6,
                                                                                        "Hash Buckets": 262144,
                                                                                        "Original Hash Buckets": 4096,
                                                                                        "Hash Batches": 128,
                                                                                        "Original Hash Batches": 1,
                                                                                        "Peak Memory Usage": 14080,
                                                                                        "Workers": [],
                                                                                        "Plans": [
                                                                                            {
                                                                                                "Node Type": "Hash Join",
                                                                                                "Parent Relationship": "Outer",
                                                                                                "Parallel Aware": true,
                                                                                                "Async Capable": false,
                                                                                                "Join Type": "Inner",
                                                                                                "Startup Cost": 293640.82,
                                                                                                "Total Cost": 1989451.03,
                                                                                                "Plan Rows": 498,
                                                                                                "Plan Width": 24,
                                                                                                "Actual Startup Time": 3633.176,
                                                                                                "Actual Total Time": 4875.215,
                                                                                                "Actual Rows": 4636805,
                                                                                                "Actual Loops": 6,
                                                                                                "Inner Unique": false,
                                                                                                "Hash Cond": "((q1.site_id = s1.site_id) AND (q1.id = tq1.question_id))",
                                                                                                "Workers": [],
                                                                                                "Plans": [
                                                                                                    {
                                                                                                        "Node Type": "Seq Scan",
                                                                                                        "Parent Relationship": "Outer",
                                                                                                        "Parallel Aware": true,
                                                                                                        "Async Capable": false,
                                                                                                        "Relation Name": "question",
                                                                                                        "Alias": "q1",
                                                                                                        "Startup Cost": 0.0,
                                                                                                        "Total Cost": 1682252.12,
                                                                                                        "Plan Rows": 1807612,
                                                                                                        "Plan Width": 8,
                                                                                                        "Actual Startup Time": 0.028,
                                                                                                        "Actual Total Time": 628.129,
                                                                                                        "Actual Rows": 2111074,
                                                                                                        "Actual Loops": 6,
                                                                                                        "Workers": []
                                                                                                    },
                                                                                                    {
                                                                                                        "Node Type": "Hash",
                                                                                                        "Parent Relationship": "Inner",
                                                                                                        "Parallel Aware": true,
                                                                                                        "Async Capable": false,
                                                                                                        "Startup Cost": 293001.22,
                                                                                                        "Total Cost": 293001.22,
                                                                                                        "Plan Rows": 42640,
                                                                                                        "Plan Width": 16,
                                                                                                        "Actual Startup Time": 1474.644,
                                                                                                        "Actual Total Time": 1474.646,
                                                                                                        "Actual Rows": 4636805,
                                                                                                        "Actual Loops": 6,
                                                                                                        "Hash Buckets": 262144,
                                                                                                        "Original Hash Buckets": 262144,
                                                                                                        "Hash Batches": 128,
                                                                                                        "Original Hash Batches": 1,
                                                                                                        "Peak Memory Usage": 12352,
                                                                                                        "Workers": [],
                                                                                                        "Plans": [
                                                                                                            {
                                                                                                                "Node Type": "Hash Join",
                                                                                                                "Parent Relationship": "Outer",
                                                                                                                "Parallel Aware": false,
                                                                                                                "Async Capable": false,
                                                                                                                "Join Type": "Inner",
                                                                                                                "Startup Cost": 3.18,
                                                                                                                "Total Cost": 293001.22,
                                                                                                                "Plan Rows": 42640,
                                                                                                                "Plan Width": 16,
                                                                                                                "Actual Startup Time": 0.044,
                                                                                                                "Actual Total Time": 684.383,
                                                                                                                "Actual Rows": 4636805,
                                                                                                                "Actual Loops": 6,
                                                                                                                "Inner Unique": true,
                                                                                                                "Hash Cond": "(tq1.site_id = s1.site_id)",
                                                                                                                "Workers": [],
                                                                                                                "Plans": [
                                                                                                                    {
                                                                                                                        "Node Type": "Seq Scan",
                                                                                                                        "Parent Relationship": "Outer",
                                                                                                                        "Parallel Aware": true,
                                                                                                                        "Async Capable": false,
                                                                                                                        "Relation Name": "tag_question",
                                                                                                                        "Alias": "tq1",
                                                                                                                        "Startup Cost": 0.0,
                                                                                                                        "Total Cost": 273159.66,
                                                                                                                        "Plan Rows": 7376766,
                                                                                                                        "Plan Width": 12,
                                                                                                                        "Actual Startup Time": 0.018,
                                                                                                                        "Actual Total Time": 260.996,
                                                                                                                        "Actual Rows": 6147303,
                                                                                                                        "Actual Loops": 6,
                                                                                                                        "Workers": []
                                                                                                                    },
                                                                                                                    {
                                                                                                                        "Node Type": "Hash",
                                                                                                                        "Parent Relationship": "Inner",
                                                                                                                        "Parallel Aware": false,
                                                                                                                        "Async Capable": false,
                                                                                                                        "Startup Cost": 3.16,
                                                                                                                        "Total Cost": 3.16,
                                                                                                                        "Plan Rows": 1,
                                                                                                                        "Plan Width": 4,
                                                                                                                        "Actual Startup Time": 0.017,
                                                                                                                        "Actual Total Time": 0.017,
                                                                                                                        "Actual Rows": 1,
                                                                                                                        "Actual Loops": 6,
                                                                                                                        "Hash Buckets": 1024,
                                                                                                                        "Original Hash Buckets": 1024,
                                                                                                                        "Hash Batches": 1,
                                                                                                                        "Original Hash Batches": 1,
                                                                                                                        "Peak Memory Usage": 9,
                                                                                                                        "Workers": [],
                                                                                                                        "Plans": [
                                                                                                                            {
                                                                                                                                "Node Type": "Seq Scan",
                                                                                                                                "Parent Relationship": "Outer",
                                                                                                                                "Parallel Aware": false,
                                                                                                                                "Async Capable": false,
                                                                                                                                "Relation Name": "site",
                                                                                                                                "Alias": "s1",
                                                                                                                                "Startup Cost": 0.0,
                                                                                                                                "Total Cost": 3.16,
                                                                                                                                "Plan Rows": 1,
                                                                                                                                "Plan Width": 4,
                                                                                                                                "Actual Startup Time": 0.012,
                                                                                                                                "Actual Total Time": 0.013,
                                                                                                                                "Actual Rows": 1,
                                                                                                                                "Actual Loops": 6,
                                                                                                                                "Filter": "((site_name)::text = 'stackoverflow'::text)",
                                                                                                                                "Rows Removed by Filter": 172,
                                                                                                                                "Workers": []
                                                                                                                            }
                                                                                                                        ]
                                                                                                                    }
                                                                                                                ]
                                                                                                            }
                                                                                                        ]
                                                                                                    }
                                                                                                ]
                                                                                            }
                                                                                        ]
                                                                                    }
                                                                                ]
                                                                            }
                                                                        ]
                                                                    }
                                                                ]
                                                            },
                                                            {
                                                                "Node Type": "Hash",
                                                                "Parent Relationship": "Inner",
                                                                "Parallel Aware": true,
                                                                "Async Capable": false,
                                                                "Startup Cost": 2573.31,
                                                                "Total Cost": 2573.31,
                                                                "Plan Rows": 2,
                                                                "Plan Width": 8,
                                                                "Actual Startup Time": 1.511,
                                                                "Actual Total Time": 1.511,
                                                                "Actual Rows": 3,
                                                                "Actual Loops": 6,
                                                                "Hash Buckets": 1024,
                                                                "Original Hash Buckets": 1024,
                                                                "Hash Batches": 1,
                                                                "Original Hash Batches": 1,
                                                                "Peak Memory Usage": 200,
                                                                "Workers": [],
                                                                "Plans": [
                                                                    {
                                                                        "Node Type": "Seq Scan",
                                                                        "Parent Relationship": "Outer",
                                                                        "Parallel Aware": true,
                                                                        "Async Capable": false,
                                                                        "Relation Name": "tag",
                                                                        "Alias": "t1",
                                                                        "Startup Cost": 0.0,
                                                                        "Total Cost": 2573.31,
                                                                        "Plan Rows": 2,
                                                                        "Plan Width": 8,
                                                                        "Actual Startup Time": 0.429,
                                                                        "Actual Total Time": 1.484,
                                                                        "Actual Rows": 3,
                                                                        "Actual Loops": 6,
                                                                        "Filter": "((name)::text = 'split'::text)",
                                                                        "Rows Removed by Filter": 31126,
                                                                        "Workers": []
                                                                    }
                                                                ]
                                                            }
                                                        ]
                                                    },
                                                    {
                                                        "Node Type": "Hash",
                                                        "Parent Relationship": "Inner",
                                                        "Parallel Aware": true,
                                                        "Async Capable": false,
                                                        "Startup Cost": 2573.31,
                                                        "Total Cost": 2573.31,
                                                        "Plan Rows": 2,
                                                        "Plan Width": 8,
                                                        "Actual Startup Time": 1.624,
                                                        "Actual Total Time": 1.625,
                                                        "Actual Rows": 4,
                                                        "Actual Loops": 6,
                                                        "Hash Buckets": 1024,
                                                        "Original Hash Buckets": 1024,
                                                        "Hash Batches": 1,
                                                        "Original Hash Batches": 1,
                                                        "Peak Memory Usage": 168,
                                                        "Workers": [],
                                                        "Plans": [
                                                            {
                                                                "Node Type": "Seq Scan",
                                                                "Parent Relationship": "Outer",
                                                                "Parallel Aware": true,
                                                                "Async Capable": false,
                                                                "Relation Name": "tag",
                                                                "Alias": "t2",
                                                                "Startup Cost": 0.0,
                                                                "Total Cost": 2573.31,
                                                                "Plan Rows": 2,
                                                                "Plan Width": 8,
                                                                "Actual Startup Time": 0.301,
                                                                "Actual Total Time": 1.601,
                                                                "Actual Rows": 4,
                                                                "Actual Loops": 6,
                                                                "Filter": "((name)::text = 'geometry'::text)",
                                                                "Rows Removed by Filter": 31124,
                                                                "Workers": []
                                                            }
                                                        ]
                                                    }
                                                ]
                                            }
                                        ]
                                    }
                                ]
                            }
                        ]
                    },
                    "Planning Time": 53.545,
                    "Triggers": [],
                    "Execution Time": 14491.018
                }
            ],
            "hints": [
                "SET enable_hashjoin TO on",
                "SET enable_indexonlyscan TO on",
                "SET enable_indexscan TO off",
                "SET enable_mergejoin TO off",
                "SET enable_nestloop TO off",
                "SET enable_seqscan TO on"
            ]
        },
        {
            "arm": 4,
            "execution_time": 1107.825,
            "plan": [
                {
                    "Plan": {
                        "Node Type": "Aggregate",
                        "Strategy": "Plain",
                        "Partial Mode": "Simple",
                        "Parallel Aware": false,
                        "Async Capable": false,
                        "Startup Cost": 7865.89,
                        "Total Cost": 7865.9,
                        "Plan Rows": 1,
                        "Plan Width": 8,
                        "Actual Startup Time": 1095.291,
                        "Actual Total Time": 1107.776,
                        "Actual Rows": 1,
                        "Actual Loops": 1,
                        "Plans": [
                            {
                                "Node Type": "Sort",
                                "Parent Relationship": "Outer",
                                "Parallel Aware": false,
                                "Async Capable": false,
                                "Startup Cost": 7865.88,
                                "Total Cost": 7865.89,
                                "Plan Rows": 1,
                                "Plan Width": 11,
                                "Actual Startup Time": 1095.27,
                                "Actual Total Time": 1107.759,
                                "Actual Rows": 170,
                                "Actual Loops": 1,
                                "Sort Key": [
                                    "account.display_name"
                                ],
                                "Sort Method": "quicksort",
                                "Sort Space Used": 28,
                                "Sort Space Type": "Memory",
                                "Plans": [
                                    {
                                        "Node Type": "Nested Loop",
                                        "Parent Relationship": "Outer",
                                        "Parallel Aware": false,
                                        "Async Capable": false,
                                        "Join Type": "Inner",
                                        "Startup Cost": 5138.87,
                                        "Total Cost": 7865.87,
                                        "Plan Rows": 1,
                                        "Plan Width": 11,
                                        "Actual Startup Time": 1094.525,
                                        "Actual Total Time": 1107.679,
                                        "Actual Rows": 170,
                                        "Actual Loops": 1,
                                        "Inner Unique": true,
                                        "Plans": [
                                            {
                                                "Node Type": "Gather",
                                                "Parent Relationship": "Outer",
                                                "Parallel Aware": false,
                                                "Async Capable": false,
                                                "Startup Cost": 5138.43,
                                                "Total Cost": 7858.25,
                                                "Plan Rows": 1,
                                                "Plan Width": 8,
                                                "Actual Startup Time": 1094.508,
                                                "Actual Total Time": 1107.007,
                                                "Actual Rows": 170,
                                                "Actual Loops": 1,
                                                "Workers Planned": 1,
                                                "Workers Launched": 1,
                                                "Single Copy": false,
                                                "Plans": [
                                                    {
                                                        "Node Type": "Hash Join",
                                                        "Parent Relationship": "Outer",
                                                        "Parallel Aware": true,
                                                        "Async Capable": false,
                                                        "Join Type": "Inner",
                                                        "Startup Cost": 4138.43,
                                                        "Total Cost": 6858.15,
                                                        "Plan Rows": 1,
                                                        "Plan Width": 8,
                                                        "Actual Startup Time": 108.654,
                                                        "Actual Total Time": 606.592,
                                                        "Actual Rows": 85,
                                                        "Actual Loops": 2,
                                                        "Inner Unique": false,
                                                        "Hash Cond": "(u2.account_id = u1.account_id)",
                                                        "Workers": [],
                                                        "Plans": [
                                                            {
                                                                "Node Type": "Nested Loop",
                                                                "Parent Relationship": "Outer",
                                                                "Parallel Aware": false,
                                                                "Async Capable": false,
                                                                "Join Type": "Inner",
                                                                "Startup Cost": 4.61,
                                                                "Total Cost": 2724.32,
                                                                "Plan Rows": 1,
                                                                "Plan Width": 4,
                                                                "Actual Startup Time": 17.831,
                                                                "Actual Total Time": 513.437,
                                                                "Actual Rows": 9616,
                                                                "Actual Loops": 2,
                                                                "Inner Unique": true,
                                                                "Join Filter": "(t2.site_id = u2.site_id)",
                                                                "Rows Removed by Join Filter": 0,
                                                                "Workers": [],
                                                                "Plans": [
                                                                    {
                                                                        "Node Type": "Nested Loop",
                                                                        "Parent Relationship": "Outer",
                                                                        "Parallel Aware": false,
                                                                        "Async Capable": false,
                                                                        "Join Type": "Inner",
                                                                        "Startup Cost": 4.17,
                                                                        "Total Cost": 2716.68,
                                                                        "Plan Rows": 1,
                                                                        "Plan Width": 20,
                                                                        "Actual Startup Time": 17.763,
                                                                        "Actual Total Time": 128.701,
                                                                        "Actual Rows": 9616,
                                                                        "Actual Loops": 2,
                                                                        "Inner Unique": true,
                                                                        "Join Filter": "(t2.site_id = q2.site_id)",
                                                                        "Rows Removed by Join Filter": 0,
                                                                        "Workers": [],
                                                                        "Plans": [
                                                                            {
                                                                                "Node Type": "Hash Join",
                                                                                "Parent Relationship": "Outer",
                                                                                "Parallel Aware": false,
                                                                                "Async Capable": false,
                                                                                "Join Type": "Inner",
                                                                                "Startup Cost": 3.74,
                                                                                "Total Cost": 2701.41,
                                                                                "Plan Rows": 2,
                                                                                "Plan Width": 16,
                                                                                "Actual Startup Time": 17.755,
                                                                                "Actual Total Time": 44.495,
                                                                                "Actual Rows": 9616,
                                                                                "Actual Loops": 2,
                                                                                "Inner Unique": true,
                                                                                "Hash Cond": "(t2.site_id = s2.site_id)",
                                                                                "Workers": [],
                                                                                "Plans": [
                                                                                    {
                                                                                        "Node Type": "Nested Loop",
                                                                                        "Parent Relationship": "Outer",
                                                                                        "Parallel Aware": false,
                                                                                        "Async Capable": false,
                                                                                        "Join Type": "Inner",
                                                                                        "Startup Cost": 0.56,
                                                                                        "Total Cost": 2697.3,
                                                                                        "Plan Rows": 348,
                                                                                        "Plan Width": 12,
                                                                                        "Actual Startup Time": 0.697,
                                                                                        "Actual Total Time": 41.864,
                                                                                        "Actual Rows": 14432,
                                                                                        "Actual Loops": 2,
                                                                                        "Inner Unique": false,
                                                                                        "Workers": [],
                                                                                        "Plans": [
                                                                                            {
                                                                                                "Node Type": "Seq Scan",
                                                                                                "Parent Relationship": "Outer",
                                                                                                "Parallel Aware": true,
                                                                                                "Async Capable": false,
                                                                                                "Relation Name": "tag",
                                                                                                "Alias": "t2",
                                                                                                "Startup Cost": 0.0,
                                                                                                "Total Cost": 2573.31,
                                                                                                "Plan Rows": 2,
                                                                                                "Plan Width": 8,
                                                                                                "Actual Startup Time": 0.358,
                                                                                                "Actual Total Time": 4.996,
                                                                                                "Actual Rows": 12,
                                                                                                "Actual Loops": 2,
                                                                                                "Filter": "((name)::text = 'geometry'::text)",
                                                                                                "Rows Removed by Filter": 93372,
                                                                                                "Workers": []
                                                                                            },
                                                                                            {
                                                                                                "Node Type": "Index Only Scan",
                                                                                                "Parent Relationship": "Inner",
                                                                                                "Parallel Aware": false,
                                                                                                "Async Capable": false,
                                                                                                "Scan Direction": "Forward",
                                                                                                "Index Name": "tag_question_site_id_tag_id_question_id_idx",
                                                                                                "Relation Name": "tag_question",
                                                                                                "Alias": "tq2",
                                                                                                "Startup Cost": 0.56,
                                                                                                "Total Cost": 61.69,
                                                                                                "Plan Rows": 31,
                                                                                                "Plan Width": 12,
                                                                                                "Actual Startup Time": 0.226,
                                                                                                "Actual Total Time": 2.815,
                                                                                                "Actual Rows": 1155,
                                                                                                "Actual Loops": 25,
                                                                                                "Index Cond": "((site_id = t2.site_id) AND (tag_id = t2.id))",
                                                                                                "Rows Removed by Index Recheck": 0,
                                                                                                "Heap Fetches": 28863,
                                                                                                "Workers": []
                                                                                            }
                                                                                        ]
                                                                                    },
                                                                                    {
                                                                                        "Node Type": "Hash",
                                                                                        "Parent Relationship": "Inner",
                                                                                        "Parallel Aware": false,
                                                                                        "Async Capable": false,
                                                                                        "Startup Cost": 3.16,
                                                                                        "Total Cost": 3.16,
                                                                                        "Plan Rows": 1,
                                                                                        "Plan Width": 4,
                                                                                        "Actual Startup Time": 0.013,
                                                                                        "Actual Total Time": 0.014,
                                                                                        "Actual Rows": 1,
                                                                                        "Actual Loops": 2,
                                                                                        "Hash Buckets": 1024,
                                                                                        "Original Hash Buckets": 1024,
                                                                                        "Hash Batches": 1,
                                                                                        "Original Hash Batches": 1,
                                                                                        "Peak Memory Usage": 9,
                                                                                        "Workers": [],
                                                                                        "Plans": [
                                                                                            {
                                                                                                "Node Type": "Seq Scan",
                                                                                                "Parent Relationship": "Outer",
                                                                                                "Parallel Aware": false,
                                                                                                "Async Capable": false,
                                                                                                "Relation Name": "site",
                                                                                                "Alias": "s2",
                                                                                                "Startup Cost": 0.0,
                                                                                                "Total Cost": 3.16,
                                                                                                "Plan Rows": 1,
                                                                                                "Plan Width": 4,
                                                                                                "Actual Startup Time": 0.009,
                                                                                                "Actual Total Time": 0.011,
                                                                                                "Actual Rows": 1,
                                                                                                "Actual Loops": 2,
                                                                                                "Filter": "((site_name)::text = 'math'::text)",
                                                                                                "Rows Removed by Filter": 172,
                                                                                                "Workers": []
                                                                                            }
                                                                                        ]
                                                                                    }
                                                                                ]
                                                                            },
                                                                            {
                                                                                "Node Type": "Index Scan",
                                                                                "Parent Relationship": "Inner",
                                                                                "Parallel Aware": false,
                                                                                "Async Capable": false,
                                                                                "Scan Direction": "Forward",
                                                                                "Index Name": "question_pkey",
                                                                                "Relation Name": "question",
                                                                                "Alias": "q2",
                                                                                "Startup Cost": 0.43,
                                                                                "Total Cost": 7.62,
                                                                                "Plan Rows": 1,
                                                                                "Plan Width": 12,
                                                                                "Actual Startup Time": 0.008,
                                                                                "Actual Total Time": 0.008,
                                                                                "Actual Rows": 1,
                                                                                "Actual Loops": 19231,
                                                                                "Index Cond": "((id = tq2.question_id) AND (site_id = tq2.site_id))",
                                                                                "Rows Removed by Index Recheck": 0,
                                                                                "Workers": []
                                                                            }
                                                                        ]
                                                                    },
                                                                    {
                                                                        "Node Type": "Index Scan",
                                                                        "Parent Relationship": "Inner",
                                                                        "Parallel Aware": false,
                                                                        "Async Capable": false,
                                                                        "Scan Direction": "Forward",
                                                                        "Index Name": "so_user_pkey",
                                                                        "Relation Name": "so_user",
                                                                        "Alias": "u2",
                                                                        "Startup Cost": 0.44,
                                                                        "Total Cost": 7.63,
                                                                        "Plan Rows": 1,
                                                                        "Plan Width": 12,
                                                                        "Actual Startup Time": 0.039,
                                                                        "Actual Total Time": 0.039,
                                                                        "Actual Rows": 1,
                                                                        "Actual Loops": 19231,
                                                                        "Index Cond": "((id = q2.owner_user_id) AND (site_id = q2.site_id))",
                                                                        "Rows Removed by Index Recheck": 0,
                                                                        "Workers": []
                                                                    }
                                                                ]
                                                            },
                                                            {
                                                                "Node Type": "Hash",
                                                                "Parent Relationship": "Inner",
                                                                "Parallel Aware": true,
                                                                "Async Capable": false,
                                                                "Startup Cost": 4133.81,
                                                                "Total Cost": 4133.81,
                                                                "Plan Rows": 1,
                                                                "Plan Width": 4,
                                                                "Actual Startup Time": 90.118,
                                                                "Actual Total Time": 90.122,
                                                                "Actual Rows": 4619,
                                                                "Actual Loops": 2,
                                                                "Hash Buckets": 16384,
                                                                "Original Hash Buckets": 1024,
                                                                "Hash Batches": 1,
                                                                "Original Hash Batches": 1,
                                                                "Peak Memory Usage": 632,
                                                                "Workers": [],
                                                                "Plans": [
                                                                    {
                                                                        "Node Type": "Nested Loop",
                                                                        "Parent Relationship": "Outer",
                                                                        "Parallel Aware": false,
                                                                        "Async Capable": false,
                                                                        "Join Type": "Inner",
                                                                        "Startup Cost": 5.04,
                                                                        "Total Cost": 4133.81,
                                                                        "Plan Rows": 1,
                                                                        "Plan Width": 4,
                                                                        "Actual Startup Time": 11.596,
                                                                        "Actual Total Time": 52.1,
                                                                        "Actual Rows": 4619,
                                                                        "Actual Loops": 2,
                                                                        "Inner Unique": true,
                                                                        "Join Filter": "(t1.site_id = u1.site_id)",
                                                                        "Rows Removed by Join Filter": 0,
                                                                        "Workers": [],
                                                                        "Plans": [
                                                                            {
                                                                                "Node Type": "Nested Loop",
                                                                                "Parent Relationship": "Outer",
                                                                                "Parallel Aware": false,
                                                                                "Async Capable": false,
                                                                                "Join Type": "Inner",
                                                                                "Startup Cost": 4.61,
                                                                                "Total Cost": 4126.17,
                                                                                "Plan Rows": 1,
                                                                                "Plan Width": 24,
                                                                                "Actual Startup Time": 11.592,
                                                                                "Actual Total Time": 39.82,
                                                                                "Actual Rows": 4619,
                                                                                "Actual Loops": 2,
                                                                                "Inner Unique": false,
                                                                                "Join Filter": "(t1.site_id = a1.site_id)",
                                                                                "Rows Removed by Join Filter": 0,
                                                                                "Workers": [],
                                                                                "Plans": [
                                                                                    {
                                                                                        "Node Type": "Hash Join",
                                                                                        "Parent Relationship": "Outer",
                                                                                        "Parallel Aware": false,
                                                                                        "Async Capable": false,
                                                                                        "Join Type": "Inner",
                                                                                        "Startup Cost": 4.17,
                                                                                        "Total Cost": 4110.91,
                                                                                        "Plan Rows": 2,
                                                                                        "Plan Width": 24,
                                                                                        "Actual Startup Time": 11.588,
                                                                                        "Actual Total Time": 26.395,
                                                                                        "Actual Rows": 5146,
                                                                                        "Actual Loops": 2,
                                                                                        "Inner Unique": true,
                                                                                        "Hash Cond": "(t1.site_id = s1.site_id)",
                                                                                        "Workers": [],
                                                                                        "Plans": [
                                                                                            {
                                                                                                "Node Type": "Nested Loop",
                                                                                                "Parent Relationship": "Outer",
                                                                                                "Parallel Aware": false,
                                                                                                "Async Capable": false,
                                                                                                "Join Type": "Inner",
                                                                                                "Startup Cost": 1.0,
                                                                                                "Total Cost": 4106.8,
                                                                                                "Plan Rows": 348,
                                                                                                "Plan Width": 20,
                                                                                                "Actual Startup Time": 1.379,
                                                                                                "Actual Total Time": 25.831,
                                                                                                "Actual Rows": 5401,
                                                                                                "Actual Loops": 2,
                                                                                                "Inner Unique": true,
                                                                                                "Join Filter": "(t1.site_id = q1.site_id)",
                                                                                                "Rows Removed by Join Filter": 0,
                                                                                                "Workers": [],
                                                                                                "Plans": [
                                                                                                    {
                                                                                                        "Node Type": "Nested Loop",
                                                                                                        "Parent Relationship": "Outer",
                                                                                                        "Parallel Aware": false,
                                                                                                        "Async Capable": false,
                                                                                                        "Join Type": "Inner",
                                                                                                        "Startup Cost": 0.56,
                                                                                                        "Total Cost": 2697.3,
                                                                                                        "Plan Rows": 348,
                                                                                                        "Plan Width": 12,
                                                                                                        "Actual Startup Time": 1.354,
                                                                                                        "Actual Total Time": 14.663,
                                                                                                        "Actual Rows": 5401,
                                                                                                        "Actual Loops": 2,
                                                                                                        "Inner Unique": false,
                                                                                                        "Workers": [],
                                                                                                        "Plans": [
                                                                                                            {
                                                                                                                "Node Type": "Seq Scan",
                                                                                                                "Parent Relationship": "Outer",
                                                                                                                "Parallel Aware": true,
                                                                                                                "Async Capable": false,
                                                                                                                "Relation Name": "tag",
                                                                                                                "Alias": "t1",
                                                                                                                "Startup Cost": 0.0,
                                                                                                                "Total Cost": 2573.31,
                                                                                                                "Plan Rows": 2,
                                                                                                                "Plan Width": 8,
                                                                                                                "Actual Startup Time": 0.393,
                                                                                                                "Actual Total Time": 4.368,
                                                                                                                "Actual Rows": 8,
                                                                                                                "Actual Loops": 2,
                                                                                                                "Filter": "((name)::text = 'split'::text)",
                                                                                                                "Rows Removed by Filter": 93376,
                                                                                                                "Workers": []
                                                                                                            },
                                                                                                            {
                                                                                                                "Node Type": "Index Only Scan",
                                                                                                                "Parent Relationship": "Inner",
                                                                                                                "Parallel Aware": false,
                                                                                                                "Async Capable": false,
                                                                                                                "Scan Direction": "Forward",
                                                                                                                "Index Name": "tag_question_site_id_tag_id_question_id_idx",
                                                                                                                "Relation Name": "tag_question",
                                                                                                                "Alias": "tq1",
                                                                                                                "Startup Cost": 0.56,
                                                                                                                "Total Cost": 61.69,
                                                                                                                "Plan Rows": 31,
                                                                                                                "Plan Width": 12,
                                                                                                                "Actual Startup Time": 0.608,
                                                                                                                "Actual Total Time": 1.174,
                                                                                                                "Actual Rows": 635,
                                                                                                                "Actual Loops": 17,
                                                                                                                "Index Cond": "((site_id = t1.site_id) AND (tag_id = t1.id))",
                                                                                                                "Rows Removed by Index Recheck": 0,
                                                                                                                "Heap Fetches": 10802,
                                                                                                                "Workers": []
                                                                                                            }
                                                                                                        ]
                                                                                                    },
                                                                                                    {
                                                                                                        "Node Type": "Index Only Scan",
                                                                                                        "Parent Relationship": "Inner",
                                                                                                        "Parallel Aware": false,
                                                                                                        "Async Capable": false,
                                                                                                        "Scan Direction": "Forward",
                                                                                                        "Index Name": "question_pkey",
                                                                                                        "Relation Name": "question",
                                                                                                        "Alias": "q1",
                                                                                                        "Startup Cost": 0.43,
                                                                                                        "Total Cost": 4.04,
                                                                                                        "Plan Rows": 1,
                                                                                                        "Plan Width": 8,
                                                                                                        "Actual Startup Time": 0.002,
                                                                                                        "Actual Total Time": 0.002,
                                                                                                        "Actual Rows": 1,
                                                                                                        "Actual Loops": 10802,
                                                                                                        "Index Cond": "((id = tq1.question_id) AND (site_id = tq1.site_id))",
                                                                                                        "Rows Removed by Index Recheck": 0,
                                                                                                        "Heap Fetches": 0,
                                                                                                        "Workers": []
                                                                                                    }
                                                                                                ]
                                                                                            },
                                                                                            {
                                                                                                "Node Type": "Hash",
                                                                                                "Parent Relationship": "Inner",
                                                                                                "Parallel Aware": false,
                                                                                                "Async Capable": false,
                                                                                                "Startup Cost": 3.16,
                                                                                                "Total Cost": 3.16,
                                                                                                "Plan Rows": 1,
                                                                                                "Plan Width": 4,
                                                                                                "Actual Startup Time": 0.013,
                                                                                                "Actual Total Time": 0.014,
                                                                                                "Actual Rows": 1,
                                                                                                "Actual Loops": 2,
                                                                                                "Hash Buckets": 1024,
                                                                                                "Original Hash Buckets": 1024,
                                                                                                "Hash Batches": 1,
                                                                                                "Original Hash Batches": 1,
                                                                                                "Peak Memory Usage": 9,
                                                                                                "Workers": [],
                                                                                                "Plans": [
                                                                                                    {
                                                                                                        "Node Type": "Seq Scan",
                                                                                                        "Parent Relationship": "Outer",
                                                                                                        "Parallel Aware": false,
                                                                                                        "Async Capable": false,
                                                                                                        "Relation Name": "site",
                                                                                                        "Alias": "s1",
                                                                                                        "Startup Cost": 0.0,
                                                                                                        "Total Cost": 3.16,
                                                                                                        "Plan Rows": 1,
                                                                                                        "Plan Width": 4,
                                                                                                        "Actual Startup Time": 0.01,
                                                                                                        "Actual Total Time": 0.011,
                                                                                                        "Actual Rows": 1,
                                                                                                        "Actual Loops": 2,
                                                                                                        "Filter": "((site_name)::text = 'stackoverflow'::text)",
                                                                                                        "Rows Removed by Filter": 172,
                                                                                                        "Workers": []
                                                                                                    }
                                                                                                ]
                                                                                            }
                                                                                        ]
                                                                                    },
                                                                                    {
                                                                                        "Node Type": "Index Scan",
                                                                                        "Parent Relationship": "Inner",
                                                                                        "Parallel Aware": false,
                                                                                        "Async Capable": false,
                                                                                        "Scan Direction": "Forward",
                                                                                        "Index Name": "answer_site_id_question_id_idx",
                                                                                        "Relation Name": "answer",
                                                                                        "Alias": "a1",
                                                                                        "Startup Cost": 0.43,
                                                                                        "Total Cost": 7.62,
                                                                                        "Plan Rows": 1,
                                                                                        "Plan Width": 12,
                                                                                        "Actual Startup Time": 0.002,
                                                                                        "Actual Total Time": 0.002,
                                                                                        "Actual Rows": 1,
                                                                                        "Actual Loops": 10291,
                                                                                        "Index Cond": "((site_id = tq1.site_id) AND (question_id = tq1.question_id))",
                                                                                        "Rows Removed by Index Recheck": 0,
                                                                                        "Workers": []
                                                                                    }
                                                                                ]
                                                                            },
                                                                            {
                                                                                "Node Type": "Index Scan",
                                                                                "Parent Relationship": "Inner",
                                                                                "Parallel Aware": false,
                                                                                "Async Capable": false,
                                                                                "Scan Direction": "Forward",
                                                                                "Index Name": "so_user_pkey",
                                                                                "Relation Name": "so_user",
                                                                                "Alias": "u1",
                                                                                "Startup Cost": 0.44,
                                                                                "Total Cost": 7.63,
                                                                                "Plan Rows": 1,
                                                                                "Plan Width": 12,
                                                                                "Actual Startup Time": 0.002,
                                                                                "Actual Total Time": 0.002,
                                                                                "Actual Rows": 1,
                                                                                "Actual Loops": 9238,
                                                                                "Index Cond": "((id = a1.owner_user_id) AND (site_id = a1.site_id))",
                                                                                "Rows Removed by Index Recheck": 0,
                                                                                "Workers": []
                                                                            }
                                                                        ]
                                                                    }
                                                                ]
                                                            }
                                                        ]
                                                    }
                                                ]
                                            },
                                            {
                                                "Node Type": "Index Scan",
                                                "Parent Relationship": "Inner",
                                                "Parallel Aware": false,
                                                "Async Capable": false,
                                                "Scan Direction": "Forward",
                                                "Index Name": "account_pkey",
                                                "Relation Name": "account",
                                                "Alias": "account",
                                                "Startup Cost": 0.43,
                                                "Total Cost": 7.62,
                                                "Plan Rows": 1,
                                                "Plan Width": 15,
                                                "Actual Startup Time": 0.004,
                                                "Actual Total Time": 0.004,
                                                "Actual Rows": 1,
                                                "Actual Loops": 170,
                                                "Index Cond": "(id = u1.account_id)",
                                                "Rows Removed by Index Recheck": 0
                                            }
                                        ]
                                    }
                                ]
                            }
                        ]
                    },
                    "Planning Time": 57.737,
                    "Triggers": [],
                    "Execution Time": 1107.825
                }
            ],
            "hints": [
                "SET enable_hashjoin TO on",
                "SET enable_indexonlyscan TO on",
                "SET enable_indexscan TO on",
                "SET enable_mergejoin TO off",
                "SET enable_nestloop TO on",
                "SET enable_seqscan TO on"
            ]
        }
    ]
}