{
    "sql_file": "soload_q13-003.sql",
    "query": "SELECT acc.location, count(*)\nFROM\nsite as s,\nso_user as u1,\nquestion as q1,\nanswer as a1,\ntag as t1,\ntag_question as tq1,\nbadge as b,\naccount as acc\nWHERE\ns.site_id = q1.site_id\nAND s.site_id = u1.site_id\nAND s.site_id = a1.site_id\nAND s.site_id = t1.site_id\nAND s.site_id = tq1.site_id\nAND s.site_id = b.site_id\nAND q1.id = tq1.question_id\nAND q1.id = a1.question_id\nAND a1.owner_user_id = u1.id\nAND t1.id = tq1.tag_id\nAND b.user_id = u1.id\nAND acc.id = u1.account_id\nAND (s.site_name in ('money','scifi','security','webapps'))\nAND (t1.name in ('aliens','canada','certificates','cryptography','dc','india','network','passwords','privacy','windows'))\nAND (q1.view_count >= 10)\nAND (q1.view_count <= 1000)\nAND (u1.downvotes >= 10)\nAND (u1.downvotes <= 100000)\nAND (b.name in ('Citizen Patrol','Excavator','Informed'))\nGROUP BY acc.location\nORDER BY COUNT(*)\nDESC\nLIMIT 100",
    "results": [
        {
            "arm": 0,
            "execution_time": 508.516,
            "plan": [
                {
                    "Plan": {
                        "Node Type": "Limit",
                        "Parallel Aware": false,
                        "Async Capable": false,
                        "Startup Cost": 5206.12,
                        "Total Cost": 5206.13,
                        "Plan Rows": 1,
                        "Plan Width": 26,
                        "Actual Startup Time": 508.328,
                        "Actual Total Time": 508.448,
                        "Actual Rows": 100,
                        "Actual Loops": 1,
                        "Plans": [
                            {
                                "Node Type": "Sort",
                                "Parent Relationship": "Outer",
                                "Parallel Aware": false,
                                "Async Capable": false,
                                "Startup Cost": 5206.12,
                                "Total Cost": 5206.13,
                                "Plan Rows": 1,
                                "Plan Width": 26,
                                "Actual Startup Time": 508.326,
                                "Actual Total Time": 508.437,
                                "Actual Rows": 100,
                                "Actual Loops": 1,
                                "Sort Key": [
                                    "(count(*)) DESC"
                                ],
                                "Sort Method": "quicksort",
                                "Sort Space Used": 37,
                                "Sort Space Type": "Memory",
                                "Plans": [
                                    {
                                        "Node Type": "Aggregate",
                                        "Strategy": "Sorted",
                                        "Partial Mode": "Simple",
                                        "Parent Relationship": "Outer",
                                        "Parallel Aware": false,
                                        "Async Capable": false,
                                        "Startup Cost": 5206.09,
                                        "Total Cost": 5206.11,
                                        "Plan Rows": 1,
                                        "Plan Width": 26,
                                        "Actual Startup Time": 507.489,
                                        "Actual Total Time": 508.368,
                                        "Actual Rows": 200,
                                        "Actual Loops": 1,
                                        "Group Key": [
                                            "acc.location"
                                        ],
                                        "Plans": [
                                            {
                                                "Node Type": "Sort",
                                                "Parent Relationship": "Outer",
                                                "Parallel Aware": false,
                                                "Async Capable": false,
                                                "Startup Cost": 5206.09,
                                                "Total Cost": 5206.1,
                                                "Plan Rows": 1,
                                                "Plan Width": 18,
                                                "Actual Startup Time": 507.477,
                                                "Actual Total Time": 507.825,
                                                "Actual Rows": 3809,
                                                "Actual Loops": 1,
                                                "Sort Key": [
                                                    "acc.location"
                                                ],
                                                "Sort Method": "quicksort",
                                                "Sort Space Used": 160,
                                                "Sort Space Type": "Memory",
                                                "Plans": [
                                                    {
                                                        "Node Type": "Nested Loop",
                                                        "Parent Relationship": "Outer",
                                                        "Parallel Aware": false,
                                                        "Async Capable": false,
                                                        "Join Type": "Inner",
                                                        "Startup Cost": 4682.03,
                                                        "Total Cost": 5206.08,
                                                        "Plan Rows": 1,
                                                        "Plan Width": 18,
                                                        "Actual Startup Time": 16.748,
                                                        "Actual Total Time": 505.996,
                                                        "Actual Rows": 3809,
                                                        "Actual Loops": 1,
                                                        "Inner Unique": true,
                                                        "Plans": [
                                                            {
                                                                "Node Type": "Gather",
                                                                "Parent Relationship": "Outer",
                                                                "Parallel Aware": false,
                                                                "Async Capable": false,
                                                                "Startup Cost": 4681.59,
                                                                "Total Cost": 5198.83,
                                                                "Plan Rows": 1,
                                                                "Plan Width": 4,
                                                                "Actual Startup Time": 16.656,
                                                                "Actual Total Time": 469.137,
                                                                "Actual Rows": 3809,
                                                                "Actual Loops": 1,
                                                                "Workers Planned": 1,
                                                                "Workers Launched": 1,
                                                                "Single Copy": false,
                                                                "Plans": [
                                                                    {
                                                                        "Node Type": "Nested Loop",
                                                                        "Parent Relationship": "Outer",
                                                                        "Parallel Aware": false,
                                                                        "Async Capable": false,
                                                                        "Join Type": "Inner",
                                                                        "Startup Cost": 3681.59,
                                                                        "Total Cost": 4198.73,
                                                                        "Plan Rows": 1,
                                                                        "Plan Width": 4,
                                                                        "Actual Startup Time": 15.121,
                                                                        "Actual Total Time": 343.83,
                                                                        "Actual Rows": 1904,
                                                                        "Actual Loops": 2,
                                                                        "Inner Unique": false,
                                                                        "Join Filter": "(s.site_id = b.site_id)",
                                                                        "Rows Removed by Join Filter": 0,
                                                                        "Workers": [],
                                                                        "Plans": [
                                                                            {
                                                                                "Node Type": "Nested Loop",
                                                                                "Parent Relationship": "Outer",
                                                                                "Parallel Aware": false,
                                                                                "Async Capable": false,
                                                                                "Join Type": "Inner",
                                                                                "Startup Cost": 3681.03,
                                                                                "Total Cost": 4191.29,
                                                                                "Plan Rows": 1,
                                                                                "Plan Width": 36,
                                                                                "Actual Startup Time": 14.837,
                                                                                "Actual Total Time": 180.437,
                                                                                "Actual Rows": 751,
                                                                                "Actual Loops": 2,
                                                                                "Inner Unique": true,
                                                                                "Join Filter": "(s.site_id = q1.site_id)",
                                                                                "Rows Removed by Join Filter": 0,
                                                                                "Workers": [],
                                                                                "Plans": [
                                                                                    {
                                                                                        "Node Type": "Nested Loop",
                                                                                        "Parent Relationship": "Outer",
                                                                                        "Parallel Aware": false,
                                                                                        "Async Capable": false,
                                                                                        "Join Type": "Inner",
                                                                                        "Startup Cost": 3680.59,
                                                                                        "Total Cost": 4184.07,
                                                                                        "Plan Rows": 1,
                                                                                        "Plan Width": 40,
                                                                                        "Actual Startup Time": 13.852,
                                                                                        "Actual Total Time": 148.646,
                                                                                        "Actual Rows": 2000,
                                                                                        "Actual Loops": 2,
                                                                                        "Inner Unique": true,
                                                                                        "Join Filter": "(s.site_id = u1.site_id)",
                                                                                        "Rows Removed by Join Filter": 0,
                                                                                        "Workers": [],
                                                                                        "Plans": [
                                                                                            {
                                                                                                "Node Type": "Nested Loop",
                                                                                                "Parent Relationship": "Outer",
                                                                                                "Parallel Aware": false,
                                                                                                "Async Capable": false,
                                                                                                "Join Type": "Inner",
                                                                                                "Startup Cost": 3680.15,
                                                                                                "Total Cost": 4176.84,
                                                                                                "Plan Rows": 1,
                                                                                                "Plan Width": 28,
                                                                                                "Actual Startup Time": 13.555,
                                                                                                "Actual Total Time": 33.534,
                                                                                                "Actual Rows": 3587,
                                                                                                "Actual Loops": 2,
                                                                                                "Inner Unique": false,
                                                                                                "Join Filter": "(s.site_id = a1.site_id)",
                                                                                                "Rows Removed by Join Filter": 0,
                                                                                                "Workers": [],
                                                                                                "Plans": [
                                                                                                    {
                                                                                                        "Node Type": "Nested Loop",
                                                                                                        "Parent Relationship": "Outer",
                                                                                                        "Parallel Aware": false,
                                                                                                        "Async Capable": false,
                                                                                                        "Join Type": "Inner",
                                                                                                        "Startup Cost": 3679.72,
                                                                                                        "Total Cost": 3802.37,
                                                                                                        "Plan Rows": 52,
                                                                                                        "Plan Width": 16,
                                                                                                        "Actual Startup Time": 13.411,
                                                                                                        "Actual Total Time": 19.184,
                                                                                                        "Actual Rows": 5607,
                                                                                                        "Actual Loops": 2,
                                                                                                        "Inner Unique": false,
                                                                                                        "Join Filter": "(s.site_id = tq1.site_id)",
                                                                                                        "Rows Removed by Join Filter": 0,
                                                                                                        "Workers": [],
                                                                                                        "Plans": [
                                                                                                            {
                                                                                                                "Node Type": "Merge Join",
                                                                                                                "Parent Relationship": "Outer",
                                                                                                                "Parallel Aware": false,
                                                                                                                "Async Capable": false,
                                                                                                                "Join Type": "Inner",
                                                                                                                "Startup Cost": 3679.16,
                                                                                                                "Total Cost": 3679.73,
                                                                                                                "Plan Rows": 2,
                                                                                                                "Plan Width": 12,
                                                                                                                "Actual Startup Time": 12.956,
                                                                                                                "Actual Total Time": 12.977,
                                                                                                                "Actual Rows": 7,
                                                                                                                "Actual Loops": 2,
                                                                                                                "Inner Unique": true,
                                                                                                                "Merge Cond": "(t1.site_id = s.site_id)",
                                                                                                                "Workers": [],
                                                                                                                "Plans": [
                                                                                                                    {
                                                                                                                        "Node Type": "Sort",
                                                                                                                        "Parent Relationship": "Outer",
                                                                                                                        "Parallel Aware": false,
                                                                                                                        "Async Capable": false,
                                                                                                                        "Startup Cost": 3675.52,
                                                                                                                        "Total Cost": 3675.79,
                                                                                                                        "Plan Rows": 106,
                                                                                                                        "Plan Width": 8,
                                                                                                                        "Actual Startup Time": 12.915,
                                                                                                                        "Actual Total Time": 12.922,
                                                                                                                        "Actual Rows": 116,
                                                                                                                        "Actual Loops": 2,
                                                                                                                        "Sort Key": [
                                                                                                                            "t1.site_id"
                                                                                                                        ],
                                                                                                                        "Sort Method": "quicksort",
                                                                                                                        "Sort Space Used": 29,
                                                                                                                        "Sort Space Type": "Memory",
                                                                                                                        "Workers": [
                                                                                                                            {
                                                                                                                                "Worker Number": 0,
                                                                                                                                "Sort Method": "quicksort",
                                                                                                                                "Sort Space Used": 27,
                                                                                                                                "Sort Space Type": "Memory"
                                                                                                                            }
                                                                                                                        ],
                                                                                                                        "Plans": [
                                                                                                                            {
                                                                                                                                "Node Type": "Seq Scan",
                                                                                                                                "Parent Relationship": "Outer",
                                                                                                                                "Parallel Aware": true,
                                                                                                                                "Async Capable": false,
                                                                                                                                "Relation Name": "tag",
                                                                                                                                "Alias": "t1",
                                                                                                                                "Startup Cost": 0.0,
                                                                                                                                "Total Cost": 3671.96,
                                                                                                                                "Plan Rows": 106,
                                                                                                                                "Plan Width": 8,
                                                                                                                                "Actual Startup Time": 0.046,
                                                                                                                                "Actual Total Time": 12.892,
                                                                                                                                "Actual Rows": 120,
                                                                                                                                "Actual Loops": 2,
                                                                                                                                "Filter": "((name)::text = ANY ('{aliens,canada,certificates,cryptography,dc,india,network,passwords,privacy,windows}'::text[]))",
                                                                                                                                "Rows Removed by Filter": 93265,
                                                                                                                                "Workers": []
                                                                                                                            }
                                                                                                                        ]
                                                                                                                    },
                                                                                                                    {
                                                                                                                        "Node Type": "Sort",
                                                                                                                        "Parent Relationship": "Inner",
                                                                                                                        "Parallel Aware": false,
                                                                                                                        "Async Capable": false,
                                                                                                                        "Startup Cost": 3.63,
                                                                                                                        "Total Cost": 3.64,
                                                                                                                        "Plan Rows": 4,
                                                                                                                        "Plan Width": 4,
                                                                                                                        "Actual Startup Time": 0.035,
                                                                                                                        "Actual Total Time": 0.038,
                                                                                                                        "Actual Rows": 4,
                                                                                                                        "Actual Loops": 2,
                                                                                                                        "Sort Key": [
                                                                                                                            "s.site_id"
                                                                                                                        ],
                                                                                                                        "Sort Method": "quicksort",
                                                                                                                        "Sort Space Used": 25,
                                                                                                                        "Sort Space Type": "Memory",
                                                                                                                        "Workers": [
                                                                                                                            {
                                                                                                                                "Worker Number": 0,
                                                                                                                                "Sort Method": "quicksort",
                                                                                                                                "Sort Space Used": 25,
                                                                                                                                "Sort Space Type": "Memory"
                                                                                                                            }
                                                                                                                        ],
                                                                                                                        "Plans": [
                                                                                                                            {
                                                                                                                                "Node Type": "Seq Scan",
                                                                                                                                "Parent Relationship": "Outer",
                                                                                                                                "Parallel Aware": false,
                                                                                                                                "Async Capable": false,
                                                                                                                                "Relation Name": "site",
                                                                                                                                "Alias": "s",
                                                                                                                                "Startup Cost": 0.0,
                                                                                                                                "Total Cost": 3.59,
                                                                                                                                "Plan Rows": 4,
                                                                                                                                "Plan Width": 4,
                                                                                                                                "Actual Startup Time": 0.02,
                                                                                                                                "Actual Total Time": 0.025,
                                                                                                                                "Actual Rows": 4,
                                                                                                                                "Actual Loops": 2,
                                                                                                                                "Filter": "((site_name)::text = ANY ('{money,scifi,security,webapps}'::text[]))",
                                                                                                                                "Rows Removed by Filter": 169,
                                                                                                                                "Workers": []
                                                                                                                            }
                                                                                                                        ]
                                                                                                                    }
                                                                                                                ]
                                                                                                            },
                                                                                                            {
                                                                                                                "Node Type": "Index Only Scan",
                                                                                                                "Parent Relationship": "Inner",
                                                                                                                "Parallel Aware": false,
                                                                                                                "Async Capable": false,
                                                                                                                "Scan Direction": "Forward",
                                                                                                                "Index Name": "tag_question_site_id_tag_id_question_id_idx",
                                                                                                                "Relation Name": "tag_question",
                                                                                                                "Alias": "tq1",
                                                                                                                "Startup Cost": 0.56,
                                                                                                                "Total Cost": 60.94,
                                                                                                                "Plan Rows": 31,
                                                                                                                "Plan Width": 12,
                                                                                                                "Actual Startup Time": 0.16,
                                                                                                                "Actual Total Time": 0.825,
                                                                                                                "Actual Rows": 801,
                                                                                                                "Actual Loops": 14,
                                                                                                                "Index Cond": "((site_id = t1.site_id) AND (tag_id = t1.id))",
                                                                                                                "Rows Removed by Index Recheck": 0,
                                                                                                                "Heap Fetches": 11214,
                                                                                                                "Workers": []
                                                                                                            }
                                                                                                        ]
                                                                                                    },
                                                                                                    {
                                                                                                        "Node Type": "Index Scan",
                                                                                                        "Parent Relationship": "Inner",
                                                                                                        "Parallel Aware": false,
                                                                                                        "Async Capable": false,
                                                                                                        "Scan Direction": "Forward",
                                                                                                        "Index Name": "answer_site_id_question_id_idx",
                                                                                                        "Relation Name": "answer",
                                                                                                        "Alias": "a1",
                                                                                                        "Startup Cost": 0.43,
                                                                                                        "Total Cost": 7.19,
                                                                                                        "Plan Rows": 1,
                                                                                                        "Plan Width": 12,
                                                                                                        "Actual Startup Time": 0.002,
                                                                                                        "Actual Total Time": 0.002,
                                                                                                        "Actual Rows": 1,
                                                                                                        "Actual Loops": 11214,
                                                                                                        "Index Cond": "((site_id = tq1.site_id) AND (question_id = tq1.question_id))",
                                                                                                        "Rows Removed by Index Recheck": 0,
                                                                                                        "Workers": []
                                                                                                    }
                                                                                                ]
                                                                                            },
                                                                                            {
                                                                                                "Node Type": "Index Scan",
                                                                                                "Parent Relationship": "Inner",
                                                                                                "Parallel Aware": false,
                                                                                                "Async Capable": false,
                                                                                                "Scan Direction": "Forward",
                                                                                                "Index Name": "so_user_pkey",
                                                                                                "Relation Name": "so_user",
                                                                                                "Alias": "u1",
                                                                                                "Startup Cost": 0.44,
                                                                                                "Total Cost": 7.22,
                                                                                                "Plan Rows": 1,
                                                                                                "Plan Width": 12,
                                                                                                "Actual Startup Time": 0.032,
                                                                                                "Actual Total Time": 0.032,
                                                                                                "Actual Rows": 1,
                                                                                                "Actual Loops": 7174,
                                                                                                "Index Cond": "((id = a1.owner_user_id) AND (site_id = a1.site_id))",
                                                                                                "Rows Removed by Index Recheck": 0,
                                                                                                "Filter": "((downvotes >= 10) AND (downvotes <= 100000))",
                                                                                                "Rows Removed by Filter": 0,
                                                                                                "Workers": []
                                                                                            }
                                                                                        ]
                                                                                    },
                                                                                    {
                                                                                        "Node Type": "Index Scan",
                                                                                        "Parent Relationship": "Inner",
                                                                                        "Parallel Aware": false,
                                                                                        "Async Capable": false,
                                                                                        "Scan Direction": "Forward",
                                                                                        "Index Name": "question_pkey",
                                                                                        "Relation Name": "question",
                                                                                        "Alias": "q1",
                                                                                        "Startup Cost": 0.43,
                                                                                        "Total Cost": 7.2,
                                                                                        "Plan Rows": 1,
                                                                                        "Plan Width": 8,
                                                                                        "Actual Startup Time": 0.016,
                                                                                        "Actual Total Time": 0.016,
                                                                                        "Actual Rows": 0,
                                                                                        "Actual Loops": 3999,
                                                                                        "Index Cond": "((id = tq1.question_id) AND (site_id = tq1.site_id))",
                                                                                        "Rows Removed by Index Recheck": 0,
                                                                                        "Filter": "((view_count >= 10) AND (view_count <= 1000))",
                                                                                        "Rows Removed by Filter": 1,
                                                                                        "Workers": []
                                                                                    }
                                                                                ]
                                                                            },
                                                                            {
                                                                                "Node Type": "Index Only Scan",
                                                                                "Parent Relationship": "Inner",
                                                                                "Parallel Aware": false,
                                                                                "Async Capable": false,
                                                                                "Scan Direction": "Forward",
                                                                                "Index Name": "badge_pkey",
                                                                                "Relation Name": "badge",
                                                                                "Alias": "b",
                                                                                "Startup Cost": 0.56,
                                                                                "Total Cost": 7.43,
                                                                                "Plan Rows": 1,
                                                                                "Plan Width": 8,
                                                                                "Actual Startup Time": 0.038,
                                                                                "Actual Total Time": 0.217,
                                                                                "Actual Rows": 3,
                                                                                "Actual Loops": 1502,
                                                                                "Index Cond": "((site_id = a1.site_id) AND (user_id = a1.owner_user_id))",
                                                                                "Rows Removed by Index Recheck": 0,
                                                                                "Filter": "((name)::text = ANY ('{\"Citizen Patrol\",Excavator,Informed}'::text[]))",
                                                                                "Rows Removed by Filter": 449,
                                                                                "Heap Fetches": 677763,
                                                                                "Workers": []
                                                                            }
                                                                        ]
                                                                    }
                                                                ]
                                                            },
                                                            {
                                                                "Node Type": "Index Scan",
                                                                "Parent Relationship": "Inner",
                                                                "Parallel Aware": false,
                                                                "Async Capable": false,
                                                                "Scan Direction": "Forward",
                                                                "Index Name": "account_pkey",
                                                                "Relation Name": "account",
                                                                "Alias": "acc",
                                                                "Startup Cost": 0.43,
                                                                "Total Cost": 7.25,
                                                                "Plan Rows": 1,
                                                                "Plan Width": 22,
                                                                "Actual Startup Time": 0.009,
                                                                "Actual Total Time": 0.009,
                                                                "Actual Rows": 1,
                                                                "Actual Loops": 3809,
                                                                "Index Cond": "(id = u1.account_id)",
                                                                "Rows Removed by Index Recheck": 0
                                                            }
                                                        ]
                                                    }
                                                ]
                                            }
                                        ]
                                    }
                                ]
                            }
                        ]
                    },
                    "Planning Time": 62.867,
                    "Triggers": [],
                    "Execution Time": 508.516
                }
            ],
            "hints": [
                "SET enable_hashjoin TO on",
                "SET enable_indexonlyscan TO on",
                "SET enable_indexscan TO on",
                "SET enable_mergejoin TO on",
                "SET enable_nestloop TO on",
                "SET enable_seqscan TO on"
            ]
        },
        {
            "arm": 1,
            "execution_time": 6957.453,
            "plan": [
                {
                    "Plan": {
                        "Node Type": "Limit",
                        "Parallel Aware": false,
                        "Async Capable": false,
                        "Startup Cost": 3674221.69,
                        "Total Cost": 3674221.69,
                        "Plan Rows": 1,
                        "Plan Width": 26,
                        "Actual Startup Time": 5733.873,
                        "Actual Total Time": 6957.401,
                        "Actual Rows": 100,
                        "Actual Loops": 1,
                        "Plans": [
                            {
                                "Node Type": "Sort",
                                "Parent Relationship": "Outer",
                                "Parallel Aware": false,
                                "Async Capable": false,
                                "Startup Cost": 3674221.69,
                                "Total Cost": 3674221.69,
                                "Plan Rows": 1,
                                "Plan Width": 26,
                                "Actual Startup Time": 5733.871,
                                "Actual Total Time": 6957.395,
                                "Actual Rows": 100,
                                "Actual Loops": 1,
                                "Sort Key": [
                                    "(count(*)) DESC"
                                ],
                                "Sort Method": "quicksort",
                                "Sort Space Used": 37,
                                "Sort Space Type": "Memory",
                                "Plans": [
                                    {
                                        "Node Type": "Aggregate",
                                        "Strategy": "Sorted",
                                        "Partial Mode": "Simple",
                                        "Parent Relationship": "Outer",
                                        "Parallel Aware": false,
                                        "Async Capable": false,
                                        "Startup Cost": 3674221.54,
                                        "Total Cost": 3674221.68,
                                        "Plan Rows": 1,
                                        "Plan Width": 26,
                                        "Actual Startup Time": 5733.116,
                                        "Actual Total Time": 6957.365,
                                        "Actual Rows": 200,
                                        "Actual Loops": 1,
                                        "Group Key": [
                                            "acc.location"
                                        ],
                                        "Plans": [
                                            {
                                                "Node Type": "Gather Merge",
                                                "Parent Relationship": "Outer",
                                                "Parallel Aware": false,
                                                "Async Capable": false,
                                                "Startup Cost": 3674221.54,
                                                "Total Cost": 3674221.66,
                                                "Plan Rows": 1,
                                                "Plan Width": 18,
                                                "Actual Startup Time": 5733.109,
                                                "Actual Total Time": 6957.172,
                                                "Actual Rows": 3809,
                                                "Actual Loops": 1,
                                                "Workers Planned": 5,
                                                "Workers Launched": 5,
                                                "Plans": [
                                                    {
                                                        "Node Type": "Sort",
                                                        "Parent Relationship": "Outer",
                                                        "Parallel Aware": false,
                                                        "Async Capable": false,
                                                        "Startup Cost": 3673221.46,
                                                        "Total Cost": 3673221.46,
                                                        "Plan Rows": 1,
                                                        "Plan Width": 18,
                                                        "Actual Startup Time": 5730.478,
                                                        "Actual Total Time": 5730.577,
                                                        "Actual Rows": 635,
                                                        "Actual Loops": 6,
                                                        "Sort Key": [
                                                            "acc.location"
                                                        ],
                                                        "Sort Method": "quicksort",
                                                        "Sort Space Used": 28,
                                                        "Sort Space Type": "Memory",
                                                        "Workers": [
                                                            {
                                                                "Worker Number": 0,
                                                                "Sort Method": "quicksort",
                                                                "Sort Space Used": 29,
                                                                "Sort Space Type": "Memory"
                                                            },
                                                            {
                                                                "Worker Number": 1,
                                                                "Sort Method": "quicksort",
                                                                "Sort Space Used": 33,
                                                                "Sort Space Type": "Memory"
                                                            },
                                                            {
                                                                "Worker Number": 2,
                                                                "Sort Method": "quicksort",
                                                                "Sort Space Used": 38,
                                                                "Sort Space Type": "Memory"
                                                            },
                                                            {
                                                                "Worker Number": 3,
                                                                "Sort Method": "quicksort",
                                                                "Sort Space Used": 63,
                                                                "Sort Space Type": "Memory"
                                                            },
                                                            {
                                                                "Worker Number": 4,
                                                                "Sort Method": "quicksort",
                                                                "Sort Space Used": 44,
                                                                "Sort Space Type": "Memory"
                                                            }
                                                        ],
                                                        "Plans": [
                                                            {
                                                                "Node Type": "Hash Join",
                                                                "Parent Relationship": "Outer",
                                                                "Parallel Aware": true,
                                                                "Async Capable": false,
                                                                "Join Type": "Inner",
                                                                "Startup Cost": 3520766.64,
                                                                "Total Cost": 3673221.45,
                                                                "Plan Rows": 1,
                                                                "Plan Width": 18,
                                                                "Actual Startup Time": 5470.277,
                                                                "Actual Total Time": 5730.391,
                                                                "Actual Rows": 635,
                                                                "Actual Loops": 6,
                                                                "Inner Unique": false,
                                                                "Hash Cond": "(acc.id = u1.account_id)",
                                                                "Workers": [],
                                                                "Plans": [
                                                                    {
                                                                        "Node Type": "Seq Scan",
                                                                        "Parent Relationship": "Outer",
                                                                        "Parallel Aware": true,
                                                                        "Async Capable": false,
                                                                        "Relation Name": "account",
                                                                        "Alias": "acc",
                                                                        "Startup Cost": 0.0,
                                                                        "Total Cost": 142069.67,
                                                                        "Plan Rows": 2769367,
                                                                        "Plan Width": 22,
                                                                        "Actual Startup Time": 0.013,
                                                                        "Actual Total Time": 107.037,
                                                                        "Actual Rows": 2312026,
                                                                        "Actual Loops": 6,
                                                                        "Workers": []
                                                                    },
                                                                    {
                                                                        "Node Type": "Hash",
                                                                        "Parent Relationship": "Inner",
                                                                        "Parallel Aware": true,
                                                                        "Async Capable": false,
                                                                        "Startup Cost": 3520766.63,
                                                                        "Total Cost": 3520766.63,
                                                                        "Plan Rows": 1,
                                                                        "Plan Width": 4,
                                                                        "Actual Startup Time": 5468.55,
                                                                        "Actual Total Time": 5468.632,
                                                                        "Actual Rows": 635,
                                                                        "Actual Loops": 6,
                                                                        "Hash Buckets": 1024,
                                                                        "Original Hash Buckets": 1024,
                                                                        "Hash Batches": 1,
                                                                        "Original Hash Batches": 1,
                                                                        "Peak Memory Usage": 200,
                                                                        "Workers": [],
                                                                        "Plans": [
                                                                            {
                                                                                "Node Type": "Hash Join",
                                                                                "Parent Relationship": "Outer",
                                                                                "Parallel Aware": true,
                                                                                "Async Capable": false,
                                                                                "Join Type": "Inner",
                                                                                "Startup Cost": 1819599.13,
                                                                                "Total Cost": 3520766.63,
                                                                                "Plan Rows": 1,
                                                                                "Plan Width": 4,
                                                                                "Actual Startup Time": 4780.127,
                                                                                "Actual Total Time": 5467.982,
                                                                                "Actual Rows": 635,
                                                                                "Actual Loops": 6,
                                                                                "Inner Unique": false,
                                                                                "Hash Cond": "((q1.site_id = s.site_id) AND (q1.id = tq1.question_id))",
                                                                                "Workers": [],
                                                                                "Plans": [
                                                                                    {
                                                                                        "Node Type": "Hash Join",
                                                                                        "Parent Relationship": "Outer",
                                                                                        "Parallel Aware": true,
                                                                                        "Async Capable": false,
                                                                                        "Join Type": "Inner",
                                                                                        "Startup Cost": 1522028.18,
                                                                                        "Total Cost": 3223189.35,
                                                                                        "Plan Rows": 842,
                                                                                        "Plan Width": 28,
                                                                                        "Actual Startup Time": 3520.42,
                                                                                        "Actual Total Time": 4157.807,
                                                                                        "Actual Rows": 975056,
                                                                                        "Actual Loops": 6,
                                                                                        "Inner Unique": false,
                                                                                        "Hash Cond": "((q1.site_id = u1.site_id) AND (q1.id = a1.question_id))",
                                                                                        "Workers": [],
                                                                                        "Plans": [
                                                                                            {
                                                                                                "Node Type": "Seq Scan",
                                                                                                "Parent Relationship": "Outer",
                                                                                                "Parallel Aware": true,
                                                                                                "Async Capable": false,
                                                                                                "Relation Name": "question",
                                                                                                "Alias": "q1",
                                                                                                "Startup Cost": 0.0,
                                                                                                "Total Cost": 1691290.18,
                                                                                                "Plan Rows": 1315973,
                                                                                                "Plan Width": 8,
                                                                                                "Actual Startup Time": 0.027,
                                                                                                "Actual Total Time": 604.234,
                                                                                                "Actual Rows": 1540858,
                                                                                                "Actual Loops": 6,
                                                                                                "Filter": "((view_count >= 10) AND (view_count <= 1000))",
                                                                                                "Rows Removed by Filter": 570216,
                                                                                                "Workers": []
                                                                                            },
                                                                                            {
                                                                                                "Node Type": "Hash",
                                                                                                "Parent Relationship": "Inner",
                                                                                                "Parallel Aware": true,
                                                                                                "Async Capable": false,
                                                                                                "Startup Cost": 1522011.99,
                                                                                                "Total Cost": 1522011.99,
                                                                                                "Plan Rows": 1079,
                                                                                                "Plan Width": 20,
                                                                                                "Actual Startup Time": 1915.757,
                                                                                                "Actual Total Time": 1915.832,
                                                                                                "Actual Rows": 1596674,
                                                                                                "Actual Loops": 6,
                                                                                                "Hash Buckets": 262144,
                                                                                                "Original Hash Buckets": 8192,
                                                                                                "Hash Batches": 64,
                                                                                                "Original Hash Batches": 1,
                                                                                                "Peak Memory Usage": 10368,
                                                                                                "Workers": [],
                                                                                                "Plans": [
                                                                                                    {
                                                                                                        "Node Type": "Hash Join",
                                                                                                        "Parent Relationship": "Outer",
                                                                                                        "Parallel Aware": true,
                                                                                                        "Async Capable": false,
                                                                                                        "Join Type": "Inner",
                                                                                                        "Startup Cost": 752625.91,
                                                                                                        "Total Cost": 1522011.99,
                                                                                                        "Plan Rows": 1079,
                                                                                                        "Plan Width": 20,
                                                                                                        "Actual Startup Time": 1076.42,
                                                                                                        "Actual Total Time": 1578.82,
                                                                                                        "Actual Rows": 1596674,
                                                                                                        "Actual Loops": 6,
                                                                                                        "Inner Unique": false,
                                                                                                        "Hash Cond": "((a1.site_id = u1.site_id) AND (a1.owner_user_id = u1.id))",
                                                                                                        "Workers": [],
                                                                                                        "Plans": [
                                                                                                            {
                                                                                                                "Node Type": "Seq Scan",
                                                                                                                "Parent Relationship": "Outer",
                                                                                                                "Parallel Aware": true,
                                                                                                                "Async Capable": false,
                                                                                                                "Relation Name": "answer",
                                                                                                                "Alias": "a1",
                                                                                                                "Startup Cost": 0.0,
                                                                                                                "Total Cost": 762572.49,
                                                                                                                "Plan Rows": 906849,
                                                                                                                "Plan Width": 12,
                                                                                                                "Actual Startup Time": 0.014,
                                                                                                                "Actual Total Time": 233.797,
                                                                                                                "Actual Rows": 1057926,
                                                                                                                "Actual Loops": 6,
                                                                                                                "Workers": []
                                                                                                            },
                                                                                                            {
                                                                                                                "Node Type": "Hash",
                                                                                                                "Parent Relationship": "Inner",
                                                                                                                "Parallel Aware": true,
                                                                                                                "Async Capable": false,
                                                                                                                "Startup Cost": 752563.15,
                                                                                                                "Total Cost": 752563.15,
                                                                                                                "Plan Rows": 4184,
                                                                                                                "Plan Width": 20,
                                                                                                                "Actual Startup Time": 1076.375,
                                                                                                                "Actual Total Time": 1076.448,
                                                                                                                "Actual Rows": 42991,
                                                                                                                "Actual Loops": 6,
                                                                                                                "Hash Buckets": 262144,
                                                                                                                "Original Hash Buckets": 32768,
                                                                                                                "Hash Batches": 1,
                                                                                                                "Original Hash Batches": 1,
                                                                                                                "Peak Memory Usage": 18080,
                                                                                                                "Workers": [],
                                                                                                                "Plans": [
                                                                                                                    {
                                                                                                                        "Node Type": "Hash Join",
                                                                                                                        "Parent Relationship": "Outer",
                                                                                                                        "Parallel Aware": true,
                                                                                                                        "Async Capable": false,
                                                                                                                        "Join Type": "Inner",
                                                                                                                        "Startup Cost": 260914.67,
                                                                                                                        "Total Cost": 752563.15,
                                                                                                                        "Plan Rows": 4184,
                                                                                                                        "Plan Width": 20,
                                                                                                                        "Actual Startup Time": 193.765,
                                                                                                                        "Actual Total Time": 1057.199,
                                                                                                                        "Actual Rows": 42991,
                                                                                                                        "Actual Loops": 6,
                                                                                                                        "Inner Unique": true,
                                                                                                                        "Hash Cond": "((b.site_id = u1.site_id) AND (b.user_id = u1.id))",
                                                                                                                        "Workers": [],
                                                                                                                        "Plans": [
                                                                                                                            {
                                                                                                                                "Node Type": "Seq Scan",
                                                                                                                                "Parent Relationship": "Outer",
                                                                                                                                "Parallel Aware": true,
                                                                                                                                "Async Capable": false,
                                                                                                                                "Relation Name": "badge",
                                                                                                                                "Alias": "b",
                                                                                                                                "Startup Cost": 0.0,
                                                                                                                                "Total Cost": 488401.8,
                                                                                                                                "Plan Rows": 618416,
                                                                                                                                "Plan Width": 8,
                                                                                                                                "Actual Startup Time": 0.022,
                                                                                                                                "Actual Total Time": 803.679,
                                                                                                                                "Actual Rows": 621393,
                                                                                                                                "Actual Loops": 6,
                                                                                                                                "Filter": "((name)::text = ANY ('{\"Citizen Patrol\",Excavator,Informed}'::text[]))",
                                                                                                                                "Rows Removed by Filter": 7918091,
                                                                                                                                "Workers": []
                                                                                                                            },
                                                                                                                            {
                                                                                                                                "Node Type": "Hash",
                                                                                                                                "Parent Relationship": "Inner",
                                                                                                                                "Parallel Aware": true,
                                                                                                                                "Async Capable": false,
                                                                                                                                "Startup Cost": 260486.52,
                                                                                                                                "Total Cost": 260486.52,
                                                                                                                                "Plan Rows": 28543,
                                                                                                                                "Plan Width": 12,
                                                                                                                                "Actual Startup Time": 193.12,
                                                                                                                                "Actual Total Time": 193.121,
                                                                                                                                "Actual Rows": 23413,
                                                                                                                                "Actual Loops": 6,
                                                                                                                                "Hash Buckets": 262144,
                                                                                                                                "Original Hash Buckets": 262144,
                                                                                                                                "Hash Batches": 1,
                                                                                                                                "Original Hash Batches": 1,
                                                                                                                                "Peak Memory Usage": 8736,
                                                                                                                                "Workers": [],
                                                                                                                                "Plans": [
                                                                                                                                    {
                                                                                                                                        "Node Type": "Seq Scan",
                                                                                                                                        "Parent Relationship": "Outer",
                                                                                                                                        "Parallel Aware": true,
                                                                                                                                        "Async Capable": false,
                                                                                                                                        "Relation Name": "so_user",
                                                                                                                                        "Alias": "u1",
                                                                                                                                        "Startup Cost": 0.0,
                                                                                                                                        "Total Cost": 260486.52,
                                                                                                                                        "Plan Rows": 28543,
                                                                                                                                        "Plan Width": 12,
                                                                                                                                        "Actual Startup Time": 0.033,
                                                                                                                                        "Actual Total Time": 188.299,
                                                                                                                                        "Actual Rows": 23413,
                                                                                                                                        "Actual Loops": 6,
                                                                                                                                        "Filter": "((downvotes >= 10) AND (downvotes <= 100000))",
                                                                                                                                        "Rows Removed by Filter": 3492804,
                                                                                                                                        "Workers": []
                                                                                                                                    }
                                                                                                                                ]
                                                                                                                            }
                                                                                                                        ]
                                                                                                                    }
                                                                                                                ]
                                                                                                            }
                                                                                                        ]
                                                                                                    }
                                                                                                ]
                                                                                            }
                                                                                        ]
                                                                                    },
                                                                                    {
                                                                                        "Node Type": "Hash",
                                                                                        "Parent Relationship": "Inner",
                                                                                        "Parallel Aware": true,
                                                                                        "Async Capable": false,
                                                                                        "Startup Cost": 297570.68,
                                                                                        "Total Cost": 297570.68,
                                                                                        "Plan Rows": 18,
                                                                                        "Plan Width": 16,
                                                                                        "Actual Startup Time": 1256.298,
                                                                                        "Actual Total Time": 1256.301,
                                                                                        "Actual Rows": 1869,
                                                                                        "Actual Loops": 6,
                                                                                        "Hash Buckets": 16384,
                                                                                        "Original Hash Buckets": 1024,
                                                                                        "Hash Batches": 1,
                                                                                        "Original Hash Batches": 1,
                                                                                        "Peak Memory Usage": 888,
                                                                                        "Workers": [],
                                                                                        "Plans": [
                                                                                            {
                                                                                                "Node Type": "Hash Join",
                                                                                                "Parent Relationship": "Outer",
                                                                                                "Parallel Aware": true,
                                                                                                "Async Capable": false,
                                                                                                "Join Type": "Inner",
                                                                                                "Startup Cost": 3677.19,
                                                                                                "Total Cost": 297570.68,
                                                                                                "Plan Rows": 18,
                                                                                                "Plan Width": 16,
                                                                                                "Actual Startup Time": 54.079,
                                                                                                "Actual Total Time": 474.671,
                                                                                                "Actual Rows": 1869,
                                                                                                "Actual Loops": 6,
                                                                                                "Inner Unique": true,
                                                                                                "Hash Cond": "((s.site_id = t1.site_id) AND (tq1.tag_id = t1.id))",
                                                                                                "Workers": [],
                                                                                                "Plans": [
                                                                                                    {
                                                                                                        "Node Type": "Hash Join",
                                                                                                        "Parent Relationship": "Outer",
                                                                                                        "Parallel Aware": false,
                                                                                                        "Async Capable": false,
                                                                                                        "Join Type": "Inner",
                                                                                                        "Startup Cost": 3.64,
                                                                                                        "Total Cost": 293001.69,
                                                                                                        "Plan Rows": 170561,
                                                                                                        "Plan Width": 16,
                                                                                                        "Actual Startup Time": 49.305,
                                                                                                        "Actual Total Time": 468.087,
                                                                                                        "Actual Rows": 42646,
                                                                                                        "Actual Loops": 6,
                                                                                                        "Inner Unique": true,
                                                                                                        "Hash Cond": "(tq1.site_id = s.site_id)",
                                                                                                        "Workers": [],
                                                                                                        "Plans": [
                                                                                                            {
                                                                                                                "Node Type": "Seq Scan",
                                                                                                                "Parent Relationship": "Outer",
                                                                                                                "Parallel Aware": true,
                                                                                                                "Async Capable": false,
                                                                                                                "Relation Name": "tag_question",
                                                                                                                "Alias": "tq1",
                                                                                                                "Startup Cost": 0.0,
                                                                                                                "Total Cost": 273159.66,
                                                                                                                "Plan Rows": 7376766,
                                                                                                                "Plan Width": 12,
                                                                                                                "Actual Startup Time": 0.017,
                                                                                                                "Actual Total Time": 253.356,
                                                                                                                "Actual Rows": 6147303,
                                                                                                                "Actual Loops": 6,
                                                                                                                "Workers": []
                                                                                                            },
                                                                                                            {
                                                                                                                "Node Type": "Hash",
                                                                                                                "Parent Relationship": "Inner",
                                                                                                                "Parallel Aware": false,
                                                                                                                "Async Capable": false,
                                                                                                                "Startup Cost": 3.59,
                                                                                                                "Total Cost": 3.59,
                                                                                                                "Plan Rows": 4,
                                                                                                                "Plan Width": 4,
                                                                                                                "Actual Startup Time": 0.028,
                                                                                                                "Actual Total Time": 0.028,
                                                                                                                "Actual Rows": 4,
                                                                                                                "Actual Loops": 6,
                                                                                                                "Hash Buckets": 1024,
                                                                                                                "Original Hash Buckets": 1024,
                                                                                                                "Hash Batches": 1,
                                                                                                                "Original Hash Batches": 1,
                                                                                                                "Peak Memory Usage": 9,
                                                                                                                "Workers": [],
                                                                                                                "Plans": [
                                                                                                                    {
                                                                                                                        "Node Type": "Seq Scan",
                                                                                                                        "Parent Relationship": "Outer",
                                                                                                                        "Parallel Aware": false,
                                                                                                                        "Async Capable": false,
                                                                                                                        "Relation Name": "site",
                                                                                                                        "Alias": "s",
                                                                                                                        "Startup Cost": 0.0,
                                                                                                                        "Total Cost": 3.59,
                                                                                                                        "Plan Rows": 4,
                                                                                                                        "Plan Width": 4,
                                                                                                                        "Actual Startup Time": 0.02,
                                                                                                                        "Actual Total Time": 0.026,
                                                                                                                        "Actual Rows": 4,
                                                                                                                        "Actual Loops": 6,
                                                                                                                        "Filter": "((site_name)::text = ANY ('{money,scifi,security,webapps}'::text[]))",
                                                                                                                        "Rows Removed by Filter": 169,
                                                                                                                        "Workers": []
                                                                                                                    }
                                                                                                                ]
                                                                                                            }
                                                                                                        ]
                                                                                                    },
                                                                                                    {
                                                                                                        "Node Type": "Hash",
                                                                                                        "Parent Relationship": "Inner",
                                                                                                        "Parallel Aware": true,
                                                                                                        "Async Capable": false,
                                                                                                        "Startup Cost": 3671.96,
                                                                                                        "Total Cost": 3671.96,
                                                                                                        "Plan Rows": 106,
                                                                                                        "Plan Width": 8,
                                                                                                        "Actual Startup Time": 4.7,
                                                                                                        "Actual Total Time": 4.701,
                                                                                                        "Actual Rows": 40,
                                                                                                        "Actual Loops": 6,
                                                                                                        "Hash Buckets": 1024,
                                                                                                        "Original Hash Buckets": 1024,
                                                                                                        "Hash Batches": 1,
                                                                                                        "Original Hash Batches": 1,
                                                                                                        "Peak Memory Usage": 200,
                                                                                                        "Workers": [],
                                                                                                        "Plans": [
                                                                                                            {
                                                                                                                "Node Type": "Seq Scan",
                                                                                                                "Parent Relationship": "Outer",
                                                                                                                "Parallel Aware": true,
                                                                                                                "Async Capable": false,
                                                                                                                "Relation Name": "tag",
                                                                                                                "Alias": "t1",
                                                                                                                "Startup Cost": 0.0,
                                                                                                                "Total Cost": 3671.96,
                                                                                                                "Plan Rows": 106,
                                                                                                                "Plan Width": 8,
                                                                                                                "Actual Startup Time": 0.073,
                                                                                                                "Actual Total Time": 4.672,
                                                                                                                "Actual Rows": 40,
                                                                                                                "Actual Loops": 6,
                                                                                                                "Filter": "((name)::text = ANY ('{aliens,canada,certificates,cryptography,dc,india,network,passwords,privacy,windows}'::text[]))",
                                                                                                                "Rows Removed by Filter": 31088,
                                                                                                                "Workers": []
                                                                                                            }
                                                                                                        ]
                                                                                                    }
                                                                                                ]
                                                                                            }
                                                                                        ]
                                                                                    }
                                                                                ]
                                                                            }
                                                                        ]
                                                                    }
                                                                ]
                                                            }
                                                        ]
                                                    }
                                                ]
                                            }
                                        ]
                                    }
                                ]
                            }
                        ]
                    },
                    "Planning Time": 41.835,
                    "Triggers": [],
                    "Execution Time": 6957.453
                }
            ],
            "hints": [
                "SET enable_hashjoin TO on",
                "SET enable_indexonlyscan TO on",
                "SET enable_indexscan TO on",
                "SET enable_mergejoin TO on",
                "SET enable_nestloop TO off",
                "SET enable_seqscan TO on"
            ]
        },
        {
            "arm": 2,
            "execution_time": 236.98,
            "plan": [
                {
                    "Plan": {
                        "Node Type": "Limit",
                        "Parallel Aware": false,
                        "Async Capable": false,
                        "Startup Cost": 5372.32,
                        "Total Cost": 5372.32,
                        "Plan Rows": 1,
                        "Plan Width": 26,
                        "Actual Startup Time": 236.861,
                        "Actual Total Time": 236.925,
                        "Actual Rows": 100,
                        "Actual Loops": 1,
                        "Plans": [
                            {
                                "Node Type": "Sort",
                                "Parent Relationship": "Outer",
                                "Parallel Aware": false,
                                "Async Capable": false,
                                "Startup Cost": 5372.32,
                                "Total Cost": 5372.32,
                                "Plan Rows": 1,
                                "Plan Width": 26,
                                "Actual Startup Time": 236.86,
                                "Actual Total Time": 236.92,
                                "Actual Rows": 100,
                                "Actual Loops": 1,
                                "Sort Key": [
                                    "(count(*)) DESC"
                                ],
                                "Sort Method": "quicksort",
                                "Sort Space Used": 37,
                                "Sort Space Type": "Memory",
                                "Plans": [
                                    {
                                        "Node Type": "Aggregate",
                                        "Strategy": "Sorted",
                                        "Partial Mode": "Simple",
                                        "Parent Relationship": "Outer",
                                        "Parallel Aware": false,
                                        "Async Capable": false,
                                        "Startup Cost": 5372.29,
                                        "Total Cost": 5372.31,
                                        "Plan Rows": 1,
                                        "Plan Width": 26,
                                        "Actual Startup Time": 236.563,
                                        "Actual Total Time": 236.892,
                                        "Actual Rows": 200,
                                        "Actual Loops": 1,
                                        "Group Key": [
                                            "acc.location"
                                        ],
                                        "Plans": [
                                            {
                                                "Node Type": "Sort",
                                                "Parent Relationship": "Outer",
                                                "Parallel Aware": false,
                                                "Async Capable": false,
                                                "Startup Cost": 5372.29,
                                                "Total Cost": 5372.29,
                                                "Plan Rows": 1,
                                                "Plan Width": 18,
                                                "Actual Startup Time": 236.557,
                                                "Actual Total Time": 236.705,
                                                "Actual Rows": 3809,
                                                "Actual Loops": 1,
                                                "Sort Key": [
                                                    "acc.location"
                                                ],
                                                "Sort Method": "quicksort",
                                                "Sort Space Used": 160,
                                                "Sort Space Type": "Memory",
                                                "Plans": [
                                                    {
                                                        "Node Type": "Nested Loop",
                                                        "Parent Relationship": "Outer",
                                                        "Parallel Aware": false,
                                                        "Async Capable": false,
                                                        "Join Type": "Inner",
                                                        "Startup Cost": 1027.8,
                                                        "Total Cost": 5372.28,
                                                        "Plan Rows": 1,
                                                        "Plan Width": 18,
                                                        "Actual Startup Time": 6.29,
                                                        "Actual Total Time": 235.94,
                                                        "Actual Rows": 3809,
                                                        "Actual Loops": 1,
                                                        "Inner Unique": true,
                                                        "Plans": [
                                                            {
                                                                "Node Type": "Nested Loop",
                                                                "Parent Relationship": "Outer",
                                                                "Parallel Aware": false,
                                                                "Async Capable": false,
                                                                "Join Type": "Inner",
                                                                "Startup Cost": 1023.97,
                                                                "Total Cost": 5364.44,
                                                                "Plan Rows": 1,
                                                                "Plan Width": 4,
                                                                "Actual Startup Time": 6.284,
                                                                "Actual Total Time": 229.548,
                                                                "Actual Rows": 3809,
                                                                "Actual Loops": 1,
                                                                "Inner Unique": false,
                                                                "Join Filter": "(s.site_id = b.site_id)",
                                                                "Rows Removed by Join Filter": 0,
                                                                "Plans": [
                                                                    {
                                                                        "Node Type": "Nested Loop",
                                                                        "Parent Relationship": "Outer",
                                                                        "Parallel Aware": false,
                                                                        "Async Capable": false,
                                                                        "Join Type": "Inner",
                                                                        "Startup Cost": 1019.98,
                                                                        "Total Cost": 5356.41,
                                                                        "Plan Rows": 1,
                                                                        "Plan Width": 36,
                                                                        "Actual Startup Time": 6.247,
                                                                        "Actual Total Time": 19.029,
                                                                        "Actual Rows": 1502,
                                                                        "Actual Loops": 1,
                                                                        "Inner Unique": true,
                                                                        "Join Filter": "(s.site_id = q1.site_id)",
                                                                        "Rows Removed by Join Filter": 0,
                                                                        "Plans": [
                                                                            {
                                                                                "Node Type": "Gather",
                                                                                "Parent Relationship": "Outer",
                                                                                "Parallel Aware": false,
                                                                                "Async Capable": false,
                                                                                "Startup Cost": 1016.16,
                                                                                "Total Cost": 5348.56,
                                                                                "Plan Rows": 1,
                                                                                "Plan Width": 40,
                                                                                "Actual Startup Time": 6.19,
                                                                                "Actual Total Time": 8.824,
                                                                                "Actual Rows": 3999,
                                                                                "Actual Loops": 1,
                                                                                "Workers Planned": 1,
                                                                                "Workers Launched": 1,
                                                                                "Single Copy": false,
                                                                                "Plans": [
                                                                                    {
                                                                                        "Node Type": "Nested Loop",
                                                                                        "Parent Relationship": "Outer",
                                                                                        "Parallel Aware": false,
                                                                                        "Async Capable": false,
                                                                                        "Join Type": "Inner",
                                                                                        "Startup Cost": 16.16,
                                                                                        "Total Cost": 4348.46,
                                                                                        "Plan Rows": 1,
                                                                                        "Plan Width": 40,
                                                                                        "Actual Startup Time": 4.622,
                                                                                        "Actual Total Time": 38.406,
                                                                                        "Actual Rows": 2000,
                                                                                        "Actual Loops": 2,
                                                                                        "Inner Unique": true,
                                                                                        "Join Filter": "(s.site_id = u1.site_id)",
                                                                                        "Rows Removed by Join Filter": 0,
                                                                                        "Workers": [],
                                                                                        "Plans": [
                                                                                            {
                                                                                                "Node Type": "Nested Loop",
                                                                                                "Parent Relationship": "Outer",
                                                                                                "Parallel Aware": false,
                                                                                                "Async Capable": false,
                                                                                                "Join Type": "Inner",
                                                                                                "Startup Cost": 12.34,
                                                                                                "Total Cost": 4340.61,
                                                                                                "Plan Rows": 1,
                                                                                                "Plan Width": 28,
                                                                                                "Actual Startup Time": 4.607,
                                                                                                "Actual Total Time": 27.994,
                                                                                                "Actual Rows": 3587,
                                                                                                "Actual Loops": 2,
                                                                                                "Inner Unique": false,
                                                                                                "Join Filter": "(s.site_id = a1.site_id)",
                                                                                                "Rows Removed by Join Filter": 0,
                                                                                                "Workers": [],
                                                                                                "Plans": [
                                                                                                    {
                                                                                                        "Node Type": "Nested Loop",
                                                                                                        "Parent Relationship": "Outer",
                                                                                                        "Parallel Aware": false,
                                                                                                        "Async Capable": false,
                                                                                                        "Join Type": "Inner",
                                                                                                        "Startup Cost": 8.53,
                                                                                                        "Total Cost": 3933.04,
                                                                                                        "Plan Rows": 52,
                                                                                                        "Plan Width": 16,
                                                                                                        "Actual Startup Time": 4.59,
                                                                                                        "Actual Total Time": 16.219,
                                                                                                        "Actual Rows": 5607,
                                                                                                        "Actual Loops": 2,
                                                                                                        "Inner Unique": false,
                                                                                                        "Join Filter": "(s.site_id = tq1.site_id)",
                                                                                                        "Rows Removed by Join Filter": 0,
                                                                                                        "Workers": [],
                                                                                                        "Plans": [
                                                                                                            {
                                                                                                                "Node Type": "Hash Join",
                                                                                                                "Parent Relationship": "Outer",
                                                                                                                "Parallel Aware": false,
                                                                                                                "Async Capable": false,
                                                                                                                "Join Type": "Inner",
                                                                                                                "Startup Cost": 3.64,
                                                                                                                "Total Cost": 3675.89,
                                                                                                                "Plan Rows": 2,
                                                                                                                "Plan Width": 12,
                                                                                                                "Actual Startup Time": 4.511,
                                                                                                                "Actual Total Time": 12.446,
                                                                                                                "Actual Rows": 7,
                                                                                                                "Actual Loops": 2,
                                                                                                                "Inner Unique": true,
                                                                                                                "Hash Cond": "(t1.site_id = s.site_id)",
                                                                                                                "Workers": [],
                                                                                                                "Plans": [
                                                                                                                    {
                                                                                                                        "Node Type": "Seq Scan",
                                                                                                                        "Parent Relationship": "Outer",
                                                                                                                        "Parallel Aware": true,
                                                                                                                        "Async Capable": false,
                                                                                                                        "Relation Name": "tag",
                                                                                                                        "Alias": "t1",
                                                                                                                        "Startup Cost": 0.0,
                                                                                                                        "Total Cost": 3671.96,
                                                                                                                        "Plan Rows": 106,
                                                                                                                        "Plan Width": 8,
                                                                                                                        "Actual Startup Time": 0.05,
                                                                                                                        "Actual Total Time": 12.372,
                                                                                                                        "Actual Rows": 120,
                                                                                                                        "Actual Loops": 2,
                                                                                                                        "Filter": "((name)::text = ANY ('{aliens,canada,certificates,cryptography,dc,india,network,passwords,privacy,windows}'::text[]))",
                                                                                                                        "Rows Removed by Filter": 93265,
                                                                                                                        "Workers": []
                                                                                                                    },
                                                                                                                    {
                                                                                                                        "Node Type": "Hash",
                                                                                                                        "Parent Relationship": "Inner",
                                                                                                                        "Parallel Aware": false,
                                                                                                                        "Async Capable": false,
                                                                                                                        "Startup Cost": 3.59,
                                                                                                                        "Total Cost": 3.59,
                                                                                                                        "Plan Rows": 4,
                                                                                                                        "Plan Width": 4,
                                                                                                                        "Actual Startup Time": 0.022,
                                                                                                                        "Actual Total Time": 0.022,
                                                                                                                        "Actual Rows": 4,
                                                                                                                        "Actual Loops": 2,
                                                                                                                        "Hash Buckets": 1024,
                                                                                                                        "Original Hash Buckets": 1024,
                                                                                                                        "Hash Batches": 1,
                                                                                                                        "Original Hash Batches": 1,
                                                                                                                        "Peak Memory Usage": 9,
                                                                                                                        "Workers": [],
                                                                                                                        "Plans": [
                                                                                                                            {
                                                                                                                                "Node Type": "Seq Scan",
                                                                                                                                "Parent Relationship": "Outer",
                                                                                                                                "Parallel Aware": false,
                                                                                                                                "Async Capable": false,
                                                                                                                                "Relation Name": "site",
                                                                                                                                "Alias": "s",
                                                                                                                                "Startup Cost": 0.0,
                                                                                                                                "Total Cost": 3.59,
                                                                                                                                "Plan Rows": 4,
                                                                                                                                "Plan Width": 4,
                                                                                                                                "Actual Startup Time": 0.013,
                                                                                                                                "Actual Total Time": 0.018,
                                                                                                                                "Actual Rows": 4,
                                                                                                                                "Actual Loops": 2,
                                                                                                                                "Filter": "((site_name)::text = ANY ('{money,scifi,security,webapps}'::text[]))",
                                                                                                                                "Rows Removed by Filter": 169,
                                                                                                                                "Workers": []
                                                                                                                            }
                                                                                                                        ]
                                                                                                                    }
                                                                                                                ]
                                                                                                            },
                                                                                                            {
                                                                                                                "Node Type": "Bitmap Heap Scan",
                                                                                                                "Parent Relationship": "Inner",
                                                                                                                "Parallel Aware": false,
                                                                                                                "Async Capable": false,
                                                                                                                "Relation Name": "tag_question",
                                                                                                                "Alias": "tq1",
                                                                                                                "Startup Cost": 4.88,
                                                                                                                "Total Cost": 128.19,
                                                                                                                "Plan Rows": 31,
                                                                                                                "Plan Width": 12,
                                                                                                                "Actual Startup Time": 0.067,
                                                                                                                "Actual Total Time": 0.474,
                                                                                                                "Actual Rows": 801,
                                                                                                                "Actual Loops": 14,
                                                                                                                "Recheck Cond": "((t1.site_id = site_id) AND (t1.id = tag_id))",
                                                                                                                "Rows Removed by Index Recheck": 0,
                                                                                                                "Exact Heap Blocks": 283,
                                                                                                                "Lossy Heap Blocks": 0,
                                                                                                                "Workers": [],
                                                                                                                "Plans": [
                                                                                                                    {
                                                                                                                        "Node Type": "Bitmap Index Scan",
                                                                                                                        "Parent Relationship": "Outer",
                                                                                                                        "Parallel Aware": false,
                                                                                                                        "Async Capable": false,
                                                                                                                        "Index Name": "tag_question_site_id_tag_id_question_id_idx",
                                                                                                                        "Startup Cost": 0.0,
                                                                                                                        "Total Cost": 4.88,
                                                                                                                        "Plan Rows": 31,
                                                                                                                        "Plan Width": 0,
                                                                                                                        "Actual Startup Time": 0.046,
                                                                                                                        "Actual Total Time": 0.046,
                                                                                                                        "Actual Rows": 801,
                                                                                                                        "Actual Loops": 14,
                                                                                                                        "Index Cond": "((site_id = t1.site_id) AND (tag_id = t1.id))",
                                                                                                                        "Workers": []
                                                                                                                    }
                                                                                                                ]
                                                                                                            }
                                                                                                        ]
                                                                                                    },
                                                                                                    {
                                                                                                        "Node Type": "Bitmap Heap Scan",
                                                                                                        "Parent Relationship": "Inner",
                                                                                                        "Parallel Aware": false,
                                                                                                        "Async Capable": false,
                                                                                                        "Relation Name": "answer",
                                                                                                        "Alias": "a1",
                                                                                                        "Startup Cost": 3.81,
                                                                                                        "Total Cost": 7.83,
                                                                                                        "Plan Rows": 1,
                                                                                                        "Plan Width": 12,
                                                                                                        "Actual Startup Time": 0.002,
                                                                                                        "Actual Total Time": 0.002,
                                                                                                        "Actual Rows": 1,
                                                                                                        "Actual Loops": 11214,
                                                                                                        "Recheck Cond": "((site_id = tq1.site_id) AND (tq1.question_id = question_id))",
                                                                                                        "Rows Removed by Index Recheck": 0,
                                                                                                        "Exact Heap Blocks": 297,
                                                                                                        "Lossy Heap Blocks": 0,
                                                                                                        "Workers": [],
                                                                                                        "Plans": [
                                                                                                            {
                                                                                                                "Node Type": "Bitmap Index Scan",
                                                                                                                "Parent Relationship": "Outer",
                                                                                                                "Parallel Aware": false,
                                                                                                                "Async Capable": false,
                                                                                                                "Index Name": "answer_site_id_question_id_idx",
                                                                                                                "Startup Cost": 0.0,
                                                                                                                "Total Cost": 3.81,
                                                                                                                "Plan Rows": 1,
                                                                                                                "Plan Width": 0,
                                                                                                                "Actual Startup Time": 0.001,
                                                                                                                "Actual Total Time": 0.001,
                                                                                                                "Actual Rows": 1,
                                                                                                                "Actual Loops": 11214,
                                                                                                                "Index Cond": "((site_id = tq1.site_id) AND (question_id = tq1.question_id))",
                                                                                                                "Workers": []
                                                                                                            }
                                                                                                        ]
                                                                                                    }
                                                                                                ]
                                                                                            },
                                                                                            {
                                                                                                "Node Type": "Bitmap Heap Scan",
                                                                                                "Parent Relationship": "Inner",
                                                                                                "Parallel Aware": false,
                                                                                                "Async Capable": false,
                                                                                                "Relation Name": "so_user",
                                                                                                "Alias": "u1",
                                                                                                "Startup Cost": 3.82,
                                                                                                "Total Cost": 7.84,
                                                                                                "Plan Rows": 1,
                                                                                                "Plan Width": 12,
                                                                                                "Actual Startup Time": 0.003,
                                                                                                "Actual Total Time": 0.003,
                                                                                                "Actual Rows": 1,
                                                                                                "Actual Loops": 7174,
                                                                                                "Recheck Cond": "((id = a1.owner_user_id) AND (site_id = a1.site_id))",
                                                                                                "Rows Removed by Index Recheck": 0,
                                                                                                "Filter": "((downvotes >= 10) AND (downvotes <= 100000))",
                                                                                                "Rows Removed by Filter": 0,
                                                                                                "Exact Heap Blocks": 325,
                                                                                                "Lossy Heap Blocks": 0,
                                                                                                "Workers": [],
                                                                                                "Plans": [
                                                                                                    {
                                                                                                        "Node Type": "Bitmap Index Scan",
                                                                                                        "Parent Relationship": "Outer",
                                                                                                        "Parallel Aware": false,
                                                                                                        "Async Capable": false,
                                                                                                        "Index Name": "so_user_pkey",
                                                                                                        "Startup Cost": 0.0,
                                                                                                        "Total Cost": 3.82,
                                                                                                        "Plan Rows": 1,
                                                                                                        "Plan Width": 0,
                                                                                                        "Actual Startup Time": 0.002,
                                                                                                        "Actual Total Time": 0.002,
                                                                                                        "Actual Rows": 1,
                                                                                                        "Actual Loops": 7174,
                                                                                                        "Index Cond": "((id = a1.owner_user_id) AND (site_id = a1.site_id))",
                                                                                                        "Workers": []
                                                                                                    }
                                                                                                ]
                                                                                            }
                                                                                        ]
                                                                                    }
                                                                                ]
                                                                            },
                                                                            {
                                                                                "Node Type": "Bitmap Heap Scan",
                                                                                "Parent Relationship": "Inner",
                                                                                "Parallel Aware": false,
                                                                                "Async Capable": false,
                                                                                "Relation Name": "question",
                                                                                "Alias": "q1",
                                                                                "Startup Cost": 3.82,
                                                                                "Total Cost": 7.84,
                                                                                "Plan Rows": 1,
                                                                                "Plan Width": 8,
                                                                                "Actual Startup Time": 0.002,
                                                                                "Actual Total Time": 0.002,
                                                                                "Actual Rows": 0,
                                                                                "Actual Loops": 3999,
                                                                                "Recheck Cond": "((id = tq1.question_id) AND (site_id = tq1.site_id))",
                                                                                "Rows Removed by Index Recheck": 0,
                                                                                "Filter": "((view_count >= 10) AND (view_count <= 1000))",
                                                                                "Rows Removed by Filter": 1,
                                                                                "Exact Heap Blocks": 3999,
                                                                                "Lossy Heap Blocks": 0,
                                                                                "Plans": [
                                                                                    {
                                                                                        "Node Type": "Bitmap Index Scan",
                                                                                        "Parent Relationship": "Outer",
                                                                                        "Parallel Aware": false,
                                                                                        "Async Capable": false,
                                                                                        "Index Name": "question_pkey",
                                                                                        "Startup Cost": 0.0,
                                                                                        "Total Cost": 3.82,
                                                                                        "Plan Rows": 1,
                                                                                        "Plan Width": 0,
                                                                                        "Actual Startup Time": 0.002,
                                                                                        "Actual Total Time": 0.002,
                                                                                        "Actual Rows": 1,
                                                                                        "Actual Loops": 3999,
                                                                                        "Index Cond": "((id = tq1.question_id) AND (site_id = tq1.site_id))"
                                                                                    }
                                                                                ]
                                                                            }
                                                                        ]
                                                                    },
                                                                    {
                                                                        "Node Type": "Bitmap Heap Scan",
                                                                        "Parent Relationship": "Inner",
                                                                        "Parallel Aware": false,
                                                                        "Async Capable": false,
                                                                        "Relation Name": "badge",
                                                                        "Alias": "b",
                                                                        "Startup Cost": 4.0,
                                                                        "Total Cost": 8.01,
                                                                        "Plan Rows": 1,
                                                                        "Plan Width": 8,
                                                                        "Actual Startup Time": 0.038,
                                                                        "Actual Total Time": 0.14,
                                                                        "Actual Rows": 3,
                                                                        "Actual Loops": 1502,
                                                                        "Recheck Cond": "((a1.site_id = site_id) AND (user_id = a1.owner_user_id))",
                                                                        "Rows Removed by Index Recheck": 0,
                                                                        "Filter": "((name)::text = ANY ('{\"Citizen Patrol\",Excavator,Informed}'::text[]))",
                                                                        "Rows Removed by Filter": 449,
                                                                        "Exact Heap Blocks": 322026,
                                                                        "Lossy Heap Blocks": 0,
                                                                        "Plans": [
                                                                            {
                                                                                "Node Type": "Bitmap Index Scan",
                                                                                "Parent Relationship": "Outer",
                                                                                "Parallel Aware": false,
                                                                                "Async Capable": false,
                                                                                "Index Name": "badge_pkey",
                                                                                "Startup Cost": 0.0,
                                                                                "Total Cost": 4.0,
                                                                                "Plan Rows": 1,
                                                                                "Plan Width": 0,
                                                                                "Actual Startup Time": 0.019,
                                                                                "Actual Total Time": 0.019,
                                                                                "Actual Rows": 451,
                                                                                "Actual Loops": 1502,
                                                                                "Index Cond": "((site_id = a1.site_id) AND (user_id = a1.owner_user_id))"
                                                                            }
                                                                        ]
                                                                    }
                                                                ]
                                                            },
                                                            {
                                                                "Node Type": "Bitmap Heap Scan",
                                                                "Parent Relationship": "Inner",
                                                                "Parallel Aware": false,
                                                                "Async Capable": false,
                                                                "Relation Name": "account",
                                                                "Alias": "acc",
                                                                "Startup Cost": 3.83,
                                                                "Total Cost": 7.84,
                                                                "Plan Rows": 1,
                                                                "Plan Width": 22,
                                                                "Actual Startup Time": 0.001,
                                                                "Actual Total Time": 0.001,
                                                                "Actual Rows": 1,
                                                                "Actual Loops": 3809,
                                                                "Recheck Cond": "(id = u1.account_id)",
                                                                "Rows Removed by Index Recheck": 0,
                                                                "Exact Heap Blocks": 3809,
                                                                "Lossy Heap Blocks": 0,
                                                                "Plans": [
                                                                    {
                                                                        "Node Type": "Bitmap Index Scan",
                                                                        "Parent Relationship": "Outer",
                                                                        "Parallel Aware": false,
                                                                        "Async Capable": false,
                                                                        "Index Name": "account_pkey",
                                                                        "Startup Cost": 0.0,
                                                                        "Total Cost": 3.83,
                                                                        "Plan Rows": 1,
                                                                        "Plan Width": 0,
                                                                        "Actual Startup Time": 0.001,
                                                                        "Actual Total Time": 0.001,
                                                                        "Actual Rows": 1,
                                                                        "Actual Loops": 3809,
                                                                        "Index Cond": "(id = u1.account_id)"
                                                                    }
                                                                ]
                                                            }
                                                        ]
                                                    }
                                                ]
                                            }
                                        ]
                                    }
                                ]
                            }
                        ]
                    },
                    "Planning Time": 20.407,
                    "Triggers": [],
                    "Execution Time": 236.98
                }
            ],
            "hints": [
                "SET enable_hashjoin TO on",
                "SET enable_indexonlyscan TO on",
                "SET enable_indexscan TO off",
                "SET enable_mergejoin TO off",
                "SET enable_nestloop TO on",
                "SET enable_seqscan TO on"
            ]
        },
        {
            "arm": 3,
            "execution_time": 12279.465,
            "plan": [
                {
                    "Plan": {
                        "Node Type": "Limit",
                        "Parallel Aware": false,
                        "Async Capable": false,
                        "Startup Cost": 3671322.33,
                        "Total Cost": 3671322.33,
                        "Plan Rows": 1,
                        "Plan Width": 26,
                        "Actual Startup Time": 11060.082,
                        "Actual Total Time": 12279.409,
                        "Actual Rows": 100,
                        "Actual Loops": 1,
                        "Plans": [
                            {
                                "Node Type": "Sort",
                                "Parent Relationship": "Outer",
                                "Parallel Aware": false,
                                "Async Capable": false,
                                "Startup Cost": 3671322.33,
                                "Total Cost": 3671322.33,
                                "Plan Rows": 1,
                                "Plan Width": 26,
                                "Actual Startup Time": 11060.081,
                                "Actual Total Time": 12279.404,
                                "Actual Rows": 100,
                                "Actual Loops": 1,
                                "Sort Key": [
                                    "(count(*)) DESC"
                                ],
                                "Sort Method": "quicksort",
                                "Sort Space Used": 37,
                                "Sort Space Type": "Memory",
                                "Plans": [
                                    {
                                        "Node Type": "Aggregate",
                                        "Strategy": "Sorted",
                                        "Partial Mode": "Simple",
                                        "Parent Relationship": "Outer",
                                        "Parallel Aware": false,
                                        "Async Capable": false,
                                        "Startup Cost": 3671322.18,
                                        "Total Cost": 3671322.32,
                                        "Plan Rows": 1,
                                        "Plan Width": 26,
                                        "Actual Startup Time": 11059.417,
                                        "Actual Total Time": 12279.376,
                                        "Actual Rows": 200,
                                        "Actual Loops": 1,
                                        "Group Key": [
                                            "acc.location"
                                        ],
                                        "Plans": [
                                            {
                                                "Node Type": "Gather Merge",
                                                "Parent Relationship": "Outer",
                                                "Parallel Aware": false,
                                                "Async Capable": false,
                                                "Startup Cost": 3671322.18,
                                                "Total Cost": 3671322.3,
                                                "Plan Rows": 1,
                                                "Plan Width": 18,
                                                "Actual Startup Time": 11059.411,
                                                "Actual Total Time": 12279.195,
                                                "Actual Rows": 3809,
                                                "Actual Loops": 1,
                                                "Workers Planned": 5,
                                                "Workers Launched": 5,
                                                "Plans": [
                                                    {
                                                        "Node Type": "Sort",
                                                        "Parent Relationship": "Outer",
                                                        "Parallel Aware": false,
                                                        "Async Capable": false,
                                                        "Startup Cost": 3670322.1,
                                                        "Total Cost": 3670322.1,
                                                        "Plan Rows": 1,
                                                        "Plan Width": 18,
                                                        "Actual Startup Time": 11056.704,
                                                        "Actual Total Time": 11056.827,
                                                        "Actual Rows": 635,
                                                        "Actual Loops": 6,
                                                        "Sort Key": [
                                                            "acc.location"
                                                        ],
                                                        "Sort Method": "quicksort",
                                                        "Sort Space Used": 30,
                                                        "Sort Space Type": "Memory",
                                                        "Workers": [
                                                            {
                                                                "Worker Number": 0,
                                                                "Sort Method": "quicksort",
                                                                "Sort Space Used": 70,
                                                                "Sort Space Type": "Memory"
                                                            },
                                                            {
                                                                "Worker Number": 1,
                                                                "Sort Method": "quicksort",
                                                                "Sort Space Used": 36,
                                                                "Sort Space Type": "Memory"
                                                            },
                                                            {
                                                                "Worker Number": 2,
                                                                "Sort Method": "quicksort",
                                                                "Sort Space Used": 34,
                                                                "Sort Space Type": "Memory"
                                                            },
                                                            {
                                                                "Worker Number": 3,
                                                                "Sort Method": "quicksort",
                                                                "Sort Space Used": 30,
                                                                "Sort Space Type": "Memory"
                                                            },
                                                            {
                                                                "Worker Number": 4,
                                                                "Sort Method": "quicksort",
                                                                "Sort Space Used": 33,
                                                                "Sort Space Type": "Memory"
                                                            }
                                                        ],
                                                        "Plans": [
                                                            {
                                                                "Node Type": "Hash Join",
                                                                "Parent Relationship": "Outer",
                                                                "Parallel Aware": true,
                                                                "Async Capable": false,
                                                                "Join Type": "Inner",
                                                                "Startup Cost": 3517867.28,
                                                                "Total Cost": 3670322.09,
                                                                "Plan Rows": 1,
                                                                "Plan Width": 18,
                                                                "Actual Startup Time": 10797.232,
                                                                "Actual Total Time": 11056.643,
                                                                "Actual Rows": 635,
                                                                "Actual Loops": 6,
                                                                "Inner Unique": false,
                                                                "Hash Cond": "(acc.id = u1.account_id)",
                                                                "Workers": [],
                                                                "Plans": [
                                                                    {
                                                                        "Node Type": "Seq Scan",
                                                                        "Parent Relationship": "Outer",
                                                                        "Parallel Aware": true,
                                                                        "Async Capable": false,
                                                                        "Relation Name": "account",
                                                                        "Alias": "acc",
                                                                        "Startup Cost": 0.0,
                                                                        "Total Cost": 142069.67,
                                                                        "Plan Rows": 2769367,
                                                                        "Plan Width": 22,
                                                                        "Actual Startup Time": 0.014,
                                                                        "Actual Total Time": 106.936,
                                                                        "Actual Rows": 2312026,
                                                                        "Actual Loops": 6,
                                                                        "Workers": []
                                                                    },
                                                                    {
                                                                        "Node Type": "Hash",
                                                                        "Parent Relationship": "Inner",
                                                                        "Parallel Aware": true,
                                                                        "Async Capable": false,
                                                                        "Startup Cost": 3517867.27,
                                                                        "Total Cost": 3517867.27,
                                                                        "Plan Rows": 1,
                                                                        "Plan Width": 4,
                                                                        "Actual Startup Time": 10797.068,
                                                                        "Actual Total Time": 10797.174,
                                                                        "Actual Rows": 635,
                                                                        "Actual Loops": 6,
                                                                        "Hash Buckets": 1024,
                                                                        "Original Hash Buckets": 1024,
                                                                        "Hash Batches": 1,
                                                                        "Original Hash Batches": 1,
                                                                        "Peak Memory Usage": 200,
                                                                        "Workers": [],
                                                                        "Plans": [
                                                                            {
                                                                                "Node Type": "Hash Join",
                                                                                "Parent Relationship": "Outer",
                                                                                "Parallel Aware": true,
                                                                                "Async Capable": false,
                                                                                "Join Type": "Inner",
                                                                                "Startup Cost": 2750464.79,
                                                                                "Total Cost": 3517867.27,
                                                                                "Plan Rows": 1,
                                                                                "Plan Width": 4,
                                                                                "Actual Startup Time": 10031.113,
                                                                                "Actual Total Time": 10796.974,
                                                                                "Actual Rows": 635,
                                                                                "Actual Loops": 6,
                                                                                "Inner Unique": false,
                                                                                "Hash Cond": "((u1.site_id = s.site_id) AND (a1.question_id = q1.id) AND (a1.owner_user_id = b.user_id))",
                                                                                "Workers": [],
                                                                                "Plans": [
                                                                                    {
                                                                                        "Node Type": "Hash Join",
                                                                                        "Parent Relationship": "Outer",
                                                                                        "Parallel Aware": true,
                                                                                        "Async Capable": false,
                                                                                        "Join Type": "Inner",
                                                                                        "Startup Cost": 260914.67,
                                                                                        "Total Cost": 1028248.12,
                                                                                        "Plan Rows": 6135,
                                                                                        "Plan Width": 24,
                                                                                        "Actual Startup Time": 179.977,
                                                                                        "Actual Total Time": 587.576,
                                                                                        "Actual Rows": 645454,
                                                                                        "Actual Loops": 6,
                                                                                        "Inner Unique": true,
                                                                                        "Hash Cond": "((a1.site_id = u1.site_id) AND (a1.owner_user_id = u1.id))",
                                                                                        "Workers": [],
                                                                                        "Plans": [
                                                                                            {
                                                                                                "Node Type": "Seq Scan",
                                                                                                "Parent Relationship": "Outer",
                                                                                                "Parallel Aware": true,
                                                                                                "Async Capable": false,
                                                                                                "Relation Name": "answer",
                                                                                                "Alias": "a1",
                                                                                                "Startup Cost": 0.0,
                                                                                                "Total Cost": 762572.49,
                                                                                                "Plan Rows": 906849,
                                                                                                "Plan Width": 12,
                                                                                                "Actual Startup Time": 0.013,
                                                                                                "Actual Total Time": 237.617,
                                                                                                "Actual Rows": 1057926,
                                                                                                "Actual Loops": 6,
                                                                                                "Workers": []
                                                                                            },
                                                                                            {
                                                                                                "Node Type": "Hash",
                                                                                                "Parent Relationship": "Inner",
                                                                                                "Parallel Aware": true,
                                                                                                "Async Capable": false,
                                                                                                "Startup Cost": 260486.52,
                                                                                                "Total Cost": 260486.52,
                                                                                                "Plan Rows": 28543,
                                                                                                "Plan Width": 12,
                                                                                                "Actual Startup Time": 179.85,
                                                                                                "Actual Total Time": 179.85,
                                                                                                "Actual Rows": 23413,
                                                                                                "Actual Loops": 6,
                                                                                                "Hash Buckets": 262144,
                                                                                                "Original Hash Buckets": 262144,
                                                                                                "Hash Batches": 1,
                                                                                                "Original Hash Batches": 1,
                                                                                                "Peak Memory Usage": 8768,
                                                                                                "Workers": [],
                                                                                                "Plans": [
                                                                                                    {
                                                                                                        "Node Type": "Seq Scan",
                                                                                                        "Parent Relationship": "Outer",
                                                                                                        "Parallel Aware": true,
                                                                                                        "Async Capable": false,
                                                                                                        "Relation Name": "so_user",
                                                                                                        "Alias": "u1",
                                                                                                        "Startup Cost": 0.0,
                                                                                                        "Total Cost": 260486.52,
                                                                                                        "Plan Rows": 28543,
                                                                                                        "Plan Width": 12,
                                                                                                        "Actual Startup Time": 0.036,
                                                                                                        "Actual Total Time": 176.465,
                                                                                                        "Actual Rows": 23413,
                                                                                                        "Actual Loops": 6,
                                                                                                        "Filter": "((downvotes >= 10) AND (downvotes <= 100000))",
                                                                                                        "Rows Removed by Filter": 3492804,
                                                                                                        "Workers": []
                                                                                                    }
                                                                                                ]
                                                                                            }
                                                                                        ]
                                                                                    },
                                                                                    {
                                                                                        "Node Type": "Hash",
                                                                                        "Parent Relationship": "Inner",
                                                                                        "Parallel Aware": true,
                                                                                        "Async Capable": false,
                                                                                        "Startup Cost": 2489487.56,
                                                                                        "Total Cost": 2489487.56,
                                                                                        "Plan Rows": 3575,
                                                                                        "Plan Width": 32,
                                                                                        "Actual Startup Time": 9293.461,
                                                                                        "Actual Total Time": 9293.467,
                                                                                        "Actual Rows": 15867985,
                                                                                        "Actual Loops": 6,
                                                                                        "Hash Buckets": 262144,
                                                                                        "Original Hash Buckets": 32768,
                                                                                        "Hash Batches": 512,
                                                                                        "Original Hash Batches": 1,
                                                                                        "Peak Memory Usage": 13792,
                                                                                        "Workers": [],
                                                                                        "Plans": [
                                                                                            {
                                                                                                "Node Type": "Hash Join",
                                                                                                "Parent Relationship": "Outer",
                                                                                                "Parallel Aware": true,
                                                                                                "Async Capable": false,
                                                                                                "Join Type": "Inner",
                                                                                                "Startup Cost": 1998730.95,
                                                                                                "Total Cost": 2489487.56,
                                                                                                "Plan Rows": 3575,
                                                                                                "Plan Width": 32,
                                                                                                "Actual Startup Time": 3869.358,
                                                                                                "Actual Total Time": 5443.64,
                                                                                                "Actual Rows": 15867985,
                                                                                                "Actual Loops": 6,
                                                                                                "Inner Unique": false,
                                                                                                "Hash Cond": "(b.site_id = s.site_id)",
                                                                                                "Workers": [],
                                                                                                "Plans": [
                                                                                                    {
                                                                                                        "Node Type": "Seq Scan",
                                                                                                        "Parent Relationship": "Outer",
                                                                                                        "Parallel Aware": true,
                                                                                                        "Async Capable": false,
                                                                                                        "Relation Name": "badge",
                                                                                                        "Alias": "b",
                                                                                                        "Startup Cost": 0.0,
                                                                                                        "Total Cost": 488401.8,
                                                                                                        "Plan Rows": 618416,
                                                                                                        "Plan Width": 8,
                                                                                                        "Actual Startup Time": 0.026,
                                                                                                        "Actual Total Time": 672.451,
                                                                                                        "Actual Rows": 621393,
                                                                                                        "Actual Loops": 6,
                                                                                                        "Filter": "((name)::text = ANY ('{\"Citizen Patrol\",Excavator,Informed}'::text[]))",
                                                                                                        "Rows Removed by Filter": 7918091,
                                                                                                        "Workers": []
                                                                                                    },
                                                                                                    {
                                                                                                        "Node Type": "Hash",
                                                                                                        "Parent Relationship": "Inner",
                                                                                                        "Parallel Aware": true,
                                                                                                        "Async Capable": false,
                                                                                                        "Startup Cost": 1998730.94,
                                                                                                        "Total Cost": 1998730.94,
                                                                                                        "Plan Rows": 1,
                                                                                                        "Plan Width": 24,
                                                                                                        "Actual Startup Time": 3709.31,
                                                                                                        "Actual Total Time": 3709.314,
                                                                                                        "Actual Rows": 1081,
                                                                                                        "Actual Loops": 6,
                                                                                                        "Hash Buckets": 8192,
                                                                                                        "Original Hash Buckets": 1024,
                                                                                                        "Hash Batches": 1,
                                                                                                        "Original Hash Batches": 1,
                                                                                                        "Peak Memory Usage": 568,
                                                                                                        "Workers": [],
                                                                                                        "Plans": [
                                                                                                            {
                                                                                                                "Node Type": "Hash Join",
                                                                                                                "Parent Relationship": "Outer",
                                                                                                                "Parallel Aware": true,
                                                                                                                "Async Capable": false,
                                                                                                                "Join Type": "Inner",
                                                                                                                "Startup Cost": 297570.95,
                                                                                                                "Total Cost": 1998730.94,
                                                                                                                "Plan Rows": 1,
                                                                                                                "Plan Width": 24,
                                                                                                                "Actual Startup Time": 586.276,
                                                                                                                "Actual Total Time": 1194.169,
                                                                                                                "Actual Rows": 1081,
                                                                                                                "Actual Loops": 6,
                                                                                                                "Inner Unique": false,
                                                                                                                "Hash Cond": "((q1.site_id = s.site_id) AND (q1.id = tq1.question_id))",
                                                                                                                "Workers": [],
                                                                                                                "Plans": [
                                                                                                                    {
                                                                                                                        "Node Type": "Seq Scan",
                                                                                                                        "Parent Relationship": "Outer",
                                                                                                                        "Parallel Aware": true,
                                                                                                                        "Async Capable": false,
                                                                                                                        "Relation Name": "question",
                                                                                                                        "Alias": "q1",
                                                                                                                        "Startup Cost": 0.0,
                                                                                                                        "Total Cost": 1691290.18,
                                                                                                                        "Plan Rows": 1315973,
                                                                                                                        "Plan Width": 8,
                                                                                                                        "Actual Startup Time": 0.023,
                                                                                                                        "Actual Total Time": 582.456,
                                                                                                                        "Actual Rows": 1540858,
                                                                                                                        "Actual Loops": 6,
                                                                                                                        "Filter": "((view_count >= 10) AND (view_count <= 1000))",
                                                                                                                        "Rows Removed by Filter": 570216,
                                                                                                                        "Workers": []
                                                                                                                    },
                                                                                                                    {
                                                                                                                        "Node Type": "Hash",
                                                                                                                        "Parent Relationship": "Inner",
                                                                                                                        "Parallel Aware": true,
                                                                                                                        "Async Capable": false,
                                                                                                                        "Startup Cost": 297570.68,
                                                                                                                        "Total Cost": 297570.68,
                                                                                                                        "Plan Rows": 18,
                                                                                                                        "Plan Width": 16,
                                                                                                                        "Actual Startup Time": 473.922,
                                                                                                                        "Actual Total Time": 473.925,
                                                                                                                        "Actual Rows": 1869,
                                                                                                                        "Actual Loops": 6,
                                                                                                                        "Hash Buckets": 8192,
                                                                                                                        "Original Hash Buckets": 1024,
                                                                                                                        "Hash Batches": 1,
                                                                                                                        "Original Hash Batches": 1,
                                                                                                                        "Peak Memory Usage": 696,
                                                                                                                        "Workers": [],
                                                                                                                        "Plans": [
                                                                                                                            {
                                                                                                                                "Node Type": "Hash Join",
                                                                                                                                "Parent Relationship": "Outer",
                                                                                                                                "Parallel Aware": true,
                                                                                                                                "Async Capable": false,
                                                                                                                                "Join Type": "Inner",
                                                                                                                                "Startup Cost": 3677.19,
                                                                                                                                "Total Cost": 297570.68,
                                                                                                                                "Plan Rows": 18,
                                                                                                                                "Plan Width": 16,
                                                                                                                                "Actual Startup Time": 416.702,
                                                                                                                                "Actual Total Time": 470.707,
                                                                                                                                "Actual Rows": 1869,
                                                                                                                                "Actual Loops": 6,
                                                                                                                                "Inner Unique": true,
                                                                                                                                "Hash Cond": "((s.site_id = t1.site_id) AND (tq1.tag_id = t1.id))",
                                                                                                                                "Workers": [],
                                                                                                                                "Plans": [
                                                                                                                                    {
                                                                                                                                        "Node Type": "Hash Join",
                                                                                                                                        "Parent Relationship": "Outer",
                                                                                                                                        "Parallel Aware": false,
                                                                                                                                        "Async Capable": false,
                                                                                                                                        "Join Type": "Inner",
                                                                                                                                        "Startup Cost": 3.64,
                                                                                                                                        "Total Cost": 293001.69,
                                                                                                                                        "Plan Rows": 170561,
                                                                                                                                        "Plan Width": 16,
                                                                                                                                        "Actual Startup Time": 411.536,
                                                                                                                                        "Actual Total Time": 463.77,
                                                                                                                                        "Actual Rows": 42646,
                                                                                                                                        "Actual Loops": 6,
                                                                                                                                        "Inner Unique": true,
                                                                                                                                        "Hash Cond": "(tq1.site_id = s.site_id)",
                                                                                                                                        "Workers": [],
                                                                                                                                        "Plans": [
                                                                                                                                            {
                                                                                                                                                "Node Type": "Seq Scan",
                                                                                                                                                "Parent Relationship": "Outer",
                                                                                                                                                "Parallel Aware": true,
                                                                                                                                                "Async Capable": false,
                                                                                                                                                "Relation Name": "tag_question",
                                                                                                                                                "Alias": "tq1",
                                                                                                                                                "Startup Cost": 0.0,
                                                                                                                                                "Total Cost": 273159.66,
                                                                                                                                                "Plan Rows": 7376766,
                                                                                                                                                "Plan Width": 12,
                                                                                                                                                "Actual Startup Time": 0.028,
                                                                                                                                                "Actual Total Time": 249.544,
                                                                                                                                                "Actual Rows": 6147303,
                                                                                                                                                "Actual Loops": 6,
                                                                                                                                                "Workers": []
                                                                                                                                            },
                                                                                                                                            {
                                                                                                                                                "Node Type": "Hash",
                                                                                                                                                "Parent Relationship": "Inner",
                                                                                                                                                "Parallel Aware": false,
                                                                                                                                                "Async Capable": false,
                                                                                                                                                "Startup Cost": 3.59,
                                                                                                                                                "Total Cost": 3.59,
                                                                                                                                                "Plan Rows": 4,
                                                                                                                                                "Plan Width": 4,
                                                                                                                                                "Actual Startup Time": 0.028,
                                                                                                                                                "Actual Total Time": 0.028,
                                                                                                                                                "Actual Rows": 4,
                                                                                                                                                "Actual Loops": 6,
                                                                                                                                                "Hash Buckets": 1024,
                                                                                                                                                "Original Hash Buckets": 1024,
                                                                                                                                                "Hash Batches": 1,
                                                                                                                                                "Original Hash Batches": 1,
                                                                                                                                                "Peak Memory Usage": 9,
                                                                                                                                                "Workers": [],
                                                                                                                                                "Plans": [
                                                                                                                                                    {
                                                                                                                                                        "Node Type": "Seq Scan",
                                                                                                                                                        "Parent Relationship": "Outer",
                                                                                                                                                        "Parallel Aware": false,
                                                                                                                                                        "Async Capable": false,
                                                                                                                                                        "Relation Name": "site",
                                                                                                                                                        "Alias": "s",
                                                                                                                                                        "Startup Cost": 0.0,
                                                                                                                                                        "Total Cost": 3.59,
                                                                                                                                                        "Plan Rows": 4,
                                                                                                                                                        "Plan Width": 4,
                                                                                                                                                        "Actual Startup Time": 0.02,
                                                                                                                                                        "Actual Total Time": 0.026,
                                                                                                                                                        "Actual Rows": 4,
                                                                                                                                                        "Actual Loops": 6,
                                                                                                                                                        "Filter": "((site_name)::text = ANY ('{money,scifi,security,webapps}'::text[]))",
                                                                                                                                                        "Rows Removed by Filter": 169,
                                                                                                                                                        "Workers": []
                                                                                                                                                    }
                                                                                                                                                ]
                                                                                                                                            }
                                                                                                                                        ]
                                                                                                                                    },
                                                                                                                                    {
                                                                                                                                        "Node Type": "Hash",
                                                                                                                                        "Parent Relationship": "Inner",
                                                                                                                                        "Parallel Aware": true,
                                                                                                                                        "Async Capable": false,
                                                                                                                                        "Startup Cost": 3671.96,
                                                                                                                                        "Total Cost": 3671.96,
                                                                                                                                        "Plan Rows": 106,
                                                                                                                                        "Plan Width": 8,
                                                                                                                                        "Actual Startup Time": 5.088,
                                                                                                                                        "Actual Total Time": 5.089,
                                                                                                                                        "Actual Rows": 40,
                                                                                                                                        "Actual Loops": 6,
                                                                                                                                        "Hash Buckets": 1024,
                                                                                                                                        "Original Hash Buckets": 1024,
                                                                                                                                        "Hash Batches": 1,
                                                                                                                                        "Original Hash Batches": 1,
                                                                                                                                        "Peak Memory Usage": 200,
                                                                                                                                        "Workers": [],
                                                                                                                                        "Plans": [
                                                                                                                                            {
                                                                                                                                                "Node Type": "Seq Scan",
                                                                                                                                                "Parent Relationship": "Outer",
                                                                                                                                                "Parallel Aware": true,
                                                                                                                                                "Async Capable": false,
                                                                                                                                                "Relation Name": "tag",
                                                                                                                                                "Alias": "t1",
                                                                                                                                                "Startup Cost": 0.0,
                                                                                                                                                "Total Cost": 3671.96,
                                                                                                                                                "Plan Rows": 106,
                                                                                                                                                "Plan Width": 8,
                                                                                                                                                "Actual Startup Time": 0.087,
                                                                                                                                                "Actual Total Time": 5.015,
                                                                                                                                                "Actual Rows": 40,
                                                                                                                                                "Actual Loops": 6,
                                                                                                                                                "Filter": "((name)::text = ANY ('{aliens,canada,certificates,cryptography,dc,india,network,passwords,privacy,windows}'::text[]))",
                                                                                                                                                "Rows Removed by Filter": 31088,
                                                                                                                                                "Workers": []
                                                                                                                                            }
                                                                                                                                        ]
                                                                                                                                    }
                                                                                                                                ]
                                                                                                                            }
                                                                                                                        ]
                                                                                                                    }
                                                                                                                ]
                                                                                                            }
                                                                                                        ]
                                                                                                    }
                                                                                                ]
                                                                                            }
                                                                                        ]
                                                                                    }
                                                                                ]
                                                                            }
                                                                        ]
                                                                    }
                                                                ]
                                                            }
                                                        ]
                                                    }
                                                ]
                                            }
                                        ]
                                    }
                                ]
                            }
                        ]
                    },
                    "Planning Time": 18.293,
                    "Triggers": [],
                    "Execution Time": 12279.465
                }
            ],
            "hints": [
                "SET enable_hashjoin TO on",
                "SET enable_indexonlyscan TO on",
                "SET enable_indexscan TO off",
                "SET enable_mergejoin TO off",
                "SET enable_nestloop TO off",
                "SET enable_seqscan TO on"
            ]
        },
        {
            "arm": 4,
            "execution_time": 207.58,
            "plan": [
                {
                    "Plan": {
                        "Node Type": "Limit",
                        "Parallel Aware": false,
                        "Async Capable": false,
                        "Startup Cost": 5202.29,
                        "Total Cost": 5202.29,
                        "Plan Rows": 1,
                        "Plan Width": 26,
                        "Actual Startup Time": 207.476,
                        "Actual Total Time": 207.53,
                        "Actual Rows": 100,
                        "Actual Loops": 1,
                        "Plans": [
                            {
                                "Node Type": "Sort",
                                "Parent Relationship": "Outer",
                                "Parallel Aware": false,
                                "Async Capable": false,
                                "Startup Cost": 5202.29,
                                "Total Cost": 5202.29,
                                "Plan Rows": 1,
                                "Plan Width": 26,
                                "Actual Startup Time": 207.475,
                                "Actual Total Time": 207.525,
                                "Actual Rows": 100,
                                "Actual Loops": 1,
                                "Sort Key": [
                                    "(count(*)) DESC"
                                ],
                                "Sort Method": "quicksort",
                                "Sort Space Used": 37,
                                "Sort Space Type": "Memory",
                                "Plans": [
                                    {
                                        "Node Type": "Aggregate",
                                        "Strategy": "Sorted",
                                        "Partial Mode": "Simple",
                                        "Parent Relationship": "Outer",
                                        "Parallel Aware": false,
                                        "Async Capable": false,
                                        "Startup Cost": 5202.26,
                                        "Total Cost": 5202.28,
                                        "Plan Rows": 1,
                                        "Plan Width": 26,
                                        "Actual Startup Time": 207.185,
                                        "Actual Total Time": 207.498,
                                        "Actual Rows": 200,
                                        "Actual Loops": 1,
                                        "Group Key": [
                                            "acc.location"
                                        ],
                                        "Plans": [
                                            {
                                                "Node Type": "Sort",
                                                "Parent Relationship": "Outer",
                                                "Parallel Aware": false,
                                                "Async Capable": false,
                                                "Startup Cost": 5202.26,
                                                "Total Cost": 5202.26,
                                                "Plan Rows": 1,
                                                "Plan Width": 18,
                                                "Actual Startup Time": 207.18,
                                                "Actual Total Time": 207.312,
                                                "Actual Rows": 3809,
                                                "Actual Loops": 1,
                                                "Sort Key": [
                                                    "acc.location"
                                                ],
                                                "Sort Method": "quicksort",
                                                "Sort Space Used": 160,
                                                "Sort Space Type": "Memory",
                                                "Plans": [
                                                    {
                                                        "Node Type": "Nested Loop",
                                                        "Parent Relationship": "Outer",
                                                        "Parallel Aware": false,
                                                        "Async Capable": false,
                                                        "Join Type": "Inner",
                                                        "Startup Cost": 1006.51,
                                                        "Total Cost": 5202.25,
                                                        "Plan Rows": 1,
                                                        "Plan Width": 18,
                                                        "Actual Startup Time": 6.024,
                                                        "Actual Total Time": 206.544,
                                                        "Actual Rows": 3809,
                                                        "Actual Loops": 1,
                                                        "Inner Unique": true,
                                                        "Plans": [
                                                            {
                                                                "Node Type": "Nested Loop",
                                                                "Parent Relationship": "Outer",
                                                                "Parallel Aware": false,
                                                                "Async Capable": false,
                                                                "Join Type": "Inner",
                                                                "Startup Cost": 1006.08,
                                                                "Total Cost": 5194.99,
                                                                "Plan Rows": 1,
                                                                "Plan Width": 4,
                                                                "Actual Startup Time": 6.017,
                                                                "Actual Total Time": 201.658,
                                                                "Actual Rows": 3809,
                                                                "Actual Loops": 1,
                                                                "Inner Unique": false,
                                                                "Join Filter": "(s.site_id = b.site_id)",
                                                                "Rows Removed by Join Filter": 0,
                                                                "Plans": [
                                                                    {
                                                                        "Node Type": "Nested Loop",
                                                                        "Parent Relationship": "Outer",
                                                                        "Parallel Aware": false,
                                                                        "Async Capable": false,
                                                                        "Join Type": "Inner",
                                                                        "Startup Cost": 1005.51,
                                                                        "Total Cost": 5187.55,
                                                                        "Plan Rows": 1,
                                                                        "Plan Width": 36,
                                                                        "Actual Startup Time": 5.999,
                                                                        "Actual Total Time": 22.233,
                                                                        "Actual Rows": 1502,
                                                                        "Actual Loops": 1,
                                                                        "Inner Unique": true,
                                                                        "Join Filter": "(s.site_id = q1.site_id)",
                                                                        "Rows Removed by Join Filter": 0,
                                                                        "Plans": [
                                                                            {
                                                                                "Node Type": "Gather",
                                                                                "Parent Relationship": "Outer",
                                                                                "Parallel Aware": false,
                                                                                "Async Capable": false,
                                                                                "Startup Cost": 1005.08,
                                                                                "Total Cost": 5180.33,
                                                                                "Plan Rows": 1,
                                                                                "Plan Width": 40,
                                                                                "Actual Startup Time": 5.947,
                                                                                "Actual Total Time": 13.474,
                                                                                "Actual Rows": 3999,
                                                                                "Actual Loops": 1,
                                                                                "Workers Planned": 1,
                                                                                "Workers Launched": 1,
                                                                                "Single Copy": false,
                                                                                "Plans": [
                                                                                    {
                                                                                        "Node Type": "Nested Loop",
                                                                                        "Parent Relationship": "Outer",
                                                                                        "Parallel Aware": false,
                                                                                        "Async Capable": false,
                                                                                        "Join Type": "Inner",
                                                                                        "Startup Cost": 5.08,
                                                                                        "Total Cost": 4180.23,
                                                                                        "Plan Rows": 1,
                                                                                        "Plan Width": 40,
                                                                                        "Actual Startup Time": 4.611,
                                                                                        "Actual Total Time": 34.484,
                                                                                        "Actual Rows": 2000,
                                                                                        "Actual Loops": 2,
                                                                                        "Inner Unique": true,
                                                                                        "Join Filter": "(s.site_id = u1.site_id)",
                                                                                        "Rows Removed by Join Filter": 0,
                                                                                        "Workers": [],
                                                                                        "Plans": [
                                                                                            {
                                                                                                "Node Type": "Nested Loop",
                                                                                                "Parent Relationship": "Outer",
                                                                                                "Parallel Aware": false,
                                                                                                "Async Capable": false,
                                                                                                "Join Type": "Inner",
                                                                                                "Startup Cost": 4.64,
                                                                                                "Total Cost": 4173.01,
                                                                                                "Plan Rows": 1,
                                                                                                "Plan Width": 28,
                                                                                                "Actual Startup Time": 4.596,
                                                                                                "Actual Total Time": 25.317,
                                                                                                "Actual Rows": 3587,
                                                                                                "Actual Loops": 2,
                                                                                                "Inner Unique": false,
                                                                                                "Join Filter": "(s.site_id = a1.site_id)",
                                                                                                "Rows Removed by Join Filter": 0,
                                                                                                "Workers": [],
                                                                                                "Plans": [
                                                                                                    {
                                                                                                        "Node Type": "Nested Loop",
                                                                                                        "Parent Relationship": "Outer",
                                                                                                        "Parallel Aware": false,
                                                                                                        "Async Capable": false,
                                                                                                        "Join Type": "Inner",
                                                                                                        "Startup Cost": 4.21,
                                                                                                        "Total Cost": 3798.54,
                                                                                                        "Plan Rows": 52,
                                                                                                        "Plan Width": 16,
                                                                                                        "Actual Startup Time": 4.578,
                                                                                                        "Actual Total Time": 16.097,
                                                                                                        "Actual Rows": 5607,
                                                                                                        "Actual Loops": 2,
                                                                                                        "Inner Unique": false,
                                                                                                        "Join Filter": "(s.site_id = tq1.site_id)",
                                                                                                        "Rows Removed by Join Filter": 0,
                                                                                                        "Workers": [],
                                                                                                        "Plans": [
                                                                                                            {
                                                                                                                "Node Type": "Hash Join",
                                                                                                                "Parent Relationship": "Outer",
                                                                                                                "Parallel Aware": false,
                                                                                                                "Async Capable": false,
                                                                                                                "Join Type": "Inner",
                                                                                                                "Startup Cost": 3.64,
                                                                                                                "Total Cost": 3675.89,
                                                                                                                "Plan Rows": 2,
                                                                                                                "Plan Width": 12,
                                                                                                                "Actual Startup Time": 4.55,
                                                                                                                "Actual Total Time": 12.623,
                                                                                                                "Actual Rows": 7,
                                                                                                                "Actual Loops": 2,
                                                                                                                "Inner Unique": true,
                                                                                                                "Hash Cond": "(t1.site_id = s.site_id)",
                                                                                                                "Workers": [],
                                                                                                                "Plans": [
                                                                                                                    {
                                                                                                                        "Node Type": "Seq Scan",
                                                                                                                        "Parent Relationship": "Outer",
                                                                                                                        "Parallel Aware": true,
                                                                                                                        "Async Capable": false,
                                                                                                                        "Relation Name": "tag",
                                                                                                                        "Alias": "t1",
                                                                                                                        "Startup Cost": 0.0,
                                                                                                                        "Total Cost": 3671.96,
                                                                                                                        "Plan Rows": 106,
                                                                                                                        "Plan Width": 8,
                                                                                                                        "Actual Startup Time": 0.098,
                                                                                                                        "Actual Total Time": 12.543,
                                                                                                                        "Actual Rows": 120,
                                                                                                                        "Actual Loops": 2,
                                                                                                                        "Filter": "((name)::text = ANY ('{aliens,canada,certificates,cryptography,dc,india,network,passwords,privacy,windows}'::text[]))",
                                                                                                                        "Rows Removed by Filter": 93265,
                                                                                                                        "Workers": []
                                                                                                                    },
                                                                                                                    {
                                                                                                                        "Node Type": "Hash",
                                                                                                                        "Parent Relationship": "Inner",
                                                                                                                        "Parallel Aware": false,
                                                                                                                        "Async Capable": false,
                                                                                                                        "Startup Cost": 3.59,
                                                                                                                        "Total Cost": 3.59,
                                                                                                                        "Plan Rows": 4,
                                                                                                                        "Plan Width": 4,
                                                                                                                        "Actual Startup Time": 0.023,
                                                                                                                        "Actual Total Time": 0.023,
                                                                                                                        "Actual Rows": 4,
                                                                                                                        "Actual Loops": 2,
                                                                                                                        "Hash Buckets": 1024,
                                                                                                                        "Original Hash Buckets": 1024,
                                                                                                                        "Hash Batches": 1,
                                                                                                                        "Original Hash Batches": 1,
                                                                                                                        "Peak Memory Usage": 9,
                                                                                                                        "Workers": [],
                                                                                                                        "Plans": [
                                                                                                                            {
                                                                                                                                "Node Type": "Seq Scan",
                                                                                                                                "Parent Relationship": "Outer",
                                                                                                                                "Parallel Aware": false,
                                                                                                                                "Async Capable": false,
                                                                                                                                "Relation Name": "site",
                                                                                                                                "Alias": "s",
                                                                                                                                "Startup Cost": 0.0,
                                                                                                                                "Total Cost": 3.59,
                                                                                                                                "Plan Rows": 4,
                                                                                                                                "Plan Width": 4,
                                                                                                                                "Actual Startup Time": 0.014,
                                                                                                                                "Actual Total Time": 0.019,
                                                                                                                                "Actual Rows": 4,
                                                                                                                                "Actual Loops": 2,
                                                                                                                                "Filter": "((site_name)::text = ANY ('{money,scifi,security,webapps}'::text[]))",
                                                                                                                                "Rows Removed by Filter": 169,
                                                                                                                                "Workers": []
                                                                                                                            }
                                                                                                                        ]
                                                                                                                    }
                                                                                                                ]
                                                                                                            },
                                                                                                            {
                                                                                                                "Node Type": "Index Only Scan",
                                                                                                                "Parent Relationship": "Inner",
                                                                                                                "Parallel Aware": false,
                                                                                                                "Async Capable": false,
                                                                                                                "Scan Direction": "Forward",
                                                                                                                "Index Name": "tag_question_site_id_tag_id_question_id_idx",
                                                                                                                "Relation Name": "tag_question",
                                                                                                                "Alias": "tq1",
                                                                                                                "Startup Cost": 0.56,
                                                                                                                "Total Cost": 60.94,
                                                                                                                "Plan Rows": 31,
                                                                                                                "Plan Width": 12,
                                                                                                                "Actual Startup Time": 0.011,
                                                                                                                "Actual Total Time": 0.446,
                                                                                                                "Actual Rows": 801,
                                                                                                                "Actual Loops": 14,
                                                                                                                "Index Cond": "((site_id = t1.site_id) AND (tag_id = t1.id))",
                                                                                                                "Rows Removed by Index Recheck": 0,
                                                                                                                "Heap Fetches": 11214,
                                                                                                                "Workers": []
                                                                                                            }
                                                                                                        ]
                                                                                                    },
                                                                                                    {
                                                                                                        "Node Type": "Index Scan",
                                                                                                        "Parent Relationship": "Inner",
                                                                                                        "Parallel Aware": false,
                                                                                                        "Async Capable": false,
                                                                                                        "Scan Direction": "Forward",
                                                                                                        "Index Name": "answer_site_id_question_id_idx",
                                                                                                        "Relation Name": "answer",
                                                                                                        "Alias": "a1",
                                                                                                        "Startup Cost": 0.43,
                                                                                                        "Total Cost": 7.19,
                                                                                                        "Plan Rows": 1,
                                                                                                        "Plan Width": 12,
                                                                                                        "Actual Startup Time": 0.001,
                                                                                                        "Actual Total Time": 0.001,
                                                                                                        "Actual Rows": 1,
                                                                                                        "Actual Loops": 11214,
                                                                                                        "Index Cond": "((site_id = tq1.site_id) AND (question_id = tq1.question_id))",
                                                                                                        "Rows Removed by Index Recheck": 0,
                                                                                                        "Workers": []
                                                                                                    }
                                                                                                ]
                                                                                            },
                                                                                            {
                                                                                                "Node Type": "Index Scan",
                                                                                                "Parent Relationship": "Inner",
                                                                                                "Parallel Aware": false,
                                                                                                "Async Capable": false,
                                                                                                "Scan Direction": "Forward",
                                                                                                "Index Name": "so_user_pkey",
                                                                                                "Relation Name": "so_user",
                                                                                                "Alias": "u1",
                                                                                                "Startup Cost": 0.44,
                                                                                                "Total Cost": 7.22,
                                                                                                "Plan Rows": 1,
                                                                                                "Plan Width": 12,
                                                                                                "Actual Startup Time": 0.002,
                                                                                                "Actual Total Time": 0.002,
                                                                                                "Actual Rows": 1,
                                                                                                "Actual Loops": 7174,
                                                                                                "Index Cond": "((id = a1.owner_user_id) AND (site_id = a1.site_id))",
                                                                                                "Rows Removed by Index Recheck": 0,
                                                                                                "Filter": "((downvotes >= 10) AND (downvotes <= 100000))",
                                                                                                "Rows Removed by Filter": 0,
                                                                                                "Workers": []
                                                                                            }
                                                                                        ]
                                                                                    }
                                                                                ]
                                                                            },
                                                                            {
                                                                                "Node Type": "Index Scan",
                                                                                "Parent Relationship": "Inner",
                                                                                "Parallel Aware": false,
                                                                                "Async Capable": false,
                                                                                "Scan Direction": "Forward",
                                                                                "Index Name": "question_pkey",
                                                                                "Relation Name": "question",
                                                                                "Alias": "q1",
                                                                                "Startup Cost": 0.43,
                                                                                "Total Cost": 7.2,
                                                                                "Plan Rows": 1,
                                                                                "Plan Width": 8,
                                                                                "Actual Startup Time": 0.002,
                                                                                "Actual Total Time": 0.002,
                                                                                "Actual Rows": 0,
                                                                                "Actual Loops": 3999,
                                                                                "Index Cond": "((id = tq1.question_id) AND (site_id = tq1.site_id))",
                                                                                "Rows Removed by Index Recheck": 0,
                                                                                "Filter": "((view_count >= 10) AND (view_count <= 1000))",
                                                                                "Rows Removed by Filter": 1
                                                                            }
                                                                        ]
                                                                    },
                                                                    {
                                                                        "Node Type": "Index Only Scan",
                                                                        "Parent Relationship": "Inner",
                                                                        "Parallel Aware": false,
                                                                        "Async Capable": false,
                                                                        "Scan Direction": "Forward",
                                                                        "Index Name": "badge_pkey",
                                                                        "Relation Name": "badge",
                                                                        "Alias": "b",
                                                                        "Startup Cost": 0.56,
                                                                        "Total Cost": 7.43,
                                                                        "Plan Rows": 1,
                                                                        "Plan Width": 8,
                                                                        "Actual Startup Time": 0.007,
                                                                        "Actual Total Time": 0.119,
                                                                        "Actual Rows": 3,
                                                                        "Actual Loops": 1502,
                                                                        "Index Cond": "((site_id = a1.site_id) AND (user_id = a1.owner_user_id))",
                                                                        "Rows Removed by Index Recheck": 0,
                                                                        "Filter": "((name)::text = ANY ('{\"Citizen Patrol\",Excavator,Informed}'::text[]))",
                                                                        "Rows Removed by Filter": 449,
                                                                        "Heap Fetches": 677763
                                                                    }
                                                                ]
                                                            },
                                                            {
                                                                "Node Type": "Index Scan",
                                                                "Parent Relationship": "Inner",
                                                                "Parallel Aware": false,
                                                                "Async Capable": false,
                                                                "Scan Direction": "Forward",
                                                                "Index Name": "account_pkey",
                                                                "Relation Name": "account",
                                                                "Alias": "acc",
                                                                "Startup Cost": 0.43,
                                                                "Total Cost": 7.25,
                                                                "Plan Rows": 1,
                                                                "Plan Width": 22,
                                                                "Actual Startup Time": 0.001,
                                                                "Actual Total Time": 0.001,
                                                                "Actual Rows": 1,
                                                                "Actual Loops": 3809,
                                                                "Index Cond": "(id = u1.account_id)",
                                                                "Rows Removed by Index Recheck": 0
                                                            }
                                                        ]
                                                    }
                                                ]
                                            }
                                        ]
                                    }
                                ]
                            }
                        ]
                    },
                    "Planning Time": 31.144,
                    "Triggers": [],
                    "Execution Time": 207.58
                }
            ],
            "hints": [
                "SET enable_hashjoin TO on",
                "SET enable_indexonlyscan TO on",
                "SET enable_indexscan TO on",
                "SET enable_mergejoin TO off",
                "SET enable_nestloop TO on",
                "SET enable_seqscan TO on"
            ]
        }
    ]
}