{
    "sql_file": "soload_q16-005.sql",
    "query": "SELECT COUNT(*)\nFROM\nsite as s,\nso_user as u1,\ntag as t1,\ntag_question as tq1,\nquestion as q1,\nbadge as b1,\naccount as acc\nWHERE\ns.site_id = u1.site_id\nAND s.site_id = b1.site_id\nAND s.site_id = t1.site_id\nAND s.site_id = tq1.site_id\nAND s.site_id = q1.site_id\nAND t1.id = tq1.tag_id\nAND q1.id = tq1.question_id\nAND q1.owner_user_id = u1.id\nAND acc.id = u1.account_id\nAND b1.user_id = u1.id\nAND (q1.favorite_count >= 0)\nAND (q1.favorite_count <= 10000)\nAND s.site_name = 'stackoverflow'\nAND (t1.name in ('android-custom-view','export-to-excel','filenames'))\nAND (acc.website_url ILIKE ('%'))",
    "results": [
        {
            "arm": 0,
            "execution_time": 3986.412,
            "plan": [
                {
                    "Plan": {
                        "Node Type": "Aggregate",
                        "Strategy": "Plain",
                        "Partial Mode": "Simple",
                        "Parallel Aware": false,
                        "Async Capable": false,
                        "Startup Cost": 3906.6,
                        "Total Cost": 3906.61,
                        "Plan Rows": 1,
                        "Plan Width": 8,
                        "Actual Startup Time": 3970.578,
                        "Actual Total Time": 3986.373,
                        "Actual Rows": 1,
                        "Actual Loops": 1,
                        "Plans": [
                            {
                                "Node Type": "Nested Loop",
                                "Parent Relationship": "Outer",
                                "Parallel Aware": false,
                                "Async Capable": false,
                                "Join Type": "Inner",
                                "Startup Cost": 3716.31,
                                "Total Cost": 3906.6,
                                "Plan Rows": 1,
                                "Plan Width": 0,
                                "Actual Startup Time": 19.756,
                                "Actual Total Time": 3982.646,
                                "Actual Rows": 53310,
                                "Actual Loops": 1,
                                "Inner Unique": true,
                                "Plans": [
                                    {
                                        "Node Type": "Gather",
                                        "Parent Relationship": "Outer",
                                        "Parallel Aware": false,
                                        "Async Capable": false,
                                        "Startup Cost": 3715.87,
                                        "Total Cost": 3899.76,
                                        "Plan Rows": 1,
                                        "Plan Width": 4,
                                        "Actual Startup Time": 8.707,
                                        "Actual Total Time": 3513.97,
                                        "Actual Rows": 109477,
                                        "Actual Loops": 1,
                                        "Workers Planned": 1,
                                        "Workers Launched": 1,
                                        "Single Copy": false,
                                        "Plans": [
                                            {
                                                "Node Type": "Nested Loop",
                                                "Parent Relationship": "Outer",
                                                "Parallel Aware": false,
                                                "Async Capable": false,
                                                "Join Type": "Inner",
                                                "Startup Cost": 2715.87,
                                                "Total Cost": 2899.66,
                                                "Plan Rows": 1,
                                                "Plan Width": 4,
                                                "Actual Startup Time": 7.229,
                                                "Actual Total Time": 3259.53,
                                                "Actual Rows": 54738,
                                                "Actual Loops": 2,
                                                "Inner Unique": false,
                                                "Join Filter": "((s.site_id = b1.site_id) AND (b1.user_id = q1.owner_user_id))",
                                                "Rows Removed by Join Filter": 0,
                                                "Workers": [],
                                                "Plans": [
                                                    {
                                                        "Node Type": "Nested Loop",
                                                        "Parent Relationship": "Outer",
                                                        "Parallel Aware": false,
                                                        "Async Capable": false,
                                                        "Join Type": "Inner",
                                                        "Startup Cost": 2715.31,
                                                        "Total Cost": 2892.53,
                                                        "Plan Rows": 1,
                                                        "Plan Width": 32,
                                                        "Actual Startup Time": 6.961,
                                                        "Actual Total Time": 146.443,
                                                        "Actual Rows": 653,
                                                        "Actual Loops": 2,
                                                        "Inner Unique": true,
                                                        "Join Filter": "(s.site_id = u1.site_id)",
                                                        "Rows Removed by Join Filter": 0,
                                                        "Workers": [],
                                                        "Plans": [
                                                            {
                                                                "Node Type": "Nested Loop",
                                                                "Parent Relationship": "Outer",
                                                                "Parallel Aware": false,
                                                                "Async Capable": false,
                                                                "Join Type": "Inner",
                                                                "Startup Cost": 2714.87,
                                                                "Total Cost": 2865.06,
                                                                "Plan Rows": 4,
                                                                "Plan Width": 20,
                                                                "Actual Startup Time": 6.8,
                                                                "Actual Total Time": 111.632,
                                                                "Actual Rows": 653,
                                                                "Actual Loops": 2,
                                                                "Inner Unique": true,
                                                                "Join Filter": "(s.site_id = q1.site_id)",
                                                                "Rows Removed by Join Filter": 0,
                                                                "Workers": [],
                                                                "Plans": [
                                                                    {
                                                                        "Node Type": "Nested Loop",
                                                                        "Parent Relationship": "Outer",
                                                                        "Parallel Aware": false,
                                                                        "Async Capable": false,
                                                                        "Join Type": "Inner",
                                                                        "Startup Cost": 2714.44,
                                                                        "Total Cost": 2775.99,
                                                                        "Plan Rows": 13,
                                                                        "Plan Width": 16,
                                                                        "Actual Startup Time": 6.77,
                                                                        "Actual Total Time": 42.46,
                                                                        "Actual Rows": 2484,
                                                                        "Actual Loops": 2,
                                                                        "Inner Unique": false,
                                                                        "Join Filter": "(s.site_id = tq1.site_id)",
                                                                        "Rows Removed by Join Filter": 0,
                                                                        "Workers": [],
                                                                        "Plans": [
                                                                            {
                                                                                "Node Type": "Merge Join",
                                                                                "Parent Relationship": "Outer",
                                                                                "Parallel Aware": false,
                                                                                "Async Capable": false,
                                                                                "Join Type": "Inner",
                                                                                "Startup Cost": 2713.87,
                                                                                "Total Cost": 2713.91,
                                                                                "Plan Rows": 1,
                                                                                "Plan Width": 12,
                                                                                "Actual Startup Time": 6.332,
                                                                                "Actual Total Time": 6.34,
                                                                                "Actual Rows": 2,
                                                                                "Actual Loops": 2,
                                                                                "Inner Unique": true,
                                                                                "Merge Cond": "(t1.site_id = s.site_id)",
                                                                                "Workers": [],
                                                                                "Plans": [
                                                                                    {
                                                                                        "Node Type": "Sort",
                                                                                        "Parent Relationship": "Outer",
                                                                                        "Parallel Aware": false,
                                                                                        "Async Capable": false,
                                                                                        "Startup Cost": 2710.7,
                                                                                        "Total Cost": 2710.71,
                                                                                        "Plan Rows": 5,
                                                                                        "Plan Width": 8,
                                                                                        "Actual Startup Time": 6.308,
                                                                                        "Actual Total Time": 6.311,
                                                                                        "Actual Rows": 4,
                                                                                        "Actual Loops": 2,
                                                                                        "Sort Key": [
                                                                                            "t1.site_id"
                                                                                        ],
                                                                                        "Sort Method": "quicksort",
                                                                                        "Sort Space Used": 25,
                                                                                        "Sort Space Type": "Memory",
                                                                                        "Workers": [
                                                                                            {
                                                                                                "Worker Number": 0,
                                                                                                "Sort Method": "quicksort",
                                                                                                "Sort Space Used": 25,
                                                                                                "Sort Space Type": "Memory"
                                                                                            }
                                                                                        ],
                                                                                        "Plans": [
                                                                                            {
                                                                                                "Node Type": "Seq Scan",
                                                                                                "Parent Relationship": "Outer",
                                                                                                "Parallel Aware": true,
                                                                                                "Async Capable": false,
                                                                                                "Relation Name": "tag",
                                                                                                "Alias": "t1",
                                                                                                "Startup Cost": 0.0,
                                                                                                "Total Cost": 2710.64,
                                                                                                "Plan Rows": 5,
                                                                                                "Plan Width": 8,
                                                                                                "Actual Startup Time": 1.823,
                                                                                                "Actual Total Time": 6.295,
                                                                                                "Actual Rows": 5,
                                                                                                "Actual Loops": 2,
                                                                                                "Filter": "((name)::text = ANY ('{android-custom-view,export-to-excel,filenames}'::text[]))",
                                                                                                "Rows Removed by Filter": 93380,
                                                                                                "Workers": []
                                                                                            }
                                                                                        ]
                                                                                    },
                                                                                    {
                                                                                        "Node Type": "Sort",
                                                                                        "Parent Relationship": "Inner",
                                                                                        "Parallel Aware": false,
                                                                                        "Async Capable": false,
                                                                                        "Startup Cost": 3.17,
                                                                                        "Total Cost": 3.18,
                                                                                        "Plan Rows": 1,
                                                                                        "Plan Width": 4,
                                                                                        "Actual Startup Time": 0.021,
                                                                                        "Actual Total Time": 0.022,
                                                                                        "Actual Rows": 1,
                                                                                        "Actual Loops": 2,
                                                                                        "Sort Key": [
                                                                                            "s.site_id"
                                                                                        ],
                                                                                        "Sort Method": "quicksort",
                                                                                        "Sort Space Used": 25,
                                                                                        "Sort Space Type": "Memory",
                                                                                        "Workers": [
                                                                                            {
                                                                                                "Worker Number": 0,
                                                                                                "Sort Method": "quicksort",
                                                                                                "Sort Space Used": 25,
                                                                                                "Sort Space Type": "Memory"
                                                                                            }
                                                                                        ],
                                                                                        "Plans": [
                                                                                            {
                                                                                                "Node Type": "Seq Scan",
                                                                                                "Parent Relationship": "Outer",
                                                                                                "Parallel Aware": false,
                                                                                                "Async Capable": false,
                                                                                                "Relation Name": "site",
                                                                                                "Alias": "s",
                                                                                                "Startup Cost": 0.0,
                                                                                                "Total Cost": 3.16,
                                                                                                "Plan Rows": 1,
                                                                                                "Plan Width": 4,
                                                                                                "Actual Startup Time": 0.015,
                                                                                                "Actual Total Time": 0.016,
                                                                                                "Actual Rows": 1,
                                                                                                "Actual Loops": 2,
                                                                                                "Filter": "((site_name)::text = 'stackoverflow'::text)",
                                                                                                "Rows Removed by Filter": 172,
                                                                                                "Workers": []
                                                                                            }
                                                                                        ]
                                                                                    }
                                                                                ]
                                                                            },
                                                                            {
                                                                                "Node Type": "Index Only Scan",
                                                                                "Parent Relationship": "Inner",
                                                                                "Parallel Aware": false,
                                                                                "Async Capable": false,
                                                                                "Scan Direction": "Forward",
                                                                                "Index Name": "tag_question_site_id_tag_id_question_id_idx",
                                                                                "Relation Name": "tag_question",
                                                                                "Alias": "tq1",
                                                                                "Startup Cost": 0.56,
                                                                                "Total Cost": 61.69,
                                                                                "Plan Rows": 31,
                                                                                "Plan Width": 12,
                                                                                "Actual Startup Time": 0.382,
                                                                                "Actual Total Time": 23.635,
                                                                                "Actual Rows": 1656,
                                                                                "Actual Loops": 3,
                                                                                "Index Cond": "((site_id = t1.site_id) AND (tag_id = t1.id))",
                                                                                "Rows Removed by Index Recheck": 0,
                                                                                "Heap Fetches": 4967,
                                                                                "Workers": []
                                                                            }
                                                                        ]
                                                                    },
                                                                    {
                                                                        "Node Type": "Index Scan",
                                                                        "Parent Relationship": "Inner",
                                                                        "Parallel Aware": false,
                                                                        "Async Capable": false,
                                                                        "Scan Direction": "Forward",
                                                                        "Index Name": "question_pkey",
                                                                        "Relation Name": "question",
                                                                        "Alias": "q1",
                                                                        "Startup Cost": 0.43,
                                                                        "Total Cost": 6.84,
                                                                        "Plan Rows": 1,
                                                                        "Plan Width": 12,
                                                                        "Actual Startup Time": 0.027,
                                                                        "Actual Total Time": 0.027,
                                                                        "Actual Rows": 0,
                                                                        "Actual Loops": 4967,
                                                                        "Index Cond": "((id = tq1.question_id) AND (site_id = tq1.site_id))",
                                                                        "Rows Removed by Index Recheck": 0,
                                                                        "Filter": "((favorite_count >= 0) AND (favorite_count <= 10000))",
                                                                        "Rows Removed by Filter": 1,
                                                                        "Workers": []
                                                                    }
                                                                ]
                                                            },
                                                            {
                                                                "Node Type": "Index Scan",
                                                                "Parent Relationship": "Inner",
                                                                "Parallel Aware": false,
                                                                "Async Capable": false,
                                                                "Scan Direction": "Forward",
                                                                "Index Name": "so_user_pkey",
                                                                "Relation Name": "so_user",
                                                                "Alias": "u1",
                                                                "Startup Cost": 0.44,
                                                                "Total Cost": 6.85,
                                                                "Plan Rows": 1,
                                                                "Plan Width": 12,
                                                                "Actual Startup Time": 0.052,
                                                                "Actual Total Time": 0.052,
                                                                "Actual Rows": 1,
                                                                "Actual Loops": 1306,
                                                                "Index Cond": "((id = q1.owner_user_id) AND (site_id = q1.site_id))",
                                                                "Rows Removed by Index Recheck": 0,
                                                                "Workers": []
                                                            }
                                                        ]
                                                    },
                                                    {
                                                        "Node Type": "Index Only Scan",
                                                        "Parent Relationship": "Inner",
                                                        "Parallel Aware": false,
                                                        "Async Capable": false,
                                                        "Scan Direction": "Forward",
                                                        "Index Name": "badge_pkey",
                                                        "Relation Name": "badge",
                                                        "Alias": "b1",
                                                        "Startup Cost": 0.56,
                                                        "Total Cost": 7.12,
                                                        "Plan Rows": 1,
                                                        "Plan Width": 8,
                                                        "Actual Startup Time": 0.215,
                                                        "Actual Total Time": 4.752,
                                                        "Actual Rows": 84,
                                                        "Actual Loops": 1306,
                                                        "Index Cond": "((site_id = u1.site_id) AND (user_id = u1.id))",
                                                        "Rows Removed by Index Recheck": 0,
                                                        "Heap Fetches": 109477,
                                                        "Workers": []
                                                    }
                                                ]
                                            }
                                        ]
                                    },
                                    {
                                        "Node Type": "Index Scan",
                                        "Parent Relationship": "Inner",
                                        "Parallel Aware": false,
                                        "Async Capable": false,
                                        "Scan Direction": "Forward",
                                        "Index Name": "account_pkey",
                                        "Relation Name": "account",
                                        "Alias": "acc",
                                        "Startup Cost": 0.43,
                                        "Total Cost": 6.83,
                                        "Plan Rows": 1,
                                        "Plan Width": 4,
                                        "Actual Startup Time": 0.004,
                                        "Actual Total Time": 0.004,
                                        "Actual Rows": 0,
                                        "Actual Loops": 109477,
                                        "Index Cond": "(id = u1.account_id)",
                                        "Rows Removed by Index Recheck": 0,
                                        "Filter": "((website_url)::text ~~* '%'::text)",
                                        "Rows Removed by Filter": 1
                                    }
                                ]
                            }
                        ]
                    },
                    "Planning Time": 8.012,
                    "Triggers": [],
                    "Execution Time": 3986.412
                }
            ],
            "hints": [
                "SET enable_hashjoin TO on",
                "SET enable_indexonlyscan TO on",
                "SET enable_indexscan TO on",
                "SET enable_mergejoin TO on",
                "SET enable_nestloop TO on",
                "SET enable_seqscan TO on"
            ]
        },
        {
            "arm": 1,
            "execution_time": 4445.422,
            "plan": [
                {
                    "Plan": {
                        "Node Type": "Aggregate",
                        "Strategy": "Plain",
                        "Partial Mode": "Finalize",
                        "Parallel Aware": false,
                        "Async Capable": false,
                        "Startup Cost": 2911977.28,
                        "Total Cost": 2911977.29,
                        "Plan Rows": 1,
                        "Plan Width": 8,
                        "Actual Startup Time": 4429.238,
                        "Actual Total Time": 4445.38,
                        "Actual Rows": 1,
                        "Actual Loops": 1,
                        "Plans": [
                            {
                                "Node Type": "Gather",
                                "Parent Relationship": "Outer",
                                "Parallel Aware": false,
                                "Async Capable": false,
                                "Startup Cost": 2911976.76,
                                "Total Cost": 2911977.27,
                                "Plan Rows": 5,
                                "Plan Width": 8,
                                "Actual Startup Time": 4428.997,
                                "Actual Total Time": 4445.377,
                                "Actual Rows": 6,
                                "Actual Loops": 1,
                                "Workers Planned": 5,
                                "Workers Launched": 5,
                                "Single Copy": false,
                                "Plans": [
                                    {
                                        "Node Type": "Aggregate",
                                        "Strategy": "Plain",
                                        "Partial Mode": "Partial",
                                        "Parent Relationship": "Outer",
                                        "Parallel Aware": false,
                                        "Async Capable": false,
                                        "Startup Cost": 2910976.76,
                                        "Total Cost": 2910976.77,
                                        "Plan Rows": 1,
                                        "Plan Width": 8,
                                        "Actual Startup Time": 4426.13,
                                        "Actual Total Time": 4426.137,
                                        "Actual Rows": 1,
                                        "Actual Loops": 6,
                                        "Workers": [],
                                        "Plans": [
                                            {
                                                "Node Type": "Hash Join",
                                                "Parent Relationship": "Outer",
                                                "Parallel Aware": true,
                                                "Async Capable": false,
                                                "Join Type": "Inner",
                                                "Startup Cost": 2760218.93,
                                                "Total Cost": 2910976.75,
                                                "Plan Rows": 1,
                                                "Plan Width": 0,
                                                "Actual Startup Time": 4030.887,
                                                "Actual Total Time": 4425.9,
                                                "Actual Rows": 8885,
                                                "Actual Loops": 6,
                                                "Inner Unique": false,
                                                "Hash Cond": "(acc.id = u1.account_id)",
                                                "Workers": [],
                                                "Plans": [
                                                    {
                                                        "Node Type": "Seq Scan",
                                                        "Parent Relationship": "Outer",
                                                        "Parallel Aware": true,
                                                        "Async Capable": false,
                                                        "Relation Name": "account",
                                                        "Alias": "acc",
                                                        "Startup Cost": 0.0,
                                                        "Total Cost": 148993.09,
                                                        "Plan Rows": 470594,
                                                        "Plan Width": 4,
                                                        "Actual Startup Time": 0.16,
                                                        "Actual Total Time": 381.106,
                                                        "Actual Rows": 392304,
                                                        "Actual Loops": 6,
                                                        "Filter": "((website_url)::text ~~* '%'::text)",
                                                        "Rows Removed by Filter": 1919722,
                                                        "Workers": []
                                                    },
                                                    {
                                                        "Node Type": "Hash",
                                                        "Parent Relationship": "Inner",
                                                        "Parallel Aware": true,
                                                        "Async Capable": false,
                                                        "Startup Cost": 2760218.92,
                                                        "Total Cost": 2760218.92,
                                                        "Plan Rows": 1,
                                                        "Plan Width": 4,
                                                        "Actual Startup Time": 4016.683,
                                                        "Actual Total Time": 4016.689,
                                                        "Actual Rows": 18246,
                                                        "Actual Loops": 6,
                                                        "Hash Buckets": 131072,
                                                        "Original Hash Buckets": 1024,
                                                        "Hash Batches": 1,
                                                        "Original Hash Batches": 1,
                                                        "Peak Memory Usage": 6424,
                                                        "Workers": [],
                                                        "Plans": [
                                                            {
                                                                "Node Type": "Hash Join",
                                                                "Parent Relationship": "Outer",
                                                                "Parallel Aware": true,
                                                                "Async Capable": false,
                                                                "Join Type": "Inner",
                                                                "Startup Cost": 2280502.89,
                                                                "Total Cost": 2760218.92,
                                                                "Plan Rows": 1,
                                                                "Plan Width": 4,
                                                                "Actual Startup Time": 2642.257,
                                                                "Actual Total Time": 3908.585,
                                                                "Actual Rows": 18246,
                                                                "Actual Loops": 6,
                                                                "Inner Unique": false,
                                                                "Hash Cond": "((s.site_id = u1.site_id) AND (b1.user_id = q1.owner_user_id))",
                                                                "Workers": [],
                                                                "Plans": [
                                                                    {
                                                                        "Node Type": "Hash Join",
                                                                        "Parent Relationship": "Outer",
                                                                        "Parallel Aware": false,
                                                                        "Async Capable": false,
                                                                        "Join Type": "Inner",
                                                                        "Startup Cost": 3.18,
                                                                        "Total Cost": 479349.06,
                                                                        "Plan Rows": 49351,
                                                                        "Plan Width": 12,
                                                                        "Actual Startup Time": 236.544,
                                                                        "Actual Total Time": 1227.754,
                                                                        "Actual Rows": 5368554,
                                                                        "Actual Loops": 6,
                                                                        "Inner Unique": true,
                                                                        "Hash Cond": "(b1.site_id = s.site_id)",
                                                                        "Workers": [],
                                                                        "Plans": [
                                                                            {
                                                                                "Node Type": "Seq Scan",
                                                                                "Parent Relationship": "Outer",
                                                                                "Parallel Aware": true,
                                                                                "Async Capable": false,
                                                                                "Relation Name": "badge",
                                                                                "Alias": "b1",
                                                                                "Startup Cost": 0.0,
                                                                                "Total Cost": 456385.31,
                                                                                "Plan Rows": 8537731,
                                                                                "Plan Width": 8,
                                                                                "Actual Startup Time": 0.176,
                                                                                "Actual Total Time": 681.576,
                                                                                "Actual Rows": 8539484,
                                                                                "Actual Loops": 6,
                                                                                "Workers": []
                                                                            },
                                                                            {
                                                                                "Node Type": "Hash",
                                                                                "Parent Relationship": "Inner",
                                                                                "Parallel Aware": false,
                                                                                "Async Capable": false,
                                                                                "Startup Cost": 3.16,
                                                                                "Total Cost": 3.16,
                                                                                "Plan Rows": 1,
                                                                                "Plan Width": 4,
                                                                                "Actual Startup Time": 0.016,
                                                                                "Actual Total Time": 0.017,
                                                                                "Actual Rows": 1,
                                                                                "Actual Loops": 6,
                                                                                "Hash Buckets": 1024,
                                                                                "Original Hash Buckets": 1024,
                                                                                "Hash Batches": 1,
                                                                                "Original Hash Batches": 1,
                                                                                "Peak Memory Usage": 9,
                                                                                "Workers": [],
                                                                                "Plans": [
                                                                                    {
                                                                                        "Node Type": "Seq Scan",
                                                                                        "Parent Relationship": "Outer",
                                                                                        "Parallel Aware": false,
                                                                                        "Async Capable": false,
                                                                                        "Relation Name": "site",
                                                                                        "Alias": "s",
                                                                                        "Startup Cost": 0.0,
                                                                                        "Total Cost": 3.16,
                                                                                        "Plan Rows": 1,
                                                                                        "Plan Width": 4,
                                                                                        "Actual Startup Time": 0.013,
                                                                                        "Actual Total Time": 0.014,
                                                                                        "Actual Rows": 1,
                                                                                        "Actual Loops": 6,
                                                                                        "Filter": "((site_name)::text = 'stackoverflow'::text)",
                                                                                        "Rows Removed by Filter": 172,
                                                                                        "Workers": []
                                                                                    }
                                                                                ]
                                                                            }
                                                                        ]
                                                                    },
                                                                    {
                                                                        "Node Type": "Hash",
                                                                        "Parent Relationship": "Inner",
                                                                        "Parallel Aware": true,
                                                                        "Async Capable": false,
                                                                        "Startup Cost": 2280496.06,
                                                                        "Total Cost": 2280496.06,
                                                                        "Plan Rows": 244,
                                                                        "Plan Width": 28,
                                                                        "Actual Startup Time": 2405.647,
                                                                        "Actual Total Time": 2405.651,
                                                                        "Actual Rows": 286,
                                                                        "Actual Loops": 6,
                                                                        "Hash Buckets": 2048,
                                                                        "Original Hash Buckets": 2048,
                                                                        "Hash Batches": 1,
                                                                        "Original Hash Batches": 1,
                                                                        "Peak Memory Usage": 208,
                                                                        "Workers": [],
                                                                        "Plans": [
                                                                            {
                                                                                "Node Type": "Hash Join",
                                                                                "Parent Relationship": "Outer",
                                                                                "Parallel Aware": true,
                                                                                "Async Capable": false,
                                                                                "Join Type": "Inner",
                                                                                "Startup Cost": 2009461.43,
                                                                                "Total Cost": 2280496.06,
                                                                                "Plan Rows": 244,
                                                                                "Plan Width": 28,
                                                                                "Actual Startup Time": 1901.488,
                                                                                "Actual Total Time": 2405.558,
                                                                                "Actual Rows": 286,
                                                                                "Actual Loops": 6,
                                                                                "Inner Unique": false,
                                                                                "Hash Cond": "((u1.site_id = t1.site_id) AND (u1.id = q1.owner_user_id))",
                                                                                "Workers": [],
                                                                                "Plans": [
                                                                                    {
                                                                                        "Node Type": "Seq Scan",
                                                                                        "Parent Relationship": "Outer",
                                                                                        "Parallel Aware": true,
                                                                                        "Async Capable": false,
                                                                                        "Relation Name": "so_user",
                                                                                        "Alias": "u1",
                                                                                        "Startup Cost": 0.0,
                                                                                        "Total Cost": 239391.02,
                                                                                        "Plan Rows": 4219102,
                                                                                        "Plan Width": 12,
                                                                                        "Actual Startup Time": 0.023,
                                                                                        "Actual Total Time": 319.621,
                                                                                        "Actual Rows": 3516217,
                                                                                        "Actual Loops": 6,
                                                                                        "Workers": []
                                                                                    },
                                                                                    {
                                                                                        "Node Type": "Hash",
                                                                                        "Parent Relationship": "Inner",
                                                                                        "Parallel Aware": true,
                                                                                        "Async Capable": false,
                                                                                        "Startup Cost": 2009460.54,
                                                                                        "Total Cost": 2009460.54,
                                                                                        "Plan Rows": 59,
                                                                                        "Plan Width": 16,
                                                                                        "Actual Startup Time": 1852.776,
                                                                                        "Actual Total Time": 1852.78,
                                                                                        "Actual Rows": 286,
                                                                                        "Actual Loops": 6,
                                                                                        "Hash Buckets": 1024,
                                                                                        "Original Hash Buckets": 1024,
                                                                                        "Hash Batches": 1,
                                                                                        "Original Hash Batches": 1,
                                                                                        "Peak Memory Usage": 200,
                                                                                        "Workers": [],
                                                                                        "Plans": [
                                                                                            {
                                                                                                "Node Type": "Hash Join",
                                                                                                "Parent Relationship": "Outer",
                                                                                                "Parallel Aware": true,
                                                                                                "Async Capable": false,
                                                                                                "Join Type": "Inner",
                                                                                                "Startup Cost": 314605.25,
                                                                                                "Total Cost": 2009460.54,
                                                                                                "Plan Rows": 59,
                                                                                                "Plan Width": 16,
                                                                                                "Actual Startup Time": 858.954,
                                                                                                "Actual Total Time": 1852.614,
                                                                                                "Actual Rows": 286,
                                                                                                "Actual Loops": 6,
                                                                                                "Inner Unique": false,
                                                                                                "Hash Cond": "((q1.site_id = t1.site_id) AND (q1.id = tq1.question_id))",
                                                                                                "Workers": [],
                                                                                                "Plans": [
                                                                                                    {
                                                                                                        "Node Type": "Seq Scan",
                                                                                                        "Parent Relationship": "Outer",
                                                                                                        "Parallel Aware": true,
                                                                                                        "Async Capable": false,
                                                                                                        "Relation Name": "question",
                                                                                                        "Alias": "q1",
                                                                                                        "Startup Cost": 0.0,
                                                                                                        "Total Cost": 1691290.18,
                                                                                                        "Plan Rows": 475339,
                                                                                                        "Plan Width": 12,
                                                                                                        "Actual Startup Time": 0.044,
                                                                                                        "Actual Total Time": 997.749,
                                                                                                        "Actual Rows": 560455,
                                                                                                        "Actual Loops": 6,
                                                                                                        "Filter": "((favorite_count >= 0) AND (favorite_count <= 10000))",
                                                                                                        "Rows Removed by Filter": 1550618,
                                                                                                        "Workers": []
                                                                                                    },
                                                                                                    {
                                                                                                        "Node Type": "Hash",
                                                                                                        "Parent Relationship": "Inner",
                                                                                                        "Parallel Aware": true,
                                                                                                        "Async Capable": false,
                                                                                                        "Startup Cost": 314600.51,
                                                                                                        "Total Cost": 314600.51,
                                                                                                        "Plan Rows": 316,
                                                                                                        "Plan Width": 12,
                                                                                                        "Actual Startup Time": 809.876,
                                                                                                        "Actual Total Time": 809.878,
                                                                                                        "Actual Rows": 1011,
                                                                                                        "Actual Loops": 6,
                                                                                                        "Hash Buckets": 8192,
                                                                                                        "Original Hash Buckets": 2048,
                                                                                                        "Hash Batches": 1,
                                                                                                        "Original Hash Batches": 1,
                                                                                                        "Peak Memory Usage": 496,
                                                                                                        "Workers": [],
                                                                                                        "Plans": [
                                                                                                            {
                                                                                                                "Node Type": "Hash Join",
                                                                                                                "Parent Relationship": "Outer",
                                                                                                                "Parallel Aware": true,
                                                                                                                "Async Capable": false,
                                                                                                                "Join Type": "Inner",
                                                                                                                "Startup Cost": 2710.71,
                                                                                                                "Total Cost": 314600.51,
                                                                                                                "Plan Rows": 316,
                                                                                                                "Plan Width": 12,
                                                                                                                "Actual Startup Time": 26.684,
                                                                                                                "Actual Total Time": 576.419,
                                                                                                                "Actual Rows": 1011,
                                                                                                                "Actual Loops": 6,
                                                                                                                "Inner Unique": true,
                                                                                                                "Hash Cond": "((tq1.site_id = t1.site_id) AND (tq1.tag_id = t1.id))",
                                                                                                                "Workers": [],
                                                                                                                "Plans": [
                                                                                                                    {
                                                                                                                        "Node Type": "Seq Scan",
                                                                                                                        "Parent Relationship": "Outer",
                                                                                                                        "Parallel Aware": true,
                                                                                                                        "Async Capable": false,
                                                                                                                        "Relation Name": "tag_question",
                                                                                                                        "Alias": "tq1",
                                                                                                                        "Startup Cost": 0.0,
                                                                                                                        "Total Cost": 273159.66,
                                                                                                                        "Plan Rows": 7376766,
                                                                                                                        "Plan Width": 12,
                                                                                                                        "Actual Startup Time": 0.023,
                                                                                                                        "Actual Total Time": 315.311,
                                                                                                                        "Actual Rows": 6147303,
                                                                                                                        "Actual Loops": 6,
                                                                                                                        "Workers": []
                                                                                                                    },
                                                                                                                    {
                                                                                                                        "Node Type": "Hash",
                                                                                                                        "Parent Relationship": "Inner",
                                                                                                                        "Parallel Aware": true,
                                                                                                                        "Async Capable": false,
                                                                                                                        "Startup Cost": 2710.64,
                                                                                                                        "Total Cost": 2710.64,
                                                                                                                        "Plan Rows": 5,
                                                                                                                        "Plan Width": 8,
                                                                                                                        "Actual Startup Time": 2.491,
                                                                                                                        "Actual Total Time": 2.492,
                                                                                                                        "Actual Rows": 2,
                                                                                                                        "Actual Loops": 6,
                                                                                                                        "Hash Buckets": 1024,
                                                                                                                        "Original Hash Buckets": 1024,
                                                                                                                        "Hash Batches": 1,
                                                                                                                        "Original Hash Batches": 1,
                                                                                                                        "Peak Memory Usage": 200,
                                                                                                                        "Workers": [],
                                                                                                                        "Plans": [
                                                                                                                            {
                                                                                                                                "Node Type": "Seq Scan",
                                                                                                                                "Parent Relationship": "Outer",
                                                                                                                                "Parallel Aware": true,
                                                                                                                                "Async Capable": false,
                                                                                                                                "Relation Name": "tag",
                                                                                                                                "Alias": "t1",
                                                                                                                                "Startup Cost": 0.0,
                                                                                                                                "Total Cost": 2710.64,
                                                                                                                                "Plan Rows": 5,
                                                                                                                                "Plan Width": 8,
                                                                                                                                "Actual Startup Time": 1.11,
                                                                                                                                "Actual Total Time": 2.458,
                                                                                                                                "Actual Rows": 2,
                                                                                                                                "Actual Loops": 6,
                                                                                                                                "Filter": "((name)::text = ANY ('{android-custom-view,export-to-excel,filenames}'::text[]))",
                                                                                                                                "Rows Removed by Filter": 31127,
                                                                                                                                "Workers": []
                                                                                                                            }
                                                                                                                        ]
                                                                                                                    }
                                                                                                                ]
                                                                                                            }
                                                                                                        ]
                                                                                                    }
                                                                                                ]
                                                                                            }
                                                                                        ]
                                                                                    }
                                                                                ]
                                                                            }
                                                                        ]
                                                                    }
                                                                ]
                                                            }
                                                        ]
                                                    }
                                                ]
                                            }
                                        ]
                                    }
                                ]
                            }
                        ]
                    },
                    "Planning Time": 8.093,
                    "Triggers": [],
                    "Execution Time": 4445.422
                }
            ],
            "hints": [
                "SET enable_hashjoin TO on",
                "SET enable_indexonlyscan TO on",
                "SET enable_indexscan TO on",
                "SET enable_mergejoin TO on",
                "SET enable_nestloop TO off",
                "SET enable_seqscan TO on"
            ]
        },
        {
            "arm": 2,
            "execution_time": 260.54,
            "plan": [
                {
                    "Plan": {
                        "Node Type": "Aggregate",
                        "Strategy": "Plain",
                        "Partial Mode": "Simple",
                        "Parallel Aware": false,
                        "Async Capable": false,
                        "Startup Cost": 3988.36,
                        "Total Cost": 3988.37,
                        "Plan Rows": 1,
                        "Plan Width": 8,
                        "Actual Startup Time": 260.431,
                        "Actual Total Time": 260.489,
                        "Actual Rows": 1,
                        "Actual Loops": 1,
                        "Plans": [
                            {
                                "Node Type": "Nested Loop",
                                "Parent Relationship": "Outer",
                                "Parallel Aware": false,
                                "Async Capable": false,
                                "Join Type": "Inner",
                                "Startup Cost": 1022.81,
                                "Total Cost": 3988.36,
                                "Plan Rows": 1,
                                "Plan Width": 0,
                                "Actual Startup Time": 6.111,
                                "Actual Total Time": 259.078,
                                "Actual Rows": 53310,
                                "Actual Loops": 1,
                                "Inner Unique": true,
                                "Plans": [
                                    {
                                        "Node Type": "Nested Loop",
                                        "Parent Relationship": "Outer",
                                        "Parallel Aware": false,
                                        "Async Capable": false,
                                        "Join Type": "Inner",
                                        "Startup Cost": 1019.18,
                                        "Total Cost": 3980.71,
                                        "Plan Rows": 1,
                                        "Plan Width": 4,
                                        "Actual Startup Time": 5.633,
                                        "Actual Total Time": 117.567,
                                        "Actual Rows": 109477,
                                        "Actual Loops": 1,
                                        "Inner Unique": false,
                                        "Join Filter": "((s.site_id = b1.site_id) AND (b1.user_id = q1.owner_user_id))",
                                        "Rows Removed by Join Filter": 0,
                                        "Plans": [
                                            {
                                                "Node Type": "Gather",
                                                "Parent Relationship": "Outer",
                                                "Parallel Aware": false,
                                                "Async Capable": false,
                                                "Startup Cost": 1015.34,
                                                "Total Cost": 3972.84,
                                                "Plan Rows": 1,
                                                "Plan Width": 32,
                                                "Actual Startup Time": 5.604,
                                                "Actual Total Time": 13.343,
                                                "Actual Rows": 1306,
                                                "Actual Loops": 1,
                                                "Workers Planned": 1,
                                                "Workers Launched": 1,
                                                "Single Copy": false,
                                                "Plans": [
                                                    {
                                                        "Node Type": "Nested Loop",
                                                        "Parent Relationship": "Outer",
                                                        "Parallel Aware": false,
                                                        "Async Capable": false,
                                                        "Join Type": "Inner",
                                                        "Startup Cost": 15.34,
                                                        "Total Cost": 2972.74,
                                                        "Plan Rows": 1,
                                                        "Plan Width": 32,
                                                        "Actual Startup Time": 4.382,
                                                        "Actual Total Time": 25.265,
                                                        "Actual Rows": 653,
                                                        "Actual Loops": 2,
                                                        "Inner Unique": true,
                                                        "Join Filter": "(s.site_id = u1.site_id)",
                                                        "Rows Removed by Join Filter": 0,
                                                        "Workers": [],
                                                        "Plans": [
                                                            {
                                                                "Node Type": "Nested Loop",
                                                                "Parent Relationship": "Outer",
                                                                "Parallel Aware": false,
                                                                "Async Capable": false,
                                                                "Join Type": "Inner",
                                                                "Startup Cost": 11.69,
                                                                "Total Cost": 2942.06,
                                                                "Plan Rows": 4,
                                                                "Plan Width": 20,
                                                                "Actual Startup Time": 4.368,
                                                                "Actual Total Time": 21.742,
                                                                "Actual Rows": 653,
                                                                "Actual Loops": 2,
                                                                "Inner Unique": true,
                                                                "Join Filter": "(s.site_id = q1.site_id)",
                                                                "Rows Removed by Join Filter": 0,
                                                                "Workers": [],
                                                                "Plans": [
                                                                    {
                                                                        "Node Type": "Nested Loop",
                                                                        "Parent Relationship": "Outer",
                                                                        "Parallel Aware": false,
                                                                        "Async Capable": false,
                                                                        "Join Type": "Inner",
                                                                        "Startup Cost": 8.06,
                                                                        "Total Cost": 2842.4,
                                                                        "Plan Rows": 13,
                                                                        "Plan Width": 16,
                                                                        "Actual Startup Time": 4.351,
                                                                        "Actual Total Time": 11.045,
                                                                        "Actual Rows": 2484,
                                                                        "Actual Loops": 2,
                                                                        "Inner Unique": false,
                                                                        "Join Filter": "(s.site_id = tq1.site_id)",
                                                                        "Rows Removed by Join Filter": 0,
                                                                        "Workers": [],
                                                                        "Plans": [
                                                                            {
                                                                                "Node Type": "Hash Join",
                                                                                "Parent Relationship": "Outer",
                                                                                "Parallel Aware": false,
                                                                                "Async Capable": false,
                                                                                "Join Type": "Inner",
                                                                                "Startup Cost": 3.18,
                                                                                "Total Cost": 2713.83,
                                                                                "Plan Rows": 1,
                                                                                "Plan Width": 12,
                                                                                "Actual Startup Time": 4.032,
                                                                                "Actual Total Time": 6.668,
                                                                                "Actual Rows": 2,
                                                                                "Actual Loops": 2,
                                                                                "Inner Unique": true,
                                                                                "Hash Cond": "(t1.site_id = s.site_id)",
                                                                                "Workers": [],
                                                                                "Plans": [
                                                                                    {
                                                                                        "Node Type": "Seq Scan",
                                                                                        "Parent Relationship": "Outer",
                                                                                        "Parallel Aware": true,
                                                                                        "Async Capable": false,
                                                                                        "Relation Name": "tag",
                                                                                        "Alias": "t1",
                                                                                        "Startup Cost": 0.0,
                                                                                        "Total Cost": 2710.64,
                                                                                        "Plan Rows": 5,
                                                                                        "Plan Width": 8,
                                                                                        "Actual Startup Time": 1.627,
                                                                                        "Actual Total Time": 6.608,
                                                                                        "Actual Rows": 5,
                                                                                        "Actual Loops": 2,
                                                                                        "Filter": "((name)::text = ANY ('{android-custom-view,export-to-excel,filenames}'::text[]))",
                                                                                        "Rows Removed by Filter": 93380,
                                                                                        "Workers": []
                                                                                    },
                                                                                    {
                                                                                        "Node Type": "Hash",
                                                                                        "Parent Relationship": "Inner",
                                                                                        "Parallel Aware": false,
                                                                                        "Async Capable": false,
                                                                                        "Startup Cost": 3.16,
                                                                                        "Total Cost": 3.16,
                                                                                        "Plan Rows": 1,
                                                                                        "Plan Width": 4,
                                                                                        "Actual Startup Time": 0.015,
                                                                                        "Actual Total Time": 0.016,
                                                                                        "Actual Rows": 1,
                                                                                        "Actual Loops": 2,
                                                                                        "Hash Buckets": 1024,
                                                                                        "Original Hash Buckets": 1024,
                                                                                        "Hash Batches": 1,
                                                                                        "Original Hash Batches": 1,
                                                                                        "Peak Memory Usage": 9,
                                                                                        "Workers": [],
                                                                                        "Plans": [
                                                                                            {
                                                                                                "Node Type": "Seq Scan",
                                                                                                "Parent Relationship": "Outer",
                                                                                                "Parallel Aware": false,
                                                                                                "Async Capable": false,
                                                                                                "Relation Name": "site",
                                                                                                "Alias": "s",
                                                                                                "Startup Cost": 0.0,
                                                                                                "Total Cost": 3.16,
                                                                                                "Plan Rows": 1,
                                                                                                "Plan Width": 4,
                                                                                                "Actual Startup Time": 0.011,
                                                                                                "Actual Total Time": 0.012,
                                                                                                "Actual Rows": 1,
                                                                                                "Actual Loops": 2,
                                                                                                "Filter": "((site_name)::text = 'stackoverflow'::text)",
                                                                                                "Rows Removed by Filter": 172,
                                                                                                "Workers": []
                                                                                            }
                                                                                        ]
                                                                                    }
                                                                                ]
                                                                            },
                                                                            {
                                                                                "Node Type": "Bitmap Heap Scan",
                                                                                "Parent Relationship": "Inner",
                                                                                "Parallel Aware": false,
                                                                                "Async Capable": false,
                                                                                "Relation Name": "tag_question",
                                                                                "Alias": "tq1",
                                                                                "Startup Cost": 4.88,
                                                                                "Total Cost": 128.19,
                                                                                "Plan Rows": 31,
                                                                                "Plan Width": 12,
                                                                                "Actual Startup Time": 0.303,
                                                                                "Actual Total Time": 2.778,
                                                                                "Actual Rows": 1656,
                                                                                "Actual Loops": 3,
                                                                                "Recheck Cond": "((t1.site_id = site_id) AND (t1.id = tag_id))",
                                                                                "Rows Removed by Index Recheck": 0,
                                                                                "Exact Heap Blocks": 1745,
                                                                                "Lossy Heap Blocks": 0,
                                                                                "Workers": [],
                                                                                "Plans": [
                                                                                    {
                                                                                        "Node Type": "Bitmap Index Scan",
                                                                                        "Parent Relationship": "Outer",
                                                                                        "Parallel Aware": false,
                                                                                        "Async Capable": false,
                                                                                        "Index Name": "tag_question_site_id_tag_id_question_id_idx",
                                                                                        "Startup Cost": 0.0,
                                                                                        "Total Cost": 4.88,
                                                                                        "Plan Rows": 31,
                                                                                        "Plan Width": 0,
                                                                                        "Actual Startup Time": 0.155,
                                                                                        "Actual Total Time": 0.155,
                                                                                        "Actual Rows": 1656,
                                                                                        "Actual Loops": 3,
                                                                                        "Index Cond": "((site_id = t1.site_id) AND (tag_id = t1.id))",
                                                                                        "Workers": []
                                                                                    }
                                                                                ]
                                                                            }
                                                                        ]
                                                                    },
                                                                    {
                                                                        "Node Type": "Bitmap Heap Scan",
                                                                        "Parent Relationship": "Inner",
                                                                        "Parallel Aware": false,
                                                                        "Async Capable": false,
                                                                        "Relation Name": "question",
                                                                        "Alias": "q1",
                                                                        "Startup Cost": 3.63,
                                                                        "Total Cost": 7.65,
                                                                        "Plan Rows": 1,
                                                                        "Plan Width": 12,
                                                                        "Actual Startup Time": 0.004,
                                                                        "Actual Total Time": 0.004,
                                                                        "Actual Rows": 0,
                                                                        "Actual Loops": 4967,
                                                                        "Recheck Cond": "((tq1.question_id = id) AND (tq1.site_id = site_id))",
                                                                        "Rows Removed by Index Recheck": 0,
                                                                        "Filter": "((favorite_count >= 0) AND (favorite_count <= 10000))",
                                                                        "Rows Removed by Filter": 1,
                                                                        "Exact Heap Blocks": 1756,
                                                                        "Lossy Heap Blocks": 0,
                                                                        "Workers": [],
                                                                        "Plans": [
                                                                            {
                                                                                "Node Type": "Bitmap Index Scan",
                                                                                "Parent Relationship": "Outer",
                                                                                "Parallel Aware": false,
                                                                                "Async Capable": false,
                                                                                "Index Name": "question_pkey",
                                                                                "Startup Cost": 0.0,
                                                                                "Total Cost": 3.63,
                                                                                "Plan Rows": 1,
                                                                                "Plan Width": 0,
                                                                                "Actual Startup Time": 0.003,
                                                                                "Actual Total Time": 0.003,
                                                                                "Actual Rows": 1,
                                                                                "Actual Loops": 4967,
                                                                                "Index Cond": "((id = tq1.question_id) AND (site_id = tq1.site_id))",
                                                                                "Workers": []
                                                                            }
                                                                        ]
                                                                    }
                                                                ]
                                                            },
                                                            {
                                                                "Node Type": "Bitmap Heap Scan",
                                                                "Parent Relationship": "Inner",
                                                                "Parallel Aware": false,
                                                                "Async Capable": false,
                                                                "Relation Name": "so_user",
                                                                "Alias": "u1",
                                                                "Startup Cost": 3.64,
                                                                "Total Cost": 7.66,
                                                                "Plan Rows": 1,
                                                                "Plan Width": 12,
                                                                "Actual Startup Time": 0.005,
                                                                "Actual Total Time": 0.005,
                                                                "Actual Rows": 1,
                                                                "Actual Loops": 1306,
                                                                "Recheck Cond": "((id = q1.owner_user_id) AND (site_id = q1.site_id))",
                                                                "Rows Removed by Index Recheck": 0,
                                                                "Exact Heap Blocks": 461,
                                                                "Lossy Heap Blocks": 0,
                                                                "Workers": [],
                                                                "Plans": [
                                                                    {
                                                                        "Node Type": "Bitmap Index Scan",
                                                                        "Parent Relationship": "Outer",
                                                                        "Parallel Aware": false,
                                                                        "Async Capable": false,
                                                                        "Index Name": "so_user_pkey",
                                                                        "Startup Cost": 0.0,
                                                                        "Total Cost": 3.64,
                                                                        "Plan Rows": 1,
                                                                        "Plan Width": 0,
                                                                        "Actual Startup Time": 0.004,
                                                                        "Actual Total Time": 0.004,
                                                                        "Actual Rows": 1,
                                                                        "Actual Loops": 1306,
                                                                        "Index Cond": "((id = q1.owner_user_id) AND (site_id = q1.site_id))",
                                                                        "Workers": []
                                                                    }
                                                                ]
                                                            }
                                                        ]
                                                    }
                                                ]
                                            },
                                            {
                                                "Node Type": "Bitmap Heap Scan",
                                                "Parent Relationship": "Inner",
                                                "Parallel Aware": false,
                                                "Async Capable": false,
                                                "Relation Name": "badge",
                                                "Alias": "b1",
                                                "Startup Cost": 3.84,
                                                "Total Cost": 7.86,
                                                "Plan Rows": 1,
                                                "Plan Width": 8,
                                                "Actual Startup Time": 0.014,
                                                "Actual Total Time": 0.074,
                                                "Actual Rows": 84,
                                                "Actual Loops": 1306,
                                                "Recheck Cond": "((u1.site_id = site_id) AND (u1.id = user_id))",
                                                "Rows Removed by Index Recheck": 0,
                                                "Exact Heap Blocks": 107594,
                                                "Lossy Heap Blocks": 0,
                                                "Plans": [
                                                    {
                                                        "Node Type": "Bitmap Index Scan",
                                                        "Parent Relationship": "Outer",
                                                        "Parallel Aware": false,
                                                        "Async Capable": false,
                                                        "Index Name": "badge_pkey",
                                                        "Startup Cost": 0.0,
                                                        "Total Cost": 3.84,
                                                        "Plan Rows": 1,
                                                        "Plan Width": 0,
                                                        "Actual Startup Time": 0.007,
                                                        "Actual Total Time": 0.007,
                                                        "Actual Rows": 84,
                                                        "Actual Loops": 1306,
                                                        "Index Cond": "((site_id = u1.site_id) AND (user_id = u1.id))"
                                                    }
                                                ]
                                            }
                                        ]
                                    },
                                    {
                                        "Node Type": "Bitmap Heap Scan",
                                        "Parent Relationship": "Inner",
                                        "Parallel Aware": false,
                                        "Async Capable": false,
                                        "Relation Name": "account",
                                        "Alias": "acc",
                                        "Startup Cost": 3.63,
                                        "Total Cost": 7.65,
                                        "Plan Rows": 1,
                                        "Plan Width": 4,
                                        "Actual Startup Time": 0.001,
                                        "Actual Total Time": 0.001,
                                        "Actual Rows": 0,
                                        "Actual Loops": 109477,
                                        "Recheck Cond": "(id = u1.account_id)",
                                        "Rows Removed by Index Recheck": 0,
                                        "Filter": "((website_url)::text ~~* '%'::text)",
                                        "Rows Removed by Filter": 1,
                                        "Exact Heap Blocks": 109477,
                                        "Lossy Heap Blocks": 0,
                                        "Plans": [
                                            {
                                                "Node Type": "Bitmap Index Scan",
                                                "Parent Relationship": "Outer",
                                                "Parallel Aware": false,
                                                "Async Capable": false,
                                                "Index Name": "account_pkey",
                                                "Startup Cost": 0.0,
                                                "Total Cost": 3.63,
                                                "Plan Rows": 1,
                                                "Plan Width": 0,
                                                "Actual Startup Time": 0.001,
                                                "Actual Total Time": 0.001,
                                                "Actual Rows": 1,
                                                "Actual Loops": 109477,
                                                "Index Cond": "(id = u1.account_id)"
                                            }
                                        ]
                                    }
                                ]
                            }
                        ]
                    },
                    "Planning Time": 4.096,
                    "Triggers": [],
                    "Execution Time": 260.54
                }
            ],
            "hints": [
                "SET enable_hashjoin TO on",
                "SET enable_indexonlyscan TO on",
                "SET enable_indexscan TO off",
                "SET enable_mergejoin TO off",
                "SET enable_nestloop TO on",
                "SET enable_seqscan TO on"
            ]
        },
        {
            "arm": 3,
            "execution_time": 3270.919,
            "plan": [
                {
                    "Plan": {
                        "Node Type": "Aggregate",
                        "Strategy": "Plain",
                        "Partial Mode": "Finalize",
                        "Parallel Aware": false,
                        "Async Capable": false,
                        "Startup Cost": 2911973.29,
                        "Total Cost": 2911973.3,
                        "Plan Rows": 1,
                        "Plan Width": 8,
                        "Actual Startup Time": 3254.698,
                        "Actual Total Time": 3270.878,
                        "Actual Rows": 1,
                        "Actual Loops": 1,
                        "Plans": [
                            {
                                "Node Type": "Gather",
                                "Parent Relationship": "Outer",
                                "Parallel Aware": false,
                                "Async Capable": false,
                                "Startup Cost": 2911972.77,
                                "Total Cost": 2911973.28,
                                "Plan Rows": 5,
                                "Plan Width": 8,
                                "Actual Startup Time": 3254.278,
                                "Actual Total Time": 3270.872,
                                "Actual Rows": 6,
                                "Actual Loops": 1,
                                "Workers Planned": 5,
                                "Workers Launched": 5,
                                "Single Copy": false,
                                "Plans": [
                                    {
                                        "Node Type": "Aggregate",
                                        "Strategy": "Plain",
                                        "Partial Mode": "Partial",
                                        "Parent Relationship": "Outer",
                                        "Parallel Aware": false,
                                        "Async Capable": false,
                                        "Startup Cost": 2910972.77,
                                        "Total Cost": 2910972.78,
                                        "Plan Rows": 1,
                                        "Plan Width": 8,
                                        "Actual Startup Time": 3251.694,
                                        "Actual Total Time": 3251.724,
                                        "Actual Rows": 1,
                                        "Actual Loops": 6,
                                        "Workers": [],
                                        "Plans": [
                                            {
                                                "Node Type": "Hash Join",
                                                "Parent Relationship": "Outer",
                                                "Parallel Aware": true,
                                                "Async Capable": false,
                                                "Join Type": "Inner",
                                                "Startup Cost": 2760214.94,
                                                "Total Cost": 2910972.77,
                                                "Plan Rows": 1,
                                                "Plan Width": 0,
                                                "Actual Startup Time": 3024.252,
                                                "Actual Total Time": 3251.497,
                                                "Actual Rows": 8885,
                                                "Actual Loops": 6,
                                                "Inner Unique": false,
                                                "Hash Cond": "(acc.id = u1.account_id)",
                                                "Workers": [],
                                                "Plans": [
                                                    {
                                                        "Node Type": "Seq Scan",
                                                        "Parent Relationship": "Outer",
                                                        "Parallel Aware": true,
                                                        "Async Capable": false,
                                                        "Relation Name": "account",
                                                        "Alias": "acc",
                                                        "Startup Cost": 0.0,
                                                        "Total Cost": 148993.09,
                                                        "Plan Rows": 470594,
                                                        "Plan Width": 4,
                                                        "Actual Startup Time": 0.044,
                                                        "Actual Total Time": 211.425,
                                                        "Actual Rows": 392304,
                                                        "Actual Loops": 6,
                                                        "Filter": "((website_url)::text ~~* '%'::text)",
                                                        "Rows Removed by Filter": 1919722,
                                                        "Workers": []
                                                    },
                                                    {
                                                        "Node Type": "Hash",
                                                        "Parent Relationship": "Inner",
                                                        "Parallel Aware": true,
                                                        "Async Capable": false,
                                                        "Startup Cost": 2760214.93,
                                                        "Total Cost": 2760214.93,
                                                        "Plan Rows": 1,
                                                        "Plan Width": 4,
                                                        "Actual Startup Time": 3018.625,
                                                        "Actual Total Time": 3018.654,
                                                        "Actual Rows": 18246,
                                                        "Actual Loops": 6,
                                                        "Hash Buckets": 131072,
                                                        "Original Hash Buckets": 1024,
                                                        "Hash Batches": 1,
                                                        "Original Hash Batches": 1,
                                                        "Peak Memory Usage": 6392,
                                                        "Workers": [],
                                                        "Plans": [
                                                            {
                                                                "Node Type": "Hash Join",
                                                                "Parent Relationship": "Outer",
                                                                "Parallel Aware": true,
                                                                "Async Capable": false,
                                                                "Join Type": "Inner",
                                                                "Startup Cost": 2489180.64,
                                                                "Total Cost": 2760214.93,
                                                                "Plan Rows": 1,
                                                                "Plan Width": 4,
                                                                "Actual Startup Time": 2643.4,
                                                                "Actual Total Time": 3008.938,
                                                                "Actual Rows": 18246,
                                                                "Actual Loops": 6,
                                                                "Inner Unique": false,
                                                                "Hash Cond": "((u1.site_id = s.site_id) AND (u1.id = q1.owner_user_id))",
                                                                "Workers": [],
                                                                "Plans": [
                                                                    {
                                                                        "Node Type": "Seq Scan",
                                                                        "Parent Relationship": "Outer",
                                                                        "Parallel Aware": true,
                                                                        "Async Capable": false,
                                                                        "Relation Name": "so_user",
                                                                        "Alias": "u1",
                                                                        "Startup Cost": 0.0,
                                                                        "Total Cost": 239391.02,
                                                                        "Plan Rows": 4219102,
                                                                        "Plan Width": 12,
                                                                        "Actual Startup Time": 0.011,
                                                                        "Actual Total Time": 158.56,
                                                                        "Actual Rows": 3516217,
                                                                        "Actual Loops": 6,
                                                                        "Workers": []
                                                                    },
                                                                    {
                                                                        "Node Type": "Hash",
                                                                        "Parent Relationship": "Inner",
                                                                        "Parallel Aware": true,
                                                                        "Async Capable": false,
                                                                        "Startup Cost": 2489180.62,
                                                                        "Total Cost": 2489180.62,
                                                                        "Plan Rows": 1,
                                                                        "Plan Width": 28,
                                                                        "Actual Startup Time": 2602.336,
                                                                        "Actual Total Time": 2602.365,
                                                                        "Actual Rows": 18246,
                                                                        "Actual Loops": 6,
                                                                        "Hash Buckets": 131072,
                                                                        "Original Hash Buckets": 1024,
                                                                        "Hash Batches": 1,
                                                                        "Original Hash Batches": 1,
                                                                        "Peak Memory Usage": 9016,
                                                                        "Workers": [],
                                                                        "Plans": [
                                                                            {
                                                                                "Node Type": "Hash Join",
                                                                                "Parent Relationship": "Outer",
                                                                                "Parallel Aware": true,
                                                                                "Async Capable": false,
                                                                                "Join Type": "Inner",
                                                                                "Startup Cost": 2009464.6,
                                                                                "Total Cost": 2489180.62,
                                                                                "Plan Rows": 1,
                                                                                "Plan Width": 28,
                                                                                "Actual Startup Time": 1458.64,
                                                                                "Actual Total Time": 2518.9,
                                                                                "Actual Rows": 18246,
                                                                                "Actual Loops": 6,
                                                                                "Inner Unique": false,
                                                                                "Hash Cond": "((s.site_id = t1.site_id) AND (b1.user_id = q1.owner_user_id))",
                                                                                "Workers": [],
                                                                                "Plans": [
                                                                                    {
                                                                                        "Node Type": "Hash Join",
                                                                                        "Parent Relationship": "Outer",
                                                                                        "Parallel Aware": false,
                                                                                        "Async Capable": false,
                                                                                        "Join Type": "Inner",
                                                                                        "Startup Cost": 3.18,
                                                                                        "Total Cost": 479349.06,
                                                                                        "Plan Rows": 49351,
                                                                                        "Plan Width": 12,
                                                                                        "Actual Startup Time": 161.475,
                                                                                        "Actual Total Time": 909.18,
                                                                                        "Actual Rows": 5368554,
                                                                                        "Actual Loops": 6,
                                                                                        "Inner Unique": true,
                                                                                        "Hash Cond": "(b1.site_id = s.site_id)",
                                                                                        "Workers": [],
                                                                                        "Plans": [
                                                                                            {
                                                                                                "Node Type": "Seq Scan",
                                                                                                "Parent Relationship": "Outer",
                                                                                                "Parallel Aware": true,
                                                                                                "Async Capable": false,
                                                                                                "Relation Name": "badge",
                                                                                                "Alias": "b1",
                                                                                                "Startup Cost": 0.0,
                                                                                                "Total Cost": 456385.31,
                                                                                                "Plan Rows": 8537731,
                                                                                                "Plan Width": 8,
                                                                                                "Actual Startup Time": 0.014,
                                                                                                "Actual Total Time": 375.38,
                                                                                                "Actual Rows": 8539484,
                                                                                                "Actual Loops": 6,
                                                                                                "Workers": []
                                                                                            },
                                                                                            {
                                                                                                "Node Type": "Hash",
                                                                                                "Parent Relationship": "Inner",
                                                                                                "Parallel Aware": false,
                                                                                                "Async Capable": false,
                                                                                                "Startup Cost": 3.16,
                                                                                                "Total Cost": 3.16,
                                                                                                "Plan Rows": 1,
                                                                                                "Plan Width": 4,
                                                                                                "Actual Startup Time": 0.019,
                                                                                                "Actual Total Time": 0.019,
                                                                                                "Actual Rows": 1,
                                                                                                "Actual Loops": 6,
                                                                                                "Hash Buckets": 1024,
                                                                                                "Original Hash Buckets": 1024,
                                                                                                "Hash Batches": 1,
                                                                                                "Original Hash Batches": 1,
                                                                                                "Peak Memory Usage": 9,
                                                                                                "Workers": [],
                                                                                                "Plans": [
                                                                                                    {
                                                                                                        "Node Type": "Seq Scan",
                                                                                                        "Parent Relationship": "Outer",
                                                                                                        "Parallel Aware": false,
                                                                                                        "Async Capable": false,
                                                                                                        "Relation Name": "site",
                                                                                                        "Alias": "s",
                                                                                                        "Startup Cost": 0.0,
                                                                                                        "Total Cost": 3.16,
                                                                                                        "Plan Rows": 1,
                                                                                                        "Plan Width": 4,
                                                                                                        "Actual Startup Time": 0.015,
                                                                                                        "Actual Total Time": 0.017,
                                                                                                        "Actual Rows": 1,
                                                                                                        "Actual Loops": 6,
                                                                                                        "Filter": "((site_name)::text = 'stackoverflow'::text)",
                                                                                                        "Rows Removed by Filter": 172,
                                                                                                        "Workers": []
                                                                                                    }
                                                                                                ]
                                                                                            }
                                                                                        ]
                                                                                    },
                                                                                    {
                                                                                        "Node Type": "Hash",
                                                                                        "Parent Relationship": "Inner",
                                                                                        "Parallel Aware": true,
                                                                                        "Async Capable": false,
                                                                                        "Startup Cost": 2009460.54,
                                                                                        "Total Cost": 2009460.54,
                                                                                        "Plan Rows": 59,
                                                                                        "Plan Width": 16,
                                                                                        "Actual Startup Time": 1297.086,
                                                                                        "Actual Total Time": 1297.112,
                                                                                        "Actual Rows": 286,
                                                                                        "Actual Loops": 6,
                                                                                        "Hash Buckets": 1024,
                                                                                        "Original Hash Buckets": 1024,
                                                                                        "Hash Batches": 1,
                                                                                        "Original Hash Batches": 1,
                                                                                        "Peak Memory Usage": 200,
                                                                                        "Workers": [],
                                                                                        "Plans": [
                                                                                            {
                                                                                                "Node Type": "Hash Join",
                                                                                                "Parent Relationship": "Outer",
                                                                                                "Parallel Aware": true,
                                                                                                "Async Capable": false,
                                                                                                "Join Type": "Inner",
                                                                                                "Startup Cost": 314605.25,
                                                                                                "Total Cost": 2009460.54,
                                                                                                "Plan Rows": 59,
                                                                                                "Plan Width": 16,
                                                                                                "Actual Startup Time": 690.888,
                                                                                                "Actual Total Time": 1296.952,
                                                                                                "Actual Rows": 286,
                                                                                                "Actual Loops": 6,
                                                                                                "Inner Unique": false,
                                                                                                "Hash Cond": "((q1.site_id = t1.site_id) AND (q1.id = tq1.question_id))",
                                                                                                "Workers": [],
                                                                                                "Plans": [
                                                                                                    {
                                                                                                        "Node Type": "Seq Scan",
                                                                                                        "Parent Relationship": "Outer",
                                                                                                        "Parallel Aware": true,
                                                                                                        "Async Capable": false,
                                                                                                        "Relation Name": "question",
                                                                                                        "Alias": "q1",
                                                                                                        "Startup Cost": 0.0,
                                                                                                        "Total Cost": 1691290.18,
                                                                                                        "Plan Rows": 475339,
                                                                                                        "Plan Width": 12,
                                                                                                        "Actual Startup Time": 0.024,
                                                                                                        "Actual Total Time": 595.623,
                                                                                                        "Actual Rows": 560455,
                                                                                                        "Actual Loops": 6,
                                                                                                        "Filter": "((favorite_count >= 0) AND (favorite_count <= 10000))",
                                                                                                        "Rows Removed by Filter": 1550618,
                                                                                                        "Workers": []
                                                                                                    },
                                                                                                    {
                                                                                                        "Node Type": "Hash",
                                                                                                        "Parent Relationship": "Inner",
                                                                                                        "Parallel Aware": true,
                                                                                                        "Async Capable": false,
                                                                                                        "Startup Cost": 314600.51,
                                                                                                        "Total Cost": 314600.51,
                                                                                                        "Plan Rows": 316,
                                                                                                        "Plan Width": 12,
                                                                                                        "Actual Startup Time": 657.373,
                                                                                                        "Actual Total Time": 657.397,
                                                                                                        "Actual Rows": 1011,
                                                                                                        "Actual Loops": 6,
                                                                                                        "Hash Buckets": 8192,
                                                                                                        "Original Hash Buckets": 2048,
                                                                                                        "Hash Batches": 1,
                                                                                                        "Original Hash Batches": 1,
                                                                                                        "Peak Memory Usage": 528,
                                                                                                        "Workers": [],
                                                                                                        "Plans": [
                                                                                                            {
                                                                                                                "Node Type": "Hash Join",
                                                                                                                "Parent Relationship": "Outer",
                                                                                                                "Parallel Aware": true,
                                                                                                                "Async Capable": false,
                                                                                                                "Join Type": "Inner",
                                                                                                                "Startup Cost": 2710.71,
                                                                                                                "Total Cost": 314600.51,
                                                                                                                "Plan Rows": 316,
                                                                                                                "Plan Width": 12,
                                                                                                                "Actual Startup Time": 4.37,
                                                                                                                "Actual Total Time": 513.968,
                                                                                                                "Actual Rows": 1011,
                                                                                                                "Actual Loops": 6,
                                                                                                                "Inner Unique": true,
                                                                                                                "Hash Cond": "((tq1.site_id = t1.site_id) AND (tq1.tag_id = t1.id))",
                                                                                                                "Workers": [],
                                                                                                                "Plans": [
                                                                                                                    {
                                                                                                                        "Node Type": "Seq Scan",
                                                                                                                        "Parent Relationship": "Outer",
                                                                                                                        "Parallel Aware": true,
                                                                                                                        "Async Capable": false,
                                                                                                                        "Relation Name": "tag_question",
                                                                                                                        "Alias": "tq1",
                                                                                                                        "Startup Cost": 0.0,
                                                                                                                        "Total Cost": 273159.66,
                                                                                                                        "Plan Rows": 7376766,
                                                                                                                        "Plan Width": 12,
                                                                                                                        "Actual Startup Time": 0.024,
                                                                                                                        "Actual Total Time": 253.68,
                                                                                                                        "Actual Rows": 6147303,
                                                                                                                        "Actual Loops": 6,
                                                                                                                        "Workers": []
                                                                                                                    },
                                                                                                                    {
                                                                                                                        "Node Type": "Hash",
                                                                                                                        "Parent Relationship": "Inner",
                                                                                                                        "Parallel Aware": true,
                                                                                                                        "Async Capable": false,
                                                                                                                        "Startup Cost": 2710.64,
                                                                                                                        "Total Cost": 2710.64,
                                                                                                                        "Plan Rows": 5,
                                                                                                                        "Plan Width": 8,
                                                                                                                        "Actual Startup Time": 2.725,
                                                                                                                        "Actual Total Time": 2.725,
                                                                                                                        "Actual Rows": 2,
                                                                                                                        "Actual Loops": 6,
                                                                                                                        "Hash Buckets": 1024,
                                                                                                                        "Original Hash Buckets": 1024,
                                                                                                                        "Hash Batches": 1,
                                                                                                                        "Original Hash Batches": 1,
                                                                                                                        "Peak Memory Usage": 168,
                                                                                                                        "Workers": [],
                                                                                                                        "Plans": [
                                                                                                                            {
                                                                                                                                "Node Type": "Seq Scan",
                                                                                                                                "Parent Relationship": "Outer",
                                                                                                                                "Parallel Aware": true,
                                                                                                                                "Async Capable": false,
                                                                                                                                "Relation Name": "tag",
                                                                                                                                "Alias": "t1",
                                                                                                                                "Startup Cost": 0.0,
                                                                                                                                "Total Cost": 2710.64,
                                                                                                                                "Plan Rows": 5,
                                                                                                                                "Plan Width": 8,
                                                                                                                                "Actual Startup Time": 1.676,
                                                                                                                                "Actual Total Time": 2.685,
                                                                                                                                "Actual Rows": 2,
                                                                                                                                "Actual Loops": 6,
                                                                                                                                "Filter": "((name)::text = ANY ('{android-custom-view,export-to-excel,filenames}'::text[]))",
                                                                                                                                "Rows Removed by Filter": 31127,
                                                                                                                                "Workers": []
                                                                                                                            }
                                                                                                                        ]
                                                                                                                    }
                                                                                                                ]
                                                                                                            }
                                                                                                        ]
                                                                                                    }
                                                                                                ]
                                                                                            }
                                                                                        ]
                                                                                    }
                                                                                ]
                                                                            }
                                                                        ]
                                                                    }
                                                                ]
                                                            }
                                                        ]
                                                    }
                                                ]
                                            }
                                        ]
                                    }
                                ]
                            }
                        ]
                    },
                    "Planning Time": 4.225,
                    "Triggers": [],
                    "Execution Time": 3270.919
                }
            ],
            "hints": [
                "SET enable_hashjoin TO on",
                "SET enable_indexonlyscan TO on",
                "SET enable_indexscan TO off",
                "SET enable_mergejoin TO off",
                "SET enable_nestloop TO off",
                "SET enable_seqscan TO on"
            ]
        },
        {
            "arm": 4,
            "execution_time": 201.9,
            "plan": [
                {
                    "Plan": {
                        "Node Type": "Aggregate",
                        "Strategy": "Plain",
                        "Partial Mode": "Simple",
                        "Parallel Aware": false,
                        "Async Capable": false,
                        "Startup Cost": 3906.51,
                        "Total Cost": 3906.52,
                        "Plan Rows": 1,
                        "Plan Width": 8,
                        "Actual Startup Time": 201.809,
                        "Actual Total Time": 201.863,
                        "Actual Rows": 1,
                        "Actual Loops": 1,
                        "Plans": [
                            {
                                "Node Type": "Nested Loop",
                                "Parent Relationship": "Outer",
                                "Parallel Aware": false,
                                "Async Capable": false,
                                "Join Type": "Inner",
                                "Startup Cost": 1005.61,
                                "Total Cost": 3906.51,
                                "Plan Rows": 1,
                                "Plan Width": 0,
                                "Actual Startup Time": 6.06,
                                "Actual Total Time": 200.348,
                                "Actual Rows": 53310,
                                "Actual Loops": 1,
                                "Inner Unique": true,
                                "Plans": [
                                    {
                                        "Node Type": "Nested Loop",
                                        "Parent Relationship": "Outer",
                                        "Parallel Aware": false,
                                        "Async Capable": false,
                                        "Join Type": "Inner",
                                        "Startup Cost": 1005.18,
                                        "Total Cost": 3899.68,
                                        "Plan Rows": 1,
                                        "Plan Width": 4,
                                        "Actual Startup Time": 5.692,
                                        "Actual Total Time": 91.66,
                                        "Actual Rows": 109477,
                                        "Actual Loops": 1,
                                        "Inner Unique": false,
                                        "Join Filter": "((s.site_id = b1.site_id) AND (b1.user_id = q1.owner_user_id))",
                                        "Rows Removed by Join Filter": 0,
                                        "Plans": [
                                            {
                                                "Node Type": "Gather",
                                                "Parent Relationship": "Outer",
                                                "Parallel Aware": false,
                                                "Async Capable": false,
                                                "Startup Cost": 1004.61,
                                                "Total Cost": 3892.55,
                                                "Plan Rows": 1,
                                                "Plan Width": 32,
                                                "Actual Startup Time": 5.682,
                                                "Actual Total Time": 12.117,
                                                "Actual Rows": 1306,
                                                "Actual Loops": 1,
                                                "Workers Planned": 1,
                                                "Workers Launched": 1,
                                                "Single Copy": false,
                                                "Plans": [
                                                    {
                                                        "Node Type": "Nested Loop",
                                                        "Parent Relationship": "Outer",
                                                        "Parallel Aware": false,
                                                        "Async Capable": false,
                                                        "Join Type": "Inner",
                                                        "Startup Cost": 4.61,
                                                        "Total Cost": 2892.45,
                                                        "Plan Rows": 1,
                                                        "Plan Width": 32,
                                                        "Actual Startup Time": 4.394,
                                                        "Actual Total Time": 23.43,
                                                        "Actual Rows": 653,
                                                        "Actual Loops": 2,
                                                        "Inner Unique": true,
                                                        "Join Filter": "(s.site_id = u1.site_id)",
                                                        "Rows Removed by Join Filter": 0,
                                                        "Workers": [],
                                                        "Plans": [
                                                            {
                                                                "Node Type": "Nested Loop",
                                                                "Parent Relationship": "Outer",
                                                                "Parallel Aware": false,
                                                                "Async Capable": false,
                                                                "Join Type": "Inner",
                                                                "Startup Cost": 4.17,
                                                                "Total Cost": 2864.98,
                                                                "Plan Rows": 4,
                                                                "Plan Width": 20,
                                                                "Actual Startup Time": 4.38,
                                                                "Actual Total Time": 20.329,
                                                                "Actual Rows": 653,
                                                                "Actual Loops": 2,
                                                                "Inner Unique": true,
                                                                "Join Filter": "(s.site_id = q1.site_id)",
                                                                "Rows Removed by Join Filter": 0,
                                                                "Workers": [],
                                                                "Plans": [
                                                                    {
                                                                        "Node Type": "Nested Loop",
                                                                        "Parent Relationship": "Outer",
                                                                        "Parallel Aware": false,
                                                                        "Async Capable": false,
                                                                        "Join Type": "Inner",
                                                                        "Startup Cost": 3.74,
                                                                        "Total Cost": 2775.9,
                                                                        "Plan Rows": 13,
                                                                        "Plan Width": 16,
                                                                        "Actual Startup Time": 4.363,
                                                                        "Actual Total Time": 10.608,
                                                                        "Actual Rows": 2484,
                                                                        "Actual Loops": 2,
                                                                        "Inner Unique": false,
                                                                        "Join Filter": "(s.site_id = tq1.site_id)",
                                                                        "Rows Removed by Join Filter": 0,
                                                                        "Workers": [],
                                                                        "Plans": [
                                                                            {
                                                                                "Node Type": "Hash Join",
                                                                                "Parent Relationship": "Outer",
                                                                                "Parallel Aware": false,
                                                                                "Async Capable": false,
                                                                                "Join Type": "Inner",
                                                                                "Startup Cost": 3.18,
                                                                                "Total Cost": 2713.83,
                                                                                "Plan Rows": 1,
                                                                                "Plan Width": 12,
                                                                                "Actual Startup Time": 4.326,
                                                                                "Actual Total Time": 6.936,
                                                                                "Actual Rows": 2,
                                                                                "Actual Loops": 2,
                                                                                "Inner Unique": true,
                                                                                "Hash Cond": "(t1.site_id = s.site_id)",
                                                                                "Workers": [],
                                                                                "Plans": [
                                                                                    {
                                                                                        "Node Type": "Seq Scan",
                                                                                        "Parent Relationship": "Outer",
                                                                                        "Parallel Aware": true,
                                                                                        "Async Capable": false,
                                                                                        "Relation Name": "tag",
                                                                                        "Alias": "t1",
                                                                                        "Startup Cost": 0.0,
                                                                                        "Total Cost": 2710.64,
                                                                                        "Plan Rows": 5,
                                                                                        "Plan Width": 8,
                                                                                        "Actual Startup Time": 1.626,
                                                                                        "Actual Total Time": 6.856,
                                                                                        "Actual Rows": 5,
                                                                                        "Actual Loops": 2,
                                                                                        "Filter": "((name)::text = ANY ('{android-custom-view,export-to-excel,filenames}'::text[]))",
                                                                                        "Rows Removed by Filter": 93380,
                                                                                        "Workers": []
                                                                                    },
                                                                                    {
                                                                                        "Node Type": "Hash",
                                                                                        "Parent Relationship": "Inner",
                                                                                        "Parallel Aware": false,
                                                                                        "Async Capable": false,
                                                                                        "Startup Cost": 3.16,
                                                                                        "Total Cost": 3.16,
                                                                                        "Plan Rows": 1,
                                                                                        "Plan Width": 4,
                                                                                        "Actual Startup Time": 0.023,
                                                                                        "Actual Total Time": 0.023,
                                                                                        "Actual Rows": 1,
                                                                                        "Actual Loops": 2,
                                                                                        "Hash Buckets": 1024,
                                                                                        "Original Hash Buckets": 1024,
                                                                                        "Hash Batches": 1,
                                                                                        "Original Hash Batches": 1,
                                                                                        "Peak Memory Usage": 9,
                                                                                        "Workers": [],
                                                                                        "Plans": [
                                                                                            {
                                                                                                "Node Type": "Seq Scan",
                                                                                                "Parent Relationship": "Outer",
                                                                                                "Parallel Aware": false,
                                                                                                "Async Capable": false,
                                                                                                "Relation Name": "site",
                                                                                                "Alias": "s",
                                                                                                "Startup Cost": 0.0,
                                                                                                "Total Cost": 3.16,
                                                                                                "Plan Rows": 1,
                                                                                                "Plan Width": 4,
                                                                                                "Actual Startup Time": 0.015,
                                                                                                "Actual Total Time": 0.017,
                                                                                                "Actual Rows": 1,
                                                                                                "Actual Loops": 2,
                                                                                                "Filter": "((site_name)::text = 'stackoverflow'::text)",
                                                                                                "Rows Removed by Filter": 172,
                                                                                                "Workers": []
                                                                                            }
                                                                                        ]
                                                                                    }
                                                                                ]
                                                                            },
                                                                            {
                                                                                "Node Type": "Index Only Scan",
                                                                                "Parent Relationship": "Inner",
                                                                                "Parallel Aware": false,
                                                                                "Async Capable": false,
                                                                                "Scan Direction": "Forward",
                                                                                "Index Name": "tag_question_site_id_tag_id_question_id_idx",
                                                                                "Relation Name": "tag_question",
                                                                                "Alias": "tq1",
                                                                                "Startup Cost": 0.56,
                                                                                "Total Cost": 61.69,
                                                                                "Plan Rows": 31,
                                                                                "Plan Width": 12,
                                                                                "Actual Startup Time": 0.026,
                                                                                "Actual Total Time": 2.333,
                                                                                "Actual Rows": 1656,
                                                                                "Actual Loops": 3,
                                                                                "Index Cond": "((site_id = t1.site_id) AND (tag_id = t1.id))",
                                                                                "Rows Removed by Index Recheck": 0,
                                                                                "Heap Fetches": 4967,
                                                                                "Workers": []
                                                                            }
                                                                        ]
                                                                    },
                                                                    {
                                                                        "Node Type": "Index Scan",
                                                                        "Parent Relationship": "Inner",
                                                                        "Parallel Aware": false,
                                                                        "Async Capable": false,
                                                                        "Scan Direction": "Forward",
                                                                        "Index Name": "question_pkey",
                                                                        "Relation Name": "question",
                                                                        "Alias": "q1",
                                                                        "Startup Cost": 0.43,
                                                                        "Total Cost": 6.84,
                                                                        "Plan Rows": 1,
                                                                        "Plan Width": 12,
                                                                        "Actual Startup Time": 0.004,
                                                                        "Actual Total Time": 0.004,
                                                                        "Actual Rows": 0,
                                                                        "Actual Loops": 4967,
                                                                        "Index Cond": "((id = tq1.question_id) AND (site_id = tq1.site_id))",
                                                                        "Rows Removed by Index Recheck": 0,
                                                                        "Filter": "((favorite_count >= 0) AND (favorite_count <= 10000))",
                                                                        "Rows Removed by Filter": 1,
                                                                        "Workers": []
                                                                    }
                                                                ]
                                                            },
                                                            {
                                                                "Node Type": "Index Scan",
                                                                "Parent Relationship": "Inner",
                                                                "Parallel Aware": false,
                                                                "Async Capable": false,
                                                                "Scan Direction": "Forward",
                                                                "Index Name": "so_user_pkey",
                                                                "Relation Name": "so_user",
                                                                "Alias": "u1",
                                                                "Startup Cost": 0.44,
                                                                "Total Cost": 6.85,
                                                                "Plan Rows": 1,
                                                                "Plan Width": 12,
                                                                "Actual Startup Time": 0.004,
                                                                "Actual Total Time": 0.004,
                                                                "Actual Rows": 1,
                                                                "Actual Loops": 1306,
                                                                "Index Cond": "((id = q1.owner_user_id) AND (site_id = q1.site_id))",
                                                                "Rows Removed by Index Recheck": 0,
                                                                "Workers": []
                                                            }
                                                        ]
                                                    }
                                                ]
                                            },
                                            {
                                                "Node Type": "Index Only Scan",
                                                "Parent Relationship": "Inner",
                                                "Parallel Aware": false,
                                                "Async Capable": false,
                                                "Scan Direction": "Forward",
                                                "Index Name": "badge_pkey",
                                                "Relation Name": "badge",
                                                "Alias": "b1",
                                                "Startup Cost": 0.56,
                                                "Total Cost": 7.12,
                                                "Plan Rows": 1,
                                                "Plan Width": 8,
                                                "Actual Startup Time": 0.004,
                                                "Actual Total Time": 0.056,
                                                "Actual Rows": 84,
                                                "Actual Loops": 1306,
                                                "Index Cond": "((site_id = u1.site_id) AND (user_id = u1.id))",
                                                "Rows Removed by Index Recheck": 0,
                                                "Heap Fetches": 109477
                                            }
                                        ]
                                    },
                                    {
                                        "Node Type": "Index Scan",
                                        "Parent Relationship": "Inner",
                                        "Parallel Aware": false,
                                        "Async Capable": false,
                                        "Scan Direction": "Forward",
                                        "Index Name": "account_pkey",
                                        "Relation Name": "account",
                                        "Alias": "acc",
                                        "Startup Cost": 0.43,
                                        "Total Cost": 6.83,
                                        "Plan Rows": 1,
                                        "Plan Width": 4,
                                        "Actual Startup Time": 0.001,
                                        "Actual Total Time": 0.001,
                                        "Actual Rows": 0,
                                        "Actual Loops": 109477,
                                        "Index Cond": "(id = u1.account_id)",
                                        "Rows Removed by Index Recheck": 0,
                                        "Filter": "((website_url)::text ~~* '%'::text)",
                                        "Rows Removed by Filter": 1
                                    }
                                ]
                            }
                        ]
                    },
                    "Planning Time": 4.421,
                    "Triggers": [],
                    "Execution Time": 201.9
                }
            ],
            "hints": [
                "SET enable_hashjoin TO on",
                "SET enable_indexonlyscan TO on",
                "SET enable_indexscan TO on",
                "SET enable_mergejoin TO off",
                "SET enable_nestloop TO on",
                "SET enable_seqscan TO on"
            ]
        }
    ]
}