{
    "sql_file": "soload_q8-005.sql",
    "query": "select count(distinct q1.id) from\nsite, post_link pl, question q1, question q2, comment c1, comment c2,\ntag, tag_question tq1, tag_question tq2\nwhere\nsite.site_name = 'german' and\npl.site_id = site.site_id and\n\npl.site_id = q1.site_id and\npl.post_id_from = q1.id and\npl.site_id = q2.site_id and\npl.post_id_to = q2.id and\n\nc1.site_id = q1.site_id and\nc1.post_id = q1.id and\n\nc2.site_id = q2.site_id and\nc2.post_id = q2.id and\n\nc1.date > c2.date and\n\ntag.name in ('ruby-on-rails', 'javascript', 'python-3.x', 'excel') and\ntag.id = tq1.tag_id and\ntag.site_id = tq1.site_id and\ntag.id = tq2.tag_id and\ntag.site_id = tq1.site_id and\n\ntag.site_id = pl.site_id and\n\ntq1.site_id = q1.site_id and\ntq1.question_id = q1.id and\ntq2.site_id = q2.site_id and\ntq2.question_id = q2.id;",
    "results": [
        {
            "arm": 0,
            "execution_time": 10.538,
            "plan": [
                {
                    "Plan": {
                        "Node Type": "Aggregate",
                        "Strategy": "Plain",
                        "Partial Mode": "Simple",
                        "Parallel Aware": false,
                        "Async Capable": false,
                        "Startup Cost": 4005.96,
                        "Total Cost": 4005.97,
                        "Plan Rows": 1,
                        "Plan Width": 8,
                        "Actual Startup Time": 9.475,
                        "Actual Total Time": 10.487,
                        "Actual Rows": 1,
                        "Actual Loops": 1,
                        "Plans": [
                            {
                                "Node Type": "Sort",
                                "Parent Relationship": "Outer",
                                "Parallel Aware": false,
                                "Async Capable": false,
                                "Startup Cost": 4005.95,
                                "Total Cost": 4005.95,
                                "Plan Rows": 1,
                                "Plan Width": 4,
                                "Actual Startup Time": 9.472,
                                "Actual Total Time": 10.484,
                                "Actual Rows": 0,
                                "Actual Loops": 1,
                                "Sort Key": [
                                    "q1.id"
                                ],
                                "Sort Method": "quicksort",
                                "Sort Space Used": 25,
                                "Sort Space Type": "Memory",
                                "Plans": [
                                    {
                                        "Node Type": "Gather",
                                        "Parent Relationship": "Outer",
                                        "Parallel Aware": false,
                                        "Async Capable": false,
                                        "Startup Cost": 3855.57,
                                        "Total Cost": 4005.94,
                                        "Plan Rows": 1,
                                        "Plan Width": 4,
                                        "Actual Startup Time": 9.469,
                                        "Actual Total Time": 10.481,
                                        "Actual Rows": 0,
                                        "Actual Loops": 1,
                                        "Workers Planned": 1,
                                        "Workers Launched": 1,
                                        "Single Copy": false,
                                        "Plans": [
                                            {
                                                "Node Type": "Nested Loop",
                                                "Parent Relationship": "Outer",
                                                "Parallel Aware": false,
                                                "Async Capable": false,
                                                "Join Type": "Inner",
                                                "Startup Cost": 2855.57,
                                                "Total Cost": 3005.84,
                                                "Plan Rows": 1,
                                                "Plan Width": 4,
                                                "Actual Startup Time": 7.572,
                                                "Actual Total Time": 7.575,
                                                "Actual Rows": 0,
                                                "Actual Loops": 2,
                                                "Inner Unique": false,
                                                "Join Filter": "((c1.date > c2.date) AND (pl.post_id_to = c2.post_id) AND (c2.site_id = tag.site_id))",
                                                "Rows Removed by Join Filter": 0,
                                                "Workers": [],
                                                "Plans": [
                                                    {
                                                        "Node Type": "Nested Loop",
                                                        "Parent Relationship": "Outer",
                                                        "Parallel Aware": false,
                                                        "Async Capable": false,
                                                        "Join Type": "Inner",
                                                        "Startup Cost": 2855.01,
                                                        "Total Cost": 2997.68,
                                                        "Plan Rows": 1,
                                                        "Plan Width": 56,
                                                        "Actual Startup Time": 7.572,
                                                        "Actual Total Time": 7.574,
                                                        "Actual Rows": 0,
                                                        "Actual Loops": 2,
                                                        "Inner Unique": true,
                                                        "Join Filter": "((tag.id = tq2.tag_id) AND (tag.site_id = tq2.site_id))",
                                                        "Rows Removed by Join Filter": 0,
                                                        "Workers": [],
                                                        "Plans": [
                                                            {
                                                                "Node Type": "Nested Loop",
                                                                "Parent Relationship": "Outer",
                                                                "Parallel Aware": false,
                                                                "Async Capable": false,
                                                                "Join Type": "Inner",
                                                                "Startup Cost": 2854.44,
                                                                "Total Cost": 2989.52,
                                                                "Plan Rows": 1,
                                                                "Plan Width": 56,
                                                                "Actual Startup Time": 7.572,
                                                                "Actual Total Time": 7.574,
                                                                "Actual Rows": 0,
                                                                "Actual Loops": 2,
                                                                "Inner Unique": true,
                                                                "Join Filter": "(q2.site_id = tag.site_id)",
                                                                "Rows Removed by Join Filter": 0,
                                                                "Workers": [],
                                                                "Plans": [
                                                                    {
                                                                        "Node Type": "Nested Loop",
                                                                        "Parent Relationship": "Outer",
                                                                        "Parallel Aware": false,
                                                                        "Async Capable": false,
                                                                        "Join Type": "Inner",
                                                                        "Startup Cost": 2854.01,
                                                                        "Total Cost": 2985.28,
                                                                        "Plan Rows": 1,
                                                                        "Plan Width": 48,
                                                                        "Actual Startup Time": 7.572,
                                                                        "Actual Total Time": 7.573,
                                                                        "Actual Rows": 0,
                                                                        "Actual Loops": 2,
                                                                        "Inner Unique": false,
                                                                        "Join Filter": "(pl.site_id = tag.site_id)",
                                                                        "Rows Removed by Join Filter": 0,
                                                                        "Workers": [],
                                                                        "Plans": [
                                                                            {
                                                                                "Node Type": "Nested Loop",
                                                                                "Parent Relationship": "Outer",
                                                                                "Parallel Aware": false,
                                                                                "Async Capable": false,
                                                                                "Join Type": "Inner",
                                                                                "Startup Cost": 2853.58,
                                                                                "Total Cost": 2977.27,
                                                                                "Plan Rows": 1,
                                                                                "Plan Width": 48,
                                                                                "Actual Startup Time": 7.572,
                                                                                "Actual Total Time": 7.573,
                                                                                "Actual Rows": 0,
                                                                                "Actual Loops": 2,
                                                                                "Inner Unique": false,
                                                                                "Join Filter": "(c1.site_id = tag.site_id)",
                                                                                "Rows Removed by Join Filter": 0,
                                                                                "Workers": [],
                                                                                "Plans": [
                                                                                    {
                                                                                        "Node Type": "Nested Loop",
                                                                                        "Parent Relationship": "Outer",
                                                                                        "Parallel Aware": false,
                                                                                        "Async Capable": false,
                                                                                        "Join Type": "Inner",
                                                                                        "Startup Cost": 2853.01,
                                                                                        "Total Cost": 2969.11,
                                                                                        "Plan Rows": 1,
                                                                                        "Plan Width": 32,
                                                                                        "Actual Startup Time": 7.572,
                                                                                        "Actual Total Time": 7.573,
                                                                                        "Actual Rows": 0,
                                                                                        "Actual Loops": 2,
                                                                                        "Inner Unique": true,
                                                                                        "Join Filter": "(q1.site_id = tag.site_id)",
                                                                                        "Rows Removed by Join Filter": 0,
                                                                                        "Workers": [],
                                                                                        "Plans": [
                                                                                            {
                                                                                                "Node Type": "Nested Loop",
                                                                                                "Parent Relationship": "Outer",
                                                                                                "Parallel Aware": false,
                                                                                                "Async Capable": false,
                                                                                                "Join Type": "Inner",
                                                                                                "Startup Cost": 2852.57,
                                                                                                "Total Cost": 2913.95,
                                                                                                "Plan Rows": 13,
                                                                                                "Plan Width": 24,
                                                                                                "Actual Startup Time": 7.571,
                                                                                                "Actual Total Time": 7.572,
                                                                                                "Actual Rows": 0,
                                                                                                "Actual Loops": 2,
                                                                                                "Inner Unique": false,
                                                                                                "Workers": [],
                                                                                                "Plans": [
                                                                                                    {
                                                                                                        "Node Type": "Merge Join",
                                                                                                        "Parent Relationship": "Outer",
                                                                                                        "Parallel Aware": false,
                                                                                                        "Async Capable": false,
                                                                                                        "Join Type": "Inner",
                                                                                                        "Startup Cost": 2852.01,
                                                                                                        "Total Cost": 2852.2,
                                                                                                        "Plan Rows": 1,
                                                                                                        "Plan Width": 12,
                                                                                                        "Actual Startup Time": 7.571,
                                                                                                        "Actual Total Time": 7.572,
                                                                                                        "Actual Rows": 0,
                                                                                                        "Actual Loops": 2,
                                                                                                        "Inner Unique": true,
                                                                                                        "Merge Cond": "(tag.site_id = site.site_id)",
                                                                                                        "Workers": [],
                                                                                                        "Plans": [
                                                                                                            {
                                                                                                                "Node Type": "Sort",
                                                                                                                "Parent Relationship": "Outer",
                                                                                                                "Parallel Aware": false,
                                                                                                                "Async Capable": false,
                                                                                                                "Startup Cost": 2848.84,
                                                                                                                "Total Cost": 2848.92,
                                                                                                                "Plan Rows": 34,
                                                                                                                "Plan Width": 8,
                                                                                                                "Actual Startup Time": 7.545,
                                                                                                                "Actual Total Time": 7.545,
                                                                                                                "Actual Rows": 16,
                                                                                                                "Actual Loops": 2,
                                                                                                                "Sort Key": [
                                                                                                                    "tag.site_id"
                                                                                                                ],
                                                                                                                "Sort Method": "quicksort",
                                                                                                                "Sort Space Used": 27,
                                                                                                                "Sort Space Type": "Memory",
                                                                                                                "Workers": [
                                                                                                                    {
                                                                                                                        "Worker Number": 0,
                                                                                                                        "Sort Method": "quicksort",
                                                                                                                        "Sort Space Used": 25,
                                                                                                                        "Sort Space Type": "Memory"
                                                                                                                    }
                                                                                                                ],
                                                                                                                "Plans": [
                                                                                                                    {
                                                                                                                        "Node Type": "Seq Scan",
                                                                                                                        "Parent Relationship": "Outer",
                                                                                                                        "Parallel Aware": true,
                                                                                                                        "Async Capable": false,
                                                                                                                        "Relation Name": "tag",
                                                                                                                        "Alias": "tag",
                                                                                                                        "Startup Cost": 0.0,
                                                                                                                        "Total Cost": 2847.97,
                                                                                                                        "Plan Rows": 34,
                                                                                                                        "Plan Width": 8,
                                                                                                                        "Actual Startup Time": 0.096,
                                                                                                                        "Actual Total Time": 7.529,
                                                                                                                        "Actual Rows": 48,
                                                                                                                        "Actual Loops": 2,
                                                                                                                        "Filter": "((name)::text = ANY ('{ruby-on-rails,javascript,python-3.x,excel}'::text[]))",
                                                                                                                        "Rows Removed by Filter": 93337,
                                                                                                                        "Workers": []
                                                                                                                    }
                                                                                                                ]
                                                                                                            },
                                                                                                            {
                                                                                                                "Node Type": "Sort",
                                                                                                                "Parent Relationship": "Inner",
                                                                                                                "Parallel Aware": false,
                                                                                                                "Async Capable": false,
                                                                                                                "Startup Cost": 3.17,
                                                                                                                "Total Cost": 3.18,
                                                                                                                "Plan Rows": 1,
                                                                                                                "Plan Width": 4,
                                                                                                                "Actual Startup Time": 0.023,
                                                                                                                "Actual Total Time": 0.023,
                                                                                                                "Actual Rows": 1,
                                                                                                                "Actual Loops": 2,
                                                                                                                "Sort Key": [
                                                                                                                    "site.site_id"
                                                                                                                ],
                                                                                                                "Sort Method": "quicksort",
                                                                                                                "Sort Space Used": 25,
                                                                                                                "Sort Space Type": "Memory",
                                                                                                                "Workers": [
                                                                                                                    {
                                                                                                                        "Worker Number": 0,
                                                                                                                        "Sort Method": "quicksort",
                                                                                                                        "Sort Space Used": 25,
                                                                                                                        "Sort Space Type": "Memory"
                                                                                                                    }
                                                                                                                ],
                                                                                                                "Plans": [
                                                                                                                    {
                                                                                                                        "Node Type": "Seq Scan",
                                                                                                                        "Parent Relationship": "Outer",
                                                                                                                        "Parallel Aware": false,
                                                                                                                        "Async Capable": false,
                                                                                                                        "Relation Name": "site",
                                                                                                                        "Alias": "site",
                                                                                                                        "Startup Cost": 0.0,
                                                                                                                        "Total Cost": 3.16,
                                                                                                                        "Plan Rows": 1,
                                                                                                                        "Plan Width": 4,
                                                                                                                        "Actual Startup Time": 0.014,
                                                                                                                        "Actual Total Time": 0.018,
                                                                                                                        "Actual Rows": 1,
                                                                                                                        "Actual Loops": 2,
                                                                                                                        "Filter": "((site_name)::text = 'german'::text)",
                                                                                                                        "Rows Removed by Filter": 172,
                                                                                                                        "Workers": []
                                                                                                                    }
                                                                                                                ]
                                                                                                            }
                                                                                                        ]
                                                                                                    },
                                                                                                    {
                                                                                                        "Node Type": "Index Only Scan",
                                                                                                        "Parent Relationship": "Inner",
                                                                                                        "Parallel Aware": false,
                                                                                                        "Async Capable": false,
                                                                                                        "Scan Direction": "Forward",
                                                                                                        "Index Name": "tag_question_site_id_tag_id_question_id_idx",
                                                                                                        "Relation Name": "tag_question",
                                                                                                        "Alias": "tq1",
                                                                                                        "Startup Cost": 0.56,
                                                                                                        "Total Cost": 61.44,
                                                                                                        "Plan Rows": 31,
                                                                                                        "Plan Width": 12,
                                                                                                        "Actual Startup Time": 0.0,
                                                                                                        "Actual Total Time": 0.0,
                                                                                                        "Actual Rows": 0,
                                                                                                        "Actual Loops": 0,
                                                                                                        "Index Cond": "((site_id = tag.site_id) AND (tag_id = tag.id))",
                                                                                                        "Rows Removed by Index Recheck": 0,
                                                                                                        "Heap Fetches": 0,
                                                                                                        "Workers": []
                                                                                                    }
                                                                                                ]
                                                                                            },
                                                                                            {
                                                                                                "Node Type": "Index Only Scan",
                                                                                                "Parent Relationship": "Inner",
                                                                                                "Parallel Aware": false,
                                                                                                "Async Capable": false,
                                                                                                "Scan Direction": "Forward",
                                                                                                "Index Name": "question_pkey",
                                                                                                "Relation Name": "question",
                                                                                                "Alias": "q1",
                                                                                                "Startup Cost": 0.43,
                                                                                                "Total Cost": 4.23,
                                                                                                "Plan Rows": 1,
                                                                                                "Plan Width": 8,
                                                                                                "Actual Startup Time": 0.0,
                                                                                                "Actual Total Time": 0.0,
                                                                                                "Actual Rows": 0,
                                                                                                "Actual Loops": 0,
                                                                                                "Index Cond": "((id = tq1.question_id) AND (site_id = tq1.site_id))",
                                                                                                "Rows Removed by Index Recheck": 0,
                                                                                                "Heap Fetches": 0,
                                                                                                "Workers": []
                                                                                            }
                                                                                        ]
                                                                                    },
                                                                                    {
                                                                                        "Node Type": "Index Scan",
                                                                                        "Parent Relationship": "Inner",
                                                                                        "Parallel Aware": false,
                                                                                        "Async Capable": false,
                                                                                        "Scan Direction": "Forward",
                                                                                        "Index Name": "comment_site_id_post_id_idx",
                                                                                        "Relation Name": "comment",
                                                                                        "Alias": "c1",
                                                                                        "Startup Cost": 0.57,
                                                                                        "Total Cost": 8.15,
                                                                                        "Plan Rows": 1,
                                                                                        "Plan Width": 16,
                                                                                        "Actual Startup Time": 0.0,
                                                                                        "Actual Total Time": 0.0,
                                                                                        "Actual Rows": 0,
                                                                                        "Actual Loops": 0,
                                                                                        "Index Cond": "((site_id = q1.site_id) AND (post_id = q1.id))",
                                                                                        "Rows Removed by Index Recheck": 0,
                                                                                        "Workers": []
                                                                                    }
                                                                                ]
                                                                            },
                                                                            {
                                                                                "Node Type": "Index Only Scan",
                                                                                "Parent Relationship": "Inner",
                                                                                "Parallel Aware": false,
                                                                                "Async Capable": false,
                                                                                "Scan Direction": "Forward",
                                                                                "Index Name": "post_link_pkey",
                                                                                "Relation Name": "post_link",
                                                                                "Alias": "pl",
                                                                                "Startup Cost": 0.43,
                                                                                "Total Cost": 8.0,
                                                                                "Plan Rows": 1,
                                                                                "Plan Width": 12,
                                                                                "Actual Startup Time": 0.0,
                                                                                "Actual Total Time": 0.0,
                                                                                "Actual Rows": 0,
                                                                                "Actual Loops": 0,
                                                                                "Index Cond": "((site_id = q1.site_id) AND (post_id_from = q1.id))",
                                                                                "Rows Removed by Index Recheck": 0,
                                                                                "Heap Fetches": 0,
                                                                                "Workers": []
                                                                            }
                                                                        ]
                                                                    },
                                                                    {
                                                                        "Node Type": "Index Only Scan",
                                                                        "Parent Relationship": "Inner",
                                                                        "Parallel Aware": false,
                                                                        "Async Capable": false,
                                                                        "Scan Direction": "Forward",
                                                                        "Index Name": "question_pkey",
                                                                        "Relation Name": "question",
                                                                        "Alias": "q2",
                                                                        "Startup Cost": 0.43,
                                                                        "Total Cost": 4.23,
                                                                        "Plan Rows": 1,
                                                                        "Plan Width": 8,
                                                                        "Actual Startup Time": 0.0,
                                                                        "Actual Total Time": 0.0,
                                                                        "Actual Rows": 0,
                                                                        "Actual Loops": 0,
                                                                        "Index Cond": "((id = pl.post_id_to) AND (site_id = pl.site_id))",
                                                                        "Rows Removed by Index Recheck": 0,
                                                                        "Heap Fetches": 0,
                                                                        "Workers": []
                                                                    }
                                                                ]
                                                            },
                                                            {
                                                                "Node Type": "Index Only Scan",
                                                                "Parent Relationship": "Inner",
                                                                "Parallel Aware": false,
                                                                "Async Capable": false,
                                                                "Scan Direction": "Forward",
                                                                "Index Name": "tag_question_pkey",
                                                                "Relation Name": "tag_question",
                                                                "Alias": "tq2",
                                                                "Startup Cost": 0.56,
                                                                "Total Cost": 8.14,
                                                                "Plan Rows": 1,
                                                                "Plan Width": 12,
                                                                "Actual Startup Time": 0.0,
                                                                "Actual Total Time": 0.0,
                                                                "Actual Rows": 0,
                                                                "Actual Loops": 0,
                                                                "Index Cond": "((site_id = pl.site_id) AND (question_id = pl.post_id_to))",
                                                                "Rows Removed by Index Recheck": 0,
                                                                "Heap Fetches": 0,
                                                                "Workers": []
                                                            }
                                                        ]
                                                    },
                                                    {
                                                        "Node Type": "Index Scan",
                                                        "Parent Relationship": "Inner",
                                                        "Parallel Aware": false,
                                                        "Async Capable": false,
                                                        "Scan Direction": "Forward",
                                                        "Index Name": "comment_site_id_post_id_idx",
                                                        "Relation Name": "comment",
                                                        "Alias": "c2",
                                                        "Startup Cost": 0.57,
                                                        "Total Cost": 8.15,
                                                        "Plan Rows": 1,
                                                        "Plan Width": 16,
                                                        "Actual Startup Time": 0.0,
                                                        "Actual Total Time": 0.0,
                                                        "Actual Rows": 0,
                                                        "Actual Loops": 0,
                                                        "Index Cond": "((site_id = tq2.site_id) AND (post_id = tq2.question_id))",
                                                        "Rows Removed by Index Recheck": 0,
                                                        "Workers": []
                                                    }
                                                ]
                                            }
                                        ]
                                    }
                                ]
                            }
                        ]
                    },
                    "Planning Time": 259.543,
                    "Triggers": [],
                    "Execution Time": 10.538
                }
            ],
            "hints": [
                "SET enable_hashjoin TO on",
                "SET enable_indexonlyscan TO on",
                "SET enable_indexscan TO on",
                "SET enable_mergejoin TO on",
                "SET enable_nestloop TO on",
                "SET enable_seqscan TO on"
            ]
        },
        {
            "arm": 1,
            "execution_time": 2875.569,
            "plan": [
                {
                    "Plan": {
                        "Node Type": "Aggregate",
                        "Strategy": "Plain",
                        "Partial Mode": "Simple",
                        "Parallel Aware": false,
                        "Async Capable": false,
                        "Startup Cost": 7101476.69,
                        "Total Cost": 7101476.7,
                        "Plan Rows": 1,
                        "Plan Width": 8,
                        "Actual Startup Time": 2867.709,
                        "Actual Total Time": 2875.511,
                        "Actual Rows": 1,
                        "Actual Loops": 1,
                        "Plans": [
                            {
                                "Node Type": "Sort",
                                "Parent Relationship": "Outer",
                                "Parallel Aware": false,
                                "Async Capable": false,
                                "Startup Cost": 7101476.68,
                                "Total Cost": 7101476.69,
                                "Plan Rows": 1,
                                "Plan Width": 4,
                                "Actual Startup Time": 2867.705,
                                "Actual Total Time": 2875.507,
                                "Actual Rows": 0,
                                "Actual Loops": 1,
                                "Sort Key": [
                                    "q1.id"
                                ],
                                "Sort Method": "quicksort",
                                "Sort Space Used": 25,
                                "Sort Space Type": "Memory",
                                "Plans": [
                                    {
                                        "Node Type": "Gather",
                                        "Parent Relationship": "Outer",
                                        "Parallel Aware": false,
                                        "Async Capable": false,
                                        "Startup Cost": 4095295.87,
                                        "Total Cost": 7101476.67,
                                        "Plan Rows": 1,
                                        "Plan Width": 4,
                                        "Actual Startup Time": 2867.702,
                                        "Actual Total Time": 2875.503,
                                        "Actual Rows": 0,
                                        "Actual Loops": 1,
                                        "Workers Planned": 8,
                                        "Workers Launched": 7,
                                        "Single Copy": false,
                                        "Plans": [
                                            {
                                                "Node Type": "Hash Join",
                                                "Parent Relationship": "Outer",
                                                "Parallel Aware": true,
                                                "Async Capable": false,
                                                "Join Type": "Inner",
                                                "Startup Cost": 4094295.87,
                                                "Total Cost": 7100476.57,
                                                "Plan Rows": 1,
                                                "Plan Width": 4,
                                                "Actual Startup Time": 2864.634,
                                                "Actual Total Time": 2864.643,
                                                "Actual Rows": 0,
                                                "Actual Loops": 8,
                                                "Inner Unique": false,
                                                "Hash Cond": "((c2.post_id = pl.post_id_to) AND (c2.site_id = tag.site_id))",
                                                "Join Filter": "(c1.date > c2.date)",
                                                "Rows Removed by Join Filter": 0,
                                                "Workers": [],
                                                "Plans": [
                                                    {
                                                        "Node Type": "Seq Scan",
                                                        "Parent Relationship": "Outer",
                                                        "Parallel Aware": true,
                                                        "Async Capable": false,
                                                        "Relation Name": "comment",
                                                        "Alias": "c2",
                                                        "Startup Cost": 0.0,
                                                        "Total Cost": 2909153.53,
                                                        "Plan Rows": 12936953,
                                                        "Plan Width": 16,
                                                        "Actual Startup Time": 0.0,
                                                        "Actual Total Time": 0.0,
                                                        "Actual Rows": 0,
                                                        "Actual Loops": 0,
                                                        "Workers": []
                                                    },
                                                    {
                                                        "Node Type": "Hash",
                                                        "Parent Relationship": "Inner",
                                                        "Parallel Aware": true,
                                                        "Async Capable": false,
                                                        "Startup Cost": 4094295.86,
                                                        "Total Cost": 4094295.86,
                                                        "Plan Rows": 1,
                                                        "Plan Width": 56,
                                                        "Actual Startup Time": 2864.438,
                                                        "Actual Total Time": 2864.446,
                                                        "Actual Rows": 0,
                                                        "Actual Loops": 8,
                                                        "Hash Buckets": 1024,
                                                        "Original Hash Buckets": 1024,
                                                        "Hash Batches": 1,
                                                        "Original Hash Batches": 1,
                                                        "Peak Memory Usage": 0,
                                                        "Workers": [],
                                                        "Plans": [
                                                            {
                                                                "Node Type": "Hash Join",
                                                                "Parent Relationship": "Outer",
                                                                "Parallel Aware": true,
                                                                "Async Capable": false,
                                                                "Join Type": "Inner",
                                                                "Startup Cost": 3854939.2,
                                                                "Total Cost": 4094295.86,
                                                                "Plan Rows": 1,
                                                                "Plan Width": 56,
                                                                "Actual Startup Time": 2864.313,
                                                                "Actual Total Time": 2864.321,
                                                                "Actual Rows": 0,
                                                                "Actual Loops": 8,
                                                                "Inner Unique": false,
                                                                "Hash Cond": "((q2.id = pl.post_id_to) AND (q2.site_id = tag.site_id))",
                                                                "Workers": [],
                                                                "Plans": [
                                                                    {
                                                                        "Node Type": "Index Only Scan",
                                                                        "Parent Relationship": "Outer",
                                                                        "Parallel Aware": true,
                                                                        "Async Capable": false,
                                                                        "Scan Direction": "Forward",
                                                                        "Index Name": "question_pkey",
                                                                        "Relation Name": "question",
                                                                        "Alias": "q2",
                                                                        "Startup Cost": 0.43,
                                                                        "Total Cost": 223540.47,
                                                                        "Plan Rows": 2108881,
                                                                        "Plan Width": 8,
                                                                        "Actual Startup Time": 0.0,
                                                                        "Actual Total Time": 0.0,
                                                                        "Actual Rows": 0,
                                                                        "Actual Loops": 0,
                                                                        "Heap Fetches": 0,
                                                                        "Workers": []
                                                                    },
                                                                    {
                                                                        "Node Type": "Hash",
                                                                        "Parent Relationship": "Inner",
                                                                        "Parallel Aware": true,
                                                                        "Async Capable": false,
                                                                        "Startup Cost": 3854938.75,
                                                                        "Total Cost": 3854938.75,
                                                                        "Plan Rows": 1,
                                                                        "Plan Width": 48,
                                                                        "Actual Startup Time": 2864.226,
                                                                        "Actual Total Time": 2864.234,
                                                                        "Actual Rows": 0,
                                                                        "Actual Loops": 8,
                                                                        "Hash Buckets": 1024,
                                                                        "Original Hash Buckets": 1024,
                                                                        "Hash Batches": 1,
                                                                        "Original Hash Batches": 1,
                                                                        "Peak Memory Usage": 0,
                                                                        "Workers": [],
                                                                        "Plans": [
                                                                            {
                                                                                "Node Type": "Hash Join",
                                                                                "Parent Relationship": "Outer",
                                                                                "Parallel Aware": true,
                                                                                "Async Capable": false,
                                                                                "Join Type": "Inner",
                                                                                "Startup Cost": 3543023.18,
                                                                                "Total Cost": 3854938.75,
                                                                                "Plan Rows": 1,
                                                                                "Plan Width": 48,
                                                                                "Actual Startup Time": 2864.134,
                                                                                "Actual Total Time": 2864.141,
                                                                                "Actual Rows": 0,
                                                                                "Actual Loops": 8,
                                                                                "Inner Unique": false,
                                                                                "Hash Cond": "((tq2.question_id = pl.post_id_to) AND (tag.id = tq1.tag_id) AND (tag.site_id = tq1.site_id))",
                                                                                "Workers": [],
                                                                                "Plans": [
                                                                                    {
                                                                                        "Node Type": "Hash Join",
                                                                                        "Parent Relationship": "Outer",
                                                                                        "Parallel Aware": true,
                                                                                        "Async Capable": false,
                                                                                        "Join Type": "Inner",
                                                                                        "Startup Cost": 2848.48,
                                                                                        "Total Cost": 314738.27,
                                                                                        "Plan Rows": 2291,
                                                                                        "Plan Width": 20,
                                                                                        "Actual Startup Time": 2.421,
                                                                                        "Actual Total Time": 430.269,
                                                                                        "Actual Rows": 170965,
                                                                                        "Actual Loops": 8,
                                                                                        "Inner Unique": true,
                                                                                        "Hash Cond": "((tq2.tag_id = tag.id) AND (tq2.site_id = tag.site_id))",
                                                                                        "Workers": [],
                                                                                        "Plans": [
                                                                                            {
                                                                                                "Node Type": "Seq Scan",
                                                                                                "Parent Relationship": "Outer",
                                                                                                "Parallel Aware": true,
                                                                                                "Async Capable": false,
                                                                                                "Relation Name": "tag_question",
                                                                                                "Alias": "tq2",
                                                                                                "Startup Cost": 0.0,
                                                                                                "Total Cost": 273159.66,
                                                                                                "Plan Rows": 7376766,
                                                                                                "Plan Width": 12,
                                                                                                "Actual Startup Time": 0.008,
                                                                                                "Actual Total Time": 192.528,
                                                                                                "Actual Rows": 4610477,
                                                                                                "Actual Loops": 8,
                                                                                                "Workers": []
                                                                                            },
                                                                                            {
                                                                                                "Node Type": "Hash",
                                                                                                "Parent Relationship": "Inner",
                                                                                                "Parallel Aware": true,
                                                                                                "Async Capable": false,
                                                                                                "Startup Cost": 2847.97,
                                                                                                "Total Cost": 2847.97,
                                                                                                "Plan Rows": 34,
                                                                                                "Plan Width": 8,
                                                                                                "Actual Startup Time": 2.349,
                                                                                                "Actual Total Time": 2.349,
                                                                                                "Actual Rows": 12,
                                                                                                "Actual Loops": 8,
                                                                                                "Hash Buckets": 1024,
                                                                                                "Original Hash Buckets": 1024,
                                                                                                "Hash Batches": 1,
                                                                                                "Original Hash Batches": 1,
                                                                                                "Peak Memory Usage": 264,
                                                                                                "Workers": [],
                                                                                                "Plans": [
                                                                                                    {
                                                                                                        "Node Type": "Seq Scan",
                                                                                                        "Parent Relationship": "Outer",
                                                                                                        "Parallel Aware": true,
                                                                                                        "Async Capable": false,
                                                                                                        "Relation Name": "tag",
                                                                                                        "Alias": "tag",
                                                                                                        "Startup Cost": 0.0,
                                                                                                        "Total Cost": 2847.97,
                                                                                                        "Plan Rows": 34,
                                                                                                        "Plan Width": 8,
                                                                                                        "Actual Startup Time": 0.161,
                                                                                                        "Actual Total Time": 2.211,
                                                                                                        "Actual Rows": 12,
                                                                                                        "Actual Loops": 8,
                                                                                                        "Filter": "((name)::text = ANY ('{ruby-on-rails,javascript,python-3.x,excel}'::text[]))",
                                                                                                        "Rows Removed by Filter": 23334,
                                                                                                        "Workers": []
                                                                                                    }
                                                                                                ]
                                                                                            }
                                                                                        ]
                                                                                    },
                                                                                    {
                                                                                        "Node Type": "Hash",
                                                                                        "Parent Relationship": "Inner",
                                                                                        "Parallel Aware": true,
                                                                                        "Async Capable": false,
                                                                                        "Startup Cost": 3540170.99,
                                                                                        "Total Cost": 3540170.99,
                                                                                        "Plan Rows": 212,
                                                                                        "Plan Width": 40,
                                                                                        "Actual Startup Time": 2423.68,
                                                                                        "Actual Total Time": 2423.686,
                                                                                        "Actual Rows": 1208,
                                                                                        "Actual Loops": 8,
                                                                                        "Hash Buckets": 16384,
                                                                                        "Original Hash Buckets": 1024,
                                                                                        "Hash Batches": 1,
                                                                                        "Original Hash Batches": 1,
                                                                                        "Peak Memory Usage": 984,
                                                                                        "Workers": [],
                                                                                        "Plans": [
                                                                                            {
                                                                                                "Node Type": "Hash Join",
                                                                                                "Parent Relationship": "Outer",
                                                                                                "Parallel Aware": true,
                                                                                                "Async Capable": false,
                                                                                                "Join Type": "Inner",
                                                                                                "Startup Cost": 3512940.38,
                                                                                                "Total Cost": 3540170.99,
                                                                                                "Plan Rows": 212,
                                                                                                "Plan Width": 40,
                                                                                                "Actual Startup Time": 2396.508,
                                                                                                "Actual Total Time": 2396.631,
                                                                                                "Actual Rows": 1208,
                                                                                                "Actual Loops": 8,
                                                                                                "Inner Unique": false,
                                                                                                "Hash Cond": "((pl.post_id_from = q1.id) AND (pl.site_id = tq1.site_id))",
                                                                                                "Workers": [],
                                                                                                "Plans": [
                                                                                                    {
                                                                                                        "Node Type": "Seq Scan",
                                                                                                        "Parent Relationship": "Outer",
                                                                                                        "Parallel Aware": true,
                                                                                                        "Async Capable": false,
                                                                                                        "Relation Name": "post_link",
                                                                                                        "Alias": "pl",
                                                                                                        "Startup Cost": 0.0,
                                                                                                        "Total Cost": 21752.3,
                                                                                                        "Plan Rows": 730430,
                                                                                                        "Plan Width": 12,
                                                                                                        "Actual Startup Time": 0.825,
                                                                                                        "Actual Total Time": 69.845,
                                                                                                        "Actual Rows": 283042,
                                                                                                        "Actual Loops": 8,
                                                                                                        "Workers": []
                                                                                                    },
                                                                                                    {
                                                                                                        "Node Type": "Hash",
                                                                                                        "Parent Relationship": "Inner",
                                                                                                        "Parallel Aware": true,
                                                                                                        "Async Capable": false,
                                                                                                        "Startup Cost": 3512938.99,
                                                                                                        "Total Cost": 3512938.99,
                                                                                                        "Plan Rows": 93,
                                                                                                        "Plan Width": 40,
                                                                                                        "Actual Startup Time": 2310.341,
                                                                                                        "Actual Total Time": 2310.345,
                                                                                                        "Actual Rows": 6333,
                                                                                                        "Actual Loops": 8,
                                                                                                        "Hash Buckets": 65536,
                                                                                                        "Original Hash Buckets": 1024,
                                                                                                        "Hash Batches": 1,
                                                                                                        "Original Hash Batches": 1,
                                                                                                        "Peak Memory Usage": 4984,
                                                                                                        "Workers": [],
                                                                                                        "Plans": [
                                                                                                            {
                                                                                                                "Node Type": "Hash Join",
                                                                                                                "Parent Relationship": "Outer",
                                                                                                                "Parallel Aware": true,
                                                                                                                "Async Capable": false,
                                                                                                                "Join Type": "Inner",
                                                                                                                "Startup Cost": 3184453.42,
                                                                                                                "Total Cost": 3512938.99,
                                                                                                                "Plan Rows": 93,
                                                                                                                "Plan Width": 40,
                                                                                                                "Actual Startup Time": 2244.314,
                                                                                                                "Actual Total Time": 2245.028,
                                                                                                                "Actual Rows": 6333,
                                                                                                                "Actual Loops": 8,
                                                                                                                "Inner Unique": false,
                                                                                                                "Hash Cond": "((tq1.question_id = q1.id) AND (tq1.site_id = site.site_id))",
                                                                                                                "Workers": [],
                                                                                                                "Plans": [
                                                                                                                    {
                                                                                                                        "Node Type": "Seq Scan",
                                                                                                                        "Parent Relationship": "Outer",
                                                                                                                        "Parallel Aware": true,
                                                                                                                        "Async Capable": false,
                                                                                                                        "Relation Name": "tag_question",
                                                                                                                        "Alias": "tq1",
                                                                                                                        "Startup Cost": 0.0,
                                                                                                                        "Total Cost": 273159.66,
                                                                                                                        "Plan Rows": 7376766,
                                                                                                                        "Plan Width": 12,
                                                                                                                        "Actual Startup Time": 0.028,
                                                                                                                        "Actual Total Time": 188.568,
                                                                                                                        "Actual Rows": 4610477,
                                                                                                                        "Actual Loops": 8,
                                                                                                                        "Workers": []
                                                                                                                    },
                                                                                                                    {
                                                                                                                        "Node Type": "Hash",
                                                                                                                        "Parent Relationship": "Inner",
                                                                                                                        "Parallel Aware": true,
                                                                                                                        "Async Capable": false,
                                                                                                                        "Startup Cost": 3184428.95,
                                                                                                                        "Total Cost": 3184428.95,
                                                                                                                        "Plan Rows": 1631,
                                                                                                                        "Plan Width": 28,
                                                                                                                        "Actual Startup Time": 1811.84,
                                                                                                                        "Actual Total Time": 1811.843,
                                                                                                                        "Actual Rows": 3075,
                                                                                                                        "Actual Loops": 8,
                                                                                                                        "Hash Buckets": 32768,
                                                                                                                        "Original Hash Buckets": 16384,
                                                                                                                        "Hash Batches": 1,
                                                                                                                        "Original Hash Batches": 1,
                                                                                                                        "Peak Memory Usage": 2048,
                                                                                                                        "Workers": [],
                                                                                                                        "Plans": [
                                                                                                                            {
                                                                                                                                "Node Type": "Hash Join",
                                                                                                                                "Parent Relationship": "Outer",
                                                                                                                                "Parallel Aware": true,
                                                                                                                                "Async Capable": false,
                                                                                                                                "Join Type": "Inner",
                                                                                                                                "Startup Cost": 2945070.27,
                                                                                                                                "Total Cost": 3184428.95,
                                                                                                                                "Plan Rows": 1631,
                                                                                                                                "Plan Width": 28,
                                                                                                                                "Actual Startup Time": 1489.384,
                                                                                                                                "Actual Total Time": 1810.163,
                                                                                                                                "Actual Rows": 3075,
                                                                                                                                "Actual Loops": 8,
                                                                                                                                "Inner Unique": false,
                                                                                                                                "Hash Cond": "((q1.id = c1.post_id) AND (q1.site_id = site.site_id))",
                                                                                                                                "Workers": [],
                                                                                                                                "Plans": [
                                                                                                                                    {
                                                                                                                                        "Node Type": "Index Only Scan",
                                                                                                                                        "Parent Relationship": "Outer",
                                                                                                                                        "Parallel Aware": true,
                                                                                                                                        "Async Capable": false,
                                                                                                                                        "Scan Direction": "Forward",
                                                                                                                                        "Index Name": "question_pkey",
                                                                                                                                        "Relation Name": "question",
                                                                                                                                        "Alias": "q1",
                                                                                                                                        "Startup Cost": 0.43,
                                                                                                                                        "Total Cost": 223540.47,
                                                                                                                                        "Plan Rows": 2108881,
                                                                                                                                        "Plan Width": 8,
                                                                                                                                        "Actual Startup Time": 1.18,
                                                                                                                                        "Actual Total Time": 222.771,
                                                                                                                                        "Actual Rows": 1583305,
                                                                                                                                        "Actual Loops": 8,
                                                                                                                                        "Heap Fetches": 0,
                                                                                                                                        "Workers": []
                                                                                                                                    },
                                                                                                                                    {
                                                                                                                                        "Node Type": "Hash",
                                                                                                                                        "Parent Relationship": "Inner",
                                                                                                                                        "Parallel Aware": true,
                                                                                                                                        "Async Capable": false,
                                                                                                                                        "Startup Cost": 2943948.13,
                                                                                                                                        "Total Cost": 2943948.13,
                                                                                                                                        "Plan Rows": 74780,
                                                                                                                                        "Plan Width": 20,
                                                                                                                                        "Actual Startup Time": 1487.209,
                                                                                                                                        "Actual Total Time": 1487.21,
                                                                                                                                        "Actual Rows": 11310,
                                                                                                                                        "Actual Loops": 8,
                                                                                                                                        "Hash Buckets": 1048576,
                                                                                                                                        "Original Hash Buckets": 1048576,
                                                                                                                                        "Hash Batches": 1,
                                                                                                                                        "Original Hash Batches": 1,
                                                                                                                                        "Peak Memory Usage": 13184,
                                                                                                                                        "Workers": [],
                                                                                                                                        "Plans": [
                                                                                                                                            {
                                                                                                                                                "Node Type": "Hash Join",
                                                                                                                                                "Parent Relationship": "Outer",
                                                                                                                                                "Parallel Aware": false,
                                                                                                                                                "Async Capable": false,
                                                                                                                                                "Join Type": "Inner",
                                                                                                                                                "Startup Cost": 3.18,
                                                                                                                                                "Total Cost": 2943948.13,
                                                                                                                                                "Plan Rows": 74780,
                                                                                                                                                "Plan Width": 20,
                                                                                                                                                "Actual Startup Time": 977.599,
                                                                                                                                                "Actual Total Time": 1484.794,
                                                                                                                                                "Actual Rows": 11310,
                                                                                                                                                "Actual Loops": 8,
                                                                                                                                                "Inner Unique": true,
                                                                                                                                                "Hash Cond": "(c1.site_id = site.site_id)",
                                                                                                                                                "Workers": [],
                                                                                                                                                "Plans": [
                                                                                                                                                    {
                                                                                                                                                        "Node Type": "Seq Scan",
                                                                                                                                                        "Parent Relationship": "Outer",
                                                                                                                                                        "Parallel Aware": true,
                                                                                                                                                        "Async Capable": false,
                                                                                                                                                        "Relation Name": "comment",
                                                                                                                                                        "Alias": "c1",
                                                                                                                                                        "Startup Cost": 0.0,
                                                                                                                                                        "Total Cost": 2909153.53,
                                                                                                                                                        "Plan Rows": 12936953,
                                                                                                                                                        "Plan Width": 16,
                                                                                                                                                        "Actual Startup Time": 0.049,
                                                                                                                                                        "Actual Total Time": 1013.877,
                                                                                                                                                        "Actual Rows": 12932495,
                                                                                                                                                        "Actual Loops": 8,
                                                                                                                                                        "Workers": []
                                                                                                                                                    },
                                                                                                                                                    {
                                                                                                                                                        "Node Type": "Hash",
                                                                                                                                                        "Parent Relationship": "Inner",
                                                                                                                                                        "Parallel Aware": false,
                                                                                                                                                        "Async Capable": false,
                                                                                                                                                        "Startup Cost": 3.16,
                                                                                                                                                        "Total Cost": 3.16,
                                                                                                                                                        "Plan Rows": 1,
                                                                                                                                                        "Plan Width": 4,
                                                                                                                                                        "Actual Startup Time": 0.025,
                                                                                                                                                        "Actual Total Time": 0.025,
                                                                                                                                                        "Actual Rows": 1,
                                                                                                                                                        "Actual Loops": 8,
                                                                                                                                                        "Hash Buckets": 1024,
                                                                                                                                                        "Original Hash Buckets": 1024,
                                                                                                                                                        "Hash Batches": 1,
                                                                                                                                                        "Original Hash Batches": 1,
                                                                                                                                                        "Peak Memory Usage": 9,
                                                                                                                                                        "Workers": [],
                                                                                                                                                        "Plans": [
                                                                                                                                                            {
                                                                                                                                                                "Node Type": "Seq Scan",
                                                                                                                                                                "Parent Relationship": "Outer",
                                                                                                                                                                "Parallel Aware": false,
                                                                                                                                                                "Async Capable": false,
                                                                                                                                                                "Relation Name": "site",
                                                                                                                                                                "Alias": "site",
                                                                                                                                                                "Startup Cost": 0.0,
                                                                                                                                                                "Total Cost": 3.16,
                                                                                                                                                                "Plan Rows": 1,
                                                                                                                                                                "Plan Width": 4,
                                                                                                                                                                "Actual Startup Time": 0.015,
                                                                                                                                                                "Actual Total Time": 0.02,
                                                                                                                                                                "Actual Rows": 1,
                                                                                                                                                                "Actual Loops": 8,
                                                                                                                                                                "Filter": "((site_name)::text = 'german'::text)",
                                                                                                                                                                "Rows Removed by Filter": 172,
                                                                                                                                                                "Workers": []
                                                                                                                                                            }
                                                                                                                                                        ]
                                                                                                                                                    }
                                                                                                                                                ]
                                                                                                                                            }
                                                                                                                                        ]
                                                                                                                                    }
                                                                                                                                ]
                                                                                                                            }
                                                                                                                        ]
                                                                                                                    }
                                                                                                                ]
                                                                                                            }
                                                                                                        ]
                                                                                                    }
                                                                                                ]
                                                                                            }
                                                                                        ]
                                                                                    }
                                                                                ]
                                                                            }
                                                                        ]
                                                                    }
                                                                ]
                                                            }
                                                        ]
                                                    }
                                                ]
                                            }
                                        ]
                                    }
                                ]
                            }
                        ]
                    },
                    "Planning Time": 245.474,
                    "Triggers": [],
                    "Execution Time": 2875.569
                }
            ],
            "hints": [
                "SET enable_hashjoin TO on",
                "SET enable_indexonlyscan TO on",
                "SET enable_indexscan TO on",
                "SET enable_mergejoin TO on",
                "SET enable_nestloop TO off",
                "SET enable_seqscan TO on"
            ]
        },
        {
            "arm": 2,
            "execution_time": 10.004,
            "plan": [
                {
                    "Plan": {
                        "Node Type": "Aggregate",
                        "Strategy": "Plain",
                        "Partial Mode": "Simple",
                        "Parallel Aware": false,
                        "Async Capable": false,
                        "Startup Cost": 4128.65,
                        "Total Cost": 4128.66,
                        "Plan Rows": 1,
                        "Plan Width": 8,
                        "Actual Startup Time": 9.036,
                        "Actual Total Time": 9.943,
                        "Actual Rows": 1,
                        "Actual Loops": 1,
                        "Plans": [
                            {
                                "Node Type": "Sort",
                                "Parent Relationship": "Outer",
                                "Parallel Aware": false,
                                "Async Capable": false,
                                "Startup Cost": 4128.64,
                                "Total Cost": 4128.65,
                                "Plan Rows": 1,
                                "Plan Width": 4,
                                "Actual Startup Time": 9.033,
                                "Actual Total Time": 9.941,
                                "Actual Rows": 0,
                                "Actual Loops": 1,
                                "Sort Key": [
                                    "q1.id"
                                ],
                                "Sort Method": "quicksort",
                                "Sort Space Used": 25,
                                "Sort Space Type": "Memory",
                                "Plans": [
                                    {
                                        "Node Type": "Nested Loop",
                                        "Parent Relationship": "Outer",
                                        "Parallel Aware": false,
                                        "Async Capable": false,
                                        "Join Type": "Inner",
                                        "Startup Cost": 1033.78,
                                        "Total Cost": 4128.63,
                                        "Plan Rows": 1,
                                        "Plan Width": 4,
                                        "Actual Startup Time": 9.03,
                                        "Actual Total Time": 9.937,
                                        "Actual Rows": 0,
                                        "Actual Loops": 1,
                                        "Inner Unique": true,
                                        "Join Filter": "((tag.id = tq2.tag_id) AND (tag.site_id = tq2.site_id))",
                                        "Rows Removed by Join Filter": 0,
                                        "Plans": [
                                            {
                                                "Node Type": "Nested Loop",
                                                "Parent Relationship": "Outer",
                                                "Parallel Aware": false,
                                                "Async Capable": false,
                                                "Join Type": "Inner",
                                                "Startup Cost": 1029.43,
                                                "Total Cost": 4120.25,
                                                "Plan Rows": 1,
                                                "Plan Width": 56,
                                                "Actual Startup Time": 9.029,
                                                "Actual Total Time": 9.936,
                                                "Actual Rows": 0,
                                                "Actual Loops": 1,
                                                "Inner Unique": false,
                                                "Join Filter": "((c1.date > c2.date) AND (c2.site_id = tag.site_id))",
                                                "Rows Removed by Join Filter": 0,
                                                "Plans": [
                                                    {
                                                        "Node Type": "Nested Loop",
                                                        "Parent Relationship": "Outer",
                                                        "Parallel Aware": false,
                                                        "Async Capable": false,
                                                        "Join Type": "Inner",
                                                        "Startup Cost": 1025.07,
                                                        "Total Cost": 4111.86,
                                                        "Plan Rows": 1,
                                                        "Plan Width": 56,
                                                        "Actual Startup Time": 9.029,
                                                        "Actual Total Time": 9.936,
                                                        "Actual Rows": 0,
                                                        "Actual Loops": 1,
                                                        "Inner Unique": false,
                                                        "Join Filter": "(c1.site_id = tag.site_id)",
                                                        "Rows Removed by Join Filter": 0,
                                                        "Plans": [
                                                            {
                                                                "Node Type": "Nested Loop",
                                                                "Parent Relationship": "Outer",
                                                                "Parallel Aware": false,
                                                                "Async Capable": false,
                                                                "Join Type": "Inner",
                                                                "Startup Cost": 1020.71,
                                                                "Total Cost": 4103.48,
                                                                "Plan Rows": 1,
                                                                "Plan Width": 52,
                                                                "Actual Startup Time": 9.029,
                                                                "Actual Total Time": 9.935,
                                                                "Actual Rows": 0,
                                                                "Actual Loops": 1,
                                                                "Inner Unique": true,
                                                                "Join Filter": "(q2.site_id = tag.site_id)",
                                                                "Rows Removed by Join Filter": 0,
                                                                "Plans": [
                                                                    {
                                                                        "Node Type": "Nested Loop",
                                                                        "Parent Relationship": "Outer",
                                                                        "Parallel Aware": false,
                                                                        "Async Capable": false,
                                                                        "Join Type": "Inner",
                                                                        "Startup Cost": 1016.49,
                                                                        "Total Cost": 4095.23,
                                                                        "Plan Rows": 1,
                                                                        "Plan Width": 44,
                                                                        "Actual Startup Time": 9.029,
                                                                        "Actual Total Time": 9.934,
                                                                        "Actual Rows": 0,
                                                                        "Actual Loops": 1,
                                                                        "Inner Unique": true,
                                                                        "Join Filter": "(q1.site_id = tag.site_id)",
                                                                        "Rows Removed by Join Filter": 0,
                                                                        "Plans": [
                                                                            {
                                                                                "Node Type": "Gather",
                                                                                "Parent Relationship": "Outer",
                                                                                "Parallel Aware": false,
                                                                                "Async Capable": false,
                                                                                "Startup Cost": 1012.27,
                                                                                "Total Cost": 4086.98,
                                                                                "Plan Rows": 1,
                                                                                "Plan Width": 36,
                                                                                "Actual Startup Time": 9.028,
                                                                                "Actual Total Time": 9.934,
                                                                                "Actual Rows": 0,
                                                                                "Actual Loops": 1,
                                                                                "Workers Planned": 1,
                                                                                "Workers Launched": 1,
                                                                                "Single Copy": false,
                                                                                "Plans": [
                                                                                    {
                                                                                        "Node Type": "Nested Loop",
                                                                                        "Parent Relationship": "Outer",
                                                                                        "Parallel Aware": false,
                                                                                        "Async Capable": false,
                                                                                        "Join Type": "Inner",
                                                                                        "Startup Cost": 12.27,
                                                                                        "Total Cost": 3086.88,
                                                                                        "Plan Rows": 1,
                                                                                        "Plan Width": 36,
                                                                                        "Actual Startup Time": 7.261,
                                                                                        "Actual Total Time": 7.263,
                                                                                        "Actual Rows": 0,
                                                                                        "Actual Loops": 2,
                                                                                        "Inner Unique": false,
                                                                                        "Join Filter": "(pl.site_id = tag.site_id)",
                                                                                        "Rows Removed by Join Filter": 0,
                                                                                        "Workers": [],
                                                                                        "Plans": [
                                                                                            {
                                                                                                "Node Type": "Nested Loop",
                                                                                                "Parent Relationship": "Outer",
                                                                                                "Parallel Aware": false,
                                                                                                "Async Capable": false,
                                                                                                "Join Type": "Inner",
                                                                                                "Startup Cost": 8.06,
                                                                                                "Total Cost": 2979.73,
                                                                                                "Plan Rows": 13,
                                                                                                "Plan Width": 24,
                                                                                                "Actual Startup Time": 7.261,
                                                                                                "Actual Total Time": 7.262,
                                                                                                "Actual Rows": 0,
                                                                                                "Actual Loops": 2,
                                                                                                "Inner Unique": false,
                                                                                                "Workers": [],
                                                                                                "Plans": [
                                                                                                    {
                                                                                                        "Node Type": "Hash Join",
                                                                                                        "Parent Relationship": "Outer",
                                                                                                        "Parallel Aware": false,
                                                                                                        "Async Capable": false,
                                                                                                        "Join Type": "Inner",
                                                                                                        "Startup Cost": 3.18,
                                                                                                        "Total Cost": 2851.23,
                                                                                                        "Plan Rows": 1,
                                                                                                        "Plan Width": 12,
                                                                                                        "Actual Startup Time": 7.26,
                                                                                                        "Actual Total Time": 7.261,
                                                                                                        "Actual Rows": 0,
                                                                                                        "Actual Loops": 2,
                                                                                                        "Inner Unique": true,
                                                                                                        "Hash Cond": "(tag.site_id = site.site_id)",
                                                                                                        "Workers": [],
                                                                                                        "Plans": [
                                                                                                            {
                                                                                                                "Node Type": "Seq Scan",
                                                                                                                "Parent Relationship": "Outer",
                                                                                                                "Parallel Aware": true,
                                                                                                                "Async Capable": false,
                                                                                                                "Relation Name": "tag",
                                                                                                                "Alias": "tag",
                                                                                                                "Startup Cost": 0.0,
                                                                                                                "Total Cost": 2847.97,
                                                                                                                "Plan Rows": 34,
                                                                                                                "Plan Width": 8,
                                                                                                                "Actual Startup Time": 0.18,
                                                                                                                "Actual Total Time": 7.196,
                                                                                                                "Actual Rows": 48,
                                                                                                                "Actual Loops": 2,
                                                                                                                "Filter": "((name)::text = ANY ('{ruby-on-rails,javascript,python-3.x,excel}'::text[]))",
                                                                                                                "Rows Removed by Filter": 93337,
                                                                                                                "Workers": []
                                                                                                            },
                                                                                                            {
                                                                                                                "Node Type": "Hash",
                                                                                                                "Parent Relationship": "Inner",
                                                                                                                "Parallel Aware": false,
                                                                                                                "Async Capable": false,
                                                                                                                "Startup Cost": 3.16,
                                                                                                                "Total Cost": 3.16,
                                                                                                                "Plan Rows": 1,
                                                                                                                "Plan Width": 4,
                                                                                                                "Actual Startup Time": 0.018,
                                                                                                                "Actual Total Time": 0.018,
                                                                                                                "Actual Rows": 1,
                                                                                                                "Actual Loops": 2,
                                                                                                                "Hash Buckets": 1024,
                                                                                                                "Original Hash Buckets": 1024,
                                                                                                                "Hash Batches": 1,
                                                                                                                "Original Hash Batches": 1,
                                                                                                                "Peak Memory Usage": 9,
                                                                                                                "Workers": [],
                                                                                                                "Plans": [
                                                                                                                    {
                                                                                                                        "Node Type": "Seq Scan",
                                                                                                                        "Parent Relationship": "Outer",
                                                                                                                        "Parallel Aware": false,
                                                                                                                        "Async Capable": false,
                                                                                                                        "Relation Name": "site",
                                                                                                                        "Alias": "site",
                                                                                                                        "Startup Cost": 0.0,
                                                                                                                        "Total Cost": 3.16,
                                                                                                                        "Plan Rows": 1,
                                                                                                                        "Plan Width": 4,
                                                                                                                        "Actual Startup Time": 0.01,
                                                                                                                        "Actual Total Time": 0.014,
                                                                                                                        "Actual Rows": 1,
                                                                                                                        "Actual Loops": 2,
                                                                                                                        "Filter": "((site_name)::text = 'german'::text)",
                                                                                                                        "Rows Removed by Filter": 172,
                                                                                                                        "Workers": []
                                                                                                                    }
                                                                                                                ]
                                                                                                            }
                                                                                                        ]
                                                                                                    },
                                                                                                    {
                                                                                                        "Node Type": "Bitmap Heap Scan",
                                                                                                        "Parent Relationship": "Inner",
                                                                                                        "Parallel Aware": false,
                                                                                                        "Async Capable": false,
                                                                                                        "Relation Name": "tag_question",
                                                                                                        "Alias": "tq1",
                                                                                                        "Startup Cost": 4.88,
                                                                                                        "Total Cost": 128.19,
                                                                                                        "Plan Rows": 31,
                                                                                                        "Plan Width": 12,
                                                                                                        "Actual Startup Time": 0.0,
                                                                                                        "Actual Total Time": 0.0,
                                                                                                        "Actual Rows": 0,
                                                                                                        "Actual Loops": 0,
                                                                                                        "Recheck Cond": "((tag.site_id = site_id) AND (tag.id = tag_id))",
                                                                                                        "Rows Removed by Index Recheck": 0,
                                                                                                        "Exact Heap Blocks": 0,
                                                                                                        "Lossy Heap Blocks": 0,
                                                                                                        "Workers": [],
                                                                                                        "Plans": [
                                                                                                            {
                                                                                                                "Node Type": "Bitmap Index Scan",
                                                                                                                "Parent Relationship": "Outer",
                                                                                                                "Parallel Aware": false,
                                                                                                                "Async Capable": false,
                                                                                                                "Index Name": "tag_question_site_id_tag_id_question_id_idx",
                                                                                                                "Startup Cost": 0.0,
                                                                                                                "Total Cost": 4.88,
                                                                                                                "Plan Rows": 31,
                                                                                                                "Plan Width": 0,
                                                                                                                "Actual Startup Time": 0.0,
                                                                                                                "Actual Total Time": 0.0,
                                                                                                                "Actual Rows": 0,
                                                                                                                "Actual Loops": 0,
                                                                                                                "Index Cond": "((site_id = tag.site_id) AND (tag_id = tag.id))",
                                                                                                                "Workers": []
                                                                                                            }
                                                                                                        ]
                                                                                                    }
                                                                                                ]
                                                                                            },
                                                                                            {
                                                                                                "Node Type": "Bitmap Heap Scan",
                                                                                                "Parent Relationship": "Inner",
                                                                                                "Parallel Aware": false,
                                                                                                "Async Capable": false,
                                                                                                "Relation Name": "post_link",
                                                                                                "Alias": "pl",
                                                                                                "Startup Cost": 4.21,
                                                                                                "Total Cost": 8.23,
                                                                                                "Plan Rows": 1,
                                                                                                "Plan Width": 12,
                                                                                                "Actual Startup Time": 0.0,
                                                                                                "Actual Total Time": 0.0,
                                                                                                "Actual Rows": 0,
                                                                                                "Actual Loops": 0,
                                                                                                "Recheck Cond": "((site_id = tq1.site_id) AND (post_id_from = tq1.question_id))",
                                                                                                "Rows Removed by Index Recheck": 0,
                                                                                                "Exact Heap Blocks": 0,
                                                                                                "Lossy Heap Blocks": 0,
                                                                                                "Workers": [],
                                                                                                "Plans": [
                                                                                                    {
                                                                                                        "Node Type": "Bitmap Index Scan",
                                                                                                        "Parent Relationship": "Outer",
                                                                                                        "Parallel Aware": false,
                                                                                                        "Async Capable": false,
                                                                                                        "Index Name": "post_link_pkey",
                                                                                                        "Startup Cost": 0.0,
                                                                                                        "Total Cost": 4.21,
                                                                                                        "Plan Rows": 1,
                                                                                                        "Plan Width": 0,
                                                                                                        "Actual Startup Time": 0.0,
                                                                                                        "Actual Total Time": 0.0,
                                                                                                        "Actual Rows": 0,
                                                                                                        "Actual Loops": 0,
                                                                                                        "Index Cond": "((site_id = tq1.site_id) AND (post_id_from = tq1.question_id))",
                                                                                                        "Workers": []
                                                                                                    }
                                                                                                ]
                                                                                            }
                                                                                        ]
                                                                                    }
                                                                                ]
                                                                            },
                                                                            {
                                                                                "Node Type": "Bitmap Heap Scan",
                                                                                "Parent Relationship": "Inner",
                                                                                "Parallel Aware": false,
                                                                                "Async Capable": false,
                                                                                "Relation Name": "question",
                                                                                "Alias": "q1",
                                                                                "Startup Cost": 4.22,
                                                                                "Total Cost": 8.24,
                                                                                "Plan Rows": 1,
                                                                                "Plan Width": 8,
                                                                                "Actual Startup Time": 0.0,
                                                                                "Actual Total Time": 0.0,
                                                                                "Actual Rows": 0,
                                                                                "Actual Loops": 0,
                                                                                "Recheck Cond": "((pl.post_id_from = id) AND (pl.site_id = site_id))",
                                                                                "Rows Removed by Index Recheck": 0,
                                                                                "Exact Heap Blocks": 0,
                                                                                "Lossy Heap Blocks": 0,
                                                                                "Plans": [
                                                                                    {
                                                                                        "Node Type": "Bitmap Index Scan",
                                                                                        "Parent Relationship": "Outer",
                                                                                        "Parallel Aware": false,
                                                                                        "Async Capable": false,
                                                                                        "Index Name": "question_pkey",
                                                                                        "Startup Cost": 0.0,
                                                                                        "Total Cost": 4.22,
                                                                                        "Plan Rows": 1,
                                                                                        "Plan Width": 0,
                                                                                        "Actual Startup Time": 0.0,
                                                                                        "Actual Total Time": 0.0,
                                                                                        "Actual Rows": 0,
                                                                                        "Actual Loops": 0,
                                                                                        "Index Cond": "((id = pl.post_id_from) AND (site_id = pl.site_id))"
                                                                                    }
                                                                                ]
                                                                            }
                                                                        ]
                                                                    },
                                                                    {
                                                                        "Node Type": "Bitmap Heap Scan",
                                                                        "Parent Relationship": "Inner",
                                                                        "Parallel Aware": false,
                                                                        "Async Capable": false,
                                                                        "Relation Name": "question",
                                                                        "Alias": "q2",
                                                                        "Startup Cost": 4.22,
                                                                        "Total Cost": 8.24,
                                                                        "Plan Rows": 1,
                                                                        "Plan Width": 8,
                                                                        "Actual Startup Time": 0.0,
                                                                        "Actual Total Time": 0.0,
                                                                        "Actual Rows": 0,
                                                                        "Actual Loops": 0,
                                                                        "Recheck Cond": "((pl.post_id_to = id) AND (pl.site_id = site_id))",
                                                                        "Rows Removed by Index Recheck": 0,
                                                                        "Exact Heap Blocks": 0,
                                                                        "Lossy Heap Blocks": 0,
                                                                        "Plans": [
                                                                            {
                                                                                "Node Type": "Bitmap Index Scan",
                                                                                "Parent Relationship": "Outer",
                                                                                "Parallel Aware": false,
                                                                                "Async Capable": false,
                                                                                "Index Name": "question_pkey",
                                                                                "Startup Cost": 0.0,
                                                                                "Total Cost": 4.22,
                                                                                "Plan Rows": 1,
                                                                                "Plan Width": 0,
                                                                                "Actual Startup Time": 0.0,
                                                                                "Actual Total Time": 0.0,
                                                                                "Actual Rows": 0,
                                                                                "Actual Loops": 0,
                                                                                "Index Cond": "((id = pl.post_id_to) AND (site_id = pl.site_id))"
                                                                            }
                                                                        ]
                                                                    }
                                                                ]
                                                            },
                                                            {
                                                                "Node Type": "Bitmap Heap Scan",
                                                                "Parent Relationship": "Inner",
                                                                "Parallel Aware": false,
                                                                "Async Capable": false,
                                                                "Relation Name": "comment",
                                                                "Alias": "c1",
                                                                "Startup Cost": 4.36,
                                                                "Total Cost": 8.37,
                                                                "Plan Rows": 1,
                                                                "Plan Width": 16,
                                                                "Actual Startup Time": 0.0,
                                                                "Actual Total Time": 0.0,
                                                                "Actual Rows": 0,
                                                                "Actual Loops": 0,
                                                                "Recheck Cond": "((pl.site_id = site_id) AND (pl.post_id_from = post_id))",
                                                                "Rows Removed by Index Recheck": 0,
                                                                "Exact Heap Blocks": 0,
                                                                "Lossy Heap Blocks": 0,
                                                                "Plans": [
                                                                    {
                                                                        "Node Type": "Bitmap Index Scan",
                                                                        "Parent Relationship": "Outer",
                                                                        "Parallel Aware": false,
                                                                        "Async Capable": false,
                                                                        "Index Name": "comment_site_id_post_id_idx",
                                                                        "Startup Cost": 0.0,
                                                                        "Total Cost": 4.36,
                                                                        "Plan Rows": 1,
                                                                        "Plan Width": 0,
                                                                        "Actual Startup Time": 0.0,
                                                                        "Actual Total Time": 0.0,
                                                                        "Actual Rows": 0,
                                                                        "Actual Loops": 0,
                                                                        "Index Cond": "((site_id = pl.site_id) AND (post_id = pl.post_id_from))"
                                                                    }
                                                                ]
                                                            }
                                                        ]
                                                    },
                                                    {
                                                        "Node Type": "Bitmap Heap Scan",
                                                        "Parent Relationship": "Inner",
                                                        "Parallel Aware": false,
                                                        "Async Capable": false,
                                                        "Relation Name": "comment",
                                                        "Alias": "c2",
                                                        "Startup Cost": 4.36,
                                                        "Total Cost": 8.37,
                                                        "Plan Rows": 1,
                                                        "Plan Width": 16,
                                                        "Actual Startup Time": 0.0,
                                                        "Actual Total Time": 0.0,
                                                        "Actual Rows": 0,
                                                        "Actual Loops": 0,
                                                        "Recheck Cond": "((pl.site_id = site_id) AND (pl.post_id_to = post_id))",
                                                        "Rows Removed by Index Recheck": 0,
                                                        "Exact Heap Blocks": 0,
                                                        "Lossy Heap Blocks": 0,
                                                        "Plans": [
                                                            {
                                                                "Node Type": "Bitmap Index Scan",
                                                                "Parent Relationship": "Outer",
                                                                "Parallel Aware": false,
                                                                "Async Capable": false,
                                                                "Index Name": "comment_site_id_post_id_idx",
                                                                "Startup Cost": 0.0,
                                                                "Total Cost": 4.36,
                                                                "Plan Rows": 1,
                                                                "Plan Width": 0,
                                                                "Actual Startup Time": 0.0,
                                                                "Actual Total Time": 0.0,
                                                                "Actual Rows": 0,
                                                                "Actual Loops": 0,
                                                                "Index Cond": "((site_id = pl.site_id) AND (post_id = pl.post_id_to))"
                                                            }
                                                        ]
                                                    }
                                                ]
                                            },
                                            {
                                                "Node Type": "Bitmap Heap Scan",
                                                "Parent Relationship": "Inner",
                                                "Parallel Aware": false,
                                                "Async Capable": false,
                                                "Relation Name": "tag_question",
                                                "Alias": "tq2",
                                                "Startup Cost": 4.35,
                                                "Total Cost": 8.37,
                                                "Plan Rows": 1,
                                                "Plan Width": 12,
                                                "Actual Startup Time": 0.0,
                                                "Actual Total Time": 0.0,
                                                "Actual Rows": 0,
                                                "Actual Loops": 0,
                                                "Recheck Cond": "((pl.site_id = site_id) AND (pl.post_id_to = question_id))",
                                                "Rows Removed by Index Recheck": 0,
                                                "Exact Heap Blocks": 0,
                                                "Lossy Heap Blocks": 0,
                                                "Plans": [
                                                    {
                                                        "Node Type": "Bitmap Index Scan",
                                                        "Parent Relationship": "Outer",
                                                        "Parallel Aware": false,
                                                        "Async Capable": false,
                                                        "Index Name": "tag_question_pkey",
                                                        "Startup Cost": 0.0,
                                                        "Total Cost": 4.35,
                                                        "Plan Rows": 1,
                                                        "Plan Width": 0,
                                                        "Actual Startup Time": 0.0,
                                                        "Actual Total Time": 0.0,
                                                        "Actual Rows": 0,
                                                        "Actual Loops": 0,
                                                        "Index Cond": "((site_id = pl.site_id) AND (question_id = pl.post_id_to))"
                                                    }
                                                ]
                                            }
                                        ]
                                    }
                                ]
                            }
                        ]
                    },
                    "Planning Time": 66.676,
                    "Triggers": [],
                    "Execution Time": 10.004
                }
            ],
            "hints": [
                "SET enable_hashjoin TO on",
                "SET enable_indexonlyscan TO on",
                "SET enable_indexscan TO off",
                "SET enable_mergejoin TO off",
                "SET enable_nestloop TO on",
                "SET enable_seqscan TO on"
            ]
        },
        {
            "arm": 3,
            "execution_time": 3217.008,
            "plan": [
                {
                    "Plan": {
                        "Node Type": "Aggregate",
                        "Strategy": "Plain",
                        "Partial Mode": "Simple",
                        "Parallel Aware": false,
                        "Async Capable": false,
                        "Startup Cost": 10014377.07,
                        "Total Cost": 10014377.08,
                        "Plan Rows": 1,
                        "Plan Width": 8,
                        "Actual Startup Time": 3209.034,
                        "Actual Total Time": 3216.955,
                        "Actual Rows": 1,
                        "Actual Loops": 1,
                        "Plans": [
                            {
                                "Node Type": "Sort",
                                "Parent Relationship": "Outer",
                                "Parallel Aware": false,
                                "Async Capable": false,
                                "Startup Cost": 10014377.07,
                                "Total Cost": 10014377.07,
                                "Plan Rows": 1,
                                "Plan Width": 4,
                                "Actual Startup Time": 3209.031,
                                "Actual Total Time": 3216.951,
                                "Actual Rows": 0,
                                "Actual Loops": 1,
                                "Sort Key": [
                                    "q1.id"
                                ],
                                "Sort Method": "quicksort",
                                "Sort Space Used": 25,
                                "Sort Space Type": "Memory",
                                "Plans": [
                                    {
                                        "Node Type": "Gather",
                                        "Parent Relationship": "Outer",
                                        "Parallel Aware": false,
                                        "Async Capable": false,
                                        "Startup Cost": 7008196.25,
                                        "Total Cost": 10014377.06,
                                        "Plan Rows": 1,
                                        "Plan Width": 4,
                                        "Actual Startup Time": 3209.027,
                                        "Actual Total Time": 3216.946,
                                        "Actual Rows": 0,
                                        "Actual Loops": 1,
                                        "Workers Planned": 8,
                                        "Workers Launched": 7,
                                        "Single Copy": false,
                                        "Plans": [
                                            {
                                                "Node Type": "Hash Join",
                                                "Parent Relationship": "Outer",
                                                "Parallel Aware": true,
                                                "Async Capable": false,
                                                "Join Type": "Inner",
                                                "Startup Cost": 7007196.25,
                                                "Total Cost": 10013376.96,
                                                "Plan Rows": 1,
                                                "Plan Width": 4,
                                                "Actual Startup Time": 3205.797,
                                                "Actual Total Time": 3205.807,
                                                "Actual Rows": 0,
                                                "Actual Loops": 8,
                                                "Inner Unique": false,
                                                "Hash Cond": "((c1.post_id = pl.post_id_from) AND (c1.site_id = tag.site_id))",
                                                "Join Filter": "(c1.date > c2.date)",
                                                "Rows Removed by Join Filter": 0,
                                                "Workers": [],
                                                "Plans": [
                                                    {
                                                        "Node Type": "Seq Scan",
                                                        "Parent Relationship": "Outer",
                                                        "Parallel Aware": true,
                                                        "Async Capable": false,
                                                        "Relation Name": "comment",
                                                        "Alias": "c1",
                                                        "Startup Cost": 0.0,
                                                        "Total Cost": 2909153.53,
                                                        "Plan Rows": 12936953,
                                                        "Plan Width": 16,
                                                        "Actual Startup Time": 0.0,
                                                        "Actual Total Time": 0.0,
                                                        "Actual Rows": 0,
                                                        "Actual Loops": 0,
                                                        "Workers": []
                                                    },
                                                    {
                                                        "Node Type": "Hash",
                                                        "Parent Relationship": "Inner",
                                                        "Parallel Aware": true,
                                                        "Async Capable": false,
                                                        "Startup Cost": 7007196.24,
                                                        "Total Cost": 7007196.24,
                                                        "Plan Rows": 1,
                                                        "Plan Width": 52,
                                                        "Actual Startup Time": 3205.529,
                                                        "Actual Total Time": 3205.537,
                                                        "Actual Rows": 0,
                                                        "Actual Loops": 8,
                                                        "Hash Buckets": 1024,
                                                        "Original Hash Buckets": 1024,
                                                        "Hash Batches": 1,
                                                        "Original Hash Batches": 1,
                                                        "Peak Memory Usage": 0,
                                                        "Workers": [],
                                                        "Plans": [
                                                            {
                                                                "Node Type": "Hash Join",
                                                                "Parent Relationship": "Outer",
                                                                "Parallel Aware": true,
                                                                "Async Capable": false,
                                                                "Join Type": "Inner",
                                                                "Startup Cost": 5311387.02,
                                                                "Total Cost": 7007196.24,
                                                                "Plan Rows": 1,
                                                                "Plan Width": 52,
                                                                "Actual Startup Time": 3205.418,
                                                                "Actual Total Time": 3205.426,
                                                                "Actual Rows": 0,
                                                                "Actual Loops": 8,
                                                                "Inner Unique": false,
                                                                "Hash Cond": "((q1.id = pl.post_id_from) AND (q1.site_id = tag.site_id))",
                                                                "Workers": [],
                                                                "Plans": [
                                                                    {
                                                                        "Node Type": "Seq Scan",
                                                                        "Parent Relationship": "Outer",
                                                                        "Parallel Aware": true,
                                                                        "Async Capable": false,
                                                                        "Relation Name": "question",
                                                                        "Alias": "q1",
                                                                        "Startup Cost": 0.0,
                                                                        "Total Cost": 1682252.12,
                                                                        "Plan Rows": 1807612,
                                                                        "Plan Width": 8,
                                                                        "Actual Startup Time": 0.0,
                                                                        "Actual Total Time": 0.0,
                                                                        "Actual Rows": 0,
                                                                        "Actual Loops": 0,
                                                                        "Workers": []
                                                                    },
                                                                    {
                                                                        "Node Type": "Hash",
                                                                        "Parent Relationship": "Inner",
                                                                        "Parallel Aware": true,
                                                                        "Async Capable": false,
                                                                        "Startup Cost": 5311387.0,
                                                                        "Total Cost": 5311387.0,
                                                                        "Plan Rows": 1,
                                                                        "Plan Width": 44,
                                                                        "Actual Startup Time": 3205.362,
                                                                        "Actual Total Time": 3205.369,
                                                                        "Actual Rows": 0,
                                                                        "Actual Loops": 8,
                                                                        "Hash Buckets": 1024,
                                                                        "Original Hash Buckets": 1024,
                                                                        "Hash Batches": 1,
                                                                        "Original Hash Batches": 1,
                                                                        "Peak Memory Usage": 0,
                                                                        "Workers": [],
                                                                        "Plans": [
                                                                            {
                                                                                "Node Type": "Hash Join",
                                                                                "Parent Relationship": "Outer",
                                                                                "Parallel Aware": true,
                                                                                "Async Capable": false,
                                                                                "Join Type": "Inner",
                                                                                "Startup Cost": 4999471.43,
                                                                                "Total Cost": 5311387.0,
                                                                                "Plan Rows": 1,
                                                                                "Plan Width": 44,
                                                                                "Actual Startup Time": 3205.237,
                                                                                "Actual Total Time": 3205.244,
                                                                                "Actual Rows": 0,
                                                                                "Actual Loops": 8,
                                                                                "Inner Unique": false,
                                                                                "Hash Cond": "((tq1.question_id = pl.post_id_from) AND (tag.id = tq2.tag_id) AND (tag.site_id = pl.site_id))",
                                                                                "Workers": [],
                                                                                "Plans": [
                                                                                    {
                                                                                        "Node Type": "Hash Join",
                                                                                        "Parent Relationship": "Outer",
                                                                                        "Parallel Aware": true,
                                                                                        "Async Capable": false,
                                                                                        "Join Type": "Inner",
                                                                                        "Startup Cost": 2848.48,
                                                                                        "Total Cost": 314738.27,
                                                                                        "Plan Rows": 2291,
                                                                                        "Plan Width": 20,
                                                                                        "Actual Startup Time": 2.564,
                                                                                        "Actual Total Time": 429.841,
                                                                                        "Actual Rows": 170965,
                                                                                        "Actual Loops": 8,
                                                                                        "Inner Unique": true,
                                                                                        "Hash Cond": "((tq1.tag_id = tag.id) AND (tq1.site_id = tag.site_id))",
                                                                                        "Workers": [],
                                                                                        "Plans": [
                                                                                            {
                                                                                                "Node Type": "Seq Scan",
                                                                                                "Parent Relationship": "Outer",
                                                                                                "Parallel Aware": true,
                                                                                                "Async Capable": false,
                                                                                                "Relation Name": "tag_question",
                                                                                                "Alias": "tq1",
                                                                                                "Startup Cost": 0.0,
                                                                                                "Total Cost": 273159.66,
                                                                                                "Plan Rows": 7376766,
                                                                                                "Plan Width": 12,
                                                                                                "Actual Startup Time": 0.013,
                                                                                                "Actual Total Time": 191.964,
                                                                                                "Actual Rows": 4610477,
                                                                                                "Actual Loops": 8,
                                                                                                "Workers": []
                                                                                            },
                                                                                            {
                                                                                                "Node Type": "Hash",
                                                                                                "Parent Relationship": "Inner",
                                                                                                "Parallel Aware": true,
                                                                                                "Async Capable": false,
                                                                                                "Startup Cost": 2847.97,
                                                                                                "Total Cost": 2847.97,
                                                                                                "Plan Rows": 34,
                                                                                                "Plan Width": 8,
                                                                                                "Actual Startup Time": 2.488,
                                                                                                "Actual Total Time": 2.488,
                                                                                                "Actual Rows": 12,
                                                                                                "Actual Loops": 8,
                                                                                                "Hash Buckets": 1024,
                                                                                                "Original Hash Buckets": 1024,
                                                                                                "Hash Batches": 1,
                                                                                                "Original Hash Batches": 1,
                                                                                                "Peak Memory Usage": 264,
                                                                                                "Workers": [],
                                                                                                "Plans": [
                                                                                                    {
                                                                                                        "Node Type": "Seq Scan",
                                                                                                        "Parent Relationship": "Outer",
                                                                                                        "Parallel Aware": true,
                                                                                                        "Async Capable": false,
                                                                                                        "Relation Name": "tag",
                                                                                                        "Alias": "tag",
                                                                                                        "Startup Cost": 0.0,
                                                                                                        "Total Cost": 2847.97,
                                                                                                        "Plan Rows": 34,
                                                                                                        "Plan Width": 8,
                                                                                                        "Actual Startup Time": 0.171,
                                                                                                        "Actual Total Time": 2.227,
                                                                                                        "Actual Rows": 12,
                                                                                                        "Actual Loops": 8,
                                                                                                        "Filter": "((name)::text = ANY ('{ruby-on-rails,javascript,python-3.x,excel}'::text[]))",
                                                                                                        "Rows Removed by Filter": 23334,
                                                                                                        "Workers": []
                                                                                                    }
                                                                                                ]
                                                                                            }
                                                                                        ]
                                                                                    },
                                                                                    {
                                                                                        "Node Type": "Hash",
                                                                                        "Parent Relationship": "Inner",
                                                                                        "Parallel Aware": true,
                                                                                        "Async Capable": false,
                                                                                        "Startup Cost": 4996619.23,
                                                                                        "Total Cost": 4996619.23,
                                                                                        "Plan Rows": 212,
                                                                                        "Plan Width": 36,
                                                                                        "Actual Startup Time": 2765.14,
                                                                                        "Actual Total Time": 2765.146,
                                                                                        "Actual Rows": 1182,
                                                                                        "Actual Loops": 8,
                                                                                        "Hash Buckets": 16384,
                                                                                        "Original Hash Buckets": 1024,
                                                                                        "Hash Batches": 1,
                                                                                        "Original Hash Batches": 1,
                                                                                        "Peak Memory Usage": 952,
                                                                                        "Workers": [],
                                                                                        "Plans": [
                                                                                            {
                                                                                                "Node Type": "Hash Join",
                                                                                                "Parent Relationship": "Outer",
                                                                                                "Parallel Aware": true,
                                                                                                "Async Capable": false,
                                                                                                "Join Type": "Inner",
                                                                                                "Startup Cost": 4969388.7,
                                                                                                "Total Cost": 4996619.23,
                                                                                                "Plan Rows": 212,
                                                                                                "Plan Width": 36,
                                                                                                "Actual Startup Time": 2755.704,
                                                                                                "Actual Total Time": 2759.548,
                                                                                                "Actual Rows": 1182,
                                                                                                "Actual Loops": 8,
                                                                                                "Inner Unique": false,
                                                                                                "Hash Cond": "((pl.post_id_to = q2.id) AND (pl.site_id = site.site_id))",
                                                                                                "Workers": [],
                                                                                                "Plans": [
                                                                                                    {
                                                                                                        "Node Type": "Seq Scan",
                                                                                                        "Parent Relationship": "Outer",
                                                                                                        "Parallel Aware": true,
                                                                                                        "Async Capable": false,
                                                                                                        "Relation Name": "post_link",
                                                                                                        "Alias": "pl",
                                                                                                        "Startup Cost": 0.0,
                                                                                                        "Total Cost": 21752.3,
                                                                                                        "Plan Rows": 730430,
                                                                                                        "Plan Width": 12,
                                                                                                        "Actual Startup Time": 0.014,
                                                                                                        "Actual Total Time": 13.282,
                                                                                                        "Actual Rows": 283042,
                                                                                                        "Actual Loops": 8,
                                                                                                        "Workers": []
                                                                                                    },
                                                                                                    {
                                                                                                        "Node Type": "Hash",
                                                                                                        "Parent Relationship": "Inner",
                                                                                                        "Parallel Aware": true,
                                                                                                        "Async Capable": false,
                                                                                                        "Startup Cost": 4969387.3,
                                                                                                        "Total Cost": 4969387.3,
                                                                                                        "Plan Rows": 93,
                                                                                                        "Plan Width": 40,
                                                                                                        "Actual Startup Time": 2730.569,
                                                                                                        "Actual Total Time": 2730.573,
                                                                                                        "Actual Rows": 6333,
                                                                                                        "Actual Loops": 8,
                                                                                                        "Hash Buckets": 65536,
                                                                                                        "Original Hash Buckets": 1024,
                                                                                                        "Hash Batches": 1,
                                                                                                        "Original Hash Batches": 1,
                                                                                                        "Peak Memory Usage": 5080,
                                                                                                        "Workers": [],
                                                                                                        "Plans": [
                                                                                                            {
                                                                                                                "Node Type": "Hash Join",
                                                                                                                "Parent Relationship": "Outer",
                                                                                                                "Parallel Aware": true,
                                                                                                                "Async Capable": false,
                                                                                                                "Join Type": "Inner",
                                                                                                                "Startup Cost": 4640901.77,
                                                                                                                "Total Cost": 4969387.3,
                                                                                                                "Plan Rows": 93,
                                                                                                                "Plan Width": 40,
                                                                                                                "Actual Startup Time": 2663.216,
                                                                                                                "Actual Total Time": 2664.308,
                                                                                                                "Actual Rows": 6333,
                                                                                                                "Actual Loops": 8,
                                                                                                                "Inner Unique": false,
                                                                                                                "Hash Cond": "((tq2.question_id = q2.id) AND (tq2.site_id = site.site_id))",
                                                                                                                "Workers": [],
                                                                                                                "Plans": [
                                                                                                                    {
                                                                                                                        "Node Type": "Seq Scan",
                                                                                                                        "Parent Relationship": "Outer",
                                                                                                                        "Parallel Aware": true,
                                                                                                                        "Async Capable": false,
                                                                                                                        "Relation Name": "tag_question",
                                                                                                                        "Alias": "tq2",
                                                                                                                        "Startup Cost": 0.0,
                                                                                                                        "Total Cost": 273159.66,
                                                                                                                        "Plan Rows": 7376766,
                                                                                                                        "Plan Width": 12,
                                                                                                                        "Actual Startup Time": 0.038,
                                                                                                                        "Actual Total Time": 188.246,
                                                                                                                        "Actual Rows": 4610477,
                                                                                                                        "Actual Loops": 8,
                                                                                                                        "Workers": []
                                                                                                                    },
                                                                                                                    {
                                                                                                                        "Node Type": "Hash",
                                                                                                                        "Parent Relationship": "Inner",
                                                                                                                        "Parallel Aware": true,
                                                                                                                        "Async Capable": false,
                                                                                                                        "Startup Cost": 4640880.8,
                                                                                                                        "Total Cost": 4640880.8,
                                                                                                                        "Plan Rows": 1398,
                                                                                                                        "Plan Width": 28,
                                                                                                                        "Actual Startup Time": 2229.397,
                                                                                                                        "Actual Total Time": 2229.4,
                                                                                                                        "Actual Rows": 3075,
                                                                                                                        "Actual Loops": 8,
                                                                                                                        "Hash Buckets": 32768,
                                                                                                                        "Original Hash Buckets": 16384,
                                                                                                                        "Hash Batches": 1,
                                                                                                                        "Original Hash Batches": 1,
                                                                                                                        "Peak Memory Usage": 2048,
                                                                                                                        "Workers": [],
                                                                                                                        "Plans": [
                                                                                                                            {
                                                                                                                                "Node Type": "Hash Join",
                                                                                                                                "Parent Relationship": "Outer",
                                                                                                                                "Parallel Aware": true,
                                                                                                                                "Async Capable": false,
                                                                                                                                "Join Type": "Inner",
                                                                                                                                "Startup Cost": 2945069.83,
                                                                                                                                "Total Cost": 4640880.8,
                                                                                                                                "Plan Rows": 1398,
                                                                                                                                "Plan Width": 28,
                                                                                                                                "Actual Startup Time": 1891.059,
                                                                                                                                "Actual Total Time": 2059.599,
                                                                                                                                "Actual Rows": 3075,
                                                                                                                                "Actual Loops": 8,
                                                                                                                                "Inner Unique": false,
                                                                                                                                "Hash Cond": "((q2.id = c2.post_id) AND (q2.site_id = site.site_id))",
                                                                                                                                "Workers": [],
                                                                                                                                "Plans": [
                                                                                                                                    {
                                                                                                                                        "Node Type": "Seq Scan",
                                                                                                                                        "Parent Relationship": "Outer",
                                                                                                                                        "Parallel Aware": true,
                                                                                                                                        "Async Capable": false,
                                                                                                                                        "Relation Name": "question",
                                                                                                                                        "Alias": "q2",
                                                                                                                                        "Startup Cost": 0.0,
                                                                                                                                        "Total Cost": 1682252.12,
                                                                                                                                        "Plan Rows": 1807612,
                                                                                                                                        "Plan Width": 8,
                                                                                                                                        "Actual Startup Time": 0.039,
                                                                                                                                        "Actual Total Time": 400.127,
                                                                                                                                        "Actual Rows": 1583305,
                                                                                                                                        "Actual Loops": 8,
                                                                                                                                        "Workers": []
                                                                                                                                    },
                                                                                                                                    {
                                                                                                                                        "Node Type": "Hash",
                                                                                                                                        "Parent Relationship": "Inner",
                                                                                                                                        "Parallel Aware": true,
                                                                                                                                        "Async Capable": false,
                                                                                                                                        "Startup Cost": 2943948.13,
                                                                                                                                        "Total Cost": 2943948.13,
                                                                                                                                        "Plan Rows": 74780,
                                                                                                                                        "Plan Width": 20,
                                                                                                                                        "Actual Startup Time": 1484.969,
                                                                                                                                        "Actual Total Time": 1484.97,
                                                                                                                                        "Actual Rows": 11310,
                                                                                                                                        "Actual Loops": 8,
                                                                                                                                        "Hash Buckets": 1048576,
                                                                                                                                        "Original Hash Buckets": 1048576,
                                                                                                                                        "Hash Batches": 1,
                                                                                                                                        "Original Hash Batches": 1,
                                                                                                                                        "Peak Memory Usage": 13184,
                                                                                                                                        "Workers": [],
                                                                                                                                        "Plans": [
                                                                                                                                            {
                                                                                                                                                "Node Type": "Hash Join",
                                                                                                                                                "Parent Relationship": "Outer",
                                                                                                                                                "Parallel Aware": false,
                                                                                                                                                "Async Capable": false,
                                                                                                                                                "Join Type": "Inner",
                                                                                                                                                "Startup Cost": 3.18,
                                                                                                                                                "Total Cost": 2943948.13,
                                                                                                                                                "Plan Rows": 74780,
                                                                                                                                                "Plan Width": 20,
                                                                                                                                                "Actual Startup Time": 976.035,
                                                                                                                                                "Actual Total Time": 1482.258,
                                                                                                                                                "Actual Rows": 11310,
                                                                                                                                                "Actual Loops": 8,
                                                                                                                                                "Inner Unique": true,
                                                                                                                                                "Hash Cond": "(c2.site_id = site.site_id)",
                                                                                                                                                "Workers": [],
                                                                                                                                                "Plans": [
                                                                                                                                                    {
                                                                                                                                                        "Node Type": "Seq Scan",
                                                                                                                                                        "Parent Relationship": "Outer",
                                                                                                                                                        "Parallel Aware": true,
                                                                                                                                                        "Async Capable": false,
                                                                                                                                                        "Relation Name": "comment",
                                                                                                                                                        "Alias": "c2",
                                                                                                                                                        "Startup Cost": 0.0,
                                                                                                                                                        "Total Cost": 2909153.53,
                                                                                                                                                        "Plan Rows": 12936953,
                                                                                                                                                        "Plan Width": 16,
                                                                                                                                                        "Actual Startup Time": 0.05,
                                                                                                                                                        "Actual Total Time": 1011.513,
                                                                                                                                                        "Actual Rows": 12932495,
                                                                                                                                                        "Actual Loops": 8,
                                                                                                                                                        "Workers": []
                                                                                                                                                    },
                                                                                                                                                    {
                                                                                                                                                        "Node Type": "Hash",
                                                                                                                                                        "Parent Relationship": "Inner",
                                                                                                                                                        "Parallel Aware": false,
                                                                                                                                                        "Async Capable": false,
                                                                                                                                                        "Startup Cost": 3.16,
                                                                                                                                                        "Total Cost": 3.16,
                                                                                                                                                        "Plan Rows": 1,
                                                                                                                                                        "Plan Width": 4,
                                                                                                                                                        "Actual Startup Time": 0.023,
                                                                                                                                                        "Actual Total Time": 0.024,
                                                                                                                                                        "Actual Rows": 1,
                                                                                                                                                        "Actual Loops": 8,
                                                                                                                                                        "Hash Buckets": 1024,
                                                                                                                                                        "Original Hash Buckets": 1024,
                                                                                                                                                        "Hash Batches": 1,
                                                                                                                                                        "Original Hash Batches": 1,
                                                                                                                                                        "Peak Memory Usage": 9,
                                                                                                                                                        "Workers": [],
                                                                                                                                                        "Plans": [
                                                                                                                                                            {
                                                                                                                                                                "Node Type": "Seq Scan",
                                                                                                                                                                "Parent Relationship": "Outer",
                                                                                                                                                                "Parallel Aware": false,
                                                                                                                                                                "Async Capable": false,
                                                                                                                                                                "Relation Name": "site",
                                                                                                                                                                "Alias": "site",
                                                                                                                                                                "Startup Cost": 0.0,
                                                                                                                                                                "Total Cost": 3.16,
                                                                                                                                                                "Plan Rows": 1,
                                                                                                                                                                "Plan Width": 4,
                                                                                                                                                                "Actual Startup Time": 0.015,
                                                                                                                                                                "Actual Total Time": 0.019,
                                                                                                                                                                "Actual Rows": 1,
                                                                                                                                                                "Actual Loops": 8,
                                                                                                                                                                "Filter": "((site_name)::text = 'german'::text)",
                                                                                                                                                                "Rows Removed by Filter": 172,
                                                                                                                                                                "Workers": []
                                                                                                                                                            }
                                                                                                                                                        ]
                                                                                                                                                    }
                                                                                                                                                ]
                                                                                                                                            }
                                                                                                                                        ]
                                                                                                                                    }
                                                                                                                                ]
                                                                                                                            }
                                                                                                                        ]
                                                                                                                    }
                                                                                                                ]
                                                                                                            }
                                                                                                        ]
                                                                                                    }
                                                                                                ]
                                                                                            }
                                                                                        ]
                                                                                    }
                                                                                ]
                                                                            }
                                                                        ]
                                                                    }
                                                                ]
                                                            }
                                                        ]
                                                    }
                                                ]
                                            }
                                        ]
                                    }
                                ]
                            }
                        ]
                    },
                    "Planning Time": 69.852,
                    "Triggers": [],
                    "Execution Time": 3217.008
                }
            ],
            "hints": [
                "SET enable_hashjoin TO on",
                "SET enable_indexonlyscan TO on",
                "SET enable_indexscan TO off",
                "SET enable_mergejoin TO off",
                "SET enable_nestloop TO off",
                "SET enable_seqscan TO on"
            ]
        },
        {
            "arm": 4,
            "execution_time": 9.504,
            "plan": [
                {
                    "Plan": {
                        "Node Type": "Aggregate",
                        "Strategy": "Plain",
                        "Partial Mode": "Simple",
                        "Parallel Aware": false,
                        "Async Capable": false,
                        "Startup Cost": 4005.0,
                        "Total Cost": 4005.01,
                        "Plan Rows": 1,
                        "Plan Width": 8,
                        "Actual Startup Time": 8.695,
                        "Actual Total Time": 9.451,
                        "Actual Rows": 1,
                        "Actual Loops": 1,
                        "Plans": [
                            {
                                "Node Type": "Sort",
                                "Parent Relationship": "Outer",
                                "Parallel Aware": false,
                                "Async Capable": false,
                                "Startup Cost": 4004.99,
                                "Total Cost": 4004.99,
                                "Plan Rows": 1,
                                "Plan Width": 4,
                                "Actual Startup Time": 8.692,
                                "Actual Total Time": 9.448,
                                "Actual Rows": 0,
                                "Actual Loops": 1,
                                "Sort Key": [
                                    "q1.id"
                                ],
                                "Sort Method": "quicksort",
                                "Sort Space Used": 25,
                                "Sort Space Type": "Memory",
                                "Plans": [
                                    {
                                        "Node Type": "Nested Loop",
                                        "Parent Relationship": "Outer",
                                        "Parallel Aware": false,
                                        "Async Capable": false,
                                        "Join Type": "Inner",
                                        "Startup Cost": 1006.74,
                                        "Total Cost": 4004.98,
                                        "Plan Rows": 1,
                                        "Plan Width": 4,
                                        "Actual Startup Time": 8.688,
                                        "Actual Total Time": 9.444,
                                        "Actual Rows": 0,
                                        "Actual Loops": 1,
                                        "Inner Unique": false,
                                        "Join Filter": "((c1.date > c2.date) AND (pl.post_id_to = c2.post_id) AND (c2.site_id = tag.site_id))",
                                        "Rows Removed by Join Filter": 0,
                                        "Plans": [
                                            {
                                                "Node Type": "Nested Loop",
                                                "Parent Relationship": "Outer",
                                                "Parallel Aware": false,
                                                "Async Capable": false,
                                                "Join Type": "Inner",
                                                "Startup Cost": 1006.17,
                                                "Total Cost": 3996.82,
                                                "Plan Rows": 1,
                                                "Plan Width": 56,
                                                "Actual Startup Time": 8.687,
                                                "Actual Total Time": 9.443,
                                                "Actual Rows": 0,
                                                "Actual Loops": 1,
                                                "Inner Unique": true,
                                                "Join Filter": "((tag.id = tq2.tag_id) AND (tag.site_id = tq2.site_id))",
                                                "Rows Removed by Join Filter": 0,
                                                "Plans": [
                                                    {
                                                        "Node Type": "Nested Loop",
                                                        "Parent Relationship": "Outer",
                                                        "Parallel Aware": false,
                                                        "Async Capable": false,
                                                        "Join Type": "Inner",
                                                        "Startup Cost": 1005.61,
                                                        "Total Cost": 3988.66,
                                                        "Plan Rows": 1,
                                                        "Plan Width": 56,
                                                        "Actual Startup Time": 8.687,
                                                        "Actual Total Time": 9.442,
                                                        "Actual Rows": 0,
                                                        "Actual Loops": 1,
                                                        "Inner Unique": true,
                                                        "Join Filter": "(q2.site_id = tag.site_id)",
                                                        "Rows Removed by Join Filter": 0,
                                                        "Plans": [
                                                            {
                                                                "Node Type": "Nested Loop",
                                                                "Parent Relationship": "Outer",
                                                                "Parallel Aware": false,
                                                                "Async Capable": false,
                                                                "Join Type": "Inner",
                                                                "Startup Cost": 1005.17,
                                                                "Total Cost": 3984.42,
                                                                "Plan Rows": 1,
                                                                "Plan Width": 48,
                                                                "Actual Startup Time": 8.687,
                                                                "Actual Total Time": 9.442,
                                                                "Actual Rows": 0,
                                                                "Actual Loops": 1,
                                                                "Inner Unique": false,
                                                                "Join Filter": "(pl.site_id = tag.site_id)",
                                                                "Rows Removed by Join Filter": 0,
                                                                "Plans": [
                                                                    {
                                                                        "Node Type": "Nested Loop",
                                                                        "Parent Relationship": "Outer",
                                                                        "Parallel Aware": false,
                                                                        "Async Capable": false,
                                                                        "Join Type": "Inner",
                                                                        "Startup Cost": 1004.74,
                                                                        "Total Cost": 3976.4,
                                                                        "Plan Rows": 1,
                                                                        "Plan Width": 48,
                                                                        "Actual Startup Time": 8.686,
                                                                        "Actual Total Time": 9.441,
                                                                        "Actual Rows": 0,
                                                                        "Actual Loops": 1,
                                                                        "Inner Unique": false,
                                                                        "Join Filter": "(c1.site_id = tag.site_id)",
                                                                        "Rows Removed by Join Filter": 0,
                                                                        "Plans": [
                                                                            {
                                                                                "Node Type": "Gather",
                                                                                "Parent Relationship": "Outer",
                                                                                "Parallel Aware": false,
                                                                                "Async Capable": false,
                                                                                "Startup Cost": 1004.17,
                                                                                "Total Cost": 3968.25,
                                                                                "Plan Rows": 1,
                                                                                "Plan Width": 32,
                                                                                "Actual Startup Time": 8.686,
                                                                                "Actual Total Time": 9.44,
                                                                                "Actual Rows": 0,
                                                                                "Actual Loops": 1,
                                                                                "Workers Planned": 1,
                                                                                "Workers Launched": 1,
                                                                                "Single Copy": false,
                                                                                "Plans": [
                                                                                    {
                                                                                        "Node Type": "Nested Loop",
                                                                                        "Parent Relationship": "Outer",
                                                                                        "Parallel Aware": false,
                                                                                        "Async Capable": false,
                                                                                        "Join Type": "Inner",
                                                                                        "Startup Cost": 4.17,
                                                                                        "Total Cost": 2968.15,
                                                                                        "Plan Rows": 1,
                                                                                        "Plan Width": 32,
                                                                                        "Actual Startup Time": 7.26,
                                                                                        "Actual Total Time": 7.262,
                                                                                        "Actual Rows": 0,
                                                                                        "Actual Loops": 2,
                                                                                        "Inner Unique": true,
                                                                                        "Join Filter": "(q1.site_id = tag.site_id)",
                                                                                        "Rows Removed by Join Filter": 0,
                                                                                        "Workers": [],
                                                                                        "Plans": [
                                                                                            {
                                                                                                "Node Type": "Nested Loop",
                                                                                                "Parent Relationship": "Outer",
                                                                                                "Parallel Aware": false,
                                                                                                "Async Capable": false,
                                                                                                "Join Type": "Inner",
                                                                                                "Startup Cost": 3.74,
                                                                                                "Total Cost": 2912.99,
                                                                                                "Plan Rows": 13,
                                                                                                "Plan Width": 24,
                                                                                                "Actual Startup Time": 7.259,
                                                                                                "Actual Total Time": 7.261,
                                                                                                "Actual Rows": 0,
                                                                                                "Actual Loops": 2,
                                                                                                "Inner Unique": false,
                                                                                                "Workers": [],
                                                                                                "Plans": [
                                                                                                    {
                                                                                                        "Node Type": "Hash Join",
                                                                                                        "Parent Relationship": "Outer",
                                                                                                        "Parallel Aware": false,
                                                                                                        "Async Capable": false,
                                                                                                        "Join Type": "Inner",
                                                                                                        "Startup Cost": 3.18,
                                                                                                        "Total Cost": 2851.23,
                                                                                                        "Plan Rows": 1,
                                                                                                        "Plan Width": 12,
                                                                                                        "Actual Startup Time": 7.259,
                                                                                                        "Actual Total Time": 7.26,
                                                                                                        "Actual Rows": 0,
                                                                                                        "Actual Loops": 2,
                                                                                                        "Inner Unique": true,
                                                                                                        "Hash Cond": "(tag.site_id = site.site_id)",
                                                                                                        "Workers": [],
                                                                                                        "Plans": [
                                                                                                            {
                                                                                                                "Node Type": "Seq Scan",
                                                                                                                "Parent Relationship": "Outer",
                                                                                                                "Parallel Aware": true,
                                                                                                                "Async Capable": false,
                                                                                                                "Relation Name": "tag",
                                                                                                                "Alias": "tag",
                                                                                                                "Startup Cost": 0.0,
                                                                                                                "Total Cost": 2847.97,
                                                                                                                "Plan Rows": 34,
                                                                                                                "Plan Width": 8,
                                                                                                                "Actual Startup Time": 0.125,
                                                                                                                "Actual Total Time": 7.195,
                                                                                                                "Actual Rows": 48,
                                                                                                                "Actual Loops": 2,
                                                                                                                "Filter": "((name)::text = ANY ('{ruby-on-rails,javascript,python-3.x,excel}'::text[]))",
                                                                                                                "Rows Removed by Filter": 93337,
                                                                                                                "Workers": []
                                                                                                            },
                                                                                                            {
                                                                                                                "Node Type": "Hash",
                                                                                                                "Parent Relationship": "Inner",
                                                                                                                "Parallel Aware": false,
                                                                                                                "Async Capable": false,
                                                                                                                "Startup Cost": 3.16,
                                                                                                                "Total Cost": 3.16,
                                                                                                                "Plan Rows": 1,
                                                                                                                "Plan Width": 4,
                                                                                                                "Actual Startup Time": 0.017,
                                                                                                                "Actual Total Time": 0.018,
                                                                                                                "Actual Rows": 1,
                                                                                                                "Actual Loops": 2,
                                                                                                                "Hash Buckets": 1024,
                                                                                                                "Original Hash Buckets": 1024,
                                                                                                                "Hash Batches": 1,
                                                                                                                "Original Hash Batches": 1,
                                                                                                                "Peak Memory Usage": 9,
                                                                                                                "Workers": [],
                                                                                                                "Plans": [
                                                                                                                    {
                                                                                                                        "Node Type": "Seq Scan",
                                                                                                                        "Parent Relationship": "Outer",
                                                                                                                        "Parallel Aware": false,
                                                                                                                        "Async Capable": false,
                                                                                                                        "Relation Name": "site",
                                                                                                                        "Alias": "site",
                                                                                                                        "Startup Cost": 0.0,
                                                                                                                        "Total Cost": 3.16,
                                                                                                                        "Plan Rows": 1,
                                                                                                                        "Plan Width": 4,
                                                                                                                        "Actual Startup Time": 0.01,
                                                                                                                        "Actual Total Time": 0.014,
                                                                                                                        "Actual Rows": 1,
                                                                                                                        "Actual Loops": 2,
                                                                                                                        "Filter": "((site_name)::text = 'german'::text)",
                                                                                                                        "Rows Removed by Filter": 172,
                                                                                                                        "Workers": []
                                                                                                                    }
                                                                                                                ]
                                                                                                            }
                                                                                                        ]
                                                                                                    },
                                                                                                    {
                                                                                                        "Node Type": "Index Only Scan",
                                                                                                        "Parent Relationship": "Inner",
                                                                                                        "Parallel Aware": false,
                                                                                                        "Async Capable": false,
                                                                                                        "Scan Direction": "Forward",
                                                                                                        "Index Name": "tag_question_site_id_tag_id_question_id_idx",
                                                                                                        "Relation Name": "tag_question",
                                                                                                        "Alias": "tq1",
                                                                                                        "Startup Cost": 0.56,
                                                                                                        "Total Cost": 61.44,
                                                                                                        "Plan Rows": 31,
                                                                                                        "Plan Width": 12,
                                                                                                        "Actual Startup Time": 0.0,
                                                                                                        "Actual Total Time": 0.0,
                                                                                                        "Actual Rows": 0,
                                                                                                        "Actual Loops": 0,
                                                                                                        "Index Cond": "((site_id = tag.site_id) AND (tag_id = tag.id))",
                                                                                                        "Rows Removed by Index Recheck": 0,
                                                                                                        "Heap Fetches": 0,
                                                                                                        "Workers": []
                                                                                                    }
                                                                                                ]
                                                                                            },
                                                                                            {
                                                                                                "Node Type": "Index Only Scan",
                                                                                                "Parent Relationship": "Inner",
                                                                                                "Parallel Aware": false,
                                                                                                "Async Capable": false,
                                                                                                "Scan Direction": "Forward",
                                                                                                "Index Name": "question_pkey",
                                                                                                "Relation Name": "question",
                                                                                                "Alias": "q1",
                                                                                                "Startup Cost": 0.43,
                                                                                                "Total Cost": 4.23,
                                                                                                "Plan Rows": 1,
                                                                                                "Plan Width": 8,
                                                                                                "Actual Startup Time": 0.0,
                                                                                                "Actual Total Time": 0.0,
                                                                                                "Actual Rows": 0,
                                                                                                "Actual Loops": 0,
                                                                                                "Index Cond": "((id = tq1.question_id) AND (site_id = tq1.site_id))",
                                                                                                "Rows Removed by Index Recheck": 0,
                                                                                                "Heap Fetches": 0,
                                                                                                "Workers": []
                                                                                            }
                                                                                        ]
                                                                                    }
                                                                                ]
                                                                            },
                                                                            {
                                                                                "Node Type": "Index Scan",
                                                                                "Parent Relationship": "Inner",
                                                                                "Parallel Aware": false,
                                                                                "Async Capable": false,
                                                                                "Scan Direction": "Forward",
                                                                                "Index Name": "comment_site_id_post_id_idx",
                                                                                "Relation Name": "comment",
                                                                                "Alias": "c1",
                                                                                "Startup Cost": 0.57,
                                                                                "Total Cost": 8.15,
                                                                                "Plan Rows": 1,
                                                                                "Plan Width": 16,
                                                                                "Actual Startup Time": 0.0,
                                                                                "Actual Total Time": 0.0,
                                                                                "Actual Rows": 0,
                                                                                "Actual Loops": 0,
                                                                                "Index Cond": "((site_id = q1.site_id) AND (post_id = q1.id))",
                                                                                "Rows Removed by Index Recheck": 0
                                                                            }
                                                                        ]
                                                                    },
                                                                    {
                                                                        "Node Type": "Index Only Scan",
                                                                        "Parent Relationship": "Inner",
                                                                        "Parallel Aware": false,
                                                                        "Async Capable": false,
                                                                        "Scan Direction": "Forward",
                                                                        "Index Name": "post_link_pkey",
                                                                        "Relation Name": "post_link",
                                                                        "Alias": "pl",
                                                                        "Startup Cost": 0.43,
                                                                        "Total Cost": 8.0,
                                                                        "Plan Rows": 1,
                                                                        "Plan Width": 12,
                                                                        "Actual Startup Time": 0.0,
                                                                        "Actual Total Time": 0.0,
                                                                        "Actual Rows": 0,
                                                                        "Actual Loops": 0,
                                                                        "Index Cond": "((site_id = q1.site_id) AND (post_id_from = q1.id))",
                                                                        "Rows Removed by Index Recheck": 0,
                                                                        "Heap Fetches": 0
                                                                    }
                                                                ]
                                                            },
                                                            {
                                                                "Node Type": "Index Only Scan",
                                                                "Parent Relationship": "Inner",
                                                                "Parallel Aware": false,
                                                                "Async Capable": false,
                                                                "Scan Direction": "Forward",
                                                                "Index Name": "question_pkey",
                                                                "Relation Name": "question",
                                                                "Alias": "q2",
                                                                "Startup Cost": 0.43,
                                                                "Total Cost": 4.23,
                                                                "Plan Rows": 1,
                                                                "Plan Width": 8,
                                                                "Actual Startup Time": 0.0,
                                                                "Actual Total Time": 0.0,
                                                                "Actual Rows": 0,
                                                                "Actual Loops": 0,
                                                                "Index Cond": "((id = pl.post_id_to) AND (site_id = pl.site_id))",
                                                                "Rows Removed by Index Recheck": 0,
                                                                "Heap Fetches": 0
                                                            }
                                                        ]
                                                    },
                                                    {
                                                        "Node Type": "Index Only Scan",
                                                        "Parent Relationship": "Inner",
                                                        "Parallel Aware": false,
                                                        "Async Capable": false,
                                                        "Scan Direction": "Forward",
                                                        "Index Name": "tag_question_pkey",
                                                        "Relation Name": "tag_question",
                                                        "Alias": "tq2",
                                                        "Startup Cost": 0.56,
                                                        "Total Cost": 8.14,
                                                        "Plan Rows": 1,
                                                        "Plan Width": 12,
                                                        "Actual Startup Time": 0.0,
                                                        "Actual Total Time": 0.0,
                                                        "Actual Rows": 0,
                                                        "Actual Loops": 0,
                                                        "Index Cond": "((site_id = pl.site_id) AND (question_id = pl.post_id_to))",
                                                        "Rows Removed by Index Recheck": 0,
                                                        "Heap Fetches": 0
                                                    }
                                                ]
                                            },
                                            {
                                                "Node Type": "Index Scan",
                                                "Parent Relationship": "Inner",
                                                "Parallel Aware": false,
                                                "Async Capable": false,
                                                "Scan Direction": "Forward",
                                                "Index Name": "comment_site_id_post_id_idx",
                                                "Relation Name": "comment",
                                                "Alias": "c2",
                                                "Startup Cost": 0.57,
                                                "Total Cost": 8.15,
                                                "Plan Rows": 1,
                                                "Plan Width": 16,
                                                "Actual Startup Time": 0.0,
                                                "Actual Total Time": 0.0,
                                                "Actual Rows": 0,
                                                "Actual Loops": 0,
                                                "Index Cond": "((site_id = tq2.site_id) AND (post_id = tq2.question_id))",
                                                "Rows Removed by Index Recheck": 0
                                            }
                                        ]
                                    }
                                ]
                            }
                        ]
                    },
                    "Planning Time": 74.253,
                    "Triggers": [],
                    "Execution Time": 9.504
                }
            ],
            "hints": [
                "SET enable_hashjoin TO on",
                "SET enable_indexonlyscan TO on",
                "SET enable_indexscan TO on",
                "SET enable_mergejoin TO off",
                "SET enable_nestloop TO on",
                "SET enable_seqscan TO on"
            ]
        }
    ]
}