{
    "sql_file": "soload_q3-005.sql",
    "query": "select COUNT(distinct account.display_name)\nfrom\ntag t1, site s1, question q1, answer a1, tag_question tq1, so_user u1,\ntag t2, site s2, question q2, tag_question tq2, so_user u2,\naccount\nwhere\n-- answerers\ns1.site_name='stackoverflow' and\nt1.name  = 'file-io' and\nt1.site_id = s1.site_id and\nq1.site_id = s1.site_id and\ntq1.site_id = s1.site_id and\ntq1.question_id = q1.id and\ntq1.tag_id = t1.id and\na1.site_id = q1.site_id and\na1.question_id = q1.id and\na1.owner_user_id = u1.id and\na1.site_id = u1.site_id and\n\n-- askers\ns2.site_name='ru' and\nt2.name  = 'javascript' and\nt2.site_id = s2.site_id and\nq2.site_id = s2.site_id and\ntq2.site_id = s2.site_id and\ntq2.question_id = q2.id and\ntq2.tag_id = t2.id and\nq2.owner_user_id = u2.id and\nq2.site_id = u2.site_id and\n\n\n-- intersect\nu1.account_id = u2.account_id and\naccount.id = u1.account_id;",
    "results": [
        {
            "arm": 0,
            "execution_time": 1770.969,
            "plan": [
                {
                    "Plan": {
                        "Node Type": "Aggregate",
                        "Strategy": "Plain",
                        "Partial Mode": "Simple",
                        "Parallel Aware": false,
                        "Async Capable": false,
                        "Startup Cost": 261636.64,
                        "Total Cost": 261636.65,
                        "Plan Rows": 1,
                        "Plan Width": 8,
                        "Actual Startup Time": 1755.763,
                        "Actual Total Time": 1770.898,
                        "Actual Rows": 1,
                        "Actual Loops": 1,
                        "Plans": [
                            {
                                "Node Type": "Gather Merge",
                                "Parent Relationship": "Outer",
                                "Parallel Aware": false,
                                "Async Capable": false,
                                "Startup Cost": 261636.51,
                                "Total Cost": 261636.63,
                                "Plan Rows": 1,
                                "Plan Width": 11,
                                "Actual Startup Time": 1755.737,
                                "Actual Total Time": 1770.88,
                                "Actual Rows": 13,
                                "Actual Loops": 1,
                                "Workers Planned": 5,
                                "Workers Launched": 5,
                                "Plans": [
                                    {
                                        "Node Type": "Sort",
                                        "Parent Relationship": "Outer",
                                        "Parallel Aware": false,
                                        "Async Capable": false,
                                        "Startup Cost": 260636.43,
                                        "Total Cost": 260636.44,
                                        "Plan Rows": 1,
                                        "Plan Width": 11,
                                        "Actual Startup Time": 1743.718,
                                        "Actual Total Time": 1743.727,
                                        "Actual Rows": 2,
                                        "Actual Loops": 6,
                                        "Sort Key": [
                                            "account.display_name"
                                        ],
                                        "Sort Method": "quicksort",
                                        "Sort Space Used": 25,
                                        "Sort Space Type": "Memory",
                                        "Workers": [
                                            {
                                                "Worker Number": 0,
                                                "Sort Method": "quicksort",
                                                "Sort Space Used": 25,
                                                "Sort Space Type": "Memory"
                                            },
                                            {
                                                "Worker Number": 1,
                                                "Sort Method": "quicksort",
                                                "Sort Space Used": 25,
                                                "Sort Space Type": "Memory"
                                            },
                                            {
                                                "Worker Number": 2,
                                                "Sort Method": "quicksort",
                                                "Sort Space Used": 25,
                                                "Sort Space Type": "Memory"
                                            },
                                            {
                                                "Worker Number": 3,
                                                "Sort Method": "quicksort",
                                                "Sort Space Used": 25,
                                                "Sort Space Type": "Memory"
                                            },
                                            {
                                                "Worker Number": 4,
                                                "Sort Method": "quicksort",
                                                "Sort Space Used": 25,
                                                "Sort Space Type": "Memory"
                                            }
                                        ],
                                        "Plans": [
                                            {
                                                "Node Type": "Nested Loop",
                                                "Parent Relationship": "Outer",
                                                "Parallel Aware": false,
                                                "Async Capable": false,
                                                "Join Type": "Inner",
                                                "Startup Cost": 260509.12,
                                                "Total Cost": 260636.42,
                                                "Plan Rows": 1,
                                                "Plan Width": 11,
                                                "Actual Startup Time": 1740.181,
                                                "Actual Total Time": 1743.69,
                                                "Actual Rows": 2,
                                                "Actual Loops": 6,
                                                "Inner Unique": true,
                                                "Workers": [],
                                                "Plans": [
                                                    {
                                                        "Node Type": "Nested Loop",
                                                        "Parent Relationship": "Outer",
                                                        "Parallel Aware": false,
                                                        "Async Capable": false,
                                                        "Join Type": "Inner",
                                                        "Startup Cost": 260508.69,
                                                        "Total Cost": 260628.8,
                                                        "Plan Rows": 1,
                                                        "Plan Width": 8,
                                                        "Actual Startup Time": 1740.142,
                                                        "Actual Total Time": 1743.648,
                                                        "Actual Rows": 2,
                                                        "Actual Loops": 6,
                                                        "Inner Unique": true,
                                                        "Join Filter": "((t2.site_id = tq2.site_id) AND (t2.id = tq2.tag_id))",
                                                        "Rows Removed by Join Filter": 76,
                                                        "Workers": [],
                                                        "Plans": [
                                                            {
                                                                "Node Type": "Nested Loop",
                                                                "Parent Relationship": "Outer",
                                                                "Parallel Aware": false,
                                                                "Async Capable": false,
                                                                "Join Type": "Inner",
                                                                "Startup Cost": 260508.12,
                                                                "Total Cost": 260621.02,
                                                                "Plan Rows": 1,
                                                                "Plan Width": 32,
                                                                "Actual Startup Time": 1736.966,
                                                                "Actual Total Time": 1741.89,
                                                                "Actual Rows": 28,
                                                                "Actual Loops": 6,
                                                                "Inner Unique": true,
                                                                "Join Filter": "(t1.site_id = q1.site_id)",
                                                                "Rows Removed by Join Filter": 0,
                                                                "Workers": [],
                                                                "Plans": [
                                                                    {
                                                                        "Node Type": "Nested Loop",
                                                                        "Parent Relationship": "Outer",
                                                                        "Parallel Aware": false,
                                                                        "Async Capable": false,
                                                                        "Join Type": "Inner",
                                                                        "Startup Cost": 260507.69,
                                                                        "Total Cost": 260616.97,
                                                                        "Plan Rows": 1,
                                                                        "Plan Width": 60,
                                                                        "Actual Startup Time": 1736.878,
                                                                        "Actual Total Time": 1741.49,
                                                                        "Actual Rows": 28,
                                                                        "Actual Loops": 6,
                                                                        "Inner Unique": false,
                                                                        "Join Filter": "(t2.site_id = q2.site_id)",
                                                                        "Rows Removed by Join Filter": 0,
                                                                        "Workers": [],
                                                                        "Plans": [
                                                                            {
                                                                                "Node Type": "Merge Join",
                                                                                "Parent Relationship": "Outer",
                                                                                "Parallel Aware": false,
                                                                                "Async Capable": false,
                                                                                "Join Type": "Inner",
                                                                                "Startup Cost": 260507.25,
                                                                                "Total Cost": 260542.51,
                                                                                "Plan Rows": 1,
                                                                                "Plan Width": 56,
                                                                                "Actual Startup Time": 1735.35,
                                                                                "Actual Total Time": 1738.324,
                                                                                "Actual Rows": 36,
                                                                                "Actual Loops": 6,
                                                                                "Inner Unique": false,
                                                                                "Merge Cond": "(u2.account_id = u1.account_id)",
                                                                                "Workers": [],
                                                                                "Plans": [
                                                                                    {
                                                                                        "Node Type": "Sort",
                                                                                        "Parent Relationship": "Outer",
                                                                                        "Parallel Aware": false,
                                                                                        "Async Capable": false,
                                                                                        "Startup Cost": 256731.97,
                                                                                        "Total Cost": 256749.59,
                                                                                        "Plan Rows": 7048,
                                                                                        "Plan Width": 24,
                                                                                        "Actual Startup Time": 315.491,
                                                                                        "Actual Total Time": 316.743,
                                                                                        "Actual Rows": 27187,
                                                                                        "Actual Loops": 6,
                                                                                        "Sort Key": [
                                                                                            "u2.account_id"
                                                                                        ],
                                                                                        "Sort Method": "quicksort",
                                                                                        "Sort Space Used": 2129,
                                                                                        "Sort Space Type": "Memory",
                                                                                        "Workers": [
                                                                                            {
                                                                                                "Worker Number": 0,
                                                                                                "Sort Method": "quicksort",
                                                                                                "Sort Space Used": 2053,
                                                                                                "Sort Space Type": "Memory"
                                                                                            },
                                                                                            {
                                                                                                "Worker Number": 1,
                                                                                                "Sort Method": "quicksort",
                                                                                                "Sort Space Used": 2053,
                                                                                                "Sort Space Type": "Memory"
                                                                                            },
                                                                                            {
                                                                                                "Worker Number": 2,
                                                                                                "Sort Method": "quicksort",
                                                                                                "Sort Space Used": 2053,
                                                                                                "Sort Space Type": "Memory"
                                                                                            },
                                                                                            {
                                                                                                "Worker Number": 3,
                                                                                                "Sort Method": "quicksort",
                                                                                                "Sort Space Used": 2053,
                                                                                                "Sort Space Type": "Memory"
                                                                                            },
                                                                                            {
                                                                                                "Worker Number": 4,
                                                                                                "Sort Method": "quicksort",
                                                                                                "Sort Space Used": 2053,
                                                                                                "Sort Space Type": "Memory"
                                                                                            }
                                                                                        ],
                                                                                        "Plans": [
                                                                                            {
                                                                                                "Node Type": "Merge Join",
                                                                                                "Parent Relationship": "Outer",
                                                                                                "Parallel Aware": false,
                                                                                                "Async Capable": false,
                                                                                                "Join Type": "Inner",
                                                                                                "Startup Cost": 256053.83,
                                                                                                "Total Cost": 256281.5,
                                                                                                "Plan Rows": 7048,
                                                                                                "Plan Width": 24,
                                                                                                "Actual Startup Time": 306.473,
                                                                                                "Actual Total Time": 311.301,
                                                                                                "Actual Rows": 27666,
                                                                                                "Actual Loops": 6,
                                                                                                "Inner Unique": false,
                                                                                                "Merge Cond": "(s2.site_id = t2.site_id)",
                                                                                                "Workers": [],
                                                                                                "Plans": [
                                                                                                    {
                                                                                                        "Node Type": "Sort",
                                                                                                        "Parent Relationship": "Outer",
                                                                                                        "Parallel Aware": false,
                                                                                                        "Async Capable": false,
                                                                                                        "Startup Cost": 252517.79,
                                                                                                        "Total Cost": 252578.76,
                                                                                                        "Plan Rows": 24388,
                                                                                                        "Plan Width": 16,
                                                                                                        "Actual Startup Time": 298.045,
                                                                                                        "Actual Total Time": 298.699,
                                                                                                        "Actual Rows": 27666,
                                                                                                        "Actual Loops": 6,
                                                                                                        "Sort Key": [
                                                                                                            "s2.site_id"
                                                                                                        ],
                                                                                                        "Sort Method": "quicksort",
                                                                                                        "Sort Space Used": 1903,
                                                                                                        "Sort Space Type": "Memory",
                                                                                                        "Workers": [
                                                                                                            {
                                                                                                                "Worker Number": 0,
                                                                                                                "Sort Method": "quicksort",
                                                                                                                "Sort Space Used": 1839,
                                                                                                                "Sort Space Type": "Memory"
                                                                                                            },
                                                                                                            {
                                                                                                                "Worker Number": 1,
                                                                                                                "Sort Method": "quicksort",
                                                                                                                "Sort Space Used": 1839,
                                                                                                                "Sort Space Type": "Memory"
                                                                                                            },
                                                                                                            {
                                                                                                                "Worker Number": 2,
                                                                                                                "Sort Method": "quicksort",
                                                                                                                "Sort Space Used": 1839,
                                                                                                                "Sort Space Type": "Memory"
                                                                                                            },
                                                                                                            {
                                                                                                                "Worker Number": 3,
                                                                                                                "Sort Method": "quicksort",
                                                                                                                "Sort Space Used": 1839,
                                                                                                                "Sort Space Type": "Memory"
                                                                                                            },
                                                                                                            {
                                                                                                                "Worker Number": 4,
                                                                                                                "Sort Method": "quicksort",
                                                                                                                "Sort Space Used": 1839,
                                                                                                                "Sort Space Type": "Memory"
                                                                                                            }
                                                                                                        ],
                                                                                                        "Plans": [
                                                                                                            {
                                                                                                                "Node Type": "Hash Join",
                                                                                                                "Parent Relationship": "Outer",
                                                                                                                "Parallel Aware": false,
                                                                                                                "Async Capable": false,
                                                                                                                "Join Type": "Inner",
                                                                                                                "Startup Cost": 3.18,
                                                                                                                "Total Cost": 250740.65,
                                                                                                                "Plan Rows": 24388,
                                                                                                                "Plan Width": 16,
                                                                                                                "Actual Startup Time": 6.342,
                                                                                                                "Actual Total Time": 295.459,
                                                                                                                "Actual Rows": 27666,
                                                                                                                "Actual Loops": 6,
                                                                                                                "Inner Unique": true,
                                                                                                                "Hash Cond": "(u2.site_id = s2.site_id)",
                                                                                                                "Workers": [],
                                                                                                                "Plans": [
                                                                                                                    {
                                                                                                                        "Node Type": "Seq Scan",
                                                                                                                        "Parent Relationship": "Outer",
                                                                                                                        "Parallel Aware": true,
                                                                                                                        "Async Capable": false,
                                                                                                                        "Relation Name": "so_user",
                                                                                                                        "Alias": "u2",
                                                                                                                        "Startup Cost": 0.0,
                                                                                                                        "Total Cost": 239391.02,
                                                                                                                        "Plan Rows": 4219102,
                                                                                                                        "Plan Width": 12,
                                                                                                                        "Actual Startup Time": 0.016,
                                                                                                                        "Actual Total Time": 174.39,
                                                                                                                        "Actual Rows": 3516217,
                                                                                                                        "Actual Loops": 6,
                                                                                                                        "Workers": []
                                                                                                                    },
                                                                                                                    {
                                                                                                                        "Node Type": "Hash",
                                                                                                                        "Parent Relationship": "Inner",
                                                                                                                        "Parallel Aware": false,
                                                                                                                        "Async Capable": false,
                                                                                                                        "Startup Cost": 3.16,
                                                                                                                        "Total Cost": 3.16,
                                                                                                                        "Plan Rows": 1,
                                                                                                                        "Plan Width": 4,
                                                                                                                        "Actual Startup Time": 0.024,
                                                                                                                        "Actual Total Time": 0.025,
                                                                                                                        "Actual Rows": 1,
                                                                                                                        "Actual Loops": 6,
                                                                                                                        "Hash Buckets": 1024,
                                                                                                                        "Original Hash Buckets": 1024,
                                                                                                                        "Hash Batches": 1,
                                                                                                                        "Original Hash Batches": 1,
                                                                                                                        "Peak Memory Usage": 9,
                                                                                                                        "Workers": [],
                                                                                                                        "Plans": [
                                                                                                                            {
                                                                                                                                "Node Type": "Seq Scan",
                                                                                                                                "Parent Relationship": "Outer",
                                                                                                                                "Parallel Aware": false,
                                                                                                                                "Async Capable": false,
                                                                                                                                "Relation Name": "site",
                                                                                                                                "Alias": "s2",
                                                                                                                                "Startup Cost": 0.0,
                                                                                                                                "Total Cost": 3.16,
                                                                                                                                "Plan Rows": 1,
                                                                                                                                "Plan Width": 4,
                                                                                                                                "Actual Startup Time": 0.017,
                                                                                                                                "Actual Total Time": 0.02,
                                                                                                                                "Actual Rows": 1,
                                                                                                                                "Actual Loops": 6,
                                                                                                                                "Filter": "((site_name)::text = 'ru'::text)",
                                                                                                                                "Rows Removed by Filter": 172,
                                                                                                                                "Workers": []
                                                                                                                            }
                                                                                                                        ]
                                                                                                                    }
                                                                                                                ]
                                                                                                            }
                                                                                                        ]
                                                                                                    },
                                                                                                    {
                                                                                                        "Node Type": "Sort",
                                                                                                        "Parent Relationship": "Inner",
                                                                                                        "Parallel Aware": false,
                                                                                                        "Async Capable": false,
                                                                                                        "Startup Cost": 3536.04,
                                                                                                        "Total Cost": 3536.16,
                                                                                                        "Plan Rows": 50,
                                                                                                        "Plan Width": 8,
                                                                                                        "Actual Startup Time": 8.421,
                                                                                                        "Actual Total Time": 9.036,
                                                                                                        "Actual Rows": 27697,
                                                                                                        "Actual Loops": 6,
                                                                                                        "Sort Key": [
                                                                                                            "t2.site_id"
                                                                                                        ],
                                                                                                        "Sort Method": "quicksort",
                                                                                                        "Sort Space Used": 26,
                                                                                                        "Sort Space Type": "Memory",
                                                                                                        "Workers": [
                                                                                                            {
                                                                                                                "Worker Number": 0,
                                                                                                                "Sort Method": "quicksort",
                                                                                                                "Sort Space Used": 26,
                                                                                                                "Sort Space Type": "Memory"
                                                                                                            },
                                                                                                            {
                                                                                                                "Worker Number": 1,
                                                                                                                "Sort Method": "quicksort",
                                                                                                                "Sort Space Used": 26,
                                                                                                                "Sort Space Type": "Memory"
                                                                                                            },
                                                                                                            {
                                                                                                                "Worker Number": 2,
                                                                                                                "Sort Method": "quicksort",
                                                                                                                "Sort Space Used": 26,
                                                                                                                "Sort Space Type": "Memory"
                                                                                                            },
                                                                                                            {
                                                                                                                "Worker Number": 3,
                                                                                                                "Sort Method": "quicksort",
                                                                                                                "Sort Space Used": 26,
                                                                                                                "Sort Space Type": "Memory"
                                                                                                            },
                                                                                                            {
                                                                                                                "Worker Number": 4,
                                                                                                                "Sort Method": "quicksort",
                                                                                                                "Sort Space Used": 26,
                                                                                                                "Sort Space Type": "Memory"
                                                                                                            }
                                                                                                        ],
                                                                                                        "Plans": [
                                                                                                            {
                                                                                                                "Node Type": "Seq Scan",
                                                                                                                "Parent Relationship": "Outer",
                                                                                                                "Parallel Aware": false,
                                                                                                                "Async Capable": false,
                                                                                                                "Relation Name": "tag",
                                                                                                                "Alias": "t2",
                                                                                                                "Startup Cost": 0.0,
                                                                                                                "Total Cost": 3534.62,
                                                                                                                "Plan Rows": 50,
                                                                                                                "Plan Width": 8,
                                                                                                                "Actual Startup Time": 0.063,
                                                                                                                "Actual Total Time": 8.409,
                                                                                                                "Actual Rows": 52,
                                                                                                                "Actual Loops": 6,
                                                                                                                "Filter": "((name)::text = 'javascript'::text)",
                                                                                                                "Rows Removed by Filter": 186718,
                                                                                                                "Workers": []
                                                                                                            }
                                                                                                        ]
                                                                                                    }
                                                                                                ]
                                                                                            }
                                                                                        ]
                                                                                    },
                                                                                    {
                                                                                        "Node Type": "Sort",
                                                                                        "Parent Relationship": "Inner",
                                                                                        "Parallel Aware": false,
                                                                                        "Async Capable": false,
                                                                                        "Startup Cost": 3775.28,
                                                                                        "Total Cost": 3775.28,
                                                                                        "Plan Rows": 1,
                                                                                        "Plan Width": 32,
                                                                                        "Actual Startup Time": 1419.765,
                                                                                        "Actual Total Time": 1420.244,
                                                                                        "Actual Rows": 8103,
                                                                                        "Actual Loops": 6,
                                                                                        "Sort Key": [
                                                                                            "u1.account_id"
                                                                                        ],
                                                                                        "Sort Method": "quicksort",
                                                                                        "Sort Space Used": 637,
                                                                                        "Sort Space Type": "Memory",
                                                                                        "Workers": [
                                                                                            {
                                                                                                "Worker Number": 0,
                                                                                                "Sort Method": "quicksort",
                                                                                                "Sort Space Used": 637,
                                                                                                "Sort Space Type": "Memory"
                                                                                            },
                                                                                            {
                                                                                                "Worker Number": 1,
                                                                                                "Sort Method": "quicksort",
                                                                                                "Sort Space Used": 637,
                                                                                                "Sort Space Type": "Memory"
                                                                                            },
                                                                                            {
                                                                                                "Worker Number": 2,
                                                                                                "Sort Method": "quicksort",
                                                                                                "Sort Space Used": 637,
                                                                                                "Sort Space Type": "Memory"
                                                                                            },
                                                                                            {
                                                                                                "Worker Number": 3,
                                                                                                "Sort Method": "quicksort",
                                                                                                "Sort Space Used": 637,
                                                                                                "Sort Space Type": "Memory"
                                                                                            },
                                                                                            {
                                                                                                "Worker Number": 4,
                                                                                                "Sort Method": "quicksort",
                                                                                                "Sort Space Used": 637,
                                                                                                "Sort Space Type": "Memory"
                                                                                            }
                                                                                        ],
                                                                                        "Plans": [
                                                                                            {
                                                                                                "Node Type": "Nested Loop",
                                                                                                "Parent Relationship": "Outer",
                                                                                                "Parallel Aware": false,
                                                                                                "Async Capable": false,
                                                                                                "Join Type": "Inner",
                                                                                                "Startup Cost": 1.44,
                                                                                                "Total Cost": 3775.27,
                                                                                                "Plan Rows": 1,
                                                                                                "Plan Width": 32,
                                                                                                "Actual Startup Time": 8.006,
                                                                                                "Actual Total Time": 1417.807,
                                                                                                "Actual Rows": 8125,
                                                                                                "Actual Loops": 6,
                                                                                                "Inner Unique": true,
                                                                                                "Join Filter": "(t1.site_id = u1.site_id)",
                                                                                                "Rows Removed by Join Filter": 0,
                                                                                                "Workers": [],
                                                                                                "Plans": [
                                                                                                    {
                                                                                                        "Node Type": "Nested Loop",
                                                                                                        "Parent Relationship": "Outer",
                                                                                                        "Parallel Aware": false,
                                                                                                        "Async Capable": false,
                                                                                                        "Join Type": "Inner",
                                                                                                        "Startup Cost": 1.0,
                                                                                                        "Total Cost": 3767.63,
                                                                                                        "Plan Rows": 1,
                                                                                                        "Plan Width": 28,
                                                                                                        "Actual Startup Time": 7.826,
                                                                                                        "Actual Total Time": 940.837,
                                                                                                        "Actual Rows": 8125,
                                                                                                        "Actual Loops": 6,
                                                                                                        "Inner Unique": false,
                                                                                                        "Join Filter": "(t1.site_id = a1.site_id)",
                                                                                                        "Rows Removed by Join Filter": 0,
                                                                                                        "Workers": [],
                                                                                                        "Plans": [
                                                                                                            {
                                                                                                                "Node Type": "Nested Loop",
                                                                                                                "Parent Relationship": "Outer",
                                                                                                                "Parallel Aware": false,
                                                                                                                "Async Capable": false,
                                                                                                                "Join Type": "Inner",
                                                                                                                "Startup Cost": 0.56,
                                                                                                                "Total Cost": 3599.82,
                                                                                                                "Plan Rows": 22,
                                                                                                                "Plan Width": 16,
                                                                                                                "Actual Startup Time": 7.24,
                                                                                                                "Actual Total Time": 74.955,
                                                                                                                "Actual Rows": 12063,
                                                                                                                "Actual Loops": 6,
                                                                                                                "Inner Unique": false,
                                                                                                                "Workers": [],
                                                                                                                "Plans": [
                                                                                                                    {
                                                                                                                        "Node Type": "Nested Loop",
                                                                                                                        "Parent Relationship": "Outer",
                                                                                                                        "Parallel Aware": false,
                                                                                                                        "Async Capable": false,
                                                                                                                        "Join Type": "Inner",
                                                                                                                        "Startup Cost": 0.0,
                                                                                                                        "Total Cost": 3537.82,
                                                                                                                        "Plan Rows": 1,
                                                                                                                        "Plan Width": 12,
                                                                                                                        "Actual Startup Time": 4.183,
                                                                                                                        "Actual Total Time": 7.532,
                                                                                                                        "Actual Rows": 1,
                                                                                                                        "Actual Loops": 6,
                                                                                                                        "Inner Unique": false,
                                                                                                                        "Join Filter": "(t1.site_id = s1.site_id)",
                                                                                                                        "Rows Removed by Join Filter": 2,
                                                                                                                        "Workers": [],
                                                                                                                        "Plans": [
                                                                                                                            {
                                                                                                                                "Node Type": "Seq Scan",
                                                                                                                                "Parent Relationship": "Outer",
                                                                                                                                "Parallel Aware": false,
                                                                                                                                "Async Capable": false,
                                                                                                                                "Relation Name": "site",
                                                                                                                                "Alias": "s1",
                                                                                                                                "Startup Cost": 0.0,
                                                                                                                                "Total Cost": 3.16,
                                                                                                                                "Plan Rows": 1,
                                                                                                                                "Plan Width": 4,
                                                                                                                                "Actual Startup Time": 0.011,
                                                                                                                                "Actual Total Time": 0.013,
                                                                                                                                "Actual Rows": 1,
                                                                                                                                "Actual Loops": 6,
                                                                                                                                "Filter": "((site_name)::text = 'stackoverflow'::text)",
                                                                                                                                "Rows Removed by Filter": 172,
                                                                                                                                "Workers": []
                                                                                                                            },
                                                                                                                            {
                                                                                                                                "Node Type": "Seq Scan",
                                                                                                                                "Parent Relationship": "Inner",
                                                                                                                                "Parallel Aware": false,
                                                                                                                                "Async Capable": false,
                                                                                                                                "Relation Name": "tag",
                                                                                                                                "Alias": "t1",
                                                                                                                                "Startup Cost": 0.0,
                                                                                                                                "Total Cost": 3534.62,
                                                                                                                                "Plan Rows": 3,
                                                                                                                                "Plan Width": 8,
                                                                                                                                "Actual Startup Time": 1.983,
                                                                                                                                "Actual Total Time": 7.514,
                                                                                                                                "Actual Rows": 3,
                                                                                                                                "Actual Loops": 6,
                                                                                                                                "Filter": "((name)::text = 'file-io'::text)",
                                                                                                                                "Rows Removed by Filter": 186767,
                                                                                                                                "Workers": []
                                                                                                                            }
                                                                                                                        ]
                                                                                                                    },
                                                                                                                    {
                                                                                                                        "Node Type": "Index Only Scan",
                                                                                                                        "Parent Relationship": "Inner",
                                                                                                                        "Parallel Aware": false,
                                                                                                                        "Async Capable": false,
                                                                                                                        "Scan Direction": "Forward",
                                                                                                                        "Index Name": "tag_question_site_id_tag_id_question_id_idx",
                                                                                                                        "Relation Name": "tag_question",
                                                                                                                        "Alias": "tq1",
                                                                                                                        "Startup Cost": 0.56,
                                                                                                                        "Total Cost": 61.69,
                                                                                                                        "Plan Rows": 31,
                                                                                                                        "Plan Width": 12,
                                                                                                                        "Actual Startup Time": 3.054,
                                                                                                                        "Actual Total Time": 66.592,
                                                                                                                        "Actual Rows": 12063,
                                                                                                                        "Actual Loops": 6,
                                                                                                                        "Index Cond": "((site_id = t1.site_id) AND (tag_id = t1.id))",
                                                                                                                        "Rows Removed by Index Recheck": 0,
                                                                                                                        "Heap Fetches": 72378,
                                                                                                                        "Workers": []
                                                                                                                    }
                                                                                                                ]
                                                                                                            },
                                                                                                            {
                                                                                                                "Node Type": "Index Scan",
                                                                                                                "Parent Relationship": "Inner",
                                                                                                                "Parallel Aware": false,
                                                                                                                "Async Capable": false,
                                                                                                                "Scan Direction": "Forward",
                                                                                                                "Index Name": "answer_site_id_question_id_idx",
                                                                                                                "Relation Name": "answer",
                                                                                                                "Alias": "a1",
                                                                                                                "Startup Cost": 0.43,
                                                                                                                "Total Cost": 7.62,
                                                                                                                "Plan Rows": 1,
                                                                                                                "Plan Width": 12,
                                                                                                                "Actual Startup Time": 0.056,
                                                                                                                "Actual Total Time": 0.072,
                                                                                                                "Actual Rows": 1,
                                                                                                                "Actual Loops": 72378,
                                                                                                                "Index Cond": "((site_id = tq1.site_id) AND (question_id = tq1.question_id))",
                                                                                                                "Rows Removed by Index Recheck": 0,
                                                                                                                "Workers": []
                                                                                                            }
                                                                                                        ]
                                                                                                    },
                                                                                                    {
                                                                                                        "Node Type": "Index Scan",
                                                                                                        "Parent Relationship": "Inner",
                                                                                                        "Parallel Aware": false,
                                                                                                        "Async Capable": false,
                                                                                                        "Scan Direction": "Forward",
                                                                                                        "Index Name": "so_user_pkey",
                                                                                                        "Relation Name": "so_user",
                                                                                                        "Alias": "u1",
                                                                                                        "Startup Cost": 0.44,
                                                                                                        "Total Cost": 7.63,
                                                                                                        "Plan Rows": 1,
                                                                                                        "Plan Width": 12,
                                                                                                        "Actual Startup Time": 0.058,
                                                                                                        "Actual Total Time": 0.058,
                                                                                                        "Actual Rows": 1,
                                                                                                        "Actual Loops": 48750,
                                                                                                        "Index Cond": "((id = a1.owner_user_id) AND (site_id = a1.site_id))",
                                                                                                        "Rows Removed by Index Recheck": 0,
                                                                                                        "Workers": []
                                                                                                    }
                                                                                                ]
                                                                                            }
                                                                                        ]
                                                                                    }
                                                                                ]
                                                                            },
                                                                            {
                                                                                "Node Type": "Index Scan",
                                                                                "Parent Relationship": "Inner",
                                                                                "Parallel Aware": false,
                                                                                "Async Capable": false,
                                                                                "Scan Direction": "Forward",
                                                                                "Index Name": "question_owner_user_id_idx",
                                                                                "Relation Name": "question",
                                                                                "Alias": "q2",
                                                                                "Startup Cost": 0.43,
                                                                                "Total Cost": 74.45,
                                                                                "Plan Rows": 1,
                                                                                "Plan Width": 12,
                                                                                "Actual Startup Time": 0.084,
                                                                                "Actual Total Time": 0.087,
                                                                                "Actual Rows": 1,
                                                                                "Actual Loops": 217,
                                                                                "Index Cond": "(owner_user_id = u2.id)",
                                                                                "Rows Removed by Index Recheck": 0,
                                                                                "Filter": "(site_id = u2.site_id)",
                                                                                "Rows Removed by Filter": 10,
                                                                                "Workers": []
                                                                            }
                                                                        ]
                                                                    },
                                                                    {
                                                                        "Node Type": "Index Only Scan",
                                                                        "Parent Relationship": "Inner",
                                                                        "Parallel Aware": false,
                                                                        "Async Capable": false,
                                                                        "Scan Direction": "Forward",
                                                                        "Index Name": "question_pkey",
                                                                        "Relation Name": "question",
                                                                        "Alias": "q1",
                                                                        "Startup Cost": 0.43,
                                                                        "Total Cost": 4.04,
                                                                        "Plan Rows": 1,
                                                                        "Plan Width": 8,
                                                                        "Actual Startup Time": 0.014,
                                                                        "Actual Total Time": 0.014,
                                                                        "Actual Rows": 1,
                                                                        "Actual Loops": 171,
                                                                        "Index Cond": "((id = tq1.question_id) AND (site_id = tq1.site_id))",
                                                                        "Rows Removed by Index Recheck": 0,
                                                                        "Heap Fetches": 0,
                                                                        "Workers": []
                                                                    }
                                                                ]
                                                            },
                                                            {
                                                                "Node Type": "Index Only Scan",
                                                                "Parent Relationship": "Inner",
                                                                "Parallel Aware": false,
                                                                "Async Capable": false,
                                                                "Scan Direction": "Forward",
                                                                "Index Name": "tag_question_pkey",
                                                                "Relation Name": "tag_question",
                                                                "Alias": "tq2",
                                                                "Startup Cost": 0.56,
                                                                "Total Cost": 7.77,
                                                                "Plan Rows": 1,
                                                                "Plan Width": 12,
                                                                "Actual Startup Time": 0.061,
                                                                "Actual Total Time": 0.061,
                                                                "Actual Rows": 3,
                                                                "Actual Loops": 171,
                                                                "Index Cond": "((site_id = q2.site_id) AND (question_id = q2.id))",
                                                                "Rows Removed by Index Recheck": 0,
                                                                "Heap Fetches": 467,
                                                                "Workers": []
                                                            }
                                                        ]
                                                    },
                                                    {
                                                        "Node Type": "Index Scan",
                                                        "Parent Relationship": "Inner",
                                                        "Parallel Aware": false,
                                                        "Async Capable": false,
                                                        "Scan Direction": "Forward",
                                                        "Index Name": "account_pkey",
                                                        "Relation Name": "account",
                                                        "Alias": "account",
                                                        "Startup Cost": 0.43,
                                                        "Total Cost": 7.62,
                                                        "Plan Rows": 1,
                                                        "Plan Width": 15,
                                                        "Actual Startup Time": 0.019,
                                                        "Actual Total Time": 0.019,
                                                        "Actual Rows": 1,
                                                        "Actual Loops": 13,
                                                        "Index Cond": "(id = u1.account_id)",
                                                        "Rows Removed by Index Recheck": 0,
                                                        "Workers": []
                                                    }
                                                ]
                                            }
                                        ]
                                    }
                                ]
                            }
                        ]
                    },
                    "Planning Time": 90.198,
                    "Triggers": [],
                    "Execution Time": 1770.969
                }
            ],
            "hints": [
                "SET enable_hashjoin TO on",
                "SET enable_indexonlyscan TO on",
                "SET enable_indexscan TO on",
                "SET enable_mergejoin TO on",
                "SET enable_nestloop TO on",
                "SET enable_seqscan TO on"
            ]
        },
        {
            "arm": 1,
            "execution_time": 13546.869,
            "plan": [
                {
                    "Plan": {
                        "Node Type": "Aggregate",
                        "Strategy": "Plain",
                        "Partial Mode": "Simple",
                        "Parallel Aware": false,
                        "Async Capable": false,
                        "Startup Cost": 3994956.37,
                        "Total Cost": 3994956.38,
                        "Plan Rows": 1,
                        "Plan Width": 8,
                        "Actual Startup Time": 13513.121,
                        "Actual Total Time": 13546.801,
                        "Actual Rows": 1,
                        "Actual Loops": 1,
                        "Plans": [
                            {
                                "Node Type": "Gather Merge",
                                "Parent Relationship": "Outer",
                                "Parallel Aware": false,
                                "Async Capable": false,
                                "Startup Cost": 3994956.25,
                                "Total Cost": 3994956.37,
                                "Plan Rows": 1,
                                "Plan Width": 11,
                                "Actual Startup Time": 13513.113,
                                "Actual Total Time": 13546.793,
                                "Actual Rows": 13,
                                "Actual Loops": 1,
                                "Workers Planned": 1,
                                "Workers Launched": 1,
                                "Plans": [
                                    {
                                        "Node Type": "Sort",
                                        "Parent Relationship": "Outer",
                                        "Parallel Aware": false,
                                        "Async Capable": false,
                                        "Startup Cost": 3993956.24,
                                        "Total Cost": 3993956.25,
                                        "Plan Rows": 1,
                                        "Plan Width": 11,
                                        "Actual Startup Time": 13511.107,
                                        "Actual Total Time": 13511.12,
                                        "Actual Rows": 6,
                                        "Actual Loops": 2,
                                        "Sort Key": [
                                            "account.display_name"
                                        ],
                                        "Sort Method": "quicksort",
                                        "Sort Space Used": 25,
                                        "Sort Space Type": "Memory",
                                        "Workers": [
                                            {
                                                "Worker Number": 0,
                                                "Sort Method": "quicksort",
                                                "Sort Space Used": 25,
                                                "Sort Space Type": "Memory"
                                            }
                                        ],
                                        "Plans": [
                                            {
                                                "Node Type": "Hash Join",
                                                "Parent Relationship": "Outer",
                                                "Parallel Aware": true,
                                                "Async Capable": false,
                                                "Join Type": "Inner",
                                                "Startup Cost": 3991382.69,
                                                "Total Cost": 3993956.23,
                                                "Plan Rows": 1,
                                                "Plan Width": 11,
                                                "Actual Startup Time": 13509.805,
                                                "Actual Total Time": 13511.091,
                                                "Actual Rows": 6,
                                                "Actual Loops": 2,
                                                "Inner Unique": false,
                                                "Hash Cond": "((t2.site_id = s2.site_id) AND (t2.id = tq2.tag_id))",
                                                "Workers": [],
                                                "Plans": [
                                                    {
                                                        "Node Type": "Seq Scan",
                                                        "Parent Relationship": "Outer",
                                                        "Parallel Aware": true,
                                                        "Async Capable": false,
                                                        "Relation Name": "tag",
                                                        "Alias": "t2",
                                                        "Startup Cost": 0.0,
                                                        "Total Cost": 2573.31,
                                                        "Plan Rows": 29,
                                                        "Plan Width": 8,
                                                        "Actual Startup Time": 0.138,
                                                        "Actual Total Time": 4.787,
                                                        "Actual Rows": 26,
                                                        "Actual Loops": 2,
                                                        "Filter": "((name)::text = 'javascript'::text)",
                                                        "Rows Removed by Filter": 93359,
                                                        "Workers": []
                                                    },
                                                    {
                                                        "Node Type": "Hash",
                                                        "Parent Relationship": "Inner",
                                                        "Parallel Aware": true,
                                                        "Async Capable": false,
                                                        "Startup Cost": 3991382.68,
                                                        "Total Cost": 3991382.68,
                                                        "Plan Rows": 1,
                                                        "Plan Width": 31,
                                                        "Actual Startup Time": 13505.528,
                                                        "Actual Total Time": 13505.54,
                                                        "Actual Rows": 245,
                                                        "Actual Loops": 2,
                                                        "Hash Buckets": 1024,
                                                        "Original Hash Buckets": 1024,
                                                        "Hash Batches": 1,
                                                        "Original Hash Batches": 1,
                                                        "Peak Memory Usage": 72,
                                                        "Workers": [],
                                                        "Plans": [
                                                            {
                                                                "Node Type": "Hash Join",
                                                                "Parent Relationship": "Outer",
                                                                "Parallel Aware": true,
                                                                "Async Capable": false,
                                                                "Join Type": "Inner",
                                                                "Startup Cost": 3736154.41,
                                                                "Total Cost": 3991382.68,
                                                                "Plan Rows": 1,
                                                                "Plan Width": 31,
                                                                "Actual Startup Time": 12241.376,
                                                                "Actual Total Time": 13505.257,
                                                                "Actual Rows": 245,
                                                                "Actual Loops": 2,
                                                                "Inner Unique": false,
                                                                "Hash Cond": "((u1.site_id = t1.site_id) AND (u1.id = a1.owner_user_id))",
                                                                "Workers": [],
                                                                "Plans": [
                                                                    {
                                                                        "Node Type": "Hash Join",
                                                                        "Parent Relationship": "Outer",
                                                                        "Parallel Aware": true,
                                                                        "Async Capable": false,
                                                                        "Join Type": "Inner",
                                                                        "Startup Cost": 2412966.5,
                                                                        "Total Cost": 2668186.8,
                                                                        "Plan Rows": 1062,
                                                                        "Plan Width": 39,
                                                                        "Actual Startup Time": 6470.272,
                                                                        "Actual Total Time": 7864.676,
                                                                        "Actual Rows": 551502,
                                                                        "Actual Loops": 2,
                                                                        "Inner Unique": false,
                                                                        "Hash Cond": "(u1.account_id = u2.account_id)",
                                                                        "Workers": [],
                                                                        "Plans": [
                                                                            {
                                                                                "Node Type": "Seq Scan",
                                                                                "Parent Relationship": "Outer",
                                                                                "Parallel Aware": true,
                                                                                "Async Capable": false,
                                                                                "Relation Name": "so_user",
                                                                                "Alias": "u1",
                                                                                "Startup Cost": 0.0,
                                                                                "Total Cost": 239391.02,
                                                                                "Plan Rows": 4219102,
                                                                                "Plan Width": 12,
                                                                                "Actual Startup Time": 0.004,
                                                                                "Actual Total Time": 485.544,
                                                                                "Actual Rows": 10548651,
                                                                                "Actual Loops": 2,
                                                                                "Workers": []
                                                                            },
                                                                            {
                                                                                "Node Type": "Hash",
                                                                                "Parent Relationship": "Inner",
                                                                                "Parallel Aware": true,
                                                                                "Async Capable": false,
                                                                                "Startup Cost": 2412957.79,
                                                                                "Total Cost": 2412957.79,
                                                                                "Plan Rows": 697,
                                                                                "Plan Width": 39,
                                                                                "Actual Startup Time": 6469.453,
                                                                                "Actual Total Time": 6469.459,
                                                                                "Actual Rows": 186247,
                                                                                "Actual Loops": 2,
                                                                                "Hash Buckets": 524288,
                                                                                "Original Hash Buckets": 4096,
                                                                                "Hash Batches": 1,
                                                                                "Original Hash Batches": 1,
                                                                                "Peak Memory Usage": 35840,
                                                                                "Workers": [],
                                                                                "Plans": [
                                                                                    {
                                                                                        "Node Type": "Hash Join",
                                                                                        "Parent Relationship": "Outer",
                                                                                        "Parallel Aware": true,
                                                                                        "Async Capable": false,
                                                                                        "Join Type": "Inner",
                                                                                        "Startup Cost": 2260501.6,
                                                                                        "Total Cost": 2412957.79,
                                                                                        "Plan Rows": 697,
                                                                                        "Plan Width": 39,
                                                                                        "Actual Startup Time": 5543.149,
                                                                                        "Actual Total Time": 6434.968,
                                                                                        "Actual Rows": 186247,
                                                                                        "Actual Loops": 2,
                                                                                        "Inner Unique": false,
                                                                                        "Hash Cond": "(account.id = u2.account_id)",
                                                                                        "Workers": [],
                                                                                        "Plans": [
                                                                                            {
                                                                                                "Node Type": "Seq Scan",
                                                                                                "Parent Relationship": "Outer",
                                                                                                "Parallel Aware": true,
                                                                                                "Async Capable": false,
                                                                                                "Relation Name": "account",
                                                                                                "Alias": "account",
                                                                                                "Startup Cost": 0.0,
                                                                                                "Total Cost": 142069.67,
                                                                                                "Plan Rows": 2769367,
                                                                                                "Plan Width": 15,
                                                                                                "Actual Startup Time": 0.018,
                                                                                                "Actual Total Time": 396.374,
                                                                                                "Actual Rows": 6936076,
                                                                                                "Actual Loops": 2,
                                                                                                "Workers": []
                                                                                            },
                                                                                            {
                                                                                                "Node Type": "Hash",
                                                                                                "Parent Relationship": "Inner",
                                                                                                "Parallel Aware": true,
                                                                                                "Async Capable": false,
                                                                                                "Startup Cost": 2260492.89,
                                                                                                "Total Cost": 2260492.89,
                                                                                                "Plan Rows": 697,
                                                                                                "Plan Width": 24,
                                                                                                "Actual Startup Time": 5512.885,
                                                                                                "Actual Total Time": 5512.889,
                                                                                                "Actual Rows": 186247,
                                                                                                "Actual Loops": 2,
                                                                                                "Hash Buckets": 524288,
                                                                                                "Original Hash Buckets": 4096,
                                                                                                "Hash Batches": 1,
                                                                                                "Original Hash Batches": 1,
                                                                                                "Peak Memory Usage": 28608,
                                                                                                "Workers": [],
                                                                                                "Plans": [
                                                                                                    {
                                                                                                        "Node Type": "Hash Join",
                                                                                                        "Parent Relationship": "Outer",
                                                                                                        "Parallel Aware": true,
                                                                                                        "Async Capable": false,
                                                                                                        "Join Type": "Inner",
                                                                                                        "Startup Cost": 1989458.5,
                                                                                                        "Total Cost": 2260492.89,
                                                                                                        "Plan Rows": 697,
                                                                                                        "Plan Width": 24,
                                                                                                        "Actual Startup Time": 3890.642,
                                                                                                        "Actual Total Time": 5487.691,
                                                                                                        "Actual Rows": 186247,
                                                                                                        "Actual Loops": 2,
                                                                                                        "Inner Unique": false,
                                                                                                        "Hash Cond": "((u2.site_id = s2.site_id) AND (u2.id = q2.owner_user_id))",
                                                                                                        "Workers": [],
                                                                                                        "Plans": [
                                                                                                            {
                                                                                                                "Node Type": "Seq Scan",
                                                                                                                "Parent Relationship": "Outer",
                                                                                                                "Parallel Aware": true,
                                                                                                                "Async Capable": false,
                                                                                                                "Relation Name": "so_user",
                                                                                                                "Alias": "u2",
                                                                                                                "Startup Cost": 0.0,
                                                                                                                "Total Cost": 239391.02,
                                                                                                                "Plan Rows": 4219102,
                                                                                                                "Plan Width": 12,
                                                                                                                "Actual Startup Time": 0.004,
                                                                                                                "Actual Total Time": 523.321,
                                                                                                                "Actual Rows": 10548651,
                                                                                                                "Actual Loops": 2,
                                                                                                                "Workers": []
                                                                                                            },
                                                                                                            {
                                                                                                                "Node Type": "Hash",
                                                                                                                "Parent Relationship": "Inner",
                                                                                                                "Parallel Aware": true,
                                                                                                                "Async Capable": false,
                                                                                                                "Startup Cost": 1989451.03,
                                                                                                                "Total Cost": 1989451.03,
                                                                                                                "Plan Rows": 498,
                                                                                                                "Plan Width": 20,
                                                                                                                "Actual Startup Time": 3859.439,
                                                                                                                "Actual Total Time": 3859.442,
                                                                                                                "Actual Rows": 186247,
                                                                                                                "Actual Loops": 2,
                                                                                                                "Hash Buckets": 524288,
                                                                                                                "Original Hash Buckets": 4096,
                                                                                                                "Hash Batches": 1,
                                                                                                                "Original Hash Batches": 1,
                                                                                                                "Peak Memory Usage": 28608,
                                                                                                                "Workers": [],
                                                                                                                "Plans": [
                                                                                                                    {
                                                                                                                        "Node Type": "Hash Join",
                                                                                                                        "Parent Relationship": "Outer",
                                                                                                                        "Parallel Aware": true,
                                                                                                                        "Async Capable": false,
                                                                                                                        "Join Type": "Inner",
                                                                                                                        "Startup Cost": 293640.82,
                                                                                                                        "Total Cost": 1989451.03,
                                                                                                                        "Plan Rows": 498,
                                                                                                                        "Plan Width": 20,
                                                                                                                        "Actual Startup Time": 2109.397,
                                                                                                                        "Actual Total Time": 3828.488,
                                                                                                                        "Actual Rows": 186247,
                                                                                                                        "Actual Loops": 2,
                                                                                                                        "Inner Unique": false,
                                                                                                                        "Hash Cond": "((q2.site_id = s2.site_id) AND (q2.id = tq2.question_id))",
                                                                                                                        "Workers": [],
                                                                                                                        "Plans": [
                                                                                                                            {
                                                                                                                                "Node Type": "Seq Scan",
                                                                                                                                "Parent Relationship": "Outer",
                                                                                                                                "Parallel Aware": true,
                                                                                                                                "Async Capable": false,
                                                                                                                                "Relation Name": "question",
                                                                                                                                "Alias": "q2",
                                                                                                                                "Startup Cost": 0.0,
                                                                                                                                "Total Cost": 1682252.12,
                                                                                                                                "Plan Rows": 1807612,
                                                                                                                                "Plan Width": 12,
                                                                                                                                "Actual Startup Time": 0.018,
                                                                                                                                "Actual Total Time": 1512.064,
                                                                                                                                "Actual Rows": 6333220,
                                                                                                                                "Actual Loops": 2,
                                                                                                                                "Workers": []
                                                                                                                            },
                                                                                                                            {
                                                                                                                                "Node Type": "Hash",
                                                                                                                                "Parent Relationship": "Inner",
                                                                                                                                "Parallel Aware": true,
                                                                                                                                "Async Capable": false,
                                                                                                                                "Startup Cost": 293001.22,
                                                                                                                                "Total Cost": 293001.22,
                                                                                                                                "Plan Rows": 42640,
                                                                                                                                "Plan Width": 16,
                                                                                                                                "Actual Startup Time": 1396.872,
                                                                                                                                "Actual Total Time": 1396.873,
                                                                                                                                "Actual Rows": 186247,
                                                                                                                                "Actual Loops": 2,
                                                                                                                                "Hash Buckets": 524288,
                                                                                                                                "Original Hash Buckets": 262144,
                                                                                                                                "Hash Batches": 1,
                                                                                                                                "Original Hash Batches": 1,
                                                                                                                                "Peak Memory Usage": 23648,
                                                                                                                                "Workers": [],
                                                                                                                                "Plans": [
                                                                                                                                    {
                                                                                                                                        "Node Type": "Hash Join",
                                                                                                                                        "Parent Relationship": "Outer",
                                                                                                                                        "Parallel Aware": false,
                                                                                                                                        "Async Capable": false,
                                                                                                                                        "Join Type": "Inner",
                                                                                                                                        "Startup Cost": 3.18,
                                                                                                                                        "Total Cost": 293001.22,
                                                                                                                                        "Plan Rows": 42640,
                                                                                                                                        "Plan Width": 16,
                                                                                                                                        "Actual Startup Time": 163.664,
                                                                                                                                        "Actual Total Time": 1370.938,
                                                                                                                                        "Actual Rows": 186247,
                                                                                                                                        "Actual Loops": 2,
                                                                                                                                        "Inner Unique": true,
                                                                                                                                        "Hash Cond": "(tq2.site_id = s2.site_id)",
                                                                                                                                        "Workers": [],
                                                                                                                                        "Plans": [
                                                                                                                                            {
                                                                                                                                                "Node Type": "Seq Scan",
                                                                                                                                                "Parent Relationship": "Outer",
                                                                                                                                                "Parallel Aware": true,
                                                                                                                                                "Async Capable": false,
                                                                                                                                                "Relation Name": "tag_question",
                                                                                                                                                "Alias": "tq2",
                                                                                                                                                "Startup Cost": 0.0,
                                                                                                                                                "Total Cost": 273159.66,
                                                                                                                                                "Plan Rows": 7376766,
                                                                                                                                                "Plan Width": 12,
                                                                                                                                                "Actual Startup Time": 0.006,
                                                                                                                                                "Actual Total Time": 731.073,
                                                                                                                                                "Actual Rows": 18441910,
                                                                                                                                                "Actual Loops": 2,
                                                                                                                                                "Workers": []
                                                                                                                                            },
                                                                                                                                            {
                                                                                                                                                "Node Type": "Hash",
                                                                                                                                                "Parent Relationship": "Inner",
                                                                                                                                                "Parallel Aware": false,
                                                                                                                                                "Async Capable": false,
                                                                                                                                                "Startup Cost": 3.16,
                                                                                                                                                "Total Cost": 3.16,
                                                                                                                                                "Plan Rows": 1,
                                                                                                                                                "Plan Width": 4,
                                                                                                                                                "Actual Startup Time": 0.015,
                                                                                                                                                "Actual Total Time": 0.016,
                                                                                                                                                "Actual Rows": 1,
                                                                                                                                                "Actual Loops": 2,
                                                                                                                                                "Hash Buckets": 1024,
                                                                                                                                                "Original Hash Buckets": 1024,
                                                                                                                                                "Hash Batches": 1,
                                                                                                                                                "Original Hash Batches": 1,
                                                                                                                                                "Peak Memory Usage": 9,
                                                                                                                                                "Workers": [],
                                                                                                                                                "Plans": [
                                                                                                                                                    {
                                                                                                                                                        "Node Type": "Seq Scan",
                                                                                                                                                        "Parent Relationship": "Outer",
                                                                                                                                                        "Parallel Aware": false,
                                                                                                                                                        "Async Capable": false,
                                                                                                                                                        "Relation Name": "site",
                                                                                                                                                        "Alias": "s2",
                                                                                                                                                        "Startup Cost": 0.0,
                                                                                                                                                        "Total Cost": 3.16,
                                                                                                                                                        "Plan Rows": 1,
                                                                                                                                                        "Plan Width": 4,
                                                                                                                                                        "Actual Startup Time": 0.012,
                                                                                                                                                        "Actual Total Time": 0.014,
                                                                                                                                                        "Actual Rows": 1,
                                                                                                                                                        "Actual Loops": 2,
                                                                                                                                                        "Filter": "((site_name)::text = 'ru'::text)",
                                                                                                                                                        "Rows Removed by Filter": 172,
                                                                                                                                                        "Workers": []
                                                                                                                                                    }
                                                                                                                                                ]
                                                                                                                                            }
                                                                                                                                        ]
                                                                                                                                    }
                                                                                                                                ]
                                                                                                                            }
                                                                                                                        ]
                                                                                                                    }
                                                                                                                ]
                                                                                                            }
                                                                                                        ]
                                                                                                    }
                                                                                                ]
                                                                                            }
                                                                                        ]
                                                                                    }
                                                                                ]
                                                                            }
                                                                        ]
                                                                    },
                                                                    {
                                                                        "Node Type": "Hash",
                                                                        "Parent Relationship": "Inner",
                                                                        "Parallel Aware": true,
                                                                        "Async Capable": false,
                                                                        "Startup Cost": 1323187.89,
                                                                        "Total Cost": 1323187.89,
                                                                        "Plan Rows": 1,
                                                                        "Plan Width": 24,
                                                                        "Actual Startup Time": 5613.752,
                                                                        "Actual Total Time": 5613.757,
                                                                        "Actual Rows": 4062,
                                                                        "Actual Loops": 2,
                                                                        "Hash Buckets": 8192,
                                                                        "Original Hash Buckets": 1024,
                                                                        "Hash Batches": 1,
                                                                        "Original Hash Batches": 1,
                                                                        "Peak Memory Usage": 600,
                                                                        "Workers": [],
                                                                        "Plans": [
                                                                            {
                                                                                "Node Type": "Hash Join",
                                                                                "Parent Relationship": "Outer",
                                                                                "Parallel Aware": true,
                                                                                "Async Capable": false,
                                                                                "Join Type": "Inner",
                                                                                "Startup Cost": 1083844.59,
                                                                                "Total Cost": 1323187.89,
                                                                                "Plan Rows": 1,
                                                                                "Plan Width": 24,
                                                                                "Actual Startup Time": 4720.467,
                                                                                "Actual Total Time": 5586.284,
                                                                                "Actual Rows": 4062,
                                                                                "Actual Loops": 2,
                                                                                "Inner Unique": false,
                                                                                "Hash Cond": "((q1.site_id = t1.site_id) AND (q1.id = tq1.question_id))",
                                                                                "Workers": [],
                                                                                "Plans": [
                                                                                    {
                                                                                        "Node Type": "Index Only Scan",
                                                                                        "Parent Relationship": "Outer",
                                                                                        "Parallel Aware": true,
                                                                                        "Async Capable": false,
                                                                                        "Scan Direction": "Forward",
                                                                                        "Index Name": "question_pkey",
                                                                                        "Relation Name": "question",
                                                                                        "Alias": "q1",
                                                                                        "Startup Cost": 0.43,
                                                                                        "Total Cost": 223527.11,
                                                                                        "Plan Rows": 2108881,
                                                                                        "Plan Width": 8,
                                                                                        "Actual Startup Time": 0.018,
                                                                                        "Actual Total Time": 525.142,
                                                                                        "Actual Rows": 6333220,
                                                                                        "Actual Loops": 2,
                                                                                        "Heap Fetches": 0,
                                                                                        "Workers": []
                                                                                    },
                                                                                    {
                                                                                        "Node Type": "Hash",
                                                                                        "Parent Relationship": "Inner",
                                                                                        "Parallel Aware": true,
                                                                                        "Async Capable": false,
                                                                                        "Startup Cost": 1083844.14,
                                                                                        "Total Cost": 1083844.14,
                                                                                        "Plan Rows": 1,
                                                                                        "Plan Width": 28,
                                                                                        "Actual Startup Time": 4707.059,
                                                                                        "Actual Total Time": 4707.063,
                                                                                        "Actual Rows": 4062,
                                                                                        "Actual Loops": 2,
                                                                                        "Hash Buckets": 8192,
                                                                                        "Original Hash Buckets": 1024,
                                                                                        "Hash Batches": 1,
                                                                                        "Original Hash Batches": 1,
                                                                                        "Peak Memory Usage": 632,
                                                                                        "Workers": [],
                                                                                        "Plans": [
                                                                                            {
                                                                                                "Node Type": "Merge Join",
                                                                                                "Parent Relationship": "Outer",
                                                                                                "Parallel Aware": false,
                                                                                                "Async Capable": false,
                                                                                                "Join Type": "Inner",
                                                                                                "Startup Cost": 1083843.83,
                                                                                                "Total Cost": 1083844.14,
                                                                                                "Plan Rows": 1,
                                                                                                "Plan Width": 28,
                                                                                                "Actual Startup Time": 4706.069,
                                                                                                "Actual Total Time": 4706.488,
                                                                                                "Actual Rows": 4062,
                                                                                                "Actual Loops": 2,
                                                                                                "Inner Unique": true,
                                                                                                "Merge Cond": "(t1.site_id = s1.site_id)",
                                                                                                "Workers": [],
                                                                                                "Plans": [
                                                                                                    {
                                                                                                        "Node Type": "Sort",
                                                                                                        "Parent Relationship": "Outer",
                                                                                                        "Parallel Aware": false,
                                                                                                        "Async Capable": false,
                                                                                                        "Startup Cost": 1083840.65,
                                                                                                        "Total Cost": 1083840.8,
                                                                                                        "Plan Rows": 60,
                                                                                                        "Plan Width": 24,
                                                                                                        "Actual Startup Time": 4706.033,
                                                                                                        "Actual Total Time": 4706.132,
                                                                                                        "Actual Rows": 4064,
                                                                                                        "Actual Loops": 2,
                                                                                                        "Sort Key": [
                                                                                                            "tq1.site_id"
                                                                                                        ],
                                                                                                        "Sort Method": "quicksort",
                                                                                                        "Sort Space Used": 287,
                                                                                                        "Sort Space Type": "Memory",
                                                                                                        "Workers": [
                                                                                                            {
                                                                                                                "Worker Number": 0,
                                                                                                                "Sort Method": "quicksort",
                                                                                                                "Sort Space Used": 288,
                                                                                                                "Sort Space Type": "Memory"
                                                                                                            }
                                                                                                        ],
                                                                                                        "Plans": [
                                                                                                            {
                                                                                                                "Node Type": "Hash Join",
                                                                                                                "Parent Relationship": "Outer",
                                                                                                                "Parallel Aware": true,
                                                                                                                "Async Capable": false,
                                                                                                                "Join Type": "Inner",
                                                                                                                "Startup Cost": 314464.9,
                                                                                                                "Total Cost": 1083838.88,
                                                                                                                "Plan Rows": 60,
                                                                                                                "Plan Width": 24,
                                                                                                                "Actual Startup Time": 2386.454,
                                                                                                                "Actual Total Time": 4705.242,
                                                                                                                "Actual Rows": 4066,
                                                                                                                "Actual Loops": 2,
                                                                                                                "Inner Unique": false,
                                                                                                                "Hash Cond": "((a1.site_id = t1.site_id) AND (a1.question_id = tq1.question_id))",
                                                                                                                "Workers": [],
                                                                                                                "Plans": [
                                                                                                                    {
                                                                                                                        "Node Type": "Seq Scan",
                                                                                                                        "Parent Relationship": "Outer",
                                                                                                                        "Parallel Aware": true,
                                                                                                                        "Async Capable": false,
                                                                                                                        "Relation Name": "answer",
                                                                                                                        "Alias": "a1",
                                                                                                                        "Startup Cost": 0.0,
                                                                                                                        "Total Cost": 762572.49,
                                                                                                                        "Plan Rows": 906849,
                                                                                                                        "Plan Width": 12,
                                                                                                                        "Actual Startup Time": 1.222,
                                                                                                                        "Actual Total Time": 2604.738,
                                                                                                                        "Actual Rows": 3173776,
                                                                                                                        "Actual Loops": 2,
                                                                                                                        "Workers": []
                                                                                                                    },
                                                                                                                    {
                                                                                                                        "Node Type": "Hash",
                                                                                                                        "Parent Relationship": "Inner",
                                                                                                                        "Parallel Aware": true,
                                                                                                                        "Async Capable": false,
                                                                                                                        "Startup Cost": 314463.13,
                                                                                                                        "Total Cost": 314463.13,
                                                                                                                        "Plan Rows": 118,
                                                                                                                        "Plan Width": 12,
                                                                                                                        "Actual Startup Time": 1822.517,
                                                                                                                        "Actual Total Time": 1822.519,
                                                                                                                        "Actual Rows": 6035,
                                                                                                                        "Actual Loops": 2,
                                                                                                                        "Hash Buckets": 16384,
                                                                                                                        "Original Hash Buckets": 1024,
                                                                                                                        "Hash Batches": 1,
                                                                                                                        "Original Hash Batches": 1,
                                                                                                                        "Peak Memory Usage": 824,
                                                                                                                        "Workers": [],
                                                                                                                        "Plans": [
                                                                                                                            {
                                                                                                                                "Node Type": "Hash Join",
                                                                                                                                "Parent Relationship": "Outer",
                                                                                                                                "Parallel Aware": true,
                                                                                                                                "Async Capable": false,
                                                                                                                                "Join Type": "Inner",
                                                                                                                                "Startup Cost": 2573.34,
                                                                                                                                "Total Cost": 314463.13,
                                                                                                                                "Plan Rows": 118,
                                                                                                                                "Plan Width": 12,
                                                                                                                                "Actual Startup Time": 242.663,
                                                                                                                                "Actual Total Time": 1738.562,
                                                                                                                                "Actual Rows": 6035,
                                                                                                                                "Actual Loops": 2,
                                                                                                                                "Inner Unique": true,
                                                                                                                                "Hash Cond": "((tq1.site_id = t1.site_id) AND (tq1.tag_id = t1.id))",
                                                                                                                                "Workers": [],
                                                                                                                                "Plans": [
                                                                                                                                    {
                                                                                                                                        "Node Type": "Seq Scan",
                                                                                                                                        "Parent Relationship": "Outer",
                                                                                                                                        "Parallel Aware": true,
                                                                                                                                        "Async Capable": false,
                                                                                                                                        "Relation Name": "tag_question",
                                                                                                                                        "Alias": "tq1",
                                                                                                                                        "Startup Cost": 0.0,
                                                                                                                                        "Total Cost": 273159.66,
                                                                                                                                        "Plan Rows": 7376766,
                                                                                                                                        "Plan Width": 12,
                                                                                                                                        "Actual Startup Time": 0.02,
                                                                                                                                        "Actual Total Time": 955.955,
                                                                                                                                        "Actual Rows": 18441910,
                                                                                                                                        "Actual Loops": 2,
                                                                                                                                        "Workers": []
                                                                                                                                    },
                                                                                                                                    {
                                                                                                                                        "Node Type": "Hash",
                                                                                                                                        "Parent Relationship": "Inner",
                                                                                                                                        "Parallel Aware": true,
                                                                                                                                        "Async Capable": false,
                                                                                                                                        "Startup Cost": 2573.31,
                                                                                                                                        "Total Cost": 2573.31,
                                                                                                                                        "Plan Rows": 2,
                                                                                                                                        "Plan Width": 8,
                                                                                                                                        "Actual Startup Time": 4.482,
                                                                                                                                        "Actual Total Time": 4.483,
                                                                                                                                        "Actual Rows": 2,
                                                                                                                                        "Actual Loops": 2,
                                                                                                                                        "Hash Buckets": 1024,
                                                                                                                                        "Original Hash Buckets": 1024,
                                                                                                                                        "Hash Batches": 1,
                                                                                                                                        "Original Hash Batches": 1,
                                                                                                                                        "Peak Memory Usage": 40,
                                                                                                                                        "Workers": [],
                                                                                                                                        "Plans": [
                                                                                                                                            {
                                                                                                                                                "Node Type": "Seq Scan",
                                                                                                                                                "Parent Relationship": "Outer",
                                                                                                                                                "Parallel Aware": true,
                                                                                                                                                "Async Capable": false,
                                                                                                                                                "Relation Name": "tag",
                                                                                                                                                "Alias": "t1",
                                                                                                                                                "Startup Cost": 0.0,
                                                                                                                                                "Total Cost": 2573.31,
                                                                                                                                                "Plan Rows": 2,
                                                                                                                                                "Plan Width": 8,
                                                                                                                                                "Actual Startup Time": 2.468,
                                                                                                                                                "Actual Total Time": 4.478,
                                                                                                                                                "Actual Rows": 2,
                                                                                                                                                "Actual Loops": 2,
                                                                                                                                                "Filter": "((name)::text = 'file-io'::text)",
                                                                                                                                                "Rows Removed by Filter": 93384,
                                                                                                                                                "Workers": []
                                                                                                                                            }
                                                                                                                                        ]
                                                                                                                                    }
                                                                                                                                ]
                                                                                                                            }
                                                                                                                        ]
                                                                                                                    }
                                                                                                                ]
                                                                                                            }
                                                                                                        ]
                                                                                                    },
                                                                                                    {
                                                                                                        "Node Type": "Sort",
                                                                                                        "Parent Relationship": "Inner",
                                                                                                        "Parallel Aware": false,
                                                                                                        "Async Capable": false,
                                                                                                        "Startup Cost": 3.17,
                                                                                                        "Total Cost": 3.18,
                                                                                                        "Plan Rows": 1,
                                                                                                        "Plan Width": 4,
                                                                                                        "Actual Startup Time": 0.031,
                                                                                                        "Actual Total Time": 0.032,
                                                                                                        "Actual Rows": 1,
                                                                                                        "Actual Loops": 2,
                                                                                                        "Sort Key": [
                                                                                                            "s1.site_id"
                                                                                                        ],
                                                                                                        "Sort Method": "quicksort",
                                                                                                        "Sort Space Used": 25,
                                                                                                        "Sort Space Type": "Memory",
                                                                                                        "Workers": [
                                                                                                            {
                                                                                                                "Worker Number": 0,
                                                                                                                "Sort Method": "quicksort",
                                                                                                                "Sort Space Used": 25,
                                                                                                                "Sort Space Type": "Memory"
                                                                                                            }
                                                                                                        ],
                                                                                                        "Plans": [
                                                                                                            {
                                                                                                                "Node Type": "Seq Scan",
                                                                                                                "Parent Relationship": "Outer",
                                                                                                                "Parallel Aware": false,
                                                                                                                "Async Capable": false,
                                                                                                                "Relation Name": "site",
                                                                                                                "Alias": "s1",
                                                                                                                "Startup Cost": 0.0,
                                                                                                                "Total Cost": 3.16,
                                                                                                                "Plan Rows": 1,
                                                                                                                "Plan Width": 4,
                                                                                                                "Actual Startup Time": 0.024,
                                                                                                                "Actual Total Time": 0.025,
                                                                                                                "Actual Rows": 1,
                                                                                                                "Actual Loops": 2,
                                                                                                                "Filter": "((site_name)::text = 'stackoverflow'::text)",
                                                                                                                "Rows Removed by Filter": 172,
                                                                                                                "Workers": []
                                                                                                            }
                                                                                                        ]
                                                                                                    }
                                                                                                ]
                                                                                            }
                                                                                        ]
                                                                                    }
                                                                                ]
                                                                            }
                                                                        ]
                                                                    }
                                                                ]
                                                            }
                                                        ]
                                                    }
                                                ]
                                            }
                                        ]
                                    }
                                ]
                            }
                        ]
                    },
                    "Planning Time": 91.425,
                    "Triggers": [],
                    "Execution Time": 13546.869
                }
            ],
            "hints": [
                "SET enable_hashjoin TO on",
                "SET enable_indexonlyscan TO on",
                "SET enable_indexscan TO on",
                "SET enable_mergejoin TO on",
                "SET enable_nestloop TO off",
                "SET enable_seqscan TO on"
            ]
        },
        {
            "arm": 2,
            "execution_time": 451.875,
            "plan": [
                {
                    "Plan": {
                        "Node Type": "Aggregate",
                        "Strategy": "Plain",
                        "Partial Mode": "Simple",
                        "Parallel Aware": false,
                        "Async Capable": false,
                        "Startup Cost": 258285.19,
                        "Total Cost": 258285.2,
                        "Plan Rows": 1,
                        "Plan Width": 8,
                        "Actual Startup Time": 451.621,
                        "Actual Total Time": 451.801,
                        "Actual Rows": 1,
                        "Actual Loops": 1,
                        "Plans": [
                            {
                                "Node Type": "Sort",
                                "Parent Relationship": "Outer",
                                "Parallel Aware": false,
                                "Async Capable": false,
                                "Startup Cost": 258285.19,
                                "Total Cost": 258285.19,
                                "Plan Rows": 1,
                                "Plan Width": 11,
                                "Actual Startup Time": 451.611,
                                "Actual Total Time": 451.791,
                                "Actual Rows": 13,
                                "Actual Loops": 1,
                                "Sort Key": [
                                    "account.display_name"
                                ],
                                "Sort Method": "quicksort",
                                "Sort Space Used": 25,
                                "Sort Space Type": "Memory",
                                "Plans": [
                                    {
                                        "Node Type": "Nested Loop",
                                        "Parent Relationship": "Outer",
                                        "Parallel Aware": false,
                                        "Async Capable": false,
                                        "Join Type": "Inner",
                                        "Startup Cost": 6411.04,
                                        "Total Cost": 258285.18,
                                        "Plan Rows": 1,
                                        "Plan Width": 11,
                                        "Actual Startup Time": 447.105,
                                        "Actual Total Time": 451.778,
                                        "Actual Rows": 13,
                                        "Actual Loops": 1,
                                        "Inner Unique": true,
                                        "Plans": [
                                            {
                                                "Node Type": "Nested Loop",
                                                "Parent Relationship": "Outer",
                                                "Parallel Aware": false,
                                                "Async Capable": false,
                                                "Join Type": "Inner",
                                                "Startup Cost": 6407.02,
                                                "Total Cost": 258277.14,
                                                "Plan Rows": 1,
                                                "Plan Width": 8,
                                                "Actual Startup Time": 447.095,
                                                "Actual Total Time": 451.732,
                                                "Actual Rows": 13,
                                                "Actual Loops": 1,
                                                "Inner Unique": true,
                                                "Join Filter": "((t2.site_id = tq2.site_id) AND (t2.id = tq2.tag_id))",
                                                "Rows Removed by Join Filter": 455,
                                                "Plans": [
                                                    {
                                                        "Node Type": "Nested Loop",
                                                        "Parent Relationship": "Outer",
                                                        "Parallel Aware": false,
                                                        "Async Capable": false,
                                                        "Join Type": "Inner",
                                                        "Startup Cost": 6402.85,
                                                        "Total Cost": 258268.94,
                                                        "Plan Rows": 1,
                                                        "Plan Width": 32,
                                                        "Actual Startup Time": 447.083,
                                                        "Actual Total Time": 449.829,
                                                        "Actual Rows": 171,
                                                        "Actual Loops": 1,
                                                        "Inner Unique": true,
                                                        "Join Filter": "(t1.site_id = q1.site_id)",
                                                        "Rows Removed by Join Filter": 0,
                                                        "Plans": [
                                                            {
                                                                "Node Type": "Nested Loop",
                                                                "Parent Relationship": "Outer",
                                                                "Parallel Aware": false,
                                                                "Async Capable": false,
                                                                "Join Type": "Inner",
                                                                "Startup Cost": 6398.82,
                                                                "Total Cost": 258260.89,
                                                                "Plan Rows": 1,
                                                                "Plan Width": 60,
                                                                "Actual Startup Time": 447.07,
                                                                "Actual Total Time": 449.36,
                                                                "Actual Rows": 171,
                                                                "Actual Loops": 1,
                                                                "Inner Unique": false,
                                                                "Join Filter": "(t2.site_id = q2.site_id)",
                                                                "Rows Removed by Join Filter": 0,
                                                                "Plans": [
                                                                    {
                                                                        "Node Type": "Gather",
                                                                        "Parent Relationship": "Outer",
                                                                        "Parallel Aware": false,
                                                                        "Async Capable": false,
                                                                        "Startup Cost": 6394.57,
                                                                        "Total Cost": 258144.5,
                                                                        "Plan Rows": 1,
                                                                        "Plan Width": 56,
                                                                        "Actual Startup Time": 94.726,
                                                                        "Actual Total Time": 446.961,
                                                                        "Actual Rows": 217,
                                                                        "Actual Loops": 1,
                                                                        "Workers Planned": 5,
                                                                        "Workers Launched": 5,
                                                                        "Single Copy": false,
                                                                        "Plans": [
                                                                            {
                                                                                "Node Type": "Hash Join",
                                                                                "Parent Relationship": "Outer",
                                                                                "Parallel Aware": true,
                                                                                "Async Capable": false,
                                                                                "Join Type": "Inner",
                                                                                "Startup Cost": 5394.57,
                                                                                "Total Cost": 257144.4,
                                                                                "Plan Rows": 1,
                                                                                "Plan Width": 56,
                                                                                "Actual Startup Time": 89.578,
                                                                                "Actual Total Time": 443.738,
                                                                                "Actual Rows": 36,
                                                                                "Actual Loops": 6,
                                                                                "Inner Unique": false,
                                                                                "Hash Cond": "(u2.account_id = u1.account_id)",
                                                                                "Workers": [],
                                                                                "Plans": [
                                                                                    {
                                                                                        "Node Type": "Hash Join",
                                                                                        "Parent Relationship": "Outer",
                                                                                        "Parallel Aware": true,
                                                                                        "Async Capable": false,
                                                                                        "Join Type": "Inner",
                                                                                        "Startup Cost": 2576.85,
                                                                                        "Total Cost": 254300.24,
                                                                                        "Plan Rows": 7048,
                                                                                        "Plan Width": 24,
                                                                                        "Actual Startup Time": 9.818,
                                                                                        "Actual Total Time": 362.92,
                                                                                        "Actual Rows": 27666,
                                                                                        "Actual Loops": 6,
                                                                                        "Inner Unique": false,
                                                                                        "Hash Cond": "(s2.site_id = t2.site_id)",
                                                                                        "Workers": [],
                                                                                        "Plans": [
                                                                                            {
                                                                                                "Node Type": "Hash Join",
                                                                                                "Parent Relationship": "Outer",
                                                                                                "Parallel Aware": false,
                                                                                                "Async Capable": false,
                                                                                                "Join Type": "Inner",
                                                                                                "Startup Cost": 3.18,
                                                                                                "Total Cost": 250740.65,
                                                                                                "Plan Rows": 24388,
                                                                                                "Plan Width": 16,
                                                                                                "Actual Startup Time": 7.46,
                                                                                                "Actual Total Time": 357.492,
                                                                                                "Actual Rows": 27666,
                                                                                                "Actual Loops": 6,
                                                                                                "Inner Unique": true,
                                                                                                "Hash Cond": "(u2.site_id = s2.site_id)",
                                                                                                "Workers": [],
                                                                                                "Plans": [
                                                                                                    {
                                                                                                        "Node Type": "Seq Scan",
                                                                                                        "Parent Relationship": "Outer",
                                                                                                        "Parallel Aware": true,
                                                                                                        "Async Capable": false,
                                                                                                        "Relation Name": "so_user",
                                                                                                        "Alias": "u2",
                                                                                                        "Startup Cost": 0.0,
                                                                                                        "Total Cost": 239391.02,
                                                                                                        "Plan Rows": 4219102,
                                                                                                        "Plan Width": 12,
                                                                                                        "Actual Startup Time": 0.033,
                                                                                                        "Actual Total Time": 192.382,
                                                                                                        "Actual Rows": 3516217,
                                                                                                        "Actual Loops": 6,
                                                                                                        "Workers": []
                                                                                                    },
                                                                                                    {
                                                                                                        "Node Type": "Hash",
                                                                                                        "Parent Relationship": "Inner",
                                                                                                        "Parallel Aware": false,
                                                                                                        "Async Capable": false,
                                                                                                        "Startup Cost": 3.16,
                                                                                                        "Total Cost": 3.16,
                                                                                                        "Plan Rows": 1,
                                                                                                        "Plan Width": 4,
                                                                                                        "Actual Startup Time": 0.032,
                                                                                                        "Actual Total Time": 0.033,
                                                                                                        "Actual Rows": 1,
                                                                                                        "Actual Loops": 6,
                                                                                                        "Hash Buckets": 1024,
                                                                                                        "Original Hash Buckets": 1024,
                                                                                                        "Hash Batches": 1,
                                                                                                        "Original Hash Batches": 1,
                                                                                                        "Peak Memory Usage": 9,
                                                                                                        "Workers": [],
                                                                                                        "Plans": [
                                                                                                            {
                                                                                                                "Node Type": "Seq Scan",
                                                                                                                "Parent Relationship": "Outer",
                                                                                                                "Parallel Aware": false,
                                                                                                                "Async Capable": false,
                                                                                                                "Relation Name": "site",
                                                                                                                "Alias": "s2",
                                                                                                                "Startup Cost": 0.0,
                                                                                                                "Total Cost": 3.16,
                                                                                                                "Plan Rows": 1,
                                                                                                                "Plan Width": 4,
                                                                                                                "Actual Startup Time": 0.027,
                                                                                                                "Actual Total Time": 0.029,
                                                                                                                "Actual Rows": 1,
                                                                                                                "Actual Loops": 6,
                                                                                                                "Filter": "((site_name)::text = 'ru'::text)",
                                                                                                                "Rows Removed by Filter": 172,
                                                                                                                "Workers": []
                                                                                                            }
                                                                                                        ]
                                                                                                    }
                                                                                                ]
                                                                                            },
                                                                                            {
                                                                                                "Node Type": "Hash",
                                                                                                "Parent Relationship": "Inner",
                                                                                                "Parallel Aware": true,
                                                                                                "Async Capable": false,
                                                                                                "Startup Cost": 2573.31,
                                                                                                "Total Cost": 2573.31,
                                                                                                "Plan Rows": 29,
                                                                                                "Plan Width": 8,
                                                                                                "Actual Startup Time": 2.324,
                                                                                                "Actual Total Time": 2.324,
                                                                                                "Actual Rows": 9,
                                                                                                "Actual Loops": 6,
                                                                                                "Hash Buckets": 1024,
                                                                                                "Original Hash Buckets": 1024,
                                                                                                "Hash Batches": 1,
                                                                                                "Original Hash Batches": 1,
                                                                                                "Peak Memory Usage": 200,
                                                                                                "Workers": [],
                                                                                                "Plans": [
                                                                                                    {
                                                                                                        "Node Type": "Seq Scan",
                                                                                                        "Parent Relationship": "Outer",
                                                                                                        "Parallel Aware": true,
                                                                                                        "Async Capable": false,
                                                                                                        "Relation Name": "tag",
                                                                                                        "Alias": "t2",
                                                                                                        "Startup Cost": 0.0,
                                                                                                        "Total Cost": 2573.31,
                                                                                                        "Plan Rows": 29,
                                                                                                        "Plan Width": 8,
                                                                                                        "Actual Startup Time": 0.147,
                                                                                                        "Actual Total Time": 2.275,
                                                                                                        "Actual Rows": 9,
                                                                                                        "Actual Loops": 6,
                                                                                                        "Filter": "((name)::text = 'javascript'::text)",
                                                                                                        "Rows Removed by Filter": 31120,
                                                                                                        "Workers": []
                                                                                                    }
                                                                                                ]
                                                                                            }
                                                                                        ]
                                                                                    },
                                                                                    {
                                                                                        "Node Type": "Hash",
                                                                                        "Parent Relationship": "Inner",
                                                                                        "Parallel Aware": true,
                                                                                        "Async Capable": false,
                                                                                        "Startup Cost": 2817.71,
                                                                                        "Total Cost": 2817.71,
                                                                                        "Plan Rows": 1,
                                                                                        "Plan Width": 32,
                                                                                        "Actual Startup Time": 78.804,
                                                                                        "Actual Total Time": 78.808,
                                                                                        "Actual Rows": 1354,
                                                                                        "Actual Loops": 6,
                                                                                        "Hash Buckets": 8192,
                                                                                        "Original Hash Buckets": 1024,
                                                                                        "Hash Batches": 1,
                                                                                        "Original Hash Batches": 1,
                                                                                        "Peak Memory Usage": 632,
                                                                                        "Workers": [],
                                                                                        "Plans": [
                                                                                            {
                                                                                                "Node Type": "Nested Loop",
                                                                                                "Parent Relationship": "Outer",
                                                                                                "Parallel Aware": false,
                                                                                                "Async Capable": false,
                                                                                                "Join Type": "Inner",
                                                                                                "Startup Cost": 16.11,
                                                                                                "Total Cost": 2817.71,
                                                                                                "Plan Rows": 1,
                                                                                                "Plan Width": 32,
                                                                                                "Actual Startup Time": 2.612,
                                                                                                "Actual Total Time": 14.86,
                                                                                                "Actual Rows": 1354,
                                                                                                "Actual Loops": 6,
                                                                                                "Inner Unique": true,
                                                                                                "Join Filter": "(t1.site_id = u1.site_id)",
                                                                                                "Rows Removed by Join Filter": 0,
                                                                                                "Workers": [],
                                                                                                "Plans": [
                                                                                                    {
                                                                                                        "Node Type": "Nested Loop",
                                                                                                        "Parent Relationship": "Outer",
                                                                                                        "Parallel Aware": false,
                                                                                                        "Async Capable": false,
                                                                                                        "Join Type": "Inner",
                                                                                                        "Startup Cost": 12.08,
                                                                                                        "Total Cost": 2809.65,
                                                                                                        "Plan Rows": 1,
                                                                                                        "Plan Width": 28,
                                                                                                        "Actual Startup Time": 2.611,
                                                                                                        "Actual Total Time": 10.248,
                                                                                                        "Actual Rows": 1354,
                                                                                                        "Actual Loops": 6,
                                                                                                        "Inner Unique": false,
                                                                                                        "Join Filter": "(t1.site_id = a1.site_id)",
                                                                                                        "Rows Removed by Join Filter": 0,
                                                                                                        "Workers": [],
                                                                                                        "Plans": [
                                                                                                            {
                                                                                                                "Node Type": "Nested Loop",
                                                                                                                "Parent Relationship": "Outer",
                                                                                                                "Parallel Aware": false,
                                                                                                                "Async Capable": false,
                                                                                                                "Join Type": "Inner",
                                                                                                                "Startup Cost": 8.06,
                                                                                                                "Total Cost": 2704.99,
                                                                                                                "Plan Rows": 13,
                                                                                                                "Plan Width": 16,
                                                                                                                "Actual Startup Time": 2.608,
                                                                                                                "Actual Total Time": 4.504,
                                                                                                                "Actual Rows": 2010,
                                                                                                                "Actual Loops": 6,
                                                                                                                "Inner Unique": false,
                                                                                                                "Workers": [],
                                                                                                                "Plans": [
                                                                                                                    {
                                                                                                                        "Node Type": "Hash Join",
                                                                                                                        "Parent Relationship": "Outer",
                                                                                                                        "Parallel Aware": false,
                                                                                                                        "Async Capable": false,
                                                                                                                        "Join Type": "Inner",
                                                                                                                        "Startup Cost": 3.18,
                                                                                                                        "Total Cost": 2576.49,
                                                                                                                        "Plan Rows": 1,
                                                                                                                        "Plan Width": 12,
                                                                                                                        "Actual Startup Time": 2.254,
                                                                                                                        "Actual Total Time": 2.256,
                                                                                                                        "Actual Rows": 0,
                                                                                                                        "Actual Loops": 6,
                                                                                                                        "Inner Unique": true,
                                                                                                                        "Hash Cond": "(t1.site_id = s1.site_id)",
                                                                                                                        "Workers": [],
                                                                                                                        "Plans": [
                                                                                                                            {
                                                                                                                                "Node Type": "Seq Scan",
                                                                                                                                "Parent Relationship": "Outer",
                                                                                                                                "Parallel Aware": true,
                                                                                                                                "Async Capable": false,
                                                                                                                                "Relation Name": "tag",
                                                                                                                                "Alias": "t1",
                                                                                                                                "Startup Cost": 0.0,
                                                                                                                                "Total Cost": 2573.31,
                                                                                                                                "Plan Rows": 2,
                                                                                                                                "Plan Width": 8,
                                                                                                                                "Actual Startup Time": 2.007,
                                                                                                                                "Actual Total Time": 2.243,
                                                                                                                                "Actual Rows": 0,
                                                                                                                                "Actual Loops": 6,
                                                                                                                                "Filter": "((name)::text = 'file-io'::text)",
                                                                                                                                "Rows Removed by Filter": 31128,
                                                                                                                                "Workers": []
                                                                                                                            },
                                                                                                                            {
                                                                                                                                "Node Type": "Hash",
                                                                                                                                "Parent Relationship": "Inner",
                                                                                                                                "Parallel Aware": false,
                                                                                                                                "Async Capable": false,
                                                                                                                                "Startup Cost": 3.16,
                                                                                                                                "Total Cost": 3.16,
                                                                                                                                "Plan Rows": 1,
                                                                                                                                "Plan Width": 4,
                                                                                                                                "Actual Startup Time": 0.022,
                                                                                                                                "Actual Total Time": 0.023,
                                                                                                                                "Actual Rows": 1,
                                                                                                                                "Actual Loops": 2,
                                                                                                                                "Hash Buckets": 1024,
                                                                                                                                "Original Hash Buckets": 1024,
                                                                                                                                "Hash Batches": 1,
                                                                                                                                "Original Hash Batches": 1,
                                                                                                                                "Peak Memory Usage": 9,
                                                                                                                                "Workers": [],
                                                                                                                                "Plans": [
                                                                                                                                    {
                                                                                                                                        "Node Type": "Seq Scan",
                                                                                                                                        "Parent Relationship": "Outer",
                                                                                                                                        "Parallel Aware": false,
                                                                                                                                        "Async Capable": false,
                                                                                                                                        "Relation Name": "site",
                                                                                                                                        "Alias": "s1",
                                                                                                                                        "Startup Cost": 0.0,
                                                                                                                                        "Total Cost": 3.16,
                                                                                                                                        "Plan Rows": 1,
                                                                                                                                        "Plan Width": 4,
                                                                                                                                        "Actual Startup Time": 0.016,
                                                                                                                                        "Actual Total Time": 0.018,
                                                                                                                                        "Actual Rows": 1,
                                                                                                                                        "Actual Loops": 2,
                                                                                                                                        "Filter": "((site_name)::text = 'stackoverflow'::text)",
                                                                                                                                        "Rows Removed by Filter": 172,
                                                                                                                                        "Workers": []
                                                                                                                                    }
                                                                                                                                ]
                                                                                                                            }
                                                                                                                        ]
                                                                                                                    },
                                                                                                                    {
                                                                                                                        "Node Type": "Bitmap Heap Scan",
                                                                                                                        "Parent Relationship": "Inner",
                                                                                                                        "Parallel Aware": false,
                                                                                                                        "Async Capable": false,
                                                                                                                        "Relation Name": "tag_question",
                                                                                                                        "Alias": "tq1",
                                                                                                                        "Startup Cost": 4.88,
                                                                                                                        "Total Cost": 128.19,
                                                                                                                        "Plan Rows": 31,
                                                                                                                        "Plan Width": 12,
                                                                                                                        "Actual Startup Time": 2.124,
                                                                                                                        "Actual Total Time": 12.558,
                                                                                                                        "Actual Rows": 12063,
                                                                                                                        "Actual Loops": 1,
                                                                                                                        "Recheck Cond": "((t1.site_id = site_id) AND (t1.id = tag_id))",
                                                                                                                        "Rows Removed by Index Recheck": 0,
                                                                                                                        "Exact Heap Blocks": 11351,
                                                                                                                        "Lossy Heap Blocks": 0,
                                                                                                                        "Workers": [],
                                                                                                                        "Plans": [
                                                                                                                            {
                                                                                                                                "Node Type": "Bitmap Index Scan",
                                                                                                                                "Parent Relationship": "Outer",
                                                                                                                                "Parallel Aware": false,
                                                                                                                                "Async Capable": false,
                                                                                                                                "Index Name": "tag_question_site_id_tag_id_question_id_idx",
                                                                                                                                "Startup Cost": 0.0,
                                                                                                                                "Total Cost": 4.88,
                                                                                                                                "Plan Rows": 31,
                                                                                                                                "Plan Width": 0,
                                                                                                                                "Actual Startup Time": 0.882,
                                                                                                                                "Actual Total Time": 0.882,
                                                                                                                                "Actual Rows": 12063,
                                                                                                                                "Actual Loops": 1,
                                                                                                                                "Index Cond": "((site_id = t1.site_id) AND (tag_id = t1.id))",
                                                                                                                                "Workers": []
                                                                                                                            }
                                                                                                                        ]
                                                                                                                    }
                                                                                                                ]
                                                                                                            },
                                                                                                            {
                                                                                                                "Node Type": "Bitmap Heap Scan",
                                                                                                                "Parent Relationship": "Inner",
                                                                                                                "Parallel Aware": false,
                                                                                                                "Async Capable": false,
                                                                                                                "Relation Name": "answer",
                                                                                                                "Alias": "a1",
                                                                                                                "Startup Cost": 4.02,
                                                                                                                "Total Cost": 8.04,
                                                                                                                "Plan Rows": 1,
                                                                                                                "Plan Width": 12,
                                                                                                                "Actual Startup Time": 0.002,
                                                                                                                "Actual Total Time": 0.002,
                                                                                                                "Actual Rows": 1,
                                                                                                                "Actual Loops": 12063,
                                                                                                                "Recheck Cond": "((site_id = tq1.site_id) AND (tq1.question_id = question_id))",
                                                                                                                "Rows Removed by Index Recheck": 0,
                                                                                                                "Exact Heap Blocks": 7649,
                                                                                                                "Lossy Heap Blocks": 0,
                                                                                                                "Workers": [],
                                                                                                                "Plans": [
                                                                                                                    {
                                                                                                                        "Node Type": "Bitmap Index Scan",
                                                                                                                        "Parent Relationship": "Outer",
                                                                                                                        "Parallel Aware": false,
                                                                                                                        "Async Capable": false,
                                                                                                                        "Index Name": "answer_site_id_question_id_idx",
                                                                                                                        "Startup Cost": 0.0,
                                                                                                                        "Total Cost": 4.02,
                                                                                                                        "Plan Rows": 1,
                                                                                                                        "Plan Width": 0,
                                                                                                                        "Actual Startup Time": 0.002,
                                                                                                                        "Actual Total Time": 0.002,
                                                                                                                        "Actual Rows": 1,
                                                                                                                        "Actual Loops": 12063,
                                                                                                                        "Index Cond": "((site_id = tq1.site_id) AND (question_id = tq1.question_id))",
                                                                                                                        "Workers": []
                                                                                                                    }
                                                                                                                ]
                                                                                                            }
                                                                                                        ]
                                                                                                    },
                                                                                                    {
                                                                                                        "Node Type": "Bitmap Heap Scan",
                                                                                                        "Parent Relationship": "Inner",
                                                                                                        "Parallel Aware": false,
                                                                                                        "Async Capable": false,
                                                                                                        "Relation Name": "so_user",
                                                                                                        "Alias": "u1",
                                                                                                        "Startup Cost": 4.03,
                                                                                                        "Total Cost": 8.05,
                                                                                                        "Plan Rows": 1,
                                                                                                        "Plan Width": 12,
                                                                                                        "Actual Startup Time": 0.003,
                                                                                                        "Actual Total Time": 0.003,
                                                                                                        "Actual Rows": 1,
                                                                                                        "Actual Loops": 8125,
                                                                                                        "Recheck Cond": "((id = a1.owner_user_id) AND (a1.site_id = site_id))",
                                                                                                        "Rows Removed by Index Recheck": 0,
                                                                                                        "Exact Heap Blocks": 8125,
                                                                                                        "Lossy Heap Blocks": 0,
                                                                                                        "Workers": [],
                                                                                                        "Plans": [
                                                                                                            {
                                                                                                                "Node Type": "Bitmap Index Scan",
                                                                                                                "Parent Relationship": "Outer",
                                                                                                                "Parallel Aware": false,
                                                                                                                "Async Capable": false,
                                                                                                                "Index Name": "so_user_pkey",
                                                                                                                "Startup Cost": 0.0,
                                                                                                                "Total Cost": 4.03,
                                                                                                                "Plan Rows": 1,
                                                                                                                "Plan Width": 0,
                                                                                                                "Actual Startup Time": 0.002,
                                                                                                                "Actual Total Time": 0.002,
                                                                                                                "Actual Rows": 1,
                                                                                                                "Actual Loops": 8125,
                                                                                                                "Index Cond": "((id = a1.owner_user_id) AND (site_id = a1.site_id))",
                                                                                                                "Workers": []
                                                                                                            }
                                                                                                        ]
                                                                                                    }
                                                                                                ]
                                                                                            }
                                                                                        ]
                                                                                    }
                                                                                ]
                                                                            }
                                                                        ]
                                                                    },
                                                                    {
                                                                        "Node Type": "Bitmap Heap Scan",
                                                                        "Parent Relationship": "Inner",
                                                                        "Parallel Aware": false,
                                                                        "Async Capable": false,
                                                                        "Relation Name": "question",
                                                                        "Alias": "q2",
                                                                        "Startup Cost": 4.25,
                                                                        "Total Cost": 116.37,
                                                                        "Plan Rows": 1,
                                                                        "Plan Width": 12,
                                                                        "Actual Startup Time": 0.009,
                                                                        "Actual Total Time": 0.01,
                                                                        "Actual Rows": 1,
                                                                        "Actual Loops": 217,
                                                                        "Recheck Cond": "(u2.id = owner_user_id)",
                                                                        "Rows Removed by Index Recheck": 0,
                                                                        "Filter": "(site_id = u2.site_id)",
                                                                        "Rows Removed by Filter": 10,
                                                                        "Exact Heap Blocks": 2338,
                                                                        "Lossy Heap Blocks": 0,
                                                                        "Plans": [
                                                                            {
                                                                                "Node Type": "Bitmap Index Scan",
                                                                                "Parent Relationship": "Outer",
                                                                                "Parallel Aware": false,
                                                                                "Async Capable": false,
                                                                                "Index Name": "question_owner_user_id_idx",
                                                                                "Startup Cost": 0.0,
                                                                                "Total Cost": 4.25,
                                                                                "Plan Rows": 31,
                                                                                "Plan Width": 0,
                                                                                "Actual Startup Time": 0.002,
                                                                                "Actual Total Time": 0.002,
                                                                                "Actual Rows": 11,
                                                                                "Actual Loops": 217,
                                                                                "Index Cond": "(owner_user_id = u2.id)"
                                                                            }
                                                                        ]
                                                                    }
                                                                ]
                                                            },
                                                            {
                                                                "Node Type": "Bitmap Heap Scan",
                                                                "Parent Relationship": "Inner",
                                                                "Parallel Aware": false,
                                                                "Async Capable": false,
                                                                "Relation Name": "question",
                                                                "Alias": "q1",
                                                                "Startup Cost": 4.03,
                                                                "Total Cost": 8.04,
                                                                "Plan Rows": 1,
                                                                "Plan Width": 8,
                                                                "Actual Startup Time": 0.002,
                                                                "Actual Total Time": 0.002,
                                                                "Actual Rows": 1,
                                                                "Actual Loops": 171,
                                                                "Recheck Cond": "((id = tq1.question_id) AND (site_id = tq1.site_id))",
                                                                "Rows Removed by Index Recheck": 0,
                                                                "Exact Heap Blocks": 171,
                                                                "Lossy Heap Blocks": 0,
                                                                "Plans": [
                                                                    {
                                                                        "Node Type": "Bitmap Index Scan",
                                                                        "Parent Relationship": "Outer",
                                                                        "Parallel Aware": false,
                                                                        "Async Capable": false,
                                                                        "Index Name": "question_pkey",
                                                                        "Startup Cost": 0.0,
                                                                        "Total Cost": 4.03,
                                                                        "Plan Rows": 1,
                                                                        "Plan Width": 0,
                                                                        "Actual Startup Time": 0.001,
                                                                        "Actual Total Time": 0.001,
                                                                        "Actual Rows": 1,
                                                                        "Actual Loops": 171,
                                                                        "Index Cond": "((id = tq1.question_id) AND (site_id = tq1.site_id))"
                                                                    }
                                                                ]
                                                            }
                                                        ]
                                                    },
                                                    {
                                                        "Node Type": "Bitmap Heap Scan",
                                                        "Parent Relationship": "Inner",
                                                        "Parallel Aware": false,
                                                        "Async Capable": false,
                                                        "Relation Name": "tag_question",
                                                        "Alias": "tq2",
                                                        "Startup Cost": 4.17,
                                                        "Total Cost": 8.18,
                                                        "Plan Rows": 1,
                                                        "Plan Width": 12,
                                                        "Actual Startup Time": 0.01,
                                                        "Actual Total Time": 0.011,
                                                        "Actual Rows": 3,
                                                        "Actual Loops": 171,
                                                        "Recheck Cond": "((q2.site_id = site_id) AND (q2.id = question_id))",
                                                        "Rows Removed by Index Recheck": 0,
                                                        "Exact Heap Blocks": 173,
                                                        "Lossy Heap Blocks": 0,
                                                        "Plans": [
                                                            {
                                                                "Node Type": "Bitmap Index Scan",
                                                                "Parent Relationship": "Outer",
                                                                "Parallel Aware": false,
                                                                "Async Capable": false,
                                                                "Index Name": "tag_question_pkey",
                                                                "Startup Cost": 0.0,
                                                                "Total Cost": 4.17,
                                                                "Plan Rows": 1,
                                                                "Plan Width": 0,
                                                                "Actual Startup Time": 0.009,
                                                                "Actual Total Time": 0.009,
                                                                "Actual Rows": 3,
                                                                "Actual Loops": 171,
                                                                "Index Cond": "((site_id = q2.site_id) AND (question_id = q2.id))"
                                                            }
                                                        ]
                                                    }
                                                ]
                                            },
                                            {
                                                "Node Type": "Bitmap Heap Scan",
                                                "Parent Relationship": "Inner",
                                                "Parallel Aware": false,
                                                "Async Capable": false,
                                                "Relation Name": "account",
                                                "Alias": "account",
                                                "Startup Cost": 4.03,
                                                "Total Cost": 8.04,
                                                "Plan Rows": 1,
                                                "Plan Width": 15,
                                                "Actual Startup Time": 0.003,
                                                "Actual Total Time": 0.003,
                                                "Actual Rows": 1,
                                                "Actual Loops": 13,
                                                "Recheck Cond": "(id = u1.account_id)",
                                                "Rows Removed by Index Recheck": 0,
                                                "Exact Heap Blocks": 13,
                                                "Lossy Heap Blocks": 0,
                                                "Plans": [
                                                    {
                                                        "Node Type": "Bitmap Index Scan",
                                                        "Parent Relationship": "Outer",
                                                        "Parallel Aware": false,
                                                        "Async Capable": false,
                                                        "Index Name": "account_pkey",
                                                        "Startup Cost": 0.0,
                                                        "Total Cost": 4.03,
                                                        "Plan Rows": 1,
                                                        "Plan Width": 0,
                                                        "Actual Startup Time": 0.002,
                                                        "Actual Total Time": 0.002,
                                                        "Actual Rows": 1,
                                                        "Actual Loops": 13,
                                                        "Index Cond": "(id = u1.account_id)"
                                                    }
                                                ]
                                            }
                                        ]
                                    }
                                ]
                            }
                        ]
                    },
                    "Planning Time": 58.733,
                    "Triggers": [],
                    "Execution Time": 451.875
                }
            ],
            "hints": [
                "SET enable_hashjoin TO on",
                "SET enable_indexonlyscan TO on",
                "SET enable_indexscan TO off",
                "SET enable_mergejoin TO off",
                "SET enable_nestloop TO on",
                "SET enable_seqscan TO on"
            ]
        },
        {
            "arm": 3,
            "execution_time": 6648.407,
            "plan": [
                {
                    "Plan": {
                        "Node Type": "Aggregate",
                        "Strategy": "Plain",
                        "Partial Mode": "Simple",
                        "Parallel Aware": false,
                        "Async Capable": false,
                        "Startup Cost": 5459454.7,
                        "Total Cost": 5459454.71,
                        "Plan Rows": 1,
                        "Plan Width": 8,
                        "Actual Startup Time": 6635.521,
                        "Actual Total Time": 6648.336,
                        "Actual Rows": 1,
                        "Actual Loops": 1,
                        "Plans": [
                            {
                                "Node Type": "Sort",
                                "Parent Relationship": "Outer",
                                "Parallel Aware": false,
                                "Async Capable": false,
                                "Startup Cost": 5459454.69,
                                "Total Cost": 5459454.7,
                                "Plan Rows": 1,
                                "Plan Width": 11,
                                "Actual Startup Time": 6635.511,
                                "Actual Total Time": 6648.326,
                                "Actual Rows": 13,
                                "Actual Loops": 1,
                                "Sort Key": [
                                    "account.display_name"
                                ],
                                "Sort Method": "quicksort",
                                "Sort Space Used": 25,
                                "Sort Space Type": "Memory",
                                "Plans": [
                                    {
                                        "Node Type": "Gather",
                                        "Parent Relationship": "Outer",
                                        "Parallel Aware": false,
                                        "Async Capable": false,
                                        "Startup Cost": 3763645.34,
                                        "Total Cost": 5459454.68,
                                        "Plan Rows": 1,
                                        "Plan Width": 11,
                                        "Actual Startup Time": 6634.695,
                                        "Actual Total Time": 6648.311,
                                        "Actual Rows": 13,
                                        "Actual Loops": 1,
                                        "Workers Planned": 7,
                                        "Workers Launched": 7,
                                        "Single Copy": false,
                                        "Plans": [
                                            {
                                                "Node Type": "Hash Join",
                                                "Parent Relationship": "Outer",
                                                "Parallel Aware": true,
                                                "Async Capable": false,
                                                "Join Type": "Inner",
                                                "Startup Cost": 3762645.34,
                                                "Total Cost": 5458454.58,
                                                "Plan Rows": 1,
                                                "Plan Width": 11,
                                                "Actual Startup Time": 6399.045,
                                                "Actual Total Time": 6631.578,
                                                "Actual Rows": 2,
                                                "Actual Loops": 8,
                                                "Inner Unique": false,
                                                "Hash Cond": "((t1.site_id = u1.site_id) AND (a1.owner_user_id = u1.id))",
                                                "Workers": [],
                                                "Plans": [
                                                    {
                                                        "Node Type": "Hash Join",
                                                        "Parent Relationship": "Outer",
                                                        "Parallel Aware": true,
                                                        "Async Capable": false,
                                                        "Join Type": "Inner",
                                                        "Startup Cost": 1065172.32,
                                                        "Total Cost": 2760981.54,
                                                        "Plan Rows": 1,
                                                        "Plan Width": 24,
                                                        "Actual Startup Time": 1650.202,
                                                        "Actual Total Time": 2212.008,
                                                        "Actual Rows": 1016,
                                                        "Actual Loops": 8,
                                                        "Inner Unique": false,
                                                        "Hash Cond": "((q1.site_id = t1.site_id) AND (q1.id = tq1.question_id))",
                                                        "Workers": [],
                                                        "Plans": [
                                                            {
                                                                "Node Type": "Seq Scan",
                                                                "Parent Relationship": "Outer",
                                                                "Parallel Aware": true,
                                                                "Async Capable": false,
                                                                "Relation Name": "question",
                                                                "Alias": "q1",
                                                                "Startup Cost": 0.0,
                                                                "Total Cost": 1682252.12,
                                                                "Plan Rows": 1807612,
                                                                "Plan Width": 8,
                                                                "Actual Startup Time": 0.009,
                                                                "Actual Total Time": 437.642,
                                                                "Actual Rows": 1583305,
                                                                "Actual Loops": 8,
                                                                "Workers": []
                                                            },
                                                            {
                                                                "Node Type": "Hash",
                                                                "Parent Relationship": "Inner",
                                                                "Parallel Aware": true,
                                                                "Async Capable": false,
                                                                "Startup Cost": 1065172.3,
                                                                "Total Cost": 1065172.3,
                                                                "Plan Rows": 1,
                                                                "Plan Width": 28,
                                                                "Actual Startup Time": 1634.864,
                                                                "Actual Total Time": 1634.981,
                                                                "Actual Rows": 1016,
                                                                "Actual Loops": 8,
                                                                "Hash Buckets": 8192,
                                                                "Original Hash Buckets": 1024,
                                                                "Hash Batches": 1,
                                                                "Original Hash Batches": 1,
                                                                "Peak Memory Usage": 856,
                                                                "Workers": [],
                                                                "Plans": [
                                                                    {
                                                                        "Node Type": "Hash Join",
                                                                        "Parent Relationship": "Outer",
                                                                        "Parallel Aware": true,
                                                                        "Async Capable": false,
                                                                        "Join Type": "Inner",
                                                                        "Startup Cost": 295798.43,
                                                                        "Total Cost": 1065172.3,
                                                                        "Plan Rows": 1,
                                                                        "Plan Width": 28,
                                                                        "Actual Startup Time": 1053.36,
                                                                        "Actual Total Time": 1254.885,
                                                                        "Actual Rows": 1016,
                                                                        "Actual Loops": 8,
                                                                        "Inner Unique": false,
                                                                        "Hash Cond": "((a1.site_id = t1.site_id) AND (a1.question_id = tq1.question_id))",
                                                                        "Workers": [],
                                                                        "Plans": [
                                                                            {
                                                                                "Node Type": "Seq Scan",
                                                                                "Parent Relationship": "Outer",
                                                                                "Parallel Aware": true,
                                                                                "Async Capable": false,
                                                                                "Relation Name": "answer",
                                                                                "Alias": "a1",
                                                                                "Startup Cost": 0.0,
                                                                                "Total Cost": 762572.49,
                                                                                "Plan Rows": 906849,
                                                                                "Plan Width": 12,
                                                                                "Actual Startup Time": 0.031,
                                                                                "Actual Total Time": 185.69,
                                                                                "Actual Rows": 793444,
                                                                                "Actual Loops": 8,
                                                                                "Workers": []
                                                                            },
                                                                            {
                                                                                "Node Type": "Hash",
                                                                                "Parent Relationship": "Inner",
                                                                                "Parallel Aware": true,
                                                                                "Async Capable": false,
                                                                                "Startup Cost": 295798.42,
                                                                                "Total Cost": 295798.42,
                                                                                "Plan Rows": 1,
                                                                                "Plan Width": 16,
                                                                                "Actual Startup Time": 1003.913,
                                                                                "Actual Total Time": 1004.029,
                                                                                "Actual Rows": 1508,
                                                                                "Actual Loops": 8,
                                                                                "Hash Buckets": 16384,
                                                                                "Original Hash Buckets": 1024,
                                                                                "Hash Batches": 1,
                                                                                "Original Hash Batches": 1,
                                                                                "Peak Memory Usage": 920,
                                                                                "Workers": [],
                                                                                "Plans": [
                                                                                    {
                                                                                        "Node Type": "Hash Join",
                                                                                        "Parent Relationship": "Outer",
                                                                                        "Parallel Aware": true,
                                                                                        "Async Capable": false,
                                                                                        "Join Type": "Inner",
                                                                                        "Startup Cost": 2576.51,
                                                                                        "Total Cost": 295798.42,
                                                                                        "Plan Rows": 1,
                                                                                        "Plan Width": 16,
                                                                                        "Actual Startup Time": 11.089,
                                                                                        "Actual Total Time": 624.05,
                                                                                        "Actual Rows": 1508,
                                                                                        "Actual Loops": 8,
                                                                                        "Inner Unique": true,
                                                                                        "Hash Cond": "((s1.site_id = t1.site_id) AND (tq1.tag_id = t1.id))",
                                                                                        "Workers": [],
                                                                                        "Plans": [
                                                                                            {
                                                                                                "Node Type": "Hash Join",
                                                                                                "Parent Relationship": "Outer",
                                                                                                "Parallel Aware": false,
                                                                                                "Async Capable": false,
                                                                                                "Join Type": "Inner",
                                                                                                "Startup Cost": 3.18,
                                                                                                "Total Cost": 293001.22,
                                                                                                "Plan Rows": 42640,
                                                                                                "Plan Width": 16,
                                                                                                "Actual Startup Time": 9.59,
                                                                                                "Actual Total Time": 502.057,
                                                                                                "Actual Rows": 3477604,
                                                                                                "Actual Loops": 8,
                                                                                                "Inner Unique": true,
                                                                                                "Hash Cond": "(tq1.site_id = s1.site_id)",
                                                                                                "Workers": [],
                                                                                                "Plans": [
                                                                                                    {
                                                                                                        "Node Type": "Seq Scan",
                                                                                                        "Parent Relationship": "Outer",
                                                                                                        "Parallel Aware": true,
                                                                                                        "Async Capable": false,
                                                                                                        "Relation Name": "tag_question",
                                                                                                        "Alias": "tq1",
                                                                                                        "Startup Cost": 0.0,
                                                                                                        "Total Cost": 273159.66,
                                                                                                        "Plan Rows": 7376766,
                                                                                                        "Plan Width": 12,
                                                                                                        "Actual Startup Time": 0.008,
                                                                                                        "Actual Total Time": 188.159,
                                                                                                        "Actual Rows": 4610477,
                                                                                                        "Actual Loops": 8,
                                                                                                        "Workers": []
                                                                                                    },
                                                                                                    {
                                                                                                        "Node Type": "Hash",
                                                                                                        "Parent Relationship": "Inner",
                                                                                                        "Parallel Aware": false,
                                                                                                        "Async Capable": false,
                                                                                                        "Startup Cost": 3.16,
                                                                                                        "Total Cost": 3.16,
                                                                                                        "Plan Rows": 1,
                                                                                                        "Plan Width": 4,
                                                                                                        "Actual Startup Time": 0.016,
                                                                                                        "Actual Total Time": 0.017,
                                                                                                        "Actual Rows": 1,
                                                                                                        "Actual Loops": 8,
                                                                                                        "Hash Buckets": 1024,
                                                                                                        "Original Hash Buckets": 1024,
                                                                                                        "Hash Batches": 1,
                                                                                                        "Original Hash Batches": 1,
                                                                                                        "Peak Memory Usage": 9,
                                                                                                        "Workers": [],
                                                                                                        "Plans": [
                                                                                                            {
                                                                                                                "Node Type": "Seq Scan",
                                                                                                                "Parent Relationship": "Outer",
                                                                                                                "Parallel Aware": false,
                                                                                                                "Async Capable": false,
                                                                                                                "Relation Name": "site",
                                                                                                                "Alias": "s1",
                                                                                                                "Startup Cost": 0.0,
                                                                                                                "Total Cost": 3.16,
                                                                                                                "Plan Rows": 1,
                                                                                                                "Plan Width": 4,
                                                                                                                "Actual Startup Time": 0.013,
                                                                                                                "Actual Total Time": 0.014,
                                                                                                                "Actual Rows": 1,
                                                                                                                "Actual Loops": 8,
                                                                                                                "Filter": "((site_name)::text = 'stackoverflow'::text)",
                                                                                                                "Rows Removed by Filter": 172,
                                                                                                                "Workers": []
                                                                                                            }
                                                                                                        ]
                                                                                                    }
                                                                                                ]
                                                                                            },
                                                                                            {
                                                                                                "Node Type": "Hash",
                                                                                                "Parent Relationship": "Inner",
                                                                                                "Parallel Aware": true,
                                                                                                "Async Capable": false,
                                                                                                "Startup Cost": 2573.31,
                                                                                                "Total Cost": 2573.31,
                                                                                                "Plan Rows": 2,
                                                                                                "Plan Width": 8,
                                                                                                "Actual Startup Time": 1.358,
                                                                                                "Actual Total Time": 1.358,
                                                                                                "Actual Rows": 0,
                                                                                                "Actual Loops": 8,
                                                                                                "Hash Buckets": 1024,
                                                                                                "Original Hash Buckets": 1024,
                                                                                                "Hash Batches": 1,
                                                                                                "Original Hash Batches": 1,
                                                                                                "Peak Memory Usage": 104,
                                                                                                "Workers": [],
                                                                                                "Plans": [
                                                                                                    {
                                                                                                        "Node Type": "Seq Scan",
                                                                                                        "Parent Relationship": "Outer",
                                                                                                        "Parallel Aware": true,
                                                                                                        "Async Capable": false,
                                                                                                        "Relation Name": "tag",
                                                                                                        "Alias": "t1",
                                                                                                        "Startup Cost": 0.0,
                                                                                                        "Total Cost": 2573.31,
                                                                                                        "Plan Rows": 2,
                                                                                                        "Plan Width": 8,
                                                                                                        "Actual Startup Time": 1.042,
                                                                                                        "Actual Total Time": 1.218,
                                                                                                        "Actual Rows": 0,
                                                                                                        "Actual Loops": 8,
                                                                                                        "Filter": "((name)::text = 'file-io'::text)",
                                                                                                        "Rows Removed by Filter": 23346,
                                                                                                        "Workers": []
                                                                                                    }
                                                                                                ]
                                                                                            }
                                                                                        ]
                                                                                    }
                                                                                ]
                                                                            }
                                                                        ]
                                                                    }
                                                                ]
                                                            }
                                                        ]
                                                    },
                                                    {
                                                        "Node Type": "Hash",
                                                        "Parent Relationship": "Inner",
                                                        "Parallel Aware": true,
                                                        "Async Capable": false,
                                                        "Startup Cost": 2697473.01,
                                                        "Total Cost": 2697473.01,
                                                        "Plan Rows": 1,
                                                        "Plan Width": 19,
                                                        "Actual Startup Time": 4418.687,
                                                        "Actual Total Time": 4418.697,
                                                        "Actual Rows": 7064,
                                                        "Actual Loops": 8,
                                                        "Hash Buckets": 65536,
                                                        "Original Hash Buckets": 1024,
                                                        "Hash Batches": 1,
                                                        "Original Hash Batches": 1,
                                                        "Peak Memory Usage": 4152,
                                                        "Workers": [],
                                                        "Plans": [
                                                            {
                                                                "Node Type": "Hash Join",
                                                                "Parent Relationship": "Outer",
                                                                "Parallel Aware": true,
                                                                "Async Capable": false,
                                                                "Join Type": "Inner",
                                                                "Startup Cost": 2442260.35,
                                                                "Total Cost": 2697473.01,
                                                                "Plan Rows": 1,
                                                                "Plan Width": 19,
                                                                "Actual Startup Time": 3898.167,
                                                                "Actual Total Time": 4190.195,
                                                                "Actual Rows": 7064,
                                                                "Actual Loops": 8,
                                                                "Inner Unique": false,
                                                                "Hash Cond": "(u1.account_id = u2.account_id)",
                                                                "Workers": [],
                                                                "Plans": [
                                                                    {
                                                                        "Node Type": "Seq Scan",
                                                                        "Parent Relationship": "Outer",
                                                                        "Parallel Aware": true,
                                                                        "Async Capable": false,
                                                                        "Relation Name": "so_user",
                                                                        "Alias": "u1",
                                                                        "Startup Cost": 0.0,
                                                                        "Total Cost": 239391.02,
                                                                        "Plan Rows": 4219102,
                                                                        "Plan Width": 12,
                                                                        "Actual Startup Time": 0.012,
                                                                        "Actual Total Time": 122.563,
                                                                        "Actual Rows": 2637163,
                                                                        "Actual Loops": 8,
                                                                        "Workers": []
                                                                    },
                                                                    {
                                                                        "Node Type": "Hash",
                                                                        "Parent Relationship": "Inner",
                                                                        "Parallel Aware": true,
                                                                        "Async Capable": false,
                                                                        "Startup Cost": 2442260.34,
                                                                        "Total Cost": 2442260.34,
                                                                        "Plan Rows": 1,
                                                                        "Plan Width": 19,
                                                                        "Actual Startup Time": 3897.858,
                                                                        "Actual Total Time": 3897.866,
                                                                        "Actual Rows": 2723,
                                                                        "Actual Loops": 8,
                                                                        "Hash Buckets": 32768,
                                                                        "Original Hash Buckets": 1024,
                                                                        "Hash Batches": 1,
                                                                        "Original Hash Batches": 1,
                                                                        "Peak Memory Usage": 1784,
                                                                        "Workers": [],
                                                                        "Plans": [
                                                                            {
                                                                                "Node Type": "Hash Join",
                                                                                "Parent Relationship": "Outer",
                                                                                "Parallel Aware": true,
                                                                                "Async Capable": false,
                                                                                "Join Type": "Inner",
                                                                                "Startup Cost": 2113769.88,
                                                                                "Total Cost": 2442260.34,
                                                                                "Plan Rows": 1,
                                                                                "Plan Width": 19,
                                                                                "Actual Startup Time": 2978.226,
                                                                                "Actual Total Time": 3440.174,
                                                                                "Actual Rows": 2723,
                                                                                "Actual Loops": 8,
                                                                                "Inner Unique": true,
                                                                                "Hash Cond": "((s2.site_id = t2.site_id) AND (tq2.tag_id = t2.id))",
                                                                                "Workers": [],
                                                                                "Plans": [
                                                                                    {
                                                                                        "Node Type": "Hash Join",
                                                                                        "Parent Relationship": "Outer",
                                                                                        "Parallel Aware": true,
                                                                                        "Async Capable": false,
                                                                                        "Join Type": "Inner",
                                                                                        "Startup Cost": 2111196.14,
                                                                                        "Total Cost": 2439682.93,
                                                                                        "Plan Rows": 697,
                                                                                        "Plan Width": 39,
                                                                                        "Actual Startup Time": 2976.401,
                                                                                        "Actual Total Time": 3435.995,
                                                                                        "Actual Rows": 46562,
                                                                                        "Actual Loops": 8,
                                                                                        "Inner Unique": false,
                                                                                        "Hash Cond": "((tq2.site_id = s2.site_id) AND (tq2.question_id = q2.id))",
                                                                                        "Workers": [],
                                                                                        "Plans": [
                                                                                            {
                                                                                                "Node Type": "Seq Scan",
                                                                                                "Parent Relationship": "Outer",
                                                                                                "Parallel Aware": true,
                                                                                                "Async Capable": false,
                                                                                                "Relation Name": "tag_question",
                                                                                                "Alias": "tq2",
                                                                                                "Startup Cost": 0.0,
                                                                                                "Total Cost": 273159.66,
                                                                                                "Plan Rows": 7376766,
                                                                                                "Plan Width": 12,
                                                                                                "Actual Startup Time": 0.011,
                                                                                                "Actual Total Time": 210.704,
                                                                                                "Actual Rows": 4610477,
                                                                                                "Actual Loops": 8,
                                                                                                "Workers": []
                                                                                            },
                                                                                            {
                                                                                                "Node Type": "Hash",
                                                                                                "Parent Relationship": "Inner",
                                                                                                "Parallel Aware": true,
                                                                                                "Async Capable": false,
                                                                                                "Startup Cost": 2110976.72,
                                                                                                "Total Cost": 2110976.72,
                                                                                                "Plan Rows": 14628,
                                                                                                "Plan Width": 35,
                                                                                                "Actual Startup Time": 2904.277,
                                                                                                "Actual Total Time": 2904.283,
                                                                                                "Actual Rows": 18950,
                                                                                                "Actual Loops": 8,
                                                                                                "Hash Buckets": 262144,
                                                                                                "Original Hash Buckets": 131072,
                                                                                                "Hash Batches": 1,
                                                                                                "Original Hash Batches": 1,
                                                                                                "Peak Memory Usage": 13728,
                                                                                                "Workers": [],
                                                                                                "Plans": [
                                                                                                    {
                                                                                                        "Node Type": "Hash Join",
                                                                                                        "Parent Relationship": "Outer",
                                                                                                        "Parallel Aware": true,
                                                                                                        "Async Capable": false,
                                                                                                        "Join Type": "Inner",
                                                                                                        "Startup Cost": 1958492.66,
                                                                                                        "Total Cost": 2110976.72,
                                                                                                        "Plan Rows": 14628,
                                                                                                        "Plan Width": 35,
                                                                                                        "Actual Startup Time": 2683.979,
                                                                                                        "Actual Total Time": 2897.087,
                                                                                                        "Actual Rows": 18950,
                                                                                                        "Actual Loops": 8,
                                                                                                        "Inner Unique": false,
                                                                                                        "Hash Cond": "(account.id = u2.account_id)",
                                                                                                        "Workers": [],
                                                                                                        "Plans": [
                                                                                                            {
                                                                                                                "Node Type": "Seq Scan",
                                                                                                                "Parent Relationship": "Outer",
                                                                                                                "Parallel Aware": true,
                                                                                                                "Async Capable": false,
                                                                                                                "Relation Name": "account",
                                                                                                                "Alias": "account",
                                                                                                                "Startup Cost": 0.0,
                                                                                                                "Total Cost": 142069.67,
                                                                                                                "Plan Rows": 2769367,
                                                                                                                "Plan Width": 15,
                                                                                                                "Actual Startup Time": 0.024,
                                                                                                                "Actual Total Time": 101.57,
                                                                                                                "Actual Rows": 1734019,
                                                                                                                "Actual Loops": 8,
                                                                                                                "Workers": []
                                                                                                            },
                                                                                                            {
                                                                                                                "Node Type": "Hash",
                                                                                                                "Parent Relationship": "Inner",
                                                                                                                "Parallel Aware": true,
                                                                                                                "Async Capable": false,
                                                                                                                "Startup Cost": 1958309.81,
                                                                                                                "Total Cost": 1958309.81,
                                                                                                                "Plan Rows": 14628,
                                                                                                                "Plan Width": 20,
                                                                                                                "Actual Startup Time": 2675.213,
                                                                                                                "Actual Total Time": 2675.217,
                                                                                                                "Actual Rows": 18950,
                                                                                                                "Actual Loops": 8,
                                                                                                                "Hash Buckets": 262144,
                                                                                                                "Original Hash Buckets": 131072,
                                                                                                                "Hash Batches": 1,
                                                                                                                "Original Hash Batches": 1,
                                                                                                                "Peak Memory Usage": 11520,
                                                                                                                "Workers": [],
                                                                                                                "Plans": [
                                                                                                                    {
                                                                                                                        "Node Type": "Hash Join",
                                                                                                                        "Parent Relationship": "Outer",
                                                                                                                        "Parallel Aware": true,
                                                                                                                        "Async Capable": false,
                                                                                                                        "Join Type": "Inner",
                                                                                                                        "Startup Cost": 1687273.26,
                                                                                                                        "Total Cost": 1958309.81,
                                                                                                                        "Plan Rows": 14628,
                                                                                                                        "Plan Width": 20,
                                                                                                                        "Actual Startup Time": 1592.796,
                                                                                                                        "Actual Total Time": 1999.909,
                                                                                                                        "Actual Rows": 18950,
                                                                                                                        "Actual Loops": 8,
                                                                                                                        "Inner Unique": false,
                                                                                                                        "Hash Cond": "((u2.site_id = s2.site_id) AND (u2.id = q2.owner_user_id))",
                                                                                                                        "Workers": [],
                                                                                                                        "Plans": [
                                                                                                                            {
                                                                                                                                "Node Type": "Seq Scan",
                                                                                                                                "Parent Relationship": "Outer",
                                                                                                                                "Parallel Aware": true,
                                                                                                                                "Async Capable": false,
                                                                                                                                "Relation Name": "so_user",
                                                                                                                                "Alias": "u2",
                                                                                                                                "Startup Cost": 0.0,
                                                                                                                                "Total Cost": 239391.02,
                                                                                                                                "Plan Rows": 4219102,
                                                                                                                                "Plan Width": 12,
                                                                                                                                "Actual Startup Time": 0.011,
                                                                                                                                "Actual Total Time": 148.142,
                                                                                                                                "Actual Rows": 2637163,
                                                                                                                                "Actual Loops": 8,
                                                                                                                                "Workers": []
                                                                                                                            },
                                                                                                                            {
                                                                                                                                "Node Type": "Hash",
                                                                                                                                "Parent Relationship": "Inner",
                                                                                                                                "Parallel Aware": true,
                                                                                                                                "Async Capable": false,
                                                                                                                                "Startup Cost": 1687116.52,
                                                                                                                                "Total Cost": 1687116.52,
                                                                                                                                "Plan Rows": 10449,
                                                                                                                                "Plan Width": 16,
                                                                                                                                "Actual Startup Time": 1583.968,
                                                                                                                                "Actual Total Time": 1583.97,
                                                                                                                                "Actual Rows": 18950,
                                                                                                                                "Actual Loops": 8,
                                                                                                                                "Hash Buckets": 262144,
                                                                                                                                "Original Hash Buckets": 131072,
                                                                                                                                "Hash Batches": 1,
                                                                                                                                "Original Hash Batches": 1,
                                                                                                                                "Peak Memory Usage": 10272,
                                                                                                                                "Workers": [],
                                                                                                                                "Plans": [
                                                                                                                                    {
                                                                                                                                        "Node Type": "Hash Join",
                                                                                                                                        "Parent Relationship": "Outer",
                                                                                                                                        "Parallel Aware": false,
                                                                                                                                        "Async Capable": false,
                                                                                                                                        "Join Type": "Inner",
                                                                                                                                        "Startup Cost": 3.18,
                                                                                                                                        "Total Cost": 1687116.52,
                                                                                                                                        "Plan Rows": 10449,
                                                                                                                                        "Plan Width": 16,
                                                                                                                                        "Actual Startup Time": 175.903,
                                                                                                                                        "Actual Total Time": 535.216,
                                                                                                                                        "Actual Rows": 18950,
                                                                                                                                        "Actual Loops": 8,
                                                                                                                                        "Inner Unique": true,
                                                                                                                                        "Hash Cond": "(q2.site_id = s2.site_id)",
                                                                                                                                        "Workers": [],
                                                                                                                                        "Plans": [
                                                                                                                                            {
                                                                                                                                                "Node Type": "Seq Scan",
                                                                                                                                                "Parent Relationship": "Outer",
                                                                                                                                                "Parallel Aware": true,
                                                                                                                                                "Async Capable": false,
                                                                                                                                                "Relation Name": "question",
                                                                                                                                                "Alias": "q2",
                                                                                                                                                "Startup Cost": 0.0,
                                                                                                                                                "Total Cost": 1682252.12,
                                                                                                                                                "Plan Rows": 1807612,
                                                                                                                                                "Plan Width": 12,
                                                                                                                                                "Actual Startup Time": 0.05,
                                                                                                                                                "Actual Total Time": 428.429,
                                                                                                                                                "Actual Rows": 1583305,
                                                                                                                                                "Actual Loops": 8,
                                                                                                                                                "Workers": []
                                                                                                                                            },
                                                                                                                                            {
                                                                                                                                                "Node Type": "Hash",
                                                                                                                                                "Parent Relationship": "Inner",
                                                                                                                                                "Parallel Aware": false,
                                                                                                                                                "Async Capable": false,
                                                                                                                                                "Startup Cost": 3.16,
                                                                                                                                                "Total Cost": 3.16,
                                                                                                                                                "Plan Rows": 1,
                                                                                                                                                "Plan Width": 4,
                                                                                                                                                "Actual Startup Time": 0.021,
                                                                                                                                                "Actual Total Time": 0.022,
                                                                                                                                                "Actual Rows": 1,
                                                                                                                                                "Actual Loops": 8,
                                                                                                                                                "Hash Buckets": 1024,
                                                                                                                                                "Original Hash Buckets": 1024,
                                                                                                                                                "Hash Batches": 1,
                                                                                                                                                "Original Hash Batches": 1,
                                                                                                                                                "Peak Memory Usage": 9,
                                                                                                                                                "Workers": [],
                                                                                                                                                "Plans": [
                                                                                                                                                    {
                                                                                                                                                        "Node Type": "Seq Scan",
                                                                                                                                                        "Parent Relationship": "Outer",
                                                                                                                                                        "Parallel Aware": false,
                                                                                                                                                        "Async Capable": false,
                                                                                                                                                        "Relation Name": "site",
                                                                                                                                                        "Alias": "s2",
                                                                                                                                                        "Startup Cost": 0.0,
                                                                                                                                                        "Total Cost": 3.16,
                                                                                                                                                        "Plan Rows": 1,
                                                                                                                                                        "Plan Width": 4,
                                                                                                                                                        "Actual Startup Time": 0.017,
                                                                                                                                                        "Actual Total Time": 0.019,
                                                                                                                                                        "Actual Rows": 1,
                                                                                                                                                        "Actual Loops": 8,
                                                                                                                                                        "Filter": "((site_name)::text = 'ru'::text)",
                                                                                                                                                        "Rows Removed by Filter": 172,
                                                                                                                                                        "Workers": []
                                                                                                                                                    }
                                                                                                                                                ]
                                                                                                                                            }
                                                                                                                                        ]
                                                                                                                                    }
                                                                                                                                ]
                                                                                                                            }
                                                                                                                        ]
                                                                                                                    }
                                                                                                                ]
                                                                                                            }
                                                                                                        ]
                                                                                                    }
                                                                                                ]
                                                                                            }
                                                                                        ]
                                                                                    },
                                                                                    {
                                                                                        "Node Type": "Hash",
                                                                                        "Parent Relationship": "Inner",
                                                                                        "Parallel Aware": true,
                                                                                        "Async Capable": false,
                                                                                        "Startup Cost": 2573.31,
                                                                                        "Total Cost": 2573.31,
                                                                                        "Plan Rows": 29,
                                                                                        "Plan Width": 8,
                                                                                        "Actual Startup Time": 1.747,
                                                                                        "Actual Total Time": 1.747,
                                                                                        "Actual Rows": 6,
                                                                                        "Actual Loops": 8,
                                                                                        "Hash Buckets": 1024,
                                                                                        "Original Hash Buckets": 1024,
                                                                                        "Hash Batches": 1,
                                                                                        "Original Hash Batches": 1,
                                                                                        "Peak Memory Usage": 264,
                                                                                        "Workers": [],
                                                                                        "Plans": [
                                                                                            {
                                                                                                "Node Type": "Seq Scan",
                                                                                                "Parent Relationship": "Outer",
                                                                                                "Parallel Aware": true,
                                                                                                "Async Capable": false,
                                                                                                "Relation Name": "tag",
                                                                                                "Alias": "t2",
                                                                                                "Startup Cost": 0.0,
                                                                                                "Total Cost": 2573.31,
                                                                                                "Plan Rows": 29,
                                                                                                "Plan Width": 8,
                                                                                                "Actual Startup Time": 0.512,
                                                                                                "Actual Total Time": 1.715,
                                                                                                "Actual Rows": 6,
                                                                                                "Actual Loops": 8,
                                                                                                "Filter": "((name)::text = 'javascript'::text)",
                                                                                                "Rows Removed by Filter": 23340,
                                                                                                "Workers": []
                                                                                            }
                                                                                        ]
                                                                                    }
                                                                                ]
                                                                            }
                                                                        ]
                                                                    }
                                                                ]
                                                            }
                                                        ]
                                                    }
                                                ]
                                            }
                                        ]
                                    }
                                ]
                            }
                        ]
                    },
                    "Planning Time": 61.383,
                    "Triggers": [],
                    "Execution Time": 6648.407
                }
            ],
            "hints": [
                "SET enable_hashjoin TO on",
                "SET enable_indexonlyscan TO on",
                "SET enable_indexscan TO off",
                "SET enable_mergejoin TO off",
                "SET enable_nestloop TO off",
                "SET enable_seqscan TO on"
            ]
        },
        {
            "arm": 4,
            "execution_time": 388.776,
            "plan": [
                {
                    "Plan": {
                        "Node Type": "Aggregate",
                        "Strategy": "Plain",
                        "Partial Mode": "Simple",
                        "Parallel Aware": false,
                        "Async Capable": false,
                        "Startup Cost": 258166.0,
                        "Total Cost": 258166.01,
                        "Plan Rows": 1,
                        "Plan Width": 8,
                        "Actual Startup Time": 376.422,
                        "Actual Total Time": 388.706,
                        "Actual Rows": 1,
                        "Actual Loops": 1,
                        "Plans": [
                            {
                                "Node Type": "Sort",
                                "Parent Relationship": "Outer",
                                "Parallel Aware": false,
                                "Async Capable": false,
                                "Startup Cost": 258165.99,
                                "Total Cost": 258166.0,
                                "Plan Rows": 1,
                                "Plan Width": 11,
                                "Actual Startup Time": 376.414,
                                "Actual Total Time": 388.699,
                                "Actual Rows": 13,
                                "Actual Loops": 1,
                                "Sort Key": [
                                    "account.display_name"
                                ],
                                "Sort Method": "quicksort",
                                "Sort Space Used": 25,
                                "Sort Space Type": "Memory",
                                "Plans": [
                                    {
                                        "Node Type": "Nested Loop",
                                        "Parent Relationship": "Outer",
                                        "Parallel Aware": false,
                                        "Async Capable": false,
                                        "Join Type": "Inner",
                                        "Startup Cost": 6324.01,
                                        "Total Cost": 258165.98,
                                        "Plan Rows": 1,
                                        "Plan Width": 11,
                                        "Actual Startup Time": 374.764,
                                        "Actual Total Time": 388.686,
                                        "Actual Rows": 13,
                                        "Actual Loops": 1,
                                        "Inner Unique": true,
                                        "Plans": [
                                            {
                                                "Node Type": "Nested Loop",
                                                "Parent Relationship": "Outer",
                                                "Parallel Aware": false,
                                                "Async Capable": false,
                                                "Join Type": "Inner",
                                                "Startup Cost": 6323.58,
                                                "Total Cost": 258158.37,
                                                "Plan Rows": 1,
                                                "Plan Width": 8,
                                                "Actual Startup Time": 374.757,
                                                "Actual Total Time": 388.654,
                                                "Actual Rows": 13,
                                                "Actual Loops": 1,
                                                "Inner Unique": true,
                                                "Join Filter": "((t2.site_id = tq2.site_id) AND (t2.id = tq2.tag_id))",
                                                "Rows Removed by Join Filter": 454,
                                                "Plans": [
                                                    {
                                                        "Node Type": "Nested Loop",
                                                        "Parent Relationship": "Outer",
                                                        "Parallel Aware": false,
                                                        "Async Capable": false,
                                                        "Join Type": "Inner",
                                                        "Startup Cost": 6323.01,
                                                        "Total Cost": 258150.58,
                                                        "Plan Rows": 1,
                                                        "Plan Width": 32,
                                                        "Actual Startup Time": 374.507,
                                                        "Actual Total Time": 388.208,
                                                        "Actual Rows": 171,
                                                        "Actual Loops": 1,
                                                        "Inner Unique": true,
                                                        "Join Filter": "(t1.site_id = q1.site_id)",
                                                        "Rows Removed by Join Filter": 0,
                                                        "Plans": [
                                                            {
                                                                "Node Type": "Nested Loop",
                                                                "Parent Relationship": "Outer",
                                                                "Parallel Aware": false,
                                                                "Async Capable": false,
                                                                "Join Type": "Inner",
                                                                "Startup Cost": 6322.58,
                                                                "Total Cost": 258146.53,
                                                                "Plan Rows": 1,
                                                                "Plan Width": 60,
                                                                "Actual Startup Time": 374.495,
                                                                "Actual Total Time": 387.983,
                                                                "Actual Rows": 171,
                                                                "Actual Loops": 1,
                                                                "Inner Unique": false,
                                                                "Join Filter": "(t2.site_id = q2.site_id)",
                                                                "Rows Removed by Join Filter": 0,
                                                                "Plans": [
                                                                    {
                                                                        "Node Type": "Gather",
                                                                        "Parent Relationship": "Outer",
                                                                        "Parallel Aware": false,
                                                                        "Async Capable": false,
                                                                        "Startup Cost": 6322.14,
                                                                        "Total Cost": 258072.07,
                                                                        "Plan Rows": 1,
                                                                        "Plan Width": 56,
                                                                        "Actual Startup Time": 91.462,
                                                                        "Actual Total Time": 386.283,
                                                                        "Actual Rows": 217,
                                                                        "Actual Loops": 1,
                                                                        "Workers Planned": 5,
                                                                        "Workers Launched": 5,
                                                                        "Single Copy": false,
                                                                        "Plans": [
                                                                            {
                                                                                "Node Type": "Hash Join",
                                                                                "Parent Relationship": "Outer",
                                                                                "Parallel Aware": true,
                                                                                "Async Capable": false,
                                                                                "Join Type": "Inner",
                                                                                "Startup Cost": 5322.14,
                                                                                "Total Cost": 257071.97,
                                                                                "Plan Rows": 1,
                                                                                "Plan Width": 56,
                                                                                "Actual Startup Time": 88.641,
                                                                                "Actual Total Time": 371.919,
                                                                                "Actual Rows": 36,
                                                                                "Actual Loops": 6,
                                                                                "Inner Unique": false,
                                                                                "Hash Cond": "(u2.account_id = u1.account_id)",
                                                                                "Workers": [],
                                                                                "Plans": [
                                                                                    {
                                                                                        "Node Type": "Hash Join",
                                                                                        "Parent Relationship": "Outer",
                                                                                        "Parallel Aware": true,
                                                                                        "Async Capable": false,
                                                                                        "Join Type": "Inner",
                                                                                        "Startup Cost": 2576.85,
                                                                                        "Total Cost": 254300.24,
                                                                                        "Plan Rows": 7048,
                                                                                        "Plan Width": 24,
                                                                                        "Actual Startup Time": 2.429,
                                                                                        "Actual Total Time": 284.66,
                                                                                        "Actual Rows": 27666,
                                                                                        "Actual Loops": 6,
                                                                                        "Inner Unique": false,
                                                                                        "Hash Cond": "(s2.site_id = t2.site_id)",
                                                                                        "Workers": [],
                                                                                        "Plans": [
                                                                                            {
                                                                                                "Node Type": "Hash Join",
                                                                                                "Parent Relationship": "Outer",
                                                                                                "Parallel Aware": false,
                                                                                                "Async Capable": false,
                                                                                                "Join Type": "Inner",
                                                                                                "Startup Cost": 3.18,
                                                                                                "Total Cost": 250740.65,
                                                                                                "Plan Rows": 24388,
                                                                                                "Plan Width": 16,
                                                                                                "Actual Startup Time": 0.06,
                                                                                                "Actual Total Time": 279.723,
                                                                                                "Actual Rows": 27666,
                                                                                                "Actual Loops": 6,
                                                                                                "Inner Unique": true,
                                                                                                "Hash Cond": "(u2.site_id = s2.site_id)",
                                                                                                "Workers": [],
                                                                                                "Plans": [
                                                                                                    {
                                                                                                        "Node Type": "Seq Scan",
                                                                                                        "Parent Relationship": "Outer",
                                                                                                        "Parallel Aware": true,
                                                                                                        "Async Capable": false,
                                                                                                        "Relation Name": "so_user",
                                                                                                        "Alias": "u2",
                                                                                                        "Startup Cost": 0.0,
                                                                                                        "Total Cost": 239391.02,
                                                                                                        "Plan Rows": 4219102,
                                                                                                        "Plan Width": 12,
                                                                                                        "Actual Startup Time": 0.016,
                                                                                                        "Actual Total Time": 158.284,
                                                                                                        "Actual Rows": 3516217,
                                                                                                        "Actual Loops": 6,
                                                                                                        "Workers": []
                                                                                                    },
                                                                                                    {
                                                                                                        "Node Type": "Hash",
                                                                                                        "Parent Relationship": "Inner",
                                                                                                        "Parallel Aware": false,
                                                                                                        "Async Capable": false,
                                                                                                        "Startup Cost": 3.16,
                                                                                                        "Total Cost": 3.16,
                                                                                                        "Plan Rows": 1,
                                                                                                        "Plan Width": 4,
                                                                                                        "Actual Startup Time": 0.027,
                                                                                                        "Actual Total Time": 0.027,
                                                                                                        "Actual Rows": 1,
                                                                                                        "Actual Loops": 6,
                                                                                                        "Hash Buckets": 1024,
                                                                                                        "Original Hash Buckets": 1024,
                                                                                                        "Hash Batches": 1,
                                                                                                        "Original Hash Batches": 1,
                                                                                                        "Peak Memory Usage": 9,
                                                                                                        "Workers": [],
                                                                                                        "Plans": [
                                                                                                            {
                                                                                                                "Node Type": "Seq Scan",
                                                                                                                "Parent Relationship": "Outer",
                                                                                                                "Parallel Aware": false,
                                                                                                                "Async Capable": false,
                                                                                                                "Relation Name": "site",
                                                                                                                "Alias": "s2",
                                                                                                                "Startup Cost": 0.0,
                                                                                                                "Total Cost": 3.16,
                                                                                                                "Plan Rows": 1,
                                                                                                                "Plan Width": 4,
                                                                                                                "Actual Startup Time": 0.021,
                                                                                                                "Actual Total Time": 0.023,
                                                                                                                "Actual Rows": 1,
                                                                                                                "Actual Loops": 6,
                                                                                                                "Filter": "((site_name)::text = 'ru'::text)",
                                                                                                                "Rows Removed by Filter": 172,
                                                                                                                "Workers": []
                                                                                                            }
                                                                                                        ]
                                                                                                    }
                                                                                                ]
                                                                                            },
                                                                                            {
                                                                                                "Node Type": "Hash",
                                                                                                "Parent Relationship": "Inner",
                                                                                                "Parallel Aware": true,
                                                                                                "Async Capable": false,
                                                                                                "Startup Cost": 2573.31,
                                                                                                "Total Cost": 2573.31,
                                                                                                "Plan Rows": 29,
                                                                                                "Plan Width": 8,
                                                                                                "Actual Startup Time": 2.218,
                                                                                                "Actual Total Time": 2.219,
                                                                                                "Actual Rows": 9,
                                                                                                "Actual Loops": 6,
                                                                                                "Hash Buckets": 1024,
                                                                                                "Original Hash Buckets": 1024,
                                                                                                "Hash Batches": 1,
                                                                                                "Original Hash Batches": 1,
                                                                                                "Peak Memory Usage": 200,
                                                                                                "Workers": [],
                                                                                                "Plans": [
                                                                                                    {
                                                                                                        "Node Type": "Seq Scan",
                                                                                                        "Parent Relationship": "Outer",
                                                                                                        "Parallel Aware": true,
                                                                                                        "Async Capable": false,
                                                                                                        "Relation Name": "tag",
                                                                                                        "Alias": "t2",
                                                                                                        "Startup Cost": 0.0,
                                                                                                        "Total Cost": 2573.31,
                                                                                                        "Plan Rows": 29,
                                                                                                        "Plan Width": 8,
                                                                                                        "Actual Startup Time": 0.123,
                                                                                                        "Actual Total Time": 2.09,
                                                                                                        "Actual Rows": 9,
                                                                                                        "Actual Loops": 6,
                                                                                                        "Filter": "((name)::text = 'javascript'::text)",
                                                                                                        "Rows Removed by Filter": 31120,
                                                                                                        "Workers": []
                                                                                                    }
                                                                                                ]
                                                                                            }
                                                                                        ]
                                                                                    },
                                                                                    {
                                                                                        "Node Type": "Hash",
                                                                                        "Parent Relationship": "Inner",
                                                                                        "Parallel Aware": true,
                                                                                        "Async Capable": false,
                                                                                        "Startup Cost": 2745.28,
                                                                                        "Total Cost": 2745.28,
                                                                                        "Plan Rows": 1,
                                                                                        "Plan Width": 32,
                                                                                        "Actual Startup Time": 85.147,
                                                                                        "Actual Total Time": 85.15,
                                                                                        "Actual Rows": 1354,
                                                                                        "Actual Loops": 6,
                                                                                        "Hash Buckets": 8192,
                                                                                        "Original Hash Buckets": 1024,
                                                                                        "Hash Batches": 1,
                                                                                        "Original Hash Batches": 1,
                                                                                        "Peak Memory Usage": 632,
                                                                                        "Workers": [],
                                                                                        "Plans": [
                                                                                            {
                                                                                                "Node Type": "Nested Loop",
                                                                                                "Parent Relationship": "Outer",
                                                                                                "Parallel Aware": false,
                                                                                                "Async Capable": false,
                                                                                                "Join Type": "Inner",
                                                                                                "Startup Cost": 4.61,
                                                                                                "Total Cost": 2745.28,
                                                                                                "Plan Rows": 1,
                                                                                                "Plan Width": 32,
                                                                                                "Actual Startup Time": 1.782,
                                                                                                "Actual Total Time": 15.496,
                                                                                                "Actual Rows": 1354,
                                                                                                "Actual Loops": 6,
                                                                                                "Inner Unique": true,
                                                                                                "Join Filter": "(t1.site_id = u1.site_id)",
                                                                                                "Rows Removed by Join Filter": 0,
                                                                                                "Workers": [],
                                                                                                "Plans": [
                                                                                                    {
                                                                                                        "Node Type": "Nested Loop",
                                                                                                        "Parent Relationship": "Outer",
                                                                                                        "Parallel Aware": false,
                                                                                                        "Async Capable": false,
                                                                                                        "Join Type": "Inner",
                                                                                                        "Startup Cost": 4.17,
                                                                                                        "Total Cost": 2737.64,
                                                                                                        "Plan Rows": 1,
                                                                                                        "Plan Width": 28,
                                                                                                        "Actual Startup Time": 1.777,
                                                                                                        "Actual Total Time": 10.291,
                                                                                                        "Actual Rows": 1354,
                                                                                                        "Actual Loops": 6,
                                                                                                        "Inner Unique": false,
                                                                                                        "Join Filter": "(t1.site_id = a1.site_id)",
                                                                                                        "Rows Removed by Join Filter": 0,
                                                                                                        "Workers": [],
                                                                                                        "Plans": [
                                                                                                            {
                                                                                                                "Node Type": "Nested Loop",
                                                                                                                "Parent Relationship": "Outer",
                                                                                                                "Parallel Aware": false,
                                                                                                                "Async Capable": false,
                                                                                                                "Join Type": "Inner",
                                                                                                                "Startup Cost": 3.74,
                                                                                                                "Total Cost": 2638.48,
                                                                                                                "Plan Rows": 13,
                                                                                                                "Plan Width": 16,
                                                                                                                "Actual Startup Time": 1.773,
                                                                                                                "Actual Total Time": 4.634,
                                                                                                                "Actual Rows": 2010,
                                                                                                                "Actual Loops": 6,
                                                                                                                "Inner Unique": false,
                                                                                                                "Workers": [],
                                                                                                                "Plans": [
                                                                                                                    {
                                                                                                                        "Node Type": "Hash Join",
                                                                                                                        "Parent Relationship": "Outer",
                                                                                                                        "Parallel Aware": false,
                                                                                                                        "Async Capable": false,
                                                                                                                        "Join Type": "Inner",
                                                                                                                        "Startup Cost": 3.18,
                                                                                                                        "Total Cost": 2576.49,
                                                                                                                        "Plan Rows": 1,
                                                                                                                        "Plan Width": 12,
                                                                                                                        "Actual Startup Time": 1.764,
                                                                                                                        "Actual Total Time": 1.766,
                                                                                                                        "Actual Rows": 0,
                                                                                                                        "Actual Loops": 6,
                                                                                                                        "Inner Unique": true,
                                                                                                                        "Hash Cond": "(t1.site_id = s1.site_id)",
                                                                                                                        "Workers": [],
                                                                                                                        "Plans": [
                                                                                                                            {
                                                                                                                                "Node Type": "Seq Scan",
                                                                                                                                "Parent Relationship": "Outer",
                                                                                                                                "Parallel Aware": true,
                                                                                                                                "Async Capable": false,
                                                                                                                                "Relation Name": "tag",
                                                                                                                                "Alias": "t1",
                                                                                                                                "Startup Cost": 0.0,
                                                                                                                                "Total Cost": 2573.31,
                                                                                                                                "Plan Rows": 2,
                                                                                                                                "Plan Width": 8,
                                                                                                                                "Actual Startup Time": 1.406,
                                                                                                                                "Actual Total Time": 1.751,
                                                                                                                                "Actual Rows": 0,
                                                                                                                                "Actual Loops": 6,
                                                                                                                                "Filter": "((name)::text = 'file-io'::text)",
                                                                                                                                "Rows Removed by Filter": 31128,
                                                                                                                                "Workers": []
                                                                                                                            },
                                                                                                                            {
                                                                                                                                "Node Type": "Hash",
                                                                                                                                "Parent Relationship": "Inner",
                                                                                                                                "Parallel Aware": false,
                                                                                                                                "Async Capable": false,
                                                                                                                                "Startup Cost": 3.16,
                                                                                                                                "Total Cost": 3.16,
                                                                                                                                "Plan Rows": 1,
                                                                                                                                "Plan Width": 4,
                                                                                                                                "Actual Startup Time": 0.021,
                                                                                                                                "Actual Total Time": 0.021,
                                                                                                                                "Actual Rows": 1,
                                                                                                                                "Actual Loops": 3,
                                                                                                                                "Hash Buckets": 1024,
                                                                                                                                "Original Hash Buckets": 1024,
                                                                                                                                "Hash Batches": 1,
                                                                                                                                "Original Hash Batches": 1,
                                                                                                                                "Peak Memory Usage": 9,
                                                                                                                                "Workers": [],
                                                                                                                                "Plans": [
                                                                                                                                    {
                                                                                                                                        "Node Type": "Seq Scan",
                                                                                                                                        "Parent Relationship": "Outer",
                                                                                                                                        "Parallel Aware": false,
                                                                                                                                        "Async Capable": false,
                                                                                                                                        "Relation Name": "site",
                                                                                                                                        "Alias": "s1",
                                                                                                                                        "Startup Cost": 0.0,
                                                                                                                                        "Total Cost": 3.16,
                                                                                                                                        "Plan Rows": 1,
                                                                                                                                        "Plan Width": 4,
                                                                                                                                        "Actual Startup Time": 0.015,
                                                                                                                                        "Actual Total Time": 0.017,
                                                                                                                                        "Actual Rows": 1,
                                                                                                                                        "Actual Loops": 3,
                                                                                                                                        "Filter": "((site_name)::text = 'stackoverflow'::text)",
                                                                                                                                        "Rows Removed by Filter": 172,
                                                                                                                                        "Workers": []
                                                                                                                                    }
                                                                                                                                ]
                                                                                                                            }
                                                                                                                        ]
                                                                                                                    },
                                                                                                                    {
                                                                                                                        "Node Type": "Index Only Scan",
                                                                                                                        "Parent Relationship": "Inner",
                                                                                                                        "Parallel Aware": false,
                                                                                                                        "Async Capable": false,
                                                                                                                        "Scan Direction": "Forward",
                                                                                                                        "Index Name": "tag_question_site_id_tag_id_question_id_idx",
                                                                                                                        "Relation Name": "tag_question",
                                                                                                                        "Alias": "tq1",
                                                                                                                        "Startup Cost": 0.56,
                                                                                                                        "Total Cost": 61.69,
                                                                                                                        "Plan Rows": 31,
                                                                                                                        "Plan Width": 12,
                                                                                                                        "Actual Startup Time": 0.049,
                                                                                                                        "Actual Total Time": 16.496,
                                                                                                                        "Actual Rows": 12063,
                                                                                                                        "Actual Loops": 1,
                                                                                                                        "Index Cond": "((site_id = t1.site_id) AND (tag_id = t1.id))",
                                                                                                                        "Rows Removed by Index Recheck": 0,
                                                                                                                        "Heap Fetches": 12063,
                                                                                                                        "Workers": []
                                                                                                                    }
                                                                                                                ]
                                                                                                            },
                                                                                                            {
                                                                                                                "Node Type": "Index Scan",
                                                                                                                "Parent Relationship": "Inner",
                                                                                                                "Parallel Aware": false,
                                                                                                                "Async Capable": false,
                                                                                                                "Scan Direction": "Forward",
                                                                                                                "Index Name": "answer_site_id_question_id_idx",
                                                                                                                "Relation Name": "answer",
                                                                                                                "Alias": "a1",
                                                                                                                "Startup Cost": 0.43,
                                                                                                                "Total Cost": 7.62,
                                                                                                                "Plan Rows": 1,
                                                                                                                "Plan Width": 12,
                                                                                                                "Actual Startup Time": 0.002,
                                                                                                                "Actual Total Time": 0.003,
                                                                                                                "Actual Rows": 1,
                                                                                                                "Actual Loops": 12063,
                                                                                                                "Index Cond": "((site_id = tq1.site_id) AND (question_id = tq1.question_id))",
                                                                                                                "Rows Removed by Index Recheck": 0,
                                                                                                                "Workers": []
                                                                                                            }
                                                                                                        ]
                                                                                                    },
                                                                                                    {
                                                                                                        "Node Type": "Index Scan",
                                                                                                        "Parent Relationship": "Inner",
                                                                                                        "Parallel Aware": false,
                                                                                                        "Async Capable": false,
                                                                                                        "Scan Direction": "Forward",
                                                                                                        "Index Name": "so_user_pkey",
                                                                                                        "Relation Name": "so_user",
                                                                                                        "Alias": "u1",
                                                                                                        "Startup Cost": 0.44,
                                                                                                        "Total Cost": 7.63,
                                                                                                        "Plan Rows": 1,
                                                                                                        "Plan Width": 12,
                                                                                                        "Actual Startup Time": 0.004,
                                                                                                        "Actual Total Time": 0.004,
                                                                                                        "Actual Rows": 1,
                                                                                                        "Actual Loops": 8125,
                                                                                                        "Index Cond": "((id = a1.owner_user_id) AND (site_id = a1.site_id))",
                                                                                                        "Rows Removed by Index Recheck": 0,
                                                                                                        "Workers": []
                                                                                                    }
                                                                                                ]
                                                                                            }
                                                                                        ]
                                                                                    }
                                                                                ]
                                                                            }
                                                                        ]
                                                                    },
                                                                    {
                                                                        "Node Type": "Index Scan",
                                                                        "Parent Relationship": "Inner",
                                                                        "Parallel Aware": false,
                                                                        "Async Capable": false,
                                                                        "Scan Direction": "Forward",
                                                                        "Index Name": "question_owner_user_id_idx",
                                                                        "Relation Name": "question",
                                                                        "Alias": "q2",
                                                                        "Startup Cost": 0.43,
                                                                        "Total Cost": 74.45,
                                                                        "Plan Rows": 1,
                                                                        "Plan Width": 12,
                                                                        "Actual Startup Time": 0.007,
                                                                        "Actual Total Time": 0.008,
                                                                        "Actual Rows": 1,
                                                                        "Actual Loops": 217,
                                                                        "Index Cond": "(owner_user_id = u2.id)",
                                                                        "Rows Removed by Index Recheck": 0,
                                                                        "Filter": "(site_id = u2.site_id)",
                                                                        "Rows Removed by Filter": 10
                                                                    }
                                                                ]
                                                            },
                                                            {
                                                                "Node Type": "Index Only Scan",
                                                                "Parent Relationship": "Inner",
                                                                "Parallel Aware": false,
                                                                "Async Capable": false,
                                                                "Scan Direction": "Forward",
                                                                "Index Name": "question_pkey",
                                                                "Relation Name": "question",
                                                                "Alias": "q1",
                                                                "Startup Cost": 0.43,
                                                                "Total Cost": 4.04,
                                                                "Plan Rows": 1,
                                                                "Plan Width": 8,
                                                                "Actual Startup Time": 0.001,
                                                                "Actual Total Time": 0.001,
                                                                "Actual Rows": 1,
                                                                "Actual Loops": 171,
                                                                "Index Cond": "((id = tq1.question_id) AND (site_id = tq1.site_id))",
                                                                "Rows Removed by Index Recheck": 0,
                                                                "Heap Fetches": 0
                                                            }
                                                        ]
                                                    },
                                                    {
                                                        "Node Type": "Index Only Scan",
                                                        "Parent Relationship": "Inner",
                                                        "Parallel Aware": false,
                                                        "Async Capable": false,
                                                        "Scan Direction": "Forward",
                                                        "Index Name": "tag_question_pkey",
                                                        "Relation Name": "tag_question",
                                                        "Alias": "tq2",
                                                        "Startup Cost": 0.56,
                                                        "Total Cost": 7.77,
                                                        "Plan Rows": 1,
                                                        "Plan Width": 12,
                                                        "Actual Startup Time": 0.002,
                                                        "Actual Total Time": 0.002,
                                                        "Actual Rows": 3,
                                                        "Actual Loops": 171,
                                                        "Index Cond": "((site_id = q2.site_id) AND (question_id = q2.id))",
                                                        "Rows Removed by Index Recheck": 0,
                                                        "Heap Fetches": 467
                                                    }
                                                ]
                                            },
                                            {
                                                "Node Type": "Index Scan",
                                                "Parent Relationship": "Inner",
                                                "Parallel Aware": false,
                                                "Async Capable": false,
                                                "Scan Direction": "Forward",
                                                "Index Name": "account_pkey",
                                                "Relation Name": "account",
                                                "Alias": "account",
                                                "Startup Cost": 0.43,
                                                "Total Cost": 7.62,
                                                "Plan Rows": 1,
                                                "Plan Width": 15,
                                                "Actual Startup Time": 0.002,
                                                "Actual Total Time": 0.002,
                                                "Actual Rows": 1,
                                                "Actual Loops": 13,
                                                "Index Cond": "(id = u1.account_id)",
                                                "Rows Removed by Index Recheck": 0
                                            }
                                        ]
                                    }
                                ]
                            }
                        ]
                    },
                    "Planning Time": 60.974,
                    "Triggers": [],
                    "Execution Time": 388.776
                }
            ],
            "hints": [
                "SET enable_hashjoin TO on",
                "SET enable_indexonlyscan TO on",
                "SET enable_indexscan TO on",
                "SET enable_mergejoin TO off",
                "SET enable_nestloop TO on",
                "SET enable_seqscan TO on"
            ]
        }
    ]
}