{
    "sql_file": "soload_q10-002.sql",
    "query": "select count(distinct q1.id) from\nsite, post_link pl1, post_link pl2, question q1, question q2, question q3 where\n\nsite.site_name = 'hinduism' and\nq1.site_id = site.site_id and\nq1.site_id = q2.site_id and\nq2.site_id = q3.site_id and\n\npl1.site_id = q1.site_id and\npl1.post_id_from = q1.id and\npl1.post_id_to = q2.id and\n\npl2.site_id = q1.site_id and\npl2.post_id_from = q2.id and\npl2.post_id_to = q3.id and\n\nexists ( select * from comment where comment.site_id = q3.site_id and comment.post_id = q3.id ) and\nexists ( select * from comment where comment.site_id = q2.site_id and comment.post_id = q2.id ) and\nexists ( select * from comment where comment.site_id = q1.site_id and comment.post_id = q1.id ) and\n\nq1.score > q3.score;",
    "results": [
        {
            "arm": 0,
            "execution_time": 159.671,
            "plan": [
                {
                    "Plan": {
                        "Node Type": "Aggregate",
                        "Strategy": "Plain",
                        "Partial Mode": "Simple",
                        "Parallel Aware": false,
                        "Async Capable": false,
                        "Startup Cost": 44963.04,
                        "Total Cost": 44963.05,
                        "Plan Rows": 1,
                        "Plan Width": 8,
                        "Actual Startup Time": 157.691,
                        "Actual Total Time": 159.613,
                        "Actual Rows": 1,
                        "Actual Loops": 1,
                        "Plans": [
                            {
                                "Node Type": "Gather Merge",
                                "Parent Relationship": "Outer",
                                "Parallel Aware": false,
                                "Async Capable": false,
                                "Startup Cost": 44956.75,
                                "Total Cost": 44962.91,
                                "Plan Rows": 52,
                                "Plan Width": 4,
                                "Actual Startup Time": 157.588,
                                "Actual Total Time": 159.573,
                                "Actual Rows": 698,
                                "Actual Loops": 1,
                                "Workers Planned": 3,
                                "Workers Launched": 3,
                                "Plans": [
                                    {
                                        "Node Type": "Sort",
                                        "Parent Relationship": "Outer",
                                        "Parallel Aware": false,
                                        "Async Capable": false,
                                        "Startup Cost": 43956.71,
                                        "Total Cost": 43956.76,
                                        "Plan Rows": 17,
                                        "Plan Width": 4,
                                        "Actual Startup Time": 154.403,
                                        "Actual Total Time": 154.414,
                                        "Actual Rows": 174,
                                        "Actual Loops": 4,
                                        "Sort Key": [
                                            "q1.id"
                                        ],
                                        "Sort Method": "quicksort",
                                        "Sort Space Used": 25,
                                        "Sort Space Type": "Memory",
                                        "Workers": [
                                            {
                                                "Worker Number": 0,
                                                "Sort Method": "quicksort",
                                                "Sort Space Used": 25,
                                                "Sort Space Type": "Memory"
                                            },
                                            {
                                                "Worker Number": 1,
                                                "Sort Method": "quicksort",
                                                "Sort Space Used": 25,
                                                "Sort Space Type": "Memory"
                                            },
                                            {
                                                "Worker Number": 2,
                                                "Sort Method": "quicksort",
                                                "Sort Space Used": 25,
                                                "Sort Space Type": "Memory"
                                            }
                                        ],
                                        "Plans": [
                                            {
                                                "Node Type": "Nested Loop",
                                                "Parent Relationship": "Outer",
                                                "Parallel Aware": false,
                                                "Async Capable": false,
                                                "Join Type": "Semi",
                                                "Startup Cost": 15769.47,
                                                "Total Cost": 43956.37,
                                                "Plan Rows": 17,
                                                "Plan Width": 4,
                                                "Actual Startup Time": 25.153,
                                                "Actual Total Time": 154.367,
                                                "Actual Rows": 174,
                                                "Actual Loops": 4,
                                                "Inner Unique": false,
                                                "Join Filter": "(pl1.post_id_from = comment_2.post_id)",
                                                "Rows Removed by Join Filter": 0,
                                                "Workers": [],
                                                "Plans": [
                                                    {
                                                        "Node Type": "Nested Loop",
                                                        "Parent Relationship": "Outer",
                                                        "Parallel Aware": false,
                                                        "Async Capable": false,
                                                        "Join Type": "Semi",
                                                        "Startup Cost": 15768.9,
                                                        "Total Cost": 43933.1,
                                                        "Plan Rows": 17,
                                                        "Plan Width": 40,
                                                        "Actual Startup Time": 25.097,
                                                        "Actual Total Time": 153.539,
                                                        "Actual Rows": 185,
                                                        "Actual Loops": 4,
                                                        "Inner Unique": false,
                                                        "Join Filter": "((q1.site_id = comment_1.site_id) AND (pl1.post_id_to = comment_1.post_id))",
                                                        "Rows Removed by Join Filter": 0,
                                                        "Workers": [],
                                                        "Plans": [
                                                            {
                                                                "Node Type": "Nested Loop",
                                                                "Parent Relationship": "Outer",
                                                                "Parallel Aware": false,
                                                                "Async Capable": false,
                                                                "Join Type": "Semi",
                                                                "Startup Cost": 15768.34,
                                                                "Total Cost": 43909.83,
                                                                "Plan Rows": 17,
                                                                "Plan Width": 48,
                                                                "Actual Startup Time": 24.82,
                                                                "Actual Total Time": 152.7,
                                                                "Actual Rows": 203,
                                                                "Actual Loops": 4,
                                                                "Inner Unique": false,
                                                                "Join Filter": "((q1.site_id = comment.site_id) AND (pl2.post_id_to = comment.post_id))",
                                                                "Rows Removed by Join Filter": 0,
                                                                "Workers": [],
                                                                "Plans": [
                                                                    {
                                                                        "Node Type": "Nested Loop",
                                                                        "Parent Relationship": "Outer",
                                                                        "Parallel Aware": false,
                                                                        "Async Capable": false,
                                                                        "Join Type": "Inner",
                                                                        "Startup Cost": 15767.77,
                                                                        "Total Cost": 43886.57,
                                                                        "Plan Rows": 17,
                                                                        "Plan Width": 52,
                                                                        "Actual Startup Time": 24.43,
                                                                        "Actual Total Time": 151.026,
                                                                        "Actual Rows": 246,
                                                                        "Actual Loops": 4,
                                                                        "Inner Unique": true,
                                                                        "Join Filter": "(q1.site_id = q2.site_id)",
                                                                        "Rows Removed by Join Filter": 0,
                                                                        "Workers": [],
                                                                        "Plans": [
                                                                            {
                                                                                "Node Type": "Nested Loop",
                                                                                "Parent Relationship": "Outer",
                                                                                "Parallel Aware": false,
                                                                                "Async Capable": false,
                                                                                "Join Type": "Inner",
                                                                                "Startup Cost": 15767.33,
                                                                                "Total Cost": 43813.28,
                                                                                "Plan Rows": 17,
                                                                                "Plan Width": 44,
                                                                                "Actual Startup Time": 24.353,
                                                                                "Actual Total Time": 149.689,
                                                                                "Actual Rows": 246,
                                                                                "Actual Loops": 4,
                                                                                "Inner Unique": true,
                                                                                "Join Filter": "((q1.score > q3.score) AND (q1.site_id = q3.site_id))",
                                                                                "Rows Removed by Join Filter": 1123,
                                                                                "Workers": [],
                                                                                "Plans": [
                                                                                    {
                                                                                        "Node Type": "Nested Loop",
                                                                                        "Parent Relationship": "Outer",
                                                                                        "Parallel Aware": false,
                                                                                        "Async Capable": false,
                                                                                        "Join Type": "Inner",
                                                                                        "Startup Cost": 15766.9,
                                                                                        "Total Cost": 43405.32,
                                                                                        "Plan Rows": 50,
                                                                                        "Plan Width": 40,
                                                                                        "Actual Startup Time": 23.797,
                                                                                        "Actual Total Time": 139.432,
                                                                                        "Actual Rows": 1369,
                                                                                        "Actual Loops": 4,
                                                                                        "Inner Unique": true,
                                                                                        "Join Filter": "(site.site_id = q1.site_id)",
                                                                                        "Rows Removed by Join Filter": 0,
                                                                                        "Workers": [],
                                                                                        "Plans": [
                                                                                            {
                                                                                                "Node Type": "Hash Join",
                                                                                                "Parent Relationship": "Outer",
                                                                                                "Parallel Aware": false,
                                                                                                "Async Capable": false,
                                                                                                "Join Type": "Inner",
                                                                                                "Startup Cost": 15766.46,
                                                                                                "Total Cost": 42997.49,
                                                                                                "Plan Rows": 50,
                                                                                                "Plan Width": 28,
                                                                                                "Actual Startup Time": 23.617,
                                                                                                "Actual Total Time": 130.657,
                                                                                                "Actual Rows": 1369,
                                                                                                "Actual Loops": 4,
                                                                                                "Inner Unique": false,
                                                                                                "Hash Cond": "((pl1.site_id = site.site_id) AND (pl1.post_id_to = pl2.post_id_from))",
                                                                                                "Workers": [],
                                                                                                "Plans": [
                                                                                                    {
                                                                                                        "Node Type": "Seq Scan",
                                                                                                        "Parent Relationship": "Outer",
                                                                                                        "Parallel Aware": true,
                                                                                                        "Async Capable": false,
                                                                                                        "Relation Name": "post_link",
                                                                                                        "Alias": "pl1",
                                                                                                        "Startup Cost": 0.0,
                                                                                                        "Total Cost": 21752.3,
                                                                                                        "Plan Rows": 730430,
                                                                                                        "Plan Width": 12,
                                                                                                        "Actual Startup Time": 3.377,
                                                                                                        "Actual Total Time": 94.532,
                                                                                                        "Actual Rows": 566083,
                                                                                                        "Actual Loops": 4,
                                                                                                        "Workers": []
                                                                                                    },
                                                                                                    {
                                                                                                        "Node Type": "Hash",
                                                                                                        "Parent Relationship": "Inner",
                                                                                                        "Parallel Aware": false,
                                                                                                        "Async Capable": false,
                                                                                                        "Startup Cost": 15570.13,
                                                                                                        "Total Cost": 15570.13,
                                                                                                        "Plan Rows": 13089,
                                                                                                        "Plan Width": 16,
                                                                                                        "Actual Startup Time": 4.986,
                                                                                                        "Actual Total Time": 4.988,
                                                                                                        "Actual Rows": 4342,
                                                                                                        "Actual Loops": 4,
                                                                                                        "Hash Buckets": 16384,
                                                                                                        "Original Hash Buckets": 16384,
                                                                                                        "Hash Batches": 1,
                                                                                                        "Original Hash Batches": 1,
                                                                                                        "Peak Memory Usage": 332,
                                                                                                        "Workers": [],
                                                                                                        "Plans": [
                                                                                                            {
                                                                                                                "Node Type": "Nested Loop",
                                                                                                                "Parent Relationship": "Outer",
                                                                                                                "Parallel Aware": false,
                                                                                                                "Async Capable": false,
                                                                                                                "Join Type": "Inner",
                                                                                                                "Startup Cost": 330.94,
                                                                                                                "Total Cost": 15570.13,
                                                                                                                "Plan Rows": 13089,
                                                                                                                "Plan Width": 16,
                                                                                                                "Actual Startup Time": 2.505,
                                                                                                                "Actual Total Time": 4.528,
                                                                                                                "Actual Rows": 4342,
                                                                                                                "Actual Loops": 4,
                                                                                                                "Inner Unique": false,
                                                                                                                "Workers": [],
                                                                                                                "Plans": [
                                                                                                                    {
                                                                                                                        "Node Type": "Index Scan",
                                                                                                                        "Parent Relationship": "Outer",
                                                                                                                        "Parallel Aware": false,
                                                                                                                        "Async Capable": false,
                                                                                                                        "Scan Direction": "Forward",
                                                                                                                        "Index Name": "site_pkey",
                                                                                                                        "Relation Name": "site",
                                                                                                                        "Alias": "site",
                                                                                                                        "Startup Cost": 0.14,
                                                                                                                        "Total Cost": 15.17,
                                                                                                                        "Plan Rows": 1,
                                                                                                                        "Plan Width": 4,
                                                                                                                        "Actual Startup Time": 0.113,
                                                                                                                        "Actual Total Time": 0.135,
                                                                                                                        "Actual Rows": 1,
                                                                                                                        "Actual Loops": 4,
                                                                                                                        "Filter": "((site_name)::text = 'hinduism'::text)",
                                                                                                                        "Rows Removed by Filter": 172,
                                                                                                                        "Workers": []
                                                                                                                    },
                                                                                                                    {
                                                                                                                        "Node Type": "Bitmap Heap Scan",
                                                                                                                        "Parent Relationship": "Inner",
                                                                                                                        "Parallel Aware": false,
                                                                                                                        "Async Capable": false,
                                                                                                                        "Relation Name": "post_link",
                                                                                                                        "Alias": "pl2",
                                                                                                                        "Startup Cost": 330.8,
                                                                                                                        "Total Cost": 15412.55,
                                                                                                                        "Plan Rows": 14241,
                                                                                                                        "Plan Width": 12,
                                                                                                                        "Actual Startup Time": 2.389,
                                                                                                                        "Actual Total Time": 4.121,
                                                                                                                        "Actual Rows": 4342,
                                                                                                                        "Actual Loops": 4,
                                                                                                                        "Recheck Cond": "(site.site_id = site_id)",
                                                                                                                        "Rows Removed by Index Recheck": 0,
                                                                                                                        "Exact Heap Blocks": 29,
                                                                                                                        "Lossy Heap Blocks": 0,
                                                                                                                        "Workers": [],
                                                                                                                        "Plans": [
                                                                                                                            {
                                                                                                                                "Node Type": "Bitmap Index Scan",
                                                                                                                                "Parent Relationship": "Outer",
                                                                                                                                "Parallel Aware": false,
                                                                                                                                "Async Capable": false,
                                                                                                                                "Index Name": "post_link_pkey",
                                                                                                                                "Startup Cost": 0.0,
                                                                                                                                "Total Cost": 327.24,
                                                                                                                                "Plan Rows": 14241,
                                                                                                                                "Plan Width": 0,
                                                                                                                                "Actual Startup Time": 2.365,
                                                                                                                                "Actual Total Time": 2.366,
                                                                                                                                "Actual Rows": 4342,
                                                                                                                                "Actual Loops": 4,
                                                                                                                                "Index Cond": "(site_id = site.site_id)",
                                                                                                                                "Workers": []
                                                                                                                            }
                                                                                                                        ]
                                                                                                                    }
                                                                                                                ]
                                                                                                            }
                                                                                                        ]
                                                                                                    }
                                                                                                ]
                                                                                            },
                                                                                            {
                                                                                                "Node Type": "Index Scan",
                                                                                                "Parent Relationship": "Inner",
                                                                                                "Parallel Aware": false,
                                                                                                "Async Capable": false,
                                                                                                "Scan Direction": "Forward",
                                                                                                "Index Name": "question_pkey",
                                                                                                "Relation Name": "question",
                                                                                                "Alias": "q1",
                                                                                                "Startup Cost": 0.43,
                                                                                                "Total Cost": 8.14,
                                                                                                "Plan Rows": 1,
                                                                                                "Plan Width": 12,
                                                                                                "Actual Startup Time": 0.006,
                                                                                                "Actual Total Time": 0.006,
                                                                                                "Actual Rows": 1,
                                                                                                "Actual Loops": 5475,
                                                                                                "Index Cond": "((id = pl1.post_id_from) AND (site_id = pl1.site_id))",
                                                                                                "Rows Removed by Index Recheck": 0,
                                                                                                "Workers": []
                                                                                            }
                                                                                        ]
                                                                                    },
                                                                                    {
                                                                                        "Node Type": "Index Scan",
                                                                                        "Parent Relationship": "Inner",
                                                                                        "Parallel Aware": false,
                                                                                        "Async Capable": false,
                                                                                        "Scan Direction": "Forward",
                                                                                        "Index Name": "question_pkey",
                                                                                        "Relation Name": "question",
                                                                                        "Alias": "q3",
                                                                                        "Startup Cost": 0.43,
                                                                                        "Total Cost": 8.14,
                                                                                        "Plan Rows": 1,
                                                                                        "Plan Width": 12,
                                                                                        "Actual Startup Time": 0.007,
                                                                                        "Actual Total Time": 0.007,
                                                                                        "Actual Rows": 1,
                                                                                        "Actual Loops": 5475,
                                                                                        "Index Cond": "((id = pl2.post_id_to) AND (site_id = pl2.site_id))",
                                                                                        "Rows Removed by Index Recheck": 0,
                                                                                        "Workers": []
                                                                                    }
                                                                                ]
                                                                            },
                                                                            {
                                                                                "Node Type": "Index Only Scan",
                                                                                "Parent Relationship": "Inner",
                                                                                "Parallel Aware": false,
                                                                                "Async Capable": false,
                                                                                "Scan Direction": "Forward",
                                                                                "Index Name": "question_pkey",
                                                                                "Relation Name": "question",
                                                                                "Alias": "q2",
                                                                                "Startup Cost": 0.43,
                                                                                "Total Cost": 4.3,
                                                                                "Plan Rows": 1,
                                                                                "Plan Width": 8,
                                                                                "Actual Startup Time": 0.005,
                                                                                "Actual Total Time": 0.005,
                                                                                "Actual Rows": 1,
                                                                                "Actual Loops": 983,
                                                                                "Index Cond": "((id = pl1.post_id_to) AND (site_id = pl1.site_id))",
                                                                                "Rows Removed by Index Recheck": 0,
                                                                                "Heap Fetches": 0,
                                                                                "Workers": []
                                                                            }
                                                                        ]
                                                                    },
                                                                    {
                                                                        "Node Type": "Index Only Scan",
                                                                        "Parent Relationship": "Inner",
                                                                        "Parallel Aware": false,
                                                                        "Async Capable": false,
                                                                        "Scan Direction": "Forward",
                                                                        "Index Name": "comment_site_id_post_id_idx",
                                                                        "Relation Name": "comment",
                                                                        "Alias": "comment",
                                                                        "Startup Cost": 0.57,
                                                                        "Total Cost": 8.28,
                                                                        "Plan Rows": 1,
                                                                        "Plan Width": 8,
                                                                        "Actual Startup Time": 0.006,
                                                                        "Actual Total Time": 0.006,
                                                                        "Actual Rows": 1,
                                                                        "Actual Loops": 983,
                                                                        "Index Cond": "((site_id = q3.site_id) AND (post_id = q3.id))",
                                                                        "Rows Removed by Index Recheck": 0,
                                                                        "Heap Fetches": 813,
                                                                        "Workers": []
                                                                    }
                                                                ]
                                                            },
                                                            {
                                                                "Node Type": "Index Only Scan",
                                                                "Parent Relationship": "Inner",
                                                                "Parallel Aware": false,
                                                                "Async Capable": false,
                                                                "Scan Direction": "Forward",
                                                                "Index Name": "comment_site_id_post_id_idx",
                                                                "Relation Name": "comment",
                                                                "Alias": "comment_1",
                                                                "Startup Cost": 0.57,
                                                                "Total Cost": 8.28,
                                                                "Plan Rows": 1,
                                                                "Plan Width": 8,
                                                                "Actual Startup Time": 0.004,
                                                                "Actual Total Time": 0.004,
                                                                "Actual Rows": 1,
                                                                "Actual Loops": 813,
                                                                "Index Cond": "((site_id = q2.site_id) AND (post_id = q2.id))",
                                                                "Rows Removed by Index Recheck": 0,
                                                                "Heap Fetches": 741,
                                                                "Workers": []
                                                            }
                                                        ]
                                                    },
                                                    {
                                                        "Node Type": "Index Only Scan",
                                                        "Parent Relationship": "Inner",
                                                        "Parallel Aware": false,
                                                        "Async Capable": false,
                                                        "Scan Direction": "Forward",
                                                        "Index Name": "comment_site_id_post_id_idx",
                                                        "Relation Name": "comment",
                                                        "Alias": "comment_2",
                                                        "Startup Cost": 0.57,
                                                        "Total Cost": 8.28,
                                                        "Plan Rows": 1,
                                                        "Plan Width": 8,
                                                        "Actual Startup Time": 0.004,
                                                        "Actual Total Time": 0.004,
                                                        "Actual Rows": 1,
                                                        "Actual Loops": 741,
                                                        "Index Cond": "((site_id = q1.site_id) AND (post_id = q1.id))",
                                                        "Rows Removed by Index Recheck": 0,
                                                        "Heap Fetches": 698,
                                                        "Workers": []
                                                    }
                                                ]
                                            }
                                        ]
                                    }
                                ]
                            }
                        ]
                    },
                    "Planning Time": 120.513,
                    "Triggers": [],
                    "Execution Time": 159.671
                }
            ],
            "hints": [
                "SET enable_hashjoin TO on",
                "SET enable_indexonlyscan TO on",
                "SET enable_indexscan TO on",
                "SET enable_mergejoin TO on",
                "SET enable_nestloop TO on",
                "SET enable_seqscan TO on"
            ]
        },
        {
            "arm": 1,
            "execution_time": 12958.509,
            "plan": [
                {
                    "Plan": {
                        "Node Type": "Aggregate",
                        "Strategy": "Plain",
                        "Partial Mode": "Simple",
                        "Parallel Aware": false,
                        "Async Capable": false,
                        "Startup Cost": 13289412.34,
                        "Total Cost": 13289412.35,
                        "Plan Rows": 1,
                        "Plan Width": 8,
                        "Actual Startup Time": 11918.085,
                        "Actual Total Time": 12958.453,
                        "Actual Rows": 1,
                        "Actual Loops": 1,
                        "Plans": [
                            {
                                "Node Type": "Gather Merge",
                                "Parent Relationship": "Outer",
                                "Parallel Aware": false,
                                "Async Capable": false,
                                "Startup Cost": 13289405.83,
                                "Total Cost": 13289412.21,
                                "Plan Rows": 52,
                                "Plan Width": 4,
                                "Actual Startup Time": 11917.991,
                                "Actual Total Time": 12958.424,
                                "Actual Rows": 698,
                                "Actual Loops": 1,
                                "Workers Planned": 7,
                                "Workers Launched": 7,
                                "Plans": [
                                    {
                                        "Node Type": "Sort",
                                        "Parent Relationship": "Outer",
                                        "Parallel Aware": false,
                                        "Async Capable": false,
                                        "Startup Cost": 13288405.71,
                                        "Total Cost": 13288405.72,
                                        "Plan Rows": 7,
                                        "Plan Width": 4,
                                        "Actual Startup Time": 11915.081,
                                        "Actual Total Time": 11915.158,
                                        "Actual Rows": 87,
                                        "Actual Loops": 8,
                                        "Sort Key": [
                                            "q1.id"
                                        ],
                                        "Sort Method": "quicksort",
                                        "Sort Space Used": 25,
                                        "Sort Space Type": "Memory",
                                        "Workers": [
                                            {
                                                "Worker Number": 0,
                                                "Sort Method": "quicksort",
                                                "Sort Space Used": 25,
                                                "Sort Space Type": "Memory"
                                            },
                                            {
                                                "Worker Number": 1,
                                                "Sort Method": "quicksort",
                                                "Sort Space Used": 25,
                                                "Sort Space Type": "Memory"
                                            },
                                            {
                                                "Worker Number": 2,
                                                "Sort Method": "quicksort",
                                                "Sort Space Used": 25,
                                                "Sort Space Type": "Memory"
                                            },
                                            {
                                                "Worker Number": 3,
                                                "Sort Method": "quicksort",
                                                "Sort Space Used": 25,
                                                "Sort Space Type": "Memory"
                                            },
                                            {
                                                "Worker Number": 4,
                                                "Sort Method": "quicksort",
                                                "Sort Space Used": 25,
                                                "Sort Space Type": "Memory"
                                            },
                                            {
                                                "Worker Number": 5,
                                                "Sort Method": "quicksort",
                                                "Sort Space Used": 25,
                                                "Sort Space Type": "Memory"
                                            },
                                            {
                                                "Worker Number": 6,
                                                "Sort Method": "quicksort",
                                                "Sort Space Used": 25,
                                                "Sort Space Type": "Memory"
                                            }
                                        ],
                                        "Plans": [
                                            {
                                                "Node Type": "Hash Join",
                                                "Parent Relationship": "Outer",
                                                "Parallel Aware": true,
                                                "Async Capable": false,
                                                "Join Type": "Semi",
                                                "Startup Cost": 11440963.91,
                                                "Total Cost": 13288405.61,
                                                "Plan Rows": 7,
                                                "Plan Width": 4,
                                                "Actual Startup Time": 11321.108,
                                                "Actual Total Time": 11915.09,
                                                "Actual Rows": 87,
                                                "Actual Loops": 8,
                                                "Inner Unique": false,
                                                "Hash Cond": "((q1.site_id = comment_2.site_id) AND (pl1.post_id_from = comment_2.post_id))",
                                                "Workers": [],
                                                "Plans": [
                                                    {
                                                        "Node Type": "Hash Join",
                                                        "Parent Relationship": "Outer",
                                                        "Parallel Aware": true,
                                                        "Async Capable": false,
                                                        "Join Type": "Semi",
                                                        "Startup Cost": 8287221.09,
                                                        "Total Cost": 10084125.66,
                                                        "Plan Rows": 7,
                                                        "Plan Width": 40,
                                                        "Actual Startup Time": 7732.023,
                                                        "Actual Total Time": 8290.99,
                                                        "Actual Rows": 93,
                                                        "Actual Loops": 8,
                                                        "Inner Unique": false,
                                                        "Hash Cond": "((q1.site_id = comment_1.site_id) AND (pl1.post_id_to = comment_1.post_id))",
                                                        "Workers": [],
                                                        "Plans": [
                                                            {
                                                                "Node Type": "Hash Join",
                                                                "Parent Relationship": "Outer",
                                                                "Parallel Aware": true,
                                                                "Async Capable": false,
                                                                "Join Type": "Semi",
                                                                "Startup Cost": 5133478.26,
                                                                "Total Cost": 6879835.16,
                                                                "Plan Rows": 7,
                                                                "Plan Width": 48,
                                                                "Actual Startup Time": 4494.735,
                                                                "Actual Total Time": 5087.745,
                                                                "Actual Rows": 102,
                                                                "Actual Loops": 8,
                                                                "Inner Unique": false,
                                                                "Hash Cond": "((q1.site_id = comment.site_id) AND (pl2.post_id_to = comment.post_id))",
                                                                "Workers": [],
                                                                "Plans": [
                                                                    {
                                                                        "Node Type": "Hash Join",
                                                                        "Parent Relationship": "Outer",
                                                                        "Parallel Aware": true,
                                                                        "Async Capable": false,
                                                                        "Join Type": "Inner",
                                                                        "Startup Cost": 1979735.44,
                                                                        "Total Cost": 3675544.66,
                                                                        "Plan Rows": 7,
                                                                        "Plan Width": 52,
                                                                        "Actual Startup Time": 1924.456,
                                                                        "Actual Total Time": 1925.018,
                                                                        "Actual Rows": 123,
                                                                        "Actual Loops": 8,
                                                                        "Inner Unique": false,
                                                                        "Hash Cond": "((q1.site_id = site.site_id) AND (q1.id = pl1.post_id_from))",
                                                                        "Join Filter": "(q1.score > q3.score)",
                                                                        "Rows Removed by Join Filter": 562,
                                                                        "Workers": [],
                                                                        "Plans": [
                                                                            {
                                                                                "Node Type": "Seq Scan",
                                                                                "Parent Relationship": "Outer",
                                                                                "Parallel Aware": true,
                                                                                "Async Capable": false,
                                                                                "Relation Name": "question",
                                                                                "Alias": "q1",
                                                                                "Startup Cost": 0.0,
                                                                                "Total Cost": 1682252.12,
                                                                                "Plan Rows": 1807612,
                                                                                "Plan Width": 12,
                                                                                "Actual Startup Time": 0.024,
                                                                                "Actual Total Time": 398.225,
                                                                                "Actual Rows": 1583305,
                                                                                "Actual Loops": 8,
                                                                                "Workers": []
                                                                            },
                                                                            {
                                                                                "Node Type": "Hash",
                                                                                "Parent Relationship": "Inner",
                                                                                "Parallel Aware": true,
                                                                                "Async Capable": false,
                                                                                "Startup Cost": 1979735.11,
                                                                                "Total Cost": 1979735.11,
                                                                                "Plan Rows": 22,
                                                                                "Plan Width": 48,
                                                                                "Actual Startup Time": 1412.731,
                                                                                "Actual Total Time": 1412.739,
                                                                                "Actual Rows": 684,
                                                                                "Actual Loops": 8,
                                                                                "Hash Buckets": 8192,
                                                                                "Original Hash Buckets": 1024,
                                                                                "Hash Batches": 1,
                                                                                "Original Hash Batches": 1,
                                                                                "Peak Memory Usage": 600,
                                                                                "Workers": [],
                                                                                "Plans": [
                                                                                    {
                                                                                        "Node Type": "Hash Join",
                                                                                        "Parent Relationship": "Outer",
                                                                                        "Parallel Aware": true,
                                                                                        "Async Capable": false,
                                                                                        "Join Type": "Inner",
                                                                                        "Startup Cost": 283925.88,
                                                                                        "Total Cost": 1979735.11,
                                                                                        "Plan Rows": 22,
                                                                                        "Plan Width": 48,
                                                                                        "Actual Startup Time": 1031.696,
                                                                                        "Actual Total Time": 1032.35,
                                                                                        "Actual Rows": 684,
                                                                                        "Actual Loops": 8,
                                                                                        "Inner Unique": false,
                                                                                        "Hash Cond": "((q3.site_id = site.site_id) AND (q3.id = pl2.post_id_to))",
                                                                                        "Workers": [],
                                                                                        "Plans": [
                                                                                            {
                                                                                                "Node Type": "Seq Scan",
                                                                                                "Parent Relationship": "Outer",
                                                                                                "Parallel Aware": true,
                                                                                                "Async Capable": false,
                                                                                                "Relation Name": "question",
                                                                                                "Alias": "q3",
                                                                                                "Startup Cost": 0.0,
                                                                                                "Total Cost": 1682252.12,
                                                                                                "Plan Rows": 1807612,
                                                                                                "Plan Width": 12,
                                                                                                "Actual Startup Time": 0.019,
                                                                                                "Actual Total Time": 548.921,
                                                                                                "Actual Rows": 1583305,
                                                                                                "Actual Loops": 8,
                                                                                                "Workers": []
                                                                                            },
                                                                                            {
                                                                                                "Node Type": "Hash",
                                                                                                "Parent Relationship": "Inner",
                                                                                                "Parallel Aware": true,
                                                                                                "Async Capable": false,
                                                                                                "Startup Cost": 283925.13,
                                                                                                "Total Cost": 283925.13,
                                                                                                "Plan Rows": 50,
                                                                                                "Plan Width": 36,
                                                                                                "Actual Startup Time": 372.971,
                                                                                                "Actual Total Time": 372.977,
                                                                                                "Actual Rows": 684,
                                                                                                "Actual Loops": 8,
                                                                                                "Hash Buckets": 8192,
                                                                                                "Original Hash Buckets": 1024,
                                                                                                "Hash Batches": 1,
                                                                                                "Original Hash Batches": 1,
                                                                                                "Peak Memory Usage": 600,
                                                                                                "Workers": [],
                                                                                                "Plans": [
                                                                                                    {
                                                                                                        "Node Type": "Hash Join",
                                                                                                        "Parent Relationship": "Outer",
                                                                                                        "Parallel Aware": true,
                                                                                                        "Async Capable": false,
                                                                                                        "Join Type": "Inner",
                                                                                                        "Startup Cost": 256694.57,
                                                                                                        "Total Cost": 283925.13,
                                                                                                        "Plan Rows": 50,
                                                                                                        "Plan Width": 36,
                                                                                                        "Actual Startup Time": 341.551,
                                                                                                        "Actual Total Time": 347.729,
                                                                                                        "Actual Rows": 684,
                                                                                                        "Actual Loops": 8,
                                                                                                        "Inner Unique": false,
                                                                                                        "Hash Cond": "((pl1.site_id = site.site_id) AND (pl1.post_id_to = q2.id))",
                                                                                                        "Workers": [],
                                                                                                        "Plans": [
                                                                                                            {
                                                                                                                "Node Type": "Seq Scan",
                                                                                                                "Parent Relationship": "Outer",
                                                                                                                "Parallel Aware": true,
                                                                                                                "Async Capable": false,
                                                                                                                "Relation Name": "post_link",
                                                                                                                "Alias": "pl1",
                                                                                                                "Startup Cost": 0.0,
                                                                                                                "Total Cost": 21752.3,
                                                                                                                "Plan Rows": 730430,
                                                                                                                "Plan Width": 12,
                                                                                                                "Actual Startup Time": 0.004,
                                                                                                                "Actual Total Time": 12.266,
                                                                                                                "Actual Rows": 283042,
                                                                                                                "Actual Loops": 8,
                                                                                                                "Workers": []
                                                                                                            },
                                                                                                            {
                                                                                                                "Node Type": "Hash",
                                                                                                                "Parent Relationship": "Inner",
                                                                                                                "Parallel Aware": true,
                                                                                                                "Async Capable": false,
                                                                                                                "Startup Cost": 256631.24,
                                                                                                                "Total Cost": 256631.24,
                                                                                                                "Plan Rows": 4222,
                                                                                                                "Plan Width": 24,
                                                                                                                "Actual Startup Time": 320.67,
                                                                                                                "Actual Total Time": 320.674,
                                                                                                                "Actual Rows": 543,
                                                                                                                "Actual Loops": 8,
                                                                                                                "Hash Buckets": 16384,
                                                                                                                "Original Hash Buckets": 16384,
                                                                                                                "Hash Batches": 1,
                                                                                                                "Original Hash Batches": 1,
                                                                                                                "Peak Memory Usage": 480,
                                                                                                                "Workers": [],
                                                                                                                "Plans": [
                                                                                                                    {
                                                                                                                        "Node Type": "Hash Join",
                                                                                                                        "Parent Relationship": "Outer",
                                                                                                                        "Parallel Aware": true,
                                                                                                                        "Async Capable": false,
                                                                                                                        "Join Type": "Inner",
                                                                                                                        "Startup Cost": 229400.59,
                                                                                                                        "Total Cost": 256631.24,
                                                                                                                        "Plan Rows": 4222,
                                                                                                                        "Plan Width": 24,
                                                                                                                        "Actual Startup Time": 304.72,
                                                                                                                        "Actual Total Time": 320.525,
                                                                                                                        "Actual Rows": 543,
                                                                                                                        "Actual Loops": 8,
                                                                                                                        "Inner Unique": false,
                                                                                                                        "Hash Cond": "((pl2.site_id = site.site_id) AND (pl2.post_id_from = q2.id))",
                                                                                                                        "Workers": [],
                                                                                                                        "Plans": [
                                                                                                                            {
                                                                                                                                "Node Type": "Seq Scan",
                                                                                                                                "Parent Relationship": "Outer",
                                                                                                                                "Parallel Aware": true,
                                                                                                                                "Async Capable": false,
                                                                                                                                "Relation Name": "post_link",
                                                                                                                                "Alias": "pl2",
                                                                                                                                "Startup Cost": 0.0,
                                                                                                                                "Total Cost": 21752.3,
                                                                                                                                "Plan Rows": 730430,
                                                                                                                                "Plan Width": 12,
                                                                                                                                "Actual Startup Time": 0.006,
                                                                                                                                "Actual Total Time": 13.242,
                                                                                                                                "Actual Rows": 283042,
                                                                                                                                "Actual Loops": 8,
                                                                                                                                "Workers": []
                                                                                                                            },
                                                                                                                            {
                                                                                                                                "Node Type": "Hash",
                                                                                                                                "Parent Relationship": "Inner",
                                                                                                                                "Parallel Aware": true,
                                                                                                                                "Async Capable": false,
                                                                                                                                "Startup Cost": 229217.74,
                                                                                                                                "Total Cost": 229217.74,
                                                                                                                                "Plan Rows": 12190,
                                                                                                                                "Plan Width": 12,
                                                                                                                                "Actual Startup Time": 292.37,
                                                                                                                                "Actual Total Time": 292.373,
                                                                                                                                "Actual Rows": 865,
                                                                                                                                "Actual Loops": 8,
                                                                                                                                "Hash Buckets": 131072,
                                                                                                                                "Original Hash Buckets": 131072,
                                                                                                                                "Hash Batches": 1,
                                                                                                                                "Original Hash Batches": 1,
                                                                                                                                "Peak Memory Usage": 1536,
                                                                                                                                "Workers": [],
                                                                                                                                "Plans": [
                                                                                                                                    {
                                                                                                                                        "Node Type": "Hash Join",
                                                                                                                                        "Parent Relationship": "Outer",
                                                                                                                                        "Parallel Aware": false,
                                                                                                                                        "Async Capable": false,
                                                                                                                                        "Join Type": "Inner",
                                                                                                                                        "Startup Cost": 3.61,
                                                                                                                                        "Total Cost": 229217.74,
                                                                                                                                        "Plan Rows": 12190,
                                                                                                                                        "Plan Width": 12,
                                                                                                                                        "Actual Startup Time": 0.488,
                                                                                                                                        "Actual Total Time": 291.889,
                                                                                                                                        "Actual Rows": 865,
                                                                                                                                        "Actual Loops": 8,
                                                                                                                                        "Inner Unique": true,
                                                                                                                                        "Hash Cond": "(q2.site_id = site.site_id)",
                                                                                                                                        "Workers": [],
                                                                                                                                        "Plans": [
                                                                                                                                            {
                                                                                                                                                "Node Type": "Index Only Scan",
                                                                                                                                                "Parent Relationship": "Outer",
                                                                                                                                                "Parallel Aware": true,
                                                                                                                                                "Async Capable": false,
                                                                                                                                                "Scan Direction": "Forward",
                                                                                                                                                "Index Name": "question_pkey",
                                                                                                                                                "Relation Name": "question",
                                                                                                                                                "Alias": "q2",
                                                                                                                                                "Startup Cost": 0.43,
                                                                                                                                                "Total Cost": 223543.14,
                                                                                                                                                "Plan Rows": 2108881,
                                                                                                                                                "Plan Width": 8,
                                                                                                                                                "Actual Startup Time": 0.218,
                                                                                                                                                "Actual Total Time": 245.643,
                                                                                                                                                "Actual Rows": 1583305,
                                                                                                                                                "Actual Loops": 8,
                                                                                                                                                "Heap Fetches": 0,
                                                                                                                                                "Workers": []
                                                                                                                                            },
                                                                                                                                            {
                                                                                                                                                "Node Type": "Hash",
                                                                                                                                                "Parent Relationship": "Inner",
                                                                                                                                                "Parallel Aware": false,
                                                                                                                                                "Async Capable": false,
                                                                                                                                                "Startup Cost": 3.16,
                                                                                                                                                "Total Cost": 3.16,
                                                                                                                                                "Plan Rows": 1,
                                                                                                                                                "Plan Width": 4,
                                                                                                                                                "Actual Startup Time": 0.019,
                                                                                                                                                "Actual Total Time": 0.02,
                                                                                                                                                "Actual Rows": 1,
                                                                                                                                                "Actual Loops": 8,
                                                                                                                                                "Hash Buckets": 1024,
                                                                                                                                                "Original Hash Buckets": 1024,
                                                                                                                                                "Hash Batches": 1,
                                                                                                                                                "Original Hash Batches": 1,
                                                                                                                                                "Peak Memory Usage": 9,
                                                                                                                                                "Workers": [],
                                                                                                                                                "Plans": [
                                                                                                                                                    {
                                                                                                                                                        "Node Type": "Seq Scan",
                                                                                                                                                        "Parent Relationship": "Outer",
                                                                                                                                                        "Parallel Aware": false,
                                                                                                                                                        "Async Capable": false,
                                                                                                                                                        "Relation Name": "site",
                                                                                                                                                        "Alias": "site",
                                                                                                                                                        "Startup Cost": 0.0,
                                                                                                                                                        "Total Cost": 3.16,
                                                                                                                                                        "Plan Rows": 1,
                                                                                                                                                        "Plan Width": 4,
                                                                                                                                                        "Actual Startup Time": 0.014,
                                                                                                                                                        "Actual Total Time": 0.018,
                                                                                                                                                        "Actual Rows": 1,
                                                                                                                                                        "Actual Loops": 8,
                                                                                                                                                        "Filter": "((site_name)::text = 'hinduism'::text)",
                                                                                                                                                        "Rows Removed by Filter": 172,
                                                                                                                                                        "Workers": []
                                                                                                                                                    }
                                                                                                                                                ]
                                                                                                                                            }
                                                                                                                                        ]
                                                                                                                                    }
                                                                                                                                ]
                                                                                                                            }
                                                                                                                        ]
                                                                                                                    }
                                                                                                                ]
                                                                                                            }
                                                                                                        ]
                                                                                                    }
                                                                                                ]
                                                                                            }
                                                                                        ]
                                                                                    }
                                                                                ]
                                                                            }
                                                                        ]
                                                                    },
                                                                    {
                                                                        "Node Type": "Hash",
                                                                        "Parent Relationship": "Inner",
                                                                        "Parallel Aware": true,
                                                                        "Async Capable": false,
                                                                        "Startup Cost": 2909153.53,
                                                                        "Total Cost": 2909153.53,
                                                                        "Plan Rows": 12936953,
                                                                        "Plan Width": 8,
                                                                        "Actual Startup Time": 2521.73,
                                                                        "Actual Total Time": 2521.73,
                                                                        "Actual Rows": 12932495,
                                                                        "Actual Loops": 8,
                                                                        "Hash Buckets": 524288,
                                                                        "Original Hash Buckets": 524288,
                                                                        "Hash Batches": 512,
                                                                        "Original Hash Batches": 512,
                                                                        "Peak Memory Usage": 12160,
                                                                        "Workers": [],
                                                                        "Plans": [
                                                                            {
                                                                                "Node Type": "Seq Scan",
                                                                                "Parent Relationship": "Outer",
                                                                                "Parallel Aware": true,
                                                                                "Async Capable": false,
                                                                                "Relation Name": "comment",
                                                                                "Alias": "comment",
                                                                                "Startup Cost": 0.0,
                                                                                "Total Cost": 2909153.53,
                                                                                "Plan Rows": 12936953,
                                                                                "Plan Width": 8,
                                                                                "Actual Startup Time": 0.016,
                                                                                "Actual Total Time": 1209.353,
                                                                                "Actual Rows": 12932495,
                                                                                "Actual Loops": 8,
                                                                                "Workers": []
                                                                            }
                                                                        ]
                                                                    }
                                                                ]
                                                            },
                                                            {
                                                                "Node Type": "Hash",
                                                                "Parent Relationship": "Inner",
                                                                "Parallel Aware": true,
                                                                "Async Capable": false,
                                                                "Startup Cost": 2909153.53,
                                                                "Total Cost": 2909153.53,
                                                                "Plan Rows": 12936953,
                                                                "Plan Width": 8,
                                                                "Actual Startup Time": 2609.339,
                                                                "Actual Total Time": 2609.339,
                                                                "Actual Rows": 12932495,
                                                                "Actual Loops": 8,
                                                                "Hash Buckets": 524288,
                                                                "Original Hash Buckets": 524288,
                                                                "Hash Batches": 512,
                                                                "Original Hash Batches": 512,
                                                                "Peak Memory Usage": 12192,
                                                                "Workers": [],
                                                                "Plans": [
                                                                    {
                                                                        "Node Type": "Seq Scan",
                                                                        "Parent Relationship": "Outer",
                                                                        "Parallel Aware": true,
                                                                        "Async Capable": false,
                                                                        "Relation Name": "comment",
                                                                        "Alias": "comment_1",
                                                                        "Startup Cost": 0.0,
                                                                        "Total Cost": 2909153.53,
                                                                        "Plan Rows": 12936953,
                                                                        "Plan Width": 8,
                                                                        "Actual Startup Time": 0.02,
                                                                        "Actual Total Time": 1253.222,
                                                                        "Actual Rows": 12932495,
                                                                        "Actual Loops": 8,
                                                                        "Workers": []
                                                                    }
                                                                ]
                                                            }
                                                        ]
                                                    },
                                                    {
                                                        "Node Type": "Hash",
                                                        "Parent Relationship": "Inner",
                                                        "Parallel Aware": true,
                                                        "Async Capable": false,
                                                        "Startup Cost": 2909153.53,
                                                        "Total Cost": 2909153.53,
                                                        "Plan Rows": 12936953,
                                                        "Plan Width": 8,
                                                        "Actual Startup Time": 3012.545,
                                                        "Actual Total Time": 3012.546,
                                                        "Actual Rows": 12932495,
                                                        "Actual Loops": 8,
                                                        "Hash Buckets": 524288,
                                                        "Original Hash Buckets": 524288,
                                                        "Hash Batches": 512,
                                                        "Original Hash Batches": 512,
                                                        "Peak Memory Usage": 12160,
                                                        "Workers": [],
                                                        "Plans": [
                                                            {
                                                                "Node Type": "Seq Scan",
                                                                "Parent Relationship": "Outer",
                                                                "Parallel Aware": true,
                                                                "Async Capable": false,
                                                                "Relation Name": "comment",
                                                                "Alias": "comment_2",
                                                                "Startup Cost": 0.0,
                                                                "Total Cost": 2909153.53,
                                                                "Plan Rows": 12936953,
                                                                "Plan Width": 8,
                                                                "Actual Startup Time": 0.025,
                                                                "Actual Total Time": 1443.132,
                                                                "Actual Rows": 12932495,
                                                                "Actual Loops": 8,
                                                                "Workers": []
                                                            }
                                                        ]
                                                    }
                                                ]
                                            }
                                        ]
                                    }
                                ]
                            }
                        ]
                    },
                    "Planning Time": 118.012,
                    "Triggers": [],
                    "Execution Time": 12958.509
                }
            ],
            "hints": [
                "SET enable_hashjoin TO on",
                "SET enable_indexonlyscan TO on",
                "SET enable_indexscan TO on",
                "SET enable_mergejoin TO on",
                "SET enable_nestloop TO off",
                "SET enable_seqscan TO on"
            ]
        },
        {
            "arm": 2,
            "execution_time": 68.304,
            "plan": [
                {
                    "Plan": {
                        "Node Type": "Aggregate",
                        "Strategy": "Plain",
                        "Partial Mode": "Simple",
                        "Parallel Aware": false,
                        "Async Capable": false,
                        "Startup Cost": 45212.12,
                        "Total Cost": 45212.13,
                        "Plan Rows": 1,
                        "Plan Width": 8,
                        "Actual Startup Time": 64.919,
                        "Actual Total Time": 68.243,
                        "Actual Rows": 1,
                        "Actual Loops": 1,
                        "Plans": [
                            {
                                "Node Type": "Gather Merge",
                                "Parent Relationship": "Outer",
                                "Parallel Aware": false,
                                "Async Capable": false,
                                "Startup Cost": 45205.84,
                                "Total Cost": 45211.99,
                                "Plan Rows": 52,
                                "Plan Width": 4,
                                "Actual Startup Time": 64.832,
                                "Actual Total Time": 68.209,
                                "Actual Rows": 698,
                                "Actual Loops": 1,
                                "Workers Planned": 3,
                                "Workers Launched": 3,
                                "Plans": [
                                    {
                                        "Node Type": "Sort",
                                        "Parent Relationship": "Outer",
                                        "Parallel Aware": false,
                                        "Async Capable": false,
                                        "Startup Cost": 44205.8,
                                        "Total Cost": 44205.84,
                                        "Plan Rows": 17,
                                        "Plan Width": 4,
                                        "Actual Startup Time": 62.24,
                                        "Actual Total Time": 62.252,
                                        "Actual Rows": 174,
                                        "Actual Loops": 4,
                                        "Sort Key": [
                                            "q1.id"
                                        ],
                                        "Sort Method": "quicksort",
                                        "Sort Space Used": 25,
                                        "Sort Space Type": "Memory",
                                        "Workers": [
                                            {
                                                "Worker Number": 0,
                                                "Sort Method": "quicksort",
                                                "Sort Space Used": 25,
                                                "Sort Space Type": "Memory"
                                            },
                                            {
                                                "Worker Number": 1,
                                                "Sort Method": "quicksort",
                                                "Sort Space Used": 25,
                                                "Sort Space Type": "Memory"
                                            },
                                            {
                                                "Worker Number": 2,
                                                "Sort Method": "quicksort",
                                                "Sort Space Used": 25,
                                                "Sort Space Type": "Memory"
                                            }
                                        ],
                                        "Plans": [
                                            {
                                                "Node Type": "Nested Loop",
                                                "Parent Relationship": "Outer",
                                                "Parallel Aware": false,
                                                "Async Capable": false,
                                                "Join Type": "Semi",
                                                "Startup Cost": 15780.59,
                                                "Total Cost": 44205.45,
                                                "Plan Rows": 17,
                                                "Plan Width": 4,
                                                "Actual Startup Time": 6.456,
                                                "Actual Total Time": 62.215,
                                                "Actual Rows": 174,
                                                "Actual Loops": 4,
                                                "Inner Unique": false,
                                                "Join Filter": "(pl1.post_id_from = comment_2.post_id)",
                                                "Rows Removed by Join Filter": 0,
                                                "Workers": [],
                                                "Plans": [
                                                    {
                                                        "Node Type": "Nested Loop",
                                                        "Parent Relationship": "Outer",
                                                        "Parallel Aware": false,
                                                        "Async Capable": false,
                                                        "Join Type": "Semi",
                                                        "Startup Cost": 15776.17,
                                                        "Total Cost": 44123.17,
                                                        "Plan Rows": 17,
                                                        "Plan Width": 40,
                                                        "Actual Startup Time": 6.446,
                                                        "Actual Total Time": 61.677,
                                                        "Actual Rows": 185,
                                                        "Actual Loops": 4,
                                                        "Inner Unique": false,
                                                        "Join Filter": "((q1.site_id = comment_1.site_id) AND (pl1.post_id_to = comment_1.post_id))",
                                                        "Rows Removed by Join Filter": 0,
                                                        "Workers": [],
                                                        "Plans": [
                                                            {
                                                                "Node Type": "Nested Loop",
                                                                "Parent Relationship": "Outer",
                                                                "Parallel Aware": false,
                                                                "Async Capable": false,
                                                                "Join Type": "Semi",
                                                                "Startup Cost": 15771.74,
                                                                "Total Cost": 44040.88,
                                                                "Plan Rows": 17,
                                                                "Plan Width": 48,
                                                                "Actual Startup Time": 6.425,
                                                                "Actual Total Time": 61.144,
                                                                "Actual Rows": 203,
                                                                "Actual Loops": 4,
                                                                "Inner Unique": false,
                                                                "Join Filter": "((q1.site_id = comment.site_id) AND (pl2.post_id_to = comment.post_id))",
                                                                "Rows Removed by Join Filter": 0,
                                                                "Workers": [],
                                                                "Plans": [
                                                                    {
                                                                        "Node Type": "Nested Loop",
                                                                        "Parent Relationship": "Outer",
                                                                        "Parallel Aware": false,
                                                                        "Async Capable": false,
                                                                        "Join Type": "Inner",
                                                                        "Startup Cost": 15767.32,
                                                                        "Total Cost": 43958.6,
                                                                        "Plan Rows": 17,
                                                                        "Plan Width": 52,
                                                                        "Actual Startup Time": 6.411,
                                                                        "Actual Total Time": 60.443,
                                                                        "Actual Rows": 246,
                                                                        "Actual Loops": 4,
                                                                        "Inner Unique": true,
                                                                        "Join Filter": "(q1.site_id = q2.site_id)",
                                                                        "Rows Removed by Join Filter": 0,
                                                                        "Workers": [],
                                                                        "Plans": [
                                                                            {
                                                                                "Node Type": "Nested Loop",
                                                                                "Parent Relationship": "Outer",
                                                                                "Parallel Aware": false,
                                                                                "Async Capable": false,
                                                                                "Join Type": "Inner",
                                                                                "Startup Cost": 15763.03,
                                                                                "Total Cost": 43817.22,
                                                                                "Plan Rows": 17,
                                                                                "Plan Width": 44,
                                                                                "Actual Startup Time": 6.404,
                                                                                "Actual Total Time": 59.996,
                                                                                "Actual Rows": 246,
                                                                                "Actual Loops": 4,
                                                                                "Inner Unique": true,
                                                                                "Join Filter": "((q1.score > q3.score) AND (q1.site_id = q3.site_id))",
                                                                                "Rows Removed by Join Filter": 1123,
                                                                                "Workers": [],
                                                                                "Plans": [
                                                                                    {
                                                                                        "Node Type": "Nested Loop",
                                                                                        "Parent Relationship": "Outer",
                                                                                        "Parallel Aware": false,
                                                                                        "Async Capable": false,
                                                                                        "Join Type": "Inner",
                                                                                        "Startup Cost": 15758.74,
                                                                                        "Total Cost": 43401.29,
                                                                                        "Plan Rows": 50,
                                                                                        "Plan Width": 40,
                                                                                        "Actual Startup Time": 6.369,
                                                                                        "Actual Total Time": 57.455,
                                                                                        "Actual Rows": 1369,
                                                                                        "Actual Loops": 4,
                                                                                        "Inner Unique": true,
                                                                                        "Join Filter": "(site.site_id = q1.site_id)",
                                                                                        "Rows Removed by Join Filter": 0,
                                                                                        "Workers": [],
                                                                                        "Plans": [
                                                                                            {
                                                                                                "Node Type": "Hash Join",
                                                                                                "Parent Relationship": "Outer",
                                                                                                "Parallel Aware": false,
                                                                                                "Async Capable": false,
                                                                                                "Join Type": "Inner",
                                                                                                "Startup Cost": 15754.45,
                                                                                                "Total Cost": 42985.48,
                                                                                                "Plan Rows": 50,
                                                                                                "Plan Width": 28,
                                                                                                "Actual Startup Time": 6.35,
                                                                                                "Actual Total Time": 55.041,
                                                                                                "Actual Rows": 1369,
                                                                                                "Actual Loops": 4,
                                                                                                "Inner Unique": false,
                                                                                                "Hash Cond": "((pl1.site_id = site.site_id) AND (pl1.post_id_to = pl2.post_id_from))",
                                                                                                "Workers": [],
                                                                                                "Plans": [
                                                                                                    {
                                                                                                        "Node Type": "Seq Scan",
                                                                                                        "Parent Relationship": "Outer",
                                                                                                        "Parallel Aware": true,
                                                                                                        "Async Capable": false,
                                                                                                        "Relation Name": "post_link",
                                                                                                        "Alias": "pl1",
                                                                                                        "Startup Cost": 0.0,
                                                                                                        "Total Cost": 21752.3,
                                                                                                        "Plan Rows": 730430,
                                                                                                        "Plan Width": 12,
                                                                                                        "Actual Startup Time": 0.009,
                                                                                                        "Actual Total Time": 25.177,
                                                                                                        "Actual Rows": 566083,
                                                                                                        "Actual Loops": 4,
                                                                                                        "Workers": []
                                                                                                    },
                                                                                                    {
                                                                                                        "Node Type": "Hash",
                                                                                                        "Parent Relationship": "Inner",
                                                                                                        "Parallel Aware": false,
                                                                                                        "Async Capable": false,
                                                                                                        "Startup Cost": 15558.12,
                                                                                                        "Total Cost": 15558.12,
                                                                                                        "Plan Rows": 13089,
                                                                                                        "Plan Width": 16,
                                                                                                        "Actual Startup Time": 1.106,
                                                                                                        "Actual Total Time": 1.108,
                                                                                                        "Actual Rows": 4342,
                                                                                                        "Actual Loops": 4,
                                                                                                        "Hash Buckets": 16384,
                                                                                                        "Original Hash Buckets": 16384,
                                                                                                        "Hash Batches": 1,
                                                                                                        "Original Hash Batches": 1,
                                                                                                        "Peak Memory Usage": 332,
                                                                                                        "Workers": [],
                                                                                                        "Plans": [
                                                                                                            {
                                                                                                                "Node Type": "Nested Loop",
                                                                                                                "Parent Relationship": "Outer",
                                                                                                                "Parallel Aware": false,
                                                                                                                "Async Capable": false,
                                                                                                                "Join Type": "Inner",
                                                                                                                "Startup Cost": 330.8,
                                                                                                                "Total Cost": 15558.12,
                                                                                                                "Plan Rows": 13089,
                                                                                                                "Plan Width": 16,
                                                                                                                "Actual Startup Time": 0.16,
                                                                                                                "Actual Total Time": 0.65,
                                                                                                                "Actual Rows": 4342,
                                                                                                                "Actual Loops": 4,
                                                                                                                "Inner Unique": false,
                                                                                                                "Workers": [],
                                                                                                                "Plans": [
                                                                                                                    {
                                                                                                                        "Node Type": "Seq Scan",
                                                                                                                        "Parent Relationship": "Outer",
                                                                                                                        "Parallel Aware": false,
                                                                                                                        "Async Capable": false,
                                                                                                                        "Relation Name": "site",
                                                                                                                        "Alias": "site",
                                                                                                                        "Startup Cost": 0.0,
                                                                                                                        "Total Cost": 3.16,
                                                                                                                        "Plan Rows": 1,
                                                                                                                        "Plan Width": 4,
                                                                                                                        "Actual Startup Time": 0.012,
                                                                                                                        "Actual Total Time": 0.017,
                                                                                                                        "Actual Rows": 1,
                                                                                                                        "Actual Loops": 4,
                                                                                                                        "Filter": "((site_name)::text = 'hinduism'::text)",
                                                                                                                        "Rows Removed by Filter": 172,
                                                                                                                        "Workers": []
                                                                                                                    },
                                                                                                                    {
                                                                                                                        "Node Type": "Bitmap Heap Scan",
                                                                                                                        "Parent Relationship": "Inner",
                                                                                                                        "Parallel Aware": false,
                                                                                                                        "Async Capable": false,
                                                                                                                        "Relation Name": "post_link",
                                                                                                                        "Alias": "pl2",
                                                                                                                        "Startup Cost": 330.8,
                                                                                                                        "Total Cost": 15412.55,
                                                                                                                        "Plan Rows": 14241,
                                                                                                                        "Plan Width": 12,
                                                                                                                        "Actual Startup Time": 0.145,
                                                                                                                        "Actual Total Time": 0.407,
                                                                                                                        "Actual Rows": 4342,
                                                                                                                        "Actual Loops": 4,
                                                                                                                        "Recheck Cond": "(site.site_id = site_id)",
                                                                                                                        "Rows Removed by Index Recheck": 0,
                                                                                                                        "Exact Heap Blocks": 29,
                                                                                                                        "Lossy Heap Blocks": 0,
                                                                                                                        "Workers": [],
                                                                                                                        "Plans": [
                                                                                                                            {
                                                                                                                                "Node Type": "Bitmap Index Scan",
                                                                                                                                "Parent Relationship": "Outer",
                                                                                                                                "Parallel Aware": false,
                                                                                                                                "Async Capable": false,
                                                                                                                                "Index Name": "post_link_pkey",
                                                                                                                                "Startup Cost": 0.0,
                                                                                                                                "Total Cost": 327.24,
                                                                                                                                "Plan Rows": 14241,
                                                                                                                                "Plan Width": 0,
                                                                                                                                "Actual Startup Time": 0.138,
                                                                                                                                "Actual Total Time": 0.139,
                                                                                                                                "Actual Rows": 4342,
                                                                                                                                "Actual Loops": 4,
                                                                                                                                "Index Cond": "(site_id = site.site_id)",
                                                                                                                                "Workers": []
                                                                                                                            }
                                                                                                                        ]
                                                                                                                    }
                                                                                                                ]
                                                                                                            }
                                                                                                        ]
                                                                                                    }
                                                                                                ]
                                                                                            },
                                                                                            {
                                                                                                "Node Type": "Bitmap Heap Scan",
                                                                                                "Parent Relationship": "Inner",
                                                                                                "Parallel Aware": false,
                                                                                                "Async Capable": false,
                                                                                                "Relation Name": "question",
                                                                                                "Alias": "q1",
                                                                                                "Startup Cost": 4.29,
                                                                                                "Total Cost": 8.3,
                                                                                                "Plan Rows": 1,
                                                                                                "Plan Width": 12,
                                                                                                "Actual Startup Time": 0.001,
                                                                                                "Actual Total Time": 0.001,
                                                                                                "Actual Rows": 1,
                                                                                                "Actual Loops": 5475,
                                                                                                "Recheck Cond": "((pl1.post_id_from = id) AND (pl1.site_id = site_id))",
                                                                                                "Rows Removed by Index Recheck": 0,
                                                                                                "Exact Heap Blocks": 1511,
                                                                                                "Lossy Heap Blocks": 0,
                                                                                                "Workers": [],
                                                                                                "Plans": [
                                                                                                    {
                                                                                                        "Node Type": "Bitmap Index Scan",
                                                                                                        "Parent Relationship": "Outer",
                                                                                                        "Parallel Aware": false,
                                                                                                        "Async Capable": false,
                                                                                                        "Index Name": "question_pkey",
                                                                                                        "Startup Cost": 0.0,
                                                                                                        "Total Cost": 4.29,
                                                                                                        "Plan Rows": 1,
                                                                                                        "Plan Width": 0,
                                                                                                        "Actual Startup Time": 0.001,
                                                                                                        "Actual Total Time": 0.001,
                                                                                                        "Actual Rows": 1,
                                                                                                        "Actual Loops": 5475,
                                                                                                        "Index Cond": "((id = pl1.post_id_from) AND (site_id = pl1.site_id))",
                                                                                                        "Workers": []
                                                                                                    }
                                                                                                ]
                                                                                            }
                                                                                        ]
                                                                                    },
                                                                                    {
                                                                                        "Node Type": "Bitmap Heap Scan",
                                                                                        "Parent Relationship": "Inner",
                                                                                        "Parallel Aware": false,
                                                                                        "Async Capable": false,
                                                                                        "Relation Name": "question",
                                                                                        "Alias": "q3",
                                                                                        "Startup Cost": 4.29,
                                                                                        "Total Cost": 8.3,
                                                                                        "Plan Rows": 1,
                                                                                        "Plan Width": 12,
                                                                                        "Actual Startup Time": 0.001,
                                                                                        "Actual Total Time": 0.002,
                                                                                        "Actual Rows": 1,
                                                                                        "Actual Loops": 5475,
                                                                                        "Recheck Cond": "((pl2.post_id_to = id) AND (pl2.site_id = site_id))",
                                                                                        "Rows Removed by Index Recheck": 0,
                                                                                        "Exact Heap Blocks": 1511,
                                                                                        "Lossy Heap Blocks": 0,
                                                                                        "Workers": [],
                                                                                        "Plans": [
                                                                                            {
                                                                                                "Node Type": "Bitmap Index Scan",
                                                                                                "Parent Relationship": "Outer",
                                                                                                "Parallel Aware": false,
                                                                                                "Async Capable": false,
                                                                                                "Index Name": "question_pkey",
                                                                                                "Startup Cost": 0.0,
                                                                                                "Total Cost": 4.29,
                                                                                                "Plan Rows": 1,
                                                                                                "Plan Width": 0,
                                                                                                "Actual Startup Time": 0.001,
                                                                                                "Actual Total Time": 0.001,
                                                                                                "Actual Rows": 1,
                                                                                                "Actual Loops": 5475,
                                                                                                "Index Cond": "((id = pl2.post_id_to) AND (site_id = pl2.site_id))",
                                                                                                "Workers": []
                                                                                            }
                                                                                        ]
                                                                                    }
                                                                                ]
                                                                            },
                                                                            {
                                                                                "Node Type": "Bitmap Heap Scan",
                                                                                "Parent Relationship": "Inner",
                                                                                "Parallel Aware": false,
                                                                                "Async Capable": false,
                                                                                "Relation Name": "question",
                                                                                "Alias": "q2",
                                                                                "Startup Cost": 4.29,
                                                                                "Total Cost": 8.3,
                                                                                "Plan Rows": 1,
                                                                                "Plan Width": 8,
                                                                                "Actual Startup Time": 0.001,
                                                                                "Actual Total Time": 0.001,
                                                                                "Actual Rows": 1,
                                                                                "Actual Loops": 983,
                                                                                "Recheck Cond": "((pl1.post_id_to = id) AND (pl1.site_id = site_id))",
                                                                                "Rows Removed by Index Recheck": 0,
                                                                                "Exact Heap Blocks": 256,
                                                                                "Lossy Heap Blocks": 0,
                                                                                "Workers": [],
                                                                                "Plans": [
                                                                                    {
                                                                                        "Node Type": "Bitmap Index Scan",
                                                                                        "Parent Relationship": "Outer",
                                                                                        "Parallel Aware": false,
                                                                                        "Async Capable": false,
                                                                                        "Index Name": "question_pkey",
                                                                                        "Startup Cost": 0.0,
                                                                                        "Total Cost": 4.29,
                                                                                        "Plan Rows": 1,
                                                                                        "Plan Width": 0,
                                                                                        "Actual Startup Time": 0.001,
                                                                                        "Actual Total Time": 0.001,
                                                                                        "Actual Rows": 1,
                                                                                        "Actual Loops": 983,
                                                                                        "Index Cond": "((id = pl1.post_id_to) AND (site_id = pl1.site_id))",
                                                                                        "Workers": []
                                                                                    }
                                                                                ]
                                                                            }
                                                                        ]
                                                                    },
                                                                    {
                                                                        "Node Type": "Bitmap Heap Scan",
                                                                        "Parent Relationship": "Inner",
                                                                        "Parallel Aware": false,
                                                                        "Async Capable": false,
                                                                        "Relation Name": "comment",
                                                                        "Alias": "comment",
                                                                        "Startup Cost": 4.42,
                                                                        "Total Cost": 8.44,
                                                                        "Plan Rows": 1,
                                                                        "Plan Width": 8,
                                                                        "Actual Startup Time": 0.002,
                                                                        "Actual Total Time": 0.002,
                                                                        "Actual Rows": 1,
                                                                        "Actual Loops": 983,
                                                                        "Recheck Cond": "((q3.site_id = site_id) AND (q3.id = post_id))",
                                                                        "Rows Removed by Index Recheck": 0,
                                                                        "Exact Heap Blocks": 209,
                                                                        "Lossy Heap Blocks": 0,
                                                                        "Workers": [],
                                                                        "Plans": [
                                                                            {
                                                                                "Node Type": "Bitmap Index Scan",
                                                                                "Parent Relationship": "Outer",
                                                                                "Parallel Aware": false,
                                                                                "Async Capable": false,
                                                                                "Index Name": "comment_site_id_post_id_idx",
                                                                                "Startup Cost": 0.0,
                                                                                "Total Cost": 4.42,
                                                                                "Plan Rows": 1,
                                                                                "Plan Width": 0,
                                                                                "Actual Startup Time": 0.002,
                                                                                "Actual Total Time": 0.002,
                                                                                "Actual Rows": 5,
                                                                                "Actual Loops": 983,
                                                                                "Index Cond": "((site_id = q3.site_id) AND (post_id = q3.id))",
                                                                                "Workers": []
                                                                            }
                                                                        ]
                                                                    }
                                                                ]
                                                            },
                                                            {
                                                                "Node Type": "Bitmap Heap Scan",
                                                                "Parent Relationship": "Inner",
                                                                "Parallel Aware": false,
                                                                "Async Capable": false,
                                                                "Relation Name": "comment",
                                                                "Alias": "comment_1",
                                                                "Startup Cost": 4.42,
                                                                "Total Cost": 8.44,
                                                                "Plan Rows": 1,
                                                                "Plan Width": 8,
                                                                "Actual Startup Time": 0.002,
                                                                "Actual Total Time": 0.002,
                                                                "Actual Rows": 1,
                                                                "Actual Loops": 813,
                                                                "Recheck Cond": "((q2.site_id = site_id) AND (q2.id = post_id))",
                                                                "Rows Removed by Index Recheck": 0,
                                                                "Exact Heap Blocks": 193,
                                                                "Lossy Heap Blocks": 0,
                                                                "Workers": [],
                                                                "Plans": [
                                                                    {
                                                                        "Node Type": "Bitmap Index Scan",
                                                                        "Parent Relationship": "Outer",
                                                                        "Parallel Aware": false,
                                                                        "Async Capable": false,
                                                                        "Index Name": "comment_site_id_post_id_idx",
                                                                        "Startup Cost": 0.0,
                                                                        "Total Cost": 4.42,
                                                                        "Plan Rows": 1,
                                                                        "Plan Width": 0,
                                                                        "Actual Startup Time": 0.001,
                                                                        "Actual Total Time": 0.001,
                                                                        "Actual Rows": 6,
                                                                        "Actual Loops": 813,
                                                                        "Index Cond": "((site_id = q2.site_id) AND (post_id = q2.id))",
                                                                        "Workers": []
                                                                    }
                                                                ]
                                                            }
                                                        ]
                                                    },
                                                    {
                                                        "Node Type": "Bitmap Heap Scan",
                                                        "Parent Relationship": "Inner",
                                                        "Parallel Aware": false,
                                                        "Async Capable": false,
                                                        "Relation Name": "comment",
                                                        "Alias": "comment_2",
                                                        "Startup Cost": 4.42,
                                                        "Total Cost": 8.44,
                                                        "Plan Rows": 1,
                                                        "Plan Width": 8,
                                                        "Actual Startup Time": 0.002,
                                                        "Actual Total Time": 0.002,
                                                        "Actual Rows": 1,
                                                        "Actual Loops": 741,
                                                        "Recheck Cond": "((q1.site_id = site_id) AND (q1.id = post_id))",
                                                        "Rows Removed by Index Recheck": 0,
                                                        "Exact Heap Blocks": 184,
                                                        "Lossy Heap Blocks": 0,
                                                        "Workers": [],
                                                        "Plans": [
                                                            {
                                                                "Node Type": "Bitmap Index Scan",
                                                                "Parent Relationship": "Outer",
                                                                "Parallel Aware": false,
                                                                "Async Capable": false,
                                                                "Index Name": "comment_site_id_post_id_idx",
                                                                "Startup Cost": 0.0,
                                                                "Total Cost": 4.42,
                                                                "Plan Rows": 1,
                                                                "Plan Width": 0,
                                                                "Actual Startup Time": 0.001,
                                                                "Actual Total Time": 0.001,
                                                                "Actual Rows": 6,
                                                                "Actual Loops": 741,
                                                                "Index Cond": "((site_id = q1.site_id) AND (post_id = q1.id))",
                                                                "Workers": []
                                                            }
                                                        ]
                                                    }
                                                ]
                                            }
                                        ]
                                    }
                                ]
                            }
                        ]
                    },
                    "Planning Time": 61.441,
                    "Triggers": [],
                    "Execution Time": 68.304
                }
            ],
            "hints": [
                "SET enable_hashjoin TO on",
                "SET enable_indexonlyscan TO on",
                "SET enable_indexscan TO off",
                "SET enable_mergejoin TO off",
                "SET enable_nestloop TO on",
                "SET enable_seqscan TO on"
            ]
        },
        {
            "arm": 3,
            "execution_time": 11864.308,
            "plan": [
                {
                    "Plan": {
                        "Node Type": "Aggregate",
                        "Strategy": "Plain",
                        "Partial Mode": "Simple",
                        "Parallel Aware": false,
                        "Async Capable": false,
                        "Startup Cost": 14747284.89,
                        "Total Cost": 14747284.9,
                        "Plan Rows": 1,
                        "Plan Width": 8,
                        "Actual Startup Time": 10856.559,
                        "Actual Total Time": 11864.255,
                        "Actual Rows": 1,
                        "Actual Loops": 1,
                        "Plans": [
                            {
                                "Node Type": "Gather Merge",
                                "Parent Relationship": "Outer",
                                "Parallel Aware": false,
                                "Async Capable": false,
                                "Startup Cost": 14747278.37,
                                "Total Cost": 14747284.76,
                                "Plan Rows": 52,
                                "Plan Width": 4,
                                "Actual Startup Time": 10856.465,
                                "Actual Total Time": 11864.227,
                                "Actual Rows": 698,
                                "Actual Loops": 1,
                                "Workers Planned": 7,
                                "Workers Launched": 7,
                                "Plans": [
                                    {
                                        "Node Type": "Sort",
                                        "Parent Relationship": "Outer",
                                        "Parallel Aware": false,
                                        "Async Capable": false,
                                        "Startup Cost": 14746278.25,
                                        "Total Cost": 14746278.27,
                                        "Plan Rows": 7,
                                        "Plan Width": 4,
                                        "Actual Startup Time": 10853.581,
                                        "Actual Total Time": 10853.667,
                                        "Actual Rows": 87,
                                        "Actual Loops": 8,
                                        "Sort Key": [
                                            "q1.id"
                                        ],
                                        "Sort Method": "quicksort",
                                        "Sort Space Used": 25,
                                        "Sort Space Type": "Memory",
                                        "Workers": [
                                            {
                                                "Worker Number": 0,
                                                "Sort Method": "quicksort",
                                                "Sort Space Used": 25,
                                                "Sort Space Type": "Memory"
                                            },
                                            {
                                                "Worker Number": 1,
                                                "Sort Method": "quicksort",
                                                "Sort Space Used": 25,
                                                "Sort Space Type": "Memory"
                                            },
                                            {
                                                "Worker Number": 2,
                                                "Sort Method": "quicksort",
                                                "Sort Space Used": 25,
                                                "Sort Space Type": "Memory"
                                            },
                                            {
                                                "Worker Number": 3,
                                                "Sort Method": "quicksort",
                                                "Sort Space Used": 25,
                                                "Sort Space Type": "Memory"
                                            },
                                            {
                                                "Worker Number": 4,
                                                "Sort Method": "quicksort",
                                                "Sort Space Used": 25,
                                                "Sort Space Type": "Memory"
                                            },
                                            {
                                                "Worker Number": 5,
                                                "Sort Method": "quicksort",
                                                "Sort Space Used": 25,
                                                "Sort Space Type": "Memory"
                                            },
                                            {
                                                "Worker Number": 6,
                                                "Sort Method": "quicksort",
                                                "Sort Space Used": 25,
                                                "Sort Space Type": "Memory"
                                            }
                                        ],
                                        "Plans": [
                                            {
                                                "Node Type": "Hash Join",
                                                "Parent Relationship": "Outer",
                                                "Parallel Aware": true,
                                                "Async Capable": false,
                                                "Join Type": "Semi",
                                                "Startup Cost": 12898836.45,
                                                "Total Cost": 14746278.16,
                                                "Plan Rows": 7,
                                                "Plan Width": 4,
                                                "Actual Startup Time": 10265.245,
                                                "Actual Total Time": 10853.578,
                                                "Actual Rows": 87,
                                                "Actual Loops": 8,
                                                "Inner Unique": false,
                                                "Hash Cond": "((q1.site_id = comment_2.site_id) AND (pl1.post_id_from = comment_2.post_id))",
                                                "Workers": [],
                                                "Plans": [
                                                    {
                                                        "Node Type": "Hash Join",
                                                        "Parent Relationship": "Outer",
                                                        "Parallel Aware": true,
                                                        "Async Capable": false,
                                                        "Join Type": "Semi",
                                                        "Startup Cost": 9745093.63,
                                                        "Total Cost": 11541998.21,
                                                        "Plan Rows": 7,
                                                        "Plan Width": 40,
                                                        "Actual Startup Time": 7162.938,
                                                        "Actual Total Time": 7724.006,
                                                        "Actual Rows": 93,
                                                        "Actual Loops": 8,
                                                        "Inner Unique": false,
                                                        "Hash Cond": "((q1.site_id = comment_1.site_id) AND (pl1.post_id_to = comment_1.post_id))",
                                                        "Workers": [],
                                                        "Plans": [
                                                            {
                                                                "Node Type": "Hash Join",
                                                                "Parent Relationship": "Outer",
                                                                "Parallel Aware": true,
                                                                "Async Capable": false,
                                                                "Join Type": "Semi",
                                                                "Startup Cost": 6591350.8,
                                                                "Total Cost": 8337707.71,
                                                                "Plan Rows": 7,
                                                                "Plan Width": 48,
                                                                "Actual Startup Time": 4141.131,
                                                                "Actual Total Time": 4729.109,
                                                                "Actual Rows": 102,
                                                                "Actual Loops": 8,
                                                                "Inner Unique": false,
                                                                "Hash Cond": "((q1.site_id = comment.site_id) AND (pl2.post_id_to = comment.post_id))",
                                                                "Workers": [],
                                                                "Plans": [
                                                                    {
                                                                        "Node Type": "Hash Join",
                                                                        "Parent Relationship": "Outer",
                                                                        "Parallel Aware": true,
                                                                        "Async Capable": false,
                                                                        "Join Type": "Inner",
                                                                        "Startup Cost": 3437607.98,
                                                                        "Total Cost": 5133417.21,
                                                                        "Plan Rows": 7,
                                                                        "Plan Width": 52,
                                                                        "Actual Startup Time": 1581.71,
                                                                        "Actual Total Time": 1582.271,
                                                                        "Actual Rows": 123,
                                                                        "Actual Loops": 8,
                                                                        "Inner Unique": false,
                                                                        "Hash Cond": "((q2.site_id = q1.site_id) AND (q2.id = pl1.post_id_to))",
                                                                        "Workers": [],
                                                                        "Plans": [
                                                                            {
                                                                                "Node Type": "Seq Scan",
                                                                                "Parent Relationship": "Outer",
                                                                                "Parallel Aware": true,
                                                                                "Async Capable": false,
                                                                                "Relation Name": "question",
                                                                                "Alias": "q2",
                                                                                "Startup Cost": 0.0,
                                                                                "Total Cost": 1682252.12,
                                                                                "Plan Rows": 1807612,
                                                                                "Plan Width": 8,
                                                                                "Actual Startup Time": 0.009,
                                                                                "Actual Total Time": 396.96,
                                                                                "Actual Rows": 1583305,
                                                                                "Actual Loops": 8,
                                                                                "Workers": []
                                                                            },
                                                                            {
                                                                                "Node Type": "Hash",
                                                                                "Parent Relationship": "Inner",
                                                                                "Parallel Aware": true,
                                                                                "Async Capable": false,
                                                                                "Startup Cost": 3437607.87,
                                                                                "Total Cost": 3437607.87,
                                                                                "Plan Rows": 7,
                                                                                "Plan Width": 44,
                                                                                "Actual Startup Time": 1077.045,
                                                                                "Actual Total Time": 1077.052,
                                                                                "Actual Rows": 123,
                                                                                "Actual Loops": 8,
                                                                                "Hash Buckets": 1024,
                                                                                "Original Hash Buckets": 1024,
                                                                                "Hash Batches": 1,
                                                                                "Original Hash Batches": 1,
                                                                                "Peak Memory Usage": 264,
                                                                                "Workers": [],
                                                                                "Plans": [
                                                                                    {
                                                                                        "Node Type": "Hash Join",
                                                                                        "Parent Relationship": "Outer",
                                                                                        "Parallel Aware": true,
                                                                                        "Async Capable": false,
                                                                                        "Join Type": "Inner",
                                                                                        "Startup Cost": 1741798.65,
                                                                                        "Total Cost": 3437607.87,
                                                                                        "Plan Rows": 7,
                                                                                        "Plan Width": 44,
                                                                                        "Actual Startup Time": 1076.484,
                                                                                        "Actual Total Time": 1076.983,
                                                                                        "Actual Rows": 123,
                                                                                        "Actual Loops": 8,
                                                                                        "Inner Unique": false,
                                                                                        "Hash Cond": "((q1.site_id = site.site_id) AND (q1.id = pl1.post_id_from))",
                                                                                        "Join Filter": "(q1.score > q3.score)",
                                                                                        "Rows Removed by Join Filter": 562,
                                                                                        "Workers": [],
                                                                                        "Plans": [
                                                                                            {
                                                                                                "Node Type": "Seq Scan",
                                                                                                "Parent Relationship": "Outer",
                                                                                                "Parallel Aware": true,
                                                                                                "Async Capable": false,
                                                                                                "Relation Name": "question",
                                                                                                "Alias": "q1",
                                                                                                "Startup Cost": 0.0,
                                                                                                "Total Cost": 1682252.12,
                                                                                                "Plan Rows": 1807612,
                                                                                                "Plan Width": 12,
                                                                                                "Actual Startup Time": 0.013,
                                                                                                "Actual Total Time": 397.257,
                                                                                                "Actual Rows": 1583305,
                                                                                                "Actual Loops": 8,
                                                                                                "Workers": []
                                                                                            },
                                                                                            {
                                                                                                "Node Type": "Hash",
                                                                                                "Parent Relationship": "Inner",
                                                                                                "Parallel Aware": true,
                                                                                                "Async Capable": false,
                                                                                                "Startup Cost": 1741797.9,
                                                                                                "Total Cost": 1741797.9,
                                                                                                "Plan Rows": 50,
                                                                                                "Plan Width": 40,
                                                                                                "Actual Startup Time": 573.634,
                                                                                                "Actual Total Time": 573.64,
                                                                                                "Actual Rows": 684,
                                                                                                "Actual Loops": 8,
                                                                                                "Hash Buckets": 8192,
                                                                                                "Original Hash Buckets": 1024,
                                                                                                "Hash Batches": 1,
                                                                                                "Original Hash Batches": 1,
                                                                                                "Peak Memory Usage": 600,
                                                                                                "Workers": [],
                                                                                                "Plans": [
                                                                                                    {
                                                                                                        "Node Type": "Hash Join",
                                                                                                        "Parent Relationship": "Outer",
                                                                                                        "Parallel Aware": true,
                                                                                                        "Async Capable": false,
                                                                                                        "Join Type": "Inner",
                                                                                                        "Startup Cost": 1714567.21,
                                                                                                        "Total Cost": 1741797.9,
                                                                                                        "Plan Rows": 50,
                                                                                                        "Plan Width": 40,
                                                                                                        "Actual Startup Time": 541.881,
                                                                                                        "Actual Total Time": 548.084,
                                                                                                        "Actual Rows": 684,
                                                                                                        "Actual Loops": 8,
                                                                                                        "Inner Unique": false,
                                                                                                        "Hash Cond": "((pl1.site_id = site.site_id) AND (pl1.post_id_to = pl2.post_id_from))",
                                                                                                        "Workers": [],
                                                                                                        "Plans": [
                                                                                                            {
                                                                                                                "Node Type": "Seq Scan",
                                                                                                                "Parent Relationship": "Outer",
                                                                                                                "Parallel Aware": true,
                                                                                                                "Async Capable": false,
                                                                                                                "Relation Name": "post_link",
                                                                                                                "Alias": "pl1",
                                                                                                                "Startup Cost": 0.0,
                                                                                                                "Total Cost": 21752.3,
                                                                                                                "Plan Rows": 730430,
                                                                                                                "Plan Width": 12,
                                                                                                                "Actual Startup Time": 0.004,
                                                                                                                "Actual Total Time": 12.264,
                                                                                                                "Actual Rows": 283042,
                                                                                                                "Actual Loops": 8,
                                                                                                                "Workers": []
                                                                                                            },
                                                                                                            {
                                                                                                                "Node Type": "Hash",
                                                                                                                "Parent Relationship": "Inner",
                                                                                                                "Parallel Aware": true,
                                                                                                                "Async Capable": false,
                                                                                                                "Startup Cost": 1714503.88,
                                                                                                                "Total Cost": 1714503.88,
                                                                                                                "Plan Rows": 4222,
                                                                                                                "Plan Width": 28,
                                                                                                                "Actual Startup Time": 520.978,
                                                                                                                "Actual Total Time": 520.982,
                                                                                                                "Actual Rows": 543,
                                                                                                                "Actual Loops": 8,
                                                                                                                "Hash Buckets": 16384,
                                                                                                                "Original Hash Buckets": 16384,
                                                                                                                "Hash Batches": 1,
                                                                                                                "Original Hash Batches": 1,
                                                                                                                "Peak Memory Usage": 480,
                                                                                                                "Workers": [],
                                                                                                                "Plans": [
                                                                                                                    {
                                                                                                                        "Node Type": "Hash Join",
                                                                                                                        "Parent Relationship": "Outer",
                                                                                                                        "Parallel Aware": true,
                                                                                                                        "Async Capable": false,
                                                                                                                        "Join Type": "Inner",
                                                                                                                        "Startup Cost": 1687273.26,
                                                                                                                        "Total Cost": 1714503.88,
                                                                                                                        "Plan Rows": 4222,
                                                                                                                        "Plan Width": 28,
                                                                                                                        "Actual Startup Time": 504.779,
                                                                                                                        "Actual Total Time": 520.851,
                                                                                                                        "Actual Rows": 543,
                                                                                                                        "Actual Loops": 8,
                                                                                                                        "Inner Unique": false,
                                                                                                                        "Hash Cond": "((pl2.site_id = site.site_id) AND (pl2.post_id_to = q3.id))",
                                                                                                                        "Workers": [],
                                                                                                                        "Plans": [
                                                                                                                            {
                                                                                                                                "Node Type": "Seq Scan",
                                                                                                                                "Parent Relationship": "Outer",
                                                                                                                                "Parallel Aware": true,
                                                                                                                                "Async Capable": false,
                                                                                                                                "Relation Name": "post_link",
                                                                                                                                "Alias": "pl2",
                                                                                                                                "Startup Cost": 0.0,
                                                                                                                                "Total Cost": 21752.3,
                                                                                                                                "Plan Rows": 730430,
                                                                                                                                "Plan Width": 12,
                                                                                                                                "Actual Startup Time": 0.007,
                                                                                                                                "Actual Total Time": 13.452,
                                                                                                                                "Actual Rows": 283042,
                                                                                                                                "Actual Loops": 8,
                                                                                                                                "Workers": []
                                                                                                                            },
                                                                                                                            {
                                                                                                                                "Node Type": "Hash",
                                                                                                                                "Parent Relationship": "Inner",
                                                                                                                                "Parallel Aware": true,
                                                                                                                                "Async Capable": false,
                                                                                                                                "Startup Cost": 1687116.52,
                                                                                                                                "Total Cost": 1687116.52,
                                                                                                                                "Plan Rows": 10449,
                                                                                                                                "Plan Width": 16,
                                                                                                                                "Actual Startup Time": 492.092,
                                                                                                                                "Actual Total Time": 492.094,
                                                                                                                                "Actual Rows": 865,
                                                                                                                                "Actual Loops": 8,
                                                                                                                                "Hash Buckets": 131072,
                                                                                                                                "Original Hash Buckets": 131072,
                                                                                                                                "Hash Batches": 1,
                                                                                                                                "Original Hash Batches": 1,
                                                                                                                                "Peak Memory Usage": 1536,
                                                                                                                                "Workers": [],
                                                                                                                                "Plans": [
                                                                                                                                    {
                                                                                                                                        "Node Type": "Hash Join",
                                                                                                                                        "Parent Relationship": "Outer",
                                                                                                                                        "Parallel Aware": false,
                                                                                                                                        "Async Capable": false,
                                                                                                                                        "Join Type": "Inner",
                                                                                                                                        "Startup Cost": 3.18,
                                                                                                                                        "Total Cost": 1687116.52,
                                                                                                                                        "Plan Rows": 10449,
                                                                                                                                        "Plan Width": 16,
                                                                                                                                        "Actual Startup Time": 490.568,
                                                                                                                                        "Actual Total Time": 491.566,
                                                                                                                                        "Actual Rows": 865,
                                                                                                                                        "Actual Loops": 8,
                                                                                                                                        "Inner Unique": true,
                                                                                                                                        "Hash Cond": "(q3.site_id = site.site_id)",
                                                                                                                                        "Workers": [],
                                                                                                                                        "Plans": [
                                                                                                                                            {
                                                                                                                                                "Node Type": "Seq Scan",
                                                                                                                                                "Parent Relationship": "Outer",
                                                                                                                                                "Parallel Aware": true,
                                                                                                                                                "Async Capable": false,
                                                                                                                                                "Relation Name": "question",
                                                                                                                                                "Alias": "q3",
                                                                                                                                                "Startup Cost": 0.0,
                                                                                                                                                "Total Cost": 1682252.12,
                                                                                                                                                "Plan Rows": 1807612,
                                                                                                                                                "Plan Width": 12,
                                                                                                                                                "Actual Startup Time": 0.025,
                                                                                                                                                "Actual Total Time": 420.791,
                                                                                                                                                "Actual Rows": 1583305,
                                                                                                                                                "Actual Loops": 8,
                                                                                                                                                "Workers": []
                                                                                                                                            },
                                                                                                                                            {
                                                                                                                                                "Node Type": "Hash",
                                                                                                                                                "Parent Relationship": "Inner",
                                                                                                                                                "Parallel Aware": false,
                                                                                                                                                "Async Capable": false,
                                                                                                                                                "Startup Cost": 3.16,
                                                                                                                                                "Total Cost": 3.16,
                                                                                                                                                "Plan Rows": 1,
                                                                                                                                                "Plan Width": 4,
                                                                                                                                                "Actual Startup Time": 0.021,
                                                                                                                                                "Actual Total Time": 0.022,
                                                                                                                                                "Actual Rows": 1,
                                                                                                                                                "Actual Loops": 8,
                                                                                                                                                "Hash Buckets": 1024,
                                                                                                                                                "Original Hash Buckets": 1024,
                                                                                                                                                "Hash Batches": 1,
                                                                                                                                                "Original Hash Batches": 1,
                                                                                                                                                "Peak Memory Usage": 9,
                                                                                                                                                "Workers": [],
                                                                                                                                                "Plans": [
                                                                                                                                                    {
                                                                                                                                                        "Node Type": "Seq Scan",
                                                                                                                                                        "Parent Relationship": "Outer",
                                                                                                                                                        "Parallel Aware": false,
                                                                                                                                                        "Async Capable": false,
                                                                                                                                                        "Relation Name": "site",
                                                                                                                                                        "Alias": "site",
                                                                                                                                                        "Startup Cost": 0.0,
                                                                                                                                                        "Total Cost": 3.16,
                                                                                                                                                        "Plan Rows": 1,
                                                                                                                                                        "Plan Width": 4,
                                                                                                                                                        "Actual Startup Time": 0.015,
                                                                                                                                                        "Actual Total Time": 0.02,
                                                                                                                                                        "Actual Rows": 1,
                                                                                                                                                        "Actual Loops": 8,
                                                                                                                                                        "Filter": "((site_name)::text = 'hinduism'::text)",
                                                                                                                                                        "Rows Removed by Filter": 172,
                                                                                                                                                        "Workers": []
                                                                                                                                                    }
                                                                                                                                                ]
                                                                                                                                            }
                                                                                                                                        ]
                                                                                                                                    }
                                                                                                                                ]
                                                                                                                            }
                                                                                                                        ]
                                                                                                                    }
                                                                                                                ]
                                                                                                            }
                                                                                                        ]
                                                                                                    }
                                                                                                ]
                                                                                            }
                                                                                        ]
                                                                                    }
                                                                                ]
                                                                            }
                                                                        ]
                                                                    },
                                                                    {
                                                                        "Node Type": "Hash",
                                                                        "Parent Relationship": "Inner",
                                                                        "Parallel Aware": true,
                                                                        "Async Capable": false,
                                                                        "Startup Cost": 2909153.53,
                                                                        "Total Cost": 2909153.53,
                                                                        "Plan Rows": 12936953,
                                                                        "Plan Width": 8,
                                                                        "Actual Startup Time": 2518.271,
                                                                        "Actual Total Time": 2518.272,
                                                                        "Actual Rows": 12932495,
                                                                        "Actual Loops": 8,
                                                                        "Hash Buckets": 524288,
                                                                        "Original Hash Buckets": 524288,
                                                                        "Hash Batches": 512,
                                                                        "Original Hash Batches": 512,
                                                                        "Peak Memory Usage": 12192,
                                                                        "Workers": [],
                                                                        "Plans": [
                                                                            {
                                                                                "Node Type": "Seq Scan",
                                                                                "Parent Relationship": "Outer",
                                                                                "Parallel Aware": true,
                                                                                "Async Capable": false,
                                                                                "Relation Name": "comment",
                                                                                "Alias": "comment",
                                                                                "Startup Cost": 0.0,
                                                                                "Total Cost": 2909153.53,
                                                                                "Plan Rows": 12936953,
                                                                                "Plan Width": 8,
                                                                                "Actual Startup Time": 0.014,
                                                                                "Actual Total Time": 1204.671,
                                                                                "Actual Rows": 12932495,
                                                                                "Actual Loops": 8,
                                                                                "Workers": []
                                                                            }
                                                                        ]
                                                                    }
                                                                ]
                                                            },
                                                            {
                                                                "Node Type": "Hash",
                                                                "Parent Relationship": "Inner",
                                                                "Parallel Aware": true,
                                                                "Async Capable": false,
                                                                "Startup Cost": 2909153.53,
                                                                "Total Cost": 2909153.53,
                                                                "Plan Rows": 12936953,
                                                                "Plan Width": 8,
                                                                "Actual Startup Time": 2395.704,
                                                                "Actual Total Time": 2395.704,
                                                                "Actual Rows": 12932495,
                                                                "Actual Loops": 8,
                                                                "Hash Buckets": 524288,
                                                                "Original Hash Buckets": 524288,
                                                                "Hash Batches": 512,
                                                                "Original Hash Batches": 512,
                                                                "Peak Memory Usage": 12192,
                                                                "Workers": [],
                                                                "Plans": [
                                                                    {
                                                                        "Node Type": "Seq Scan",
                                                                        "Parent Relationship": "Outer",
                                                                        "Parallel Aware": true,
                                                                        "Async Capable": false,
                                                                        "Relation Name": "comment",
                                                                        "Alias": "comment_1",
                                                                        "Startup Cost": 0.0,
                                                                        "Total Cost": 2909153.53,
                                                                        "Plan Rows": 12936953,
                                                                        "Plan Width": 8,
                                                                        "Actual Startup Time": 0.016,
                                                                        "Actual Total Time": 1157.642,
                                                                        "Actual Rows": 12932495,
                                                                        "Actual Loops": 8,
                                                                        "Workers": []
                                                                    }
                                                                ]
                                                            }
                                                        ]
                                                    },
                                                    {
                                                        "Node Type": "Hash",
                                                        "Parent Relationship": "Inner",
                                                        "Parallel Aware": true,
                                                        "Async Capable": false,
                                                        "Startup Cost": 2909153.53,
                                                        "Total Cost": 2909153.53,
                                                        "Plan Rows": 12936953,
                                                        "Plan Width": 8,
                                                        "Actual Startup Time": 2518.228,
                                                        "Actual Total Time": 2518.229,
                                                        "Actual Rows": 12932495,
                                                        "Actual Loops": 8,
                                                        "Hash Buckets": 524288,
                                                        "Original Hash Buckets": 524288,
                                                        "Hash Batches": 512,
                                                        "Original Hash Batches": 512,
                                                        "Peak Memory Usage": 12160,
                                                        "Workers": [],
                                                        "Plans": [
                                                            {
                                                                "Node Type": "Seq Scan",
                                                                "Parent Relationship": "Outer",
                                                                "Parallel Aware": true,
                                                                "Async Capable": false,
                                                                "Relation Name": "comment",
                                                                "Alias": "comment_2",
                                                                "Startup Cost": 0.0,
                                                                "Total Cost": 2909153.53,
                                                                "Plan Rows": 12936953,
                                                                "Plan Width": 8,
                                                                "Actual Startup Time": 0.025,
                                                                "Actual Total Time": 1196.549,
                                                                "Actual Rows": 12932495,
                                                                "Actual Loops": 8,
                                                                "Workers": []
                                                            }
                                                        ]
                                                    }
                                                ]
                                            }
                                        ]
                                    }
                                ]
                            }
                        ]
                    },
                    "Planning Time": 64.471,
                    "Triggers": [],
                    "Execution Time": 11864.308
                }
            ],
            "hints": [
                "SET enable_hashjoin TO on",
                "SET enable_indexonlyscan TO on",
                "SET enable_indexscan TO off",
                "SET enable_mergejoin TO off",
                "SET enable_nestloop TO off",
                "SET enable_seqscan TO on"
            ]
        },
        {
            "arm": 4,
            "execution_time": 68.612,
            "plan": [
                {
                    "Plan": {
                        "Node Type": "Aggregate",
                        "Strategy": "Plain",
                        "Partial Mode": "Simple",
                        "Parallel Aware": false,
                        "Async Capable": false,
                        "Startup Cost": 44963.04,
                        "Total Cost": 44963.05,
                        "Plan Rows": 1,
                        "Plan Width": 8,
                        "Actual Startup Time": 65.227,
                        "Actual Total Time": 68.55,
                        "Actual Rows": 1,
                        "Actual Loops": 1,
                        "Plans": [
                            {
                                "Node Type": "Gather Merge",
                                "Parent Relationship": "Outer",
                                "Parallel Aware": false,
                                "Async Capable": false,
                                "Startup Cost": 44956.75,
                                "Total Cost": 44962.91,
                                "Plan Rows": 52,
                                "Plan Width": 4,
                                "Actual Startup Time": 65.137,
                                "Actual Total Time": 68.515,
                                "Actual Rows": 698,
                                "Actual Loops": 1,
                                "Workers Planned": 3,
                                "Workers Launched": 3,
                                "Plans": [
                                    {
                                        "Node Type": "Sort",
                                        "Parent Relationship": "Outer",
                                        "Parallel Aware": false,
                                        "Async Capable": false,
                                        "Startup Cost": 43956.71,
                                        "Total Cost": 43956.76,
                                        "Plan Rows": 17,
                                        "Plan Width": 4,
                                        "Actual Startup Time": 62.746,
                                        "Actual Total Time": 62.756,
                                        "Actual Rows": 174,
                                        "Actual Loops": 4,
                                        "Sort Key": [
                                            "q1.id"
                                        ],
                                        "Sort Method": "quicksort",
                                        "Sort Space Used": 25,
                                        "Sort Space Type": "Memory",
                                        "Workers": [
                                            {
                                                "Worker Number": 0,
                                                "Sort Method": "quicksort",
                                                "Sort Space Used": 25,
                                                "Sort Space Type": "Memory"
                                            },
                                            {
                                                "Worker Number": 1,
                                                "Sort Method": "quicksort",
                                                "Sort Space Used": 25,
                                                "Sort Space Type": "Memory"
                                            },
                                            {
                                                "Worker Number": 2,
                                                "Sort Method": "quicksort",
                                                "Sort Space Used": 25,
                                                "Sort Space Type": "Memory"
                                            }
                                        ],
                                        "Plans": [
                                            {
                                                "Node Type": "Nested Loop",
                                                "Parent Relationship": "Outer",
                                                "Parallel Aware": false,
                                                "Async Capable": false,
                                                "Join Type": "Semi",
                                                "Startup Cost": 15769.47,
                                                "Total Cost": 43956.37,
                                                "Plan Rows": 17,
                                                "Plan Width": 4,
                                                "Actual Startup Time": 6.778,
                                                "Actual Total Time": 62.72,
                                                "Actual Rows": 174,
                                                "Actual Loops": 4,
                                                "Inner Unique": false,
                                                "Join Filter": "(pl1.post_id_from = comment_2.post_id)",
                                                "Rows Removed by Join Filter": 0,
                                                "Workers": [],
                                                "Plans": [
                                                    {
                                                        "Node Type": "Nested Loop",
                                                        "Parent Relationship": "Outer",
                                                        "Parallel Aware": false,
                                                        "Async Capable": false,
                                                        "Join Type": "Semi",
                                                        "Startup Cost": 15768.9,
                                                        "Total Cost": 43933.1,
                                                        "Plan Rows": 17,
                                                        "Plan Width": 40,
                                                        "Actual Startup Time": 6.77,
                                                        "Actual Total Time": 62.27,
                                                        "Actual Rows": 185,
                                                        "Actual Loops": 4,
                                                        "Inner Unique": false,
                                                        "Join Filter": "((q1.site_id = comment_1.site_id) AND (pl1.post_id_to = comment_1.post_id))",
                                                        "Rows Removed by Join Filter": 0,
                                                        "Workers": [],
                                                        "Plans": [
                                                            {
                                                                "Node Type": "Nested Loop",
                                                                "Parent Relationship": "Outer",
                                                                "Parallel Aware": false,
                                                                "Async Capable": false,
                                                                "Join Type": "Semi",
                                                                "Startup Cost": 15768.34,
                                                                "Total Cost": 43909.83,
                                                                "Plan Rows": 17,
                                                                "Plan Width": 48,
                                                                "Actual Startup Time": 6.739,
                                                                "Actual Total Time": 61.854,
                                                                "Actual Rows": 203,
                                                                "Actual Loops": 4,
                                                                "Inner Unique": false,
                                                                "Join Filter": "((q1.site_id = comment.site_id) AND (pl2.post_id_to = comment.post_id))",
                                                                "Rows Removed by Join Filter": 0,
                                                                "Workers": [],
                                                                "Plans": [
                                                                    {
                                                                        "Node Type": "Nested Loop",
                                                                        "Parent Relationship": "Outer",
                                                                        "Parallel Aware": false,
                                                                        "Async Capable": false,
                                                                        "Join Type": "Inner",
                                                                        "Startup Cost": 15767.77,
                                                                        "Total Cost": 43886.57,
                                                                        "Plan Rows": 17,
                                                                        "Plan Width": 52,
                                                                        "Actual Startup Time": 6.719,
                                                                        "Actual Total Time": 61.255,
                                                                        "Actual Rows": 246,
                                                                        "Actual Loops": 4,
                                                                        "Inner Unique": true,
                                                                        "Join Filter": "(q1.site_id = q2.site_id)",
                                                                        "Rows Removed by Join Filter": 0,
                                                                        "Workers": [],
                                                                        "Plans": [
                                                                            {
                                                                                "Node Type": "Nested Loop",
                                                                                "Parent Relationship": "Outer",
                                                                                "Parallel Aware": false,
                                                                                "Async Capable": false,
                                                                                "Join Type": "Inner",
                                                                                "Startup Cost": 15767.33,
                                                                                "Total Cost": 43813.28,
                                                                                "Plan Rows": 17,
                                                                                "Plan Width": 44,
                                                                                "Actual Startup Time": 6.705,
                                                                                "Actual Total Time": 60.889,
                                                                                "Actual Rows": 246,
                                                                                "Actual Loops": 4,
                                                                                "Inner Unique": true,
                                                                                "Join Filter": "((q1.score > q3.score) AND (q1.site_id = q3.site_id))",
                                                                                "Rows Removed by Join Filter": 1123,
                                                                                "Workers": [],
                                                                                "Plans": [
                                                                                    {
                                                                                        "Node Type": "Nested Loop",
                                                                                        "Parent Relationship": "Outer",
                                                                                        "Parallel Aware": false,
                                                                                        "Async Capable": false,
                                                                                        "Join Type": "Inner",
                                                                                        "Startup Cost": 15766.9,
                                                                                        "Total Cost": 43405.32,
                                                                                        "Plan Rows": 50,
                                                                                        "Plan Width": 40,
                                                                                        "Actual Startup Time": 6.663,
                                                                                        "Actual Total Time": 58.45,
                                                                                        "Actual Rows": 1369,
                                                                                        "Actual Loops": 4,
                                                                                        "Inner Unique": true,
                                                                                        "Join Filter": "(site.site_id = q1.site_id)",
                                                                                        "Rows Removed by Join Filter": 0,
                                                                                        "Workers": [],
                                                                                        "Plans": [
                                                                                            {
                                                                                                "Node Type": "Hash Join",
                                                                                                "Parent Relationship": "Outer",
                                                                                                "Parallel Aware": false,
                                                                                                "Async Capable": false,
                                                                                                "Join Type": "Inner",
                                                                                                "Startup Cost": 15766.46,
                                                                                                "Total Cost": 42997.49,
                                                                                                "Plan Rows": 50,
                                                                                                "Plan Width": 28,
                                                                                                "Actual Startup Time": 6.641,
                                                                                                "Actual Total Time": 56.007,
                                                                                                "Actual Rows": 1369,
                                                                                                "Actual Loops": 4,
                                                                                                "Inner Unique": false,
                                                                                                "Hash Cond": "((pl1.site_id = site.site_id) AND (pl1.post_id_to = pl2.post_id_from))",
                                                                                                "Workers": [],
                                                                                                "Plans": [
                                                                                                    {
                                                                                                        "Node Type": "Seq Scan",
                                                                                                        "Parent Relationship": "Outer",
                                                                                                        "Parallel Aware": true,
                                                                                                        "Async Capable": false,
                                                                                                        "Relation Name": "post_link",
                                                                                                        "Alias": "pl1",
                                                                                                        "Startup Cost": 0.0,
                                                                                                        "Total Cost": 21752.3,
                                                                                                        "Plan Rows": 730430,
                                                                                                        "Plan Width": 12,
                                                                                                        "Actual Startup Time": 0.008,
                                                                                                        "Actual Total Time": 25.575,
                                                                                                        "Actual Rows": 566083,
                                                                                                        "Actual Loops": 4,
                                                                                                        "Workers": []
                                                                                                    },
                                                                                                    {
                                                                                                        "Node Type": "Hash",
                                                                                                        "Parent Relationship": "Inner",
                                                                                                        "Parallel Aware": false,
                                                                                                        "Async Capable": false,
                                                                                                        "Startup Cost": 15570.13,
                                                                                                        "Total Cost": 15570.13,
                                                                                                        "Plan Rows": 13089,
                                                                                                        "Plan Width": 16,
                                                                                                        "Actual Startup Time": 1.033,
                                                                                                        "Actual Total Time": 1.035,
                                                                                                        "Actual Rows": 4342,
                                                                                                        "Actual Loops": 4,
                                                                                                        "Hash Buckets": 16384,
                                                                                                        "Original Hash Buckets": 16384,
                                                                                                        "Hash Batches": 1,
                                                                                                        "Original Hash Batches": 1,
                                                                                                        "Peak Memory Usage": 332,
                                                                                                        "Workers": [],
                                                                                                        "Plans": [
                                                                                                            {
                                                                                                                "Node Type": "Nested Loop",
                                                                                                                "Parent Relationship": "Outer",
                                                                                                                "Parallel Aware": false,
                                                                                                                "Async Capable": false,
                                                                                                                "Join Type": "Inner",
                                                                                                                "Startup Cost": 330.94,
                                                                                                                "Total Cost": 15570.13,
                                                                                                                "Plan Rows": 13089,
                                                                                                                "Plan Width": 16,
                                                                                                                "Actual Startup Time": 0.15,
                                                                                                                "Actual Total Time": 0.627,
                                                                                                                "Actual Rows": 4342,
                                                                                                                "Actual Loops": 4,
                                                                                                                "Inner Unique": false,
                                                                                                                "Workers": [],
                                                                                                                "Plans": [
                                                                                                                    {
                                                                                                                        "Node Type": "Index Scan",
                                                                                                                        "Parent Relationship": "Outer",
                                                                                                                        "Parallel Aware": false,
                                                                                                                        "Async Capable": false,
                                                                                                                        "Scan Direction": "Forward",
                                                                                                                        "Index Name": "site_pkey",
                                                                                                                        "Relation Name": "site",
                                                                                                                        "Alias": "site",
                                                                                                                        "Startup Cost": 0.14,
                                                                                                                        "Total Cost": 15.17,
                                                                                                                        "Plan Rows": 1,
                                                                                                                        "Plan Width": 4,
                                                                                                                        "Actual Startup Time": 0.019,
                                                                                                                        "Actual Total Time": 0.026,
                                                                                                                        "Actual Rows": 1,
                                                                                                                        "Actual Loops": 4,
                                                                                                                        "Filter": "((site_name)::text = 'hinduism'::text)",
                                                                                                                        "Rows Removed by Filter": 172,
                                                                                                                        "Workers": []
                                                                                                                    },
                                                                                                                    {
                                                                                                                        "Node Type": "Bitmap Heap Scan",
                                                                                                                        "Parent Relationship": "Inner",
                                                                                                                        "Parallel Aware": false,
                                                                                                                        "Async Capable": false,
                                                                                                                        "Relation Name": "post_link",
                                                                                                                        "Alias": "pl2",
                                                                                                                        "Startup Cost": 330.8,
                                                                                                                        "Total Cost": 15412.55,
                                                                                                                        "Plan Rows": 14241,
                                                                                                                        "Plan Width": 12,
                                                                                                                        "Actual Startup Time": 0.129,
                                                                                                                        "Actual Total Time": 0.358,
                                                                                                                        "Actual Rows": 4342,
                                                                                                                        "Actual Loops": 4,
                                                                                                                        "Recheck Cond": "(site.site_id = site_id)",
                                                                                                                        "Rows Removed by Index Recheck": 0,
                                                                                                                        "Exact Heap Blocks": 29,
                                                                                                                        "Lossy Heap Blocks": 0,
                                                                                                                        "Workers": [],
                                                                                                                        "Plans": [
                                                                                                                            {
                                                                                                                                "Node Type": "Bitmap Index Scan",
                                                                                                                                "Parent Relationship": "Outer",
                                                                                                                                "Parallel Aware": false,
                                                                                                                                "Async Capable": false,
                                                                                                                                "Index Name": "post_link_pkey",
                                                                                                                                "Startup Cost": 0.0,
                                                                                                                                "Total Cost": 327.24,
                                                                                                                                "Plan Rows": 14241,
                                                                                                                                "Plan Width": 0,
                                                                                                                                "Actual Startup Time": 0.124,
                                                                                                                                "Actual Total Time": 0.124,
                                                                                                                                "Actual Rows": 4342,
                                                                                                                                "Actual Loops": 4,
                                                                                                                                "Index Cond": "(site_id = site.site_id)",
                                                                                                                                "Workers": []
                                                                                                                            }
                                                                                                                        ]
                                                                                                                    }
                                                                                                                ]
                                                                                                            }
                                                                                                        ]
                                                                                                    }
                                                                                                ]
                                                                                            },
                                                                                            {
                                                                                                "Node Type": "Index Scan",
                                                                                                "Parent Relationship": "Inner",
                                                                                                "Parallel Aware": false,
                                                                                                "Async Capable": false,
                                                                                                "Scan Direction": "Forward",
                                                                                                "Index Name": "question_pkey",
                                                                                                "Relation Name": "question",
                                                                                                "Alias": "q1",
                                                                                                "Startup Cost": 0.43,
                                                                                                "Total Cost": 8.14,
                                                                                                "Plan Rows": 1,
                                                                                                "Plan Width": 12,
                                                                                                "Actual Startup Time": 0.001,
                                                                                                "Actual Total Time": 0.001,
                                                                                                "Actual Rows": 1,
                                                                                                "Actual Loops": 5475,
                                                                                                "Index Cond": "((id = pl1.post_id_from) AND (site_id = pl1.site_id))",
                                                                                                "Rows Removed by Index Recheck": 0,
                                                                                                "Workers": []
                                                                                            }
                                                                                        ]
                                                                                    },
                                                                                    {
                                                                                        "Node Type": "Index Scan",
                                                                                        "Parent Relationship": "Inner",
                                                                                        "Parallel Aware": false,
                                                                                        "Async Capable": false,
                                                                                        "Scan Direction": "Forward",
                                                                                        "Index Name": "question_pkey",
                                                                                        "Relation Name": "question",
                                                                                        "Alias": "q3",
                                                                                        "Startup Cost": 0.43,
                                                                                        "Total Cost": 8.14,
                                                                                        "Plan Rows": 1,
                                                                                        "Plan Width": 12,
                                                                                        "Actual Startup Time": 0.002,
                                                                                        "Actual Total Time": 0.002,
                                                                                        "Actual Rows": 1,
                                                                                        "Actual Loops": 5475,
                                                                                        "Index Cond": "((id = pl2.post_id_to) AND (site_id = pl2.site_id))",
                                                                                        "Rows Removed by Index Recheck": 0,
                                                                                        "Workers": []
                                                                                    }
                                                                                ]
                                                                            },
                                                                            {
                                                                                "Node Type": "Index Only Scan",
                                                                                "Parent Relationship": "Inner",
                                                                                "Parallel Aware": false,
                                                                                "Async Capable": false,
                                                                                "Scan Direction": "Forward",
                                                                                "Index Name": "question_pkey",
                                                                                "Relation Name": "question",
                                                                                "Alias": "q2",
                                                                                "Startup Cost": 0.43,
                                                                                "Total Cost": 4.3,
                                                                                "Plan Rows": 1,
                                                                                "Plan Width": 8,
                                                                                "Actual Startup Time": 0.001,
                                                                                "Actual Total Time": 0.001,
                                                                                "Actual Rows": 1,
                                                                                "Actual Loops": 983,
                                                                                "Index Cond": "((id = pl1.post_id_to) AND (site_id = pl1.site_id))",
                                                                                "Rows Removed by Index Recheck": 0,
                                                                                "Heap Fetches": 0,
                                                                                "Workers": []
                                                                            }
                                                                        ]
                                                                    },
                                                                    {
                                                                        "Node Type": "Index Only Scan",
                                                                        "Parent Relationship": "Inner",
                                                                        "Parallel Aware": false,
                                                                        "Async Capable": false,
                                                                        "Scan Direction": "Forward",
                                                                        "Index Name": "comment_site_id_post_id_idx",
                                                                        "Relation Name": "comment",
                                                                        "Alias": "comment",
                                                                        "Startup Cost": 0.57,
                                                                        "Total Cost": 8.28,
                                                                        "Plan Rows": 1,
                                                                        "Plan Width": 8,
                                                                        "Actual Startup Time": 0.002,
                                                                        "Actual Total Time": 0.002,
                                                                        "Actual Rows": 1,
                                                                        "Actual Loops": 983,
                                                                        "Index Cond": "((site_id = q3.site_id) AND (post_id = q3.id))",
                                                                        "Rows Removed by Index Recheck": 0,
                                                                        "Heap Fetches": 813,
                                                                        "Workers": []
                                                                    }
                                                                ]
                                                            },
                                                            {
                                                                "Node Type": "Index Only Scan",
                                                                "Parent Relationship": "Inner",
                                                                "Parallel Aware": false,
                                                                "Async Capable": false,
                                                                "Scan Direction": "Forward",
                                                                "Index Name": "comment_site_id_post_id_idx",
                                                                "Relation Name": "comment",
                                                                "Alias": "comment_1",
                                                                "Startup Cost": 0.57,
                                                                "Total Cost": 8.28,
                                                                "Plan Rows": 1,
                                                                "Plan Width": 8,
                                                                "Actual Startup Time": 0.002,
                                                                "Actual Total Time": 0.002,
                                                                "Actual Rows": 1,
                                                                "Actual Loops": 813,
                                                                "Index Cond": "((site_id = q2.site_id) AND (post_id = q2.id))",
                                                                "Rows Removed by Index Recheck": 0,
                                                                "Heap Fetches": 741,
                                                                "Workers": []
                                                            }
                                                        ]
                                                    },
                                                    {
                                                        "Node Type": "Index Only Scan",
                                                        "Parent Relationship": "Inner",
                                                        "Parallel Aware": false,
                                                        "Async Capable": false,
                                                        "Scan Direction": "Forward",
                                                        "Index Name": "comment_site_id_post_id_idx",
                                                        "Relation Name": "comment",
                                                        "Alias": "comment_2",
                                                        "Startup Cost": 0.57,
                                                        "Total Cost": 8.28,
                                                        "Plan Rows": 1,
                                                        "Plan Width": 8,
                                                        "Actual Startup Time": 0.002,
                                                        "Actual Total Time": 0.002,
                                                        "Actual Rows": 1,
                                                        "Actual Loops": 741,
                                                        "Index Cond": "((site_id = q1.site_id) AND (post_id = q1.id))",
                                                        "Rows Removed by Index Recheck": 0,
                                                        "Heap Fetches": 698,
                                                        "Workers": []
                                                    }
                                                ]
                                            }
                                        ]
                                    }
                                ]
                            }
                        ]
                    },
                    "Planning Time": 71.253,
                    "Triggers": [],
                    "Execution Time": 68.612
                }
            ],
            "hints": [
                "SET enable_hashjoin TO on",
                "SET enable_indexonlyscan TO on",
                "SET enable_indexscan TO on",
                "SET enable_mergejoin TO off",
                "SET enable_nestloop TO on",
                "SET enable_seqscan TO on"
            ]
        }
    ]
}