{
    "sql_file": "soload_q9-006.sql",
    "query": "select count(distinct account.id) from\naccount, site, so_user, question q, post_link pl, tag, tag_question tq where\nnot exists (select * from answer a where a.site_id = q.site_id and a.question_id = q.id) and\nsite.site_name = 'stackoverflow' and\nsite.site_id = q.site_id and\npl.site_id = q.site_id and\npl.post_id_to = q.id and\n\ntag.name = 'unity3d' and\ntag.site_id = q.site_id and\n\nq.creation_date > '2016-01-01'::date and\n\ntq.site_id = tag.site_id and\ntq.tag_id = tag.id and\ntq.question_id = q.id and\n\nq.owner_user_id = so_user.id and\nq.site_id = so_user.site_id and\nso_user.reputation > 96 and\n\naccount.id = so_user.account_id and\naccount.website_url != '';",
    "results": [
        {
            "arm": 0,
            "execution_time": 28597.82,
            "plan": [
                {
                    "Plan": {
                        "Node Type": "Aggregate",
                        "Strategy": "Plain",
                        "Partial Mode": "Simple",
                        "Parallel Aware": false,
                        "Async Capable": false,
                        "Startup Cost": 4081.9,
                        "Total Cost": 4081.91,
                        "Plan Rows": 1,
                        "Plan Width": 8,
                        "Actual Startup Time": 28597.702,
                        "Actual Total Time": 28597.764,
                        "Actual Rows": 1,
                        "Actual Loops": 1,
                        "Plans": [
                            {
                                "Node Type": "Nested Loop",
                                "Parent Relationship": "Outer",
                                "Parallel Aware": false,
                                "Async Capable": false,
                                "Join Type": "Anti",
                                "Startup Cost": 3738.83,
                                "Total Cost": 4081.9,
                                "Plan Rows": 1,
                                "Plan Width": 4,
                                "Actual Startup Time": 5087.14,
                                "Actual Total Time": 28597.684,
                                "Actual Rows": 72,
                                "Actual Loops": 1,
                                "Inner Unique": false,
                                "Plans": [
                                    {
                                        "Node Type": "Nested Loop",
                                        "Parent Relationship": "Outer",
                                        "Parallel Aware": false,
                                        "Async Capable": false,
                                        "Join Type": "Inner",
                                        "Startup Cost": 3738.4,
                                        "Total Cost": 4071.79,
                                        "Plan Rows": 1,
                                        "Plan Width": 12,
                                        "Actual Startup Time": 1523.793,
                                        "Actual Total Time": 28590.896,
                                        "Actual Rows": 309,
                                        "Actual Loops": 1,
                                        "Inner Unique": false,
                                        "Join Filter": "(site.site_id = pl.site_id)",
                                        "Rows Removed by Join Filter": 0,
                                        "Plans": [
                                            {
                                                "Node Type": "Nested Loop",
                                                "Parent Relationship": "Outer",
                                                "Parallel Aware": false,
                                                "Async Capable": false,
                                                "Join Type": "Inner",
                                                "Startup Cost": 3737.97,
                                                "Total Cost": 3744.7,
                                                "Plan Rows": 1,
                                                "Plan Width": 32,
                                                "Actual Startup Time": 850.973,
                                                "Actual Total Time": 1170.827,
                                                "Actual Rows": 1323,
                                                "Actual Loops": 1,
                                                "Inner Unique": true,
                                                "Plans": [
                                                    {
                                                        "Node Type": "Gather Merge",
                                                        "Parent Relationship": "Outer",
                                                        "Parallel Aware": false,
                                                        "Async Capable": false,
                                                        "Startup Cost": 3737.54,
                                                        "Total Cost": 3737.65,
                                                        "Plan Rows": 1,
                                                        "Plan Width": 32,
                                                        "Actual Startup Time": 850.872,
                                                        "Actual Total Time": 852.968,
                                                        "Actual Rows": 5630,
                                                        "Actual Loops": 1,
                                                        "Workers Planned": 1,
                                                        "Workers Launched": 1,
                                                        "Plans": [
                                                            {
                                                                "Node Type": "Sort",
                                                                "Parent Relationship": "Outer",
                                                                "Parallel Aware": false,
                                                                "Async Capable": false,
                                                                "Startup Cost": 2737.53,
                                                                "Total Cost": 2737.53,
                                                                "Plan Rows": 1,
                                                                "Plan Width": 32,
                                                                "Actual Startup Time": 426.96,
                                                                "Actual Total Time": 427.556,
                                                                "Actual Rows": 2815,
                                                                "Actual Loops": 2,
                                                                "Sort Key": [
                                                                    "so_user.account_id"
                                                                ],
                                                                "Sort Method": "quicksort",
                                                                "Sort Space Used": 500,
                                                                "Sort Space Type": "Memory",
                                                                "Workers": [
                                                                    {
                                                                        "Worker Number": 0,
                                                                        "Sort Method": "quicksort",
                                                                        "Sort Space Used": 25,
                                                                        "Sort Space Type": "Memory"
                                                                    }
                                                                ],
                                                                "Plans": [
                                                                    {
                                                                        "Node Type": "Nested Loop",
                                                                        "Parent Relationship": "Outer",
                                                                        "Parallel Aware": false,
                                                                        "Async Capable": false,
                                                                        "Join Type": "Inner",
                                                                        "Startup Cost": 2577.93,
                                                                        "Total Cost": 2737.52,
                                                                        "Plan Rows": 1,
                                                                        "Plan Width": 32,
                                                                        "Actual Startup Time": 30.036,
                                                                        "Actual Total Time": 426.392,
                                                                        "Actual Rows": 2815,
                                                                        "Actual Loops": 2,
                                                                        "Inner Unique": true,
                                                                        "Join Filter": "(site.site_id = so_user.site_id)",
                                                                        "Rows Removed by Join Filter": 0,
                                                                        "Workers": [],
                                                                        "Plans": [
                                                                            {
                                                                                "Node Type": "Nested Loop",
                                                                                "Parent Relationship": "Outer",
                                                                                "Parallel Aware": false,
                                                                                "Async Capable": false,
                                                                                "Join Type": "Inner",
                                                                                "Startup Cost": 2577.49,
                                                                                "Total Cost": 2730.44,
                                                                                "Plan Rows": 1,
                                                                                "Plan Width": 28,
                                                                                "Actual Startup Time": 29.741,
                                                                                "Actual Total Time": 79.826,
                                                                                "Actual Rows": 8163,
                                                                                "Actual Loops": 2,
                                                                                "Inner Unique": true,
                                                                                "Join Filter": "(site.site_id = q.site_id)",
                                                                                "Rows Removed by Join Filter": 0,
                                                                                "Workers": [],
                                                                                "Plans": [
                                                                                    {
                                                                                        "Node Type": "Nested Loop",
                                                                                        "Parent Relationship": "Outer",
                                                                                        "Parallel Aware": false,
                                                                                        "Async Capable": false,
                                                                                        "Join Type": "Inner",
                                                                                        "Startup Cost": 2577.06,
                                                                                        "Total Cost": 2638.59,
                                                                                        "Plan Rows": 13,
                                                                                        "Plan Width": 16,
                                                                                        "Actual Startup Time": 4.771,
                                                                                        "Actual Total Time": 30.743,
                                                                                        "Actual Rows": 12530,
                                                                                        "Actual Loops": 2,
                                                                                        "Inner Unique": false,
                                                                                        "Join Filter": "(site.site_id = tq.site_id)",
                                                                                        "Rows Removed by Join Filter": 0,
                                                                                        "Workers": [],
                                                                                        "Plans": [
                                                                                            {
                                                                                                "Node Type": "Merge Join",
                                                                                                "Parent Relationship": "Outer",
                                                                                                "Parallel Aware": false,
                                                                                                "Async Capable": false,
                                                                                                "Join Type": "Inner",
                                                                                                "Startup Cost": 2576.49,
                                                                                                "Total Cost": 2576.52,
                                                                                                "Plan Rows": 1,
                                                                                                "Plan Width": 12,
                                                                                                "Actual Startup Time": 4.593,
                                                                                                "Actual Total Time": 4.594,
                                                                                                "Actual Rows": 0,
                                                                                                "Actual Loops": 2,
                                                                                                "Inner Unique": true,
                                                                                                "Merge Cond": "(tag.site_id = site.site_id)",
                                                                                                "Workers": [],
                                                                                                "Plans": [
                                                                                                    {
                                                                                                        "Node Type": "Sort",
                                                                                                        "Parent Relationship": "Outer",
                                                                                                        "Parallel Aware": false,
                                                                                                        "Async Capable": false,
                                                                                                        "Startup Cost": 2573.32,
                                                                                                        "Total Cost": 2573.32,
                                                                                                        "Plan Rows": 2,
                                                                                                        "Plan Width": 8,
                                                                                                        "Actual Startup Time": 4.564,
                                                                                                        "Actual Total Time": 4.565,
                                                                                                        "Actual Rows": 5,
                                                                                                        "Actual Loops": 2,
                                                                                                        "Sort Key": [
                                                                                                            "tag.site_id"
                                                                                                        ],
                                                                                                        "Sort Method": "quicksort",
                                                                                                        "Sort Space Used": 25,
                                                                                                        "Sort Space Type": "Memory",
                                                                                                        "Workers": [
                                                                                                            {
                                                                                                                "Worker Number": 0,
                                                                                                                "Sort Method": "quicksort",
                                                                                                                "Sort Space Used": 25,
                                                                                                                "Sort Space Type": "Memory"
                                                                                                            }
                                                                                                        ],
                                                                                                        "Plans": [
                                                                                                            {
                                                                                                                "Node Type": "Seq Scan",
                                                                                                                "Parent Relationship": "Outer",
                                                                                                                "Parallel Aware": true,
                                                                                                                "Async Capable": false,
                                                                                                                "Relation Name": "tag",
                                                                                                                "Alias": "tag",
                                                                                                                "Startup Cost": 0.0,
                                                                                                                "Total Cost": 2573.31,
                                                                                                                "Plan Rows": 2,
                                                                                                                "Plan Width": 8,
                                                                                                                "Actual Startup Time": 0.441,
                                                                                                                "Actual Total Time": 4.557,
                                                                                                                "Actual Rows": 5,
                                                                                                                "Actual Loops": 2,
                                                                                                                "Filter": "((name)::text = 'unity3d'::text)",
                                                                                                                "Rows Removed by Filter": 93380,
                                                                                                                "Workers": []
                                                                                                            }
                                                                                                        ]
                                                                                                    },
                                                                                                    {
                                                                                                        "Node Type": "Sort",
                                                                                                        "Parent Relationship": "Inner",
                                                                                                        "Parallel Aware": false,
                                                                                                        "Async Capable": false,
                                                                                                        "Startup Cost": 3.17,
                                                                                                        "Total Cost": 3.18,
                                                                                                        "Plan Rows": 1,
                                                                                                        "Plan Width": 4,
                                                                                                        "Actual Startup Time": 0.026,
                                                                                                        "Actual Total Time": 0.026,
                                                                                                        "Actual Rows": 1,
                                                                                                        "Actual Loops": 2,
                                                                                                        "Sort Key": [
                                                                                                            "site.site_id"
                                                                                                        ],
                                                                                                        "Sort Method": "quicksort",
                                                                                                        "Sort Space Used": 25,
                                                                                                        "Sort Space Type": "Memory",
                                                                                                        "Workers": [
                                                                                                            {
                                                                                                                "Worker Number": 0,
                                                                                                                "Sort Method": "quicksort",
                                                                                                                "Sort Space Used": 25,
                                                                                                                "Sort Space Type": "Memory"
                                                                                                            }
                                                                                                        ],
                                                                                                        "Plans": [
                                                                                                            {
                                                                                                                "Node Type": "Seq Scan",
                                                                                                                "Parent Relationship": "Outer",
                                                                                                                "Parallel Aware": false,
                                                                                                                "Async Capable": false,
                                                                                                                "Relation Name": "site",
                                                                                                                "Alias": "site",
                                                                                                                "Startup Cost": 0.0,
                                                                                                                "Total Cost": 3.16,
                                                                                                                "Plan Rows": 1,
                                                                                                                "Plan Width": 4,
                                                                                                                "Actual Startup Time": 0.018,
                                                                                                                "Actual Total Time": 0.019,
                                                                                                                "Actual Rows": 1,
                                                                                                                "Actual Loops": 2,
                                                                                                                "Filter": "((site_name)::text = 'stackoverflow'::text)",
                                                                                                                "Rows Removed by Filter": 172,
                                                                                                                "Workers": []
                                                                                                            }
                                                                                                        ]
                                                                                                    }
                                                                                                ]
                                                                                            },
                                                                                            {
                                                                                                "Node Type": "Index Only Scan",
                                                                                                "Parent Relationship": "Inner",
                                                                                                "Parallel Aware": false,
                                                                                                "Async Capable": false,
                                                                                                "Scan Direction": "Forward",
                                                                                                "Index Name": "tag_question_site_id_tag_id_question_id_idx",
                                                                                                "Relation Name": "tag_question",
                                                                                                "Alias": "tq",
                                                                                                "Startup Cost": 0.56,
                                                                                                "Total Cost": 61.69,
                                                                                                "Plan Rows": 31,
                                                                                                "Plan Width": 12,
                                                                                                "Actual Startup Time": 0.352,
                                                                                                "Actual Total Time": 50.333,
                                                                                                "Actual Rows": 25059,
                                                                                                "Actual Loops": 1,
                                                                                                "Index Cond": "((site_id = tag.site_id) AND (tag_id = tag.id))",
                                                                                                "Rows Removed by Index Recheck": 0,
                                                                                                "Heap Fetches": 25059,
                                                                                                "Workers": []
                                                                                            }
                                                                                        ]
                                                                                    },
                                                                                    {
                                                                                        "Node Type": "Index Scan",
                                                                                        "Parent Relationship": "Inner",
                                                                                        "Parallel Aware": false,
                                                                                        "Async Capable": false,
                                                                                        "Scan Direction": "Forward",
                                                                                        "Index Name": "question_pkey",
                                                                                        "Relation Name": "question",
                                                                                        "Alias": "q",
                                                                                        "Startup Cost": 0.43,
                                                                                        "Total Cost": 7.05,
                                                                                        "Plan Rows": 1,
                                                                                        "Plan Width": 12,
                                                                                        "Actual Startup Time": 0.004,
                                                                                        "Actual Total Time": 0.004,
                                                                                        "Actual Rows": 1,
                                                                                        "Actual Loops": 25059,
                                                                                        "Index Cond": "((id = tq.question_id) AND (site_id = tq.site_id))",
                                                                                        "Rows Removed by Index Recheck": 0,
                                                                                        "Filter": "(creation_date > '2016-01-01'::date)",
                                                                                        "Rows Removed by Filter": 0,
                                                                                        "Workers": []
                                                                                    }
                                                                                ]
                                                                            },
                                                                            {
                                                                                "Node Type": "Index Scan",
                                                                                "Parent Relationship": "Inner",
                                                                                "Parallel Aware": false,
                                                                                "Async Capable": false,
                                                                                "Scan Direction": "Forward",
                                                                                "Index Name": "so_user_pkey",
                                                                                "Relation Name": "so_user",
                                                                                "Alias": "so_user",
                                                                                "Startup Cost": 0.44,
                                                                                "Total Cost": 7.07,
                                                                                "Plan Rows": 1,
                                                                                "Plan Width": 12,
                                                                                "Actual Startup Time": 0.042,
                                                                                "Actual Total Time": 0.042,
                                                                                "Actual Rows": 0,
                                                                                "Actual Loops": 16326,
                                                                                "Index Cond": "((id = q.owner_user_id) AND (site_id = q.site_id))",
                                                                                "Rows Removed by Index Recheck": 0,
                                                                                "Filter": "(reputation > 96)",
                                                                                "Rows Removed by Filter": 1,
                                                                                "Workers": []
                                                                            }
                                                                        ]
                                                                    }
                                                                ]
                                                            }
                                                        ]
                                                    },
                                                    {
                                                        "Node Type": "Index Scan",
                                                        "Parent Relationship": "Inner",
                                                        "Parallel Aware": false,
                                                        "Async Capable": false,
                                                        "Scan Direction": "Forward",
                                                        "Index Name": "account_pkey",
                                                        "Relation Name": "account",
                                                        "Alias": "account",
                                                        "Startup Cost": 0.43,
                                                        "Total Cost": 7.05,
                                                        "Plan Rows": 1,
                                                        "Plan Width": 4,
                                                        "Actual Startup Time": 0.056,
                                                        "Actual Total Time": 0.056,
                                                        "Actual Rows": 0,
                                                        "Actual Loops": 5630,
                                                        "Index Cond": "(id = so_user.account_id)",
                                                        "Rows Removed by Index Recheck": 0,
                                                        "Filter": "((website_url)::text <> ''::text)",
                                                        "Rows Removed by Filter": 1
                                                    }
                                                ]
                                            },
                                            {
                                                "Node Type": "Index Only Scan",
                                                "Parent Relationship": "Inner",
                                                "Parallel Aware": false,
                                                "Async Capable": false,
                                                "Scan Direction": "Forward",
                                                "Index Name": "post_link_pkey",
                                                "Relation Name": "post_link",
                                                "Alias": "pl",
                                                "Startup Cost": 0.43,
                                                "Total Cost": 327.07,
                                                "Plan Rows": 1,
                                                "Plan Width": 8,
                                                "Actual Startup Time": 20.311,
                                                "Actual Total Time": 20.724,
                                                "Actual Rows": 0,
                                                "Actual Loops": 1323,
                                                "Index Cond": "((site_id = q.site_id) AND (post_id_to = q.id))",
                                                "Rows Removed by Index Recheck": 0,
                                                "Heap Fetches": 309
                                            }
                                        ]
                                    },
                                    {
                                        "Node Type": "Index Only Scan",
                                        "Parent Relationship": "Inner",
                                        "Parallel Aware": false,
                                        "Async Capable": false,
                                        "Scan Direction": "Forward",
                                        "Index Name": "answer_site_id_question_id_idx",
                                        "Relation Name": "answer",
                                        "Alias": "a",
                                        "Startup Cost": 0.43,
                                        "Total Cost": 7.04,
                                        "Plan Rows": 1,
                                        "Plan Width": 8,
                                        "Actual Startup Time": 0.021,
                                        "Actual Total Time": 0.021,
                                        "Actual Rows": 1,
                                        "Actual Loops": 309,
                                        "Index Cond": "((site_id = q.site_id) AND (question_id = q.id))",
                                        "Rows Removed by Index Recheck": 0,
                                        "Heap Fetches": 237
                                    }
                                ]
                            }
                        ]
                    },
                    "Planning Time": 15.677,
                    "Triggers": [],
                    "Execution Time": 28597.82
                }
            ],
            "hints": [
                "SET enable_hashjoin TO on",
                "SET enable_indexonlyscan TO on",
                "SET enable_indexscan TO on",
                "SET enable_mergejoin TO on",
                "SET enable_nestloop TO on",
                "SET enable_seqscan TO on"
            ]
        },
        {
            "arm": 1,
            "execution_time": 6563.424,
            "plan": [
                {
                    "Plan": {
                        "Node Type": "Aggregate",
                        "Strategy": "Plain",
                        "Partial Mode": "Simple",
                        "Parallel Aware": false,
                        "Async Capable": false,
                        "Startup Cost": 3190148.13,
                        "Total Cost": 3190148.14,
                        "Plan Rows": 1,
                        "Plan Width": 8,
                        "Actual Startup Time": 5513.921,
                        "Actual Total Time": 6563.373,
                        "Actual Rows": 1,
                        "Actual Loops": 1,
                        "Plans": [
                            {
                                "Node Type": "Sort",
                                "Parent Relationship": "Outer",
                                "Parallel Aware": false,
                                "Async Capable": false,
                                "Startup Cost": 3190148.12,
                                "Total Cost": 3190148.13,
                                "Plan Rows": 1,
                                "Plan Width": 4,
                                "Actual Startup Time": 5513.906,
                                "Actual Total Time": 6563.36,
                                "Actual Rows": 72,
                                "Actual Loops": 1,
                                "Sort Key": [
                                    "account.id"
                                ],
                                "Sort Method": "quicksort",
                                "Sort Space Used": 25,
                                "Sort Space Type": "Memory",
                                "Plans": [
                                    {
                                        "Node Type": "Gather",
                                        "Parent Relationship": "Outer",
                                        "Parallel Aware": false,
                                        "Async Capable": false,
                                        "Startup Cost": 2420774.14,
                                        "Total Cost": 3190148.11,
                                        "Plan Rows": 1,
                                        "Plan Width": 4,
                                        "Actual Startup Time": 5511.191,
                                        "Actual Total Time": 6563.345,
                                        "Actual Rows": 72,
                                        "Actual Loops": 1,
                                        "Workers Planned": 7,
                                        "Workers Launched": 7,
                                        "Single Copy": false,
                                        "Plans": [
                                            {
                                                "Node Type": "Hash Join",
                                                "Parent Relationship": "Outer",
                                                "Parallel Aware": true,
                                                "Async Capable": false,
                                                "Join Type": "Inner",
                                                "Startup Cost": 2419774.14,
                                                "Total Cost": 3189148.01,
                                                "Plan Rows": 1,
                                                "Plan Width": 4,
                                                "Actual Startup Time": 5499.297,
                                                "Actual Total Time": 5500.778,
                                                "Actual Rows": 9,
                                                "Actual Loops": 8,
                                                "Inner Unique": true,
                                                "Hash Cond": "((site.site_id = tag.site_id) AND (tq.tag_id = tag.id))",
                                                "Workers": [],
                                                "Plans": [
                                                    {
                                                        "Node Type": "Hash Join",
                                                        "Parent Relationship": "Outer",
                                                        "Parallel Aware": true,
                                                        "Async Capable": false,
                                                        "Join Type": "Right Anti",
                                                        "Startup Cost": 2417200.8,
                                                        "Total Cost": 3186574.67,
                                                        "Plan Rows": 1,
                                                        "Plan Width": 28,
                                                        "Actual Startup Time": 5497.524,
                                                        "Actual Total Time": 5498.85,
                                                        "Actual Rows": 5086,
                                                        "Actual Loops": 8,
                                                        "Inner Unique": false,
                                                        "Hash Cond": "((a.site_id = q.site_id) AND (a.question_id = q.id))",
                                                        "Workers": [],
                                                        "Plans": [
                                                            {
                                                                "Node Type": "Seq Scan",
                                                                "Parent Relationship": "Outer",
                                                                "Parallel Aware": true,
                                                                "Async Capable": false,
                                                                "Relation Name": "answer",
                                                                "Alias": "a",
                                                                "Startup Cost": 0.0,
                                                                "Total Cost": 762572.49,
                                                                "Plan Rows": 906849,
                                                                "Plan Width": 8,
                                                                "Actual Startup Time": 0.026,
                                                                "Actual Total Time": 1121.003,
                                                                "Actual Rows": 793444,
                                                                "Actual Loops": 8,
                                                                "Workers": []
                                                            },
                                                            {
                                                                "Node Type": "Hash",
                                                                "Parent Relationship": "Inner",
                                                                "Parallel Aware": true,
                                                                "Async Capable": false,
                                                                "Startup Cost": 2417200.78,
                                                                "Total Cost": 2417200.78,
                                                                "Plan Rows": 1,
                                                                "Plan Width": 32,
                                                                "Actual Startup Time": 4279.727,
                                                                "Actual Total Time": 4280.126,
                                                                "Actual Rows": 18659,
                                                                "Actual Loops": 8,
                                                                "Hash Buckets": 262144,
                                                                "Original Hash Buckets": 1024,
                                                                "Hash Batches": 1,
                                                                "Original Hash Batches": 1,
                                                                "Peak Memory Usage": 13528,
                                                                "Workers": [],
                                                                "Plans": [
                                                                    {
                                                                        "Node Type": "Hash Join",
                                                                        "Parent Relationship": "Outer",
                                                                        "Parallel Aware": true,
                                                                        "Async Capable": false,
                                                                        "Join Type": "Inner",
                                                                        "Startup Cost": 2389970.25,
                                                                        "Total Cost": 2417200.78,
                                                                        "Plan Rows": 1,
                                                                        "Plan Width": 32,
                                                                        "Actual Startup Time": 4216.92,
                                                                        "Actual Total Time": 4270.281,
                                                                        "Actual Rows": 18659,
                                                                        "Actual Loops": 8,
                                                                        "Inner Unique": false,
                                                                        "Hash Cond": "((pl.site_id = site.site_id) AND (pl.post_id_to = q.id))",
                                                                        "Workers": [],
                                                                        "Plans": [
                                                                            {
                                                                                "Node Type": "Seq Scan",
                                                                                "Parent Relationship": "Outer",
                                                                                "Parallel Aware": true,
                                                                                "Async Capable": false,
                                                                                "Relation Name": "post_link",
                                                                                "Alias": "pl",
                                                                                "Startup Cost": 0.0,
                                                                                "Total Cost": 21752.3,
                                                                                "Plan Rows": 730430,
                                                                                "Plan Width": 8,
                                                                                "Actual Startup Time": 0.746,
                                                                                "Actual Total Time": 78.704,
                                                                                "Actual Rows": 283042,
                                                                                "Actual Loops": 8,
                                                                                "Workers": []
                                                                            },
                                                                            {
                                                                                "Node Type": "Hash",
                                                                                "Parent Relationship": "Inner",
                                                                                "Parallel Aware": true,
                                                                                "Async Capable": false,
                                                                                "Startup Cost": 2389970.23,
                                                                                "Total Cost": 2389970.23,
                                                                                "Plan Rows": 1,
                                                                                "Plan Width": 32,
                                                                                "Actual Startup Time": 4150.839,
                                                                                "Actual Total Time": 4151.236,
                                                                                "Actual Rows": 151887,
                                                                                "Actual Loops": 8,
                                                                                "Hash Buckets": 2097152,
                                                                                "Original Hash Buckets": 1024,
                                                                                "Hash Batches": 1,
                                                                                "Original Hash Batches": 1,
                                                                                "Peak Memory Usage": 108984,
                                                                                "Workers": [],
                                                                                "Plans": [
                                                                                    {
                                                                                        "Node Type": "Hash Join",
                                                                                        "Parent Relationship": "Outer",
                                                                                        "Parallel Aware": true,
                                                                                        "Async Capable": false,
                                                                                        "Join Type": "Inner",
                                                                                        "Startup Cost": 2137543.49,
                                                                                        "Total Cost": 2389970.23,
                                                                                        "Plan Rows": 1,
                                                                                        "Plan Width": 32,
                                                                                        "Actual Startup Time": 3969.549,
                                                                                        "Actual Total Time": 4091.182,
                                                                                        "Actual Rows": 151887,
                                                                                        "Actual Loops": 8,
                                                                                        "Inner Unique": false,
                                                                                        "Hash Cond": "((so_user.site_id = site.site_id) AND (so_user.id = q.owner_user_id))",
                                                                                        "Workers": [],
                                                                                        "Plans": [
                                                                                            {
                                                                                                "Node Type": "Hash Join",
                                                                                                "Parent Relationship": "Outer",
                                                                                                "Parallel Aware": true,
                                                                                                "Async Capable": false,
                                                                                                "Join Type": "Inner",
                                                                                                "Startup Cost": 150787.4,
                                                                                                "Total Cost": 402893.21,
                                                                                                "Plan Rows": 42790,
                                                                                                "Plan Width": 12,
                                                                                                "Actual Startup Time": 122.506,
                                                                                                "Actual Total Time": 373.885,
                                                                                                "Actual Rows": 186086,
                                                                                                "Actual Loops": 8,
                                                                                                "Inner Unique": true,
                                                                                                "Hash Cond": "(so_user.account_id = account.id)",
                                                                                                "Workers": [],
                                                                                                "Plans": [
                                                                                                    {
                                                                                                        "Node Type": "Seq Scan",
                                                                                                        "Parent Relationship": "Outer",
                                                                                                        "Parallel Aware": true,
                                                                                                        "Async Capable": false,
                                                                                                        "Relation Name": "so_user",
                                                                                                        "Alias": "so_user",
                                                                                                        "Startup Cost": 0.0,
                                                                                                        "Total Cost": 249938.77,
                                                                                                        "Plan Rows": 825538,
                                                                                                        "Plan Width": 12,
                                                                                                        "Actual Startup Time": 0.011,
                                                                                                        "Actual Total Time": 141.8,
                                                                                                        "Actual Rows": 507431,
                                                                                                        "Actual Loops": 8,
                                                                                                        "Filter": "(reputation > 96)",
                                                                                                        "Rows Removed by Filter": 2129731,
                                                                                                        "Workers": []
                                                                                                    },
                                                                                                    {
                                                                                                        "Node Type": "Hash",
                                                                                                        "Parent Relationship": "Inner",
                                                                                                        "Parallel Aware": true,
                                                                                                        "Async Capable": false,
                                                                                                        "Startup Cost": 148993.09,
                                                                                                        "Total Cost": 148993.09,
                                                                                                        "Plan Rows": 143545,
                                                                                                        "Plan Width": 4,
                                                                                                        "Actual Startup Time": 122.263,
                                                                                                        "Actual Total Time": 122.264,
                                                                                                        "Actual Rows": 90584,
                                                                                                        "Actual Loops": 8,
                                                                                                        "Hash Buckets": 1048576,
                                                                                                        "Original Hash Buckets": 1048576,
                                                                                                        "Hash Batches": 1,
                                                                                                        "Original Hash Batches": 1,
                                                                                                        "Peak Memory Usage": 36704,
                                                                                                        "Workers": [],
                                                                                                        "Plans": [
                                                                                                            {
                                                                                                                "Node Type": "Seq Scan",
                                                                                                                "Parent Relationship": "Outer",
                                                                                                                "Parallel Aware": true,
                                                                                                                "Async Capable": false,
                                                                                                                "Relation Name": "account",
                                                                                                                "Alias": "account",
                                                                                                                "Startup Cost": 0.0,
                                                                                                                "Total Cost": 148993.09,
                                                                                                                "Plan Rows": 143545,
                                                                                                                "Plan Width": 4,
                                                                                                                "Actual Startup Time": 0.042,
                                                                                                                "Actual Total Time": 107.839,
                                                                                                                "Actual Rows": 90584,
                                                                                                                "Actual Loops": 8,
                                                                                                                "Filter": "((website_url)::text <> ''::text)",
                                                                                                                "Rows Removed by Filter": 1643435,
                                                                                                                "Workers": []
                                                                                                            }
                                                                                                        ]
                                                                                                    }
                                                                                                ]
                                                                                            },
                                                                                            {
                                                                                                "Node Type": "Hash",
                                                                                                "Parent Relationship": "Inner",
                                                                                                "Parallel Aware": true,
                                                                                                "Async Capable": false,
                                                                                                "Startup Cost": 1986752.6,
                                                                                                "Total Cost": 1986752.6,
                                                                                                "Plan Rows": 233,
                                                                                                "Plan Width": 28,
                                                                                                "Actual Startup Time": 3558.205,
                                                                                                "Actual Total Time": 3558.215,
                                                                                                "Actual Rows": 1515014,
                                                                                                "Actual Loops": 8,
                                                                                                "Hash Buckets": 262144,
                                                                                                "Original Hash Buckets": 2048,
                                                                                                "Hash Batches": 64,
                                                                                                "Original Hash Batches": 1,
                                                                                                "Peak Memory Usage": 14368,
                                                                                                "Workers": [],
                                                                                                "Plans": [
                                                                                                    {
                                                                                                        "Node Type": "Hash Join",
                                                                                                        "Parent Relationship": "Outer",
                                                                                                        "Parallel Aware": true,
                                                                                                        "Async Capable": false,
                                                                                                        "Join Type": "Inner",
                                                                                                        "Startup Cost": 293640.82,
                                                                                                        "Total Cost": 1986752.6,
                                                                                                        "Plan Rows": 233,
                                                                                                        "Plan Width": 28,
                                                                                                        "Actual Startup Time": 2559.322,
                                                                                                        "Actual Total Time": 3177.887,
                                                                                                        "Actual Rows": 1515014,
                                                                                                        "Actual Loops": 8,
                                                                                                        "Inner Unique": false,
                                                                                                        "Hash Cond": "((q.site_id = site.site_id) AND (q.id = tq.question_id))",
                                                                                                        "Workers": [],
                                                                                                        "Plans": [
                                                                                                            {
                                                                                                                "Node Type": "Seq Scan",
                                                                                                                "Parent Relationship": "Outer",
                                                                                                                "Parallel Aware": true,
                                                                                                                "Async Capable": false,
                                                                                                                "Relation Name": "question",
                                                                                                                "Alias": "q",
                                                                                                                "Startup Cost": 0.0,
                                                                                                                "Total Cost": 1686771.15,
                                                                                                                "Plan Rows": 845354,
                                                                                                                "Plan Width": 12,
                                                                                                                "Actual Startup Time": 0.054,
                                                                                                                "Actual Total Time": 592.094,
                                                                                                                "Actual Rows": 726054,
                                                                                                                "Actual Loops": 8,
                                                                                                                "Filter": "(creation_date > '2016-01-01'::date)",
                                                                                                                "Rows Removed by Filter": 857251,
                                                                                                                "Workers": []
                                                                                                            },
                                                                                                            {
                                                                                                                "Node Type": "Hash",
                                                                                                                "Parent Relationship": "Inner",
                                                                                                                "Parallel Aware": true,
                                                                                                                "Async Capable": false,
                                                                                                                "Startup Cost": 293001.22,
                                                                                                                "Total Cost": 293001.22,
                                                                                                                "Plan Rows": 42640,
                                                                                                                "Plan Width": 16,
                                                                                                                "Actual Startup Time": 1285.36,
                                                                                                                "Actual Total Time": 1285.362,
                                                                                                                "Actual Rows": 3477604,
                                                                                                                "Actual Loops": 8,
                                                                                                                "Hash Buckets": 524288,
                                                                                                                "Original Hash Buckets": 262144,
                                                                                                                "Hash Batches": 128,
                                                                                                                "Original Hash Batches": 1,
                                                                                                                "Peak Memory Usage": 14560,
                                                                                                                "Workers": [],
                                                                                                                "Plans": [
                                                                                                                    {
                                                                                                                        "Node Type": "Hash Join",
                                                                                                                        "Parent Relationship": "Outer",
                                                                                                                        "Parallel Aware": false,
                                                                                                                        "Async Capable": false,
                                                                                                                        "Join Type": "Inner",
                                                                                                                        "Startup Cost": 3.18,
                                                                                                                        "Total Cost": 293001.22,
                                                                                                                        "Plan Rows": 42640,
                                                                                                                        "Plan Width": 16,
                                                                                                                        "Actual Startup Time": 0.059,
                                                                                                                        "Actual Total Time": 573.574,
                                                                                                                        "Actual Rows": 3477604,
                                                                                                                        "Actual Loops": 8,
                                                                                                                        "Inner Unique": true,
                                                                                                                        "Hash Cond": "(tq.site_id = site.site_id)",
                                                                                                                        "Workers": [],
                                                                                                                        "Plans": [
                                                                                                                            {
                                                                                                                                "Node Type": "Seq Scan",
                                                                                                                                "Parent Relationship": "Outer",
                                                                                                                                "Parallel Aware": true,
                                                                                                                                "Async Capable": false,
                                                                                                                                "Relation Name": "tag_question",
                                                                                                                                "Alias": "tq",
                                                                                                                                "Startup Cost": 0.0,
                                                                                                                                "Total Cost": 273159.66,
                                                                                                                                "Plan Rows": 7376766,
                                                                                                                                "Plan Width": 12,
                                                                                                                                "Actual Startup Time": 0.023,
                                                                                                                                "Actual Total Time": 231.436,
                                                                                                                                "Actual Rows": 4610477,
                                                                                                                                "Actual Loops": 8,
                                                                                                                                "Workers": []
                                                                                                                            },
                                                                                                                            {
                                                                                                                                "Node Type": "Hash",
                                                                                                                                "Parent Relationship": "Inner",
                                                                                                                                "Parallel Aware": false,
                                                                                                                                "Async Capable": false,
                                                                                                                                "Startup Cost": 3.16,
                                                                                                                                "Total Cost": 3.16,
                                                                                                                                "Plan Rows": 1,
                                                                                                                                "Plan Width": 4,
                                                                                                                                "Actual Startup Time": 0.022,
                                                                                                                                "Actual Total Time": 0.023,
                                                                                                                                "Actual Rows": 1,
                                                                                                                                "Actual Loops": 8,
                                                                                                                                "Hash Buckets": 1024,
                                                                                                                                "Original Hash Buckets": 1024,
                                                                                                                                "Hash Batches": 1,
                                                                                                                                "Original Hash Batches": 1,
                                                                                                                                "Peak Memory Usage": 9,
                                                                                                                                "Workers": [],
                                                                                                                                "Plans": [
                                                                                                                                    {
                                                                                                                                        "Node Type": "Seq Scan",
                                                                                                                                        "Parent Relationship": "Outer",
                                                                                                                                        "Parallel Aware": false,
                                                                                                                                        "Async Capable": false,
                                                                                                                                        "Relation Name": "site",
                                                                                                                                        "Alias": "site",
                                                                                                                                        "Startup Cost": 0.0,
                                                                                                                                        "Total Cost": 3.16,
                                                                                                                                        "Plan Rows": 1,
                                                                                                                                        "Plan Width": 4,
                                                                                                                                        "Actual Startup Time": 0.018,
                                                                                                                                        "Actual Total Time": 0.019,
                                                                                                                                        "Actual Rows": 1,
                                                                                                                                        "Actual Loops": 8,
                                                                                                                                        "Filter": "((site_name)::text = 'stackoverflow'::text)",
                                                                                                                                        "Rows Removed by Filter": 172,
                                                                                                                                        "Workers": []
                                                                                                                                    }
                                                                                                                                ]
                                                                                                                            }
                                                                                                                        ]
                                                                                                                    }
                                                                                                                ]
                                                                                                            }
                                                                                                        ]
                                                                                                    }
                                                                                                ]
                                                                                            }
                                                                                        ]
                                                                                    }
                                                                                ]
                                                                            }
                                                                        ]
                                                                    }
                                                                ]
                                                            }
                                                        ]
                                                    },
                                                    {
                                                        "Node Type": "Hash",
                                                        "Parent Relationship": "Inner",
                                                        "Parallel Aware": true,
                                                        "Async Capable": false,
                                                        "Startup Cost": 2573.31,
                                                        "Total Cost": 2573.31,
                                                        "Plan Rows": 2,
                                                        "Plan Width": 8,
                                                        "Actual Startup Time": 1.444,
                                                        "Actual Total Time": 1.445,
                                                        "Actual Rows": 1,
                                                        "Actual Loops": 8,
                                                        "Hash Buckets": 1024,
                                                        "Original Hash Buckets": 1024,
                                                        "Hash Batches": 1,
                                                        "Original Hash Batches": 1,
                                                        "Peak Memory Usage": 136,
                                                        "Workers": [],
                                                        "Plans": [
                                                            {
                                                                "Node Type": "Seq Scan",
                                                                "Parent Relationship": "Outer",
                                                                "Parallel Aware": true,
                                                                "Async Capable": false,
                                                                "Relation Name": "tag",
                                                                "Alias": "tag",
                                                                "Startup Cost": 0.0,
                                                                "Total Cost": 2573.31,
                                                                "Plan Rows": 2,
                                                                "Plan Width": 8,
                                                                "Actual Startup Time": 0.596,
                                                                "Actual Total Time": 1.301,
                                                                "Actual Rows": 1,
                                                                "Actual Loops": 8,
                                                                "Filter": "((name)::text = 'unity3d'::text)",
                                                                "Rows Removed by Filter": 23345,
                                                                "Workers": []
                                                            }
                                                        ]
                                                    }
                                                ]
                                            }
                                        ]
                                    }
                                ]
                            }
                        ]
                    },
                    "Planning Time": 14.23,
                    "Triggers": [],
                    "Execution Time": 6563.424
                }
            ],
            "hints": [
                "SET enable_hashjoin TO on",
                "SET enable_indexonlyscan TO on",
                "SET enable_indexscan TO on",
                "SET enable_mergejoin TO on",
                "SET enable_nestloop TO off",
                "SET enable_seqscan TO on"
            ]
        },
        {
            "arm": 2,
            "execution_time": 26376.783,
            "plan": [
                {
                    "Plan": {
                        "Node Type": "Aggregate",
                        "Strategy": "Plain",
                        "Partial Mode": "Simple",
                        "Parallel Aware": false,
                        "Async Capable": false,
                        "Startup Cost": 4159.18,
                        "Total Cost": 4159.19,
                        "Plan Rows": 1,
                        "Plan Width": 8,
                        "Actual Startup Time": 26376.642,
                        "Actual Total Time": 26376.721,
                        "Actual Rows": 1,
                        "Actual Loops": 1,
                        "Plans": [
                            {
                                "Node Type": "Nested Loop",
                                "Parent Relationship": "Outer",
                                "Parallel Aware": false,
                                "Async Capable": false,
                                "Join Type": "Anti",
                                "Startup Cost": 4145.14,
                                "Total Cost": 4159.18,
                                "Plan Rows": 1,
                                "Plan Width": 4,
                                "Actual Startup Time": 4178.47,
                                "Actual Total Time": 26376.677,
                                "Actual Rows": 72,
                                "Actual Loops": 1,
                                "Inner Unique": false,
                                "Plans": [
                                    {
                                        "Node Type": "Nested Loop",
                                        "Parent Relationship": "Outer",
                                        "Parallel Aware": false,
                                        "Async Capable": false,
                                        "Join Type": "Inner",
                                        "Startup Cost": 4141.41,
                                        "Total Cost": 4149.57,
                                        "Plan Rows": 1,
                                        "Plan Width": 12,
                                        "Actual Startup Time": 815.833,
                                        "Actual Total Time": 26375.499,
                                        "Actual Rows": 309,
                                        "Actual Loops": 1,
                                        "Inner Unique": false,
                                        "Join Filter": "(site.site_id = pl.site_id)",
                                        "Rows Removed by Join Filter": 0,
                                        "Plans": [
                                            {
                                                "Node Type": "Nested Loop",
                                                "Parent Relationship": "Outer",
                                                "Parallel Aware": false,
                                                "Async Capable": false,
                                                "Join Type": "Inner",
                                                "Startup Cost": 3817.63,
                                                "Total Cost": 3821.76,
                                                "Plan Rows": 1,
                                                "Plan Width": 32,
                                                "Actual Startup Time": 194.764,
                                                "Actual Total Time": 216.615,
                                                "Actual Rows": 1323,
                                                "Actual Loops": 1,
                                                "Inner Unique": true,
                                                "Plans": [
                                                    {
                                                        "Node Type": "Gather Merge",
                                                        "Parent Relationship": "Outer",
                                                        "Parallel Aware": false,
                                                        "Async Capable": false,
                                                        "Startup Cost": 3813.89,
                                                        "Total Cost": 3814.01,
                                                        "Plan Rows": 1,
                                                        "Plan Width": 32,
                                                        "Actual Startup Time": 194.734,
                                                        "Actual Total Time": 195.989,
                                                        "Actual Rows": 5630,
                                                        "Actual Loops": 1,
                                                        "Workers Planned": 1,
                                                        "Workers Launched": 1,
                                                        "Plans": [
                                                            {
                                                                "Node Type": "Sort",
                                                                "Parent Relationship": "Outer",
                                                                "Parallel Aware": false,
                                                                "Async Capable": false,
                                                                "Startup Cost": 2813.88,
                                                                "Total Cost": 2813.89,
                                                                "Plan Rows": 1,
                                                                "Plan Width": 32,
                                                                "Actual Startup Time": 99.094,
                                                                "Actual Total Time": 99.399,
                                                                "Actual Rows": 2815,
                                                                "Actual Loops": 2,
                                                                "Sort Key": [
                                                                    "so_user.account_id"
                                                                ],
                                                                "Sort Method": "quicksort",
                                                                "Sort Space Used": 25,
                                                                "Sort Space Type": "Memory",
                                                                "Workers": [
                                                                    {
                                                                        "Worker Number": 0,
                                                                        "Sort Method": "quicksort",
                                                                        "Sort Space Used": 500,
                                                                        "Sort Space Type": "Memory"
                                                                    }
                                                                ],
                                                                "Plans": [
                                                                    {
                                                                        "Node Type": "Nested Loop",
                                                                        "Parent Relationship": "Outer",
                                                                        "Parallel Aware": false,
                                                                        "Async Capable": false,
                                                                        "Join Type": "Inner",
                                                                        "Startup Cost": 15.55,
                                                                        "Total Cost": 2813.87,
                                                                        "Plan Rows": 1,
                                                                        "Plan Width": 32,
                                                                        "Actual Startup Time": 35.155,
                                                                        "Actual Total Time": 98.424,
                                                                        "Actual Rows": 2815,
                                                                        "Actual Loops": 2,
                                                                        "Inner Unique": true,
                                                                        "Join Filter": "(site.site_id = so_user.site_id)",
                                                                        "Rows Removed by Join Filter": 0,
                                                                        "Workers": [],
                                                                        "Plans": [
                                                                            {
                                                                                "Node Type": "Nested Loop",
                                                                                "Parent Relationship": "Outer",
                                                                                "Parallel Aware": false,
                                                                                "Async Capable": false,
                                                                                "Join Type": "Inner",
                                                                                "Startup Cost": 11.8,
                                                                                "Total Cost": 2806.09,
                                                                                "Plan Rows": 1,
                                                                                "Plan Width": 28,
                                                                                "Actual Startup Time": 35.114,
                                                                                "Actual Total Time": 71.599,
                                                                                "Actual Rows": 8163,
                                                                                "Actual Loops": 2,
                                                                                "Inner Unique": true,
                                                                                "Join Filter": "(site.site_id = q.site_id)",
                                                                                "Rows Removed by Join Filter": 0,
                                                                                "Workers": [],
                                                                                "Plans": [
                                                                                    {
                                                                                        "Node Type": "Nested Loop",
                                                                                        "Parent Relationship": "Outer",
                                                                                        "Parallel Aware": false,
                                                                                        "Async Capable": false,
                                                                                        "Join Type": "Inner",
                                                                                        "Startup Cost": 8.06,
                                                                                        "Total Cost": 2705.06,
                                                                                        "Plan Rows": 13,
                                                                                        "Plan Width": 16,
                                                                                        "Actual Startup Time": 7.513,
                                                                                        "Actual Total Time": 25.847,
                                                                                        "Actual Rows": 12530,
                                                                                        "Actual Loops": 2,
                                                                                        "Inner Unique": false,
                                                                                        "Join Filter": "(site.site_id = tq.site_id)",
                                                                                        "Rows Removed by Join Filter": 0,
                                                                                        "Workers": [],
                                                                                        "Plans": [
                                                                                            {
                                                                                                "Node Type": "Hash Join",
                                                                                                "Parent Relationship": "Outer",
                                                                                                "Parallel Aware": false,
                                                                                                "Async Capable": false,
                                                                                                "Join Type": "Inner",
                                                                                                "Startup Cost": 3.18,
                                                                                                "Total Cost": 2576.49,
                                                                                                "Plan Rows": 1,
                                                                                                "Plan Width": 12,
                                                                                                "Actual Startup Time": 4.13,
                                                                                                "Actual Total Time": 4.134,
                                                                                                "Actual Rows": 0,
                                                                                                "Actual Loops": 2,
                                                                                                "Inner Unique": true,
                                                                                                "Hash Cond": "(tag.site_id = site.site_id)",
                                                                                                "Workers": [],
                                                                                                "Plans": [
                                                                                                    {
                                                                                                        "Node Type": "Seq Scan",
                                                                                                        "Parent Relationship": "Outer",
                                                                                                        "Parallel Aware": true,
                                                                                                        "Async Capable": false,
                                                                                                        "Relation Name": "tag",
                                                                                                        "Alias": "tag",
                                                                                                        "Startup Cost": 0.0,
                                                                                                        "Total Cost": 2573.31,
                                                                                                        "Plan Rows": 2,
                                                                                                        "Plan Width": 8,
                                                                                                        "Actual Startup Time": 0.801,
                                                                                                        "Actual Total Time": 4.053,
                                                                                                        "Actual Rows": 5,
                                                                                                        "Actual Loops": 2,
                                                                                                        "Filter": "((name)::text = 'unity3d'::text)",
                                                                                                        "Rows Removed by Filter": 93380,
                                                                                                        "Workers": []
                                                                                                    },
                                                                                                    {
                                                                                                        "Node Type": "Hash",
                                                                                                        "Parent Relationship": "Inner",
                                                                                                        "Parallel Aware": false,
                                                                                                        "Async Capable": false,
                                                                                                        "Startup Cost": 3.16,
                                                                                                        "Total Cost": 3.16,
                                                                                                        "Plan Rows": 1,
                                                                                                        "Plan Width": 4,
                                                                                                        "Actual Startup Time": 0.022,
                                                                                                        "Actual Total Time": 0.023,
                                                                                                        "Actual Rows": 1,
                                                                                                        "Actual Loops": 2,
                                                                                                        "Hash Buckets": 1024,
                                                                                                        "Original Hash Buckets": 1024,
                                                                                                        "Hash Batches": 1,
                                                                                                        "Original Hash Batches": 1,
                                                                                                        "Peak Memory Usage": 9,
                                                                                                        "Workers": [],
                                                                                                        "Plans": [
                                                                                                            {
                                                                                                                "Node Type": "Seq Scan",
                                                                                                                "Parent Relationship": "Outer",
                                                                                                                "Parallel Aware": false,
                                                                                                                "Async Capable": false,
                                                                                                                "Relation Name": "site",
                                                                                                                "Alias": "site",
                                                                                                                "Startup Cost": 0.0,
                                                                                                                "Total Cost": 3.16,
                                                                                                                "Plan Rows": 1,
                                                                                                                "Plan Width": 4,
                                                                                                                "Actual Startup Time": 0.017,
                                                                                                                "Actual Total Time": 0.018,
                                                                                                                "Actual Rows": 1,
                                                                                                                "Actual Loops": 2,
                                                                                                                "Filter": "((site_name)::text = 'stackoverflow'::text)",
                                                                                                                "Rows Removed by Filter": 172,
                                                                                                                "Workers": []
                                                                                                            }
                                                                                                        ]
                                                                                                    }
                                                                                                ]
                                                                                            },
                                                                                            {
                                                                                                "Node Type": "Bitmap Heap Scan",
                                                                                                "Parent Relationship": "Inner",
                                                                                                "Parallel Aware": false,
                                                                                                "Async Capable": false,
                                                                                                "Relation Name": "tag_question",
                                                                                                "Alias": "tq",
                                                                                                "Startup Cost": 4.88,
                                                                                                "Total Cost": 128.19,
                                                                                                "Plan Rows": 31,
                                                                                                "Plan Width": 12,
                                                                                                "Actual Startup Time": 6.76,
                                                                                                "Actual Total Time": 41.345,
                                                                                                "Actual Rows": 25059,
                                                                                                "Actual Loops": 1,
                                                                                                "Recheck Cond": "((tag.site_id = site_id) AND (tag.id = tag_id))",
                                                                                                "Rows Removed by Index Recheck": 0,
                                                                                                "Exact Heap Blocks": 0,
                                                                                                "Lossy Heap Blocks": 0,
                                                                                                "Workers": [],
                                                                                                "Plans": [
                                                                                                    {
                                                                                                        "Node Type": "Bitmap Index Scan",
                                                                                                        "Parent Relationship": "Outer",
                                                                                                        "Parallel Aware": false,
                                                                                                        "Async Capable": false,
                                                                                                        "Index Name": "tag_question_site_id_tag_id_question_id_idx",
                                                                                                        "Startup Cost": 0.0,
                                                                                                        "Total Cost": 4.88,
                                                                                                        "Plan Rows": 31,
                                                                                                        "Plan Width": 0,
                                                                                                        "Actual Startup Time": 3.746,
                                                                                                        "Actual Total Time": 3.747,
                                                                                                        "Actual Rows": 25059,
                                                                                                        "Actual Loops": 1,
                                                                                                        "Index Cond": "((site_id = tag.site_id) AND (tag_id = tag.id))",
                                                                                                        "Workers": []
                                                                                                    }
                                                                                                ]
                                                                                            }
                                                                                        ]
                                                                                    },
                                                                                    {
                                                                                        "Node Type": "Bitmap Heap Scan",
                                                                                        "Parent Relationship": "Inner",
                                                                                        "Parallel Aware": false,
                                                                                        "Async Capable": false,
                                                                                        "Relation Name": "question",
                                                                                        "Alias": "q",
                                                                                        "Startup Cost": 3.74,
                                                                                        "Total Cost": 7.76,
                                                                                        "Plan Rows": 1,
                                                                                        "Plan Width": 12,
                                                                                        "Actual Startup Time": 0.003,
                                                                                        "Actual Total Time": 0.003,
                                                                                        "Actual Rows": 1,
                                                                                        "Actual Loops": 25059,
                                                                                        "Recheck Cond": "((id = tq.question_id) AND (site_id = tq.site_id))",
                                                                                        "Rows Removed by Index Recheck": 0,
                                                                                        "Filter": "(creation_date > '2016-01-01'::date)",
                                                                                        "Rows Removed by Filter": 0,
                                                                                        "Exact Heap Blocks": 0,
                                                                                        "Lossy Heap Blocks": 0,
                                                                                        "Workers": [],
                                                                                        "Plans": [
                                                                                            {
                                                                                                "Node Type": "Bitmap Index Scan",
                                                                                                "Parent Relationship": "Outer",
                                                                                                "Parallel Aware": false,
                                                                                                "Async Capable": false,
                                                                                                "Index Name": "question_pkey",
                                                                                                "Startup Cost": 0.0,
                                                                                                "Total Cost": 3.74,
                                                                                                "Plan Rows": 1,
                                                                                                "Plan Width": 0,
                                                                                                "Actual Startup Time": 0.002,
                                                                                                "Actual Total Time": 0.002,
                                                                                                "Actual Rows": 1,
                                                                                                "Actual Loops": 25059,
                                                                                                "Index Cond": "((id = tq.question_id) AND (site_id = tq.site_id))",
                                                                                                "Workers": []
                                                                                            }
                                                                                        ]
                                                                                    }
                                                                                ]
                                                                            },
                                                                            {
                                                                                "Node Type": "Bitmap Heap Scan",
                                                                                "Parent Relationship": "Inner",
                                                                                "Parallel Aware": false,
                                                                                "Async Capable": false,
                                                                                "Relation Name": "so_user",
                                                                                "Alias": "so_user",
                                                                                "Startup Cost": 3.75,
                                                                                "Total Cost": 7.77,
                                                                                "Plan Rows": 1,
                                                                                "Plan Width": 12,
                                                                                "Actual Startup Time": 0.003,
                                                                                "Actual Total Time": 0.003,
                                                                                "Actual Rows": 0,
                                                                                "Actual Loops": 16326,
                                                                                "Recheck Cond": "((id = q.owner_user_id) AND (site_id = q.site_id))",
                                                                                "Rows Removed by Index Recheck": 0,
                                                                                "Filter": "(reputation > 96)",
                                                                                "Rows Removed by Filter": 1,
                                                                                "Exact Heap Blocks": 0,
                                                                                "Lossy Heap Blocks": 0,
                                                                                "Workers": [],
                                                                                "Plans": [
                                                                                    {
                                                                                        "Node Type": "Bitmap Index Scan",
                                                                                        "Parent Relationship": "Outer",
                                                                                        "Parallel Aware": false,
                                                                                        "Async Capable": false,
                                                                                        "Index Name": "so_user_pkey",
                                                                                        "Startup Cost": 0.0,
                                                                                        "Total Cost": 3.75,
                                                                                        "Plan Rows": 1,
                                                                                        "Plan Width": 0,
                                                                                        "Actual Startup Time": 0.002,
                                                                                        "Actual Total Time": 0.002,
                                                                                        "Actual Rows": 1,
                                                                                        "Actual Loops": 16326,
                                                                                        "Index Cond": "((id = q.owner_user_id) AND (site_id = q.site_id))",
                                                                                        "Workers": []
                                                                                    }
                                                                                ]
                                                                            }
                                                                        ]
                                                                    }
                                                                ]
                                                            }
                                                        ]
                                                    },
                                                    {
                                                        "Node Type": "Bitmap Heap Scan",
                                                        "Parent Relationship": "Inner",
                                                        "Parallel Aware": false,
                                                        "Async Capable": false,
                                                        "Relation Name": "account",
                                                        "Alias": "account",
                                                        "Startup Cost": 3.74,
                                                        "Total Cost": 7.76,
                                                        "Plan Rows": 1,
                                                        "Plan Width": 4,
                                                        "Actual Startup Time": 0.003,
                                                        "Actual Total Time": 0.003,
                                                        "Actual Rows": 0,
                                                        "Actual Loops": 5630,
                                                        "Recheck Cond": "(id = so_user.account_id)",
                                                        "Rows Removed by Index Recheck": 0,
                                                        "Filter": "((website_url)::text <> ''::text)",
                                                        "Rows Removed by Filter": 1,
                                                        "Exact Heap Blocks": 5630,
                                                        "Lossy Heap Blocks": 0,
                                                        "Plans": [
                                                            {
                                                                "Node Type": "Bitmap Index Scan",
                                                                "Parent Relationship": "Outer",
                                                                "Parallel Aware": false,
                                                                "Async Capable": false,
                                                                "Index Name": "account_pkey",
                                                                "Startup Cost": 0.0,
                                                                "Total Cost": 3.74,
                                                                "Plan Rows": 1,
                                                                "Plan Width": 0,
                                                                "Actual Startup Time": 0.002,
                                                                "Actual Total Time": 0.002,
                                                                "Actual Rows": 1,
                                                                "Actual Loops": 5630,
                                                                "Index Cond": "(id = so_user.account_id)"
                                                            }
                                                        ]
                                                    }
                                                ]
                                            },
                                            {
                                                "Node Type": "Bitmap Heap Scan",
                                                "Parent Relationship": "Inner",
                                                "Parallel Aware": false,
                                                "Async Capable": false,
                                                "Relation Name": "post_link",
                                                "Alias": "pl",
                                                "Startup Cost": 323.77,
                                                "Total Cost": 327.79,
                                                "Plan Rows": 1,
                                                "Plan Width": 8,
                                                "Actual Startup Time": 19.771,
                                                "Actual Total Time": 19.771,
                                                "Actual Rows": 0,
                                                "Actual Loops": 1323,
                                                "Recheck Cond": "((q.site_id = site_id) AND (q.id = post_id_to))",
                                                "Rows Removed by Index Recheck": 0,
                                                "Exact Heap Blocks": 242,
                                                "Lossy Heap Blocks": 0,
                                                "Plans": [
                                                    {
                                                        "Node Type": "Bitmap Index Scan",
                                                        "Parent Relationship": "Outer",
                                                        "Parallel Aware": false,
                                                        "Async Capable": false,
                                                        "Index Name": "post_link_pkey",
                                                        "Startup Cost": 0.0,
                                                        "Total Cost": 323.77,
                                                        "Plan Rows": 1,
                                                        "Plan Width": 0,
                                                        "Actual Startup Time": 19.769,
                                                        "Actual Total Time": 19.769,
                                                        "Actual Rows": 0,
                                                        "Actual Loops": 1323,
                                                        "Index Cond": "((site_id = q.site_id) AND (post_id_to = q.id))"
                                                    }
                                                ]
                                            }
                                        ]
                                    },
                                    {
                                        "Node Type": "Bitmap Heap Scan",
                                        "Parent Relationship": "Inner",
                                        "Parallel Aware": false,
                                        "Async Capable": false,
                                        "Relation Name": "answer",
                                        "Alias": "a",
                                        "Startup Cost": 3.73,
                                        "Total Cost": 7.75,
                                        "Plan Rows": 1,
                                        "Plan Width": 8,
                                        "Actual Startup Time": 0.003,
                                        "Actual Total Time": 0.003,
                                        "Actual Rows": 1,
                                        "Actual Loops": 309,
                                        "Recheck Cond": "((site_id = q.site_id) AND (question_id = q.id))",
                                        "Rows Removed by Index Recheck": 0,
                                        "Exact Heap Blocks": 237,
                                        "Lossy Heap Blocks": 0,
                                        "Plans": [
                                            {
                                                "Node Type": "Bitmap Index Scan",
                                                "Parent Relationship": "Outer",
                                                "Parallel Aware": false,
                                                "Async Capable": false,
                                                "Index Name": "answer_site_id_question_id_idx",
                                                "Startup Cost": 0.0,
                                                "Total Cost": 3.73,
                                                "Plan Rows": 1,
                                                "Plan Width": 0,
                                                "Actual Startup Time": 0.002,
                                                "Actual Total Time": 0.002,
                                                "Actual Rows": 2,
                                                "Actual Loops": 309,
                                                "Index Cond": "((site_id = q.site_id) AND (question_id = q.id))"
                                            }
                                        ]
                                    }
                                ]
                            }
                        ]
                    },
                    "Planning Time": 5.982,
                    "Triggers": [],
                    "Execution Time": 26376.783
                }
            ],
            "hints": [
                "SET enable_hashjoin TO on",
                "SET enable_indexonlyscan TO on",
                "SET enable_indexscan TO off",
                "SET enable_mergejoin TO off",
                "SET enable_nestloop TO on",
                "SET enable_seqscan TO on"
            ]
        },
        {
            "arm": 3,
            "execution_time": 2409.211,
            "plan": [
                {
                    "Plan": {
                        "Node Type": "Aggregate",
                        "Strategy": "Plain",
                        "Partial Mode": "Simple",
                        "Parallel Aware": false,
                        "Async Capable": false,
                        "Startup Cost": 3189728.51,
                        "Total Cost": 3189728.52,
                        "Plan Rows": 1,
                        "Plan Width": 8,
                        "Actual Startup Time": 2396.584,
                        "Actual Total Time": 2409.163,
                        "Actual Rows": 1,
                        "Actual Loops": 1,
                        "Plans": [
                            {
                                "Node Type": "Sort",
                                "Parent Relationship": "Outer",
                                "Parallel Aware": false,
                                "Async Capable": false,
                                "Startup Cost": 3189728.5,
                                "Total Cost": 3189728.5,
                                "Plan Rows": 1,
                                "Plan Width": 4,
                                "Actual Startup Time": 2396.573,
                                "Actual Total Time": 2409.153,
                                "Actual Rows": 72,
                                "Actual Loops": 1,
                                "Sort Key": [
                                    "account.id"
                                ],
                                "Sort Method": "quicksort",
                                "Sort Space Used": 25,
                                "Sort Space Type": "Memory",
                                "Plans": [
                                    {
                                        "Node Type": "Gather",
                                        "Parent Relationship": "Outer",
                                        "Parallel Aware": false,
                                        "Async Capable": false,
                                        "Startup Cost": 2420354.52,
                                        "Total Cost": 3189728.49,
                                        "Plan Rows": 1,
                                        "Plan Width": 4,
                                        "Actual Startup Time": 2395.463,
                                        "Actual Total Time": 2409.138,
                                        "Actual Rows": 72,
                                        "Actual Loops": 1,
                                        "Workers Planned": 7,
                                        "Workers Launched": 7,
                                        "Single Copy": false,
                                        "Plans": [
                                            {
                                                "Node Type": "Hash Join",
                                                "Parent Relationship": "Outer",
                                                "Parallel Aware": true,
                                                "Async Capable": false,
                                                "Join Type": "Right Anti",
                                                "Startup Cost": 2419354.52,
                                                "Total Cost": 3188728.39,
                                                "Plan Rows": 1,
                                                "Plan Width": 4,
                                                "Actual Startup Time": 2392.675,
                                                "Actual Total Time": 2392.688,
                                                "Actual Rows": 9,
                                                "Actual Loops": 8,
                                                "Inner Unique": false,
                                                "Hash Cond": "((a.site_id = q.site_id) AND (a.question_id = q.id))",
                                                "Workers": [],
                                                "Plans": [
                                                    {
                                                        "Node Type": "Seq Scan",
                                                        "Parent Relationship": "Outer",
                                                        "Parallel Aware": true,
                                                        "Async Capable": false,
                                                        "Relation Name": "answer",
                                                        "Alias": "a",
                                                        "Startup Cost": 0.0,
                                                        "Total Cost": 762572.49,
                                                        "Plan Rows": 906849,
                                                        "Plan Width": 8,
                                                        "Actual Startup Time": 6.396,
                                                        "Actual Total Time": 326.121,
                                                        "Actual Rows": 793444,
                                                        "Actual Loops": 8,
                                                        "Workers": []
                                                    },
                                                    {
                                                        "Node Type": "Hash",
                                                        "Parent Relationship": "Inner",
                                                        "Parallel Aware": true,
                                                        "Async Capable": false,
                                                        "Startup Cost": 2419354.5,
                                                        "Total Cost": 2419354.5,
                                                        "Plan Rows": 1,
                                                        "Plan Width": 12,
                                                        "Actual Startup Time": 2017.224,
                                                        "Actual Total Time": 2017.234,
                                                        "Actual Rows": 39,
                                                        "Actual Loops": 8,
                                                        "Hash Buckets": 1024,
                                                        "Original Hash Buckets": 1024,
                                                        "Hash Batches": 1,
                                                        "Original Hash Batches": 1,
                                                        "Peak Memory Usage": 264,
                                                        "Workers": [],
                                                        "Plans": [
                                                            {
                                                                "Node Type": "Hash Join",
                                                                "Parent Relationship": "Outer",
                                                                "Parallel Aware": true,
                                                                "Async Capable": false,
                                                                "Join Type": "Inner",
                                                                "Startup Cost": 2392123.97,
                                                                "Total Cost": 2419354.5,
                                                                "Plan Rows": 1,
                                                                "Plan Width": 12,
                                                                "Actual Startup Time": 2003.811,
                                                                "Actual Total Time": 2017.177,
                                                                "Actual Rows": 39,
                                                                "Actual Loops": 8,
                                                                "Inner Unique": false,
                                                                "Hash Cond": "((pl.site_id = site.site_id) AND (pl.post_id_to = q.id))",
                                                                "Workers": [],
                                                                "Plans": [
                                                                    {
                                                                        "Node Type": "Seq Scan",
                                                                        "Parent Relationship": "Outer",
                                                                        "Parallel Aware": true,
                                                                        "Async Capable": false,
                                                                        "Relation Name": "post_link",
                                                                        "Alias": "pl",
                                                                        "Startup Cost": 0.0,
                                                                        "Total Cost": 21752.3,
                                                                        "Plan Rows": 730430,
                                                                        "Plan Width": 8,
                                                                        "Actual Startup Time": 0.009,
                                                                        "Actual Total Time": 13.028,
                                                                        "Actual Rows": 283042,
                                                                        "Actual Loops": 8,
                                                                        "Workers": []
                                                                    },
                                                                    {
                                                                        "Node Type": "Hash",
                                                                        "Parent Relationship": "Inner",
                                                                        "Parallel Aware": true,
                                                                        "Async Capable": false,
                                                                        "Startup Cost": 2392123.95,
                                                                        "Total Cost": 2392123.95,
                                                                        "Plan Rows": 1,
                                                                        "Plan Width": 32,
                                                                        "Actual Startup Time": 1985.61,
                                                                        "Actual Total Time": 1985.619,
                                                                        "Actual Rows": 165,
                                                                        "Actual Loops": 8,
                                                                        "Hash Buckets": 1024,
                                                                        "Original Hash Buckets": 1024,
                                                                        "Hash Batches": 1,
                                                                        "Original Hash Batches": 1,
                                                                        "Peak Memory Usage": 264,
                                                                        "Workers": [],
                                                                        "Plans": [
                                                                            {
                                                                                "Node Type": "Hash Join",
                                                                                "Parent Relationship": "Outer",
                                                                                "Parallel Aware": true,
                                                                                "Async Capable": false,
                                                                                "Join Type": "Inner",
                                                                                "Startup Cost": 2139697.21,
                                                                                "Total Cost": 2392123.95,
                                                                                "Plan Rows": 1,
                                                                                "Plan Width": 32,
                                                                                "Actual Startup Time": 1754.999,
                                                                                "Actual Total Time": 1985.347,
                                                                                "Actual Rows": 165,
                                                                                "Actual Loops": 8,
                                                                                "Inner Unique": false,
                                                                                "Hash Cond": "((so_user.site_id = site.site_id) AND (so_user.id = q.owner_user_id))",
                                                                                "Workers": [],
                                                                                "Plans": [
                                                                                    {
                                                                                        "Node Type": "Hash Join",
                                                                                        "Parent Relationship": "Outer",
                                                                                        "Parallel Aware": true,
                                                                                        "Async Capable": false,
                                                                                        "Join Type": "Inner",
                                                                                        "Startup Cost": 150787.4,
                                                                                        "Total Cost": 402893.21,
                                                                                        "Plan Rows": 42790,
                                                                                        "Plan Width": 12,
                                                                                        "Actual Startup Time": 136.293,
                                                                                        "Actual Total Time": 380.255,
                                                                                        "Actual Rows": 186086,
                                                                                        "Actual Loops": 8,
                                                                                        "Inner Unique": true,
                                                                                        "Hash Cond": "(so_user.account_id = account.id)",
                                                                                        "Workers": [],
                                                                                        "Plans": [
                                                                                            {
                                                                                                "Node Type": "Seq Scan",
                                                                                                "Parent Relationship": "Outer",
                                                                                                "Parallel Aware": true,
                                                                                                "Async Capable": false,
                                                                                                "Relation Name": "so_user",
                                                                                                "Alias": "so_user",
                                                                                                "Startup Cost": 0.0,
                                                                                                "Total Cost": 249938.77,
                                                                                                "Plan Rows": 825538,
                                                                                                "Plan Width": 12,
                                                                                                "Actual Startup Time": 0.009,
                                                                                                "Actual Total Time": 135.47,
                                                                                                "Actual Rows": 507431,
                                                                                                "Actual Loops": 8,
                                                                                                "Filter": "(reputation > 96)",
                                                                                                "Rows Removed by Filter": 2129731,
                                                                                                "Workers": []
                                                                                            },
                                                                                            {
                                                                                                "Node Type": "Hash",
                                                                                                "Parent Relationship": "Inner",
                                                                                                "Parallel Aware": true,
                                                                                                "Async Capable": false,
                                                                                                "Startup Cost": 148993.09,
                                                                                                "Total Cost": 148993.09,
                                                                                                "Plan Rows": 143545,
                                                                                                "Plan Width": 4,
                                                                                                "Actual Startup Time": 135.731,
                                                                                                "Actual Total Time": 135.732,
                                                                                                "Actual Rows": 90584,
                                                                                                "Actual Loops": 8,
                                                                                                "Hash Buckets": 1048576,
                                                                                                "Original Hash Buckets": 1048576,
                                                                                                "Hash Batches": 1,
                                                                                                "Original Hash Batches": 1,
                                                                                                "Peak Memory Usage": 36640,
                                                                                                "Workers": [],
                                                                                                "Plans": [
                                                                                                    {
                                                                                                        "Node Type": "Seq Scan",
                                                                                                        "Parent Relationship": "Outer",
                                                                                                        "Parallel Aware": true,
                                                                                                        "Async Capable": false,
                                                                                                        "Relation Name": "account",
                                                                                                        "Alias": "account",
                                                                                                        "Startup Cost": 0.0,
                                                                                                        "Total Cost": 148993.09,
                                                                                                        "Plan Rows": 143545,
                                                                                                        "Plan Width": 4,
                                                                                                        "Actual Startup Time": 0.032,
                                                                                                        "Actual Total Time": 112.345,
                                                                                                        "Actual Rows": 90584,
                                                                                                        "Actual Loops": 8,
                                                                                                        "Filter": "((website_url)::text <> ''::text)",
                                                                                                        "Rows Removed by Filter": 1643435,
                                                                                                        "Workers": []
                                                                                                    }
                                                                                                ]
                                                                                            }
                                                                                        ]
                                                                                    },
                                                                                    {
                                                                                        "Node Type": "Hash",
                                                                                        "Parent Relationship": "Inner",
                                                                                        "Parallel Aware": true,
                                                                                        "Async Capable": false,
                                                                                        "Startup Cost": 1988909.8,
                                                                                        "Total Cost": 1988909.8,
                                                                                        "Plan Rows": 1,
                                                                                        "Plan Width": 28,
                                                                                        "Actual Startup Time": 1588.67,
                                                                                        "Actual Total Time": 1588.675,
                                                                                        "Actual Rows": 2041,
                                                                                        "Actual Loops": 8,
                                                                                        "Hash Buckets": 16384,
                                                                                        "Original Hash Buckets": 1024,
                                                                                        "Hash Batches": 1,
                                                                                        "Original Hash Batches": 1,
                                                                                        "Peak Memory Usage": 1464,
                                                                                        "Workers": [],
                                                                                        "Plans": [
                                                                                            {
                                                                                                "Node Type": "Hash Join",
                                                                                                "Parent Relationship": "Outer",
                                                                                                "Parallel Aware": true,
                                                                                                "Async Capable": false,
                                                                                                "Join Type": "Inner",
                                                                                                "Startup Cost": 295798.48,
                                                                                                "Total Cost": 1988909.8,
                                                                                                "Plan Rows": 1,
                                                                                                "Plan Width": 28,
                                                                                                "Actual Startup Time": 1146.15,
                                                                                                "Actual Total Time": 1473.257,
                                                                                                "Actual Rows": 2041,
                                                                                                "Actual Loops": 8,
                                                                                                "Inner Unique": false,
                                                                                                "Hash Cond": "((q.site_id = site.site_id) AND (q.id = tq.question_id))",
                                                                                                "Workers": [],
                                                                                                "Plans": [
                                                                                                    {
                                                                                                        "Node Type": "Seq Scan",
                                                                                                        "Parent Relationship": "Outer",
                                                                                                        "Parallel Aware": true,
                                                                                                        "Async Capable": false,
                                                                                                        "Relation Name": "question",
                                                                                                        "Alias": "q",
                                                                                                        "Startup Cost": 0.0,
                                                                                                        "Total Cost": 1686771.15,
                                                                                                        "Plan Rows": 845354,
                                                                                                        "Plan Width": 12,
                                                                                                        "Actual Startup Time": 0.045,
                                                                                                        "Actual Total Time": 485.137,
                                                                                                        "Actual Rows": 726054,
                                                                                                        "Actual Loops": 8,
                                                                                                        "Filter": "(creation_date > '2016-01-01'::date)",
                                                                                                        "Rows Removed by Filter": 857251,
                                                                                                        "Workers": []
                                                                                                    },
                                                                                                    {
                                                                                                        "Node Type": "Hash",
                                                                                                        "Parent Relationship": "Inner",
                                                                                                        "Parallel Aware": true,
                                                                                                        "Async Capable": false,
                                                                                                        "Startup Cost": 295798.42,
                                                                                                        "Total Cost": 295798.42,
                                                                                                        "Plan Rows": 4,
                                                                                                        "Plan Width": 16,
                                                                                                        "Actual Startup Time": 928.198,
                                                                                                        "Actual Total Time": 928.202,
                                                                                                        "Actual Rows": 3132,
                                                                                                        "Actual Loops": 8,
                                                                                                        "Hash Buckets": 32768,
                                                                                                        "Original Hash Buckets": 1024,
                                                                                                        "Hash Batches": 1,
                                                                                                        "Original Hash Batches": 1,
                                                                                                        "Peak Memory Usage": 1784,
                                                                                                        "Workers": [],
                                                                                                        "Plans": [
                                                                                                            {
                                                                                                                "Node Type": "Hash Join",
                                                                                                                "Parent Relationship": "Outer",
                                                                                                                "Parallel Aware": true,
                                                                                                                "Async Capable": false,
                                                                                                                "Join Type": "Inner",
                                                                                                                "Startup Cost": 2576.51,
                                                                                                                "Total Cost": 295798.42,
                                                                                                                "Plan Rows": 4,
                                                                                                                "Plan Width": 16,
                                                                                                                "Actual Startup Time": 4.765,
                                                                                                                "Actual Total Time": 662.307,
                                                                                                                "Actual Rows": 3132,
                                                                                                                "Actual Loops": 8,
                                                                                                                "Inner Unique": true,
                                                                                                                "Hash Cond": "((site.site_id = tag.site_id) AND (tq.tag_id = tag.id))",
                                                                                                                "Workers": [],
                                                                                                                "Plans": [
                                                                                                                    {
                                                                                                                        "Node Type": "Hash Join",
                                                                                                                        "Parent Relationship": "Outer",
                                                                                                                        "Parallel Aware": false,
                                                                                                                        "Async Capable": false,
                                                                                                                        "Join Type": "Inner",
                                                                                                                        "Startup Cost": 3.18,
                                                                                                                        "Total Cost": 293001.22,
                                                                                                                        "Plan Rows": 42640,
                                                                                                                        "Plan Width": 16,
                                                                                                                        "Actual Startup Time": 0.066,
                                                                                                                        "Actual Total Time": 534.539,
                                                                                                                        "Actual Rows": 3477604,
                                                                                                                        "Actual Loops": 8,
                                                                                                                        "Inner Unique": true,
                                                                                                                        "Hash Cond": "(tq.site_id = site.site_id)",
                                                                                                                        "Workers": [],
                                                                                                                        "Plans": [
                                                                                                                            {
                                                                                                                                "Node Type": "Seq Scan",
                                                                                                                                "Parent Relationship": "Outer",
                                                                                                                                "Parallel Aware": true,
                                                                                                                                "Async Capable": false,
                                                                                                                                "Relation Name": "tag_question",
                                                                                                                                "Alias": "tq",
                                                                                                                                "Startup Cost": 0.0,
                                                                                                                                "Total Cost": 273159.66,
                                                                                                                                "Plan Rows": 7376766,
                                                                                                                                "Plan Width": 12,
                                                                                                                                "Actual Startup Time": 0.028,
                                                                                                                                "Actual Total Time": 209.392,
                                                                                                                                "Actual Rows": 4610477,
                                                                                                                                "Actual Loops": 8,
                                                                                                                                "Workers": []
                                                                                                                            },
                                                                                                                            {
                                                                                                                                "Node Type": "Hash",
                                                                                                                                "Parent Relationship": "Inner",
                                                                                                                                "Parallel Aware": false,
                                                                                                                                "Async Capable": false,
                                                                                                                                "Startup Cost": 3.16,
                                                                                                                                "Total Cost": 3.16,
                                                                                                                                "Plan Rows": 1,
                                                                                                                                "Plan Width": 4,
                                                                                                                                "Actual Startup Time": 0.022,
                                                                                                                                "Actual Total Time": 0.023,
                                                                                                                                "Actual Rows": 1,
                                                                                                                                "Actual Loops": 8,
                                                                                                                                "Hash Buckets": 1024,
                                                                                                                                "Original Hash Buckets": 1024,
                                                                                                                                "Hash Batches": 1,
                                                                                                                                "Original Hash Batches": 1,
                                                                                                                                "Peak Memory Usage": 9,
                                                                                                                                "Workers": [],
                                                                                                                                "Plans": [
                                                                                                                                    {
                                                                                                                                        "Node Type": "Seq Scan",
                                                                                                                                        "Parent Relationship": "Outer",
                                                                                                                                        "Parallel Aware": false,
                                                                                                                                        "Async Capable": false,
                                                                                                                                        "Relation Name": "site",
                                                                                                                                        "Alias": "site",
                                                                                                                                        "Startup Cost": 0.0,
                                                                                                                                        "Total Cost": 3.16,
                                                                                                                                        "Plan Rows": 1,
                                                                                                                                        "Plan Width": 4,
                                                                                                                                        "Actual Startup Time": 0.018,
                                                                                                                                        "Actual Total Time": 0.019,
                                                                                                                                        "Actual Rows": 1,
                                                                                                                                        "Actual Loops": 8,
                                                                                                                                        "Filter": "((site_name)::text = 'stackoverflow'::text)",
                                                                                                                                        "Rows Removed by Filter": 172,
                                                                                                                                        "Workers": []
                                                                                                                                    }
                                                                                                                                ]
                                                                                                                            }
                                                                                                                        ]
                                                                                                                    },
                                                                                                                    {
                                                                                                                        "Node Type": "Hash",
                                                                                                                        "Parent Relationship": "Inner",
                                                                                                                        "Parallel Aware": true,
                                                                                                                        "Async Capable": false,
                                                                                                                        "Startup Cost": 2573.31,
                                                                                                                        "Total Cost": 2573.31,
                                                                                                                        "Plan Rows": 2,
                                                                                                                        "Plan Width": 8,
                                                                                                                        "Actual Startup Time": 1.449,
                                                                                                                        "Actual Total Time": 1.45,
                                                                                                                        "Actual Rows": 1,
                                                                                                                        "Actual Loops": 8,
                                                                                                                        "Hash Buckets": 1024,
                                                                                                                        "Original Hash Buckets": 1024,
                                                                                                                        "Hash Batches": 1,
                                                                                                                        "Original Hash Batches": 1,
                                                                                                                        "Peak Memory Usage": 168,
                                                                                                                        "Workers": [],
                                                                                                                        "Plans": [
                                                                                                                            {
                                                                                                                                "Node Type": "Seq Scan",
                                                                                                                                "Parent Relationship": "Outer",
                                                                                                                                "Parallel Aware": true,
                                                                                                                                "Async Capable": false,
                                                                                                                                "Relation Name": "tag",
                                                                                                                                "Alias": "tag",
                                                                                                                                "Startup Cost": 0.0,
                                                                                                                                "Total Cost": 2573.31,
                                                                                                                                "Plan Rows": 2,
                                                                                                                                "Plan Width": 8,
                                                                                                                                "Actual Startup Time": 0.661,
                                                                                                                                "Actual Total Time": 1.41,
                                                                                                                                "Actual Rows": 1,
                                                                                                                                "Actual Loops": 8,
                                                                                                                                "Filter": "((name)::text = 'unity3d'::text)",
                                                                                                                                "Rows Removed by Filter": 23345,
                                                                                                                                "Workers": []
                                                                                                                            }
                                                                                                                        ]
                                                                                                                    }
                                                                                                                ]
                                                                                                            }
                                                                                                        ]
                                                                                                    }
                                                                                                ]
                                                                                            }
                                                                                        ]
                                                                                    }
                                                                                ]
                                                                            }
                                                                        ]
                                                                    }
                                                                ]
                                                            }
                                                        ]
                                                    }
                                                ]
                                            }
                                        ]
                                    }
                                ]
                            }
                        ]
                    },
                    "Planning Time": 6.864,
                    "Triggers": [],
                    "Execution Time": 2409.211
                }
            ],
            "hints": [
                "SET enable_hashjoin TO on",
                "SET enable_indexonlyscan TO on",
                "SET enable_indexscan TO off",
                "SET enable_mergejoin TO off",
                "SET enable_nestloop TO off",
                "SET enable_seqscan TO on"
            ]
        },
        {
            "arm": 4,
            "execution_time": 26671.333,
            "plan": [
                {
                    "Plan": {
                        "Node Type": "Aggregate",
                        "Strategy": "Plain",
                        "Partial Mode": "Simple",
                        "Parallel Aware": false,
                        "Async Capable": false,
                        "Startup Cost": 4081.87,
                        "Total Cost": 4081.88,
                        "Plan Rows": 1,
                        "Plan Width": 8,
                        "Actual Startup Time": 26671.194,
                        "Actual Total Time": 26671.28,
                        "Actual Rows": 1,
                        "Actual Loops": 1,
                        "Plans": [
                            {
                                "Node Type": "Nested Loop",
                                "Parent Relationship": "Outer",
                                "Parallel Aware": false,
                                "Async Capable": false,
                                "Join Type": "Anti",
                                "Startup Cost": 3738.8,
                                "Total Cost": 4081.87,
                                "Plan Rows": 1,
                                "Plan Width": 4,
                                "Actual Startup Time": 4109.419,
                                "Actual Total Time": 26671.233,
                                "Actual Rows": 72,
                                "Actual Loops": 1,
                                "Inner Unique": false,
                                "Plans": [
                                    {
                                        "Node Type": "Nested Loop",
                                        "Parent Relationship": "Outer",
                                        "Parallel Aware": false,
                                        "Async Capable": false,
                                        "Join Type": "Inner",
                                        "Startup Cost": 3738.37,
                                        "Total Cost": 4071.76,
                                        "Plan Rows": 1,
                                        "Plan Width": 12,
                                        "Actual Startup Time": 730.911,
                                        "Actual Total Time": 26670.215,
                                        "Actual Rows": 309,
                                        "Actual Loops": 1,
                                        "Inner Unique": false,
                                        "Join Filter": "(site.site_id = pl.site_id)",
                                        "Rows Removed by Join Filter": 0,
                                        "Plans": [
                                            {
                                                "Node Type": "Nested Loop",
                                                "Parent Relationship": "Outer",
                                                "Parallel Aware": false,
                                                "Async Capable": false,
                                                "Join Type": "Inner",
                                                "Startup Cost": 3737.94,
                                                "Total Cost": 3744.68,
                                                "Plan Rows": 1,
                                                "Plan Width": 32,
                                                "Actual Startup Time": 110.439,
                                                "Actual Total Time": 127.936,
                                                "Actual Rows": 1323,
                                                "Actual Loops": 1,
                                                "Inner Unique": true,
                                                "Plans": [
                                                    {
                                                        "Node Type": "Gather Merge",
                                                        "Parent Relationship": "Outer",
                                                        "Parallel Aware": false,
                                                        "Async Capable": false,
                                                        "Startup Cost": 3737.51,
                                                        "Total Cost": 3737.62,
                                                        "Plan Rows": 1,
                                                        "Plan Width": 32,
                                                        "Actual Startup Time": 110.427,
                                                        "Actual Total Time": 112.07,
                                                        "Actual Rows": 5630,
                                                        "Actual Loops": 1,
                                                        "Workers Planned": 1,
                                                        "Workers Launched": 1,
                                                        "Plans": [
                                                            {
                                                                "Node Type": "Sort",
                                                                "Parent Relationship": "Outer",
                                                                "Parallel Aware": false,
                                                                "Async Capable": false,
                                                                "Startup Cost": 2737.5,
                                                                "Total Cost": 2737.5,
                                                                "Plan Rows": 1,
                                                                "Plan Width": 32,
                                                                "Actual Startup Time": 57.601,
                                                                "Actual Total Time": 58.119,
                                                                "Actual Rows": 2815,
                                                                "Actual Loops": 2,
                                                                "Sort Key": [
                                                                    "so_user.account_id"
                                                                ],
                                                                "Sort Method": "quicksort",
                                                                "Sort Space Used": 500,
                                                                "Sort Space Type": "Memory",
                                                                "Workers": [
                                                                    {
                                                                        "Worker Number": 0,
                                                                        "Sort Method": "quicksort",
                                                                        "Sort Space Used": 25,
                                                                        "Sort Space Type": "Memory"
                                                                    }
                                                                ],
                                                                "Plans": [
                                                                    {
                                                                        "Node Type": "Nested Loop",
                                                                        "Parent Relationship": "Outer",
                                                                        "Parallel Aware": false,
                                                                        "Async Capable": false,
                                                                        "Join Type": "Inner",
                                                                        "Startup Cost": 4.61,
                                                                        "Total Cost": 2737.49,
                                                                        "Plan Rows": 1,
                                                                        "Plan Width": 32,
                                                                        "Actual Startup Time": 16.37,
                                                                        "Actual Total Time": 57.034,
                                                                        "Actual Rows": 2815,
                                                                        "Actual Loops": 2,
                                                                        "Inner Unique": true,
                                                                        "Join Filter": "(site.site_id = so_user.site_id)",
                                                                        "Rows Removed by Join Filter": 0,
                                                                        "Workers": [],
                                                                        "Plans": [
                                                                            {
                                                                                "Node Type": "Nested Loop",
                                                                                "Parent Relationship": "Outer",
                                                                                "Parallel Aware": false,
                                                                                "Async Capable": false,
                                                                                "Join Type": "Inner",
                                                                                "Startup Cost": 4.17,
                                                                                "Total Cost": 2730.41,
                                                                                "Plan Rows": 1,
                                                                                "Plan Width": 28,
                                                                                "Actual Startup Time": 16.352,
                                                                                "Actual Total Time": 38.891,
                                                                                "Actual Rows": 8163,
                                                                                "Actual Loops": 2,
                                                                                "Inner Unique": true,
                                                                                "Join Filter": "(site.site_id = q.site_id)",
                                                                                "Rows Removed by Join Filter": 0,
                                                                                "Workers": [],
                                                                                "Plans": [
                                                                                    {
                                                                                        "Node Type": "Nested Loop",
                                                                                        "Parent Relationship": "Outer",
                                                                                        "Parallel Aware": false,
                                                                                        "Async Capable": false,
                                                                                        "Join Type": "Inner",
                                                                                        "Startup Cost": 3.74,
                                                                                        "Total Cost": 2638.56,
                                                                                        "Plan Rows": 13,
                                                                                        "Plan Width": 16,
                                                                                        "Actual Startup Time": 4.529,
                                                                                        "Actual Total Time": 13.549,
                                                                                        "Actual Rows": 12530,
                                                                                        "Actual Loops": 2,
                                                                                        "Inner Unique": false,
                                                                                        "Join Filter": "(site.site_id = tq.site_id)",
                                                                                        "Rows Removed by Join Filter": 0,
                                                                                        "Workers": [],
                                                                                        "Plans": [
                                                                                            {
                                                                                                "Node Type": "Hash Join",
                                                                                                "Parent Relationship": "Outer",
                                                                                                "Parallel Aware": false,
                                                                                                "Async Capable": false,
                                                                                                "Join Type": "Inner",
                                                                                                "Startup Cost": 3.18,
                                                                                                "Total Cost": 2576.49,
                                                                                                "Plan Rows": 1,
                                                                                                "Plan Width": 12,
                                                                                                "Actual Startup Time": 4.519,
                                                                                                "Actual Total Time": 4.522,
                                                                                                "Actual Rows": 0,
                                                                                                "Actual Loops": 2,
                                                                                                "Inner Unique": true,
                                                                                                "Hash Cond": "(tag.site_id = site.site_id)",
                                                                                                "Workers": [],
                                                                                                "Plans": [
                                                                                                    {
                                                                                                        "Node Type": "Seq Scan",
                                                                                                        "Parent Relationship": "Outer",
                                                                                                        "Parallel Aware": true,
                                                                                                        "Async Capable": false,
                                                                                                        "Relation Name": "tag",
                                                                                                        "Alias": "tag",
                                                                                                        "Startup Cost": 0.0,
                                                                                                        "Total Cost": 2573.31,
                                                                                                        "Plan Rows": 2,
                                                                                                        "Plan Width": 8,
                                                                                                        "Actual Startup Time": 0.396,
                                                                                                        "Actual Total Time": 4.389,
                                                                                                        "Actual Rows": 5,
                                                                                                        "Actual Loops": 2,
                                                                                                        "Filter": "((name)::text = 'unity3d'::text)",
                                                                                                        "Rows Removed by Filter": 93380,
                                                                                                        "Workers": []
                                                                                                    },
                                                                                                    {
                                                                                                        "Node Type": "Hash",
                                                                                                        "Parent Relationship": "Inner",
                                                                                                        "Parallel Aware": false,
                                                                                                        "Async Capable": false,
                                                                                                        "Startup Cost": 3.16,
                                                                                                        "Total Cost": 3.16,
                                                                                                        "Plan Rows": 1,
                                                                                                        "Plan Width": 4,
                                                                                                        "Actual Startup Time": 0.016,
                                                                                                        "Actual Total Time": 0.017,
                                                                                                        "Actual Rows": 1,
                                                                                                        "Actual Loops": 2,
                                                                                                        "Hash Buckets": 1024,
                                                                                                        "Original Hash Buckets": 1024,
                                                                                                        "Hash Batches": 1,
                                                                                                        "Original Hash Batches": 1,
                                                                                                        "Peak Memory Usage": 9,
                                                                                                        "Workers": [],
                                                                                                        "Plans": [
                                                                                                            {
                                                                                                                "Node Type": "Seq Scan",
                                                                                                                "Parent Relationship": "Outer",
                                                                                                                "Parallel Aware": false,
                                                                                                                "Async Capable": false,
                                                                                                                "Relation Name": "site",
                                                                                                                "Alias": "site",
                                                                                                                "Startup Cost": 0.0,
                                                                                                                "Total Cost": 3.16,
                                                                                                                "Plan Rows": 1,
                                                                                                                "Plan Width": 4,
                                                                                                                "Actual Startup Time": 0.012,
                                                                                                                "Actual Total Time": 0.013,
                                                                                                                "Actual Rows": 1,
                                                                                                                "Actual Loops": 2,
                                                                                                                "Filter": "((site_name)::text = 'stackoverflow'::text)",
                                                                                                                "Rows Removed by Filter": 172,
                                                                                                                "Workers": []
                                                                                                            }
                                                                                                        ]
                                                                                                    }
                                                                                                ]
                                                                                            },
                                                                                            {
                                                                                                "Node Type": "Index Only Scan",
                                                                                                "Parent Relationship": "Inner",
                                                                                                "Parallel Aware": false,
                                                                                                "Async Capable": false,
                                                                                                "Scan Direction": "Forward",
                                                                                                "Index Name": "tag_question_site_id_tag_id_question_id_idx",
                                                                                                "Relation Name": "tag_question",
                                                                                                "Alias": "tq",
                                                                                                "Startup Cost": 0.56,
                                                                                                "Total Cost": 61.69,
                                                                                                "Plan Rows": 31,
                                                                                                "Plan Width": 12,
                                                                                                "Actual Startup Time": 0.017,
                                                                                                "Actual Total Time": 16.456,
                                                                                                "Actual Rows": 25059,
                                                                                                "Actual Loops": 1,
                                                                                                "Index Cond": "((site_id = tag.site_id) AND (tag_id = tag.id))",
                                                                                                "Rows Removed by Index Recheck": 0,
                                                                                                "Heap Fetches": 25059,
                                                                                                "Workers": []
                                                                                            }
                                                                                        ]
                                                                                    },
                                                                                    {
                                                                                        "Node Type": "Index Scan",
                                                                                        "Parent Relationship": "Inner",
                                                                                        "Parallel Aware": false,
                                                                                        "Async Capable": false,
                                                                                        "Scan Direction": "Forward",
                                                                                        "Index Name": "question_pkey",
                                                                                        "Relation Name": "question",
                                                                                        "Alias": "q",
                                                                                        "Startup Cost": 0.43,
                                                                                        "Total Cost": 7.05,
                                                                                        "Plan Rows": 1,
                                                                                        "Plan Width": 12,
                                                                                        "Actual Startup Time": 0.002,
                                                                                        "Actual Total Time": 0.002,
                                                                                        "Actual Rows": 1,
                                                                                        "Actual Loops": 25059,
                                                                                        "Index Cond": "((id = tq.question_id) AND (site_id = tq.site_id))",
                                                                                        "Rows Removed by Index Recheck": 0,
                                                                                        "Filter": "(creation_date > '2016-01-01'::date)",
                                                                                        "Rows Removed by Filter": 0,
                                                                                        "Workers": []
                                                                                    }
                                                                                ]
                                                                            },
                                                                            {
                                                                                "Node Type": "Index Scan",
                                                                                "Parent Relationship": "Inner",
                                                                                "Parallel Aware": false,
                                                                                "Async Capable": false,
                                                                                "Scan Direction": "Forward",
                                                                                "Index Name": "so_user_pkey",
                                                                                "Relation Name": "so_user",
                                                                                "Alias": "so_user",
                                                                                "Startup Cost": 0.44,
                                                                                "Total Cost": 7.07,
                                                                                "Plan Rows": 1,
                                                                                "Plan Width": 12,
                                                                                "Actual Startup Time": 0.002,
                                                                                "Actual Total Time": 0.002,
                                                                                "Actual Rows": 0,
                                                                                "Actual Loops": 16326,
                                                                                "Index Cond": "((id = q.owner_user_id) AND (site_id = q.site_id))",
                                                                                "Rows Removed by Index Recheck": 0,
                                                                                "Filter": "(reputation > 96)",
                                                                                "Rows Removed by Filter": 1,
                                                                                "Workers": []
                                                                            }
                                                                        ]
                                                                    }
                                                                ]
                                                            }
                                                        ]
                                                    },
                                                    {
                                                        "Node Type": "Index Scan",
                                                        "Parent Relationship": "Inner",
                                                        "Parallel Aware": false,
                                                        "Async Capable": false,
                                                        "Scan Direction": "Forward",
                                                        "Index Name": "account_pkey",
                                                        "Relation Name": "account",
                                                        "Alias": "account",
                                                        "Startup Cost": 0.43,
                                                        "Total Cost": 7.05,
                                                        "Plan Rows": 1,
                                                        "Plan Width": 4,
                                                        "Actual Startup Time": 0.002,
                                                        "Actual Total Time": 0.002,
                                                        "Actual Rows": 0,
                                                        "Actual Loops": 5630,
                                                        "Index Cond": "(id = so_user.account_id)",
                                                        "Rows Removed by Index Recheck": 0,
                                                        "Filter": "((website_url)::text <> ''::text)",
                                                        "Rows Removed by Filter": 1
                                                    }
                                                ]
                                            },
                                            {
                                                "Node Type": "Index Only Scan",
                                                "Parent Relationship": "Inner",
                                                "Parallel Aware": false,
                                                "Async Capable": false,
                                                "Scan Direction": "Forward",
                                                "Index Name": "post_link_pkey",
                                                "Relation Name": "post_link",
                                                "Alias": "pl",
                                                "Startup Cost": 0.43,
                                                "Total Cost": 327.07,
                                                "Plan Rows": 1,
                                                "Plan Width": 8,
                                                "Actual Startup Time": 19.672,
                                                "Actual Total Time": 20.061,
                                                "Actual Rows": 0,
                                                "Actual Loops": 1323,
                                                "Index Cond": "((site_id = q.site_id) AND (post_id_to = q.id))",
                                                "Rows Removed by Index Recheck": 0,
                                                "Heap Fetches": 309
                                            }
                                        ]
                                    },
                                    {
                                        "Node Type": "Index Only Scan",
                                        "Parent Relationship": "Inner",
                                        "Parallel Aware": false,
                                        "Async Capable": false,
                                        "Scan Direction": "Forward",
                                        "Index Name": "answer_site_id_question_id_idx",
                                        "Relation Name": "answer",
                                        "Alias": "a",
                                        "Startup Cost": 0.43,
                                        "Total Cost": 7.04,
                                        "Plan Rows": 1,
                                        "Plan Width": 8,
                                        "Actual Startup Time": 0.003,
                                        "Actual Total Time": 0.003,
                                        "Actual Rows": 1,
                                        "Actual Loops": 309,
                                        "Index Cond": "((site_id = q.site_id) AND (question_id = q.id))",
                                        "Rows Removed by Index Recheck": 0,
                                        "Heap Fetches": 237
                                    }
                                ]
                            }
                        ]
                    },
                    "Planning Time": 6.697,
                    "Triggers": [],
                    "Execution Time": 26671.333
                }
            ],
            "hints": [
                "SET enable_hashjoin TO on",
                "SET enable_indexonlyscan TO on",
                "SET enable_indexscan TO on",
                "SET enable_mergejoin TO off",
                "SET enable_nestloop TO on",
                "SET enable_seqscan TO on"
            ]
        }
    ]
}