{
    "sql_file": "soload_q3-004.sql",
    "query": "select COUNT(distinct account.display_name)\nfrom\ntag t1, site s1, question q1, answer a1, tag_question tq1, so_user u1,\ntag t2, site s2, question q2, tag_question tq2, so_user u2,\naccount\nwhere\n-- answerers\ns1.site_name='stackoverflow' and\nt1.name  = 'audio' and\nt1.site_id = s1.site_id and\nq1.site_id = s1.site_id and\ntq1.site_id = s1.site_id and\ntq1.question_id = q1.id and\ntq1.tag_id = t1.id and\na1.site_id = q1.site_id and\na1.question_id = q1.id and\na1.owner_user_id = u1.id and\na1.site_id = u1.site_id and\n\n-- askers\ns2.site_name='superuser' and\nt2.name  = 'networking' and\nt2.site_id = s2.site_id and\nq2.site_id = s2.site_id and\ntq2.site_id = s2.site_id and\ntq2.question_id = q2.id and\ntq2.tag_id = t2.id and\nq2.owner_user_id = u2.id and\nq2.site_id = u2.site_id and\n\n\n-- intersect\nu1.account_id = u2.account_id and\naccount.id = u1.account_id;",
    "results": [
        {
            "arm": 0,
            "execution_time": 1437.712,
            "plan": [
                {
                    "Plan": {
                        "Node Type": "Aggregate",
                        "Strategy": "Plain",
                        "Partial Mode": "Simple",
                        "Parallel Aware": false,
                        "Async Capable": false,
                        "Startup Cost": 261636.92,
                        "Total Cost": 261636.93,
                        "Plan Rows": 1,
                        "Plan Width": 8,
                        "Actual Startup Time": 1414.466,
                        "Actual Total Time": 1436.701,
                        "Actual Rows": 1,
                        "Actual Loops": 1,
                        "Plans": [
                            {
                                "Node Type": "Gather Merge",
                                "Parent Relationship": "Outer",
                                "Parallel Aware": false,
                                "Async Capable": false,
                                "Startup Cost": 261636.79,
                                "Total Cost": 261636.92,
                                "Plan Rows": 1,
                                "Plan Width": 11,
                                "Actual Startup Time": 1414.398,
                                "Actual Total Time": 1436.683,
                                "Actual Rows": 185,
                                "Actual Loops": 1,
                                "Workers Planned": 5,
                                "Workers Launched": 5,
                                "Plans": [
                                    {
                                        "Node Type": "Sort",
                                        "Parent Relationship": "Outer",
                                        "Parallel Aware": false,
                                        "Async Capable": false,
                                        "Startup Cost": 260636.71,
                                        "Total Cost": 260636.72,
                                        "Plan Rows": 1,
                                        "Plan Width": 11,
                                        "Actual Startup Time": 1362.356,
                                        "Actual Total Time": 1362.365,
                                        "Actual Rows": 31,
                                        "Actual Loops": 6,
                                        "Sort Key": [
                                            "account.display_name"
                                        ],
                                        "Sort Method": "quicksort",
                                        "Sort Space Used": 25,
                                        "Sort Space Type": "Memory",
                                        "Workers": [
                                            {
                                                "Worker Number": 0,
                                                "Sort Method": "quicksort",
                                                "Sort Space Used": 25,
                                                "Sort Space Type": "Memory"
                                            },
                                            {
                                                "Worker Number": 1,
                                                "Sort Method": "quicksort",
                                                "Sort Space Used": 25,
                                                "Sort Space Type": "Memory"
                                            },
                                            {
                                                "Worker Number": 2,
                                                "Sort Method": "quicksort",
                                                "Sort Space Used": 25,
                                                "Sort Space Type": "Memory"
                                            },
                                            {
                                                "Worker Number": 3,
                                                "Sort Method": "quicksort",
                                                "Sort Space Used": 25,
                                                "Sort Space Type": "Memory"
                                            },
                                            {
                                                "Worker Number": 4,
                                                "Sort Method": "quicksort",
                                                "Sort Space Used": 25,
                                                "Sort Space Type": "Memory"
                                            }
                                        ],
                                        "Plans": [
                                            {
                                                "Node Type": "Nested Loop",
                                                "Parent Relationship": "Outer",
                                                "Parallel Aware": false,
                                                "Async Capable": false,
                                                "Join Type": "Inner",
                                                "Startup Cost": 260509.41,
                                                "Total Cost": 260636.7,
                                                "Plan Rows": 1,
                                                "Plan Width": 11,
                                                "Actual Startup Time": 1280.23,
                                                "Actual Total Time": 1362.317,
                                                "Actual Rows": 31,
                                                "Actual Loops": 6,
                                                "Inner Unique": true,
                                                "Workers": [],
                                                "Plans": [
                                                    {
                                                        "Node Type": "Nested Loop",
                                                        "Parent Relationship": "Outer",
                                                        "Parallel Aware": false,
                                                        "Async Capable": false,
                                                        "Join Type": "Inner",
                                                        "Startup Cost": 260508.97,
                                                        "Total Cost": 260629.09,
                                                        "Plan Rows": 1,
                                                        "Plan Width": 8,
                                                        "Actual Startup Time": 1280.163,
                                                        "Actual Total Time": 1361.407,
                                                        "Actual Rows": 31,
                                                        "Actual Loops": 6,
                                                        "Inner Unique": true,
                                                        "Join Filter": "((t2.site_id = tq2.site_id) AND (t2.id = tq2.tag_id))",
                                                        "Rows Removed by Join Filter": 1589,
                                                        "Workers": [],
                                                        "Plans": [
                                                            {
                                                                "Node Type": "Nested Loop",
                                                                "Parent Relationship": "Outer",
                                                                "Parallel Aware": false,
                                                                "Async Capable": false,
                                                                "Join Type": "Inner",
                                                                "Startup Cost": 260508.41,
                                                                "Total Cost": 260621.3,
                                                                "Plan Rows": 1,
                                                                "Plan Width": 32,
                                                                "Actual Startup Time": 1277.435,
                                                                "Actual Total Time": 1339.809,
                                                                "Actual Rows": 548,
                                                                "Actual Loops": 6,
                                                                "Inner Unique": true,
                                                                "Join Filter": "(t1.site_id = q1.site_id)",
                                                                "Rows Removed by Join Filter": 0,
                                                                "Workers": [],
                                                                "Plans": [
                                                                    {
                                                                        "Node Type": "Nested Loop",
                                                                        "Parent Relationship": "Outer",
                                                                        "Parallel Aware": false,
                                                                        "Async Capable": false,
                                                                        "Join Type": "Inner",
                                                                        "Startup Cost": 260507.97,
                                                                        "Total Cost": 260617.25,
                                                                        "Plan Rows": 1,
                                                                        "Plan Width": 60,
                                                                        "Actual Startup Time": 1277.365,
                                                                        "Actual Total Time": 1334.494,
                                                                        "Actual Rows": 548,
                                                                        "Actual Loops": 6,
                                                                        "Inner Unique": false,
                                                                        "Join Filter": "(t2.site_id = q2.site_id)",
                                                                        "Rows Removed by Join Filter": 0,
                                                                        "Workers": [],
                                                                        "Plans": [
                                                                            {
                                                                                "Node Type": "Merge Join",
                                                                                "Parent Relationship": "Outer",
                                                                                "Parallel Aware": false,
                                                                                "Async Capable": false,
                                                                                "Join Type": "Inner",
                                                                                "Startup Cost": 260507.54,
                                                                                "Total Cost": 260542.79,
                                                                                "Plan Rows": 1,
                                                                                "Plan Width": 56,
                                                                                "Actual Startup Time": 1276.209,
                                                                                "Actual Total Time": 1291.051,
                                                                                "Actual Rows": 433,
                                                                                "Actual Loops": 6,
                                                                                "Inner Unique": false,
                                                                                "Merge Cond": "(u2.account_id = u1.account_id)",
                                                                                "Workers": [],
                                                                                "Plans": [
                                                                                    {
                                                                                        "Node Type": "Sort",
                                                                                        "Parent Relationship": "Outer",
                                                                                        "Parallel Aware": false,
                                                                                        "Async Capable": false,
                                                                                        "Startup Cost": 256731.97,
                                                                                        "Total Cost": 256749.59,
                                                                                        "Plan Rows": 7048,
                                                                                        "Plan Width": 24,
                                                                                        "Actual Startup Time": 370.389,
                                                                                        "Actual Total Time": 378.074,
                                                                                        "Actual Rows": 133755,
                                                                                        "Actual Loops": 6,
                                                                                        "Sort Key": [
                                                                                            "u2.account_id"
                                                                                        ],
                                                                                        "Sort Method": "external merge",
                                                                                        "Sort Space Used": 4568,
                                                                                        "Sort Space Type": "Disk",
                                                                                        "Workers": [
                                                                                            {
                                                                                                "Worker Number": 0,
                                                                                                "Sort Method": "external merge",
                                                                                                "Sort Space Used": 4568,
                                                                                                "Sort Space Type": "Disk"
                                                                                            },
                                                                                            {
                                                                                                "Worker Number": 1,
                                                                                                "Sort Method": "external merge",
                                                                                                "Sort Space Used": 4568,
                                                                                                "Sort Space Type": "Disk"
                                                                                            },
                                                                                            {
                                                                                                "Worker Number": 2,
                                                                                                "Sort Method": "external merge",
                                                                                                "Sort Space Used": 4568,
                                                                                                "Sort Space Type": "Disk"
                                                                                            },
                                                                                            {
                                                                                                "Worker Number": 3,
                                                                                                "Sort Method": "external merge",
                                                                                                "Sort Space Used": 4136,
                                                                                                "Sort Space Type": "Disk"
                                                                                            },
                                                                                            {
                                                                                                "Worker Number": 4,
                                                                                                "Sort Method": "external merge",
                                                                                                "Sort Space Used": 4384,
                                                                                                "Sort Space Type": "Disk"
                                                                                            }
                                                                                        ],
                                                                                        "Plans": [
                                                                                            {
                                                                                                "Node Type": "Merge Join",
                                                                                                "Parent Relationship": "Outer",
                                                                                                "Parallel Aware": false,
                                                                                                "Async Capable": false,
                                                                                                "Join Type": "Inner",
                                                                                                "Startup Cost": 256053.83,
                                                                                                "Total Cost": 256281.5,
                                                                                                "Plan Rows": 7048,
                                                                                                "Plan Width": 24,
                                                                                                "Actual Startup Time": 315.672,
                                                                                                "Actual Total Time": 341.625,
                                                                                                "Actual Rows": 133921,
                                                                                                "Actual Loops": 6,
                                                                                                "Inner Unique": false,
                                                                                                "Merge Cond": "(s2.site_id = t2.site_id)",
                                                                                                "Workers": [],
                                                                                                "Plans": [
                                                                                                    {
                                                                                                        "Node Type": "Sort",
                                                                                                        "Parent Relationship": "Outer",
                                                                                                        "Parallel Aware": false,
                                                                                                        "Async Capable": false,
                                                                                                        "Startup Cost": 252517.79,
                                                                                                        "Total Cost": 252578.76,
                                                                                                        "Plan Rows": 24388,
                                                                                                        "Plan Width": 16,
                                                                                                        "Actual Startup Time": 308.028,
                                                                                                        "Actual Total Time": 314.736,
                                                                                                        "Actual Rows": 133921,
                                                                                                        "Actual Loops": 6,
                                                                                                        "Sort Key": [
                                                                                                            "s2.site_id"
                                                                                                        ],
                                                                                                        "Sort Method": "external merge",
                                                                                                        "Sort Space Used": 3488,
                                                                                                        "Sort Space Type": "Disk",
                                                                                                        "Workers": [
                                                                                                            {
                                                                                                                "Worker Number": 0,
                                                                                                                "Sort Method": "external merge",
                                                                                                                "Sort Space Used": 3488,
                                                                                                                "Sort Space Type": "Disk"
                                                                                                            },
                                                                                                            {
                                                                                                                "Worker Number": 1,
                                                                                                                "Sort Method": "external merge",
                                                                                                                "Sort Space Used": 3488,
                                                                                                                "Sort Space Type": "Disk"
                                                                                                            },
                                                                                                            {
                                                                                                                "Worker Number": 2,
                                                                                                                "Sort Method": "external merge",
                                                                                                                "Sort Space Used": 3488,
                                                                                                                "Sort Space Type": "Disk"
                                                                                                            },
                                                                                                            {
                                                                                                                "Worker Number": 3,
                                                                                                                "Sort Method": "quicksort",
                                                                                                                "Sort Space Used": 7919,
                                                                                                                "Sort Space Type": "Memory"
                                                                                                            },
                                                                                                            {
                                                                                                                "Worker Number": 4,
                                                                                                                "Sort Method": "external merge",
                                                                                                                "Sort Space Used": 3352,
                                                                                                                "Sort Space Type": "Disk"
                                                                                                            }
                                                                                                        ],
                                                                                                        "Plans": [
                                                                                                            {
                                                                                                                "Node Type": "Hash Join",
                                                                                                                "Parent Relationship": "Outer",
                                                                                                                "Parallel Aware": false,
                                                                                                                "Async Capable": false,
                                                                                                                "Join Type": "Inner",
                                                                                                                "Startup Cost": 3.18,
                                                                                                                "Total Cost": 250740.65,
                                                                                                                "Plan Rows": 24388,
                                                                                                                "Plan Width": 16,
                                                                                                                "Actual Startup Time": 182.942,
                                                                                                                "Actual Total Time": 293.115,
                                                                                                                "Actual Rows": 133921,
                                                                                                                "Actual Loops": 6,
                                                                                                                "Inner Unique": true,
                                                                                                                "Hash Cond": "(u2.site_id = s2.site_id)",
                                                                                                                "Workers": [],
                                                                                                                "Plans": [
                                                                                                                    {
                                                                                                                        "Node Type": "Seq Scan",
                                                                                                                        "Parent Relationship": "Outer",
                                                                                                                        "Parallel Aware": true,
                                                                                                                        "Async Capable": false,
                                                                                                                        "Relation Name": "so_user",
                                                                                                                        "Alias": "u2",
                                                                                                                        "Startup Cost": 0.0,
                                                                                                                        "Total Cost": 239391.02,
                                                                                                                        "Plan Rows": 4219102,
                                                                                                                        "Plan Width": 12,
                                                                                                                        "Actual Startup Time": 0.022,
                                                                                                                        "Actual Total Time": 162.27,
                                                                                                                        "Actual Rows": 3516217,
                                                                                                                        "Actual Loops": 6,
                                                                                                                        "Workers": []
                                                                                                                    },
                                                                                                                    {
                                                                                                                        "Node Type": "Hash",
                                                                                                                        "Parent Relationship": "Inner",
                                                                                                                        "Parallel Aware": false,
                                                                                                                        "Async Capable": false,
                                                                                                                        "Startup Cost": 3.16,
                                                                                                                        "Total Cost": 3.16,
                                                                                                                        "Plan Rows": 1,
                                                                                                                        "Plan Width": 4,
                                                                                                                        "Actual Startup Time": 0.022,
                                                                                                                        "Actual Total Time": 0.023,
                                                                                                                        "Actual Rows": 1,
                                                                                                                        "Actual Loops": 6,
                                                                                                                        "Hash Buckets": 1024,
                                                                                                                        "Original Hash Buckets": 1024,
                                                                                                                        "Hash Batches": 1,
                                                                                                                        "Original Hash Batches": 1,
                                                                                                                        "Peak Memory Usage": 9,
                                                                                                                        "Workers": [],
                                                                                                                        "Plans": [
                                                                                                                            {
                                                                                                                                "Node Type": "Seq Scan",
                                                                                                                                "Parent Relationship": "Outer",
                                                                                                                                "Parallel Aware": false,
                                                                                                                                "Async Capable": false,
                                                                                                                                "Relation Name": "site",
                                                                                                                                "Alias": "s2",
                                                                                                                                "Startup Cost": 0.0,
                                                                                                                                "Total Cost": 3.16,
                                                                                                                                "Plan Rows": 1,
                                                                                                                                "Plan Width": 4,
                                                                                                                                "Actual Startup Time": 0.017,
                                                                                                                                "Actual Total Time": 0.018,
                                                                                                                                "Actual Rows": 1,
                                                                                                                                "Actual Loops": 6,
                                                                                                                                "Filter": "((site_name)::text = 'superuser'::text)",
                                                                                                                                "Rows Removed by Filter": 172,
                                                                                                                                "Workers": []
                                                                                                                            }
                                                                                                                        ]
                                                                                                                    }
                                                                                                                ]
                                                                                                            }
                                                                                                        ]
                                                                                                    },
                                                                                                    {
                                                                                                        "Node Type": "Sort",
                                                                                                        "Parent Relationship": "Inner",
                                                                                                        "Parallel Aware": false,
                                                                                                        "Async Capable": false,
                                                                                                        "Startup Cost": 3536.04,
                                                                                                        "Total Cost": 3536.16,
                                                                                                        "Plan Rows": 50,
                                                                                                        "Plan Width": 8,
                                                                                                        "Actual Startup Time": 7.639,
                                                                                                        "Actual Total Time": 10.559,
                                                                                                        "Actual Rows": 133951,
                                                                                                        "Actual Loops": 6,
                                                                                                        "Sort Key": [
                                                                                                            "t2.site_id"
                                                                                                        ],
                                                                                                        "Sort Method": "quicksort",
                                                                                                        "Sort Space Used": 26,
                                                                                                        "Sort Space Type": "Memory",
                                                                                                        "Workers": [
                                                                                                            {
                                                                                                                "Worker Number": 0,
                                                                                                                "Sort Method": "quicksort",
                                                                                                                "Sort Space Used": 26,
                                                                                                                "Sort Space Type": "Memory"
                                                                                                            },
                                                                                                            {
                                                                                                                "Worker Number": 1,
                                                                                                                "Sort Method": "quicksort",
                                                                                                                "Sort Space Used": 26,
                                                                                                                "Sort Space Type": "Memory"
                                                                                                            },
                                                                                                            {
                                                                                                                "Worker Number": 2,
                                                                                                                "Sort Method": "quicksort",
                                                                                                                "Sort Space Used": 26,
                                                                                                                "Sort Space Type": "Memory"
                                                                                                            },
                                                                                                            {
                                                                                                                "Worker Number": 3,
                                                                                                                "Sort Method": "quicksort",
                                                                                                                "Sort Space Used": 26,
                                                                                                                "Sort Space Type": "Memory"
                                                                                                            },
                                                                                                            {
                                                                                                                "Worker Number": 4,
                                                                                                                "Sort Method": "quicksort",
                                                                                                                "Sort Space Used": 26,
                                                                                                                "Sort Space Type": "Memory"
                                                                                                            }
                                                                                                        ],
                                                                                                        "Plans": [
                                                                                                            {
                                                                                                                "Node Type": "Seq Scan",
                                                                                                                "Parent Relationship": "Outer",
                                                                                                                "Parallel Aware": false,
                                                                                                                "Async Capable": false,
                                                                                                                "Relation Name": "tag",
                                                                                                                "Alias": "t2",
                                                                                                                "Startup Cost": 0.0,
                                                                                                                "Total Cost": 3534.62,
                                                                                                                "Plan Rows": 50,
                                                                                                                "Plan Width": 8,
                                                                                                                "Actual Startup Time": 0.03,
                                                                                                                "Actual Total Time": 7.631,
                                                                                                                "Actual Rows": 34,
                                                                                                                "Actual Loops": 6,
                                                                                                                "Filter": "((name)::text = 'networking'::text)",
                                                                                                                "Rows Removed by Filter": 186736,
                                                                                                                "Workers": []
                                                                                                            }
                                                                                                        ]
                                                                                                    }
                                                                                                ]
                                                                                            }
                                                                                        ]
                                                                                    },
                                                                                    {
                                                                                        "Node Type": "Sort",
                                                                                        "Parent Relationship": "Inner",
                                                                                        "Parallel Aware": false,
                                                                                        "Async Capable": false,
                                                                                        "Startup Cost": 3775.56,
                                                                                        "Total Cost": 3775.57,
                                                                                        "Plan Rows": 1,
                                                                                        "Plan Width": 32,
                                                                                        "Actual Startup Time": 905.799,
                                                                                        "Actual Total Time": 906.222,
                                                                                        "Actual Rows": 4562,
                                                                                        "Actual Loops": 6,
                                                                                        "Sort Key": [
                                                                                            "u1.account_id"
                                                                                        ],
                                                                                        "Sort Method": "quicksort",
                                                                                        "Sort Space Used": 442,
                                                                                        "Sort Space Type": "Memory",
                                                                                        "Workers": [
                                                                                            {
                                                                                                "Worker Number": 0,
                                                                                                "Sort Method": "quicksort",
                                                                                                "Sort Space Used": 442,
                                                                                                "Sort Space Type": "Memory"
                                                                                            },
                                                                                            {
                                                                                                "Worker Number": 1,
                                                                                                "Sort Method": "quicksort",
                                                                                                "Sort Space Used": 442,
                                                                                                "Sort Space Type": "Memory"
                                                                                            },
                                                                                            {
                                                                                                "Worker Number": 2,
                                                                                                "Sort Method": "quicksort",
                                                                                                "Sort Space Used": 442,
                                                                                                "Sort Space Type": "Memory"
                                                                                            },
                                                                                            {
                                                                                                "Worker Number": 3,
                                                                                                "Sort Method": "quicksort",
                                                                                                "Sort Space Used": 442,
                                                                                                "Sort Space Type": "Memory"
                                                                                            },
                                                                                            {
                                                                                                "Worker Number": 4,
                                                                                                "Sort Method": "quicksort",
                                                                                                "Sort Space Used": 442,
                                                                                                "Sort Space Type": "Memory"
                                                                                            }
                                                                                        ],
                                                                                        "Plans": [
                                                                                            {
                                                                                                "Node Type": "Nested Loop",
                                                                                                "Parent Relationship": "Outer",
                                                                                                "Parallel Aware": false,
                                                                                                "Async Capable": false,
                                                                                                "Join Type": "Inner",
                                                                                                "Startup Cost": 1.44,
                                                                                                "Total Cost": 3775.55,
                                                                                                "Plan Rows": 1,
                                                                                                "Plan Width": 32,
                                                                                                "Actual Startup Time": 5.008,
                                                                                                "Actual Total Time": 904.15,
                                                                                                "Actual Rows": 4566,
                                                                                                "Actual Loops": 6,
                                                                                                "Inner Unique": true,
                                                                                                "Join Filter": "(t1.site_id = u1.site_id)",
                                                                                                "Rows Removed by Join Filter": 0,
                                                                                                "Workers": [],
                                                                                                "Plans": [
                                                                                                    {
                                                                                                        "Node Type": "Nested Loop",
                                                                                                        "Parent Relationship": "Outer",
                                                                                                        "Parallel Aware": false,
                                                                                                        "Async Capable": false,
                                                                                                        "Join Type": "Inner",
                                                                                                        "Startup Cost": 1.0,
                                                                                                        "Total Cost": 3767.91,
                                                                                                        "Plan Rows": 1,
                                                                                                        "Plan Width": 28,
                                                                                                        "Actual Startup Time": 4.962,
                                                                                                        "Actual Total Time": 685.572,
                                                                                                        "Actual Rows": 4566,
                                                                                                        "Actual Loops": 6,
                                                                                                        "Inner Unique": false,
                                                                                                        "Join Filter": "(t1.site_id = a1.site_id)",
                                                                                                        "Rows Removed by Join Filter": 0,
                                                                                                        "Workers": [],
                                                                                                        "Plans": [
                                                                                                            {
                                                                                                                "Node Type": "Nested Loop",
                                                                                                                "Parent Relationship": "Outer",
                                                                                                                "Parallel Aware": false,
                                                                                                                "Async Capable": false,
                                                                                                                "Join Type": "Inner",
                                                                                                                "Startup Cost": 0.56,
                                                                                                                "Total Cost": 3600.1,
                                                                                                                "Plan Rows": 22,
                                                                                                                "Plan Width": 16,
                                                                                                                "Actual Startup Time": 4.492,
                                                                                                                "Actual Total Time": 86.244,
                                                                                                                "Actual Rows": 13552,
                                                                                                                "Actual Loops": 6,
                                                                                                                "Inner Unique": false,
                                                                                                                "Workers": [],
                                                                                                                "Plans": [
                                                                                                                    {
                                                                                                                        "Node Type": "Nested Loop",
                                                                                                                        "Parent Relationship": "Outer",
                                                                                                                        "Parallel Aware": false,
                                                                                                                        "Async Capable": false,
                                                                                                                        "Join Type": "Inner",
                                                                                                                        "Startup Cost": 0.0,
                                                                                                                        "Total Cost": 3538.25,
                                                                                                                        "Plan Rows": 1,
                                                                                                                        "Plan Width": 12,
                                                                                                                        "Actual Startup Time": 4.219,
                                                                                                                        "Actual Total Time": 8.558,
                                                                                                                        "Actual Rows": 1,
                                                                                                                        "Actual Loops": 6,
                                                                                                                        "Inner Unique": false,
                                                                                                                        "Join Filter": "(t1.site_id = s1.site_id)",
                                                                                                                        "Rows Removed by Join Filter": 40,
                                                                                                                        "Workers": [],
                                                                                                                        "Plans": [
                                                                                                                            {
                                                                                                                                "Node Type": "Seq Scan",
                                                                                                                                "Parent Relationship": "Outer",
                                                                                                                                "Parallel Aware": false,
                                                                                                                                "Async Capable": false,
                                                                                                                                "Relation Name": "site",
                                                                                                                                "Alias": "s1",
                                                                                                                                "Startup Cost": 0.0,
                                                                                                                                "Total Cost": 3.16,
                                                                                                                                "Plan Rows": 1,
                                                                                                                                "Plan Width": 4,
                                                                                                                                "Actual Startup Time": 0.012,
                                                                                                                                "Actual Total Time": 0.014,
                                                                                                                                "Actual Rows": 1,
                                                                                                                                "Actual Loops": 6,
                                                                                                                                "Filter": "((site_name)::text = 'stackoverflow'::text)",
                                                                                                                                "Rows Removed by Filter": 172,
                                                                                                                                "Workers": []
                                                                                                                            },
                                                                                                                            {
                                                                                                                                "Node Type": "Seq Scan",
                                                                                                                                "Parent Relationship": "Inner",
                                                                                                                                "Parallel Aware": false,
                                                                                                                                "Async Capable": false,
                                                                                                                                "Relation Name": "tag",
                                                                                                                                "Alias": "t1",
                                                                                                                                "Startup Cost": 0.0,
                                                                                                                                "Total Cost": 3534.62,
                                                                                                                                "Plan Rows": 37,
                                                                                                                                "Plan Width": 8,
                                                                                                                                "Actual Startup Time": 0.054,
                                                                                                                                "Actual Total Time": 8.539,
                                                                                                                                "Actual Rows": 41,
                                                                                                                                "Actual Loops": 6,
                                                                                                                                "Filter": "((name)::text = 'audio'::text)",
                                                                                                                                "Rows Removed by Filter": 186729,
                                                                                                                                "Workers": []
                                                                                                                            }
                                                                                                                        ]
                                                                                                                    },
                                                                                                                    {
                                                                                                                        "Node Type": "Index Only Scan",
                                                                                                                        "Parent Relationship": "Inner",
                                                                                                                        "Parallel Aware": false,
                                                                                                                        "Async Capable": false,
                                                                                                                        "Scan Direction": "Forward",
                                                                                                                        "Index Name": "tag_question_site_id_tag_id_question_id_idx",
                                                                                                                        "Relation Name": "tag_question",
                                                                                                                        "Alias": "tq1",
                                                                                                                        "Startup Cost": 0.56,
                                                                                                                        "Total Cost": 61.54,
                                                                                                                        "Plan Rows": 31,
                                                                                                                        "Plan Width": 12,
                                                                                                                        "Actual Startup Time": 0.271,
                                                                                                                        "Actual Total Time": 76.262,
                                                                                                                        "Actual Rows": 13552,
                                                                                                                        "Actual Loops": 6,
                                                                                                                        "Index Cond": "((site_id = t1.site_id) AND (tag_id = t1.id))",
                                                                                                                        "Rows Removed by Index Recheck": 0,
                                                                                                                        "Heap Fetches": 81312,
                                                                                                                        "Workers": []
                                                                                                                    }
                                                                                                                ]
                                                                                                            },
                                                                                                            {
                                                                                                                "Node Type": "Index Scan",
                                                                                                                "Parent Relationship": "Inner",
                                                                                                                "Parallel Aware": false,
                                                                                                                "Async Capable": false,
                                                                                                                "Scan Direction": "Forward",
                                                                                                                "Index Name": "answer_site_id_question_id_idx",
                                                                                                                "Relation Name": "answer",
                                                                                                                "Alias": "a1",
                                                                                                                "Startup Cost": 0.43,
                                                                                                                "Total Cost": 7.62,
                                                                                                                "Plan Rows": 1,
                                                                                                                "Plan Width": 12,
                                                                                                                "Actual Startup Time": 0.038,
                                                                                                                "Actual Total Time": 0.044,
                                                                                                                "Actual Rows": 0,
                                                                                                                "Actual Loops": 81312,
                                                                                                                "Index Cond": "((site_id = tq1.site_id) AND (question_id = tq1.question_id))",
                                                                                                                "Rows Removed by Index Recheck": 0,
                                                                                                                "Workers": []
                                                                                                            }
                                                                                                        ]
                                                                                                    },
                                                                                                    {
                                                                                                        "Node Type": "Index Scan",
                                                                                                        "Parent Relationship": "Inner",
                                                                                                        "Parallel Aware": false,
                                                                                                        "Async Capable": false,
                                                                                                        "Scan Direction": "Forward",
                                                                                                        "Index Name": "so_user_pkey",
                                                                                                        "Relation Name": "so_user",
                                                                                                        "Alias": "u1",
                                                                                                        "Startup Cost": 0.44,
                                                                                                        "Total Cost": 7.63,
                                                                                                        "Plan Rows": 1,
                                                                                                        "Plan Width": 12,
                                                                                                        "Actual Startup Time": 0.047,
                                                                                                        "Actual Total Time": 0.047,
                                                                                                        "Actual Rows": 1,
                                                                                                        "Actual Loops": 27396,
                                                                                                        "Index Cond": "((id = a1.owner_user_id) AND (site_id = a1.site_id))",
                                                                                                        "Rows Removed by Index Recheck": 0,
                                                                                                        "Workers": []
                                                                                                    }
                                                                                                ]
                                                                                            }
                                                                                        ]
                                                                                    }
                                                                                ]
                                                                            },
                                                                            {
                                                                                "Node Type": "Index Scan",
                                                                                "Parent Relationship": "Inner",
                                                                                "Parallel Aware": false,
                                                                                "Async Capable": false,
                                                                                "Scan Direction": "Forward",
                                                                                "Index Name": "question_owner_user_id_idx",
                                                                                "Relation Name": "question",
                                                                                "Alias": "q2",
                                                                                "Startup Cost": 0.43,
                                                                                "Total Cost": 74.45,
                                                                                "Plan Rows": 1,
                                                                                "Plan Width": 12,
                                                                                "Actual Startup Time": 0.096,
                                                                                "Actual Total Time": 0.1,
                                                                                "Actual Rows": 1,
                                                                                "Actual Loops": 2596,
                                                                                "Index Cond": "(owner_user_id = u2.id)",
                                                                                "Rows Removed by Index Recheck": 0,
                                                                                "Filter": "(site_id = u2.site_id)",
                                                                                "Rows Removed by Filter": 14,
                                                                                "Workers": []
                                                                            }
                                                                        ]
                                                                    },
                                                                    {
                                                                        "Node Type": "Index Only Scan",
                                                                        "Parent Relationship": "Inner",
                                                                        "Parallel Aware": false,
                                                                        "Async Capable": false,
                                                                        "Scan Direction": "Forward",
                                                                        "Index Name": "question_pkey",
                                                                        "Relation Name": "question",
                                                                        "Alias": "q1",
                                                                        "Startup Cost": 0.43,
                                                                        "Total Cost": 4.04,
                                                                        "Plan Rows": 1,
                                                                        "Plan Width": 8,
                                                                        "Actual Startup Time": 0.009,
                                                                        "Actual Total Time": 0.009,
                                                                        "Actual Rows": 1,
                                                                        "Actual Loops": 3285,
                                                                        "Index Cond": "((id = tq1.question_id) AND (site_id = tq1.site_id))",
                                                                        "Rows Removed by Index Recheck": 0,
                                                                        "Heap Fetches": 0,
                                                                        "Workers": []
                                                                    }
                                                                ]
                                                            },
                                                            {
                                                                "Node Type": "Index Only Scan",
                                                                "Parent Relationship": "Inner",
                                                                "Parallel Aware": false,
                                                                "Async Capable": false,
                                                                "Scan Direction": "Forward",
                                                                "Index Name": "tag_question_pkey",
                                                                "Relation Name": "tag_question",
                                                                "Alias": "tq2",
                                                                "Startup Cost": 0.56,
                                                                "Total Cost": 7.77,
                                                                "Plan Rows": 1,
                                                                "Plan Width": 12,
                                                                "Actual Startup Time": 0.038,
                                                                "Actual Total Time": 0.039,
                                                                "Actual Rows": 3,
                                                                "Actual Loops": 3285,
                                                                "Index Cond": "((site_id = q2.site_id) AND (question_id = q2.id))",
                                                                "Rows Removed by Index Recheck": 0,
                                                                "Heap Fetches": 9718,
                                                                "Workers": []
                                                            }
                                                        ]
                                                    },
                                                    {
                                                        "Node Type": "Index Scan",
                                                        "Parent Relationship": "Inner",
                                                        "Parallel Aware": false,
                                                        "Async Capable": false,
                                                        "Scan Direction": "Forward",
                                                        "Index Name": "account_pkey",
                                                        "Relation Name": "account",
                                                        "Alias": "account",
                                                        "Startup Cost": 0.43,
                                                        "Total Cost": 7.62,
                                                        "Plan Rows": 1,
                                                        "Plan Width": 15,
                                                        "Actual Startup Time": 0.029,
                                                        "Actual Total Time": 0.029,
                                                        "Actual Rows": 1,
                                                        "Actual Loops": 185,
                                                        "Index Cond": "(id = u1.account_id)",
                                                        "Rows Removed by Index Recheck": 0,
                                                        "Workers": []
                                                    }
                                                ]
                                            }
                                        ]
                                    }
                                ]
                            }
                        ]
                    },
                    "Planning Time": 91.566,
                    "Triggers": [],
                    "Execution Time": 1437.712
                }
            ],
            "hints": [
                "SET enable_hashjoin TO on",
                "SET enable_indexonlyscan TO on",
                "SET enable_indexscan TO on",
                "SET enable_mergejoin TO on",
                "SET enable_nestloop TO on",
                "SET enable_seqscan TO on"
            ]
        },
        {
            "arm": 1,
            "execution_time": 30000,
            "plan": "Query execution error: canceling statement due to statement timeout\n",
            "hints": [
                "SET enable_hashjoin TO on",
                "SET enable_indexonlyscan TO on",
                "SET enable_indexscan TO on",
                "SET enable_mergejoin TO on",
                "SET enable_nestloop TO off",
                "SET enable_seqscan TO on"
            ]
        },
        {
            "arm": 2,
            "execution_time": 377.959,
            "plan": [
                {
                    "Plan": {
                        "Node Type": "Aggregate",
                        "Strategy": "Plain",
                        "Partial Mode": "Simple",
                        "Parallel Aware": false,
                        "Async Capable": false,
                        "Startup Cost": 258285.25,
                        "Total Cost": 258285.26,
                        "Plan Rows": 1,
                        "Plan Width": 8,
                        "Actual Startup Time": 375.111,
                        "Actual Total Time": 377.889,
                        "Actual Rows": 1,
                        "Actual Loops": 1,
                        "Plans": [
                            {
                                "Node Type": "Sort",
                                "Parent Relationship": "Outer",
                                "Parallel Aware": false,
                                "Async Capable": false,
                                "Startup Cost": 258285.24,
                                "Total Cost": 258285.24,
                                "Plan Rows": 1,
                                "Plan Width": 11,
                                "Actual Startup Time": 375.091,
                                "Actual Total Time": 377.873,
                                "Actual Rows": 185,
                                "Actual Loops": 1,
                                "Sort Key": [
                                    "account.display_name"
                                ],
                                "Sort Method": "quicksort",
                                "Sort Space Used": 28,
                                "Sort Space Type": "Memory",
                                "Plans": [
                                    {
                                        "Node Type": "Nested Loop",
                                        "Parent Relationship": "Outer",
                                        "Parallel Aware": false,
                                        "Async Capable": false,
                                        "Join Type": "Inner",
                                        "Startup Cost": 6411.1,
                                        "Total Cost": 258285.23,
                                        "Plan Rows": 1,
                                        "Plan Width": 11,
                                        "Actual Startup Time": 237.331,
                                        "Actual Total Time": 377.802,
                                        "Actual Rows": 185,
                                        "Actual Loops": 1,
                                        "Inner Unique": true,
                                        "Plans": [
                                            {
                                                "Node Type": "Nested Loop",
                                                "Parent Relationship": "Outer",
                                                "Parallel Aware": false,
                                                "Async Capable": false,
                                                "Join Type": "Inner",
                                                "Startup Cost": 6407.07,
                                                "Total Cost": 258277.19,
                                                "Plan Rows": 1,
                                                "Plan Width": 8,
                                                "Actual Startup Time": 237.324,
                                                "Actual Total Time": 377.315,
                                                "Actual Rows": 185,
                                                "Actual Loops": 1,
                                                "Inner Unique": true,
                                                "Join Filter": "((t2.site_id = tq2.site_id) AND (t2.id = tq2.tag_id))",
                                                "Rows Removed by Join Filter": 9617,
                                                "Plans": [
                                                    {
                                                        "Node Type": "Nested Loop",
                                                        "Parent Relationship": "Outer",
                                                        "Parallel Aware": false,
                                                        "Async Capable": false,
                                                        "Join Type": "Inner",
                                                        "Startup Cost": 6402.9,
                                                        "Total Cost": 258268.99,
                                                        "Plan Rows": 1,
                                                        "Plan Width": 32,
                                                        "Actual Startup Time": 237.296,
                                                        "Actual Total Time": 367.673,
                                                        "Actual Rows": 3285,
                                                        "Actual Loops": 1,
                                                        "Inner Unique": true,
                                                        "Join Filter": "(t1.site_id = q1.site_id)",
                                                        "Rows Removed by Join Filter": 0,
                                                        "Plans": [
                                                            {
                                                                "Node Type": "Nested Loop",
                                                                "Parent Relationship": "Outer",
                                                                "Parallel Aware": false,
                                                                "Async Capable": false,
                                                                "Join Type": "Inner",
                                                                "Startup Cost": 6398.87,
                                                                "Total Cost": 258260.94,
                                                                "Plan Rows": 1,
                                                                "Plan Width": 60,
                                                                "Actual Startup Time": 237.285,
                                                                "Actual Total Time": 359.96,
                                                                "Actual Rows": 3285,
                                                                "Actual Loops": 1,
                                                                "Inner Unique": false,
                                                                "Join Filter": "(t2.site_id = q2.site_id)",
                                                                "Rows Removed by Join Filter": 0,
                                                                "Plans": [
                                                                    {
                                                                        "Node Type": "Gather",
                                                                        "Parent Relationship": "Outer",
                                                                        "Parallel Aware": false,
                                                                        "Async Capable": false,
                                                                        "Startup Cost": 6394.63,
                                                                        "Total Cost": 258144.56,
                                                                        "Plan Rows": 1,
                                                                        "Plan Width": 56,
                                                                        "Actual Startup Time": 237.25,
                                                                        "Actual Total Time": 331.646,
                                                                        "Actual Rows": 2596,
                                                                        "Actual Loops": 1,
                                                                        "Workers Planned": 5,
                                                                        "Workers Launched": 5,
                                                                        "Single Copy": false,
                                                                        "Plans": [
                                                                            {
                                                                                "Node Type": "Hash Join",
                                                                                "Parent Relationship": "Outer",
                                                                                "Parallel Aware": true,
                                                                                "Async Capable": false,
                                                                                "Join Type": "Inner",
                                                                                "Startup Cost": 5394.63,
                                                                                "Total Cost": 257144.46,
                                                                                "Plan Rows": 1,
                                                                                "Plan Width": 56,
                                                                                "Actual Startup Time": 234.03,
                                                                                "Actual Total Time": 362.417,
                                                                                "Actual Rows": 433,
                                                                                "Actual Loops": 6,
                                                                                "Inner Unique": false,
                                                                                "Hash Cond": "(u2.account_id = u1.account_id)",
                                                                                "Workers": [],
                                                                                "Plans": [
                                                                                    {
                                                                                        "Node Type": "Hash Join",
                                                                                        "Parent Relationship": "Outer",
                                                                                        "Parallel Aware": true,
                                                                                        "Async Capable": false,
                                                                                        "Join Type": "Inner",
                                                                                        "Startup Cost": 2576.85,
                                                                                        "Total Cost": 254300.24,
                                                                                        "Plan Rows": 7048,
                                                                                        "Plan Width": 24,
                                                                                        "Actual Startup Time": 177.836,
                                                                                        "Actual Total Time": 298.96,
                                                                                        "Actual Rows": 133921,
                                                                                        "Actual Loops": 6,
                                                                                        "Inner Unique": false,
                                                                                        "Hash Cond": "(s2.site_id = t2.site_id)",
                                                                                        "Workers": [],
                                                                                        "Plans": [
                                                                                            {
                                                                                                "Node Type": "Hash Join",
                                                                                                "Parent Relationship": "Outer",
                                                                                                "Parallel Aware": false,
                                                                                                "Async Capable": false,
                                                                                                "Join Type": "Inner",
                                                                                                "Startup Cost": 3.18,
                                                                                                "Total Cost": 250740.65,
                                                                                                "Plan Rows": 24388,
                                                                                                "Plan Width": 16,
                                                                                                "Actual Startup Time": 176.033,
                                                                                                "Actual Total Time": 286.173,
                                                                                                "Actual Rows": 133921,
                                                                                                "Actual Loops": 6,
                                                                                                "Inner Unique": true,
                                                                                                "Hash Cond": "(u2.site_id = s2.site_id)",
                                                                                                "Workers": [],
                                                                                                "Plans": [
                                                                                                    {
                                                                                                        "Node Type": "Seq Scan",
                                                                                                        "Parent Relationship": "Outer",
                                                                                                        "Parallel Aware": true,
                                                                                                        "Async Capable": false,
                                                                                                        "Relation Name": "so_user",
                                                                                                        "Alias": "u2",
                                                                                                        "Startup Cost": 0.0,
                                                                                                        "Total Cost": 239391.02,
                                                                                                        "Plan Rows": 4219102,
                                                                                                        "Plan Width": 12,
                                                                                                        "Actual Startup Time": 0.015,
                                                                                                        "Actual Total Time": 158.694,
                                                                                                        "Actual Rows": 3516217,
                                                                                                        "Actual Loops": 6,
                                                                                                        "Workers": []
                                                                                                    },
                                                                                                    {
                                                                                                        "Node Type": "Hash",
                                                                                                        "Parent Relationship": "Inner",
                                                                                                        "Parallel Aware": false,
                                                                                                        "Async Capable": false,
                                                                                                        "Startup Cost": 3.16,
                                                                                                        "Total Cost": 3.16,
                                                                                                        "Plan Rows": 1,
                                                                                                        "Plan Width": 4,
                                                                                                        "Actual Startup Time": 0.024,
                                                                                                        "Actual Total Time": 0.025,
                                                                                                        "Actual Rows": 1,
                                                                                                        "Actual Loops": 6,
                                                                                                        "Hash Buckets": 1024,
                                                                                                        "Original Hash Buckets": 1024,
                                                                                                        "Hash Batches": 1,
                                                                                                        "Original Hash Batches": 1,
                                                                                                        "Peak Memory Usage": 9,
                                                                                                        "Workers": [],
                                                                                                        "Plans": [
                                                                                                            {
                                                                                                                "Node Type": "Seq Scan",
                                                                                                                "Parent Relationship": "Outer",
                                                                                                                "Parallel Aware": false,
                                                                                                                "Async Capable": false,
                                                                                                                "Relation Name": "site",
                                                                                                                "Alias": "s2",
                                                                                                                "Startup Cost": 0.0,
                                                                                                                "Total Cost": 3.16,
                                                                                                                "Plan Rows": 1,
                                                                                                                "Plan Width": 4,
                                                                                                                "Actual Startup Time": 0.021,
                                                                                                                "Actual Total Time": 0.022,
                                                                                                                "Actual Rows": 1,
                                                                                                                "Actual Loops": 6,
                                                                                                                "Filter": "((site_name)::text = 'superuser'::text)",
                                                                                                                "Rows Removed by Filter": 172,
                                                                                                                "Workers": []
                                                                                                            }
                                                                                                        ]
                                                                                                    }
                                                                                                ]
                                                                                            },
                                                                                            {
                                                                                                "Node Type": "Hash",
                                                                                                "Parent Relationship": "Inner",
                                                                                                "Parallel Aware": true,
                                                                                                "Async Capable": false,
                                                                                                "Startup Cost": 2573.31,
                                                                                                "Total Cost": 2573.31,
                                                                                                "Plan Rows": 29,
                                                                                                "Plan Width": 8,
                                                                                                "Actual Startup Time": 1.758,
                                                                                                "Actual Total Time": 1.759,
                                                                                                "Actual Rows": 6,
                                                                                                "Actual Loops": 6,
                                                                                                "Hash Buckets": 1024,
                                                                                                "Original Hash Buckets": 1024,
                                                                                                "Hash Batches": 1,
                                                                                                "Original Hash Batches": 1,
                                                                                                "Peak Memory Usage": 200,
                                                                                                "Workers": [],
                                                                                                "Plans": [
                                                                                                    {
                                                                                                        "Node Type": "Seq Scan",
                                                                                                        "Parent Relationship": "Outer",
                                                                                                        "Parallel Aware": true,
                                                                                                        "Async Capable": false,
                                                                                                        "Relation Name": "tag",
                                                                                                        "Alias": "t2",
                                                                                                        "Startup Cost": 0.0,
                                                                                                        "Total Cost": 2573.31,
                                                                                                        "Plan Rows": 29,
                                                                                                        "Plan Width": 8,
                                                                                                        "Actual Startup Time": 0.18,
                                                                                                        "Actual Total Time": 1.732,
                                                                                                        "Actual Rows": 6,
                                                                                                        "Actual Loops": 6,
                                                                                                        "Filter": "((name)::text = 'networking'::text)",
                                                                                                        "Rows Removed by Filter": 31123,
                                                                                                        "Workers": []
                                                                                                    }
                                                                                                ]
                                                                                            }
                                                                                        ]
                                                                                    },
                                                                                    {
                                                                                        "Node Type": "Hash",
                                                                                        "Parent Relationship": "Inner",
                                                                                        "Parallel Aware": true,
                                                                                        "Async Capable": false,
                                                                                        "Startup Cost": 2817.77,
                                                                                        "Total Cost": 2817.77,
                                                                                        "Plan Rows": 1,
                                                                                        "Plan Width": 32,
                                                                                        "Actual Startup Time": 55.84,
                                                                                        "Actual Total Time": 55.844,
                                                                                        "Actual Rows": 761,
                                                                                        "Actual Loops": 6,
                                                                                        "Hash Buckets": 4096,
                                                                                        "Original Hash Buckets": 1024,
                                                                                        "Hash Batches": 1,
                                                                                        "Original Hash Batches": 1,
                                                                                        "Peak Memory Usage": 344,
                                                                                        "Workers": [],
                                                                                        "Plans": [
                                                                                            {
                                                                                                "Node Type": "Nested Loop",
                                                                                                "Parent Relationship": "Outer",
                                                                                                "Parallel Aware": false,
                                                                                                "Async Capable": false,
                                                                                                "Join Type": "Inner",
                                                                                                "Startup Cost": 16.11,
                                                                                                "Total Cost": 2817.77,
                                                                                                "Plan Rows": 1,
                                                                                                "Plan Width": 32,
                                                                                                "Actual Startup Time": 2.269,
                                                                                                "Actual Total Time": 10.899,
                                                                                                "Actual Rows": 761,
                                                                                                "Actual Loops": 6,
                                                                                                "Inner Unique": true,
                                                                                                "Join Filter": "(t1.site_id = u1.site_id)",
                                                                                                "Rows Removed by Join Filter": 0,
                                                                                                "Workers": [],
                                                                                                "Plans": [
                                                                                                    {
                                                                                                        "Node Type": "Nested Loop",
                                                                                                        "Parent Relationship": "Outer",
                                                                                                        "Parallel Aware": false,
                                                                                                        "Async Capable": false,
                                                                                                        "Join Type": "Inner",
                                                                                                        "Startup Cost": 12.08,
                                                                                                        "Total Cost": 2809.71,
                                                                                                        "Plan Rows": 1,
                                                                                                        "Plan Width": 28,
                                                                                                        "Actual Startup Time": 2.267,
                                                                                                        "Actual Total Time": 8.672,
                                                                                                        "Actual Rows": 761,
                                                                                                        "Actual Loops": 6,
                                                                                                        "Inner Unique": false,
                                                                                                        "Join Filter": "(t1.site_id = a1.site_id)",
                                                                                                        "Rows Removed by Join Filter": 0,
                                                                                                        "Workers": [],
                                                                                                        "Plans": [
                                                                                                            {
                                                                                                                "Node Type": "Nested Loop",
                                                                                                                "Parent Relationship": "Outer",
                                                                                                                "Parallel Aware": false,
                                                                                                                "Async Capable": false,
                                                                                                                "Join Type": "Inner",
                                                                                                                "Startup Cost": 8.06,
                                                                                                                "Total Cost": 2705.04,
                                                                                                                "Plan Rows": 13,
                                                                                                                "Plan Width": 16,
                                                                                                                "Actual Startup Time": 2.265,
                                                                                                                "Actual Total Time": 4.105,
                                                                                                                "Actual Rows": 2259,
                                                                                                                "Actual Loops": 6,
                                                                                                                "Inner Unique": false,
                                                                                                                "Workers": [],
                                                                                                                "Plans": [
                                                                                                                    {
                                                                                                                        "Node Type": "Hash Join",
                                                                                                                        "Parent Relationship": "Outer",
                                                                                                                        "Parallel Aware": false,
                                                                                                                        "Async Capable": false,
                                                                                                                        "Join Type": "Inner",
                                                                                                                        "Startup Cost": 3.18,
                                                                                                                        "Total Cost": 2576.54,
                                                                                                                        "Plan Rows": 1,
                                                                                                                        "Plan Width": 12,
                                                                                                                        "Actual Startup Time": 1.896,
                                                                                                                        "Actual Total Time": 1.898,
                                                                                                                        "Actual Rows": 0,
                                                                                                                        "Actual Loops": 6,
                                                                                                                        "Inner Unique": true,
                                                                                                                        "Hash Cond": "(t1.site_id = s1.site_id)",
                                                                                                                        "Workers": [],
                                                                                                                        "Plans": [
                                                                                                                            {
                                                                                                                                "Node Type": "Seq Scan",
                                                                                                                                "Parent Relationship": "Outer",
                                                                                                                                "Parallel Aware": true,
                                                                                                                                "Async Capable": false,
                                                                                                                                "Relation Name": "tag",
                                                                                                                                "Alias": "t1",
                                                                                                                                "Startup Cost": 0.0,
                                                                                                                                "Total Cost": 2573.31,
                                                                                                                                "Plan Rows": 22,
                                                                                                                                "Plan Width": 8,
                                                                                                                                "Actual Startup Time": 0.352,
                                                                                                                                "Actual Total Time": 1.866,
                                                                                                                                "Actual Rows": 7,
                                                                                                                                "Actual Loops": 6,
                                                                                                                                "Filter": "((name)::text = 'audio'::text)",
                                                                                                                                "Rows Removed by Filter": 31122,
                                                                                                                                "Workers": []
                                                                                                                            },
                                                                                                                            {
                                                                                                                                "Node Type": "Hash",
                                                                                                                                "Parent Relationship": "Inner",
                                                                                                                                "Parallel Aware": false,
                                                                                                                                "Async Capable": false,
                                                                                                                                "Startup Cost": 3.16,
                                                                                                                                "Total Cost": 3.16,
                                                                                                                                "Plan Rows": 1,
                                                                                                                                "Plan Width": 4,
                                                                                                                                "Actual Startup Time": 0.021,
                                                                                                                                "Actual Total Time": 0.022,
                                                                                                                                "Actual Rows": 1,
                                                                                                                                "Actual Loops": 6,
                                                                                                                                "Hash Buckets": 1024,
                                                                                                                                "Original Hash Buckets": 1024,
                                                                                                                                "Hash Batches": 1,
                                                                                                                                "Original Hash Batches": 1,
                                                                                                                                "Peak Memory Usage": 9,
                                                                                                                                "Workers": [],
                                                                                                                                "Plans": [
                                                                                                                                    {
                                                                                                                                        "Node Type": "Seq Scan",
                                                                                                                                        "Parent Relationship": "Outer",
                                                                                                                                        "Parallel Aware": false,
                                                                                                                                        "Async Capable": false,
                                                                                                                                        "Relation Name": "site",
                                                                                                                                        "Alias": "s1",
                                                                                                                                        "Startup Cost": 0.0,
                                                                                                                                        "Total Cost": 3.16,
                                                                                                                                        "Plan Rows": 1,
                                                                                                                                        "Plan Width": 4,
                                                                                                                                        "Actual Startup Time": 0.016,
                                                                                                                                        "Actual Total Time": 0.017,
                                                                                                                                        "Actual Rows": 1,
                                                                                                                                        "Actual Loops": 6,
                                                                                                                                        "Filter": "((site_name)::text = 'stackoverflow'::text)",
                                                                                                                                        "Rows Removed by Filter": 172,
                                                                                                                                        "Workers": []
                                                                                                                                    }
                                                                                                                                ]
                                                                                                                            }
                                                                                                                        ]
                                                                                                                    },
                                                                                                                    {
                                                                                                                        "Node Type": "Bitmap Heap Scan",
                                                                                                                        "Parent Relationship": "Inner",
                                                                                                                        "Parallel Aware": false,
                                                                                                                        "Async Capable": false,
                                                                                                                        "Relation Name": "tag_question",
                                                                                                                        "Alias": "tq1",
                                                                                                                        "Startup Cost": 4.88,
                                                                                                                        "Total Cost": 128.19,
                                                                                                                        "Plan Rows": 31,
                                                                                                                        "Plan Width": 12,
                                                                                                                        "Actual Startup Time": 2.206,
                                                                                                                        "Actual Total Time": 12.39,
                                                                                                                        "Actual Rows": 13552,
                                                                                                                        "Actual Loops": 1,
                                                                                                                        "Recheck Cond": "((t1.site_id = site_id) AND (t1.id = tag_id))",
                                                                                                                        "Rows Removed by Index Recheck": 0,
                                                                                                                        "Exact Heap Blocks": 12920,
                                                                                                                        "Lossy Heap Blocks": 0,
                                                                                                                        "Workers": [],
                                                                                                                        "Plans": [
                                                                                                                            {
                                                                                                                                "Node Type": "Bitmap Index Scan",
                                                                                                                                "Parent Relationship": "Outer",
                                                                                                                                "Parallel Aware": false,
                                                                                                                                "Async Capable": false,
                                                                                                                                "Index Name": "tag_question_site_id_tag_id_question_id_idx",
                                                                                                                                "Startup Cost": 0.0,
                                                                                                                                "Total Cost": 4.88,
                                                                                                                                "Plan Rows": 31,
                                                                                                                                "Plan Width": 0,
                                                                                                                                "Actual Startup Time": 0.852,
                                                                                                                                "Actual Total Time": 0.852,
                                                                                                                                "Actual Rows": 13552,
                                                                                                                                "Actual Loops": 1,
                                                                                                                                "Index Cond": "((site_id = t1.site_id) AND (tag_id = t1.id))",
                                                                                                                                "Workers": []
                                                                                                                            }
                                                                                                                        ]
                                                                                                                    }
                                                                                                                ]
                                                                                                            },
                                                                                                            {
                                                                                                                "Node Type": "Bitmap Heap Scan",
                                                                                                                "Parent Relationship": "Inner",
                                                                                                                "Parallel Aware": false,
                                                                                                                "Async Capable": false,
                                                                                                                "Relation Name": "answer",
                                                                                                                "Alias": "a1",
                                                                                                                "Startup Cost": 4.02,
                                                                                                                "Total Cost": 8.04,
                                                                                                                "Plan Rows": 1,
                                                                                                                "Plan Width": 12,
                                                                                                                "Actual Startup Time": 0.002,
                                                                                                                "Actual Total Time": 0.002,
                                                                                                                "Actual Rows": 0,
                                                                                                                "Actual Loops": 13552,
                                                                                                                "Recheck Cond": "((site_id = tq1.site_id) AND (tq1.question_id = question_id))",
                                                                                                                "Rows Removed by Index Recheck": 0,
                                                                                                                "Exact Heap Blocks": 4515,
                                                                                                                "Lossy Heap Blocks": 0,
                                                                                                                "Workers": [],
                                                                                                                "Plans": [
                                                                                                                    {
                                                                                                                        "Node Type": "Bitmap Index Scan",
                                                                                                                        "Parent Relationship": "Outer",
                                                                                                                        "Parallel Aware": false,
                                                                                                                        "Async Capable": false,
                                                                                                                        "Index Name": "answer_site_id_question_id_idx",
                                                                                                                        "Startup Cost": 0.0,
                                                                                                                        "Total Cost": 4.02,
                                                                                                                        "Plan Rows": 1,
                                                                                                                        "Plan Width": 0,
                                                                                                                        "Actual Startup Time": 0.001,
                                                                                                                        "Actual Total Time": 0.001,
                                                                                                                        "Actual Rows": 0,
                                                                                                                        "Actual Loops": 13552,
                                                                                                                        "Index Cond": "((site_id = tq1.site_id) AND (question_id = tq1.question_id))",
                                                                                                                        "Workers": []
                                                                                                                    }
                                                                                                                ]
                                                                                                            }
                                                                                                        ]
                                                                                                    },
                                                                                                    {
                                                                                                        "Node Type": "Bitmap Heap Scan",
                                                                                                        "Parent Relationship": "Inner",
                                                                                                        "Parallel Aware": false,
                                                                                                        "Async Capable": false,
                                                                                                        "Relation Name": "so_user",
                                                                                                        "Alias": "u1",
                                                                                                        "Startup Cost": 4.03,
                                                                                                        "Total Cost": 8.05,
                                                                                                        "Plan Rows": 1,
                                                                                                        "Plan Width": 12,
                                                                                                        "Actual Startup Time": 0.003,
                                                                                                        "Actual Total Time": 0.003,
                                                                                                        "Actual Rows": 1,
                                                                                                        "Actual Loops": 4566,
                                                                                                        "Recheck Cond": "((id = a1.owner_user_id) AND (a1.site_id = site_id))",
                                                                                                        "Rows Removed by Index Recheck": 0,
                                                                                                        "Exact Heap Blocks": 4566,
                                                                                                        "Lossy Heap Blocks": 0,
                                                                                                        "Workers": [],
                                                                                                        "Plans": [
                                                                                                            {
                                                                                                                "Node Type": "Bitmap Index Scan",
                                                                                                                "Parent Relationship": "Outer",
                                                                                                                "Parallel Aware": false,
                                                                                                                "Async Capable": false,
                                                                                                                "Index Name": "so_user_pkey",
                                                                                                                "Startup Cost": 0.0,
                                                                                                                "Total Cost": 4.03,
                                                                                                                "Plan Rows": 1,
                                                                                                                "Plan Width": 0,
                                                                                                                "Actual Startup Time": 0.002,
                                                                                                                "Actual Total Time": 0.002,
                                                                                                                "Actual Rows": 1,
                                                                                                                "Actual Loops": 4566,
                                                                                                                "Index Cond": "((id = a1.owner_user_id) AND (site_id = a1.site_id))",
                                                                                                                "Workers": []
                                                                                                            }
                                                                                                        ]
                                                                                                    }
                                                                                                ]
                                                                                            }
                                                                                        ]
                                                                                    }
                                                                                ]
                                                                            }
                                                                        ]
                                                                    },
                                                                    {
                                                                        "Node Type": "Bitmap Heap Scan",
                                                                        "Parent Relationship": "Inner",
                                                                        "Parallel Aware": false,
                                                                        "Async Capable": false,
                                                                        "Relation Name": "question",
                                                                        "Alias": "q2",
                                                                        "Startup Cost": 4.25,
                                                                        "Total Cost": 116.37,
                                                                        "Plan Rows": 1,
                                                                        "Plan Width": 12,
                                                                        "Actual Startup Time": 0.01,
                                                                        "Actual Total Time": 0.01,
                                                                        "Actual Rows": 1,
                                                                        "Actual Loops": 2596,
                                                                        "Recheck Cond": "(u2.id = owner_user_id)",
                                                                        "Rows Removed by Index Recheck": 0,
                                                                        "Filter": "(site_id = u2.site_id)",
                                                                        "Rows Removed by Filter": 14,
                                                                        "Exact Heap Blocks": 37322,
                                                                        "Lossy Heap Blocks": 0,
                                                                        "Plans": [
                                                                            {
                                                                                "Node Type": "Bitmap Index Scan",
                                                                                "Parent Relationship": "Outer",
                                                                                "Parallel Aware": false,
                                                                                "Async Capable": false,
                                                                                "Index Name": "question_owner_user_id_idx",
                                                                                "Startup Cost": 0.0,
                                                                                "Total Cost": 4.25,
                                                                                "Plan Rows": 31,
                                                                                "Plan Width": 0,
                                                                                "Actual Startup Time": 0.002,
                                                                                "Actual Total Time": 0.002,
                                                                                "Actual Rows": 15,
                                                                                "Actual Loops": 2596,
                                                                                "Index Cond": "(owner_user_id = u2.id)"
                                                                            }
                                                                        ]
                                                                    }
                                                                ]
                                                            },
                                                            {
                                                                "Node Type": "Bitmap Heap Scan",
                                                                "Parent Relationship": "Inner",
                                                                "Parallel Aware": false,
                                                                "Async Capable": false,
                                                                "Relation Name": "question",
                                                                "Alias": "q1",
                                                                "Startup Cost": 4.03,
                                                                "Total Cost": 8.04,
                                                                "Plan Rows": 1,
                                                                "Plan Width": 8,
                                                                "Actual Startup Time": 0.002,
                                                                "Actual Total Time": 0.002,
                                                                "Actual Rows": 1,
                                                                "Actual Loops": 3285,
                                                                "Recheck Cond": "((id = tq1.question_id) AND (site_id = tq1.site_id))",
                                                                "Rows Removed by Index Recheck": 0,
                                                                "Exact Heap Blocks": 3285,
                                                                "Lossy Heap Blocks": 0,
                                                                "Plans": [
                                                                    {
                                                                        "Node Type": "Bitmap Index Scan",
                                                                        "Parent Relationship": "Outer",
                                                                        "Parallel Aware": false,
                                                                        "Async Capable": false,
                                                                        "Index Name": "question_pkey",
                                                                        "Startup Cost": 0.0,
                                                                        "Total Cost": 4.03,
                                                                        "Plan Rows": 1,
                                                                        "Plan Width": 0,
                                                                        "Actual Startup Time": 0.001,
                                                                        "Actual Total Time": 0.001,
                                                                        "Actual Rows": 1,
                                                                        "Actual Loops": 3285,
                                                                        "Index Cond": "((id = tq1.question_id) AND (site_id = tq1.site_id))"
                                                                    }
                                                                ]
                                                            }
                                                        ]
                                                    },
                                                    {
                                                        "Node Type": "Bitmap Heap Scan",
                                                        "Parent Relationship": "Inner",
                                                        "Parallel Aware": false,
                                                        "Async Capable": false,
                                                        "Relation Name": "tag_question",
                                                        "Alias": "tq2",
                                                        "Startup Cost": 4.17,
                                                        "Total Cost": 8.18,
                                                        "Plan Rows": 1,
                                                        "Plan Width": 12,
                                                        "Actual Startup Time": 0.002,
                                                        "Actual Total Time": 0.003,
                                                        "Actual Rows": 3,
                                                        "Actual Loops": 3285,
                                                        "Recheck Cond": "((q2.site_id = site_id) AND (q2.id = question_id))",
                                                        "Rows Removed by Index Recheck": 0,
                                                        "Exact Heap Blocks": 3318,
                                                        "Lossy Heap Blocks": 0,
                                                        "Plans": [
                                                            {
                                                                "Node Type": "Bitmap Index Scan",
                                                                "Parent Relationship": "Outer",
                                                                "Parallel Aware": false,
                                                                "Async Capable": false,
                                                                "Index Name": "tag_question_pkey",
                                                                "Startup Cost": 0.0,
                                                                "Total Cost": 4.17,
                                                                "Plan Rows": 1,
                                                                "Plan Width": 0,
                                                                "Actual Startup Time": 0.002,
                                                                "Actual Total Time": 0.002,
                                                                "Actual Rows": 3,
                                                                "Actual Loops": 3285,
                                                                "Index Cond": "((site_id = q2.site_id) AND (question_id = q2.id))"
                                                            }
                                                        ]
                                                    }
                                                ]
                                            },
                                            {
                                                "Node Type": "Bitmap Heap Scan",
                                                "Parent Relationship": "Inner",
                                                "Parallel Aware": false,
                                                "Async Capable": false,
                                                "Relation Name": "account",
                                                "Alias": "account",
                                                "Startup Cost": 4.03,
                                                "Total Cost": 8.04,
                                                "Plan Rows": 1,
                                                "Plan Width": 15,
                                                "Actual Startup Time": 0.002,
                                                "Actual Total Time": 0.002,
                                                "Actual Rows": 1,
                                                "Actual Loops": 185,
                                                "Recheck Cond": "(id = u1.account_id)",
                                                "Rows Removed by Index Recheck": 0,
                                                "Exact Heap Blocks": 185,
                                                "Lossy Heap Blocks": 0,
                                                "Plans": [
                                                    {
                                                        "Node Type": "Bitmap Index Scan",
                                                        "Parent Relationship": "Outer",
                                                        "Parallel Aware": false,
                                                        "Async Capable": false,
                                                        "Index Name": "account_pkey",
                                                        "Startup Cost": 0.0,
                                                        "Total Cost": 4.03,
                                                        "Plan Rows": 1,
                                                        "Plan Width": 0,
                                                        "Actual Startup Time": 0.002,
                                                        "Actual Total Time": 0.002,
                                                        "Actual Rows": 1,
                                                        "Actual Loops": 185,
                                                        "Index Cond": "(id = u1.account_id)"
                                                    }
                                                ]
                                            }
                                        ]
                                    }
                                ]
                            }
                        ]
                    },
                    "Planning Time": 51.241,
                    "Triggers": [],
                    "Execution Time": 377.959
                }
            ],
            "hints": [
                "SET enable_hashjoin TO on",
                "SET enable_indexonlyscan TO on",
                "SET enable_indexscan TO off",
                "SET enable_mergejoin TO off",
                "SET enable_nestloop TO on",
                "SET enable_seqscan TO on"
            ]
        },
        {
            "arm": 3,
            "execution_time": 7946.296,
            "plan": [
                {
                    "Plan": {
                        "Node Type": "Aggregate",
                        "Strategy": "Plain",
                        "Partial Mode": "Simple",
                        "Parallel Aware": false,
                        "Async Capable": false,
                        "Startup Cost": 5441780.4,
                        "Total Cost": 5441780.41,
                        "Plan Rows": 1,
                        "Plan Width": 8,
                        "Actual Startup Time": 6923.009,
                        "Actual Total Time": 7946.237,
                        "Actual Rows": 1,
                        "Actual Loops": 1,
                        "Plans": [
                            {
                                "Node Type": "Sort",
                                "Parent Relationship": "Outer",
                                "Parallel Aware": false,
                                "Async Capable": false,
                                "Startup Cost": 5441780.39,
                                "Total Cost": 5441780.39,
                                "Plan Rows": 1,
                                "Plan Width": 11,
                                "Actual Startup Time": 6922.988,
                                "Actual Total Time": 7946.22,
                                "Actual Rows": 185,
                                "Actual Loops": 1,
                                "Sort Key": [
                                    "account.display_name"
                                ],
                                "Sort Method": "quicksort",
                                "Sort Space Used": 28,
                                "Sort Space Type": "Memory",
                                "Plans": [
                                    {
                                        "Node Type": "Gather",
                                        "Parent Relationship": "Outer",
                                        "Parallel Aware": false,
                                        "Async Capable": false,
                                        "Startup Cost": 3745971.04,
                                        "Total Cost": 5441780.38,
                                        "Plan Rows": 1,
                                        "Plan Width": 11,
                                        "Actual Startup Time": 6433.361,
                                        "Actual Total Time": 7946.15,
                                        "Actual Rows": 185,
                                        "Actual Loops": 1,
                                        "Workers Planned": 7,
                                        "Workers Launched": 7,
                                        "Single Copy": false,
                                        "Plans": [
                                            {
                                                "Node Type": "Hash Join",
                                                "Parent Relationship": "Outer",
                                                "Parallel Aware": true,
                                                "Async Capable": false,
                                                "Join Type": "Inner",
                                                "Startup Cost": 3744971.04,
                                                "Total Cost": 5440780.28,
                                                "Plan Rows": 1,
                                                "Plan Width": 11,
                                                "Actual Startup Time": 6430.492,
                                                "Actual Total Time": 6917.185,
                                                "Actual Rows": 23,
                                                "Actual Loops": 8,
                                                "Inner Unique": false,
                                                "Hash Cond": "((t2.site_id = u2.site_id) AND (q2.owner_user_id = u2.id))",
                                                "Workers": [],
                                                "Plans": [
                                                    {
                                                        "Node Type": "Hash Join",
                                                        "Parent Relationship": "Outer",
                                                        "Parallel Aware": true,
                                                        "Async Capable": false,
                                                        "Join Type": "Inner",
                                                        "Startup Cost": 295798.84,
                                                        "Total Cost": 1991608.06,
                                                        "Plan Rows": 1,
                                                        "Plan Width": 20,
                                                        "Actual Startup Time": 515.142,
                                                        "Actual Total Time": 1002.013,
                                                        "Actual Rows": 1535,
                                                        "Actual Loops": 8,
                                                        "Inner Unique": false,
                                                        "Hash Cond": "((q2.site_id = t2.site_id) AND (q2.id = tq2.question_id))",
                                                        "Workers": [],
                                                        "Plans": [
                                                            {
                                                                "Node Type": "Seq Scan",
                                                                "Parent Relationship": "Outer",
                                                                "Parallel Aware": true,
                                                                "Async Capable": false,
                                                                "Relation Name": "question",
                                                                "Alias": "q2",
                                                                "Startup Cost": 0.0,
                                                                "Total Cost": 1682252.12,
                                                                "Plan Rows": 1807612,
                                                                "Plan Width": 12,
                                                                "Actual Startup Time": 0.015,
                                                                "Actual Total Time": 388.32,
                                                                "Actual Rows": 1583305,
                                                                "Actual Loops": 8,
                                                                "Workers": []
                                                            },
                                                            {
                                                                "Node Type": "Hash",
                                                                "Parent Relationship": "Inner",
                                                                "Parallel Aware": true,
                                                                "Async Capable": false,
                                                                "Startup Cost": 295798.82,
                                                                "Total Cost": 295798.82,
                                                                "Plan Rows": 1,
                                                                "Plan Width": 16,
                                                                "Actual Startup Time": 482.242,
                                                                "Actual Total Time": 482.246,
                                                                "Actual Rows": 1535,
                                                                "Actual Loops": 8,
                                                                "Hash Buckets": 16384,
                                                                "Original Hash Buckets": 1024,
                                                                "Hash Batches": 1,
                                                                "Original Hash Batches": 1,
                                                                "Peak Memory Usage": 984,
                                                                "Workers": [],
                                                                "Plans": [
                                                                    {
                                                                        "Node Type": "Hash Join",
                                                                        "Parent Relationship": "Outer",
                                                                        "Parallel Aware": true,
                                                                        "Async Capable": false,
                                                                        "Join Type": "Inner",
                                                                        "Startup Cost": 2576.92,
                                                                        "Total Cost": 295798.82,
                                                                        "Plan Rows": 1,
                                                                        "Plan Width": 16,
                                                                        "Actual Startup Time": 150.301,
                                                                        "Actual Total Time": 354.975,
                                                                        "Actual Rows": 1535,
                                                                        "Actual Loops": 8,
                                                                        "Inner Unique": true,
                                                                        "Hash Cond": "((s2.site_id = t2.site_id) AND (tq2.tag_id = t2.id))",
                                                                        "Workers": [],
                                                                        "Plans": [
                                                                            {
                                                                                "Node Type": "Hash Join",
                                                                                "Parent Relationship": "Outer",
                                                                                "Parallel Aware": false,
                                                                                "Async Capable": false,
                                                                                "Join Type": "Inner",
                                                                                "Startup Cost": 3.18,
                                                                                "Total Cost": 293001.22,
                                                                                "Plan Rows": 42640,
                                                                                "Plan Width": 16,
                                                                                "Actual Startup Time": 149.037,
                                                                                "Actual Total Time": 350.867,
                                                                                "Actual Rows": 73588,
                                                                                "Actual Loops": 8,
                                                                                "Inner Unique": true,
                                                                                "Hash Cond": "(tq2.site_id = s2.site_id)",
                                                                                "Workers": [],
                                                                                "Plans": [
                                                                                    {
                                                                                        "Node Type": "Seq Scan",
                                                                                        "Parent Relationship": "Outer",
                                                                                        "Parallel Aware": true,
                                                                                        "Async Capable": false,
                                                                                        "Relation Name": "tag_question",
                                                                                        "Alias": "tq2",
                                                                                        "Startup Cost": 0.0,
                                                                                        "Total Cost": 273159.66,
                                                                                        "Plan Rows": 7376766,
                                                                                        "Plan Width": 12,
                                                                                        "Actual Startup Time": 0.011,
                                                                                        "Actual Total Time": 187.814,
                                                                                        "Actual Rows": 4610477,
                                                                                        "Actual Loops": 8,
                                                                                        "Workers": []
                                                                                    },
                                                                                    {
                                                                                        "Node Type": "Hash",
                                                                                        "Parent Relationship": "Inner",
                                                                                        "Parallel Aware": false,
                                                                                        "Async Capable": false,
                                                                                        "Startup Cost": 3.16,
                                                                                        "Total Cost": 3.16,
                                                                                        "Plan Rows": 1,
                                                                                        "Plan Width": 4,
                                                                                        "Actual Startup Time": 0.012,
                                                                                        "Actual Total Time": 0.012,
                                                                                        "Actual Rows": 1,
                                                                                        "Actual Loops": 8,
                                                                                        "Hash Buckets": 1024,
                                                                                        "Original Hash Buckets": 1024,
                                                                                        "Hash Batches": 1,
                                                                                        "Original Hash Batches": 1,
                                                                                        "Peak Memory Usage": 9,
                                                                                        "Workers": [],
                                                                                        "Plans": [
                                                                                            {
                                                                                                "Node Type": "Seq Scan",
                                                                                                "Parent Relationship": "Outer",
                                                                                                "Parallel Aware": false,
                                                                                                "Async Capable": false,
                                                                                                "Relation Name": "site",
                                                                                                "Alias": "s2",
                                                                                                "Startup Cost": 0.0,
                                                                                                "Total Cost": 3.16,
                                                                                                "Plan Rows": 1,
                                                                                                "Plan Width": 4,
                                                                                                "Actual Startup Time": 0.009,
                                                                                                "Actual Total Time": 0.011,
                                                                                                "Actual Rows": 1,
                                                                                                "Actual Loops": 8,
                                                                                                "Filter": "((site_name)::text = 'superuser'::text)",
                                                                                                "Rows Removed by Filter": 172,
                                                                                                "Workers": []
                                                                                            }
                                                                                        ]
                                                                                    }
                                                                                ]
                                                                            },
                                                                            {
                                                                                "Node Type": "Hash",
                                                                                "Parent Relationship": "Inner",
                                                                                "Parallel Aware": true,
                                                                                "Async Capable": false,
                                                                                "Startup Cost": 2573.31,
                                                                                "Total Cost": 2573.31,
                                                                                "Plan Rows": 29,
                                                                                "Plan Width": 8,
                                                                                "Actual Startup Time": 1.154,
                                                                                "Actual Total Time": 1.155,
                                                                                "Actual Rows": 4,
                                                                                "Actual Loops": 8,
                                                                                "Hash Buckets": 1024,
                                                                                "Original Hash Buckets": 1024,
                                                                                "Hash Batches": 1,
                                                                                "Original Hash Batches": 1,
                                                                                "Peak Memory Usage": 264,
                                                                                "Workers": [],
                                                                                "Plans": [
                                                                                    {
                                                                                        "Node Type": "Seq Scan",
                                                                                        "Parent Relationship": "Outer",
                                                                                        "Parallel Aware": true,
                                                                                        "Async Capable": false,
                                                                                        "Relation Name": "tag",
                                                                                        "Alias": "t2",
                                                                                        "Startup Cost": 0.0,
                                                                                        "Total Cost": 2573.31,
                                                                                        "Plan Rows": 29,
                                                                                        "Plan Width": 8,
                                                                                        "Actual Startup Time": 0.125,
                                                                                        "Actual Total Time": 1.122,
                                                                                        "Actual Rows": 4,
                                                                                        "Actual Loops": 8,
                                                                                        "Filter": "((name)::text = 'networking'::text)",
                                                                                        "Rows Removed by Filter": 23342,
                                                                                        "Workers": []
                                                                                    }
                                                                                ]
                                                                            }
                                                                        ]
                                                                    }
                                                                ]
                                                            }
                                                        ]
                                                    },
                                                    {
                                                        "Node Type": "Hash",
                                                        "Parent Relationship": "Inner",
                                                        "Parallel Aware": true,
                                                        "Async Capable": false,
                                                        "Startup Cost": 3449172.19,
                                                        "Total Cost": 3449172.19,
                                                        "Plan Rows": 1,
                                                        "Plan Width": 19,
                                                        "Actual Startup Time": 5914.473,
                                                        "Actual Total Time": 5914.488,
                                                        "Actual Rows": 7843,
                                                        "Actual Loops": 8,
                                                        "Hash Buckets": 65536,
                                                        "Original Hash Buckets": 1024,
                                                        "Hash Batches": 1,
                                                        "Original Hash Batches": 1,
                                                        "Peak Memory Usage": 4440,
                                                        "Workers": [],
                                                        "Plans": [
                                                            {
                                                                "Node Type": "Hash Join",
                                                                "Parent Relationship": "Outer",
                                                                "Parallel Aware": true,
                                                                "Async Capable": false,
                                                                "Join Type": "Inner",
                                                                "Startup Cost": 3193959.53,
                                                                "Total Cost": 3449172.19,
                                                                "Plan Rows": 1,
                                                                "Plan Width": 19,
                                                                "Actual Startup Time": 5495.547,
                                                                "Actual Total Time": 5856.344,
                                                                "Actual Rows": 7843,
                                                                "Actual Loops": 8,
                                                                "Inner Unique": false,
                                                                "Hash Cond": "(u2.account_id = u1.account_id)",
                                                                "Workers": [],
                                                                "Plans": [
                                                                    {
                                                                        "Node Type": "Seq Scan",
                                                                        "Parent Relationship": "Outer",
                                                                        "Parallel Aware": true,
                                                                        "Async Capable": false,
                                                                        "Relation Name": "so_user",
                                                                        "Alias": "u2",
                                                                        "Startup Cost": 0.0,
                                                                        "Total Cost": 239391.02,
                                                                        "Plan Rows": 4219102,
                                                                        "Plan Width": 12,
                                                                        "Actual Startup Time": 0.007,
                                                                        "Actual Total Time": 117.865,
                                                                        "Actual Rows": 2637163,
                                                                        "Actual Loops": 8,
                                                                        "Workers": []
                                                                    },
                                                                    {
                                                                        "Node Type": "Hash",
                                                                        "Parent Relationship": "Inner",
                                                                        "Parallel Aware": true,
                                                                        "Async Capable": false,
                                                                        "Startup Cost": 3193959.51,
                                                                        "Total Cost": 3193959.51,
                                                                        "Plan Rows": 1,
                                                                        "Plan Width": 19,
                                                                        "Actual Startup Time": 5495.336,
                                                                        "Actual Total Time": 5495.35,
                                                                        "Actual Rows": 571,
                                                                        "Actual Loops": 8,
                                                                        "Hash Buckets": 1024,
                                                                        "Original Hash Buckets": 1024,
                                                                        "Hash Batches": 1,
                                                                        "Original Hash Batches": 1,
                                                                        "Peak Memory Usage": 296,
                                                                        "Workers": [],
                                                                        "Plans": [
                                                                            {
                                                                                "Node Type": "Hash Join",
                                                                                "Parent Relationship": "Outer",
                                                                                "Parallel Aware": true,
                                                                                "Async Capable": false,
                                                                                "Join Type": "Inner",
                                                                                "Startup Cost": 3041504.71,
                                                                                "Total Cost": 3193959.51,
                                                                                "Plan Rows": 1,
                                                                                "Plan Width": 19,
                                                                                "Actual Startup Time": 5262.526,
                                                                                "Actual Total Time": 5495.209,
                                                                                "Actual Rows": 571,
                                                                                "Actual Loops": 8,
                                                                                "Inner Unique": false,
                                                                                "Hash Cond": "(account.id = u1.account_id)",
                                                                                "Workers": [],
                                                                                "Plans": [
                                                                                    {
                                                                                        "Node Type": "Seq Scan",
                                                                                        "Parent Relationship": "Outer",
                                                                                        "Parallel Aware": true,
                                                                                        "Async Capable": false,
                                                                                        "Relation Name": "account",
                                                                                        "Alias": "account",
                                                                                        "Startup Cost": 0.0,
                                                                                        "Total Cost": 142069.67,
                                                                                        "Plan Rows": 2769367,
                                                                                        "Plan Width": 15,
                                                                                        "Actual Startup Time": 0.016,
                                                                                        "Actual Total Time": 92.211,
                                                                                        "Actual Rows": 1734019,
                                                                                        "Actual Loops": 8,
                                                                                        "Workers": []
                                                                                    },
                                                                                    {
                                                                                        "Node Type": "Hash",
                                                                                        "Parent Relationship": "Inner",
                                                                                        "Parallel Aware": true,
                                                                                        "Async Capable": false,
                                                                                        "Startup Cost": 3041504.7,
                                                                                        "Total Cost": 3041504.7,
                                                                                        "Plan Rows": 1,
                                                                                        "Plan Width": 4,
                                                                                        "Actual Startup Time": 5260.534,
                                                                                        "Actual Total Time": 5260.546,
                                                                                        "Actual Rows": 571,
                                                                                        "Actual Loops": 8,
                                                                                        "Hash Buckets": 1024,
                                                                                        "Original Hash Buckets": 1024,
                                                                                        "Hash Batches": 1,
                                                                                        "Original Hash Batches": 1,
                                                                                        "Peak Memory Usage": 264,
                                                                                        "Workers": [],
                                                                                        "Plans": [
                                                                                            {
                                                                                                "Node Type": "Hash Join",
                                                                                                "Parent Relationship": "Outer",
                                                                                                "Parallel Aware": true,
                                                                                                "Async Capable": false,
                                                                                                "Join Type": "Inner",
                                                                                                "Startup Cost": 2770470.41,
                                                                                                "Total Cost": 3041504.7,
                                                                                                "Plan Rows": 1,
                                                                                                "Plan Width": 4,
                                                                                                "Actual Startup Time": 5029.265,
                                                                                                "Actual Total Time": 5260.434,
                                                                                                "Actual Rows": 571,
                                                                                                "Actual Loops": 8,
                                                                                                "Inner Unique": false,
                                                                                                "Hash Cond": "((u1.site_id = t1.site_id) AND (u1.id = a1.owner_user_id))",
                                                                                                "Workers": [],
                                                                                                "Plans": [
                                                                                                    {
                                                                                                        "Node Type": "Seq Scan",
                                                                                                        "Parent Relationship": "Outer",
                                                                                                        "Parallel Aware": true,
                                                                                                        "Async Capable": false,
                                                                                                        "Relation Name": "so_user",
                                                                                                        "Alias": "u1",
                                                                                                        "Startup Cost": 0.0,
                                                                                                        "Total Cost": 239391.02,
                                                                                                        "Plan Rows": 4219102,
                                                                                                        "Plan Width": 12,
                                                                                                        "Actual Startup Time": 0.015,
                                                                                                        "Actual Total Time": 116.795,
                                                                                                        "Actual Rows": 2637163,
                                                                                                        "Actual Loops": 8,
                                                                                                        "Workers": []
                                                                                                    },
                                                                                                    {
                                                                                                        "Node Type": "Hash",
                                                                                                        "Parent Relationship": "Inner",
                                                                                                        "Parallel Aware": true,
                                                                                                        "Async Capable": false,
                                                                                                        "Startup Cost": 2770470.39,
                                                                                                        "Total Cost": 2770470.39,
                                                                                                        "Plan Rows": 1,
                                                                                                        "Plan Width": 24,
                                                                                                        "Actual Startup Time": 5001.413,
                                                                                                        "Actual Total Time": 5001.424,
                                                                                                        "Actual Rows": 571,
                                                                                                        "Actual Loops": 8,
                                                                                                        "Hash Buckets": 8192,
                                                                                                        "Original Hash Buckets": 1024,
                                                                                                        "Hash Batches": 1,
                                                                                                        "Original Hash Batches": 1,
                                                                                                        "Peak Memory Usage": 472,
                                                                                                        "Workers": [],
                                                                                                        "Plans": [
                                                                                                            {
                                                                                                                "Node Type": "Hash Join",
                                                                                                                "Parent Relationship": "Outer",
                                                                                                                "Parallel Aware": true,
                                                                                                                "Async Capable": false,
                                                                                                                "Join Type": "Inner",
                                                                                                                "Startup Cost": 1074661.17,
                                                                                                                "Total Cost": 2770470.39,
                                                                                                                "Plan Rows": 1,
                                                                                                                "Plan Width": 24,
                                                                                                                "Actual Startup Time": 4471.636,
                                                                                                                "Actual Total Time": 4953.872,
                                                                                                                "Actual Rows": 571,
                                                                                                                "Actual Loops": 8,
                                                                                                                "Inner Unique": false,
                                                                                                                "Hash Cond": "((q1.site_id = t1.site_id) AND (q1.id = tq1.question_id))",
                                                                                                                "Workers": [],
                                                                                                                "Plans": [
                                                                                                                    {
                                                                                                                        "Node Type": "Seq Scan",
                                                                                                                        "Parent Relationship": "Outer",
                                                                                                                        "Parallel Aware": true,
                                                                                                                        "Async Capable": false,
                                                                                                                        "Relation Name": "question",
                                                                                                                        "Alias": "q1",
                                                                                                                        "Startup Cost": 0.0,
                                                                                                                        "Total Cost": 1682252.12,
                                                                                                                        "Plan Rows": 1807612,
                                                                                                                        "Plan Width": 8,
                                                                                                                        "Actual Startup Time": 0.021,
                                                                                                                        "Actual Total Time": 396.051,
                                                                                                                        "Actual Rows": 1583305,
                                                                                                                        "Actual Loops": 8,
                                                                                                                        "Workers": []
                                                                                                                    },
                                                                                                                    {
                                                                                                                        "Node Type": "Hash",
                                                                                                                        "Parent Relationship": "Inner",
                                                                                                                        "Parallel Aware": true,
                                                                                                                        "Async Capable": false,
                                                                                                                        "Startup Cost": 1074661.15,
                                                                                                                        "Total Cost": 1074661.15,
                                                                                                                        "Plan Rows": 1,
                                                                                                                        "Plan Width": 28,
                                                                                                                        "Actual Startup Time": 4442.75,
                                                                                                                        "Actual Total Time": 4442.759,
                                                                                                                        "Actual Rows": 571,
                                                                                                                        "Actual Loops": 8,
                                                                                                                        "Hash Buckets": 8192,
                                                                                                                        "Original Hash Buckets": 1024,
                                                                                                                        "Hash Batches": 1,
                                                                                                                        "Original Hash Batches": 1,
                                                                                                                        "Peak Memory Usage": 632,
                                                                                                                        "Workers": [],
                                                                                                                        "Plans": [
                                                                                                                            {
                                                                                                                                "Node Type": "Hash Join",
                                                                                                                                "Parent Relationship": "Outer",
                                                                                                                                "Parallel Aware": true,
                                                                                                                                "Async Capable": false,
                                                                                                                                "Join Type": "Inner",
                                                                                                                                "Startup Cost": 296214.46,
                                                                                                                                "Total Cost": 1074661.15,
                                                                                                                                "Plan Rows": 1,
                                                                                                                                "Plan Width": 28,
                                                                                                                                "Actual Startup Time": 3687.354,
                                                                                                                                "Actual Total Time": 4314.967,
                                                                                                                                "Actual Rows": 571,
                                                                                                                                "Actual Loops": 8,
                                                                                                                                "Inner Unique": true,
                                                                                                                                "Hash Cond": "((s1.site_id = t1.site_id) AND (tq1.tag_id = t1.id))",
                                                                                                                                "Workers": [],
                                                                                                                                "Plans": [
                                                                                                                                    {
                                                                                                                                        "Node Type": "Hash Join",
                                                                                                                                        "Parent Relationship": "Outer",
                                                                                                                                        "Parallel Aware": true,
                                                                                                                                        "Async Capable": false,
                                                                                                                                        "Join Type": "Inner",
                                                                                                                                        "Startup Cost": 293640.82,
                                                                                                                                        "Total Cost": 1072084.37,
                                                                                                                                        "Plan Rows": 599,
                                                                                                                                        "Plan Width": 28,
                                                                                                                                        "Actual Startup Time": 3685.2,
                                                                                                                                        "Actual Total Time": 4246.641,
                                                                                                                                        "Actual Rows": 1653874,
                                                                                                                                        "Actual Loops": 8,
                                                                                                                                        "Inner Unique": false,
                                                                                                                                        "Hash Cond": "((a1.site_id = s1.site_id) AND (a1.question_id = tq1.question_id))",
                                                                                                                                        "Workers": [],
                                                                                                                                        "Plans": [
                                                                                                                                            {
                                                                                                                                                "Node Type": "Seq Scan",
                                                                                                                                                "Parent Relationship": "Outer",
                                                                                                                                                "Parallel Aware": true,
                                                                                                                                                "Async Capable": false,
                                                                                                                                                "Relation Name": "answer",
                                                                                                                                                "Alias": "a1",
                                                                                                                                                "Startup Cost": 0.0,
                                                                                                                                                "Total Cost": 762572.49,
                                                                                                                                                "Plan Rows": 906849,
                                                                                                                                                "Plan Width": 12,
                                                                                                                                                "Actual Startup Time": 1.394,
                                                                                                                                                "Actual Total Time": 1861.581,
                                                                                                                                                "Actual Rows": 793444,
                                                                                                                                                "Actual Loops": 8,
                                                                                                                                                "Workers": []
                                                                                                                                            },
                                                                                                                                            {
                                                                                                                                                "Node Type": "Hash",
                                                                                                                                                "Parent Relationship": "Inner",
                                                                                                                                                "Parallel Aware": true,
                                                                                                                                                "Async Capable": false,
                                                                                                                                                "Startup Cost": 293001.22,
                                                                                                                                                "Total Cost": 293001.22,
                                                                                                                                                "Plan Rows": 42640,
                                                                                                                                                "Plan Width": 16,
                                                                                                                                                "Actual Startup Time": 1250.41,
                                                                                                                                                "Actual Total Time": 1250.412,
                                                                                                                                                "Actual Rows": 3477604,
                                                                                                                                                "Actual Loops": 8,
                                                                                                                                                "Hash Buckets": 524288,
                                                                                                                                                "Original Hash Buckets": 262144,
                                                                                                                                                "Hash Batches": 128,
                                                                                                                                                "Original Hash Batches": 1,
                                                                                                                                                "Peak Memory Usage": 14528,
                                                                                                                                                "Workers": [],
                                                                                                                                                "Plans": [
                                                                                                                                                    {
                                                                                                                                                        "Node Type": "Hash Join",
                                                                                                                                                        "Parent Relationship": "Outer",
                                                                                                                                                        "Parallel Aware": false,
                                                                                                                                                        "Async Capable": false,
                                                                                                                                                        "Join Type": "Inner",
                                                                                                                                                        "Startup Cost": 3.18,
                                                                                                                                                        "Total Cost": 293001.22,
                                                                                                                                                        "Plan Rows": 42640,
                                                                                                                                                        "Plan Width": 16,
                                                                                                                                                        "Actual Startup Time": 0.067,
                                                                                                                                                        "Actual Total Time": 538.76,
                                                                                                                                                        "Actual Rows": 3477604,
                                                                                                                                                        "Actual Loops": 8,
                                                                                                                                                        "Inner Unique": true,
                                                                                                                                                        "Hash Cond": "(tq1.site_id = s1.site_id)",
                                                                                                                                                        "Workers": [],
                                                                                                                                                        "Plans": [
                                                                                                                                                            {
                                                                                                                                                                "Node Type": "Seq Scan",
                                                                                                                                                                "Parent Relationship": "Outer",
                                                                                                                                                                "Parallel Aware": true,
                                                                                                                                                                "Async Capable": false,
                                                                                                                                                                "Relation Name": "tag_question",
                                                                                                                                                                "Alias": "tq1",
                                                                                                                                                                "Startup Cost": 0.0,
                                                                                                                                                                "Total Cost": 273159.66,
                                                                                                                                                                "Plan Rows": 7376766,
                                                                                                                                                                "Plan Width": 12,
                                                                                                                                                                "Actual Startup Time": 0.026,
                                                                                                                                                                "Actual Total Time": 206.189,
                                                                                                                                                                "Actual Rows": 4610477,
                                                                                                                                                                "Actual Loops": 8,
                                                                                                                                                                "Workers": []
                                                                                                                                                            },
                                                                                                                                                            {
                                                                                                                                                                "Node Type": "Hash",
                                                                                                                                                                "Parent Relationship": "Inner",
                                                                                                                                                                "Parallel Aware": false,
                                                                                                                                                                "Async Capable": false,
                                                                                                                                                                "Startup Cost": 3.16,
                                                                                                                                                                "Total Cost": 3.16,
                                                                                                                                                                "Plan Rows": 1,
                                                                                                                                                                "Plan Width": 4,
                                                                                                                                                                "Actual Startup Time": 0.024,
                                                                                                                                                                "Actual Total Time": 0.025,
                                                                                                                                                                "Actual Rows": 1,
                                                                                                                                                                "Actual Loops": 8,
                                                                                                                                                                "Hash Buckets": 1024,
                                                                                                                                                                "Original Hash Buckets": 1024,
                                                                                                                                                                "Hash Batches": 1,
                                                                                                                                                                "Original Hash Batches": 1,
                                                                                                                                                                "Peak Memory Usage": 9,
                                                                                                                                                                "Workers": [],
                                                                                                                                                                "Plans": [
                                                                                                                                                                    {
                                                                                                                                                                        "Node Type": "Seq Scan",
                                                                                                                                                                        "Parent Relationship": "Outer",
                                                                                                                                                                        "Parallel Aware": false,
                                                                                                                                                                        "Async Capable": false,
                                                                                                                                                                        "Relation Name": "site",
                                                                                                                                                                        "Alias": "s1",
                                                                                                                                                                        "Startup Cost": 0.0,
                                                                                                                                                                        "Total Cost": 3.16,
                                                                                                                                                                        "Plan Rows": 1,
                                                                                                                                                                        "Plan Width": 4,
                                                                                                                                                                        "Actual Startup Time": 0.021,
                                                                                                                                                                        "Actual Total Time": 0.022,
                                                                                                                                                                        "Actual Rows": 1,
                                                                                                                                                                        "Actual Loops": 8,
                                                                                                                                                                        "Filter": "((site_name)::text = 'stackoverflow'::text)",
                                                                                                                                                                        "Rows Removed by Filter": 172,
                                                                                                                                                                        "Workers": []
                                                                                                                                                                    }
                                                                                                                                                                ]
                                                                                                                                                            }
                                                                                                                                                        ]
                                                                                                                                                    }
                                                                                                                                                ]
                                                                                                                                            }
                                                                                                                                        ]
                                                                                                                                    },
                                                                                                                                    {
                                                                                                                                        "Node Type": "Hash",
                                                                                                                                        "Parent Relationship": "Inner",
                                                                                                                                        "Parallel Aware": true,
                                                                                                                                        "Async Capable": false,
                                                                                                                                        "Startup Cost": 2573.31,
                                                                                                                                        "Total Cost": 2573.31,
                                                                                                                                        "Plan Rows": 22,
                                                                                                                                        "Plan Width": 8,
                                                                                                                                        "Actual Startup Time": 1.265,
                                                                                                                                        "Actual Total Time": 1.265,
                                                                                                                                        "Actual Rows": 5,
                                                                                                                                        "Actual Loops": 8,
                                                                                                                                        "Hash Buckets": 1024,
                                                                                                                                        "Original Hash Buckets": 1024,
                                                                                                                                        "Hash Batches": 1,
                                                                                                                                        "Original Hash Batches": 1,
                                                                                                                                        "Peak Memory Usage": 232,
                                                                                                                                        "Workers": [],
                                                                                                                                        "Plans": [
                                                                                                                                            {
                                                                                                                                                "Node Type": "Seq Scan",
                                                                                                                                                "Parent Relationship": "Outer",
                                                                                                                                                "Parallel Aware": true,
                                                                                                                                                "Async Capable": false,
                                                                                                                                                "Relation Name": "tag",
                                                                                                                                                "Alias": "t1",
                                                                                                                                                "Startup Cost": 0.0,
                                                                                                                                                "Total Cost": 2573.31,
                                                                                                                                                "Plan Rows": 22,
                                                                                                                                                "Plan Width": 8,
                                                                                                                                                "Actual Startup Time": 0.441,
                                                                                                                                                "Actual Total Time": 1.418,
                                                                                                                                                "Actual Rows": 6,
                                                                                                                                                "Actual Loops": 7,
                                                                                                                                                "Filter": "((name)::text = 'audio'::text)",
                                                                                                                                                "Rows Removed by Filter": 26676,
                                                                                                                                                "Workers": []
                                                                                                                                            }
                                                                                                                                        ]
                                                                                                                                    }
                                                                                                                                ]
                                                                                                                            }
                                                                                                                        ]
                                                                                                                    }
                                                                                                                ]
                                                                                                            }
                                                                                                        ]
                                                                                                    }
                                                                                                ]
                                                                                            }
                                                                                        ]
                                                                                    }
                                                                                ]
                                                                            }
                                                                        ]
                                                                    }
                                                                ]
                                                            }
                                                        ]
                                                    }
                                                ]
                                            }
                                        ]
                                    }
                                ]
                            }
                        ]
                    },
                    "Planning Time": 52.728,
                    "Triggers": [],
                    "Execution Time": 7946.296
                }
            ],
            "hints": [
                "SET enable_hashjoin TO on",
                "SET enable_indexonlyscan TO on",
                "SET enable_indexscan TO off",
                "SET enable_mergejoin TO off",
                "SET enable_nestloop TO off",
                "SET enable_seqscan TO on"
            ]
        },
        {
            "arm": 4,
            "execution_time": 924.712,
            "plan": [
                {
                    "Plan": {
                        "Node Type": "Aggregate",
                        "Strategy": "Plain",
                        "Partial Mode": "Simple",
                        "Parallel Aware": false,
                        "Async Capable": false,
                        "Startup Cost": 27214.16,
                        "Total Cost": 27214.17,
                        "Plan Rows": 1,
                        "Plan Width": 8,
                        "Actual Startup Time": 924.433,
                        "Actual Total Time": 924.652,
                        "Actual Rows": 1,
                        "Actual Loops": 1,
                        "Plans": [
                            {
                                "Node Type": "Sort",
                                "Parent Relationship": "Outer",
                                "Parallel Aware": false,
                                "Async Capable": false,
                                "Startup Cost": 27214.15,
                                "Total Cost": 27214.16,
                                "Plan Rows": 1,
                                "Plan Width": 11,
                                "Actual Startup Time": 924.401,
                                "Actual Total Time": 924.627,
                                "Actual Rows": 185,
                                "Actual Loops": 1,
                                "Sort Key": [
                                    "account.display_name"
                                ],
                                "Sort Method": "quicksort",
                                "Sort Space Used": 28,
                                "Sort Space Type": "Memory",
                                "Plans": [
                                    {
                                        "Node Type": "Nested Loop",
                                        "Parent Relationship": "Outer",
                                        "Parallel Aware": false,
                                        "Async Capable": false,
                                        "Join Type": "Inner",
                                        "Startup Cost": 22560.39,
                                        "Total Cost": 27214.14,
                                        "Plan Rows": 1,
                                        "Plan Width": 11,
                                        "Actual Startup Time": 159.92,
                                        "Actual Total Time": 924.467,
                                        "Actual Rows": 185,
                                        "Actual Loops": 1,
                                        "Inner Unique": true,
                                        "Plans": [
                                            {
                                                "Node Type": "Gather",
                                                "Parent Relationship": "Outer",
                                                "Parallel Aware": false,
                                                "Async Capable": false,
                                                "Startup Cost": 22559.95,
                                                "Total Cost": 27206.52,
                                                "Plan Rows": 1,
                                                "Plan Width": 8,
                                                "Actual Startup Time": 159.913,
                                                "Actual Total Time": 923.485,
                                                "Actual Rows": 185,
                                                "Actual Loops": 1,
                                                "Workers Planned": 1,
                                                "Workers Launched": 1,
                                                "Single Copy": false,
                                                "Plans": [
                                                    {
                                                        "Node Type": "Hash Join",
                                                        "Parent Relationship": "Outer",
                                                        "Parallel Aware": true,
                                                        "Async Capable": false,
                                                        "Join Type": "Inner",
                                                        "Startup Cost": 21559.95,
                                                        "Total Cost": 26206.42,
                                                        "Plan Rows": 1,
                                                        "Plan Width": 8,
                                                        "Actual Startup Time": 178.002,
                                                        "Actual Total Time": 559.663,
                                                        "Actual Rows": 92,
                                                        "Actual Loops": 2,
                                                        "Inner Unique": false,
                                                        "Hash Cond": "(u2.account_id = u1.account_id)",
                                                        "Workers": [],
                                                        "Plans": [
                                                            {
                                                                "Node Type": "Nested Loop",
                                                                "Parent Relationship": "Outer",
                                                                "Parallel Aware": false,
                                                                "Async Capable": false,
                                                                "Join Type": "Inner",
                                                                "Startup Cost": 4.61,
                                                                "Total Cost": 4651.07,
                                                                "Plan Rows": 1,
                                                                "Plan Width": 4,
                                                                "Actual Startup Time": 39.394,
                                                                "Actual Total Time": 418.928,
                                                                "Actual Rows": 6140,
                                                                "Actual Loops": 2,
                                                                "Inner Unique": true,
                                                                "Join Filter": "(t2.site_id = u2.site_id)",
                                                                "Rows Removed by Join Filter": 0,
                                                                "Workers": [],
                                                                "Plans": [
                                                                    {
                                                                        "Node Type": "Nested Loop",
                                                                        "Parent Relationship": "Outer",
                                                                        "Parallel Aware": false,
                                                                        "Async Capable": false,
                                                                        "Join Type": "Inner",
                                                                        "Startup Cost": 4.17,
                                                                        "Total Cost": 4643.43,
                                                                        "Plan Rows": 1,
                                                                        "Plan Width": 20,
                                                                        "Actual Startup Time": 39.346,
                                                                        "Actual Total Time": 86.549,
                                                                        "Actual Rows": 6140,
                                                                        "Actual Loops": 2,
                                                                        "Inner Unique": true,
                                                                        "Join Filter": "(t2.site_id = q2.site_id)",
                                                                        "Rows Removed by Join Filter": 0,
                                                                        "Workers": [],
                                                                        "Plans": [
                                                                            {
                                                                                "Node Type": "Hash Join",
                                                                                "Parent Relationship": "Outer",
                                                                                "Parallel Aware": false,
                                                                                "Async Capable": false,
                                                                                "Join Type": "Inner",
                                                                                "Startup Cost": 3.74,
                                                                                "Total Cost": 4383.87,
                                                                                "Plan Rows": 34,
                                                                                "Plan Width": 16,
                                                                                "Actual Startup Time": 39.341,
                                                                                "Actual Total Time": 47.516,
                                                                                "Actual Rows": 6140,
                                                                                "Actual Loops": 2,
                                                                                "Inner Unique": true,
                                                                                "Hash Cond": "(t2.site_id = s2.site_id)",
                                                                                "Workers": [],
                                                                                "Plans": [
                                                                                    {
                                                                                        "Node Type": "Nested Loop",
                                                                                        "Parent Relationship": "Outer",
                                                                                        "Parallel Aware": false,
                                                                                        "Async Capable": false,
                                                                                        "Join Type": "Inner",
                                                                                        "Startup Cost": 0.56,
                                                                                        "Total Cost": 4365.07,
                                                                                        "Plan Rows": 5808,
                                                                                        "Plan Width": 12,
                                                                                        "Actual Startup Time": 0.96,
                                                                                        "Actual Total Time": 45.184,
                                                                                        "Actual Rows": 23054,
                                                                                        "Actual Loops": 2,
                                                                                        "Inner Unique": false,
                                                                                        "Workers": [],
                                                                                        "Plans": [
                                                                                            {
                                                                                                "Node Type": "Seq Scan",
                                                                                                "Parent Relationship": "Outer",
                                                                                                "Parallel Aware": true,
                                                                                                "Async Capable": false,
                                                                                                "Relation Name": "tag",
                                                                                                "Alias": "t2",
                                                                                                "Startup Cost": 0.0,
                                                                                                "Total Cost": 2573.31,
                                                                                                "Plan Rows": 29,
                                                                                                "Plan Width": 8,
                                                                                                "Actual Startup Time": 0.036,
                                                                                                "Actual Total Time": 4.178,
                                                                                                "Actual Rows": 17,
                                                                                                "Actual Loops": 2,
                                                                                                "Filter": "((name)::text = 'networking'::text)",
                                                                                                "Rows Removed by Filter": 93368,
                                                                                                "Workers": []
                                                                                            },
                                                                                            {
                                                                                                "Node Type": "Index Only Scan",
                                                                                                "Parent Relationship": "Inner",
                                                                                                "Parallel Aware": false,
                                                                                                "Async Capable": false,
                                                                                                "Scan Direction": "Forward",
                                                                                                "Index Name": "tag_question_site_id_tag_id_question_id_idx",
                                                                                                "Relation Name": "tag_question",
                                                                                                "Alias": "tq2",
                                                                                                "Startup Cost": 0.56,
                                                                                                "Total Cost": 61.47,
                                                                                                "Plan Rows": 31,
                                                                                                "Plan Width": 12,
                                                                                                "Actual Startup Time": 0.223,
                                                                                                "Actual Total Time": 2.304,
                                                                                                "Actual Rows": 1356,
                                                                                                "Actual Loops": 34,
                                                                                                "Index Cond": "((site_id = t2.site_id) AND (tag_id = t2.id))",
                                                                                                "Rows Removed by Index Recheck": 0,
                                                                                                "Heap Fetches": 46108,
                                                                                                "Workers": []
                                                                                            }
                                                                                        ]
                                                                                    },
                                                                                    {
                                                                                        "Node Type": "Hash",
                                                                                        "Parent Relationship": "Inner",
                                                                                        "Parallel Aware": false,
                                                                                        "Async Capable": false,
                                                                                        "Startup Cost": 3.16,
                                                                                        "Total Cost": 3.16,
                                                                                        "Plan Rows": 1,
                                                                                        "Plan Width": 4,
                                                                                        "Actual Startup Time": 0.015,
                                                                                        "Actual Total Time": 0.015,
                                                                                        "Actual Rows": 1,
                                                                                        "Actual Loops": 2,
                                                                                        "Hash Buckets": 1024,
                                                                                        "Original Hash Buckets": 1024,
                                                                                        "Hash Batches": 1,
                                                                                        "Original Hash Batches": 1,
                                                                                        "Peak Memory Usage": 9,
                                                                                        "Workers": [],
                                                                                        "Plans": [
                                                                                            {
                                                                                                "Node Type": "Seq Scan",
                                                                                                "Parent Relationship": "Outer",
                                                                                                "Parallel Aware": false,
                                                                                                "Async Capable": false,
                                                                                                "Relation Name": "site",
                                                                                                "Alias": "s2",
                                                                                                "Startup Cost": 0.0,
                                                                                                "Total Cost": 3.16,
                                                                                                "Plan Rows": 1,
                                                                                                "Plan Width": 4,
                                                                                                "Actual Startup Time": 0.01,
                                                                                                "Actual Total Time": 0.011,
                                                                                                "Actual Rows": 1,
                                                                                                "Actual Loops": 2,
                                                                                                "Filter": "((site_name)::text = 'superuser'::text)",
                                                                                                "Rows Removed by Filter": 172,
                                                                                                "Workers": []
                                                                                            }
                                                                                        ]
                                                                                    }
                                                                                ]
                                                                            },
                                                                            {
                                                                                "Node Type": "Index Scan",
                                                                                "Parent Relationship": "Inner",
                                                                                "Parallel Aware": false,
                                                                                "Async Capable": false,
                                                                                "Scan Direction": "Forward",
                                                                                "Index Name": "question_pkey",
                                                                                "Relation Name": "question",
                                                                                "Alias": "q2",
                                                                                "Startup Cost": 0.43,
                                                                                "Total Cost": 7.62,
                                                                                "Plan Rows": 1,
                                                                                "Plan Width": 12,
                                                                                "Actual Startup Time": 0.006,
                                                                                "Actual Total Time": 0.006,
                                                                                "Actual Rows": 1,
                                                                                "Actual Loops": 12281,
                                                                                "Index Cond": "((id = tq2.question_id) AND (site_id = tq2.site_id))",
                                                                                "Rows Removed by Index Recheck": 0,
                                                                                "Workers": []
                                                                            }
                                                                        ]
                                                                    },
                                                                    {
                                                                        "Node Type": "Index Scan",
                                                                        "Parent Relationship": "Inner",
                                                                        "Parallel Aware": false,
                                                                        "Async Capable": false,
                                                                        "Scan Direction": "Forward",
                                                                        "Index Name": "so_user_pkey",
                                                                        "Relation Name": "so_user",
                                                                        "Alias": "u2",
                                                                        "Startup Cost": 0.44,
                                                                        "Total Cost": 7.63,
                                                                        "Plan Rows": 1,
                                                                        "Plan Width": 12,
                                                                        "Actual Startup Time": 0.054,
                                                                        "Actual Total Time": 0.054,
                                                                        "Actual Rows": 1,
                                                                        "Actual Loops": 12281,
                                                                        "Index Cond": "((id = q2.owner_user_id) AND (site_id = q2.site_id))",
                                                                        "Rows Removed by Index Recheck": 0,
                                                                        "Workers": []
                                                                    }
                                                                ]
                                                            },
                                                            {
                                                                "Node Type": "Hash",
                                                                "Parent Relationship": "Inner",
                                                                "Parallel Aware": true,
                                                                "Async Capable": false,
                                                                "Startup Cost": 21555.33,
                                                                "Total Cost": 21555.33,
                                                                "Plan Rows": 1,
                                                                "Plan Width": 4,
                                                                "Actual Startup Time": 138.353,
                                                                "Actual Total Time": 138.358,
                                                                "Actual Rows": 2283,
                                                                "Actual Loops": 2,
                                                                "Hash Buckets": 4096,
                                                                "Original Hash Buckets": 1024,
                                                                "Hash Batches": 1,
                                                                "Original Hash Batches": 1,
                                                                "Peak Memory Usage": 248,
                                                                "Workers": [],
                                                                "Plans": [
                                                                    {
                                                                        "Node Type": "Nested Loop",
                                                                        "Parent Relationship": "Outer",
                                                                        "Parallel Aware": false,
                                                                        "Async Capable": false,
                                                                        "Join Type": "Inner",
                                                                        "Startup Cost": 5.04,
                                                                        "Total Cost": 21555.33,
                                                                        "Plan Rows": 1,
                                                                        "Plan Width": 4,
                                                                        "Actual Startup Time": 27.84,
                                                                        "Actual Total Time": 86.746,
                                                                        "Actual Rows": 2283,
                                                                        "Actual Loops": 2,
                                                                        "Inner Unique": true,
                                                                        "Join Filter": "(t1.site_id = u1.site_id)",
                                                                        "Rows Removed by Join Filter": 0,
                                                                        "Workers": [],
                                                                        "Plans": [
                                                                            {
                                                                                "Node Type": "Nested Loop",
                                                                                "Parent Relationship": "Outer",
                                                                                "Parallel Aware": false,
                                                                                "Async Capable": false,
                                                                                "Join Type": "Inner",
                                                                                "Startup Cost": 4.61,
                                                                                "Total Cost": 21547.68,
                                                                                "Plan Rows": 1,
                                                                                "Plan Width": 24,
                                                                                "Actual Startup Time": 27.828,
                                                                                "Actual Total Time": 76.003,
                                                                                "Actual Rows": 2283,
                                                                                "Actual Loops": 2,
                                                                                "Inner Unique": false,
                                                                                "Join Filter": "(t1.site_id = a1.site_id)",
                                                                                "Rows Removed by Join Filter": 0,
                                                                                "Workers": [],
                                                                                "Plans": [
                                                                                    {
                                                                                        "Node Type": "Hash Join",
                                                                                        "Parent Relationship": "Outer",
                                                                                        "Parallel Aware": false,
                                                                                        "Async Capable": false,
                                                                                        "Join Type": "Inner",
                                                                                        "Startup Cost": 4.17,
                                                                                        "Total Cost": 21356.99,
                                                                                        "Plan Rows": 25,
                                                                                        "Plan Width": 24,
                                                                                        "Actual Startup Time": 27.81,
                                                                                        "Actual Total Time": 58.092,
                                                                                        "Actual Rows": 6776,
                                                                                        "Actual Loops": 2,
                                                                                        "Inner Unique": true,
                                                                                        "Hash Cond": "(t1.site_id = s1.site_id)",
                                                                                        "Workers": [],
                                                                                        "Plans": [
                                                                                            {
                                                                                                "Node Type": "Nested Loop",
                                                                                                "Parent Relationship": "Outer",
                                                                                                "Parallel Aware": false,
                                                                                                "Async Capable": false,
                                                                                                "Join Type": "Inner",
                                                                                                "Startup Cost": 1.0,
                                                                                                "Total Cost": 21342.26,
                                                                                                "Plan Rows": 4298,
                                                                                                "Plan Width": 20,
                                                                                                "Actual Startup Time": 2.083,
                                                                                                "Actual Total Time": 57.183,
                                                                                                "Actual Rows": 10637,
                                                                                                "Actual Loops": 2,
                                                                                                "Inner Unique": true,
                                                                                                "Join Filter": "(t1.site_id = q1.site_id)",
                                                                                                "Rows Removed by Join Filter": 0,
                                                                                                "Workers": [],
                                                                                                "Plans": [
                                                                                                    {
                                                                                                        "Node Type": "Nested Loop",
                                                                                                        "Parent Relationship": "Outer",
                                                                                                        "Parallel Aware": false,
                                                                                                        "Async Capable": false,
                                                                                                        "Join Type": "Inner",
                                                                                                        "Startup Cost": 0.56,
                                                                                                        "Total Cost": 3934.08,
                                                                                                        "Plan Rows": 4298,
                                                                                                        "Plan Width": 12,
                                                                                                        "Actual Startup Time": 2.058,
                                                                                                        "Actual Total Time": 29.313,
                                                                                                        "Actual Rows": 10637,
                                                                                                        "Actual Loops": 2,
                                                                                                        "Inner Unique": false,
                                                                                                        "Workers": [],
                                                                                                        "Plans": [
                                                                                                            {
                                                                                                                "Node Type": "Seq Scan",
                                                                                                                "Parent Relationship": "Outer",
                                                                                                                "Parallel Aware": true,
                                                                                                                "Async Capable": false,
                                                                                                                "Relation Name": "tag",
                                                                                                                "Alias": "t1",
                                                                                                                "Startup Cost": 0.0,
                                                                                                                "Total Cost": 2573.31,
                                                                                                                "Plan Rows": 22,
                                                                                                                "Plan Width": 8,
                                                                                                                "Actual Startup Time": 0.112,
                                                                                                                "Actual Total Time": 4.036,
                                                                                                                "Actual Rows": 20,
                                                                                                                "Actual Loops": 2,
                                                                                                                "Filter": "((name)::text = 'audio'::text)",
                                                                                                                "Rows Removed by Filter": 93364,
                                                                                                                "Workers": []
                                                                                                            },
                                                                                                            {
                                                                                                                "Node Type": "Index Only Scan",
                                                                                                                "Parent Relationship": "Inner",
                                                                                                                "Parallel Aware": false,
                                                                                                                "Async Capable": false,
                                                                                                                "Scan Direction": "Forward",
                                                                                                                "Index Name": "tag_question_site_id_tag_id_question_id_idx",
                                                                                                                "Relation Name": "tag_question",
                                                                                                                "Alias": "tq1",
                                                                                                                "Startup Cost": 0.56,
                                                                                                                "Total Cost": 61.54,
                                                                                                                "Plan Rows": 31,
                                                                                                                "Plan Width": 12,
                                                                                                                "Actual Startup Time": 0.321,
                                                                                                                "Actual Total Time": 1.201,
                                                                                                                "Actual Rows": 519,
                                                                                                                "Actual Loops": 41,
                                                                                                                "Index Cond": "((site_id = t1.site_id) AND (tag_id = t1.id))",
                                                                                                                "Rows Removed by Index Recheck": 0,
                                                                                                                "Heap Fetches": 21274,
                                                                                                                "Workers": []
                                                                                                            }
                                                                                                        ]
                                                                                                    },
                                                                                                    {
                                                                                                        "Node Type": "Index Only Scan",
                                                                                                        "Parent Relationship": "Inner",
                                                                                                        "Parallel Aware": false,
                                                                                                        "Async Capable": false,
                                                                                                        "Scan Direction": "Forward",
                                                                                                        "Index Name": "question_pkey",
                                                                                                        "Relation Name": "question",
                                                                                                        "Alias": "q1",
                                                                                                        "Startup Cost": 0.43,
                                                                                                        "Total Cost": 4.04,
                                                                                                        "Plan Rows": 1,
                                                                                                        "Plan Width": 8,
                                                                                                        "Actual Startup Time": 0.002,
                                                                                                        "Actual Total Time": 0.002,
                                                                                                        "Actual Rows": 1,
                                                                                                        "Actual Loops": 21274,
                                                                                                        "Index Cond": "((id = tq1.question_id) AND (site_id = tq1.site_id))",
                                                                                                        "Rows Removed by Index Recheck": 0,
                                                                                                        "Heap Fetches": 0,
                                                                                                        "Workers": []
                                                                                                    }
                                                                                                ]
                                                                                            },
                                                                                            {
                                                                                                "Node Type": "Hash",
                                                                                                "Parent Relationship": "Inner",
                                                                                                "Parallel Aware": false,
                                                                                                "Async Capable": false,
                                                                                                "Startup Cost": 3.16,
                                                                                                "Total Cost": 3.16,
                                                                                                "Plan Rows": 1,
                                                                                                "Plan Width": 4,
                                                                                                "Actual Startup Time": 0.012,
                                                                                                "Actual Total Time": 0.013,
                                                                                                "Actual Rows": 1,
                                                                                                "Actual Loops": 2,
                                                                                                "Hash Buckets": 1024,
                                                                                                "Original Hash Buckets": 1024,
                                                                                                "Hash Batches": 1,
                                                                                                "Original Hash Batches": 1,
                                                                                                "Peak Memory Usage": 9,
                                                                                                "Workers": [],
                                                                                                "Plans": [
                                                                                                    {
                                                                                                        "Node Type": "Seq Scan",
                                                                                                        "Parent Relationship": "Outer",
                                                                                                        "Parallel Aware": false,
                                                                                                        "Async Capable": false,
                                                                                                        "Relation Name": "site",
                                                                                                        "Alias": "s1",
                                                                                                        "Startup Cost": 0.0,
                                                                                                        "Total Cost": 3.16,
                                                                                                        "Plan Rows": 1,
                                                                                                        "Plan Width": 4,
                                                                                                        "Actual Startup Time": 0.009,
                                                                                                        "Actual Total Time": 0.01,
                                                                                                        "Actual Rows": 1,
                                                                                                        "Actual Loops": 2,
                                                                                                        "Filter": "((site_name)::text = 'stackoverflow'::text)",
                                                                                                        "Rows Removed by Filter": 172,
                                                                                                        "Workers": []
                                                                                                    }
                                                                                                ]
                                                                                            }
                                                                                        ]
                                                                                    },
                                                                                    {
                                                                                        "Node Type": "Index Scan",
                                                                                        "Parent Relationship": "Inner",
                                                                                        "Parallel Aware": false,
                                                                                        "Async Capable": false,
                                                                                        "Scan Direction": "Forward",
                                                                                        "Index Name": "answer_site_id_question_id_idx",
                                                                                        "Relation Name": "answer",
                                                                                        "Alias": "a1",
                                                                                        "Startup Cost": 0.43,
                                                                                        "Total Cost": 7.62,
                                                                                        "Plan Rows": 1,
                                                                                        "Plan Width": 12,
                                                                                        "Actual Startup Time": 0.002,
                                                                                        "Actual Total Time": 0.002,
                                                                                        "Actual Rows": 0,
                                                                                        "Actual Loops": 13552,
                                                                                        "Index Cond": "((site_id = tq1.site_id) AND (question_id = tq1.question_id))",
                                                                                        "Rows Removed by Index Recheck": 0,
                                                                                        "Workers": []
                                                                                    }
                                                                                ]
                                                                            },
                                                                            {
                                                                                "Node Type": "Index Scan",
                                                                                "Parent Relationship": "Inner",
                                                                                "Parallel Aware": false,
                                                                                "Async Capable": false,
                                                                                "Scan Direction": "Forward",
                                                                                "Index Name": "so_user_pkey",
                                                                                "Relation Name": "so_user",
                                                                                "Alias": "u1",
                                                                                "Startup Cost": 0.44,
                                                                                "Total Cost": 7.63,
                                                                                "Plan Rows": 1,
                                                                                "Plan Width": 12,
                                                                                "Actual Startup Time": 0.004,
                                                                                "Actual Total Time": 0.004,
                                                                                "Actual Rows": 1,
                                                                                "Actual Loops": 4566,
                                                                                "Index Cond": "((id = a1.owner_user_id) AND (site_id = a1.site_id))",
                                                                                "Rows Removed by Index Recheck": 0,
                                                                                "Workers": []
                                                                            }
                                                                        ]
                                                                    }
                                                                ]
                                                            }
                                                        ]
                                                    }
                                                ]
                                            },
                                            {
                                                "Node Type": "Index Scan",
                                                "Parent Relationship": "Inner",
                                                "Parallel Aware": false,
                                                "Async Capable": false,
                                                "Scan Direction": "Forward",
                                                "Index Name": "account_pkey",
                                                "Relation Name": "account",
                                                "Alias": "account",
                                                "Startup Cost": 0.43,
                                                "Total Cost": 7.62,
                                                "Plan Rows": 1,
                                                "Plan Width": 15,
                                                "Actual Startup Time": 0.004,
                                                "Actual Total Time": 0.004,
                                                "Actual Rows": 1,
                                                "Actual Loops": 185,
                                                "Index Cond": "(id = u1.account_id)",
                                                "Rows Removed by Index Recheck": 0
                                            }
                                        ]
                                    }
                                ]
                            }
                        ]
                    },
                    "Planning Time": 62.277,
                    "Triggers": [],
                    "Execution Time": 924.712
                }
            ],
            "hints": [
                "SET enable_hashjoin TO on",
                "SET enable_indexonlyscan TO on",
                "SET enable_indexscan TO on",
                "SET enable_mergejoin TO off",
                "SET enable_nestloop TO on",
                "SET enable_seqscan TO on"
            ]
        }
    ]
}