{
    "sql_file": "soload_q12-005.sql",
    "query": "SELECT t1.name, count(*)\nFROM\nsite as s,\nso_user as u1,\nquestion as q1,\nanswer as a1,\ntag as t1,\ntag_question as tq1\nWHERE\nq1.owner_user_id = u1.id\nAND a1.question_id = q1.id\nAND a1.owner_user_id = u1.id\nAND s.site_id = q1.site_id\nAND s.site_id = a1.site_id\nAND s.site_id = u1.site_id\nAND s.site_id = tq1.site_id\nAND s.site_id = t1.site_id\nAND q1.id = tq1.question_id\nAND t1.id = tq1.tag_id\nAND (s.site_name in ('askubuntu','math'))\nAND (t1.name in ('congruences','sheaf-theory'))\nAND (q1.view_count >= 10)\nAND (q1.view_count <= 1000)\nAND (u1.reputation >= 10)\nAND (u1.reputation <= 100000)\nGROUP BY t1.name",
    "results": [
        {
            "arm": 0,
            "execution_time": 145.929,
            "plan": [
                {
                    "Plan": {
                        "Node Type": "Aggregate",
                        "Strategy": "Sorted",
                        "Partial Mode": "Simple",
                        "Parallel Aware": false,
                        "Async Capable": false,
                        "Startup Cost": 3730.31,
                        "Total Cost": 3743.6,
                        "Plan Rows": 1,
                        "Plan Width": 19,
                        "Actual Startup Time": 132.43,
                        "Actual Total Time": 145.883,
                        "Actual Rows": 2,
                        "Actual Loops": 1,
                        "Group Key": [
                            "t1.name"
                        ],
                        "Plans": [
                            {
                                "Node Type": "Nested Loop",
                                "Parent Relationship": "Outer",
                                "Parallel Aware": false,
                                "Async Capable": false,
                                "Join Type": "Inner",
                                "Startup Cost": 3730.31,
                                "Total Cost": 3743.58,
                                "Plan Rows": 1,
                                "Plan Width": 11,
                                "Actual Startup Time": 103.689,
                                "Actual Total Time": 145.865,
                                "Actual Rows": 29,
                                "Actual Loops": 1,
                                "Inner Unique": true,
                                "Join Filter": "(s.site_id = u1.site_id)",
                                "Rows Removed by Join Filter": 0,
                                "Plans": [
                                    {
                                        "Node Type": "Nested Loop",
                                        "Parent Relationship": "Outer",
                                        "Parallel Aware": false,
                                        "Async Capable": false,
                                        "Join Type": "Inner",
                                        "Startup Cost": 3729.87,
                                        "Total Cost": 3736.56,
                                        "Plan Rows": 1,
                                        "Plan Width": 39,
                                        "Actual Startup Time": 103.58,
                                        "Actual Total Time": 143.331,
                                        "Actual Rows": 29,
                                        "Actual Loops": 1,
                                        "Inner Unique": true,
                                        "Join Filter": "((a1.owner_user_id = q1.owner_user_id) AND (q1.id = a1.question_id) AND (s.site_id = q1.site_id))",
                                        "Rows Removed by Join Filter": 711,
                                        "Plans": [
                                            {
                                                "Node Type": "Gather Merge",
                                                "Parent Relationship": "Outer",
                                                "Parallel Aware": false,
                                                "Async Capable": false,
                                                "Startup Cost": 3729.44,
                                                "Total Cost": 3729.55,
                                                "Plan Rows": 1,
                                                "Plan Width": 39,
                                                "Actual Startup Time": 97.728,
                                                "Actual Total Time": 97.933,
                                                "Actual Rows": 860,
                                                "Actual Loops": 1,
                                                "Workers Planned": 1,
                                                "Workers Launched": 1,
                                                "Plans": [
                                                    {
                                                        "Node Type": "Sort",
                                                        "Parent Relationship": "Outer",
                                                        "Parallel Aware": false,
                                                        "Async Capable": false,
                                                        "Startup Cost": 2729.43,
                                                        "Total Cost": 2729.43,
                                                        "Plan Rows": 1,
                                                        "Plan Width": 39,
                                                        "Actual Startup Time": 51.084,
                                                        "Actual Total Time": 51.107,
                                                        "Actual Rows": 430,
                                                        "Actual Loops": 2,
                                                        "Sort Key": [
                                                            "t1.name"
                                                        ],
                                                        "Sort Method": "quicksort",
                                                        "Sort Space Used": 80,
                                                        "Sort Space Type": "Memory",
                                                        "Workers": [
                                                            {
                                                                "Worker Number": 0,
                                                                "Sort Method": "quicksort",
                                                                "Sort Space Used": 25,
                                                                "Sort Space Type": "Memory"
                                                            }
                                                        ],
                                                        "Plans": [
                                                            {
                                                                "Node Type": "Nested Loop",
                                                                "Parent Relationship": "Outer",
                                                                "Parallel Aware": false,
                                                                "Async Capable": false,
                                                                "Join Type": "Inner",
                                                                "Startup Cost": 2577.5,
                                                                "Total Cost": 2729.42,
                                                                "Plan Rows": 1,
                                                                "Plan Width": 39,
                                                                "Actual Startup Time": 6.324,
                                                                "Actual Total Time": 50.983,
                                                                "Actual Rows": 430,
                                                                "Actual Loops": 2,
                                                                "Inner Unique": false,
                                                                "Join Filter": "(s.site_id = a1.site_id)",
                                                                "Rows Removed by Join Filter": 0,
                                                                "Workers": [],
                                                                "Plans": [
                                                                    {
                                                                        "Node Type": "Nested Loop",
                                                                        "Parent Relationship": "Outer",
                                                                        "Parallel Aware": false,
                                                                        "Async Capable": false,
                                                                        "Join Type": "Inner",
                                                                        "Startup Cost": 2577.07,
                                                                        "Total Cost": 2638.61,
                                                                        "Plan Rows": 13,
                                                                        "Plan Width": 27,
                                                                        "Actual Startup Time": 6.094,
                                                                        "Actual Total Time": 8.374,
                                                                        "Actual Rows": 947,
                                                                        "Actual Loops": 2,
                                                                        "Inner Unique": false,
                                                                        "Join Filter": "(s.site_id = tq1.site_id)",
                                                                        "Rows Removed by Join Filter": 0,
                                                                        "Workers": [],
                                                                        "Plans": [
                                                                            {
                                                                                "Node Type": "Merge Join",
                                                                                "Parent Relationship": "Outer",
                                                                                "Parallel Aware": false,
                                                                                "Async Capable": false,
                                                                                "Join Type": "Inner",
                                                                                "Startup Cost": 2576.51,
                                                                                "Total Cost": 2576.54,
                                                                                "Plan Rows": 1,
                                                                                "Plan Width": 23,
                                                                                "Actual Startup Time": 5.975,
                                                                                "Actual Total Time": 5.978,
                                                                                "Actual Rows": 1,
                                                                                "Actual Loops": 2,
                                                                                "Inner Unique": true,
                                                                                "Merge Cond": "(t1.site_id = s.site_id)",
                                                                                "Workers": [],
                                                                                "Plans": [
                                                                                    {
                                                                                        "Node Type": "Sort",
                                                                                        "Parent Relationship": "Outer",
                                                                                        "Parallel Aware": false,
                                                                                        "Async Capable": false,
                                                                                        "Startup Cost": 2573.33,
                                                                                        "Total Cost": 2573.34,
                                                                                        "Plan Rows": 3,
                                                                                        "Plan Width": 19,
                                                                                        "Actual Startup Time": 5.947,
                                                                                        "Actual Total Time": 5.948,
                                                                                        "Actual Rows": 2,
                                                                                        "Actual Loops": 2,
                                                                                        "Sort Key": [
                                                                                            "t1.site_id"
                                                                                        ],
                                                                                        "Sort Method": "quicksort",
                                                                                        "Sort Space Used": 25,
                                                                                        "Sort Space Type": "Memory",
                                                                                        "Workers": [
                                                                                            {
                                                                                                "Worker Number": 0,
                                                                                                "Sort Method": "quicksort",
                                                                                                "Sort Space Used": 25,
                                                                                                "Sort Space Type": "Memory"
                                                                                            }
                                                                                        ],
                                                                                        "Plans": [
                                                                                            {
                                                                                                "Node Type": "Seq Scan",
                                                                                                "Parent Relationship": "Outer",
                                                                                                "Parallel Aware": true,
                                                                                                "Async Capable": false,
                                                                                                "Relation Name": "tag",
                                                                                                "Alias": "t1",
                                                                                                "Startup Cost": 0.0,
                                                                                                "Total Cost": 2573.31,
                                                                                                "Plan Rows": 3,
                                                                                                "Plan Width": 19,
                                                                                                "Actual Startup Time": 1.852,
                                                                                                "Actual Total Time": 5.936,
                                                                                                "Actual Rows": 2,
                                                                                                "Actual Loops": 2,
                                                                                                "Filter": "((name)::text = ANY ('{congruences,sheaf-theory}'::text[]))",
                                                                                                "Rows Removed by Filter": 93383,
                                                                                                "Workers": []
                                                                                            }
                                                                                        ]
                                                                                    },
                                                                                    {
                                                                                        "Node Type": "Sort",
                                                                                        "Parent Relationship": "Inner",
                                                                                        "Parallel Aware": false,
                                                                                        "Async Capable": false,
                                                                                        "Startup Cost": 3.17,
                                                                                        "Total Cost": 3.18,
                                                                                        "Plan Rows": 2,
                                                                                        "Plan Width": 4,
                                                                                        "Actual Startup Time": 0.025,
                                                                                        "Actual Total Time": 0.026,
                                                                                        "Actual Rows": 2,
                                                                                        "Actual Loops": 2,
                                                                                        "Sort Key": [
                                                                                            "s.site_id"
                                                                                        ],
                                                                                        "Sort Method": "quicksort",
                                                                                        "Sort Space Used": 25,
                                                                                        "Sort Space Type": "Memory",
                                                                                        "Workers": [
                                                                                            {
                                                                                                "Worker Number": 0,
                                                                                                "Sort Method": "quicksort",
                                                                                                "Sort Space Used": 25,
                                                                                                "Sort Space Type": "Memory"
                                                                                            }
                                                                                        ],
                                                                                        "Plans": [
                                                                                            {
                                                                                                "Node Type": "Seq Scan",
                                                                                                "Parent Relationship": "Outer",
                                                                                                "Parallel Aware": false,
                                                                                                "Async Capable": false,
                                                                                                "Relation Name": "site",
                                                                                                "Alias": "s",
                                                                                                "Startup Cost": 0.0,
                                                                                                "Total Cost": 3.16,
                                                                                                "Plan Rows": 2,
                                                                                                "Plan Width": 4,
                                                                                                "Actual Startup Time": 0.012,
                                                                                                "Actual Total Time": 0.02,
                                                                                                "Actual Rows": 2,
                                                                                                "Actual Loops": 2,
                                                                                                "Filter": "((site_name)::text = ANY ('{askubuntu,math}'::text[]))",
                                                                                                "Rows Removed by Filter": 171,
                                                                                                "Workers": []
                                                                                            }
                                                                                        ]
                                                                                    }
                                                                                ]
                                                                            },
                                                                            {
                                                                                "Node Type": "Index Only Scan",
                                                                                "Parent Relationship": "Inner",
                                                                                "Parallel Aware": false,
                                                                                "Async Capable": false,
                                                                                "Scan Direction": "Forward",
                                                                                "Index Name": "tag_question_site_id_tag_id_question_id_idx",
                                                                                "Relation Name": "tag_question",
                                                                                "Alias": "tq1",
                                                                                "Startup Cost": 0.56,
                                                                                "Total Cost": 61.69,
                                                                                "Plan Rows": 31,
                                                                                "Plan Width": 12,
                                                                                "Actual Startup Time": 0.223,
                                                                                "Actual Total Time": 2.32,
                                                                                "Actual Rows": 947,
                                                                                "Actual Loops": 2,
                                                                                "Index Cond": "((site_id = t1.site_id) AND (tag_id = t1.id))",
                                                                                "Rows Removed by Index Recheck": 0,
                                                                                "Heap Fetches": 1894,
                                                                                "Workers": []
                                                                            }
                                                                        ]
                                                                    },
                                                                    {
                                                                        "Node Type": "Index Scan",
                                                                        "Parent Relationship": "Inner",
                                                                        "Parallel Aware": false,
                                                                        "Async Capable": false,
                                                                        "Scan Direction": "Forward",
                                                                        "Index Name": "answer_site_id_question_id_idx",
                                                                        "Relation Name": "answer",
                                                                        "Alias": "a1",
                                                                        "Startup Cost": 0.43,
                                                                        "Total Cost": 6.97,
                                                                        "Plan Rows": 1,
                                                                        "Plan Width": 12,
                                                                        "Actual Startup Time": 0.04,
                                                                        "Actual Total Time": 0.045,
                                                                        "Actual Rows": 0,
                                                                        "Actual Loops": 1894,
                                                                        "Index Cond": "((site_id = tq1.site_id) AND (question_id = tq1.question_id))",
                                                                        "Rows Removed by Index Recheck": 0,
                                                                        "Workers": []
                                                                    }
                                                                ]
                                                            }
                                                        ]
                                                    }
                                                ]
                                            },
                                            {
                                                "Node Type": "Index Scan",
                                                "Parent Relationship": "Inner",
                                                "Parallel Aware": false,
                                                "Async Capable": false,
                                                "Scan Direction": "Forward",
                                                "Index Name": "question_pkey",
                                                "Relation Name": "question",
                                                "Alias": "q1",
                                                "Startup Cost": 0.43,
                                                "Total Cost": 6.99,
                                                "Plan Rows": 1,
                                                "Plan Width": 12,
                                                "Actual Startup Time": 0.052,
                                                "Actual Total Time": 0.053,
                                                "Actual Rows": 1,
                                                "Actual Loops": 860,
                                                "Index Cond": "((id = tq1.question_id) AND (site_id = tq1.site_id))",
                                                "Rows Removed by Index Recheck": 0,
                                                "Filter": "((view_count >= 10) AND (view_count <= 1000))",
                                                "Rows Removed by Filter": 0
                                            }
                                        ]
                                    },
                                    {
                                        "Node Type": "Index Scan",
                                        "Parent Relationship": "Inner",
                                        "Parallel Aware": false,
                                        "Async Capable": false,
                                        "Scan Direction": "Forward",
                                        "Index Name": "so_user_pkey",
                                        "Relation Name": "so_user",
                                        "Alias": "u1",
                                        "Startup Cost": 0.44,
                                        "Total Cost": 7.0,
                                        "Plan Rows": 1,
                                        "Plan Width": 8,
                                        "Actual Startup Time": 0.087,
                                        "Actual Total Time": 0.087,
                                        "Actual Rows": 1,
                                        "Actual Loops": 29,
                                        "Index Cond": "((id = q1.owner_user_id) AND (site_id = q1.site_id))",
                                        "Rows Removed by Index Recheck": 0,
                                        "Filter": "((reputation >= 10) AND (reputation <= 100000))",
                                        "Rows Removed by Filter": 0
                                    }
                                ]
                            }
                        ]
                    },
                    "Planning Time": 6.507,
                    "Triggers": [],
                    "Execution Time": 145.929
                }
            ],
            "hints": [
                "SET enable_hashjoin TO on",
                "SET enable_indexonlyscan TO on",
                "SET enable_indexscan TO on",
                "SET enable_mergejoin TO on",
                "SET enable_nestloop TO on",
                "SET enable_seqscan TO on"
            ]
        },
        {
            "arm": 1,
            "execution_time": 16547.179,
            "plan": [
                {
                    "Plan": {
                        "Node Type": "Aggregate",
                        "Strategy": "Sorted",
                        "Partial Mode": "Simple",
                        "Parallel Aware": false,
                        "Async Capable": false,
                        "Startup Cost": 3042544.77,
                        "Total Cost": 3042544.91,
                        "Plan Rows": 1,
                        "Plan Width": 19,
                        "Actual Startup Time": 14916.159,
                        "Actual Total Time": 16547.133,
                        "Actual Rows": 2,
                        "Actual Loops": 1,
                        "Group Key": [
                            "t1.name"
                        ],
                        "Plans": [
                            {
                                "Node Type": "Gather Merge",
                                "Parent Relationship": "Outer",
                                "Parallel Aware": false,
                                "Async Capable": false,
                                "Startup Cost": 3042544.77,
                                "Total Cost": 3042544.89,
                                "Plan Rows": 1,
                                "Plan Width": 11,
                                "Actual Startup Time": 14916.15,
                                "Actual Total Time": 16547.122,
                                "Actual Rows": 29,
                                "Actual Loops": 1,
                                "Workers Planned": 1,
                                "Workers Launched": 1,
                                "Plans": [
                                    {
                                        "Node Type": "Sort",
                                        "Parent Relationship": "Outer",
                                        "Parallel Aware": false,
                                        "Async Capable": false,
                                        "Startup Cost": 3041544.76,
                                        "Total Cost": 3041544.77,
                                        "Plan Rows": 1,
                                        "Plan Width": 11,
                                        "Actual Startup Time": 14914.331,
                                        "Actual Total Time": 14914.479,
                                        "Actual Rows": 14,
                                        "Actual Loops": 2,
                                        "Sort Key": [
                                            "t1.name"
                                        ],
                                        "Sort Method": "quicksort",
                                        "Sort Space Used": 25,
                                        "Sort Space Type": "Memory",
                                        "Workers": [
                                            {
                                                "Worker Number": 0,
                                                "Sort Method": "quicksort",
                                                "Sort Space Used": 25,
                                                "Sort Space Type": "Memory"
                                            }
                                        ],
                                        "Plans": [
                                            {
                                                "Node Type": "Hash Join",
                                                "Parent Relationship": "Outer",
                                                "Parallel Aware": true,
                                                "Async Capable": false,
                                                "Join Type": "Inner",
                                                "Startup Cost": 3038971.41,
                                                "Total Cost": 3041544.75,
                                                "Plan Rows": 1,
                                                "Plan Width": 11,
                                                "Actual Startup Time": 14910.342,
                                                "Actual Total Time": 14914.413,
                                                "Actual Rows": 14,
                                                "Actual Loops": 2,
                                                "Inner Unique": false,
                                                "Hash Cond": "((t1.site_id = s.site_id) AND (t1.id = tq1.tag_id))",
                                                "Workers": [],
                                                "Plans": [
                                                    {
                                                        "Node Type": "Seq Scan",
                                                        "Parent Relationship": "Outer",
                                                        "Parallel Aware": true,
                                                        "Async Capable": false,
                                                        "Relation Name": "tag",
                                                        "Alias": "t1",
                                                        "Startup Cost": 0.0,
                                                        "Total Cost": 2573.31,
                                                        "Plan Rows": 3,
                                                        "Plan Width": 19,
                                                        "Actual Startup Time": 1.978,
                                                        "Actual Total Time": 5.802,
                                                        "Actual Rows": 2,
                                                        "Actual Loops": 2,
                                                        "Filter": "((name)::text = ANY ('{congruences,sheaf-theory}'::text[]))",
                                                        "Rows Removed by Filter": 93383,
                                                        "Workers": []
                                                    },
                                                    {
                                                        "Node Type": "Hash",
                                                        "Parent Relationship": "Inner",
                                                        "Parallel Aware": true,
                                                        "Async Capable": false,
                                                        "Startup Cost": 3038971.4,
                                                        "Total Cost": 3038971.4,
                                                        "Plan Rows": 1,
                                                        "Plan Width": 24,
                                                        "Actual Startup Time": 14908.154,
                                                        "Actual Total Time": 14908.3,
                                                        "Actual Rows": 12489,
                                                        "Actual Loops": 2,
                                                        "Hash Buckets": 32768,
                                                        "Original Hash Buckets": 1024,
                                                        "Hash Batches": 1,
                                                        "Original Hash Batches": 1,
                                                        "Peak Memory Usage": 1912,
                                                        "Workers": [],
                                                        "Plans": [
                                                            {
                                                                "Node Type": "Hash Join",
                                                                "Parent Relationship": "Outer",
                                                                "Parallel Aware": true,
                                                                "Async Capable": false,
                                                                "Join Type": "Inner",
                                                                "Startup Cost": 2266196.84,
                                                                "Total Cost": 3038971.4,
                                                                "Plan Rows": 1,
                                                                "Plan Width": 24,
                                                                "Actual Startup Time": 13924.326,
                                                                "Actual Total Time": 14758.616,
                                                                "Actual Rows": 12489,
                                                                "Actual Loops": 2,
                                                                "Inner Unique": false,
                                                                "Hash Cond": "((a1.owner_user_id = q1.owner_user_id) AND (a1.question_id = q1.id) AND (a1.site_id = s.site_id))",
                                                                "Workers": [],
                                                                "Plans": [
                                                                    {
                                                                        "Node Type": "Seq Scan",
                                                                        "Parent Relationship": "Outer",
                                                                        "Parallel Aware": true,
                                                                        "Async Capable": false,
                                                                        "Relation Name": "answer",
                                                                        "Alias": "a1",
                                                                        "Startup Cost": 0.0,
                                                                        "Total Cost": 762572.49,
                                                                        "Plan Rows": 906849,
                                                                        "Plan Width": 12,
                                                                        "Actual Startup Time": 2.395,
                                                                        "Actual Total Time": 3265.718,
                                                                        "Actual Rows": 3173776,
                                                                        "Actual Loops": 2,
                                                                        "Workers": []
                                                                    },
                                                                    {
                                                                        "Node Type": "Hash",
                                                                        "Parent Relationship": "Inner",
                                                                        "Parallel Aware": true,
                                                                        "Async Capable": false,
                                                                        "Startup Cost": 2266196.21,
                                                                        "Total Cost": 2266196.21,
                                                                        "Plan Rows": 36,
                                                                        "Plan Width": 36,
                                                                        "Actual Startup Time": 8886.365,
                                                                        "Actual Total Time": 8886.51,
                                                                        "Actual Rows": 677836,
                                                                        "Actual Loops": 2,
                                                                        "Hash Buckets": 262144,
                                                                        "Original Hash Buckets": 1024,
                                                                        "Hash Batches": 8,
                                                                        "Original Hash Batches": 1,
                                                                        "Peak Memory Usage": 14048,
                                                                        "Workers": [],
                                                                        "Plans": [
                                                                            {
                                                                                "Node Type": "Hash Join",
                                                                                "Parent Relationship": "Outer",
                                                                                "Parallel Aware": true,
                                                                                "Async Capable": false,
                                                                                "Join Type": "Inner",
                                                                                "Startup Cost": 1995452.75,
                                                                                "Total Cost": 2266196.21,
                                                                                "Plan Rows": 36,
                                                                                "Plan Width": 36,
                                                                                "Actual Startup Time": 8276.762,
                                                                                "Actual Total Time": 8735.751,
                                                                                "Actual Rows": 677836,
                                                                                "Actual Loops": 2,
                                                                                "Inner Unique": false,
                                                                                "Hash Cond": "((u1.id = q1.owner_user_id) AND (u1.site_id = s.site_id))",
                                                                                "Workers": [],
                                                                                "Plans": [
                                                                                    {
                                                                                        "Node Type": "Seq Scan",
                                                                                        "Parent Relationship": "Outer",
                                                                                        "Parallel Aware": true,
                                                                                        "Async Capable": false,
                                                                                        "Relation Name": "so_user",
                                                                                        "Alias": "u1",
                                                                                        "Startup Cost": 0.0,
                                                                                        "Total Cost": 260486.52,
                                                                                        "Plan Rows": 1367585,
                                                                                        "Plan Width": 8,
                                                                                        "Actual Startup Time": 0.011,
                                                                                        "Actual Total Time": 547.524,
                                                                                        "Actual Rows": 3408451,
                                                                                        "Actual Loops": 2,
                                                                                        "Filter": "((reputation >= 10) AND (reputation <= 100000))",
                                                                                        "Rows Removed by Filter": 7140200,
                                                                                        "Workers": []
                                                                                    },
                                                                                    {
                                                                                        "Node Type": "Hash",
                                                                                        "Parent Relationship": "Inner",
                                                                                        "Parallel Aware": true,
                                                                                        "Async Capable": false,
                                                                                        "Startup Cost": 1995441.88,
                                                                                        "Total Cost": 1995441.88,
                                                                                        "Plan Rows": 725,
                                                                                        "Plan Width": 28,
                                                                                        "Actual Startup Time": 7451.496,
                                                                                        "Actual Total Time": 7451.64,
                                                                                        "Actual Rows": 791934,
                                                                                        "Actual Loops": 2,
                                                                                        "Hash Buckets": 262144,
                                                                                        "Original Hash Buckets": 8192,
                                                                                        "Hash Batches": 8,
                                                                                        "Original Hash Batches": 1,
                                                                                        "Peak Memory Usage": 14720,
                                                                                        "Workers": [],
                                                                                        "Plans": [
                                                                                            {
                                                                                                "Node Type": "Hash Join",
                                                                                                "Parent Relationship": "Outer",
                                                                                                "Parallel Aware": true,
                                                                                                "Async Capable": false,
                                                                                                "Join Type": "Inner",
                                                                                                "Startup Cost": 294280.45,
                                                                                                "Total Cost": 1995441.88,
                                                                                                "Plan Rows": 725,
                                                                                                "Plan Width": 28,
                                                                                                "Actual Startup Time": 5794.675,
                                                                                                "Actual Total Time": 7307.632,
                                                                                                "Actual Rows": 791934,
                                                                                                "Actual Loops": 2,
                                                                                                "Inner Unique": false,
                                                                                                "Hash Cond": "((q1.id = tq1.question_id) AND (q1.site_id = s.site_id))",
                                                                                                "Workers": [],
                                                                                                "Plans": [
                                                                                                    {
                                                                                                        "Node Type": "Seq Scan",
                                                                                                        "Parent Relationship": "Outer",
                                                                                                        "Parallel Aware": true,
                                                                                                        "Async Capable": false,
                                                                                                        "Relation Name": "question",
                                                                                                        "Alias": "q1",
                                                                                                        "Startup Cost": 0.0,
                                                                                                        "Total Cost": 1691290.18,
                                                                                                        "Plan Rows": 1315973,
                                                                                                        "Plan Width": 12,
                                                                                                        "Actual Startup Time": 0.025,
                                                                                                        "Actual Total Time": 1667.891,
                                                                                                        "Actual Rows": 4622574,
                                                                                                        "Actual Loops": 2,
                                                                                                        "Filter": "((view_count >= 10) AND (view_count <= 1000))",
                                                                                                        "Rows Removed by Filter": 1710646,
                                                                                                        "Workers": []
                                                                                                    },
                                                                                                    {
                                                                                                        "Node Type": "Hash",
                                                                                                        "Parent Relationship": "Inner",
                                                                                                        "Parallel Aware": true,
                                                                                                        "Async Capable": false,
                                                                                                        "Startup Cost": 293001.23,
                                                                                                        "Total Cost": 293001.23,
                                                                                                        "Plan Rows": 85281,
                                                                                                        "Plan Width": 16,
                                                                                                        "Actual Startup Time": 1799.109,
                                                                                                        "Actual Total Time": 1799.111,
                                                                                                        "Actual Rows": 962992,
                                                                                                        "Actual Loops": 2,
                                                                                                        "Hash Buckets": 524288,
                                                                                                        "Original Hash Buckets": 524288,
                                                                                                        "Hash Batches": 8,
                                                                                                        "Original Hash Batches": 1,
                                                                                                        "Peak Memory Usage": 15456,
                                                                                                        "Workers": [],
                                                                                                        "Plans": [
                                                                                                            {
                                                                                                                "Node Type": "Hash Join",
                                                                                                                "Parent Relationship": "Outer",
                                                                                                                "Parallel Aware": false,
                                                                                                                "Async Capable": false,
                                                                                                                "Join Type": "Inner",
                                                                                                                "Startup Cost": 3.19,
                                                                                                                "Total Cost": 293001.23,
                                                                                                                "Plan Rows": 85281,
                                                                                                                "Plan Width": 16,
                                                                                                                "Actual Startup Time": 1337.092,
                                                                                                                "Actual Total Time": 1650.798,
                                                                                                                "Actual Rows": 962992,
                                                                                                                "Actual Loops": 2,
                                                                                                                "Inner Unique": true,
                                                                                                                "Hash Cond": "(tq1.site_id = s.site_id)",
                                                                                                                "Workers": [],
                                                                                                                "Plans": [
                                                                                                                    {
                                                                                                                        "Node Type": "Seq Scan",
                                                                                                                        "Parent Relationship": "Outer",
                                                                                                                        "Parallel Aware": true,
                                                                                                                        "Async Capable": false,
                                                                                                                        "Relation Name": "tag_question",
                                                                                                                        "Alias": "tq1",
                                                                                                                        "Startup Cost": 0.0,
                                                                                                                        "Total Cost": 273159.66,
                                                                                                                        "Plan Rows": 7376766,
                                                                                                                        "Plan Width": 12,
                                                                                                                        "Actual Startup Time": 0.009,
                                                                                                                        "Actual Total Time": 962.964,
                                                                                                                        "Actual Rows": 18441910,
                                                                                                                        "Actual Loops": 2,
                                                                                                                        "Workers": []
                                                                                                                    },
                                                                                                                    {
                                                                                                                        "Node Type": "Hash",
                                                                                                                        "Parent Relationship": "Inner",
                                                                                                                        "Parallel Aware": false,
                                                                                                                        "Async Capable": false,
                                                                                                                        "Startup Cost": 3.16,
                                                                                                                        "Total Cost": 3.16,
                                                                                                                        "Plan Rows": 2,
                                                                                                                        "Plan Width": 4,
                                                                                                                        "Actual Startup Time": 0.029,
                                                                                                                        "Actual Total Time": 0.029,
                                                                                                                        "Actual Rows": 2,
                                                                                                                        "Actual Loops": 2,
                                                                                                                        "Hash Buckets": 1024,
                                                                                                                        "Original Hash Buckets": 1024,
                                                                                                                        "Hash Batches": 1,
                                                                                                                        "Original Hash Batches": 1,
                                                                                                                        "Peak Memory Usage": 9,
                                                                                                                        "Workers": [],
                                                                                                                        "Plans": [
                                                                                                                            {
                                                                                                                                "Node Type": "Seq Scan",
                                                                                                                                "Parent Relationship": "Outer",
                                                                                                                                "Parallel Aware": false,
                                                                                                                                "Async Capable": false,
                                                                                                                                "Relation Name": "site",
                                                                                                                                "Alias": "s",
                                                                                                                                "Startup Cost": 0.0,
                                                                                                                                "Total Cost": 3.16,
                                                                                                                                "Plan Rows": 2,
                                                                                                                                "Plan Width": 4,
                                                                                                                                "Actual Startup Time": 0.015,
                                                                                                                                "Actual Total Time": 0.025,
                                                                                                                                "Actual Rows": 2,
                                                                                                                                "Actual Loops": 2,
                                                                                                                                "Filter": "((site_name)::text = ANY ('{askubuntu,math}'::text[]))",
                                                                                                                                "Rows Removed by Filter": 171,
                                                                                                                                "Workers": []
                                                                                                                            }
                                                                                                                        ]
                                                                                                                    }
                                                                                                                ]
                                                                                                            }
                                                                                                        ]
                                                                                                    }
                                                                                                ]
                                                                                            }
                                                                                        ]
                                                                                    }
                                                                                ]
                                                                            }
                                                                        ]
                                                                    }
                                                                ]
                                                            }
                                                        ]
                                                    }
                                                ]
                                            }
                                        ]
                                    }
                                ]
                            }
                        ]
                    },
                    "Planning Time": 6.99,
                    "Triggers": [],
                    "Execution Time": 16547.179
                }
            ],
            "hints": [
                "SET enable_hashjoin TO on",
                "SET enable_indexonlyscan TO on",
                "SET enable_indexscan TO on",
                "SET enable_mergejoin TO on",
                "SET enable_nestloop TO off",
                "SET enable_seqscan TO on"
            ]
        },
        {
            "arm": 2,
            "execution_time": 15.186,
            "plan": [
                {
                    "Plan": {
                        "Node Type": "Aggregate",
                        "Strategy": "Sorted",
                        "Partial Mode": "Simple",
                        "Parallel Aware": false,
                        "Async Capable": false,
                        "Startup Cost": 3813.01,
                        "Total Cost": 3821.21,
                        "Plan Rows": 1,
                        "Plan Width": 19,
                        "Actual Startup Time": 14.412,
                        "Actual Total Time": 15.14,
                        "Actual Rows": 2,
                        "Actual Loops": 1,
                        "Group Key": [
                            "t1.name"
                        ],
                        "Plans": [
                            {
                                "Node Type": "Nested Loop",
                                "Parent Relationship": "Outer",
                                "Parallel Aware": false,
                                "Async Capable": false,
                                "Join Type": "Inner",
                                "Startup Cost": 3813.01,
                                "Total Cost": 3821.19,
                                "Plan Rows": 1,
                                "Plan Width": 11,
                                "Actual Startup Time": 12.817,
                                "Actual Total Time": 15.131,
                                "Actual Rows": 29,
                                "Actual Loops": 1,
                                "Inner Unique": true,
                                "Join Filter": "(s.site_id = u1.site_id)",
                                "Rows Removed by Join Filter": 0,
                                "Plans": [
                                    {
                                        "Node Type": "Nested Loop",
                                        "Parent Relationship": "Outer",
                                        "Parallel Aware": false,
                                        "Async Capable": false,
                                        "Join Type": "Inner",
                                        "Startup Cost": 3809.29,
                                        "Total Cost": 3813.44,
                                        "Plan Rows": 1,
                                        "Plan Width": 39,
                                        "Actual Startup Time": 12.807,
                                        "Actual Total Time": 15.018,
                                        "Actual Rows": 29,
                                        "Actual Loops": 1,
                                        "Inner Unique": true,
                                        "Join Filter": "(s.site_id = q1.site_id)",
                                        "Rows Removed by Join Filter": 0,
                                        "Plans": [
                                            {
                                                "Node Type": "Gather Merge",
                                                "Parent Relationship": "Outer",
                                                "Parallel Aware": false,
                                                "Async Capable": false,
                                                "Startup Cost": 3805.58,
                                                "Total Cost": 3805.7,
                                                "Plan Rows": 1,
                                                "Plan Width": 39,
                                                "Actual Startup Time": 12.725,
                                                "Actual Total Time": 12.845,
                                                "Actual Rows": 860,
                                                "Actual Loops": 1,
                                                "Workers Planned": 1,
                                                "Workers Launched": 1,
                                                "Plans": [
                                                    {
                                                        "Node Type": "Sort",
                                                        "Parent Relationship": "Outer",
                                                        "Parallel Aware": false,
                                                        "Async Capable": false,
                                                        "Startup Cost": 2805.57,
                                                        "Total Cost": 2805.58,
                                                        "Plan Rows": 1,
                                                        "Plan Width": 39,
                                                        "Actual Startup Time": 11.111,
                                                        "Actual Total Time": 11.124,
                                                        "Actual Rows": 430,
                                                        "Actual Loops": 2,
                                                        "Sort Key": [
                                                            "t1.name"
                                                        ],
                                                        "Sort Method": "quicksort",
                                                        "Sort Space Used": 41,
                                                        "Sort Space Type": "Memory",
                                                        "Workers": [
                                                            {
                                                                "Worker Number": 0,
                                                                "Sort Method": "quicksort",
                                                                "Sort Space Used": 64,
                                                                "Sort Space Type": "Memory"
                                                            }
                                                        ],
                                                        "Plans": [
                                                            {
                                                                "Node Type": "Nested Loop",
                                                                "Parent Relationship": "Outer",
                                                                "Parallel Aware": false,
                                                                "Async Capable": false,
                                                                "Join Type": "Inner",
                                                                "Startup Cost": 11.77,
                                                                "Total Cost": 2805.56,
                                                                "Plan Rows": 1,
                                                                "Plan Width": 39,
                                                                "Actual Startup Time": 2.179,
                                                                "Actual Total Time": 11.0,
                                                                "Actual Rows": 430,
                                                                "Actual Loops": 2,
                                                                "Inner Unique": false,
                                                                "Join Filter": "(s.site_id = a1.site_id)",
                                                                "Rows Removed by Join Filter": 0,
                                                                "Workers": [],
                                                                "Plans": [
                                                                    {
                                                                        "Node Type": "Nested Loop",
                                                                        "Parent Relationship": "Outer",
                                                                        "Parallel Aware": false,
                                                                        "Async Capable": false,
                                                                        "Join Type": "Inner",
                                                                        "Startup Cost": 8.07,
                                                                        "Total Cost": 2705.08,
                                                                        "Plan Rows": 13,
                                                                        "Plan Width": 27,
                                                                        "Actual Startup Time": 2.149,
                                                                        "Actual Total Time": 7.504,
                                                                        "Actual Rows": 947,
                                                                        "Actual Loops": 2,
                                                                        "Inner Unique": false,
                                                                        "Join Filter": "(s.site_id = tq1.site_id)",
                                                                        "Rows Removed by Join Filter": 0,
                                                                        "Workers": [],
                                                                        "Plans": [
                                                                            {
                                                                                "Node Type": "Hash Join",
                                                                                "Parent Relationship": "Outer",
                                                                                "Parallel Aware": false,
                                                                                "Async Capable": false,
                                                                                "Join Type": "Inner",
                                                                                "Startup Cost": 3.19,
                                                                                "Total Cost": 2576.5,
                                                                                "Plan Rows": 1,
                                                                                "Plan Width": 23,
                                                                                "Actual Startup Time": 1.916,
                                                                                "Actual Total Time": 5.429,
                                                                                "Actual Rows": 1,
                                                                                "Actual Loops": 2,
                                                                                "Inner Unique": true,
                                                                                "Hash Cond": "(t1.site_id = s.site_id)",
                                                                                "Workers": [],
                                                                                "Plans": [
                                                                                    {
                                                                                        "Node Type": "Seq Scan",
                                                                                        "Parent Relationship": "Outer",
                                                                                        "Parallel Aware": true,
                                                                                        "Async Capable": false,
                                                                                        "Relation Name": "tag",
                                                                                        "Alias": "t1",
                                                                                        "Startup Cost": 0.0,
                                                                                        "Total Cost": 2573.31,
                                                                                        "Plan Rows": 3,
                                                                                        "Plan Width": 19,
                                                                                        "Actual Startup Time": 1.838,
                                                                                        "Actual Total Time": 5.349,
                                                                                        "Actual Rows": 2,
                                                                                        "Actual Loops": 2,
                                                                                        "Filter": "((name)::text = ANY ('{congruences,sheaf-theory}'::text[]))",
                                                                                        "Rows Removed by Filter": 93383,
                                                                                        "Workers": []
                                                                                    },
                                                                                    {
                                                                                        "Node Type": "Hash",
                                                                                        "Parent Relationship": "Inner",
                                                                                        "Parallel Aware": false,
                                                                                        "Async Capable": false,
                                                                                        "Startup Cost": 3.16,
                                                                                        "Total Cost": 3.16,
                                                                                        "Plan Rows": 2,
                                                                                        "Plan Width": 4,
                                                                                        "Actual Startup Time": 0.024,
                                                                                        "Actual Total Time": 0.025,
                                                                                        "Actual Rows": 2,
                                                                                        "Actual Loops": 2,
                                                                                        "Hash Buckets": 1024,
                                                                                        "Original Hash Buckets": 1024,
                                                                                        "Hash Batches": 1,
                                                                                        "Original Hash Batches": 1,
                                                                                        "Peak Memory Usage": 9,
                                                                                        "Workers": [],
                                                                                        "Plans": [
                                                                                            {
                                                                                                "Node Type": "Seq Scan",
                                                                                                "Parent Relationship": "Outer",
                                                                                                "Parallel Aware": false,
                                                                                                "Async Capable": false,
                                                                                                "Relation Name": "site",
                                                                                                "Alias": "s",
                                                                                                "Startup Cost": 0.0,
                                                                                                "Total Cost": 3.16,
                                                                                                "Plan Rows": 2,
                                                                                                "Plan Width": 4,
                                                                                                "Actual Startup Time": 0.011,
                                                                                                "Actual Total Time": 0.02,
                                                                                                "Actual Rows": 2,
                                                                                                "Actual Loops": 2,
                                                                                                "Filter": "((site_name)::text = ANY ('{askubuntu,math}'::text[]))",
                                                                                                "Rows Removed by Filter": 171,
                                                                                                "Workers": []
                                                                                            }
                                                                                        ]
                                                                                    }
                                                                                ]
                                                                            },
                                                                            {
                                                                                "Node Type": "Bitmap Heap Scan",
                                                                                "Parent Relationship": "Inner",
                                                                                "Parallel Aware": false,
                                                                                "Async Capable": false,
                                                                                "Relation Name": "tag_question",
                                                                                "Alias": "tq1",
                                                                                "Startup Cost": 4.88,
                                                                                "Total Cost": 128.19,
                                                                                "Plan Rows": 31,
                                                                                "Plan Width": 12,
                                                                                "Actual Startup Time": 0.23,
                                                                                "Actual Total Time": 1.97,
                                                                                "Actual Rows": 947,
                                                                                "Actual Loops": 2,
                                                                                "Recheck Cond": "((t1.site_id = site_id) AND (t1.id = tag_id))",
                                                                                "Rows Removed by Index Recheck": 0,
                                                                                "Exact Heap Blocks": 752,
                                                                                "Lossy Heap Blocks": 0,
                                                                                "Workers": [],
                                                                                "Plans": [
                                                                                    {
                                                                                        "Node Type": "Bitmap Index Scan",
                                                                                        "Parent Relationship": "Outer",
                                                                                        "Parallel Aware": false,
                                                                                        "Async Capable": false,
                                                                                        "Index Name": "tag_question_site_id_tag_id_question_id_idx",
                                                                                        "Startup Cost": 0.0,
                                                                                        "Total Cost": 4.88,
                                                                                        "Plan Rows": 31,
                                                                                        "Plan Width": 0,
                                                                                        "Actual Startup Time": 0.145,
                                                                                        "Actual Total Time": 0.145,
                                                                                        "Actual Rows": 947,
                                                                                        "Actual Loops": 2,
                                                                                        "Index Cond": "((site_id = t1.site_id) AND (tag_id = t1.id))",
                                                                                        "Workers": []
                                                                                    }
                                                                                ]
                                                                            }
                                                                        ]
                                                                    },
                                                                    {
                                                                        "Node Type": "Bitmap Heap Scan",
                                                                        "Parent Relationship": "Inner",
                                                                        "Parallel Aware": false,
                                                                        "Async Capable": false,
                                                                        "Relation Name": "answer",
                                                                        "Alias": "a1",
                                                                        "Startup Cost": 3.7,
                                                                        "Total Cost": 7.72,
                                                                        "Plan Rows": 1,
                                                                        "Plan Width": 12,
                                                                        "Actual Startup Time": 0.003,
                                                                        "Actual Total Time": 0.003,
                                                                        "Actual Rows": 0,
                                                                        "Actual Loops": 1894,
                                                                        "Recheck Cond": "((site_id = tq1.site_id) AND (tq1.question_id = question_id))",
                                                                        "Rows Removed by Index Recheck": 0,
                                                                        "Exact Heap Blocks": 229,
                                                                        "Lossy Heap Blocks": 0,
                                                                        "Workers": [],
                                                                        "Plans": [
                                                                            {
                                                                                "Node Type": "Bitmap Index Scan",
                                                                                "Parent Relationship": "Outer",
                                                                                "Parallel Aware": false,
                                                                                "Async Capable": false,
                                                                                "Index Name": "answer_site_id_question_id_idx",
                                                                                "Startup Cost": 0.0,
                                                                                "Total Cost": 3.7,
                                                                                "Plan Rows": 1,
                                                                                "Plan Width": 0,
                                                                                "Actual Startup Time": 0.002,
                                                                                "Actual Total Time": 0.002,
                                                                                "Actual Rows": 0,
                                                                                "Actual Loops": 1894,
                                                                                "Index Cond": "((site_id = tq1.site_id) AND (question_id = tq1.question_id))",
                                                                                "Workers": []
                                                                            }
                                                                        ]
                                                                    }
                                                                ]
                                                            }
                                                        ]
                                                    }
                                                ]
                                            },
                                            {
                                                "Node Type": "Bitmap Heap Scan",
                                                "Parent Relationship": "Inner",
                                                "Parallel Aware": false,
                                                "Async Capable": false,
                                                "Relation Name": "question",
                                                "Alias": "q1",
                                                "Startup Cost": 3.71,
                                                "Total Cost": 7.73,
                                                "Plan Rows": 1,
                                                "Plan Width": 12,
                                                "Actual Startup Time": 0.002,
                                                "Actual Total Time": 0.002,
                                                "Actual Rows": 0,
                                                "Actual Loops": 860,
                                                "Recheck Cond": "((id = a1.question_id) AND (site_id = a1.site_id))",
                                                "Rows Removed by Index Recheck": 0,
                                                "Filter": "((view_count >= 10) AND (view_count <= 1000) AND (a1.owner_user_id = owner_user_id))",
                                                "Rows Removed by Filter": 1,
                                                "Exact Heap Blocks": 860,
                                                "Lossy Heap Blocks": 0,
                                                "Plans": [
                                                    {
                                                        "Node Type": "Bitmap Index Scan",
                                                        "Parent Relationship": "Outer",
                                                        "Parallel Aware": false,
                                                        "Async Capable": false,
                                                        "Index Name": "question_pkey",
                                                        "Startup Cost": 0.0,
                                                        "Total Cost": 3.71,
                                                        "Plan Rows": 1,
                                                        "Plan Width": 0,
                                                        "Actual Startup Time": 0.001,
                                                        "Actual Total Time": 0.001,
                                                        "Actual Rows": 1,
                                                        "Actual Loops": 860,
                                                        "Index Cond": "((id = a1.question_id) AND (site_id = a1.site_id))"
                                                    }
                                                ]
                                            }
                                        ]
                                    },
                                    {
                                        "Node Type": "Bitmap Heap Scan",
                                        "Parent Relationship": "Inner",
                                        "Parallel Aware": false,
                                        "Async Capable": false,
                                        "Relation Name": "so_user",
                                        "Alias": "u1",
                                        "Startup Cost": 3.72,
                                        "Total Cost": 7.74,
                                        "Plan Rows": 1,
                                        "Plan Width": 8,
                                        "Actual Startup Time": 0.003,
                                        "Actual Total Time": 0.003,
                                        "Actual Rows": 1,
                                        "Actual Loops": 29,
                                        "Recheck Cond": "((id = q1.owner_user_id) AND (site_id = q1.site_id))",
                                        "Rows Removed by Index Recheck": 0,
                                        "Filter": "((reputation >= 10) AND (reputation <= 100000))",
                                        "Rows Removed by Filter": 0,
                                        "Exact Heap Blocks": 29,
                                        "Lossy Heap Blocks": 0,
                                        "Plans": [
                                            {
                                                "Node Type": "Bitmap Index Scan",
                                                "Parent Relationship": "Outer",
                                                "Parallel Aware": false,
                                                "Async Capable": false,
                                                "Index Name": "so_user_pkey",
                                                "Startup Cost": 0.0,
                                                "Total Cost": 3.72,
                                                "Plan Rows": 1,
                                                "Plan Width": 0,
                                                "Actual Startup Time": 0.003,
                                                "Actual Total Time": 0.003,
                                                "Actual Rows": 1,
                                                "Actual Loops": 29,
                                                "Index Cond": "((id = q1.owner_user_id) AND (site_id = q1.site_id))"
                                            }
                                        ]
                                    }
                                ]
                            }
                        ]
                    },
                    "Planning Time": 3.271,
                    "Triggers": [],
                    "Execution Time": 15.186
                }
            ],
            "hints": [
                "SET enable_hashjoin TO on",
                "SET enable_indexonlyscan TO on",
                "SET enable_indexscan TO off",
                "SET enable_mergejoin TO off",
                "SET enable_nestloop TO on",
                "SET enable_seqscan TO on"
            ]
        },
        {
            "arm": 3,
            "execution_time": 1444.229,
            "plan": [
                {
                    "Plan": {
                        "Node Type": "Aggregate",
                        "Strategy": "Sorted",
                        "Partial Mode": "Simple",
                        "Parallel Aware": false,
                        "Async Capable": false,
                        "Startup Cost": 3041700.5,
                        "Total Cost": 3041700.64,
                        "Plan Rows": 1,
                        "Plan Width": 19,
                        "Actual Startup Time": 1435.652,
                        "Actual Total Time": 1444.189,
                        "Actual Rows": 2,
                        "Actual Loops": 1,
                        "Group Key": [
                            "t1.name"
                        ],
                        "Plans": [
                            {
                                "Node Type": "Gather Merge",
                                "Parent Relationship": "Outer",
                                "Parallel Aware": false,
                                "Async Capable": false,
                                "Startup Cost": 3041700.5,
                                "Total Cost": 3041700.63,
                                "Plan Rows": 1,
                                "Plan Width": 11,
                                "Actual Startup Time": 1435.641,
                                "Actual Total Time": 1444.178,
                                "Actual Rows": 29,
                                "Actual Loops": 1,
                                "Workers Planned": 7,
                                "Workers Launched": 7,
                                "Plans": [
                                    {
                                        "Node Type": "Sort",
                                        "Parent Relationship": "Outer",
                                        "Parallel Aware": false,
                                        "Async Capable": false,
                                        "Startup Cost": 3040700.38,
                                        "Total Cost": 3040700.38,
                                        "Plan Rows": 1,
                                        "Plan Width": 11,
                                        "Actual Startup Time": 1433.011,
                                        "Actual Total Time": 1433.019,
                                        "Actual Rows": 4,
                                        "Actual Loops": 8,
                                        "Sort Key": [
                                            "t1.name"
                                        ],
                                        "Sort Method": "quicksort",
                                        "Sort Space Used": 25,
                                        "Sort Space Type": "Memory",
                                        "Workers": [
                                            {
                                                "Worker Number": 0,
                                                "Sort Method": "quicksort",
                                                "Sort Space Used": 25,
                                                "Sort Space Type": "Memory"
                                            },
                                            {
                                                "Worker Number": 1,
                                                "Sort Method": "quicksort",
                                                "Sort Space Used": 25,
                                                "Sort Space Type": "Memory"
                                            },
                                            {
                                                "Worker Number": 2,
                                                "Sort Method": "quicksort",
                                                "Sort Space Used": 25,
                                                "Sort Space Type": "Memory"
                                            },
                                            {
                                                "Worker Number": 3,
                                                "Sort Method": "quicksort",
                                                "Sort Space Used": 25,
                                                "Sort Space Type": "Memory"
                                            },
                                            {
                                                "Worker Number": 4,
                                                "Sort Method": "quicksort",
                                                "Sort Space Used": 25,
                                                "Sort Space Type": "Memory"
                                            },
                                            {
                                                "Worker Number": 5,
                                                "Sort Method": "quicksort",
                                                "Sort Space Used": 25,
                                                "Sort Space Type": "Memory"
                                            },
                                            {
                                                "Worker Number": 6,
                                                "Sort Method": "quicksort",
                                                "Sort Space Used": 25,
                                                "Sort Space Type": "Memory"
                                            }
                                        ],
                                        "Plans": [
                                            {
                                                "Node Type": "Hash Join",
                                                "Parent Relationship": "Outer",
                                                "Parallel Aware": true,
                                                "Async Capable": false,
                                                "Join Type": "Inner",
                                                "Startup Cost": 2267925.81,
                                                "Total Cost": 3040700.37,
                                                "Plan Rows": 1,
                                                "Plan Width": 11,
                                                "Actual Startup Time": 1204.909,
                                                "Actual Total Time": 1432.927,
                                                "Actual Rows": 4,
                                                "Actual Loops": 8,
                                                "Inner Unique": false,
                                                "Hash Cond": "((a1.owner_user_id = q1.owner_user_id) AND (a1.question_id = q1.id) AND (a1.site_id = s.site_id))",
                                                "Workers": [],
                                                "Plans": [
                                                    {
                                                        "Node Type": "Seq Scan",
                                                        "Parent Relationship": "Outer",
                                                        "Parallel Aware": true,
                                                        "Async Capable": false,
                                                        "Relation Name": "answer",
                                                        "Alias": "a1",
                                                        "Startup Cost": 0.0,
                                                        "Total Cost": 762572.49,
                                                        "Plan Rows": 906849,
                                                        "Plan Width": 12,
                                                        "Actual Startup Time": 0.017,
                                                        "Actual Total Time": 194.492,
                                                        "Actual Rows": 793444,
                                                        "Actual Loops": 8,
                                                        "Workers": []
                                                    },
                                                    {
                                                        "Node Type": "Hash",
                                                        "Parent Relationship": "Inner",
                                                        "Parallel Aware": true,
                                                        "Async Capable": false,
                                                        "Startup Cost": 2267925.8,
                                                        "Total Cost": 2267925.8,
                                                        "Plan Rows": 1,
                                                        "Plan Width": 47,
                                                        "Actual Startup Time": 1158.518,
                                                        "Actual Total Time": 1158.524,
                                                        "Actual Rows": 204,
                                                        "Actual Loops": 8,
                                                        "Hash Buckets": 1024,
                                                        "Original Hash Buckets": 1024,
                                                        "Hash Batches": 1,
                                                        "Original Hash Batches": 1,
                                                        "Peak Memory Usage": 264,
                                                        "Workers": [],
                                                        "Plans": [
                                                            {
                                                                "Node Type": "Hash Join",
                                                                "Parent Relationship": "Outer",
                                                                "Parallel Aware": true,
                                                                "Async Capable": false,
                                                                "Join Type": "Inner",
                                                                "Startup Cost": 1997182.38,
                                                                "Total Cost": 2267925.8,
                                                                "Plan Rows": 1,
                                                                "Plan Width": 47,
                                                                "Actual Startup Time": 1120.903,
                                                                "Actual Total Time": 1158.436,
                                                                "Actual Rows": 204,
                                                                "Actual Loops": 8,
                                                                "Inner Unique": false,
                                                                "Hash Cond": "((u1.id = q1.owner_user_id) AND (u1.site_id = s.site_id))",
                                                                "Workers": [],
                                                                "Plans": [
                                                                    {
                                                                        "Node Type": "Seq Scan",
                                                                        "Parent Relationship": "Outer",
                                                                        "Parallel Aware": true,
                                                                        "Async Capable": false,
                                                                        "Relation Name": "so_user",
                                                                        "Alias": "u1",
                                                                        "Startup Cost": 0.0,
                                                                        "Total Cost": 260486.52,
                                                                        "Plan Rows": 1367585,
                                                                        "Plan Width": 8,
                                                                        "Actual Startup Time": 0.014,
                                                                        "Actual Total Time": 140.129,
                                                                        "Actual Rows": 852113,
                                                                        "Actual Loops": 8,
                                                                        "Filter": "((reputation >= 10) AND (reputation <= 100000))",
                                                                        "Rows Removed by Filter": 1785050,
                                                                        "Workers": []
                                                                    },
                                                                    {
                                                                        "Node Type": "Hash",
                                                                        "Parent Relationship": "Inner",
                                                                        "Parallel Aware": true,
                                                                        "Async Capable": false,
                                                                        "Startup Cost": 1997182.36,
                                                                        "Total Cost": 1997182.36,
                                                                        "Plan Rows": 1,
                                                                        "Plan Width": 39,
                                                                        "Actual Startup Time": 961.933,
                                                                        "Actual Total Time": 961.939,
                                                                        "Actual Rows": 221,
                                                                        "Actual Loops": 8,
                                                                        "Hash Buckets": 1024,
                                                                        "Original Hash Buckets": 1024,
                                                                        "Hash Batches": 1,
                                                                        "Original Hash Batches": 1,
                                                                        "Peak Memory Usage": 264,
                                                                        "Workers": [],
                                                                        "Plans": [
                                                                            {
                                                                                "Node Type": "Hash Join",
                                                                                "Parent Relationship": "Outer",
                                                                                "Parallel Aware": true,
                                                                                "Async Capable": false,
                                                                                "Join Type": "Inner",
                                                                                "Startup Cost": 296022.37,
                                                                                "Total Cost": 1997182.36,
                                                                                "Plan Rows": 1,
                                                                                "Plan Width": 39,
                                                                                "Actual Startup Time": 394.504,
                                                                                "Actual Total Time": 961.837,
                                                                                "Actual Rows": 221,
                                                                                "Actual Loops": 8,
                                                                                "Inner Unique": false,
                                                                                "Hash Cond": "((q1.id = tq1.question_id) AND (q1.site_id = s.site_id))",
                                                                                "Workers": [],
                                                                                "Plans": [
                                                                                    {
                                                                                        "Node Type": "Seq Scan",
                                                                                        "Parent Relationship": "Outer",
                                                                                        "Parallel Aware": true,
                                                                                        "Async Capable": false,
                                                                                        "Relation Name": "question",
                                                                                        "Alias": "q1",
                                                                                        "Startup Cost": 0.0,
                                                                                        "Total Cost": 1691290.18,
                                                                                        "Plan Rows": 1315973,
                                                                                        "Plan Width": 12,
                                                                                        "Actual Startup Time": 0.024,
                                                                                        "Actual Total Time": 486.721,
                                                                                        "Actual Rows": 1155644,
                                                                                        "Actual Loops": 8,
                                                                                        "Filter": "((view_count >= 10) AND (view_count <= 1000))",
                                                                                        "Rows Removed by Filter": 427662,
                                                                                        "Workers": []
                                                                                    },
                                                                                    {
                                                                                        "Node Type": "Hash",
                                                                                        "Parent Relationship": "Inner",
                                                                                        "Parallel Aware": true,
                                                                                        "Async Capable": false,
                                                                                        "Startup Cost": 296022.31,
                                                                                        "Total Cost": 296022.31,
                                                                                        "Plan Rows": 4,
                                                                                        "Plan Width": 27,
                                                                                        "Actual Startup Time": 383.648,
                                                                                        "Actual Total Time": 383.652,
                                                                                        "Actual Rows": 237,
                                                                                        "Actual Loops": 8,
                                                                                        "Hash Buckets": 1024,
                                                                                        "Original Hash Buckets": 1024,
                                                                                        "Hash Batches": 1,
                                                                                        "Original Hash Batches": 1,
                                                                                        "Peak Memory Usage": 264,
                                                                                        "Workers": [],
                                                                                        "Plans": [
                                                                                            {
                                                                                                "Node Type": "Hash Join",
                                                                                                "Parent Relationship": "Outer",
                                                                                                "Parallel Aware": true,
                                                                                                "Async Capable": false,
                                                                                                "Join Type": "Inner",
                                                                                                "Startup Cost": 2576.54,
                                                                                                "Total Cost": 296022.31,
                                                                                                "Plan Rows": 4,
                                                                                                "Plan Width": 27,
                                                                                                "Actual Startup Time": 328.72,
                                                                                                "Actual Total Time": 383.483,
                                                                                                "Actual Rows": 237,
                                                                                                "Actual Loops": 8,
                                                                                                "Inner Unique": true,
                                                                                                "Hash Cond": "((s.site_id = t1.site_id) AND (tq1.tag_id = t1.id))",
                                                                                                "Workers": [],
                                                                                                "Plans": [
                                                                                                    {
                                                                                                        "Node Type": "Hash Join",
                                                                                                        "Parent Relationship": "Outer",
                                                                                                        "Parallel Aware": false,
                                                                                                        "Async Capable": false,
                                                                                                        "Join Type": "Inner",
                                                                                                        "Startup Cost": 3.19,
                                                                                                        "Total Cost": 293001.23,
                                                                                                        "Plan Rows": 85281,
                                                                                                        "Plan Width": 16,
                                                                                                        "Actual Startup Time": 293.259,
                                                                                                        "Actual Total Time": 372.803,
                                                                                                        "Actual Rows": 240748,
                                                                                                        "Actual Loops": 8,
                                                                                                        "Inner Unique": true,
                                                                                                        "Hash Cond": "(tq1.site_id = s.site_id)",
                                                                                                        "Workers": [],
                                                                                                        "Plans": [
                                                                                                            {
                                                                                                                "Node Type": "Seq Scan",
                                                                                                                "Parent Relationship": "Outer",
                                                                                                                "Parallel Aware": true,
                                                                                                                "Async Capable": false,
                                                                                                                "Relation Name": "tag_question",
                                                                                                                "Alias": "tq1",
                                                                                                                "Startup Cost": 0.0,
                                                                                                                "Total Cost": 273159.66,
                                                                                                                "Plan Rows": 7376766,
                                                                                                                "Plan Width": 12,
                                                                                                                "Actual Startup Time": 0.019,
                                                                                                                "Actual Total Time": 197.465,
                                                                                                                "Actual Rows": 4610477,
                                                                                                                "Actual Loops": 8,
                                                                                                                "Workers": []
                                                                                                            },
                                                                                                            {
                                                                                                                "Node Type": "Hash",
                                                                                                                "Parent Relationship": "Inner",
                                                                                                                "Parallel Aware": false,
                                                                                                                "Async Capable": false,
                                                                                                                "Startup Cost": 3.16,
                                                                                                                "Total Cost": 3.16,
                                                                                                                "Plan Rows": 2,
                                                                                                                "Plan Width": 4,
                                                                                                                "Actual Startup Time": 0.023,
                                                                                                                "Actual Total Time": 0.024,
                                                                                                                "Actual Rows": 2,
                                                                                                                "Actual Loops": 8,
                                                                                                                "Hash Buckets": 1024,
                                                                                                                "Original Hash Buckets": 1024,
                                                                                                                "Hash Batches": 1,
                                                                                                                "Original Hash Batches": 1,
                                                                                                                "Peak Memory Usage": 9,
                                                                                                                "Workers": [],
                                                                                                                "Plans": [
                                                                                                                    {
                                                                                                                        "Node Type": "Seq Scan",
                                                                                                                        "Parent Relationship": "Outer",
                                                                                                                        "Parallel Aware": false,
                                                                                                                        "Async Capable": false,
                                                                                                                        "Relation Name": "site",
                                                                                                                        "Alias": "s",
                                                                                                                        "Startup Cost": 0.0,
                                                                                                                        "Total Cost": 3.16,
                                                                                                                        "Plan Rows": 2,
                                                                                                                        "Plan Width": 4,
                                                                                                                        "Actual Startup Time": 0.01,
                                                                                                                        "Actual Total Time": 0.02,
                                                                                                                        "Actual Rows": 2,
                                                                                                                        "Actual Loops": 8,
                                                                                                                        "Filter": "((site_name)::text = ANY ('{askubuntu,math}'::text[]))",
                                                                                                                        "Rows Removed by Filter": 171,
                                                                                                                        "Workers": []
                                                                                                                    }
                                                                                                                ]
                                                                                                            }
                                                                                                        ]
                                                                                                    },
                                                                                                    {
                                                                                                        "Node Type": "Hash",
                                                                                                        "Parent Relationship": "Inner",
                                                                                                        "Parallel Aware": true,
                                                                                                        "Async Capable": false,
                                                                                                        "Startup Cost": 2573.31,
                                                                                                        "Total Cost": 2573.31,
                                                                                                        "Plan Rows": 3,
                                                                                                        "Plan Width": 19,
                                                                                                        "Actual Startup Time": 1.824,
                                                                                                        "Actual Total Time": 1.825,
                                                                                                        "Actual Rows": 0,
                                                                                                        "Actual Loops": 8,
                                                                                                        "Hash Buckets": 1024,
                                                                                                        "Original Hash Buckets": 1024,
                                                                                                        "Hash Batches": 1,
                                                                                                        "Original Hash Batches": 1,
                                                                                                        "Peak Memory Usage": 104,
                                                                                                        "Workers": [],
                                                                                                        "Plans": [
                                                                                                            {
                                                                                                                "Node Type": "Seq Scan",
                                                                                                                "Parent Relationship": "Outer",
                                                                                                                "Parallel Aware": true,
                                                                                                                "Async Capable": false,
                                                                                                                "Relation Name": "tag",
                                                                                                                "Alias": "t1",
                                                                                                                "Startup Cost": 0.0,
                                                                                                                "Total Cost": 2573.31,
                                                                                                                "Plan Rows": 3,
                                                                                                                "Plan Width": 19,
                                                                                                                "Actual Startup Time": 1.261,
                                                                                                                "Actual Total Time": 1.796,
                                                                                                                "Actual Rows": 0,
                                                                                                                "Actual Loops": 8,
                                                                                                                "Filter": "((name)::text = ANY ('{congruences,sheaf-theory}'::text[]))",
                                                                                                                "Rows Removed by Filter": 23346,
                                                                                                                "Workers": []
                                                                                                            }
                                                                                                        ]
                                                                                                    }
                                                                                                ]
                                                                                            }
                                                                                        ]
                                                                                    }
                                                                                ]
                                                                            }
                                                                        ]
                                                                    }
                                                                ]
                                                            }
                                                        ]
                                                    }
                                                ]
                                            }
                                        ]
                                    }
                                ]
                            }
                        ]
                    },
                    "Planning Time": 3.421,
                    "Triggers": [],
                    "Execution Time": 1444.229
                }
            ],
            "hints": [
                "SET enable_hashjoin TO on",
                "SET enable_indexonlyscan TO on",
                "SET enable_indexscan TO off",
                "SET enable_mergejoin TO off",
                "SET enable_nestloop TO off",
                "SET enable_seqscan TO on"
            ]
        },
        {
            "arm": 4,
            "execution_time": 13.946,
            "plan": [
                {
                    "Plan": {
                        "Node Type": "Aggregate",
                        "Strategy": "Sorted",
                        "Partial Mode": "Simple",
                        "Parallel Aware": false,
                        "Async Capable": false,
                        "Startup Cost": 3730.27,
                        "Total Cost": 3743.56,
                        "Plan Rows": 1,
                        "Plan Width": 19,
                        "Actual Startup Time": 13.137,
                        "Actual Total Time": 13.902,
                        "Actual Rows": 2,
                        "Actual Loops": 1,
                        "Group Key": [
                            "t1.name"
                        ],
                        "Plans": [
                            {
                                "Node Type": "Nested Loop",
                                "Parent Relationship": "Outer",
                                "Parallel Aware": false,
                                "Async Capable": false,
                                "Join Type": "Inner",
                                "Startup Cost": 3730.27,
                                "Total Cost": 3743.55,
                                "Plan Rows": 1,
                                "Plan Width": 11,
                                "Actual Startup Time": 11.713,
                                "Actual Total Time": 13.894,
                                "Actual Rows": 29,
                                "Actual Loops": 1,
                                "Inner Unique": true,
                                "Join Filter": "(s.site_id = u1.site_id)",
                                "Rows Removed by Join Filter": 0,
                                "Plans": [
                                    {
                                        "Node Type": "Nested Loop",
                                        "Parent Relationship": "Outer",
                                        "Parallel Aware": false,
                                        "Async Capable": false,
                                        "Join Type": "Inner",
                                        "Startup Cost": 3729.84,
                                        "Total Cost": 3736.53,
                                        "Plan Rows": 1,
                                        "Plan Width": 39,
                                        "Actual Startup Time": 11.706,
                                        "Actual Total Time": 13.793,
                                        "Actual Rows": 29,
                                        "Actual Loops": 1,
                                        "Inner Unique": true,
                                        "Join Filter": "((a1.owner_user_id = q1.owner_user_id) AND (q1.id = a1.question_id) AND (s.site_id = q1.site_id))",
                                        "Rows Removed by Join Filter": 711,
                                        "Plans": [
                                            {
                                                "Node Type": "Gather Merge",
                                                "Parent Relationship": "Outer",
                                                "Parallel Aware": false,
                                                "Async Capable": false,
                                                "Startup Cost": 3729.4,
                                                "Total Cost": 3729.52,
                                                "Plan Rows": 1,
                                                "Plan Width": 39,
                                                "Actual Startup Time": 11.635,
                                                "Actual Total Time": 11.912,
                                                "Actual Rows": 860,
                                                "Actual Loops": 1,
                                                "Workers Planned": 1,
                                                "Workers Launched": 1,
                                                "Plans": [
                                                    {
                                                        "Node Type": "Sort",
                                                        "Parent Relationship": "Outer",
                                                        "Parallel Aware": false,
                                                        "Async Capable": false,
                                                        "Startup Cost": 2729.39,
                                                        "Total Cost": 2729.4,
                                                        "Plan Rows": 1,
                                                        "Plan Width": 39,
                                                        "Actual Startup Time": 9.892,
                                                        "Actual Total Time": 9.904,
                                                        "Actual Rows": 430,
                                                        "Actual Loops": 2,
                                                        "Sort Key": [
                                                            "t1.name"
                                                        ],
                                                        "Sort Method": "quicksort",
                                                        "Sort Space Used": 41,
                                                        "Sort Space Type": "Memory",
                                                        "Workers": [
                                                            {
                                                                "Worker Number": 0,
                                                                "Sort Method": "quicksort",
                                                                "Sort Space Used": 64,
                                                                "Sort Space Type": "Memory"
                                                            }
                                                        ],
                                                        "Plans": [
                                                            {
                                                                "Node Type": "Nested Loop",
                                                                "Parent Relationship": "Outer",
                                                                "Parallel Aware": false,
                                                                "Async Capable": false,
                                                                "Join Type": "Inner",
                                                                "Startup Cost": 4.18,
                                                                "Total Cost": 2729.38,
                                                                "Plan Rows": 1,
                                                                "Plan Width": 39,
                                                                "Actual Startup Time": 1.993,
                                                                "Actual Total Time": 9.801,
                                                                "Actual Rows": 430,
                                                                "Actual Loops": 2,
                                                                "Inner Unique": false,
                                                                "Join Filter": "(s.site_id = a1.site_id)",
                                                                "Rows Removed by Join Filter": 0,
                                                                "Workers": [],
                                                                "Plans": [
                                                                    {
                                                                        "Node Type": "Nested Loop",
                                                                        "Parent Relationship": "Outer",
                                                                        "Parallel Aware": false,
                                                                        "Async Capable": false,
                                                                        "Join Type": "Inner",
                                                                        "Startup Cost": 3.75,
                                                                        "Total Cost": 2638.58,
                                                                        "Plan Rows": 13,
                                                                        "Plan Width": 27,
                                                                        "Actual Startup Time": 1.962,
                                                                        "Actual Total Time": 7.198,
                                                                        "Actual Rows": 947,
                                                                        "Actual Loops": 2,
                                                                        "Inner Unique": false,
                                                                        "Join Filter": "(s.site_id = tq1.site_id)",
                                                                        "Rows Removed by Join Filter": 0,
                                                                        "Workers": [],
                                                                        "Plans": [
                                                                            {
                                                                                "Node Type": "Hash Join",
                                                                                "Parent Relationship": "Outer",
                                                                                "Parallel Aware": false,
                                                                                "Async Capable": false,
                                                                                "Join Type": "Inner",
                                                                                "Startup Cost": 3.19,
                                                                                "Total Cost": 2576.5,
                                                                                "Plan Rows": 1,
                                                                                "Plan Width": 23,
                                                                                "Actual Startup Time": 1.912,
                                                                                "Actual Total Time": 5.698,
                                                                                "Actual Rows": 1,
                                                                                "Actual Loops": 2,
                                                                                "Inner Unique": true,
                                                                                "Hash Cond": "(t1.site_id = s.site_id)",
                                                                                "Workers": [],
                                                                                "Plans": [
                                                                                    {
                                                                                        "Node Type": "Seq Scan",
                                                                                        "Parent Relationship": "Outer",
                                                                                        "Parallel Aware": true,
                                                                                        "Async Capable": false,
                                                                                        "Relation Name": "tag",
                                                                                        "Alias": "t1",
                                                                                        "Startup Cost": 0.0,
                                                                                        "Total Cost": 2573.31,
                                                                                        "Plan Rows": 3,
                                                                                        "Plan Width": 19,
                                                                                        "Actual Startup Time": 1.828,
                                                                                        "Actual Total Time": 5.612,
                                                                                        "Actual Rows": 2,
                                                                                        "Actual Loops": 2,
                                                                                        "Filter": "((name)::text = ANY ('{congruences,sheaf-theory}'::text[]))",
                                                                                        "Rows Removed by Filter": 93383,
                                                                                        "Workers": []
                                                                                    },
                                                                                    {
                                                                                        "Node Type": "Hash",
                                                                                        "Parent Relationship": "Inner",
                                                                                        "Parallel Aware": false,
                                                                                        "Async Capable": false,
                                                                                        "Startup Cost": 3.16,
                                                                                        "Total Cost": 3.16,
                                                                                        "Plan Rows": 2,
                                                                                        "Plan Width": 4,
                                                                                        "Actual Startup Time": 0.025,
                                                                                        "Actual Total Time": 0.026,
                                                                                        "Actual Rows": 2,
                                                                                        "Actual Loops": 2,
                                                                                        "Hash Buckets": 1024,
                                                                                        "Original Hash Buckets": 1024,
                                                                                        "Hash Batches": 1,
                                                                                        "Original Hash Batches": 1,
                                                                                        "Peak Memory Usage": 9,
                                                                                        "Workers": [],
                                                                                        "Plans": [
                                                                                            {
                                                                                                "Node Type": "Seq Scan",
                                                                                                "Parent Relationship": "Outer",
                                                                                                "Parallel Aware": false,
                                                                                                "Async Capable": false,
                                                                                                "Relation Name": "site",
                                                                                                "Alias": "s",
                                                                                                "Startup Cost": 0.0,
                                                                                                "Total Cost": 3.16,
                                                                                                "Plan Rows": 2,
                                                                                                "Plan Width": 4,
                                                                                                "Actual Startup Time": 0.011,
                                                                                                "Actual Total Time": 0.021,
                                                                                                "Actual Rows": 2,
                                                                                                "Actual Loops": 2,
                                                                                                "Filter": "((site_name)::text = ANY ('{askubuntu,math}'::text[]))",
                                                                                                "Rows Removed by Filter": 171,
                                                                                                "Workers": []
                                                                                            }
                                                                                        ]
                                                                                    }
                                                                                ]
                                                                            },
                                                                            {
                                                                                "Node Type": "Index Only Scan",
                                                                                "Parent Relationship": "Inner",
                                                                                "Parallel Aware": false,
                                                                                "Async Capable": false,
                                                                                "Scan Direction": "Forward",
                                                                                "Index Name": "tag_question_site_id_tag_id_question_id_idx",
                                                                                "Relation Name": "tag_question",
                                                                                "Alias": "tq1",
                                                                                "Startup Cost": 0.56,
                                                                                "Total Cost": 61.69,
                                                                                "Plan Rows": 31,
                                                                                "Plan Width": 12,
                                                                                "Actual Startup Time": 0.048,
                                                                                "Actual Total Time": 1.438,
                                                                                "Actual Rows": 947,
                                                                                "Actual Loops": 2,
                                                                                "Index Cond": "((site_id = t1.site_id) AND (tag_id = t1.id))",
                                                                                "Rows Removed by Index Recheck": 0,
                                                                                "Heap Fetches": 1894,
                                                                                "Workers": []
                                                                            }
                                                                        ]
                                                                    },
                                                                    {
                                                                        "Node Type": "Index Scan",
                                                                        "Parent Relationship": "Inner",
                                                                        "Parallel Aware": false,
                                                                        "Async Capable": false,
                                                                        "Scan Direction": "Forward",
                                                                        "Index Name": "answer_site_id_question_id_idx",
                                                                        "Relation Name": "answer",
                                                                        "Alias": "a1",
                                                                        "Startup Cost": 0.43,
                                                                        "Total Cost": 6.97,
                                                                        "Plan Rows": 1,
                                                                        "Plan Width": 12,
                                                                        "Actual Startup Time": 0.002,
                                                                        "Actual Total Time": 0.003,
                                                                        "Actual Rows": 0,
                                                                        "Actual Loops": 1894,
                                                                        "Index Cond": "((site_id = tq1.site_id) AND (question_id = tq1.question_id))",
                                                                        "Rows Removed by Index Recheck": 0,
                                                                        "Workers": []
                                                                    }
                                                                ]
                                                            }
                                                        ]
                                                    }
                                                ]
                                            },
                                            {
                                                "Node Type": "Index Scan",
                                                "Parent Relationship": "Inner",
                                                "Parallel Aware": false,
                                                "Async Capable": false,
                                                "Scan Direction": "Forward",
                                                "Index Name": "question_pkey",
                                                "Relation Name": "question",
                                                "Alias": "q1",
                                                "Startup Cost": 0.43,
                                                "Total Cost": 6.99,
                                                "Plan Rows": 1,
                                                "Plan Width": 12,
                                                "Actual Startup Time": 0.002,
                                                "Actual Total Time": 0.002,
                                                "Actual Rows": 1,
                                                "Actual Loops": 860,
                                                "Index Cond": "((id = tq1.question_id) AND (site_id = tq1.site_id))",
                                                "Rows Removed by Index Recheck": 0,
                                                "Filter": "((view_count >= 10) AND (view_count <= 1000))",
                                                "Rows Removed by Filter": 0
                                            }
                                        ]
                                    },
                                    {
                                        "Node Type": "Index Scan",
                                        "Parent Relationship": "Inner",
                                        "Parallel Aware": false,
                                        "Async Capable": false,
                                        "Scan Direction": "Forward",
                                        "Index Name": "so_user_pkey",
                                        "Relation Name": "so_user",
                                        "Alias": "u1",
                                        "Startup Cost": 0.44,
                                        "Total Cost": 7.0,
                                        "Plan Rows": 1,
                                        "Plan Width": 8,
                                        "Actual Startup Time": 0.003,
                                        "Actual Total Time": 0.003,
                                        "Actual Rows": 1,
                                        "Actual Loops": 29,
                                        "Index Cond": "((id = q1.owner_user_id) AND (site_id = q1.site_id))",
                                        "Rows Removed by Index Recheck": 0,
                                        "Filter": "((reputation >= 10) AND (reputation <= 100000))",
                                        "Rows Removed by Filter": 0
                                    }
                                ]
                            }
                        ]
                    },
                    "Planning Time": 3.616,
                    "Triggers": [],
                    "Execution Time": 13.946
                }
            ],
            "hints": [
                "SET enable_hashjoin TO on",
                "SET enable_indexonlyscan TO on",
                "SET enable_indexscan TO on",
                "SET enable_mergejoin TO off",
                "SET enable_nestloop TO on",
                "SET enable_seqscan TO on"
            ]
        }
    ]
}