{
    "sql_file": "soload_q15-005.sql",
    "query": "SELECT b1.name, count(*)\nFROM\nsite as s,\nso_user as u1,\ntag as t1,\ntag_question as tq1,\nquestion as q1,\nbadge as b1,\naccount as acc\nWHERE\ns.site_id = u1.site_id\nAND s.site_id = b1.site_id\nAND s.site_id = t1.site_id\nAND s.site_id = tq1.site_id\nAND s.site_id = q1.site_id\nAND t1.id = tq1.tag_id\nAND q1.id = tq1.question_id\nAND q1.owner_user_id = u1.id\nAND acc.id = u1.account_id\nAND b1.user_id = u1.id\nAND (q1.view_count >= 100)\nAND (q1.view_count <= 100000)\nAND (s.site_name in ('stackoverflow','superuser'))\nAND (t1.name in ('corpus','httplistener','modx-revolution'))\nAND (acc.website_url ILIKE ('%'))\nGROUP BY b1.name\nORDER BY COUNT(*)\nDESC\nLIMIT 100",
    "results": [
        {
            "arm": 0,
            "execution_time": 174.311,
            "plan": [
                {
                    "Plan": {
                        "Node Type": "Limit",
                        "Parallel Aware": false,
                        "Async Capable": false,
                        "Startup Cost": 3940.93,
                        "Total Cost": 3940.94,
                        "Plan Rows": 1,
                        "Plan Width": 19,
                        "Actual Startup Time": 167.392,
                        "Actual Total Time": 174.264,
                        "Actual Rows": 80,
                        "Actual Loops": 1,
                        "Plans": [
                            {
                                "Node Type": "Sort",
                                "Parent Relationship": "Outer",
                                "Parallel Aware": false,
                                "Async Capable": false,
                                "Startup Cost": 3940.93,
                                "Total Cost": 3940.94,
                                "Plan Rows": 1,
                                "Plan Width": 19,
                                "Actual Startup Time": 167.391,
                                "Actual Total Time": 174.26,
                                "Actual Rows": 80,
                                "Actual Loops": 1,
                                "Sort Key": [
                                    "(count(*)) DESC"
                                ],
                                "Sort Method": "quicksort",
                                "Sort Space Used": 30,
                                "Sort Space Type": "Memory",
                                "Plans": [
                                    {
                                        "Node Type": "Aggregate",
                                        "Strategy": "Sorted",
                                        "Partial Mode": "Simple",
                                        "Parent Relationship": "Outer",
                                        "Parallel Aware": false,
                                        "Async Capable": false,
                                        "Startup Cost": 3940.9,
                                        "Total Cost": 3940.92,
                                        "Plan Rows": 1,
                                        "Plan Width": 19,
                                        "Actual Startup Time": 166.24,
                                        "Actual Total Time": 174.244,
                                        "Actual Rows": 80,
                                        "Actual Loops": 1,
                                        "Group Key": [
                                            "b1.name"
                                        ],
                                        "Plans": [
                                            {
                                                "Node Type": "Sort",
                                                "Parent Relationship": "Outer",
                                                "Parallel Aware": false,
                                                "Async Capable": false,
                                                "Startup Cost": 3940.9,
                                                "Total Cost": 3940.91,
                                                "Plan Rows": 1,
                                                "Plan Width": 11,
                                                "Actual Startup Time": 166.233,
                                                "Actual Total Time": 173.494,
                                                "Actual Rows": 17601,
                                                "Actual Loops": 1,
                                                "Sort Key": [
                                                    "b1.name"
                                                ],
                                                "Sort Method": "quicksort",
                                                "Sort Space Used": 1224,
                                                "Sort Space Type": "Memory",
                                                "Plans": [
                                                    {
                                                        "Node Type": "Nested Loop",
                                                        "Parent Relationship": "Outer",
                                                        "Parallel Aware": false,
                                                        "Async Capable": false,
                                                        "Join Type": "Inner",
                                                        "Startup Cost": 3716.31,
                                                        "Total Cost": 3940.89,
                                                        "Plan Rows": 1,
                                                        "Plan Width": 11,
                                                        "Actual Startup Time": 9.52,
                                                        "Actual Total Time": 170.913,
                                                        "Actual Rows": 17601,
                                                        "Actual Loops": 1,
                                                        "Inner Unique": true,
                                                        "Plans": [
                                                            {
                                                                "Node Type": "Gather",
                                                                "Parent Relationship": "Outer",
                                                                "Parallel Aware": false,
                                                                "Async Capable": false,
                                                                "Startup Cost": 3715.87,
                                                                "Total Cost": 3934.06,
                                                                "Plan Rows": 1,
                                                                "Plan Width": 15,
                                                                "Actual Startup Time": 8.737,
                                                                "Actual Total Time": 93.285,
                                                                "Actual Rows": 41200,
                                                                "Actual Loops": 1,
                                                                "Workers Planned": 1,
                                                                "Workers Launched": 1,
                                                                "Single Copy": false,
                                                                "Plans": [
                                                                    {
                                                                        "Node Type": "Nested Loop",
                                                                        "Parent Relationship": "Outer",
                                                                        "Parallel Aware": false,
                                                                        "Async Capable": false,
                                                                        "Join Type": "Inner",
                                                                        "Startup Cost": 2715.87,
                                                                        "Total Cost": 2933.96,
                                                                        "Plan Rows": 1,
                                                                        "Plan Width": 15,
                                                                        "Actual Startup Time": 7.317,
                                                                        "Actual Total Time": 104.032,
                                                                        "Actual Rows": 20600,
                                                                        "Actual Loops": 2,
                                                                        "Inner Unique": false,
                                                                        "Join Filter": "((s.site_id = b1.site_id) AND (b1.user_id = q1.owner_user_id))",
                                                                        "Rows Removed by Join Filter": 0,
                                                                        "Workers": [],
                                                                        "Plans": [
                                                                            {
                                                                                "Node Type": "Nested Loop",
                                                                                "Parent Relationship": "Outer",
                                                                                "Parallel Aware": false,
                                                                                "Async Capable": false,
                                                                                "Join Type": "Inner",
                                                                                "Startup Cost": 2715.31,
                                                                                "Total Cost": 2926.83,
                                                                                "Plan Rows": 1,
                                                                                "Plan Width": 32,
                                                                                "Actual Startup Time": 7.183,
                                                                                "Actual Total Time": 36.308,
                                                                                "Actual Rows": 299,
                                                                                "Actual Loops": 2,
                                                                                "Inner Unique": true,
                                                                                "Join Filter": "(s.site_id = u1.site_id)",
                                                                                "Rows Removed by Join Filter": 0,
                                                                                "Workers": [],
                                                                                "Plans": [
                                                                                    {
                                                                                        "Node Type": "Nested Loop",
                                                                                        "Parent Relationship": "Outer",
                                                                                        "Parallel Aware": false,
                                                                                        "Async Capable": false,
                                                                                        "Join Type": "Inner",
                                                                                        "Startup Cost": 2714.87,
                                                                                        "Total Cost": 2865.07,
                                                                                        "Plan Rows": 9,
                                                                                        "Plan Width": 20,
                                                                                        "Actual Startup Time": 7.102,
                                                                                        "Actual Total Time": 21.209,
                                                                                        "Actual Rows": 299,
                                                                                        "Actual Loops": 2,
                                                                                        "Inner Unique": true,
                                                                                        "Join Filter": "(s.site_id = q1.site_id)",
                                                                                        "Rows Removed by Join Filter": 0,
                                                                                        "Workers": [],
                                                                                        "Plans": [
                                                                                            {
                                                                                                "Node Type": "Nested Loop",
                                                                                                "Parent Relationship": "Outer",
                                                                                                "Parallel Aware": false,
                                                                                                "Async Capable": false,
                                                                                                "Join Type": "Inner",
                                                                                                "Startup Cost": 2714.44,
                                                                                                "Total Cost": 2775.99,
                                                                                                "Plan Rows": 13,
                                                                                                "Plan Width": 16,
                                                                                                "Actual Startup Time": 7.031,
                                                                                                "Actual Total Time": 8.533,
                                                                                                "Actual Rows": 367,
                                                                                                "Actual Loops": 2,
                                                                                                "Inner Unique": false,
                                                                                                "Join Filter": "(s.site_id = tq1.site_id)",
                                                                                                "Rows Removed by Join Filter": 0,
                                                                                                "Workers": [],
                                                                                                "Plans": [
                                                                                                    {
                                                                                                        "Node Type": "Merge Join",
                                                                                                        "Parent Relationship": "Outer",
                                                                                                        "Parallel Aware": false,
                                                                                                        "Async Capable": false,
                                                                                                        "Join Type": "Inner",
                                                                                                        "Startup Cost": 2713.87,
                                                                                                        "Total Cost": 2713.92,
                                                                                                        "Plan Rows": 1,
                                                                                                        "Plan Width": 12,
                                                                                                        "Actual Startup Time": 6.791,
                                                                                                        "Actual Total Time": 6.794,
                                                                                                        "Actual Rows": 2,
                                                                                                        "Actual Loops": 2,
                                                                                                        "Inner Unique": true,
                                                                                                        "Merge Cond": "(t1.site_id = s.site_id)",
                                                                                                        "Workers": [],
                                                                                                        "Plans": [
                                                                                                            {
                                                                                                                "Node Type": "Sort",
                                                                                                                "Parent Relationship": "Outer",
                                                                                                                "Parallel Aware": false,
                                                                                                                "Async Capable": false,
                                                                                                                "Startup Cost": 2710.7,
                                                                                                                "Total Cost": 2710.71,
                                                                                                                "Plan Rows": 5,
                                                                                                                "Plan Width": 8,
                                                                                                                "Actual Startup Time": 6.765,
                                                                                                                "Actual Total Time": 6.766,
                                                                                                                "Actual Rows": 2,
                                                                                                                "Actual Loops": 2,
                                                                                                                "Sort Key": [
                                                                                                                    "t1.site_id"
                                                                                                                ],
                                                                                                                "Sort Method": "quicksort",
                                                                                                                "Sort Space Used": 25,
                                                                                                                "Sort Space Type": "Memory",
                                                                                                                "Workers": [
                                                                                                                    {
                                                                                                                        "Worker Number": 0,
                                                                                                                        "Sort Method": "quicksort",
                                                                                                                        "Sort Space Used": 25,
                                                                                                                        "Sort Space Type": "Memory"
                                                                                                                    }
                                                                                                                ],
                                                                                                                "Plans": [
                                                                                                                    {
                                                                                                                        "Node Type": "Seq Scan",
                                                                                                                        "Parent Relationship": "Outer",
                                                                                                                        "Parallel Aware": true,
                                                                                                                        "Async Capable": false,
                                                                                                                        "Relation Name": "tag",
                                                                                                                        "Alias": "t1",
                                                                                                                        "Startup Cost": 0.0,
                                                                                                                        "Total Cost": 2710.64,
                                                                                                                        "Plan Rows": 5,
                                                                                                                        "Plan Width": 8,
                                                                                                                        "Actual Startup Time": 4.425,
                                                                                                                        "Actual Total Time": 6.754,
                                                                                                                        "Actual Rows": 2,
                                                                                                                        "Actual Loops": 2,
                                                                                                                        "Filter": "((name)::text = ANY ('{corpus,httplistener,modx-revolution}'::text[]))",
                                                                                                                        "Rows Removed by Filter": 93384,
                                                                                                                        "Workers": []
                                                                                                                    }
                                                                                                                ]
                                                                                                            },
                                                                                                            {
                                                                                                                "Node Type": "Sort",
                                                                                                                "Parent Relationship": "Inner",
                                                                                                                "Parallel Aware": false,
                                                                                                                "Async Capable": false,
                                                                                                                "Startup Cost": 3.17,
                                                                                                                "Total Cost": 3.18,
                                                                                                                "Plan Rows": 2,
                                                                                                                "Plan Width": 4,
                                                                                                                "Actual Startup Time": 0.024,
                                                                                                                "Actual Total Time": 0.024,
                                                                                                                "Actual Rows": 1,
                                                                                                                "Actual Loops": 2,
                                                                                                                "Sort Key": [
                                                                                                                    "s.site_id"
                                                                                                                ],
                                                                                                                "Sort Method": "quicksort",
                                                                                                                "Sort Space Used": 25,
                                                                                                                "Sort Space Type": "Memory",
                                                                                                                "Workers": [
                                                                                                                    {
                                                                                                                        "Worker Number": 0,
                                                                                                                        "Sort Method": "quicksort",
                                                                                                                        "Sort Space Used": 25,
                                                                                                                        "Sort Space Type": "Memory"
                                                                                                                    }
                                                                                                                ],
                                                                                                                "Plans": [
                                                                                                                    {
                                                                                                                        "Node Type": "Seq Scan",
                                                                                                                        "Parent Relationship": "Outer",
                                                                                                                        "Parallel Aware": false,
                                                                                                                        "Async Capable": false,
                                                                                                                        "Relation Name": "site",
                                                                                                                        "Alias": "s",
                                                                                                                        "Startup Cost": 0.0,
                                                                                                                        "Total Cost": 3.16,
                                                                                                                        "Plan Rows": 2,
                                                                                                                        "Plan Width": 4,
                                                                                                                        "Actual Startup Time": 0.018,
                                                                                                                        "Actual Total Time": 0.019,
                                                                                                                        "Actual Rows": 2,
                                                                                                                        "Actual Loops": 2,
                                                                                                                        "Filter": "((site_name)::text = ANY ('{stackoverflow,superuser}'::text[]))",
                                                                                                                        "Rows Removed by Filter": 171,
                                                                                                                        "Workers": []
                                                                                                                    }
                                                                                                                ]
                                                                                                            }
                                                                                                        ]
                                                                                                    },
                                                                                                    {
                                                                                                        "Node Type": "Index Only Scan",
                                                                                                        "Parent Relationship": "Inner",
                                                                                                        "Parallel Aware": false,
                                                                                                        "Async Capable": false,
                                                                                                        "Scan Direction": "Forward",
                                                                                                        "Index Name": "tag_question_site_id_tag_id_question_id_idx",
                                                                                                        "Relation Name": "tag_question",
                                                                                                        "Alias": "tq1",
                                                                                                        "Startup Cost": 0.56,
                                                                                                        "Total Cost": 61.69,
                                                                                                        "Plan Rows": 31,
                                                                                                        "Plan Width": 12,
                                                                                                        "Actual Startup Time": 0.217,
                                                                                                        "Actual Total Time": 1.132,
                                                                                                        "Actual Rows": 245,
                                                                                                        "Actual Loops": 3,
                                                                                                        "Index Cond": "((site_id = t1.site_id) AND (tag_id = t1.id))",
                                                                                                        "Rows Removed by Index Recheck": 0,
                                                                                                        "Heap Fetches": 734,
                                                                                                        "Workers": []
                                                                                                    }
                                                                                                ]
                                                                                            },
                                                                                            {
                                                                                                "Node Type": "Index Scan",
                                                                                                "Parent Relationship": "Inner",
                                                                                                "Parallel Aware": false,
                                                                                                "Async Capable": false,
                                                                                                "Scan Direction": "Forward",
                                                                                                "Index Name": "question_pkey",
                                                                                                "Relation Name": "question",
                                                                                                "Alias": "q1",
                                                                                                "Startup Cost": 0.43,
                                                                                                "Total Cost": 6.84,
                                                                                                "Plan Rows": 1,
                                                                                                "Plan Width": 12,
                                                                                                "Actual Startup Time": 0.034,
                                                                                                "Actual Total Time": 0.034,
                                                                                                "Actual Rows": 1,
                                                                                                "Actual Loops": 734,
                                                                                                "Index Cond": "((id = tq1.question_id) AND (site_id = tq1.site_id))",
                                                                                                "Rows Removed by Index Recheck": 0,
                                                                                                "Filter": "((view_count >= 100) AND (view_count <= 100000))",
                                                                                                "Rows Removed by Filter": 0,
                                                                                                "Workers": []
                                                                                            }
                                                                                        ]
                                                                                    },
                                                                                    {
                                                                                        "Node Type": "Index Scan",
                                                                                        "Parent Relationship": "Inner",
                                                                                        "Parallel Aware": false,
                                                                                        "Async Capable": false,
                                                                                        "Scan Direction": "Forward",
                                                                                        "Index Name": "so_user_pkey",
                                                                                        "Relation Name": "so_user",
                                                                                        "Alias": "u1",
                                                                                        "Startup Cost": 0.44,
                                                                                        "Total Cost": 6.85,
                                                                                        "Plan Rows": 1,
                                                                                        "Plan Width": 12,
                                                                                        "Actual Startup Time": 0.05,
                                                                                        "Actual Total Time": 0.05,
                                                                                        "Actual Rows": 1,
                                                                                        "Actual Loops": 598,
                                                                                        "Index Cond": "((id = q1.owner_user_id) AND (site_id = q1.site_id))",
                                                                                        "Rows Removed by Index Recheck": 0,
                                                                                        "Workers": []
                                                                                    }
                                                                                ]
                                                                            },
                                                                            {
                                                                                "Node Type": "Index Only Scan",
                                                                                "Parent Relationship": "Inner",
                                                                                "Parallel Aware": false,
                                                                                "Async Capable": false,
                                                                                "Scan Direction": "Forward",
                                                                                "Index Name": "badge_pkey",
                                                                                "Relation Name": "badge",
                                                                                "Alias": "b1",
                                                                                "Startup Cost": 0.56,
                                                                                "Total Cost": 7.12,
                                                                                "Plan Rows": 1,
                                                                                "Plan Width": 19,
                                                                                "Actual Startup Time": 0.082,
                                                                                "Actual Total Time": 0.222,
                                                                                "Actual Rows": 69,
                                                                                "Actual Loops": 598,
                                                                                "Index Cond": "((site_id = u1.site_id) AND (user_id = u1.id))",
                                                                                "Rows Removed by Index Recheck": 0,
                                                                                "Heap Fetches": 41200,
                                                                                "Workers": []
                                                                            }
                                                                        ]
                                                                    }
                                                                ]
                                                            },
                                                            {
                                                                "Node Type": "Index Scan",
                                                                "Parent Relationship": "Inner",
                                                                "Parallel Aware": false,
                                                                "Async Capable": false,
                                                                "Scan Direction": "Forward",
                                                                "Index Name": "account_pkey",
                                                                "Relation Name": "account",
                                                                "Alias": "acc",
                                                                "Startup Cost": 0.43,
                                                                "Total Cost": 6.83,
                                                                "Plan Rows": 1,
                                                                "Plan Width": 4,
                                                                "Actual Startup Time": 0.002,
                                                                "Actual Total Time": 0.002,
                                                                "Actual Rows": 0,
                                                                "Actual Loops": 41200,
                                                                "Index Cond": "(id = u1.account_id)",
                                                                "Rows Removed by Index Recheck": 0,
                                                                "Filter": "((website_url)::text ~~* '%'::text)",
                                                                "Rows Removed by Filter": 1
                                                            }
                                                        ]
                                                    }
                                                ]
                                            }
                                        ]
                                    }
                                ]
                            }
                        ]
                    },
                    "Planning Time": 18.334,
                    "Triggers": [],
                    "Execution Time": 174.311
                }
            ],
            "hints": [
                "SET enable_hashjoin TO on",
                "SET enable_indexonlyscan TO on",
                "SET enable_indexscan TO on",
                "SET enable_mergejoin TO on",
                "SET enable_nestloop TO on",
                "SET enable_seqscan TO on"
            ]
        },
        {
            "arm": 1,
            "execution_time": 3145.069,
            "plan": [
                {
                    "Plan": {
                        "Node Type": "Limit",
                        "Parallel Aware": false,
                        "Async Capable": false,
                        "Startup Cost": 2918342.05,
                        "Total Cost": 2918342.06,
                        "Plan Rows": 1,
                        "Plan Width": 19,
                        "Actual Startup Time": 3128.734,
                        "Actual Total Time": 3145.022,
                        "Actual Rows": 80,
                        "Actual Loops": 1,
                        "Plans": [
                            {
                                "Node Type": "Sort",
                                "Parent Relationship": "Outer",
                                "Parallel Aware": false,
                                "Async Capable": false,
                                "Startup Cost": 2918342.05,
                                "Total Cost": 2918342.06,
                                "Plan Rows": 1,
                                "Plan Width": 19,
                                "Actual Startup Time": 3128.732,
                                "Actual Total Time": 3145.018,
                                "Actual Rows": 80,
                                "Actual Loops": 1,
                                "Sort Key": [
                                    "(count(*)) DESC"
                                ],
                                "Sort Method": "quicksort",
                                "Sort Space Used": 30,
                                "Sort Space Type": "Memory",
                                "Plans": [
                                    {
                                        "Node Type": "Aggregate",
                                        "Strategy": "Sorted",
                                        "Partial Mode": "Simple",
                                        "Parent Relationship": "Outer",
                                        "Parallel Aware": false,
                                        "Async Capable": false,
                                        "Startup Cost": 2918341.9,
                                        "Total Cost": 2918342.04,
                                        "Plan Rows": 1,
                                        "Plan Width": 19,
                                        "Actual Startup Time": 3126.656,
                                        "Actual Total Time": 3145.002,
                                        "Actual Rows": 80,
                                        "Actual Loops": 1,
                                        "Group Key": [
                                            "b1.name"
                                        ],
                                        "Plans": [
                                            {
                                                "Node Type": "Gather Merge",
                                                "Parent Relationship": "Outer",
                                                "Parallel Aware": false,
                                                "Async Capable": false,
                                                "Startup Cost": 2918341.9,
                                                "Total Cost": 2918342.03,
                                                "Plan Rows": 1,
                                                "Plan Width": 11,
                                                "Actual Startup Time": 3126.646,
                                                "Actual Total Time": 3144.261,
                                                "Actual Rows": 17601,
                                                "Actual Loops": 1,
                                                "Workers Planned": 5,
                                                "Workers Launched": 5,
                                                "Plans": [
                                                    {
                                                        "Node Type": "Sort",
                                                        "Parent Relationship": "Outer",
                                                        "Parallel Aware": false,
                                                        "Async Capable": false,
                                                        "Startup Cost": 2917341.82,
                                                        "Total Cost": 2917341.83,
                                                        "Plan Rows": 1,
                                                        "Plan Width": 11,
                                                        "Actual Startup Time": 3123.844,
                                                        "Actual Total Time": 3123.928,
                                                        "Actual Rows": 2934,
                                                        "Actual Loops": 6,
                                                        "Sort Key": [
                                                            "b1.name"
                                                        ],
                                                        "Sort Method": "quicksort",
                                                        "Sort Space Used": 149,
                                                        "Sort Space Type": "Memory",
                                                        "Workers": [
                                                            {
                                                                "Worker Number": 0,
                                                                "Sort Method": "quicksort",
                                                                "Sort Space Used": 94,
                                                                "Sort Space Type": "Memory"
                                                            },
                                                            {
                                                                "Worker Number": 1,
                                                                "Sort Method": "quicksort",
                                                                "Sort Space Used": 163,
                                                                "Sort Space Type": "Memory"
                                                            },
                                                            {
                                                                "Worker Number": 2,
                                                                "Sort Method": "quicksort",
                                                                "Sort Space Used": 364,
                                                                "Sort Space Type": "Memory"
                                                            },
                                                            {
                                                                "Worker Number": 3,
                                                                "Sort Method": "quicksort",
                                                                "Sort Space Used": 99,
                                                                "Sort Space Type": "Memory"
                                                            },
                                                            {
                                                                "Worker Number": 4,
                                                                "Sort Method": "quicksort",
                                                                "Sort Space Used": 166,
                                                                "Sort Space Type": "Memory"
                                                            }
                                                        ],
                                                        "Plans": [
                                                            {
                                                                "Node Type": "Hash Join",
                                                                "Parent Relationship": "Outer",
                                                                "Parallel Aware": true,
                                                                "Async Capable": false,
                                                                "Join Type": "Inner",
                                                                "Startup Cost": 2766583.99,
                                                                "Total Cost": 2917341.81,
                                                                "Plan Rows": 1,
                                                                "Plan Width": 11,
                                                                "Actual Startup Time": 2906.183,
                                                                "Actual Total Time": 3123.256,
                                                                "Actual Rows": 2934,
                                                                "Actual Loops": 6,
                                                                "Inner Unique": false,
                                                                "Hash Cond": "(acc.id = u1.account_id)",
                                                                "Workers": [],
                                                                "Plans": [
                                                                    {
                                                                        "Node Type": "Seq Scan",
                                                                        "Parent Relationship": "Outer",
                                                                        "Parallel Aware": true,
                                                                        "Async Capable": false,
                                                                        "Relation Name": "account",
                                                                        "Alias": "acc",
                                                                        "Startup Cost": 0.0,
                                                                        "Total Cost": 148993.09,
                                                                        "Plan Rows": 470594,
                                                                        "Plan Width": 4,
                                                                        "Actual Startup Time": 0.046,
                                                                        "Actual Total Time": 213.538,
                                                                        "Actual Rows": 392304,
                                                                        "Actual Loops": 6,
                                                                        "Filter": "((website_url)::text ~~* '%'::text)",
                                                                        "Rows Removed by Filter": 1919722,
                                                                        "Workers": []
                                                                    },
                                                                    {
                                                                        "Node Type": "Hash",
                                                                        "Parent Relationship": "Inner",
                                                                        "Parallel Aware": true,
                                                                        "Async Capable": false,
                                                                        "Startup Cost": 2766583.98,
                                                                        "Total Cost": 2766583.98,
                                                                        "Plan Rows": 1,
                                                                        "Plan Width": 15,
                                                                        "Actual Startup Time": 2890.433,
                                                                        "Actual Total Time": 2890.44,
                                                                        "Actual Rows": 6867,
                                                                        "Actual Loops": 6,
                                                                        "Hash Buckets": 65536,
                                                                        "Original Hash Buckets": 1024,
                                                                        "Hash Batches": 1,
                                                                        "Original Hash Batches": 1,
                                                                        "Peak Memory Usage": 3288,
                                                                        "Workers": [],
                                                                        "Plans": [
                                                                            {
                                                                                "Node Type": "Hash Join",
                                                                                "Parent Relationship": "Outer",
                                                                                "Parallel Aware": true,
                                                                                "Async Capable": false,
                                                                                "Join Type": "Inner",
                                                                                "Startup Cost": 2495549.68,
                                                                                "Total Cost": 2766583.98,
                                                                                "Plan Rows": 1,
                                                                                "Plan Width": 15,
                                                                                "Actual Startup Time": 2523.934,
                                                                                "Actual Total Time": 2867.055,
                                                                                "Actual Rows": 6867,
                                                                                "Actual Loops": 6,
                                                                                "Inner Unique": false,
                                                                                "Hash Cond": "((u1.site_id = s.site_id) AND (u1.id = q1.owner_user_id))",
                                                                                "Workers": [],
                                                                                "Plans": [
                                                                                    {
                                                                                        "Node Type": "Seq Scan",
                                                                                        "Parent Relationship": "Outer",
                                                                                        "Parallel Aware": true,
                                                                                        "Async Capable": false,
                                                                                        "Relation Name": "so_user",
                                                                                        "Alias": "u1",
                                                                                        "Startup Cost": 0.0,
                                                                                        "Total Cost": 239391.02,
                                                                                        "Plan Rows": 4219102,
                                                                                        "Plan Width": 12,
                                                                                        "Actual Startup Time": 0.018,
                                                                                        "Actual Total Time": 158.155,
                                                                                        "Actual Rows": 3516217,
                                                                                        "Actual Loops": 6,
                                                                                        "Workers": []
                                                                                    },
                                                                                    {
                                                                                        "Node Type": "Hash",
                                                                                        "Parent Relationship": "Inner",
                                                                                        "Parallel Aware": true,
                                                                                        "Async Capable": false,
                                                                                        "Startup Cost": 2495549.65,
                                                                                        "Total Cost": 2495549.65,
                                                                                        "Plan Rows": 2,
                                                                                        "Plan Width": 39,
                                                                                        "Actual Startup Time": 2507.535,
                                                                                        "Actual Total Time": 2507.54,
                                                                                        "Actual Rows": 6867,
                                                                                        "Actual Loops": 6,
                                                                                        "Hash Buckets": 65536,
                                                                                        "Original Hash Buckets": 1024,
                                                                                        "Hash Batches": 1,
                                                                                        "Original Hash Batches": 1,
                                                                                        "Peak Memory Usage": 4248,
                                                                                        "Workers": [],
                                                                                        "Plans": [
                                                                                            {
                                                                                                "Node Type": "Hash Join",
                                                                                                "Parent Relationship": "Outer",
                                                                                                "Parallel Aware": true,
                                                                                                "Async Capable": false,
                                                                                                "Join Type": "Inner",
                                                                                                "Startup Cost": 2015463.5,
                                                                                                "Total Cost": 2495549.65,
                                                                                                "Plan Rows": 2,
                                                                                                "Plan Width": 39,
                                                                                                "Actual Startup Time": 1323.203,
                                                                                                "Actual Total Time": 2342.239,
                                                                                                "Actual Rows": 6867,
                                                                                                "Actual Loops": 6,
                                                                                                "Inner Unique": false,
                                                                                                "Hash Cond": "((s.site_id = t1.site_id) AND (b1.user_id = q1.owner_user_id))",
                                                                                                "Workers": [],
                                                                                                "Plans": [
                                                                                                    {
                                                                                                        "Node Type": "Hash Join",
                                                                                                        "Parent Relationship": "Outer",
                                                                                                        "Parallel Aware": false,
                                                                                                        "Async Capable": false,
                                                                                                        "Join Type": "Inner",
                                                                                                        "Startup Cost": 3.19,
                                                                                                        "Total Cost": 479349.07,
                                                                                                        "Plan Rows": 98702,
                                                                                                        "Plan Width": 23,
                                                                                                        "Actual Startup Time": 159.76,
                                                                                                        "Actual Total Time": 949.292,
                                                                                                        "Actual Rows": 5610007,
                                                                                                        "Actual Loops": 6,
                                                                                                        "Inner Unique": true,
                                                                                                        "Hash Cond": "(b1.site_id = s.site_id)",
                                                                                                        "Workers": [],
                                                                                                        "Plans": [
                                                                                                            {
                                                                                                                "Node Type": "Seq Scan",
                                                                                                                "Parent Relationship": "Outer",
                                                                                                                "Parallel Aware": true,
                                                                                                                "Async Capable": false,
                                                                                                                "Relation Name": "badge",
                                                                                                                "Alias": "b1",
                                                                                                                "Startup Cost": 0.0,
                                                                                                                "Total Cost": 456385.31,
                                                                                                                "Plan Rows": 8537731,
                                                                                                                "Plan Width": 19,
                                                                                                                "Actual Startup Time": 0.016,
                                                                                                                "Actual Total Time": 381.761,
                                                                                                                "Actual Rows": 8539484,
                                                                                                                "Actual Loops": 6,
                                                                                                                "Workers": []
                                                                                                            },
                                                                                                            {
                                                                                                                "Node Type": "Hash",
                                                                                                                "Parent Relationship": "Inner",
                                                                                                                "Parallel Aware": false,
                                                                                                                "Async Capable": false,
                                                                                                                "Startup Cost": 3.16,
                                                                                                                "Total Cost": 3.16,
                                                                                                                "Plan Rows": 2,
                                                                                                                "Plan Width": 4,
                                                                                                                "Actual Startup Time": 0.026,
                                                                                                                "Actual Total Time": 0.026,
                                                                                                                "Actual Rows": 2,
                                                                                                                "Actual Loops": 6,
                                                                                                                "Hash Buckets": 1024,
                                                                                                                "Original Hash Buckets": 1024,
                                                                                                                "Hash Batches": 1,
                                                                                                                "Original Hash Batches": 1,
                                                                                                                "Peak Memory Usage": 9,
                                                                                                                "Workers": [],
                                                                                                                "Plans": [
                                                                                                                    {
                                                                                                                        "Node Type": "Seq Scan",
                                                                                                                        "Parent Relationship": "Outer",
                                                                                                                        "Parallel Aware": false,
                                                                                                                        "Async Capable": false,
                                                                                                                        "Relation Name": "site",
                                                                                                                        "Alias": "s",
                                                                                                                        "Startup Cost": 0.0,
                                                                                                                        "Total Cost": 3.16,
                                                                                                                        "Plan Rows": 2,
                                                                                                                        "Plan Width": 4,
                                                                                                                        "Actual Startup Time": 0.022,
                                                                                                                        "Actual Total Time": 0.024,
                                                                                                                        "Actual Rows": 2,
                                                                                                                        "Actual Loops": 6,
                                                                                                                        "Filter": "((site_name)::text = ANY ('{stackoverflow,superuser}'::text[]))",
                                                                                                                        "Rows Removed by Filter": 171,
                                                                                                                        "Workers": []
                                                                                                                    }
                                                                                                                ]
                                                                                                            }
                                                                                                        ]
                                                                                                    },
                                                                                                    {
                                                                                                        "Node Type": "Hash",
                                                                                                        "Parent Relationship": "Inner",
                                                                                                        "Parallel Aware": true,
                                                                                                        "Async Capable": false,
                                                                                                        "Startup Cost": 2015457.93,
                                                                                                        "Total Cost": 2015457.93,
                                                                                                        "Plan Rows": 159,
                                                                                                        "Plan Width": 16,
                                                                                                        "Actual Startup Time": 1163.364,
                                                                                                        "Actual Total Time": 1163.368,
                                                                                                        "Actual Rows": 100,
                                                                                                        "Actual Loops": 6,
                                                                                                        "Hash Buckets": 2048,
                                                                                                        "Original Hash Buckets": 2048,
                                                                                                        "Hash Batches": 1,
                                                                                                        "Original Hash Batches": 1,
                                                                                                        "Peak Memory Usage": 208,
                                                                                                        "Workers": [],
                                                                                                        "Plans": [
                                                                                                            {
                                                                                                                "Node Type": "Hash Join",
                                                                                                                "Parent Relationship": "Outer",
                                                                                                                "Parallel Aware": true,
                                                                                                                "Async Capable": false,
                                                                                                                "Join Type": "Inner",
                                                                                                                "Startup Cost": 314605.25,
                                                                                                                "Total Cost": 2015457.93,
                                                                                                                "Plan Rows": 159,
                                                                                                                "Plan Width": 16,
                                                                                                                "Actual Startup Time": 656.536,
                                                                                                                "Actual Total Time": 1163.275,
                                                                                                                "Actual Rows": 100,
                                                                                                                "Actual Loops": 6,
                                                                                                                "Inner Unique": false,
                                                                                                                "Hash Cond": "((q1.site_id = t1.site_id) AND (q1.id = tq1.question_id))",
                                                                                                                "Workers": [],
                                                                                                                "Plans": [
                                                                                                                    {
                                                                                                                        "Node Type": "Seq Scan",
                                                                                                                        "Parent Relationship": "Outer",
                                                                                                                        "Parallel Aware": true,
                                                                                                                        "Async Capable": false,
                                                                                                                        "Relation Name": "question",
                                                                                                                        "Alias": "q1",
                                                                                                                        "Startup Cost": 0.0,
                                                                                                                        "Total Cost": 1691290.18,
                                                                                                                        "Plan Rows": 1274973,
                                                                                                                        "Plan Width": 12,
                                                                                                                        "Actual Startup Time": 0.037,
                                                                                                                        "Actual Total Time": 571.739,
                                                                                                                        "Actual Rows": 1502517,
                                                                                                                        "Actual Loops": 6,
                                                                                                                        "Filter": "((view_count >= 100) AND (view_count <= 100000))",
                                                                                                                        "Rows Removed by Filter": 608556,
                                                                                                                        "Workers": []
                                                                                                                    },
                                                                                                                    {
                                                                                                                        "Node Type": "Hash",
                                                                                                                        "Parent Relationship": "Inner",
                                                                                                                        "Parallel Aware": true,
                                                                                                                        "Async Capable": false,
                                                                                                                        "Startup Cost": 314600.51,
                                                                                                                        "Total Cost": 314600.51,
                                                                                                                        "Plan Rows": 316,
                                                                                                                        "Plan Width": 12,
                                                                                                                        "Actual Startup Time": 513.239,
                                                                                                                        "Actual Total Time": 513.241,
                                                                                                                        "Actual Rows": 122,
                                                                                                                        "Actual Loops": 6,
                                                                                                                        "Hash Buckets": 2048,
                                                                                                                        "Original Hash Buckets": 2048,
                                                                                                                        "Hash Batches": 1,
                                                                                                                        "Original Hash Batches": 1,
                                                                                                                        "Peak Memory Usage": 208,
                                                                                                                        "Workers": [],
                                                                                                                        "Plans": [
                                                                                                                            {
                                                                                                                                "Node Type": "Hash Join",
                                                                                                                                "Parent Relationship": "Outer",
                                                                                                                                "Parallel Aware": true,
                                                                                                                                "Async Capable": false,
                                                                                                                                "Join Type": "Inner",
                                                                                                                                "Startup Cost": 2710.71,
                                                                                                                                "Total Cost": 314600.51,
                                                                                                                                "Plan Rows": 316,
                                                                                                                                "Plan Width": 12,
                                                                                                                                "Actual Startup Time": 74.502,
                                                                                                                                "Actual Total Time": 513.1,
                                                                                                                                "Actual Rows": 122,
                                                                                                                                "Actual Loops": 6,
                                                                                                                                "Inner Unique": true,
                                                                                                                                "Hash Cond": "((tq1.site_id = t1.site_id) AND (tq1.tag_id = t1.id))",
                                                                                                                                "Workers": [],
                                                                                                                                "Plans": [
                                                                                                                                    {
                                                                                                                                        "Node Type": "Seq Scan",
                                                                                                                                        "Parent Relationship": "Outer",
                                                                                                                                        "Parallel Aware": true,
                                                                                                                                        "Async Capable": false,
                                                                                                                                        "Relation Name": "tag_question",
                                                                                                                                        "Alias": "tq1",
                                                                                                                                        "Startup Cost": 0.0,
                                                                                                                                        "Total Cost": 273159.66,
                                                                                                                                        "Plan Rows": 7376766,
                                                                                                                                        "Plan Width": 12,
                                                                                                                                        "Actual Startup Time": 0.027,
                                                                                                                                        "Actual Total Time": 252.766,
                                                                                                                                        "Actual Rows": 6147303,
                                                                                                                                        "Actual Loops": 6,
                                                                                                                                        "Workers": []
                                                                                                                                    },
                                                                                                                                    {
                                                                                                                                        "Node Type": "Hash",
                                                                                                                                        "Parent Relationship": "Inner",
                                                                                                                                        "Parallel Aware": true,
                                                                                                                                        "Async Capable": false,
                                                                                                                                        "Startup Cost": 2710.64,
                                                                                                                                        "Total Cost": 2710.64,
                                                                                                                                        "Plan Rows": 5,
                                                                                                                                        "Plan Width": 8,
                                                                                                                                        "Actual Startup Time": 2.74,
                                                                                                                                        "Actual Total Time": 2.741,
                                                                                                                                        "Actual Rows": 0,
                                                                                                                                        "Actual Loops": 6,
                                                                                                                                        "Hash Buckets": 1024,
                                                                                                                                        "Original Hash Buckets": 1024,
                                                                                                                                        "Hash Batches": 1,
                                                                                                                                        "Original Hash Batches": 1,
                                                                                                                                        "Peak Memory Usage": 104,
                                                                                                                                        "Workers": [],
                                                                                                                                        "Plans": [
                                                                                                                                            {
                                                                                                                                                "Node Type": "Seq Scan",
                                                                                                                                                "Parent Relationship": "Outer",
                                                                                                                                                "Parallel Aware": true,
                                                                                                                                                "Async Capable": false,
                                                                                                                                                "Relation Name": "tag",
                                                                                                                                                "Alias": "t1",
                                                                                                                                                "Startup Cost": 0.0,
                                                                                                                                                "Total Cost": 2710.64,
                                                                                                                                                "Plan Rows": 5,
                                                                                                                                                "Plan Width": 8,
                                                                                                                                                "Actual Startup Time": 2.211,
                                                                                                                                                "Actual Total Time": 2.719,
                                                                                                                                                "Actual Rows": 0,
                                                                                                                                                "Actual Loops": 6,
                                                                                                                                                "Filter": "((name)::text = ANY ('{corpus,httplistener,modx-revolution}'::text[]))",
                                                                                                                                                "Rows Removed by Filter": 31128,
                                                                                                                                                "Workers": []
                                                                                                                                            }
                                                                                                                                        ]
                                                                                                                                    }
                                                                                                                                ]
                                                                                                                            }
                                                                                                                        ]
                                                                                                                    }
                                                                                                                ]
                                                                                                            }
                                                                                                        ]
                                                                                                    }
                                                                                                ]
                                                                                            }
                                                                                        ]
                                                                                    }
                                                                                ]
                                                                            }
                                                                        ]
                                                                    }
                                                                ]
                                                            }
                                                        ]
                                                    }
                                                ]
                                            }
                                        ]
                                    }
                                ]
                            }
                        ]
                    },
                    "Planning Time": 11.955,
                    "Triggers": [],
                    "Execution Time": 3145.069
                }
            ],
            "hints": [
                "SET enable_hashjoin TO on",
                "SET enable_indexonlyscan TO on",
                "SET enable_indexscan TO on",
                "SET enable_mergejoin TO on",
                "SET enable_nestloop TO off",
                "SET enable_seqscan TO on"
            ]
        },
        {
            "arm": 2,
            "execution_time": 98.72,
            "plan": [
                {
                    "Plan": {
                        "Node Type": "Limit",
                        "Parallel Aware": false,
                        "Async Capable": false,
                        "Startup Cost": 4026.76,
                        "Total Cost": 4026.77,
                        "Plan Rows": 1,
                        "Plan Width": 19,
                        "Actual Startup Time": 98.61,
                        "Actual Total Time": 98.67,
                        "Actual Rows": 80,
                        "Actual Loops": 1,
                        "Plans": [
                            {
                                "Node Type": "Sort",
                                "Parent Relationship": "Outer",
                                "Parallel Aware": false,
                                "Async Capable": false,
                                "Startup Cost": 4026.76,
                                "Total Cost": 4026.77,
                                "Plan Rows": 1,
                                "Plan Width": 19,
                                "Actual Startup Time": 98.608,
                                "Actual Total Time": 98.666,
                                "Actual Rows": 80,
                                "Actual Loops": 1,
                                "Sort Key": [
                                    "(count(*)) DESC"
                                ],
                                "Sort Method": "quicksort",
                                "Sort Space Used": 30,
                                "Sort Space Type": "Memory",
                                "Plans": [
                                    {
                                        "Node Type": "Aggregate",
                                        "Strategy": "Sorted",
                                        "Partial Mode": "Simple",
                                        "Parent Relationship": "Outer",
                                        "Parallel Aware": false,
                                        "Async Capable": false,
                                        "Startup Cost": 4026.73,
                                        "Total Cost": 4026.75,
                                        "Plan Rows": 1,
                                        "Plan Width": 19,
                                        "Actual Startup Time": 97.446,
                                        "Actual Total Time": 98.649,
                                        "Actual Rows": 80,
                                        "Actual Loops": 1,
                                        "Group Key": [
                                            "b1.name"
                                        ],
                                        "Plans": [
                                            {
                                                "Node Type": "Sort",
                                                "Parent Relationship": "Outer",
                                                "Parallel Aware": false,
                                                "Async Capable": false,
                                                "Startup Cost": 4026.73,
                                                "Total Cost": 4026.74,
                                                "Plan Rows": 1,
                                                "Plan Width": 11,
                                                "Actual Startup Time": 97.439,
                                                "Actual Total Time": 97.884,
                                                "Actual Rows": 17601,
                                                "Actual Loops": 1,
                                                "Sort Key": [
                                                    "b1.name"
                                                ],
                                                "Sort Method": "quicksort",
                                                "Sort Space Used": 1224,
                                                "Sort Space Type": "Memory",
                                                "Plans": [
                                                    {
                                                        "Node Type": "Nested Loop",
                                                        "Parent Relationship": "Outer",
                                                        "Parallel Aware": false,
                                                        "Async Capable": false,
                                                        "Join Type": "Inner",
                                                        "Startup Cost": 1022.82,
                                                        "Total Cost": 4026.72,
                                                        "Plan Rows": 1,
                                                        "Plan Width": 11,
                                                        "Actual Startup Time": 5.97,
                                                        "Actual Total Time": 94.69,
                                                        "Actual Rows": 17601,
                                                        "Actual Loops": 1,
                                                        "Inner Unique": true,
                                                        "Plans": [
                                                            {
                                                                "Node Type": "Nested Loop",
                                                                "Parent Relationship": "Outer",
                                                                "Parallel Aware": false,
                                                                "Async Capable": false,
                                                                "Join Type": "Inner",
                                                                "Startup Cost": 1019.19,
                                                                "Total Cost": 4019.08,
                                                                "Plan Rows": 1,
                                                                "Plan Width": 15,
                                                                "Actual Startup Time": 5.616,
                                                                "Actual Total Time": 42.146,
                                                                "Actual Rows": 41200,
                                                                "Actual Loops": 1,
                                                                "Inner Unique": false,
                                                                "Join Filter": "((s.site_id = b1.site_id) AND (b1.user_id = q1.owner_user_id))",
                                                                "Rows Removed by Join Filter": 0,
                                                                "Plans": [
                                                                    {
                                                                        "Node Type": "Gather",
                                                                        "Parent Relationship": "Outer",
                                                                        "Parallel Aware": false,
                                                                        "Async Capable": false,
                                                                        "Startup Cost": 1015.35,
                                                                        "Total Cost": 4011.21,
                                                                        "Plan Rows": 1,
                                                                        "Plan Width": 32,
                                                                        "Actual Startup Time": 5.603,
                                                                        "Actual Total Time": 7.246,
                                                                        "Actual Rows": 598,
                                                                        "Actual Loops": 1,
                                                                        "Workers Planned": 1,
                                                                        "Workers Launched": 1,
                                                                        "Single Copy": false,
                                                                        "Plans": [
                                                                            {
                                                                                "Node Type": "Nested Loop",
                                                                                "Parent Relationship": "Outer",
                                                                                "Parallel Aware": false,
                                                                                "Async Capable": false,
                                                                                "Join Type": "Inner",
                                                                                "Startup Cost": 15.35,
                                                                                "Total Cost": 3011.11,
                                                                                "Plan Rows": 1,
                                                                                "Plan Width": 32,
                                                                                "Actual Startup Time": 4.034,
                                                                                "Actual Total Time": 11.593,
                                                                                "Actual Rows": 299,
                                                                                "Actual Loops": 2,
                                                                                "Inner Unique": true,
                                                                                "Join Filter": "(s.site_id = u1.site_id)",
                                                                                "Rows Removed by Join Filter": 0,
                                                                                "Workers": [],
                                                                                "Plans": [
                                                                                    {
                                                                                        "Node Type": "Nested Loop",
                                                                                        "Parent Relationship": "Outer",
                                                                                        "Parallel Aware": false,
                                                                                        "Async Capable": false,
                                                                                        "Join Type": "Inner",
                                                                                        "Startup Cost": 11.7,
                                                                                        "Total Cost": 2942.07,
                                                                                        "Plan Rows": 9,
                                                                                        "Plan Width": 20,
                                                                                        "Actual Startup Time": 4.017,
                                                                                        "Actual Total Time": 9.922,
                                                                                        "Actual Rows": 299,
                                                                                        "Actual Loops": 2,
                                                                                        "Inner Unique": true,
                                                                                        "Join Filter": "(s.site_id = q1.site_id)",
                                                                                        "Rows Removed by Join Filter": 0,
                                                                                        "Workers": [],
                                                                                        "Plans": [
                                                                                            {
                                                                                                "Node Type": "Nested Loop",
                                                                                                "Parent Relationship": "Outer",
                                                                                                "Parallel Aware": false,
                                                                                                "Async Capable": false,
                                                                                                "Join Type": "Inner",
                                                                                                "Startup Cost": 8.07,
                                                                                                "Total Cost": 2842.42,
                                                                                                "Plan Rows": 13,
                                                                                                "Plan Width": 16,
                                                                                                "Actual Startup Time": 4.0,
                                                                                                "Actual Total Time": 7.62,
                                                                                                "Actual Rows": 367,
                                                                                                "Actual Loops": 2,
                                                                                                "Inner Unique": false,
                                                                                                "Join Filter": "(s.site_id = tq1.site_id)",
                                                                                                "Rows Removed by Join Filter": 0,
                                                                                                "Workers": [],
                                                                                                "Plans": [
                                                                                                    {
                                                                                                        "Node Type": "Hash Join",
                                                                                                        "Parent Relationship": "Outer",
                                                                                                        "Parallel Aware": false,
                                                                                                        "Async Capable": false,
                                                                                                        "Join Type": "Inner",
                                                                                                        "Startup Cost": 3.19,
                                                                                                        "Total Cost": 2713.84,
                                                                                                        "Plan Rows": 1,
                                                                                                        "Plan Width": 12,
                                                                                                        "Actual Startup Time": 3.944,
                                                                                                        "Actual Total Time": 6.615,
                                                                                                        "Actual Rows": 2,
                                                                                                        "Actual Loops": 2,
                                                                                                        "Inner Unique": true,
                                                                                                        "Hash Cond": "(t1.site_id = s.site_id)",
                                                                                                        "Workers": [],
                                                                                                        "Plans": [
                                                                                                            {
                                                                                                                "Node Type": "Seq Scan",
                                                                                                                "Parent Relationship": "Outer",
                                                                                                                "Parallel Aware": true,
                                                                                                                "Async Capable": false,
                                                                                                                "Relation Name": "tag",
                                                                                                                "Alias": "t1",
                                                                                                                "Startup Cost": 0.0,
                                                                                                                "Total Cost": 2710.64,
                                                                                                                "Plan Rows": 5,
                                                                                                                "Plan Width": 8,
                                                                                                                "Actual Startup Time": 3.881,
                                                                                                                "Actual Total Time": 6.55,
                                                                                                                "Actual Rows": 2,
                                                                                                                "Actual Loops": 2,
                                                                                                                "Filter": "((name)::text = ANY ('{corpus,httplistener,modx-revolution}'::text[]))",
                                                                                                                "Rows Removed by Filter": 93384,
                                                                                                                "Workers": []
                                                                                                            },
                                                                                                            {
                                                                                                                "Node Type": "Hash",
                                                                                                                "Parent Relationship": "Inner",
                                                                                                                "Parallel Aware": false,
                                                                                                                "Async Capable": false,
                                                                                                                "Startup Cost": 3.16,
                                                                                                                "Total Cost": 3.16,
                                                                                                                "Plan Rows": 2,
                                                                                                                "Plan Width": 4,
                                                                                                                "Actual Startup Time": 0.02,
                                                                                                                "Actual Total Time": 0.021,
                                                                                                                "Actual Rows": 2,
                                                                                                                "Actual Loops": 2,
                                                                                                                "Hash Buckets": 1024,
                                                                                                                "Original Hash Buckets": 1024,
                                                                                                                "Hash Batches": 1,
                                                                                                                "Original Hash Batches": 1,
                                                                                                                "Peak Memory Usage": 9,
                                                                                                                "Workers": [],
                                                                                                                "Plans": [
                                                                                                                    {
                                                                                                                        "Node Type": "Seq Scan",
                                                                                                                        "Parent Relationship": "Outer",
                                                                                                                        "Parallel Aware": false,
                                                                                                                        "Async Capable": false,
                                                                                                                        "Relation Name": "site",
                                                                                                                        "Alias": "s",
                                                                                                                        "Startup Cost": 0.0,
                                                                                                                        "Total Cost": 3.16,
                                                                                                                        "Plan Rows": 2,
                                                                                                                        "Plan Width": 4,
                                                                                                                        "Actual Startup Time": 0.015,
                                                                                                                        "Actual Total Time": 0.017,
                                                                                                                        "Actual Rows": 2,
                                                                                                                        "Actual Loops": 2,
                                                                                                                        "Filter": "((site_name)::text = ANY ('{stackoverflow,superuser}'::text[]))",
                                                                                                                        "Rows Removed by Filter": 171,
                                                                                                                        "Workers": []
                                                                                                                    }
                                                                                                                ]
                                                                                                            }
                                                                                                        ]
                                                                                                    },
                                                                                                    {
                                                                                                        "Node Type": "Bitmap Heap Scan",
                                                                                                        "Parent Relationship": "Inner",
                                                                                                        "Parallel Aware": false,
                                                                                                        "Async Capable": false,
                                                                                                        "Relation Name": "tag_question",
                                                                                                        "Alias": "tq1",
                                                                                                        "Startup Cost": 4.88,
                                                                                                        "Total Cost": 128.19,
                                                                                                        "Plan Rows": 31,
                                                                                                        "Plan Width": 12,
                                                                                                        "Actual Startup Time": 0.05,
                                                                                                        "Actual Total Time": 0.646,
                                                                                                        "Actual Rows": 245,
                                                                                                        "Actual Loops": 3,
                                                                                                        "Recheck Cond": "((t1.site_id = site_id) AND (t1.id = tag_id))",
                                                                                                        "Rows Removed by Index Recheck": 0,
                                                                                                        "Exact Heap Blocks": 210,
                                                                                                        "Lossy Heap Blocks": 0,
                                                                                                        "Workers": [],
                                                                                                        "Plans": [
                                                                                                            {
                                                                                                                "Node Type": "Bitmap Index Scan",
                                                                                                                "Parent Relationship": "Outer",
                                                                                                                "Parallel Aware": false,
                                                                                                                "Async Capable": false,
                                                                                                                "Index Name": "tag_question_site_id_tag_id_question_id_idx",
                                                                                                                "Startup Cost": 0.0,
                                                                                                                "Total Cost": 4.88,
                                                                                                                "Plan Rows": 31,
                                                                                                                "Plan Width": 0,
                                                                                                                "Actual Startup Time": 0.028,
                                                                                                                "Actual Total Time": 0.028,
                                                                                                                "Actual Rows": 245,
                                                                                                                "Actual Loops": 3,
                                                                                                                "Index Cond": "((site_id = t1.site_id) AND (tag_id = t1.id))",
                                                                                                                "Workers": []
                                                                                                            }
                                                                                                        ]
                                                                                                    }
                                                                                                ]
                                                                                            },
                                                                                            {
                                                                                                "Node Type": "Bitmap Heap Scan",
                                                                                                "Parent Relationship": "Inner",
                                                                                                "Parallel Aware": false,
                                                                                                "Async Capable": false,
                                                                                                "Relation Name": "question",
                                                                                                "Alias": "q1",
                                                                                                "Startup Cost": 3.63,
                                                                                                "Total Cost": 7.65,
                                                                                                "Plan Rows": 1,
                                                                                                "Plan Width": 12,
                                                                                                "Actual Startup Time": 0.006,
                                                                                                "Actual Total Time": 0.006,
                                                                                                "Actual Rows": 1,
                                                                                                "Actual Loops": 734,
                                                                                                "Recheck Cond": "((tq1.question_id = id) AND (tq1.site_id = site_id))",
                                                                                                "Rows Removed by Index Recheck": 0,
                                                                                                "Filter": "((view_count >= 100) AND (view_count <= 100000))",
                                                                                                "Rows Removed by Filter": 0,
                                                                                                "Exact Heap Blocks": 210,
                                                                                                "Lossy Heap Blocks": 0,
                                                                                                "Workers": [],
                                                                                                "Plans": [
                                                                                                    {
                                                                                                        "Node Type": "Bitmap Index Scan",
                                                                                                        "Parent Relationship": "Outer",
                                                                                                        "Parallel Aware": false,
                                                                                                        "Async Capable": false,
                                                                                                        "Index Name": "question_pkey",
                                                                                                        "Startup Cost": 0.0,
                                                                                                        "Total Cost": 3.63,
                                                                                                        "Plan Rows": 1,
                                                                                                        "Plan Width": 0,
                                                                                                        "Actual Startup Time": 0.004,
                                                                                                        "Actual Total Time": 0.004,
                                                                                                        "Actual Rows": 1,
                                                                                                        "Actual Loops": 734,
                                                                                                        "Index Cond": "((id = tq1.question_id) AND (site_id = tq1.site_id))",
                                                                                                        "Workers": []
                                                                                                    }
                                                                                                ]
                                                                                            }
                                                                                        ]
                                                                                    },
                                                                                    {
                                                                                        "Node Type": "Bitmap Heap Scan",
                                                                                        "Parent Relationship": "Inner",
                                                                                        "Parallel Aware": false,
                                                                                        "Async Capable": false,
                                                                                        "Relation Name": "so_user",
                                                                                        "Alias": "u1",
                                                                                        "Startup Cost": 3.64,
                                                                                        "Total Cost": 7.66,
                                                                                        "Plan Rows": 1,
                                                                                        "Plan Width": 12,
                                                                                        "Actual Startup Time": 0.005,
                                                                                        "Actual Total Time": 0.005,
                                                                                        "Actual Rows": 1,
                                                                                        "Actual Loops": 598,
                                                                                        "Recheck Cond": "((id = q1.owner_user_id) AND (site_id = q1.site_id))",
                                                                                        "Rows Removed by Index Recheck": 0,
                                                                                        "Exact Heap Blocks": 182,
                                                                                        "Lossy Heap Blocks": 0,
                                                                                        "Workers": [],
                                                                                        "Plans": [
                                                                                            {
                                                                                                "Node Type": "Bitmap Index Scan",
                                                                                                "Parent Relationship": "Outer",
                                                                                                "Parallel Aware": false,
                                                                                                "Async Capable": false,
                                                                                                "Index Name": "so_user_pkey",
                                                                                                "Startup Cost": 0.0,
                                                                                                "Total Cost": 3.64,
                                                                                                "Plan Rows": 1,
                                                                                                "Plan Width": 0,
                                                                                                "Actual Startup Time": 0.003,
                                                                                                "Actual Total Time": 0.003,
                                                                                                "Actual Rows": 1,
                                                                                                "Actual Loops": 598,
                                                                                                "Index Cond": "((id = q1.owner_user_id) AND (site_id = q1.site_id))",
                                                                                                "Workers": []
                                                                                            }
                                                                                        ]
                                                                                    }
                                                                                ]
                                                                            }
                                                                        ]
                                                                    },
                                                                    {
                                                                        "Node Type": "Bitmap Heap Scan",
                                                                        "Parent Relationship": "Inner",
                                                                        "Parallel Aware": false,
                                                                        "Async Capable": false,
                                                                        "Relation Name": "badge",
                                                                        "Alias": "b1",
                                                                        "Startup Cost": 3.84,
                                                                        "Total Cost": 7.86,
                                                                        "Plan Rows": 1,
                                                                        "Plan Width": 19,
                                                                        "Actual Startup Time": 0.011,
                                                                        "Actual Total Time": 0.053,
                                                                        "Actual Rows": 69,
                                                                        "Actual Loops": 598,
                                                                        "Recheck Cond": "((u1.site_id = site_id) AND (u1.id = user_id))",
                                                                        "Rows Removed by Index Recheck": 0,
                                                                        "Exact Heap Blocks": 40674,
                                                                        "Lossy Heap Blocks": 0,
                                                                        "Plans": [
                                                                            {
                                                                                "Node Type": "Bitmap Index Scan",
                                                                                "Parent Relationship": "Outer",
                                                                                "Parallel Aware": false,
                                                                                "Async Capable": false,
                                                                                "Index Name": "badge_pkey",
                                                                                "Startup Cost": 0.0,
                                                                                "Total Cost": 3.84,
                                                                                "Plan Rows": 1,
                                                                                "Plan Width": 0,
                                                                                "Actual Startup Time": 0.006,
                                                                                "Actual Total Time": 0.006,
                                                                                "Actual Rows": 69,
                                                                                "Actual Loops": 598,
                                                                                "Index Cond": "((site_id = u1.site_id) AND (user_id = u1.id))"
                                                                            }
                                                                        ]
                                                                    }
                                                                ]
                                                            },
                                                            {
                                                                "Node Type": "Bitmap Heap Scan",
                                                                "Parent Relationship": "Inner",
                                                                "Parallel Aware": false,
                                                                "Async Capable": false,
                                                                "Relation Name": "account",
                                                                "Alias": "acc",
                                                                "Startup Cost": 3.63,
                                                                "Total Cost": 7.65,
                                                                "Plan Rows": 1,
                                                                "Plan Width": 4,
                                                                "Actual Startup Time": 0.001,
                                                                "Actual Total Time": 0.001,
                                                                "Actual Rows": 0,
                                                                "Actual Loops": 41200,
                                                                "Recheck Cond": "(id = u1.account_id)",
                                                                "Rows Removed by Index Recheck": 0,
                                                                "Filter": "((website_url)::text ~~* '%'::text)",
                                                                "Rows Removed by Filter": 1,
                                                                "Exact Heap Blocks": 41200,
                                                                "Lossy Heap Blocks": 0,
                                                                "Plans": [
                                                                    {
                                                                        "Node Type": "Bitmap Index Scan",
                                                                        "Parent Relationship": "Outer",
                                                                        "Parallel Aware": false,
                                                                        "Async Capable": false,
                                                                        "Index Name": "account_pkey",
                                                                        "Startup Cost": 0.0,
                                                                        "Total Cost": 3.63,
                                                                        "Plan Rows": 1,
                                                                        "Plan Width": 0,
                                                                        "Actual Startup Time": 0.001,
                                                                        "Actual Total Time": 0.001,
                                                                        "Actual Rows": 1,
                                                                        "Actual Loops": 41200,
                                                                        "Index Cond": "(id = u1.account_id)"
                                                                    }
                                                                ]
                                                            }
                                                        ]
                                                    }
                                                ]
                                            }
                                        ]
                                    }
                                ]
                            }
                        ]
                    },
                    "Planning Time": 7.663,
                    "Triggers": [],
                    "Execution Time": 98.72
                }
            ],
            "hints": [
                "SET enable_hashjoin TO on",
                "SET enable_indexonlyscan TO on",
                "SET enable_indexscan TO off",
                "SET enable_mergejoin TO off",
                "SET enable_nestloop TO on",
                "SET enable_seqscan TO on"
            ]
        },
        {
            "arm": 3,
            "execution_time": 3144.092,
            "plan": [
                {
                    "Plan": {
                        "Node Type": "Limit",
                        "Parallel Aware": false,
                        "Async Capable": false,
                        "Startup Cost": 2918342.05,
                        "Total Cost": 2918342.06,
                        "Plan Rows": 1,
                        "Plan Width": 19,
                        "Actual Startup Time": 3127.398,
                        "Actual Total Time": 3144.043,
                        "Actual Rows": 80,
                        "Actual Loops": 1,
                        "Plans": [
                            {
                                "Node Type": "Sort",
                                "Parent Relationship": "Outer",
                                "Parallel Aware": false,
                                "Async Capable": false,
                                "Startup Cost": 2918342.05,
                                "Total Cost": 2918342.06,
                                "Plan Rows": 1,
                                "Plan Width": 19,
                                "Actual Startup Time": 3127.396,
                                "Actual Total Time": 3144.039,
                                "Actual Rows": 80,
                                "Actual Loops": 1,
                                "Sort Key": [
                                    "(count(*)) DESC"
                                ],
                                "Sort Method": "quicksort",
                                "Sort Space Used": 30,
                                "Sort Space Type": "Memory",
                                "Plans": [
                                    {
                                        "Node Type": "Aggregate",
                                        "Strategy": "Sorted",
                                        "Partial Mode": "Simple",
                                        "Parent Relationship": "Outer",
                                        "Parallel Aware": false,
                                        "Async Capable": false,
                                        "Startup Cost": 2918341.9,
                                        "Total Cost": 2918342.04,
                                        "Plan Rows": 1,
                                        "Plan Width": 19,
                                        "Actual Startup Time": 3125.235,
                                        "Actual Total Time": 3144.024,
                                        "Actual Rows": 80,
                                        "Actual Loops": 1,
                                        "Group Key": [
                                            "b1.name"
                                        ],
                                        "Plans": [
                                            {
                                                "Node Type": "Gather Merge",
                                                "Parent Relationship": "Outer",
                                                "Parallel Aware": false,
                                                "Async Capable": false,
                                                "Startup Cost": 2918341.9,
                                                "Total Cost": 2918342.03,
                                                "Plan Rows": 1,
                                                "Plan Width": 11,
                                                "Actual Startup Time": 3125.226,
                                                "Actual Total Time": 3143.246,
                                                "Actual Rows": 17601,
                                                "Actual Loops": 1,
                                                "Workers Planned": 5,
                                                "Workers Launched": 5,
                                                "Plans": [
                                                    {
                                                        "Node Type": "Sort",
                                                        "Parent Relationship": "Outer",
                                                        "Parallel Aware": false,
                                                        "Async Capable": false,
                                                        "Startup Cost": 2917341.82,
                                                        "Total Cost": 2917341.83,
                                                        "Plan Rows": 1,
                                                        "Plan Width": 11,
                                                        "Actual Startup Time": 3122.641,
                                                        "Actual Total Time": 3122.722,
                                                        "Actual Rows": 2934,
                                                        "Actual Loops": 6,
                                                        "Sort Key": [
                                                            "b1.name"
                                                        ],
                                                        "Sort Method": "quicksort",
                                                        "Sort Space Used": 357,
                                                        "Sort Space Type": "Memory",
                                                        "Workers": [
                                                            {
                                                                "Worker Number": 0,
                                                                "Sort Method": "quicksort",
                                                                "Sort Space Used": 90,
                                                                "Sort Space Type": "Memory"
                                                            },
                                                            {
                                                                "Worker Number": 1,
                                                                "Sort Method": "quicksort",
                                                                "Sort Space Used": 177,
                                                                "Sort Space Type": "Memory"
                                                            },
                                                            {
                                                                "Worker Number": 2,
                                                                "Sort Method": "quicksort",
                                                                "Sort Space Used": 90,
                                                                "Sort Space Type": "Memory"
                                                            },
                                                            {
                                                                "Worker Number": 3,
                                                                "Sort Method": "quicksort",
                                                                "Sort Space Used": 164,
                                                                "Sort Space Type": "Memory"
                                                            },
                                                            {
                                                                "Worker Number": 4,
                                                                "Sort Method": "quicksort",
                                                                "Sort Space Used": 156,
                                                                "Sort Space Type": "Memory"
                                                            }
                                                        ],
                                                        "Plans": [
                                                            {
                                                                "Node Type": "Hash Join",
                                                                "Parent Relationship": "Outer",
                                                                "Parallel Aware": true,
                                                                "Async Capable": false,
                                                                "Join Type": "Inner",
                                                                "Startup Cost": 2766583.99,
                                                                "Total Cost": 2917341.81,
                                                                "Plan Rows": 1,
                                                                "Plan Width": 11,
                                                                "Actual Startup Time": 2908.826,
                                                                "Actual Total Time": 3122.091,
                                                                "Actual Rows": 2934,
                                                                "Actual Loops": 6,
                                                                "Inner Unique": false,
                                                                "Hash Cond": "(acc.id = u1.account_id)",
                                                                "Workers": [],
                                                                "Plans": [
                                                                    {
                                                                        "Node Type": "Seq Scan",
                                                                        "Parent Relationship": "Outer",
                                                                        "Parallel Aware": true,
                                                                        "Async Capable": false,
                                                                        "Relation Name": "account",
                                                                        "Alias": "acc",
                                                                        "Startup Cost": 0.0,
                                                                        "Total Cost": 148993.09,
                                                                        "Plan Rows": 470594,
                                                                        "Plan Width": 4,
                                                                        "Actual Startup Time": 0.04,
                                                                        "Actual Total Time": 213.222,
                                                                        "Actual Rows": 392304,
                                                                        "Actual Loops": 6,
                                                                        "Filter": "((website_url)::text ~~* '%'::text)",
                                                                        "Rows Removed by Filter": 1919722,
                                                                        "Workers": []
                                                                    },
                                                                    {
                                                                        "Node Type": "Hash",
                                                                        "Parent Relationship": "Inner",
                                                                        "Parallel Aware": true,
                                                                        "Async Capable": false,
                                                                        "Startup Cost": 2766583.98,
                                                                        "Total Cost": 2766583.98,
                                                                        "Plan Rows": 1,
                                                                        "Plan Width": 15,
                                                                        "Actual Startup Time": 2889.632,
                                                                        "Actual Total Time": 2889.639,
                                                                        "Actual Rows": 6867,
                                                                        "Actual Loops": 6,
                                                                        "Hash Buckets": 65536,
                                                                        "Original Hash Buckets": 1024,
                                                                        "Hash Batches": 1,
                                                                        "Original Hash Batches": 1,
                                                                        "Peak Memory Usage": 3288,
                                                                        "Workers": [],
                                                                        "Plans": [
                                                                            {
                                                                                "Node Type": "Hash Join",
                                                                                "Parent Relationship": "Outer",
                                                                                "Parallel Aware": true,
                                                                                "Async Capable": false,
                                                                                "Join Type": "Inner",
                                                                                "Startup Cost": 2495549.68,
                                                                                "Total Cost": 2766583.98,
                                                                                "Plan Rows": 1,
                                                                                "Plan Width": 15,
                                                                                "Actual Startup Time": 2520.49,
                                                                                "Actual Total Time": 2862.69,
                                                                                "Actual Rows": 6867,
                                                                                "Actual Loops": 6,
                                                                                "Inner Unique": false,
                                                                                "Hash Cond": "((u1.site_id = s.site_id) AND (u1.id = q1.owner_user_id))",
                                                                                "Workers": [],
                                                                                "Plans": [
                                                                                    {
                                                                                        "Node Type": "Seq Scan",
                                                                                        "Parent Relationship": "Outer",
                                                                                        "Parallel Aware": true,
                                                                                        "Async Capable": false,
                                                                                        "Relation Name": "so_user",
                                                                                        "Alias": "u1",
                                                                                        "Startup Cost": 0.0,
                                                                                        "Total Cost": 239391.02,
                                                                                        "Plan Rows": 4219102,
                                                                                        "Plan Width": 12,
                                                                                        "Actual Startup Time": 0.017,
                                                                                        "Actual Total Time": 157.508,
                                                                                        "Actual Rows": 3516217,
                                                                                        "Actual Loops": 6,
                                                                                        "Workers": []
                                                                                    },
                                                                                    {
                                                                                        "Node Type": "Hash",
                                                                                        "Parent Relationship": "Inner",
                                                                                        "Parallel Aware": true,
                                                                                        "Async Capable": false,
                                                                                        "Startup Cost": 2495549.65,
                                                                                        "Total Cost": 2495549.65,
                                                                                        "Plan Rows": 2,
                                                                                        "Plan Width": 39,
                                                                                        "Actual Startup Time": 2504.131,
                                                                                        "Actual Total Time": 2504.137,
                                                                                        "Actual Rows": 6867,
                                                                                        "Actual Loops": 6,
                                                                                        "Hash Buckets": 65536,
                                                                                        "Original Hash Buckets": 1024,
                                                                                        "Hash Batches": 1,
                                                                                        "Original Hash Batches": 1,
                                                                                        "Peak Memory Usage": 4248,
                                                                                        "Workers": [],
                                                                                        "Plans": [
                                                                                            {
                                                                                                "Node Type": "Hash Join",
                                                                                                "Parent Relationship": "Outer",
                                                                                                "Parallel Aware": true,
                                                                                                "Async Capable": false,
                                                                                                "Join Type": "Inner",
                                                                                                "Startup Cost": 2015463.5,
                                                                                                "Total Cost": 2495549.65,
                                                                                                "Plan Rows": 2,
                                                                                                "Plan Width": 39,
                                                                                                "Actual Startup Time": 1323.953,
                                                                                                "Actual Total Time": 2347.768,
                                                                                                "Actual Rows": 6867,
                                                                                                "Actual Loops": 6,
                                                                                                "Inner Unique": false,
                                                                                                "Hash Cond": "((s.site_id = t1.site_id) AND (b1.user_id = q1.owner_user_id))",
                                                                                                "Workers": [],
                                                                                                "Plans": [
                                                                                                    {
                                                                                                        "Node Type": "Hash Join",
                                                                                                        "Parent Relationship": "Outer",
                                                                                                        "Parallel Aware": false,
                                                                                                        "Async Capable": false,
                                                                                                        "Join Type": "Inner",
                                                                                                        "Startup Cost": 3.19,
                                                                                                        "Total Cost": 479349.07,
                                                                                                        "Plan Rows": 98702,
                                                                                                        "Plan Width": 23,
                                                                                                        "Actual Startup Time": 159.882,
                                                                                                        "Actual Total Time": 953.38,
                                                                                                        "Actual Rows": 5610007,
                                                                                                        "Actual Loops": 6,
                                                                                                        "Inner Unique": true,
                                                                                                        "Hash Cond": "(b1.site_id = s.site_id)",
                                                                                                        "Workers": [],
                                                                                                        "Plans": [
                                                                                                            {
                                                                                                                "Node Type": "Seq Scan",
                                                                                                                "Parent Relationship": "Outer",
                                                                                                                "Parallel Aware": true,
                                                                                                                "Async Capable": false,
                                                                                                                "Relation Name": "badge",
                                                                                                                "Alias": "b1",
                                                                                                                "Startup Cost": 0.0,
                                                                                                                "Total Cost": 456385.31,
                                                                                                                "Plan Rows": 8537731,
                                                                                                                "Plan Width": 19,
                                                                                                                "Actual Startup Time": 0.018,
                                                                                                                "Actual Total Time": 383.159,
                                                                                                                "Actual Rows": 8539484,
                                                                                                                "Actual Loops": 6,
                                                                                                                "Workers": []
                                                                                                            },
                                                                                                            {
                                                                                                                "Node Type": "Hash",
                                                                                                                "Parent Relationship": "Inner",
                                                                                                                "Parallel Aware": false,
                                                                                                                "Async Capable": false,
                                                                                                                "Startup Cost": 3.16,
                                                                                                                "Total Cost": 3.16,
                                                                                                                "Plan Rows": 2,
                                                                                                                "Plan Width": 4,
                                                                                                                "Actual Startup Time": 0.022,
                                                                                                                "Actual Total Time": 0.023,
                                                                                                                "Actual Rows": 2,
                                                                                                                "Actual Loops": 6,
                                                                                                                "Hash Buckets": 1024,
                                                                                                                "Original Hash Buckets": 1024,
                                                                                                                "Hash Batches": 1,
                                                                                                                "Original Hash Batches": 1,
                                                                                                                "Peak Memory Usage": 9,
                                                                                                                "Workers": [],
                                                                                                                "Plans": [
                                                                                                                    {
                                                                                                                        "Node Type": "Seq Scan",
                                                                                                                        "Parent Relationship": "Outer",
                                                                                                                        "Parallel Aware": false,
                                                                                                                        "Async Capable": false,
                                                                                                                        "Relation Name": "site",
                                                                                                                        "Alias": "s",
                                                                                                                        "Startup Cost": 0.0,
                                                                                                                        "Total Cost": 3.16,
                                                                                                                        "Plan Rows": 2,
                                                                                                                        "Plan Width": 4,
                                                                                                                        "Actual Startup Time": 0.018,
                                                                                                                        "Actual Total Time": 0.02,
                                                                                                                        "Actual Rows": 2,
                                                                                                                        "Actual Loops": 6,
                                                                                                                        "Filter": "((site_name)::text = ANY ('{stackoverflow,superuser}'::text[]))",
                                                                                                                        "Rows Removed by Filter": 171,
                                                                                                                        "Workers": []
                                                                                                                    }
                                                                                                                ]
                                                                                                            }
                                                                                                        ]
                                                                                                    },
                                                                                                    {
                                                                                                        "Node Type": "Hash",
                                                                                                        "Parent Relationship": "Inner",
                                                                                                        "Parallel Aware": true,
                                                                                                        "Async Capable": false,
                                                                                                        "Startup Cost": 2015457.93,
                                                                                                        "Total Cost": 2015457.93,
                                                                                                        "Plan Rows": 159,
                                                                                                        "Plan Width": 16,
                                                                                                        "Actual Startup Time": 1163.93,
                                                                                                        "Actual Total Time": 1163.933,
                                                                                                        "Actual Rows": 100,
                                                                                                        "Actual Loops": 6,
                                                                                                        "Hash Buckets": 2048,
                                                                                                        "Original Hash Buckets": 2048,
                                                                                                        "Hash Batches": 1,
                                                                                                        "Original Hash Batches": 1,
                                                                                                        "Peak Memory Usage": 208,
                                                                                                        "Workers": [],
                                                                                                        "Plans": [
                                                                                                            {
                                                                                                                "Node Type": "Hash Join",
                                                                                                                "Parent Relationship": "Outer",
                                                                                                                "Parallel Aware": true,
                                                                                                                "Async Capable": false,
                                                                                                                "Join Type": "Inner",
                                                                                                                "Startup Cost": 314605.25,
                                                                                                                "Total Cost": 2015457.93,
                                                                                                                "Plan Rows": 159,
                                                                                                                "Plan Width": 16,
                                                                                                                "Actual Startup Time": 654.417,
                                                                                                                "Actual Total Time": 1163.804,
                                                                                                                "Actual Rows": 100,
                                                                                                                "Actual Loops": 6,
                                                                                                                "Inner Unique": false,
                                                                                                                "Hash Cond": "((q1.site_id = t1.site_id) AND (q1.id = tq1.question_id))",
                                                                                                                "Workers": [],
                                                                                                                "Plans": [
                                                                                                                    {
                                                                                                                        "Node Type": "Seq Scan",
                                                                                                                        "Parent Relationship": "Outer",
                                                                                                                        "Parallel Aware": true,
                                                                                                                        "Async Capable": false,
                                                                                                                        "Relation Name": "question",
                                                                                                                        "Alias": "q1",
                                                                                                                        "Startup Cost": 0.0,
                                                                                                                        "Total Cost": 1691290.18,
                                                                                                                        "Plan Rows": 1274973,
                                                                                                                        "Plan Width": 12,
                                                                                                                        "Actual Startup Time": 0.039,
                                                                                                                        "Actual Total Time": 573.744,
                                                                                                                        "Actual Rows": 1502517,
                                                                                                                        "Actual Loops": 6,
                                                                                                                        "Filter": "((view_count >= 100) AND (view_count <= 100000))",
                                                                                                                        "Rows Removed by Filter": 608556,
                                                                                                                        "Workers": []
                                                                                                                    },
                                                                                                                    {
                                                                                                                        "Node Type": "Hash",
                                                                                                                        "Parent Relationship": "Inner",
                                                                                                                        "Parallel Aware": true,
                                                                                                                        "Async Capable": false,
                                                                                                                        "Startup Cost": 314600.51,
                                                                                                                        "Total Cost": 314600.51,
                                                                                                                        "Plan Rows": 316,
                                                                                                                        "Plan Width": 12,
                                                                                                                        "Actual Startup Time": 511.85,
                                                                                                                        "Actual Total Time": 511.852,
                                                                                                                        "Actual Rows": 122,
                                                                                                                        "Actual Loops": 6,
                                                                                                                        "Hash Buckets": 2048,
                                                                                                                        "Original Hash Buckets": 2048,
                                                                                                                        "Hash Batches": 1,
                                                                                                                        "Original Hash Batches": 1,
                                                                                                                        "Peak Memory Usage": 208,
                                                                                                                        "Workers": [],
                                                                                                                        "Plans": [
                                                                                                                            {
                                                                                                                                "Node Type": "Hash Join",
                                                                                                                                "Parent Relationship": "Outer",
                                                                                                                                "Parallel Aware": true,
                                                                                                                                "Async Capable": false,
                                                                                                                                "Join Type": "Inner",
                                                                                                                                "Startup Cost": 2710.71,
                                                                                                                                "Total Cost": 314600.51,
                                                                                                                                "Plan Rows": 316,
                                                                                                                                "Plan Width": 12,
                                                                                                                                "Actual Startup Time": 73.72,
                                                                                                                                "Actual Total Time": 511.728,
                                                                                                                                "Actual Rows": 122,
                                                                                                                                "Actual Loops": 6,
                                                                                                                                "Inner Unique": true,
                                                                                                                                "Hash Cond": "((tq1.site_id = t1.site_id) AND (tq1.tag_id = t1.id))",
                                                                                                                                "Workers": [],
                                                                                                                                "Plans": [
                                                                                                                                    {
                                                                                                                                        "Node Type": "Seq Scan",
                                                                                                                                        "Parent Relationship": "Outer",
                                                                                                                                        "Parallel Aware": true,
                                                                                                                                        "Async Capable": false,
                                                                                                                                        "Relation Name": "tag_question",
                                                                                                                                        "Alias": "tq1",
                                                                                                                                        "Startup Cost": 0.0,
                                                                                                                                        "Total Cost": 273159.66,
                                                                                                                                        "Plan Rows": 7376766,
                                                                                                                                        "Plan Width": 12,
                                                                                                                                        "Actual Startup Time": 0.024,
                                                                                                                                        "Actual Total Time": 252.487,
                                                                                                                                        "Actual Rows": 6147303,
                                                                                                                                        "Actual Loops": 6,
                                                                                                                                        "Workers": []
                                                                                                                                    },
                                                                                                                                    {
                                                                                                                                        "Node Type": "Hash",
                                                                                                                                        "Parent Relationship": "Inner",
                                                                                                                                        "Parallel Aware": true,
                                                                                                                                        "Async Capable": false,
                                                                                                                                        "Startup Cost": 2710.64,
                                                                                                                                        "Total Cost": 2710.64,
                                                                                                                                        "Plan Rows": 5,
                                                                                                                                        "Plan Width": 8,
                                                                                                                                        "Actual Startup Time": 2.697,
                                                                                                                                        "Actual Total Time": 2.698,
                                                                                                                                        "Actual Rows": 0,
                                                                                                                                        "Actual Loops": 6,
                                                                                                                                        "Hash Buckets": 1024,
                                                                                                                                        "Original Hash Buckets": 1024,
                                                                                                                                        "Hash Batches": 1,
                                                                                                                                        "Original Hash Batches": 1,
                                                                                                                                        "Peak Memory Usage": 72,
                                                                                                                                        "Workers": [],
                                                                                                                                        "Plans": [
                                                                                                                                            {
                                                                                                                                                "Node Type": "Seq Scan",
                                                                                                                                                "Parent Relationship": "Outer",
                                                                                                                                                "Parallel Aware": true,
                                                                                                                                                "Async Capable": false,
                                                                                                                                                "Relation Name": "tag",
                                                                                                                                                "Alias": "t1",
                                                                                                                                                "Startup Cost": 0.0,
                                                                                                                                                "Total Cost": 2710.64,
                                                                                                                                                "Plan Rows": 5,
                                                                                                                                                "Plan Width": 8,
                                                                                                                                                "Actual Startup Time": 2.323,
                                                                                                                                                "Actual Total Time": 2.679,
                                                                                                                                                "Actual Rows": 0,
                                                                                                                                                "Actual Loops": 6,
                                                                                                                                                "Filter": "((name)::text = ANY ('{corpus,httplistener,modx-revolution}'::text[]))",
                                                                                                                                                "Rows Removed by Filter": 31128,
                                                                                                                                                "Workers": []
                                                                                                                                            }
                                                                                                                                        ]
                                                                                                                                    }
                                                                                                                                ]
                                                                                                                            }
                                                                                                                        ]
                                                                                                                    }
                                                                                                                ]
                                                                                                            }
                                                                                                        ]
                                                                                                    }
                                                                                                ]
                                                                                            }
                                                                                        ]
                                                                                    }
                                                                                ]
                                                                            }
                                                                        ]
                                                                    }
                                                                ]
                                                            }
                                                        ]
                                                    }
                                                ]
                                            }
                                        ]
                                    }
                                ]
                            }
                        ]
                    },
                    "Planning Time": 6.404,
                    "Triggers": [],
                    "Execution Time": 3144.092
                }
            ],
            "hints": [
                "SET enable_hashjoin TO on",
                "SET enable_indexonlyscan TO on",
                "SET enable_indexscan TO off",
                "SET enable_mergejoin TO off",
                "SET enable_nestloop TO off",
                "SET enable_seqscan TO on"
            ]
        },
        {
            "arm": 4,
            "execution_time": 80.722,
            "plan": [
                {
                    "Plan": {
                        "Node Type": "Limit",
                        "Parallel Aware": false,
                        "Async Capable": false,
                        "Startup Cost": 3940.86,
                        "Total Cost": 3940.86,
                        "Plan Rows": 1,
                        "Plan Width": 19,
                        "Actual Startup Time": 80.614,
                        "Actual Total Time": 80.676,
                        "Actual Rows": 80,
                        "Actual Loops": 1,
                        "Plans": [
                            {
                                "Node Type": "Sort",
                                "Parent Relationship": "Outer",
                                "Parallel Aware": false,
                                "Async Capable": false,
                                "Startup Cost": 3940.86,
                                "Total Cost": 3940.86,
                                "Plan Rows": 1,
                                "Plan Width": 19,
                                "Actual Startup Time": 80.614,
                                "Actual Total Time": 80.672,
                                "Actual Rows": 80,
                                "Actual Loops": 1,
                                "Sort Key": [
                                    "(count(*)) DESC"
                                ],
                                "Sort Method": "quicksort",
                                "Sort Space Used": 30,
                                "Sort Space Type": "Memory",
                                "Plans": [
                                    {
                                        "Node Type": "Aggregate",
                                        "Strategy": "Sorted",
                                        "Partial Mode": "Simple",
                                        "Parent Relationship": "Outer",
                                        "Parallel Aware": false,
                                        "Async Capable": false,
                                        "Startup Cost": 3940.83,
                                        "Total Cost": 3940.85,
                                        "Plan Rows": 1,
                                        "Plan Width": 19,
                                        "Actual Startup Time": 79.356,
                                        "Actual Total Time": 80.656,
                                        "Actual Rows": 80,
                                        "Actual Loops": 1,
                                        "Group Key": [
                                            "b1.name"
                                        ],
                                        "Plans": [
                                            {
                                                "Node Type": "Sort",
                                                "Parent Relationship": "Outer",
                                                "Parallel Aware": false,
                                                "Async Capable": false,
                                                "Startup Cost": 3940.83,
                                                "Total Cost": 3940.83,
                                                "Plan Rows": 1,
                                                "Plan Width": 11,
                                                "Actual Startup Time": 79.348,
                                                "Actual Total Time": 79.842,
                                                "Actual Rows": 17601,
                                                "Actual Loops": 1,
                                                "Sort Key": [
                                                    "b1.name"
                                                ],
                                                "Sort Method": "quicksort",
                                                "Sort Space Used": 1224,
                                                "Sort Space Type": "Memory",
                                                "Plans": [
                                                    {
                                                        "Node Type": "Nested Loop",
                                                        "Parent Relationship": "Outer",
                                                        "Parallel Aware": false,
                                                        "Async Capable": false,
                                                        "Join Type": "Inner",
                                                        "Startup Cost": 1005.62,
                                                        "Total Cost": 3940.82,
                                                        "Plan Rows": 1,
                                                        "Plan Width": 11,
                                                        "Actual Startup Time": 5.656,
                                                        "Actual Total Time": 77.017,
                                                        "Actual Rows": 17601,
                                                        "Actual Loops": 1,
                                                        "Inner Unique": true,
                                                        "Plans": [
                                                            {
                                                                "Node Type": "Nested Loop",
                                                                "Parent Relationship": "Outer",
                                                                "Parallel Aware": false,
                                                                "Async Capable": false,
                                                                "Join Type": "Inner",
                                                                "Startup Cost": 1005.19,
                                                                "Total Cost": 3933.99,
                                                                "Plan Rows": 1,
                                                                "Plan Width": 15,
                                                                "Actual Startup Time": 5.647,
                                                                "Actual Total Time": 36.409,
                                                                "Actual Rows": 41200,
                                                                "Actual Loops": 1,
                                                                "Inner Unique": false,
                                                                "Join Filter": "((s.site_id = b1.site_id) AND (b1.user_id = q1.owner_user_id))",
                                                                "Rows Removed by Join Filter": 0,
                                                                "Plans": [
                                                                    {
                                                                        "Node Type": "Gather",
                                                                        "Parent Relationship": "Outer",
                                                                        "Parallel Aware": false,
                                                                        "Async Capable": false,
                                                                        "Startup Cost": 1004.62,
                                                                        "Total Cost": 3926.86,
                                                                        "Plan Rows": 1,
                                                                        "Plan Width": 32,
                                                                        "Actual Startup Time": 5.638,
                                                                        "Actual Total Time": 7.427,
                                                                        "Actual Rows": 598,
                                                                        "Actual Loops": 1,
                                                                        "Workers Planned": 1,
                                                                        "Workers Launched": 1,
                                                                        "Single Copy": false,
                                                                        "Plans": [
                                                                            {
                                                                                "Node Type": "Nested Loop",
                                                                                "Parent Relationship": "Outer",
                                                                                "Parallel Aware": false,
                                                                                "Async Capable": false,
                                                                                "Join Type": "Inner",
                                                                                "Startup Cost": 4.62,
                                                                                "Total Cost": 2926.76,
                                                                                "Plan Rows": 1,
                                                                                "Plan Width": 32,
                                                                                "Actual Startup Time": 4.313,
                                                                                "Actual Total Time": 11.575,
                                                                                "Actual Rows": 299,
                                                                                "Actual Loops": 2,
                                                                                "Inner Unique": true,
                                                                                "Join Filter": "(s.site_id = u1.site_id)",
                                                                                "Rows Removed by Join Filter": 0,
                                                                                "Workers": [],
                                                                                "Plans": [
                                                                                    {
                                                                                        "Node Type": "Nested Loop",
                                                                                        "Parent Relationship": "Outer",
                                                                                        "Parallel Aware": false,
                                                                                        "Async Capable": false,
                                                                                        "Join Type": "Inner",
                                                                                        "Startup Cost": 4.19,
                                                                                        "Total Cost": 2864.99,
                                                                                        "Plan Rows": 9,
                                                                                        "Plan Width": 20,
                                                                                        "Actual Startup Time": 4.292,
                                                                                        "Actual Total Time": 9.938,
                                                                                        "Actual Rows": 299,
                                                                                        "Actual Loops": 2,
                                                                                        "Inner Unique": true,
                                                                                        "Join Filter": "(s.site_id = q1.site_id)",
                                                                                        "Rows Removed by Join Filter": 0,
                                                                                        "Workers": [],
                                                                                        "Plans": [
                                                                                            {
                                                                                                "Node Type": "Nested Loop",
                                                                                                "Parent Relationship": "Outer",
                                                                                                "Parallel Aware": false,
                                                                                                "Async Capable": false,
                                                                                                "Join Type": "Inner",
                                                                                                "Startup Cost": 3.75,
                                                                                                "Total Cost": 2775.91,
                                                                                                "Plan Rows": 13,
                                                                                                "Plan Width": 16,
                                                                                                "Actual Startup Time": 4.269,
                                                                                                "Actual Total Time": 7.828,
                                                                                                "Actual Rows": 367,
                                                                                                "Actual Loops": 2,
                                                                                                "Inner Unique": false,
                                                                                                "Join Filter": "(s.site_id = tq1.site_id)",
                                                                                                "Rows Removed by Join Filter": 0,
                                                                                                "Workers": [],
                                                                                                "Plans": [
                                                                                                    {
                                                                                                        "Node Type": "Hash Join",
                                                                                                        "Parent Relationship": "Outer",
                                                                                                        "Parallel Aware": false,
                                                                                                        "Async Capable": false,
                                                                                                        "Join Type": "Inner",
                                                                                                        "Startup Cost": 3.19,
                                                                                                        "Total Cost": 2713.84,
                                                                                                        "Plan Rows": 1,
                                                                                                        "Plan Width": 12,
                                                                                                        "Actual Startup Time": 4.236,
                                                                                                        "Actual Total Time": 6.897,
                                                                                                        "Actual Rows": 2,
                                                                                                        "Actual Loops": 2,
                                                                                                        "Inner Unique": true,
                                                                                                        "Hash Cond": "(t1.site_id = s.site_id)",
                                                                                                        "Workers": [],
                                                                                                        "Plans": [
                                                                                                            {
                                                                                                                "Node Type": "Seq Scan",
                                                                                                                "Parent Relationship": "Outer",
                                                                                                                "Parallel Aware": true,
                                                                                                                "Async Capable": false,
                                                                                                                "Relation Name": "tag",
                                                                                                                "Alias": "t1",
                                                                                                                "Startup Cost": 0.0,
                                                                                                                "Total Cost": 2710.64,
                                                                                                                "Plan Rows": 5,
                                                                                                                "Plan Width": 8,
                                                                                                                "Actual Startup Time": 4.162,
                                                                                                                "Actual Total Time": 6.82,
                                                                                                                "Actual Rows": 2,
                                                                                                                "Actual Loops": 2,
                                                                                                                "Filter": "((name)::text = ANY ('{corpus,httplistener,modx-revolution}'::text[]))",
                                                                                                                "Rows Removed by Filter": 93384,
                                                                                                                "Workers": []
                                                                                                            },
                                                                                                            {
                                                                                                                "Node Type": "Hash",
                                                                                                                "Parent Relationship": "Inner",
                                                                                                                "Parallel Aware": false,
                                                                                                                "Async Capable": false,
                                                                                                                "Startup Cost": 3.16,
                                                                                                                "Total Cost": 3.16,
                                                                                                                "Plan Rows": 2,
                                                                                                                "Plan Width": 4,
                                                                                                                "Actual Startup Time": 0.025,
                                                                                                                "Actual Total Time": 0.025,
                                                                                                                "Actual Rows": 2,
                                                                                                                "Actual Loops": 2,
                                                                                                                "Hash Buckets": 1024,
                                                                                                                "Original Hash Buckets": 1024,
                                                                                                                "Hash Batches": 1,
                                                                                                                "Original Hash Batches": 1,
                                                                                                                "Peak Memory Usage": 9,
                                                                                                                "Workers": [],
                                                                                                                "Plans": [
                                                                                                                    {
                                                                                                                        "Node Type": "Seq Scan",
                                                                                                                        "Parent Relationship": "Outer",
                                                                                                                        "Parallel Aware": false,
                                                                                                                        "Async Capable": false,
                                                                                                                        "Relation Name": "site",
                                                                                                                        "Alias": "s",
                                                                                                                        "Startup Cost": 0.0,
                                                                                                                        "Total Cost": 3.16,
                                                                                                                        "Plan Rows": 2,
                                                                                                                        "Plan Width": 4,
                                                                                                                        "Actual Startup Time": 0.018,
                                                                                                                        "Actual Total Time": 0.02,
                                                                                                                        "Actual Rows": 2,
                                                                                                                        "Actual Loops": 2,
                                                                                                                        "Filter": "((site_name)::text = ANY ('{stackoverflow,superuser}'::text[]))",
                                                                                                                        "Rows Removed by Filter": 171,
                                                                                                                        "Workers": []
                                                                                                                    }
                                                                                                                ]
                                                                                                            }
                                                                                                        ]
                                                                                                    },
                                                                                                    {
                                                                                                        "Node Type": "Index Only Scan",
                                                                                                        "Parent Relationship": "Inner",
                                                                                                        "Parallel Aware": false,
                                                                                                        "Async Capable": false,
                                                                                                        "Scan Direction": "Forward",
                                                                                                        "Index Name": "tag_question_site_id_tag_id_question_id_idx",
                                                                                                        "Relation Name": "tag_question",
                                                                                                        "Alias": "tq1",
                                                                                                        "Startup Cost": 0.56,
                                                                                                        "Total Cost": 61.69,
                                                                                                        "Plan Rows": 31,
                                                                                                        "Plan Width": 12,
                                                                                                        "Actual Startup Time": 0.025,
                                                                                                        "Actual Total Time": 0.6,
                                                                                                        "Actual Rows": 245,
                                                                                                        "Actual Loops": 3,
                                                                                                        "Index Cond": "((site_id = t1.site_id) AND (tag_id = t1.id))",
                                                                                                        "Rows Removed by Index Recheck": 0,
                                                                                                        "Heap Fetches": 734,
                                                                                                        "Workers": []
                                                                                                    }
                                                                                                ]
                                                                                            },
                                                                                            {
                                                                                                "Node Type": "Index Scan",
                                                                                                "Parent Relationship": "Inner",
                                                                                                "Parallel Aware": false,
                                                                                                "Async Capable": false,
                                                                                                "Scan Direction": "Forward",
                                                                                                "Index Name": "question_pkey",
                                                                                                "Relation Name": "question",
                                                                                                "Alias": "q1",
                                                                                                "Startup Cost": 0.43,
                                                                                                "Total Cost": 6.84,
                                                                                                "Plan Rows": 1,
                                                                                                "Plan Width": 12,
                                                                                                "Actual Startup Time": 0.005,
                                                                                                "Actual Total Time": 0.005,
                                                                                                "Actual Rows": 1,
                                                                                                "Actual Loops": 734,
                                                                                                "Index Cond": "((id = tq1.question_id) AND (site_id = tq1.site_id))",
                                                                                                "Rows Removed by Index Recheck": 0,
                                                                                                "Filter": "((view_count >= 100) AND (view_count <= 100000))",
                                                                                                "Rows Removed by Filter": 0,
                                                                                                "Workers": []
                                                                                            }
                                                                                        ]
                                                                                    },
                                                                                    {
                                                                                        "Node Type": "Index Scan",
                                                                                        "Parent Relationship": "Inner",
                                                                                        "Parallel Aware": false,
                                                                                        "Async Capable": false,
                                                                                        "Scan Direction": "Forward",
                                                                                        "Index Name": "so_user_pkey",
                                                                                        "Relation Name": "so_user",
                                                                                        "Alias": "u1",
                                                                                        "Startup Cost": 0.44,
                                                                                        "Total Cost": 6.85,
                                                                                        "Plan Rows": 1,
                                                                                        "Plan Width": 12,
                                                                                        "Actual Startup Time": 0.005,
                                                                                        "Actual Total Time": 0.005,
                                                                                        "Actual Rows": 1,
                                                                                        "Actual Loops": 598,
                                                                                        "Index Cond": "((id = q1.owner_user_id) AND (site_id = q1.site_id))",
                                                                                        "Rows Removed by Index Recheck": 0,
                                                                                        "Workers": []
                                                                                    }
                                                                                ]
                                                                            }
                                                                        ]
                                                                    },
                                                                    {
                                                                        "Node Type": "Index Only Scan",
                                                                        "Parent Relationship": "Inner",
                                                                        "Parallel Aware": false,
                                                                        "Async Capable": false,
                                                                        "Scan Direction": "Forward",
                                                                        "Index Name": "badge_pkey",
                                                                        "Relation Name": "badge",
                                                                        "Alias": "b1",
                                                                        "Startup Cost": 0.56,
                                                                        "Total Cost": 7.12,
                                                                        "Plan Rows": 1,
                                                                        "Plan Width": 19,
                                                                        "Actual Startup Time": 0.004,
                                                                        "Actual Total Time": 0.044,
                                                                        "Actual Rows": 69,
                                                                        "Actual Loops": 598,
                                                                        "Index Cond": "((site_id = u1.site_id) AND (user_id = u1.id))",
                                                                        "Rows Removed by Index Recheck": 0,
                                                                        "Heap Fetches": 41200
                                                                    }
                                                                ]
                                                            },
                                                            {
                                                                "Node Type": "Index Scan",
                                                                "Parent Relationship": "Inner",
                                                                "Parallel Aware": false,
                                                                "Async Capable": false,
                                                                "Scan Direction": "Forward",
                                                                "Index Name": "account_pkey",
                                                                "Relation Name": "account",
                                                                "Alias": "acc",
                                                                "Startup Cost": 0.43,
                                                                "Total Cost": 6.83,
                                                                "Plan Rows": 1,
                                                                "Plan Width": 4,
                                                                "Actual Startup Time": 0.001,
                                                                "Actual Total Time": 0.001,
                                                                "Actual Rows": 0,
                                                                "Actual Loops": 41200,
                                                                "Index Cond": "(id = u1.account_id)",
                                                                "Rows Removed by Index Recheck": 0,
                                                                "Filter": "((website_url)::text ~~* '%'::text)",
                                                                "Rows Removed by Filter": 1
                                                            }
                                                        ]
                                                    }
                                                ]
                                            }
                                        ]
                                    }
                                ]
                            }
                        ]
                    },
                    "Planning Time": 10.499,
                    "Triggers": [],
                    "Execution Time": 80.722
                }
            ],
            "hints": [
                "SET enable_hashjoin TO on",
                "SET enable_indexonlyscan TO on",
                "SET enable_indexscan TO on",
                "SET enable_mergejoin TO off",
                "SET enable_nestloop TO on",
                "SET enable_seqscan TO on"
            ]
        }
    ]
}