{
    "sql_file": "soload_q7-002.sql",
    "query": "select count(distinct account.display_name) from account, so_user, badge b1, badge b2 where\naccount.website_url != '' and\naccount.id = so_user.account_id and\n\nb1.site_id = so_user.site_id and\nb1.user_id = so_user.id and\nb1.name = 'Illuminator' and\n\nb2.site_id = so_user.site_id and\nb2.user_id = so_user.id and\nb2.name = 'Nice Question' and\nb2.date > b1.date + '9 months'::interval",
    "results": [
        {
            "arm": 0,
            "execution_time": 533.022,
            "plan": [
                {
                    "Plan": {
                        "Node Type": "Aggregate",
                        "Strategy": "Plain",
                        "Partial Mode": "Simple",
                        "Parallel Aware": false,
                        "Async Capable": false,
                        "Startup Cost": 489872.45,
                        "Total Cost": 489872.46,
                        "Plan Rows": 1,
                        "Plan Width": 8,
                        "Actual Startup Time": 521.94,
                        "Actual Total Time": 532.985,
                        "Actual Rows": 1,
                        "Actual Loops": 1,
                        "Plans": [
                            {
                                "Node Type": "Sort",
                                "Parent Relationship": "Outer",
                                "Parallel Aware": false,
                                "Async Capable": false,
                                "Startup Cost": 489872.43,
                                "Total Cost": 489872.44,
                                "Plan Rows": 5,
                                "Plan Width": 11,
                                "Actual Startup Time": 521.914,
                                "Actual Total Time": 532.966,
                                "Actual Rows": 334,
                                "Actual Loops": 1,
                                "Sort Key": [
                                    "account.display_name"
                                ],
                                "Sort Method": "quicksort",
                                "Sort Space Used": 31,
                                "Sort Space Type": "Memory",
                                "Plans": [
                                    {
                                        "Node Type": "Gather",
                                        "Parent Relationship": "Outer",
                                        "Parallel Aware": false,
                                        "Async Capable": false,
                                        "Startup Cost": 1001.44,
                                        "Total Cost": 489872.37,
                                        "Plan Rows": 5,
                                        "Plan Width": 11,
                                        "Actual Startup Time": 162.948,
                                        "Actual Total Time": 532.891,
                                        "Actual Rows": 334,
                                        "Actual Loops": 1,
                                        "Workers Planned": 6,
                                        "Workers Launched": 6,
                                        "Single Copy": false,
                                        "Plans": [
                                            {
                                                "Node Type": "Nested Loop",
                                                "Parent Relationship": "Outer",
                                                "Parallel Aware": false,
                                                "Async Capable": false,
                                                "Join Type": "Inner",
                                                "Startup Cost": 1.44,
                                                "Total Cost": 488871.87,
                                                "Plan Rows": 1,
                                                "Plan Width": 11,
                                                "Actual Startup Time": 80.105,
                                                "Actual Total Time": 519.108,
                                                "Actual Rows": 48,
                                                "Actual Loops": 7,
                                                "Inner Unique": true,
                                                "Workers": [],
                                                "Plans": [
                                                    {
                                                        "Node Type": "Nested Loop",
                                                        "Parent Relationship": "Outer",
                                                        "Parallel Aware": false,
                                                        "Async Capable": false,
                                                        "Join Type": "Inner",
                                                        "Startup Cost": 1.0,
                                                        "Total Cost": 488788.76,
                                                        "Plan Rows": 18,
                                                        "Plan Width": 4,
                                                        "Actual Startup Time": 72.799,
                                                        "Actual Total Time": 518.556,
                                                        "Actual Rows": 75,
                                                        "Actual Loops": 7,
                                                        "Inner Unique": true,
                                                        "Join Filter": "((so_user.site_id = b1.site_id) AND (so_user.id = b1.user_id))",
                                                        "Rows Removed by Join Filter": 0,
                                                        "Workers": [],
                                                        "Plans": [
                                                            {
                                                                "Node Type": "Nested Loop",
                                                                "Parent Relationship": "Outer",
                                                                "Parallel Aware": false,
                                                                "Async Capable": false,
                                                                "Join Type": "Inner",
                                                                "Startup Cost": 0.57,
                                                                "Total Cost": 486761.04,
                                                                "Plan Rows": 419,
                                                                "Plan Width": 16,
                                                                "Actual Startup Time": 72.708,
                                                                "Actual Total Time": 517.933,
                                                                "Actual Rows": 75,
                                                                "Actual Loops": 7,
                                                                "Inner Unique": false,
                                                                "Workers": [],
                                                                "Plans": [
                                                                    {
                                                                        "Node Type": "Seq Scan",
                                                                        "Parent Relationship": "Outer",
                                                                        "Parallel Aware": true,
                                                                        "Async Capable": false,
                                                                        "Relation Name": "badge",
                                                                        "Alias": "b1",
                                                                        "Startup Cost": 0.0,
                                                                        "Total Cost": 477729.63,
                                                                        "Plan Rows": 1059,
                                                                        "Plan Width": 16,
                                                                        "Actual Startup Time": 61.951,
                                                                        "Actual Total Time": 513.959,
                                                                        "Actual Rows": 26,
                                                                        "Actual Loops": 7,
                                                                        "Filter": "((name)::text = 'Illuminator'::text)",
                                                                        "Rows Removed by Filter": 7319532,
                                                                        "Workers": []
                                                                    },
                                                                    {
                                                                        "Node Type": "Index Only Scan",
                                                                        "Parent Relationship": "Inner",
                                                                        "Parallel Aware": false,
                                                                        "Async Capable": false,
                                                                        "Scan Direction": "Forward",
                                                                        "Index Name": "badge_pkey",
                                                                        "Relation Name": "badge",
                                                                        "Alias": "b2",
                                                                        "Startup Cost": 0.57,
                                                                        "Total Cost": 8.52,
                                                                        "Plan Rows": 1,
                                                                        "Plan Width": 16,
                                                                        "Actual Startup Time": 0.138,
                                                                        "Actual Total Time": 0.153,
                                                                        "Actual Rows": 3,
                                                                        "Actual Loops": 179,
                                                                        "Index Cond": "((site_id = b1.site_id) AND (user_id = b1.user_id) AND (name = 'Nice Question'::text) AND (date > (b1.date + '9 mons'::interval)))",
                                                                        "Rows Removed by Index Recheck": 0,
                                                                        "Heap Fetches": 527,
                                                                        "Workers": []
                                                                    }
                                                                ]
                                                            },
                                                            {
                                                                "Node Type": "Index Scan",
                                                                "Parent Relationship": "Inner",
                                                                "Parallel Aware": false,
                                                                "Async Capable": false,
                                                                "Scan Direction": "Forward",
                                                                "Index Name": "so_user_pkey",
                                                                "Relation Name": "so_user",
                                                                "Alias": "so_user",
                                                                "Startup Cost": 0.44,
                                                                "Total Cost": 4.82,
                                                                "Plan Rows": 1,
                                                                "Plan Width": 12,
                                                                "Actual Startup Time": 0.008,
                                                                "Actual Total Time": 0.008,
                                                                "Actual Rows": 1,
                                                                "Actual Loops": 527,
                                                                "Index Cond": "((id = b2.user_id) AND (site_id = b2.site_id))",
                                                                "Rows Removed by Index Recheck": 0,
                                                                "Workers": []
                                                            }
                                                        ]
                                                    },
                                                    {
                                                        "Node Type": "Index Scan",
                                                        "Parent Relationship": "Inner",
                                                        "Parallel Aware": false,
                                                        "Async Capable": false,
                                                        "Scan Direction": "Forward",
                                                        "Index Name": "account_pkey",
                                                        "Relation Name": "account",
                                                        "Alias": "account",
                                                        "Startup Cost": 0.43,
                                                        "Total Cost": 4.62,
                                                        "Plan Rows": 1,
                                                        "Plan Width": 15,
                                                        "Actual Startup Time": 0.007,
                                                        "Actual Total Time": 0.007,
                                                        "Actual Rows": 1,
                                                        "Actual Loops": 527,
                                                        "Index Cond": "(id = so_user.account_id)",
                                                        "Rows Removed by Index Recheck": 0,
                                                        "Filter": "((website_url)::text <> ''::text)",
                                                        "Rows Removed by Filter": 0,
                                                        "Workers": []
                                                    }
                                                ]
                                            }
                                        ]
                                    }
                                ]
                            }
                        ]
                    },
                    "Planning Time": 1.553,
                    "Triggers": [],
                    "Execution Time": 533.022
                }
            ],
            "hints": [
                "SET enable_hashjoin TO on",
                "SET enable_indexonlyscan TO on",
                "SET enable_indexscan TO on",
                "SET enable_mergejoin TO on",
                "SET enable_nestloop TO on",
                "SET enable_seqscan TO on"
            ]
        },
        {
            "arm": 1,
            "execution_time": 1788.362,
            "plan": [
                {
                    "Plan": {
                        "Node Type": "Aggregate",
                        "Strategy": "Plain",
                        "Partial Mode": "Simple",
                        "Parallel Aware": false,
                        "Async Capable": false,
                        "Startup Cost": 1362570.26,
                        "Total Cost": 1362570.27,
                        "Plan Rows": 1,
                        "Plan Width": 8,
                        "Actual Startup Time": 1759.376,
                        "Actual Total Time": 1788.329,
                        "Actual Rows": 1,
                        "Actual Loops": 1,
                        "Plans": [
                            {
                                "Node Type": "Sort",
                                "Parent Relationship": "Outer",
                                "Parallel Aware": false,
                                "Async Capable": false,
                                "Startup Cost": 1362570.24,
                                "Total Cost": 1362570.25,
                                "Plan Rows": 5,
                                "Plan Width": 11,
                                "Actual Startup Time": 1759.345,
                                "Actual Total Time": 1788.306,
                                "Actual Rows": 334,
                                "Actual Loops": 1,
                                "Sort Key": [
                                    "account.display_name"
                                ],
                                "Sort Method": "quicksort",
                                "Sort Space Used": 31,
                                "Sort Space Type": "Memory",
                                "Plans": [
                                    {
                                        "Node Type": "Gather",
                                        "Parent Relationship": "Outer",
                                        "Parallel Aware": false,
                                        "Async Capable": false,
                                        "Startup Cost": 884832.06,
                                        "Total Cost": 1362570.18,
                                        "Plan Rows": 5,
                                        "Plan Width": 11,
                                        "Actual Startup Time": 1503.318,
                                        "Actual Total Time": 1788.21,
                                        "Actual Rows": 334,
                                        "Actual Loops": 1,
                                        "Workers Planned": 6,
                                        "Workers Launched": 6,
                                        "Single Copy": false,
                                        "Plans": [
                                            {
                                                "Node Type": "Hash Join",
                                                "Parent Relationship": "Outer",
                                                "Parallel Aware": true,
                                                "Async Capable": false,
                                                "Join Type": "Inner",
                                                "Startup Cost": 883832.06,
                                                "Total Cost": 1361569.68,
                                                "Plan Rows": 1,
                                                "Plan Width": 11,
                                                "Actual Startup Time": 1423.958,
                                                "Actual Total Time": 1754.011,
                                                "Actual Rows": 48,
                                                "Actual Loops": 7,
                                                "Inner Unique": false,
                                                "Hash Cond": "((b1.site_id = so_user.site_id) AND (b1.user_id = so_user.id))",
                                                "Join Filter": "(b2.date > (b1.date + '9 mons'::interval))",
                                                "Rows Removed by Join Filter": 143,
                                                "Workers": [],
                                                "Plans": [
                                                    {
                                                        "Node Type": "Seq Scan",
                                                        "Parent Relationship": "Outer",
                                                        "Parallel Aware": true,
                                                        "Async Capable": false,
                                                        "Relation Name": "badge",
                                                        "Alias": "b1",
                                                        "Startup Cost": 0.0,
                                                        "Total Cost": 477729.63,
                                                        "Plan Rows": 1059,
                                                        "Plan Width": 16,
                                                        "Actual Startup Time": 17.767,
                                                        "Actual Total Time": 365.158,
                                                        "Actual Rows": 26,
                                                        "Actual Loops": 7,
                                                        "Filter": "((name)::text = 'Illuminator'::text)",
                                                        "Rows Removed by Filter": 7319532,
                                                        "Workers": []
                                                    },
                                                    {
                                                        "Node Type": "Hash",
                                                        "Parent Relationship": "Inner",
                                                        "Parallel Aware": true,
                                                        "Async Capable": false,
                                                        "Startup Cost": 883695.32,
                                                        "Total Cost": 883695.32,
                                                        "Plan Rows": 9116,
                                                        "Plan Width": 35,
                                                        "Actual Startup Time": 1387.86,
                                                        "Actual Total Time": 1388.489,
                                                        "Actual Rows": 49552,
                                                        "Actual Loops": 7,
                                                        "Hash Buckets": 524288,
                                                        "Original Hash Buckets": 65536,
                                                        "Hash Batches": 1,
                                                        "Original Hash Batches": 1,
                                                        "Peak Memory Usage": 31488,
                                                        "Workers": [],
                                                        "Plans": [
                                                            {
                                                                "Node Type": "Hash Join",
                                                                "Parent Relationship": "Outer",
                                                                "Parallel Aware": true,
                                                                "Async Capable": false,
                                                                "Join Type": "Inner",
                                                                "Startup Cost": 404533.91,
                                                                "Total Cost": 883695.32,
                                                                "Plan Rows": 9116,
                                                                "Plan Width": 35,
                                                                "Actual Startup Time": 1328.939,
                                                                "Actual Total Time": 1369.89,
                                                                "Actual Rows": 49552,
                                                                "Actual Loops": 7,
                                                                "Inner Unique": false,
                                                                "Hash Cond": "((b2.site_id = so_user.site_id) AND (b2.user_id = so_user.id))",
                                                                "Workers": [],
                                                                "Plans": [
                                                                    {
                                                                        "Node Type": "Seq Scan",
                                                                        "Parent Relationship": "Outer",
                                                                        "Parallel Aware": true,
                                                                        "Async Capable": false,
                                                                        "Relation Name": "badge",
                                                                        "Alias": "b2",
                                                                        "Startup Cost": 0.0,
                                                                        "Total Cost": 477729.63,
                                                                        "Plan Rows": 175877,
                                                                        "Plan Width": 16,
                                                                        "Actual Startup Time": 0.036,
                                                                        "Actual Total Time": 373.491,
                                                                        "Actual Rows": 137749,
                                                                        "Actual Loops": 7,
                                                                        "Filter": "((name)::text = 'Nice Question'::text)",
                                                                        "Rows Removed by Filter": 7181808,
                                                                        "Workers": []
                                                                    },
                                                                    {
                                                                        "Node Type": "Hash",
                                                                        "Parent Relationship": "Inner",
                                                                        "Parallel Aware": true,
                                                                        "Async Capable": false,
                                                                        "Startup Cost": 401253.56,
                                                                        "Total Cost": 401253.56,
                                                                        "Plan Rows": 218690,
                                                                        "Plan Width": 19,
                                                                        "Actual Startup Time": 929.565,
                                                                        "Actual Total Time": 929.671,
                                                                        "Actual Rows": 362270,
                                                                        "Actual Loops": 7,
                                                                        "Hash Buckets": 524288,
                                                                        "Original Hash Buckets": 2097152,
                                                                        "Hash Batches": 16,
                                                                        "Original Hash Batches": 1,
                                                                        "Peak Memory Usage": 12640,
                                                                        "Workers": [],
                                                                        "Plans": [
                                                                            {
                                                                                "Node Type": "Hash Join",
                                                                                "Parent Relationship": "Outer",
                                                                                "Parallel Aware": true,
                                                                                "Async Capable": false,
                                                                                "Join Type": "Inner",
                                                                                "Startup Cost": 150787.4,
                                                                                "Total Cost": 401253.56,
                                                                                "Plan Rows": 218690,
                                                                                "Plan Width": 19,
                                                                                "Actual Startup Time": 133.233,
                                                                                "Actual Total Time": 793.308,
                                                                                "Actual Rows": 362270,
                                                                                "Actual Loops": 7,
                                                                                "Inner Unique": true,
                                                                                "Hash Cond": "(so_user.account_id = account.id)",
                                                                                "Workers": [],
                                                                                "Plans": [
                                                                                    {
                                                                                        "Node Type": "Seq Scan",
                                                                                        "Parent Relationship": "Outer",
                                                                                        "Parallel Aware": true,
                                                                                        "Async Capable": false,
                                                                                        "Relation Name": "so_user",
                                                                                        "Alias": "so_user",
                                                                                        "Startup Cost": 0.0,
                                                                                        "Total Cost": 239391.02,
                                                                                        "Plan Rows": 4219102,
                                                                                        "Plan Width": 12,
                                                                                        "Actual Startup Time": 0.017,
                                                                                        "Actual Total Time": 151.235,
                                                                                        "Actual Rows": 3013900,
                                                                                        "Actual Loops": 7,
                                                                                        "Workers": []
                                                                                    },
                                                                                    {
                                                                                        "Node Type": "Hash",
                                                                                        "Parent Relationship": "Inner",
                                                                                        "Parallel Aware": true,
                                                                                        "Async Capable": false,
                                                                                        "Startup Cost": 148993.09,
                                                                                        "Total Cost": 148993.09,
                                                                                        "Plan Rows": 143545,
                                                                                        "Plan Width": 15,
                                                                                        "Actual Startup Time": 132.711,
                                                                                        "Actual Total Time": 132.712,
                                                                                        "Actual Rows": 103524,
                                                                                        "Actual Loops": 7,
                                                                                        "Hash Buckets": 1048576,
                                                                                        "Original Hash Buckets": 1048576,
                                                                                        "Hash Batches": 1,
                                                                                        "Original Hash Batches": 1,
                                                                                        "Peak Memory Usage": 44576,
                                                                                        "Workers": [],
                                                                                        "Plans": [
                                                                                            {
                                                                                                "Node Type": "Seq Scan",
                                                                                                "Parent Relationship": "Outer",
                                                                                                "Parallel Aware": true,
                                                                                                "Async Capable": false,
                                                                                                "Relation Name": "account",
                                                                                                "Alias": "account",
                                                                                                "Startup Cost": 0.0,
                                                                                                "Total Cost": 148993.09,
                                                                                                "Plan Rows": 143545,
                                                                                                "Plan Width": 15,
                                                                                                "Actual Startup Time": 0.059,
                                                                                                "Actual Total Time": 105.935,
                                                                                                "Actual Rows": 103524,
                                                                                                "Actual Loops": 7,
                                                                                                "Filter": "((website_url)::text <> ''::text)",
                                                                                                "Rows Removed by Filter": 1878212,
                                                                                                "Workers": []
                                                                                            }
                                                                                        ]
                                                                                    }
                                                                                ]
                                                                            }
                                                                        ]
                                                                    }
                                                                ]
                                                            }
                                                        ]
                                                    }
                                                ]
                                            }
                                        ]
                                    }
                                ]
                            }
                        ]
                    },
                    "Planning Time": 0.539,
                    "Triggers": [],
                    "Execution Time": 1788.362
                }
            ],
            "hints": [
                "SET enable_hashjoin TO on",
                "SET enable_indexonlyscan TO on",
                "SET enable_indexscan TO on",
                "SET enable_mergejoin TO on",
                "SET enable_nestloop TO off",
                "SET enable_seqscan TO on"
            ]
        },
        {
            "arm": 2,
            "execution_time": 392.323,
            "plan": [
                {
                    "Plan": {
                        "Node Type": "Aggregate",
                        "Strategy": "Plain",
                        "Partial Mode": "Simple",
                        "Parallel Aware": false,
                        "Async Capable": false,
                        "Startup Cost": 490703.05,
                        "Total Cost": 490703.06,
                        "Plan Rows": 1,
                        "Plan Width": 8,
                        "Actual Startup Time": 381.549,
                        "Actual Total Time": 392.283,
                        "Actual Rows": 1,
                        "Actual Loops": 1,
                        "Plans": [
                            {
                                "Node Type": "Sort",
                                "Parent Relationship": "Outer",
                                "Parallel Aware": false,
                                "Async Capable": false,
                                "Startup Cost": 490703.03,
                                "Total Cost": 490703.04,
                                "Plan Rows": 5,
                                "Plan Width": 11,
                                "Actual Startup Time": 381.524,
                                "Actual Total Time": 392.265,
                                "Actual Rows": 334,
                                "Actual Loops": 1,
                                "Sort Key": [
                                    "account.display_name"
                                ],
                                "Sort Method": "quicksort",
                                "Sort Space Used": 31,
                                "Sort Space Type": "Memory",
                                "Plans": [
                                    {
                                        "Node Type": "Gather",
                                        "Parent Relationship": "Outer",
                                        "Parallel Aware": false,
                                        "Async Capable": false,
                                        "Startup Cost": 1009.66,
                                        "Total Cost": 490702.97,
                                        "Plan Rows": 5,
                                        "Plan Width": 11,
                                        "Actual Startup Time": 21.781,
                                        "Actual Total Time": 392.189,
                                        "Actual Rows": 334,
                                        "Actual Loops": 1,
                                        "Workers Planned": 6,
                                        "Workers Launched": 6,
                                        "Single Copy": false,
                                        "Plans": [
                                            {
                                                "Node Type": "Nested Loop",
                                                "Parent Relationship": "Outer",
                                                "Parallel Aware": false,
                                                "Async Capable": false,
                                                "Join Type": "Inner",
                                                "Startup Cost": 9.66,
                                                "Total Cost": 489702.47,
                                                "Plan Rows": 1,
                                                "Plan Width": 11,
                                                "Actual Startup Time": 80.145,
                                                "Actual Total Time": 378.639,
                                                "Actual Rows": 48,
                                                "Actual Loops": 7,
                                                "Inner Unique": true,
                                                "Workers": [],
                                                "Plans": [
                                                    {
                                                        "Node Type": "Nested Loop",
                                                        "Parent Relationship": "Outer",
                                                        "Parallel Aware": false,
                                                        "Async Capable": false,
                                                        "Join Type": "Inner",
                                                        "Startup Cost": 7.13,
                                                        "Total Cost": 489584.79,
                                                        "Plan Rows": 18,
                                                        "Plan Width": 4,
                                                        "Actual Startup Time": 37.699,
                                                        "Actual Total Time": 378.435,
                                                        "Actual Rows": 75,
                                                        "Actual Loops": 7,
                                                        "Inner Unique": true,
                                                        "Join Filter": "((so_user.site_id = b1.site_id) AND (so_user.id = b1.user_id))",
                                                        "Rows Removed by Join Filter": 0,
                                                        "Workers": [],
                                                        "Plans": [
                                                            {
                                                                "Node Type": "Nested Loop",
                                                                "Parent Relationship": "Outer",
                                                                "Parallel Aware": false,
                                                                "Async Capable": false,
                                                                "Join Type": "Inner",
                                                                "Startup Cost": 4.54,
                                                                "Total Cost": 486809.86,
                                                                "Plan Rows": 419,
                                                                "Plan Width": 16,
                                                                "Actual Startup Time": 37.672,
                                                                "Actual Total Time": 378.207,
                                                                "Actual Rows": 75,
                                                                "Actual Loops": 7,
                                                                "Inner Unique": false,
                                                                "Workers": [],
                                                                "Plans": [
                                                                    {
                                                                        "Node Type": "Seq Scan",
                                                                        "Parent Relationship": "Outer",
                                                                        "Parallel Aware": true,
                                                                        "Async Capable": false,
                                                                        "Relation Name": "badge",
                                                                        "Alias": "b1",
                                                                        "Startup Cost": 0.0,
                                                                        "Total Cost": 477729.63,
                                                                        "Plan Rows": 1059,
                                                                        "Plan Width": 16,
                                                                        "Actual Startup Time": 31.955,
                                                                        "Actual Total Time": 377.686,
                                                                        "Actual Rows": 26,
                                                                        "Actual Loops": 7,
                                                                        "Filter": "((name)::text = 'Illuminator'::text)",
                                                                        "Rows Removed by Filter": 7319532,
                                                                        "Workers": []
                                                                    },
                                                                    {
                                                                        "Node Type": "Bitmap Heap Scan",
                                                                        "Parent Relationship": "Inner",
                                                                        "Parallel Aware": false,
                                                                        "Async Capable": false,
                                                                        "Relation Name": "badge",
                                                                        "Alias": "b2",
                                                                        "Startup Cost": 4.54,
                                                                        "Total Cost": 8.56,
                                                                        "Plan Rows": 1,
                                                                        "Plan Width": 16,
                                                                        "Actual Startup Time": 0.014,
                                                                        "Actual Total Time": 0.018,
                                                                        "Actual Rows": 3,
                                                                        "Actual Loops": 179,
                                                                        "Recheck Cond": "((b1.site_id = site_id) AND (b1.user_id = user_id) AND ((name)::text = 'Nice Question'::text) AND (date > (b1.date + '9 mons'::interval)))",
                                                                        "Rows Removed by Index Recheck": 0,
                                                                        "Exact Heap Blocks": 213,
                                                                        "Lossy Heap Blocks": 0,
                                                                        "Workers": [],
                                                                        "Plans": [
                                                                            {
                                                                                "Node Type": "Bitmap Index Scan",
                                                                                "Parent Relationship": "Outer",
                                                                                "Parallel Aware": false,
                                                                                "Async Capable": false,
                                                                                "Index Name": "badge_pkey",
                                                                                "Startup Cost": 0.0,
                                                                                "Total Cost": 4.54,
                                                                                "Plan Rows": 1,
                                                                                "Plan Width": 0,
                                                                                "Actual Startup Time": 0.011,
                                                                                "Actual Total Time": 0.011,
                                                                                "Actual Rows": 3,
                                                                                "Actual Loops": 179,
                                                                                "Index Cond": "((site_id = b1.site_id) AND (user_id = b1.user_id) AND ((name)::text = 'Nice Question'::text) AND (date > (b1.date + '9 mons'::interval)))",
                                                                                "Workers": []
                                                                            }
                                                                        ]
                                                                    }
                                                                ]
                                                            },
                                                            {
                                                                "Node Type": "Bitmap Heap Scan",
                                                                "Parent Relationship": "Inner",
                                                                "Parallel Aware": false,
                                                                "Async Capable": false,
                                                                "Relation Name": "so_user",
                                                                "Alias": "so_user",
                                                                "Startup Cost": 2.59,
                                                                "Total Cost": 6.61,
                                                                "Plan Rows": 1,
                                                                "Plan Width": 12,
                                                                "Actual Startup Time": 0.002,
                                                                "Actual Total Time": 0.002,
                                                                "Actual Rows": 1,
                                                                "Actual Loops": 527,
                                                                "Recheck Cond": "((id = b2.user_id) AND (site_id = b2.site_id))",
                                                                "Rows Removed by Index Recheck": 0,
                                                                "Exact Heap Blocks": 215,
                                                                "Lossy Heap Blocks": 0,
                                                                "Workers": [],
                                                                "Plans": [
                                                                    {
                                                                        "Node Type": "Bitmap Index Scan",
                                                                        "Parent Relationship": "Outer",
                                                                        "Parallel Aware": false,
                                                                        "Async Capable": false,
                                                                        "Index Name": "so_user_pkey",
                                                                        "Startup Cost": 0.0,
                                                                        "Total Cost": 2.59,
                                                                        "Plan Rows": 1,
                                                                        "Plan Width": 0,
                                                                        "Actual Startup Time": 0.002,
                                                                        "Actual Total Time": 0.002,
                                                                        "Actual Rows": 1,
                                                                        "Actual Loops": 527,
                                                                        "Index Cond": "((id = b2.user_id) AND (site_id = b2.site_id))",
                                                                        "Workers": []
                                                                    }
                                                                ]
                                                            }
                                                        ]
                                                    },
                                                    {
                                                        "Node Type": "Bitmap Heap Scan",
                                                        "Parent Relationship": "Inner",
                                                        "Parallel Aware": false,
                                                        "Async Capable": false,
                                                        "Relation Name": "account",
                                                        "Alias": "account",
                                                        "Startup Cost": 2.52,
                                                        "Total Cost": 6.54,
                                                        "Plan Rows": 1,
                                                        "Plan Width": 15,
                                                        "Actual Startup Time": 0.002,
                                                        "Actual Total Time": 0.002,
                                                        "Actual Rows": 1,
                                                        "Actual Loops": 527,
                                                        "Recheck Cond": "(id = so_user.account_id)",
                                                        "Rows Removed by Index Recheck": 0,
                                                        "Filter": "((website_url)::text <> ''::text)",
                                                        "Rows Removed by Filter": 0,
                                                        "Exact Heap Blocks": 215,
                                                        "Lossy Heap Blocks": 0,
                                                        "Workers": [],
                                                        "Plans": [
                                                            {
                                                                "Node Type": "Bitmap Index Scan",
                                                                "Parent Relationship": "Outer",
                                                                "Parallel Aware": false,
                                                                "Async Capable": false,
                                                                "Index Name": "account_pkey",
                                                                "Startup Cost": 0.0,
                                                                "Total Cost": 2.52,
                                                                "Plan Rows": 1,
                                                                "Plan Width": 0,
                                                                "Actual Startup Time": 0.002,
                                                                "Actual Total Time": 0.002,
                                                                "Actual Rows": 1,
                                                                "Actual Loops": 527,
                                                                "Index Cond": "(id = so_user.account_id)",
                                                                "Workers": []
                                                            }
                                                        ]
                                                    }
                                                ]
                                            }
                                        ]
                                    }
                                ]
                            }
                        ]
                    },
                    "Planning Time": 0.428,
                    "Triggers": [],
                    "Execution Time": 392.323
                }
            ],
            "hints": [
                "SET enable_hashjoin TO on",
                "SET enable_indexonlyscan TO on",
                "SET enable_indexscan TO off",
                "SET enable_mergejoin TO off",
                "SET enable_nestloop TO on",
                "SET enable_seqscan TO on"
            ]
        },
        {
            "arm": 3,
            "execution_time": 1796.965,
            "plan": [
                {
                    "Plan": {
                        "Node Type": "Aggregate",
                        "Strategy": "Plain",
                        "Partial Mode": "Simple",
                        "Parallel Aware": false,
                        "Async Capable": false,
                        "Startup Cost": 1362570.26,
                        "Total Cost": 1362570.27,
                        "Plan Rows": 1,
                        "Plan Width": 8,
                        "Actual Startup Time": 1767.226,
                        "Actual Total Time": 1796.927,
                        "Actual Rows": 1,
                        "Actual Loops": 1,
                        "Plans": [
                            {
                                "Node Type": "Sort",
                                "Parent Relationship": "Outer",
                                "Parallel Aware": false,
                                "Async Capable": false,
                                "Startup Cost": 1362570.24,
                                "Total Cost": 1362570.25,
                                "Plan Rows": 5,
                                "Plan Width": 11,
                                "Actual Startup Time": 1767.194,
                                "Actual Total Time": 1796.904,
                                "Actual Rows": 334,
                                "Actual Loops": 1,
                                "Sort Key": [
                                    "account.display_name"
                                ],
                                "Sort Method": "quicksort",
                                "Sort Space Used": 31,
                                "Sort Space Type": "Memory",
                                "Plans": [
                                    {
                                        "Node Type": "Gather",
                                        "Parent Relationship": "Outer",
                                        "Parallel Aware": false,
                                        "Async Capable": false,
                                        "Startup Cost": 884832.06,
                                        "Total Cost": 1362570.18,
                                        "Plan Rows": 5,
                                        "Plan Width": 11,
                                        "Actual Startup Time": 1475.709,
                                        "Actual Total Time": 1796.811,
                                        "Actual Rows": 334,
                                        "Actual Loops": 1,
                                        "Workers Planned": 6,
                                        "Workers Launched": 6,
                                        "Single Copy": false,
                                        "Plans": [
                                            {
                                                "Node Type": "Hash Join",
                                                "Parent Relationship": "Outer",
                                                "Parallel Aware": true,
                                                "Async Capable": false,
                                                "Join Type": "Inner",
                                                "Startup Cost": 883832.06,
                                                "Total Cost": 1361569.68,
                                                "Plan Rows": 1,
                                                "Plan Width": 11,
                                                "Actual Startup Time": 1433.371,
                                                "Actual Total Time": 1762.154,
                                                "Actual Rows": 48,
                                                "Actual Loops": 7,
                                                "Inner Unique": false,
                                                "Hash Cond": "((b1.site_id = so_user.site_id) AND (b1.user_id = so_user.id))",
                                                "Join Filter": "(b2.date > (b1.date + '9 mons'::interval))",
                                                "Rows Removed by Join Filter": 143,
                                                "Workers": [],
                                                "Plans": [
                                                    {
                                                        "Node Type": "Seq Scan",
                                                        "Parent Relationship": "Outer",
                                                        "Parallel Aware": true,
                                                        "Async Capable": false,
                                                        "Relation Name": "badge",
                                                        "Alias": "b1",
                                                        "Startup Cost": 0.0,
                                                        "Total Cost": 477729.63,
                                                        "Plan Rows": 1059,
                                                        "Plan Width": 16,
                                                        "Actual Startup Time": 20.333,
                                                        "Actual Total Time": 364.81,
                                                        "Actual Rows": 26,
                                                        "Actual Loops": 7,
                                                        "Filter": "((name)::text = 'Illuminator'::text)",
                                                        "Rows Removed by Filter": 7319532,
                                                        "Workers": []
                                                    },
                                                    {
                                                        "Node Type": "Hash",
                                                        "Parent Relationship": "Inner",
                                                        "Parallel Aware": true,
                                                        "Async Capable": false,
                                                        "Startup Cost": 883695.32,
                                                        "Total Cost": 883695.32,
                                                        "Plan Rows": 9116,
                                                        "Plan Width": 35,
                                                        "Actual Startup Time": 1396.032,
                                                        "Actual Total Time": 1396.921,
                                                        "Actual Rows": 49552,
                                                        "Actual Loops": 7,
                                                        "Hash Buckets": 524288,
                                                        "Original Hash Buckets": 65536,
                                                        "Hash Batches": 1,
                                                        "Original Hash Batches": 1,
                                                        "Peak Memory Usage": 31456,
                                                        "Workers": [],
                                                        "Plans": [
                                                            {
                                                                "Node Type": "Hash Join",
                                                                "Parent Relationship": "Outer",
                                                                "Parallel Aware": true,
                                                                "Async Capable": false,
                                                                "Join Type": "Inner",
                                                                "Startup Cost": 404533.91,
                                                                "Total Cost": 883695.32,
                                                                "Plan Rows": 9116,
                                                                "Plan Width": 35,
                                                                "Actual Startup Time": 1337.535,
                                                                "Actual Total Time": 1378.315,
                                                                "Actual Rows": 49552,
                                                                "Actual Loops": 7,
                                                                "Inner Unique": false,
                                                                "Hash Cond": "((b2.site_id = so_user.site_id) AND (b2.user_id = so_user.id))",
                                                                "Workers": [],
                                                                "Plans": [
                                                                    {
                                                                        "Node Type": "Seq Scan",
                                                                        "Parent Relationship": "Outer",
                                                                        "Parallel Aware": true,
                                                                        "Async Capable": false,
                                                                        "Relation Name": "badge",
                                                                        "Alias": "b2",
                                                                        "Startup Cost": 0.0,
                                                                        "Total Cost": 477729.63,
                                                                        "Plan Rows": 175877,
                                                                        "Plan Width": 16,
                                                                        "Actual Startup Time": 0.039,
                                                                        "Actual Total Time": 373.439,
                                                                        "Actual Rows": 137749,
                                                                        "Actual Loops": 7,
                                                                        "Filter": "((name)::text = 'Nice Question'::text)",
                                                                        "Rows Removed by Filter": 7181808,
                                                                        "Workers": []
                                                                    },
                                                                    {
                                                                        "Node Type": "Hash",
                                                                        "Parent Relationship": "Inner",
                                                                        "Parallel Aware": true,
                                                                        "Async Capable": false,
                                                                        "Startup Cost": 401253.56,
                                                                        "Total Cost": 401253.56,
                                                                        "Plan Rows": 218690,
                                                                        "Plan Width": 19,
                                                                        "Actual Startup Time": 938.351,
                                                                        "Actual Total Time": 938.702,
                                                                        "Actual Rows": 362270,
                                                                        "Actual Loops": 7,
                                                                        "Hash Buckets": 524288,
                                                                        "Original Hash Buckets": 2097152,
                                                                        "Hash Batches": 16,
                                                                        "Original Hash Batches": 1,
                                                                        "Peak Memory Usage": 12608,
                                                                        "Workers": [],
                                                                        "Plans": [
                                                                            {
                                                                                "Node Type": "Hash Join",
                                                                                "Parent Relationship": "Outer",
                                                                                "Parallel Aware": true,
                                                                                "Async Capable": false,
                                                                                "Join Type": "Inner",
                                                                                "Startup Cost": 150787.4,
                                                                                "Total Cost": 401253.56,
                                                                                "Plan Rows": 218690,
                                                                                "Plan Width": 19,
                                                                                "Actual Startup Time": 138.295,
                                                                                "Actual Total Time": 802.042,
                                                                                "Actual Rows": 362270,
                                                                                "Actual Loops": 7,
                                                                                "Inner Unique": true,
                                                                                "Hash Cond": "(so_user.account_id = account.id)",
                                                                                "Workers": [],
                                                                                "Plans": [
                                                                                    {
                                                                                        "Node Type": "Seq Scan",
                                                                                        "Parent Relationship": "Outer",
                                                                                        "Parallel Aware": true,
                                                                                        "Async Capable": false,
                                                                                        "Relation Name": "so_user",
                                                                                        "Alias": "so_user",
                                                                                        "Startup Cost": 0.0,
                                                                                        "Total Cost": 239391.02,
                                                                                        "Plan Rows": 4219102,
                                                                                        "Plan Width": 12,
                                                                                        "Actual Startup Time": 0.018,
                                                                                        "Actual Total Time": 150.742,
                                                                                        "Actual Rows": 3013900,
                                                                                        "Actual Loops": 7,
                                                                                        "Workers": []
                                                                                    },
                                                                                    {
                                                                                        "Node Type": "Hash",
                                                                                        "Parent Relationship": "Inner",
                                                                                        "Parallel Aware": true,
                                                                                        "Async Capable": false,
                                                                                        "Startup Cost": 148993.09,
                                                                                        "Total Cost": 148993.09,
                                                                                        "Plan Rows": 143545,
                                                                                        "Plan Width": 15,
                                                                                        "Actual Startup Time": 137.752,
                                                                                        "Actual Total Time": 137.753,
                                                                                        "Actual Rows": 103524,
                                                                                        "Actual Loops": 7,
                                                                                        "Hash Buckets": 1048576,
                                                                                        "Original Hash Buckets": 1048576,
                                                                                        "Hash Batches": 1,
                                                                                        "Original Hash Batches": 1,
                                                                                        "Peak Memory Usage": 44608,
                                                                                        "Workers": [],
                                                                                        "Plans": [
                                                                                            {
                                                                                                "Node Type": "Seq Scan",
                                                                                                "Parent Relationship": "Outer",
                                                                                                "Parallel Aware": true,
                                                                                                "Async Capable": false,
                                                                                                "Relation Name": "account",
                                                                                                "Alias": "account",
                                                                                                "Startup Cost": 0.0,
                                                                                                "Total Cost": 148993.09,
                                                                                                "Plan Rows": 143545,
                                                                                                "Plan Width": 15,
                                                                                                "Actual Startup Time": 0.034,
                                                                                                "Actual Total Time": 109.625,
                                                                                                "Actual Rows": 103524,
                                                                                                "Actual Loops": 7,
                                                                                                "Filter": "((website_url)::text <> ''::text)",
                                                                                                "Rows Removed by Filter": 1878212,
                                                                                                "Workers": []
                                                                                            }
                                                                                        ]
                                                                                    }
                                                                                ]
                                                                            }
                                                                        ]
                                                                    }
                                                                ]
                                                            }
                                                        ]
                                                    }
                                                ]
                                            }
                                        ]
                                    }
                                ]
                            }
                        ]
                    },
                    "Planning Time": 0.352,
                    "Triggers": [],
                    "Execution Time": 1796.965
                }
            ],
            "hints": [
                "SET enable_hashjoin TO on",
                "SET enable_indexonlyscan TO on",
                "SET enable_indexscan TO off",
                "SET enable_mergejoin TO off",
                "SET enable_nestloop TO off",
                "SET enable_seqscan TO on"
            ]
        },
        {
            "arm": 4,
            "execution_time": 385.865,
            "plan": [
                {
                    "Plan": {
                        "Node Type": "Aggregate",
                        "Strategy": "Plain",
                        "Partial Mode": "Simple",
                        "Parallel Aware": false,
                        "Async Capable": false,
                        "Startup Cost": 489872.45,
                        "Total Cost": 489872.46,
                        "Plan Rows": 1,
                        "Plan Width": 8,
                        "Actual Startup Time": 374.941,
                        "Actual Total Time": 385.829,
                        "Actual Rows": 1,
                        "Actual Loops": 1,
                        "Plans": [
                            {
                                "Node Type": "Sort",
                                "Parent Relationship": "Outer",
                                "Parallel Aware": false,
                                "Async Capable": false,
                                "Startup Cost": 489872.43,
                                "Total Cost": 489872.44,
                                "Plan Rows": 5,
                                "Plan Width": 11,
                                "Actual Startup Time": 374.915,
                                "Actual Total Time": 385.81,
                                "Actual Rows": 334,
                                "Actual Loops": 1,
                                "Sort Key": [
                                    "account.display_name"
                                ],
                                "Sort Method": "quicksort",
                                "Sort Space Used": 31,
                                "Sort Space Type": "Memory",
                                "Plans": [
                                    {
                                        "Node Type": "Gather",
                                        "Parent Relationship": "Outer",
                                        "Parallel Aware": false,
                                        "Async Capable": false,
                                        "Startup Cost": 1001.44,
                                        "Total Cost": 489872.37,
                                        "Plan Rows": 5,
                                        "Plan Width": 11,
                                        "Actual Startup Time": 216.975,
                                        "Actual Total Time": 385.738,
                                        "Actual Rows": 334,
                                        "Actual Loops": 1,
                                        "Workers Planned": 6,
                                        "Workers Launched": 6,
                                        "Single Copy": false,
                                        "Plans": [
                                            {
                                                "Node Type": "Nested Loop",
                                                "Parent Relationship": "Outer",
                                                "Parallel Aware": false,
                                                "Async Capable": false,
                                                "Join Type": "Inner",
                                                "Startup Cost": 1.44,
                                                "Total Cost": 488871.87,
                                                "Plan Rows": 1,
                                                "Plan Width": 11,
                                                "Actual Startup Time": 83.041,
                                                "Actual Total Time": 372.351,
                                                "Actual Rows": 48,
                                                "Actual Loops": 7,
                                                "Inner Unique": true,
                                                "Workers": [],
                                                "Plans": [
                                                    {
                                                        "Node Type": "Nested Loop",
                                                        "Parent Relationship": "Outer",
                                                        "Parallel Aware": false,
                                                        "Async Capable": false,
                                                        "Join Type": "Inner",
                                                        "Startup Cost": 1.0,
                                                        "Total Cost": 488788.76,
                                                        "Plan Rows": 18,
                                                        "Plan Width": 4,
                                                        "Actual Startup Time": 42.096,
                                                        "Actual Total Time": 372.187,
                                                        "Actual Rows": 75,
                                                        "Actual Loops": 7,
                                                        "Inner Unique": true,
                                                        "Join Filter": "((so_user.site_id = b1.site_id) AND (so_user.id = b1.user_id))",
                                                        "Rows Removed by Join Filter": 0,
                                                        "Workers": [],
                                                        "Plans": [
                                                            {
                                                                "Node Type": "Nested Loop",
                                                                "Parent Relationship": "Outer",
                                                                "Parallel Aware": false,
                                                                "Async Capable": false,
                                                                "Join Type": "Inner",
                                                                "Startup Cost": 0.57,
                                                                "Total Cost": 486761.04,
                                                                "Plan Rows": 419,
                                                                "Plan Width": 16,
                                                                "Actual Startup Time": 42.072,
                                                                "Actual Total Time": 372.005,
                                                                "Actual Rows": 75,
                                                                "Actual Loops": 7,
                                                                "Inner Unique": false,
                                                                "Workers": [],
                                                                "Plans": [
                                                                    {
                                                                        "Node Type": "Seq Scan",
                                                                        "Parent Relationship": "Outer",
                                                                        "Parallel Aware": true,
                                                                        "Async Capable": false,
                                                                        "Relation Name": "badge",
                                                                        "Alias": "b1",
                                                                        "Startup Cost": 0.0,
                                                                        "Total Cost": 477729.63,
                                                                        "Plan Rows": 1059,
                                                                        "Plan Width": 16,
                                                                        "Actual Startup Time": 27.35,
                                                                        "Actual Total Time": 371.542,
                                                                        "Actual Rows": 26,
                                                                        "Actual Loops": 7,
                                                                        "Filter": "((name)::text = 'Illuminator'::text)",
                                                                        "Rows Removed by Filter": 7319532,
                                                                        "Workers": []
                                                                    },
                                                                    {
                                                                        "Node Type": "Index Only Scan",
                                                                        "Parent Relationship": "Inner",
                                                                        "Parallel Aware": false,
                                                                        "Async Capable": false,
                                                                        "Scan Direction": "Forward",
                                                                        "Index Name": "badge_pkey",
                                                                        "Relation Name": "badge",
                                                                        "Alias": "b2",
                                                                        "Startup Cost": 0.57,
                                                                        "Total Cost": 8.52,
                                                                        "Plan Rows": 1,
                                                                        "Plan Width": 16,
                                                                        "Actual Startup Time": 0.012,
                                                                        "Actual Total Time": 0.016,
                                                                        "Actual Rows": 3,
                                                                        "Actual Loops": 179,
                                                                        "Index Cond": "((site_id = b1.site_id) AND (user_id = b1.user_id) AND (name = 'Nice Question'::text) AND (date > (b1.date + '9 mons'::interval)))",
                                                                        "Rows Removed by Index Recheck": 0,
                                                                        "Heap Fetches": 527,
                                                                        "Workers": []
                                                                    }
                                                                ]
                                                            },
                                                            {
                                                                "Node Type": "Index Scan",
                                                                "Parent Relationship": "Inner",
                                                                "Parallel Aware": false,
                                                                "Async Capable": false,
                                                                "Scan Direction": "Forward",
                                                                "Index Name": "so_user_pkey",
                                                                "Relation Name": "so_user",
                                                                "Alias": "so_user",
                                                                "Startup Cost": 0.44,
                                                                "Total Cost": 4.82,
                                                                "Plan Rows": 1,
                                                                "Plan Width": 12,
                                                                "Actual Startup Time": 0.002,
                                                                "Actual Total Time": 0.002,
                                                                "Actual Rows": 1,
                                                                "Actual Loops": 527,
                                                                "Index Cond": "((id = b2.user_id) AND (site_id = b2.site_id))",
                                                                "Rows Removed by Index Recheck": 0,
                                                                "Workers": []
                                                            }
                                                        ]
                                                    },
                                                    {
                                                        "Node Type": "Index Scan",
                                                        "Parent Relationship": "Inner",
                                                        "Parallel Aware": false,
                                                        "Async Capable": false,
                                                        "Scan Direction": "Forward",
                                                        "Index Name": "account_pkey",
                                                        "Relation Name": "account",
                                                        "Alias": "account",
                                                        "Startup Cost": 0.43,
                                                        "Total Cost": 4.62,
                                                        "Plan Rows": 1,
                                                        "Plan Width": 15,
                                                        "Actual Startup Time": 0.002,
                                                        "Actual Total Time": 0.002,
                                                        "Actual Rows": 1,
                                                        "Actual Loops": 527,
                                                        "Index Cond": "(id = so_user.account_id)",
                                                        "Rows Removed by Index Recheck": 0,
                                                        "Filter": "((website_url)::text <> ''::text)",
                                                        "Rows Removed by Filter": 0,
                                                        "Workers": []
                                                    }
                                                ]
                                            }
                                        ]
                                    }
                                ]
                            }
                        ]
                    },
                    "Planning Time": 0.405,
                    "Triggers": [],
                    "Execution Time": 385.865
                }
            ],
            "hints": [
                "SET enable_hashjoin TO on",
                "SET enable_indexonlyscan TO on",
                "SET enable_indexscan TO on",
                "SET enable_mergejoin TO off",
                "SET enable_nestloop TO on",
                "SET enable_seqscan TO on"
            ]
        }
    ]
}