{
    "sql_file": "soload_q14-005.sql",
    "query": "SELECT COUNT(*)\nFROM\nsite as s,\nso_user as u1,\nquestion as q1,\nanswer as a1,\ntag as t1,\ntag_question as tq1,\nbadge as b,\naccount as acc\nWHERE\ns.site_id = q1.site_id\nAND s.site_id = u1.site_id\nAND s.site_id = a1.site_id\nAND s.site_id = t1.site_id\nAND s.site_id = tq1.site_id\nAND s.site_id = b.site_id\nAND q1.id = tq1.question_id\nAND q1.id = a1.question_id\nAND a1.owner_user_id = u1.id\nAND t1.id = tq1.tag_id\nAND b.user_id = u1.id\nAND acc.id = u1.account_id\nAND (s.site_name in ('mathoverflow','ru'))\nAND (t1.name in ('homotopy-theory','функции'))\nAND (q1.view_count >= 10)\nAND (q1.view_count <= 1000)\nAND (u1.reputation >= 0)\nAND (u1.reputation <= 100)\nAND (b.name in ('Autobiographer','Scholar','Student'))",
    "results": [
        {
            "arm": 0,
            "execution_time": 67.995,
            "plan": [
                {
                    "Plan": {
                        "Node Type": "Aggregate",
                        "Strategy": "Plain",
                        "Partial Mode": "Simple",
                        "Parallel Aware": false,
                        "Async Capable": false,
                        "Startup Cost": 3787.53,
                        "Total Cost": 3787.54,
                        "Plan Rows": 1,
                        "Plan Width": 8,
                        "Actual Startup Time": 67.952,
                        "Actual Total Time": 67.955,
                        "Actual Rows": 1,
                        "Actual Loops": 1,
                        "Plans": [
                            {
                                "Node Type": "Nested Loop",
                                "Parent Relationship": "Outer",
                                "Parallel Aware": false,
                                "Async Capable": false,
                                "Join Type": "Inner",
                                "Startup Cost": 2.87,
                                "Total Cost": 3787.53,
                                "Plan Rows": 1,
                                "Plan Width": 0,
                                "Actual Startup Time": 26.182,
                                "Actual Total Time": 67.948,
                                "Actual Rows": 43,
                                "Actual Loops": 1,
                                "Inner Unique": true,
                                "Plans": [
                                    {
                                        "Node Type": "Nested Loop",
                                        "Parent Relationship": "Outer",
                                        "Parallel Aware": false,
                                        "Async Capable": false,
                                        "Join Type": "Inner",
                                        "Startup Cost": 2.44,
                                        "Total Cost": 3780.33,
                                        "Plan Rows": 1,
                                        "Plan Width": 4,
                                        "Actual Startup Time": 26.074,
                                        "Actual Total Time": 66.284,
                                        "Actual Rows": 43,
                                        "Actual Loops": 1,
                                        "Inner Unique": false,
                                        "Join Filter": "((s.site_id = b.site_id) AND (b.user_id = a1.owner_user_id))",
                                        "Rows Removed by Join Filter": 0,
                                        "Plans": [
                                            {
                                                "Node Type": "Nested Loop",
                                                "Parent Relationship": "Outer",
                                                "Parallel Aware": false,
                                                "Async Capable": false,
                                                "Join Type": "Inner",
                                                "Startup Cost": 1.87,
                                                "Total Cost": 3772.89,
                                                "Plan Rows": 1,
                                                "Plan Width": 36,
                                                "Actual Startup Time": 15.778,
                                                "Actual Total Time": 63.844,
                                                "Actual Rows": 36,
                                                "Actual Loops": 1,
                                                "Inner Unique": true,
                                                "Join Filter": "(s.site_id = q1.site_id)",
                                                "Rows Removed by Join Filter": 0,
                                                "Plans": [
                                                    {
                                                        "Node Type": "Nested Loop",
                                                        "Parent Relationship": "Outer",
                                                        "Parallel Aware": false,
                                                        "Async Capable": false,
                                                        "Join Type": "Inner",
                                                        "Startup Cost": 1.44,
                                                        "Total Cost": 3765.67,
                                                        "Plan Rows": 1,
                                                        "Plan Width": 40,
                                                        "Actual Startup Time": 4.832,
                                                        "Actual Total Time": 63.514,
                                                        "Actual Rows": 50,
                                                        "Actual Loops": 1,
                                                        "Inner Unique": true,
                                                        "Join Filter": "(s.site_id = u1.site_id)",
                                                        "Rows Removed by Join Filter": 0,
                                                        "Plans": [
                                                            {
                                                                "Node Type": "Nested Loop",
                                                                "Parent Relationship": "Outer",
                                                                "Parallel Aware": false,
                                                                "Async Capable": false,
                                                                "Join Type": "Inner",
                                                                "Startup Cost": 1.0,
                                                                "Total Cost": 3758.44,
                                                                "Plan Rows": 1,
                                                                "Plan Width": 28,
                                                                "Actual Startup Time": 4.191,
                                                                "Actual Total Time": 24.652,
                                                                "Actual Rows": 1026,
                                                                "Actual Loops": 1,
                                                                "Inner Unique": false,
                                                                "Join Filter": "(s.site_id = a1.site_id)",
                                                                "Rows Removed by Join Filter": 0,
                                                                "Plans": [
                                                                    {
                                                                        "Node Type": "Nested Loop",
                                                                        "Parent Relationship": "Outer",
                                                                        "Parallel Aware": false,
                                                                        "Async Capable": false,
                                                                        "Join Type": "Inner",
                                                                        "Startup Cost": 0.56,
                                                                        "Total Cost": 3600.01,
                                                                        "Plan Rows": 22,
                                                                        "Plan Width": 16,
                                                                        "Actual Startup Time": 3.841,
                                                                        "Actual Total Time": 17.562,
                                                                        "Actual Rows": 1757,
                                                                        "Actual Loops": 1,
                                                                        "Inner Unique": false,
                                                                        "Join Filter": "(s.site_id = tq1.site_id)",
                                                                        "Rows Removed by Join Filter": 0,
                                                                        "Plans": [
                                                                            {
                                                                                "Node Type": "Nested Loop",
                                                                                "Parent Relationship": "Outer",
                                                                                "Parallel Aware": false,
                                                                                "Async Capable": false,
                                                                                "Join Type": "Inner",
                                                                                "Startup Cost": 0.0,
                                                                                "Total Cost": 3537.94,
                                                                                "Plan Rows": 1,
                                                                                "Plan Width": 12,
                                                                                "Actual Startup Time": 3.3,
                                                                                "Actual Total Time": 12.267,
                                                                                "Actual Rows": 2,
                                                                                "Actual Loops": 1,
                                                                                "Inner Unique": true,
                                                                                "Join Filter": "(s.site_id = t1.site_id)",
                                                                                "Rows Removed by Join Filter": 3,
                                                                                "Plans": [
                                                                                    {
                                                                                        "Node Type": "Seq Scan",
                                                                                        "Parent Relationship": "Outer",
                                                                                        "Parallel Aware": false,
                                                                                        "Async Capable": false,
                                                                                        "Relation Name": "tag",
                                                                                        "Alias": "t1",
                                                                                        "Startup Cost": 0.0,
                                                                                        "Total Cost": 3534.62,
                                                                                        "Plan Rows": 5,
                                                                                        "Plan Width": 8,
                                                                                        "Actual Startup Time": 3.142,
                                                                                        "Actual Total Time": 12.25,
                                                                                        "Actual Rows": 3,
                                                                                        "Actual Loops": 1,
                                                                                        "Filter": "((name)::text = ANY ('{homotopy-theory,функции}'::text[]))",
                                                                                        "Rows Removed by Filter": 186767
                                                                                    },
                                                                                    {
                                                                                        "Node Type": "Materialize",
                                                                                        "Parent Relationship": "Inner",
                                                                                        "Parallel Aware": false,
                                                                                        "Async Capable": false,
                                                                                        "Startup Cost": 0.0,
                                                                                        "Total Cost": 3.17,
                                                                                        "Plan Rows": 2,
                                                                                        "Plan Width": 4,
                                                                                        "Actual Startup Time": 0.003,
                                                                                        "Actual Total Time": 0.005,
                                                                                        "Actual Rows": 2,
                                                                                        "Actual Loops": 3,
                                                                                        "Plans": [
                                                                                            {
                                                                                                "Node Type": "Seq Scan",
                                                                                                "Parent Relationship": "Outer",
                                                                                                "Parallel Aware": false,
                                                                                                "Async Capable": false,
                                                                                                "Relation Name": "site",
                                                                                                "Alias": "s",
                                                                                                "Startup Cost": 0.0,
                                                                                                "Total Cost": 3.16,
                                                                                                "Plan Rows": 2,
                                                                                                "Plan Width": 4,
                                                                                                "Actual Startup Time": 0.007,
                                                                                                "Actual Total Time": 0.011,
                                                                                                "Actual Rows": 2,
                                                                                                "Actual Loops": 1,
                                                                                                "Filter": "((site_name)::text = ANY ('{mathoverflow,ru}'::text[]))",
                                                                                                "Rows Removed by Filter": 171
                                                                                            }
                                                                                        ]
                                                                                    }
                                                                                ]
                                                                            },
                                                                            {
                                                                                "Node Type": "Index Only Scan",
                                                                                "Parent Relationship": "Inner",
                                                                                "Parallel Aware": false,
                                                                                "Async Capable": false,
                                                                                "Scan Direction": "Forward",
                                                                                "Index Name": "tag_question_site_id_tag_id_question_id_idx",
                                                                                "Relation Name": "tag_question",
                                                                                "Alias": "tq1",
                                                                                "Startup Cost": 0.56,
                                                                                "Total Cost": 61.69,
                                                                                "Plan Rows": 31,
                                                                                "Plan Width": 12,
                                                                                "Actual Startup Time": 0.318,
                                                                                "Actual Total Time": 2.575,
                                                                                "Actual Rows": 878,
                                                                                "Actual Loops": 2,
                                                                                "Index Cond": "((site_id = t1.site_id) AND (tag_id = t1.id))",
                                                                                "Rows Removed by Index Recheck": 0,
                                                                                "Heap Fetches": 1757
                                                                            }
                                                                        ]
                                                                    },
                                                                    {
                                                                        "Node Type": "Index Scan",
                                                                        "Parent Relationship": "Inner",
                                                                        "Parallel Aware": false,
                                                                        "Async Capable": false,
                                                                        "Scan Direction": "Forward",
                                                                        "Index Name": "answer_site_id_question_id_idx",
                                                                        "Relation Name": "answer",
                                                                        "Alias": "a1",
                                                                        "Startup Cost": 0.43,
                                                                        "Total Cost": 7.19,
                                                                        "Plan Rows": 1,
                                                                        "Plan Width": 12,
                                                                        "Actual Startup Time": 0.004,
                                                                        "Actual Total Time": 0.004,
                                                                        "Actual Rows": 1,
                                                                        "Actual Loops": 1757,
                                                                        "Index Cond": "((site_id = tq1.site_id) AND (question_id = tq1.question_id))",
                                                                        "Rows Removed by Index Recheck": 0
                                                                    }
                                                                ]
                                                            },
                                                            {
                                                                "Node Type": "Index Scan",
                                                                "Parent Relationship": "Inner",
                                                                "Parallel Aware": false,
                                                                "Async Capable": false,
                                                                "Scan Direction": "Forward",
                                                                "Index Name": "so_user_pkey",
                                                                "Relation Name": "so_user",
                                                                "Alias": "u1",
                                                                "Startup Cost": 0.44,
                                                                "Total Cost": 7.22,
                                                                "Plan Rows": 1,
                                                                "Plan Width": 12,
                                                                "Actual Startup Time": 0.038,
                                                                "Actual Total Time": 0.038,
                                                                "Actual Rows": 0,
                                                                "Actual Loops": 1026,
                                                                "Index Cond": "((id = a1.owner_user_id) AND (site_id = a1.site_id))",
                                                                "Rows Removed by Index Recheck": 0,
                                                                "Filter": "((reputation >= 0) AND (reputation <= 100))",
                                                                "Rows Removed by Filter": 1
                                                            }
                                                        ]
                                                    },
                                                    {
                                                        "Node Type": "Index Scan",
                                                        "Parent Relationship": "Inner",
                                                        "Parallel Aware": false,
                                                        "Async Capable": false,
                                                        "Scan Direction": "Forward",
                                                        "Index Name": "question_pkey",
                                                        "Relation Name": "question",
                                                        "Alias": "q1",
                                                        "Startup Cost": 0.43,
                                                        "Total Cost": 7.2,
                                                        "Plan Rows": 1,
                                                        "Plan Width": 8,
                                                        "Actual Startup Time": 0.006,
                                                        "Actual Total Time": 0.006,
                                                        "Actual Rows": 1,
                                                        "Actual Loops": 50,
                                                        "Index Cond": "((id = tq1.question_id) AND (site_id = tq1.site_id))",
                                                        "Rows Removed by Index Recheck": 0,
                                                        "Filter": "((view_count >= 10) AND (view_count <= 1000))",
                                                        "Rows Removed by Filter": 0
                                                    }
                                                ]
                                            },
                                            {
                                                "Node Type": "Index Only Scan",
                                                "Parent Relationship": "Inner",
                                                "Parallel Aware": false,
                                                "Async Capable": false,
                                                "Scan Direction": "Forward",
                                                "Index Name": "badge_pkey",
                                                "Relation Name": "badge",
                                                "Alias": "b",
                                                "Startup Cost": 0.56,
                                                "Total Cost": 7.43,
                                                "Plan Rows": 1,
                                                "Plan Width": 8,
                                                "Actual Startup Time": 0.064,
                                                "Actual Total Time": 0.067,
                                                "Actual Rows": 1,
                                                "Actual Loops": 36,
                                                "Index Cond": "((site_id = u1.site_id) AND (user_id = u1.id))",
                                                "Rows Removed by Index Recheck": 0,
                                                "Filter": "((name)::text = ANY ('{Autobiographer,Scholar,Student}'::text[]))",
                                                "Rows Removed by Filter": 6,
                                                "Heap Fetches": 246
                                            }
                                        ]
                                    },
                                    {
                                        "Node Type": "Index Only Scan",
                                        "Parent Relationship": "Inner",
                                        "Parallel Aware": false,
                                        "Async Capable": false,
                                        "Scan Direction": "Forward",
                                        "Index Name": "account_pkey",
                                        "Relation Name": "account",
                                        "Alias": "acc",
                                        "Startup Cost": 0.43,
                                        "Total Cost": 7.2,
                                        "Plan Rows": 1,
                                        "Plan Width": 4,
                                        "Actual Startup Time": 0.038,
                                        "Actual Total Time": 0.038,
                                        "Actual Rows": 1,
                                        "Actual Loops": 43,
                                        "Index Cond": "(id = u1.account_id)",
                                        "Rows Removed by Index Recheck": 0,
                                        "Heap Fetches": 43
                                    }
                                ]
                            }
                        ]
                    },
                    "Planning Time": 28.356,
                    "Triggers": [],
                    "Execution Time": 67.995
                }
            ],
            "hints": [
                "SET enable_hashjoin TO on",
                "SET enable_indexonlyscan TO on",
                "SET enable_indexscan TO on",
                "SET enable_mergejoin TO on",
                "SET enable_nestloop TO on",
                "SET enable_seqscan TO on"
            ]
        },
        {
            "arm": 1,
            "execution_time": 22198.274,
            "plan": [
                {
                    "Plan": {
                        "Node Type": "Aggregate",
                        "Strategy": "Plain",
                        "Partial Mode": "Finalize",
                        "Parallel Aware": false,
                        "Async Capable": false,
                        "Startup Cost": 3700760.61,
                        "Total Cost": 3700760.62,
                        "Plan Rows": 1,
                        "Plan Width": 8,
                        "Actual Startup Time": 18962.022,
                        "Actual Total Time": 22198.222,
                        "Actual Rows": 1,
                        "Actual Loops": 1,
                        "Plans": [
                            {
                                "Node Type": "Gather",
                                "Parent Relationship": "Outer",
                                "Parallel Aware": false,
                                "Async Capable": false,
                                "Startup Cost": 3700760.08,
                                "Total Cost": 3700760.59,
                                "Plan Rows": 5,
                                "Plan Width": 8,
                                "Actual Startup Time": 18959.145,
                                "Actual Total Time": 22198.216,
                                "Actual Rows": 6,
                                "Actual Loops": 1,
                                "Workers Planned": 5,
                                "Workers Launched": 5,
                                "Single Copy": false,
                                "Plans": [
                                    {
                                        "Node Type": "Aggregate",
                                        "Strategy": "Plain",
                                        "Partial Mode": "Partial",
                                        "Parent Relationship": "Outer",
                                        "Parallel Aware": false,
                                        "Async Capable": false,
                                        "Startup Cost": 3699760.08,
                                        "Total Cost": 3699760.09,
                                        "Plan Rows": 1,
                                        "Plan Width": 8,
                                        "Actual Startup Time": 18956.18,
                                        "Actual Total Time": 18956.629,
                                        "Actual Rows": 1,
                                        "Actual Loops": 6,
                                        "Workers": [],
                                        "Plans": [
                                            {
                                                "Node Type": "Hash Join",
                                                "Parent Relationship": "Outer",
                                                "Parallel Aware": true,
                                                "Async Capable": false,
                                                "Join Type": "Inner",
                                                "Startup Cost": 3547305.27,
                                                "Total Cost": 3699760.08,
                                                "Plan Rows": 1,
                                                "Plan Width": 0,
                                                "Actual Startup Time": 18813.619,
                                                "Actual Total Time": 18956.624,
                                                "Actual Rows": 7,
                                                "Actual Loops": 6,
                                                "Inner Unique": false,
                                                "Hash Cond": "(acc.id = u1.account_id)",
                                                "Workers": [],
                                                "Plans": [
                                                    {
                                                        "Node Type": "Seq Scan",
                                                        "Parent Relationship": "Outer",
                                                        "Parallel Aware": true,
                                                        "Async Capable": false,
                                                        "Relation Name": "account",
                                                        "Alias": "acc",
                                                        "Startup Cost": 0.0,
                                                        "Total Cost": 142069.67,
                                                        "Plan Rows": 2769367,
                                                        "Plan Width": 4,
                                                        "Actual Startup Time": 0.025,
                                                        "Actual Total Time": 106.634,
                                                        "Actual Rows": 2312026,
                                                        "Actual Loops": 6,
                                                        "Workers": []
                                                    },
                                                    {
                                                        "Node Type": "Hash",
                                                        "Parent Relationship": "Inner",
                                                        "Parallel Aware": true,
                                                        "Async Capable": false,
                                                        "Startup Cost": 3547305.26,
                                                        "Total Cost": 3547305.26,
                                                        "Plan Rows": 1,
                                                        "Plan Width": 4,
                                                        "Actual Startup Time": 18766.092,
                                                        "Actual Total Time": 18766.539,
                                                        "Actual Rows": 7,
                                                        "Actual Loops": 6,
                                                        "Hash Buckets": 1024,
                                                        "Original Hash Buckets": 1024,
                                                        "Hash Batches": 1,
                                                        "Original Hash Batches": 1,
                                                        "Peak Memory Usage": 200,
                                                        "Workers": [],
                                                        "Plans": [
                                                            {
                                                                "Node Type": "Hash Join",
                                                                "Parent Relationship": "Outer",
                                                                "Parallel Aware": true,
                                                                "Async Capable": false,
                                                                "Join Type": "Inner",
                                                                "Startup Cost": 2774530.71,
                                                                "Total Cost": 3547305.26,
                                                                "Plan Rows": 1,
                                                                "Plan Width": 4,
                                                                "Actual Startup Time": 18182.751,
                                                                "Actual Total Time": 18766.456,
                                                                "Actual Rows": 7,
                                                                "Actual Loops": 6,
                                                                "Inner Unique": false,
                                                                "Hash Cond": "((a1.site_id = s.site_id) AND (a1.question_id = q1.id) AND (a1.owner_user_id = u1.id))",
                                                                "Workers": [],
                                                                "Plans": [
                                                                    {
                                                                        "Node Type": "Seq Scan",
                                                                        "Parent Relationship": "Outer",
                                                                        "Parallel Aware": true,
                                                                        "Async Capable": false,
                                                                        "Relation Name": "answer",
                                                                        "Alias": "a1",
                                                                        "Startup Cost": 0.0,
                                                                        "Total Cost": 762572.49,
                                                                        "Plan Rows": 906849,
                                                                        "Plan Width": 12,
                                                                        "Actual Startup Time": 0.028,
                                                                        "Actual Total Time": 320.074,
                                                                        "Actual Rows": 1057926,
                                                                        "Actual Loops": 6,
                                                                        "Workers": []
                                                                    },
                                                                    {
                                                                        "Node Type": "Hash",
                                                                        "Parent Relationship": "Inner",
                                                                        "Parallel Aware": true,
                                                                        "Async Capable": false,
                                                                        "Startup Cost": 2774530.46,
                                                                        "Total Cost": 2774530.46,
                                                                        "Plan Rows": 14,
                                                                        "Plan Width": 44,
                                                                        "Actual Startup Time": 16657.612,
                                                                        "Actual Total Time": 16657.65,
                                                                        "Actual Rows": 12286230,
                                                                        "Actual Loops": 6,
                                                                        "Hash Buckets": 262144,
                                                                        "Original Hash Buckets": 1024,
                                                                        "Hash Batches": 512,
                                                                        "Original Hash Batches": 1,
                                                                        "Peak Memory Usage": 13440,
                                                                        "Workers": [],
                                                                        "Plans": [
                                                                            {
                                                                                "Node Type": "Hash Join",
                                                                                "Parent Relationship": "Outer",
                                                                                "Parallel Aware": true,
                                                                                "Async Capable": false,
                                                                                "Join Type": "Inner",
                                                                                "Startup Cost": 2272446.93,
                                                                                "Total Cost": 2774530.46,
                                                                                "Plan Rows": 14,
                                                                                "Plan Width": 44,
                                                                                "Actual Startup Time": 11344.216,
                                                                                "Actual Total Time": 13462.271,
                                                                                "Actual Rows": 12286230,
                                                                                "Actual Loops": 6,
                                                                                "Inner Unique": false,
                                                                                "Hash Cond": "((b.site_id = s.site_id) AND (b.user_id = u1.id))",
                                                                                "Workers": [],
                                                                                "Plans": [
                                                                                    {
                                                                                        "Node Type": "Seq Scan",
                                                                                        "Parent Relationship": "Outer",
                                                                                        "Parallel Aware": true,
                                                                                        "Async Capable": false,
                                                                                        "Relation Name": "badge",
                                                                                        "Alias": "b",
                                                                                        "Startup Cost": 0.0,
                                                                                        "Total Cost": 488401.8,
                                                                                        "Plan Rows": 1824228,
                                                                                        "Plan Width": 8,
                                                                                        "Actual Startup Time": 0.065,
                                                                                        "Actual Total Time": 1187.048,
                                                                                        "Actual Rows": 1813447,
                                                                                        "Actual Loops": 6,
                                                                                        "Filter": "((name)::text = ANY ('{Autobiographer,Scholar,Student}'::text[]))",
                                                                                        "Rows Removed by Filter": 6726037,
                                                                                        "Workers": []
                                                                                    },
                                                                                    {
                                                                                        "Node Type": "Hash",
                                                                                        "Parent Relationship": "Inner",
                                                                                        "Parallel Aware": true,
                                                                                        "Async Capable": false,
                                                                                        "Startup Cost": 2272442.47,
                                                                                        "Total Cost": 2272442.47,
                                                                                        "Plan Rows": 297,
                                                                                        "Plan Width": 36,
                                                                                        "Actual Startup Time": 9831.04,
                                                                                        "Actual Total Time": 9831.047,
                                                                                        "Actual Rows": 26035250,
                                                                                        "Actual Loops": 6,
                                                                                        "Hash Buckets": 262144,
                                                                                        "Original Hash Buckets": 2048,
                                                                                        "Hash Batches": 1024,
                                                                                        "Original Hash Batches": 1,
                                                                                        "Peak Memory Usage": 15168,
                                                                                        "Workers": [],
                                                                                        "Plans": [
                                                                                            {
                                                                                                "Node Type": "Hash Join",
                                                                                                "Parent Relationship": "Outer",
                                                                                                "Parallel Aware": true,
                                                                                                "Async Capable": false,
                                                                                                "Join Type": "Inner",
                                                                                                "Startup Cost": 1999016.5,
                                                                                                "Total Cost": 2272442.47,
                                                                                                "Plan Rows": 297,
                                                                                                "Plan Width": 36,
                                                                                                "Actual Startup Time": 1527.798,
                                                                                                "Actual Total Time": 3510.852,
                                                                                                "Actual Rows": 26035250,
                                                                                                "Actual Loops": 6,
                                                                                                "Inner Unique": false,
                                                                                                "Hash Cond": "(u1.site_id = s.site_id)",
                                                                                                "Workers": [],
                                                                                                "Plans": [
                                                                                                    {
                                                                                                        "Node Type": "Seq Scan",
                                                                                                        "Parent Relationship": "Outer",
                                                                                                        "Parallel Aware": true,
                                                                                                        "Async Capable": false,
                                                                                                        "Relation Name": "so_user",
                                                                                                        "Alias": "u1",
                                                                                                        "Startup Cost": 0.0,
                                                                                                        "Total Cost": 260486.52,
                                                                                                        "Plan Rows": 3398140,
                                                                                                        "Plan Width": 12,
                                                                                                        "Actual Startup Time": 0.034,
                                                                                                        "Actual Total Time": 225.086,
                                                                                                        "Actual Rows": 2843844,
                                                                                                        "Actual Loops": 6,
                                                                                                        "Filter": "((reputation >= 0) AND (reputation <= 100))",
                                                                                                        "Rows Removed by Filter": 672373,
                                                                                                        "Workers": []
                                                                                                    },
                                                                                                    {
                                                                                                        "Node Type": "Hash",
                                                                                                        "Parent Relationship": "Inner",
                                                                                                        "Parallel Aware": true,
                                                                                                        "Async Capable": false,
                                                                                                        "Startup Cost": 1999016.49,
                                                                                                        "Total Cost": 1999016.49,
                                                                                                        "Plan Rows": 1,
                                                                                                        "Plan Width": 24,
                                                                                                        "Actual Startup Time": 1485.313,
                                                                                                        "Actual Total Time": 1485.318,
                                                                                                        "Actual Rows": 247,
                                                                                                        "Actual Loops": 6,
                                                                                                        "Hash Buckets": 1024,
                                                                                                        "Original Hash Buckets": 1024,
                                                                                                        "Hash Batches": 1,
                                                                                                        "Original Hash Batches": 1,
                                                                                                        "Peak Memory Usage": 200,
                                                                                                        "Workers": [],
                                                                                                        "Plans": [
                                                                                                            {
                                                                                                                "Node Type": "Merge Join",
                                                                                                                "Parent Relationship": "Outer",
                                                                                                                "Parallel Aware": false,
                                                                                                                "Async Capable": false,
                                                                                                                "Join Type": "Inner",
                                                                                                                "Startup Cost": 1999011.0,
                                                                                                                "Total Cost": 1999016.49,
                                                                                                                "Plan Rows": 1,
                                                                                                                "Plan Width": 24,
                                                                                                                "Actual Startup Time": 1478.191,
                                                                                                                "Actual Total Time": 1483.488,
                                                                                                                "Actual Rows": 247,
                                                                                                                "Actual Loops": 6,
                                                                                                                "Inner Unique": true,
                                                                                                                "Merge Cond": "((s.site_id = t1.site_id) AND (tq1.tag_id = t1.id))",
                                                                                                                "Workers": [],
                                                                                                                "Plans": [
                                                                                                                    {
                                                                                                                        "Node Type": "Sort",
                                                                                                                        "Parent Relationship": "Outer",
                                                                                                                        "Parallel Aware": false,
                                                                                                                        "Async Capable": false,
                                                                                                                        "Startup Cost": 1995476.32,
                                                                                                                        "Total Cost": 1995478.13,
                                                                                                                        "Plan Rows": 725,
                                                                                                                        "Plan Width": 24,
                                                                                                                        "Actual Startup Time": 1465.715,
                                                                                                                        "Actual Total Time": 1468.06,
                                                                                                                        "Actual Rows": 59724,
                                                                                                                        "Actual Loops": 6,
                                                                                                                        "Sort Key": [
                                                                                                                            "s.site_id",
                                                                                                                            "tq1.tag_id"
                                                                                                                        ],
                                                                                                                        "Sort Method": "quicksort",
                                                                                                                        "Sort Space Used": 5965,
                                                                                                                        "Sort Space Type": "Memory",
                                                                                                                        "Workers": [
                                                                                                                            {
                                                                                                                                "Worker Number": 0,
                                                                                                                                "Sort Method": "quicksort",
                                                                                                                                "Sort Space Used": 6685,
                                                                                                                                "Sort Space Type": "Memory"
                                                                                                                            },
                                                                                                                            {
                                                                                                                                "Worker Number": 1,
                                                                                                                                "Sort Method": "quicksort",
                                                                                                                                "Sort Space Used": 6589,
                                                                                                                                "Sort Space Type": "Memory"
                                                                                                                            },
                                                                                                                            {
                                                                                                                                "Worker Number": 2,
                                                                                                                                "Sort Method": "quicksort",
                                                                                                                                "Sort Space Used": 6316,
                                                                                                                                "Sort Space Type": "Memory"
                                                                                                                            },
                                                                                                                            {
                                                                                                                                "Worker Number": 3,
                                                                                                                                "Sort Method": "quicksort",
                                                                                                                                "Sort Space Used": 5826,
                                                                                                                                "Sort Space Type": "Memory"
                                                                                                                            },
                                                                                                                            {
                                                                                                                                "Worker Number": 4,
                                                                                                                                "Sort Method": "quicksort",
                                                                                                                                "Sort Space Used": 6269,
                                                                                                                                "Sort Space Type": "Memory"
                                                                                                                            }
                                                                                                                        ],
                                                                                                                        "Plans": [
                                                                                                                            {
                                                                                                                                "Node Type": "Hash Join",
                                                                                                                                "Parent Relationship": "Outer",
                                                                                                                                "Parallel Aware": true,
                                                                                                                                "Async Capable": false,
                                                                                                                                "Join Type": "Inner",
                                                                                                                                "Startup Cost": 294280.45,
                                                                                                                                "Total Cost": 1995441.88,
                                                                                                                                "Plan Rows": 725,
                                                                                                                                "Plan Width": 24,
                                                                                                                                "Actual Startup Time": 812.472,
                                                                                                                                "Actual Total Time": 1446.781,
                                                                                                                                "Actual Rows": 75600,
                                                                                                                                "Actual Loops": 6,
                                                                                                                                "Inner Unique": false,
                                                                                                                                "Hash Cond": "((q1.site_id = s.site_id) AND (q1.id = tq1.question_id))",
                                                                                                                                "Workers": [],
                                                                                                                                "Plans": [
                                                                                                                                    {
                                                                                                                                        "Node Type": "Seq Scan",
                                                                                                                                        "Parent Relationship": "Outer",
                                                                                                                                        "Parallel Aware": true,
                                                                                                                                        "Async Capable": false,
                                                                                                                                        "Relation Name": "question",
                                                                                                                                        "Alias": "q1",
                                                                                                                                        "Startup Cost": 0.0,
                                                                                                                                        "Total Cost": 1691290.18,
                                                                                                                                        "Plan Rows": 1315973,
                                                                                                                                        "Plan Width": 8,
                                                                                                                                        "Actual Startup Time": 0.03,
                                                                                                                                        "Actual Total Time": 669.048,
                                                                                                                                        "Actual Rows": 1540858,
                                                                                                                                        "Actual Loops": 6,
                                                                                                                                        "Filter": "((view_count >= 10) AND (view_count <= 1000))",
                                                                                                                                        "Rows Removed by Filter": 570216,
                                                                                                                                        "Workers": []
                                                                                                                                    },
                                                                                                                                    {
                                                                                                                                        "Node Type": "Hash",
                                                                                                                                        "Parent Relationship": "Inner",
                                                                                                                                        "Parallel Aware": true,
                                                                                                                                        "Async Capable": false,
                                                                                                                                        "Startup Cost": 293001.23,
                                                                                                                                        "Total Cost": 293001.23,
                                                                                                                                        "Plan Rows": 85281,
                                                                                                                                        "Plan Width": 16,
                                                                                                                                        "Actual Startup Time": 591.685,
                                                                                                                                        "Actual Total Time": 591.687,
                                                                                                                                        "Actual Rows": 88092,
                                                                                                                                        "Actual Loops": 6,
                                                                                                                                        "Hash Buckets": 1048576,
                                                                                                                                        "Original Hash Buckets": 524288,
                                                                                                                                        "Hash Batches": 1,
                                                                                                                                        "Original Hash Batches": 1,
                                                                                                                                        "Peak Memory Usage": 37184,
                                                                                                                                        "Workers": [],
                                                                                                                                        "Plans": [
                                                                                                                                            {
                                                                                                                                                "Node Type": "Hash Join",
                                                                                                                                                "Parent Relationship": "Outer",
                                                                                                                                                "Parallel Aware": false,
                                                                                                                                                "Async Capable": false,
                                                                                                                                                "Join Type": "Inner",
                                                                                                                                                "Startup Cost": 3.19,
                                                                                                                                                "Total Cost": 293001.23,
                                                                                                                                                "Plan Rows": 85281,
                                                                                                                                                "Plan Width": 16,
                                                                                                                                                "Actual Startup Time": 39.486,
                                                                                                                                                "Actual Total Time": 481.713,
                                                                                                                                                "Actual Rows": 88092,
                                                                                                                                                "Actual Loops": 6,
                                                                                                                                                "Inner Unique": true,
                                                                                                                                                "Hash Cond": "(tq1.site_id = s.site_id)",
                                                                                                                                                "Workers": [],
                                                                                                                                                "Plans": [
                                                                                                                                                    {
                                                                                                                                                        "Node Type": "Seq Scan",
                                                                                                                                                        "Parent Relationship": "Outer",
                                                                                                                                                        "Parallel Aware": true,
                                                                                                                                                        "Async Capable": false,
                                                                                                                                                        "Relation Name": "tag_question",
                                                                                                                                                        "Alias": "tq1",
                                                                                                                                                        "Startup Cost": 0.0,
                                                                                                                                                        "Total Cost": 273159.66,
                                                                                                                                                        "Plan Rows": 7376766,
                                                                                                                                                        "Plan Width": 12,
                                                                                                                                                        "Actual Startup Time": 0.015,
                                                                                                                                                        "Actual Total Time": 257.045,
                                                                                                                                                        "Actual Rows": 6147303,
                                                                                                                                                        "Actual Loops": 6,
                                                                                                                                                        "Workers": []
                                                                                                                                                    },
                                                                                                                                                    {
                                                                                                                                                        "Node Type": "Hash",
                                                                                                                                                        "Parent Relationship": "Inner",
                                                                                                                                                        "Parallel Aware": false,
                                                                                                                                                        "Async Capable": false,
                                                                                                                                                        "Startup Cost": 3.16,
                                                                                                                                                        "Total Cost": 3.16,
                                                                                                                                                        "Plan Rows": 2,
                                                                                                                                                        "Plan Width": 4,
                                                                                                                                                        "Actual Startup Time": 0.031,
                                                                                                                                                        "Actual Total Time": 0.031,
                                                                                                                                                        "Actual Rows": 2,
                                                                                                                                                        "Actual Loops": 6,
                                                                                                                                                        "Hash Buckets": 1024,
                                                                                                                                                        "Original Hash Buckets": 1024,
                                                                                                                                                        "Hash Batches": 1,
                                                                                                                                                        "Original Hash Batches": 1,
                                                                                                                                                        "Peak Memory Usage": 9,
                                                                                                                                                        "Workers": [],
                                                                                                                                                        "Plans": [
                                                                                                                                                            {
                                                                                                                                                                "Node Type": "Seq Scan",
                                                                                                                                                                "Parent Relationship": "Outer",
                                                                                                                                                                "Parallel Aware": false,
                                                                                                                                                                "Async Capable": false,
                                                                                                                                                                "Relation Name": "site",
                                                                                                                                                                "Alias": "s",
                                                                                                                                                                "Startup Cost": 0.0,
                                                                                                                                                                "Total Cost": 3.16,
                                                                                                                                                                "Plan Rows": 2,
                                                                                                                                                                "Plan Width": 4,
                                                                                                                                                                "Actual Startup Time": 0.022,
                                                                                                                                                                "Actual Total Time": 0.027,
                                                                                                                                                                "Actual Rows": 2,
                                                                                                                                                                "Actual Loops": 6,
                                                                                                                                                                "Filter": "((site_name)::text = ANY ('{mathoverflow,ru}'::text[]))",
                                                                                                                                                                "Rows Removed by Filter": 171,
                                                                                                                                                                "Workers": []
                                                                                                                                                            }
                                                                                                                                                        ]
                                                                                                                                                    }
                                                                                                                                                ]
                                                                                                                                            }
                                                                                                                                        ]
                                                                                                                                    }
                                                                                                                                ]
                                                                                                                            }
                                                                                                                        ]
                                                                                                                    },
                                                                                                                    {
                                                                                                                        "Node Type": "Sort",
                                                                                                                        "Parent Relationship": "Inner",
                                                                                                                        "Parallel Aware": false,
                                                                                                                        "Async Capable": false,
                                                                                                                        "Startup Cost": 3534.68,
                                                                                                                        "Total Cost": 3534.7,
                                                                                                                        "Plan Rows": 5,
                                                                                                                        "Plan Width": 8,
                                                                                                                        "Actual Startup Time": 12.289,
                                                                                                                        "Actual Total Time": 12.29,
                                                                                                                        "Actual Rows": 3,
                                                                                                                        "Actual Loops": 6,
                                                                                                                        "Sort Key": [
                                                                                                                            "t1.site_id",
                                                                                                                            "t1.id"
                                                                                                                        ],
                                                                                                                        "Sort Method": "quicksort",
                                                                                                                        "Sort Space Used": 25,
                                                                                                                        "Sort Space Type": "Memory",
                                                                                                                        "Workers": [
                                                                                                                            {
                                                                                                                                "Worker Number": 0,
                                                                                                                                "Sort Method": "quicksort",
                                                                                                                                "Sort Space Used": 25,
                                                                                                                                "Sort Space Type": "Memory"
                                                                                                                            },
                                                                                                                            {
                                                                                                                                "Worker Number": 1,
                                                                                                                                "Sort Method": "quicksort",
                                                                                                                                "Sort Space Used": 25,
                                                                                                                                "Sort Space Type": "Memory"
                                                                                                                            },
                                                                                                                            {
                                                                                                                                "Worker Number": 2,
                                                                                                                                "Sort Method": "quicksort",
                                                                                                                                "Sort Space Used": 25,
                                                                                                                                "Sort Space Type": "Memory"
                                                                                                                            },
                                                                                                                            {
                                                                                                                                "Worker Number": 3,
                                                                                                                                "Sort Method": "quicksort",
                                                                                                                                "Sort Space Used": 25,
                                                                                                                                "Sort Space Type": "Memory"
                                                                                                                            },
                                                                                                                            {
                                                                                                                                "Worker Number": 4,
                                                                                                                                "Sort Method": "quicksort",
                                                                                                                                "Sort Space Used": 25,
                                                                                                                                "Sort Space Type": "Memory"
                                                                                                                            }
                                                                                                                        ],
                                                                                                                        "Plans": [
                                                                                                                            {
                                                                                                                                "Node Type": "Seq Scan",
                                                                                                                                "Parent Relationship": "Outer",
                                                                                                                                "Parallel Aware": false,
                                                                                                                                "Async Capable": false,
                                                                                                                                "Relation Name": "tag",
                                                                                                                                "Alias": "t1",
                                                                                                                                "Startup Cost": 0.0,
                                                                                                                                "Total Cost": 3534.62,
                                                                                                                                "Plan Rows": 5,
                                                                                                                                "Plan Width": 8,
                                                                                                                                "Actual Startup Time": 4.069,
                                                                                                                                "Actual Total Time": 12.283,
                                                                                                                                "Actual Rows": 3,
                                                                                                                                "Actual Loops": 6,
                                                                                                                                "Filter": "((name)::text = ANY ('{homotopy-theory,функции}'::text[]))",
                                                                                                                                "Rows Removed by Filter": 186767,
                                                                                                                                "Workers": []
                                                                                                                            }
                                                                                                                        ]
                                                                                                                    }
                                                                                                                ]
                                                                                                            }
                                                                                                        ]
                                                                                                    }
                                                                                                ]
                                                                                            }
                                                                                        ]
                                                                                    }
                                                                                ]
                                                                            }
                                                                        ]
                                                                    }
                                                                ]
                                                            }
                                                        ]
                                                    }
                                                ]
                                            }
                                        ]
                                    }
                                ]
                            }
                        ]
                    },
                    "Planning Time": 27.71,
                    "Triggers": [],
                    "Execution Time": 22198.274
                }
            ],
            "hints": [
                "SET enable_hashjoin TO on",
                "SET enable_indexonlyscan TO on",
                "SET enable_indexscan TO on",
                "SET enable_mergejoin TO on",
                "SET enable_nestloop TO off",
                "SET enable_seqscan TO on"
            ]
        },
        {
            "arm": 2,
            "execution_time": 18.048,
            "plan": [
                {
                    "Plan": {
                        "Node Type": "Aggregate",
                        "Strategy": "Plain",
                        "Partial Mode": "Simple",
                        "Parallel Aware": false,
                        "Async Capable": false,
                        "Startup Cost": 3870.51,
                        "Total Cost": 3870.52,
                        "Plan Rows": 1,
                        "Plan Width": 8,
                        "Actual Startup Time": 17.998,
                        "Actual Total Time": 18.001,
                        "Actual Rows": 1,
                        "Actual Loops": 1,
                        "Plans": [
                            {
                                "Node Type": "Nested Loop",
                                "Parent Relationship": "Outer",
                                "Parallel Aware": false,
                                "Async Capable": false,
                                "Join Type": "Inner",
                                "Startup Cost": 24.14,
                                "Total Cost": 3870.51,
                                "Plan Rows": 1,
                                "Plan Width": 0,
                                "Actual Startup Time": 6.247,
                                "Actual Total Time": 17.996,
                                "Actual Rows": 43,
                                "Actual Loops": 1,
                                "Inner Unique": true,
                                "Plans": [
                                    {
                                        "Node Type": "Nested Loop",
                                        "Parent Relationship": "Outer",
                                        "Parallel Aware": false,
                                        "Async Capable": false,
                                        "Join Type": "Inner",
                                        "Startup Cost": 20.33,
                                        "Total Cost": 3862.68,
                                        "Plan Rows": 1,
                                        "Plan Width": 4,
                                        "Actual Startup Time": 6.24,
                                        "Actual Total Time": 17.876,
                                        "Actual Rows": 43,
                                        "Actual Loops": 1,
                                        "Inner Unique": false,
                                        "Join Filter": "(s.site_id = b.site_id)",
                                        "Rows Removed by Join Filter": 0,
                                        "Plans": [
                                            {
                                                "Node Type": "Nested Loop",
                                                "Parent Relationship": "Outer",
                                                "Parallel Aware": false,
                                                "Async Capable": false,
                                                "Join Type": "Inner",
                                                "Startup Cost": 16.33,
                                                "Total Cost": 3854.65,
                                                "Plan Rows": 1,
                                                "Plan Width": 36,
                                                "Actual Startup Time": 4.932,
                                                "Actual Total Time": 17.561,
                                                "Actual Rows": 36,
                                                "Actual Loops": 1,
                                                "Inner Unique": true,
                                                "Join Filter": "(s.site_id = q1.site_id)",
                                                "Rows Removed by Join Filter": 0,
                                                "Plans": [
                                                    {
                                                        "Node Type": "Nested Loop",
                                                        "Parent Relationship": "Outer",
                                                        "Parallel Aware": false,
                                                        "Async Capable": false,
                                                        "Join Type": "Inner",
                                                        "Startup Cost": 12.52,
                                                        "Total Cost": 3846.81,
                                                        "Plan Rows": 1,
                                                        "Plan Width": 40,
                                                        "Actual Startup Time": 3.566,
                                                        "Actual Total Time": 17.37,
                                                        "Actual Rows": 50,
                                                        "Actual Loops": 1,
                                                        "Inner Unique": true,
                                                        "Join Filter": "(s.site_id = u1.site_id)",
                                                        "Rows Removed by Join Filter": 0,
                                                        "Plans": [
                                                            {
                                                                "Node Type": "Nested Loop",
                                                                "Parent Relationship": "Outer",
                                                                "Parallel Aware": false,
                                                                "Async Capable": false,
                                                                "Join Type": "Inner",
                                                                "Startup Cost": 8.69,
                                                                "Total Cost": 3838.95,
                                                                "Plan Rows": 1,
                                                                "Plan Width": 28,
                                                                "Actual Startup Time": 3.53,
                                                                "Actual Total Time": 14.979,
                                                                "Actual Rows": 1026,
                                                                "Actual Loops": 1,
                                                                "Inner Unique": false,
                                                                "Join Filter": "(s.site_id = a1.site_id)",
                                                                "Rows Removed by Join Filter": 0,
                                                                "Plans": [
                                                                    {
                                                                        "Node Type": "Nested Loop",
                                                                        "Parent Relationship": "Outer",
                                                                        "Parallel Aware": false,
                                                                        "Async Capable": false,
                                                                        "Join Type": "Inner",
                                                                        "Startup Cost": 4.88,
                                                                        "Total Cost": 3666.52,
                                                                        "Plan Rows": 22,
                                                                        "Plan Width": 16,
                                                                        "Actual Startup Time": 3.523,
                                                                        "Actual Total Time": 11.678,
                                                                        "Actual Rows": 1757,
                                                                        "Actual Loops": 1,
                                                                        "Inner Unique": false,
                                                                        "Join Filter": "(s.site_id = tq1.site_id)",
                                                                        "Rows Removed by Join Filter": 0,
                                                                        "Plans": [
                                                                            {
                                                                                "Node Type": "Nested Loop",
                                                                                "Parent Relationship": "Outer",
                                                                                "Parallel Aware": false,
                                                                                "Async Capable": false,
                                                                                "Join Type": "Inner",
                                                                                "Startup Cost": 0.0,
                                                                                "Total Cost": 3537.94,
                                                                                "Plan Rows": 1,
                                                                                "Plan Width": 12,
                                                                                "Actual Startup Time": 3.413,
                                                                                "Actual Total Time": 10.204,
                                                                                "Actual Rows": 2,
                                                                                "Actual Loops": 1,
                                                                                "Inner Unique": true,
                                                                                "Join Filter": "(s.site_id = t1.site_id)",
                                                                                "Rows Removed by Join Filter": 3,
                                                                                "Plans": [
                                                                                    {
                                                                                        "Node Type": "Seq Scan",
                                                                                        "Parent Relationship": "Outer",
                                                                                        "Parallel Aware": false,
                                                                                        "Async Capable": false,
                                                                                        "Relation Name": "tag",
                                                                                        "Alias": "t1",
                                                                                        "Startup Cost": 0.0,
                                                                                        "Total Cost": 3534.62,
                                                                                        "Plan Rows": 5,
                                                                                        "Plan Width": 8,
                                                                                        "Actual Startup Time": 3.249,
                                                                                        "Actual Total Time": 10.186,
                                                                                        "Actual Rows": 3,
                                                                                        "Actual Loops": 1,
                                                                                        "Filter": "((name)::text = ANY ('{homotopy-theory,функции}'::text[]))",
                                                                                        "Rows Removed by Filter": 186767
                                                                                    },
                                                                                    {
                                                                                        "Node Type": "Materialize",
                                                                                        "Parent Relationship": "Inner",
                                                                                        "Parallel Aware": false,
                                                                                        "Async Capable": false,
                                                                                        "Startup Cost": 0.0,
                                                                                        "Total Cost": 3.17,
                                                                                        "Plan Rows": 2,
                                                                                        "Plan Width": 4,
                                                                                        "Actual Startup Time": 0.003,
                                                                                        "Actual Total Time": 0.005,
                                                                                        "Actual Rows": 2,
                                                                                        "Actual Loops": 3,
                                                                                        "Plans": [
                                                                                            {
                                                                                                "Node Type": "Seq Scan",
                                                                                                "Parent Relationship": "Outer",
                                                                                                "Parallel Aware": false,
                                                                                                "Async Capable": false,
                                                                                                "Relation Name": "site",
                                                                                                "Alias": "s",
                                                                                                "Startup Cost": 0.0,
                                                                                                "Total Cost": 3.16,
                                                                                                "Plan Rows": 2,
                                                                                                "Plan Width": 4,
                                                                                                "Actual Startup Time": 0.008,
                                                                                                "Actual Total Time": 0.012,
                                                                                                "Actual Rows": 2,
                                                                                                "Actual Loops": 1,
                                                                                                "Filter": "((site_name)::text = ANY ('{mathoverflow,ru}'::text[]))",
                                                                                                "Rows Removed by Filter": 171
                                                                                            }
                                                                                        ]
                                                                                    }
                                                                                ]
                                                                            },
                                                                            {
                                                                                "Node Type": "Bitmap Heap Scan",
                                                                                "Parent Relationship": "Inner",
                                                                                "Parallel Aware": false,
                                                                                "Async Capable": false,
                                                                                "Relation Name": "tag_question",
                                                                                "Alias": "tq1",
                                                                                "Startup Cost": 4.88,
                                                                                "Total Cost": 128.19,
                                                                                "Plan Rows": 31,
                                                                                "Plan Width": 12,
                                                                                "Actual Startup Time": 0.104,
                                                                                "Actual Total Time": 0.67,
                                                                                "Actual Rows": 878,
                                                                                "Actual Loops": 2,
                                                                                "Recheck Cond": "((t1.site_id = site_id) AND (t1.id = tag_id))",
                                                                                "Rows Removed by Index Recheck": 0,
                                                                                "Exact Heap Blocks": 1207,
                                                                                "Lossy Heap Blocks": 0,
                                                                                "Plans": [
                                                                                    {
                                                                                        "Node Type": "Bitmap Index Scan",
                                                                                        "Parent Relationship": "Outer",
                                                                                        "Parallel Aware": false,
                                                                                        "Async Capable": false,
                                                                                        "Index Name": "tag_question_site_id_tag_id_question_id_idx",
                                                                                        "Startup Cost": 0.0,
                                                                                        "Total Cost": 4.88,
                                                                                        "Plan Rows": 31,
                                                                                        "Plan Width": 0,
                                                                                        "Actual Startup Time": 0.055,
                                                                                        "Actual Total Time": 0.055,
                                                                                        "Actual Rows": 878,
                                                                                        "Actual Loops": 2,
                                                                                        "Index Cond": "((site_id = t1.site_id) AND (tag_id = t1.id))"
                                                                                    }
                                                                                ]
                                                                            }
                                                                        ]
                                                                    },
                                                                    {
                                                                        "Node Type": "Bitmap Heap Scan",
                                                                        "Parent Relationship": "Inner",
                                                                        "Parallel Aware": false,
                                                                        "Async Capable": false,
                                                                        "Relation Name": "answer",
                                                                        "Alias": "a1",
                                                                        "Startup Cost": 3.81,
                                                                        "Total Cost": 7.83,
                                                                        "Plan Rows": 1,
                                                                        "Plan Width": 12,
                                                                        "Actual Startup Time": 0.001,
                                                                        "Actual Total Time": 0.002,
                                                                        "Actual Rows": 1,
                                                                        "Actual Loops": 1757,
                                                                        "Recheck Cond": "((site_id = tq1.site_id) AND (tq1.question_id = question_id))",
                                                                        "Rows Removed by Index Recheck": 0,
                                                                        "Exact Heap Blocks": 933,
                                                                        "Lossy Heap Blocks": 0,
                                                                        "Plans": [
                                                                            {
                                                                                "Node Type": "Bitmap Index Scan",
                                                                                "Parent Relationship": "Outer",
                                                                                "Parallel Aware": false,
                                                                                "Async Capable": false,
                                                                                "Index Name": "answer_site_id_question_id_idx",
                                                                                "Startup Cost": 0.0,
                                                                                "Total Cost": 3.81,
                                                                                "Plan Rows": 1,
                                                                                "Plan Width": 0,
                                                                                "Actual Startup Time": 0.001,
                                                                                "Actual Total Time": 0.001,
                                                                                "Actual Rows": 1,
                                                                                "Actual Loops": 1757,
                                                                                "Index Cond": "((site_id = tq1.site_id) AND (question_id = tq1.question_id))"
                                                                            }
                                                                        ]
                                                                    }
                                                                ]
                                                            },
                                                            {
                                                                "Node Type": "Bitmap Heap Scan",
                                                                "Parent Relationship": "Inner",
                                                                "Parallel Aware": false,
                                                                "Async Capable": false,
                                                                "Relation Name": "so_user",
                                                                "Alias": "u1",
                                                                "Startup Cost": 3.82,
                                                                "Total Cost": 7.84,
                                                                "Plan Rows": 1,
                                                                "Plan Width": 12,
                                                                "Actual Startup Time": 0.002,
                                                                "Actual Total Time": 0.002,
                                                                "Actual Rows": 0,
                                                                "Actual Loops": 1026,
                                                                "Recheck Cond": "((id = a1.owner_user_id) AND (site_id = a1.site_id))",
                                                                "Rows Removed by Index Recheck": 0,
                                                                "Filter": "((reputation >= 0) AND (reputation <= 100))",
                                                                "Rows Removed by Filter": 1,
                                                                "Exact Heap Blocks": 1026,
                                                                "Lossy Heap Blocks": 0,
                                                                "Plans": [
                                                                    {
                                                                        "Node Type": "Bitmap Index Scan",
                                                                        "Parent Relationship": "Outer",
                                                                        "Parallel Aware": false,
                                                                        "Async Capable": false,
                                                                        "Index Name": "so_user_pkey",
                                                                        "Startup Cost": 0.0,
                                                                        "Total Cost": 3.82,
                                                                        "Plan Rows": 1,
                                                                        "Plan Width": 0,
                                                                        "Actual Startup Time": 0.001,
                                                                        "Actual Total Time": 0.001,
                                                                        "Actual Rows": 1,
                                                                        "Actual Loops": 1026,
                                                                        "Index Cond": "((id = a1.owner_user_id) AND (site_id = a1.site_id))"
                                                                    }
                                                                ]
                                                            }
                                                        ]
                                                    },
                                                    {
                                                        "Node Type": "Bitmap Heap Scan",
                                                        "Parent Relationship": "Inner",
                                                        "Parallel Aware": false,
                                                        "Async Capable": false,
                                                        "Relation Name": "question",
                                                        "Alias": "q1",
                                                        "Startup Cost": 3.82,
                                                        "Total Cost": 7.84,
                                                        "Plan Rows": 1,
                                                        "Plan Width": 8,
                                                        "Actual Startup Time": 0.003,
                                                        "Actual Total Time": 0.003,
                                                        "Actual Rows": 1,
                                                        "Actual Loops": 50,
                                                        "Recheck Cond": "((id = tq1.question_id) AND (site_id = tq1.site_id))",
                                                        "Rows Removed by Index Recheck": 0,
                                                        "Filter": "((view_count >= 10) AND (view_count <= 1000))",
                                                        "Rows Removed by Filter": 0,
                                                        "Exact Heap Blocks": 50,
                                                        "Lossy Heap Blocks": 0,
                                                        "Plans": [
                                                            {
                                                                "Node Type": "Bitmap Index Scan",
                                                                "Parent Relationship": "Outer",
                                                                "Parallel Aware": false,
                                                                "Async Capable": false,
                                                                "Index Name": "question_pkey",
                                                                "Startup Cost": 0.0,
                                                                "Total Cost": 3.82,
                                                                "Plan Rows": 1,
                                                                "Plan Width": 0,
                                                                "Actual Startup Time": 0.003,
                                                                "Actual Total Time": 0.003,
                                                                "Actual Rows": 1,
                                                                "Actual Loops": 50,
                                                                "Index Cond": "((id = tq1.question_id) AND (site_id = tq1.site_id))"
                                                            }
                                                        ]
                                                    }
                                                ]
                                            },
                                            {
                                                "Node Type": "Bitmap Heap Scan",
                                                "Parent Relationship": "Inner",
                                                "Parallel Aware": false,
                                                "Async Capable": false,
                                                "Relation Name": "badge",
                                                "Alias": "b",
                                                "Startup Cost": 4.0,
                                                "Total Cost": 8.01,
                                                "Plan Rows": 1,
                                                "Plan Width": 8,
                                                "Actual Startup Time": 0.006,
                                                "Actual Total Time": 0.008,
                                                "Actual Rows": 1,
                                                "Actual Loops": 36,
                                                "Recheck Cond": "((a1.site_id = site_id) AND (user_id = a1.owner_user_id))",
                                                "Rows Removed by Index Recheck": 0,
                                                "Filter": "((name)::text = ANY ('{Autobiographer,Scholar,Student}'::text[]))",
                                                "Rows Removed by Filter": 6,
                                                "Exact Heap Blocks": 186,
                                                "Lossy Heap Blocks": 0,
                                                "Plans": [
                                                    {
                                                        "Node Type": "Bitmap Index Scan",
                                                        "Parent Relationship": "Outer",
                                                        "Parallel Aware": false,
                                                        "Async Capable": false,
                                                        "Index Name": "badge_pkey",
                                                        "Startup Cost": 0.0,
                                                        "Total Cost": 4.0,
                                                        "Plan Rows": 1,
                                                        "Plan Width": 0,
                                                        "Actual Startup Time": 0.003,
                                                        "Actual Total Time": 0.003,
                                                        "Actual Rows": 7,
                                                        "Actual Loops": 36,
                                                        "Index Cond": "((site_id = a1.site_id) AND (user_id = a1.owner_user_id))"
                                                    }
                                                ]
                                            }
                                        ]
                                    },
                                    {
                                        "Node Type": "Bitmap Heap Scan",
                                        "Parent Relationship": "Inner",
                                        "Parallel Aware": false,
                                        "Async Capable": false,
                                        "Relation Name": "account",
                                        "Alias": "acc",
                                        "Startup Cost": 3.81,
                                        "Total Cost": 7.83,
                                        "Plan Rows": 1,
                                        "Plan Width": 4,
                                        "Actual Startup Time": 0.002,
                                        "Actual Total Time": 0.002,
                                        "Actual Rows": 1,
                                        "Actual Loops": 43,
                                        "Recheck Cond": "(id = u1.account_id)",
                                        "Rows Removed by Index Recheck": 0,
                                        "Exact Heap Blocks": 43,
                                        "Lossy Heap Blocks": 0,
                                        "Plans": [
                                            {
                                                "Node Type": "Bitmap Index Scan",
                                                "Parent Relationship": "Outer",
                                                "Parallel Aware": false,
                                                "Async Capable": false,
                                                "Index Name": "account_pkey",
                                                "Startup Cost": 0.0,
                                                "Total Cost": 3.81,
                                                "Plan Rows": 1,
                                                "Plan Width": 0,
                                                "Actual Startup Time": 0.002,
                                                "Actual Total Time": 0.002,
                                                "Actual Rows": 1,
                                                "Actual Loops": 43,
                                                "Index Cond": "(id = u1.account_id)"
                                            }
                                        ]
                                    }
                                ]
                            }
                        ]
                    },
                    "Planning Time": 14.201,
                    "Triggers": [],
                    "Execution Time": 18.048
                }
            ],
            "hints": [
                "SET enable_hashjoin TO on",
                "SET enable_indexonlyscan TO on",
                "SET enable_indexscan TO off",
                "SET enable_mergejoin TO off",
                "SET enable_nestloop TO on",
                "SET enable_seqscan TO on"
            ]
        },
        {
            "arm": 3,
            "execution_time": 20883.349,
            "plan": [
                {
                    "Plan": {
                        "Node Type": "Aggregate",
                        "Strategy": "Plain",
                        "Partial Mode": "Finalize",
                        "Parallel Aware": false,
                        "Async Capable": false,
                        "Startup Cost": 3698926.48,
                        "Total Cost": 3698926.49,
                        "Plan Rows": 1,
                        "Plan Width": 8,
                        "Actual Startup Time": 17672.874,
                        "Actual Total Time": 20883.303,
                        "Actual Rows": 1,
                        "Actual Loops": 1,
                        "Plans": [
                            {
                                "Node Type": "Gather",
                                "Parent Relationship": "Outer",
                                "Parallel Aware": false,
                                "Async Capable": false,
                                "Startup Cost": 3698925.95,
                                "Total Cost": 3698926.46,
                                "Plan Rows": 5,
                                "Plan Width": 8,
                                "Actual Startup Time": 17669.549,
                                "Actual Total Time": 20883.297,
                                "Actual Rows": 6,
                                "Actual Loops": 1,
                                "Workers Planned": 5,
                                "Workers Launched": 5,
                                "Single Copy": false,
                                "Plans": [
                                    {
                                        "Node Type": "Aggregate",
                                        "Strategy": "Plain",
                                        "Partial Mode": "Partial",
                                        "Parent Relationship": "Outer",
                                        "Parallel Aware": false,
                                        "Async Capable": false,
                                        "Startup Cost": 3697925.95,
                                        "Total Cost": 3697925.96,
                                        "Plan Rows": 1,
                                        "Plan Width": 8,
                                        "Actual Startup Time": 17666.943,
                                        "Actual Total Time": 17667.074,
                                        "Actual Rows": 1,
                                        "Actual Loops": 6,
                                        "Workers": [],
                                        "Plans": [
                                            {
                                                "Node Type": "Hash Join",
                                                "Parent Relationship": "Outer",
                                                "Parallel Aware": true,
                                                "Async Capable": false,
                                                "Join Type": "Inner",
                                                "Startup Cost": 3545471.15,
                                                "Total Cost": 3697925.95,
                                                "Plan Rows": 1,
                                                "Plan Width": 0,
                                                "Actual Startup Time": 17524.62,
                                                "Actual Total Time": 17667.069,
                                                "Actual Rows": 7,
                                                "Actual Loops": 6,
                                                "Inner Unique": false,
                                                "Hash Cond": "(acc.id = u1.account_id)",
                                                "Workers": [],
                                                "Plans": [
                                                    {
                                                        "Node Type": "Seq Scan",
                                                        "Parent Relationship": "Outer",
                                                        "Parallel Aware": true,
                                                        "Async Capable": false,
                                                        "Relation Name": "account",
                                                        "Alias": "acc",
                                                        "Startup Cost": 0.0,
                                                        "Total Cost": 142069.67,
                                                        "Plan Rows": 2769367,
                                                        "Plan Width": 4,
                                                        "Actual Startup Time": 0.026,
                                                        "Actual Total Time": 106.306,
                                                        "Actual Rows": 2312026,
                                                        "Actual Loops": 6,
                                                        "Workers": []
                                                    },
                                                    {
                                                        "Node Type": "Hash",
                                                        "Parent Relationship": "Inner",
                                                        "Parallel Aware": true,
                                                        "Async Capable": false,
                                                        "Startup Cost": 3545471.13,
                                                        "Total Cost": 3545471.13,
                                                        "Plan Rows": 1,
                                                        "Plan Width": 4,
                                                        "Actual Startup Time": 17477.105,
                                                        "Actual Total Time": 17477.235,
                                                        "Actual Rows": 7,
                                                        "Actual Loops": 6,
                                                        "Hash Buckets": 1024,
                                                        "Original Hash Buckets": 1024,
                                                        "Hash Batches": 1,
                                                        "Original Hash Batches": 1,
                                                        "Peak Memory Usage": 200,
                                                        "Workers": [],
                                                        "Plans": [
                                                            {
                                                                "Node Type": "Hash Join",
                                                                "Parent Relationship": "Outer",
                                                                "Parallel Aware": true,
                                                                "Async Capable": false,
                                                                "Join Type": "Inner",
                                                                "Startup Cost": 2772696.58,
                                                                "Total Cost": 3545471.13,
                                                                "Plan Rows": 1,
                                                                "Plan Width": 4,
                                                                "Actual Startup Time": 16870.154,
                                                                "Actual Total Time": 17477.147,
                                                                "Actual Rows": 7,
                                                                "Actual Loops": 6,
                                                                "Inner Unique": false,
                                                                "Hash Cond": "((a1.site_id = s.site_id) AND (a1.question_id = q1.id) AND (a1.owner_user_id = u1.id))",
                                                                "Workers": [],
                                                                "Plans": [
                                                                    {
                                                                        "Node Type": "Seq Scan",
                                                                        "Parent Relationship": "Outer",
                                                                        "Parallel Aware": true,
                                                                        "Async Capable": false,
                                                                        "Relation Name": "answer",
                                                                        "Alias": "a1",
                                                                        "Startup Cost": 0.0,
                                                                        "Total Cost": 762572.49,
                                                                        "Plan Rows": 906849,
                                                                        "Plan Width": 12,
                                                                        "Actual Startup Time": 0.022,
                                                                        "Actual Total Time": 322.393,
                                                                        "Actual Rows": 1057926,
                                                                        "Actual Loops": 6,
                                                                        "Workers": []
                                                                    },
                                                                    {
                                                                        "Node Type": "Hash",
                                                                        "Parent Relationship": "Inner",
                                                                        "Parallel Aware": true,
                                                                        "Async Capable": false,
                                                                        "Startup Cost": 2772696.33,
                                                                        "Total Cost": 2772696.33,
                                                                        "Plan Rows": 14,
                                                                        "Plan Width": 44,
                                                                        "Actual Startup Time": 15400.562,
                                                                        "Actual Total Time": 15400.677,
                                                                        "Actual Rows": 12286230,
                                                                        "Actual Loops": 6,
                                                                        "Hash Buckets": 262144,
                                                                        "Original Hash Buckets": 1024,
                                                                        "Hash Batches": 512,
                                                                        "Original Hash Batches": 1,
                                                                        "Peak Memory Usage": 13440,
                                                                        "Workers": [],
                                                                        "Plans": [
                                                                            {
                                                                                "Node Type": "Hash Join",
                                                                                "Parent Relationship": "Outer",
                                                                                "Parallel Aware": true,
                                                                                "Async Capable": false,
                                                                                "Join Type": "Inner",
                                                                                "Startup Cost": 2270612.8,
                                                                                "Total Cost": 2772696.33,
                                                                                "Plan Rows": 14,
                                                                                "Plan Width": 44,
                                                                                "Actual Startup Time": 10237.759,
                                                                                "Actual Total Time": 12334.37,
                                                                                "Actual Rows": 12286230,
                                                                                "Actual Loops": 6,
                                                                                "Inner Unique": false,
                                                                                "Hash Cond": "((b.site_id = s.site_id) AND (b.user_id = u1.id))",
                                                                                "Workers": [],
                                                                                "Plans": [
                                                                                    {
                                                                                        "Node Type": "Seq Scan",
                                                                                        "Parent Relationship": "Outer",
                                                                                        "Parallel Aware": true,
                                                                                        "Async Capable": false,
                                                                                        "Relation Name": "badge",
                                                                                        "Alias": "b",
                                                                                        "Startup Cost": 0.0,
                                                                                        "Total Cost": 488401.8,
                                                                                        "Plan Rows": 1824228,
                                                                                        "Plan Width": 8,
                                                                                        "Actual Startup Time": 0.032,
                                                                                        "Actual Total Time": 652.586,
                                                                                        "Actual Rows": 1813447,
                                                                                        "Actual Loops": 6,
                                                                                        "Filter": "((name)::text = ANY ('{Autobiographer,Scholar,Student}'::text[]))",
                                                                                        "Rows Removed by Filter": 6726037,
                                                                                        "Workers": []
                                                                                    },
                                                                                    {
                                                                                        "Node Type": "Hash",
                                                                                        "Parent Relationship": "Inner",
                                                                                        "Parallel Aware": true,
                                                                                        "Async Capable": false,
                                                                                        "Startup Cost": 2270608.34,
                                                                                        "Total Cost": 2270608.34,
                                                                                        "Plan Rows": 297,
                                                                                        "Plan Width": 36,
                                                                                        "Actual Startup Time": 9340.249,
                                                                                        "Actual Total Time": 9340.255,
                                                                                        "Actual Rows": 26035250,
                                                                                        "Actual Loops": 6,
                                                                                        "Hash Buckets": 262144,
                                                                                        "Original Hash Buckets": 2048,
                                                                                        "Hash Batches": 1024,
                                                                                        "Original Hash Batches": 1,
                                                                                        "Peak Memory Usage": 15168,
                                                                                        "Workers": [],
                                                                                        "Plans": [
                                                                                            {
                                                                                                "Node Type": "Hash Join",
                                                                                                "Parent Relationship": "Outer",
                                                                                                "Parallel Aware": true,
                                                                                                "Async Capable": false,
                                                                                                "Join Type": "Inner",
                                                                                                "Startup Cost": 1997182.37,
                                                                                                "Total Cost": 2270608.34,
                                                                                                "Plan Rows": 297,
                                                                                                "Plan Width": 36,
                                                                                                "Actual Startup Time": 1424.827,
                                                                                                "Actual Total Time": 3214.785,
                                                                                                "Actual Rows": 26035250,
                                                                                                "Actual Loops": 6,
                                                                                                "Inner Unique": false,
                                                                                                "Hash Cond": "(u1.site_id = s.site_id)",
                                                                                                "Workers": [],
                                                                                                "Plans": [
                                                                                                    {
                                                                                                        "Node Type": "Seq Scan",
                                                                                                        "Parent Relationship": "Outer",
                                                                                                        "Parallel Aware": true,
                                                                                                        "Async Capable": false,
                                                                                                        "Relation Name": "so_user",
                                                                                                        "Alias": "u1",
                                                                                                        "Startup Cost": 0.0,
                                                                                                        "Total Cost": 260486.52,
                                                                                                        "Plan Rows": 3398140,
                                                                                                        "Plan Width": 12,
                                                                                                        "Actual Startup Time": 0.027,
                                                                                                        "Actual Total Time": 208.986,
                                                                                                        "Actual Rows": 2843844,
                                                                                                        "Actual Loops": 6,
                                                                                                        "Filter": "((reputation >= 0) AND (reputation <= 100))",
                                                                                                        "Rows Removed by Filter": 672373,
                                                                                                        "Workers": []
                                                                                                    },
                                                                                                    {
                                                                                                        "Node Type": "Hash",
                                                                                                        "Parent Relationship": "Inner",
                                                                                                        "Parallel Aware": true,
                                                                                                        "Async Capable": false,
                                                                                                        "Startup Cost": 1997182.36,
                                                                                                        "Total Cost": 1997182.36,
                                                                                                        "Plan Rows": 1,
                                                                                                        "Plan Width": 24,
                                                                                                        "Actual Startup Time": 1147.8,
                                                                                                        "Actual Total Time": 1147.805,
                                                                                                        "Actual Rows": 247,
                                                                                                        "Actual Loops": 6,
                                                                                                        "Hash Buckets": 1024,
                                                                                                        "Original Hash Buckets": 1024,
                                                                                                        "Hash Batches": 1,
                                                                                                        "Original Hash Batches": 1,
                                                                                                        "Peak Memory Usage": 200,
                                                                                                        "Workers": [],
                                                                                                        "Plans": [
                                                                                                            {
                                                                                                                "Node Type": "Hash Join",
                                                                                                                "Parent Relationship": "Outer",
                                                                                                                "Parallel Aware": true,
                                                                                                                "Async Capable": false,
                                                                                                                "Join Type": "Inner",
                                                                                                                "Startup Cost": 296022.37,
                                                                                                                "Total Cost": 1997182.36,
                                                                                                                "Plan Rows": 1,
                                                                                                                "Plan Width": 24,
                                                                                                                "Actual Startup Time": 645.318,
                                                                                                                "Actual Total Time": 1147.728,
                                                                                                                "Actual Rows": 247,
                                                                                                                "Actual Loops": 6,
                                                                                                                "Inner Unique": false,
                                                                                                                "Hash Cond": "((q1.site_id = s.site_id) AND (q1.id = tq1.question_id))",
                                                                                                                "Workers": [],
                                                                                                                "Plans": [
                                                                                                                    {
                                                                                                                        "Node Type": "Seq Scan",
                                                                                                                        "Parent Relationship": "Outer",
                                                                                                                        "Parallel Aware": true,
                                                                                                                        "Async Capable": false,
                                                                                                                        "Relation Name": "question",
                                                                                                                        "Alias": "q1",
                                                                                                                        "Startup Cost": 0.0,
                                                                                                                        "Total Cost": 1691290.18,
                                                                                                                        "Plan Rows": 1315973,
                                                                                                                        "Plan Width": 8,
                                                                                                                        "Actual Startup Time": 0.069,
                                                                                                                        "Actual Total Time": 564.887,
                                                                                                                        "Actual Rows": 1540858,
                                                                                                                        "Actual Loops": 6,
                                                                                                                        "Filter": "((view_count >= 10) AND (view_count <= 1000))",
                                                                                                                        "Rows Removed by Filter": 570216,
                                                                                                                        "Workers": []
                                                                                                                    },
                                                                                                                    {
                                                                                                                        "Node Type": "Hash",
                                                                                                                        "Parent Relationship": "Inner",
                                                                                                                        "Parallel Aware": true,
                                                                                                                        "Async Capable": false,
                                                                                                                        "Startup Cost": 296022.31,
                                                                                                                        "Total Cost": 296022.31,
                                                                                                                        "Plan Rows": 4,
                                                                                                                        "Plan Width": 16,
                                                                                                                        "Actual Startup Time": 470.229,
                                                                                                                        "Actual Total Time": 470.233,
                                                                                                                        "Actual Rows": 293,
                                                                                                                        "Actual Loops": 6,
                                                                                                                        "Hash Buckets": 1024,
                                                                                                                        "Original Hash Buckets": 1024,
                                                                                                                        "Hash Batches": 1,
                                                                                                                        "Original Hash Batches": 1,
                                                                                                                        "Peak Memory Usage": 200,
                                                                                                                        "Workers": [],
                                                                                                                        "Plans": [
                                                                                                                            {
                                                                                                                                "Node Type": "Hash Join",
                                                                                                                                "Parent Relationship": "Outer",
                                                                                                                                "Parallel Aware": true,
                                                                                                                                "Async Capable": false,
                                                                                                                                "Join Type": "Inner",
                                                                                                                                "Startup Cost": 2576.54,
                                                                                                                                "Total Cost": 296022.31,
                                                                                                                                "Plan Rows": 4,
                                                                                                                                "Plan Width": 16,
                                                                                                                                "Actual Startup Time": 37.891,
                                                                                                                                "Actual Total Time": 470.129,
                                                                                                                                "Actual Rows": 293,
                                                                                                                                "Actual Loops": 6,
                                                                                                                                "Inner Unique": true,
                                                                                                                                "Hash Cond": "((s.site_id = t1.site_id) AND (tq1.tag_id = t1.id))",
                                                                                                                                "Workers": [],
                                                                                                                                "Plans": [
                                                                                                                                    {
                                                                                                                                        "Node Type": "Hash Join",
                                                                                                                                        "Parent Relationship": "Outer",
                                                                                                                                        "Parallel Aware": false,
                                                                                                                                        "Async Capable": false,
                                                                                                                                        "Join Type": "Inner",
                                                                                                                                        "Startup Cost": 3.19,
                                                                                                                                        "Total Cost": 293001.23,
                                                                                                                                        "Plan Rows": 85281,
                                                                                                                                        "Plan Width": 16,
                                                                                                                                        "Actual Startup Time": 35.626,
                                                                                                                                        "Actual Total Time": 464.813,
                                                                                                                                        "Actual Rows": 88092,
                                                                                                                                        "Actual Loops": 6,
                                                                                                                                        "Inner Unique": true,
                                                                                                                                        "Hash Cond": "(tq1.site_id = s.site_id)",
                                                                                                                                        "Workers": [],
                                                                                                                                        "Plans": [
                                                                                                                                            {
                                                                                                                                                "Node Type": "Seq Scan",
                                                                                                                                                "Parent Relationship": "Outer",
                                                                                                                                                "Parallel Aware": true,
                                                                                                                                                "Async Capable": false,
                                                                                                                                                "Relation Name": "tag_question",
                                                                                                                                                "Alias": "tq1",
                                                                                                                                                "Startup Cost": 0.0,
                                                                                                                                                "Total Cost": 273159.66,
                                                                                                                                                "Plan Rows": 7376766,
                                                                                                                                                "Plan Width": 12,
                                                                                                                                                "Actual Startup Time": 0.021,
                                                                                                                                                "Actual Total Time": 249.083,
                                                                                                                                                "Actual Rows": 6147303,
                                                                                                                                                "Actual Loops": 6,
                                                                                                                                                "Workers": []
                                                                                                                                            },
                                                                                                                                            {
                                                                                                                                                "Node Type": "Hash",
                                                                                                                                                "Parent Relationship": "Inner",
                                                                                                                                                "Parallel Aware": false,
                                                                                                                                                "Async Capable": false,
                                                                                                                                                "Startup Cost": 3.16,
                                                                                                                                                "Total Cost": 3.16,
                                                                                                                                                "Plan Rows": 2,
                                                                                                                                                "Plan Width": 4,
                                                                                                                                                "Actual Startup Time": 0.025,
                                                                                                                                                "Actual Total Time": 0.026,
                                                                                                                                                "Actual Rows": 2,
                                                                                                                                                "Actual Loops": 6,
                                                                                                                                                "Hash Buckets": 1024,
                                                                                                                                                "Original Hash Buckets": 1024,
                                                                                                                                                "Hash Batches": 1,
                                                                                                                                                "Original Hash Batches": 1,
                                                                                                                                                "Peak Memory Usage": 9,
                                                                                                                                                "Workers": [],
                                                                                                                                                "Plans": [
                                                                                                                                                    {
                                                                                                                                                        "Node Type": "Seq Scan",
                                                                                                                                                        "Parent Relationship": "Outer",
                                                                                                                                                        "Parallel Aware": false,
                                                                                                                                                        "Async Capable": false,
                                                                                                                                                        "Relation Name": "site",
                                                                                                                                                        "Alias": "s",
                                                                                                                                                        "Startup Cost": 0.0,
                                                                                                                                                        "Total Cost": 3.16,
                                                                                                                                                        "Plan Rows": 2,
                                                                                                                                                        "Plan Width": 4,
                                                                                                                                                        "Actual Startup Time": 0.017,
                                                                                                                                                        "Actual Total Time": 0.022,
                                                                                                                                                        "Actual Rows": 2,
                                                                                                                                                        "Actual Loops": 6,
                                                                                                                                                        "Filter": "((site_name)::text = ANY ('{mathoverflow,ru}'::text[]))",
                                                                                                                                                        "Rows Removed by Filter": 171,
                                                                                                                                                        "Workers": []
                                                                                                                                                    }
                                                                                                                                                ]
                                                                                                                                            }
                                                                                                                                        ]
                                                                                                                                    },
                                                                                                                                    {
                                                                                                                                        "Node Type": "Hash",
                                                                                                                                        "Parent Relationship": "Inner",
                                                                                                                                        "Parallel Aware": true,
                                                                                                                                        "Async Capable": false,
                                                                                                                                        "Startup Cost": 2573.31,
                                                                                                                                        "Total Cost": 2573.31,
                                                                                                                                        "Plan Rows": 3,
                                                                                                                                        "Plan Width": 8,
                                                                                                                                        "Actual Startup Time": 2.213,
                                                                                                                                        "Actual Total Time": 2.213,
                                                                                                                                        "Actual Rows": 0,
                                                                                                                                        "Actual Loops": 6,
                                                                                                                                        "Hash Buckets": 1024,
                                                                                                                                        "Original Hash Buckets": 1024,
                                                                                                                                        "Hash Batches": 1,
                                                                                                                                        "Original Hash Batches": 1,
                                                                                                                                        "Peak Memory Usage": 72,
                                                                                                                                        "Workers": [],
                                                                                                                                        "Plans": [
                                                                                                                                            {
                                                                                                                                                "Node Type": "Seq Scan",
                                                                                                                                                "Parent Relationship": "Outer",
                                                                                                                                                "Parallel Aware": true,
                                                                                                                                                "Async Capable": false,
                                                                                                                                                "Relation Name": "tag",
                                                                                                                                                "Alias": "t1",
                                                                                                                                                "Startup Cost": 0.0,
                                                                                                                                                "Total Cost": 2573.31,
                                                                                                                                                "Plan Rows": 3,
                                                                                                                                                "Plan Width": 8,
                                                                                                                                                "Actual Startup Time": 1.718,
                                                                                                                                                "Actual Total Time": 2.196,
                                                                                                                                                "Actual Rows": 0,
                                                                                                                                                "Actual Loops": 6,
                                                                                                                                                "Filter": "((name)::text = ANY ('{homotopy-theory,функции}'::text[]))",
                                                                                                                                                "Rows Removed by Filter": 31128,
                                                                                                                                                "Workers": []
                                                                                                                                            }
                                                                                                                                        ]
                                                                                                                                    }
                                                                                                                                ]
                                                                                                                            }
                                                                                                                        ]
                                                                                                                    }
                                                                                                                ]
                                                                                                            }
                                                                                                        ]
                                                                                                    }
                                                                                                ]
                                                                                            }
                                                                                        ]
                                                                                    }
                                                                                ]
                                                                            }
                                                                        ]
                                                                    }
                                                                ]
                                                            }
                                                        ]
                                                    }
                                                ]
                                            }
                                        ]
                                    }
                                ]
                            }
                        ]
                    },
                    "Planning Time": 12.977,
                    "Triggers": [],
                    "Execution Time": 20883.349
                }
            ],
            "hints": [
                "SET enable_hashjoin TO on",
                "SET enable_indexonlyscan TO on",
                "SET enable_indexscan TO off",
                "SET enable_mergejoin TO off",
                "SET enable_nestloop TO off",
                "SET enable_seqscan TO on"
            ]
        },
        {
            "arm": 4,
            "execution_time": 16.268,
            "plan": [
                {
                    "Plan": {
                        "Node Type": "Aggregate",
                        "Strategy": "Plain",
                        "Partial Mode": "Simple",
                        "Parallel Aware": false,
                        "Async Capable": false,
                        "Startup Cost": 3787.53,
                        "Total Cost": 3787.54,
                        "Plan Rows": 1,
                        "Plan Width": 8,
                        "Actual Startup Time": 16.229,
                        "Actual Total Time": 16.231,
                        "Actual Rows": 1,
                        "Actual Loops": 1,
                        "Plans": [
                            {
                                "Node Type": "Nested Loop",
                                "Parent Relationship": "Outer",
                                "Parallel Aware": false,
                                "Async Capable": false,
                                "Join Type": "Inner",
                                "Startup Cost": 2.87,
                                "Total Cost": 3787.53,
                                "Plan Rows": 1,
                                "Plan Width": 0,
                                "Actual Startup Time": 5.492,
                                "Actual Total Time": 16.226,
                                "Actual Rows": 43,
                                "Actual Loops": 1,
                                "Inner Unique": true,
                                "Plans": [
                                    {
                                        "Node Type": "Nested Loop",
                                        "Parent Relationship": "Outer",
                                        "Parallel Aware": false,
                                        "Async Capable": false,
                                        "Join Type": "Inner",
                                        "Startup Cost": 2.44,
                                        "Total Cost": 3780.33,
                                        "Plan Rows": 1,
                                        "Plan Width": 4,
                                        "Actual Startup Time": 5.485,
                                        "Actual Total Time": 16.124,
                                        "Actual Rows": 43,
                                        "Actual Loops": 1,
                                        "Inner Unique": false,
                                        "Join Filter": "((s.site_id = b.site_id) AND (b.user_id = a1.owner_user_id))",
                                        "Rows Removed by Join Filter": 0,
                                        "Plans": [
                                            {
                                                "Node Type": "Nested Loop",
                                                "Parent Relationship": "Outer",
                                                "Parallel Aware": false,
                                                "Async Capable": false,
                                                "Join Type": "Inner",
                                                "Startup Cost": 1.87,
                                                "Total Cost": 3772.89,
                                                "Plan Rows": 1,
                                                "Plan Width": 36,
                                                "Actual Startup Time": 4.395,
                                                "Actual Total Time": 15.855,
                                                "Actual Rows": 36,
                                                "Actual Loops": 1,
                                                "Inner Unique": true,
                                                "Join Filter": "(s.site_id = q1.site_id)",
                                                "Rows Removed by Join Filter": 0,
                                                "Plans": [
                                                    {
                                                        "Node Type": "Nested Loop",
                                                        "Parent Relationship": "Outer",
                                                        "Parallel Aware": false,
                                                        "Async Capable": false,
                                                        "Join Type": "Inner",
                                                        "Startup Cost": 1.44,
                                                        "Total Cost": 3765.67,
                                                        "Plan Rows": 1,
                                                        "Plan Width": 40,
                                                        "Actual Startup Time": 3.355,
                                                        "Actual Total Time": 15.689,
                                                        "Actual Rows": 50,
                                                        "Actual Loops": 1,
                                                        "Inner Unique": true,
                                                        "Join Filter": "(s.site_id = u1.site_id)",
                                                        "Rows Removed by Join Filter": 0,
                                                        "Plans": [
                                                            {
                                                                "Node Type": "Nested Loop",
                                                                "Parent Relationship": "Outer",
                                                                "Parallel Aware": false,
                                                                "Async Capable": false,
                                                                "Join Type": "Inner",
                                                                "Startup Cost": 1.0,
                                                                "Total Cost": 3758.44,
                                                                "Plan Rows": 1,
                                                                "Plan Width": 28,
                                                                "Actual Startup Time": 3.324,
                                                                "Actual Total Time": 13.72,
                                                                "Actual Rows": 1026,
                                                                "Actual Loops": 1,
                                                                "Inner Unique": false,
                                                                "Join Filter": "(s.site_id = a1.site_id)",
                                                                "Rows Removed by Join Filter": 0,
                                                                "Plans": [
                                                                    {
                                                                        "Node Type": "Nested Loop",
                                                                        "Parent Relationship": "Outer",
                                                                        "Parallel Aware": false,
                                                                        "Async Capable": false,
                                                                        "Join Type": "Inner",
                                                                        "Startup Cost": 0.56,
                                                                        "Total Cost": 3600.01,
                                                                        "Plan Rows": 22,
                                                                        "Plan Width": 16,
                                                                        "Actual Startup Time": 3.316,
                                                                        "Actual Total Time": 11.17,
                                                                        "Actual Rows": 1757,
                                                                        "Actual Loops": 1,
                                                                        "Inner Unique": false,
                                                                        "Join Filter": "(s.site_id = tq1.site_id)",
                                                                        "Rows Removed by Join Filter": 0,
                                                                        "Plans": [
                                                                            {
                                                                                "Node Type": "Nested Loop",
                                                                                "Parent Relationship": "Outer",
                                                                                "Parallel Aware": false,
                                                                                "Async Capable": false,
                                                                                "Join Type": "Inner",
                                                                                "Startup Cost": 0.0,
                                                                                "Total Cost": 3537.94,
                                                                                "Plan Rows": 1,
                                                                                "Plan Width": 12,
                                                                                "Actual Startup Time": 3.302,
                                                                                "Actual Total Time": 10.007,
                                                                                "Actual Rows": 2,
                                                                                "Actual Loops": 1,
                                                                                "Inner Unique": true,
                                                                                "Join Filter": "(s.site_id = t1.site_id)",
                                                                                "Rows Removed by Join Filter": 3,
                                                                                "Plans": [
                                                                                    {
                                                                                        "Node Type": "Seq Scan",
                                                                                        "Parent Relationship": "Outer",
                                                                                        "Parallel Aware": false,
                                                                                        "Async Capable": false,
                                                                                        "Relation Name": "tag",
                                                                                        "Alias": "t1",
                                                                                        "Startup Cost": 0.0,
                                                                                        "Total Cost": 3534.62,
                                                                                        "Plan Rows": 5,
                                                                                        "Plan Width": 8,
                                                                                        "Actual Startup Time": 3.14,
                                                                                        "Actual Total Time": 9.99,
                                                                                        "Actual Rows": 3,
                                                                                        "Actual Loops": 1,
                                                                                        "Filter": "((name)::text = ANY ('{homotopy-theory,функции}'::text[]))",
                                                                                        "Rows Removed by Filter": 186767
                                                                                    },
                                                                                    {
                                                                                        "Node Type": "Materialize",
                                                                                        "Parent Relationship": "Inner",
                                                                                        "Parallel Aware": false,
                                                                                        "Async Capable": false,
                                                                                        "Startup Cost": 0.0,
                                                                                        "Total Cost": 3.17,
                                                                                        "Plan Rows": 2,
                                                                                        "Plan Width": 4,
                                                                                        "Actual Startup Time": 0.003,
                                                                                        "Actual Total Time": 0.005,
                                                                                        "Actual Rows": 2,
                                                                                        "Actual Loops": 3,
                                                                                        "Plans": [
                                                                                            {
                                                                                                "Node Type": "Seq Scan",
                                                                                                "Parent Relationship": "Outer",
                                                                                                "Parallel Aware": false,
                                                                                                "Async Capable": false,
                                                                                                "Relation Name": "site",
                                                                                                "Alias": "s",
                                                                                                "Startup Cost": 0.0,
                                                                                                "Total Cost": 3.16,
                                                                                                "Plan Rows": 2,
                                                                                                "Plan Width": 4,
                                                                                                "Actual Startup Time": 0.008,
                                                                                                "Actual Total Time": 0.012,
                                                                                                "Actual Rows": 2,
                                                                                                "Actual Loops": 1,
                                                                                                "Filter": "((site_name)::text = ANY ('{mathoverflow,ru}'::text[]))",
                                                                                                "Rows Removed by Filter": 171
                                                                                            }
                                                                                        ]
                                                                                    }
                                                                                ]
                                                                            },
                                                                            {
                                                                                "Node Type": "Index Only Scan",
                                                                                "Parent Relationship": "Inner",
                                                                                "Parallel Aware": false,
                                                                                "Async Capable": false,
                                                                                "Scan Direction": "Forward",
                                                                                "Index Name": "tag_question_site_id_tag_id_question_id_idx",
                                                                                "Relation Name": "tag_question",
                                                                                "Alias": "tq1",
                                                                                "Startup Cost": 0.56,
                                                                                "Total Cost": 61.69,
                                                                                "Plan Rows": 31,
                                                                                "Plan Width": 12,
                                                                                "Actual Startup Time": 0.011,
                                                                                "Actual Total Time": 0.533,
                                                                                "Actual Rows": 878,
                                                                                "Actual Loops": 2,
                                                                                "Index Cond": "((site_id = t1.site_id) AND (tag_id = t1.id))",
                                                                                "Rows Removed by Index Recheck": 0,
                                                                                "Heap Fetches": 1757
                                                                            }
                                                                        ]
                                                                    },
                                                                    {
                                                                        "Node Type": "Index Scan",
                                                                        "Parent Relationship": "Inner",
                                                                        "Parallel Aware": false,
                                                                        "Async Capable": false,
                                                                        "Scan Direction": "Forward",
                                                                        "Index Name": "answer_site_id_question_id_idx",
                                                                        "Relation Name": "answer",
                                                                        "Alias": "a1",
                                                                        "Startup Cost": 0.43,
                                                                        "Total Cost": 7.19,
                                                                        "Plan Rows": 1,
                                                                        "Plan Width": 12,
                                                                        "Actual Startup Time": 0.001,
                                                                        "Actual Total Time": 0.001,
                                                                        "Actual Rows": 1,
                                                                        "Actual Loops": 1757,
                                                                        "Index Cond": "((site_id = tq1.site_id) AND (question_id = tq1.question_id))",
                                                                        "Rows Removed by Index Recheck": 0
                                                                    }
                                                                ]
                                                            },
                                                            {
                                                                "Node Type": "Index Scan",
                                                                "Parent Relationship": "Inner",
                                                                "Parallel Aware": false,
                                                                "Async Capable": false,
                                                                "Scan Direction": "Forward",
                                                                "Index Name": "so_user_pkey",
                                                                "Relation Name": "so_user",
                                                                "Alias": "u1",
                                                                "Startup Cost": 0.44,
                                                                "Total Cost": 7.22,
                                                                "Plan Rows": 1,
                                                                "Plan Width": 12,
                                                                "Actual Startup Time": 0.002,
                                                                "Actual Total Time": 0.002,
                                                                "Actual Rows": 0,
                                                                "Actual Loops": 1026,
                                                                "Index Cond": "((id = a1.owner_user_id) AND (site_id = a1.site_id))",
                                                                "Rows Removed by Index Recheck": 0,
                                                                "Filter": "((reputation >= 0) AND (reputation <= 100))",
                                                                "Rows Removed by Filter": 1
                                                            }
                                                        ]
                                                    },
                                                    {
                                                        "Node Type": "Index Scan",
                                                        "Parent Relationship": "Inner",
                                                        "Parallel Aware": false,
                                                        "Async Capable": false,
                                                        "Scan Direction": "Forward",
                                                        "Index Name": "question_pkey",
                                                        "Relation Name": "question",
                                                        "Alias": "q1",
                                                        "Startup Cost": 0.43,
                                                        "Total Cost": 7.2,
                                                        "Plan Rows": 1,
                                                        "Plan Width": 8,
                                                        "Actual Startup Time": 0.003,
                                                        "Actual Total Time": 0.003,
                                                        "Actual Rows": 1,
                                                        "Actual Loops": 50,
                                                        "Index Cond": "((id = tq1.question_id) AND (site_id = tq1.site_id))",
                                                        "Rows Removed by Index Recheck": 0,
                                                        "Filter": "((view_count >= 10) AND (view_count <= 1000))",
                                                        "Rows Removed by Filter": 0
                                                    }
                                                ]
                                            },
                                            {
                                                "Node Type": "Index Only Scan",
                                                "Parent Relationship": "Inner",
                                                "Parallel Aware": false,
                                                "Async Capable": false,
                                                "Scan Direction": "Forward",
                                                "Index Name": "badge_pkey",
                                                "Relation Name": "badge",
                                                "Alias": "b",
                                                "Startup Cost": 0.56,
                                                "Total Cost": 7.43,
                                                "Plan Rows": 1,
                                                "Plan Width": 8,
                                                "Actual Startup Time": 0.005,
                                                "Actual Total Time": 0.007,
                                                "Actual Rows": 1,
                                                "Actual Loops": 36,
                                                "Index Cond": "((site_id = u1.site_id) AND (user_id = u1.id))",
                                                "Rows Removed by Index Recheck": 0,
                                                "Filter": "((name)::text = ANY ('{Autobiographer,Scholar,Student}'::text[]))",
                                                "Rows Removed by Filter": 6,
                                                "Heap Fetches": 246
                                            }
                                        ]
                                    },
                                    {
                                        "Node Type": "Index Only Scan",
                                        "Parent Relationship": "Inner",
                                        "Parallel Aware": false,
                                        "Async Capable": false,
                                        "Scan Direction": "Forward",
                                        "Index Name": "account_pkey",
                                        "Relation Name": "account",
                                        "Alias": "acc",
                                        "Startup Cost": 0.43,
                                        "Total Cost": 7.2,
                                        "Plan Rows": 1,
                                        "Plan Width": 4,
                                        "Actual Startup Time": 0.002,
                                        "Actual Total Time": 0.002,
                                        "Actual Rows": 1,
                                        "Actual Loops": 43,
                                        "Index Cond": "(id = u1.account_id)",
                                        "Rows Removed by Index Recheck": 0,
                                        "Heap Fetches": 43
                                    }
                                ]
                            }
                        ]
                    },
                    "Planning Time": 13.504,
                    "Triggers": [],
                    "Execution Time": 16.268
                }
            ],
            "hints": [
                "SET enable_hashjoin TO on",
                "SET enable_indexonlyscan TO on",
                "SET enable_indexscan TO on",
                "SET enable_mergejoin TO off",
                "SET enable_nestloop TO on",
                "SET enable_seqscan TO on"
            ]
        }
    ]
}