{
    "sql_file": "soload_q11-005.sql",
    "query": "SELECT COUNT(*)\nFROM\ntag as t,\nsite as s,\nquestion as q,\ntag_question as tq\nWHERE\nt.site_id = s.site_id\nAND q.site_id = s.site_id\nAND tq.site_id = s.site_id\nAND tq.question_id = q.id\nAND tq.tag_id = t.id\nAND (s.site_name in ('cs'))\nAND (t.name in ('algorithm-analysis','complexity-theory','computability','data-structures','formal-languages','graphs'))\nAND (q.view_count >= 100)\nAND (q.view_count <= 100000)",
    "results": [
        {
            "arm": 0,
            "execution_time": 153.188,
            "plan": [
                {
                    "Plan": {
                        "Node Type": "Aggregate",
                        "Strategy": "Plain",
                        "Partial Mode": "Simple",
                        "Parallel Aware": false,
                        "Async Capable": false,
                        "Startup Cost": 4269.65,
                        "Total Cost": 4269.66,
                        "Plan Rows": 1,
                        "Plan Width": 8,
                        "Actual Startup Time": 153.115,
                        "Actual Total Time": 153.16,
                        "Actual Rows": 1,
                        "Actual Loops": 1,
                        "Plans": [
                            {
                                "Node Type": "Gather",
                                "Parent Relationship": "Outer",
                                "Parallel Aware": false,
                                "Async Capable": false,
                                "Startup Cost": 4126.95,
                                "Total Cost": 4269.65,
                                "Plan Rows": 1,
                                "Plan Width": 0,
                                "Actual Startup Time": 10.198,
                                "Actual Total Time": 152.825,
                                "Actual Rows": 5722,
                                "Actual Loops": 1,
                                "Workers Planned": 1,
                                "Workers Launched": 1,
                                "Single Copy": false,
                                "Plans": [
                                    {
                                        "Node Type": "Nested Loop",
                                        "Parent Relationship": "Outer",
                                        "Parallel Aware": false,
                                        "Async Capable": false,
                                        "Join Type": "Inner",
                                        "Startup Cost": 3126.95,
                                        "Total Cost": 3269.55,
                                        "Plan Rows": 1,
                                        "Plan Width": 0,
                                        "Actual Startup Time": 8.694,
                                        "Actual Total Time": 79.787,
                                        "Actual Rows": 2861,
                                        "Actual Loops": 2,
                                        "Inner Unique": true,
                                        "Join Filter": "(t.site_id = q.site_id)",
                                        "Rows Removed by Join Filter": 0,
                                        "Workers": [],
                                        "Plans": [
                                            {
                                                "Node Type": "Nested Loop",
                                                "Parent Relationship": "Outer",
                                                "Parallel Aware": false,
                                                "Async Capable": false,
                                                "Join Type": "Inner",
                                                "Startup Cost": 3126.51,
                                                "Total Cost": 3188.0,
                                                "Plan Rows": 13,
                                                "Plan Width": 16,
                                                "Actual Startup Time": 8.68,
                                                "Actual Total Time": 11.578,
                                                "Actual Rows": 4082,
                                                "Actual Loops": 2,
                                                "Inner Unique": false,
                                                "Workers": [],
                                                "Plans": [
                                                    {
                                                        "Node Type": "Merge Join",
                                                        "Parent Relationship": "Outer",
                                                        "Parallel Aware": false,
                                                        "Async Capable": false,
                                                        "Join Type": "Inner",
                                                        "Startup Cost": 3125.95,
                                                        "Total Cost": 3126.01,
                                                        "Plan Rows": 1,
                                                        "Plan Width": 12,
                                                        "Actual Startup Time": 8.569,
                                                        "Actual Total Time": 8.573,
                                                        "Actual Rows": 3,
                                                        "Actual Loops": 2,
                                                        "Inner Unique": true,
                                                        "Merge Cond": "(t.site_id = s.site_id)",
                                                        "Workers": [],
                                                        "Plans": [
                                                            {
                                                                "Node Type": "Sort",
                                                                "Parent Relationship": "Outer",
                                                                "Parallel Aware": false,
                                                                "Async Capable": false,
                                                                "Startup Cost": 3122.77,
                                                                "Total Cost": 3122.8,
                                                                "Plan Rows": 9,
                                                                "Plan Width": 8,
                                                                "Actual Startup Time": 8.547,
                                                                "Actual Total Time": 8.548,
                                                                "Actual Rows": 6,
                                                                "Actual Loops": 2,
                                                                "Sort Key": [
                                                                    "t.site_id"
                                                                ],
                                                                "Sort Method": "quicksort",
                                                                "Sort Space Used": 25,
                                                                "Sort Space Type": "Memory",
                                                                "Workers": [
                                                                    {
                                                                        "Worker Number": 0,
                                                                        "Sort Method": "quicksort",
                                                                        "Sort Space Used": 25,
                                                                        "Sort Space Type": "Memory"
                                                                    }
                                                                ],
                                                                "Plans": [
                                                                    {
                                                                        "Node Type": "Seq Scan",
                                                                        "Parent Relationship": "Outer",
                                                                        "Parallel Aware": true,
                                                                        "Async Capable": false,
                                                                        "Relation Name": "tag",
                                                                        "Alias": "t",
                                                                        "Startup Cost": 0.0,
                                                                        "Total Cost": 3122.63,
                                                                        "Plan Rows": 9,
                                                                        "Plan Width": 8,
                                                                        "Actual Startup Time": 0.087,
                                                                        "Actual Total Time": 8.536,
                                                                        "Actual Rows": 18,
                                                                        "Actual Loops": 2,
                                                                        "Filter": "((name)::text = ANY ('{algorithm-analysis,complexity-theory,computability,data-structures,formal-languages,graphs}'::text[]))",
                                                                        "Rows Removed by Filter": 93368,
                                                                        "Workers": []
                                                                    }
                                                                ]
                                                            },
                                                            {
                                                                "Node Type": "Sort",
                                                                "Parent Relationship": "Inner",
                                                                "Parallel Aware": false,
                                                                "Async Capable": false,
                                                                "Startup Cost": 3.17,
                                                                "Total Cost": 3.18,
                                                                "Plan Rows": 1,
                                                                "Plan Width": 4,
                                                                "Actual Startup Time": 0.02,
                                                                "Actual Total Time": 0.02,
                                                                "Actual Rows": 1,
                                                                "Actual Loops": 2,
                                                                "Sort Key": [
                                                                    "s.site_id"
                                                                ],
                                                                "Sort Method": "quicksort",
                                                                "Sort Space Used": 25,
                                                                "Sort Space Type": "Memory",
                                                                "Workers": [
                                                                    {
                                                                        "Worker Number": 0,
                                                                        "Sort Method": "quicksort",
                                                                        "Sort Space Used": 25,
                                                                        "Sort Space Type": "Memory"
                                                                    }
                                                                ],
                                                                "Plans": [
                                                                    {
                                                                        "Node Type": "Seq Scan",
                                                                        "Parent Relationship": "Outer",
                                                                        "Parallel Aware": false,
                                                                        "Async Capable": false,
                                                                        "Relation Name": "site",
                                                                        "Alias": "s",
                                                                        "Startup Cost": 0.0,
                                                                        "Total Cost": 3.16,
                                                                        "Plan Rows": 1,
                                                                        "Plan Width": 4,
                                                                        "Actual Startup Time": 0.01,
                                                                        "Actual Total Time": 0.015,
                                                                        "Actual Rows": 1,
                                                                        "Actual Loops": 2,
                                                                        "Filter": "((site_name)::text = 'cs'::text)",
                                                                        "Rows Removed by Filter": 172,
                                                                        "Workers": []
                                                                    }
                                                                ]
                                                            }
                                                        ]
                                                    },
                                                    {
                                                        "Node Type": "Index Only Scan",
                                                        "Parent Relationship": "Inner",
                                                        "Parallel Aware": false,
                                                        "Async Capable": false,
                                                        "Scan Direction": "Forward",
                                                        "Index Name": "tag_question_site_id_tag_id_question_id_idx",
                                                        "Relation Name": "tag_question",
                                                        "Alias": "tq",
                                                        "Startup Cost": 0.56,
                                                        "Total Cost": 61.69,
                                                        "Plan Rows": 31,
                                                        "Plan Width": 12,
                                                        "Actual Startup Time": 0.09,
                                                        "Actual Total Time": 0.878,
                                                        "Actual Rows": 1361,
                                                        "Actual Loops": 6,
                                                        "Index Cond": "((site_id = t.site_id) AND (tag_id = t.id))",
                                                        "Rows Removed by Index Recheck": 0,
                                                        "Heap Fetches": 8165,
                                                        "Workers": []
                                                    }
                                                ]
                                            },
                                            {
                                                "Node Type": "Index Scan",
                                                "Parent Relationship": "Inner",
                                                "Parallel Aware": false,
                                                "Async Capable": false,
                                                "Scan Direction": "Forward",
                                                "Index Name": "question_pkey",
                                                "Relation Name": "question",
                                                "Alias": "q",
                                                "Startup Cost": 0.43,
                                                "Total Cost": 6.26,
                                                "Plan Rows": 1,
                                                "Plan Width": 8,
                                                "Actual Startup Time": 0.016,
                                                "Actual Total Time": 0.016,
                                                "Actual Rows": 1,
                                                "Actual Loops": 8165,
                                                "Index Cond": "((id = tq.question_id) AND (site_id = tq.site_id))",
                                                "Rows Removed by Index Recheck": 0,
                                                "Filter": "((view_count >= 100) AND (view_count <= 100000))",
                                                "Rows Removed by Filter": 0,
                                                "Workers": []
                                            }
                                        ]
                                    }
                                ]
                            }
                        ]
                    },
                    "Planning Time": 0.717,
                    "Triggers": [],
                    "Execution Time": 153.188
                }
            ],
            "hints": [
                "SET enable_hashjoin TO on",
                "SET enable_indexonlyscan TO on",
                "SET enable_indexscan TO on",
                "SET enable_mergejoin TO on",
                "SET enable_nestloop TO on",
                "SET enable_seqscan TO on"
            ]
        },
        {
            "arm": 1,
            "execution_time": 922.527,
            "plan": [
                {
                    "Plan": {
                        "Node Type": "Aggregate",
                        "Strategy": "Plain",
                        "Partial Mode": "Simple",
                        "Parallel Aware": false,
                        "Async Capable": false,
                        "Startup Cost": 1998200.5,
                        "Total Cost": 1998200.51,
                        "Plan Rows": 1,
                        "Plan Width": 8,
                        "Actual Startup Time": 913.85,
                        "Actual Total Time": 922.497,
                        "Actual Rows": 1,
                        "Actual Loops": 1,
                        "Plans": [
                            {
                                "Node Type": "Gather",
                                "Parent Relationship": "Outer",
                                "Parallel Aware": false,
                                "Async Capable": false,
                                "Startup Cost": 297347.91,
                                "Total Cost": 1998200.5,
                                "Plan Rows": 1,
                                "Plan Width": 0,
                                "Actual Startup Time": 394.585,
                                "Actual Total Time": 922.324,
                                "Actual Rows": 5722,
                                "Actual Loops": 1,
                                "Workers Planned": 7,
                                "Workers Launched": 7,
                                "Single Copy": false,
                                "Plans": [
                                    {
                                        "Node Type": "Hash Join",
                                        "Parent Relationship": "Outer",
                                        "Parallel Aware": true,
                                        "Async Capable": false,
                                        "Join Type": "Inner",
                                        "Startup Cost": 296347.91,
                                        "Total Cost": 1997200.4,
                                        "Plan Rows": 1,
                                        "Plan Width": 0,
                                        "Actual Startup Time": 586.092,
                                        "Actual Total Time": 910.954,
                                        "Actual Rows": 715,
                                        "Actual Loops": 8,
                                        "Inner Unique": false,
                                        "Hash Cond": "((q.site_id = t.site_id) AND (q.id = tq.question_id))",
                                        "Workers": [],
                                        "Plans": [
                                            {
                                                "Node Type": "Seq Scan",
                                                "Parent Relationship": "Outer",
                                                "Parallel Aware": true,
                                                "Async Capable": false,
                                                "Relation Name": "question",
                                                "Alias": "q",
                                                "Startup Cost": 0.0,
                                                "Total Cost": 1691290.18,
                                                "Plan Rows": 1274973,
                                                "Plan Width": 8,
                                                "Actual Startup Time": 0.022,
                                                "Actual Total Time": 438.845,
                                                "Actual Rows": 1126888,
                                                "Actual Loops": 8,
                                                "Filter": "((view_count >= 100) AND (view_count <= 100000))",
                                                "Rows Removed by Filter": 456417,
                                                "Workers": []
                                            },
                                            {
                                                "Node Type": "Hash",
                                                "Parent Relationship": "Inner",
                                                "Parallel Aware": true,
                                                "Async Capable": false,
                                                "Startup Cost": 296347.85,
                                                "Total Cost": 296347.85,
                                                "Plan Rows": 4,
                                                "Plan Width": 16,
                                                "Actual Startup Time": 387.15,
                                                "Actual Total Time": 387.153,
                                                "Actual Rows": 1021,
                                                "Actual Loops": 8,
                                                "Hash Buckets": 8192,
                                                "Original Hash Buckets": 1024,
                                                "Hash Batches": 1,
                                                "Original Hash Batches": 1,
                                                "Peak Memory Usage": 536,
                                                "Workers": [],
                                                "Plans": [
                                                    {
                                                        "Node Type": "Hash Join",
                                                        "Parent Relationship": "Outer",
                                                        "Parallel Aware": true,
                                                        "Async Capable": false,
                                                        "Join Type": "Inner",
                                                        "Startup Cost": 3125.94,
                                                        "Total Cost": 296347.85,
                                                        "Plan Rows": 4,
                                                        "Plan Width": 16,
                                                        "Actual Startup Time": 350.649,
                                                        "Actual Total Time": 351.804,
                                                        "Actual Rows": 1021,
                                                        "Actual Loops": 8,
                                                        "Inner Unique": true,
                                                        "Hash Cond": "((s.site_id = t.site_id) AND (tq.tag_id = t.id))",
                                                        "Workers": [],
                                                        "Plans": [
                                                            {
                                                                "Node Type": "Hash Join",
                                                                "Parent Relationship": "Outer",
                                                                "Parallel Aware": false,
                                                                "Async Capable": false,
                                                                "Join Type": "Inner",
                                                                "Startup Cost": 3.18,
                                                                "Total Cost": 293001.22,
                                                                "Plan Rows": 42640,
                                                                "Plan Width": 16,
                                                                "Actual Startup Time": 347.761,
                                                                "Actual Total Time": 348.61,
                                                                "Actual Rows": 6551,
                                                                "Actual Loops": 8,
                                                                "Inner Unique": true,
                                                                "Hash Cond": "(tq.site_id = s.site_id)",
                                                                "Workers": [],
                                                                "Plans": [
                                                                    {
                                                                        "Node Type": "Seq Scan",
                                                                        "Parent Relationship": "Outer",
                                                                        "Parallel Aware": true,
                                                                        "Async Capable": false,
                                                                        "Relation Name": "tag_question",
                                                                        "Alias": "tq",
                                                                        "Startup Cost": 0.0,
                                                                        "Total Cost": 273159.66,
                                                                        "Plan Rows": 7376766,
                                                                        "Plan Width": 12,
                                                                        "Actual Startup Time": 0.025,
                                                                        "Actual Total Time": 188.768,
                                                                        "Actual Rows": 4610477,
                                                                        "Actual Loops": 8,
                                                                        "Workers": []
                                                                    },
                                                                    {
                                                                        "Node Type": "Hash",
                                                                        "Parent Relationship": "Inner",
                                                                        "Parallel Aware": false,
                                                                        "Async Capable": false,
                                                                        "Startup Cost": 3.16,
                                                                        "Total Cost": 3.16,
                                                                        "Plan Rows": 1,
                                                                        "Plan Width": 4,
                                                                        "Actual Startup Time": 0.022,
                                                                        "Actual Total Time": 0.023,
                                                                        "Actual Rows": 1,
                                                                        "Actual Loops": 8,
                                                                        "Hash Buckets": 1024,
                                                                        "Original Hash Buckets": 1024,
                                                                        "Hash Batches": 1,
                                                                        "Original Hash Batches": 1,
                                                                        "Peak Memory Usage": 9,
                                                                        "Workers": [],
                                                                        "Plans": [
                                                                            {
                                                                                "Node Type": "Seq Scan",
                                                                                "Parent Relationship": "Outer",
                                                                                "Parallel Aware": false,
                                                                                "Async Capable": false,
                                                                                "Relation Name": "site",
                                                                                "Alias": "s",
                                                                                "Startup Cost": 0.0,
                                                                                "Total Cost": 3.16,
                                                                                "Plan Rows": 1,
                                                                                "Plan Width": 4,
                                                                                "Actual Startup Time": 0.012,
                                                                                "Actual Total Time": 0.018,
                                                                                "Actual Rows": 1,
                                                                                "Actual Loops": 8,
                                                                                "Filter": "((site_name)::text = 'cs'::text)",
                                                                                "Rows Removed by Filter": 172,
                                                                                "Workers": []
                                                                            }
                                                                        ]
                                                                    }
                                                                ]
                                                            },
                                                            {
                                                                "Node Type": "Hash",
                                                                "Parent Relationship": "Inner",
                                                                "Parallel Aware": true,
                                                                "Async Capable": false,
                                                                "Startup Cost": 3122.63,
                                                                "Total Cost": 3122.63,
                                                                "Plan Rows": 9,
                                                                "Plan Width": 8,
                                                                "Actual Startup Time": 2.867,
                                                                "Actual Total Time": 2.868,
                                                                "Actual Rows": 4,
                                                                "Actual Loops": 8,
                                                                "Hash Buckets": 1024,
                                                                "Original Hash Buckets": 1024,
                                                                "Hash Batches": 1,
                                                                "Original Hash Batches": 1,
                                                                "Peak Memory Usage": 264,
                                                                "Workers": [],
                                                                "Plans": [
                                                                    {
                                                                        "Node Type": "Seq Scan",
                                                                        "Parent Relationship": "Outer",
                                                                        "Parallel Aware": true,
                                                                        "Async Capable": false,
                                                                        "Relation Name": "tag",
                                                                        "Alias": "t",
                                                                        "Startup Cost": 0.0,
                                                                        "Total Cost": 3122.63,
                                                                        "Plan Rows": 9,
                                                                        "Plan Width": 8,
                                                                        "Actual Startup Time": 0.771,
                                                                        "Actual Total Time": 2.834,
                                                                        "Actual Rows": 4,
                                                                        "Actual Loops": 8,
                                                                        "Filter": "((name)::text = ANY ('{algorithm-analysis,complexity-theory,computability,data-structures,formal-languages,graphs}'::text[]))",
                                                                        "Rows Removed by Filter": 23342,
                                                                        "Workers": []
                                                                    }
                                                                ]
                                                            }
                                                        ]
                                                    }
                                                ]
                                            }
                                        ]
                                    }
                                ]
                            }
                        ]
                    },
                    "Planning Time": 0.79,
                    "Triggers": [],
                    "Execution Time": 922.527
                }
            ],
            "hints": [
                "SET enable_hashjoin TO on",
                "SET enable_indexonlyscan TO on",
                "SET enable_indexscan TO on",
                "SET enable_mergejoin TO on",
                "SET enable_nestloop TO off",
                "SET enable_seqscan TO on"
            ]
        },
        {
            "arm": 2,
            "execution_time": 22.933,
            "plan": [
                {
                    "Plan": {
                        "Node Type": "Aggregate",
                        "Strategy": "Plain",
                        "Partial Mode": "Simple",
                        "Parallel Aware": false,
                        "Async Capable": false,
                        "Startup Cost": 4350.29,
                        "Total Cost": 4350.3,
                        "Plan Rows": 1,
                        "Plan Width": 8,
                        "Actual Startup Time": 22.872,
                        "Actual Total Time": 22.908,
                        "Actual Rows": 1,
                        "Actual Loops": 1,
                        "Plans": [
                            {
                                "Node Type": "Gather",
                                "Parent Relationship": "Outer",
                                "Parallel Aware": false,
                                "Async Capable": false,
                                "Startup Cost": 1011.4,
                                "Total Cost": 4350.29,
                                "Plan Rows": 1,
                                "Plan Width": 0,
                                "Actual Startup Time": 2.189,
                                "Actual Total Time": 22.733,
                                "Actual Rows": 5722,
                                "Actual Loops": 1,
                                "Workers Planned": 1,
                                "Workers Launched": 1,
                                "Single Copy": false,
                                "Plans": [
                                    {
                                        "Node Type": "Nested Loop",
                                        "Parent Relationship": "Outer",
                                        "Parallel Aware": false,
                                        "Async Capable": false,
                                        "Join Type": "Inner",
                                        "Startup Cost": 11.4,
                                        "Total Cost": 3350.19,
                                        "Plan Rows": 1,
                                        "Plan Width": 0,
                                        "Actual Startup Time": 9.703,
                                        "Actual Total Time": 19.796,
                                        "Actual Rows": 2861,
                                        "Actual Loops": 2,
                                        "Inner Unique": true,
                                        "Join Filter": "(t.site_id = q.site_id)",
                                        "Rows Removed by Join Filter": 0,
                                        "Workers": [],
                                        "Plans": [
                                            {
                                                "Node Type": "Nested Loop",
                                                "Parent Relationship": "Outer",
                                                "Parallel Aware": false,
                                                "Async Capable": false,
                                                "Join Type": "Inner",
                                                "Startup Cost": 8.06,
                                                "Total Cost": 3254.33,
                                                "Plan Rows": 13,
                                                "Plan Width": 16,
                                                "Actual Startup Time": 9.699,
                                                "Actual Total Time": 11.012,
                                                "Actual Rows": 4082,
                                                "Actual Loops": 2,
                                                "Inner Unique": false,
                                                "Workers": [],
                                                "Plans": [
                                                    {
                                                        "Node Type": "Hash Join",
                                                        "Parent Relationship": "Outer",
                                                        "Parallel Aware": false,
                                                        "Async Capable": false,
                                                        "Join Type": "Inner",
                                                        "Startup Cost": 3.18,
                                                        "Total Cost": 3125.83,
                                                        "Plan Rows": 1,
                                                        "Plan Width": 12,
                                                        "Actual Startup Time": 9.663,
                                                        "Actual Total Time": 9.671,
                                                        "Actual Rows": 3,
                                                        "Actual Loops": 2,
                                                        "Inner Unique": true,
                                                        "Hash Cond": "(t.site_id = s.site_id)",
                                                        "Workers": [],
                                                        "Plans": [
                                                            {
                                                                "Node Type": "Seq Scan",
                                                                "Parent Relationship": "Outer",
                                                                "Parallel Aware": true,
                                                                "Async Capable": false,
                                                                "Relation Name": "tag",
                                                                "Alias": "t",
                                                                "Startup Cost": 0.0,
                                                                "Total Cost": 3122.63,
                                                                "Plan Rows": 9,
                                                                "Plan Width": 8,
                                                                "Actual Startup Time": 0.091,
                                                                "Actual Total Time": 9.597,
                                                                "Actual Rows": 18,
                                                                "Actual Loops": 2,
                                                                "Filter": "((name)::text = ANY ('{algorithm-analysis,complexity-theory,computability,data-structures,formal-languages,graphs}'::text[]))",
                                                                "Rows Removed by Filter": 93368,
                                                                "Workers": []
                                                            },
                                                            {
                                                                "Node Type": "Hash",
                                                                "Parent Relationship": "Inner",
                                                                "Parallel Aware": false,
                                                                "Async Capable": false,
                                                                "Startup Cost": 3.16,
                                                                "Total Cost": 3.16,
                                                                "Plan Rows": 1,
                                                                "Plan Width": 4,
                                                                "Actual Startup Time": 0.019,
                                                                "Actual Total Time": 0.02,
                                                                "Actual Rows": 1,
                                                                "Actual Loops": 2,
                                                                "Hash Buckets": 1024,
                                                                "Original Hash Buckets": 1024,
                                                                "Hash Batches": 1,
                                                                "Original Hash Batches": 1,
                                                                "Peak Memory Usage": 9,
                                                                "Workers": [],
                                                                "Plans": [
                                                                    {
                                                                        "Node Type": "Seq Scan",
                                                                        "Parent Relationship": "Outer",
                                                                        "Parallel Aware": false,
                                                                        "Async Capable": false,
                                                                        "Relation Name": "site",
                                                                        "Alias": "s",
                                                                        "Startup Cost": 0.0,
                                                                        "Total Cost": 3.16,
                                                                        "Plan Rows": 1,
                                                                        "Plan Width": 4,
                                                                        "Actual Startup Time": 0.01,
                                                                        "Actual Total Time": 0.015,
                                                                        "Actual Rows": 1,
                                                                        "Actual Loops": 2,
                                                                        "Filter": "((site_name)::text = 'cs'::text)",
                                                                        "Rows Removed by Filter": 172,
                                                                        "Workers": []
                                                                    }
                                                                ]
                                                            }
                                                        ]
                                                    },
                                                    {
                                                        "Node Type": "Bitmap Heap Scan",
                                                        "Parent Relationship": "Inner",
                                                        "Parallel Aware": false,
                                                        "Async Capable": false,
                                                        "Relation Name": "tag_question",
                                                        "Alias": "tq",
                                                        "Startup Cost": 4.88,
                                                        "Total Cost": 128.19,
                                                        "Plan Rows": 31,
                                                        "Plan Width": 12,
                                                        "Actual Startup Time": 0.069,
                                                        "Actual Total Time": 0.366,
                                                        "Actual Rows": 1361,
                                                        "Actual Loops": 6,
                                                        "Recheck Cond": "((t.site_id = site_id) AND (t.id = tag_id))",
                                                        "Rows Removed by Index Recheck": 0,
                                                        "Exact Heap Blocks": 1657,
                                                        "Lossy Heap Blocks": 0,
                                                        "Workers": [],
                                                        "Plans": [
                                                            {
                                                                "Node Type": "Bitmap Index Scan",
                                                                "Parent Relationship": "Outer",
                                                                "Parallel Aware": false,
                                                                "Async Capable": false,
                                                                "Index Name": "tag_question_site_id_tag_id_question_id_idx",
                                                                "Startup Cost": 0.0,
                                                                "Total Cost": 4.88,
                                                                "Plan Rows": 31,
                                                                "Plan Width": 0,
                                                                "Actual Startup Time": 0.046,
                                                                "Actual Total Time": 0.046,
                                                                "Actual Rows": 1361,
                                                                "Actual Loops": 6,
                                                                "Index Cond": "((site_id = t.site_id) AND (tag_id = t.id))",
                                                                "Workers": []
                                                            }
                                                        ]
                                                    }
                                                ]
                                            },
                                            {
                                                "Node Type": "Bitmap Heap Scan",
                                                "Parent Relationship": "Inner",
                                                "Parallel Aware": false,
                                                "Async Capable": false,
                                                "Relation Name": "question",
                                                "Alias": "q",
                                                "Startup Cost": 3.34,
                                                "Total Cost": 7.36,
                                                "Plan Rows": 1,
                                                "Plan Width": 8,
                                                "Actual Startup Time": 0.002,
                                                "Actual Total Time": 0.002,
                                                "Actual Rows": 1,
                                                "Actual Loops": 8165,
                                                "Recheck Cond": "((id = tq.question_id) AND (site_id = tq.site_id))",
                                                "Rows Removed by Index Recheck": 0,
                                                "Filter": "((view_count >= 100) AND (view_count <= 100000))",
                                                "Rows Removed by Filter": 0,
                                                "Exact Heap Blocks": 8165,
                                                "Lossy Heap Blocks": 0,
                                                "Workers": [],
                                                "Plans": [
                                                    {
                                                        "Node Type": "Bitmap Index Scan",
                                                        "Parent Relationship": "Outer",
                                                        "Parallel Aware": false,
                                                        "Async Capable": false,
                                                        "Index Name": "question_pkey",
                                                        "Startup Cost": 0.0,
                                                        "Total Cost": 3.34,
                                                        "Plan Rows": 1,
                                                        "Plan Width": 0,
                                                        "Actual Startup Time": 0.001,
                                                        "Actual Total Time": 0.001,
                                                        "Actual Rows": 1,
                                                        "Actual Loops": 8165,
                                                        "Index Cond": "((id = tq.question_id) AND (site_id = tq.site_id))",
                                                        "Workers": []
                                                    }
                                                ]
                                            }
                                        ]
                                    }
                                ]
                            }
                        ]
                    },
                    "Planning Time": 0.43,
                    "Triggers": [],
                    "Execution Time": 22.933
                }
            ],
            "hints": [
                "SET enable_hashjoin TO on",
                "SET enable_indexonlyscan TO on",
                "SET enable_indexscan TO off",
                "SET enable_mergejoin TO off",
                "SET enable_nestloop TO on",
                "SET enable_seqscan TO on"
            ]
        },
        {
            "arm": 3,
            "execution_time": 899.409,
            "plan": [
                {
                    "Plan": {
                        "Node Type": "Aggregate",
                        "Strategy": "Plain",
                        "Partial Mode": "Simple",
                        "Parallel Aware": false,
                        "Async Capable": false,
                        "Startup Cost": 1998200.5,
                        "Total Cost": 1998200.51,
                        "Plan Rows": 1,
                        "Plan Width": 8,
                        "Actual Startup Time": 890.711,
                        "Actual Total Time": 899.383,
                        "Actual Rows": 1,
                        "Actual Loops": 1,
                        "Plans": [
                            {
                                "Node Type": "Gather",
                                "Parent Relationship": "Outer",
                                "Parallel Aware": false,
                                "Async Capable": false,
                                "Startup Cost": 297347.91,
                                "Total Cost": 1998200.5,
                                "Plan Rows": 1,
                                "Plan Width": 0,
                                "Actual Startup Time": 365.218,
                                "Actual Total Time": 899.22,
                                "Actual Rows": 5722,
                                "Actual Loops": 1,
                                "Workers Planned": 7,
                                "Workers Launched": 7,
                                "Single Copy": false,
                                "Plans": [
                                    {
                                        "Node Type": "Hash Join",
                                        "Parent Relationship": "Outer",
                                        "Parallel Aware": true,
                                        "Async Capable": false,
                                        "Join Type": "Inner",
                                        "Startup Cost": 296347.91,
                                        "Total Cost": 1997200.4,
                                        "Plan Rows": 1,
                                        "Plan Width": 0,
                                        "Actual Startup Time": 559.174,
                                        "Actual Total Time": 888.109,
                                        "Actual Rows": 715,
                                        "Actual Loops": 8,
                                        "Inner Unique": false,
                                        "Hash Cond": "((q.site_id = t.site_id) AND (q.id = tq.question_id))",
                                        "Workers": [],
                                        "Plans": [
                                            {
                                                "Node Type": "Seq Scan",
                                                "Parent Relationship": "Outer",
                                                "Parallel Aware": true,
                                                "Async Capable": false,
                                                "Relation Name": "question",
                                                "Alias": "q",
                                                "Startup Cost": 0.0,
                                                "Total Cost": 1691290.18,
                                                "Plan Rows": 1274973,
                                                "Plan Width": 8,
                                                "Actual Startup Time": 0.019,
                                                "Actual Total Time": 445.356,
                                                "Actual Rows": 1126888,
                                                "Actual Loops": 8,
                                                "Filter": "((view_count >= 100) AND (view_count <= 100000))",
                                                "Rows Removed by Filter": 456417,
                                                "Workers": []
                                            },
                                            {
                                                "Node Type": "Hash",
                                                "Parent Relationship": "Inner",
                                                "Parallel Aware": true,
                                                "Async Capable": false,
                                                "Startup Cost": 296347.85,
                                                "Total Cost": 296347.85,
                                                "Plan Rows": 4,
                                                "Plan Width": 16,
                                                "Actual Startup Time": 357.518,
                                                "Actual Total Time": 357.521,
                                                "Actual Rows": 1021,
                                                "Actual Loops": 8,
                                                "Hash Buckets": 8192,
                                                "Original Hash Buckets": 1024,
                                                "Hash Batches": 1,
                                                "Original Hash Batches": 1,
                                                "Peak Memory Usage": 728,
                                                "Workers": [],
                                                "Plans": [
                                                    {
                                                        "Node Type": "Hash Join",
                                                        "Parent Relationship": "Outer",
                                                        "Parallel Aware": true,
                                                        "Async Capable": false,
                                                        "Join Type": "Inner",
                                                        "Startup Cost": 3125.94,
                                                        "Total Cost": 296347.85,
                                                        "Plan Rows": 4,
                                                        "Plan Width": 16,
                                                        "Actual Startup Time": 308.412,
                                                        "Actual Total Time": 353.209,
                                                        "Actual Rows": 1021,
                                                        "Actual Loops": 8,
                                                        "Inner Unique": true,
                                                        "Hash Cond": "((s.site_id = t.site_id) AND (tq.tag_id = t.id))",
                                                        "Workers": [],
                                                        "Plans": [
                                                            {
                                                                "Node Type": "Hash Join",
                                                                "Parent Relationship": "Outer",
                                                                "Parallel Aware": false,
                                                                "Async Capable": false,
                                                                "Join Type": "Inner",
                                                                "Startup Cost": 3.18,
                                                                "Total Cost": 293001.22,
                                                                "Plan Rows": 42640,
                                                                "Plan Width": 16,
                                                                "Actual Startup Time": 305.673,
                                                                "Actual Total Time": 350.165,
                                                                "Actual Rows": 6551,
                                                                "Actual Loops": 8,
                                                                "Inner Unique": true,
                                                                "Hash Cond": "(tq.site_id = s.site_id)",
                                                                "Workers": [],
                                                                "Plans": [
                                                                    {
                                                                        "Node Type": "Seq Scan",
                                                                        "Parent Relationship": "Outer",
                                                                        "Parallel Aware": true,
                                                                        "Async Capable": false,
                                                                        "Relation Name": "tag_question",
                                                                        "Alias": "tq",
                                                                        "Startup Cost": 0.0,
                                                                        "Total Cost": 273159.66,
                                                                        "Plan Rows": 7376766,
                                                                        "Plan Width": 12,
                                                                        "Actual Startup Time": 0.026,
                                                                        "Actual Total Time": 190.589,
                                                                        "Actual Rows": 4610477,
                                                                        "Actual Loops": 8,
                                                                        "Workers": []
                                                                    },
                                                                    {
                                                                        "Node Type": "Hash",
                                                                        "Parent Relationship": "Inner",
                                                                        "Parallel Aware": false,
                                                                        "Async Capable": false,
                                                                        "Startup Cost": 3.16,
                                                                        "Total Cost": 3.16,
                                                                        "Plan Rows": 1,
                                                                        "Plan Width": 4,
                                                                        "Actual Startup Time": 0.019,
                                                                        "Actual Total Time": 0.02,
                                                                        "Actual Rows": 1,
                                                                        "Actual Loops": 8,
                                                                        "Hash Buckets": 1024,
                                                                        "Original Hash Buckets": 1024,
                                                                        "Hash Batches": 1,
                                                                        "Original Hash Batches": 1,
                                                                        "Peak Memory Usage": 9,
                                                                        "Workers": [],
                                                                        "Plans": [
                                                                            {
                                                                                "Node Type": "Seq Scan",
                                                                                "Parent Relationship": "Outer",
                                                                                "Parallel Aware": false,
                                                                                "Async Capable": false,
                                                                                "Relation Name": "site",
                                                                                "Alias": "s",
                                                                                "Startup Cost": 0.0,
                                                                                "Total Cost": 3.16,
                                                                                "Plan Rows": 1,
                                                                                "Plan Width": 4,
                                                                                "Actual Startup Time": 0.01,
                                                                                "Actual Total Time": 0.016,
                                                                                "Actual Rows": 1,
                                                                                "Actual Loops": 8,
                                                                                "Filter": "((site_name)::text = 'cs'::text)",
                                                                                "Rows Removed by Filter": 172,
                                                                                "Workers": []
                                                                            }
                                                                        ]
                                                                    }
                                                                ]
                                                            },
                                                            {
                                                                "Node Type": "Hash",
                                                                "Parent Relationship": "Inner",
                                                                "Parallel Aware": true,
                                                                "Async Capable": false,
                                                                "Startup Cost": 3122.63,
                                                                "Total Cost": 3122.63,
                                                                "Plan Rows": 9,
                                                                "Plan Width": 8,
                                                                "Actual Startup Time": 2.716,
                                                                "Actual Total Time": 2.716,
                                                                "Actual Rows": 4,
                                                                "Actual Loops": 8,
                                                                "Hash Buckets": 1024,
                                                                "Original Hash Buckets": 1024,
                                                                "Hash Batches": 1,
                                                                "Original Hash Batches": 1,
                                                                "Peak Memory Usage": 264,
                                                                "Workers": [],
                                                                "Plans": [
                                                                    {
                                                                        "Node Type": "Seq Scan",
                                                                        "Parent Relationship": "Outer",
                                                                        "Parallel Aware": true,
                                                                        "Async Capable": false,
                                                                        "Relation Name": "tag",
                                                                        "Alias": "t",
                                                                        "Startup Cost": 0.0,
                                                                        "Total Cost": 3122.63,
                                                                        "Plan Rows": 9,
                                                                        "Plan Width": 8,
                                                                        "Actual Startup Time": 0.364,
                                                                        "Actual Total Time": 2.687,
                                                                        "Actual Rows": 4,
                                                                        "Actual Loops": 8,
                                                                        "Filter": "((name)::text = ANY ('{algorithm-analysis,complexity-theory,computability,data-structures,formal-languages,graphs}'::text[]))",
                                                                        "Rows Removed by Filter": 23342,
                                                                        "Workers": []
                                                                    }
                                                                ]
                                                            }
                                                        ]
                                                    }
                                                ]
                                            }
                                        ]
                                    }
                                ]
                            }
                        ]
                    },
                    "Planning Time": 0.451,
                    "Triggers": [],
                    "Execution Time": 899.409
                }
            ],
            "hints": [
                "SET enable_hashjoin TO on",
                "SET enable_indexonlyscan TO on",
                "SET enable_indexscan TO off",
                "SET enable_mergejoin TO off",
                "SET enable_nestloop TO off",
                "SET enable_seqscan TO on"
            ]
        },
        {
            "arm": 4,
            "execution_time": 20.174,
            "plan": [
                {
                    "Plan": {
                        "Node Type": "Aggregate",
                        "Strategy": "Plain",
                        "Partial Mode": "Simple",
                        "Parallel Aware": false,
                        "Async Capable": false,
                        "Startup Cost": 4269.47,
                        "Total Cost": 4269.48,
                        "Plan Rows": 1,
                        "Plan Width": 8,
                        "Actual Startup Time": 20.109,
                        "Actual Total Time": 20.151,
                        "Actual Rows": 1,
                        "Actual Loops": 1,
                        "Plans": [
                            {
                                "Node Type": "Gather",
                                "Parent Relationship": "Outer",
                                "Parallel Aware": false,
                                "Async Capable": false,
                                "Startup Cost": 1004.17,
                                "Total Cost": 4269.47,
                                "Plan Rows": 1,
                                "Plan Width": 0,
                                "Actual Startup Time": 2.079,
                                "Actual Total Time": 19.959,
                                "Actual Rows": 5722,
                                "Actual Loops": 1,
                                "Workers Planned": 1,
                                "Workers Launched": 1,
                                "Single Copy": false,
                                "Plans": [
                                    {
                                        "Node Type": "Nested Loop",
                                        "Parent Relationship": "Outer",
                                        "Parallel Aware": false,
                                        "Async Capable": false,
                                        "Join Type": "Inner",
                                        "Startup Cost": 4.17,
                                        "Total Cost": 3269.37,
                                        "Plan Rows": 1,
                                        "Plan Width": 0,
                                        "Actual Startup Time": 8.846,
                                        "Actual Total Time": 17.612,
                                        "Actual Rows": 2861,
                                        "Actual Loops": 2,
                                        "Inner Unique": true,
                                        "Join Filter": "(t.site_id = q.site_id)",
                                        "Rows Removed by Join Filter": 0,
                                        "Workers": [],
                                        "Plans": [
                                            {
                                                "Node Type": "Nested Loop",
                                                "Parent Relationship": "Outer",
                                                "Parallel Aware": false,
                                                "Async Capable": false,
                                                "Join Type": "Inner",
                                                "Startup Cost": 3.74,
                                                "Total Cost": 3187.83,
                                                "Plan Rows": 13,
                                                "Plan Width": 16,
                                                "Actual Startup Time": 8.842,
                                                "Actual Total Time": 10.163,
                                                "Actual Rows": 4082,
                                                "Actual Loops": 2,
                                                "Inner Unique": false,
                                                "Workers": [],
                                                "Plans": [
                                                    {
                                                        "Node Type": "Hash Join",
                                                        "Parent Relationship": "Outer",
                                                        "Parallel Aware": false,
                                                        "Async Capable": false,
                                                        "Join Type": "Inner",
                                                        "Startup Cost": 3.18,
                                                        "Total Cost": 3125.83,
                                                        "Plan Rows": 1,
                                                        "Plan Width": 12,
                                                        "Actual Startup Time": 8.835,
                                                        "Actual Total Time": 8.844,
                                                        "Actual Rows": 3,
                                                        "Actual Loops": 2,
                                                        "Inner Unique": true,
                                                        "Hash Cond": "(t.site_id = s.site_id)",
                                                        "Workers": [],
                                                        "Plans": [
                                                            {
                                                                "Node Type": "Seq Scan",
                                                                "Parent Relationship": "Outer",
                                                                "Parallel Aware": true,
                                                                "Async Capable": false,
                                                                "Relation Name": "tag",
                                                                "Alias": "t",
                                                                "Startup Cost": 0.0,
                                                                "Total Cost": 3122.63,
                                                                "Plan Rows": 9,
                                                                "Plan Width": 8,
                                                                "Actual Startup Time": 0.083,
                                                                "Actual Total Time": 8.785,
                                                                "Actual Rows": 18,
                                                                "Actual Loops": 2,
                                                                "Filter": "((name)::text = ANY ('{algorithm-analysis,complexity-theory,computability,data-structures,formal-languages,graphs}'::text[]))",
                                                                "Rows Removed by Filter": 93368,
                                                                "Workers": []
                                                            },
                                                            {
                                                                "Node Type": "Hash",
                                                                "Parent Relationship": "Inner",
                                                                "Parallel Aware": false,
                                                                "Async Capable": false,
                                                                "Startup Cost": 3.16,
                                                                "Total Cost": 3.16,
                                                                "Plan Rows": 1,
                                                                "Plan Width": 4,
                                                                "Actual Startup Time": 0.016,
                                                                "Actual Total Time": 0.016,
                                                                "Actual Rows": 1,
                                                                "Actual Loops": 2,
                                                                "Hash Buckets": 1024,
                                                                "Original Hash Buckets": 1024,
                                                                "Hash Batches": 1,
                                                                "Original Hash Batches": 1,
                                                                "Peak Memory Usage": 9,
                                                                "Workers": [],
                                                                "Plans": [
                                                                    {
                                                                        "Node Type": "Seq Scan",
                                                                        "Parent Relationship": "Outer",
                                                                        "Parallel Aware": false,
                                                                        "Async Capable": false,
                                                                        "Relation Name": "site",
                                                                        "Alias": "s",
                                                                        "Startup Cost": 0.0,
                                                                        "Total Cost": 3.16,
                                                                        "Plan Rows": 1,
                                                                        "Plan Width": 4,
                                                                        "Actual Startup Time": 0.008,
                                                                        "Actual Total Time": 0.012,
                                                                        "Actual Rows": 1,
                                                                        "Actual Loops": 2,
                                                                        "Filter": "((site_name)::text = 'cs'::text)",
                                                                        "Rows Removed by Filter": 172,
                                                                        "Workers": []
                                                                    }
                                                                ]
                                                            }
                                                        ]
                                                    },
                                                    {
                                                        "Node Type": "Index Only Scan",
                                                        "Parent Relationship": "Inner",
                                                        "Parallel Aware": false,
                                                        "Async Capable": false,
                                                        "Scan Direction": "Forward",
                                                        "Index Name": "tag_question_site_id_tag_id_question_id_idx",
                                                        "Relation Name": "tag_question",
                                                        "Alias": "tq",
                                                        "Startup Cost": 0.56,
                                                        "Total Cost": 61.69,
                                                        "Plan Rows": 31,
                                                        "Plan Width": 12,
                                                        "Actual Startup Time": 0.007,
                                                        "Actual Total Time": 0.377,
                                                        "Actual Rows": 1361,
                                                        "Actual Loops": 6,
                                                        "Index Cond": "((site_id = t.site_id) AND (tag_id = t.id))",
                                                        "Rows Removed by Index Recheck": 0,
                                                        "Heap Fetches": 8165,
                                                        "Workers": []
                                                    }
                                                ]
                                            },
                                            {
                                                "Node Type": "Index Scan",
                                                "Parent Relationship": "Inner",
                                                "Parallel Aware": false,
                                                "Async Capable": false,
                                                "Scan Direction": "Forward",
                                                "Index Name": "question_pkey",
                                                "Relation Name": "question",
                                                "Alias": "q",
                                                "Startup Cost": 0.43,
                                                "Total Cost": 6.26,
                                                "Plan Rows": 1,
                                                "Plan Width": 8,
                                                "Actual Startup Time": 0.002,
                                                "Actual Total Time": 0.002,
                                                "Actual Rows": 1,
                                                "Actual Loops": 8165,
                                                "Index Cond": "((id = tq.question_id) AND (site_id = tq.site_id))",
                                                "Rows Removed by Index Recheck": 0,
                                                "Filter": "((view_count >= 100) AND (view_count <= 100000))",
                                                "Rows Removed by Filter": 0,
                                                "Workers": []
                                            }
                                        ]
                                    }
                                ]
                            }
                        ]
                    },
                    "Planning Time": 0.467,
                    "Triggers": [],
                    "Execution Time": 20.174
                }
            ],
            "hints": [
                "SET enable_hashjoin TO on",
                "SET enable_indexonlyscan TO on",
                "SET enable_indexscan TO on",
                "SET enable_mergejoin TO off",
                "SET enable_nestloop TO on",
                "SET enable_seqscan TO on"
            ]
        }
    ]
}