{
    "sql_file": "soload_q7-005.sql",
    "query": "select count(distinct account.display_name) from account, so_user, badge b1, badge b2 where\naccount.website_url != '' and\naccount.id = so_user.account_id and\n\nb1.site_id = so_user.site_id and\nb1.user_id = so_user.id and\nb1.name = 'Constable' and\n\nb2.site_id = so_user.site_id and\nb2.user_id = so_user.id and\nb2.name = 'API Evangelist' and\nb2.date > b1.date + '10 months'::interval",
    "results": [
        {
            "arm": 0,
            "execution_time": 517.151,
            "plan": [
                {
                    "Plan": {
                        "Node Type": "Aggregate",
                        "Strategy": "Plain",
                        "Partial Mode": "Simple",
                        "Parallel Aware": false,
                        "Async Capable": false,
                        "Startup Cost": 487782.15,
                        "Total Cost": 487782.16,
                        "Plan Rows": 1,
                        "Plan Width": 8,
                        "Actual Startup Time": 509.503,
                        "Actual Total Time": 517.089,
                        "Actual Rows": 1,
                        "Actual Loops": 1,
                        "Plans": [
                            {
                                "Node Type": "Sort",
                                "Parent Relationship": "Outer",
                                "Parallel Aware": false,
                                "Async Capable": false,
                                "Startup Cost": 487782.14,
                                "Total Cost": 487782.14,
                                "Plan Rows": 1,
                                "Plan Width": 11,
                                "Actual Startup Time": 509.5,
                                "Actual Total Time": 517.086,
                                "Actual Rows": 0,
                                "Actual Loops": 1,
                                "Sort Key": [
                                    "account.display_name"
                                ],
                                "Sort Method": "quicksort",
                                "Sort Space Used": 25,
                                "Sort Space Type": "Memory",
                                "Plans": [
                                    {
                                        "Node Type": "Nested Loop",
                                        "Parent Relationship": "Outer",
                                        "Parallel Aware": false,
                                        "Async Capable": false,
                                        "Join Type": "Inner",
                                        "Startup Cost": 1001.44,
                                        "Total Cost": 487782.13,
                                        "Plan Rows": 1,
                                        "Plan Width": 11,
                                        "Actual Startup Time": 509.495,
                                        "Actual Total Time": 517.081,
                                        "Actual Rows": 0,
                                        "Actual Loops": 1,
                                        "Inner Unique": true,
                                        "Plans": [
                                            {
                                                "Node Type": "Gather",
                                                "Parent Relationship": "Outer",
                                                "Parallel Aware": false,
                                                "Async Capable": false,
                                                "Startup Cost": 1001.0,
                                                "Total Cost": 487777.51,
                                                "Plan Rows": 1,
                                                "Plan Width": 4,
                                                "Actual Startup Time": 509.494,
                                                "Actual Total Time": 517.079,
                                                "Actual Rows": 0,
                                                "Actual Loops": 1,
                                                "Workers Planned": 6,
                                                "Workers Launched": 6,
                                                "Single Copy": false,
                                                "Plans": [
                                                    {
                                                        "Node Type": "Nested Loop",
                                                        "Parent Relationship": "Outer",
                                                        "Parallel Aware": false,
                                                        "Async Capable": false,
                                                        "Join Type": "Inner",
                                                        "Startup Cost": 1.0,
                                                        "Total Cost": 486777.41,
                                                        "Plan Rows": 1,
                                                        "Plan Width": 4,
                                                        "Actual Startup Time": 503.878,
                                                        "Actual Total Time": 503.879,
                                                        "Actual Rows": 0,
                                                        "Actual Loops": 7,
                                                        "Inner Unique": true,
                                                        "Workers": [],
                                                        "Plans": [
                                                            {
                                                                "Node Type": "Nested Loop",
                                                                "Parent Relationship": "Outer",
                                                                "Parallel Aware": false,
                                                                "Async Capable": false,
                                                                "Join Type": "Inner",
                                                                "Startup Cost": 0.57,
                                                                "Total Cost": 486761.04,
                                                                "Plan Rows": 2,
                                                                "Plan Width": 16,
                                                                "Actual Startup Time": 503.877,
                                                                "Actual Total Time": 503.877,
                                                                "Actual Rows": 0,
                                                                "Actual Loops": 7,
                                                                "Inner Unique": false,
                                                                "Workers": [],
                                                                "Plans": [
                                                                    {
                                                                        "Node Type": "Seq Scan",
                                                                        "Parent Relationship": "Outer",
                                                                        "Parallel Aware": true,
                                                                        "Async Capable": false,
                                                                        "Relation Name": "badge",
                                                                        "Alias": "b1",
                                                                        "Startup Cost": 0.0,
                                                                        "Total Cost": 477729.63,
                                                                        "Plan Rows": 1059,
                                                                        "Plan Width": 16,
                                                                        "Actual Startup Time": 3.855,
                                                                        "Actual Total Time": 491.334,
                                                                        "Actual Rows": 101,
                                                                        "Actual Loops": 7,
                                                                        "Filter": "((name)::text = 'Constable'::text)",
                                                                        "Rows Removed by Filter": 7319457,
                                                                        "Workers": []
                                                                    },
                                                                    {
                                                                        "Node Type": "Index Only Scan",
                                                                        "Parent Relationship": "Inner",
                                                                        "Parallel Aware": false,
                                                                        "Async Capable": false,
                                                                        "Scan Direction": "Forward",
                                                                        "Index Name": "badge_pkey",
                                                                        "Relation Name": "badge",
                                                                        "Alias": "b2",
                                                                        "Startup Cost": 0.57,
                                                                        "Total Cost": 8.52,
                                                                        "Plan Rows": 1,
                                                                        "Plan Width": 16,
                                                                        "Actual Startup Time": 0.124,
                                                                        "Actual Total Time": 0.124,
                                                                        "Actual Rows": 0,
                                                                        "Actual Loops": 704,
                                                                        "Index Cond": "((site_id = b1.site_id) AND (user_id = b1.user_id) AND (name = 'API Evangelist'::text) AND (date > (b1.date + '10 mons'::interval)))",
                                                                        "Rows Removed by Index Recheck": 0,
                                                                        "Heap Fetches": 0,
                                                                        "Workers": []
                                                                    }
                                                                ]
                                                            },
                                                            {
                                                                "Node Type": "Index Scan",
                                                                "Parent Relationship": "Inner",
                                                                "Parallel Aware": false,
                                                                "Async Capable": false,
                                                                "Scan Direction": "Forward",
                                                                "Index Name": "so_user_pkey",
                                                                "Relation Name": "so_user",
                                                                "Alias": "so_user",
                                                                "Startup Cost": 0.44,
                                                                "Total Cost": 8.19,
                                                                "Plan Rows": 1,
                                                                "Plan Width": 12,
                                                                "Actual Startup Time": 0.0,
                                                                "Actual Total Time": 0.0,
                                                                "Actual Rows": 0,
                                                                "Actual Loops": 0,
                                                                "Index Cond": "((id = b1.user_id) AND (site_id = b1.site_id))",
                                                                "Rows Removed by Index Recheck": 0,
                                                                "Workers": []
                                                            }
                                                        ]
                                                    }
                                                ]
                                            },
                                            {
                                                "Node Type": "Index Scan",
                                                "Parent Relationship": "Inner",
                                                "Parallel Aware": false,
                                                "Async Capable": false,
                                                "Scan Direction": "Forward",
                                                "Index Name": "account_pkey",
                                                "Relation Name": "account",
                                                "Alias": "account",
                                                "Startup Cost": 0.43,
                                                "Total Cost": 4.62,
                                                "Plan Rows": 1,
                                                "Plan Width": 15,
                                                "Actual Startup Time": 0.0,
                                                "Actual Total Time": 0.0,
                                                "Actual Rows": 0,
                                                "Actual Loops": 0,
                                                "Index Cond": "(id = so_user.account_id)",
                                                "Rows Removed by Index Recheck": 0,
                                                "Filter": "((website_url)::text <> ''::text)",
                                                "Rows Removed by Filter": 0
                                            }
                                        ]
                                    }
                                ]
                            }
                        ]
                    },
                    "Planning Time": 0.62,
                    "Triggers": [],
                    "Execution Time": 517.151
                }
            ],
            "hints": [
                "SET enable_hashjoin TO on",
                "SET enable_indexonlyscan TO on",
                "SET enable_indexscan TO on",
                "SET enable_mergejoin TO on",
                "SET enable_nestloop TO on",
                "SET enable_seqscan TO on"
            ]
        },
        {
            "arm": 1,
            "execution_time": 1656.592,
            "plan": [
                {
                    "Plan": {
                        "Node Type": "Aggregate",
                        "Strategy": "Plain",
                        "Partial Mode": "Simple",
                        "Parallel Aware": false,
                        "Async Capable": false,
                        "Startup Cost": 1361010.7,
                        "Total Cost": 1361010.71,
                        "Plan Rows": 1,
                        "Plan Width": 8,
                        "Actual Startup Time": 1633.085,
                        "Actual Total Time": 1656.562,
                        "Actual Rows": 1,
                        "Actual Loops": 1,
                        "Plans": [
                            {
                                "Node Type": "Sort",
                                "Parent Relationship": "Outer",
                                "Parallel Aware": false,
                                "Async Capable": false,
                                "Startup Cost": 1361010.69,
                                "Total Cost": 1361010.7,
                                "Plan Rows": 1,
                                "Plan Width": 11,
                                "Actual Startup Time": 1633.082,
                                "Actual Total Time": 1656.559,
                                "Actual Rows": 0,
                                "Actual Loops": 1,
                                "Sort Key": [
                                    "account.display_name"
                                ],
                                "Sort Method": "quicksort",
                                "Sort Space Used": 25,
                                "Sort Space Type": "Memory",
                                "Plans": [
                                    {
                                        "Node Type": "Gather",
                                        "Parent Relationship": "Outer",
                                        "Parallel Aware": false,
                                        "Async Capable": false,
                                        "Startup Cost": 883272.99,
                                        "Total Cost": 1361010.68,
                                        "Plan Rows": 1,
                                        "Plan Width": 11,
                                        "Actual Startup Time": 1633.079,
                                        "Actual Total Time": 1656.555,
                                        "Actual Rows": 0,
                                        "Actual Loops": 1,
                                        "Workers Planned": 6,
                                        "Workers Launched": 6,
                                        "Single Copy": false,
                                        "Plans": [
                                            {
                                                "Node Type": "Hash Join",
                                                "Parent Relationship": "Outer",
                                                "Parallel Aware": true,
                                                "Async Capable": false,
                                                "Join Type": "Inner",
                                                "Startup Cost": 882272.99,
                                                "Total Cost": 1360010.58,
                                                "Plan Rows": 1,
                                                "Plan Width": 11,
                                                "Actual Startup Time": 1625.886,
                                                "Actual Total Time": 1626.362,
                                                "Actual Rows": 0,
                                                "Actual Loops": 7,
                                                "Inner Unique": false,
                                                "Hash Cond": "((b1.site_id = so_user.site_id) AND (b1.user_id = so_user.id))",
                                                "Join Filter": "(b2.date > (b1.date + '10 mons'::interval))",
                                                "Rows Removed by Join Filter": 0,
                                                "Workers": [],
                                                "Plans": [
                                                    {
                                                        "Node Type": "Seq Scan",
                                                        "Parent Relationship": "Outer",
                                                        "Parallel Aware": true,
                                                        "Async Capable": false,
                                                        "Relation Name": "badge",
                                                        "Alias": "b1",
                                                        "Startup Cost": 0.0,
                                                        "Total Cost": 477729.63,
                                                        "Plan Rows": 1059,
                                                        "Plan Width": 16,
                                                        "Actual Startup Time": 2.613,
                                                        "Actual Total Time": 350.483,
                                                        "Actual Rows": 101,
                                                        "Actual Loops": 7,
                                                        "Filter": "((name)::text = 'Constable'::text)",
                                                        "Rows Removed by Filter": 7319457,
                                                        "Workers": []
                                                    },
                                                    {
                                                        "Node Type": "Hash",
                                                        "Parent Relationship": "Inner",
                                                        "Parallel Aware": true,
                                                        "Async Capable": false,
                                                        "Startup Cost": 882272.16,
                                                        "Total Cost": 882272.16,
                                                        "Plan Rows": 55,
                                                        "Plan Width": 35,
                                                        "Actual Startup Time": 1274.934,
                                                        "Actual Total Time": 1275.409,
                                                        "Actual Rows": 2,
                                                        "Actual Loops": 7,
                                                        "Hash Buckets": 1024,
                                                        "Original Hash Buckets": 1024,
                                                        "Hash Batches": 1,
                                                        "Original Hash Batches": 1,
                                                        "Peak Memory Usage": 168,
                                                        "Workers": [],
                                                        "Plans": [
                                                            {
                                                                "Node Type": "Hash Join",
                                                                "Parent Relationship": "Outer",
                                                                "Parallel Aware": true,
                                                                "Async Capable": false,
                                                                "Join Type": "Inner",
                                                                "Startup Cost": 404533.91,
                                                                "Total Cost": 882272.16,
                                                                "Plan Rows": 55,
                                                                "Plan Width": 35,
                                                                "Actual Startup Time": 1266.017,
                                                                "Actual Total Time": 1275.354,
                                                                "Actual Rows": 2,
                                                                "Actual Loops": 7,
                                                                "Inner Unique": false,
                                                                "Hash Cond": "((b2.site_id = so_user.site_id) AND (b2.user_id = so_user.id))",
                                                                "Workers": [],
                                                                "Plans": [
                                                                    {
                                                                        "Node Type": "Seq Scan",
                                                                        "Parent Relationship": "Outer",
                                                                        "Parallel Aware": true,
                                                                        "Async Capable": false,
                                                                        "Relation Name": "badge",
                                                                        "Alias": "b2",
                                                                        "Startup Cost": 0.0,
                                                                        "Total Cost": 477729.63,
                                                                        "Plan Rows": 1059,
                                                                        "Plan Width": 16,
                                                                        "Actual Startup Time": 316.356,
                                                                        "Actual Total Time": 354.325,
                                                                        "Actual Rows": 2,
                                                                        "Actual Loops": 7,
                                                                        "Filter": "((name)::text = 'API Evangelist'::text)",
                                                                        "Rows Removed by Filter": 7319555,
                                                                        "Workers": []
                                                                    },
                                                                    {
                                                                        "Node Type": "Hash",
                                                                        "Parent Relationship": "Inner",
                                                                        "Parallel Aware": true,
                                                                        "Async Capable": false,
                                                                        "Startup Cost": 401253.56,
                                                                        "Total Cost": 401253.56,
                                                                        "Plan Rows": 218690,
                                                                        "Plan Width": 19,
                                                                        "Actual Startup Time": 896.018,
                                                                        "Actual Total Time": 896.02,
                                                                        "Actual Rows": 362270,
                                                                        "Actual Loops": 7,
                                                                        "Hash Buckets": 524288,
                                                                        "Original Hash Buckets": 2097152,
                                                                        "Hash Batches": 16,
                                                                        "Original Hash Batches": 1,
                                                                        "Peak Memory Usage": 12640,
                                                                        "Workers": [],
                                                                        "Plans": [
                                                                            {
                                                                                "Node Type": "Hash Join",
                                                                                "Parent Relationship": "Outer",
                                                                                "Parallel Aware": true,
                                                                                "Async Capable": false,
                                                                                "Join Type": "Inner",
                                                                                "Startup Cost": 150787.4,
                                                                                "Total Cost": 401253.56,
                                                                                "Plan Rows": 218690,
                                                                                "Plan Width": 19,
                                                                                "Actual Startup Time": 138.847,
                                                                                "Actual Total Time": 761.03,
                                                                                "Actual Rows": 362270,
                                                                                "Actual Loops": 7,
                                                                                "Inner Unique": true,
                                                                                "Hash Cond": "(so_user.account_id = account.id)",
                                                                                "Workers": [],
                                                                                "Plans": [
                                                                                    {
                                                                                        "Node Type": "Seq Scan",
                                                                                        "Parent Relationship": "Outer",
                                                                                        "Parallel Aware": true,
                                                                                        "Async Capable": false,
                                                                                        "Relation Name": "so_user",
                                                                                        "Alias": "so_user",
                                                                                        "Startup Cost": 0.0,
                                                                                        "Total Cost": 239391.02,
                                                                                        "Plan Rows": 4219102,
                                                                                        "Plan Width": 12,
                                                                                        "Actual Startup Time": 0.013,
                                                                                        "Actual Total Time": 186.488,
                                                                                        "Actual Rows": 3013900,
                                                                                        "Actual Loops": 7,
                                                                                        "Workers": []
                                                                                    },
                                                                                    {
                                                                                        "Node Type": "Hash",
                                                                                        "Parent Relationship": "Inner",
                                                                                        "Parallel Aware": true,
                                                                                        "Async Capable": false,
                                                                                        "Startup Cost": 148993.09,
                                                                                        "Total Cost": 148993.09,
                                                                                        "Plan Rows": 143545,
                                                                                        "Plan Width": 15,
                                                                                        "Actual Startup Time": 138.281,
                                                                                        "Actual Total Time": 138.282,
                                                                                        "Actual Rows": 103524,
                                                                                        "Actual Loops": 7,
                                                                                        "Hash Buckets": 1048576,
                                                                                        "Original Hash Buckets": 1048576,
                                                                                        "Hash Batches": 1,
                                                                                        "Original Hash Batches": 1,
                                                                                        "Peak Memory Usage": 44608,
                                                                                        "Workers": [],
                                                                                        "Plans": [
                                                                                            {
                                                                                                "Node Type": "Seq Scan",
                                                                                                "Parent Relationship": "Outer",
                                                                                                "Parallel Aware": true,
                                                                                                "Async Capable": false,
                                                                                                "Relation Name": "account",
                                                                                                "Alias": "account",
                                                                                                "Startup Cost": 0.0,
                                                                                                "Total Cost": 148993.09,
                                                                                                "Plan Rows": 143545,
                                                                                                "Plan Width": 15,
                                                                                                "Actual Startup Time": 0.031,
                                                                                                "Actual Total Time": 112.928,
                                                                                                "Actual Rows": 103524,
                                                                                                "Actual Loops": 7,
                                                                                                "Filter": "((website_url)::text <> ''::text)",
                                                                                                "Rows Removed by Filter": 1878212,
                                                                                                "Workers": []
                                                                                            }
                                                                                        ]
                                                                                    }
                                                                                ]
                                                                            }
                                                                        ]
                                                                    }
                                                                ]
                                                            }
                                                        ]
                                                    }
                                                ]
                                            }
                                        ]
                                    }
                                ]
                            }
                        ]
                    },
                    "Planning Time": 0.506,
                    "Triggers": [],
                    "Execution Time": 1656.592
                }
            ],
            "hints": [
                "SET enable_hashjoin TO on",
                "SET enable_indexonlyscan TO on",
                "SET enable_indexscan TO on",
                "SET enable_mergejoin TO on",
                "SET enable_nestloop TO off",
                "SET enable_seqscan TO on"
            ]
        },
        {
            "arm": 2,
            "execution_time": 365.828,
            "plan": [
                {
                    "Plan": {
                        "Node Type": "Aggregate",
                        "Strategy": "Plain",
                        "Partial Mode": "Simple",
                        "Parallel Aware": false,
                        "Async Capable": false,
                        "Startup Cost": 487827.73,
                        "Total Cost": 487827.74,
                        "Plan Rows": 1,
                        "Plan Width": 8,
                        "Actual Startup Time": 358.271,
                        "Actual Total Time": 365.792,
                        "Actual Rows": 1,
                        "Actual Loops": 1,
                        "Plans": [
                            {
                                "Node Type": "Sort",
                                "Parent Relationship": "Outer",
                                "Parallel Aware": false,
                                "Async Capable": false,
                                "Startup Cost": 487827.73,
                                "Total Cost": 487827.73,
                                "Plan Rows": 1,
                                "Plan Width": 11,
                                "Actual Startup Time": 358.268,
                                "Actual Total Time": 365.789,
                                "Actual Rows": 0,
                                "Actual Loops": 1,
                                "Sort Key": [
                                    "account.display_name"
                                ],
                                "Sort Method": "quicksort",
                                "Sort Space Used": 25,
                                "Sort Space Type": "Memory",
                                "Plans": [
                                    {
                                        "Node Type": "Nested Loop",
                                        "Parent Relationship": "Outer",
                                        "Parallel Aware": false,
                                        "Async Capable": false,
                                        "Join Type": "Inner",
                                        "Startup Cost": 1011.3,
                                        "Total Cost": 487827.72,
                                        "Plan Rows": 1,
                                        "Plan Width": 11,
                                        "Actual Startup Time": 358.265,
                                        "Actual Total Time": 365.785,
                                        "Actual Rows": 0,
                                        "Actual Loops": 1,
                                        "Inner Unique": true,
                                        "Plans": [
                                            {
                                                "Node Type": "Gather",
                                                "Parent Relationship": "Outer",
                                                "Parallel Aware": false,
                                                "Async Capable": false,
                                                "Startup Cost": 1008.78,
                                                "Total Cost": 487821.18,
                                                "Plan Rows": 1,
                                                "Plan Width": 4,
                                                "Actual Startup Time": 358.264,
                                                "Actual Total Time": 365.783,
                                                "Actual Rows": 0,
                                                "Actual Loops": 1,
                                                "Workers Planned": 6,
                                                "Workers Launched": 6,
                                                "Single Copy": false,
                                                "Plans": [
                                                    {
                                                        "Node Type": "Nested Loop",
                                                        "Parent Relationship": "Outer",
                                                        "Parallel Aware": false,
                                                        "Async Capable": false,
                                                        "Join Type": "Inner",
                                                        "Startup Cost": 8.78,
                                                        "Total Cost": 486821.08,
                                                        "Plan Rows": 1,
                                                        "Plan Width": 4,
                                                        "Actual Startup Time": 355.791,
                                                        "Actual Total Time": 355.793,
                                                        "Actual Rows": 0,
                                                        "Actual Loops": 7,
                                                        "Inner Unique": true,
                                                        "Workers": [],
                                                        "Plans": [
                                                            {
                                                                "Node Type": "Nested Loop",
                                                                "Parent Relationship": "Outer",
                                                                "Parallel Aware": false,
                                                                "Async Capable": false,
                                                                "Join Type": "Inner",
                                                                "Startup Cost": 4.54,
                                                                "Total Cost": 486804.57,
                                                                "Plan Rows": 2,
                                                                "Plan Width": 16,
                                                                "Actual Startup Time": 355.791,
                                                                "Actual Total Time": 355.792,
                                                                "Actual Rows": 0,
                                                                "Actual Loops": 7,
                                                                "Inner Unique": false,
                                                                "Workers": [],
                                                                "Plans": [
                                                                    {
                                                                        "Node Type": "Seq Scan",
                                                                        "Parent Relationship": "Outer",
                                                                        "Parallel Aware": true,
                                                                        "Async Capable": false,
                                                                        "Relation Name": "badge",
                                                                        "Alias": "b2",
                                                                        "Startup Cost": 0.0,
                                                                        "Total Cost": 477729.63,
                                                                        "Plan Rows": 1059,
                                                                        "Plan Width": 16,
                                                                        "Actual Startup Time": 317.654,
                                                                        "Actual Total Time": 355.271,
                                                                        "Actual Rows": 2,
                                                                        "Actual Loops": 7,
                                                                        "Filter": "((name)::text = 'API Evangelist'::text)",
                                                                        "Rows Removed by Filter": 7319555,
                                                                        "Workers": []
                                                                    },
                                                                    {
                                                                        "Node Type": "Bitmap Heap Scan",
                                                                        "Parent Relationship": "Inner",
                                                                        "Parallel Aware": false,
                                                                        "Async Capable": false,
                                                                        "Relation Name": "badge",
                                                                        "Alias": "b1",
                                                                        "Startup Cost": 4.54,
                                                                        "Total Cost": 8.56,
                                                                        "Plan Rows": 1,
                                                                        "Plan Width": 16,
                                                                        "Actual Startup Time": 0.241,
                                                                        "Actual Total Time": 0.241,
                                                                        "Actual Rows": 0,
                                                                        "Actual Loops": 15,
                                                                        "Recheck Cond": "((site_id = b2.site_id) AND (user_id = b2.user_id) AND ((name)::text = 'Constable'::text))",
                                                                        "Rows Removed by Index Recheck": 0,
                                                                        "Filter": "(b2.date > (date + '10 mons'::interval))",
                                                                        "Rows Removed by Filter": 0,
                                                                        "Exact Heap Blocks": 1,
                                                                        "Lossy Heap Blocks": 0,
                                                                        "Workers": [],
                                                                        "Plans": [
                                                                            {
                                                                                "Node Type": "Bitmap Index Scan",
                                                                                "Parent Relationship": "Outer",
                                                                                "Parallel Aware": false,
                                                                                "Async Capable": false,
                                                                                "Index Name": "badge_pkey",
                                                                                "Startup Cost": 0.0,
                                                                                "Total Cost": 4.54,
                                                                                "Plan Rows": 1,
                                                                                "Plan Width": 0,
                                                                                "Actual Startup Time": 0.241,
                                                                                "Actual Total Time": 0.241,
                                                                                "Actual Rows": 0,
                                                                                "Actual Loops": 15,
                                                                                "Index Cond": "((site_id = b2.site_id) AND (user_id = b2.user_id) AND ((name)::text = 'Constable'::text))",
                                                                                "Workers": []
                                                                            }
                                                                        ]
                                                                    }
                                                                ]
                                                            },
                                                            {
                                                                "Node Type": "Bitmap Heap Scan",
                                                                "Parent Relationship": "Inner",
                                                                "Parallel Aware": false,
                                                                "Async Capable": false,
                                                                "Relation Name": "so_user",
                                                                "Alias": "so_user",
                                                                "Startup Cost": 4.24,
                                                                "Total Cost": 8.26,
                                                                "Plan Rows": 1,
                                                                "Plan Width": 12,
                                                                "Actual Startup Time": 0.0,
                                                                "Actual Total Time": 0.0,
                                                                "Actual Rows": 0,
                                                                "Actual Loops": 0,
                                                                "Recheck Cond": "((id = b1.user_id) AND (site_id = b1.site_id))",
                                                                "Rows Removed by Index Recheck": 0,
                                                                "Exact Heap Blocks": 0,
                                                                "Lossy Heap Blocks": 0,
                                                                "Workers": [],
                                                                "Plans": [
                                                                    {
                                                                        "Node Type": "Bitmap Index Scan",
                                                                        "Parent Relationship": "Outer",
                                                                        "Parallel Aware": false,
                                                                        "Async Capable": false,
                                                                        "Index Name": "so_user_pkey",
                                                                        "Startup Cost": 0.0,
                                                                        "Total Cost": 4.24,
                                                                        "Plan Rows": 1,
                                                                        "Plan Width": 0,
                                                                        "Actual Startup Time": 0.0,
                                                                        "Actual Total Time": 0.0,
                                                                        "Actual Rows": 0,
                                                                        "Actual Loops": 0,
                                                                        "Index Cond": "((id = b1.user_id) AND (site_id = b1.site_id))",
                                                                        "Workers": []
                                                                    }
                                                                ]
                                                            }
                                                        ]
                                                    }
                                                ]
                                            },
                                            {
                                                "Node Type": "Bitmap Heap Scan",
                                                "Parent Relationship": "Inner",
                                                "Parallel Aware": false,
                                                "Async Capable": false,
                                                "Relation Name": "account",
                                                "Alias": "account",
                                                "Startup Cost": 2.52,
                                                "Total Cost": 6.54,
                                                "Plan Rows": 1,
                                                "Plan Width": 15,
                                                "Actual Startup Time": 0.0,
                                                "Actual Total Time": 0.0,
                                                "Actual Rows": 0,
                                                "Actual Loops": 0,
                                                "Recheck Cond": "(id = so_user.account_id)",
                                                "Rows Removed by Index Recheck": 0,
                                                "Filter": "((website_url)::text <> ''::text)",
                                                "Rows Removed by Filter": 0,
                                                "Exact Heap Blocks": 0,
                                                "Lossy Heap Blocks": 0,
                                                "Plans": [
                                                    {
                                                        "Node Type": "Bitmap Index Scan",
                                                        "Parent Relationship": "Outer",
                                                        "Parallel Aware": false,
                                                        "Async Capable": false,
                                                        "Index Name": "account_pkey",
                                                        "Startup Cost": 0.0,
                                                        "Total Cost": 2.52,
                                                        "Plan Rows": 1,
                                                        "Plan Width": 0,
                                                        "Actual Startup Time": 0.0,
                                                        "Actual Total Time": 0.0,
                                                        "Actual Rows": 0,
                                                        "Actual Loops": 0,
                                                        "Index Cond": "(id = so_user.account_id)"
                                                    }
                                                ]
                                            }
                                        ]
                                    }
                                ]
                            }
                        ]
                    },
                    "Planning Time": 0.37,
                    "Triggers": [],
                    "Execution Time": 365.828
                }
            ],
            "hints": [
                "SET enable_hashjoin TO on",
                "SET enable_indexonlyscan TO on",
                "SET enable_indexscan TO off",
                "SET enable_mergejoin TO off",
                "SET enable_nestloop TO on",
                "SET enable_seqscan TO on"
            ]
        },
        {
            "arm": 3,
            "execution_time": 1614.165,
            "plan": [
                {
                    "Plan": {
                        "Node Type": "Aggregate",
                        "Strategy": "Plain",
                        "Partial Mode": "Simple",
                        "Parallel Aware": false,
                        "Async Capable": false,
                        "Startup Cost": 1361010.7,
                        "Total Cost": 1361010.71,
                        "Plan Rows": 1,
                        "Plan Width": 8,
                        "Actual Startup Time": 1586.749,
                        "Actual Total Time": 1614.135,
                        "Actual Rows": 1,
                        "Actual Loops": 1,
                        "Plans": [
                            {
                                "Node Type": "Sort",
                                "Parent Relationship": "Outer",
                                "Parallel Aware": false,
                                "Async Capable": false,
                                "Startup Cost": 1361010.69,
                                "Total Cost": 1361010.7,
                                "Plan Rows": 1,
                                "Plan Width": 11,
                                "Actual Startup Time": 1586.746,
                                "Actual Total Time": 1614.132,
                                "Actual Rows": 0,
                                "Actual Loops": 1,
                                "Sort Key": [
                                    "account.display_name"
                                ],
                                "Sort Method": "quicksort",
                                "Sort Space Used": 25,
                                "Sort Space Type": "Memory",
                                "Plans": [
                                    {
                                        "Node Type": "Gather",
                                        "Parent Relationship": "Outer",
                                        "Parallel Aware": false,
                                        "Async Capable": false,
                                        "Startup Cost": 883272.99,
                                        "Total Cost": 1361010.68,
                                        "Plan Rows": 1,
                                        "Plan Width": 11,
                                        "Actual Startup Time": 1586.743,
                                        "Actual Total Time": 1614.127,
                                        "Actual Rows": 0,
                                        "Actual Loops": 1,
                                        "Workers Planned": 6,
                                        "Workers Launched": 6,
                                        "Single Copy": false,
                                        "Plans": [
                                            {
                                                "Node Type": "Hash Join",
                                                "Parent Relationship": "Outer",
                                                "Parallel Aware": true,
                                                "Async Capable": false,
                                                "Join Type": "Inner",
                                                "Startup Cost": 882272.99,
                                                "Total Cost": 1360010.58,
                                                "Plan Rows": 1,
                                                "Plan Width": 11,
                                                "Actual Startup Time": 1579.751,
                                                "Actual Total Time": 1579.913,
                                                "Actual Rows": 0,
                                                "Actual Loops": 7,
                                                "Inner Unique": false,
                                                "Hash Cond": "((b1.site_id = so_user.site_id) AND (b1.user_id = so_user.id))",
                                                "Join Filter": "(b2.date > (b1.date + '10 mons'::interval))",
                                                "Rows Removed by Join Filter": 0,
                                                "Workers": [],
                                                "Plans": [
                                                    {
                                                        "Node Type": "Seq Scan",
                                                        "Parent Relationship": "Outer",
                                                        "Parallel Aware": true,
                                                        "Async Capable": false,
                                                        "Relation Name": "badge",
                                                        "Alias": "b1",
                                                        "Startup Cost": 0.0,
                                                        "Total Cost": 477729.63,
                                                        "Plan Rows": 1059,
                                                        "Plan Width": 16,
                                                        "Actual Startup Time": 2.86,
                                                        "Actual Total Time": 347.285,
                                                        "Actual Rows": 101,
                                                        "Actual Loops": 7,
                                                        "Filter": "((name)::text = 'Constable'::text)",
                                                        "Rows Removed by Filter": 7319457,
                                                        "Workers": []
                                                    },
                                                    {
                                                        "Node Type": "Hash",
                                                        "Parent Relationship": "Inner",
                                                        "Parallel Aware": true,
                                                        "Async Capable": false,
                                                        "Startup Cost": 882272.16,
                                                        "Total Cost": 882272.16,
                                                        "Plan Rows": 55,
                                                        "Plan Width": 35,
                                                        "Actual Startup Time": 1232.246,
                                                        "Actual Total Time": 1232.407,
                                                        "Actual Rows": 2,
                                                        "Actual Loops": 7,
                                                        "Hash Buckets": 1024,
                                                        "Original Hash Buckets": 1024,
                                                        "Hash Batches": 1,
                                                        "Original Hash Batches": 1,
                                                        "Peak Memory Usage": 200,
                                                        "Workers": [],
                                                        "Plans": [
                                                            {
                                                                "Node Type": "Hash Join",
                                                                "Parent Relationship": "Outer",
                                                                "Parallel Aware": true,
                                                                "Async Capable": false,
                                                                "Join Type": "Inner",
                                                                "Startup Cost": 404533.91,
                                                                "Total Cost": 882272.16,
                                                                "Plan Rows": 55,
                                                                "Plan Width": 35,
                                                                "Actual Startup Time": 1223.46,
                                                                "Actual Total Time": 1232.346,
                                                                "Actual Rows": 2,
                                                                "Actual Loops": 7,
                                                                "Inner Unique": false,
                                                                "Hash Cond": "((b2.site_id = so_user.site_id) AND (b2.user_id = so_user.id))",
                                                                "Workers": [],
                                                                "Plans": [
                                                                    {
                                                                        "Node Type": "Seq Scan",
                                                                        "Parent Relationship": "Outer",
                                                                        "Parallel Aware": true,
                                                                        "Async Capable": false,
                                                                        "Relation Name": "badge",
                                                                        "Alias": "b2",
                                                                        "Startup Cost": 0.0,
                                                                        "Total Cost": 477729.63,
                                                                        "Plan Rows": 1059,
                                                                        "Plan Width": 16,
                                                                        "Actual Startup Time": 314.144,
                                                                        "Actual Total Time": 352.074,
                                                                        "Actual Rows": 2,
                                                                        "Actual Loops": 7,
                                                                        "Filter": "((name)::text = 'API Evangelist'::text)",
                                                                        "Rows Removed by Filter": 7319555,
                                                                        "Workers": []
                                                                    },
                                                                    {
                                                                        "Node Type": "Hash",
                                                                        "Parent Relationship": "Inner",
                                                                        "Parallel Aware": true,
                                                                        "Async Capable": false,
                                                                        "Startup Cost": 401253.56,
                                                                        "Total Cost": 401253.56,
                                                                        "Plan Rows": 218690,
                                                                        "Plan Width": 19,
                                                                        "Actual Startup Time": 855.648,
                                                                        "Actual Total Time": 855.808,
                                                                        "Actual Rows": 362270,
                                                                        "Actual Loops": 7,
                                                                        "Hash Buckets": 524288,
                                                                        "Original Hash Buckets": 2097152,
                                                                        "Hash Batches": 16,
                                                                        "Original Hash Batches": 1,
                                                                        "Peak Memory Usage": 12640,
                                                                        "Workers": [],
                                                                        "Plans": [
                                                                            {
                                                                                "Node Type": "Hash Join",
                                                                                "Parent Relationship": "Outer",
                                                                                "Parallel Aware": true,
                                                                                "Async Capable": false,
                                                                                "Join Type": "Inner",
                                                                                "Startup Cost": 150787.4,
                                                                                "Total Cost": 401253.56,
                                                                                "Plan Rows": 218690,
                                                                                "Plan Width": 19,
                                                                                "Actual Startup Time": 137.175,
                                                                                "Actual Total Time": 719.624,
                                                                                "Actual Rows": 362270,
                                                                                "Actual Loops": 7,
                                                                                "Inner Unique": true,
                                                                                "Hash Cond": "(so_user.account_id = account.id)",
                                                                                "Workers": [],
                                                                                "Plans": [
                                                                                    {
                                                                                        "Node Type": "Seq Scan",
                                                                                        "Parent Relationship": "Outer",
                                                                                        "Parallel Aware": true,
                                                                                        "Async Capable": false,
                                                                                        "Relation Name": "so_user",
                                                                                        "Alias": "so_user",
                                                                                        "Startup Cost": 0.0,
                                                                                        "Total Cost": 239391.02,
                                                                                        "Plan Rows": 4219102,
                                                                                        "Plan Width": 12,
                                                                                        "Actual Startup Time": 0.014,
                                                                                        "Actual Total Time": 147.288,
                                                                                        "Actual Rows": 3013900,
                                                                                        "Actual Loops": 7,
                                                                                        "Workers": []
                                                                                    },
                                                                                    {
                                                                                        "Node Type": "Hash",
                                                                                        "Parent Relationship": "Inner",
                                                                                        "Parallel Aware": true,
                                                                                        "Async Capable": false,
                                                                                        "Startup Cost": 148993.09,
                                                                                        "Total Cost": 148993.09,
                                                                                        "Plan Rows": 143545,
                                                                                        "Plan Width": 15,
                                                                                        "Actual Startup Time": 136.606,
                                                                                        "Actual Total Time": 136.606,
                                                                                        "Actual Rows": 103524,
                                                                                        "Actual Loops": 7,
                                                                                        "Hash Buckets": 1048576,
                                                                                        "Original Hash Buckets": 1048576,
                                                                                        "Hash Batches": 1,
                                                                                        "Original Hash Batches": 1,
                                                                                        "Peak Memory Usage": 44544,
                                                                                        "Workers": [],
                                                                                        "Plans": [
                                                                                            {
                                                                                                "Node Type": "Seq Scan",
                                                                                                "Parent Relationship": "Outer",
                                                                                                "Parallel Aware": true,
                                                                                                "Async Capable": false,
                                                                                                "Relation Name": "account",
                                                                                                "Alias": "account",
                                                                                                "Startup Cost": 0.0,
                                                                                                "Total Cost": 148993.09,
                                                                                                "Plan Rows": 143545,
                                                                                                "Plan Width": 15,
                                                                                                "Actual Startup Time": 0.035,
                                                                                                "Actual Total Time": 109.916,
                                                                                                "Actual Rows": 103524,
                                                                                                "Actual Loops": 7,
                                                                                                "Filter": "((website_url)::text <> ''::text)",
                                                                                                "Rows Removed by Filter": 1878212,
                                                                                                "Workers": []
                                                                                            }
                                                                                        ]
                                                                                    }
                                                                                ]
                                                                            }
                                                                        ]
                                                                    }
                                                                ]
                                                            }
                                                        ]
                                                    }
                                                ]
                                            }
                                        ]
                                    }
                                ]
                            }
                        ]
                    },
                    "Planning Time": 0.341,
                    "Triggers": [],
                    "Execution Time": 1614.165
                }
            ],
            "hints": [
                "SET enable_hashjoin TO on",
                "SET enable_indexonlyscan TO on",
                "SET enable_indexscan TO off",
                "SET enable_mergejoin TO off",
                "SET enable_nestloop TO off",
                "SET enable_seqscan TO on"
            ]
        },
        {
            "arm": 4,
            "execution_time": 366.29,
            "plan": [
                {
                    "Plan": {
                        "Node Type": "Aggregate",
                        "Strategy": "Plain",
                        "Partial Mode": "Simple",
                        "Parallel Aware": false,
                        "Async Capable": false,
                        "Startup Cost": 487782.15,
                        "Total Cost": 487782.16,
                        "Plan Rows": 1,
                        "Plan Width": 8,
                        "Actual Startup Time": 358.525,
                        "Actual Total Time": 366.259,
                        "Actual Rows": 1,
                        "Actual Loops": 1,
                        "Plans": [
                            {
                                "Node Type": "Sort",
                                "Parent Relationship": "Outer",
                                "Parallel Aware": false,
                                "Async Capable": false,
                                "Startup Cost": 487782.14,
                                "Total Cost": 487782.14,
                                "Plan Rows": 1,
                                "Plan Width": 11,
                                "Actual Startup Time": 358.522,
                                "Actual Total Time": 366.256,
                                "Actual Rows": 0,
                                "Actual Loops": 1,
                                "Sort Key": [
                                    "account.display_name"
                                ],
                                "Sort Method": "quicksort",
                                "Sort Space Used": 25,
                                "Sort Space Type": "Memory",
                                "Plans": [
                                    {
                                        "Node Type": "Nested Loop",
                                        "Parent Relationship": "Outer",
                                        "Parallel Aware": false,
                                        "Async Capable": false,
                                        "Join Type": "Inner",
                                        "Startup Cost": 1001.44,
                                        "Total Cost": 487782.13,
                                        "Plan Rows": 1,
                                        "Plan Width": 11,
                                        "Actual Startup Time": 358.519,
                                        "Actual Total Time": 366.253,
                                        "Actual Rows": 0,
                                        "Actual Loops": 1,
                                        "Inner Unique": true,
                                        "Plans": [
                                            {
                                                "Node Type": "Gather",
                                                "Parent Relationship": "Outer",
                                                "Parallel Aware": false,
                                                "Async Capable": false,
                                                "Startup Cost": 1001.0,
                                                "Total Cost": 487777.51,
                                                "Plan Rows": 1,
                                                "Plan Width": 4,
                                                "Actual Startup Time": 358.518,
                                                "Actual Total Time": 366.251,
                                                "Actual Rows": 0,
                                                "Actual Loops": 1,
                                                "Workers Planned": 6,
                                                "Workers Launched": 6,
                                                "Single Copy": false,
                                                "Plans": [
                                                    {
                                                        "Node Type": "Nested Loop",
                                                        "Parent Relationship": "Outer",
                                                        "Parallel Aware": false,
                                                        "Async Capable": false,
                                                        "Join Type": "Inner",
                                                        "Startup Cost": 1.0,
                                                        "Total Cost": 486777.41,
                                                        "Plan Rows": 1,
                                                        "Plan Width": 4,
                                                        "Actual Startup Time": 355.934,
                                                        "Actual Total Time": 355.935,
                                                        "Actual Rows": 0,
                                                        "Actual Loops": 7,
                                                        "Inner Unique": true,
                                                        "Workers": [],
                                                        "Plans": [
                                                            {
                                                                "Node Type": "Nested Loop",
                                                                "Parent Relationship": "Outer",
                                                                "Parallel Aware": false,
                                                                "Async Capable": false,
                                                                "Join Type": "Inner",
                                                                "Startup Cost": 0.57,
                                                                "Total Cost": 486761.04,
                                                                "Plan Rows": 2,
                                                                "Plan Width": 16,
                                                                "Actual Startup Time": 355.934,
                                                                "Actual Total Time": 355.934,
                                                                "Actual Rows": 0,
                                                                "Actual Loops": 7,
                                                                "Inner Unique": false,
                                                                "Workers": [],
                                                                "Plans": [
                                                                    {
                                                                        "Node Type": "Seq Scan",
                                                                        "Parent Relationship": "Outer",
                                                                        "Parallel Aware": true,
                                                                        "Async Capable": false,
                                                                        "Relation Name": "badge",
                                                                        "Alias": "b1",
                                                                        "Startup Cost": 0.0,
                                                                        "Total Cost": 477729.63,
                                                                        "Plan Rows": 1059,
                                                                        "Plan Width": 16,
                                                                        "Actual Startup Time": 2.723,
                                                                        "Actual Total Time": 355.397,
                                                                        "Actual Rows": 101,
                                                                        "Actual Loops": 7,
                                                                        "Filter": "((name)::text = 'Constable'::text)",
                                                                        "Rows Removed by Filter": 7319457,
                                                                        "Workers": []
                                                                    },
                                                                    {
                                                                        "Node Type": "Index Only Scan",
                                                                        "Parent Relationship": "Inner",
                                                                        "Parallel Aware": false,
                                                                        "Async Capable": false,
                                                                        "Scan Direction": "Forward",
                                                                        "Index Name": "badge_pkey",
                                                                        "Relation Name": "badge",
                                                                        "Alias": "b2",
                                                                        "Startup Cost": 0.57,
                                                                        "Total Cost": 8.52,
                                                                        "Plan Rows": 1,
                                                                        "Plan Width": 16,
                                                                        "Actual Startup Time": 0.005,
                                                                        "Actual Total Time": 0.005,
                                                                        "Actual Rows": 0,
                                                                        "Actual Loops": 704,
                                                                        "Index Cond": "((site_id = b1.site_id) AND (user_id = b1.user_id) AND (name = 'API Evangelist'::text) AND (date > (b1.date + '10 mons'::interval)))",
                                                                        "Rows Removed by Index Recheck": 0,
                                                                        "Heap Fetches": 0,
                                                                        "Workers": []
                                                                    }
                                                                ]
                                                            },
                                                            {
                                                                "Node Type": "Index Scan",
                                                                "Parent Relationship": "Inner",
                                                                "Parallel Aware": false,
                                                                "Async Capable": false,
                                                                "Scan Direction": "Forward",
                                                                "Index Name": "so_user_pkey",
                                                                "Relation Name": "so_user",
                                                                "Alias": "so_user",
                                                                "Startup Cost": 0.44,
                                                                "Total Cost": 8.19,
                                                                "Plan Rows": 1,
                                                                "Plan Width": 12,
                                                                "Actual Startup Time": 0.0,
                                                                "Actual Total Time": 0.0,
                                                                "Actual Rows": 0,
                                                                "Actual Loops": 0,
                                                                "Index Cond": "((id = b1.user_id) AND (site_id = b1.site_id))",
                                                                "Rows Removed by Index Recheck": 0,
                                                                "Workers": []
                                                            }
                                                        ]
                                                    }
                                                ]
                                            },
                                            {
                                                "Node Type": "Index Scan",
                                                "Parent Relationship": "Inner",
                                                "Parallel Aware": false,
                                                "Async Capable": false,
                                                "Scan Direction": "Forward",
                                                "Index Name": "account_pkey",
                                                "Relation Name": "account",
                                                "Alias": "account",
                                                "Startup Cost": 0.43,
                                                "Total Cost": 4.62,
                                                "Plan Rows": 1,
                                                "Plan Width": 15,
                                                "Actual Startup Time": 0.0,
                                                "Actual Total Time": 0.0,
                                                "Actual Rows": 0,
                                                "Actual Loops": 0,
                                                "Index Cond": "(id = so_user.account_id)",
                                                "Rows Removed by Index Recheck": 0,
                                                "Filter": "((website_url)::text <> ''::text)",
                                                "Rows Removed by Filter": 0
                                            }
                                        ]
                                    }
                                ]
                            }
                        ]
                    },
                    "Planning Time": 0.354,
                    "Triggers": [],
                    "Execution Time": 366.29
                }
            ],
            "hints": [
                "SET enable_hashjoin TO on",
                "SET enable_indexonlyscan TO on",
                "SET enable_indexscan TO on",
                "SET enable_mergejoin TO off",
                "SET enable_nestloop TO on",
                "SET enable_seqscan TO on"
            ]
        }
    ]
}