{
    "sql_file": "soload_q15-004.sql",
    "query": "SELECT b1.name, count(*)\nFROM\nsite as s,\nso_user as u1,\ntag as t1,\ntag_question as tq1,\nquestion as q1,\nbadge as b1,\naccount as acc\nWHERE\ns.site_id = u1.site_id\nAND s.site_id = b1.site_id\nAND s.site_id = t1.site_id\nAND s.site_id = tq1.site_id\nAND s.site_id = q1.site_id\nAND t1.id = tq1.tag_id\nAND q1.id = tq1.question_id\nAND q1.owner_user_id = u1.id\nAND acc.id = u1.account_id\nAND b1.user_id = u1.id\nAND (q1.view_count >= 10)\nAND (q1.view_count <= 1000)\nAND (s.site_name in ('apple','ru','stats'))\nAND (t1.name in ('1с','categorical-encoding','estimators','filter','ftp','iframe','kohana','kolmogorov-smirnov','marginal','path','websocket','криптография','шаблоны-проектирования'))\nAND (acc.website_url ILIKE ('%'))\nGROUP BY b1.name\nORDER BY COUNT(*)\nDESC\nLIMIT 100",
    "results": [
        {
            "arm": 0,
            "execution_time": 782.023,
            "plan": [
                {
                    "Plan": {
                        "Node Type": "Limit",
                        "Parallel Aware": false,
                        "Async Capable": false,
                        "Startup Cost": 5315.42,
                        "Total Cost": 5315.42,
                        "Plan Rows": 1,
                        "Plan Width": 19,
                        "Actual Startup Time": 781.686,
                        "Actual Total Time": 781.972,
                        "Actual Rows": 87,
                        "Actual Loops": 1,
                        "Plans": [
                            {
                                "Node Type": "Sort",
                                "Parent Relationship": "Outer",
                                "Parallel Aware": false,
                                "Async Capable": false,
                                "Startup Cost": 5315.42,
                                "Total Cost": 5315.42,
                                "Plan Rows": 1,
                                "Plan Width": 19,
                                "Actual Startup Time": 781.685,
                                "Actual Total Time": 781.965,
                                "Actual Rows": 87,
                                "Actual Loops": 1,
                                "Sort Key": [
                                    "(count(*)) DESC"
                                ],
                                "Sort Method": "quicksort",
                                "Sort Space Used": 30,
                                "Sort Space Type": "Memory",
                                "Plans": [
                                    {
                                        "Node Type": "Aggregate",
                                        "Strategy": "Sorted",
                                        "Partial Mode": "Simple",
                                        "Parent Relationship": "Outer",
                                        "Parallel Aware": false,
                                        "Async Capable": false,
                                        "Startup Cost": 5315.39,
                                        "Total Cost": 5315.41,
                                        "Plan Rows": 1,
                                        "Plan Width": 19,
                                        "Actual Startup Time": 779.714,
                                        "Actual Total Time": 781.936,
                                        "Actual Rows": 87,
                                        "Actual Loops": 1,
                                        "Group Key": [
                                            "b1.name"
                                        ],
                                        "Plans": [
                                            {
                                                "Node Type": "Sort",
                                                "Parent Relationship": "Outer",
                                                "Parallel Aware": false,
                                                "Async Capable": false,
                                                "Startup Cost": 5315.39,
                                                "Total Cost": 5315.39,
                                                "Plan Rows": 1,
                                                "Plan Width": 11,
                                                "Actual Startup Time": 779.702,
                                                "Actual Total Time": 780.64,
                                                "Actual Rows": 14875,
                                                "Actual Loops": 1,
                                                "Sort Key": [
                                                    "b1.name"
                                                ],
                                                "Sort Method": "quicksort",
                                                "Sort Space Used": 742,
                                                "Sort Space Type": "Memory",
                                                "Plans": [
                                                    {
                                                        "Node Type": "Nested Loop",
                                                        "Parent Relationship": "Outer",
                                                        "Parallel Aware": false,
                                                        "Async Capable": false,
                                                        "Join Type": "Inner",
                                                        "Startup Cost": 5090.89,
                                                        "Total Cost": 5315.38,
                                                        "Plan Rows": 1,
                                                        "Plan Width": 11,
                                                        "Actual Startup Time": 17.673,
                                                        "Actual Total Time": 773.82,
                                                        "Actual Rows": 14875,
                                                        "Actual Loops": 1,
                                                        "Inner Unique": true,
                                                        "Plans": [
                                                            {
                                                                "Node Type": "Gather",
                                                                "Parent Relationship": "Outer",
                                                                "Parallel Aware": false,
                                                                "Async Capable": false,
                                                                "Startup Cost": 5090.45,
                                                                "Total Cost": 5308.55,
                                                                "Plan Rows": 1,
                                                                "Plan Width": 15,
                                                                "Actual Startup Time": 17.449,
                                                                "Actual Total Time": 535.453,
                                                                "Actual Rows": 38443,
                                                                "Actual Loops": 1,
                                                                "Workers Planned": 1,
                                                                "Workers Launched": 1,
                                                                "Single Copy": false,
                                                                "Plans": [
                                                                    {
                                                                        "Node Type": "Nested Loop",
                                                                        "Parent Relationship": "Outer",
                                                                        "Parallel Aware": false,
                                                                        "Async Capable": false,
                                                                        "Join Type": "Inner",
                                                                        "Startup Cost": 4090.45,
                                                                        "Total Cost": 4308.45,
                                                                        "Plan Rows": 1,
                                                                        "Plan Width": 15,
                                                                        "Actual Startup Time": 16.282,
                                                                        "Actual Total Time": 482.613,
                                                                        "Actual Rows": 19222,
                                                                        "Actual Loops": 2,
                                                                        "Inner Unique": false,
                                                                        "Join Filter": "((s.site_id = b1.site_id) AND (b1.user_id = q1.owner_user_id))",
                                                                        "Rows Removed by Join Filter": 0,
                                                                        "Workers": [],
                                                                        "Plans": [
                                                                            {
                                                                                "Node Type": "Nested Loop",
                                                                                "Parent Relationship": "Outer",
                                                                                "Parallel Aware": false,
                                                                                "Async Capable": false,
                                                                                "Join Type": "Inner",
                                                                                "Startup Cost": 4089.89,
                                                                                "Total Cost": 4301.31,
                                                                                "Plan Rows": 1,
                                                                                "Plan Width": 32,
                                                                                "Actual Startup Time": 15.582,
                                                                                "Actual Total Time": 178.857,
                                                                                "Actual Rows": 1008,
                                                                                "Actual Loops": 2,
                                                                                "Inner Unique": true,
                                                                                "Join Filter": "(s.site_id = u1.site_id)",
                                                                                "Rows Removed by Join Filter": 0,
                                                                                "Workers": [],
                                                                                "Plans": [
                                                                                    {
                                                                                        "Node Type": "Nested Loop",
                                                                                        "Parent Relationship": "Outer",
                                                                                        "Parallel Aware": false,
                                                                                        "Async Capable": false,
                                                                                        "Join Type": "Inner",
                                                                                        "Startup Cost": 4089.45,
                                                                                        "Total Cost": 4239.55,
                                                                                        "Plan Rows": 9,
                                                                                        "Plan Width": 20,
                                                                                        "Actual Startup Time": 15.274,
                                                                                        "Actual Total Time": 94.75,
                                                                                        "Actual Rows": 1008,
                                                                                        "Actual Loops": 2,
                                                                                        "Inner Unique": true,
                                                                                        "Join Filter": "(s.site_id = q1.site_id)",
                                                                                        "Rows Removed by Join Filter": 0,
                                                                                        "Workers": [],
                                                                                        "Plans": [
                                                                                            {
                                                                                                "Node Type": "Nested Loop",
                                                                                                "Parent Relationship": "Outer",
                                                                                                "Parallel Aware": false,
                                                                                                "Async Capable": false,
                                                                                                "Join Type": "Inner",
                                                                                                "Startup Cost": 4089.01,
                                                                                                "Total Cost": 4150.47,
                                                                                                "Plan Rows": 13,
                                                                                                "Plan Width": 16,
                                                                                                "Actual Startup Time": 14.94,
                                                                                                "Actual Total Time": 21.983,
                                                                                                "Actual Rows": 1286,
                                                                                                "Actual Loops": 2,
                                                                                                "Inner Unique": false,
                                                                                                "Join Filter": "(s.site_id = tq1.site_id)",
                                                                                                "Rows Removed by Join Filter": 0,
                                                                                                "Workers": [],
                                                                                                "Plans": [
                                                                                                    {
                                                                                                        "Node Type": "Merge Join",
                                                                                                        "Parent Relationship": "Outer",
                                                                                                        "Parallel Aware": false,
                                                                                                        "Async Capable": false,
                                                                                                        "Join Type": "Inner",
                                                                                                        "Startup Cost": 4088.45,
                                                                                                        "Total Cost": 4088.68,
                                                                                                        "Plan Rows": 1,
                                                                                                        "Plan Width": 12,
                                                                                                        "Actual Startup Time": 14.503,
                                                                                                        "Actual Total Time": 14.529,
                                                                                                        "Actual Rows": 8,
                                                                                                        "Actual Loops": 2,
                                                                                                        "Inner Unique": true,
                                                                                                        "Merge Cond": "(t1.site_id = s.site_id)",
                                                                                                        "Workers": [],
                                                                                                        "Plans": [
                                                                                                            {
                                                                                                                "Node Type": "Sort",
                                                                                                                "Parent Relationship": "Outer",
                                                                                                                "Parallel Aware": false,
                                                                                                                "Async Capable": false,
                                                                                                                "Startup Cost": 4085.05,
                                                                                                                "Total Cost": 4085.15,
                                                                                                                "Plan Rows": 41,
                                                                                                                "Plan Width": 8,
                                                                                                                "Actual Startup Time": 14.478,
                                                                                                                "Actual Total Time": 14.486,
                                                                                                                "Actual Rows": 47,
                                                                                                                "Actual Loops": 2,
                                                                                                                "Sort Key": [
                                                                                                                    "t1.site_id"
                                                                                                                ],
                                                                                                                "Sort Method": "quicksort",
                                                                                                                "Sort Space Used": 26,
                                                                                                                "Sort Space Type": "Memory",
                                                                                                                "Workers": [
                                                                                                                    {
                                                                                                                        "Worker Number": 0,
                                                                                                                        "Sort Method": "quicksort",
                                                                                                                        "Sort Space Used": 26,
                                                                                                                        "Sort Space Type": "Memory"
                                                                                                                    }
                                                                                                                ],
                                                                                                                "Plans": [
                                                                                                                    {
                                                                                                                        "Node Type": "Seq Scan",
                                                                                                                        "Parent Relationship": "Outer",
                                                                                                                        "Parallel Aware": true,
                                                                                                                        "Async Capable": false,
                                                                                                                        "Relation Name": "tag",
                                                                                                                        "Alias": "t1",
                                                                                                                        "Startup Cost": 0.0,
                                                                                                                        "Total Cost": 4083.95,
                                                                                                                        "Plan Rows": 41,
                                                                                                                        "Plan Width": 8,
                                                                                                                        "Actual Startup Time": 0.18,
                                                                                                                        "Actual Total Time": 14.463,
                                                                                                                        "Actual Rows": 56,
                                                                                                                        "Actual Loops": 2,
                                                                                                                        "Filter": "((name)::text = ANY ('{1с,categorical-encoding,estimators,filter,ftp,iframe,kohana,kolmogorov-smirnov,marginal,path,websocket,криптография,шаблоны-проектирования}'::text[]))",
                                                                                                                        "Rows Removed by Filter": 93329,
                                                                                                                        "Workers": []
                                                                                                                    }
                                                                                                                ]
                                                                                                            },
                                                                                                            {
                                                                                                                "Node Type": "Sort",
                                                                                                                "Parent Relationship": "Inner",
                                                                                                                "Parallel Aware": false,
                                                                                                                "Async Capable": false,
                                                                                                                "Startup Cost": 3.4,
                                                                                                                "Total Cost": 3.41,
                                                                                                                "Plan Rows": 3,
                                                                                                                "Plan Width": 4,
                                                                                                                "Actual Startup Time": 0.022,
                                                                                                                "Actual Total Time": 0.024,
                                                                                                                "Actual Rows": 3,
                                                                                                                "Actual Loops": 2,
                                                                                                                "Sort Key": [
                                                                                                                    "s.site_id"
                                                                                                                ],
                                                                                                                "Sort Method": "quicksort",
                                                                                                                "Sort Space Used": 25,
                                                                                                                "Sort Space Type": "Memory",
                                                                                                                "Workers": [
                                                                                                                    {
                                                                                                                        "Worker Number": 0,
                                                                                                                        "Sort Method": "quicksort",
                                                                                                                        "Sort Space Used": 25,
                                                                                                                        "Sort Space Type": "Memory"
                                                                                                                    }
                                                                                                                ],
                                                                                                                "Plans": [
                                                                                                                    {
                                                                                                                        "Node Type": "Seq Scan",
                                                                                                                        "Parent Relationship": "Outer",
                                                                                                                        "Parallel Aware": false,
                                                                                                                        "Async Capable": false,
                                                                                                                        "Relation Name": "site",
                                                                                                                        "Alias": "s",
                                                                                                                        "Startup Cost": 0.0,
                                                                                                                        "Total Cost": 3.38,
                                                                                                                        "Plan Rows": 3,
                                                                                                                        "Plan Width": 4,
                                                                                                                        "Actual Startup Time": 0.008,
                                                                                                                        "Actual Total Time": 0.018,
                                                                                                                        "Actual Rows": 3,
                                                                                                                        "Actual Loops": 2,
                                                                                                                        "Filter": "((site_name)::text = ANY ('{apple,ru,stats}'::text[]))",
                                                                                                                        "Rows Removed by Filter": 170,
                                                                                                                        "Workers": []
                                                                                                                    }
                                                                                                                ]
                                                                                                            }
                                                                                                        ]
                                                                                                    },
                                                                                                    {
                                                                                                        "Node Type": "Index Only Scan",
                                                                                                        "Parent Relationship": "Inner",
                                                                                                        "Parallel Aware": false,
                                                                                                        "Async Capable": false,
                                                                                                        "Scan Direction": "Forward",
                                                                                                        "Index Name": "tag_question_site_id_tag_id_question_id_idx",
                                                                                                        "Relation Name": "tag_question",
                                                                                                        "Alias": "tq1",
                                                                                                        "Startup Cost": 0.56,
                                                                                                        "Total Cost": 61.41,
                                                                                                        "Plan Rows": 31,
                                                                                                        "Plan Width": 12,
                                                                                                        "Actual Startup Time": 0.175,
                                                                                                        "Actual Total Time": 0.89,
                                                                                                        "Actual Rows": 161,
                                                                                                        "Actual Loops": 16,
                                                                                                        "Index Cond": "((site_id = t1.site_id) AND (tag_id = t1.id))",
                                                                                                        "Rows Removed by Index Recheck": 0,
                                                                                                        "Heap Fetches": 2571,
                                                                                                        "Workers": []
                                                                                                    }
                                                                                                ]
                                                                                            },
                                                                                            {
                                                                                                "Node Type": "Index Scan",
                                                                                                "Parent Relationship": "Inner",
                                                                                                "Parallel Aware": false,
                                                                                                "Async Capable": false,
                                                                                                "Scan Direction": "Forward",
                                                                                                "Index Name": "question_pkey",
                                                                                                "Relation Name": "question",
                                                                                                "Alias": "q1",
                                                                                                "Startup Cost": 0.43,
                                                                                                "Total Cost": 6.84,
                                                                                                "Plan Rows": 1,
                                                                                                "Plan Width": 12,
                                                                                                "Actual Startup Time": 0.056,
                                                                                                "Actual Total Time": 0.056,
                                                                                                "Actual Rows": 1,
                                                                                                "Actual Loops": 2571,
                                                                                                "Index Cond": "((id = tq1.question_id) AND (site_id = tq1.site_id))",
                                                                                                "Rows Removed by Index Recheck": 0,
                                                                                                "Filter": "((view_count >= 10) AND (view_count <= 1000))",
                                                                                                "Rows Removed by Filter": 0,
                                                                                                "Workers": []
                                                                                            }
                                                                                        ]
                                                                                    },
                                                                                    {
                                                                                        "Node Type": "Index Scan",
                                                                                        "Parent Relationship": "Inner",
                                                                                        "Parallel Aware": false,
                                                                                        "Async Capable": false,
                                                                                        "Scan Direction": "Forward",
                                                                                        "Index Name": "so_user_pkey",
                                                                                        "Relation Name": "so_user",
                                                                                        "Alias": "u1",
                                                                                        "Startup Cost": 0.44,
                                                                                        "Total Cost": 6.85,
                                                                                        "Plan Rows": 1,
                                                                                        "Plan Width": 12,
                                                                                        "Actual Startup Time": 0.083,
                                                                                        "Actual Total Time": 0.083,
                                                                                        "Actual Rows": 1,
                                                                                        "Actual Loops": 2016,
                                                                                        "Index Cond": "((id = q1.owner_user_id) AND (site_id = q1.site_id))",
                                                                                        "Rows Removed by Index Recheck": 0,
                                                                                        "Workers": []
                                                                                    }
                                                                                ]
                                                                            },
                                                                            {
                                                                                "Node Type": "Index Only Scan",
                                                                                "Parent Relationship": "Inner",
                                                                                "Parallel Aware": false,
                                                                                "Async Capable": false,
                                                                                "Scan Direction": "Forward",
                                                                                "Index Name": "badge_pkey",
                                                                                "Relation Name": "badge",
                                                                                "Alias": "b1",
                                                                                "Startup Cost": 0.56,
                                                                                "Total Cost": 7.12,
                                                                                "Plan Rows": 1,
                                                                                "Plan Width": 19,
                                                                                "Actual Startup Time": 0.083,
                                                                                "Actual Total Time": 0.298,
                                                                                "Actual Rows": 19,
                                                                                "Actual Loops": 2016,
                                                                                "Index Cond": "((site_id = u1.site_id) AND (user_id = u1.id))",
                                                                                "Rows Removed by Index Recheck": 0,
                                                                                "Heap Fetches": 38443,
                                                                                "Workers": []
                                                                            }
                                                                        ]
                                                                    }
                                                                ]
                                                            },
                                                            {
                                                                "Node Type": "Index Scan",
                                                                "Parent Relationship": "Inner",
                                                                "Parallel Aware": false,
                                                                "Async Capable": false,
                                                                "Scan Direction": "Forward",
                                                                "Index Name": "account_pkey",
                                                                "Relation Name": "account",
                                                                "Alias": "acc",
                                                                "Startup Cost": 0.43,
                                                                "Total Cost": 6.83,
                                                                "Plan Rows": 1,
                                                                "Plan Width": 4,
                                                                "Actual Startup Time": 0.006,
                                                                "Actual Total Time": 0.006,
                                                                "Actual Rows": 0,
                                                                "Actual Loops": 38443,
                                                                "Index Cond": "(id = u1.account_id)",
                                                                "Rows Removed by Index Recheck": 0,
                                                                "Filter": "((website_url)::text ~~* '%'::text)",
                                                                "Rows Removed by Filter": 1
                                                            }
                                                        ]
                                                    }
                                                ]
                                            }
                                        ]
                                    }
                                ]
                            }
                        ]
                    },
                    "Planning Time": 21.331,
                    "Triggers": [],
                    "Execution Time": 782.023
                }
            ],
            "hints": [
                "SET enable_hashjoin TO on",
                "SET enable_indexonlyscan TO on",
                "SET enable_indexscan TO on",
                "SET enable_mergejoin TO on",
                "SET enable_nestloop TO on",
                "SET enable_seqscan TO on"
            ]
        },
        {
            "arm": 1,
            "execution_time": 4949.135,
            "plan": [
                {
                    "Plan": {
                        "Node Type": "Limit",
                        "Parallel Aware": false,
                        "Async Capable": false,
                        "Startup Cost": 2920450.34,
                        "Total Cost": 2920450.34,
                        "Plan Rows": 1,
                        "Plan Width": 19,
                        "Actual Startup Time": 4936.099,
                        "Actual Total Time": 4949.084,
                        "Actual Rows": 87,
                        "Actual Loops": 1,
                        "Plans": [
                            {
                                "Node Type": "Sort",
                                "Parent Relationship": "Outer",
                                "Parallel Aware": false,
                                "Async Capable": false,
                                "Startup Cost": 2920450.34,
                                "Total Cost": 2920450.34,
                                "Plan Rows": 1,
                                "Plan Width": 19,
                                "Actual Startup Time": 4936.097,
                                "Actual Total Time": 4949.079,
                                "Actual Rows": 87,
                                "Actual Loops": 1,
                                "Sort Key": [
                                    "(count(*)) DESC"
                                ],
                                "Sort Method": "quicksort",
                                "Sort Space Used": 30,
                                "Sort Space Type": "Memory",
                                "Plans": [
                                    {
                                        "Node Type": "Aggregate",
                                        "Strategy": "Sorted",
                                        "Partial Mode": "Simple",
                                        "Parent Relationship": "Outer",
                                        "Parallel Aware": false,
                                        "Async Capable": false,
                                        "Startup Cost": 2920450.19,
                                        "Total Cost": 2920450.33,
                                        "Plan Rows": 1,
                                        "Plan Width": 19,
                                        "Actual Startup Time": 4933.821,
                                        "Actual Total Time": 4949.059,
                                        "Actual Rows": 87,
                                        "Actual Loops": 1,
                                        "Group Key": [
                                            "b1.name"
                                        ],
                                        "Plans": [
                                            {
                                                "Node Type": "Gather Merge",
                                                "Parent Relationship": "Outer",
                                                "Parallel Aware": false,
                                                "Async Capable": false,
                                                "Startup Cost": 2920450.19,
                                                "Total Cost": 2920450.31,
                                                "Plan Rows": 1,
                                                "Plan Width": 11,
                                                "Actual Startup Time": 4933.812,
                                                "Actual Total Time": 4948.226,
                                                "Actual Rows": 14875,
                                                "Actual Loops": 1,
                                                "Workers Planned": 5,
                                                "Workers Launched": 5,
                                                "Plans": [
                                                    {
                                                        "Node Type": "Sort",
                                                        "Parent Relationship": "Outer",
                                                        "Parallel Aware": false,
                                                        "Async Capable": false,
                                                        "Startup Cost": 2919450.11,
                                                        "Total Cost": 2919450.11,
                                                        "Plan Rows": 1,
                                                        "Plan Width": 11,
                                                        "Actual Startup Time": 4931.191,
                                                        "Actual Total Time": 4931.279,
                                                        "Actual Rows": 2479,
                                                        "Actual Loops": 6,
                                                        "Sort Key": [
                                                            "b1.name"
                                                        ],
                                                        "Sort Method": "quicksort",
                                                        "Sort Space Used": 96,
                                                        "Sort Space Type": "Memory",
                                                        "Workers": [
                                                            {
                                                                "Worker Number": 0,
                                                                "Sort Method": "quicksort",
                                                                "Sort Space Used": 163,
                                                                "Sort Space Type": "Memory"
                                                            },
                                                            {
                                                                "Worker Number": 1,
                                                                "Sort Method": "quicksort",
                                                                "Sort Space Used": 92,
                                                                "Sort Space Type": "Memory"
                                                            },
                                                            {
                                                                "Worker Number": 2,
                                                                "Sort Method": "quicksort",
                                                                "Sort Space Used": 146,
                                                                "Sort Space Type": "Memory"
                                                            },
                                                            {
                                                                "Worker Number": 3,
                                                                "Sort Method": "quicksort",
                                                                "Sort Space Used": 169,
                                                                "Sort Space Type": "Memory"
                                                            },
                                                            {
                                                                "Worker Number": 4,
                                                                "Sort Method": "quicksort",
                                                                "Sort Space Used": 175,
                                                                "Sort Space Type": "Memory"
                                                            }
                                                        ],
                                                        "Plans": [
                                                            {
                                                                "Node Type": "Hash Join",
                                                                "Parent Relationship": "Outer",
                                                                "Parallel Aware": true,
                                                                "Async Capable": false,
                                                                "Join Type": "Inner",
                                                                "Startup Cost": 2768692.27,
                                                                "Total Cost": 2919450.1,
                                                                "Plan Rows": 1,
                                                                "Plan Width": 11,
                                                                "Actual Startup Time": 4641.522,
                                                                "Actual Total Time": 4930.411,
                                                                "Actual Rows": 2479,
                                                                "Actual Loops": 6,
                                                                "Inner Unique": false,
                                                                "Hash Cond": "(acc.id = u1.account_id)",
                                                                "Workers": [],
                                                                "Plans": [
                                                                    {
                                                                        "Node Type": "Seq Scan",
                                                                        "Parent Relationship": "Outer",
                                                                        "Parallel Aware": true,
                                                                        "Async Capable": false,
                                                                        "Relation Name": "account",
                                                                        "Alias": "acc",
                                                                        "Startup Cost": 0.0,
                                                                        "Total Cost": 148993.09,
                                                                        "Plan Rows": 470594,
                                                                        "Plan Width": 4,
                                                                        "Actual Startup Time": 0.047,
                                                                        "Actual Total Time": 267.221,
                                                                        "Actual Rows": 392304,
                                                                        "Actual Loops": 6,
                                                                        "Filter": "((website_url)::text ~~* '%'::text)",
                                                                        "Rows Removed by Filter": 1919722,
                                                                        "Workers": []
                                                                    },
                                                                    {
                                                                        "Node Type": "Hash",
                                                                        "Parent Relationship": "Inner",
                                                                        "Parallel Aware": true,
                                                                        "Async Capable": false,
                                                                        "Startup Cost": 2768692.26,
                                                                        "Total Cost": 2768692.26,
                                                                        "Plan Rows": 1,
                                                                        "Plan Width": 15,
                                                                        "Actual Startup Time": 4640.373,
                                                                        "Actual Total Time": 4640.379,
                                                                        "Actual Rows": 6407,
                                                                        "Actual Loops": 6,
                                                                        "Hash Buckets": 65536,
                                                                        "Original Hash Buckets": 1024,
                                                                        "Hash Batches": 1,
                                                                        "Original Hash Batches": 1,
                                                                        "Peak Memory Usage": 3064,
                                                                        "Workers": [],
                                                                        "Plans": [
                                                                            {
                                                                                "Node Type": "Hash Join",
                                                                                "Parent Relationship": "Outer",
                                                                                "Parallel Aware": true,
                                                                                "Async Capable": false,
                                                                                "Join Type": "Inner",
                                                                                "Startup Cost": 2497657.97,
                                                                                "Total Cost": 2768692.26,
                                                                                "Plan Rows": 1,
                                                                                "Plan Width": 15,
                                                                                "Actual Startup Time": 3716.636,
                                                                                "Actual Total Time": 4110.253,
                                                                                "Actual Rows": 6407,
                                                                                "Actual Loops": 6,
                                                                                "Inner Unique": false,
                                                                                "Hash Cond": "((u1.site_id = s.site_id) AND (u1.id = q1.owner_user_id))",
                                                                                "Workers": [],
                                                                                "Plans": [
                                                                                    {
                                                                                        "Node Type": "Seq Scan",
                                                                                        "Parent Relationship": "Outer",
                                                                                        "Parallel Aware": true,
                                                                                        "Async Capable": false,
                                                                                        "Relation Name": "so_user",
                                                                                        "Alias": "u1",
                                                                                        "Startup Cost": 0.0,
                                                                                        "Total Cost": 239391.02,
                                                                                        "Plan Rows": 4219102,
                                                                                        "Plan Width": 12,
                                                                                        "Actual Startup Time": 0.373,
                                                                                        "Actual Total Time": 192.181,
                                                                                        "Actual Rows": 3516217,
                                                                                        "Actual Loops": 6,
                                                                                        "Workers": []
                                                                                    },
                                                                                    {
                                                                                        "Node Type": "Hash",
                                                                                        "Parent Relationship": "Inner",
                                                                                        "Parallel Aware": true,
                                                                                        "Async Capable": false,
                                                                                        "Startup Cost": 2497657.94,
                                                                                        "Total Cost": 2497657.94,
                                                                                        "Plan Rows": 2,
                                                                                        "Plan Width": 39,
                                                                                        "Actual Startup Time": 3681.236,
                                                                                        "Actual Total Time": 3681.241,
                                                                                        "Actual Rows": 6407,
                                                                                        "Actual Loops": 6,
                                                                                        "Hash Buckets": 65536,
                                                                                        "Original Hash Buckets": 1024,
                                                                                        "Hash Batches": 1,
                                                                                        "Original Hash Batches": 1,
                                                                                        "Peak Memory Usage": 3928,
                                                                                        "Workers": [],
                                                                                        "Plans": [
                                                                                            {
                                                                                                "Node Type": "Hash Join",
                                                                                                "Parent Relationship": "Outer",
                                                                                                "Parallel Aware": true,
                                                                                                "Async Capable": false,
                                                                                                "Join Type": "Inner",
                                                                                                "Startup Cost": 2017201.63,
                                                                                                "Total Cost": 2497657.94,
                                                                                                "Plan Rows": 2,
                                                                                                "Plan Width": 39,
                                                                                                "Actual Startup Time": 1447.311,
                                                                                                "Actual Total Time": 2277.968,
                                                                                                "Actual Rows": 6407,
                                                                                                "Actual Loops": 6,
                                                                                                "Inner Unique": false,
                                                                                                "Hash Cond": "((s.site_id = t1.site_id) AND (b1.user_id = q1.owner_user_id))",
                                                                                                "Workers": [],
                                                                                                "Plans": [
                                                                                                    {
                                                                                                        "Node Type": "Hash Join",
                                                                                                        "Parent Relationship": "Outer",
                                                                                                        "Parallel Aware": false,
                                                                                                        "Async Capable": false,
                                                                                                        "Join Type": "Inner",
                                                                                                        "Startup Cost": 3.42,
                                                                                                        "Total Cost": 479349.3,
                                                                                                        "Plan Rows": 148053,
                                                                                                        "Plan Width": 23,
                                                                                                        "Actual Startup Time": 187.073,
                                                                                                        "Actual Total Time": 1004.212,
                                                                                                        "Actual Rows": 189180,
                                                                                                        "Actual Loops": 6,
                                                                                                        "Inner Unique": true,
                                                                                                        "Hash Cond": "(b1.site_id = s.site_id)",
                                                                                                        "Workers": [],
                                                                                                        "Plans": [
                                                                                                            {
                                                                                                                "Node Type": "Seq Scan",
                                                                                                                "Parent Relationship": "Outer",
                                                                                                                "Parallel Aware": true,
                                                                                                                "Async Capable": false,
                                                                                                                "Relation Name": "badge",
                                                                                                                "Alias": "b1",
                                                                                                                "Startup Cost": 0.0,
                                                                                                                "Total Cost": 456385.31,
                                                                                                                "Plan Rows": 8537731,
                                                                                                                "Plan Width": 19,
                                                                                                                "Actual Startup Time": 0.676,
                                                                                                                "Actual Total Time": 684.124,
                                                                                                                "Actual Rows": 8539484,
                                                                                                                "Actual Loops": 6,
                                                                                                                "Workers": []
                                                                                                            },
                                                                                                            {
                                                                                                                "Node Type": "Hash",
                                                                                                                "Parent Relationship": "Inner",
                                                                                                                "Parallel Aware": false,
                                                                                                                "Async Capable": false,
                                                                                                                "Startup Cost": 3.38,
                                                                                                                "Total Cost": 3.38,
                                                                                                                "Plan Rows": 3,
                                                                                                                "Plan Width": 4,
                                                                                                                "Actual Startup Time": 0.028,
                                                                                                                "Actual Total Time": 0.028,
                                                                                                                "Actual Rows": 3,
                                                                                                                "Actual Loops": 6,
                                                                                                                "Hash Buckets": 1024,
                                                                                                                "Original Hash Buckets": 1024,
                                                                                                                "Hash Batches": 1,
                                                                                                                "Original Hash Batches": 1,
                                                                                                                "Peak Memory Usage": 9,
                                                                                                                "Workers": [],
                                                                                                                "Plans": [
                                                                                                                    {
                                                                                                                        "Node Type": "Seq Scan",
                                                                                                                        "Parent Relationship": "Outer",
                                                                                                                        "Parallel Aware": false,
                                                                                                                        "Async Capable": false,
                                                                                                                        "Relation Name": "site",
                                                                                                                        "Alias": "s",
                                                                                                                        "Startup Cost": 0.0,
                                                                                                                        "Total Cost": 3.38,
                                                                                                                        "Plan Rows": 3,
                                                                                                                        "Plan Width": 4,
                                                                                                                        "Actual Startup Time": 0.015,
                                                                                                                        "Actual Total Time": 0.025,
                                                                                                                        "Actual Rows": 3,
                                                                                                                        "Actual Loops": 6,
                                                                                                                        "Filter": "((site_name)::text = ANY ('{apple,ru,stats}'::text[]))",
                                                                                                                        "Rows Removed by Filter": 170,
                                                                                                                        "Workers": []
                                                                                                                    }
                                                                                                                ]
                                                                                                            }
                                                                                                        ]
                                                                                                    },
                                                                                                    {
                                                                                                        "Node Type": "Hash",
                                                                                                        "Parent Relationship": "Inner",
                                                                                                        "Parallel Aware": true,
                                                                                                        "Async Capable": false,
                                                                                                        "Startup Cost": 2017176.96,
                                                                                                        "Total Cost": 2017176.96,
                                                                                                        "Plan Rows": 1417,
                                                                                                        "Plan Width": 16,
                                                                                                        "Actual Startup Time": 1260.104,
                                                                                                        "Actual Total Time": 1260.107,
                                                                                                        "Actual Rows": 6319,
                                                                                                        "Actual Loops": 6,
                                                                                                        "Hash Buckets": 65536,
                                                                                                        "Original Hash Buckets": 16384,
                                                                                                        "Hash Batches": 1,
                                                                                                        "Original Hash Batches": 1,
                                                                                                        "Peak Memory Usage": 2816,
                                                                                                        "Workers": [],
                                                                                                        "Plans": [
                                                                                                            {
                                                                                                                "Node Type": "Hash Join",
                                                                                                                "Parent Relationship": "Outer",
                                                                                                                "Parallel Aware": true,
                                                                                                                "Async Capable": false,
                                                                                                                "Join Type": "Inner",
                                                                                                                "Startup Cost": 316015.23,
                                                                                                                "Total Cost": 2017176.96,
                                                                                                                "Plan Rows": 1417,
                                                                                                                "Plan Width": 16,
                                                                                                                "Actual Startup Time": 543.388,
                                                                                                                "Actual Total Time": 1235.865,
                                                                                                                "Actual Rows": 6319,
                                                                                                                "Actual Loops": 6,
                                                                                                                "Inner Unique": false,
                                                                                                                "Hash Cond": "((q1.site_id = t1.site_id) AND (q1.id = tq1.question_id))",
                                                                                                                "Workers": [],
                                                                                                                "Plans": [
                                                                                                                    {
                                                                                                                        "Node Type": "Seq Scan",
                                                                                                                        "Parent Relationship": "Outer",
                                                                                                                        "Parallel Aware": true,
                                                                                                                        "Async Capable": false,
                                                                                                                        "Relation Name": "question",
                                                                                                                        "Alias": "q1",
                                                                                                                        "Startup Cost": 0.0,
                                                                                                                        "Total Cost": 1691290.18,
                                                                                                                        "Plan Rows": 1315973,
                                                                                                                        "Plan Width": 12,
                                                                                                                        "Actual Startup Time": 0.024,
                                                                                                                        "Actual Total Time": 565.189,
                                                                                                                        "Actual Rows": 1540858,
                                                                                                                        "Actual Loops": 6,
                                                                                                                        "Filter": "((view_count >= 10) AND (view_count <= 1000))",
                                                                                                                        "Rows Removed by Filter": 570216,
                                                                                                                        "Workers": []
                                                                                                                    },
                                                                                                                    {
                                                                                                                        "Node Type": "Hash",
                                                                                                                        "Parent Relationship": "Inner",
                                                                                                                        "Parallel Aware": true,
                                                                                                                        "Async Capable": false,
                                                                                                                        "Startup Cost": 315974.36,
                                                                                                                        "Total Cost": 315974.36,
                                                                                                                        "Plan Rows": 2725,
                                                                                                                        "Plan Width": 12,
                                                                                                                        "Actual Startup Time": 538.768,
                                                                                                                        "Actual Total Time": 538.77,
                                                                                                                        "Actual Rows": 9369,
                                                                                                                        "Actual Loops": 6,
                                                                                                                        "Hash Buckets": 65536,
                                                                                                                        "Original Hash Buckets": 16384,
                                                                                                                        "Hash Batches": 1,
                                                                                                                        "Original Hash Batches": 1,
                                                                                                                        "Peak Memory Usage": 3616,
                                                                                                                        "Workers": [],
                                                                                                                        "Plans": [
                                                                                                                            {
                                                                                                                                "Node Type": "Hash Join",
                                                                                                                                "Parent Relationship": "Outer",
                                                                                                                                "Parallel Aware": true,
                                                                                                                                "Async Capable": false,
                                                                                                                                "Join Type": "Inner",
                                                                                                                                "Startup Cost": 4084.56,
                                                                                                                                "Total Cost": 315974.36,
                                                                                                                                "Plan Rows": 2725,
                                                                                                                                "Plan Width": 12,
                                                                                                                                "Actual Startup Time": 6.285,
                                                                                                                                "Actual Total Time": 526.577,
                                                                                                                                "Actual Rows": 9369,
                                                                                                                                "Actual Loops": 6,
                                                                                                                                "Inner Unique": true,
                                                                                                                                "Hash Cond": "((tq1.site_id = t1.site_id) AND (tq1.tag_id = t1.id))",
                                                                                                                                "Workers": [],
                                                                                                                                "Plans": [
                                                                                                                                    {
                                                                                                                                        "Node Type": "Seq Scan",
                                                                                                                                        "Parent Relationship": "Outer",
                                                                                                                                        "Parallel Aware": true,
                                                                                                                                        "Async Capable": false,
                                                                                                                                        "Relation Name": "tag_question",
                                                                                                                                        "Alias": "tq1",
                                                                                                                                        "Startup Cost": 0.0,
                                                                                                                                        "Total Cost": 273159.66,
                                                                                                                                        "Plan Rows": 7376766,
                                                                                                                                        "Plan Width": 12,
                                                                                                                                        "Actual Startup Time": 0.022,
                                                                                                                                        "Actual Total Time": 250.493,
                                                                                                                                        "Actual Rows": 6147303,
                                                                                                                                        "Actual Loops": 6,
                                                                                                                                        "Workers": []
                                                                                                                                    },
                                                                                                                                    {
                                                                                                                                        "Node Type": "Hash",
                                                                                                                                        "Parent Relationship": "Inner",
                                                                                                                                        "Parallel Aware": true,
                                                                                                                                        "Async Capable": false,
                                                                                                                                        "Startup Cost": 4083.95,
                                                                                                                                        "Total Cost": 4083.95,
                                                                                                                                        "Plan Rows": 41,
                                                                                                                                        "Plan Width": 8,
                                                                                                                                        "Actual Startup Time": 5.462,
                                                                                                                                        "Actual Total Time": 5.463,
                                                                                                                                        "Actual Rows": 19,
                                                                                                                                        "Actual Loops": 6,
                                                                                                                                        "Hash Buckets": 1024,
                                                                                                                                        "Original Hash Buckets": 1024,
                                                                                                                                        "Hash Batches": 1,
                                                                                                                                        "Original Hash Batches": 1,
                                                                                                                                        "Peak Memory Usage": 200,
                                                                                                                                        "Workers": [],
                                                                                                                                        "Plans": [
                                                                                                                                            {
                                                                                                                                                "Node Type": "Seq Scan",
                                                                                                                                                "Parent Relationship": "Outer",
                                                                                                                                                "Parallel Aware": true,
                                                                                                                                                "Async Capable": false,
                                                                                                                                                "Relation Name": "tag",
                                                                                                                                                "Alias": "t1",
                                                                                                                                                "Startup Cost": 0.0,
                                                                                                                                                "Total Cost": 4083.95,
                                                                                                                                                "Plan Rows": 41,
                                                                                                                                                "Plan Width": 8,
                                                                                                                                                "Actual Startup Time": 0.292,
                                                                                                                                                "Actual Total Time": 5.431,
                                                                                                                                                "Actual Rows": 19,
                                                                                                                                                "Actual Loops": 6,
                                                                                                                                                "Filter": "((name)::text = ANY ('{1с,categorical-encoding,estimators,filter,ftp,iframe,kohana,kolmogorov-smirnov,marginal,path,websocket,криптография,шаблоны-проектирования}'::text[]))",
                                                                                                                                                "Rows Removed by Filter": 31110,
                                                                                                                                                "Workers": []
                                                                                                                                            }
                                                                                                                                        ]
                                                                                                                                    }
                                                                                                                                ]
                                                                                                                            }
                                                                                                                        ]
                                                                                                                    }
                                                                                                                ]
                                                                                                            }
                                                                                                        ]
                                                                                                    }
                                                                                                ]
                                                                                            }
                                                                                        ]
                                                                                    }
                                                                                ]
                                                                            }
                                                                        ]
                                                                    }
                                                                ]
                                                            }
                                                        ]
                                                    }
                                                ]
                                            }
                                        ]
                                    }
                                ]
                            }
                        ]
                    },
                    "Planning Time": 12.378,
                    "Triggers": [],
                    "Execution Time": 4949.135
                }
            ],
            "hints": [
                "SET enable_hashjoin TO on",
                "SET enable_indexonlyscan TO on",
                "SET enable_indexscan TO on",
                "SET enable_mergejoin TO on",
                "SET enable_nestloop TO off",
                "SET enable_seqscan TO on"
            ]
        },
        {
            "arm": 2,
            "execution_time": 52.94,
            "plan": [
                {
                    "Plan": {
                        "Node Type": "Limit",
                        "Parallel Aware": false,
                        "Async Capable": false,
                        "Startup Cost": 5400.39,
                        "Total Cost": 5400.4,
                        "Plan Rows": 1,
                        "Plan Width": 19,
                        "Actual Startup Time": 52.838,
                        "Actual Total Time": 52.887,
                        "Actual Rows": 87,
                        "Actual Loops": 1,
                        "Plans": [
                            {
                                "Node Type": "Sort",
                                "Parent Relationship": "Outer",
                                "Parallel Aware": false,
                                "Async Capable": false,
                                "Startup Cost": 5400.39,
                                "Total Cost": 5400.4,
                                "Plan Rows": 1,
                                "Plan Width": 19,
                                "Actual Startup Time": 52.836,
                                "Actual Total Time": 52.881,
                                "Actual Rows": 87,
                                "Actual Loops": 1,
                                "Sort Key": [
                                    "(count(*)) DESC"
                                ],
                                "Sort Method": "quicksort",
                                "Sort Space Used": 30,
                                "Sort Space Type": "Memory",
                                "Plans": [
                                    {
                                        "Node Type": "Aggregate",
                                        "Strategy": "Sorted",
                                        "Partial Mode": "Simple",
                                        "Parent Relationship": "Outer",
                                        "Parallel Aware": false,
                                        "Async Capable": false,
                                        "Startup Cost": 5400.36,
                                        "Total Cost": 5400.38,
                                        "Plan Rows": 1,
                                        "Plan Width": 19,
                                        "Actual Startup Time": 51.576,
                                        "Actual Total Time": 52.861,
                                        "Actual Rows": 87,
                                        "Actual Loops": 1,
                                        "Group Key": [
                                            "b1.name"
                                        ],
                                        "Plans": [
                                            {
                                                "Node Type": "Sort",
                                                "Parent Relationship": "Outer",
                                                "Parallel Aware": false,
                                                "Async Capable": false,
                                                "Startup Cost": 5400.36,
                                                "Total Cost": 5400.37,
                                                "Plan Rows": 1,
                                                "Plan Width": 11,
                                                "Actual Startup Time": 51.57,
                                                "Actual Total Time": 52.057,
                                                "Actual Rows": 14875,
                                                "Actual Loops": 1,
                                                "Sort Key": [
                                                    "b1.name"
                                                ],
                                                "Sort Method": "quicksort",
                                                "Sort Space Used": 742,
                                                "Sort Space Type": "Memory",
                                                "Plans": [
                                                    {
                                                        "Node Type": "Nested Loop",
                                                        "Parent Relationship": "Outer",
                                                        "Parallel Aware": false,
                                                        "Async Capable": false,
                                                        "Join Type": "Inner",
                                                        "Startup Cost": 1023.05,
                                                        "Total Cost": 5400.35,
                                                        "Plan Rows": 1,
                                                        "Plan Width": 11,
                                                        "Actual Startup Time": 1.15,
                                                        "Actual Total Time": 48.65,
                                                        "Actual Rows": 14875,
                                                        "Actual Loops": 1,
                                                        "Inner Unique": false,
                                                        "Join Filter": "((s.site_id = b1.site_id) AND (b1.user_id = q1.owner_user_id))",
                                                        "Rows Removed by Join Filter": 0,
                                                        "Plans": [
                                                            {
                                                                "Node Type": "Gather",
                                                                "Parent Relationship": "Outer",
                                                                "Parallel Aware": false,
                                                                "Async Capable": false,
                                                                "Startup Cost": 1019.21,
                                                                "Total Cost": 5392.48,
                                                                "Plan Rows": 1,
                                                                "Plan Width": 28,
                                                                "Actual Startup Time": 1.131,
                                                                "Actual Total Time": 33.676,
                                                                "Actual Rows": 486,
                                                                "Actual Loops": 1,
                                                                "Workers Planned": 1,
                                                                "Workers Launched": 1,
                                                                "Single Copy": false,
                                                                "Plans": [
                                                                    {
                                                                        "Node Type": "Nested Loop",
                                                                        "Parent Relationship": "Outer",
                                                                        "Parallel Aware": false,
                                                                        "Async Capable": false,
                                                                        "Join Type": "Inner",
                                                                        "Startup Cost": 19.21,
                                                                        "Total Cost": 4392.38,
                                                                        "Plan Rows": 1,
                                                                        "Plan Width": 28,
                                                                        "Actual Startup Time": 5.652,
                                                                        "Actual Total Time": 37.562,
                                                                        "Actual Rows": 243,
                                                                        "Actual Loops": 2,
                                                                        "Inner Unique": true,
                                                                        "Workers": [],
                                                                        "Plans": [
                                                                            {
                                                                                "Node Type": "Nested Loop",
                                                                                "Parent Relationship": "Outer",
                                                                                "Parallel Aware": false,
                                                                                "Async Capable": false,
                                                                                "Join Type": "Inner",
                                                                                "Startup Cost": 15.58,
                                                                                "Total Cost": 4384.74,
                                                                                "Plan Rows": 1,
                                                                                "Plan Width": 32,
                                                                                "Actual Startup Time": 5.48,
                                                                                "Actual Total Time": 29.963,
                                                                                "Actual Rows": 1008,
                                                                                "Actual Loops": 2,
                                                                                "Inner Unique": true,
                                                                                "Join Filter": "(s.site_id = u1.site_id)",
                                                                                "Rows Removed by Join Filter": 0,
                                                                                "Workers": [],
                                                                                "Plans": [
                                                                                    {
                                                                                        "Node Type": "Nested Loop",
                                                                                        "Parent Relationship": "Outer",
                                                                                        "Parallel Aware": false,
                                                                                        "Async Capable": false,
                                                                                        "Join Type": "Inner",
                                                                                        "Startup Cost": 11.93,
                                                                                        "Total Cost": 4315.7,
                                                                                        "Plan Rows": 9,
                                                                                        "Plan Width": 20,
                                                                                        "Actual Startup Time": 5.465,
                                                                                        "Actual Total Time": 25.873,
                                                                                        "Actual Rows": 1008,
                                                                                        "Actual Loops": 2,
                                                                                        "Inner Unique": true,
                                                                                        "Join Filter": "(s.site_id = q1.site_id)",
                                                                                        "Rows Removed by Join Filter": 0,
                                                                                        "Workers": [],
                                                                                        "Plans": [
                                                                                            {
                                                                                                "Node Type": "Nested Loop",
                                                                                                "Parent Relationship": "Outer",
                                                                                                "Parallel Aware": false,
                                                                                                "Async Capable": false,
                                                                                                "Join Type": "Inner",
                                                                                                "Startup Cost": 8.3,
                                                                                                "Total Cost": 4216.05,
                                                                                                "Plan Rows": 13,
                                                                                                "Plan Width": 16,
                                                                                                "Actual Startup Time": 5.433,
                                                                                                "Actual Total Time": 20.419,
                                                                                                "Actual Rows": 1286,
                                                                                                "Actual Loops": 2,
                                                                                                "Inner Unique": false,
                                                                                                "Join Filter": "(s.site_id = tq1.site_id)",
                                                                                                "Rows Removed by Join Filter": 0,
                                                                                                "Workers": [],
                                                                                                "Plans": [
                                                                                                    {
                                                                                                        "Node Type": "Hash Join",
                                                                                                        "Parent Relationship": "Outer",
                                                                                                        "Parallel Aware": false,
                                                                                                        "Async Capable": false,
                                                                                                        "Join Type": "Inner",
                                                                                                        "Startup Cost": 3.42,
                                                                                                        "Total Cost": 4087.47,
                                                                                                        "Plan Rows": 1,
                                                                                                        "Plan Width": 12,
                                                                                                        "Actual Startup Time": 5.389,
                                                                                                        "Actual Total Time": 18.585,
                                                                                                        "Actual Rows": 8,
                                                                                                        "Actual Loops": 2,
                                                                                                        "Inner Unique": true,
                                                                                                        "Hash Cond": "(t1.site_id = s.site_id)",
                                                                                                        "Workers": [],
                                                                                                        "Plans": [
                                                                                                            {
                                                                                                                "Node Type": "Seq Scan",
                                                                                                                "Parent Relationship": "Outer",
                                                                                                                "Parallel Aware": true,
                                                                                                                "Async Capable": false,
                                                                                                                "Relation Name": "tag",
                                                                                                                "Alias": "t1",
                                                                                                                "Startup Cost": 0.0,
                                                                                                                "Total Cost": 4083.95,
                                                                                                                "Plan Rows": 41,
                                                                                                                "Plan Width": 8,
                                                                                                                "Actual Startup Time": 0.298,
                                                                                                                "Actual Total Time": 18.487,
                                                                                                                "Actual Rows": 56,
                                                                                                                "Actual Loops": 2,
                                                                                                                "Filter": "((name)::text = ANY ('{1с,categorical-encoding,estimators,filter,ftp,iframe,kohana,kolmogorov-smirnov,marginal,path,websocket,криптография,шаблоны-проектирования}'::text[]))",
                                                                                                                "Rows Removed by Filter": 93329,
                                                                                                                "Workers": []
                                                                                                            },
                                                                                                            {
                                                                                                                "Node Type": "Hash",
                                                                                                                "Parent Relationship": "Inner",
                                                                                                                "Parallel Aware": false,
                                                                                                                "Async Capable": false,
                                                                                                                "Startup Cost": 3.38,
                                                                                                                "Total Cost": 3.38,
                                                                                                                "Plan Rows": 3,
                                                                                                                "Plan Width": 4,
                                                                                                                "Actual Startup Time": 0.026,
                                                                                                                "Actual Total Time": 0.027,
                                                                                                                "Actual Rows": 3,
                                                                                                                "Actual Loops": 2,
                                                                                                                "Hash Buckets": 1024,
                                                                                                                "Original Hash Buckets": 1024,
                                                                                                                "Hash Batches": 1,
                                                                                                                "Original Hash Batches": 1,
                                                                                                                "Peak Memory Usage": 9,
                                                                                                                "Workers": [],
                                                                                                                "Plans": [
                                                                                                                    {
                                                                                                                        "Node Type": "Seq Scan",
                                                                                                                        "Parent Relationship": "Outer",
                                                                                                                        "Parallel Aware": false,
                                                                                                                        "Async Capable": false,
                                                                                                                        "Relation Name": "site",
                                                                                                                        "Alias": "s",
                                                                                                                        "Startup Cost": 0.0,
                                                                                                                        "Total Cost": 3.38,
                                                                                                                        "Plan Rows": 3,
                                                                                                                        "Plan Width": 4,
                                                                                                                        "Actual Startup Time": 0.01,
                                                                                                                        "Actual Total Time": 0.022,
                                                                                                                        "Actual Rows": 3,
                                                                                                                        "Actual Loops": 2,
                                                                                                                        "Filter": "((site_name)::text = ANY ('{apple,ru,stats}'::text[]))",
                                                                                                                        "Rows Removed by Filter": 170,
                                                                                                                        "Workers": []
                                                                                                                    }
                                                                                                                ]
                                                                                                            }
                                                                                                        ]
                                                                                                    },
                                                                                                    {
                                                                                                        "Node Type": "Bitmap Heap Scan",
                                                                                                        "Parent Relationship": "Inner",
                                                                                                        "Parallel Aware": false,
                                                                                                        "Async Capable": false,
                                                                                                        "Relation Name": "tag_question",
                                                                                                        "Alias": "tq1",
                                                                                                        "Startup Cost": 4.88,
                                                                                                        "Total Cost": 128.19,
                                                                                                        "Plan Rows": 31,
                                                                                                        "Plan Width": 12,
                                                                                                        "Actual Startup Time": 0.031,
                                                                                                        "Actual Total Time": 0.212,
                                                                                                        "Actual Rows": 161,
                                                                                                        "Actual Loops": 16,
                                                                                                        "Recheck Cond": "((t1.site_id = site_id) AND (t1.id = tag_id))",
                                                                                                        "Rows Removed by Index Recheck": 0,
                                                                                                        "Exact Heap Blocks": 888,
                                                                                                        "Lossy Heap Blocks": 0,
                                                                                                        "Workers": [],
                                                                                                        "Plans": [
                                                                                                            {
                                                                                                                "Node Type": "Bitmap Index Scan",
                                                                                                                "Parent Relationship": "Outer",
                                                                                                                "Parallel Aware": false,
                                                                                                                "Async Capable": false,
                                                                                                                "Index Name": "tag_question_site_id_tag_id_question_id_idx",
                                                                                                                "Startup Cost": 0.0,
                                                                                                                "Total Cost": 4.88,
                                                                                                                "Plan Rows": 31,
                                                                                                                "Plan Width": 0,
                                                                                                                "Actual Startup Time": 0.017,
                                                                                                                "Actual Total Time": 0.017,
                                                                                                                "Actual Rows": 161,
                                                                                                                "Actual Loops": 16,
                                                                                                                "Index Cond": "((site_id = t1.site_id) AND (tag_id = t1.id))",
                                                                                                                "Workers": []
                                                                                                            }
                                                                                                        ]
                                                                                                    }
                                                                                                ]
                                                                                            },
                                                                                            {
                                                                                                "Node Type": "Bitmap Heap Scan",
                                                                                                "Parent Relationship": "Inner",
                                                                                                "Parallel Aware": false,
                                                                                                "Async Capable": false,
                                                                                                "Relation Name": "question",
                                                                                                "Alias": "q1",
                                                                                                "Startup Cost": 3.63,
                                                                                                "Total Cost": 7.65,
                                                                                                "Plan Rows": 1,
                                                                                                "Plan Width": 12,
                                                                                                "Actual Startup Time": 0.003,
                                                                                                "Actual Total Time": 0.003,
                                                                                                "Actual Rows": 1,
                                                                                                "Actual Loops": 2571,
                                                                                                "Recheck Cond": "((tq1.question_id = id) AND (tq1.site_id = site_id))",
                                                                                                "Rows Removed by Index Recheck": 0,
                                                                                                "Filter": "((view_count >= 10) AND (view_count <= 1000))",
                                                                                                "Rows Removed by Filter": 0,
                                                                                                "Exact Heap Blocks": 963,
                                                                                                "Lossy Heap Blocks": 0,
                                                                                                "Workers": [],
                                                                                                "Plans": [
                                                                                                    {
                                                                                                        "Node Type": "Bitmap Index Scan",
                                                                                                        "Parent Relationship": "Outer",
                                                                                                        "Parallel Aware": false,
                                                                                                        "Async Capable": false,
                                                                                                        "Index Name": "question_pkey",
                                                                                                        "Startup Cost": 0.0,
                                                                                                        "Total Cost": 3.63,
                                                                                                        "Plan Rows": 1,
                                                                                                        "Plan Width": 0,
                                                                                                        "Actual Startup Time": 0.002,
                                                                                                        "Actual Total Time": 0.002,
                                                                                                        "Actual Rows": 1,
                                                                                                        "Actual Loops": 2571,
                                                                                                        "Index Cond": "((id = tq1.question_id) AND (site_id = tq1.site_id))",
                                                                                                        "Workers": []
                                                                                                    }
                                                                                                ]
                                                                                            }
                                                                                        ]
                                                                                    },
                                                                                    {
                                                                                        "Node Type": "Bitmap Heap Scan",
                                                                                        "Parent Relationship": "Inner",
                                                                                        "Parallel Aware": false,
                                                                                        "Async Capable": false,
                                                                                        "Relation Name": "so_user",
                                                                                        "Alias": "u1",
                                                                                        "Startup Cost": 3.64,
                                                                                        "Total Cost": 7.66,
                                                                                        "Plan Rows": 1,
                                                                                        "Plan Width": 12,
                                                                                        "Actual Startup Time": 0.003,
                                                                                        "Actual Total Time": 0.003,
                                                                                        "Actual Rows": 1,
                                                                                        "Actual Loops": 2016,
                                                                                        "Recheck Cond": "((id = q1.owner_user_id) AND (site_id = q1.site_id))",
                                                                                        "Rows Removed by Index Recheck": 0,
                                                                                        "Exact Heap Blocks": 724,
                                                                                        "Lossy Heap Blocks": 0,
                                                                                        "Workers": [],
                                                                                        "Plans": [
                                                                                            {
                                                                                                "Node Type": "Bitmap Index Scan",
                                                                                                "Parent Relationship": "Outer",
                                                                                                "Parallel Aware": false,
                                                                                                "Async Capable": false,
                                                                                                "Index Name": "so_user_pkey",
                                                                                                "Startup Cost": 0.0,
                                                                                                "Total Cost": 3.64,
                                                                                                "Plan Rows": 1,
                                                                                                "Plan Width": 0,
                                                                                                "Actual Startup Time": 0.002,
                                                                                                "Actual Total Time": 0.002,
                                                                                                "Actual Rows": 1,
                                                                                                "Actual Loops": 2016,
                                                                                                "Index Cond": "((id = q1.owner_user_id) AND (site_id = q1.site_id))",
                                                                                                "Workers": []
                                                                                            }
                                                                                        ]
                                                                                    }
                                                                                ]
                                                                            },
                                                                            {
                                                                                "Node Type": "Bitmap Heap Scan",
                                                                                "Parent Relationship": "Inner",
                                                                                "Parallel Aware": false,
                                                                                "Async Capable": false,
                                                                                "Relation Name": "account",
                                                                                "Alias": "acc",
                                                                                "Startup Cost": 3.63,
                                                                                "Total Cost": 7.65,
                                                                                "Plan Rows": 1,
                                                                                "Plan Width": 4,
                                                                                "Actual Startup Time": 0.007,
                                                                                "Actual Total Time": 0.007,
                                                                                "Actual Rows": 0,
                                                                                "Actual Loops": 2016,
                                                                                "Recheck Cond": "(id = u1.account_id)",
                                                                                "Rows Removed by Index Recheck": 0,
                                                                                "Filter": "((website_url)::text ~~* '%'::text)",
                                                                                "Rows Removed by Filter": 1,
                                                                                "Exact Heap Blocks": 724,
                                                                                "Lossy Heap Blocks": 0,
                                                                                "Workers": [],
                                                                                "Plans": [
                                                                                    {
                                                                                        "Node Type": "Bitmap Index Scan",
                                                                                        "Parent Relationship": "Outer",
                                                                                        "Parallel Aware": false,
                                                                                        "Async Capable": false,
                                                                                        "Index Name": "account_pkey",
                                                                                        "Startup Cost": 0.0,
                                                                                        "Total Cost": 3.63,
                                                                                        "Plan Rows": 1,
                                                                                        "Plan Width": 0,
                                                                                        "Actual Startup Time": 0.005,
                                                                                        "Actual Total Time": 0.005,
                                                                                        "Actual Rows": 1,
                                                                                        "Actual Loops": 2016,
                                                                                        "Index Cond": "(id = u1.account_id)",
                                                                                        "Workers": []
                                                                                    }
                                                                                ]
                                                                            }
                                                                        ]
                                                                    }
                                                                ]
                                                            },
                                                            {
                                                                "Node Type": "Bitmap Heap Scan",
                                                                "Parent Relationship": "Inner",
                                                                "Parallel Aware": false,
                                                                "Async Capable": false,
                                                                "Relation Name": "badge",
                                                                "Alias": "b1",
                                                                "Startup Cost": 3.84,
                                                                "Total Cost": 7.86,
                                                                "Plan Rows": 1,
                                                                "Plan Width": 19,
                                                                "Actual Startup Time": 0.007,
                                                                "Actual Total Time": 0.027,
                                                                "Actual Rows": 31,
                                                                "Actual Loops": 486,
                                                                "Recheck Cond": "((u1.site_id = site_id) AND (u1.id = user_id))",
                                                                "Rows Removed by Index Recheck": 0,
                                                                "Exact Heap Blocks": 13122,
                                                                "Lossy Heap Blocks": 0,
                                                                "Plans": [
                                                                    {
                                                                        "Node Type": "Bitmap Index Scan",
                                                                        "Parent Relationship": "Outer",
                                                                        "Parallel Aware": false,
                                                                        "Async Capable": false,
                                                                        "Index Name": "badge_pkey",
                                                                        "Startup Cost": 0.0,
                                                                        "Total Cost": 3.84,
                                                                        "Plan Rows": 1,
                                                                        "Plan Width": 0,
                                                                        "Actual Startup Time": 0.004,
                                                                        "Actual Total Time": 0.004,
                                                                        "Actual Rows": 31,
                                                                        "Actual Loops": 486,
                                                                        "Index Cond": "((site_id = u1.site_id) AND (user_id = u1.id))"
                                                                    }
                                                                ]
                                                            }
                                                        ]
                                                    }
                                                ]
                                            }
                                        ]
                                    }
                                ]
                            }
                        ]
                    },
                    "Planning Time": 9.21,
                    "Triggers": [],
                    "Execution Time": 52.94
                }
            ],
            "hints": [
                "SET enable_hashjoin TO on",
                "SET enable_indexonlyscan TO on",
                "SET enable_indexscan TO off",
                "SET enable_mergejoin TO off",
                "SET enable_nestloop TO on",
                "SET enable_seqscan TO on"
            ]
        },
        {
            "arm": 3,
            "execution_time": 3452.512,
            "plan": [
                {
                    "Plan": {
                        "Node Type": "Limit",
                        "Parallel Aware": false,
                        "Async Capable": false,
                        "Startup Cost": 2920450.34,
                        "Total Cost": 2920450.34,
                        "Plan Rows": 1,
                        "Plan Width": 19,
                        "Actual Startup Time": 3442.95,
                        "Actual Total Time": 3452.463,
                        "Actual Rows": 87,
                        "Actual Loops": 1,
                        "Plans": [
                            {
                                "Node Type": "Sort",
                                "Parent Relationship": "Outer",
                                "Parallel Aware": false,
                                "Async Capable": false,
                                "Startup Cost": 2920450.34,
                                "Total Cost": 2920450.34,
                                "Plan Rows": 1,
                                "Plan Width": 19,
                                "Actual Startup Time": 3442.949,
                                "Actual Total Time": 3452.459,
                                "Actual Rows": 87,
                                "Actual Loops": 1,
                                "Sort Key": [
                                    "(count(*)) DESC"
                                ],
                                "Sort Method": "quicksort",
                                "Sort Space Used": 30,
                                "Sort Space Type": "Memory",
                                "Plans": [
                                    {
                                        "Node Type": "Aggregate",
                                        "Strategy": "Sorted",
                                        "Partial Mode": "Simple",
                                        "Parent Relationship": "Outer",
                                        "Parallel Aware": false,
                                        "Async Capable": false,
                                        "Startup Cost": 2920450.19,
                                        "Total Cost": 2920450.33,
                                        "Plan Rows": 1,
                                        "Plan Width": 19,
                                        "Actual Startup Time": 3441.129,
                                        "Actual Total Time": 3452.442,
                                        "Actual Rows": 87,
                                        "Actual Loops": 1,
                                        "Group Key": [
                                            "b1.name"
                                        ],
                                        "Plans": [
                                            {
                                                "Node Type": "Gather Merge",
                                                "Parent Relationship": "Outer",
                                                "Parallel Aware": false,
                                                "Async Capable": false,
                                                "Startup Cost": 2920450.19,
                                                "Total Cost": 2920450.31,
                                                "Plan Rows": 1,
                                                "Plan Width": 11,
                                                "Actual Startup Time": 3441.12,
                                                "Actual Total Time": 3451.817,
                                                "Actual Rows": 14875,
                                                "Actual Loops": 1,
                                                "Workers Planned": 5,
                                                "Workers Launched": 5,
                                                "Plans": [
                                                    {
                                                        "Node Type": "Sort",
                                                        "Parent Relationship": "Outer",
                                                        "Parallel Aware": false,
                                                        "Async Capable": false,
                                                        "Startup Cost": 2919450.11,
                                                        "Total Cost": 2919450.11,
                                                        "Plan Rows": 1,
                                                        "Plan Width": 11,
                                                        "Actual Startup Time": 3438.285,
                                                        "Actual Total Time": 3438.356,
                                                        "Actual Rows": 2479,
                                                        "Actual Loops": 6,
                                                        "Sort Key": [
                                                            "b1.name"
                                                        ],
                                                        "Sort Method": "quicksort",
                                                        "Sort Space Used": 146,
                                                        "Sort Space Type": "Memory",
                                                        "Workers": [
                                                            {
                                                                "Worker Number": 0,
                                                                "Sort Method": "quicksort",
                                                                "Sort Space Used": 165,
                                                                "Sort Space Type": "Memory"
                                                            },
                                                            {
                                                                "Worker Number": 1,
                                                                "Sort Method": "quicksort",
                                                                "Sort Space Used": 85,
                                                                "Sort Space Type": "Memory"
                                                            },
                                                            {
                                                                "Worker Number": 2,
                                                                "Sort Method": "quicksort",
                                                                "Sort Space Used": 161,
                                                                "Sort Space Type": "Memory"
                                                            },
                                                            {
                                                                "Worker Number": 3,
                                                                "Sort Method": "quicksort",
                                                                "Sort Space Used": 76,
                                                                "Sort Space Type": "Memory"
                                                            },
                                                            {
                                                                "Worker Number": 4,
                                                                "Sort Method": "quicksort",
                                                                "Sort Space Used": 304,
                                                                "Sort Space Type": "Memory"
                                                            }
                                                        ],
                                                        "Plans": [
                                                            {
                                                                "Node Type": "Hash Join",
                                                                "Parent Relationship": "Outer",
                                                                "Parallel Aware": true,
                                                                "Async Capable": false,
                                                                "Join Type": "Inner",
                                                                "Startup Cost": 2768692.27,
                                                                "Total Cost": 2919450.1,
                                                                "Plan Rows": 1,
                                                                "Plan Width": 11,
                                                                "Actual Startup Time": 3205.411,
                                                                "Actual Total Time": 3437.719,
                                                                "Actual Rows": 2479,
                                                                "Actual Loops": 6,
                                                                "Inner Unique": false,
                                                                "Hash Cond": "(acc.id = u1.account_id)",
                                                                "Workers": [],
                                                                "Plans": [
                                                                    {
                                                                        "Node Type": "Seq Scan",
                                                                        "Parent Relationship": "Outer",
                                                                        "Parallel Aware": true,
                                                                        "Async Capable": false,
                                                                        "Relation Name": "account",
                                                                        "Alias": "acc",
                                                                        "Startup Cost": 0.0,
                                                                        "Total Cost": 148993.09,
                                                                        "Plan Rows": 470594,
                                                                        "Plan Width": 4,
                                                                        "Actual Startup Time": 0.04,
                                                                        "Actual Total Time": 213.554,
                                                                        "Actual Rows": 392304,
                                                                        "Actual Loops": 6,
                                                                        "Filter": "((website_url)::text ~~* '%'::text)",
                                                                        "Rows Removed by Filter": 1919722,
                                                                        "Workers": []
                                                                    },
                                                                    {
                                                                        "Node Type": "Hash",
                                                                        "Parent Relationship": "Inner",
                                                                        "Parallel Aware": true,
                                                                        "Async Capable": false,
                                                                        "Startup Cost": 2768692.26,
                                                                        "Total Cost": 2768692.26,
                                                                        "Plan Rows": 1,
                                                                        "Plan Width": 15,
                                                                        "Actual Startup Time": 3204.57,
                                                                        "Actual Total Time": 3204.576,
                                                                        "Actual Rows": 6407,
                                                                        "Actual Loops": 6,
                                                                        "Hash Buckets": 65536,
                                                                        "Original Hash Buckets": 1024,
                                                                        "Hash Batches": 1,
                                                                        "Original Hash Batches": 1,
                                                                        "Peak Memory Usage": 3064,
                                                                        "Workers": [],
                                                                        "Plans": [
                                                                            {
                                                                                "Node Type": "Hash Join",
                                                                                "Parent Relationship": "Outer",
                                                                                "Parallel Aware": true,
                                                                                "Async Capable": false,
                                                                                "Join Type": "Inner",
                                                                                "Startup Cost": 2497657.97,
                                                                                "Total Cost": 2768692.26,
                                                                                "Plan Rows": 1,
                                                                                "Plan Width": 15,
                                                                                "Actual Startup Time": 2426.3,
                                                                                "Actual Total Time": 2755.844,
                                                                                "Actual Rows": 6407,
                                                                                "Actual Loops": 6,
                                                                                "Inner Unique": false,
                                                                                "Hash Cond": "((u1.site_id = s.site_id) AND (u1.id = q1.owner_user_id))",
                                                                                "Workers": [],
                                                                                "Plans": [
                                                                                    {
                                                                                        "Node Type": "Seq Scan",
                                                                                        "Parent Relationship": "Outer",
                                                                                        "Parallel Aware": true,
                                                                                        "Async Capable": false,
                                                                                        "Relation Name": "so_user",
                                                                                        "Alias": "u1",
                                                                                        "Startup Cost": 0.0,
                                                                                        "Total Cost": 239391.02,
                                                                                        "Plan Rows": 4219102,
                                                                                        "Plan Width": 12,
                                                                                        "Actual Startup Time": 0.023,
                                                                                        "Actual Total Time": 155.775,
                                                                                        "Actual Rows": 3516217,
                                                                                        "Actual Loops": 6,
                                                                                        "Workers": []
                                                                                    },
                                                                                    {
                                                                                        "Node Type": "Hash",
                                                                                        "Parent Relationship": "Inner",
                                                                                        "Parallel Aware": true,
                                                                                        "Async Capable": false,
                                                                                        "Startup Cost": 2497657.94,
                                                                                        "Total Cost": 2497657.94,
                                                                                        "Plan Rows": 2,
                                                                                        "Plan Width": 39,
                                                                                        "Actual Startup Time": 2398.111,
                                                                                        "Actual Total Time": 2398.117,
                                                                                        "Actual Rows": 6407,
                                                                                        "Actual Loops": 6,
                                                                                        "Hash Buckets": 65536,
                                                                                        "Original Hash Buckets": 1024,
                                                                                        "Hash Batches": 1,
                                                                                        "Original Hash Batches": 1,
                                                                                        "Peak Memory Usage": 3896,
                                                                                        "Workers": [],
                                                                                        "Plans": [
                                                                                            {
                                                                                                "Node Type": "Hash Join",
                                                                                                "Parent Relationship": "Outer",
                                                                                                "Parallel Aware": true,
                                                                                                "Async Capable": false,
                                                                                                "Join Type": "Inner",
                                                                                                "Startup Cost": 2017201.63,
                                                                                                "Total Cost": 2497657.94,
                                                                                                "Plan Rows": 2,
                                                                                                "Plan Width": 39,
                                                                                                "Actual Startup Time": 1673.125,
                                                                                                "Actual Total Time": 2272.534,
                                                                                                "Actual Rows": 6407,
                                                                                                "Actual Loops": 6,
                                                                                                "Inner Unique": false,
                                                                                                "Hash Cond": "((s.site_id = t1.site_id) AND (b1.user_id = q1.owner_user_id))",
                                                                                                "Workers": [],
                                                                                                "Plans": [
                                                                                                    {
                                                                                                        "Node Type": "Hash Join",
                                                                                                        "Parent Relationship": "Outer",
                                                                                                        "Parallel Aware": false,
                                                                                                        "Async Capable": false,
                                                                                                        "Join Type": "Inner",
                                                                                                        "Startup Cost": 3.42,
                                                                                                        "Total Cost": 479349.3,
                                                                                                        "Plan Rows": 148053,
                                                                                                        "Plan Width": 23,
                                                                                                        "Actual Startup Time": 157.408,
                                                                                                        "Actual Total Time": 744.84,
                                                                                                        "Actual Rows": 189180,
                                                                                                        "Actual Loops": 6,
                                                                                                        "Inner Unique": true,
                                                                                                        "Hash Cond": "(b1.site_id = s.site_id)",
                                                                                                        "Workers": [],
                                                                                                        "Plans": [
                                                                                                            {
                                                                                                                "Node Type": "Seq Scan",
                                                                                                                "Parent Relationship": "Outer",
                                                                                                                "Parallel Aware": true,
                                                                                                                "Async Capable": false,
                                                                                                                "Relation Name": "badge",
                                                                                                                "Alias": "b1",
                                                                                                                "Startup Cost": 0.0,
                                                                                                                "Total Cost": 456385.31,
                                                                                                                "Plan Rows": 8537731,
                                                                                                                "Plan Width": 19,
                                                                                                                "Actual Startup Time": 0.02,
                                                                                                                "Actual Total Time": 410.897,
                                                                                                                "Actual Rows": 8539484,
                                                                                                                "Actual Loops": 6,
                                                                                                                "Workers": []
                                                                                                            },
                                                                                                            {
                                                                                                                "Node Type": "Hash",
                                                                                                                "Parent Relationship": "Inner",
                                                                                                                "Parallel Aware": false,
                                                                                                                "Async Capable": false,
                                                                                                                "Startup Cost": 3.38,
                                                                                                                "Total Cost": 3.38,
                                                                                                                "Plan Rows": 3,
                                                                                                                "Plan Width": 4,
                                                                                                                "Actual Startup Time": 0.027,
                                                                                                                "Actual Total Time": 0.028,
                                                                                                                "Actual Rows": 3,
                                                                                                                "Actual Loops": 6,
                                                                                                                "Hash Buckets": 1024,
                                                                                                                "Original Hash Buckets": 1024,
                                                                                                                "Hash Batches": 1,
                                                                                                                "Original Hash Batches": 1,
                                                                                                                "Peak Memory Usage": 9,
                                                                                                                "Workers": [],
                                                                                                                "Plans": [
                                                                                                                    {
                                                                                                                        "Node Type": "Seq Scan",
                                                                                                                        "Parent Relationship": "Outer",
                                                                                                                        "Parallel Aware": false,
                                                                                                                        "Async Capable": false,
                                                                                                                        "Relation Name": "site",
                                                                                                                        "Alias": "s",
                                                                                                                        "Startup Cost": 0.0,
                                                                                                                        "Total Cost": 3.38,
                                                                                                                        "Plan Rows": 3,
                                                                                                                        "Plan Width": 4,
                                                                                                                        "Actual Startup Time": 0.012,
                                                                                                                        "Actual Total Time": 0.024,
                                                                                                                        "Actual Rows": 3,
                                                                                                                        "Actual Loops": 6,
                                                                                                                        "Filter": "((site_name)::text = ANY ('{apple,ru,stats}'::text[]))",
                                                                                                                        "Rows Removed by Filter": 170,
                                                                                                                        "Workers": []
                                                                                                                    }
                                                                                                                ]
                                                                                                            }
                                                                                                        ]
                                                                                                    },
                                                                                                    {
                                                                                                        "Node Type": "Hash",
                                                                                                        "Parent Relationship": "Inner",
                                                                                                        "Parallel Aware": true,
                                                                                                        "Async Capable": false,
                                                                                                        "Startup Cost": 2017176.96,
                                                                                                        "Total Cost": 2017176.96,
                                                                                                        "Plan Rows": 1417,
                                                                                                        "Plan Width": 16,
                                                                                                        "Actual Startup Time": 1515.686,
                                                                                                        "Actual Total Time": 1515.69,
                                                                                                        "Actual Rows": 6319,
                                                                                                        "Actual Loops": 6,
                                                                                                        "Hash Buckets": 65536,
                                                                                                        "Original Hash Buckets": 16384,
                                                                                                        "Hash Batches": 1,
                                                                                                        "Original Hash Batches": 1,
                                                                                                        "Peak Memory Usage": 2816,
                                                                                                        "Workers": [],
                                                                                                        "Plans": [
                                                                                                            {
                                                                                                                "Node Type": "Hash Join",
                                                                                                                "Parent Relationship": "Outer",
                                                                                                                "Parallel Aware": true,
                                                                                                                "Async Capable": false,
                                                                                                                "Join Type": "Inner",
                                                                                                                "Startup Cost": 316015.23,
                                                                                                                "Total Cost": 2017176.96,
                                                                                                                "Plan Rows": 1417,
                                                                                                                "Plan Width": 16,
                                                                                                                "Actual Startup Time": 689.51,
                                                                                                                "Actual Total Time": 1485.495,
                                                                                                                "Actual Rows": 6319,
                                                                                                                "Actual Loops": 6,
                                                                                                                "Inner Unique": false,
                                                                                                                "Hash Cond": "((q1.site_id = t1.site_id) AND (q1.id = tq1.question_id))",
                                                                                                                "Workers": [],
                                                                                                                "Plans": [
                                                                                                                    {
                                                                                                                        "Node Type": "Seq Scan",
                                                                                                                        "Parent Relationship": "Outer",
                                                                                                                        "Parallel Aware": true,
                                                                                                                        "Async Capable": false,
                                                                                                                        "Relation Name": "question",
                                                                                                                        "Alias": "q1",
                                                                                                                        "Startup Cost": 0.0,
                                                                                                                        "Total Cost": 1691290.18,
                                                                                                                        "Plan Rows": 1315973,
                                                                                                                        "Plan Width": 12,
                                                                                                                        "Actual Startup Time": 0.11,
                                                                                                                        "Actual Total Time": 651.387,
                                                                                                                        "Actual Rows": 1540858,
                                                                                                                        "Actual Loops": 6,
                                                                                                                        "Filter": "((view_count >= 10) AND (view_count <= 1000))",
                                                                                                                        "Rows Removed by Filter": 570216,
                                                                                                                        "Workers": []
                                                                                                                    },
                                                                                                                    {
                                                                                                                        "Node Type": "Hash",
                                                                                                                        "Parent Relationship": "Inner",
                                                                                                                        "Parallel Aware": true,
                                                                                                                        "Async Capable": false,
                                                                                                                        "Startup Cost": 315974.36,
                                                                                                                        "Total Cost": 315974.36,
                                                                                                                        "Plan Rows": 2725,
                                                                                                                        "Plan Width": 12,
                                                                                                                        "Actual Startup Time": 683.373,
                                                                                                                        "Actual Total Time": 683.376,
                                                                                                                        "Actual Rows": 9369,
                                                                                                                        "Actual Loops": 6,
                                                                                                                        "Hash Buckets": 65536,
                                                                                                                        "Original Hash Buckets": 16384,
                                                                                                                        "Hash Batches": 1,
                                                                                                                        "Original Hash Batches": 1,
                                                                                                                        "Peak Memory Usage": 3584,
                                                                                                                        "Workers": [],
                                                                                                                        "Plans": [
                                                                                                                            {
                                                                                                                                "Node Type": "Hash Join",
                                                                                                                                "Parent Relationship": "Outer",
                                                                                                                                "Parallel Aware": true,
                                                                                                                                "Async Capable": false,
                                                                                                                                "Join Type": "Inner",
                                                                                                                                "Startup Cost": 4084.56,
                                                                                                                                "Total Cost": 315974.36,
                                                                                                                                "Plan Rows": 2725,
                                                                                                                                "Plan Width": 12,
                                                                                                                                "Actual Startup Time": 7.852,
                                                                                                                                "Actual Total Time": 667.584,
                                                                                                                                "Actual Rows": 9369,
                                                                                                                                "Actual Loops": 6,
                                                                                                                                "Inner Unique": true,
                                                                                                                                "Hash Cond": "((tq1.site_id = t1.site_id) AND (tq1.tag_id = t1.id))",
                                                                                                                                "Workers": [],
                                                                                                                                "Plans": [
                                                                                                                                    {
                                                                                                                                        "Node Type": "Seq Scan",
                                                                                                                                        "Parent Relationship": "Outer",
                                                                                                                                        "Parallel Aware": true,
                                                                                                                                        "Async Capable": false,
                                                                                                                                        "Relation Name": "tag_question",
                                                                                                                                        "Alias": "tq1",
                                                                                                                                        "Startup Cost": 0.0,
                                                                                                                                        "Total Cost": 273159.66,
                                                                                                                                        "Plan Rows": 7376766,
                                                                                                                                        "Plan Width": 12,
                                                                                                                                        "Actual Startup Time": 0.03,
                                                                                                                                        "Actual Total Time": 316.754,
                                                                                                                                        "Actual Rows": 6147303,
                                                                                                                                        "Actual Loops": 6,
                                                                                                                                        "Workers": []
                                                                                                                                    },
                                                                                                                                    {
                                                                                                                                        "Node Type": "Hash",
                                                                                                                                        "Parent Relationship": "Inner",
                                                                                                                                        "Parallel Aware": true,
                                                                                                                                        "Async Capable": false,
                                                                                                                                        "Startup Cost": 4083.95,
                                                                                                                                        "Total Cost": 4083.95,
                                                                                                                                        "Plan Rows": 41,
                                                                                                                                        "Plan Width": 8,
                                                                                                                                        "Actual Startup Time": 6.651,
                                                                                                                                        "Actual Total Time": 6.652,
                                                                                                                                        "Actual Rows": 19,
                                                                                                                                        "Actual Loops": 6,
                                                                                                                                        "Hash Buckets": 1024,
                                                                                                                                        "Original Hash Buckets": 1024,
                                                                                                                                        "Hash Batches": 1,
                                                                                                                                        "Original Hash Batches": 1,
                                                                                                                                        "Peak Memory Usage": 200,
                                                                                                                                        "Workers": [],
                                                                                                                                        "Plans": [
                                                                                                                                            {
                                                                                                                                                "Node Type": "Seq Scan",
                                                                                                                                                "Parent Relationship": "Outer",
                                                                                                                                                "Parallel Aware": true,
                                                                                                                                                "Async Capable": false,
                                                                                                                                                "Relation Name": "tag",
                                                                                                                                                "Alias": "t1",
                                                                                                                                                "Startup Cost": 0.0,
                                                                                                                                                "Total Cost": 4083.95,
                                                                                                                                                "Plan Rows": 41,
                                                                                                                                                "Plan Width": 8,
                                                                                                                                                "Actual Startup Time": 0.348,
                                                                                                                                                "Actual Total Time": 6.613,
                                                                                                                                                "Actual Rows": 19,
                                                                                                                                                "Actual Loops": 6,
                                                                                                                                                "Filter": "((name)::text = ANY ('{1с,categorical-encoding,estimators,filter,ftp,iframe,kohana,kolmogorov-smirnov,marginal,path,websocket,криптография,шаблоны-проектирования}'::text[]))",
                                                                                                                                                "Rows Removed by Filter": 31110,
                                                                                                                                                "Workers": []
                                                                                                                                            }
                                                                                                                                        ]
                                                                                                                                    }
                                                                                                                                ]
                                                                                                                            }
                                                                                                                        ]
                                                                                                                    }
                                                                                                                ]
                                                                                                            }
                                                                                                        ]
                                                                                                    }
                                                                                                ]
                                                                                            }
                                                                                        ]
                                                                                    }
                                                                                ]
                                                                            }
                                                                        ]
                                                                    }
                                                                ]
                                                            }
                                                        ]
                                                    }
                                                ]
                                            }
                                        ]
                                    }
                                ]
                            }
                        ]
                    },
                    "Planning Time": 7.794,
                    "Triggers": [],
                    "Execution Time": 3452.512
                }
            ],
            "hints": [
                "SET enable_hashjoin TO on",
                "SET enable_indexonlyscan TO on",
                "SET enable_indexscan TO off",
                "SET enable_mergejoin TO off",
                "SET enable_nestloop TO off",
                "SET enable_seqscan TO on"
            ]
        },
        {
            "arm": 4,
            "execution_time": 63.06,
            "plan": [
                {
                    "Plan": {
                        "Node Type": "Limit",
                        "Parallel Aware": false,
                        "Async Capable": false,
                        "Startup Cost": 5314.21,
                        "Total Cost": 5314.22,
                        "Plan Rows": 1,
                        "Plan Width": 19,
                        "Actual Startup Time": 62.976,
                        "Actual Total Time": 63.019,
                        "Actual Rows": 87,
                        "Actual Loops": 1,
                        "Plans": [
                            {
                                "Node Type": "Sort",
                                "Parent Relationship": "Outer",
                                "Parallel Aware": false,
                                "Async Capable": false,
                                "Startup Cost": 5314.21,
                                "Total Cost": 5314.22,
                                "Plan Rows": 1,
                                "Plan Width": 19,
                                "Actual Startup Time": 62.976,
                                "Actual Total Time": 63.015,
                                "Actual Rows": 87,
                                "Actual Loops": 1,
                                "Sort Key": [
                                    "(count(*)) DESC"
                                ],
                                "Sort Method": "quicksort",
                                "Sort Space Used": 30,
                                "Sort Space Type": "Memory",
                                "Plans": [
                                    {
                                        "Node Type": "Aggregate",
                                        "Strategy": "Sorted",
                                        "Partial Mode": "Simple",
                                        "Parent Relationship": "Outer",
                                        "Parallel Aware": false,
                                        "Async Capable": false,
                                        "Startup Cost": 5314.18,
                                        "Total Cost": 5314.2,
                                        "Plan Rows": 1,
                                        "Plan Width": 19,
                                        "Actual Startup Time": 61.966,
                                        "Actual Total Time": 62.998,
                                        "Actual Rows": 87,
                                        "Actual Loops": 1,
                                        "Group Key": [
                                            "b1.name"
                                        ],
                                        "Plans": [
                                            {
                                                "Node Type": "Sort",
                                                "Parent Relationship": "Outer",
                                                "Parallel Aware": false,
                                                "Async Capable": false,
                                                "Startup Cost": 5314.18,
                                                "Total Cost": 5314.19,
                                                "Plan Rows": 1,
                                                "Plan Width": 11,
                                                "Actual Startup Time": 61.96,
                                                "Actual Total Time": 62.337,
                                                "Actual Rows": 14875,
                                                "Actual Loops": 1,
                                                "Sort Key": [
                                                    "b1.name"
                                                ],
                                                "Sort Method": "quicksort",
                                                "Sort Space Used": 742,
                                                "Sort Space Type": "Memory",
                                                "Plans": [
                                                    {
                                                        "Node Type": "Nested Loop",
                                                        "Parent Relationship": "Outer",
                                                        "Parallel Aware": false,
                                                        "Async Capable": false,
                                                        "Join Type": "Inner",
                                                        "Startup Cost": 1005.85,
                                                        "Total Cost": 5314.17,
                                                        "Plan Rows": 1,
                                                        "Plan Width": 11,
                                                        "Actual Startup Time": 0.942,
                                                        "Actual Total Time": 59.786,
                                                        "Actual Rows": 14875,
                                                        "Actual Loops": 1,
                                                        "Inner Unique": true,
                                                        "Plans": [
                                                            {
                                                                "Node Type": "Gather",
                                                                "Parent Relationship": "Outer",
                                                                "Parallel Aware": false,
                                                                "Async Capable": false,
                                                                "Startup Cost": 1005.42,
                                                                "Total Cost": 5307.34,
                                                                "Plan Rows": 1,
                                                                "Plan Width": 15,
                                                                "Actual Startup Time": 0.933,
                                                                "Actual Total Time": 21.481,
                                                                "Actual Rows": 38443,
                                                                "Actual Loops": 1,
                                                                "Workers Planned": 1,
                                                                "Workers Launched": 1,
                                                                "Single Copy": false,
                                                                "Plans": [
                                                                    {
                                                                        "Node Type": "Nested Loop",
                                                                        "Parent Relationship": "Outer",
                                                                        "Parallel Aware": false,
                                                                        "Async Capable": false,
                                                                        "Join Type": "Inner",
                                                                        "Startup Cost": 5.42,
                                                                        "Total Cost": 4307.24,
                                                                        "Plan Rows": 1,
                                                                        "Plan Width": 15,
                                                                        "Actual Startup Time": 4.696,
                                                                        "Actual Total Time": 34.854,
                                                                        "Actual Rows": 19222,
                                                                        "Actual Loops": 2,
                                                                        "Inner Unique": false,
                                                                        "Join Filter": "((s.site_id = b1.site_id) AND (b1.user_id = q1.owner_user_id))",
                                                                        "Rows Removed by Join Filter": 0,
                                                                        "Workers": [],
                                                                        "Plans": [
                                                                            {
                                                                                "Node Type": "Nested Loop",
                                                                                "Parent Relationship": "Outer",
                                                                                "Parallel Aware": false,
                                                                                "Async Capable": false,
                                                                                "Join Type": "Inner",
                                                                                "Startup Cost": 4.85,
                                                                                "Total Cost": 4300.11,
                                                                                "Plan Rows": 1,
                                                                                "Plan Width": 32,
                                                                                "Actual Startup Time": 4.68,
                                                                                "Actual Total Time": 22.538,
                                                                                "Actual Rows": 1008,
                                                                                "Actual Loops": 2,
                                                                                "Inner Unique": true,
                                                                                "Join Filter": "(s.site_id = u1.site_id)",
                                                                                "Rows Removed by Join Filter": 0,
                                                                                "Workers": [],
                                                                                "Plans": [
                                                                                    {
                                                                                        "Node Type": "Nested Loop",
                                                                                        "Parent Relationship": "Outer",
                                                                                        "Parallel Aware": false,
                                                                                        "Async Capable": false,
                                                                                        "Join Type": "Inner",
                                                                                        "Startup Cost": 4.42,
                                                                                        "Total Cost": 4238.35,
                                                                                        "Plan Rows": 9,
                                                                                        "Plan Width": 20,
                                                                                        "Actual Startup Time": 4.67,
                                                                                        "Actual Total Time": 19.793,
                                                                                        "Actual Rows": 1008,
                                                                                        "Actual Loops": 2,
                                                                                        "Inner Unique": true,
                                                                                        "Join Filter": "(s.site_id = q1.site_id)",
                                                                                        "Rows Removed by Join Filter": 0,
                                                                                        "Workers": [],
                                                                                        "Plans": [
                                                                                            {
                                                                                                "Node Type": "Nested Loop",
                                                                                                "Parent Relationship": "Outer",
                                                                                                "Parallel Aware": false,
                                                                                                "Async Capable": false,
                                                                                                "Join Type": "Inner",
                                                                                                "Startup Cost": 3.98,
                                                                                                "Total Cost": 4149.27,
                                                                                                "Plan Rows": 13,
                                                                                                "Plan Width": 16,
                                                                                                "Actual Startup Time": 4.642,
                                                                                                "Actual Total Time": 16.209,
                                                                                                "Actual Rows": 1286,
                                                                                                "Actual Loops": 2,
                                                                                                "Inner Unique": false,
                                                                                                "Join Filter": "(s.site_id = tq1.site_id)",
                                                                                                "Rows Removed by Join Filter": 0,
                                                                                                "Workers": [],
                                                                                                "Plans": [
                                                                                                    {
                                                                                                        "Node Type": "Hash Join",
                                                                                                        "Parent Relationship": "Outer",
                                                                                                        "Parallel Aware": false,
                                                                                                        "Async Capable": false,
                                                                                                        "Join Type": "Inner",
                                                                                                        "Startup Cost": 3.42,
                                                                                                        "Total Cost": 4087.47,
                                                                                                        "Plan Rows": 1,
                                                                                                        "Plan Width": 12,
                                                                                                        "Actual Startup Time": 4.621,
                                                                                                        "Actual Total Time": 14.93,
                                                                                                        "Actual Rows": 8,
                                                                                                        "Actual Loops": 2,
                                                                                                        "Inner Unique": true,
                                                                                                        "Hash Cond": "(t1.site_id = s.site_id)",
                                                                                                        "Workers": [],
                                                                                                        "Plans": [
                                                                                                            {
                                                                                                                "Node Type": "Seq Scan",
                                                                                                                "Parent Relationship": "Outer",
                                                                                                                "Parallel Aware": true,
                                                                                                                "Async Capable": false,
                                                                                                                "Relation Name": "tag",
                                                                                                                "Alias": "t1",
                                                                                                                "Startup Cost": 0.0,
                                                                                                                "Total Cost": 4083.95,
                                                                                                                "Plan Rows": 41,
                                                                                                                "Plan Width": 8,
                                                                                                                "Actual Startup Time": 0.242,
                                                                                                                "Actual Total Time": 14.86,
                                                                                                                "Actual Rows": 56,
                                                                                                                "Actual Loops": 2,
                                                                                                                "Filter": "((name)::text = ANY ('{1с,categorical-encoding,estimators,filter,ftp,iframe,kohana,kolmogorov-smirnov,marginal,path,websocket,криптография,шаблоны-проектирования}'::text[]))",
                                                                                                                "Rows Removed by Filter": 93329,
                                                                                                                "Workers": []
                                                                                                            },
                                                                                                            {
                                                                                                                "Node Type": "Hash",
                                                                                                                "Parent Relationship": "Inner",
                                                                                                                "Parallel Aware": false,
                                                                                                                "Async Capable": false,
                                                                                                                "Startup Cost": 3.38,
                                                                                                                "Total Cost": 3.38,
                                                                                                                "Plan Rows": 3,
                                                                                                                "Plan Width": 4,
                                                                                                                "Actual Startup Time": 0.02,
                                                                                                                "Actual Total Time": 0.02,
                                                                                                                "Actual Rows": 3,
                                                                                                                "Actual Loops": 2,
                                                                                                                "Hash Buckets": 1024,
                                                                                                                "Original Hash Buckets": 1024,
                                                                                                                "Hash Batches": 1,
                                                                                                                "Original Hash Batches": 1,
                                                                                                                "Peak Memory Usage": 9,
                                                                                                                "Workers": [],
                                                                                                                "Plans": [
                                                                                                                    {
                                                                                                                        "Node Type": "Seq Scan",
                                                                                                                        "Parent Relationship": "Outer",
                                                                                                                        "Parallel Aware": false,
                                                                                                                        "Async Capable": false,
                                                                                                                        "Relation Name": "site",
                                                                                                                        "Alias": "s",
                                                                                                                        "Startup Cost": 0.0,
                                                                                                                        "Total Cost": 3.38,
                                                                                                                        "Plan Rows": 3,
                                                                                                                        "Plan Width": 4,
                                                                                                                        "Actual Startup Time": 0.007,
                                                                                                                        "Actual Total Time": 0.017,
                                                                                                                        "Actual Rows": 3,
                                                                                                                        "Actual Loops": 2,
                                                                                                                        "Filter": "((site_name)::text = ANY ('{apple,ru,stats}'::text[]))",
                                                                                                                        "Rows Removed by Filter": 170,
                                                                                                                        "Workers": []
                                                                                                                    }
                                                                                                                ]
                                                                                                            }
                                                                                                        ]
                                                                                                    },
                                                                                                    {
                                                                                                        "Node Type": "Index Only Scan",
                                                                                                        "Parent Relationship": "Inner",
                                                                                                        "Parallel Aware": false,
                                                                                                        "Async Capable": false,
                                                                                                        "Scan Direction": "Forward",
                                                                                                        "Index Name": "tag_question_site_id_tag_id_question_id_idx",
                                                                                                        "Relation Name": "tag_question",
                                                                                                        "Alias": "tq1",
                                                                                                        "Startup Cost": 0.56,
                                                                                                        "Total Cost": 61.41,
                                                                                                        "Plan Rows": 31,
                                                                                                        "Plan Width": 12,
                                                                                                        "Actual Startup Time": 0.01,
                                                                                                        "Actual Total Time": 0.147,
                                                                                                        "Actual Rows": 161,
                                                                                                        "Actual Loops": 16,
                                                                                                        "Index Cond": "((site_id = t1.site_id) AND (tag_id = t1.id))",
                                                                                                        "Rows Removed by Index Recheck": 0,
                                                                                                        "Heap Fetches": 2571,
                                                                                                        "Workers": []
                                                                                                    }
                                                                                                ]
                                                                                            },
                                                                                            {
                                                                                                "Node Type": "Index Scan",
                                                                                                "Parent Relationship": "Inner",
                                                                                                "Parallel Aware": false,
                                                                                                "Async Capable": false,
                                                                                                "Scan Direction": "Forward",
                                                                                                "Index Name": "question_pkey",
                                                                                                "Relation Name": "question",
                                                                                                "Alias": "q1",
                                                                                                "Startup Cost": 0.43,
                                                                                                "Total Cost": 6.84,
                                                                                                "Plan Rows": 1,
                                                                                                "Plan Width": 12,
                                                                                                "Actual Startup Time": 0.003,
                                                                                                "Actual Total Time": 0.003,
                                                                                                "Actual Rows": 1,
                                                                                                "Actual Loops": 2571,
                                                                                                "Index Cond": "((id = tq1.question_id) AND (site_id = tq1.site_id))",
                                                                                                "Rows Removed by Index Recheck": 0,
                                                                                                "Filter": "((view_count >= 10) AND (view_count <= 1000))",
                                                                                                "Rows Removed by Filter": 0,
                                                                                                "Workers": []
                                                                                            }
                                                                                        ]
                                                                                    },
                                                                                    {
                                                                                        "Node Type": "Index Scan",
                                                                                        "Parent Relationship": "Inner",
                                                                                        "Parallel Aware": false,
                                                                                        "Async Capable": false,
                                                                                        "Scan Direction": "Forward",
                                                                                        "Index Name": "so_user_pkey",
                                                                                        "Relation Name": "so_user",
                                                                                        "Alias": "u1",
                                                                                        "Startup Cost": 0.44,
                                                                                        "Total Cost": 6.85,
                                                                                        "Plan Rows": 1,
                                                                                        "Plan Width": 12,
                                                                                        "Actual Startup Time": 0.002,
                                                                                        "Actual Total Time": 0.002,
                                                                                        "Actual Rows": 1,
                                                                                        "Actual Loops": 2016,
                                                                                        "Index Cond": "((id = q1.owner_user_id) AND (site_id = q1.site_id))",
                                                                                        "Rows Removed by Index Recheck": 0,
                                                                                        "Workers": []
                                                                                    }
                                                                                ]
                                                                            },
                                                                            {
                                                                                "Node Type": "Index Only Scan",
                                                                                "Parent Relationship": "Inner",
                                                                                "Parallel Aware": false,
                                                                                "Async Capable": false,
                                                                                "Scan Direction": "Forward",
                                                                                "Index Name": "badge_pkey",
                                                                                "Relation Name": "badge",
                                                                                "Alias": "b1",
                                                                                "Startup Cost": 0.56,
                                                                                "Total Cost": 7.12,
                                                                                "Plan Rows": 1,
                                                                                "Plan Width": 19,
                                                                                "Actual Startup Time": 0.003,
                                                                                "Actual Total Time": 0.011,
                                                                                "Actual Rows": 19,
                                                                                "Actual Loops": 2016,
                                                                                "Index Cond": "((site_id = u1.site_id) AND (user_id = u1.id))",
                                                                                "Rows Removed by Index Recheck": 0,
                                                                                "Heap Fetches": 38443,
                                                                                "Workers": []
                                                                            }
                                                                        ]
                                                                    }
                                                                ]
                                                            },
                                                            {
                                                                "Node Type": "Index Scan",
                                                                "Parent Relationship": "Inner",
                                                                "Parallel Aware": false,
                                                                "Async Capable": false,
                                                                "Scan Direction": "Forward",
                                                                "Index Name": "account_pkey",
                                                                "Relation Name": "account",
                                                                "Alias": "acc",
                                                                "Startup Cost": 0.43,
                                                                "Total Cost": 6.83,
                                                                "Plan Rows": 1,
                                                                "Plan Width": 4,
                                                                "Actual Startup Time": 0.001,
                                                                "Actual Total Time": 0.001,
                                                                "Actual Rows": 0,
                                                                "Actual Loops": 38443,
                                                                "Index Cond": "(id = u1.account_id)",
                                                                "Rows Removed by Index Recheck": 0,
                                                                "Filter": "((website_url)::text ~~* '%'::text)",
                                                                "Rows Removed by Filter": 1
                                                            }
                                                        ]
                                                    }
                                                ]
                                            }
                                        ]
                                    }
                                ]
                            }
                        ]
                    },
                    "Planning Time": 10.679,
                    "Triggers": [],
                    "Execution Time": 63.06
                }
            ],
            "hints": [
                "SET enable_hashjoin TO on",
                "SET enable_indexonlyscan TO on",
                "SET enable_indexscan TO on",
                "SET enable_mergejoin TO off",
                "SET enable_nestloop TO on",
                "SET enable_seqscan TO on"
            ]
        }
    ]
}