{
    "sql_file": "soload_q15-001.sql",
    "query": "SELECT b1.name, count(*)\nFROM\nsite as s,\nso_user as u1,\ntag as t1,\ntag_question as tq1,\nquestion as q1,\nbadge as b1,\naccount as acc\nWHERE\ns.site_id = u1.site_id\nAND s.site_id = b1.site_id\nAND s.site_id = t1.site_id\nAND s.site_id = tq1.site_id\nAND s.site_id = q1.site_id\nAND t1.id = tq1.tag_id\nAND q1.id = tq1.question_id\nAND q1.owner_user_id = u1.id\nAND acc.id = u1.account_id\nAND b1.user_id = u1.id\nAND (q1.favorite_count >= 1)\nAND (q1.favorite_count <= 10)\nAND (s.site_name in ('askubuntu'))\nAND (t1.name in ('14.04','drivers','python','virtualization'))\nAND (acc.website_url ILIKE ('%io'))\nGROUP BY b1.name\nORDER BY COUNT(*)\nDESC\nLIMIT 100",
    "results": [
        {
            "arm": 0,
            "execution_time": 2742.694,
            "plan": [
                {
                    "Plan": {
                        "Node Type": "Limit",
                        "Parallel Aware": false,
                        "Async Capable": false,
                        "Startup Cost": 4038.31,
                        "Total Cost": 4038.31,
                        "Plan Rows": 1,
                        "Plan Width": 19,
                        "Actual Startup Time": 2742.527,
                        "Actual Total Time": 2742.634,
                        "Actual Rows": 72,
                        "Actual Loops": 1,
                        "Plans": [
                            {
                                "Node Type": "Sort",
                                "Parent Relationship": "Outer",
                                "Parallel Aware": false,
                                "Async Capable": false,
                                "Startup Cost": 4038.31,
                                "Total Cost": 4038.31,
                                "Plan Rows": 1,
                                "Plan Width": 19,
                                "Actual Startup Time": 2742.525,
                                "Actual Total Time": 2742.625,
                                "Actual Rows": 72,
                                "Actual Loops": 1,
                                "Sort Key": [
                                    "(count(*)) DESC"
                                ],
                                "Sort Method": "quicksort",
                                "Sort Space Used": 29,
                                "Sort Space Type": "Memory",
                                "Plans": [
                                    {
                                        "Node Type": "Aggregate",
                                        "Strategy": "Sorted",
                                        "Partial Mode": "Simple",
                                        "Parent Relationship": "Outer",
                                        "Parallel Aware": false,
                                        "Async Capable": false,
                                        "Startup Cost": 4038.28,
                                        "Total Cost": 4038.3,
                                        "Plan Rows": 1,
                                        "Plan Width": 19,
                                        "Actual Startup Time": 2742.266,
                                        "Actual Total Time": 2742.592,
                                        "Actual Rows": 72,
                                        "Actual Loops": 1,
                                        "Group Key": [
                                            "b1.name"
                                        ],
                                        "Plans": [
                                            {
                                                "Node Type": "Sort",
                                                "Parent Relationship": "Outer",
                                                "Parallel Aware": false,
                                                "Async Capable": false,
                                                "Startup Cost": 4038.28,
                                                "Total Cost": 4038.28,
                                                "Plan Rows": 1,
                                                "Plan Width": 11,
                                                "Actual Startup Time": 2742.254,
                                                "Actual Total Time": 2742.416,
                                                "Actual Rows": 1029,
                                                "Actual Loops": 1,
                                                "Sort Key": [
                                                    "b1.name"
                                                ],
                                                "Sort Method": "quicksort",
                                                "Sort Space Used": 73,
                                                "Sort Space Type": "Memory",
                                                "Plans": [
                                                    {
                                                        "Node Type": "Nested Loop",
                                                        "Parent Relationship": "Outer",
                                                        "Parallel Aware": false,
                                                        "Async Capable": false,
                                                        "Join Type": "Inner",
                                                        "Startup Cost": 3854.96,
                                                        "Total Cost": 4038.27,
                                                        "Plan Rows": 1,
                                                        "Plan Width": 11,
                                                        "Actual Startup Time": 213.617,
                                                        "Actual Total Time": 2741.765,
                                                        "Actual Rows": 1029,
                                                        "Actual Loops": 1,
                                                        "Inner Unique": true,
                                                        "Plans": [
                                                            {
                                                                "Node Type": "Gather",
                                                                "Parent Relationship": "Outer",
                                                                "Parallel Aware": false,
                                                                "Async Capable": false,
                                                                "Startup Cost": 3854.52,
                                                                "Total Cost": 4031.43,
                                                                "Plan Rows": 1,
                                                                "Plan Width": 15,
                                                                "Actual Startup Time": 10.983,
                                                                "Actual Total Time": 1857.336,
                                                                "Actual Rows": 118032,
                                                                "Actual Loops": 1,
                                                                "Workers Planned": 1,
                                                                "Workers Launched": 1,
                                                                "Single Copy": false,
                                                                "Plans": [
                                                                    {
                                                                        "Node Type": "Nested Loop",
                                                                        "Parent Relationship": "Outer",
                                                                        "Parallel Aware": false,
                                                                        "Async Capable": false,
                                                                        "Join Type": "Inner",
                                                                        "Startup Cost": 2854.52,
                                                                        "Total Cost": 3031.33,
                                                                        "Plan Rows": 1,
                                                                        "Plan Width": 15,
                                                                        "Actual Startup Time": 8.63,
                                                                        "Actual Total Time": 926.42,
                                                                        "Actual Rows": 59016,
                                                                        "Actual Loops": 2,
                                                                        "Inner Unique": false,
                                                                        "Join Filter": "((s.site_id = b1.site_id) AND (b1.user_id = q1.owner_user_id))",
                                                                        "Rows Removed by Join Filter": 0,
                                                                        "Workers": [],
                                                                        "Plans": [
                                                                            {
                                                                                "Node Type": "Nested Loop",
                                                                                "Parent Relationship": "Outer",
                                                                                "Parallel Aware": false,
                                                                                "Async Capable": false,
                                                                                "Join Type": "Inner",
                                                                                "Startup Cost": 2853.96,
                                                                                "Total Cost": 3024.2,
                                                                                "Plan Rows": 1,
                                                                                "Plan Width": 32,
                                                                                "Actual Startup Time": 8.355,
                                                                                "Actual Total Time": 579.22,
                                                                                "Actual Rows": 2511,
                                                                                "Actual Loops": 2,
                                                                                "Inner Unique": true,
                                                                                "Join Filter": "(s.site_id = u1.site_id)",
                                                                                "Rows Removed by Join Filter": 0,
                                                                                "Workers": [],
                                                                                "Plans": [
                                                                                    {
                                                                                        "Node Type": "Nested Loop",
                                                                                        "Parent Relationship": "Outer",
                                                                                        "Parallel Aware": false,
                                                                                        "Async Capable": false,
                                                                                        "Join Type": "Inner",
                                                                                        "Startup Cost": 2853.52,
                                                                                        "Total Cost": 3003.6,
                                                                                        "Plan Rows": 3,
                                                                                        "Plan Width": 20,
                                                                                        "Actual Startup Time": 8.092,
                                                                                        "Actual Total Time": 309.079,
                                                                                        "Actual Rows": 2511,
                                                                                        "Actual Loops": 2,
                                                                                        "Inner Unique": true,
                                                                                        "Join Filter": "(s.site_id = q1.site_id)",
                                                                                        "Rows Removed by Join Filter": 0,
                                                                                        "Workers": [],
                                                                                        "Plans": [
                                                                                            {
                                                                                                "Node Type": "Nested Loop",
                                                                                                "Parent Relationship": "Outer",
                                                                                                "Parallel Aware": false,
                                                                                                "Async Capable": false,
                                                                                                "Join Type": "Inner",
                                                                                                "Startup Cost": 2853.08,
                                                                                                "Total Cost": 2914.52,
                                                                                                "Plan Rows": 13,
                                                                                                "Plan Width": 16,
                                                                                                "Actual Startup Time": 8.037,
                                                                                                "Actual Total Time": 23.245,
                                                                                                "Actual Rows": 10056,
                                                                                                "Actual Loops": 2,
                                                                                                "Inner Unique": false,
                                                                                                "Join Filter": "(s.site_id = tq1.site_id)",
                                                                                                "Rows Removed by Join Filter": 0,
                                                                                                "Workers": [],
                                                                                                "Plans": [
                                                                                                    {
                                                                                                        "Node Type": "Merge Join",
                                                                                                        "Parent Relationship": "Outer",
                                                                                                        "Parallel Aware": false,
                                                                                                        "Async Capable": false,
                                                                                                        "Join Type": "Inner",
                                                                                                        "Startup Cost": 2852.52,
                                                                                                        "Total Cost": 2852.78,
                                                                                                        "Plan Rows": 1,
                                                                                                        "Plan Width": 12,
                                                                                                        "Actual Startup Time": 7.873,
                                                                                                        "Actual Total Time": 7.885,
                                                                                                        "Actual Rows": 2,
                                                                                                        "Actual Loops": 2,
                                                                                                        "Inner Unique": true,
                                                                                                        "Merge Cond": "(t1.site_id = s.site_id)",
                                                                                                        "Workers": [],
                                                                                                        "Plans": [
                                                                                                            {
                                                                                                                "Node Type": "Sort",
                                                                                                                "Parent Relationship": "Outer",
                                                                                                                "Parallel Aware": false,
                                                                                                                "Async Capable": false,
                                                                                                                "Startup Cost": 2849.35,
                                                                                                                "Total Cost": 2849.47,
                                                                                                                "Plan Rows": 49,
                                                                                                                "Plan Width": 8,
                                                                                                                "Actual Startup Time": 7.849,
                                                                                                                "Actual Total Time": 7.853,
                                                                                                                "Actual Rows": 6,
                                                                                                                "Actual Loops": 2,
                                                                                                                "Sort Key": [
                                                                                                                    "t1.site_id"
                                                                                                                ],
                                                                                                                "Sort Method": "quicksort",
                                                                                                                "Sort Space Used": 26,
                                                                                                                "Sort Space Type": "Memory",
                                                                                                                "Workers": [
                                                                                                                    {
                                                                                                                        "Worker Number": 0,
                                                                                                                        "Sort Method": "quicksort",
                                                                                                                        "Sort Space Used": 25,
                                                                                                                        "Sort Space Type": "Memory"
                                                                                                                    }
                                                                                                                ],
                                                                                                                "Plans": [
                                                                                                                    {
                                                                                                                        "Node Type": "Seq Scan",
                                                                                                                        "Parent Relationship": "Outer",
                                                                                                                        "Parallel Aware": true,
                                                                                                                        "Async Capable": false,
                                                                                                                        "Relation Name": "tag",
                                                                                                                        "Alias": "t1",
                                                                                                                        "Startup Cost": 0.0,
                                                                                                                        "Total Cost": 2847.97,
                                                                                                                        "Plan Rows": 49,
                                                                                                                        "Plan Width": 8,
                                                                                                                        "Actual Startup Time": 0.286,
                                                                                                                        "Actual Total Time": 7.833,
                                                                                                                        "Actual Rows": 43,
                                                                                                                        "Actual Loops": 2,
                                                                                                                        "Filter": "((name)::text = ANY ('{14.04,drivers,python,virtualization}'::text[]))",
                                                                                                                        "Rows Removed by Filter": 93342,
                                                                                                                        "Workers": []
                                                                                                                    }
                                                                                                                ]
                                                                                                            },
                                                                                                            {
                                                                                                                "Node Type": "Sort",
                                                                                                                "Parent Relationship": "Inner",
                                                                                                                "Parallel Aware": false,
                                                                                                                "Async Capable": false,
                                                                                                                "Startup Cost": 3.17,
                                                                                                                "Total Cost": 3.18,
                                                                                                                "Plan Rows": 1,
                                                                                                                "Plan Width": 4,
                                                                                                                "Actual Startup Time": 0.022,
                                                                                                                "Actual Total Time": 0.023,
                                                                                                                "Actual Rows": 1,
                                                                                                                "Actual Loops": 2,
                                                                                                                "Sort Key": [
                                                                                                                    "s.site_id"
                                                                                                                ],
                                                                                                                "Sort Method": "quicksort",
                                                                                                                "Sort Space Used": 25,
                                                                                                                "Sort Space Type": "Memory",
                                                                                                                "Workers": [
                                                                                                                    {
                                                                                                                        "Worker Number": 0,
                                                                                                                        "Sort Method": "quicksort",
                                                                                                                        "Sort Space Used": 25,
                                                                                                                        "Sort Space Type": "Memory"
                                                                                                                    }
                                                                                                                ],
                                                                                                                "Plans": [
                                                                                                                    {
                                                                                                                        "Node Type": "Seq Scan",
                                                                                                                        "Parent Relationship": "Outer",
                                                                                                                        "Parallel Aware": false,
                                                                                                                        "Async Capable": false,
                                                                                                                        "Relation Name": "site",
                                                                                                                        "Alias": "s",
                                                                                                                        "Startup Cost": 0.0,
                                                                                                                        "Total Cost": 3.16,
                                                                                                                        "Plan Rows": 1,
                                                                                                                        "Plan Width": 4,
                                                                                                                        "Actual Startup Time": 0.011,
                                                                                                                        "Actual Total Time": 0.017,
                                                                                                                        "Actual Rows": 1,
                                                                                                                        "Actual Loops": 2,
                                                                                                                        "Filter": "((site_name)::text = 'askubuntu'::text)",
                                                                                                                        "Rows Removed by Filter": 172,
                                                                                                                        "Workers": []
                                                                                                                    }
                                                                                                                ]
                                                                                                            }
                                                                                                        ]
                                                                                                    },
                                                                                                    {
                                                                                                        "Node Type": "Index Only Scan",
                                                                                                        "Parent Relationship": "Inner",
                                                                                                        "Parallel Aware": false,
                                                                                                        "Async Capable": false,
                                                                                                        "Scan Direction": "Forward",
                                                                                                        "Index Name": "tag_question_site_id_tag_id_question_id_idx",
                                                                                                        "Relation Name": "tag_question",
                                                                                                        "Alias": "tq1",
                                                                                                        "Startup Cost": 0.56,
                                                                                                        "Total Cost": 61.35,
                                                                                                        "Plan Rows": 31,
                                                                                                        "Plan Width": 12,
                                                                                                        "Actual Startup Time": 0.215,
                                                                                                        "Actual Total Time": 6.694,
                                                                                                        "Actual Rows": 5028,
                                                                                                        "Actual Loops": 4,
                                                                                                        "Index Cond": "((site_id = t1.site_id) AND (tag_id = t1.id))",
                                                                                                        "Rows Removed by Index Recheck": 0,
                                                                                                        "Heap Fetches": 20112,
                                                                                                        "Workers": []
                                                                                                    }
                                                                                                ]
                                                                                            },
                                                                                            {
                                                                                                "Node Type": "Index Scan",
                                                                                                "Parent Relationship": "Inner",
                                                                                                "Parallel Aware": false,
                                                                                                "Async Capable": false,
                                                                                                "Scan Direction": "Forward",
                                                                                                "Index Name": "question_pkey",
                                                                                                "Relation Name": "question",
                                                                                                "Alias": "q1",
                                                                                                "Startup Cost": 0.43,
                                                                                                "Total Cost": 6.84,
                                                                                                "Plan Rows": 1,
                                                                                                "Plan Width": 12,
                                                                                                "Actual Startup Time": 0.028,
                                                                                                "Actual Total Time": 0.028,
                                                                                                "Actual Rows": 0,
                                                                                                "Actual Loops": 20112,
                                                                                                "Index Cond": "((id = tq1.question_id) AND (site_id = tq1.site_id))",
                                                                                                "Rows Removed by Index Recheck": 0,
                                                                                                "Filter": "((favorite_count >= 1) AND (favorite_count <= 10))",
                                                                                                "Rows Removed by Filter": 1,
                                                                                                "Workers": []
                                                                                            }
                                                                                        ]
                                                                                    },
                                                                                    {
                                                                                        "Node Type": "Index Scan",
                                                                                        "Parent Relationship": "Inner",
                                                                                        "Parallel Aware": false,
                                                                                        "Async Capable": false,
                                                                                        "Scan Direction": "Forward",
                                                                                        "Index Name": "so_user_pkey",
                                                                                        "Relation Name": "so_user",
                                                                                        "Alias": "u1",
                                                                                        "Startup Cost": 0.44,
                                                                                        "Total Cost": 6.86,
                                                                                        "Plan Rows": 1,
                                                                                        "Plan Width": 12,
                                                                                        "Actual Startup Time": 0.107,
                                                                                        "Actual Total Time": 0.107,
                                                                                        "Actual Rows": 1,
                                                                                        "Actual Loops": 5022,
                                                                                        "Index Cond": "((id = q1.owner_user_id) AND (site_id = q1.site_id))",
                                                                                        "Rows Removed by Index Recheck": 0,
                                                                                        "Workers": []
                                                                                    }
                                                                                ]
                                                                            },
                                                                            {
                                                                                "Node Type": "Index Only Scan",
                                                                                "Parent Relationship": "Inner",
                                                                                "Parallel Aware": false,
                                                                                "Async Capable": false,
                                                                                "Scan Direction": "Forward",
                                                                                "Index Name": "badge_pkey",
                                                                                "Relation Name": "badge",
                                                                                "Alias": "b1",
                                                                                "Startup Cost": 0.56,
                                                                                "Total Cost": 7.12,
                                                                                "Plan Rows": 1,
                                                                                "Plan Width": 19,
                                                                                "Actual Startup Time": 0.056,
                                                                                "Actual Total Time": 0.134,
                                                                                "Actual Rows": 24,
                                                                                "Actual Loops": 5022,
                                                                                "Index Cond": "((site_id = u1.site_id) AND (user_id = u1.id))",
                                                                                "Rows Removed by Index Recheck": 0,
                                                                                "Heap Fetches": 118032,
                                                                                "Workers": []
                                                                            }
                                                                        ]
                                                                    }
                                                                ]
                                                            },
                                                            {
                                                                "Node Type": "Index Scan",
                                                                "Parent Relationship": "Inner",
                                                                "Parallel Aware": false,
                                                                "Async Capable": false,
                                                                "Scan Direction": "Forward",
                                                                "Index Name": "account_pkey",
                                                                "Relation Name": "account",
                                                                "Alias": "acc",
                                                                "Startup Cost": 0.43,
                                                                "Total Cost": 6.83,
                                                                "Plan Rows": 1,
                                                                "Plan Width": 4,
                                                                "Actual Startup Time": 0.007,
                                                                "Actual Total Time": 0.007,
                                                                "Actual Rows": 0,
                                                                "Actual Loops": 118032,
                                                                "Index Cond": "(id = u1.account_id)",
                                                                "Rows Removed by Index Recheck": 0,
                                                                "Filter": "((website_url)::text ~~* '%io'::text)",
                                                                "Rows Removed by Filter": 1
                                                            }
                                                        ]
                                                    }
                                                ]
                                            }
                                        ]
                                    }
                                ]
                            }
                        ]
                    },
                    "Planning Time": 16.848,
                    "Triggers": [],
                    "Execution Time": 2742.694
                }
            ],
            "hints": [
                "SET enable_hashjoin TO on",
                "SET enable_indexonlyscan TO on",
                "SET enable_indexscan TO on",
                "SET enable_mergejoin TO on",
                "SET enable_nestloop TO on",
                "SET enable_seqscan TO on"
            ]
        },
        {
            "arm": 1,
            "execution_time": 6642.217,
            "plan": [
                {
                    "Plan": {
                        "Node Type": "Limit",
                        "Parallel Aware": false,
                        "Async Capable": false,
                        "Startup Cost": 2889262.38,
                        "Total Cost": 2889262.38,
                        "Plan Rows": 1,
                        "Plan Width": 19,
                        "Actual Startup Time": 6621.812,
                        "Actual Total Time": 6642.166,
                        "Actual Rows": 72,
                        "Actual Loops": 1,
                        "Plans": [
                            {
                                "Node Type": "Sort",
                                "Parent Relationship": "Outer",
                                "Parallel Aware": false,
                                "Async Capable": false,
                                "Startup Cost": 2889262.38,
                                "Total Cost": 2889262.38,
                                "Plan Rows": 1,
                                "Plan Width": 19,
                                "Actual Startup Time": 6621.811,
                                "Actual Total Time": 6642.161,
                                "Actual Rows": 72,
                                "Actual Loops": 1,
                                "Sort Key": [
                                    "(count(*)) DESC"
                                ],
                                "Sort Method": "quicksort",
                                "Sort Space Used": 29,
                                "Sort Space Type": "Memory",
                                "Plans": [
                                    {
                                        "Node Type": "Aggregate",
                                        "Strategy": "Sorted",
                                        "Partial Mode": "Simple",
                                        "Parent Relationship": "Outer",
                                        "Parallel Aware": false,
                                        "Async Capable": false,
                                        "Startup Cost": 2889262.23,
                                        "Total Cost": 2889262.37,
                                        "Plan Rows": 1,
                                        "Plan Width": 19,
                                        "Actual Startup Time": 6621.558,
                                        "Actual Total Time": 6642.144,
                                        "Actual Rows": 72,
                                        "Actual Loops": 1,
                                        "Group Key": [
                                            "b1.name"
                                        ],
                                        "Plans": [
                                            {
                                                "Node Type": "Gather Merge",
                                                "Parent Relationship": "Outer",
                                                "Parallel Aware": false,
                                                "Async Capable": false,
                                                "Startup Cost": 2889262.23,
                                                "Total Cost": 2889262.35,
                                                "Plan Rows": 1,
                                                "Plan Width": 11,
                                                "Actual Startup Time": 6621.551,
                                                "Actual Total Time": 6642.058,
                                                "Actual Rows": 1029,
                                                "Actual Loops": 1,
                                                "Workers Planned": 5,
                                                "Workers Launched": 5,
                                                "Plans": [
                                                    {
                                                        "Node Type": "Sort",
                                                        "Parent Relationship": "Outer",
                                                        "Parallel Aware": false,
                                                        "Async Capable": false,
                                                        "Startup Cost": 2888262.15,
                                                        "Total Cost": 2888262.15,
                                                        "Plan Rows": 1,
                                                        "Plan Width": 11,
                                                        "Actual Startup Time": 6618.979,
                                                        "Actual Total Time": 6618.992,
                                                        "Actual Rows": 172,
                                                        "Actual Loops": 6,
                                                        "Sort Key": [
                                                            "b1.name"
                                                        ],
                                                        "Sort Method": "quicksort",
                                                        "Sort Space Used": 27,
                                                        "Sort Space Type": "Memory",
                                                        "Workers": [
                                                            {
                                                                "Worker Number": 0,
                                                                "Sort Method": "quicksort",
                                                                "Sort Space Used": 30,
                                                                "Sort Space Type": "Memory"
                                                            },
                                                            {
                                                                "Worker Number": 1,
                                                                "Sort Method": "quicksort",
                                                                "Sort Space Used": 25,
                                                                "Sort Space Type": "Memory"
                                                            },
                                                            {
                                                                "Worker Number": 2,
                                                                "Sort Method": "quicksort",
                                                                "Sort Space Used": 25,
                                                                "Sort Space Type": "Memory"
                                                            },
                                                            {
                                                                "Worker Number": 3,
                                                                "Sort Method": "quicksort",
                                                                "Sort Space Used": 32,
                                                                "Sort Space Type": "Memory"
                                                            },
                                                            {
                                                                "Worker Number": 4,
                                                                "Sort Method": "quicksort",
                                                                "Sort Space Used": 32,
                                                                "Sort Space Type": "Memory"
                                                            }
                                                        ],
                                                        "Plans": [
                                                            {
                                                                "Node Type": "Hash Join",
                                                                "Parent Relationship": "Outer",
                                                                "Parallel Aware": true,
                                                                "Async Capable": false,
                                                                "Join Type": "Inner",
                                                                "Startup Cost": 2576347.75,
                                                                "Total Cost": 2888262.14,
                                                                "Plan Rows": 1,
                                                                "Plan Width": 11,
                                                                "Actual Startup Time": 5907.986,
                                                                "Actual Total Time": 6618.857,
                                                                "Actual Rows": 172,
                                                                "Actual Loops": 6,
                                                                "Inner Unique": false,
                                                                "Hash Cond": "((t1.site_id = s.site_id) AND (tq1.question_id = q1.id))",
                                                                "Workers": [],
                                                                "Plans": [
                                                                    {
                                                                        "Node Type": "Hash Join",
                                                                        "Parent Relationship": "Outer",
                                                                        "Parallel Aware": true,
                                                                        "Async Capable": false,
                                                                        "Join Type": "Inner",
                                                                        "Startup Cost": 2848.71,
                                                                        "Total Cost": 314738.5,
                                                                        "Plan Rows": 3278,
                                                                        "Plan Width": 12,
                                                                        "Actual Startup Time": 10.713,
                                                                        "Actual Total Time": 722.287,
                                                                        "Actual Rows": 122679,
                                                                        "Actual Loops": 6,
                                                                        "Inner Unique": true,
                                                                        "Hash Cond": "((tq1.site_id = t1.site_id) AND (tq1.tag_id = t1.id))",
                                                                        "Workers": [],
                                                                        "Plans": [
                                                                            {
                                                                                "Node Type": "Seq Scan",
                                                                                "Parent Relationship": "Outer",
                                                                                "Parallel Aware": true,
                                                                                "Async Capable": false,
                                                                                "Relation Name": "tag_question",
                                                                                "Alias": "tq1",
                                                                                "Startup Cost": 0.0,
                                                                                "Total Cost": 273159.66,
                                                                                "Plan Rows": 7376766,
                                                                                "Plan Width": 12,
                                                                                "Actual Startup Time": 0.137,
                                                                                "Actual Total Time": 365.911,
                                                                                "Actual Rows": 6147303,
                                                                                "Actual Loops": 6,
                                                                                "Workers": []
                                                                            },
                                                                            {
                                                                                "Node Type": "Hash",
                                                                                "Parent Relationship": "Inner",
                                                                                "Parallel Aware": true,
                                                                                "Async Capable": false,
                                                                                "Startup Cost": 2847.97,
                                                                                "Total Cost": 2847.97,
                                                                                "Plan Rows": 49,
                                                                                "Plan Width": 8,
                                                                                "Actual Startup Time": 6.267,
                                                                                "Actual Total Time": 6.267,
                                                                                "Actual Rows": 14,
                                                                                "Actual Loops": 6,
                                                                                "Hash Buckets": 1024,
                                                                                "Original Hash Buckets": 1024,
                                                                                "Hash Batches": 1,
                                                                                "Original Hash Batches": 1,
                                                                                "Peak Memory Usage": 200,
                                                                                "Workers": [],
                                                                                "Plans": [
                                                                                    {
                                                                                        "Node Type": "Seq Scan",
                                                                                        "Parent Relationship": "Outer",
                                                                                        "Parallel Aware": true,
                                                                                        "Async Capable": false,
                                                                                        "Relation Name": "tag",
                                                                                        "Alias": "t1",
                                                                                        "Startup Cost": 0.0,
                                                                                        "Total Cost": 2847.97,
                                                                                        "Plan Rows": 49,
                                                                                        "Plan Width": 8,
                                                                                        "Actual Startup Time": 0.154,
                                                                                        "Actual Total Time": 6.214,
                                                                                        "Actual Rows": 14,
                                                                                        "Actual Loops": 6,
                                                                                        "Filter": "((name)::text = ANY ('{14.04,drivers,python,virtualization}'::text[]))",
                                                                                        "Rows Removed by Filter": 31114,
                                                                                        "Workers": []
                                                                                    }
                                                                                ]
                                                                            }
                                                                        ]
                                                                    },
                                                                    {
                                                                        "Node Type": "Hash",
                                                                        "Parent Relationship": "Inner",
                                                                        "Parallel Aware": true,
                                                                        "Async Capable": false,
                                                                        "Startup Cost": 2573499.03,
                                                                        "Total Cost": 2573499.03,
                                                                        "Plan Rows": 1,
                                                                        "Plan Width": 31,
                                                                        "Actual Startup Time": 5888.84,
                                                                        "Actual Total Time": 5888.845,
                                                                        "Actual Rows": 3435,
                                                                        "Actual Loops": 6,
                                                                        "Hash Buckets": 32768,
                                                                        "Original Hash Buckets": 1024,
                                                                        "Hash Batches": 1,
                                                                        "Original Hash Batches": 1,
                                                                        "Peak Memory Usage": 1976,
                                                                        "Workers": [],
                                                                        "Plans": [
                                                                            {
                                                                                "Node Type": "Hash Join",
                                                                                "Parent Relationship": "Outer",
                                                                                "Parallel Aware": true,
                                                                                "Async Capable": false,
                                                                                "Join Type": "Inner",
                                                                                "Startup Cost": 879280.06,
                                                                                "Total Cost": 2573499.03,
                                                                                "Plan Rows": 1,
                                                                                "Plan Width": 31,
                                                                                "Actual Startup Time": 5307.817,
                                                                                "Actual Total Time": 5872.168,
                                                                                "Actual Rows": 3435,
                                                                                "Actual Loops": 6,
                                                                                "Inner Unique": false,
                                                                                "Hash Cond": "((q1.site_id = s.site_id) AND (q1.owner_user_id = u1.id))",
                                                                                "Workers": [],
                                                                                "Plans": [
                                                                                    {
                                                                                        "Node Type": "Seq Scan",
                                                                                        "Parent Relationship": "Outer",
                                                                                        "Parallel Aware": true,
                                                                                        "Async Capable": false,
                                                                                        "Relation Name": "question",
                                                                                        "Alias": "q1",
                                                                                        "Startup Cost": 0.0,
                                                                                        "Total Cost": 1691290.18,
                                                                                        "Plan Rows": 390504,
                                                                                        "Plan Width": 12,
                                                                                        "Actual Startup Time": 0.153,
                                                                                        "Actual Total Time": 2868.619,
                                                                                        "Actual Rows": 460442,
                                                                                        "Actual Loops": 6,
                                                                                        "Filter": "((favorite_count >= 1) AND (favorite_count <= 10))",
                                                                                        "Rows Removed by Filter": 1650631,
                                                                                        "Workers": []
                                                                                    },
                                                                                    {
                                                                                        "Node Type": "Hash",
                                                                                        "Parent Relationship": "Inner",
                                                                                        "Parallel Aware": true,
                                                                                        "Async Capable": false,
                                                                                        "Startup Cost": 879279.97,
                                                                                        "Total Cost": 879279.97,
                                                                                        "Plan Rows": 6,
                                                                                        "Plan Width": 31,
                                                                                        "Actual Startup Time": 2953.659,
                                                                                        "Actual Total Time": 2953.663,
                                                                                        "Actual Rows": 1911,
                                                                                        "Actual Loops": 6,
                                                                                        "Hash Buckets": 16384,
                                                                                        "Original Hash Buckets": 1024,
                                                                                        "Hash Batches": 1,
                                                                                        "Original Hash Batches": 1,
                                                                                        "Peak Memory Usage": 1112,
                                                                                        "Workers": [],
                                                                                        "Plans": [
                                                                                            {
                                                                                                "Node Type": "Hash Join",
                                                                                                "Parent Relationship": "Outer",
                                                                                                "Parallel Aware": true,
                                                                                                "Async Capable": false,
                                                                                                "Join Type": "Inner",
                                                                                                "Startup Cost": 399563.95,
                                                                                                "Total Cost": 879279.97,
                                                                                                "Plan Rows": 6,
                                                                                                "Plan Width": 31,
                                                                                                "Actual Startup Time": 1994.458,
                                                                                                "Actual Total Time": 2182.633,
                                                                                                "Actual Rows": 1911,
                                                                                                "Actual Loops": 6,
                                                                                                "Inner Unique": false,
                                                                                                "Hash Cond": "((s.site_id = u1.site_id) AND (b1.user_id = u1.id))",
                                                                                                "Workers": [],
                                                                                                "Plans": [
                                                                                                    {
                                                                                                        "Node Type": "Hash Join",
                                                                                                        "Parent Relationship": "Outer",
                                                                                                        "Parallel Aware": false,
                                                                                                        "Async Capable": false,
                                                                                                        "Join Type": "Inner",
                                                                                                        "Startup Cost": 3.18,
                                                                                                        "Total Cost": 479349.06,
                                                                                                        "Plan Rows": 49351,
                                                                                                        "Plan Width": 23,
                                                                                                        "Actual Startup Time": 965.065,
                                                                                                        "Actual Total Time": 1140.548,
                                                                                                        "Actual Rows": 199843,
                                                                                                        "Actual Loops": 6,
                                                                                                        "Inner Unique": true,
                                                                                                        "Hash Cond": "(b1.site_id = s.site_id)",
                                                                                                        "Workers": [],
                                                                                                        "Plans": [
                                                                                                            {
                                                                                                                "Node Type": "Seq Scan",
                                                                                                                "Parent Relationship": "Outer",
                                                                                                                "Parallel Aware": true,
                                                                                                                "Async Capable": false,
                                                                                                                "Relation Name": "badge",
                                                                                                                "Alias": "b1",
                                                                                                                "Startup Cost": 0.0,
                                                                                                                "Total Cost": 456385.31,
                                                                                                                "Plan Rows": 8537731,
                                                                                                                "Plan Width": 19,
                                                                                                                "Actual Startup Time": 0.019,
                                                                                                                "Actual Total Time": 845.648,
                                                                                                                "Actual Rows": 8539484,
                                                                                                                "Actual Loops": 6,
                                                                                                                "Workers": []
                                                                                                            },
                                                                                                            {
                                                                                                                "Node Type": "Hash",
                                                                                                                "Parent Relationship": "Inner",
                                                                                                                "Parallel Aware": false,
                                                                                                                "Async Capable": false,
                                                                                                                "Startup Cost": 3.16,
                                                                                                                "Total Cost": 3.16,
                                                                                                                "Plan Rows": 1,
                                                                                                                "Plan Width": 4,
                                                                                                                "Actual Startup Time": 0.028,
                                                                                                                "Actual Total Time": 0.029,
                                                                                                                "Actual Rows": 1,
                                                                                                                "Actual Loops": 6,
                                                                                                                "Hash Buckets": 1024,
                                                                                                                "Original Hash Buckets": 1024,
                                                                                                                "Hash Batches": 1,
                                                                                                                "Original Hash Batches": 1,
                                                                                                                "Peak Memory Usage": 9,
                                                                                                                "Workers": [],
                                                                                                                "Plans": [
                                                                                                                    {
                                                                                                                        "Node Type": "Seq Scan",
                                                                                                                        "Parent Relationship": "Outer",
                                                                                                                        "Parallel Aware": false,
                                                                                                                        "Async Capable": false,
                                                                                                                        "Relation Name": "site",
                                                                                                                        "Alias": "s",
                                                                                                                        "Startup Cost": 0.0,
                                                                                                                        "Total Cost": 3.16,
                                                                                                                        "Plan Rows": 1,
                                                                                                                        "Plan Width": 4,
                                                                                                                        "Actual Startup Time": 0.019,
                                                                                                                        "Actual Total Time": 0.025,
                                                                                                                        "Actual Rows": 1,
                                                                                                                        "Actual Loops": 6,
                                                                                                                        "Filter": "((site_name)::text = 'askubuntu'::text)",
                                                                                                                        "Rows Removed by Filter": 172,
                                                                                                                        "Workers": []
                                                                                                                    }
                                                                                                                ]
                                                                                                            }
                                                                                                        ]
                                                                                                    },
                                                                                                    {
                                                                                                        "Node Type": "Hash",
                                                                                                        "Parent Relationship": "Inner",
                                                                                                        "Parallel Aware": true,
                                                                                                        "Async Capable": false,
                                                                                                        "Startup Cost": 399495.15,
                                                                                                        "Total Cost": 399495.15,
                                                                                                        "Plan Rows": 4375,
                                                                                                        "Plan Width": 8,
                                                                                                        "Actual Startup Time": 1029.322,
                                                                                                        "Actual Total Time": 1029.324,
                                                                                                        "Actual Rows": 12651,
                                                                                                        "Actual Loops": 6,
                                                                                                        "Hash Buckets": 131072,
                                                                                                        "Original Hash Buckets": 32768,
                                                                                                        "Hash Batches": 1,
                                                                                                        "Original Hash Batches": 1,
                                                                                                        "Peak Memory Usage": 4928,
                                                                                                        "Workers": [],
                                                                                                        "Plans": [
                                                                                                            {
                                                                                                                "Node Type": "Hash Join",
                                                                                                                "Parent Relationship": "Outer",
                                                                                                                "Parallel Aware": true,
                                                                                                                "Async Capable": false,
                                                                                                                "Join Type": "Inner",
                                                                                                                "Startup Cost": 149028.99,
                                                                                                                "Total Cost": 399495.15,
                                                                                                                "Plan Rows": 4375,
                                                                                                                "Plan Width": 8,
                                                                                                                "Actual Startup Time": 379.812,
                                                                                                                "Actual Total Time": 1006.598,
                                                                                                                "Actual Rows": 12651,
                                                                                                                "Actual Loops": 6,
                                                                                                                "Inner Unique": true,
                                                                                                                "Hash Cond": "(u1.account_id = acc.id)",
                                                                                                                "Workers": [],
                                                                                                                "Plans": [
                                                                                                                    {
                                                                                                                        "Node Type": "Seq Scan",
                                                                                                                        "Parent Relationship": "Outer",
                                                                                                                        "Parallel Aware": true,
                                                                                                                        "Async Capable": false,
                                                                                                                        "Relation Name": "so_user",
                                                                                                                        "Alias": "u1",
                                                                                                                        "Startup Cost": 0.0,
                                                                                                                        "Total Cost": 239391.02,
                                                                                                                        "Plan Rows": 4219102,
                                                                                                                        "Plan Width": 12,
                                                                                                                        "Actual Startup Time": 0.368,
                                                                                                                        "Actual Total Time": 390.638,
                                                                                                                        "Actual Rows": 3516217,
                                                                                                                        "Actual Loops": 6,
                                                                                                                        "Workers": []
                                                                                                                    },
                                                                                                                    {
                                                                                                                        "Node Type": "Hash",
                                                                                                                        "Parent Relationship": "Inner",
                                                                                                                        "Parallel Aware": true,
                                                                                                                        "Async Capable": false,
                                                                                                                        "Startup Cost": 148993.09,
                                                                                                                        "Total Cost": 148993.09,
                                                                                                                        "Plan Rows": 2872,
                                                                                                                        "Plan Width": 4,
                                                                                                                        "Actual Startup Time": 379.245,
                                                                                                                        "Actual Total Time": 379.245,
                                                                                                                        "Actual Rows": 2555,
                                                                                                                        "Actual Loops": 6,
                                                                                                                        "Hash Buckets": 16384,
                                                                                                                        "Original Hash Buckets": 16384,
                                                                                                                        "Hash Batches": 1,
                                                                                                                        "Original Hash Batches": 1,
                                                                                                                        "Peak Memory Usage": 864,
                                                                                                                        "Workers": [],
                                                                                                                        "Plans": [
                                                                                                                            {
                                                                                                                                "Node Type": "Seq Scan",
                                                                                                                                "Parent Relationship": "Outer",
                                                                                                                                "Parallel Aware": true,
                                                                                                                                "Async Capable": false,
                                                                                                                                "Relation Name": "account",
                                                                                                                                "Alias": "acc",
                                                                                                                                "Startup Cost": 0.0,
                                                                                                                                "Total Cost": 148993.09,
                                                                                                                                "Plan Rows": 2872,
                                                                                                                                "Plan Width": 4,
                                                                                                                                "Actual Startup Time": 0.256,
                                                                                                                                "Actual Total Time": 378.753,
                                                                                                                                "Actual Rows": 2555,
                                                                                                                                "Actual Loops": 6,
                                                                                                                                "Filter": "((website_url)::text ~~* '%io'::text)",
                                                                                                                                "Rows Removed by Filter": 2309470,
                                                                                                                                "Workers": []
                                                                                                                            }
                                                                                                                        ]
                                                                                                                    }
                                                                                                                ]
                                                                                                            }
                                                                                                        ]
                                                                                                    }
                                                                                                ]
                                                                                            }
                                                                                        ]
                                                                                    }
                                                                                ]
                                                                            }
                                                                        ]
                                                                    }
                                                                ]
                                                            }
                                                        ]
                                                    }
                                                ]
                                            }
                                        ]
                                    }
                                ]
                            }
                        ]
                    },
                    "Planning Time": 15.68,
                    "Triggers": [],
                    "Execution Time": 6642.217
                }
            ],
            "hints": [
                "SET enable_hashjoin TO on",
                "SET enable_indexonlyscan TO on",
                "SET enable_indexscan TO on",
                "SET enable_mergejoin TO on",
                "SET enable_nestloop TO off",
                "SET enable_seqscan TO on"
            ]
        },
        {
            "arm": 2,
            "execution_time": 340.059,
            "plan": [
                {
                    "Plan": {
                        "Node Type": "Limit",
                        "Parallel Aware": false,
                        "Async Capable": false,
                        "Startup Cost": 4118.18,
                        "Total Cost": 4118.18,
                        "Plan Rows": 1,
                        "Plan Width": 19,
                        "Actual Startup Time": 339.947,
                        "Actual Total Time": 340.004,
                        "Actual Rows": 72,
                        "Actual Loops": 1,
                        "Plans": [
                            {
                                "Node Type": "Sort",
                                "Parent Relationship": "Outer",
                                "Parallel Aware": false,
                                "Async Capable": false,
                                "Startup Cost": 4118.18,
                                "Total Cost": 4118.18,
                                "Plan Rows": 1,
                                "Plan Width": 19,
                                "Actual Startup Time": 339.946,
                                "Actual Total Time": 339.999,
                                "Actual Rows": 72,
                                "Actual Loops": 1,
                                "Sort Key": [
                                    "(count(*)) DESC"
                                ],
                                "Sort Method": "quicksort",
                                "Sort Space Used": 29,
                                "Sort Space Type": "Memory",
                                "Plans": [
                                    {
                                        "Node Type": "Aggregate",
                                        "Strategy": "Sorted",
                                        "Partial Mode": "Simple",
                                        "Parent Relationship": "Outer",
                                        "Parallel Aware": false,
                                        "Async Capable": false,
                                        "Startup Cost": 4118.15,
                                        "Total Cost": 4118.17,
                                        "Plan Rows": 1,
                                        "Plan Width": 19,
                                        "Actual Startup Time": 339.825,
                                        "Actual Total Time": 339.983,
                                        "Actual Rows": 72,
                                        "Actual Loops": 1,
                                        "Group Key": [
                                            "b1.name"
                                        ],
                                        "Plans": [
                                            {
                                                "Node Type": "Sort",
                                                "Parent Relationship": "Outer",
                                                "Parallel Aware": false,
                                                "Async Capable": false,
                                                "Startup Cost": 4118.15,
                                                "Total Cost": 4118.15,
                                                "Plan Rows": 1,
                                                "Plan Width": 11,
                                                "Actual Startup Time": 339.818,
                                                "Actual Total Time": 339.901,
                                                "Actual Rows": 1029,
                                                "Actual Loops": 1,
                                                "Sort Key": [
                                                    "b1.name"
                                                ],
                                                "Sort Method": "quicksort",
                                                "Sort Space Used": 73,
                                                "Sort Space Type": "Memory",
                                                "Plans": [
                                                    {
                                                        "Node Type": "Nested Loop",
                                                        "Parent Relationship": "Outer",
                                                        "Parallel Aware": false,
                                                        "Async Capable": false,
                                                        "Join Type": "Inner",
                                                        "Startup Cost": 1022.81,
                                                        "Total Cost": 4118.14,
                                                        "Plan Rows": 1,
                                                        "Plan Width": 11,
                                                        "Actual Startup Time": 63.28,
                                                        "Actual Total Time": 339.625,
                                                        "Actual Rows": 1029,
                                                        "Actual Loops": 1,
                                                        "Inner Unique": true,
                                                        "Plans": [
                                                            {
                                                                "Node Type": "Nested Loop",
                                                                "Parent Relationship": "Outer",
                                                                "Parallel Aware": false,
                                                                "Async Capable": false,
                                                                "Join Type": "Inner",
                                                                "Startup Cost": 1019.18,
                                                                "Total Cost": 4110.49,
                                                                "Plan Rows": 1,
                                                                "Plan Width": 15,
                                                                "Actual Startup Time": 1.071,
                                                                "Actual Total Time": 117.905,
                                                                "Actual Rows": 118032,
                                                                "Actual Loops": 1,
                                                                "Inner Unique": false,
                                                                "Join Filter": "((s.site_id = b1.site_id) AND (b1.user_id = q1.owner_user_id))",
                                                                "Rows Removed by Join Filter": 0,
                                                                "Plans": [
                                                                    {
                                                                        "Node Type": "Gather",
                                                                        "Parent Relationship": "Outer",
                                                                        "Parallel Aware": false,
                                                                        "Async Capable": false,
                                                                        "Startup Cost": 1015.34,
                                                                        "Total Cost": 4102.62,
                                                                        "Plan Rows": 1,
                                                                        "Plan Width": 32,
                                                                        "Actual Startup Time": 1.059,
                                                                        "Actual Total Time": 11.161,
                                                                        "Actual Rows": 5022,
                                                                        "Actual Loops": 1,
                                                                        "Workers Planned": 1,
                                                                        "Workers Launched": 1,
                                                                        "Single Copy": false,
                                                                        "Plans": [
                                                                            {
                                                                                "Node Type": "Nested Loop",
                                                                                "Parent Relationship": "Outer",
                                                                                "Parallel Aware": false,
                                                                                "Async Capable": false,
                                                                                "Join Type": "Inner",
                                                                                "Startup Cost": 15.34,
                                                                                "Total Cost": 3102.52,
                                                                                "Plan Rows": 1,
                                                                                "Plan Width": 32,
                                                                                "Actual Startup Time": 0.675,
                                                                                "Actual Total Time": 61.994,
                                                                                "Actual Rows": 2511,
                                                                                "Actual Loops": 2,
                                                                                "Inner Unique": true,
                                                                                "Join Filter": "(s.site_id = u1.site_id)",
                                                                                "Rows Removed by Join Filter": 0,
                                                                                "Workers": [],
                                                                                "Plans": [
                                                                                    {
                                                                                        "Node Type": "Nested Loop",
                                                                                        "Parent Relationship": "Outer",
                                                                                        "Parallel Aware": false,
                                                                                        "Async Capable": false,
                                                                                        "Join Type": "Inner",
                                                                                        "Startup Cost": 11.69,
                                                                                        "Total Cost": 3079.5,
                                                                                        "Plan Rows": 3,
                                                                                        "Plan Width": 20,
                                                                                        "Actual Startup Time": 0.65,
                                                                                        "Actual Total Time": 50.763,
                                                                                        "Actual Rows": 2511,
                                                                                        "Actual Loops": 2,
                                                                                        "Inner Unique": true,
                                                                                        "Join Filter": "(s.site_id = q1.site_id)",
                                                                                        "Rows Removed by Join Filter": 0,
                                                                                        "Workers": [],
                                                                                        "Plans": [
                                                                                            {
                                                                                                "Node Type": "Nested Loop",
                                                                                                "Parent Relationship": "Outer",
                                                                                                "Parallel Aware": false,
                                                                                                "Async Capable": false,
                                                                                                "Join Type": "Inner",
                                                                                                "Startup Cost": 8.06,
                                                                                                "Total Cost": 2979.85,
                                                                                                "Plan Rows": 13,
                                                                                                "Plan Width": 16,
                                                                                                "Actual Startup Time": 0.617,
                                                                                                "Actual Total Time": 17.218,
                                                                                                "Actual Rows": 10056,
                                                                                                "Actual Loops": 2,
                                                                                                "Inner Unique": false,
                                                                                                "Join Filter": "(s.site_id = tq1.site_id)",
                                                                                                "Rows Removed by Join Filter": 0,
                                                                                                "Workers": [],
                                                                                                "Plans": [
                                                                                                    {
                                                                                                        "Node Type": "Hash Join",
                                                                                                        "Parent Relationship": "Outer",
                                                                                                        "Parallel Aware": false,
                                                                                                        "Async Capable": false,
                                                                                                        "Join Type": "Inner",
                                                                                                        "Startup Cost": 3.18,
                                                                                                        "Total Cost": 2851.27,
                                                                                                        "Plan Rows": 1,
                                                                                                        "Plan Width": 12,
                                                                                                        "Actual Startup Time": 0.369,
                                                                                                        "Actual Total Time": 9.408,
                                                                                                        "Actual Rows": 2,
                                                                                                        "Actual Loops": 2,
                                                                                                        "Inner Unique": true,
                                                                                                        "Hash Cond": "(t1.site_id = s.site_id)",
                                                                                                        "Workers": [],
                                                                                                        "Plans": [
                                                                                                            {
                                                                                                                "Node Type": "Seq Scan",
                                                                                                                "Parent Relationship": "Outer",
                                                                                                                "Parallel Aware": true,
                                                                                                                "Async Capable": false,
                                                                                                                "Relation Name": "tag",
                                                                                                                "Alias": "t1",
                                                                                                                "Startup Cost": 0.0,
                                                                                                                "Total Cost": 2847.97,
                                                                                                                "Plan Rows": 49,
                                                                                                                "Plan Width": 8,
                                                                                                                "Actual Startup Time": 0.03,
                                                                                                                "Actual Total Time": 9.318,
                                                                                                                "Actual Rows": 43,
                                                                                                                "Actual Loops": 2,
                                                                                                                "Filter": "((name)::text = ANY ('{14.04,drivers,python,virtualization}'::text[]))",
                                                                                                                "Rows Removed by Filter": 93342,
                                                                                                                "Workers": []
                                                                                                            },
                                                                                                            {
                                                                                                                "Node Type": "Hash",
                                                                                                                "Parent Relationship": "Inner",
                                                                                                                "Parallel Aware": false,
                                                                                                                "Async Capable": false,
                                                                                                                "Startup Cost": 3.16,
                                                                                                                "Total Cost": 3.16,
                                                                                                                "Plan Rows": 1,
                                                                                                                "Plan Width": 4,
                                                                                                                "Actual Startup Time": 0.02,
                                                                                                                "Actual Total Time": 0.021,
                                                                                                                "Actual Rows": 1,
                                                                                                                "Actual Loops": 2,
                                                                                                                "Hash Buckets": 1024,
                                                                                                                "Original Hash Buckets": 1024,
                                                                                                                "Hash Batches": 1,
                                                                                                                "Original Hash Batches": 1,
                                                                                                                "Peak Memory Usage": 9,
                                                                                                                "Workers": [],
                                                                                                                "Plans": [
                                                                                                                    {
                                                                                                                        "Node Type": "Seq Scan",
                                                                                                                        "Parent Relationship": "Outer",
                                                                                                                        "Parallel Aware": false,
                                                                                                                        "Async Capable": false,
                                                                                                                        "Relation Name": "site",
                                                                                                                        "Alias": "s",
                                                                                                                        "Startup Cost": 0.0,
                                                                                                                        "Total Cost": 3.16,
                                                                                                                        "Plan Rows": 1,
                                                                                                                        "Plan Width": 4,
                                                                                                                        "Actual Startup Time": 0.009,
                                                                                                                        "Actual Total Time": 0.016,
                                                                                                                        "Actual Rows": 1,
                                                                                                                        "Actual Loops": 2,
                                                                                                                        "Filter": "((site_name)::text = 'askubuntu'::text)",
                                                                                                                        "Rows Removed by Filter": 172,
                                                                                                                        "Workers": []
                                                                                                                    }
                                                                                                                ]
                                                                                                            }
                                                                                                        ]
                                                                                                    },
                                                                                                    {
                                                                                                        "Node Type": "Bitmap Heap Scan",
                                                                                                        "Parent Relationship": "Inner",
                                                                                                        "Parallel Aware": false,
                                                                                                        "Async Capable": false,
                                                                                                        "Relation Name": "tag_question",
                                                                                                        "Alias": "tq1",
                                                                                                        "Startup Cost": 4.88,
                                                                                                        "Total Cost": 128.19,
                                                                                                        "Plan Rows": 31,
                                                                                                        "Plan Width": 12,
                                                                                                        "Actual Startup Time": 0.515,
                                                                                                        "Actual Total Time": 3.408,
                                                                                                        "Actual Rows": 5028,
                                                                                                        "Actual Loops": 4,
                                                                                                        "Recheck Cond": "((t1.site_id = site_id) AND (t1.id = tag_id))",
                                                                                                        "Rows Removed by Index Recheck": 0,
                                                                                                        "Exact Heap Blocks": 1406,
                                                                                                        "Lossy Heap Blocks": 0,
                                                                                                        "Workers": [],
                                                                                                        "Plans": [
                                                                                                            {
                                                                                                                "Node Type": "Bitmap Index Scan",
                                                                                                                "Parent Relationship": "Outer",
                                                                                                                "Parallel Aware": false,
                                                                                                                "Async Capable": false,
                                                                                                                "Index Name": "tag_question_site_id_tag_id_question_id_idx",
                                                                                                                "Startup Cost": 0.0,
                                                                                                                "Total Cost": 4.88,
                                                                                                                "Plan Rows": 31,
                                                                                                                "Plan Width": 0,
                                                                                                                "Actual Startup Time": 0.362,
                                                                                                                "Actual Total Time": 0.362,
                                                                                                                "Actual Rows": 5028,
                                                                                                                "Actual Loops": 4,
                                                                                                                "Index Cond": "((site_id = t1.site_id) AND (tag_id = t1.id))",
                                                                                                                "Workers": []
                                                                                                            }
                                                                                                        ]
                                                                                                    }
                                                                                                ]
                                                                                            },
                                                                                            {
                                                                                                "Node Type": "Bitmap Heap Scan",
                                                                                                "Parent Relationship": "Inner",
                                                                                                "Parallel Aware": false,
                                                                                                "Async Capable": false,
                                                                                                "Relation Name": "question",
                                                                                                "Alias": "q1",
                                                                                                "Startup Cost": 3.63,
                                                                                                "Total Cost": 7.65,
                                                                                                "Plan Rows": 1,
                                                                                                "Plan Width": 12,
                                                                                                "Actual Startup Time": 0.003,
                                                                                                "Actual Total Time": 0.003,
                                                                                                "Actual Rows": 0,
                                                                                                "Actual Loops": 20112,
                                                                                                "Recheck Cond": "((tq1.question_id = id) AND (tq1.site_id = site_id))",
                                                                                                "Rows Removed by Index Recheck": 0,
                                                                                                "Filter": "((favorite_count >= 1) AND (favorite_count <= 10))",
                                                                                                "Rows Removed by Filter": 1,
                                                                                                "Exact Heap Blocks": 2157,
                                                                                                "Lossy Heap Blocks": 0,
                                                                                                "Workers": [],
                                                                                                "Plans": [
                                                                                                    {
                                                                                                        "Node Type": "Bitmap Index Scan",
                                                                                                        "Parent Relationship": "Outer",
                                                                                                        "Parallel Aware": false,
                                                                                                        "Async Capable": false,
                                                                                                        "Index Name": "question_pkey",
                                                                                                        "Startup Cost": 0.0,
                                                                                                        "Total Cost": 3.63,
                                                                                                        "Plan Rows": 1,
                                                                                                        "Plan Width": 0,
                                                                                                        "Actual Startup Time": 0.002,
                                                                                                        "Actual Total Time": 0.002,
                                                                                                        "Actual Rows": 1,
                                                                                                        "Actual Loops": 20112,
                                                                                                        "Index Cond": "((id = tq1.question_id) AND (site_id = tq1.site_id))",
                                                                                                        "Workers": []
                                                                                                    }
                                                                                                ]
                                                                                            }
                                                                                        ]
                                                                                    },
                                                                                    {
                                                                                        "Node Type": "Bitmap Heap Scan",
                                                                                        "Parent Relationship": "Inner",
                                                                                        "Parallel Aware": false,
                                                                                        "Async Capable": false,
                                                                                        "Relation Name": "so_user",
                                                                                        "Alias": "u1",
                                                                                        "Startup Cost": 3.64,
                                                                                        "Total Cost": 7.66,
                                                                                        "Plan Rows": 1,
                                                                                        "Plan Width": 12,
                                                                                        "Actual Startup Time": 0.004,
                                                                                        "Actual Total Time": 0.004,
                                                                                        "Actual Rows": 1,
                                                                                        "Actual Loops": 5022,
                                                                                        "Recheck Cond": "((id = q1.owner_user_id) AND (site_id = q1.site_id))",
                                                                                        "Rows Removed by Index Recheck": 0,
                                                                                        "Exact Heap Blocks": 626,
                                                                                        "Lossy Heap Blocks": 0,
                                                                                        "Workers": [],
                                                                                        "Plans": [
                                                                                            {
                                                                                                "Node Type": "Bitmap Index Scan",
                                                                                                "Parent Relationship": "Outer",
                                                                                                "Parallel Aware": false,
                                                                                                "Async Capable": false,
                                                                                                "Index Name": "so_user_pkey",
                                                                                                "Startup Cost": 0.0,
                                                                                                "Total Cost": 3.64,
                                                                                                "Plan Rows": 1,
                                                                                                "Plan Width": 0,
                                                                                                "Actual Startup Time": 0.003,
                                                                                                "Actual Total Time": 0.003,
                                                                                                "Actual Rows": 1,
                                                                                                "Actual Loops": 5022,
                                                                                                "Index Cond": "((id = q1.owner_user_id) AND (site_id = q1.site_id))",
                                                                                                "Workers": []
                                                                                            }
                                                                                        ]
                                                                                    }
                                                                                ]
                                                                            }
                                                                        ]
                                                                    },
                                                                    {
                                                                        "Node Type": "Bitmap Heap Scan",
                                                                        "Parent Relationship": "Inner",
                                                                        "Parallel Aware": false,
                                                                        "Async Capable": false,
                                                                        "Relation Name": "badge",
                                                                        "Alias": "b1",
                                                                        "Startup Cost": 3.84,
                                                                        "Total Cost": 7.86,
                                                                        "Plan Rows": 1,
                                                                        "Plan Width": 19,
                                                                        "Actual Startup Time": 0.005,
                                                                        "Actual Total Time": 0.018,
                                                                        "Actual Rows": 24,
                                                                        "Actual Loops": 5022,
                                                                        "Recheck Cond": "((u1.site_id = site_id) AND (u1.id = user_id))",
                                                                        "Rows Removed by Index Recheck": 0,
                                                                        "Exact Heap Blocks": 107983,
                                                                        "Lossy Heap Blocks": 0,
                                                                        "Plans": [
                                                                            {
                                                                                "Node Type": "Bitmap Index Scan",
                                                                                "Parent Relationship": "Outer",
                                                                                "Parallel Aware": false,
                                                                                "Async Capable": false,
                                                                                "Index Name": "badge_pkey",
                                                                                "Startup Cost": 0.0,
                                                                                "Total Cost": 3.84,
                                                                                "Plan Rows": 1,
                                                                                "Plan Width": 0,
                                                                                "Actual Startup Time": 0.003,
                                                                                "Actual Total Time": 0.003,
                                                                                "Actual Rows": 24,
                                                                                "Actual Loops": 5022,
                                                                                "Index Cond": "((site_id = u1.site_id) AND (user_id = u1.id))"
                                                                            }
                                                                        ]
                                                                    }
                                                                ]
                                                            },
                                                            {
                                                                "Node Type": "Bitmap Heap Scan",
                                                                "Parent Relationship": "Inner",
                                                                "Parallel Aware": false,
                                                                "Async Capable": false,
                                                                "Relation Name": "account",
                                                                "Alias": "acc",
                                                                "Startup Cost": 3.63,
                                                                "Total Cost": 7.65,
                                                                "Plan Rows": 1,
                                                                "Plan Width": 4,
                                                                "Actual Startup Time": 0.002,
                                                                "Actual Total Time": 0.002,
                                                                "Actual Rows": 0,
                                                                "Actual Loops": 118032,
                                                                "Recheck Cond": "(id = u1.account_id)",
                                                                "Rows Removed by Index Recheck": 0,
                                                                "Filter": "((website_url)::text ~~* '%io'::text)",
                                                                "Rows Removed by Filter": 1,
                                                                "Exact Heap Blocks": 118032,
                                                                "Lossy Heap Blocks": 0,
                                                                "Plans": [
                                                                    {
                                                                        "Node Type": "Bitmap Index Scan",
                                                                        "Parent Relationship": "Outer",
                                                                        "Parallel Aware": false,
                                                                        "Async Capable": false,
                                                                        "Index Name": "account_pkey",
                                                                        "Startup Cost": 0.0,
                                                                        "Total Cost": 3.63,
                                                                        "Plan Rows": 1,
                                                                        "Plan Width": 0,
                                                                        "Actual Startup Time": 0.001,
                                                                        "Actual Total Time": 0.001,
                                                                        "Actual Rows": 1,
                                                                        "Actual Loops": 118032,
                                                                        "Index Cond": "(id = u1.account_id)"
                                                                    }
                                                                ]
                                                            }
                                                        ]
                                                    }
                                                ]
                                            }
                                        ]
                                    }
                                ]
                            }
                        ]
                    },
                    "Planning Time": 8.16,
                    "Triggers": [],
                    "Execution Time": 340.059
                }
            ],
            "hints": [
                "SET enable_hashjoin TO on",
                "SET enable_indexonlyscan TO on",
                "SET enable_indexscan TO off",
                "SET enable_mergejoin TO off",
                "SET enable_nestloop TO on",
                "SET enable_seqscan TO on"
            ]
        },
        {
            "arm": 3,
            "execution_time": 3772.397,
            "plan": [
                {
                    "Plan": {
                        "Node Type": "Limit",
                        "Parallel Aware": false,
                        "Async Capable": false,
                        "Startup Cost": 2889262.27,
                        "Total Cost": 2889262.27,
                        "Plan Rows": 1,
                        "Plan Width": 19,
                        "Actual Startup Time": 3752.866,
                        "Actual Total Time": 3772.347,
                        "Actual Rows": 72,
                        "Actual Loops": 1,
                        "Plans": [
                            {
                                "Node Type": "Sort",
                                "Parent Relationship": "Outer",
                                "Parallel Aware": false,
                                "Async Capable": false,
                                "Startup Cost": 2889262.27,
                                "Total Cost": 2889262.27,
                                "Plan Rows": 1,
                                "Plan Width": 19,
                                "Actual Startup Time": 3752.865,
                                "Actual Total Time": 3772.343,
                                "Actual Rows": 72,
                                "Actual Loops": 1,
                                "Sort Key": [
                                    "(count(*)) DESC"
                                ],
                                "Sort Method": "quicksort",
                                "Sort Space Used": 29,
                                "Sort Space Type": "Memory",
                                "Plans": [
                                    {
                                        "Node Type": "Aggregate",
                                        "Strategy": "Sorted",
                                        "Partial Mode": "Simple",
                                        "Parent Relationship": "Outer",
                                        "Parallel Aware": false,
                                        "Async Capable": false,
                                        "Startup Cost": 2889262.12,
                                        "Total Cost": 2889262.26,
                                        "Plan Rows": 1,
                                        "Plan Width": 19,
                                        "Actual Startup Time": 3752.684,
                                        "Actual Total Time": 3772.329,
                                        "Actual Rows": 72,
                                        "Actual Loops": 1,
                                        "Group Key": [
                                            "b1.name"
                                        ],
                                        "Plans": [
                                            {
                                                "Node Type": "Gather Merge",
                                                "Parent Relationship": "Outer",
                                                "Parallel Aware": false,
                                                "Async Capable": false,
                                                "Startup Cost": 2889262.12,
                                                "Total Cost": 2889262.24,
                                                "Plan Rows": 1,
                                                "Plan Width": 11,
                                                "Actual Startup Time": 3752.678,
                                                "Actual Total Time": 3772.272,
                                                "Actual Rows": 1029,
                                                "Actual Loops": 1,
                                                "Workers Planned": 5,
                                                "Workers Launched": 5,
                                                "Plans": [
                                                    {
                                                        "Node Type": "Sort",
                                                        "Parent Relationship": "Outer",
                                                        "Parallel Aware": false,
                                                        "Async Capable": false,
                                                        "Startup Cost": 2888262.04,
                                                        "Total Cost": 2888262.05,
                                                        "Plan Rows": 1,
                                                        "Plan Width": 11,
                                                        "Actual Startup Time": 3749.684,
                                                        "Actual Total Time": 3749.891,
                                                        "Actual Rows": 172,
                                                        "Actual Loops": 6,
                                                        "Sort Key": [
                                                            "b1.name"
                                                        ],
                                                        "Sort Method": "quicksort",
                                                        "Sort Space Used": 31,
                                                        "Sort Space Type": "Memory",
                                                        "Workers": [
                                                            {
                                                                "Worker Number": 0,
                                                                "Sort Method": "quicksort",
                                                                "Sort Space Used": 27,
                                                                "Sort Space Type": "Memory"
                                                            },
                                                            {
                                                                "Worker Number": 1,
                                                                "Sort Method": "quicksort",
                                                                "Sort Space Used": 26,
                                                                "Sort Space Type": "Memory"
                                                            },
                                                            {
                                                                "Worker Number": 2,
                                                                "Sort Method": "quicksort",
                                                                "Sort Space Used": 25,
                                                                "Sort Space Type": "Memory"
                                                            },
                                                            {
                                                                "Worker Number": 3,
                                                                "Sort Method": "quicksort",
                                                                "Sort Space Used": 37,
                                                                "Sort Space Type": "Memory"
                                                            },
                                                            {
                                                                "Worker Number": 4,
                                                                "Sort Method": "quicksort",
                                                                "Sort Space Used": 26,
                                                                "Sort Space Type": "Memory"
                                                            }
                                                        ],
                                                        "Plans": [
                                                            {
                                                                "Node Type": "Hash Join",
                                                                "Parent Relationship": "Outer",
                                                                "Parallel Aware": true,
                                                                "Async Capable": false,
                                                                "Join Type": "Inner",
                                                                "Startup Cost": 2637763.05,
                                                                "Total Cost": 2888262.03,
                                                                "Plan Rows": 1,
                                                                "Plan Width": 11,
                                                                "Actual Startup Time": 3617.344,
                                                                "Actual Total Time": 3749.74,
                                                                "Actual Rows": 172,
                                                                "Actual Loops": 6,
                                                                "Inner Unique": false,
                                                                "Hash Cond": "((u1.site_id = s.site_id) AND (u1.id = q1.owner_user_id))",
                                                                "Workers": [],
                                                                "Plans": [
                                                                    {
                                                                        "Node Type": "Hash Join",
                                                                        "Parent Relationship": "Outer",
                                                                        "Parallel Aware": true,
                                                                        "Async Capable": false,
                                                                        "Join Type": "Inner",
                                                                        "Startup Cost": 149028.99,
                                                                        "Total Cost": 399495.15,
                                                                        "Plan Rows": 4375,
                                                                        "Plan Width": 8,
                                                                        "Actual Startup Time": 214.124,
                                                                        "Actual Total Time": 599.13,
                                                                        "Actual Rows": 12651,
                                                                        "Actual Loops": 6,
                                                                        "Inner Unique": true,
                                                                        "Hash Cond": "(u1.account_id = acc.id)",
                                                                        "Workers": [],
                                                                        "Plans": [
                                                                            {
                                                                                "Node Type": "Seq Scan",
                                                                                "Parent Relationship": "Outer",
                                                                                "Parallel Aware": true,
                                                                                "Async Capable": false,
                                                                                "Relation Name": "so_user",
                                                                                "Alias": "u1",
                                                                                "Startup Cost": 0.0,
                                                                                "Total Cost": 239391.02,
                                                                                "Plan Rows": 4219102,
                                                                                "Plan Width": 12,
                                                                                "Actual Startup Time": 0.015,
                                                                                "Actual Total Time": 155.274,
                                                                                "Actual Rows": 3516217,
                                                                                "Actual Loops": 6,
                                                                                "Workers": []
                                                                            },
                                                                            {
                                                                                "Node Type": "Hash",
                                                                                "Parent Relationship": "Inner",
                                                                                "Parallel Aware": true,
                                                                                "Async Capable": false,
                                                                                "Startup Cost": 148993.09,
                                                                                "Total Cost": 148993.09,
                                                                                "Plan Rows": 2872,
                                                                                "Plan Width": 4,
                                                                                "Actual Startup Time": 214.004,
                                                                                "Actual Total Time": 214.005,
                                                                                "Actual Rows": 2555,
                                                                                "Actual Loops": 6,
                                                                                "Hash Buckets": 16384,
                                                                                "Original Hash Buckets": 16384,
                                                                                "Hash Batches": 1,
                                                                                "Original Hash Batches": 1,
                                                                                "Peak Memory Usage": 896,
                                                                                "Workers": [],
                                                                                "Plans": [
                                                                                    {
                                                                                        "Node Type": "Seq Scan",
                                                                                        "Parent Relationship": "Outer",
                                                                                        "Parallel Aware": true,
                                                                                        "Async Capable": false,
                                                                                        "Relation Name": "account",
                                                                                        "Alias": "acc",
                                                                                        "Startup Cost": 0.0,
                                                                                        "Total Cost": 148993.09,
                                                                                        "Plan Rows": 2872,
                                                                                        "Plan Width": 4,
                                                                                        "Actual Startup Time": 0.075,
                                                                                        "Actual Total Time": 213.638,
                                                                                        "Actual Rows": 2555,
                                                                                        "Actual Loops": 6,
                                                                                        "Filter": "((website_url)::text ~~* '%io'::text)",
                                                                                        "Rows Removed by Filter": 2309470,
                                                                                        "Workers": []
                                                                                    }
                                                                                ]
                                                                            }
                                                                        ]
                                                                    },
                                                                    {
                                                                        "Node Type": "Hash",
                                                                        "Parent Relationship": "Inner",
                                                                        "Parallel Aware": true,
                                                                        "Async Capable": false,
                                                                        "Startup Cost": 2488734.05,
                                                                        "Total Cost": 2488734.05,
                                                                        "Plan Rows": 1,
                                                                        "Plan Width": 39,
                                                                        "Actual Startup Time": 3147.96,
                                                                        "Actual Total Time": 3147.965,
                                                                        "Actual Rows": 19672,
                                                                        "Actual Loops": 6,
                                                                        "Hash Buckets": 131072,
                                                                        "Original Hash Buckets": 1024,
                                                                        "Hash Batches": 1,
                                                                        "Original Hash Batches": 1,
                                                                        "Peak Memory Usage": 10904,
                                                                        "Workers": [],
                                                                        "Plans": [
                                                                            {
                                                                                "Node Type": "Hash Join",
                                                                                "Parent Relationship": "Outer",
                                                                                "Parallel Aware": true,
                                                                                "Async Capable": false,
                                                                                "Join Type": "Inner",
                                                                                "Startup Cost": 2009018.03,
                                                                                "Total Cost": 2488734.05,
                                                                                "Plan Rows": 1,
                                                                                "Plan Width": 39,
                                                                                "Actual Startup Time": 2060.922,
                                                                                "Actual Total Time": 2363.571,
                                                                                "Actual Rows": 19672,
                                                                                "Actual Loops": 6,
                                                                                "Inner Unique": false,
                                                                                "Hash Cond": "((s.site_id = t1.site_id) AND (b1.user_id = q1.owner_user_id))",
                                                                                "Workers": [],
                                                                                "Plans": [
                                                                                    {
                                                                                        "Node Type": "Hash Join",
                                                                                        "Parent Relationship": "Outer",
                                                                                        "Parallel Aware": false,
                                                                                        "Async Capable": false,
                                                                                        "Join Type": "Inner",
                                                                                        "Startup Cost": 3.18,
                                                                                        "Total Cost": 479349.06,
                                                                                        "Plan Rows": 49351,
                                                                                        "Plan Width": 23,
                                                                                        "Actual Startup Time": 517.471,
                                                                                        "Actual Total Time": 803.606,
                                                                                        "Actual Rows": 199843,
                                                                                        "Actual Loops": 6,
                                                                                        "Inner Unique": true,
                                                                                        "Hash Cond": "(b1.site_id = s.site_id)",
                                                                                        "Workers": [],
                                                                                        "Plans": [
                                                                                            {
                                                                                                "Node Type": "Seq Scan",
                                                                                                "Parent Relationship": "Outer",
                                                                                                "Parallel Aware": true,
                                                                                                "Async Capable": false,
                                                                                                "Relation Name": "badge",
                                                                                                "Alias": "b1",
                                                                                                "Startup Cost": 0.0,
                                                                                                "Total Cost": 456385.31,
                                                                                                "Plan Rows": 8537731,
                                                                                                "Plan Width": 19,
                                                                                                "Actual Startup Time": 0.009,
                                                                                                "Actual Total Time": 440.303,
                                                                                                "Actual Rows": 8539484,
                                                                                                "Actual Loops": 6,
                                                                                                "Workers": []
                                                                                            },
                                                                                            {
                                                                                                "Node Type": "Hash",
                                                                                                "Parent Relationship": "Inner",
                                                                                                "Parallel Aware": false,
                                                                                                "Async Capable": false,
                                                                                                "Startup Cost": 3.16,
                                                                                                "Total Cost": 3.16,
                                                                                                "Plan Rows": 1,
                                                                                                "Plan Width": 4,
                                                                                                "Actual Startup Time": 0.022,
                                                                                                "Actual Total Time": 0.022,
                                                                                                "Actual Rows": 1,
                                                                                                "Actual Loops": 6,
                                                                                                "Hash Buckets": 1024,
                                                                                                "Original Hash Buckets": 1024,
                                                                                                "Hash Batches": 1,
                                                                                                "Original Hash Batches": 1,
                                                                                                "Peak Memory Usage": 9,
                                                                                                "Workers": [],
                                                                                                "Plans": [
                                                                                                    {
                                                                                                        "Node Type": "Seq Scan",
                                                                                                        "Parent Relationship": "Outer",
                                                                                                        "Parallel Aware": false,
                                                                                                        "Async Capable": false,
                                                                                                        "Relation Name": "site",
                                                                                                        "Alias": "s",
                                                                                                        "Startup Cost": 0.0,
                                                                                                        "Total Cost": 3.16,
                                                                                                        "Plan Rows": 1,
                                                                                                        "Plan Width": 4,
                                                                                                        "Actual Startup Time": 0.013,
                                                                                                        "Actual Total Time": 0.02,
                                                                                                        "Actual Rows": 1,
                                                                                                        "Actual Loops": 6,
                                                                                                        "Filter": "((site_name)::text = 'askubuntu'::text)",
                                                                                                        "Rows Removed by Filter": 172,
                                                                                                        "Workers": []
                                                                                                    }
                                                                                                ]
                                                                                            }
                                                                                        ]
                                                                                    },
                                                                                    {
                                                                                        "Node Type": "Hash",
                                                                                        "Parent Relationship": "Inner",
                                                                                        "Parallel Aware": true,
                                                                                        "Async Capable": false,
                                                                                        "Startup Cost": 2009007.26,
                                                                                        "Total Cost": 2009007.26,
                                                                                        "Plan Rows": 506,
                                                                                        "Plan Width": 16,
                                                                                        "Actual Startup Time": 1542.942,
                                                                                        "Actual Total Time": 1542.945,
                                                                                        "Actual Rows": 25162,
                                                                                        "Actual Loops": 6,
                                                                                        "Hash Buckets": 262144,
                                                                                        "Original Hash Buckets": 4096,
                                                                                        "Hash Batches": 1,
                                                                                        "Original Hash Batches": 1,
                                                                                        "Peak Memory Usage": 11232,
                                                                                        "Workers": [],
                                                                                        "Plans": [
                                                                                            {
                                                                                                "Node Type": "Hash Join",
                                                                                                "Parent Relationship": "Outer",
                                                                                                "Parallel Aware": true,
                                                                                                "Async Capable": false,
                                                                                                "Join Type": "Inner",
                                                                                                "Startup Cost": 314787.67,
                                                                                                "Total Cost": 2009007.26,
                                                                                                "Plan Rows": 506,
                                                                                                "Plan Width": 16,
                                                                                                "Actual Startup Time": 712.741,
                                                                                                "Actual Total Time": 1508.242,
                                                                                                "Actual Rows": 25162,
                                                                                                "Actual Loops": 6,
                                                                                                "Inner Unique": false,
                                                                                                "Hash Cond": "((q1.site_id = t1.site_id) AND (q1.id = tq1.question_id))",
                                                                                                "Workers": [],
                                                                                                "Plans": [
                                                                                                    {
                                                                                                        "Node Type": "Seq Scan",
                                                                                                        "Parent Relationship": "Outer",
                                                                                                        "Parallel Aware": true,
                                                                                                        "Async Capable": false,
                                                                                                        "Relation Name": "question",
                                                                                                        "Alias": "q1",
                                                                                                        "Startup Cost": 0.0,
                                                                                                        "Total Cost": 1691290.18,
                                                                                                        "Plan Rows": 390504,
                                                                                                        "Plan Width": 12,
                                                                                                        "Actual Startup Time": 0.019,
                                                                                                        "Actual Total Time": 679.819,
                                                                                                        "Actual Rows": 460442,
                                                                                                        "Actual Loops": 6,
                                                                                                        "Filter": "((favorite_count >= 1) AND (favorite_count <= 10))",
                                                                                                        "Rows Removed by Filter": 1650631,
                                                                                                        "Workers": []
                                                                                                    },
                                                                                                    {
                                                                                                        "Node Type": "Hash",
                                                                                                        "Parent Relationship": "Inner",
                                                                                                        "Parallel Aware": true,
                                                                                                        "Async Capable": false,
                                                                                                        "Startup Cost": 314738.5,
                                                                                                        "Total Cost": 314738.5,
                                                                                                        "Plan Rows": 3278,
                                                                                                        "Plan Width": 12,
                                                                                                        "Actual Startup Time": 711.972,
                                                                                                        "Actual Total Time": 711.974,
                                                                                                        "Actual Rows": 122679,
                                                                                                        "Actual Loops": 6,
                                                                                                        "Hash Buckets": 1048576,
                                                                                                        "Original Hash Buckets": 32768,
                                                                                                        "Hash Batches": 1,
                                                                                                        "Original Hash Batches": 1,
                                                                                                        "Peak Memory Usage": 50752,
                                                                                                        "Workers": [],
                                                                                                        "Plans": [
                                                                                                            {
                                                                                                                "Node Type": "Hash Join",
                                                                                                                "Parent Relationship": "Outer",
                                                                                                                "Parallel Aware": true,
                                                                                                                "Async Capable": false,
                                                                                                                "Join Type": "Inner",
                                                                                                                "Startup Cost": 2848.71,
                                                                                                                "Total Cost": 314738.5,
                                                                                                                "Plan Rows": 3278,
                                                                                                                "Plan Width": 12,
                                                                                                                "Actual Startup Time": 7.149,
                                                                                                                "Actual Total Time": 671.635,
                                                                                                                "Actual Rows": 122679,
                                                                                                                "Actual Loops": 6,
                                                                                                                "Inner Unique": true,
                                                                                                                "Hash Cond": "((tq1.site_id = t1.site_id) AND (tq1.tag_id = t1.id))",
                                                                                                                "Workers": [],
                                                                                                                "Plans": [
                                                                                                                    {
                                                                                                                        "Node Type": "Seq Scan",
                                                                                                                        "Parent Relationship": "Outer",
                                                                                                                        "Parallel Aware": true,
                                                                                                                        "Async Capable": false,
                                                                                                                        "Relation Name": "tag_question",
                                                                                                                        "Alias": "tq1",
                                                                                                                        "Startup Cost": 0.0,
                                                                                                                        "Total Cost": 273159.66,
                                                                                                                        "Plan Rows": 7376766,
                                                                                                                        "Plan Width": 12,
                                                                                                                        "Actual Startup Time": 0.032,
                                                                                                                        "Actual Total Time": 317.217,
                                                                                                                        "Actual Rows": 6147303,
                                                                                                                        "Actual Loops": 6,
                                                                                                                        "Workers": []
                                                                                                                    },
                                                                                                                    {
                                                                                                                        "Node Type": "Hash",
                                                                                                                        "Parent Relationship": "Inner",
                                                                                                                        "Parallel Aware": true,
                                                                                                                        "Async Capable": false,
                                                                                                                        "Startup Cost": 2847.97,
                                                                                                                        "Total Cost": 2847.97,
                                                                                                                        "Plan Rows": 49,
                                                                                                                        "Plan Width": 8,
                                                                                                                        "Actual Startup Time": 3.607,
                                                                                                                        "Actual Total Time": 3.607,
                                                                                                                        "Actual Rows": 14,
                                                                                                                        "Actual Loops": 6,
                                                                                                                        "Hash Buckets": 1024,
                                                                                                                        "Original Hash Buckets": 1024,
                                                                                                                        "Hash Batches": 1,
                                                                                                                        "Original Hash Batches": 1,
                                                                                                                        "Peak Memory Usage": 200,
                                                                                                                        "Workers": [],
                                                                                                                        "Plans": [
                                                                                                                            {
                                                                                                                                "Node Type": "Seq Scan",
                                                                                                                                "Parent Relationship": "Outer",
                                                                                                                                "Parallel Aware": true,
                                                                                                                                "Async Capable": false,
                                                                                                                                "Relation Name": "tag",
                                                                                                                                "Alias": "t1",
                                                                                                                                "Startup Cost": 0.0,
                                                                                                                                "Total Cost": 2847.97,
                                                                                                                                "Plan Rows": 49,
                                                                                                                                "Plan Width": 8,
                                                                                                                                "Actual Startup Time": 0.27,
                                                                                                                                "Actual Total Time": 3.577,
                                                                                                                                "Actual Rows": 14,
                                                                                                                                "Actual Loops": 6,
                                                                                                                                "Filter": "((name)::text = ANY ('{14.04,drivers,python,virtualization}'::text[]))",
                                                                                                                                "Rows Removed by Filter": 31114,
                                                                                                                                "Workers": []
                                                                                                                            }
                                                                                                                        ]
                                                                                                                    }
                                                                                                                ]
                                                                                                            }
                                                                                                        ]
                                                                                                    }
                                                                                                ]
                                                                                            }
                                                                                        ]
                                                                                    }
                                                                                ]
                                                                            }
                                                                        ]
                                                                    }
                                                                ]
                                                            }
                                                        ]
                                                    }
                                                ]
                                            }
                                        ]
                                    }
                                ]
                            }
                        ]
                    },
                    "Planning Time": 6.537,
                    "Triggers": [],
                    "Execution Time": 3772.397
                }
            ],
            "hints": [
                "SET enable_hashjoin TO on",
                "SET enable_indexonlyscan TO on",
                "SET enable_indexscan TO off",
                "SET enable_mergejoin TO off",
                "SET enable_nestloop TO off",
                "SET enable_seqscan TO on"
            ]
        },
        {
            "arm": 4,
            "execution_time": 203.319,
            "plan": [
                {
                    "Plan": {
                        "Node Type": "Limit",
                        "Parallel Aware": false,
                        "Async Capable": false,
                        "Startup Cost": 4036.8,
                        "Total Cost": 4036.8,
                        "Plan Rows": 1,
                        "Plan Width": 19,
                        "Actual Startup Time": 203.213,
                        "Actual Total Time": 203.277,
                        "Actual Rows": 72,
                        "Actual Loops": 1,
                        "Plans": [
                            {
                                "Node Type": "Sort",
                                "Parent Relationship": "Outer",
                                "Parallel Aware": false,
                                "Async Capable": false,
                                "Startup Cost": 4036.8,
                                "Total Cost": 4036.8,
                                "Plan Rows": 1,
                                "Plan Width": 19,
                                "Actual Startup Time": 203.212,
                                "Actual Total Time": 203.273,
                                "Actual Rows": 72,
                                "Actual Loops": 1,
                                "Sort Key": [
                                    "(count(*)) DESC"
                                ],
                                "Sort Method": "quicksort",
                                "Sort Space Used": 29,
                                "Sort Space Type": "Memory",
                                "Plans": [
                                    {
                                        "Node Type": "Aggregate",
                                        "Strategy": "Sorted",
                                        "Partial Mode": "Simple",
                                        "Parent Relationship": "Outer",
                                        "Parallel Aware": false,
                                        "Async Capable": false,
                                        "Startup Cost": 4036.77,
                                        "Total Cost": 4036.79,
                                        "Plan Rows": 1,
                                        "Plan Width": 19,
                                        "Actual Startup Time": 203.118,
                                        "Actual Total Time": 203.258,
                                        "Actual Rows": 72,
                                        "Actual Loops": 1,
                                        "Group Key": [
                                            "b1.name"
                                        ],
                                        "Plans": [
                                            {
                                                "Node Type": "Sort",
                                                "Parent Relationship": "Outer",
                                                "Parallel Aware": false,
                                                "Async Capable": false,
                                                "Startup Cost": 4036.77,
                                                "Total Cost": 4036.77,
                                                "Plan Rows": 1,
                                                "Plan Width": 11,
                                                "Actual Startup Time": 203.113,
                                                "Actual Total Time": 203.195,
                                                "Actual Rows": 1029,
                                                "Actual Loops": 1,
                                                "Sort Key": [
                                                    "b1.name"
                                                ],
                                                "Sort Method": "quicksort",
                                                "Sort Space Used": 73,
                                                "Sort Space Type": "Memory",
                                                "Plans": [
                                                    {
                                                        "Node Type": "Nested Loop",
                                                        "Parent Relationship": "Outer",
                                                        "Parallel Aware": false,
                                                        "Async Capable": false,
                                                        "Join Type": "Inner",
                                                        "Startup Cost": 1005.61,
                                                        "Total Cost": 4036.76,
                                                        "Plan Rows": 1,
                                                        "Plan Width": 11,
                                                        "Actual Startup Time": 11.947,
                                                        "Actual Total Time": 202.98,
                                                        "Actual Rows": 1029,
                                                        "Actual Loops": 1,
                                                        "Inner Unique": true,
                                                        "Plans": [
                                                            {
                                                                "Node Type": "Nested Loop",
                                                                "Parent Relationship": "Outer",
                                                                "Parallel Aware": false,
                                                                "Async Capable": false,
                                                                "Join Type": "Inner",
                                                                "Startup Cost": 1005.18,
                                                                "Total Cost": 4029.92,
                                                                "Plan Rows": 1,
                                                                "Plan Width": 15,
                                                                "Actual Startup Time": 0.663,
                                                                "Actual Total Time": 76.163,
                                                                "Actual Rows": 118032,
                                                                "Actual Loops": 1,
                                                                "Inner Unique": false,
                                                                "Join Filter": "((s.site_id = b1.site_id) AND (b1.user_id = q1.owner_user_id))",
                                                                "Rows Removed by Join Filter": 0,
                                                                "Plans": [
                                                                    {
                                                                        "Node Type": "Gather",
                                                                        "Parent Relationship": "Outer",
                                                                        "Parallel Aware": false,
                                                                        "Async Capable": false,
                                                                        "Startup Cost": 1004.61,
                                                                        "Total Cost": 4022.79,
                                                                        "Plan Rows": 1,
                                                                        "Plan Width": 32,
                                                                        "Actual Startup Time": 0.655,
                                                                        "Actual Total Time": 8.066,
                                                                        "Actual Rows": 5022,
                                                                        "Actual Loops": 1,
                                                                        "Workers Planned": 1,
                                                                        "Workers Launched": 1,
                                                                        "Single Copy": false,
                                                                        "Plans": [
                                                                            {
                                                                                "Node Type": "Nested Loop",
                                                                                "Parent Relationship": "Outer",
                                                                                "Parallel Aware": false,
                                                                                "Async Capable": false,
                                                                                "Join Type": "Inner",
                                                                                "Startup Cost": 4.61,
                                                                                "Total Cost": 3022.69,
                                                                                "Plan Rows": 1,
                                                                                "Plan Width": 32,
                                                                                "Actual Startup Time": 0.398,
                                                                                "Actual Total Time": 45.84,
                                                                                "Actual Rows": 2511,
                                                                                "Actual Loops": 2,
                                                                                "Inner Unique": true,
                                                                                "Join Filter": "(s.site_id = u1.site_id)",
                                                                                "Rows Removed by Join Filter": 0,
                                                                                "Workers": [],
                                                                                "Plans": [
                                                                                    {
                                                                                        "Node Type": "Nested Loop",
                                                                                        "Parent Relationship": "Outer",
                                                                                        "Parallel Aware": false,
                                                                                        "Async Capable": false,
                                                                                        "Join Type": "Inner",
                                                                                        "Startup Cost": 4.17,
                                                                                        "Total Cost": 3002.09,
                                                                                        "Plan Rows": 3,
                                                                                        "Plan Width": 20,
                                                                                        "Actual Startup Time": 0.376,
                                                                                        "Actual Total Time": 37.471,
                                                                                        "Actual Rows": 2511,
                                                                                        "Actual Loops": 2,
                                                                                        "Inner Unique": true,
                                                                                        "Join Filter": "(s.site_id = q1.site_id)",
                                                                                        "Rows Removed by Join Filter": 0,
                                                                                        "Workers": [],
                                                                                        "Plans": [
                                                                                            {
                                                                                                "Node Type": "Nested Loop",
                                                                                                "Parent Relationship": "Outer",
                                                                                                "Parallel Aware": false,
                                                                                                "Async Capable": false,
                                                                                                "Join Type": "Inner",
                                                                                                "Startup Cost": 3.74,
                                                                                                "Total Cost": 2913.01,
                                                                                                "Plan Rows": 13,
                                                                                                "Plan Width": 16,
                                                                                                "Actual Startup Time": 0.347,
                                                                                                "Actual Total Time": 13.591,
                                                                                                "Actual Rows": 10056,
                                                                                                "Actual Loops": 2,
                                                                                                "Inner Unique": false,
                                                                                                "Join Filter": "(s.site_id = tq1.site_id)",
                                                                                                "Rows Removed by Join Filter": 0,
                                                                                                "Workers": [],
                                                                                                "Plans": [
                                                                                                    {
                                                                                                        "Node Type": "Hash Join",
                                                                                                        "Parent Relationship": "Outer",
                                                                                                        "Parallel Aware": false,
                                                                                                        "Async Capable": false,
                                                                                                        "Join Type": "Inner",
                                                                                                        "Startup Cost": 3.18,
                                                                                                        "Total Cost": 2851.27,
                                                                                                        "Plan Rows": 1,
                                                                                                        "Plan Width": 12,
                                                                                                        "Actual Startup Time": 0.308,
                                                                                                        "Actual Total Time": 7.518,
                                                                                                        "Actual Rows": 2,
                                                                                                        "Actual Loops": 2,
                                                                                                        "Inner Unique": true,
                                                                                                        "Hash Cond": "(t1.site_id = s.site_id)",
                                                                                                        "Workers": [],
                                                                                                        "Plans": [
                                                                                                            {
                                                                                                                "Node Type": "Seq Scan",
                                                                                                                "Parent Relationship": "Outer",
                                                                                                                "Parallel Aware": true,
                                                                                                                "Async Capable": false,
                                                                                                                "Relation Name": "tag",
                                                                                                                "Alias": "t1",
                                                                                                                "Startup Cost": 0.0,
                                                                                                                "Total Cost": 2847.97,
                                                                                                                "Plan Rows": 49,
                                                                                                                "Plan Width": 8,
                                                                                                                "Actual Startup Time": 0.028,
                                                                                                                "Actual Total Time": 7.437,
                                                                                                                "Actual Rows": 43,
                                                                                                                "Actual Loops": 2,
                                                                                                                "Filter": "((name)::text = ANY ('{14.04,drivers,python,virtualization}'::text[]))",
                                                                                                                "Rows Removed by Filter": 93342,
                                                                                                                "Workers": []
                                                                                                            },
                                                                                                            {
                                                                                                                "Node Type": "Hash",
                                                                                                                "Parent Relationship": "Inner",
                                                                                                                "Parallel Aware": false,
                                                                                                                "Async Capable": false,
                                                                                                                "Startup Cost": 3.16,
                                                                                                                "Total Cost": 3.16,
                                                                                                                "Plan Rows": 1,
                                                                                                                "Plan Width": 4,
                                                                                                                "Actual Startup Time": 0.018,
                                                                                                                "Actual Total Time": 0.019,
                                                                                                                "Actual Rows": 1,
                                                                                                                "Actual Loops": 2,
                                                                                                                "Hash Buckets": 1024,
                                                                                                                "Original Hash Buckets": 1024,
                                                                                                                "Hash Batches": 1,
                                                                                                                "Original Hash Batches": 1,
                                                                                                                "Peak Memory Usage": 9,
                                                                                                                "Workers": [],
                                                                                                                "Plans": [
                                                                                                                    {
                                                                                                                        "Node Type": "Seq Scan",
                                                                                                                        "Parent Relationship": "Outer",
                                                                                                                        "Parallel Aware": false,
                                                                                                                        "Async Capable": false,
                                                                                                                        "Relation Name": "site",
                                                                                                                        "Alias": "s",
                                                                                                                        "Startup Cost": 0.0,
                                                                                                                        "Total Cost": 3.16,
                                                                                                                        "Plan Rows": 1,
                                                                                                                        "Plan Width": 4,
                                                                                                                        "Actual Startup Time": 0.008,
                                                                                                                        "Actual Total Time": 0.015,
                                                                                                                        "Actual Rows": 1,
                                                                                                                        "Actual Loops": 2,
                                                                                                                        "Filter": "((site_name)::text = 'askubuntu'::text)",
                                                                                                                        "Rows Removed by Filter": 172,
                                                                                                                        "Workers": []
                                                                                                                    }
                                                                                                                ]
                                                                                                            }
                                                                                                        ]
                                                                                                    },
                                                                                                    {
                                                                                                        "Node Type": "Index Only Scan",
                                                                                                        "Parent Relationship": "Inner",
                                                                                                        "Parallel Aware": false,
                                                                                                        "Async Capable": false,
                                                                                                        "Scan Direction": "Forward",
                                                                                                        "Index Name": "tag_question_site_id_tag_id_question_id_idx",
                                                                                                        "Relation Name": "tag_question",
                                                                                                        "Alias": "tq1",
                                                                                                        "Startup Cost": 0.56,
                                                                                                        "Total Cost": 61.35,
                                                                                                        "Plan Rows": 31,
                                                                                                        "Plan Width": 12,
                                                                                                        "Actual Startup Time": 0.024,
                                                                                                        "Actual Total Time": 2.7,
                                                                                                        "Actual Rows": 5028,
                                                                                                        "Actual Loops": 4,
                                                                                                        "Index Cond": "((site_id = t1.site_id) AND (tag_id = t1.id))",
                                                                                                        "Rows Removed by Index Recheck": 0,
                                                                                                        "Heap Fetches": 20112,
                                                                                                        "Workers": []
                                                                                                    }
                                                                                                ]
                                                                                            },
                                                                                            {
                                                                                                "Node Type": "Index Scan",
                                                                                                "Parent Relationship": "Inner",
                                                                                                "Parallel Aware": false,
                                                                                                "Async Capable": false,
                                                                                                "Scan Direction": "Forward",
                                                                                                "Index Name": "question_pkey",
                                                                                                "Relation Name": "question",
                                                                                                "Alias": "q1",
                                                                                                "Startup Cost": 0.43,
                                                                                                "Total Cost": 6.84,
                                                                                                "Plan Rows": 1,
                                                                                                "Plan Width": 12,
                                                                                                "Actual Startup Time": 0.002,
                                                                                                "Actual Total Time": 0.002,
                                                                                                "Actual Rows": 0,
                                                                                                "Actual Loops": 20112,
                                                                                                "Index Cond": "((id = tq1.question_id) AND (site_id = tq1.site_id))",
                                                                                                "Rows Removed by Index Recheck": 0,
                                                                                                "Filter": "((favorite_count >= 1) AND (favorite_count <= 10))",
                                                                                                "Rows Removed by Filter": 1,
                                                                                                "Workers": []
                                                                                            }
                                                                                        ]
                                                                                    },
                                                                                    {
                                                                                        "Node Type": "Index Scan",
                                                                                        "Parent Relationship": "Inner",
                                                                                        "Parallel Aware": false,
                                                                                        "Async Capable": false,
                                                                                        "Scan Direction": "Forward",
                                                                                        "Index Name": "so_user_pkey",
                                                                                        "Relation Name": "so_user",
                                                                                        "Alias": "u1",
                                                                                        "Startup Cost": 0.44,
                                                                                        "Total Cost": 6.86,
                                                                                        "Plan Rows": 1,
                                                                                        "Plan Width": 12,
                                                                                        "Actual Startup Time": 0.003,
                                                                                        "Actual Total Time": 0.003,
                                                                                        "Actual Rows": 1,
                                                                                        "Actual Loops": 5022,
                                                                                        "Index Cond": "((id = q1.owner_user_id) AND (site_id = q1.site_id))",
                                                                                        "Rows Removed by Index Recheck": 0,
                                                                                        "Workers": []
                                                                                    }
                                                                                ]
                                                                            }
                                                                        ]
                                                                    },
                                                                    {
                                                                        "Node Type": "Index Only Scan",
                                                                        "Parent Relationship": "Inner",
                                                                        "Parallel Aware": false,
                                                                        "Async Capable": false,
                                                                        "Scan Direction": "Forward",
                                                                        "Index Name": "badge_pkey",
                                                                        "Relation Name": "badge",
                                                                        "Alias": "b1",
                                                                        "Startup Cost": 0.56,
                                                                        "Total Cost": 7.12,
                                                                        "Plan Rows": 1,
                                                                        "Plan Width": 19,
                                                                        "Actual Startup Time": 0.002,
                                                                        "Actual Total Time": 0.012,
                                                                        "Actual Rows": 24,
                                                                        "Actual Loops": 5022,
                                                                        "Index Cond": "((site_id = u1.site_id) AND (user_id = u1.id))",
                                                                        "Rows Removed by Index Recheck": 0,
                                                                        "Heap Fetches": 118032
                                                                    }
                                                                ]
                                                            },
                                                            {
                                                                "Node Type": "Index Scan",
                                                                "Parent Relationship": "Inner",
                                                                "Parallel Aware": false,
                                                                "Async Capable": false,
                                                                "Scan Direction": "Forward",
                                                                "Index Name": "account_pkey",
                                                                "Relation Name": "account",
                                                                "Alias": "acc",
                                                                "Startup Cost": 0.43,
                                                                "Total Cost": 6.83,
                                                                "Plan Rows": 1,
                                                                "Plan Width": 4,
                                                                "Actual Startup Time": 0.001,
                                                                "Actual Total Time": 0.001,
                                                                "Actual Rows": 0,
                                                                "Actual Loops": 118032,
                                                                "Index Cond": "(id = u1.account_id)",
                                                                "Rows Removed by Index Recheck": 0,
                                                                "Filter": "((website_url)::text ~~* '%io'::text)",
                                                                "Rows Removed by Filter": 1
                                                            }
                                                        ]
                                                    }
                                                ]
                                            }
                                        ]
                                    }
                                ]
                            }
                        ]
                    },
                    "Planning Time": 9.403,
                    "Triggers": [],
                    "Execution Time": 203.319
                }
            ],
            "hints": [
                "SET enable_hashjoin TO on",
                "SET enable_indexonlyscan TO on",
                "SET enable_indexscan TO on",
                "SET enable_mergejoin TO off",
                "SET enable_nestloop TO on",
                "SET enable_seqscan TO on"
            ]
        }
    ]
}