{
    "sql_file": "soload_q10-003.sql",
    "query": "select count(distinct q1.id) from\nsite, post_link pl1, post_link pl2, question q1, question q2, question q3 where\n\nsite.site_name = 'cseducators' and\nq1.site_id = site.site_id and\nq1.site_id = q2.site_id and\nq2.site_id = q3.site_id and\n\npl1.site_id = q1.site_id and\npl1.post_id_from = q1.id and\npl1.post_id_to = q2.id and\n\npl2.site_id = q1.site_id and\npl2.post_id_from = q2.id and\npl2.post_id_to = q3.id and\n\nexists ( select * from comment where comment.site_id = q3.site_id and comment.post_id = q3.id ) and\nexists ( select * from comment where comment.site_id = q2.site_id and comment.post_id = q2.id ) and\nexists ( select * from comment where comment.site_id = q1.site_id and comment.post_id = q1.id ) and\n\nq1.score > q3.score;",
    "results": [
        {
            "arm": 0,
            "execution_time": 59.099,
            "plan": [
                {
                    "Plan": {
                        "Node Type": "Aggregate",
                        "Strategy": "Plain",
                        "Partial Mode": "Simple",
                        "Parallel Aware": false,
                        "Async Capable": false,
                        "Startup Cost": 44963.04,
                        "Total Cost": 44963.05,
                        "Plan Rows": 1,
                        "Plan Width": 8,
                        "Actual Startup Time": 55.581,
                        "Actual Total Time": 59.04,
                        "Actual Rows": 1,
                        "Actual Loops": 1,
                        "Plans": [
                            {
                                "Node Type": "Gather Merge",
                                "Parent Relationship": "Outer",
                                "Parallel Aware": false,
                                "Async Capable": false,
                                "Startup Cost": 44956.75,
                                "Total Cost": 44962.91,
                                "Plan Rows": 52,
                                "Plan Width": 4,
                                "Actual Startup Time": 55.57,
                                "Actual Total Time": 59.031,
                                "Actual Rows": 40,
                                "Actual Loops": 1,
                                "Workers Planned": 3,
                                "Workers Launched": 3,
                                "Plans": [
                                    {
                                        "Node Type": "Sort",
                                        "Parent Relationship": "Outer",
                                        "Parallel Aware": false,
                                        "Async Capable": false,
                                        "Startup Cost": 43956.71,
                                        "Total Cost": 43956.76,
                                        "Plan Rows": 17,
                                        "Plan Width": 4,
                                        "Actual Startup Time": 53.029,
                                        "Actual Total Time": 53.034,
                                        "Actual Rows": 10,
                                        "Actual Loops": 4,
                                        "Sort Key": [
                                            "q1.id"
                                        ],
                                        "Sort Method": "quicksort",
                                        "Sort Space Used": 25,
                                        "Sort Space Type": "Memory",
                                        "Workers": [
                                            {
                                                "Worker Number": 0,
                                                "Sort Method": "quicksort",
                                                "Sort Space Used": 25,
                                                "Sort Space Type": "Memory"
                                            },
                                            {
                                                "Worker Number": 1,
                                                "Sort Method": "quicksort",
                                                "Sort Space Used": 25,
                                                "Sort Space Type": "Memory"
                                            },
                                            {
                                                "Worker Number": 2,
                                                "Sort Method": "quicksort",
                                                "Sort Space Used": 25,
                                                "Sort Space Type": "Memory"
                                            }
                                        ],
                                        "Plans": [
                                            {
                                                "Node Type": "Nested Loop",
                                                "Parent Relationship": "Outer",
                                                "Parallel Aware": false,
                                                "Async Capable": false,
                                                "Join Type": "Semi",
                                                "Startup Cost": 15769.47,
                                                "Total Cost": 43956.37,
                                                "Plan Rows": 17,
                                                "Plan Width": 4,
                                                "Actual Startup Time": 40.817,
                                                "Actual Total Time": 53.017,
                                                "Actual Rows": 10,
                                                "Actual Loops": 4,
                                                "Inner Unique": false,
                                                "Join Filter": "(pl1.post_id_from = comment_2.post_id)",
                                                "Rows Removed by Join Filter": 0,
                                                "Workers": [],
                                                "Plans": [
                                                    {
                                                        "Node Type": "Nested Loop",
                                                        "Parent Relationship": "Outer",
                                                        "Parallel Aware": false,
                                                        "Async Capable": false,
                                                        "Join Type": "Semi",
                                                        "Startup Cost": 15768.9,
                                                        "Total Cost": 43933.1,
                                                        "Plan Rows": 17,
                                                        "Plan Width": 40,
                                                        "Actual Startup Time": 40.815,
                                                        "Actual Total Time": 52.945,
                                                        "Actual Rows": 10,
                                                        "Actual Loops": 4,
                                                        "Inner Unique": false,
                                                        "Join Filter": "((q1.site_id = comment_1.site_id) AND (pl1.post_id_to = comment_1.post_id))",
                                                        "Rows Removed by Join Filter": 0,
                                                        "Workers": [],
                                                        "Plans": [
                                                            {
                                                                "Node Type": "Nested Loop",
                                                                "Parent Relationship": "Outer",
                                                                "Parallel Aware": false,
                                                                "Async Capable": false,
                                                                "Join Type": "Semi",
                                                                "Startup Cost": 15768.34,
                                                                "Total Cost": 43909.83,
                                                                "Plan Rows": 17,
                                                                "Plan Width": 48,
                                                                "Actual Startup Time": 40.813,
                                                                "Actual Total Time": 52.918,
                                                                "Actual Rows": 10,
                                                                "Actual Loops": 4,
                                                                "Inner Unique": false,
                                                                "Join Filter": "((q1.site_id = comment.site_id) AND (pl2.post_id_to = comment.post_id))",
                                                                "Rows Removed by Join Filter": 0,
                                                                "Workers": [],
                                                                "Plans": [
                                                                    {
                                                                        "Node Type": "Nested Loop",
                                                                        "Parent Relationship": "Outer",
                                                                        "Parallel Aware": false,
                                                                        "Async Capable": false,
                                                                        "Join Type": "Inner",
                                                                        "Startup Cost": 15767.77,
                                                                        "Total Cost": 43886.57,
                                                                        "Plan Rows": 17,
                                                                        "Plan Width": 52,
                                                                        "Actual Startup Time": 40.708,
                                                                        "Actual Total Time": 52.749,
                                                                        "Actual Rows": 10,
                                                                        "Actual Loops": 4,
                                                                        "Inner Unique": true,
                                                                        "Join Filter": "(q1.site_id = q2.site_id)",
                                                                        "Rows Removed by Join Filter": 0,
                                                                        "Workers": [],
                                                                        "Plans": [
                                                                            {
                                                                                "Node Type": "Nested Loop",
                                                                                "Parent Relationship": "Outer",
                                                                                "Parallel Aware": false,
                                                                                "Async Capable": false,
                                                                                "Join Type": "Inner",
                                                                                "Startup Cost": 15767.33,
                                                                                "Total Cost": 43813.28,
                                                                                "Plan Rows": 17,
                                                                                "Plan Width": 44,
                                                                                "Actual Startup Time": 40.706,
                                                                                "Actual Total Time": 52.736,
                                                                                "Actual Rows": 10,
                                                                                "Actual Loops": 4,
                                                                                "Inner Unique": true,
                                                                                "Join Filter": "((q1.score > q3.score) AND (q1.site_id = q3.site_id))",
                                                                                "Rows Removed by Join Filter": 24,
                                                                                "Workers": [],
                                                                                "Plans": [
                                                                                    {
                                                                                        "Node Type": "Nested Loop",
                                                                                        "Parent Relationship": "Outer",
                                                                                        "Parallel Aware": false,
                                                                                        "Async Capable": false,
                                                                                        "Join Type": "Inner",
                                                                                        "Startup Cost": 15766.9,
                                                                                        "Total Cost": 43405.32,
                                                                                        "Plan Rows": 50,
                                                                                        "Plan Width": 40,
                                                                                        "Actual Startup Time": 40.703,
                                                                                        "Actual Total Time": 52.678,
                                                                                        "Actual Rows": 34,
                                                                                        "Actual Loops": 4,
                                                                                        "Inner Unique": true,
                                                                                        "Join Filter": "(site.site_id = q1.site_id)",
                                                                                        "Rows Removed by Join Filter": 0,
                                                                                        "Workers": [],
                                                                                        "Plans": [
                                                                                            {
                                                                                                "Node Type": "Hash Join",
                                                                                                "Parent Relationship": "Outer",
                                                                                                "Parallel Aware": false,
                                                                                                "Async Capable": false,
                                                                                                "Join Type": "Inner",
                                                                                                "Startup Cost": 15766.46,
                                                                                                "Total Cost": 42997.49,
                                                                                                "Plan Rows": 50,
                                                                                                "Plan Width": 28,
                                                                                                "Actual Startup Time": 40.698,
                                                                                                "Actual Total Time": 52.604,
                                                                                                "Actual Rows": 34,
                                                                                                "Actual Loops": 4,
                                                                                                "Inner Unique": false,
                                                                                                "Hash Cond": "((pl1.site_id = site.site_id) AND (pl1.post_id_to = pl2.post_id_from))",
                                                                                                "Workers": [],
                                                                                                "Plans": [
                                                                                                    {
                                                                                                        "Node Type": "Seq Scan",
                                                                                                        "Parent Relationship": "Outer",
                                                                                                        "Parallel Aware": true,
                                                                                                        "Async Capable": false,
                                                                                                        "Relation Name": "post_link",
                                                                                                        "Alias": "pl1",
                                                                                                        "Startup Cost": 0.0,
                                                                                                        "Total Cost": 21752.3,
                                                                                                        "Plan Rows": 730430,
                                                                                                        "Plan Width": 12,
                                                                                                        "Actual Startup Time": 0.014,
                                                                                                        "Actual Total Time": 25.446,
                                                                                                        "Actual Rows": 566083,
                                                                                                        "Actual Loops": 4,
                                                                                                        "Workers": []
                                                                                                    },
                                                                                                    {
                                                                                                        "Node Type": "Hash",
                                                                                                        "Parent Relationship": "Inner",
                                                                                                        "Parallel Aware": false,
                                                                                                        "Async Capable": false,
                                                                                                        "Startup Cost": 15570.13,
                                                                                                        "Total Cost": 15570.13,
                                                                                                        "Plan Rows": 13089,
                                                                                                        "Plan Width": 16,
                                                                                                        "Actual Startup Time": 0.53,
                                                                                                        "Actual Total Time": 0.532,
                                                                                                        "Actual Rows": 159,
                                                                                                        "Actual Loops": 4,
                                                                                                        "Hash Buckets": 16384,
                                                                                                        "Original Hash Buckets": 16384,
                                                                                                        "Hash Batches": 1,
                                                                                                        "Original Hash Batches": 1,
                                                                                                        "Peak Memory Usage": 136,
                                                                                                        "Workers": [],
                                                                                                        "Plans": [
                                                                                                            {
                                                                                                                "Node Type": "Nested Loop",
                                                                                                                "Parent Relationship": "Outer",
                                                                                                                "Parallel Aware": false,
                                                                                                                "Async Capable": false,
                                                                                                                "Join Type": "Inner",
                                                                                                                "Startup Cost": 330.94,
                                                                                                                "Total Cost": 15570.13,
                                                                                                                "Plan Rows": 13089,
                                                                                                                "Plan Width": 16,
                                                                                                                "Actual Startup Time": 0.477,
                                                                                                                "Actual Total Time": 0.512,
                                                                                                                "Actual Rows": 159,
                                                                                                                "Actual Loops": 4,
                                                                                                                "Inner Unique": false,
                                                                                                                "Workers": [],
                                                                                                                "Plans": [
                                                                                                                    {
                                                                                                                        "Node Type": "Index Scan",
                                                                                                                        "Parent Relationship": "Outer",
                                                                                                                        "Parallel Aware": false,
                                                                                                                        "Async Capable": false,
                                                                                                                        "Scan Direction": "Forward",
                                                                                                                        "Index Name": "site_pkey",
                                                                                                                        "Relation Name": "site",
                                                                                                                        "Alias": "site",
                                                                                                                        "Startup Cost": 0.14,
                                                                                                                        "Total Cost": 15.17,
                                                                                                                        "Plan Rows": 1,
                                                                                                                        "Plan Width": 4,
                                                                                                                        "Actual Startup Time": 0.083,
                                                                                                                        "Actual Total Time": 0.1,
                                                                                                                        "Actual Rows": 1,
                                                                                                                        "Actual Loops": 4,
                                                                                                                        "Filter": "((site_name)::text = 'cseducators'::text)",
                                                                                                                        "Rows Removed by Filter": 172,
                                                                                                                        "Workers": []
                                                                                                                    },
                                                                                                                    {
                                                                                                                        "Node Type": "Bitmap Heap Scan",
                                                                                                                        "Parent Relationship": "Inner",
                                                                                                                        "Parallel Aware": false,
                                                                                                                        "Async Capable": false,
                                                                                                                        "Relation Name": "post_link",
                                                                                                                        "Alias": "pl2",
                                                                                                                        "Startup Cost": 330.8,
                                                                                                                        "Total Cost": 15412.55,
                                                                                                                        "Plan Rows": 14241,
                                                                                                                        "Plan Width": 12,
                                                                                                                        "Actual Startup Time": 0.392,
                                                                                                                        "Actual Total Time": 0.401,
                                                                                                                        "Actual Rows": 159,
                                                                                                                        "Actual Loops": 4,
                                                                                                                        "Recheck Cond": "(site.site_id = site_id)",
                                                                                                                        "Rows Removed by Index Recheck": 0,
                                                                                                                        "Exact Heap Blocks": 2,
                                                                                                                        "Lossy Heap Blocks": 0,
                                                                                                                        "Workers": [],
                                                                                                                        "Plans": [
                                                                                                                            {
                                                                                                                                "Node Type": "Bitmap Index Scan",
                                                                                                                                "Parent Relationship": "Outer",
                                                                                                                                "Parallel Aware": false,
                                                                                                                                "Async Capable": false,
                                                                                                                                "Index Name": "post_link_pkey",
                                                                                                                                "Startup Cost": 0.0,
                                                                                                                                "Total Cost": 327.24,
                                                                                                                                "Plan Rows": 14241,
                                                                                                                                "Plan Width": 0,
                                                                                                                                "Actual Startup Time": 0.383,
                                                                                                                                "Actual Total Time": 0.383,
                                                                                                                                "Actual Rows": 159,
                                                                                                                                "Actual Loops": 4,
                                                                                                                                "Index Cond": "(site_id = site.site_id)",
                                                                                                                                "Workers": []
                                                                                                                            }
                                                                                                                        ]
                                                                                                                    }
                                                                                                                ]
                                                                                                            }
                                                                                                        ]
                                                                                                    }
                                                                                                ]
                                                                                            },
                                                                                            {
                                                                                                "Node Type": "Index Scan",
                                                                                                "Parent Relationship": "Inner",
                                                                                                "Parallel Aware": false,
                                                                                                "Async Capable": false,
                                                                                                "Scan Direction": "Forward",
                                                                                                "Index Name": "question_pkey",
                                                                                                "Relation Name": "question",
                                                                                                "Alias": "q1",
                                                                                                "Startup Cost": 0.43,
                                                                                                "Total Cost": 8.14,
                                                                                                "Plan Rows": 1,
                                                                                                "Plan Width": 12,
                                                                                                "Actual Startup Time": 0.002,
                                                                                                "Actual Total Time": 0.002,
                                                                                                "Actual Rows": 1,
                                                                                                "Actual Loops": 138,
                                                                                                "Index Cond": "((id = pl1.post_id_from) AND (site_id = pl1.site_id))",
                                                                                                "Rows Removed by Index Recheck": 0,
                                                                                                "Workers": []
                                                                                            }
                                                                                        ]
                                                                                    },
                                                                                    {
                                                                                        "Node Type": "Index Scan",
                                                                                        "Parent Relationship": "Inner",
                                                                                        "Parallel Aware": false,
                                                                                        "Async Capable": false,
                                                                                        "Scan Direction": "Forward",
                                                                                        "Index Name": "question_pkey",
                                                                                        "Relation Name": "question",
                                                                                        "Alias": "q3",
                                                                                        "Startup Cost": 0.43,
                                                                                        "Total Cost": 8.14,
                                                                                        "Plan Rows": 1,
                                                                                        "Plan Width": 12,
                                                                                        "Actual Startup Time": 0.001,
                                                                                        "Actual Total Time": 0.001,
                                                                                        "Actual Rows": 1,
                                                                                        "Actual Loops": 138,
                                                                                        "Index Cond": "((id = pl2.post_id_to) AND (site_id = pl2.site_id))",
                                                                                        "Rows Removed by Index Recheck": 0,
                                                                                        "Workers": []
                                                                                    }
                                                                                ]
                                                                            },
                                                                            {
                                                                                "Node Type": "Index Only Scan",
                                                                                "Parent Relationship": "Inner",
                                                                                "Parallel Aware": false,
                                                                                "Async Capable": false,
                                                                                "Scan Direction": "Forward",
                                                                                "Index Name": "question_pkey",
                                                                                "Relation Name": "question",
                                                                                "Alias": "q2",
                                                                                "Startup Cost": 0.43,
                                                                                "Total Cost": 4.3,
                                                                                "Plan Rows": 1,
                                                                                "Plan Width": 8,
                                                                                "Actual Startup Time": 0.001,
                                                                                "Actual Total Time": 0.001,
                                                                                "Actual Rows": 1,
                                                                                "Actual Loops": 42,
                                                                                "Index Cond": "((id = pl1.post_id_to) AND (site_id = pl1.site_id))",
                                                                                "Rows Removed by Index Recheck": 0,
                                                                                "Heap Fetches": 0,
                                                                                "Workers": []
                                                                            }
                                                                        ]
                                                                    },
                                                                    {
                                                                        "Node Type": "Index Only Scan",
                                                                        "Parent Relationship": "Inner",
                                                                        "Parallel Aware": false,
                                                                        "Async Capable": false,
                                                                        "Scan Direction": "Forward",
                                                                        "Index Name": "comment_site_id_post_id_idx",
                                                                        "Relation Name": "comment",
                                                                        "Alias": "comment",
                                                                        "Startup Cost": 0.57,
                                                                        "Total Cost": 8.28,
                                                                        "Plan Rows": 1,
                                                                        "Plan Width": 8,
                                                                        "Actual Startup Time": 0.016,
                                                                        "Actual Total Time": 0.016,
                                                                        "Actual Rows": 1,
                                                                        "Actual Loops": 42,
                                                                        "Index Cond": "((site_id = q3.site_id) AND (post_id = q3.id))",
                                                                        "Rows Removed by Index Recheck": 0,
                                                                        "Heap Fetches": 40,
                                                                        "Workers": []
                                                                    }
                                                                ]
                                                            },
                                                            {
                                                                "Node Type": "Index Only Scan",
                                                                "Parent Relationship": "Inner",
                                                                "Parallel Aware": false,
                                                                "Async Capable": false,
                                                                "Scan Direction": "Forward",
                                                                "Index Name": "comment_site_id_post_id_idx",
                                                                "Relation Name": "comment",
                                                                "Alias": "comment_1",
                                                                "Startup Cost": 0.57,
                                                                "Total Cost": 8.28,
                                                                "Plan Rows": 1,
                                                                "Plan Width": 8,
                                                                "Actual Startup Time": 0.002,
                                                                "Actual Total Time": 0.002,
                                                                "Actual Rows": 1,
                                                                "Actual Loops": 40,
                                                                "Index Cond": "((site_id = q2.site_id) AND (post_id = q2.id))",
                                                                "Rows Removed by Index Recheck": 0,
                                                                "Heap Fetches": 40,
                                                                "Workers": []
                                                            }
                                                        ]
                                                    },
                                                    {
                                                        "Node Type": "Index Only Scan",
                                                        "Parent Relationship": "Inner",
                                                        "Parallel Aware": false,
                                                        "Async Capable": false,
                                                        "Scan Direction": "Forward",
                                                        "Index Name": "comment_site_id_post_id_idx",
                                                        "Relation Name": "comment",
                                                        "Alias": "comment_2",
                                                        "Startup Cost": 0.57,
                                                        "Total Cost": 8.28,
                                                        "Plan Rows": 1,
                                                        "Plan Width": 8,
                                                        "Actual Startup Time": 0.007,
                                                        "Actual Total Time": 0.007,
                                                        "Actual Rows": 1,
                                                        "Actual Loops": 40,
                                                        "Index Cond": "((site_id = q1.site_id) AND (post_id = q1.id))",
                                                        "Rows Removed by Index Recheck": 0,
                                                        "Heap Fetches": 40,
                                                        "Workers": []
                                                    }
                                                ]
                                            }
                                        ]
                                    }
                                ]
                            }
                        ]
                    },
                    "Planning Time": 120.978,
                    "Triggers": [],
                    "Execution Time": 59.099
                }
            ],
            "hints": [
                "SET enable_hashjoin TO on",
                "SET enable_indexonlyscan TO on",
                "SET enable_indexscan TO on",
                "SET enable_mergejoin TO on",
                "SET enable_nestloop TO on",
                "SET enable_seqscan TO on"
            ]
        },
        {
            "arm": 1,
            "execution_time": 12860.324,
            "plan": [
                {
                    "Plan": {
                        "Node Type": "Aggregate",
                        "Strategy": "Plain",
                        "Partial Mode": "Simple",
                        "Parallel Aware": false,
                        "Async Capable": false,
                        "Startup Cost": 13289412.34,
                        "Total Cost": 13289412.35,
                        "Plan Rows": 1,
                        "Plan Width": 8,
                        "Actual Startup Time": 12259.78,
                        "Actual Total Time": 12860.26,
                        "Actual Rows": 1,
                        "Actual Loops": 1,
                        "Plans": [
                            {
                                "Node Type": "Gather Merge",
                                "Parent Relationship": "Outer",
                                "Parallel Aware": false,
                                "Async Capable": false,
                                "Startup Cost": 13289405.83,
                                "Total Cost": 13289412.21,
                                "Plan Rows": 52,
                                "Plan Width": 4,
                                "Actual Startup Time": 12259.767,
                                "Actual Total Time": 12860.249,
                                "Actual Rows": 40,
                                "Actual Loops": 1,
                                "Workers Planned": 7,
                                "Workers Launched": 7,
                                "Plans": [
                                    {
                                        "Node Type": "Sort",
                                        "Parent Relationship": "Outer",
                                        "Parallel Aware": false,
                                        "Async Capable": false,
                                        "Startup Cost": 13288405.71,
                                        "Total Cost": 13288405.72,
                                        "Plan Rows": 7,
                                        "Plan Width": 4,
                                        "Actual Startup Time": 12256.603,
                                        "Actual Total Time": 12256.693,
                                        "Actual Rows": 5,
                                        "Actual Loops": 8,
                                        "Sort Key": [
                                            "q1.id"
                                        ],
                                        "Sort Method": "quicksort",
                                        "Sort Space Used": 25,
                                        "Sort Space Type": "Memory",
                                        "Workers": [
                                            {
                                                "Worker Number": 0,
                                                "Sort Method": "quicksort",
                                                "Sort Space Used": 25,
                                                "Sort Space Type": "Memory"
                                            },
                                            {
                                                "Worker Number": 1,
                                                "Sort Method": "quicksort",
                                                "Sort Space Used": 25,
                                                "Sort Space Type": "Memory"
                                            },
                                            {
                                                "Worker Number": 2,
                                                "Sort Method": "quicksort",
                                                "Sort Space Used": 25,
                                                "Sort Space Type": "Memory"
                                            },
                                            {
                                                "Worker Number": 3,
                                                "Sort Method": "quicksort",
                                                "Sort Space Used": 25,
                                                "Sort Space Type": "Memory"
                                            },
                                            {
                                                "Worker Number": 4,
                                                "Sort Method": "quicksort",
                                                "Sort Space Used": 25,
                                                "Sort Space Type": "Memory"
                                            },
                                            {
                                                "Worker Number": 5,
                                                "Sort Method": "quicksort",
                                                "Sort Space Used": 25,
                                                "Sort Space Type": "Memory"
                                            },
                                            {
                                                "Worker Number": 6,
                                                "Sort Method": "quicksort",
                                                "Sort Space Used": 25,
                                                "Sort Space Type": "Memory"
                                            }
                                        ],
                                        "Plans": [
                                            {
                                                "Node Type": "Hash Join",
                                                "Parent Relationship": "Outer",
                                                "Parallel Aware": true,
                                                "Async Capable": false,
                                                "Join Type": "Semi",
                                                "Startup Cost": 11440963.91,
                                                "Total Cost": 13288405.61,
                                                "Plan Rows": 7,
                                                "Plan Width": 4,
                                                "Actual Startup Time": 11615.814,
                                                "Actual Total Time": 12256.628,
                                                "Actual Rows": 5,
                                                "Actual Loops": 8,
                                                "Inner Unique": false,
                                                "Hash Cond": "((q1.site_id = comment_2.site_id) AND (pl1.post_id_from = comment_2.post_id))",
                                                "Workers": [],
                                                "Plans": [
                                                    {
                                                        "Node Type": "Hash Join",
                                                        "Parent Relationship": "Outer",
                                                        "Parallel Aware": true,
                                                        "Async Capable": false,
                                                        "Join Type": "Semi",
                                                        "Startup Cost": 8287221.09,
                                                        "Total Cost": 10084125.66,
                                                        "Plan Rows": 7,
                                                        "Plan Width": 40,
                                                        "Actual Startup Time": 8032.79,
                                                        "Actual Total Time": 8467.152,
                                                        "Actual Rows": 5,
                                                        "Actual Loops": 8,
                                                        "Inner Unique": false,
                                                        "Hash Cond": "((q1.site_id = comment_1.site_id) AND (pl1.post_id_to = comment_1.post_id))",
                                                        "Workers": [],
                                                        "Plans": [
                                                            {
                                                                "Node Type": "Hash Join",
                                                                "Parent Relationship": "Outer",
                                                                "Parallel Aware": true,
                                                                "Async Capable": false,
                                                                "Join Type": "Semi",
                                                                "Startup Cost": 5133478.26,
                                                                "Total Cost": 6879835.16,
                                                                "Plan Rows": 7,
                                                                "Plan Width": 48,
                                                                "Actual Startup Time": 4516.581,
                                                                "Actual Total Time": 4880.679,
                                                                "Actual Rows": 5,
                                                                "Actual Loops": 8,
                                                                "Inner Unique": false,
                                                                "Hash Cond": "((q1.site_id = comment.site_id) AND (pl2.post_id_to = comment.post_id))",
                                                                "Workers": [],
                                                                "Plans": [
                                                                    {
                                                                        "Node Type": "Hash Join",
                                                                        "Parent Relationship": "Outer",
                                                                        "Parallel Aware": true,
                                                                        "Async Capable": false,
                                                                        "Join Type": "Inner",
                                                                        "Startup Cost": 1979735.44,
                                                                        "Total Cost": 3675544.66,
                                                                        "Plan Rows": 7,
                                                                        "Plan Width": 52,
                                                                        "Actual Startup Time": 1278.652,
                                                                        "Actual Total Time": 1280.792,
                                                                        "Actual Rows": 5,
                                                                        "Actual Loops": 8,
                                                                        "Inner Unique": false,
                                                                        "Hash Cond": "((q1.site_id = site.site_id) AND (q1.id = pl1.post_id_from))",
                                                                        "Join Filter": "(q1.score > q3.score)",
                                                                        "Rows Removed by Join Filter": 12,
                                                                        "Workers": [],
                                                                        "Plans": [
                                                                            {
                                                                                "Node Type": "Seq Scan",
                                                                                "Parent Relationship": "Outer",
                                                                                "Parallel Aware": true,
                                                                                "Async Capable": false,
                                                                                "Relation Name": "question",
                                                                                "Alias": "q1",
                                                                                "Startup Cost": 0.0,
                                                                                "Total Cost": 1682252.12,
                                                                                "Plan Rows": 1807612,
                                                                                "Plan Width": 12,
                                                                                "Actual Startup Time": 0.008,
                                                                                "Actual Total Time": 394.658,
                                                                                "Actual Rows": 1583305,
                                                                                "Actual Loops": 8,
                                                                                "Workers": []
                                                                            },
                                                                            {
                                                                                "Node Type": "Hash",
                                                                                "Parent Relationship": "Inner",
                                                                                "Parallel Aware": true,
                                                                                "Async Capable": false,
                                                                                "Startup Cost": 1979735.11,
                                                                                "Total Cost": 1979735.11,
                                                                                "Plan Rows": 22,
                                                                                "Plan Width": 48,
                                                                                "Actual Startup Time": 800.644,
                                                                                "Actual Total Time": 800.651,
                                                                                "Actual Rows": 17,
                                                                                "Actual Loops": 8,
                                                                                "Hash Buckets": 1024,
                                                                                "Original Hash Buckets": 1024,
                                                                                "Hash Batches": 1,
                                                                                "Original Hash Batches": 1,
                                                                                "Peak Memory Usage": 40,
                                                                                "Workers": [],
                                                                                "Plans": [
                                                                                    {
                                                                                        "Node Type": "Hash Join",
                                                                                        "Parent Relationship": "Outer",
                                                                                        "Parallel Aware": true,
                                                                                        "Async Capable": false,
                                                                                        "Join Type": "Inner",
                                                                                        "Startup Cost": 283925.88,
                                                                                        "Total Cost": 1979735.11,
                                                                                        "Plan Rows": 22,
                                                                                        "Plan Width": 48,
                                                                                        "Actual Startup Time": 798.433,
                                                                                        "Actual Total Time": 800.618,
                                                                                        "Actual Rows": 17,
                                                                                        "Actual Loops": 8,
                                                                                        "Inner Unique": false,
                                                                                        "Hash Cond": "((q3.site_id = site.site_id) AND (q3.id = pl2.post_id_to))",
                                                                                        "Workers": [],
                                                                                        "Plans": [
                                                                                            {
                                                                                                "Node Type": "Seq Scan",
                                                                                                "Parent Relationship": "Outer",
                                                                                                "Parallel Aware": true,
                                                                                                "Async Capable": false,
                                                                                                "Relation Name": "question",
                                                                                                "Alias": "q3",
                                                                                                "Startup Cost": 0.0,
                                                                                                "Total Cost": 1682252.12,
                                                                                                "Plan Rows": 1807612,
                                                                                                "Plan Width": 12,
                                                                                                "Actual Startup Time": 0.021,
                                                                                                "Actual Total Time": 408.192,
                                                                                                "Actual Rows": 1583305,
                                                                                                "Actual Loops": 8,
                                                                                                "Workers": []
                                                                                            },
                                                                                            {
                                                                                                "Node Type": "Hash",
                                                                                                "Parent Relationship": "Inner",
                                                                                                "Parallel Aware": true,
                                                                                                "Async Capable": false,
                                                                                                "Startup Cost": 283925.13,
                                                                                                "Total Cost": 283925.13,
                                                                                                "Plan Rows": 50,
                                                                                                "Plan Width": 36,
                                                                                                "Actual Startup Time": 305.673,
                                                                                                "Actual Total Time": 305.679,
                                                                                                "Actual Rows": 17,
                                                                                                "Actual Loops": 8,
                                                                                                "Hash Buckets": 1024,
                                                                                                "Original Hash Buckets": 1024,
                                                                                                "Hash Batches": 1,
                                                                                                "Original Hash Batches": 1,
                                                                                                "Peak Memory Usage": 40,
                                                                                                "Workers": [],
                                                                                                "Plans": [
                                                                                                    {
                                                                                                        "Node Type": "Hash Join",
                                                                                                        "Parent Relationship": "Outer",
                                                                                                        "Parallel Aware": true,
                                                                                                        "Async Capable": false,
                                                                                                        "Join Type": "Inner",
                                                                                                        "Startup Cost": 256694.57,
                                                                                                        "Total Cost": 283925.13,
                                                                                                        "Plan Rows": 50,
                                                                                                        "Plan Width": 36,
                                                                                                        "Actual Startup Time": 302.43,
                                                                                                        "Actual Total Time": 305.652,
                                                                                                        "Actual Rows": 17,
                                                                                                        "Actual Loops": 8,
                                                                                                        "Inner Unique": false,
                                                                                                        "Hash Cond": "((pl1.site_id = site.site_id) AND (pl1.post_id_to = q2.id))",
                                                                                                        "Workers": [],
                                                                                                        "Plans": [
                                                                                                            {
                                                                                                                "Node Type": "Seq Scan",
                                                                                                                "Parent Relationship": "Outer",
                                                                                                                "Parallel Aware": true,
                                                                                                                "Async Capable": false,
                                                                                                                "Relation Name": "post_link",
                                                                                                                "Alias": "pl1",
                                                                                                                "Startup Cost": 0.0,
                                                                                                                "Total Cost": 21752.3,
                                                                                                                "Plan Rows": 730430,
                                                                                                                "Plan Width": 12,
                                                                                                                "Actual Startup Time": 0.004,
                                                                                                                "Actual Total Time": 12.996,
                                                                                                                "Actual Rows": 283042,
                                                                                                                "Actual Loops": 8,
                                                                                                                "Workers": []
                                                                                                            },
                                                                                                            {
                                                                                                                "Node Type": "Hash",
                                                                                                                "Parent Relationship": "Inner",
                                                                                                                "Parallel Aware": true,
                                                                                                                "Async Capable": false,
                                                                                                                "Startup Cost": 256631.24,
                                                                                                                "Total Cost": 256631.24,
                                                                                                                "Plan Rows": 4222,
                                                                                                                "Plan Width": 24,
                                                                                                                "Actual Startup Time": 278.315,
                                                                                                                "Actual Total Time": 278.319,
                                                                                                                "Actual Rows": 20,
                                                                                                                "Actual Loops": 8,
                                                                                                                "Hash Buckets": 16384,
                                                                                                                "Original Hash Buckets": 16384,
                                                                                                                "Hash Batches": 1,
                                                                                                                "Original Hash Batches": 1,
                                                                                                                "Peak Memory Usage": 160,
                                                                                                                "Workers": [],
                                                                                                                "Plans": [
                                                                                                                    {
                                                                                                                        "Node Type": "Hash Join",
                                                                                                                        "Parent Relationship": "Outer",
                                                                                                                        "Parallel Aware": true,
                                                                                                                        "Async Capable": false,
                                                                                                                        "Join Type": "Inner",
                                                                                                                        "Startup Cost": 229400.59,
                                                                                                                        "Total Cost": 256631.24,
                                                                                                                        "Plan Rows": 4222,
                                                                                                                        "Plan Width": 24,
                                                                                                                        "Actual Startup Time": 274.897,
                                                                                                                        "Actual Total Time": 278.286,
                                                                                                                        "Actual Rows": 20,
                                                                                                                        "Actual Loops": 8,
                                                                                                                        "Inner Unique": false,
                                                                                                                        "Hash Cond": "((pl2.site_id = site.site_id) AND (pl2.post_id_from = q2.id))",
                                                                                                                        "Workers": [],
                                                                                                                        "Plans": [
                                                                                                                            {
                                                                                                                                "Node Type": "Seq Scan",
                                                                                                                                "Parent Relationship": "Outer",
                                                                                                                                "Parallel Aware": true,
                                                                                                                                "Async Capable": false,
                                                                                                                                "Relation Name": "post_link",
                                                                                                                                "Alias": "pl2",
                                                                                                                                "Startup Cost": 0.0,
                                                                                                                                "Total Cost": 21752.3,
                                                                                                                                "Plan Rows": 730430,
                                                                                                                                "Plan Width": 12,
                                                                                                                                "Actual Startup Time": 0.006,
                                                                                                                                "Actual Total Time": 13.934,
                                                                                                                                "Actual Rows": 283042,
                                                                                                                                "Actual Loops": 8,
                                                                                                                                "Workers": []
                                                                                                                            },
                                                                                                                            {
                                                                                                                                "Node Type": "Hash",
                                                                                                                                "Parent Relationship": "Inner",
                                                                                                                                "Parallel Aware": true,
                                                                                                                                "Async Capable": false,
                                                                                                                                "Startup Cost": 229217.74,
                                                                                                                                "Total Cost": 229217.74,
                                                                                                                                "Plan Rows": 12190,
                                                                                                                                "Plan Width": 12,
                                                                                                                                "Actual Startup Time": 249.38,
                                                                                                                                "Actual Total Time": 249.382,
                                                                                                                                "Actual Rows": 64,
                                                                                                                                "Actual Loops": 8,
                                                                                                                                "Hash Buckets": 131072,
                                                                                                                                "Original Hash Buckets": 131072,
                                                                                                                                "Hash Batches": 1,
                                                                                                                                "Original Hash Batches": 1,
                                                                                                                                "Peak Memory Usage": 1280,
                                                                                                                                "Workers": [],
                                                                                                                                "Plans": [
                                                                                                                                    {
                                                                                                                                        "Node Type": "Hash Join",
                                                                                                                                        "Parent Relationship": "Outer",
                                                                                                                                        "Parallel Aware": false,
                                                                                                                                        "Async Capable": false,
                                                                                                                                        "Join Type": "Inner",
                                                                                                                                        "Startup Cost": 3.61,
                                                                                                                                        "Total Cost": 229217.74,
                                                                                                                                        "Plan Rows": 12190,
                                                                                                                                        "Plan Width": 12,
                                                                                                                                        "Actual Startup Time": 0.126,
                                                                                                                                        "Actual Total Time": 249.032,
                                                                                                                                        "Actual Rows": 64,
                                                                                                                                        "Actual Loops": 8,
                                                                                                                                        "Inner Unique": true,
                                                                                                                                        "Hash Cond": "(q2.site_id = site.site_id)",
                                                                                                                                        "Workers": [],
                                                                                                                                        "Plans": [
                                                                                                                                            {
                                                                                                                                                "Node Type": "Index Only Scan",
                                                                                                                                                "Parent Relationship": "Outer",
                                                                                                                                                "Parallel Aware": true,
                                                                                                                                                "Async Capable": false,
                                                                                                                                                "Scan Direction": "Forward",
                                                                                                                                                "Index Name": "question_pkey",
                                                                                                                                                "Relation Name": "question",
                                                                                                                                                "Alias": "q2",
                                                                                                                                                "Startup Cost": 0.43,
                                                                                                                                                "Total Cost": 223543.14,
                                                                                                                                                "Plan Rows": 2108881,
                                                                                                                                                "Plan Width": 8,
                                                                                                                                                "Actual Startup Time": 0.066,
                                                                                                                                                "Actual Total Time": 201.597,
                                                                                                                                                "Actual Rows": 1583305,
                                                                                                                                                "Actual Loops": 8,
                                                                                                                                                "Heap Fetches": 0,
                                                                                                                                                "Workers": []
                                                                                                                                            },
                                                                                                                                            {
                                                                                                                                                "Node Type": "Hash",
                                                                                                                                                "Parent Relationship": "Inner",
                                                                                                                                                "Parallel Aware": false,
                                                                                                                                                "Async Capable": false,
                                                                                                                                                "Startup Cost": 3.16,
                                                                                                                                                "Total Cost": 3.16,
                                                                                                                                                "Plan Rows": 1,
                                                                                                                                                "Plan Width": 4,
                                                                                                                                                "Actual Startup Time": 0.023,
                                                                                                                                                "Actual Total Time": 0.023,
                                                                                                                                                "Actual Rows": 1,
                                                                                                                                                "Actual Loops": 8,
                                                                                                                                                "Hash Buckets": 1024,
                                                                                                                                                "Original Hash Buckets": 1024,
                                                                                                                                                "Hash Batches": 1,
                                                                                                                                                "Original Hash Batches": 1,
                                                                                                                                                "Peak Memory Usage": 9,
                                                                                                                                                "Workers": [],
                                                                                                                                                "Plans": [
                                                                                                                                                    {
                                                                                                                                                        "Node Type": "Seq Scan",
                                                                                                                                                        "Parent Relationship": "Outer",
                                                                                                                                                        "Parallel Aware": false,
                                                                                                                                                        "Async Capable": false,
                                                                                                                                                        "Relation Name": "site",
                                                                                                                                                        "Alias": "site",
                                                                                                                                                        "Startup Cost": 0.0,
                                                                                                                                                        "Total Cost": 3.16,
                                                                                                                                                        "Plan Rows": 1,
                                                                                                                                                        "Plan Width": 4,
                                                                                                                                                        "Actual Startup Time": 0.015,
                                                                                                                                                        "Actual Total Time": 0.021,
                                                                                                                                                        "Actual Rows": 1,
                                                                                                                                                        "Actual Loops": 8,
                                                                                                                                                        "Filter": "((site_name)::text = 'cseducators'::text)",
                                                                                                                                                        "Rows Removed by Filter": 172,
                                                                                                                                                        "Workers": []
                                                                                                                                                    }
                                                                                                                                                ]
                                                                                                                                            }
                                                                                                                                        ]
                                                                                                                                    }
                                                                                                                                ]
                                                                                                                            }
                                                                                                                        ]
                                                                                                                    }
                                                                                                                ]
                                                                                                            }
                                                                                                        ]
                                                                                                    }
                                                                                                ]
                                                                                            }
                                                                                        ]
                                                                                    }
                                                                                ]
                                                                            }
                                                                        ]
                                                                    },
                                                                    {
                                                                        "Node Type": "Hash",
                                                                        "Parent Relationship": "Inner",
                                                                        "Parallel Aware": true,
                                                                        "Async Capable": false,
                                                                        "Startup Cost": 2909153.53,
                                                                        "Total Cost": 2909153.53,
                                                                        "Plan Rows": 12936953,
                                                                        "Plan Width": 8,
                                                                        "Actual Startup Time": 2970.885,
                                                                        "Actual Total Time": 2970.885,
                                                                        "Actual Rows": 12932495,
                                                                        "Actual Loops": 8,
                                                                        "Hash Buckets": 524288,
                                                                        "Original Hash Buckets": 524288,
                                                                        "Hash Batches": 512,
                                                                        "Original Hash Batches": 512,
                                                                        "Peak Memory Usage": 12192,
                                                                        "Workers": [],
                                                                        "Plans": [
                                                                            {
                                                                                "Node Type": "Seq Scan",
                                                                                "Parent Relationship": "Outer",
                                                                                "Parallel Aware": true,
                                                                                "Async Capable": false,
                                                                                "Relation Name": "comment",
                                                                                "Alias": "comment",
                                                                                "Startup Cost": 0.0,
                                                                                "Total Cost": 2909153.53,
                                                                                "Plan Rows": 12936953,
                                                                                "Plan Width": 8,
                                                                                "Actual Startup Time": 0.024,
                                                                                "Actual Total Time": 1279.058,
                                                                                "Actual Rows": 12932495,
                                                                                "Actual Loops": 8,
                                                                                "Workers": []
                                                                            }
                                                                        ]
                                                                    }
                                                                ]
                                                            },
                                                            {
                                                                "Node Type": "Hash",
                                                                "Parent Relationship": "Inner",
                                                                "Parallel Aware": true,
                                                                "Async Capable": false,
                                                                "Startup Cost": 2909153.53,
                                                                "Total Cost": 2909153.53,
                                                                "Plan Rows": 12936953,
                                                                "Plan Width": 8,
                                                                "Actual Startup Time": 2932.808,
                                                                "Actual Total Time": 2932.809,
                                                                "Actual Rows": 12932495,
                                                                "Actual Loops": 8,
                                                                "Hash Buckets": 524288,
                                                                "Original Hash Buckets": 524288,
                                                                "Hash Batches": 512,
                                                                "Original Hash Batches": 512,
                                                                "Peak Memory Usage": 12160,
                                                                "Workers": [],
                                                                "Plans": [
                                                                    {
                                                                        "Node Type": "Seq Scan",
                                                                        "Parent Relationship": "Outer",
                                                                        "Parallel Aware": true,
                                                                        "Async Capable": false,
                                                                        "Relation Name": "comment",
                                                                        "Alias": "comment_1",
                                                                        "Startup Cost": 0.0,
                                                                        "Total Cost": 2909153.53,
                                                                        "Plan Rows": 12936953,
                                                                        "Plan Width": 8,
                                                                        "Actual Startup Time": 0.027,
                                                                        "Actual Total Time": 1414.807,
                                                                        "Actual Rows": 12932495,
                                                                        "Actual Loops": 8,
                                                                        "Workers": []
                                                                    }
                                                                ]
                                                            }
                                                        ]
                                                    },
                                                    {
                                                        "Node Type": "Hash",
                                                        "Parent Relationship": "Inner",
                                                        "Parallel Aware": true,
                                                        "Async Capable": false,
                                                        "Startup Cost": 2909153.53,
                                                        "Total Cost": 2909153.53,
                                                        "Plan Rows": 12936953,
                                                        "Plan Width": 8,
                                                        "Actual Startup Time": 2897.68,
                                                        "Actual Total Time": 2897.681,
                                                        "Actual Rows": 12932495,
                                                        "Actual Loops": 8,
                                                        "Hash Buckets": 524288,
                                                        "Original Hash Buckets": 524288,
                                                        "Hash Batches": 512,
                                                        "Original Hash Batches": 512,
                                                        "Peak Memory Usage": 12192,
                                                        "Workers": [],
                                                        "Plans": [
                                                            {
                                                                "Node Type": "Seq Scan",
                                                                "Parent Relationship": "Outer",
                                                                "Parallel Aware": true,
                                                                "Async Capable": false,
                                                                "Relation Name": "comment",
                                                                "Alias": "comment_2",
                                                                "Startup Cost": 0.0,
                                                                "Total Cost": 2909153.53,
                                                                "Plan Rows": 12936953,
                                                                "Plan Width": 8,
                                                                "Actual Startup Time": 0.046,
                                                                "Actual Total Time": 1394.777,
                                                                "Actual Rows": 12932495,
                                                                "Actual Loops": 8,
                                                                "Workers": []
                                                            }
                                                        ]
                                                    }
                                                ]
                                            }
                                        ]
                                    }
                                ]
                            }
                        ]
                    },
                    "Planning Time": 118.606,
                    "Triggers": [],
                    "Execution Time": 12860.324
                }
            ],
            "hints": [
                "SET enable_hashjoin TO on",
                "SET enable_indexonlyscan TO on",
                "SET enable_indexscan TO on",
                "SET enable_mergejoin TO on",
                "SET enable_nestloop TO off",
                "SET enable_seqscan TO on"
            ]
        },
        {
            "arm": 2,
            "execution_time": 61.923,
            "plan": [
                {
                    "Plan": {
                        "Node Type": "Aggregate",
                        "Strategy": "Plain",
                        "Partial Mode": "Simple",
                        "Parallel Aware": false,
                        "Async Capable": false,
                        "Startup Cost": 45212.12,
                        "Total Cost": 45212.13,
                        "Plan Rows": 1,
                        "Plan Width": 8,
                        "Actual Startup Time": 58.914,
                        "Actual Total Time": 61.859,
                        "Actual Rows": 1,
                        "Actual Loops": 1,
                        "Plans": [
                            {
                                "Node Type": "Gather Merge",
                                "Parent Relationship": "Outer",
                                "Parallel Aware": false,
                                "Async Capable": false,
                                "Startup Cost": 45205.84,
                                "Total Cost": 45211.99,
                                "Plan Rows": 52,
                                "Plan Width": 4,
                                "Actual Startup Time": 58.904,
                                "Actual Total Time": 61.852,
                                "Actual Rows": 40,
                                "Actual Loops": 1,
                                "Workers Planned": 3,
                                "Workers Launched": 3,
                                "Plans": [
                                    {
                                        "Node Type": "Sort",
                                        "Parent Relationship": "Outer",
                                        "Parallel Aware": false,
                                        "Async Capable": false,
                                        "Startup Cost": 44205.8,
                                        "Total Cost": 44205.84,
                                        "Plan Rows": 17,
                                        "Plan Width": 4,
                                        "Actual Startup Time": 56.085,
                                        "Actual Total Time": 56.091,
                                        "Actual Rows": 10,
                                        "Actual Loops": 4,
                                        "Sort Key": [
                                            "q1.id"
                                        ],
                                        "Sort Method": "quicksort",
                                        "Sort Space Used": 25,
                                        "Sort Space Type": "Memory",
                                        "Workers": [
                                            {
                                                "Worker Number": 0,
                                                "Sort Method": "quicksort",
                                                "Sort Space Used": 25,
                                                "Sort Space Type": "Memory"
                                            },
                                            {
                                                "Worker Number": 1,
                                                "Sort Method": "quicksort",
                                                "Sort Space Used": 25,
                                                "Sort Space Type": "Memory"
                                            },
                                            {
                                                "Worker Number": 2,
                                                "Sort Method": "quicksort",
                                                "Sort Space Used": 25,
                                                "Sort Space Type": "Memory"
                                            }
                                        ],
                                        "Plans": [
                                            {
                                                "Node Type": "Nested Loop",
                                                "Parent Relationship": "Outer",
                                                "Parallel Aware": false,
                                                "Async Capable": false,
                                                "Join Type": "Semi",
                                                "Startup Cost": 15780.59,
                                                "Total Cost": 44205.45,
                                                "Plan Rows": 17,
                                                "Plan Width": 4,
                                                "Actual Startup Time": 42.96,
                                                "Actual Total Time": 56.07,
                                                "Actual Rows": 10,
                                                "Actual Loops": 4,
                                                "Inner Unique": false,
                                                "Join Filter": "(pl1.post_id_from = comment_2.post_id)",
                                                "Rows Removed by Join Filter": 0,
                                                "Workers": [],
                                                "Plans": [
                                                    {
                                                        "Node Type": "Nested Loop",
                                                        "Parent Relationship": "Outer",
                                                        "Parallel Aware": false,
                                                        "Async Capable": false,
                                                        "Join Type": "Semi",
                                                        "Startup Cost": 15776.17,
                                                        "Total Cost": 44123.17,
                                                        "Plan Rows": 17,
                                                        "Plan Width": 40,
                                                        "Actual Startup Time": 42.958,
                                                        "Actual Total Time": 56.041,
                                                        "Actual Rows": 10,
                                                        "Actual Loops": 4,
                                                        "Inner Unique": false,
                                                        "Join Filter": "((q1.site_id = comment_1.site_id) AND (pl1.post_id_to = comment_1.post_id))",
                                                        "Rows Removed by Join Filter": 0,
                                                        "Workers": [],
                                                        "Plans": [
                                                            {
                                                                "Node Type": "Nested Loop",
                                                                "Parent Relationship": "Outer",
                                                                "Parallel Aware": false,
                                                                "Async Capable": false,
                                                                "Join Type": "Semi",
                                                                "Startup Cost": 15771.74,
                                                                "Total Cost": 44040.88,
                                                                "Plan Rows": 17,
                                                                "Plan Width": 48,
                                                                "Actual Startup Time": 42.957,
                                                                "Actual Total Time": 56.016,
                                                                "Actual Rows": 10,
                                                                "Actual Loops": 4,
                                                                "Inner Unique": false,
                                                                "Join Filter": "((q1.site_id = comment.site_id) AND (pl2.post_id_to = comment.post_id))",
                                                                "Rows Removed by Join Filter": 0,
                                                                "Workers": [],
                                                                "Plans": [
                                                                    {
                                                                        "Node Type": "Nested Loop",
                                                                        "Parent Relationship": "Outer",
                                                                        "Parallel Aware": false,
                                                                        "Async Capable": false,
                                                                        "Join Type": "Inner",
                                                                        "Startup Cost": 15767.32,
                                                                        "Total Cost": 43958.6,
                                                                        "Plan Rows": 17,
                                                                        "Plan Width": 52,
                                                                        "Actual Startup Time": 42.954,
                                                                        "Actual Total Time": 55.991,
                                                                        "Actual Rows": 10,
                                                                        "Actual Loops": 4,
                                                                        "Inner Unique": true,
                                                                        "Join Filter": "(q1.site_id = q2.site_id)",
                                                                        "Rows Removed by Join Filter": 0,
                                                                        "Workers": [],
                                                                        "Plans": [
                                                                            {
                                                                                "Node Type": "Nested Loop",
                                                                                "Parent Relationship": "Outer",
                                                                                "Parallel Aware": false,
                                                                                "Async Capable": false,
                                                                                "Join Type": "Inner",
                                                                                "Startup Cost": 15763.03,
                                                                                "Total Cost": 43817.22,
                                                                                "Plan Rows": 17,
                                                                                "Plan Width": 44,
                                                                                "Actual Startup Time": 42.953,
                                                                                "Actual Total Time": 55.974,
                                                                                "Actual Rows": 10,
                                                                                "Actual Loops": 4,
                                                                                "Inner Unique": true,
                                                                                "Join Filter": "((q1.score > q3.score) AND (q1.site_id = q3.site_id))",
                                                                                "Rows Removed by Join Filter": 24,
                                                                                "Workers": [],
                                                                                "Plans": [
                                                                                    {
                                                                                        "Node Type": "Nested Loop",
                                                                                        "Parent Relationship": "Outer",
                                                                                        "Parallel Aware": false,
                                                                                        "Async Capable": false,
                                                                                        "Join Type": "Inner",
                                                                                        "Startup Cost": 15758.74,
                                                                                        "Total Cost": 43401.29,
                                                                                        "Plan Rows": 50,
                                                                                        "Plan Width": 40,
                                                                                        "Actual Startup Time": 42.95,
                                                                                        "Actual Total Time": 55.918,
                                                                                        "Actual Rows": 34,
                                                                                        "Actual Loops": 4,
                                                                                        "Inner Unique": true,
                                                                                        "Join Filter": "(site.site_id = q1.site_id)",
                                                                                        "Rows Removed by Join Filter": 0,
                                                                                        "Workers": [],
                                                                                        "Plans": [
                                                                                            {
                                                                                                "Node Type": "Hash Join",
                                                                                                "Parent Relationship": "Outer",
                                                                                                "Parallel Aware": false,
                                                                                                "Async Capable": false,
                                                                                                "Join Type": "Inner",
                                                                                                "Startup Cost": 15754.45,
                                                                                                "Total Cost": 42985.48,
                                                                                                "Plan Rows": 50,
                                                                                                "Plan Width": 28,
                                                                                                "Actual Startup Time": 42.947,
                                                                                                "Actual Total Time": 55.852,
                                                                                                "Actual Rows": 34,
                                                                                                "Actual Loops": 4,
                                                                                                "Inner Unique": false,
                                                                                                "Hash Cond": "((pl1.site_id = site.site_id) AND (pl1.post_id_to = pl2.post_id_from))",
                                                                                                "Workers": [],
                                                                                                "Plans": [
                                                                                                    {
                                                                                                        "Node Type": "Seq Scan",
                                                                                                        "Parent Relationship": "Outer",
                                                                                                        "Parallel Aware": true,
                                                                                                        "Async Capable": false,
                                                                                                        "Relation Name": "post_link",
                                                                                                        "Alias": "pl1",
                                                                                                        "Startup Cost": 0.0,
                                                                                                        "Total Cost": 21752.3,
                                                                                                        "Plan Rows": 730430,
                                                                                                        "Plan Width": 12,
                                                                                                        "Actual Startup Time": 0.011,
                                                                                                        "Actual Total Time": 26.728,
                                                                                                        "Actual Rows": 566083,
                                                                                                        "Actual Loops": 4,
                                                                                                        "Workers": []
                                                                                                    },
                                                                                                    {
                                                                                                        "Node Type": "Hash",
                                                                                                        "Parent Relationship": "Inner",
                                                                                                        "Parallel Aware": false,
                                                                                                        "Async Capable": false,
                                                                                                        "Startup Cost": 15558.12,
                                                                                                        "Total Cost": 15558.12,
                                                                                                        "Plan Rows": 13089,
                                                                                                        "Plan Width": 16,
                                                                                                        "Actual Startup Time": 0.117,
                                                                                                        "Actual Total Time": 0.118,
                                                                                                        "Actual Rows": 159,
                                                                                                        "Actual Loops": 4,
                                                                                                        "Hash Buckets": 16384,
                                                                                                        "Original Hash Buckets": 16384,
                                                                                                        "Hash Batches": 1,
                                                                                                        "Original Hash Batches": 1,
                                                                                                        "Peak Memory Usage": 136,
                                                                                                        "Workers": [],
                                                                                                        "Plans": [
                                                                                                            {
                                                                                                                "Node Type": "Nested Loop",
                                                                                                                "Parent Relationship": "Outer",
                                                                                                                "Parallel Aware": false,
                                                                                                                "Async Capable": false,
                                                                                                                "Join Type": "Inner",
                                                                                                                "Startup Cost": 330.8,
                                                                                                                "Total Cost": 15558.12,
                                                                                                                "Plan Rows": 13089,
                                                                                                                "Plan Width": 16,
                                                                                                                "Actual Startup Time": 0.068,
                                                                                                                "Actual Total Time": 0.095,
                                                                                                                "Actual Rows": 159,
                                                                                                                "Actual Loops": 4,
                                                                                                                "Inner Unique": false,
                                                                                                                "Workers": [],
                                                                                                                "Plans": [
                                                                                                                    {
                                                                                                                        "Node Type": "Seq Scan",
                                                                                                                        "Parent Relationship": "Outer",
                                                                                                                        "Parallel Aware": false,
                                                                                                                        "Async Capable": false,
                                                                                                                        "Relation Name": "site",
                                                                                                                        "Alias": "site",
                                                                                                                        "Startup Cost": 0.0,
                                                                                                                        "Total Cost": 3.16,
                                                                                                                        "Plan Rows": 1,
                                                                                                                        "Plan Width": 4,
                                                                                                                        "Actual Startup Time": 0.014,
                                                                                                                        "Actual Total Time": 0.02,
                                                                                                                        "Actual Rows": 1,
                                                                                                                        "Actual Loops": 4,
                                                                                                                        "Filter": "((site_name)::text = 'cseducators'::text)",
                                                                                                                        "Rows Removed by Filter": 172,
                                                                                                                        "Workers": []
                                                                                                                    },
                                                                                                                    {
                                                                                                                        "Node Type": "Bitmap Heap Scan",
                                                                                                                        "Parent Relationship": "Inner",
                                                                                                                        "Parallel Aware": false,
                                                                                                                        "Async Capable": false,
                                                                                                                        "Relation Name": "post_link",
                                                                                                                        "Alias": "pl2",
                                                                                                                        "Startup Cost": 330.8,
                                                                                                                        "Total Cost": 15412.55,
                                                                                                                        "Plan Rows": 14241,
                                                                                                                        "Plan Width": 12,
                                                                                                                        "Actual Startup Time": 0.053,
                                                                                                                        "Actual Total Time": 0.063,
                                                                                                                        "Actual Rows": 159,
                                                                                                                        "Actual Loops": 4,
                                                                                                                        "Recheck Cond": "(site.site_id = site_id)",
                                                                                                                        "Rows Removed by Index Recheck": 0,
                                                                                                                        "Exact Heap Blocks": 2,
                                                                                                                        "Lossy Heap Blocks": 0,
                                                                                                                        "Workers": [],
                                                                                                                        "Plans": [
                                                                                                                            {
                                                                                                                                "Node Type": "Bitmap Index Scan",
                                                                                                                                "Parent Relationship": "Outer",
                                                                                                                                "Parallel Aware": false,
                                                                                                                                "Async Capable": false,
                                                                                                                                "Index Name": "post_link_pkey",
                                                                                                                                "Startup Cost": 0.0,
                                                                                                                                "Total Cost": 327.24,
                                                                                                                                "Plan Rows": 14241,
                                                                                                                                "Plan Width": 0,
                                                                                                                                "Actual Startup Time": 0.041,
                                                                                                                                "Actual Total Time": 0.041,
                                                                                                                                "Actual Rows": 159,
                                                                                                                                "Actual Loops": 4,
                                                                                                                                "Index Cond": "(site_id = site.site_id)",
                                                                                                                                "Workers": []
                                                                                                                            }
                                                                                                                        ]
                                                                                                                    }
                                                                                                                ]
                                                                                                            }
                                                                                                        ]
                                                                                                    }
                                                                                                ]
                                                                                            },
                                                                                            {
                                                                                                "Node Type": "Bitmap Heap Scan",
                                                                                                "Parent Relationship": "Inner",
                                                                                                "Parallel Aware": false,
                                                                                                "Async Capable": false,
                                                                                                "Relation Name": "question",
                                                                                                "Alias": "q1",
                                                                                                "Startup Cost": 4.29,
                                                                                                "Total Cost": 8.3,
                                                                                                "Plan Rows": 1,
                                                                                                "Plan Width": 12,
                                                                                                "Actual Startup Time": 0.001,
                                                                                                "Actual Total Time": 0.001,
                                                                                                "Actual Rows": 1,
                                                                                                "Actual Loops": 138,
                                                                                                "Recheck Cond": "((pl1.post_id_from = id) AND (pl1.site_id = site_id))",
                                                                                                "Rows Removed by Index Recheck": 0,
                                                                                                "Exact Heap Blocks": 138,
                                                                                                "Lossy Heap Blocks": 0,
                                                                                                "Workers": [],
                                                                                                "Plans": [
                                                                                                    {
                                                                                                        "Node Type": "Bitmap Index Scan",
                                                                                                        "Parent Relationship": "Outer",
                                                                                                        "Parallel Aware": false,
                                                                                                        "Async Capable": false,
                                                                                                        "Index Name": "question_pkey",
                                                                                                        "Startup Cost": 0.0,
                                                                                                        "Total Cost": 4.29,
                                                                                                        "Plan Rows": 1,
                                                                                                        "Plan Width": 0,
                                                                                                        "Actual Startup Time": 0.001,
                                                                                                        "Actual Total Time": 0.001,
                                                                                                        "Actual Rows": 1,
                                                                                                        "Actual Loops": 138,
                                                                                                        "Index Cond": "((id = pl1.post_id_from) AND (site_id = pl1.site_id))",
                                                                                                        "Workers": []
                                                                                                    }
                                                                                                ]
                                                                                            }
                                                                                        ]
                                                                                    },
                                                                                    {
                                                                                        "Node Type": "Bitmap Heap Scan",
                                                                                        "Parent Relationship": "Inner",
                                                                                        "Parallel Aware": false,
                                                                                        "Async Capable": false,
                                                                                        "Relation Name": "question",
                                                                                        "Alias": "q3",
                                                                                        "Startup Cost": 4.29,
                                                                                        "Total Cost": 8.3,
                                                                                        "Plan Rows": 1,
                                                                                        "Plan Width": 12,
                                                                                        "Actual Startup Time": 0.001,
                                                                                        "Actual Total Time": 0.001,
                                                                                        "Actual Rows": 1,
                                                                                        "Actual Loops": 138,
                                                                                        "Recheck Cond": "((pl2.post_id_to = id) AND (pl2.site_id = site_id))",
                                                                                        "Rows Removed by Index Recheck": 0,
                                                                                        "Exact Heap Blocks": 138,
                                                                                        "Lossy Heap Blocks": 0,
                                                                                        "Workers": [],
                                                                                        "Plans": [
                                                                                            {
                                                                                                "Node Type": "Bitmap Index Scan",
                                                                                                "Parent Relationship": "Outer",
                                                                                                "Parallel Aware": false,
                                                                                                "Async Capable": false,
                                                                                                "Index Name": "question_pkey",
                                                                                                "Startup Cost": 0.0,
                                                                                                "Total Cost": 4.29,
                                                                                                "Plan Rows": 1,
                                                                                                "Plan Width": 0,
                                                                                                "Actual Startup Time": 0.001,
                                                                                                "Actual Total Time": 0.001,
                                                                                                "Actual Rows": 1,
                                                                                                "Actual Loops": 138,
                                                                                                "Index Cond": "((id = pl2.post_id_to) AND (site_id = pl2.site_id))",
                                                                                                "Workers": []
                                                                                            }
                                                                                        ]
                                                                                    }
                                                                                ]
                                                                            },
                                                                            {
                                                                                "Node Type": "Bitmap Heap Scan",
                                                                                "Parent Relationship": "Inner",
                                                                                "Parallel Aware": false,
                                                                                "Async Capable": false,
                                                                                "Relation Name": "question",
                                                                                "Alias": "q2",
                                                                                "Startup Cost": 4.29,
                                                                                "Total Cost": 8.3,
                                                                                "Plan Rows": 1,
                                                                                "Plan Width": 8,
                                                                                "Actual Startup Time": 0.001,
                                                                                "Actual Total Time": 0.001,
                                                                                "Actual Rows": 1,
                                                                                "Actual Loops": 42,
                                                                                "Recheck Cond": "((pl1.post_id_to = id) AND (pl1.site_id = site_id))",
                                                                                "Rows Removed by Index Recheck": 0,
                                                                                "Exact Heap Blocks": 42,
                                                                                "Lossy Heap Blocks": 0,
                                                                                "Workers": [],
                                                                                "Plans": [
                                                                                    {
                                                                                        "Node Type": "Bitmap Index Scan",
                                                                                        "Parent Relationship": "Outer",
                                                                                        "Parallel Aware": false,
                                                                                        "Async Capable": false,
                                                                                        "Index Name": "question_pkey",
                                                                                        "Startup Cost": 0.0,
                                                                                        "Total Cost": 4.29,
                                                                                        "Plan Rows": 1,
                                                                                        "Plan Width": 0,
                                                                                        "Actual Startup Time": 0.001,
                                                                                        "Actual Total Time": 0.001,
                                                                                        "Actual Rows": 1,
                                                                                        "Actual Loops": 42,
                                                                                        "Index Cond": "((id = pl1.post_id_to) AND (site_id = pl1.site_id))",
                                                                                        "Workers": []
                                                                                    }
                                                                                ]
                                                                            }
                                                                        ]
                                                                    },
                                                                    {
                                                                        "Node Type": "Bitmap Heap Scan",
                                                                        "Parent Relationship": "Inner",
                                                                        "Parallel Aware": false,
                                                                        "Async Capable": false,
                                                                        "Relation Name": "comment",
                                                                        "Alias": "comment",
                                                                        "Startup Cost": 4.42,
                                                                        "Total Cost": 8.44,
                                                                        "Plan Rows": 1,
                                                                        "Plan Width": 8,
                                                                        "Actual Startup Time": 0.002,
                                                                        "Actual Total Time": 0.002,
                                                                        "Actual Rows": 1,
                                                                        "Actual Loops": 42,
                                                                        "Recheck Cond": "((q3.site_id = site_id) AND (q3.id = post_id))",
                                                                        "Rows Removed by Index Recheck": 0,
                                                                        "Exact Heap Blocks": 40,
                                                                        "Lossy Heap Blocks": 0,
                                                                        "Workers": [],
                                                                        "Plans": [
                                                                            {
                                                                                "Node Type": "Bitmap Index Scan",
                                                                                "Parent Relationship": "Outer",
                                                                                "Parallel Aware": false,
                                                                                "Async Capable": false,
                                                                                "Index Name": "comment_site_id_post_id_idx",
                                                                                "Startup Cost": 0.0,
                                                                                "Total Cost": 4.42,
                                                                                "Plan Rows": 1,
                                                                                "Plan Width": 0,
                                                                                "Actual Startup Time": 0.001,
                                                                                "Actual Total Time": 0.001,
                                                                                "Actual Rows": 4,
                                                                                "Actual Loops": 42,
                                                                                "Index Cond": "((site_id = q3.site_id) AND (post_id = q3.id))",
                                                                                "Workers": []
                                                                            }
                                                                        ]
                                                                    }
                                                                ]
                                                            },
                                                            {
                                                                "Node Type": "Bitmap Heap Scan",
                                                                "Parent Relationship": "Inner",
                                                                "Parallel Aware": false,
                                                                "Async Capable": false,
                                                                "Relation Name": "comment",
                                                                "Alias": "comment_1",
                                                                "Startup Cost": 4.42,
                                                                "Total Cost": 8.44,
                                                                "Plan Rows": 1,
                                                                "Plan Width": 8,
                                                                "Actual Startup Time": 0.002,
                                                                "Actual Total Time": 0.002,
                                                                "Actual Rows": 1,
                                                                "Actual Loops": 40,
                                                                "Recheck Cond": "((q2.site_id = site_id) AND (q2.id = post_id))",
                                                                "Rows Removed by Index Recheck": 0,
                                                                "Exact Heap Blocks": 40,
                                                                "Lossy Heap Blocks": 0,
                                                                "Workers": [],
                                                                "Plans": [
                                                                    {
                                                                        "Node Type": "Bitmap Index Scan",
                                                                        "Parent Relationship": "Outer",
                                                                        "Parallel Aware": false,
                                                                        "Async Capable": false,
                                                                        "Index Name": "comment_site_id_post_id_idx",
                                                                        "Startup Cost": 0.0,
                                                                        "Total Cost": 4.42,
                                                                        "Plan Rows": 1,
                                                                        "Plan Width": 0,
                                                                        "Actual Startup Time": 0.001,
                                                                        "Actual Total Time": 0.001,
                                                                        "Actual Rows": 7,
                                                                        "Actual Loops": 40,
                                                                        "Index Cond": "((site_id = q2.site_id) AND (post_id = q2.id))",
                                                                        "Workers": []
                                                                    }
                                                                ]
                                                            }
                                                        ]
                                                    },
                                                    {
                                                        "Node Type": "Bitmap Heap Scan",
                                                        "Parent Relationship": "Inner",
                                                        "Parallel Aware": false,
                                                        "Async Capable": false,
                                                        "Relation Name": "comment",
                                                        "Alias": "comment_2",
                                                        "Startup Cost": 4.42,
                                                        "Total Cost": 8.44,
                                                        "Plan Rows": 1,
                                                        "Plan Width": 8,
                                                        "Actual Startup Time": 0.002,
                                                        "Actual Total Time": 0.002,
                                                        "Actual Rows": 1,
                                                        "Actual Loops": 40,
                                                        "Recheck Cond": "((q1.site_id = site_id) AND (q1.id = post_id))",
                                                        "Rows Removed by Index Recheck": 0,
                                                        "Exact Heap Blocks": 40,
                                                        "Lossy Heap Blocks": 0,
                                                        "Workers": [],
                                                        "Plans": [
                                                            {
                                                                "Node Type": "Bitmap Index Scan",
                                                                "Parent Relationship": "Outer",
                                                                "Parallel Aware": false,
                                                                "Async Capable": false,
                                                                "Index Name": "comment_site_id_post_id_idx",
                                                                "Startup Cost": 0.0,
                                                                "Total Cost": 4.42,
                                                                "Plan Rows": 1,
                                                                "Plan Width": 0,
                                                                "Actual Startup Time": 0.001,
                                                                "Actual Total Time": 0.001,
                                                                "Actual Rows": 7,
                                                                "Actual Loops": 40,
                                                                "Index Cond": "((site_id = q1.site_id) AND (post_id = q1.id))",
                                                                "Workers": []
                                                            }
                                                        ]
                                                    }
                                                ]
                                            }
                                        ]
                                    }
                                ]
                            }
                        ]
                    },
                    "Planning Time": 60.796,
                    "Triggers": [],
                    "Execution Time": 61.923
                }
            ],
            "hints": [
                "SET enable_hashjoin TO on",
                "SET enable_indexonlyscan TO on",
                "SET enable_indexscan TO off",
                "SET enable_mergejoin TO off",
                "SET enable_nestloop TO on",
                "SET enable_seqscan TO on"
            ]
        },
        {
            "arm": 3,
            "execution_time": 11812.836,
            "plan": [
                {
                    "Plan": {
                        "Node Type": "Aggregate",
                        "Strategy": "Plain",
                        "Partial Mode": "Simple",
                        "Parallel Aware": false,
                        "Async Capable": false,
                        "Startup Cost": 14747284.89,
                        "Total Cost": 14747284.9,
                        "Plan Rows": 1,
                        "Plan Width": 8,
                        "Actual Startup Time": 10744.179,
                        "Actual Total Time": 11812.779,
                        "Actual Rows": 1,
                        "Actual Loops": 1,
                        "Plans": [
                            {
                                "Node Type": "Gather Merge",
                                "Parent Relationship": "Outer",
                                "Parallel Aware": false,
                                "Async Capable": false,
                                "Startup Cost": 14747278.37,
                                "Total Cost": 14747284.76,
                                "Plan Rows": 52,
                                "Plan Width": 4,
                                "Actual Startup Time": 10744.168,
                                "Actual Total Time": 11812.77,
                                "Actual Rows": 40,
                                "Actual Loops": 1,
                                "Workers Planned": 7,
                                "Workers Launched": 7,
                                "Plans": [
                                    {
                                        "Node Type": "Sort",
                                        "Parent Relationship": "Outer",
                                        "Parallel Aware": false,
                                        "Async Capable": false,
                                        "Startup Cost": 14746278.25,
                                        "Total Cost": 14746278.27,
                                        "Plan Rows": 7,
                                        "Plan Width": 4,
                                        "Actual Startup Time": 10741.321,
                                        "Actual Total Time": 10741.401,
                                        "Actual Rows": 5,
                                        "Actual Loops": 8,
                                        "Sort Key": [
                                            "q1.id"
                                        ],
                                        "Sort Method": "quicksort",
                                        "Sort Space Used": 25,
                                        "Sort Space Type": "Memory",
                                        "Workers": [
                                            {
                                                "Worker Number": 0,
                                                "Sort Method": "quicksort",
                                                "Sort Space Used": 25,
                                                "Sort Space Type": "Memory"
                                            },
                                            {
                                                "Worker Number": 1,
                                                "Sort Method": "quicksort",
                                                "Sort Space Used": 25,
                                                "Sort Space Type": "Memory"
                                            },
                                            {
                                                "Worker Number": 2,
                                                "Sort Method": "quicksort",
                                                "Sort Space Used": 25,
                                                "Sort Space Type": "Memory"
                                            },
                                            {
                                                "Worker Number": 3,
                                                "Sort Method": "quicksort",
                                                "Sort Space Used": 25,
                                                "Sort Space Type": "Memory"
                                            },
                                            {
                                                "Worker Number": 4,
                                                "Sort Method": "quicksort",
                                                "Sort Space Used": 25,
                                                "Sort Space Type": "Memory"
                                            },
                                            {
                                                "Worker Number": 5,
                                                "Sort Method": "quicksort",
                                                "Sort Space Used": 25,
                                                "Sort Space Type": "Memory"
                                            },
                                            {
                                                "Worker Number": 6,
                                                "Sort Method": "quicksort",
                                                "Sort Space Used": 25,
                                                "Sort Space Type": "Memory"
                                            }
                                        ],
                                        "Plans": [
                                            {
                                                "Node Type": "Hash Join",
                                                "Parent Relationship": "Outer",
                                                "Parallel Aware": true,
                                                "Async Capable": false,
                                                "Join Type": "Semi",
                                                "Startup Cost": 12898836.45,
                                                "Total Cost": 14746278.16,
                                                "Plan Rows": 7,
                                                "Plan Width": 4,
                                                "Actual Startup Time": 10298.617,
                                                "Actual Total Time": 10741.324,
                                                "Actual Rows": 5,
                                                "Actual Loops": 8,
                                                "Inner Unique": false,
                                                "Hash Cond": "((q1.site_id = comment_2.site_id) AND (pl1.post_id_from = comment_2.post_id))",
                                                "Workers": [],
                                                "Plans": [
                                                    {
                                                        "Node Type": "Hash Join",
                                                        "Parent Relationship": "Outer",
                                                        "Parallel Aware": true,
                                                        "Async Capable": false,
                                                        "Join Type": "Semi",
                                                        "Startup Cost": 9745093.63,
                                                        "Total Cost": 11541998.21,
                                                        "Plan Rows": 7,
                                                        "Plan Width": 40,
                                                        "Actual Startup Time": 7170.26,
                                                        "Actual Total Time": 7632.024,
                                                        "Actual Rows": 5,
                                                        "Actual Loops": 8,
                                                        "Inner Unique": false,
                                                        "Hash Cond": "((q1.site_id = comment_1.site_id) AND (pl1.post_id_to = comment_1.post_id))",
                                                        "Workers": [],
                                                        "Plans": [
                                                            {
                                                                "Node Type": "Hash Join",
                                                                "Parent Relationship": "Outer",
                                                                "Parallel Aware": true,
                                                                "Async Capable": false,
                                                                "Join Type": "Semi",
                                                                "Startup Cost": 6591350.8,
                                                                "Total Cost": 8337707.71,
                                                                "Plan Rows": 7,
                                                                "Plan Width": 48,
                                                                "Actual Startup Time": 4267.915,
                                                                "Actual Total Time": 4592.536,
                                                                "Actual Rows": 5,
                                                                "Actual Loops": 8,
                                                                "Inner Unique": false,
                                                                "Hash Cond": "((q1.site_id = comment.site_id) AND (pl2.post_id_to = comment.post_id))",
                                                                "Workers": [],
                                                                "Plans": [
                                                                    {
                                                                        "Node Type": "Hash Join",
                                                                        "Parent Relationship": "Outer",
                                                                        "Parallel Aware": true,
                                                                        "Async Capable": false,
                                                                        "Join Type": "Inner",
                                                                        "Startup Cost": 3437607.98,
                                                                        "Total Cost": 5133417.21,
                                                                        "Plan Rows": 7,
                                                                        "Plan Width": 52,
                                                                        "Actual Startup Time": 1460.532,
                                                                        "Actual Total Time": 1462.653,
                                                                        "Actual Rows": 5,
                                                                        "Actual Loops": 8,
                                                                        "Inner Unique": false,
                                                                        "Hash Cond": "((q2.site_id = q1.site_id) AND (q2.id = pl1.post_id_to))",
                                                                        "Workers": [],
                                                                        "Plans": [
                                                                            {
                                                                                "Node Type": "Seq Scan",
                                                                                "Parent Relationship": "Outer",
                                                                                "Parallel Aware": true,
                                                                                "Async Capable": false,
                                                                                "Relation Name": "question",
                                                                                "Alias": "q2",
                                                                                "Startup Cost": 0.0,
                                                                                "Total Cost": 1682252.12,
                                                                                "Plan Rows": 1807612,
                                                                                "Plan Width": 8,
                                                                                "Actual Startup Time": 0.007,
                                                                                "Actual Total Time": 388.658,
                                                                                "Actual Rows": 1583305,
                                                                                "Actual Loops": 8,
                                                                                "Workers": []
                                                                            },
                                                                            {
                                                                                "Node Type": "Hash",
                                                                                "Parent Relationship": "Inner",
                                                                                "Parallel Aware": true,
                                                                                "Async Capable": false,
                                                                                "Startup Cost": 3437607.87,
                                                                                "Total Cost": 3437607.87,
                                                                                "Plan Rows": 7,
                                                                                "Plan Width": 44,
                                                                                "Actual Startup Time": 991.695,
                                                                                "Actual Total Time": 991.702,
                                                                                "Actual Rows": 5,
                                                                                "Actual Loops": 8,
                                                                                "Hash Buckets": 1024,
                                                                                "Original Hash Buckets": 1024,
                                                                                "Hash Batches": 1,
                                                                                "Original Hash Batches": 1,
                                                                                "Peak Memory Usage": 40,
                                                                                "Workers": [],
                                                                                "Plans": [
                                                                                    {
                                                                                        "Node Type": "Hash Join",
                                                                                        "Parent Relationship": "Outer",
                                                                                        "Parallel Aware": true,
                                                                                        "Async Capable": false,
                                                                                        "Join Type": "Inner",
                                                                                        "Startup Cost": 1741798.65,
                                                                                        "Total Cost": 3437607.87,
                                                                                        "Plan Rows": 7,
                                                                                        "Plan Width": 44,
                                                                                        "Actual Startup Time": 989.538,
                                                                                        "Actual Total Time": 991.661,
                                                                                        "Actual Rows": 5,
                                                                                        "Actual Loops": 8,
                                                                                        "Inner Unique": false,
                                                                                        "Hash Cond": "((q1.site_id = site.site_id) AND (q1.id = pl1.post_id_from))",
                                                                                        "Join Filter": "(q1.score > q3.score)",
                                                                                        "Rows Removed by Join Filter": 12,
                                                                                        "Workers": [],
                                                                                        "Plans": [
                                                                                            {
                                                                                                "Node Type": "Seq Scan",
                                                                                                "Parent Relationship": "Outer",
                                                                                                "Parallel Aware": true,
                                                                                                "Async Capable": false,
                                                                                                "Relation Name": "question",
                                                                                                "Alias": "q1",
                                                                                                "Startup Cost": 0.0,
                                                                                                "Total Cost": 1682252.12,
                                                                                                "Plan Rows": 1807612,
                                                                                                "Plan Width": 12,
                                                                                                "Actual Startup Time": 0.008,
                                                                                                "Actual Total Time": 389.384,
                                                                                                "Actual Rows": 1583305,
                                                                                                "Actual Loops": 8,
                                                                                                "Workers": []
                                                                                            },
                                                                                            {
                                                                                                "Node Type": "Hash",
                                                                                                "Parent Relationship": "Inner",
                                                                                                "Parallel Aware": true,
                                                                                                "Async Capable": false,
                                                                                                "Startup Cost": 1741797.9,
                                                                                                "Total Cost": 1741797.9,
                                                                                                "Plan Rows": 50,
                                                                                                "Plan Width": 40,
                                                                                                "Actual Startup Time": 517.464,
                                                                                                "Actual Total Time": 517.469,
                                                                                                "Actual Rows": 17,
                                                                                                "Actual Loops": 8,
                                                                                                "Hash Buckets": 1024,
                                                                                                "Original Hash Buckets": 1024,
                                                                                                "Hash Batches": 1,
                                                                                                "Original Hash Batches": 1,
                                                                                                "Peak Memory Usage": 40,
                                                                                                "Workers": [],
                                                                                                "Plans": [
                                                                                                    {
                                                                                                        "Node Type": "Hash Join",
                                                                                                        "Parent Relationship": "Outer",
                                                                                                        "Parallel Aware": true,
                                                                                                        "Async Capable": false,
                                                                                                        "Join Type": "Inner",
                                                                                                        "Startup Cost": 1714567.21,
                                                                                                        "Total Cost": 1741797.9,
                                                                                                        "Plan Rows": 50,
                                                                                                        "Plan Width": 40,
                                                                                                        "Actual Startup Time": 514.415,
                                                                                                        "Actual Total Time": 517.449,
                                                                                                        "Actual Rows": 17,
                                                                                                        "Actual Loops": 8,
                                                                                                        "Inner Unique": false,
                                                                                                        "Hash Cond": "((pl1.site_id = site.site_id) AND (pl1.post_id_to = pl2.post_id_from))",
                                                                                                        "Workers": [],
                                                                                                        "Plans": [
                                                                                                            {
                                                                                                                "Node Type": "Seq Scan",
                                                                                                                "Parent Relationship": "Outer",
                                                                                                                "Parallel Aware": true,
                                                                                                                "Async Capable": false,
                                                                                                                "Relation Name": "post_link",
                                                                                                                "Alias": "pl1",
                                                                                                                "Startup Cost": 0.0,
                                                                                                                "Total Cost": 21752.3,
                                                                                                                "Plan Rows": 730430,
                                                                                                                "Plan Width": 12,
                                                                                                                "Actual Startup Time": 0.004,
                                                                                                                "Actual Total Time": 12.37,
                                                                                                                "Actual Rows": 283042,
                                                                                                                "Actual Loops": 8,
                                                                                                                "Workers": []
                                                                                                            },
                                                                                                            {
                                                                                                                "Node Type": "Hash",
                                                                                                                "Parent Relationship": "Inner",
                                                                                                                "Parallel Aware": true,
                                                                                                                "Async Capable": false,
                                                                                                                "Startup Cost": 1714503.88,
                                                                                                                "Total Cost": 1714503.88,
                                                                                                                "Plan Rows": 4222,
                                                                                                                "Plan Width": 28,
                                                                                                                "Actual Startup Time": 491.663,
                                                                                                                "Actual Total Time": 491.667,
                                                                                                                "Actual Rows": 20,
                                                                                                                "Actual Loops": 8,
                                                                                                                "Hash Buckets": 16384,
                                                                                                                "Original Hash Buckets": 16384,
                                                                                                                "Hash Batches": 1,
                                                                                                                "Original Hash Batches": 1,
                                                                                                                "Peak Memory Usage": 160,
                                                                                                                "Workers": [],
                                                                                                                "Plans": [
                                                                                                                    {
                                                                                                                        "Node Type": "Hash Join",
                                                                                                                        "Parent Relationship": "Outer",
                                                                                                                        "Parallel Aware": true,
                                                                                                                        "Async Capable": false,
                                                                                                                        "Join Type": "Inner",
                                                                                                                        "Startup Cost": 1687273.26,
                                                                                                                        "Total Cost": 1714503.88,
                                                                                                                        "Plan Rows": 4222,
                                                                                                                        "Plan Width": 28,
                                                                                                                        "Actual Startup Time": 488.338,
                                                                                                                        "Actual Total Time": 491.617,
                                                                                                                        "Actual Rows": 20,
                                                                                                                        "Actual Loops": 8,
                                                                                                                        "Inner Unique": false,
                                                                                                                        "Hash Cond": "((pl2.site_id = site.site_id) AND (pl2.post_id_to = q3.id))",
                                                                                                                        "Workers": [],
                                                                                                                        "Plans": [
                                                                                                                            {
                                                                                                                                "Node Type": "Seq Scan",
                                                                                                                                "Parent Relationship": "Outer",
                                                                                                                                "Parallel Aware": true,
                                                                                                                                "Async Capable": false,
                                                                                                                                "Relation Name": "post_link",
                                                                                                                                "Alias": "pl2",
                                                                                                                                "Startup Cost": 0.0,
                                                                                                                                "Total Cost": 21752.3,
                                                                                                                                "Plan Rows": 730430,
                                                                                                                                "Plan Width": 12,
                                                                                                                                "Actual Startup Time": 0.008,
                                                                                                                                "Actual Total Time": 13.47,
                                                                                                                                "Actual Rows": 283042,
                                                                                                                                "Actual Loops": 8,
                                                                                                                                "Workers": []
                                                                                                                            },
                                                                                                                            {
                                                                                                                                "Node Type": "Hash",
                                                                                                                                "Parent Relationship": "Inner",
                                                                                                                                "Parallel Aware": true,
                                                                                                                                "Async Capable": false,
                                                                                                                                "Startup Cost": 1687116.52,
                                                                                                                                "Total Cost": 1687116.52,
                                                                                                                                "Plan Rows": 10449,
                                                                                                                                "Plan Width": 16,
                                                                                                                                "Actual Startup Time": 463.424,
                                                                                                                                "Actual Total Time": 463.427,
                                                                                                                                "Actual Rows": 64,
                                                                                                                                "Actual Loops": 8,
                                                                                                                                "Hash Buckets": 131072,
                                                                                                                                "Original Hash Buckets": 131072,
                                                                                                                                "Hash Batches": 1,
                                                                                                                                "Original Hash Batches": 1,
                                                                                                                                "Peak Memory Usage": 1088,
                                                                                                                                "Workers": [],
                                                                                                                                "Plans": [
                                                                                                                                    {
                                                                                                                                        "Node Type": "Hash Join",
                                                                                                                                        "Parent Relationship": "Outer",
                                                                                                                                        "Parallel Aware": false,
                                                                                                                                        "Async Capable": false,
                                                                                                                                        "Join Type": "Inner",
                                                                                                                                        "Startup Cost": 3.18,
                                                                                                                                        "Total Cost": 1687116.52,
                                                                                                                                        "Plan Rows": 10449,
                                                                                                                                        "Plan Width": 16,
                                                                                                                                        "Actual Startup Time": 458.995,
                                                                                                                                        "Actual Total Time": 463.107,
                                                                                                                                        "Actual Rows": 64,
                                                                                                                                        "Actual Loops": 8,
                                                                                                                                        "Inner Unique": true,
                                                                                                                                        "Hash Cond": "(q3.site_id = site.site_id)",
                                                                                                                                        "Workers": [],
                                                                                                                                        "Plans": [
                                                                                                                                            {
                                                                                                                                                "Node Type": "Seq Scan",
                                                                                                                                                "Parent Relationship": "Outer",
                                                                                                                                                "Parallel Aware": true,
                                                                                                                                                "Async Capable": false,
                                                                                                                                                "Relation Name": "question",
                                                                                                                                                "Alias": "q3",
                                                                                                                                                "Startup Cost": 0.0,
                                                                                                                                                "Total Cost": 1682252.12,
                                                                                                                                                "Plan Rows": 1807612,
                                                                                                                                                "Plan Width": 12,
                                                                                                                                                "Actual Startup Time": 0.025,
                                                                                                                                                "Actual Total Time": 395.986,
                                                                                                                                                "Actual Rows": 1583305,
                                                                                                                                                "Actual Loops": 8,
                                                                                                                                                "Workers": []
                                                                                                                                            },
                                                                                                                                            {
                                                                                                                                                "Node Type": "Hash",
                                                                                                                                                "Parent Relationship": "Inner",
                                                                                                                                                "Parallel Aware": false,
                                                                                                                                                "Async Capable": false,
                                                                                                                                                "Startup Cost": 3.16,
                                                                                                                                                "Total Cost": 3.16,
                                                                                                                                                "Plan Rows": 1,
                                                                                                                                                "Plan Width": 4,
                                                                                                                                                "Actual Startup Time": 0.023,
                                                                                                                                                "Actual Total Time": 0.024,
                                                                                                                                                "Actual Rows": 1,
                                                                                                                                                "Actual Loops": 8,
                                                                                                                                                "Hash Buckets": 1024,
                                                                                                                                                "Original Hash Buckets": 1024,
                                                                                                                                                "Hash Batches": 1,
                                                                                                                                                "Original Hash Batches": 1,
                                                                                                                                                "Peak Memory Usage": 9,
                                                                                                                                                "Workers": [],
                                                                                                                                                "Plans": [
                                                                                                                                                    {
                                                                                                                                                        "Node Type": "Seq Scan",
                                                                                                                                                        "Parent Relationship": "Outer",
                                                                                                                                                        "Parallel Aware": false,
                                                                                                                                                        "Async Capable": false,
                                                                                                                                                        "Relation Name": "site",
                                                                                                                                                        "Alias": "site",
                                                                                                                                                        "Startup Cost": 0.0,
                                                                                                                                                        "Total Cost": 3.16,
                                                                                                                                                        "Plan Rows": 1,
                                                                                                                                                        "Plan Width": 4,
                                                                                                                                                        "Actual Startup Time": 0.017,
                                                                                                                                                        "Actual Total Time": 0.022,
                                                                                                                                                        "Actual Rows": 1,
                                                                                                                                                        "Actual Loops": 8,
                                                                                                                                                        "Filter": "((site_name)::text = 'cseducators'::text)",
                                                                                                                                                        "Rows Removed by Filter": 172,
                                                                                                                                                        "Workers": []
                                                                                                                                                    }
                                                                                                                                                ]
                                                                                                                                            }
                                                                                                                                        ]
                                                                                                                                    }
                                                                                                                                ]
                                                                                                                            }
                                                                                                                        ]
                                                                                                                    }
                                                                                                                ]
                                                                                                            }
                                                                                                        ]
                                                                                                    }
                                                                                                ]
                                                                                            }
                                                                                        ]
                                                                                    }
                                                                                ]
                                                                            }
                                                                        ]
                                                                    },
                                                                    {
                                                                        "Node Type": "Hash",
                                                                        "Parent Relationship": "Inner",
                                                                        "Parallel Aware": true,
                                                                        "Async Capable": false,
                                                                        "Startup Cost": 2909153.53,
                                                                        "Total Cost": 2909153.53,
                                                                        "Plan Rows": 12936953,
                                                                        "Plan Width": 8,
                                                                        "Actual Startup Time": 2507.067,
                                                                        "Actual Total Time": 2507.068,
                                                                        "Actual Rows": 12932495,
                                                                        "Actual Loops": 8,
                                                                        "Hash Buckets": 524288,
                                                                        "Original Hash Buckets": 524288,
                                                                        "Hash Batches": 512,
                                                                        "Original Hash Batches": 512,
                                                                        "Peak Memory Usage": 12160,
                                                                        "Workers": [],
                                                                        "Plans": [
                                                                            {
                                                                                "Node Type": "Seq Scan",
                                                                                "Parent Relationship": "Outer",
                                                                                "Parallel Aware": true,
                                                                                "Async Capable": false,
                                                                                "Relation Name": "comment",
                                                                                "Alias": "comment",
                                                                                "Startup Cost": 0.0,
                                                                                "Total Cost": 2909153.53,
                                                                                "Plan Rows": 12936953,
                                                                                "Plan Width": 8,
                                                                                "Actual Startup Time": 0.021,
                                                                                "Actual Total Time": 1167.205,
                                                                                "Actual Rows": 12932495,
                                                                                "Actual Loops": 8,
                                                                                "Workers": []
                                                                            }
                                                                        ]
                                                                    }
                                                                ]
                                                            },
                                                            {
                                                                "Node Type": "Hash",
                                                                "Parent Relationship": "Inner",
                                                                "Parallel Aware": true,
                                                                "Async Capable": false,
                                                                "Startup Cost": 2909153.53,
                                                                "Total Cost": 2909153.53,
                                                                "Plan Rows": 12936953,
                                                                "Plan Width": 8,
                                                                "Actual Startup Time": 2442.15,
                                                                "Actual Total Time": 2442.151,
                                                                "Actual Rows": 12932495,
                                                                "Actual Loops": 8,
                                                                "Hash Buckets": 524288,
                                                                "Original Hash Buckets": 524288,
                                                                "Hash Batches": 512,
                                                                "Original Hash Batches": 512,
                                                                "Peak Memory Usage": 12160,
                                                                "Workers": [],
                                                                "Plans": [
                                                                    {
                                                                        "Node Type": "Seq Scan",
                                                                        "Parent Relationship": "Outer",
                                                                        "Parallel Aware": true,
                                                                        "Async Capable": false,
                                                                        "Relation Name": "comment",
                                                                        "Alias": "comment_1",
                                                                        "Startup Cost": 0.0,
                                                                        "Total Cost": 2909153.53,
                                                                        "Plan Rows": 12936953,
                                                                        "Plan Width": 8,
                                                                        "Actual Startup Time": 0.024,
                                                                        "Actual Total Time": 1154.245,
                                                                        "Actual Rows": 12932495,
                                                                        "Actual Loops": 8,
                                                                        "Workers": []
                                                                    }
                                                                ]
                                                            }
                                                        ]
                                                    },
                                                    {
                                                        "Node Type": "Hash",
                                                        "Parent Relationship": "Inner",
                                                        "Parallel Aware": true,
                                                        "Async Capable": false,
                                                        "Startup Cost": 2909153.53,
                                                        "Total Cost": 2909153.53,
                                                        "Plan Rows": 12936953,
                                                        "Plan Width": 8,
                                                        "Actual Startup Time": 2506.218,
                                                        "Actual Total Time": 2506.218,
                                                        "Actual Rows": 12932495,
                                                        "Actual Loops": 8,
                                                        "Hash Buckets": 524288,
                                                        "Original Hash Buckets": 524288,
                                                        "Hash Batches": 512,
                                                        "Original Hash Batches": 512,
                                                        "Peak Memory Usage": 12192,
                                                        "Workers": [],
                                                        "Plans": [
                                                            {
                                                                "Node Type": "Seq Scan",
                                                                "Parent Relationship": "Outer",
                                                                "Parallel Aware": true,
                                                                "Async Capable": false,
                                                                "Relation Name": "comment",
                                                                "Alias": "comment_2",
                                                                "Startup Cost": 0.0,
                                                                "Total Cost": 2909153.53,
                                                                "Plan Rows": 12936953,
                                                                "Plan Width": 8,
                                                                "Actual Startup Time": 0.042,
                                                                "Actual Total Time": 1183.636,
                                                                "Actual Rows": 12932495,
                                                                "Actual Loops": 8,
                                                                "Workers": []
                                                            }
                                                        ]
                                                    }
                                                ]
                                            }
                                        ]
                                    }
                                ]
                            }
                        ]
                    },
                    "Planning Time": 65.303,
                    "Triggers": [],
                    "Execution Time": 11812.836
                }
            ],
            "hints": [
                "SET enable_hashjoin TO on",
                "SET enable_indexonlyscan TO on",
                "SET enable_indexscan TO off",
                "SET enable_mergejoin TO off",
                "SET enable_nestloop TO off",
                "SET enable_seqscan TO on"
            ]
        },
        {
            "arm": 4,
            "execution_time": 60.909,
            "plan": [
                {
                    "Plan": {
                        "Node Type": "Aggregate",
                        "Strategy": "Plain",
                        "Partial Mode": "Simple",
                        "Parallel Aware": false,
                        "Async Capable": false,
                        "Startup Cost": 44963.04,
                        "Total Cost": 44963.05,
                        "Plan Rows": 1,
                        "Plan Width": 8,
                        "Actual Startup Time": 57.85,
                        "Actual Total Time": 60.848,
                        "Actual Rows": 1,
                        "Actual Loops": 1,
                        "Plans": [
                            {
                                "Node Type": "Gather Merge",
                                "Parent Relationship": "Outer",
                                "Parallel Aware": false,
                                "Async Capable": false,
                                "Startup Cost": 44956.75,
                                "Total Cost": 44962.91,
                                "Plan Rows": 52,
                                "Plan Width": 4,
                                "Actual Startup Time": 57.84,
                                "Actual Total Time": 60.841,
                                "Actual Rows": 40,
                                "Actual Loops": 1,
                                "Workers Planned": 3,
                                "Workers Launched": 3,
                                "Plans": [
                                    {
                                        "Node Type": "Sort",
                                        "Parent Relationship": "Outer",
                                        "Parallel Aware": false,
                                        "Async Capable": false,
                                        "Startup Cost": 43956.71,
                                        "Total Cost": 43956.76,
                                        "Plan Rows": 17,
                                        "Plan Width": 4,
                                        "Actual Startup Time": 54.995,
                                        "Actual Total Time": 55.001,
                                        "Actual Rows": 10,
                                        "Actual Loops": 4,
                                        "Sort Key": [
                                            "q1.id"
                                        ],
                                        "Sort Method": "quicksort",
                                        "Sort Space Used": 25,
                                        "Sort Space Type": "Memory",
                                        "Workers": [
                                            {
                                                "Worker Number": 0,
                                                "Sort Method": "quicksort",
                                                "Sort Space Used": 25,
                                                "Sort Space Type": "Memory"
                                            },
                                            {
                                                "Worker Number": 1,
                                                "Sort Method": "quicksort",
                                                "Sort Space Used": 25,
                                                "Sort Space Type": "Memory"
                                            },
                                            {
                                                "Worker Number": 2,
                                                "Sort Method": "quicksort",
                                                "Sort Space Used": 25,
                                                "Sort Space Type": "Memory"
                                            }
                                        ],
                                        "Plans": [
                                            {
                                                "Node Type": "Nested Loop",
                                                "Parent Relationship": "Outer",
                                                "Parallel Aware": false,
                                                "Async Capable": false,
                                                "Join Type": "Semi",
                                                "Startup Cost": 15769.47,
                                                "Total Cost": 43956.37,
                                                "Plan Rows": 17,
                                                "Plan Width": 4,
                                                "Actual Startup Time": 42.14,
                                                "Actual Total Time": 54.98,
                                                "Actual Rows": 10,
                                                "Actual Loops": 4,
                                                "Inner Unique": false,
                                                "Join Filter": "(pl1.post_id_from = comment_2.post_id)",
                                                "Rows Removed by Join Filter": 0,
                                                "Workers": [],
                                                "Plans": [
                                                    {
                                                        "Node Type": "Nested Loop",
                                                        "Parent Relationship": "Outer",
                                                        "Parallel Aware": false,
                                                        "Async Capable": false,
                                                        "Join Type": "Semi",
                                                        "Startup Cost": 15768.9,
                                                        "Total Cost": 43933.1,
                                                        "Plan Rows": 17,
                                                        "Plan Width": 40,
                                                        "Actual Startup Time": 42.138,
                                                        "Actual Total Time": 54.961,
                                                        "Actual Rows": 10,
                                                        "Actual Loops": 4,
                                                        "Inner Unique": false,
                                                        "Join Filter": "((q1.site_id = comment_1.site_id) AND (pl1.post_id_to = comment_1.post_id))",
                                                        "Rows Removed by Join Filter": 0,
                                                        "Workers": [],
                                                        "Plans": [
                                                            {
                                                                "Node Type": "Nested Loop",
                                                                "Parent Relationship": "Outer",
                                                                "Parallel Aware": false,
                                                                "Async Capable": false,
                                                                "Join Type": "Semi",
                                                                "Startup Cost": 15768.34,
                                                                "Total Cost": 43909.83,
                                                                "Plan Rows": 17,
                                                                "Plan Width": 48,
                                                                "Actual Startup Time": 42.137,
                                                                "Actual Total Time": 54.946,
                                                                "Actual Rows": 10,
                                                                "Actual Loops": 4,
                                                                "Inner Unique": false,
                                                                "Join Filter": "((q1.site_id = comment.site_id) AND (pl2.post_id_to = comment.post_id))",
                                                                "Rows Removed by Join Filter": 0,
                                                                "Workers": [],
                                                                "Plans": [
                                                                    {
                                                                        "Node Type": "Nested Loop",
                                                                        "Parent Relationship": "Outer",
                                                                        "Parallel Aware": false,
                                                                        "Async Capable": false,
                                                                        "Join Type": "Inner",
                                                                        "Startup Cost": 15767.77,
                                                                        "Total Cost": 43886.57,
                                                                        "Plan Rows": 17,
                                                                        "Plan Width": 52,
                                                                        "Actual Startup Time": 42.135,
                                                                        "Actual Total Time": 54.928,
                                                                        "Actual Rows": 10,
                                                                        "Actual Loops": 4,
                                                                        "Inner Unique": true,
                                                                        "Join Filter": "(q1.site_id = q2.site_id)",
                                                                        "Rows Removed by Join Filter": 0,
                                                                        "Workers": [],
                                                                        "Plans": [
                                                                            {
                                                                                "Node Type": "Nested Loop",
                                                                                "Parent Relationship": "Outer",
                                                                                "Parallel Aware": false,
                                                                                "Async Capable": false,
                                                                                "Join Type": "Inner",
                                                                                "Startup Cost": 15767.33,
                                                                                "Total Cost": 43813.28,
                                                                                "Plan Rows": 17,
                                                                                "Plan Width": 44,
                                                                                "Actual Startup Time": 42.134,
                                                                                "Actual Total Time": 54.916,
                                                                                "Actual Rows": 10,
                                                                                "Actual Loops": 4,
                                                                                "Inner Unique": true,
                                                                                "Join Filter": "((q1.score > q3.score) AND (q1.site_id = q3.site_id))",
                                                                                "Rows Removed by Join Filter": 24,
                                                                                "Workers": [],
                                                                                "Plans": [
                                                                                    {
                                                                                        "Node Type": "Nested Loop",
                                                                                        "Parent Relationship": "Outer",
                                                                                        "Parallel Aware": false,
                                                                                        "Async Capable": false,
                                                                                        "Join Type": "Inner",
                                                                                        "Startup Cost": 15766.9,
                                                                                        "Total Cost": 43405.32,
                                                                                        "Plan Rows": 50,
                                                                                        "Plan Width": 40,
                                                                                        "Actual Startup Time": 42.131,
                                                                                        "Actual Total Time": 54.869,
                                                                                        "Actual Rows": 34,
                                                                                        "Actual Loops": 4,
                                                                                        "Inner Unique": true,
                                                                                        "Join Filter": "(site.site_id = q1.site_id)",
                                                                                        "Rows Removed by Join Filter": 0,
                                                                                        "Workers": [],
                                                                                        "Plans": [
                                                                                            {
                                                                                                "Node Type": "Hash Join",
                                                                                                "Parent Relationship": "Outer",
                                                                                                "Parallel Aware": false,
                                                                                                "Async Capable": false,
                                                                                                "Join Type": "Inner",
                                                                                                "Startup Cost": 15766.46,
                                                                                                "Total Cost": 42997.49,
                                                                                                "Plan Rows": 50,
                                                                                                "Plan Width": 28,
                                                                                                "Actual Startup Time": 42.128,
                                                                                                "Actual Total Time": 54.814,
                                                                                                "Actual Rows": 34,
                                                                                                "Actual Loops": 4,
                                                                                                "Inner Unique": false,
                                                                                                "Hash Cond": "((pl1.site_id = site.site_id) AND (pl1.post_id_to = pl2.post_id_from))",
                                                                                                "Workers": [],
                                                                                                "Plans": [
                                                                                                    {
                                                                                                        "Node Type": "Seq Scan",
                                                                                                        "Parent Relationship": "Outer",
                                                                                                        "Parallel Aware": true,
                                                                                                        "Async Capable": false,
                                                                                                        "Relation Name": "post_link",
                                                                                                        "Alias": "pl1",
                                                                                                        "Startup Cost": 0.0,
                                                                                                        "Total Cost": 21752.3,
                                                                                                        "Plan Rows": 730430,
                                                                                                        "Plan Width": 12,
                                                                                                        "Actual Startup Time": 0.01,
                                                                                                        "Actual Total Time": 26.346,
                                                                                                        "Actual Rows": 566083,
                                                                                                        "Actual Loops": 4,
                                                                                                        "Workers": []
                                                                                                    },
                                                                                                    {
                                                                                                        "Node Type": "Hash",
                                                                                                        "Parent Relationship": "Inner",
                                                                                                        "Parallel Aware": false,
                                                                                                        "Async Capable": false,
                                                                                                        "Startup Cost": 15570.13,
                                                                                                        "Total Cost": 15570.13,
                                                                                                        "Plan Rows": 13089,
                                                                                                        "Plan Width": 16,
                                                                                                        "Actual Startup Time": 0.151,
                                                                                                        "Actual Total Time": 0.152,
                                                                                                        "Actual Rows": 159,
                                                                                                        "Actual Loops": 4,
                                                                                                        "Hash Buckets": 16384,
                                                                                                        "Original Hash Buckets": 16384,
                                                                                                        "Hash Batches": 1,
                                                                                                        "Original Hash Batches": 1,
                                                                                                        "Peak Memory Usage": 136,
                                                                                                        "Workers": [],
                                                                                                        "Plans": [
                                                                                                            {
                                                                                                                "Node Type": "Nested Loop",
                                                                                                                "Parent Relationship": "Outer",
                                                                                                                "Parallel Aware": false,
                                                                                                                "Async Capable": false,
                                                                                                                "Join Type": "Inner",
                                                                                                                "Startup Cost": 330.94,
                                                                                                                "Total Cost": 15570.13,
                                                                                                                "Plan Rows": 13089,
                                                                                                                "Plan Width": 16,
                                                                                                                "Actual Startup Time": 0.088,
                                                                                                                "Actual Total Time": 0.128,
                                                                                                                "Actual Rows": 159,
                                                                                                                "Actual Loops": 4,
                                                                                                                "Inner Unique": false,
                                                                                                                "Workers": [],
                                                                                                                "Plans": [
                                                                                                                    {
                                                                                                                        "Node Type": "Index Scan",
                                                                                                                        "Parent Relationship": "Outer",
                                                                                                                        "Parallel Aware": false,
                                                                                                                        "Async Capable": false,
                                                                                                                        "Scan Direction": "Forward",
                                                                                                                        "Index Name": "site_pkey",
                                                                                                                        "Relation Name": "site",
                                                                                                                        "Alias": "site",
                                                                                                                        "Startup Cost": 0.14,
                                                                                                                        "Total Cost": 15.17,
                                                                                                                        "Plan Rows": 1,
                                                                                                                        "Plan Width": 4,
                                                                                                                        "Actual Startup Time": 0.032,
                                                                                                                        "Actual Total Time": 0.05,
                                                                                                                        "Actual Rows": 1,
                                                                                                                        "Actual Loops": 4,
                                                                                                                        "Filter": "((site_name)::text = 'cseducators'::text)",
                                                                                                                        "Rows Removed by Filter": 172,
                                                                                                                        "Workers": []
                                                                                                                    },
                                                                                                                    {
                                                                                                                        "Node Type": "Bitmap Heap Scan",
                                                                                                                        "Parent Relationship": "Inner",
                                                                                                                        "Parallel Aware": false,
                                                                                                                        "Async Capable": false,
                                                                                                                        "Relation Name": "post_link",
                                                                                                                        "Alias": "pl2",
                                                                                                                        "Startup Cost": 330.8,
                                                                                                                        "Total Cost": 15412.55,
                                                                                                                        "Plan Rows": 14241,
                                                                                                                        "Plan Width": 12,
                                                                                                                        "Actual Startup Time": 0.053,
                                                                                                                        "Actual Total Time": 0.065,
                                                                                                                        "Actual Rows": 159,
                                                                                                                        "Actual Loops": 4,
                                                                                                                        "Recheck Cond": "(site.site_id = site_id)",
                                                                                                                        "Rows Removed by Index Recheck": 0,
                                                                                                                        "Exact Heap Blocks": 2,
                                                                                                                        "Lossy Heap Blocks": 0,
                                                                                                                        "Workers": [],
                                                                                                                        "Plans": [
                                                                                                                            {
                                                                                                                                "Node Type": "Bitmap Index Scan",
                                                                                                                                "Parent Relationship": "Outer",
                                                                                                                                "Parallel Aware": false,
                                                                                                                                "Async Capable": false,
                                                                                                                                "Index Name": "post_link_pkey",
                                                                                                                                "Startup Cost": 0.0,
                                                                                                                                "Total Cost": 327.24,
                                                                                                                                "Plan Rows": 14241,
                                                                                                                                "Plan Width": 0,
                                                                                                                                "Actual Startup Time": 0.031,
                                                                                                                                "Actual Total Time": 0.031,
                                                                                                                                "Actual Rows": 159,
                                                                                                                                "Actual Loops": 4,
                                                                                                                                "Index Cond": "(site_id = site.site_id)",
                                                                                                                                "Workers": []
                                                                                                                            }
                                                                                                                        ]
                                                                                                                    }
                                                                                                                ]
                                                                                                            }
                                                                                                        ]
                                                                                                    }
                                                                                                ]
                                                                                            },
                                                                                            {
                                                                                                "Node Type": "Index Scan",
                                                                                                "Parent Relationship": "Inner",
                                                                                                "Parallel Aware": false,
                                                                                                "Async Capable": false,
                                                                                                "Scan Direction": "Forward",
                                                                                                "Index Name": "question_pkey",
                                                                                                "Relation Name": "question",
                                                                                                "Alias": "q1",
                                                                                                "Startup Cost": 0.43,
                                                                                                "Total Cost": 8.14,
                                                                                                "Plan Rows": 1,
                                                                                                "Plan Width": 12,
                                                                                                "Actual Startup Time": 0.001,
                                                                                                "Actual Total Time": 0.001,
                                                                                                "Actual Rows": 1,
                                                                                                "Actual Loops": 138,
                                                                                                "Index Cond": "((id = pl1.post_id_from) AND (site_id = pl1.site_id))",
                                                                                                "Rows Removed by Index Recheck": 0,
                                                                                                "Workers": []
                                                                                            }
                                                                                        ]
                                                                                    },
                                                                                    {
                                                                                        "Node Type": "Index Scan",
                                                                                        "Parent Relationship": "Inner",
                                                                                        "Parallel Aware": false,
                                                                                        "Async Capable": false,
                                                                                        "Scan Direction": "Forward",
                                                                                        "Index Name": "question_pkey",
                                                                                        "Relation Name": "question",
                                                                                        "Alias": "q3",
                                                                                        "Startup Cost": 0.43,
                                                                                        "Total Cost": 8.14,
                                                                                        "Plan Rows": 1,
                                                                                        "Plan Width": 12,
                                                                                        "Actual Startup Time": 0.001,
                                                                                        "Actual Total Time": 0.001,
                                                                                        "Actual Rows": 1,
                                                                                        "Actual Loops": 138,
                                                                                        "Index Cond": "((id = pl2.post_id_to) AND (site_id = pl2.site_id))",
                                                                                        "Rows Removed by Index Recheck": 0,
                                                                                        "Workers": []
                                                                                    }
                                                                                ]
                                                                            },
                                                                            {
                                                                                "Node Type": "Index Only Scan",
                                                                                "Parent Relationship": "Inner",
                                                                                "Parallel Aware": false,
                                                                                "Async Capable": false,
                                                                                "Scan Direction": "Forward",
                                                                                "Index Name": "question_pkey",
                                                                                "Relation Name": "question",
                                                                                "Alias": "q2",
                                                                                "Startup Cost": 0.43,
                                                                                "Total Cost": 4.3,
                                                                                "Plan Rows": 1,
                                                                                "Plan Width": 8,
                                                                                "Actual Startup Time": 0.001,
                                                                                "Actual Total Time": 0.001,
                                                                                "Actual Rows": 1,
                                                                                "Actual Loops": 42,
                                                                                "Index Cond": "((id = pl1.post_id_to) AND (site_id = pl1.site_id))",
                                                                                "Rows Removed by Index Recheck": 0,
                                                                                "Heap Fetches": 0,
                                                                                "Workers": []
                                                                            }
                                                                        ]
                                                                    },
                                                                    {
                                                                        "Node Type": "Index Only Scan",
                                                                        "Parent Relationship": "Inner",
                                                                        "Parallel Aware": false,
                                                                        "Async Capable": false,
                                                                        "Scan Direction": "Forward",
                                                                        "Index Name": "comment_site_id_post_id_idx",
                                                                        "Relation Name": "comment",
                                                                        "Alias": "comment",
                                                                        "Startup Cost": 0.57,
                                                                        "Total Cost": 8.28,
                                                                        "Plan Rows": 1,
                                                                        "Plan Width": 8,
                                                                        "Actual Startup Time": 0.001,
                                                                        "Actual Total Time": 0.001,
                                                                        "Actual Rows": 1,
                                                                        "Actual Loops": 42,
                                                                        "Index Cond": "((site_id = q3.site_id) AND (post_id = q3.id))",
                                                                        "Rows Removed by Index Recheck": 0,
                                                                        "Heap Fetches": 40,
                                                                        "Workers": []
                                                                    }
                                                                ]
                                                            },
                                                            {
                                                                "Node Type": "Index Only Scan",
                                                                "Parent Relationship": "Inner",
                                                                "Parallel Aware": false,
                                                                "Async Capable": false,
                                                                "Scan Direction": "Forward",
                                                                "Index Name": "comment_site_id_post_id_idx",
                                                                "Relation Name": "comment",
                                                                "Alias": "comment_1",
                                                                "Startup Cost": 0.57,
                                                                "Total Cost": 8.28,
                                                                "Plan Rows": 1,
                                                                "Plan Width": 8,
                                                                "Actual Startup Time": 0.001,
                                                                "Actual Total Time": 0.001,
                                                                "Actual Rows": 1,
                                                                "Actual Loops": 40,
                                                                "Index Cond": "((site_id = q2.site_id) AND (post_id = q2.id))",
                                                                "Rows Removed by Index Recheck": 0,
                                                                "Heap Fetches": 40,
                                                                "Workers": []
                                                            }
                                                        ]
                                                    },
                                                    {
                                                        "Node Type": "Index Only Scan",
                                                        "Parent Relationship": "Inner",
                                                        "Parallel Aware": false,
                                                        "Async Capable": false,
                                                        "Scan Direction": "Forward",
                                                        "Index Name": "comment_site_id_post_id_idx",
                                                        "Relation Name": "comment",
                                                        "Alias": "comment_2",
                                                        "Startup Cost": 0.57,
                                                        "Total Cost": 8.28,
                                                        "Plan Rows": 1,
                                                        "Plan Width": 8,
                                                        "Actual Startup Time": 0.001,
                                                        "Actual Total Time": 0.001,
                                                        "Actual Rows": 1,
                                                        "Actual Loops": 40,
                                                        "Index Cond": "((site_id = q1.site_id) AND (post_id = q1.id))",
                                                        "Rows Removed by Index Recheck": 0,
                                                        "Heap Fetches": 40,
                                                        "Workers": []
                                                    }
                                                ]
                                            }
                                        ]
                                    }
                                ]
                            }
                        ]
                    },
                    "Planning Time": 70.794,
                    "Triggers": [],
                    "Execution Time": 60.909
                }
            ],
            "hints": [
                "SET enable_hashjoin TO on",
                "SET enable_indexonlyscan TO on",
                "SET enable_indexscan TO on",
                "SET enable_mergejoin TO off",
                "SET enable_nestloop TO on",
                "SET enable_seqscan TO on"
            ]
        }
    ]
}