{
    "sql_file": "soload_q7-004.sql",
    "query": "select count(distinct account.display_name) from account, so_user, badge b1, badge b2 where\naccount.website_url != '' and\naccount.id = so_user.account_id and\n\nb1.site_id = so_user.site_id and\nb1.user_id = so_user.id and\nb1.name = 'Custodian' and\n\nb2.site_id = so_user.site_id and\nb2.user_id = so_user.id and\nb2.name = 'Commentator' and\nb2.date > b1.date + '11 months'::interval",
    "results": [
        {
            "arm": 0,
            "execution_time": 3045.778,
            "plan": [
                {
                    "Plan": {
                        "Node Type": "Aggregate",
                        "Strategy": "Plain",
                        "Partial Mode": "Simple",
                        "Parallel Aware": false,
                        "Async Capable": false,
                        "Startup Cost": 936323.02,
                        "Total Cost": 936323.03,
                        "Plan Rows": 1,
                        "Plan Width": 8,
                        "Actual Startup Time": 3012.341,
                        "Actual Total Time": 3045.741,
                        "Actual Rows": 1,
                        "Actual Loops": 1,
                        "Plans": [
                            {
                                "Node Type": "Gather Merge",
                                "Parent Relationship": "Outer",
                                "Parallel Aware": false,
                                "Async Capable": false,
                                "Startup Cost": 936184.75,
                                "Total Cost": 936320.24,
                                "Plan Rows": 1111,
                                "Plan Width": 11,
                                "Actual Startup Time": 3010.47,
                                "Actual Total Time": 3045.539,
                                "Actual Rows": 3925,
                                "Actual Loops": 1,
                                "Workers Planned": 6,
                                "Workers Launched": 6,
                                "Plans": [
                                    {
                                        "Node Type": "Sort",
                                        "Parent Relationship": "Outer",
                                        "Parallel Aware": false,
                                        "Async Capable": false,
                                        "Startup Cost": 935184.65,
                                        "Total Cost": 935185.12,
                                        "Plan Rows": 185,
                                        "Plan Width": 11,
                                        "Actual Startup Time": 3004.413,
                                        "Actual Total Time": 3005.056,
                                        "Actual Rows": 561,
                                        "Actual Loops": 7,
                                        "Sort Key": [
                                            "account.display_name"
                                        ],
                                        "Sort Method": "quicksort",
                                        "Sort Space Used": 37,
                                        "Sort Space Type": "Memory",
                                        "Workers": [
                                            {
                                                "Worker Number": 0,
                                                "Sort Method": "quicksort",
                                                "Sort Space Used": 36,
                                                "Sort Space Type": "Memory"
                                            },
                                            {
                                                "Worker Number": 1,
                                                "Sort Method": "quicksort",
                                                "Sort Space Used": 37,
                                                "Sort Space Type": "Memory"
                                            },
                                            {
                                                "Worker Number": 2,
                                                "Sort Method": "quicksort",
                                                "Sort Space Used": 38,
                                                "Sort Space Type": "Memory"
                                            },
                                            {
                                                "Worker Number": 3,
                                                "Sort Method": "quicksort",
                                                "Sort Space Used": 37,
                                                "Sort Space Type": "Memory"
                                            },
                                            {
                                                "Worker Number": 4,
                                                "Sort Method": "quicksort",
                                                "Sort Space Used": 36,
                                                "Sort Space Type": "Memory"
                                            },
                                            {
                                                "Worker Number": 5,
                                                "Sort Method": "quicksort",
                                                "Sort Space Used": 37,
                                                "Sort Space Type": "Memory"
                                            }
                                        ],
                                        "Plans": [
                                            {
                                                "Node Type": "Nested Loop",
                                                "Parent Relationship": "Outer",
                                                "Parallel Aware": false,
                                                "Async Capable": false,
                                                "Join Type": "Inner",
                                                "Startup Cost": 404534.47,
                                                "Total Cost": 935177.69,
                                                "Plan Rows": 185,
                                                "Plan Width": 11,
                                                "Actual Startup Time": 1569.246,
                                                "Actual Total Time": 3004.586,
                                                "Actual Rows": 561,
                                                "Actual Loops": 7,
                                                "Inner Unique": false,
                                                "Join Filter": "((b1.site_id = b2.site_id) AND (b1.user_id = b2.user_id) AND (b2.date > (b1.date + '11 mons'::interval)))",
                                                "Rows Removed by Join Filter": 33616,
                                                "Workers": [],
                                                "Plans": [
                                                    {
                                                        "Node Type": "Hash Join",
                                                        "Parent Relationship": "Outer",
                                                        "Parallel Aware": true,
                                                        "Async Capable": false,
                                                        "Join Type": "Inner",
                                                        "Startup Cost": 404533.91,
                                                        "Total Cost": 883725.44,
                                                        "Plan Rows": 9308,
                                                        "Plan Width": 35,
                                                        "Actual Startup Time": 1559.591,
                                                        "Actual Total Time": 1610.427,
                                                        "Actual Rows": 38215,
                                                        "Actual Loops": 7,
                                                        "Inner Unique": false,
                                                        "Hash Cond": "((b1.site_id = so_user.site_id) AND (b1.user_id = so_user.id))",
                                                        "Workers": [],
                                                        "Plans": [
                                                            {
                                                                "Node Type": "Seq Scan",
                                                                "Parent Relationship": "Outer",
                                                                "Parallel Aware": true,
                                                                "Async Capable": false,
                                                                "Relation Name": "badge",
                                                                "Alias": "b1",
                                                                "Startup Cost": 0.0,
                                                                "Total Cost": 477729.63,
                                                                "Plan Rows": 179577,
                                                                "Plan Width": 16,
                                                                "Actual Startup Time": 0.048,
                                                                "Actual Total Time": 399.256,
                                                                "Actual Rows": 154945,
                                                                "Actual Loops": 7,
                                                                "Filter": "((name)::text = 'Custodian'::text)",
                                                                "Rows Removed by Filter": 7164613,
                                                                "Workers": []
                                                            },
                                                            {
                                                                "Node Type": "Hash",
                                                                "Parent Relationship": "Inner",
                                                                "Parallel Aware": true,
                                                                "Async Capable": false,
                                                                "Startup Cost": 401253.56,
                                                                "Total Cost": 401253.56,
                                                                "Plan Rows": 218690,
                                                                "Plan Width": 19,
                                                                "Actual Startup Time": 1131.887,
                                                                "Actual Total Time": 1132.049,
                                                                "Actual Rows": 362270,
                                                                "Actual Loops": 7,
                                                                "Hash Buckets": 524288,
                                                                "Original Hash Buckets": 2097152,
                                                                "Hash Batches": 16,
                                                                "Original Hash Batches": 1,
                                                                "Peak Memory Usage": 12704,
                                                                "Workers": [],
                                                                "Plans": [
                                                                    {
                                                                        "Node Type": "Hash Join",
                                                                        "Parent Relationship": "Outer",
                                                                        "Parallel Aware": true,
                                                                        "Async Capable": false,
                                                                        "Join Type": "Inner",
                                                                        "Startup Cost": 150787.4,
                                                                        "Total Cost": 401253.56,
                                                                        "Plan Rows": 218690,
                                                                        "Plan Width": 19,
                                                                        "Actual Startup Time": 170.774,
                                                                        "Actual Total Time": 975.772,
                                                                        "Actual Rows": 362270,
                                                                        "Actual Loops": 7,
                                                                        "Inner Unique": true,
                                                                        "Hash Cond": "(so_user.account_id = account.id)",
                                                                        "Workers": [],
                                                                        "Plans": [
                                                                            {
                                                                                "Node Type": "Seq Scan",
                                                                                "Parent Relationship": "Outer",
                                                                                "Parallel Aware": true,
                                                                                "Async Capable": false,
                                                                                "Relation Name": "so_user",
                                                                                "Alias": "so_user",
                                                                                "Startup Cost": 0.0,
                                                                                "Total Cost": 239391.02,
                                                                                "Plan Rows": 4219102,
                                                                                "Plan Width": 12,
                                                                                "Actual Startup Time": 0.006,
                                                                                "Actual Total Time": 167.084,
                                                                                "Actual Rows": 3013900,
                                                                                "Actual Loops": 7,
                                                                                "Workers": []
                                                                            },
                                                                            {
                                                                                "Node Type": "Hash",
                                                                                "Parent Relationship": "Inner",
                                                                                "Parallel Aware": true,
                                                                                "Async Capable": false,
                                                                                "Startup Cost": 148993.09,
                                                                                "Total Cost": 148993.09,
                                                                                "Plan Rows": 143545,
                                                                                "Plan Width": 15,
                                                                                "Actual Startup Time": 170.208,
                                                                                "Actual Total Time": 170.208,
                                                                                "Actual Rows": 103524,
                                                                                "Actual Loops": 7,
                                                                                "Hash Buckets": 1048576,
                                                                                "Original Hash Buckets": 1048576,
                                                                                "Hash Batches": 1,
                                                                                "Original Hash Batches": 1,
                                                                                "Peak Memory Usage": 44608,
                                                                                "Workers": [],
                                                                                "Plans": [
                                                                                    {
                                                                                        "Node Type": "Seq Scan",
                                                                                        "Parent Relationship": "Outer",
                                                                                        "Parallel Aware": true,
                                                                                        "Async Capable": false,
                                                                                        "Relation Name": "account",
                                                                                        "Alias": "account",
                                                                                        "Startup Cost": 0.0,
                                                                                        "Total Cost": 148993.09,
                                                                                        "Plan Rows": 143545,
                                                                                        "Plan Width": 15,
                                                                                        "Actual Startup Time": 0.027,
                                                                                        "Actual Total Time": 134.242,
                                                                                        "Actual Rows": 103524,
                                                                                        "Actual Loops": 7,
                                                                                        "Filter": "((website_url)::text <> ''::text)",
                                                                                        "Rows Removed by Filter": 1878212,
                                                                                        "Workers": []
                                                                                    }
                                                                                ]
                                                                            }
                                                                        ]
                                                                    }
                                                                ]
                                                            }
                                                        ]
                                                    },
                                                    {
                                                        "Node Type": "Index Only Scan",
                                                        "Parent Relationship": "Inner",
                                                        "Parallel Aware": false,
                                                        "Async Capable": false,
                                                        "Scan Direction": "Forward",
                                                        "Index Name": "badge_pkey",
                                                        "Relation Name": "badge",
                                                        "Alias": "b2",
                                                        "Startup Cost": 0.56,
                                                        "Total Cost": 5.51,
                                                        "Plan Rows": 1,
                                                        "Plan Width": 16,
                                                        "Actual Startup Time": 0.036,
                                                        "Actual Total Time": 0.036,
                                                        "Actual Rows": 1,
                                                        "Actual Loops": 267505,
                                                        "Index Cond": "((site_id = so_user.site_id) AND (user_id = so_user.id) AND (name = 'Commentator'::text))",
                                                        "Rows Removed by Index Recheck": 0,
                                                        "Heap Fetches": 239239,
                                                        "Workers": []
                                                    }
                                                ]
                                            }
                                        ]
                                    }
                                ]
                            }
                        ]
                    },
                    "Planning Time": 0.51,
                    "Triggers": [],
                    "Execution Time": 3045.778
                }
            ],
            "hints": [
                "SET enable_hashjoin TO on",
                "SET enable_indexonlyscan TO on",
                "SET enable_indexscan TO on",
                "SET enable_mergejoin TO on",
                "SET enable_nestloop TO on",
                "SET enable_seqscan TO on"
            ]
        },
        {
            "arm": 1,
            "execution_time": 1802.832,
            "plan": [
                {
                    "Plan": {
                        "Node Type": "Aggregate",
                        "Strategy": "Plain",
                        "Partial Mode": "Simple",
                        "Parallel Aware": false,
                        "Async Capable": false,
                        "Startup Cost": 1364364.48,
                        "Total Cost": 1364364.49,
                        "Plan Rows": 1,
                        "Plan Width": 8,
                        "Actual Startup Time": 1770.782,
                        "Actual Total Time": 1802.798,
                        "Actual Rows": 1,
                        "Actual Loops": 1,
                        "Plans": [
                            {
                                "Node Type": "Gather Merge",
                                "Parent Relationship": "Outer",
                                "Parallel Aware": false,
                                "Async Capable": false,
                                "Startup Cost": 1364226.21,
                                "Total Cost": 1364361.7,
                                "Plan Rows": 1111,
                                "Plan Width": 11,
                                "Actual Startup Time": 1769.023,
                                "Actual Total Time": 1802.601,
                                "Actual Rows": 3925,
                                "Actual Loops": 1,
                                "Workers Planned": 6,
                                "Workers Launched": 6,
                                "Plans": [
                                    {
                                        "Node Type": "Sort",
                                        "Parent Relationship": "Outer",
                                        "Parallel Aware": false,
                                        "Async Capable": false,
                                        "Startup Cost": 1363226.11,
                                        "Total Cost": 1363226.57,
                                        "Plan Rows": 185,
                                        "Plan Width": 11,
                                        "Actual Startup Time": 1765.402,
                                        "Actual Total Time": 1766.132,
                                        "Actual Rows": 561,
                                        "Actual Loops": 7,
                                        "Sort Key": [
                                            "account.display_name"
                                        ],
                                        "Sort Method": "quicksort",
                                        "Sort Space Used": 37,
                                        "Sort Space Type": "Memory",
                                        "Workers": [
                                            {
                                                "Worker Number": 0,
                                                "Sort Method": "quicksort",
                                                "Sort Space Used": 38,
                                                "Sort Space Type": "Memory"
                                            },
                                            {
                                                "Worker Number": 1,
                                                "Sort Method": "quicksort",
                                                "Sort Space Used": 37,
                                                "Sort Space Type": "Memory"
                                            },
                                            {
                                                "Worker Number": 2,
                                                "Sort Method": "quicksort",
                                                "Sort Space Used": 37,
                                                "Sort Space Type": "Memory"
                                            },
                                            {
                                                "Worker Number": 3,
                                                "Sort Method": "quicksort",
                                                "Sort Space Used": 36,
                                                "Sort Space Type": "Memory"
                                            },
                                            {
                                                "Worker Number": 4,
                                                "Sort Method": "quicksort",
                                                "Sort Space Used": 36,
                                                "Sort Space Type": "Memory"
                                            },
                                            {
                                                "Worker Number": 5,
                                                "Sort Method": "quicksort",
                                                "Sort Space Used": 37,
                                                "Sort Space Type": "Memory"
                                            }
                                        ],
                                        "Plans": [
                                            {
                                                "Node Type": "Hash Join",
                                                "Parent Relationship": "Outer",
                                                "Parallel Aware": true,
                                                "Async Capable": false,
                                                "Join Type": "Inner",
                                                "Startup Cost": 884134.1,
                                                "Total Cost": 1363219.14,
                                                "Plan Rows": 185,
                                                "Plan Width": 11,
                                                "Actual Startup Time": 1382.266,
                                                "Actual Total Time": 1765.707,
                                                "Actual Rows": 561,
                                                "Actual Loops": 7,
                                                "Inner Unique": false,
                                                "Hash Cond": "((b1.site_id = so_user.site_id) AND (b1.user_id = so_user.id))",
                                                "Join Filter": "(b2.date > (b1.date + '11 mons'::interval))",
                                                "Rows Removed by Join Filter": 33616,
                                                "Workers": [],
                                                "Plans": [
                                                    {
                                                        "Node Type": "Seq Scan",
                                                        "Parent Relationship": "Outer",
                                                        "Parallel Aware": true,
                                                        "Async Capable": false,
                                                        "Relation Name": "badge",
                                                        "Alias": "b1",
                                                        "Startup Cost": 0.0,
                                                        "Total Cost": 477729.63,
                                                        "Plan Rows": 179577,
                                                        "Plan Width": 16,
                                                        "Actual Startup Time": 0.03,
                                                        "Actual Total Time": 354.071,
                                                        "Actual Rows": 154945,
                                                        "Actual Loops": 7,
                                                        "Filter": "((name)::text = 'Custodian'::text)",
                                                        "Rows Removed by Filter": 7164613,
                                                        "Workers": []
                                                    },
                                                    {
                                                        "Node Type": "Hash",
                                                        "Parent Relationship": "Inner",
                                                        "Parallel Aware": true,
                                                        "Async Capable": false,
                                                        "Startup Cost": 883971.02,
                                                        "Total Cost": 883971.02,
                                                        "Plan Rows": 10872,
                                                        "Plan Width": 35,
                                                        "Actual Startup Time": 1380.559,
                                                        "Actual Total Time": 1381.274,
                                                        "Actual Rows": 37889,
                                                        "Actual Loops": 7,
                                                        "Hash Buckets": 524288,
                                                        "Original Hash Buckets": 65536,
                                                        "Hash Batches": 1,
                                                        "Original Hash Batches": 1,
                                                        "Peak Memory Usage": 25984,
                                                        "Workers": [],
                                                        "Plans": [
                                                            {
                                                                "Node Type": "Hash Join",
                                                                "Parent Relationship": "Outer",
                                                                "Parallel Aware": true,
                                                                "Async Capable": false,
                                                                "Join Type": "Inner",
                                                                "Startup Cost": 404533.91,
                                                                "Total Cost": 883971.02,
                                                                "Plan Rows": 10872,
                                                                "Plan Width": 35,
                                                                "Actual Startup Time": 1311.02,
                                                                "Actual Total Time": 1359.159,
                                                                "Actual Rows": 37889,
                                                                "Actual Loops": 7,
                                                                "Inner Unique": false,
                                                                "Hash Cond": "((b2.site_id = so_user.site_id) AND (b2.user_id = so_user.id))",
                                                                "Workers": [],
                                                                "Plans": [
                                                                    {
                                                                        "Node Type": "Seq Scan",
                                                                        "Parent Relationship": "Outer",
                                                                        "Parallel Aware": true,
                                                                        "Async Capable": false,
                                                                        "Relation Name": "badge",
                                                                        "Alias": "b2",
                                                                        "Startup Cost": 0.0,
                                                                        "Total Cost": 477729.63,
                                                                        "Plan Rows": 209744,
                                                                        "Plan Width": 16,
                                                                        "Actual Startup Time": 0.028,
                                                                        "Actual Total Time": 374.518,
                                                                        "Actual Rows": 178364,
                                                                        "Actual Loops": 7,
                                                                        "Filter": "((name)::text = 'Commentator'::text)",
                                                                        "Rows Removed by Filter": 7141194,
                                                                        "Workers": []
                                                                    },
                                                                    {
                                                                        "Node Type": "Hash",
                                                                        "Parent Relationship": "Inner",
                                                                        "Parallel Aware": true,
                                                                        "Async Capable": false,
                                                                        "Startup Cost": 401253.56,
                                                                        "Total Cost": 401253.56,
                                                                        "Plan Rows": 218690,
                                                                        "Plan Width": 19,
                                                                        "Actual Startup Time": 907.783,
                                                                        "Actual Total Time": 908.046,
                                                                        "Actual Rows": 362270,
                                                                        "Actual Loops": 7,
                                                                        "Hash Buckets": 524288,
                                                                        "Original Hash Buckets": 2097152,
                                                                        "Hash Batches": 16,
                                                                        "Original Hash Batches": 1,
                                                                        "Peak Memory Usage": 12672,
                                                                        "Workers": [],
                                                                        "Plans": [
                                                                            {
                                                                                "Node Type": "Hash Join",
                                                                                "Parent Relationship": "Outer",
                                                                                "Parallel Aware": true,
                                                                                "Async Capable": false,
                                                                                "Join Type": "Inner",
                                                                                "Startup Cost": 150787.4,
                                                                                "Total Cost": 401253.56,
                                                                                "Plan Rows": 218690,
                                                                                "Plan Width": 19,
                                                                                "Actual Startup Time": 138.178,
                                                                                "Actual Total Time": 770.182,
                                                                                "Actual Rows": 362270,
                                                                                "Actual Loops": 7,
                                                                                "Inner Unique": true,
                                                                                "Hash Cond": "(so_user.account_id = account.id)",
                                                                                "Workers": [],
                                                                                "Plans": [
                                                                                    {
                                                                                        "Node Type": "Seq Scan",
                                                                                        "Parent Relationship": "Outer",
                                                                                        "Parallel Aware": true,
                                                                                        "Async Capable": false,
                                                                                        "Relation Name": "so_user",
                                                                                        "Alias": "so_user",
                                                                                        "Startup Cost": 0.0,
                                                                                        "Total Cost": 239391.02,
                                                                                        "Plan Rows": 4219102,
                                                                                        "Plan Width": 12,
                                                                                        "Actual Startup Time": 0.008,
                                                                                        "Actual Total Time": 145.333,
                                                                                        "Actual Rows": 3013900,
                                                                                        "Actual Loops": 7,
                                                                                        "Workers": []
                                                                                    },
                                                                                    {
                                                                                        "Node Type": "Hash",
                                                                                        "Parent Relationship": "Inner",
                                                                                        "Parallel Aware": true,
                                                                                        "Async Capable": false,
                                                                                        "Startup Cost": 148993.09,
                                                                                        "Total Cost": 148993.09,
                                                                                        "Plan Rows": 143545,
                                                                                        "Plan Width": 15,
                                                                                        "Actual Startup Time": 137.587,
                                                                                        "Actual Total Time": 137.588,
                                                                                        "Actual Rows": 103524,
                                                                                        "Actual Loops": 7,
                                                                                        "Hash Buckets": 1048576,
                                                                                        "Original Hash Buckets": 1048576,
                                                                                        "Hash Batches": 1,
                                                                                        "Original Hash Batches": 1,
                                                                                        "Peak Memory Usage": 44544,
                                                                                        "Workers": [],
                                                                                        "Plans": [
                                                                                            {
                                                                                                "Node Type": "Seq Scan",
                                                                                                "Parent Relationship": "Outer",
                                                                                                "Parallel Aware": true,
                                                                                                "Async Capable": false,
                                                                                                "Relation Name": "account",
                                                                                                "Alias": "account",
                                                                                                "Startup Cost": 0.0,
                                                                                                "Total Cost": 148993.09,
                                                                                                "Plan Rows": 143545,
                                                                                                "Plan Width": 15,
                                                                                                "Actual Startup Time": 0.031,
                                                                                                "Actual Total Time": 109.371,
                                                                                                "Actual Rows": 103524,
                                                                                                "Actual Loops": 7,
                                                                                                "Filter": "((website_url)::text <> ''::text)",
                                                                                                "Rows Removed by Filter": 1878212,
                                                                                                "Workers": []
                                                                                            }
                                                                                        ]
                                                                                    }
                                                                                ]
                                                                            }
                                                                        ]
                                                                    }
                                                                ]
                                                            }
                                                        ]
                                                    }
                                                ]
                                            }
                                        ]
                                    }
                                ]
                            }
                        ]
                    },
                    "Planning Time": 0.509,
                    "Triggers": [],
                    "Execution Time": 1802.832
                }
            ],
            "hints": [
                "SET enable_hashjoin TO on",
                "SET enable_indexonlyscan TO on",
                "SET enable_indexscan TO on",
                "SET enable_mergejoin TO on",
                "SET enable_nestloop TO off",
                "SET enable_seqscan TO on"
            ]
        },
        {
            "arm": 2,
            "execution_time": 1556.716,
            "plan": [
                {
                    "Plan": {
                        "Node Type": "Aggregate",
                        "Strategy": "Plain",
                        "Partial Mode": "Simple",
                        "Parallel Aware": false,
                        "Async Capable": false,
                        "Startup Cost": 950722.75,
                        "Total Cost": 950722.76,
                        "Plan Rows": 1,
                        "Plan Width": 8,
                        "Actual Startup Time": 1522.372,
                        "Actual Total Time": 1556.676,
                        "Actual Rows": 1,
                        "Actual Loops": 1,
                        "Plans": [
                            {
                                "Node Type": "Gather Merge",
                                "Parent Relationship": "Outer",
                                "Parallel Aware": false,
                                "Async Capable": false,
                                "Startup Cost": 950584.48,
                                "Total Cost": 950719.97,
                                "Plan Rows": 1111,
                                "Plan Width": 11,
                                "Actual Startup Time": 1520.505,
                                "Actual Total Time": 1556.473,
                                "Actual Rows": 3925,
                                "Actual Loops": 1,
                                "Workers Planned": 6,
                                "Workers Launched": 6,
                                "Plans": [
                                    {
                                        "Node Type": "Sort",
                                        "Parent Relationship": "Outer",
                                        "Parallel Aware": false,
                                        "Async Capable": false,
                                        "Startup Cost": 949584.39,
                                        "Total Cost": 949584.85,
                                        "Plan Rows": 185,
                                        "Plan Width": 11,
                                        "Actual Startup Time": 1517.199,
                                        "Actual Total Time": 1517.751,
                                        "Actual Rows": 561,
                                        "Actual Loops": 7,
                                        "Sort Key": [
                                            "account.display_name"
                                        ],
                                        "Sort Method": "quicksort",
                                        "Sort Space Used": 38,
                                        "Sort Space Type": "Memory",
                                        "Workers": [
                                            {
                                                "Worker Number": 0,
                                                "Sort Method": "quicksort",
                                                "Sort Space Used": 36,
                                                "Sort Space Type": "Memory"
                                            },
                                            {
                                                "Worker Number": 1,
                                                "Sort Method": "quicksort",
                                                "Sort Space Used": 37,
                                                "Sort Space Type": "Memory"
                                            },
                                            {
                                                "Worker Number": 2,
                                                "Sort Method": "quicksort",
                                                "Sort Space Used": 37,
                                                "Sort Space Type": "Memory"
                                            },
                                            {
                                                "Worker Number": 3,
                                                "Sort Method": "quicksort",
                                                "Sort Space Used": 37,
                                                "Sort Space Type": "Memory"
                                            },
                                            {
                                                "Worker Number": 4,
                                                "Sort Method": "quicksort",
                                                "Sort Space Used": 36,
                                                "Sort Space Type": "Memory"
                                            },
                                            {
                                                "Worker Number": 5,
                                                "Sort Method": "quicksort",
                                                "Sort Space Used": 37,
                                                "Sort Space Type": "Memory"
                                            }
                                        ],
                                        "Plans": [
                                            {
                                                "Node Type": "Nested Loop",
                                                "Parent Relationship": "Outer",
                                                "Parallel Aware": false,
                                                "Async Capable": false,
                                                "Join Type": "Inner",
                                                "Startup Cost": 404536.95,
                                                "Total Cost": 949577.42,
                                                "Plan Rows": 185,
                                                "Plan Width": 11,
                                                "Actual Startup Time": 1307.557,
                                                "Actual Total Time": 1517.368,
                                                "Actual Rows": 561,
                                                "Actual Loops": 7,
                                                "Inner Unique": false,
                                                "Join Filter": "((b1.site_id = b2.site_id) AND (b1.user_id = b2.user_id) AND (b2.date > (b1.date + '11 mons'::interval)))",
                                                "Rows Removed by Join Filter": 33616,
                                                "Workers": [],
                                                "Plans": [
                                                    {
                                                        "Node Type": "Hash Join",
                                                        "Parent Relationship": "Outer",
                                                        "Parallel Aware": true,
                                                        "Async Capable": false,
                                                        "Join Type": "Inner",
                                                        "Startup Cost": 404533.91,
                                                        "Total Cost": 883725.44,
                                                        "Plan Rows": 9308,
                                                        "Plan Width": 35,
                                                        "Actual Startup Time": 1307.184,
                                                        "Actual Total Time": 1355.141,
                                                        "Actual Rows": 38215,
                                                        "Actual Loops": 7,
                                                        "Inner Unique": false,
                                                        "Hash Cond": "((b1.site_id = so_user.site_id) AND (b1.user_id = so_user.id))",
                                                        "Workers": [],
                                                        "Plans": [
                                                            {
                                                                "Node Type": "Seq Scan",
                                                                "Parent Relationship": "Outer",
                                                                "Parallel Aware": true,
                                                                "Async Capable": false,
                                                                "Relation Name": "badge",
                                                                "Alias": "b1",
                                                                "Startup Cost": 0.0,
                                                                "Total Cost": 477729.63,
                                                                "Plan Rows": 179577,
                                                                "Plan Width": 16,
                                                                "Actual Startup Time": 0.024,
                                                                "Actual Total Time": 375.786,
                                                                "Actual Rows": 154945,
                                                                "Actual Loops": 7,
                                                                "Filter": "((name)::text = 'Custodian'::text)",
                                                                "Rows Removed by Filter": 7164613,
                                                                "Workers": []
                                                            },
                                                            {
                                                                "Node Type": "Hash",
                                                                "Parent Relationship": "Inner",
                                                                "Parallel Aware": true,
                                                                "Async Capable": false,
                                                                "Startup Cost": 401253.56,
                                                                "Total Cost": 401253.56,
                                                                "Plan Rows": 218690,
                                                                "Plan Width": 19,
                                                                "Actual Startup Time": 903.278,
                                                                "Actual Total Time": 903.343,
                                                                "Actual Rows": 362270,
                                                                "Actual Loops": 7,
                                                                "Hash Buckets": 524288,
                                                                "Original Hash Buckets": 2097152,
                                                                "Hash Batches": 16,
                                                                "Original Hash Batches": 1,
                                                                "Peak Memory Usage": 12640,
                                                                "Workers": [],
                                                                "Plans": [
                                                                    {
                                                                        "Node Type": "Hash Join",
                                                                        "Parent Relationship": "Outer",
                                                                        "Parallel Aware": true,
                                                                        "Async Capable": false,
                                                                        "Join Type": "Inner",
                                                                        "Startup Cost": 150787.4,
                                                                        "Total Cost": 401253.56,
                                                                        "Plan Rows": 218690,
                                                                        "Plan Width": 19,
                                                                        "Actual Startup Time": 134.124,
                                                                        "Actual Total Time": 764.807,
                                                                        "Actual Rows": 362270,
                                                                        "Actual Loops": 7,
                                                                        "Inner Unique": true,
                                                                        "Hash Cond": "(so_user.account_id = account.id)",
                                                                        "Workers": [],
                                                                        "Plans": [
                                                                            {
                                                                                "Node Type": "Seq Scan",
                                                                                "Parent Relationship": "Outer",
                                                                                "Parallel Aware": true,
                                                                                "Async Capable": false,
                                                                                "Relation Name": "so_user",
                                                                                "Alias": "so_user",
                                                                                "Startup Cost": 0.0,
                                                                                "Total Cost": 239391.02,
                                                                                "Plan Rows": 4219102,
                                                                                "Plan Width": 12,
                                                                                "Actual Startup Time": 0.008,
                                                                                "Actual Total Time": 144.155,
                                                                                "Actual Rows": 3013900,
                                                                                "Actual Loops": 7,
                                                                                "Workers": []
                                                                            },
                                                                            {
                                                                                "Node Type": "Hash",
                                                                                "Parent Relationship": "Inner",
                                                                                "Parallel Aware": true,
                                                                                "Async Capable": false,
                                                                                "Startup Cost": 148993.09,
                                                                                "Total Cost": 148993.09,
                                                                                "Plan Rows": 143545,
                                                                                "Plan Width": 15,
                                                                                "Actual Startup Time": 133.55,
                                                                                "Actual Total Time": 133.551,
                                                                                "Actual Rows": 103524,
                                                                                "Actual Loops": 7,
                                                                                "Hash Buckets": 1048576,
                                                                                "Original Hash Buckets": 1048576,
                                                                                "Hash Batches": 1,
                                                                                "Original Hash Batches": 1,
                                                                                "Peak Memory Usage": 44576,
                                                                                "Workers": [],
                                                                                "Plans": [
                                                                                    {
                                                                                        "Node Type": "Seq Scan",
                                                                                        "Parent Relationship": "Outer",
                                                                                        "Parallel Aware": true,
                                                                                        "Async Capable": false,
                                                                                        "Relation Name": "account",
                                                                                        "Alias": "account",
                                                                                        "Startup Cost": 0.0,
                                                                                        "Total Cost": 148993.09,
                                                                                        "Plan Rows": 143545,
                                                                                        "Plan Width": 15,
                                                                                        "Actual Startup Time": 0.03,
                                                                                        "Actual Total Time": 106.015,
                                                                                        "Actual Rows": 103524,
                                                                                        "Actual Loops": 7,
                                                                                        "Filter": "((website_url)::text <> ''::text)",
                                                                                        "Rows Removed by Filter": 1878212,
                                                                                        "Workers": []
                                                                                    }
                                                                                ]
                                                                            }
                                                                        ]
                                                                    }
                                                                ]
                                                            }
                                                        ]
                                                    },
                                                    {
                                                        "Node Type": "Bitmap Heap Scan",
                                                        "Parent Relationship": "Inner",
                                                        "Parallel Aware": false,
                                                        "Async Capable": false,
                                                        "Relation Name": "badge",
                                                        "Alias": "b2",
                                                        "Startup Cost": 3.04,
                                                        "Total Cost": 7.05,
                                                        "Plan Rows": 1,
                                                        "Plan Width": 16,
                                                        "Actual Startup Time": 0.004,
                                                        "Actual Total Time": 0.004,
                                                        "Actual Rows": 1,
                                                        "Actual Loops": 267505,
                                                        "Recheck Cond": "((so_user.site_id = site_id) AND (so_user.id = user_id) AND ((name)::text = 'Commentator'::text))",
                                                        "Rows Removed by Index Recheck": 0,
                                                        "Exact Heap Blocks": 37777,
                                                        "Lossy Heap Blocks": 0,
                                                        "Workers": [],
                                                        "Plans": [
                                                            {
                                                                "Node Type": "Bitmap Index Scan",
                                                                "Parent Relationship": "Outer",
                                                                "Parallel Aware": false,
                                                                "Async Capable": false,
                                                                "Index Name": "badge_pkey",
                                                                "Startup Cost": 0.0,
                                                                "Total Cost": 3.04,
                                                                "Plan Rows": 1,
                                                                "Plan Width": 0,
                                                                "Actual Startup Time": 0.003,
                                                                "Actual Total Time": 0.003,
                                                                "Actual Rows": 1,
                                                                "Actual Loops": 267505,
                                                                "Index Cond": "((site_id = so_user.site_id) AND (user_id = so_user.id) AND ((name)::text = 'Commentator'::text))",
                                                                "Workers": []
                                                            }
                                                        ]
                                                    }
                                                ]
                                            }
                                        ]
                                    }
                                ]
                            }
                        ]
                    },
                    "Planning Time": 0.332,
                    "Triggers": [],
                    "Execution Time": 1556.716
                }
            ],
            "hints": [
                "SET enable_hashjoin TO on",
                "SET enable_indexonlyscan TO on",
                "SET enable_indexscan TO off",
                "SET enable_mergejoin TO off",
                "SET enable_nestloop TO on",
                "SET enable_seqscan TO on"
            ]
        },
        {
            "arm": 3,
            "execution_time": 1805.614,
            "plan": [
                {
                    "Plan": {
                        "Node Type": "Aggregate",
                        "Strategy": "Plain",
                        "Partial Mode": "Simple",
                        "Parallel Aware": false,
                        "Async Capable": false,
                        "Startup Cost": 1364364.48,
                        "Total Cost": 1364364.49,
                        "Plan Rows": 1,
                        "Plan Width": 8,
                        "Actual Startup Time": 1769.655,
                        "Actual Total Time": 1805.58,
                        "Actual Rows": 1,
                        "Actual Loops": 1,
                        "Plans": [
                            {
                                "Node Type": "Gather Merge",
                                "Parent Relationship": "Outer",
                                "Parallel Aware": false,
                                "Async Capable": false,
                                "Startup Cost": 1364226.21,
                                "Total Cost": 1364361.7,
                                "Plan Rows": 1111,
                                "Plan Width": 11,
                                "Actual Startup Time": 1767.896,
                                "Actual Total Time": 1805.388,
                                "Actual Rows": 3925,
                                "Actual Loops": 1,
                                "Workers Planned": 6,
                                "Workers Launched": 6,
                                "Plans": [
                                    {
                                        "Node Type": "Sort",
                                        "Parent Relationship": "Outer",
                                        "Parallel Aware": false,
                                        "Async Capable": false,
                                        "Startup Cost": 1363226.11,
                                        "Total Cost": 1363226.57,
                                        "Plan Rows": 185,
                                        "Plan Width": 11,
                                        "Actual Startup Time": 1764.931,
                                        "Actual Total Time": 1765.073,
                                        "Actual Rows": 561,
                                        "Actual Loops": 7,
                                        "Sort Key": [
                                            "account.display_name"
                                        ],
                                        "Sort Method": "quicksort",
                                        "Sort Space Used": 37,
                                        "Sort Space Type": "Memory",
                                        "Workers": [
                                            {
                                                "Worker Number": 0,
                                                "Sort Method": "quicksort",
                                                "Sort Space Used": 38,
                                                "Sort Space Type": "Memory"
                                            },
                                            {
                                                "Worker Number": 1,
                                                "Sort Method": "quicksort",
                                                "Sort Space Used": 37,
                                                "Sort Space Type": "Memory"
                                            },
                                            {
                                                "Worker Number": 2,
                                                "Sort Method": "quicksort",
                                                "Sort Space Used": 36,
                                                "Sort Space Type": "Memory"
                                            },
                                            {
                                                "Worker Number": 3,
                                                "Sort Method": "quicksort",
                                                "Sort Space Used": 37,
                                                "Sort Space Type": "Memory"
                                            },
                                            {
                                                "Worker Number": 4,
                                                "Sort Method": "quicksort",
                                                "Sort Space Used": 36,
                                                "Sort Space Type": "Memory"
                                            },
                                            {
                                                "Worker Number": 5,
                                                "Sort Method": "quicksort",
                                                "Sort Space Used": 37,
                                                "Sort Space Type": "Memory"
                                            }
                                        ],
                                        "Plans": [
                                            {
                                                "Node Type": "Hash Join",
                                                "Parent Relationship": "Outer",
                                                "Parallel Aware": true,
                                                "Async Capable": false,
                                                "Join Type": "Inner",
                                                "Startup Cost": 884134.1,
                                                "Total Cost": 1363219.14,
                                                "Plan Rows": 185,
                                                "Plan Width": 11,
                                                "Actual Startup Time": 1382.093,
                                                "Actual Total Time": 1764.644,
                                                "Actual Rows": 561,
                                                "Actual Loops": 7,
                                                "Inner Unique": false,
                                                "Hash Cond": "((b1.site_id = so_user.site_id) AND (b1.user_id = so_user.id))",
                                                "Join Filter": "(b2.date > (b1.date + '11 mons'::interval))",
                                                "Rows Removed by Join Filter": 33616,
                                                "Workers": [],
                                                "Plans": [
                                                    {
                                                        "Node Type": "Seq Scan",
                                                        "Parent Relationship": "Outer",
                                                        "Parallel Aware": true,
                                                        "Async Capable": false,
                                                        "Relation Name": "badge",
                                                        "Alias": "b1",
                                                        "Startup Cost": 0.0,
                                                        "Total Cost": 477729.63,
                                                        "Plan Rows": 179577,
                                                        "Plan Width": 16,
                                                        "Actual Startup Time": 0.038,
                                                        "Actual Total Time": 354.191,
                                                        "Actual Rows": 154945,
                                                        "Actual Loops": 7,
                                                        "Filter": "((name)::text = 'Custodian'::text)",
                                                        "Rows Removed by Filter": 7164613,
                                                        "Workers": []
                                                    },
                                                    {
                                                        "Node Type": "Hash",
                                                        "Parent Relationship": "Inner",
                                                        "Parallel Aware": true,
                                                        "Async Capable": false,
                                                        "Startup Cost": 883971.02,
                                                        "Total Cost": 883971.02,
                                                        "Plan Rows": 10872,
                                                        "Plan Width": 35,
                                                        "Actual Startup Time": 1380.542,
                                                        "Actual Total Time": 1380.669,
                                                        "Actual Rows": 37889,
                                                        "Actual Loops": 7,
                                                        "Hash Buckets": 524288,
                                                        "Original Hash Buckets": 65536,
                                                        "Hash Batches": 1,
                                                        "Original Hash Batches": 1,
                                                        "Peak Memory Usage": 25984,
                                                        "Workers": [],
                                                        "Plans": [
                                                            {
                                                                "Node Type": "Hash Join",
                                                                "Parent Relationship": "Outer",
                                                                "Parallel Aware": true,
                                                                "Async Capable": false,
                                                                "Join Type": "Inner",
                                                                "Startup Cost": 404533.91,
                                                                "Total Cost": 883971.02,
                                                                "Plan Rows": 10872,
                                                                "Plan Width": 35,
                                                                "Actual Startup Time": 1310.82,
                                                                "Actual Total Time": 1359.753,
                                                                "Actual Rows": 37889,
                                                                "Actual Loops": 7,
                                                                "Inner Unique": false,
                                                                "Hash Cond": "((b2.site_id = so_user.site_id) AND (b2.user_id = so_user.id))",
                                                                "Workers": [],
                                                                "Plans": [
                                                                    {
                                                                        "Node Type": "Seq Scan",
                                                                        "Parent Relationship": "Outer",
                                                                        "Parallel Aware": true,
                                                                        "Async Capable": false,
                                                                        "Relation Name": "badge",
                                                                        "Alias": "b2",
                                                                        "Startup Cost": 0.0,
                                                                        "Total Cost": 477729.63,
                                                                        "Plan Rows": 209744,
                                                                        "Plan Width": 16,
                                                                        "Actual Startup Time": 0.034,
                                                                        "Actual Total Time": 371.872,
                                                                        "Actual Rows": 178364,
                                                                        "Actual Loops": 7,
                                                                        "Filter": "((name)::text = 'Commentator'::text)",
                                                                        "Rows Removed by Filter": 7141194,
                                                                        "Workers": []
                                                                    },
                                                                    {
                                                                        "Node Type": "Hash",
                                                                        "Parent Relationship": "Inner",
                                                                        "Parallel Aware": true,
                                                                        "Async Capable": false,
                                                                        "Startup Cost": 401253.56,
                                                                        "Total Cost": 401253.56,
                                                                        "Plan Rows": 218690,
                                                                        "Plan Width": 19,
                                                                        "Actual Startup Time": 910.888,
                                                                        "Actual Total Time": 910.924,
                                                                        "Actual Rows": 362270,
                                                                        "Actual Loops": 7,
                                                                        "Hash Buckets": 524288,
                                                                        "Original Hash Buckets": 2097152,
                                                                        "Hash Batches": 16,
                                                                        "Original Hash Batches": 1,
                                                                        "Peak Memory Usage": 12640,
                                                                        "Workers": [],
                                                                        "Plans": [
                                                                            {
                                                                                "Node Type": "Hash Join",
                                                                                "Parent Relationship": "Outer",
                                                                                "Parallel Aware": true,
                                                                                "Async Capable": false,
                                                                                "Join Type": "Inner",
                                                                                "Startup Cost": 150787.4,
                                                                                "Total Cost": 401253.56,
                                                                                "Plan Rows": 218690,
                                                                                "Plan Width": 19,
                                                                                "Actual Startup Time": 134.929,
                                                                                "Actual Total Time": 769.733,
                                                                                "Actual Rows": 362270,
                                                                                "Actual Loops": 7,
                                                                                "Inner Unique": true,
                                                                                "Hash Cond": "(so_user.account_id = account.id)",
                                                                                "Workers": [],
                                                                                "Plans": [
                                                                                    {
                                                                                        "Node Type": "Seq Scan",
                                                                                        "Parent Relationship": "Outer",
                                                                                        "Parallel Aware": true,
                                                                                        "Async Capable": false,
                                                                                        "Relation Name": "so_user",
                                                                                        "Alias": "so_user",
                                                                                        "Startup Cost": 0.0,
                                                                                        "Total Cost": 239391.02,
                                                                                        "Plan Rows": 4219102,
                                                                                        "Plan Width": 12,
                                                                                        "Actual Startup Time": 0.01,
                                                                                        "Actual Total Time": 145.878,
                                                                                        "Actual Rows": 3013900,
                                                                                        "Actual Loops": 7,
                                                                                        "Workers": []
                                                                                    },
                                                                                    {
                                                                                        "Node Type": "Hash",
                                                                                        "Parent Relationship": "Inner",
                                                                                        "Parallel Aware": true,
                                                                                        "Async Capable": false,
                                                                                        "Startup Cost": 148993.09,
                                                                                        "Total Cost": 148993.09,
                                                                                        "Plan Rows": 143545,
                                                                                        "Plan Width": 15,
                                                                                        "Actual Startup Time": 134.362,
                                                                                        "Actual Total Time": 134.362,
                                                                                        "Actual Rows": 103524,
                                                                                        "Actual Loops": 7,
                                                                                        "Hash Buckets": 1048576,
                                                                                        "Original Hash Buckets": 1048576,
                                                                                        "Hash Batches": 1,
                                                                                        "Original Hash Batches": 1,
                                                                                        "Peak Memory Usage": 44544,
                                                                                        "Workers": [],
                                                                                        "Plans": [
                                                                                            {
                                                                                                "Node Type": "Seq Scan",
                                                                                                "Parent Relationship": "Outer",
                                                                                                "Parallel Aware": true,
                                                                                                "Async Capable": false,
                                                                                                "Relation Name": "account",
                                                                                                "Alias": "account",
                                                                                                "Startup Cost": 0.0,
                                                                                                "Total Cost": 148993.09,
                                                                                                "Plan Rows": 143545,
                                                                                                "Plan Width": 15,
                                                                                                "Actual Startup Time": 0.034,
                                                                                                "Actual Total Time": 106.428,
                                                                                                "Actual Rows": 103524,
                                                                                                "Actual Loops": 7,
                                                                                                "Filter": "((website_url)::text <> ''::text)",
                                                                                                "Rows Removed by Filter": 1878212,
                                                                                                "Workers": []
                                                                                            }
                                                                                        ]
                                                                                    }
                                                                                ]
                                                                            }
                                                                        ]
                                                                    }
                                                                ]
                                                            }
                                                        ]
                                                    }
                                                ]
                                            }
                                        ]
                                    }
                                ]
                            }
                        ]
                    },
                    "Planning Time": 0.337,
                    "Triggers": [],
                    "Execution Time": 1805.614
                }
            ],
            "hints": [
                "SET enable_hashjoin TO on",
                "SET enable_indexonlyscan TO on",
                "SET enable_indexscan TO off",
                "SET enable_mergejoin TO off",
                "SET enable_nestloop TO off",
                "SET enable_seqscan TO on"
            ]
        },
        {
            "arm": 4,
            "execution_time": 1542.208,
            "plan": [
                {
                    "Plan": {
                        "Node Type": "Aggregate",
                        "Strategy": "Plain",
                        "Partial Mode": "Simple",
                        "Parallel Aware": false,
                        "Async Capable": false,
                        "Startup Cost": 936323.02,
                        "Total Cost": 936323.03,
                        "Plan Rows": 1,
                        "Plan Width": 8,
                        "Actual Startup Time": 1510.098,
                        "Actual Total Time": 1542.171,
                        "Actual Rows": 1,
                        "Actual Loops": 1,
                        "Plans": [
                            {
                                "Node Type": "Gather Merge",
                                "Parent Relationship": "Outer",
                                "Parallel Aware": false,
                                "Async Capable": false,
                                "Startup Cost": 936184.75,
                                "Total Cost": 936320.24,
                                "Plan Rows": 1111,
                                "Plan Width": 11,
                                "Actual Startup Time": 1508.259,
                                "Actual Total Time": 1541.968,
                                "Actual Rows": 3925,
                                "Actual Loops": 1,
                                "Workers Planned": 6,
                                "Workers Launched": 6,
                                "Plans": [
                                    {
                                        "Node Type": "Sort",
                                        "Parent Relationship": "Outer",
                                        "Parallel Aware": false,
                                        "Async Capable": false,
                                        "Startup Cost": 935184.65,
                                        "Total Cost": 935185.12,
                                        "Plan Rows": 185,
                                        "Plan Width": 11,
                                        "Actual Startup Time": 1504.416,
                                        "Actual Total Time": 1504.594,
                                        "Actual Rows": 561,
                                        "Actual Loops": 7,
                                        "Sort Key": [
                                            "account.display_name"
                                        ],
                                        "Sort Method": "quicksort",
                                        "Sort Space Used": 39,
                                        "Sort Space Type": "Memory",
                                        "Workers": [
                                            {
                                                "Worker Number": 0,
                                                "Sort Method": "quicksort",
                                                "Sort Space Used": 36,
                                                "Sort Space Type": "Memory"
                                            },
                                            {
                                                "Worker Number": 1,
                                                "Sort Method": "quicksort",
                                                "Sort Space Used": 36,
                                                "Sort Space Type": "Memory"
                                            },
                                            {
                                                "Worker Number": 2,
                                                "Sort Method": "quicksort",
                                                "Sort Space Used": 36,
                                                "Sort Space Type": "Memory"
                                            },
                                            {
                                                "Worker Number": 3,
                                                "Sort Method": "quicksort",
                                                "Sort Space Used": 37,
                                                "Sort Space Type": "Memory"
                                            },
                                            {
                                                "Worker Number": 4,
                                                "Sort Method": "quicksort",
                                                "Sort Space Used": 38,
                                                "Sort Space Type": "Memory"
                                            },
                                            {
                                                "Worker Number": 5,
                                                "Sort Method": "quicksort",
                                                "Sort Space Used": 36,
                                                "Sort Space Type": "Memory"
                                            }
                                        ],
                                        "Plans": [
                                            {
                                                "Node Type": "Nested Loop",
                                                "Parent Relationship": "Outer",
                                                "Parallel Aware": false,
                                                "Async Capable": false,
                                                "Join Type": "Inner",
                                                "Startup Cost": 404534.47,
                                                "Total Cost": 935177.69,
                                                "Plan Rows": 185,
                                                "Plan Width": 11,
                                                "Actual Startup Time": 1306.388,
                                                "Actual Total Time": 1504.208,
                                                "Actual Rows": 561,
                                                "Actual Loops": 7,
                                                "Inner Unique": false,
                                                "Join Filter": "((b1.site_id = b2.site_id) AND (b1.user_id = b2.user_id) AND (b2.date > (b1.date + '11 mons'::interval)))",
                                                "Rows Removed by Join Filter": 33616,
                                                "Workers": [],
                                                "Plans": [
                                                    {
                                                        "Node Type": "Hash Join",
                                                        "Parent Relationship": "Outer",
                                                        "Parallel Aware": true,
                                                        "Async Capable": false,
                                                        "Join Type": "Inner",
                                                        "Startup Cost": 404533.91,
                                                        "Total Cost": 883725.44,
                                                        "Plan Rows": 9308,
                                                        "Plan Width": 35,
                                                        "Actual Startup Time": 1306.194,
                                                        "Actual Total Time": 1354.558,
                                                        "Actual Rows": 38215,
                                                        "Actual Loops": 7,
                                                        "Inner Unique": false,
                                                        "Hash Cond": "((b1.site_id = so_user.site_id) AND (b1.user_id = so_user.id))",
                                                        "Workers": [],
                                                        "Plans": [
                                                            {
                                                                "Node Type": "Seq Scan",
                                                                "Parent Relationship": "Outer",
                                                                "Parallel Aware": true,
                                                                "Async Capable": false,
                                                                "Relation Name": "badge",
                                                                "Alias": "b1",
                                                                "Startup Cost": 0.0,
                                                                "Total Cost": 477729.63,
                                                                "Plan Rows": 179577,
                                                                "Plan Width": 16,
                                                                "Actual Startup Time": 0.035,
                                                                "Actual Total Time": 369.19,
                                                                "Actual Rows": 154945,
                                                                "Actual Loops": 7,
                                                                "Filter": "((name)::text = 'Custodian'::text)",
                                                                "Rows Removed by Filter": 7164613,
                                                                "Workers": []
                                                            },
                                                            {
                                                                "Node Type": "Hash",
                                                                "Parent Relationship": "Inner",
                                                                "Parallel Aware": true,
                                                                "Async Capable": false,
                                                                "Startup Cost": 401253.56,
                                                                "Total Cost": 401253.56,
                                                                "Plan Rows": 218690,
                                                                "Plan Width": 19,
                                                                "Actual Startup Time": 911.218,
                                                                "Actual Total Time": 911.221,
                                                                "Actual Rows": 362270,
                                                                "Actual Loops": 7,
                                                                "Hash Buckets": 524288,
                                                                "Original Hash Buckets": 2097152,
                                                                "Hash Batches": 16,
                                                                "Original Hash Batches": 1,
                                                                "Peak Memory Usage": 12672,
                                                                "Workers": [],
                                                                "Plans": [
                                                                    {
                                                                        "Node Type": "Hash Join",
                                                                        "Parent Relationship": "Outer",
                                                                        "Parallel Aware": true,
                                                                        "Async Capable": false,
                                                                        "Join Type": "Inner",
                                                                        "Startup Cost": 150787.4,
                                                                        "Total Cost": 401253.56,
                                                                        "Plan Rows": 218690,
                                                                        "Plan Width": 19,
                                                                        "Actual Startup Time": 133.993,
                                                                        "Actual Total Time": 772.239,
                                                                        "Actual Rows": 362270,
                                                                        "Actual Loops": 7,
                                                                        "Inner Unique": true,
                                                                        "Hash Cond": "(so_user.account_id = account.id)",
                                                                        "Workers": [],
                                                                        "Plans": [
                                                                            {
                                                                                "Node Type": "Seq Scan",
                                                                                "Parent Relationship": "Outer",
                                                                                "Parallel Aware": true,
                                                                                "Async Capable": false,
                                                                                "Relation Name": "so_user",
                                                                                "Alias": "so_user",
                                                                                "Startup Cost": 0.0,
                                                                                "Total Cost": 239391.02,
                                                                                "Plan Rows": 4219102,
                                                                                "Plan Width": 12,
                                                                                "Actual Startup Time": 0.006,
                                                                                "Actual Total Time": 145.757,
                                                                                "Actual Rows": 3013900,
                                                                                "Actual Loops": 7,
                                                                                "Workers": []
                                                                            },
                                                                            {
                                                                                "Node Type": "Hash",
                                                                                "Parent Relationship": "Inner",
                                                                                "Parallel Aware": true,
                                                                                "Async Capable": false,
                                                                                "Startup Cost": 148993.09,
                                                                                "Total Cost": 148993.09,
                                                                                "Plan Rows": 143545,
                                                                                "Plan Width": 15,
                                                                                "Actual Startup Time": 133.488,
                                                                                "Actual Total Time": 133.489,
                                                                                "Actual Rows": 103524,
                                                                                "Actual Loops": 7,
                                                                                "Hash Buckets": 1048576,
                                                                                "Original Hash Buckets": 1048576,
                                                                                "Hash Batches": 1,
                                                                                "Original Hash Batches": 1,
                                                                                "Peak Memory Usage": 44576,
                                                                                "Workers": [],
                                                                                "Plans": [
                                                                                    {
                                                                                        "Node Type": "Seq Scan",
                                                                                        "Parent Relationship": "Outer",
                                                                                        "Parallel Aware": true,
                                                                                        "Async Capable": false,
                                                                                        "Relation Name": "account",
                                                                                        "Alias": "account",
                                                                                        "Startup Cost": 0.0,
                                                                                        "Total Cost": 148993.09,
                                                                                        "Plan Rows": 143545,
                                                                                        "Plan Width": 15,
                                                                                        "Actual Startup Time": 0.033,
                                                                                        "Actual Total Time": 105.927,
                                                                                        "Actual Rows": 103524,
                                                                                        "Actual Loops": 7,
                                                                                        "Filter": "((website_url)::text <> ''::text)",
                                                                                        "Rows Removed by Filter": 1878212,
                                                                                        "Workers": []
                                                                                    }
                                                                                ]
                                                                            }
                                                                        ]
                                                                    }
                                                                ]
                                                            }
                                                        ]
                                                    },
                                                    {
                                                        "Node Type": "Index Only Scan",
                                                        "Parent Relationship": "Inner",
                                                        "Parallel Aware": false,
                                                        "Async Capable": false,
                                                        "Scan Direction": "Forward",
                                                        "Index Name": "badge_pkey",
                                                        "Relation Name": "badge",
                                                        "Alias": "b2",
                                                        "Startup Cost": 0.56,
                                                        "Total Cost": 5.51,
                                                        "Plan Rows": 1,
                                                        "Plan Width": 16,
                                                        "Actual Startup Time": 0.004,
                                                        "Actual Total Time": 0.004,
                                                        "Actual Rows": 1,
                                                        "Actual Loops": 267505,
                                                        "Index Cond": "((site_id = so_user.site_id) AND (user_id = so_user.id) AND (name = 'Commentator'::text))",
                                                        "Rows Removed by Index Recheck": 0,
                                                        "Heap Fetches": 239239,
                                                        "Workers": []
                                                    }
                                                ]
                                            }
                                        ]
                                    }
                                ]
                            }
                        ]
                    },
                    "Planning Time": 0.341,
                    "Triggers": [],
                    "Execution Time": 1542.208
                }
            ],
            "hints": [
                "SET enable_hashjoin TO on",
                "SET enable_indexonlyscan TO on",
                "SET enable_indexscan TO on",
                "SET enable_mergejoin TO off",
                "SET enable_nestloop TO on",
                "SET enable_seqscan TO on"
            ]
        }
    ]
}