{
    "sql_file": "soload_q10-004.sql",
    "query": "select count(distinct q1.id) from\nsite, post_link pl1, post_link pl2, question q1, question q2, question q3 where\n\nsite.site_name = 'pm' and\nq1.site_id = site.site_id and\nq1.site_id = q2.site_id and\nq2.site_id = q3.site_id and\n\npl1.site_id = q1.site_id and\npl1.post_id_from = q1.id and\npl1.post_id_to = q2.id and\n\npl2.site_id = q1.site_id and\npl2.post_id_from = q2.id and\npl2.post_id_to = q3.id and\n\nexists ( select * from comment where comment.site_id = q3.site_id and comment.post_id = q3.id ) and\nexists ( select * from comment where comment.site_id = q2.site_id and comment.post_id = q2.id ) and\nexists ( select * from comment where comment.site_id = q1.site_id and comment.post_id = q1.id ) and\n\nq1.score > q3.score;",
    "results": [
        {
            "arm": 0,
            "execution_time": 68.318,
            "plan": [
                {
                    "Plan": {
                        "Node Type": "Aggregate",
                        "Strategy": "Plain",
                        "Partial Mode": "Simple",
                        "Parallel Aware": false,
                        "Async Capable": false,
                        "Startup Cost": 44963.04,
                        "Total Cost": 44963.05,
                        "Plan Rows": 1,
                        "Plan Width": 8,
                        "Actual Startup Time": 64.186,
                        "Actual Total Time": 68.253,
                        "Actual Rows": 1,
                        "Actual Loops": 1,
                        "Plans": [
                            {
                                "Node Type": "Gather Merge",
                                "Parent Relationship": "Outer",
                                "Parallel Aware": false,
                                "Async Capable": false,
                                "Startup Cost": 44956.75,
                                "Total Cost": 44962.91,
                                "Plan Rows": 52,
                                "Plan Width": 4,
                                "Actual Startup Time": 64.179,
                                "Actual Total Time": 68.246,
                                "Actual Rows": 8,
                                "Actual Loops": 1,
                                "Workers Planned": 3,
                                "Workers Launched": 3,
                                "Plans": [
                                    {
                                        "Node Type": "Sort",
                                        "Parent Relationship": "Outer",
                                        "Parallel Aware": false,
                                        "Async Capable": false,
                                        "Startup Cost": 43956.71,
                                        "Total Cost": 43956.76,
                                        "Plan Rows": 17,
                                        "Plan Width": 4,
                                        "Actual Startup Time": 61.412,
                                        "Actual Total Time": 61.418,
                                        "Actual Rows": 2,
                                        "Actual Loops": 4,
                                        "Sort Key": [
                                            "q1.id"
                                        ],
                                        "Sort Method": "quicksort",
                                        "Sort Space Used": 25,
                                        "Sort Space Type": "Memory",
                                        "Workers": [
                                            {
                                                "Worker Number": 0,
                                                "Sort Method": "quicksort",
                                                "Sort Space Used": 25,
                                                "Sort Space Type": "Memory"
                                            },
                                            {
                                                "Worker Number": 1,
                                                "Sort Method": "quicksort",
                                                "Sort Space Used": 25,
                                                "Sort Space Type": "Memory"
                                            },
                                            {
                                                "Worker Number": 2,
                                                "Sort Method": "quicksort",
                                                "Sort Space Used": 25,
                                                "Sort Space Type": "Memory"
                                            }
                                        ],
                                        "Plans": [
                                            {
                                                "Node Type": "Nested Loop",
                                                "Parent Relationship": "Outer",
                                                "Parallel Aware": false,
                                                "Async Capable": false,
                                                "Join Type": "Semi",
                                                "Startup Cost": 15769.47,
                                                "Total Cost": 43956.37,
                                                "Plan Rows": 17,
                                                "Plan Width": 4,
                                                "Actual Startup Time": 39.585,
                                                "Actual Total Time": 61.391,
                                                "Actual Rows": 2,
                                                "Actual Loops": 4,
                                                "Inner Unique": false,
                                                "Join Filter": "(pl1.post_id_from = comment_2.post_id)",
                                                "Rows Removed by Join Filter": 0,
                                                "Workers": [],
                                                "Plans": [
                                                    {
                                                        "Node Type": "Nested Loop",
                                                        "Parent Relationship": "Outer",
                                                        "Parallel Aware": false,
                                                        "Async Capable": false,
                                                        "Join Type": "Semi",
                                                        "Startup Cost": 15768.9,
                                                        "Total Cost": 43933.1,
                                                        "Plan Rows": 17,
                                                        "Plan Width": 40,
                                                        "Actual Startup Time": 39.556,
                                                        "Actual Total Time": 61.345,
                                                        "Actual Rows": 2,
                                                        "Actual Loops": 4,
                                                        "Inner Unique": false,
                                                        "Join Filter": "((q1.site_id = comment_1.site_id) AND (pl1.post_id_to = comment_1.post_id))",
                                                        "Rows Removed by Join Filter": 0,
                                                        "Workers": [],
                                                        "Plans": [
                                                            {
                                                                "Node Type": "Nested Loop",
                                                                "Parent Relationship": "Outer",
                                                                "Parallel Aware": false,
                                                                "Async Capable": false,
                                                                "Join Type": "Semi",
                                                                "Startup Cost": 15768.34,
                                                                "Total Cost": 43909.83,
                                                                "Plan Rows": 17,
                                                                "Plan Width": 48,
                                                                "Actual Startup Time": 39.509,
                                                                "Actual Total Time": 61.211,
                                                                "Actual Rows": 4,
                                                                "Actual Loops": 4,
                                                                "Inner Unique": false,
                                                                "Join Filter": "((q1.site_id = comment.site_id) AND (pl2.post_id_to = comment.post_id))",
                                                                "Rows Removed by Join Filter": 0,
                                                                "Workers": [],
                                                                "Plans": [
                                                                    {
                                                                        "Node Type": "Nested Loop",
                                                                        "Parent Relationship": "Outer",
                                                                        "Parallel Aware": false,
                                                                        "Async Capable": false,
                                                                        "Join Type": "Inner",
                                                                        "Startup Cost": 15767.77,
                                                                        "Total Cost": 43886.57,
                                                                        "Plan Rows": 17,
                                                                        "Plan Width": 52,
                                                                        "Actual Startup Time": 39.181,
                                                                        "Actual Total Time": 60.688,
                                                                        "Actual Rows": 5,
                                                                        "Actual Loops": 4,
                                                                        "Inner Unique": true,
                                                                        "Join Filter": "(q1.site_id = q2.site_id)",
                                                                        "Rows Removed by Join Filter": 0,
                                                                        "Workers": [],
                                                                        "Plans": [
                                                                            {
                                                                                "Node Type": "Nested Loop",
                                                                                "Parent Relationship": "Outer",
                                                                                "Parallel Aware": false,
                                                                                "Async Capable": false,
                                                                                "Join Type": "Inner",
                                                                                "Startup Cost": 15767.33,
                                                                                "Total Cost": 43813.28,
                                                                                "Plan Rows": 17,
                                                                                "Plan Width": 44,
                                                                                "Actual Startup Time": 39.124,
                                                                                "Actual Total Time": 60.598,
                                                                                "Actual Rows": 5,
                                                                                "Actual Loops": 4,
                                                                                "Inner Unique": true,
                                                                                "Join Filter": "((q1.score > q3.score) AND (q1.site_id = q3.site_id))",
                                                                                "Rows Removed by Join Filter": 18,
                                                                                "Workers": [],
                                                                                "Plans": [
                                                                                    {
                                                                                        "Node Type": "Nested Loop",
                                                                                        "Parent Relationship": "Outer",
                                                                                        "Parallel Aware": false,
                                                                                        "Async Capable": false,
                                                                                        "Join Type": "Inner",
                                                                                        "Startup Cost": 15766.9,
                                                                                        "Total Cost": 43405.32,
                                                                                        "Plan Rows": 50,
                                                                                        "Plan Width": 40,
                                                                                        "Actual Startup Time": 39.089,
                                                                                        "Actual Total Time": 60.39,
                                                                                        "Actual Rows": 23,
                                                                                        "Actual Loops": 4,
                                                                                        "Inner Unique": true,
                                                                                        "Join Filter": "(site.site_id = q1.site_id)",
                                                                                        "Rows Removed by Join Filter": 0,
                                                                                        "Workers": [],
                                                                                        "Plans": [
                                                                                            {
                                                                                                "Node Type": "Hash Join",
                                                                                                "Parent Relationship": "Outer",
                                                                                                "Parallel Aware": false,
                                                                                                "Async Capable": false,
                                                                                                "Join Type": "Inner",
                                                                                                "Startup Cost": 15766.46,
                                                                                                "Total Cost": 42997.49,
                                                                                                "Plan Rows": 50,
                                                                                                "Plan Width": 28,
                                                                                                "Actual Startup Time": 39.054,
                                                                                                "Actual Total Time": 60.052,
                                                                                                "Actual Rows": 23,
                                                                                                "Actual Loops": 4,
                                                                                                "Inner Unique": false,
                                                                                                "Hash Cond": "((pl1.site_id = site.site_id) AND (pl1.post_id_to = pl2.post_id_from))",
                                                                                                "Workers": [],
                                                                                                "Plans": [
                                                                                                    {
                                                                                                        "Node Type": "Seq Scan",
                                                                                                        "Parent Relationship": "Outer",
                                                                                                        "Parallel Aware": true,
                                                                                                        "Async Capable": false,
                                                                                                        "Relation Name": "post_link",
                                                                                                        "Alias": "pl1",
                                                                                                        "Startup Cost": 0.0,
                                                                                                        "Total Cost": 21752.3,
                                                                                                        "Plan Rows": 730430,
                                                                                                        "Plan Width": 12,
                                                                                                        "Actual Startup Time": 0.01,
                                                                                                        "Actual Total Time": 26.565,
                                                                                                        "Actual Rows": 566083,
                                                                                                        "Actual Loops": 4,
                                                                                                        "Workers": []
                                                                                                    },
                                                                                                    {
                                                                                                        "Node Type": "Hash",
                                                                                                        "Parent Relationship": "Inner",
                                                                                                        "Parallel Aware": false,
                                                                                                        "Async Capable": false,
                                                                                                        "Startup Cost": 15570.13,
                                                                                                        "Total Cost": 15570.13,
                                                                                                        "Plan Rows": 13089,
                                                                                                        "Plan Width": 16,
                                                                                                        "Actual Startup Time": 6.266,
                                                                                                        "Actual Total Time": 6.268,
                                                                                                        "Actual Rows": 369,
                                                                                                        "Actual Loops": 4,
                                                                                                        "Hash Buckets": 16384,
                                                                                                        "Original Hash Buckets": 16384,
                                                                                                        "Hash Batches": 1,
                                                                                                        "Original Hash Batches": 1,
                                                                                                        "Peak Memory Usage": 146,
                                                                                                        "Workers": [],
                                                                                                        "Plans": [
                                                                                                            {
                                                                                                                "Node Type": "Nested Loop",
                                                                                                                "Parent Relationship": "Outer",
                                                                                                                "Parallel Aware": false,
                                                                                                                "Async Capable": false,
                                                                                                                "Join Type": "Inner",
                                                                                                                "Startup Cost": 330.94,
                                                                                                                "Total Cost": 15570.13,
                                                                                                                "Plan Rows": 13089,
                                                                                                                "Plan Width": 16,
                                                                                                                "Actual Startup Time": 6.154,
                                                                                                                "Actual Total Time": 6.213,
                                                                                                                "Actual Rows": 369,
                                                                                                                "Actual Loops": 4,
                                                                                                                "Inner Unique": false,
                                                                                                                "Workers": [],
                                                                                                                "Plans": [
                                                                                                                    {
                                                                                                                        "Node Type": "Index Scan",
                                                                                                                        "Parent Relationship": "Outer",
                                                                                                                        "Parallel Aware": false,
                                                                                                                        "Async Capable": false,
                                                                                                                        "Scan Direction": "Forward",
                                                                                                                        "Index Name": "site_pkey",
                                                                                                                        "Relation Name": "site",
                                                                                                                        "Alias": "site",
                                                                                                                        "Startup Cost": 0.14,
                                                                                                                        "Total Cost": 15.17,
                                                                                                                        "Plan Rows": 1,
                                                                                                                        "Plan Width": 4,
                                                                                                                        "Actual Startup Time": 3.839,
                                                                                                                        "Actual Total Time": 3.845,
                                                                                                                        "Actual Rows": 1,
                                                                                                                        "Actual Loops": 4,
                                                                                                                        "Filter": "((site_name)::text = 'pm'::text)",
                                                                                                                        "Rows Removed by Filter": 172,
                                                                                                                        "Workers": []
                                                                                                                    },
                                                                                                                    {
                                                                                                                        "Node Type": "Bitmap Heap Scan",
                                                                                                                        "Parent Relationship": "Inner",
                                                                                                                        "Parallel Aware": false,
                                                                                                                        "Async Capable": false,
                                                                                                                        "Relation Name": "post_link",
                                                                                                                        "Alias": "pl2",
                                                                                                                        "Startup Cost": 330.8,
                                                                                                                        "Total Cost": 15412.55,
                                                                                                                        "Plan Rows": 14241,
                                                                                                                        "Plan Width": 12,
                                                                                                                        "Actual Startup Time": 2.311,
                                                                                                                        "Actual Total Time": 2.342,
                                                                                                                        "Actual Rows": 369,
                                                                                                                        "Actual Loops": 4,
                                                                                                                        "Recheck Cond": "(site.site_id = site_id)",
                                                                                                                        "Rows Removed by Index Recheck": 0,
                                                                                                                        "Exact Heap Blocks": 4,
                                                                                                                        "Lossy Heap Blocks": 0,
                                                                                                                        "Workers": [],
                                                                                                                        "Plans": [
                                                                                                                            {
                                                                                                                                "Node Type": "Bitmap Index Scan",
                                                                                                                                "Parent Relationship": "Outer",
                                                                                                                                "Parallel Aware": false,
                                                                                                                                "Async Capable": false,
                                                                                                                                "Index Name": "post_link_pkey",
                                                                                                                                "Startup Cost": 0.0,
                                                                                                                                "Total Cost": 327.24,
                                                                                                                                "Plan Rows": 14241,
                                                                                                                                "Plan Width": 0,
                                                                                                                                "Actual Startup Time": 2.304,
                                                                                                                                "Actual Total Time": 2.304,
                                                                                                                                "Actual Rows": 369,
                                                                                                                                "Actual Loops": 4,
                                                                                                                                "Index Cond": "(site_id = site.site_id)",
                                                                                                                                "Workers": []
                                                                                                                            }
                                                                                                                        ]
                                                                                                                    }
                                                                                                                ]
                                                                                                            }
                                                                                                        ]
                                                                                                    }
                                                                                                ]
                                                                                            },
                                                                                            {
                                                                                                "Node Type": "Index Scan",
                                                                                                "Parent Relationship": "Inner",
                                                                                                "Parallel Aware": false,
                                                                                                "Async Capable": false,
                                                                                                "Scan Direction": "Forward",
                                                                                                "Index Name": "question_pkey",
                                                                                                "Relation Name": "question",
                                                                                                "Alias": "q1",
                                                                                                "Startup Cost": 0.43,
                                                                                                "Total Cost": 8.14,
                                                                                                "Plan Rows": 1,
                                                                                                "Plan Width": 12,
                                                                                                "Actual Startup Time": 0.014,
                                                                                                "Actual Total Time": 0.014,
                                                                                                "Actual Rows": 1,
                                                                                                "Actual Loops": 93,
                                                                                                "Index Cond": "((id = pl1.post_id_from) AND (site_id = pl1.site_id))",
                                                                                                "Rows Removed by Index Recheck": 0,
                                                                                                "Workers": []
                                                                                            }
                                                                                        ]
                                                                                    },
                                                                                    {
                                                                                        "Node Type": "Index Scan",
                                                                                        "Parent Relationship": "Inner",
                                                                                        "Parallel Aware": false,
                                                                                        "Async Capable": false,
                                                                                        "Scan Direction": "Forward",
                                                                                        "Index Name": "question_pkey",
                                                                                        "Relation Name": "question",
                                                                                        "Alias": "q3",
                                                                                        "Startup Cost": 0.43,
                                                                                        "Total Cost": 8.14,
                                                                                        "Plan Rows": 1,
                                                                                        "Plan Width": 12,
                                                                                        "Actual Startup Time": 0.009,
                                                                                        "Actual Total Time": 0.009,
                                                                                        "Actual Rows": 1,
                                                                                        "Actual Loops": 93,
                                                                                        "Index Cond": "((id = pl2.post_id_to) AND (site_id = pl2.site_id))",
                                                                                        "Rows Removed by Index Recheck": 0,
                                                                                        "Workers": []
                                                                                    }
                                                                                ]
                                                                            },
                                                                            {
                                                                                "Node Type": "Index Only Scan",
                                                                                "Parent Relationship": "Inner",
                                                                                "Parallel Aware": false,
                                                                                "Async Capable": false,
                                                                                "Scan Direction": "Forward",
                                                                                "Index Name": "question_pkey",
                                                                                "Relation Name": "question",
                                                                                "Alias": "q2",
                                                                                "Startup Cost": 0.43,
                                                                                "Total Cost": 4.3,
                                                                                "Plan Rows": 1,
                                                                                "Plan Width": 8,
                                                                                "Actual Startup Time": 0.017,
                                                                                "Actual Total Time": 0.017,
                                                                                "Actual Rows": 1,
                                                                                "Actual Loops": 20,
                                                                                "Index Cond": "((id = pl1.post_id_to) AND (site_id = pl1.site_id))",
                                                                                "Rows Removed by Index Recheck": 0,
                                                                                "Heap Fetches": 0,
                                                                                "Workers": []
                                                                            }
                                                                        ]
                                                                    },
                                                                    {
                                                                        "Node Type": "Index Only Scan",
                                                                        "Parent Relationship": "Inner",
                                                                        "Parallel Aware": false,
                                                                        "Async Capable": false,
                                                                        "Scan Direction": "Forward",
                                                                        "Index Name": "comment_site_id_post_id_idx",
                                                                        "Relation Name": "comment",
                                                                        "Alias": "comment",
                                                                        "Startup Cost": 0.57,
                                                                        "Total Cost": 8.28,
                                                                        "Plan Rows": 1,
                                                                        "Plan Width": 8,
                                                                        "Actual Startup Time": 0.104,
                                                                        "Actual Total Time": 0.104,
                                                                        "Actual Rows": 1,
                                                                        "Actual Loops": 20,
                                                                        "Index Cond": "((site_id = q3.site_id) AND (post_id = q3.id))",
                                                                        "Rows Removed by Index Recheck": 0,
                                                                        "Heap Fetches": 16,
                                                                        "Workers": []
                                                                    }
                                                                ]
                                                            },
                                                            {
                                                                "Node Type": "Index Only Scan",
                                                                "Parent Relationship": "Inner",
                                                                "Parallel Aware": false,
                                                                "Async Capable": false,
                                                                "Scan Direction": "Forward",
                                                                "Index Name": "comment_site_id_post_id_idx",
                                                                "Relation Name": "comment",
                                                                "Alias": "comment_1",
                                                                "Startup Cost": 0.57,
                                                                "Total Cost": 8.28,
                                                                "Plan Rows": 1,
                                                                "Plan Width": 8,
                                                                "Actual Startup Time": 0.033,
                                                                "Actual Total Time": 0.033,
                                                                "Actual Rows": 1,
                                                                "Actual Loops": 16,
                                                                "Index Cond": "((site_id = q2.site_id) AND (post_id = q2.id))",
                                                                "Rows Removed by Index Recheck": 0,
                                                                "Heap Fetches": 10,
                                                                "Workers": []
                                                            }
                                                        ]
                                                    },
                                                    {
                                                        "Node Type": "Index Only Scan",
                                                        "Parent Relationship": "Inner",
                                                        "Parallel Aware": false,
                                                        "Async Capable": false,
                                                        "Scan Direction": "Forward",
                                                        "Index Name": "comment_site_id_post_id_idx",
                                                        "Relation Name": "comment",
                                                        "Alias": "comment_2",
                                                        "Startup Cost": 0.57,
                                                        "Total Cost": 8.28,
                                                        "Plan Rows": 1,
                                                        "Plan Width": 8,
                                                        "Actual Startup Time": 0.017,
                                                        "Actual Total Time": 0.017,
                                                        "Actual Rows": 1,
                                                        "Actual Loops": 10,
                                                        "Index Cond": "((site_id = q1.site_id) AND (post_id = q1.id))",
                                                        "Rows Removed by Index Recheck": 0,
                                                        "Heap Fetches": 8,
                                                        "Workers": []
                                                    }
                                                ]
                                            }
                                        ]
                                    }
                                ]
                            }
                        ]
                    },
                    "Planning Time": 119.684,
                    "Triggers": [],
                    "Execution Time": 68.318
                }
            ],
            "hints": [
                "SET enable_hashjoin TO on",
                "SET enable_indexonlyscan TO on",
                "SET enable_indexscan TO on",
                "SET enable_mergejoin TO on",
                "SET enable_nestloop TO on",
                "SET enable_seqscan TO on"
            ]
        },
        {
            "arm": 1,
            "execution_time": 13298.746,
            "plan": [
                {
                    "Plan": {
                        "Node Type": "Aggregate",
                        "Strategy": "Plain",
                        "Partial Mode": "Simple",
                        "Parallel Aware": false,
                        "Async Capable": false,
                        "Startup Cost": 13289412.34,
                        "Total Cost": 13289412.35,
                        "Plan Rows": 1,
                        "Plan Width": 8,
                        "Actual Startup Time": 12212.981,
                        "Actual Total Time": 13298.687,
                        "Actual Rows": 1,
                        "Actual Loops": 1,
                        "Plans": [
                            {
                                "Node Type": "Gather Merge",
                                "Parent Relationship": "Outer",
                                "Parallel Aware": false,
                                "Async Capable": false,
                                "Startup Cost": 13289405.83,
                                "Total Cost": 13289412.21,
                                "Plan Rows": 52,
                                "Plan Width": 4,
                                "Actual Startup Time": 12212.972,
                                "Actual Total Time": 13298.679,
                                "Actual Rows": 8,
                                "Actual Loops": 1,
                                "Workers Planned": 7,
                                "Workers Launched": 7,
                                "Plans": [
                                    {
                                        "Node Type": "Sort",
                                        "Parent Relationship": "Outer",
                                        "Parallel Aware": false,
                                        "Async Capable": false,
                                        "Startup Cost": 13288405.71,
                                        "Total Cost": 13288405.72,
                                        "Plan Rows": 7,
                                        "Plan Width": 4,
                                        "Actual Startup Time": 12210.019,
                                        "Actual Total Time": 12210.126,
                                        "Actual Rows": 1,
                                        "Actual Loops": 8,
                                        "Sort Key": [
                                            "q1.id"
                                        ],
                                        "Sort Method": "quicksort",
                                        "Sort Space Used": 25,
                                        "Sort Space Type": "Memory",
                                        "Workers": [
                                            {
                                                "Worker Number": 0,
                                                "Sort Method": "quicksort",
                                                "Sort Space Used": 25,
                                                "Sort Space Type": "Memory"
                                            },
                                            {
                                                "Worker Number": 1,
                                                "Sort Method": "quicksort",
                                                "Sort Space Used": 25,
                                                "Sort Space Type": "Memory"
                                            },
                                            {
                                                "Worker Number": 2,
                                                "Sort Method": "quicksort",
                                                "Sort Space Used": 25,
                                                "Sort Space Type": "Memory"
                                            },
                                            {
                                                "Worker Number": 3,
                                                "Sort Method": "quicksort",
                                                "Sort Space Used": 25,
                                                "Sort Space Type": "Memory"
                                            },
                                            {
                                                "Worker Number": 4,
                                                "Sort Method": "quicksort",
                                                "Sort Space Used": 25,
                                                "Sort Space Type": "Memory"
                                            },
                                            {
                                                "Worker Number": 5,
                                                "Sort Method": "quicksort",
                                                "Sort Space Used": 25,
                                                "Sort Space Type": "Memory"
                                            },
                                            {
                                                "Worker Number": 6,
                                                "Sort Method": "quicksort",
                                                "Sort Space Used": 25,
                                                "Sort Space Type": "Memory"
                                            }
                                        ],
                                        "Plans": [
                                            {
                                                "Node Type": "Hash Join",
                                                "Parent Relationship": "Outer",
                                                "Parallel Aware": true,
                                                "Async Capable": false,
                                                "Join Type": "Semi",
                                                "Startup Cost": 11440963.91,
                                                "Total Cost": 13288405.61,
                                                "Plan Rows": 7,
                                                "Plan Width": 4,
                                                "Actual Startup Time": 11999.145,
                                                "Actual Total Time": 12210.066,
                                                "Actual Rows": 1,
                                                "Actual Loops": 8,
                                                "Inner Unique": false,
                                                "Hash Cond": "((q1.site_id = comment_2.site_id) AND (pl1.post_id_from = comment_2.post_id))",
                                                "Workers": [],
                                                "Plans": [
                                                    {
                                                        "Node Type": "Hash Join",
                                                        "Parent Relationship": "Outer",
                                                        "Parallel Aware": true,
                                                        "Async Capable": false,
                                                        "Join Type": "Semi",
                                                        "Startup Cost": 8287221.09,
                                                        "Total Cost": 10084125.66,
                                                        "Plan Rows": 7,
                                                        "Plan Width": 40,
                                                        "Actual Startup Time": 8608.526,
                                                        "Actual Total Time": 8844.347,
                                                        "Actual Rows": 1,
                                                        "Actual Loops": 8,
                                                        "Inner Unique": false,
                                                        "Hash Cond": "((q1.site_id = comment_1.site_id) AND (pl1.post_id_to = comment_1.post_id))",
                                                        "Workers": [],
                                                        "Plans": [
                                                            {
                                                                "Node Type": "Hash Join",
                                                                "Parent Relationship": "Outer",
                                                                "Parallel Aware": true,
                                                                "Async Capable": false,
                                                                "Join Type": "Semi",
                                                                "Startup Cost": 5133478.26,
                                                                "Total Cost": 6879835.16,
                                                                "Plan Rows": 7,
                                                                "Plan Width": 48,
                                                                "Actual Startup Time": 5239.602,
                                                                "Actual Total Time": 5587.356,
                                                                "Actual Rows": 2,
                                                                "Actual Loops": 8,
                                                                "Inner Unique": false,
                                                                "Hash Cond": "((q1.site_id = comment.site_id) AND (pl2.post_id_to = comment.post_id))",
                                                                "Workers": [],
                                                                "Plans": [
                                                                    {
                                                                        "Node Type": "Hash Join",
                                                                        "Parent Relationship": "Outer",
                                                                        "Parallel Aware": true,
                                                                        "Async Capable": false,
                                                                        "Join Type": "Inner",
                                                                        "Startup Cost": 1979735.44,
                                                                        "Total Cost": 3675544.66,
                                                                        "Plan Rows": 7,
                                                                        "Plan Width": 52,
                                                                        "Actual Startup Time": 1856.878,
                                                                        "Actual Total Time": 1859.94,
                                                                        "Actual Rows": 2,
                                                                        "Actual Loops": 8,
                                                                        "Inner Unique": false,
                                                                        "Hash Cond": "((q1.site_id = site.site_id) AND (q1.id = pl1.post_id_from))",
                                                                        "Join Filter": "(q1.score > q3.score)",
                                                                        "Rows Removed by Join Filter": 9,
                                                                        "Workers": [],
                                                                        "Plans": [
                                                                            {
                                                                                "Node Type": "Seq Scan",
                                                                                "Parent Relationship": "Outer",
                                                                                "Parallel Aware": true,
                                                                                "Async Capable": false,
                                                                                "Relation Name": "question",
                                                                                "Alias": "q1",
                                                                                "Startup Cost": 0.0,
                                                                                "Total Cost": 1682252.12,
                                                                                "Plan Rows": 1807612,
                                                                                "Plan Width": 12,
                                                                                "Actual Startup Time": 0.006,
                                                                                "Actual Total Time": 467.084,
                                                                                "Actual Rows": 1583305,
                                                                                "Actual Loops": 8,
                                                                                "Workers": []
                                                                            },
                                                                            {
                                                                                "Node Type": "Hash",
                                                                                "Parent Relationship": "Inner",
                                                                                "Parallel Aware": true,
                                                                                "Async Capable": false,
                                                                                "Startup Cost": 1979735.11,
                                                                                "Total Cost": 1979735.11,
                                                                                "Plan Rows": 22,
                                                                                "Plan Width": 48,
                                                                                "Actual Startup Time": 1277.882,
                                                                                "Actual Total Time": 1277.89,
                                                                                "Actual Rows": 12,
                                                                                "Actual Loops": 8,
                                                                                "Hash Buckets": 1024,
                                                                                "Original Hash Buckets": 1024,
                                                                                "Hash Batches": 1,
                                                                                "Original Hash Batches": 1,
                                                                                "Peak Memory Usage": 104,
                                                                                "Workers": [],
                                                                                "Plans": [
                                                                                    {
                                                                                        "Node Type": "Hash Join",
                                                                                        "Parent Relationship": "Outer",
                                                                                        "Parallel Aware": true,
                                                                                        "Async Capable": false,
                                                                                        "Join Type": "Inner",
                                                                                        "Startup Cost": 283925.88,
                                                                                        "Total Cost": 1979735.11,
                                                                                        "Plan Rows": 22,
                                                                                        "Plan Width": 48,
                                                                                        "Actual Startup Time": 1272.062,
                                                                                        "Actual Total Time": 1277.829,
                                                                                        "Actual Rows": 12,
                                                                                        "Actual Loops": 8,
                                                                                        "Inner Unique": false,
                                                                                        "Hash Cond": "((q3.site_id = site.site_id) AND (q3.id = pl2.post_id_to))",
                                                                                        "Workers": [],
                                                                                        "Plans": [
                                                                                            {
                                                                                                "Node Type": "Seq Scan",
                                                                                                "Parent Relationship": "Outer",
                                                                                                "Parallel Aware": true,
                                                                                                "Async Capable": false,
                                                                                                "Relation Name": "question",
                                                                                                "Alias": "q3",
                                                                                                "Startup Cost": 0.0,
                                                                                                "Total Cost": 1682252.12,
                                                                                                "Plan Rows": 1807612,
                                                                                                "Plan Width": 12,
                                                                                                "Actual Startup Time": 0.019,
                                                                                                "Actual Total Time": 476.113,
                                                                                                "Actual Rows": 1583305,
                                                                                                "Actual Loops": 8,
                                                                                                "Workers": []
                                                                                            },
                                                                                            {
                                                                                                "Node Type": "Hash",
                                                                                                "Parent Relationship": "Inner",
                                                                                                "Parallel Aware": true,
                                                                                                "Async Capable": false,
                                                                                                "Startup Cost": 283925.13,
                                                                                                "Total Cost": 283925.13,
                                                                                                "Plan Rows": 50,
                                                                                                "Plan Width": 36,
                                                                                                "Actual Startup Time": 682.062,
                                                                                                "Actual Total Time": 682.068,
                                                                                                "Actual Rows": 12,
                                                                                                "Actual Loops": 8,
                                                                                                "Hash Buckets": 1024,
                                                                                                "Original Hash Buckets": 1024,
                                                                                                "Hash Batches": 1,
                                                                                                "Original Hash Batches": 1,
                                                                                                "Peak Memory Usage": 72,
                                                                                                "Workers": [],
                                                                                                "Plans": [
                                                                                                    {
                                                                                                        "Node Type": "Hash Join",
                                                                                                        "Parent Relationship": "Outer",
                                                                                                        "Parallel Aware": true,
                                                                                                        "Async Capable": false,
                                                                                                        "Join Type": "Inner",
                                                                                                        "Startup Cost": 256694.57,
                                                                                                        "Total Cost": 283925.13,
                                                                                                        "Plan Rows": 50,
                                                                                                        "Plan Width": 36,
                                                                                                        "Actual Startup Time": 675.148,
                                                                                                        "Actual Total Time": 682.03,
                                                                                                        "Actual Rows": 12,
                                                                                                        "Actual Loops": 8,
                                                                                                        "Inner Unique": false,
                                                                                                        "Hash Cond": "((pl1.site_id = site.site_id) AND (pl1.post_id_to = q2.id))",
                                                                                                        "Workers": [],
                                                                                                        "Plans": [
                                                                                                            {
                                                                                                                "Node Type": "Seq Scan",
                                                                                                                "Parent Relationship": "Outer",
                                                                                                                "Parallel Aware": true,
                                                                                                                "Async Capable": false,
                                                                                                                "Relation Name": "post_link",
                                                                                                                "Alias": "pl1",
                                                                                                                "Startup Cost": 0.0,
                                                                                                                "Total Cost": 21752.3,
                                                                                                                "Plan Rows": 730430,
                                                                                                                "Plan Width": 12,
                                                                                                                "Actual Startup Time": 0.005,
                                                                                                                "Actual Total Time": 16.266,
                                                                                                                "Actual Rows": 283042,
                                                                                                                "Actual Loops": 8,
                                                                                                                "Workers": []
                                                                                                            },
                                                                                                            {
                                                                                                                "Node Type": "Hash",
                                                                                                                "Parent Relationship": "Inner",
                                                                                                                "Parallel Aware": true,
                                                                                                                "Async Capable": false,
                                                                                                                "Startup Cost": 256631.24,
                                                                                                                "Total Cost": 256631.24,
                                                                                                                "Plan Rows": 4222,
                                                                                                                "Plan Width": 24,
                                                                                                                "Actual Startup Time": 648.462,
                                                                                                                "Actual Total Time": 648.466,
                                                                                                                "Actual Rows": 46,
                                                                                                                "Actual Loops": 8,
                                                                                                                "Hash Buckets": 16384,
                                                                                                                "Original Hash Buckets": 16384,
                                                                                                                "Hash Batches": 1,
                                                                                                                "Original Hash Batches": 1,
                                                                                                                "Peak Memory Usage": 192,
                                                                                                                "Workers": [],
                                                                                                                "Plans": [
                                                                                                                    {
                                                                                                                        "Node Type": "Hash Join",
                                                                                                                        "Parent Relationship": "Outer",
                                                                                                                        "Parallel Aware": true,
                                                                                                                        "Async Capable": false,
                                                                                                                        "Join Type": "Inner",
                                                                                                                        "Startup Cost": 229400.59,
                                                                                                                        "Total Cost": 256631.24,
                                                                                                                        "Plan Rows": 4222,
                                                                                                                        "Plan Width": 24,
                                                                                                                        "Actual Startup Time": 641.211,
                                                                                                                        "Actual Total Time": 648.375,
                                                                                                                        "Actual Rows": 46,
                                                                                                                        "Actual Loops": 8,
                                                                                                                        "Inner Unique": false,
                                                                                                                        "Hash Cond": "((pl2.site_id = site.site_id) AND (pl2.post_id_from = q2.id))",
                                                                                                                        "Workers": [],
                                                                                                                        "Plans": [
                                                                                                                            {
                                                                                                                                "Node Type": "Seq Scan",
                                                                                                                                "Parent Relationship": "Outer",
                                                                                                                                "Parallel Aware": true,
                                                                                                                                "Async Capable": false,
                                                                                                                                "Relation Name": "post_link",
                                                                                                                                "Alias": "pl2",
                                                                                                                                "Startup Cost": 0.0,
                                                                                                                                "Total Cost": 21752.3,
                                                                                                                                "Plan Rows": 730430,
                                                                                                                                "Plan Width": 12,
                                                                                                                                "Actual Startup Time": 0.009,
                                                                                                                                "Actual Total Time": 17.288,
                                                                                                                                "Actual Rows": 283042,
                                                                                                                                "Actual Loops": 8,
                                                                                                                                "Workers": []
                                                                                                                            },
                                                                                                                            {
                                                                                                                                "Node Type": "Hash",
                                                                                                                                "Parent Relationship": "Inner",
                                                                                                                                "Parallel Aware": true,
                                                                                                                                "Async Capable": false,
                                                                                                                                "Startup Cost": 229217.74,
                                                                                                                                "Total Cost": 229217.74,
                                                                                                                                "Plan Rows": 12190,
                                                                                                                                "Plan Width": 12,
                                                                                                                                "Actual Startup Time": 613.144,
                                                                                                                                "Actual Total Time": 613.146,
                                                                                                                                "Actual Rows": 366,
                                                                                                                                "Actual Loops": 8,
                                                                                                                                "Hash Buckets": 131072,
                                                                                                                                "Original Hash Buckets": 131072,
                                                                                                                                "Hash Batches": 1,
                                                                                                                                "Original Hash Batches": 1,
                                                                                                                                "Peak Memory Usage": 1280,
                                                                                                                                "Workers": [],
                                                                                                                                "Plans": [
                                                                                                                                    {
                                                                                                                                        "Node Type": "Hash Join",
                                                                                                                                        "Parent Relationship": "Outer",
                                                                                                                                        "Parallel Aware": false,
                                                                                                                                        "Async Capable": false,
                                                                                                                                        "Join Type": "Inner",
                                                                                                                                        "Startup Cost": 3.61,
                                                                                                                                        "Total Cost": 229217.74,
                                                                                                                                        "Plan Rows": 12190,
                                                                                                                                        "Plan Width": 12,
                                                                                                                                        "Actual Startup Time": 6.785,
                                                                                                                                        "Actual Total Time": 612.675,
                                                                                                                                        "Actual Rows": 366,
                                                                                                                                        "Actual Loops": 8,
                                                                                                                                        "Inner Unique": true,
                                                                                                                                        "Hash Cond": "(q2.site_id = site.site_id)",
                                                                                                                                        "Workers": [],
                                                                                                                                        "Plans": [
                                                                                                                                            {
                                                                                                                                                "Node Type": "Index Only Scan",
                                                                                                                                                "Parent Relationship": "Outer",
                                                                                                                                                "Parallel Aware": true,
                                                                                                                                                "Async Capable": false,
                                                                                                                                                "Scan Direction": "Forward",
                                                                                                                                                "Index Name": "question_pkey",
                                                                                                                                                "Relation Name": "question",
                                                                                                                                                "Alias": "q2",
                                                                                                                                                "Startup Cost": 0.43,
                                                                                                                                                "Total Cost": 223543.14,
                                                                                                                                                "Plan Rows": 2108881,
                                                                                                                                                "Plan Width": 8,
                                                                                                                                                "Actual Startup Time": 6.707,
                                                                                                                                                "Actual Total Time": 547.652,
                                                                                                                                                "Actual Rows": 1583305,
                                                                                                                                                "Actual Loops": 8,
                                                                                                                                                "Heap Fetches": 0,
                                                                                                                                                "Workers": []
                                                                                                                                            },
                                                                                                                                            {
                                                                                                                                                "Node Type": "Hash",
                                                                                                                                                "Parent Relationship": "Inner",
                                                                                                                                                "Parallel Aware": false,
                                                                                                                                                "Async Capable": false,
                                                                                                                                                "Startup Cost": 3.16,
                                                                                                                                                "Total Cost": 3.16,
                                                                                                                                                "Plan Rows": 1,
                                                                                                                                                "Plan Width": 4,
                                                                                                                                                "Actual Startup Time": 0.025,
                                                                                                                                                "Actual Total Time": 0.026,
                                                                                                                                                "Actual Rows": 1,
                                                                                                                                                "Actual Loops": 8,
                                                                                                                                                "Hash Buckets": 1024,
                                                                                                                                                "Original Hash Buckets": 1024,
                                                                                                                                                "Hash Batches": 1,
                                                                                                                                                "Original Hash Batches": 1,
                                                                                                                                                "Peak Memory Usage": 9,
                                                                                                                                                "Workers": [],
                                                                                                                                                "Plans": [
                                                                                                                                                    {
                                                                                                                                                        "Node Type": "Seq Scan",
                                                                                                                                                        "Parent Relationship": "Outer",
                                                                                                                                                        "Parallel Aware": false,
                                                                                                                                                        "Async Capable": false,
                                                                                                                                                        "Relation Name": "site",
                                                                                                                                                        "Alias": "site",
                                                                                                                                                        "Startup Cost": 0.0,
                                                                                                                                                        "Total Cost": 3.16,
                                                                                                                                                        "Plan Rows": 1,
                                                                                                                                                        "Plan Width": 4,
                                                                                                                                                        "Actual Startup Time": 0.021,
                                                                                                                                                        "Actual Total Time": 0.024,
                                                                                                                                                        "Actual Rows": 1,
                                                                                                                                                        "Actual Loops": 8,
                                                                                                                                                        "Filter": "((site_name)::text = 'pm'::text)",
                                                                                                                                                        "Rows Removed by Filter": 172,
                                                                                                                                                        "Workers": []
                                                                                                                                                    }
                                                                                                                                                ]
                                                                                                                                            }
                                                                                                                                        ]
                                                                                                                                    }
                                                                                                                                ]
                                                                                                                            }
                                                                                                                        ]
                                                                                                                    }
                                                                                                                ]
                                                                                                            }
                                                                                                        ]
                                                                                                    }
                                                                                                ]
                                                                                            }
                                                                                        ]
                                                                                    }
                                                                                ]
                                                                            }
                                                                        ]
                                                                    },
                                                                    {
                                                                        "Node Type": "Hash",
                                                                        "Parent Relationship": "Inner",
                                                                        "Parallel Aware": true,
                                                                        "Async Capable": false,
                                                                        "Startup Cost": 2909153.53,
                                                                        "Total Cost": 2909153.53,
                                                                        "Plan Rows": 12936953,
                                                                        "Plan Width": 8,
                                                                        "Actual Startup Time": 3030.461,
                                                                        "Actual Total Time": 3030.461,
                                                                        "Actual Rows": 12932495,
                                                                        "Actual Loops": 8,
                                                                        "Hash Buckets": 524288,
                                                                        "Original Hash Buckets": 524288,
                                                                        "Hash Batches": 512,
                                                                        "Original Hash Batches": 512,
                                                                        "Peak Memory Usage": 12192,
                                                                        "Workers": [],
                                                                        "Plans": [
                                                                            {
                                                                                "Node Type": "Seq Scan",
                                                                                "Parent Relationship": "Outer",
                                                                                "Parallel Aware": true,
                                                                                "Async Capable": false,
                                                                                "Relation Name": "comment",
                                                                                "Alias": "comment",
                                                                                "Startup Cost": 0.0,
                                                                                "Total Cost": 2909153.53,
                                                                                "Plan Rows": 12936953,
                                                                                "Plan Width": 8,
                                                                                "Actual Startup Time": 0.021,
                                                                                "Actual Total Time": 1460.241,
                                                                                "Actual Rows": 12932495,
                                                                                "Actual Loops": 8,
                                                                                "Workers": []
                                                                            }
                                                                        ]
                                                                    }
                                                                ]
                                                            },
                                                            {
                                                                "Node Type": "Hash",
                                                                "Parent Relationship": "Inner",
                                                                "Parallel Aware": true,
                                                                "Async Capable": false,
                                                                "Startup Cost": 2909153.53,
                                                                "Total Cost": 2909153.53,
                                                                "Plan Rows": 12936953,
                                                                "Plan Width": 8,
                                                                "Actual Startup Time": 2578.974,
                                                                "Actual Total Time": 2578.975,
                                                                "Actual Rows": 12932495,
                                                                "Actual Loops": 8,
                                                                "Hash Buckets": 524288,
                                                                "Original Hash Buckets": 524288,
                                                                "Hash Batches": 512,
                                                                "Original Hash Batches": 512,
                                                                "Peak Memory Usage": 12160,
                                                                "Workers": [],
                                                                "Plans": [
                                                                    {
                                                                        "Node Type": "Seq Scan",
                                                                        "Parent Relationship": "Outer",
                                                                        "Parallel Aware": true,
                                                                        "Async Capable": false,
                                                                        "Relation Name": "comment",
                                                                        "Alias": "comment_1",
                                                                        "Startup Cost": 0.0,
                                                                        "Total Cost": 2909153.53,
                                                                        "Plan Rows": 12936953,
                                                                        "Plan Width": 8,
                                                                        "Actual Startup Time": 0.021,
                                                                        "Actual Total Time": 1262.396,
                                                                        "Actual Rows": 12932495,
                                                                        "Actual Loops": 8,
                                                                        "Workers": []
                                                                    }
                                                                ]
                                                            }
                                                        ]
                                                    },
                                                    {
                                                        "Node Type": "Hash",
                                                        "Parent Relationship": "Inner",
                                                        "Parallel Aware": true,
                                                        "Async Capable": false,
                                                        "Startup Cost": 2909153.53,
                                                        "Total Cost": 2909153.53,
                                                        "Plan Rows": 12936953,
                                                        "Plan Width": 8,
                                                        "Actual Startup Time": 2688.342,
                                                        "Actual Total Time": 2688.343,
                                                        "Actual Rows": 12932495,
                                                        "Actual Loops": 8,
                                                        "Hash Buckets": 524288,
                                                        "Original Hash Buckets": 524288,
                                                        "Hash Batches": 512,
                                                        "Original Hash Batches": 512,
                                                        "Peak Memory Usage": 12160,
                                                        "Workers": [],
                                                        "Plans": [
                                                            {
                                                                "Node Type": "Seq Scan",
                                                                "Parent Relationship": "Outer",
                                                                "Parallel Aware": true,
                                                                "Async Capable": false,
                                                                "Relation Name": "comment",
                                                                "Alias": "comment_2",
                                                                "Startup Cost": 0.0,
                                                                "Total Cost": 2909153.53,
                                                                "Plan Rows": 12936953,
                                                                "Plan Width": 8,
                                                                "Actual Startup Time": 0.028,
                                                                "Actual Total Time": 1308.375,
                                                                "Actual Rows": 12932495,
                                                                "Actual Loops": 8,
                                                                "Workers": []
                                                            }
                                                        ]
                                                    }
                                                ]
                                            }
                                        ]
                                    }
                                ]
                            }
                        ]
                    },
                    "Planning Time": 118.872,
                    "Triggers": [],
                    "Execution Time": 13298.746
                }
            ],
            "hints": [
                "SET enable_hashjoin TO on",
                "SET enable_indexonlyscan TO on",
                "SET enable_indexscan TO on",
                "SET enable_mergejoin TO on",
                "SET enable_nestloop TO off",
                "SET enable_seqscan TO on"
            ]
        },
        {
            "arm": 2,
            "execution_time": 62.226,
            "plan": [
                {
                    "Plan": {
                        "Node Type": "Aggregate",
                        "Strategy": "Plain",
                        "Partial Mode": "Simple",
                        "Parallel Aware": false,
                        "Async Capable": false,
                        "Startup Cost": 45212.12,
                        "Total Cost": 45212.13,
                        "Plan Rows": 1,
                        "Plan Width": 8,
                        "Actual Startup Time": 58.116,
                        "Actual Total Time": 62.159,
                        "Actual Rows": 1,
                        "Actual Loops": 1,
                        "Plans": [
                            {
                                "Node Type": "Gather Merge",
                                "Parent Relationship": "Outer",
                                "Parallel Aware": false,
                                "Async Capable": false,
                                "Startup Cost": 45205.84,
                                "Total Cost": 45211.99,
                                "Plan Rows": 52,
                                "Plan Width": 4,
                                "Actual Startup Time": 58.109,
                                "Actual Total Time": 62.152,
                                "Actual Rows": 8,
                                "Actual Loops": 1,
                                "Workers Planned": 3,
                                "Workers Launched": 3,
                                "Plans": [
                                    {
                                        "Node Type": "Sort",
                                        "Parent Relationship": "Outer",
                                        "Parallel Aware": false,
                                        "Async Capable": false,
                                        "Startup Cost": 44205.8,
                                        "Total Cost": 44205.84,
                                        "Plan Rows": 17,
                                        "Plan Width": 4,
                                        "Actual Startup Time": 55.291,
                                        "Actual Total Time": 55.298,
                                        "Actual Rows": 2,
                                        "Actual Loops": 4,
                                        "Sort Key": [
                                            "q1.id"
                                        ],
                                        "Sort Method": "quicksort",
                                        "Sort Space Used": 25,
                                        "Sort Space Type": "Memory",
                                        "Workers": [
                                            {
                                                "Worker Number": 0,
                                                "Sort Method": "quicksort",
                                                "Sort Space Used": 25,
                                                "Sort Space Type": "Memory"
                                            },
                                            {
                                                "Worker Number": 1,
                                                "Sort Method": "quicksort",
                                                "Sort Space Used": 25,
                                                "Sort Space Type": "Memory"
                                            },
                                            {
                                                "Worker Number": 2,
                                                "Sort Method": "quicksort",
                                                "Sort Space Used": 25,
                                                "Sort Space Type": "Memory"
                                            }
                                        ],
                                        "Plans": [
                                            {
                                                "Node Type": "Nested Loop",
                                                "Parent Relationship": "Outer",
                                                "Parallel Aware": false,
                                                "Async Capable": false,
                                                "Join Type": "Semi",
                                                "Startup Cost": 15780.59,
                                                "Total Cost": 44205.45,
                                                "Plan Rows": 17,
                                                "Plan Width": 4,
                                                "Actual Startup Time": 33.282,
                                                "Actual Total Time": 55.269,
                                                "Actual Rows": 2,
                                                "Actual Loops": 4,
                                                "Inner Unique": false,
                                                "Join Filter": "(pl1.post_id_from = comment_2.post_id)",
                                                "Rows Removed by Join Filter": 0,
                                                "Workers": [],
                                                "Plans": [
                                                    {
                                                        "Node Type": "Nested Loop",
                                                        "Parent Relationship": "Outer",
                                                        "Parallel Aware": false,
                                                        "Async Capable": false,
                                                        "Join Type": "Semi",
                                                        "Startup Cost": 15776.17,
                                                        "Total Cost": 44123.17,
                                                        "Plan Rows": 17,
                                                        "Plan Width": 40,
                                                        "Actual Startup Time": 33.274,
                                                        "Actual Total Time": 55.249,
                                                        "Actual Rows": 2,
                                                        "Actual Loops": 4,
                                                        "Inner Unique": false,
                                                        "Join Filter": "((q1.site_id = comment_1.site_id) AND (pl1.post_id_to = comment_1.post_id))",
                                                        "Rows Removed by Join Filter": 0,
                                                        "Workers": [],
                                                        "Plans": [
                                                            {
                                                                "Node Type": "Nested Loop",
                                                                "Parent Relationship": "Outer",
                                                                "Parallel Aware": false,
                                                                "Async Capable": false,
                                                                "Join Type": "Semi",
                                                                "Startup Cost": 15771.74,
                                                                "Total Cost": 44040.88,
                                                                "Plan Rows": 17,
                                                                "Plan Width": 48,
                                                                "Actual Startup Time": 33.265,
                                                                "Actual Total Time": 55.227,
                                                                "Actual Rows": 4,
                                                                "Actual Loops": 4,
                                                                "Inner Unique": false,
                                                                "Join Filter": "((q1.site_id = comment.site_id) AND (pl2.post_id_to = comment.post_id))",
                                                                "Rows Removed by Join Filter": 0,
                                                                "Workers": [],
                                                                "Plans": [
                                                                    {
                                                                        "Node Type": "Nested Loop",
                                                                        "Parent Relationship": "Outer",
                                                                        "Parallel Aware": false,
                                                                        "Async Capable": false,
                                                                        "Join Type": "Inner",
                                                                        "Startup Cost": 15767.32,
                                                                        "Total Cost": 43958.6,
                                                                        "Plan Rows": 17,
                                                                        "Plan Width": 52,
                                                                        "Actual Startup Time": 33.252,
                                                                        "Actual Total Time": 55.184,
                                                                        "Actual Rows": 5,
                                                                        "Actual Loops": 4,
                                                                        "Inner Unique": true,
                                                                        "Join Filter": "(q1.site_id = q2.site_id)",
                                                                        "Rows Removed by Join Filter": 0,
                                                                        "Workers": [],
                                                                        "Plans": [
                                                                            {
                                                                                "Node Type": "Nested Loop",
                                                                                "Parent Relationship": "Outer",
                                                                                "Parallel Aware": false,
                                                                                "Async Capable": false,
                                                                                "Join Type": "Inner",
                                                                                "Startup Cost": 15763.03,
                                                                                "Total Cost": 43817.22,
                                                                                "Plan Rows": 17,
                                                                                "Plan Width": 44,
                                                                                "Actual Startup Time": 33.243,
                                                                                "Actual Total Time": 55.145,
                                                                                "Actual Rows": 5,
                                                                                "Actual Loops": 4,
                                                                                "Inner Unique": true,
                                                                                "Join Filter": "((q1.score > q3.score) AND (q1.site_id = q3.site_id))",
                                                                                "Rows Removed by Join Filter": 18,
                                                                                "Workers": [],
                                                                                "Plans": [
                                                                                    {
                                                                                        "Node Type": "Nested Loop",
                                                                                        "Parent Relationship": "Outer",
                                                                                        "Parallel Aware": false,
                                                                                        "Async Capable": false,
                                                                                        "Join Type": "Inner",
                                                                                        "Startup Cost": 15758.74,
                                                                                        "Total Cost": 43401.29,
                                                                                        "Plan Rows": 50,
                                                                                        "Plan Width": 40,
                                                                                        "Actual Startup Time": 33.205,
                                                                                        "Actual Total Time": 55.012,
                                                                                        "Actual Rows": 23,
                                                                                        "Actual Loops": 4,
                                                                                        "Inner Unique": true,
                                                                                        "Join Filter": "(site.site_id = q1.site_id)",
                                                                                        "Rows Removed by Join Filter": 0,
                                                                                        "Workers": [],
                                                                                        "Plans": [
                                                                                            {
                                                                                                "Node Type": "Hash Join",
                                                                                                "Parent Relationship": "Outer",
                                                                                                "Parallel Aware": false,
                                                                                                "Async Capable": false,
                                                                                                "Join Type": "Inner",
                                                                                                "Startup Cost": 15754.45,
                                                                                                "Total Cost": 42985.48,
                                                                                                "Plan Rows": 50,
                                                                                                "Plan Width": 28,
                                                                                                "Actual Startup Time": 33.181,
                                                                                                "Actual Total Time": 54.823,
                                                                                                "Actual Rows": 23,
                                                                                                "Actual Loops": 4,
                                                                                                "Inner Unique": false,
                                                                                                "Hash Cond": "((pl1.site_id = site.site_id) AND (pl1.post_id_to = pl2.post_id_from))",
                                                                                                "Workers": [],
                                                                                                "Plans": [
                                                                                                    {
                                                                                                        "Node Type": "Seq Scan",
                                                                                                        "Parent Relationship": "Outer",
                                                                                                        "Parallel Aware": true,
                                                                                                        "Async Capable": false,
                                                                                                        "Relation Name": "post_link",
                                                                                                        "Alias": "pl1",
                                                                                                        "Startup Cost": 0.0,
                                                                                                        "Total Cost": 21752.3,
                                                                                                        "Plan Rows": 730430,
                                                                                                        "Plan Width": 12,
                                                                                                        "Actual Startup Time": 0.01,
                                                                                                        "Actual Total Time": 26.796,
                                                                                                        "Actual Rows": 566083,
                                                                                                        "Actual Loops": 4,
                                                                                                        "Workers": []
                                                                                                    },
                                                                                                    {
                                                                                                        "Node Type": "Hash",
                                                                                                        "Parent Relationship": "Inner",
                                                                                                        "Parallel Aware": false,
                                                                                                        "Async Capable": false,
                                                                                                        "Startup Cost": 15558.12,
                                                                                                        "Total Cost": 15558.12,
                                                                                                        "Plan Rows": 13089,
                                                                                                        "Plan Width": 16,
                                                                                                        "Actual Startup Time": 0.183,
                                                                                                        "Actual Total Time": 0.185,
                                                                                                        "Actual Rows": 369,
                                                                                                        "Actual Loops": 4,
                                                                                                        "Hash Buckets": 16384,
                                                                                                        "Original Hash Buckets": 16384,
                                                                                                        "Hash Batches": 1,
                                                                                                        "Original Hash Batches": 1,
                                                                                                        "Peak Memory Usage": 146,
                                                                                                        "Workers": [],
                                                                                                        "Plans": [
                                                                                                            {
                                                                                                                "Node Type": "Nested Loop",
                                                                                                                "Parent Relationship": "Outer",
                                                                                                                "Parallel Aware": false,
                                                                                                                "Async Capable": false,
                                                                                                                "Join Type": "Inner",
                                                                                                                "Startup Cost": 330.8,
                                                                                                                "Total Cost": 15558.12,
                                                                                                                "Plan Rows": 13089,
                                                                                                                "Plan Width": 16,
                                                                                                                "Actual Startup Time": 0.079,
                                                                                                                "Actual Total Time": 0.14,
                                                                                                                "Actual Rows": 369,
                                                                                                                "Actual Loops": 4,
                                                                                                                "Inner Unique": false,
                                                                                                                "Workers": [],
                                                                                                                "Plans": [
                                                                                                                    {
                                                                                                                        "Node Type": "Seq Scan",
                                                                                                                        "Parent Relationship": "Outer",
                                                                                                                        "Parallel Aware": false,
                                                                                                                        "Async Capable": false,
                                                                                                                        "Relation Name": "site",
                                                                                                                        "Alias": "site",
                                                                                                                        "Startup Cost": 0.0,
                                                                                                                        "Total Cost": 3.16,
                                                                                                                        "Plan Rows": 1,
                                                                                                                        "Plan Width": 4,
                                                                                                                        "Actual Startup Time": 0.019,
                                                                                                                        "Actual Total Time": 0.022,
                                                                                                                        "Actual Rows": 1,
                                                                                                                        "Actual Loops": 4,
                                                                                                                        "Filter": "((site_name)::text = 'pm'::text)",
                                                                                                                        "Rows Removed by Filter": 172,
                                                                                                                        "Workers": []
                                                                                                                    },
                                                                                                                    {
                                                                                                                        "Node Type": "Bitmap Heap Scan",
                                                                                                                        "Parent Relationship": "Inner",
                                                                                                                        "Parallel Aware": false,
                                                                                                                        "Async Capable": false,
                                                                                                                        "Relation Name": "post_link",
                                                                                                                        "Alias": "pl2",
                                                                                                                        "Startup Cost": 330.8,
                                                                                                                        "Total Cost": 15412.55,
                                                                                                                        "Plan Rows": 14241,
                                                                                                                        "Plan Width": 12,
                                                                                                                        "Actual Startup Time": 0.058,
                                                                                                                        "Actual Total Time": 0.093,
                                                                                                                        "Actual Rows": 369,
                                                                                                                        "Actual Loops": 4,
                                                                                                                        "Recheck Cond": "(site.site_id = site_id)",
                                                                                                                        "Rows Removed by Index Recheck": 0,
                                                                                                                        "Exact Heap Blocks": 4,
                                                                                                                        "Lossy Heap Blocks": 0,
                                                                                                                        "Workers": [],
                                                                                                                        "Plans": [
                                                                                                                            {
                                                                                                                                "Node Type": "Bitmap Index Scan",
                                                                                                                                "Parent Relationship": "Outer",
                                                                                                                                "Parallel Aware": false,
                                                                                                                                "Async Capable": false,
                                                                                                                                "Index Name": "post_link_pkey",
                                                                                                                                "Startup Cost": 0.0,
                                                                                                                                "Total Cost": 327.24,
                                                                                                                                "Plan Rows": 14241,
                                                                                                                                "Plan Width": 0,
                                                                                                                                "Actual Startup Time": 0.048,
                                                                                                                                "Actual Total Time": 0.049,
                                                                                                                                "Actual Rows": 369,
                                                                                                                                "Actual Loops": 4,
                                                                                                                                "Index Cond": "(site_id = site.site_id)",
                                                                                                                                "Workers": []
                                                                                                                            }
                                                                                                                        ]
                                                                                                                    }
                                                                                                                ]
                                                                                                            }
                                                                                                        ]
                                                                                                    }
                                                                                                ]
                                                                                            },
                                                                                            {
                                                                                                "Node Type": "Bitmap Heap Scan",
                                                                                                "Parent Relationship": "Inner",
                                                                                                "Parallel Aware": false,
                                                                                                "Async Capable": false,
                                                                                                "Relation Name": "question",
                                                                                                "Alias": "q1",
                                                                                                "Startup Cost": 4.29,
                                                                                                "Total Cost": 8.3,
                                                                                                "Plan Rows": 1,
                                                                                                "Plan Width": 12,
                                                                                                "Actual Startup Time": 0.007,
                                                                                                "Actual Total Time": 0.007,
                                                                                                "Actual Rows": 1,
                                                                                                "Actual Loops": 93,
                                                                                                "Recheck Cond": "((pl1.post_id_from = id) AND (pl1.site_id = site_id))",
                                                                                                "Rows Removed by Index Recheck": 0,
                                                                                                "Exact Heap Blocks": 0,
                                                                                                "Lossy Heap Blocks": 0,
                                                                                                "Workers": [],
                                                                                                "Plans": [
                                                                                                    {
                                                                                                        "Node Type": "Bitmap Index Scan",
                                                                                                        "Parent Relationship": "Outer",
                                                                                                        "Parallel Aware": false,
                                                                                                        "Async Capable": false,
                                                                                                        "Index Name": "question_pkey",
                                                                                                        "Startup Cost": 0.0,
                                                                                                        "Total Cost": 4.29,
                                                                                                        "Plan Rows": 1,
                                                                                                        "Plan Width": 0,
                                                                                                        "Actual Startup Time": 0.005,
                                                                                                        "Actual Total Time": 0.005,
                                                                                                        "Actual Rows": 1,
                                                                                                        "Actual Loops": 93,
                                                                                                        "Index Cond": "((id = pl1.post_id_from) AND (site_id = pl1.site_id))",
                                                                                                        "Workers": []
                                                                                                    }
                                                                                                ]
                                                                                            }
                                                                                        ]
                                                                                    },
                                                                                    {
                                                                                        "Node Type": "Bitmap Heap Scan",
                                                                                        "Parent Relationship": "Inner",
                                                                                        "Parallel Aware": false,
                                                                                        "Async Capable": false,
                                                                                        "Relation Name": "question",
                                                                                        "Alias": "q3",
                                                                                        "Startup Cost": 4.29,
                                                                                        "Total Cost": 8.3,
                                                                                        "Plan Rows": 1,
                                                                                        "Plan Width": 12,
                                                                                        "Actual Startup Time": 0.005,
                                                                                        "Actual Total Time": 0.005,
                                                                                        "Actual Rows": 1,
                                                                                        "Actual Loops": 93,
                                                                                        "Recheck Cond": "((pl2.post_id_to = id) AND (pl2.site_id = site_id))",
                                                                                        "Rows Removed by Index Recheck": 0,
                                                                                        "Exact Heap Blocks": 0,
                                                                                        "Lossy Heap Blocks": 0,
                                                                                        "Workers": [],
                                                                                        "Plans": [
                                                                                            {
                                                                                                "Node Type": "Bitmap Index Scan",
                                                                                                "Parent Relationship": "Outer",
                                                                                                "Parallel Aware": false,
                                                                                                "Async Capable": false,
                                                                                                "Index Name": "question_pkey",
                                                                                                "Startup Cost": 0.0,
                                                                                                "Total Cost": 4.29,
                                                                                                "Plan Rows": 1,
                                                                                                "Plan Width": 0,
                                                                                                "Actual Startup Time": 0.004,
                                                                                                "Actual Total Time": 0.004,
                                                                                                "Actual Rows": 1,
                                                                                                "Actual Loops": 93,
                                                                                                "Index Cond": "((id = pl2.post_id_to) AND (site_id = pl2.site_id))",
                                                                                                "Workers": []
                                                                                            }
                                                                                        ]
                                                                                    }
                                                                                ]
                                                                            },
                                                                            {
                                                                                "Node Type": "Bitmap Heap Scan",
                                                                                "Parent Relationship": "Inner",
                                                                                "Parallel Aware": false,
                                                                                "Async Capable": false,
                                                                                "Relation Name": "question",
                                                                                "Alias": "q2",
                                                                                "Startup Cost": 4.29,
                                                                                "Total Cost": 8.3,
                                                                                "Plan Rows": 1,
                                                                                "Plan Width": 8,
                                                                                "Actual Startup Time": 0.007,
                                                                                "Actual Total Time": 0.007,
                                                                                "Actual Rows": 1,
                                                                                "Actual Loops": 20,
                                                                                "Recheck Cond": "((pl1.post_id_to = id) AND (pl1.site_id = site_id))",
                                                                                "Rows Removed by Index Recheck": 0,
                                                                                "Exact Heap Blocks": 0,
                                                                                "Lossy Heap Blocks": 0,
                                                                                "Workers": [],
                                                                                "Plans": [
                                                                                    {
                                                                                        "Node Type": "Bitmap Index Scan",
                                                                                        "Parent Relationship": "Outer",
                                                                                        "Parallel Aware": false,
                                                                                        "Async Capable": false,
                                                                                        "Index Name": "question_pkey",
                                                                                        "Startup Cost": 0.0,
                                                                                        "Total Cost": 4.29,
                                                                                        "Plan Rows": 1,
                                                                                        "Plan Width": 0,
                                                                                        "Actual Startup Time": 0.003,
                                                                                        "Actual Total Time": 0.003,
                                                                                        "Actual Rows": 1,
                                                                                        "Actual Loops": 20,
                                                                                        "Index Cond": "((id = pl1.post_id_to) AND (site_id = pl1.site_id))",
                                                                                        "Workers": []
                                                                                    }
                                                                                ]
                                                                            }
                                                                        ]
                                                                    },
                                                                    {
                                                                        "Node Type": "Bitmap Heap Scan",
                                                                        "Parent Relationship": "Inner",
                                                                        "Parallel Aware": false,
                                                                        "Async Capable": false,
                                                                        "Relation Name": "comment",
                                                                        "Alias": "comment",
                                                                        "Startup Cost": 4.42,
                                                                        "Total Cost": 8.44,
                                                                        "Plan Rows": 1,
                                                                        "Plan Width": 8,
                                                                        "Actual Startup Time": 0.007,
                                                                        "Actual Total Time": 0.008,
                                                                        "Actual Rows": 1,
                                                                        "Actual Loops": 20,
                                                                        "Recheck Cond": "((q3.site_id = site_id) AND (q3.id = post_id))",
                                                                        "Rows Removed by Index Recheck": 0,
                                                                        "Exact Heap Blocks": 0,
                                                                        "Lossy Heap Blocks": 0,
                                                                        "Workers": [],
                                                                        "Plans": [
                                                                            {
                                                                                "Node Type": "Bitmap Index Scan",
                                                                                "Parent Relationship": "Outer",
                                                                                "Parallel Aware": false,
                                                                                "Async Capable": false,
                                                                                "Index Name": "comment_site_id_post_id_idx",
                                                                                "Startup Cost": 0.0,
                                                                                "Total Cost": 4.42,
                                                                                "Plan Rows": 1,
                                                                                "Plan Width": 0,
                                                                                "Actual Startup Time": 0.005,
                                                                                "Actual Total Time": 0.005,
                                                                                "Actual Rows": 2,
                                                                                "Actual Loops": 20,
                                                                                "Index Cond": "((site_id = q3.site_id) AND (post_id = q3.id))",
                                                                                "Workers": []
                                                                            }
                                                                        ]
                                                                    }
                                                                ]
                                                            },
                                                            {
                                                                "Node Type": "Bitmap Heap Scan",
                                                                "Parent Relationship": "Inner",
                                                                "Parallel Aware": false,
                                                                "Async Capable": false,
                                                                "Relation Name": "comment",
                                                                "Alias": "comment_1",
                                                                "Startup Cost": 4.42,
                                                                "Total Cost": 8.44,
                                                                "Plan Rows": 1,
                                                                "Plan Width": 8,
                                                                "Actual Startup Time": 0.005,
                                                                "Actual Total Time": 0.005,
                                                                "Actual Rows": 1,
                                                                "Actual Loops": 16,
                                                                "Recheck Cond": "((q2.site_id = site_id) AND (q2.id = post_id))",
                                                                "Rows Removed by Index Recheck": 0,
                                                                "Exact Heap Blocks": 0,
                                                                "Lossy Heap Blocks": 0,
                                                                "Workers": [],
                                                                "Plans": [
                                                                    {
                                                                        "Node Type": "Bitmap Index Scan",
                                                                        "Parent Relationship": "Outer",
                                                                        "Parallel Aware": false,
                                                                        "Async Capable": false,
                                                                        "Index Name": "comment_site_id_post_id_idx",
                                                                        "Startup Cost": 0.0,
                                                                        "Total Cost": 4.42,
                                                                        "Plan Rows": 1,
                                                                        "Plan Width": 0,
                                                                        "Actual Startup Time": 0.003,
                                                                        "Actual Total Time": 0.003,
                                                                        "Actual Rows": 2,
                                                                        "Actual Loops": 16,
                                                                        "Index Cond": "((site_id = q2.site_id) AND (post_id = q2.id))",
                                                                        "Workers": []
                                                                    }
                                                                ]
                                                            }
                                                        ]
                                                    },
                                                    {
                                                        "Node Type": "Bitmap Heap Scan",
                                                        "Parent Relationship": "Inner",
                                                        "Parallel Aware": false,
                                                        "Async Capable": false,
                                                        "Relation Name": "comment",
                                                        "Alias": "comment_2",
                                                        "Startup Cost": 4.42,
                                                        "Total Cost": 8.44,
                                                        "Plan Rows": 1,
                                                        "Plan Width": 8,
                                                        "Actual Startup Time": 0.007,
                                                        "Actual Total Time": 0.007,
                                                        "Actual Rows": 1,
                                                        "Actual Loops": 10,
                                                        "Recheck Cond": "((q1.site_id = site_id) AND (q1.id = post_id))",
                                                        "Rows Removed by Index Recheck": 0,
                                                        "Exact Heap Blocks": 0,
                                                        "Lossy Heap Blocks": 0,
                                                        "Workers": [],
                                                        "Plans": [
                                                            {
                                                                "Node Type": "Bitmap Index Scan",
                                                                "Parent Relationship": "Outer",
                                                                "Parallel Aware": false,
                                                                "Async Capable": false,
                                                                "Index Name": "comment_site_id_post_id_idx",
                                                                "Startup Cost": 0.0,
                                                                "Total Cost": 4.42,
                                                                "Plan Rows": 1,
                                                                "Plan Width": 0,
                                                                "Actual Startup Time": 0.004,
                                                                "Actual Total Time": 0.004,
                                                                "Actual Rows": 4,
                                                                "Actual Loops": 10,
                                                                "Index Cond": "((site_id = q1.site_id) AND (post_id = q1.id))",
                                                                "Workers": []
                                                            }
                                                        ]
                                                    }
                                                ]
                                            }
                                        ]
                                    }
                                ]
                            }
                        ]
                    },
                    "Planning Time": 63.04,
                    "Triggers": [],
                    "Execution Time": 62.226
                }
            ],
            "hints": [
                "SET enable_hashjoin TO on",
                "SET enable_indexonlyscan TO on",
                "SET enable_indexscan TO off",
                "SET enable_mergejoin TO off",
                "SET enable_nestloop TO on",
                "SET enable_seqscan TO on"
            ]
        },
        {
            "arm": 3,
            "execution_time": 12660.892,
            "plan": [
                {
                    "Plan": {
                        "Node Type": "Aggregate",
                        "Strategy": "Plain",
                        "Partial Mode": "Simple",
                        "Parallel Aware": false,
                        "Async Capable": false,
                        "Startup Cost": 14747284.89,
                        "Total Cost": 14747284.9,
                        "Plan Rows": 1,
                        "Plan Width": 8,
                        "Actual Startup Time": 11618.731,
                        "Actual Total Time": 12660.836,
                        "Actual Rows": 1,
                        "Actual Loops": 1,
                        "Plans": [
                            {
                                "Node Type": "Gather Merge",
                                "Parent Relationship": "Outer",
                                "Parallel Aware": false,
                                "Async Capable": false,
                                "Startup Cost": 14747278.37,
                                "Total Cost": 14747284.76,
                                "Plan Rows": 52,
                                "Plan Width": 4,
                                "Actual Startup Time": 11618.723,
                                "Actual Total Time": 12660.828,
                                "Actual Rows": 8,
                                "Actual Loops": 1,
                                "Workers Planned": 7,
                                "Workers Launched": 7,
                                "Plans": [
                                    {
                                        "Node Type": "Sort",
                                        "Parent Relationship": "Outer",
                                        "Parallel Aware": false,
                                        "Async Capable": false,
                                        "Startup Cost": 14746278.25,
                                        "Total Cost": 14746278.27,
                                        "Plan Rows": 7,
                                        "Plan Width": 4,
                                        "Actual Startup Time": 11615.729,
                                        "Actual Total Time": 11615.811,
                                        "Actual Rows": 1,
                                        "Actual Loops": 8,
                                        "Sort Key": [
                                            "q1.id"
                                        ],
                                        "Sort Method": "quicksort",
                                        "Sort Space Used": 25,
                                        "Sort Space Type": "Memory",
                                        "Workers": [
                                            {
                                                "Worker Number": 0,
                                                "Sort Method": "quicksort",
                                                "Sort Space Used": 25,
                                                "Sort Space Type": "Memory"
                                            },
                                            {
                                                "Worker Number": 1,
                                                "Sort Method": "quicksort",
                                                "Sort Space Used": 25,
                                                "Sort Space Type": "Memory"
                                            },
                                            {
                                                "Worker Number": 2,
                                                "Sort Method": "quicksort",
                                                "Sort Space Used": 25,
                                                "Sort Space Type": "Memory"
                                            },
                                            {
                                                "Worker Number": 3,
                                                "Sort Method": "quicksort",
                                                "Sort Space Used": 25,
                                                "Sort Space Type": "Memory"
                                            },
                                            {
                                                "Worker Number": 4,
                                                "Sort Method": "quicksort",
                                                "Sort Space Used": 25,
                                                "Sort Space Type": "Memory"
                                            },
                                            {
                                                "Worker Number": 5,
                                                "Sort Method": "quicksort",
                                                "Sort Space Used": 25,
                                                "Sort Space Type": "Memory"
                                            },
                                            {
                                                "Worker Number": 6,
                                                "Sort Method": "quicksort",
                                                "Sort Space Used": 25,
                                                "Sort Space Type": "Memory"
                                            }
                                        ],
                                        "Plans": [
                                            {
                                                "Node Type": "Hash Join",
                                                "Parent Relationship": "Outer",
                                                "Parallel Aware": true,
                                                "Async Capable": false,
                                                "Join Type": "Semi",
                                                "Startup Cost": 12898836.45,
                                                "Total Cost": 14746278.16,
                                                "Plan Rows": 7,
                                                "Plan Width": 4,
                                                "Actual Startup Time": 11309.364,
                                                "Actual Total Time": 11615.729,
                                                "Actual Rows": 1,
                                                "Actual Loops": 8,
                                                "Inner Unique": false,
                                                "Hash Cond": "((q1.site_id = comment_2.site_id) AND (pl1.post_id_from = comment_2.post_id))",
                                                "Workers": [],
                                                "Plans": [
                                                    {
                                                        "Node Type": "Hash Join",
                                                        "Parent Relationship": "Outer",
                                                        "Parallel Aware": true,
                                                        "Async Capable": false,
                                                        "Join Type": "Semi",
                                                        "Startup Cost": 9745093.63,
                                                        "Total Cost": 11541998.21,
                                                        "Plan Rows": 7,
                                                        "Plan Width": 40,
                                                        "Actual Startup Time": 7993.258,
                                                        "Actual Total Time": 8249.038,
                                                        "Actual Rows": 1,
                                                        "Actual Loops": 8,
                                                        "Inner Unique": false,
                                                        "Hash Cond": "((q1.site_id = comment_1.site_id) AND (pl1.post_id_to = comment_1.post_id))",
                                                        "Workers": [],
                                                        "Plans": [
                                                            {
                                                                "Node Type": "Hash Join",
                                                                "Parent Relationship": "Outer",
                                                                "Parallel Aware": true,
                                                                "Async Capable": false,
                                                                "Join Type": "Semi",
                                                                "Startup Cost": 6591350.8,
                                                                "Total Cost": 8337707.71,
                                                                "Plan Rows": 7,
                                                                "Plan Width": 48,
                                                                "Actual Startup Time": 4705.508,
                                                                "Actual Total Time": 4927.781,
                                                                "Actual Rows": 2,
                                                                "Actual Loops": 8,
                                                                "Inner Unique": false,
                                                                "Hash Cond": "((q1.site_id = comment.site_id) AND (pl2.post_id_to = comment.post_id))",
                                                                "Workers": [],
                                                                "Plans": [
                                                                    {
                                                                        "Node Type": "Hash Join",
                                                                        "Parent Relationship": "Outer",
                                                                        "Parallel Aware": true,
                                                                        "Async Capable": false,
                                                                        "Join Type": "Inner",
                                                                        "Startup Cost": 3437607.98,
                                                                        "Total Cost": 5133417.21,
                                                                        "Plan Rows": 7,
                                                                        "Plan Width": 52,
                                                                        "Actual Startup Time": 1655.93,
                                                                        "Actual Total Time": 1658.997,
                                                                        "Actual Rows": 2,
                                                                        "Actual Loops": 8,
                                                                        "Inner Unique": false,
                                                                        "Hash Cond": "((q2.site_id = q1.site_id) AND (q2.id = pl1.post_id_to))",
                                                                        "Workers": [],
                                                                        "Plans": [
                                                                            {
                                                                                "Node Type": "Seq Scan",
                                                                                "Parent Relationship": "Outer",
                                                                                "Parallel Aware": true,
                                                                                "Async Capable": false,
                                                                                "Relation Name": "question",
                                                                                "Alias": "q2",
                                                                                "Startup Cost": 0.0,
                                                                                "Total Cost": 1682252.12,
                                                                                "Plan Rows": 1807612,
                                                                                "Plan Width": 8,
                                                                                "Actual Startup Time": 0.006,
                                                                                "Actual Total Time": 442.241,
                                                                                "Actual Rows": 1583305,
                                                                                "Actual Loops": 8,
                                                                                "Workers": []
                                                                            },
                                                                            {
                                                                                "Node Type": "Hash",
                                                                                "Parent Relationship": "Inner",
                                                                                "Parallel Aware": true,
                                                                                "Async Capable": false,
                                                                                "Startup Cost": 3437607.87,
                                                                                "Total Cost": 3437607.87,
                                                                                "Plan Rows": 7,
                                                                                "Plan Width": 44,
                                                                                "Actual Startup Time": 1123.68,
                                                                                "Actual Total Time": 1123.688,
                                                                                "Actual Rows": 2,
                                                                                "Actual Loops": 8,
                                                                                "Hash Buckets": 1024,
                                                                                "Original Hash Buckets": 1024,
                                                                                "Hash Batches": 1,
                                                                                "Original Hash Batches": 1,
                                                                                "Peak Memory Usage": 72,
                                                                                "Workers": [],
                                                                                "Plans": [
                                                                                    {
                                                                                        "Node Type": "Hash Join",
                                                                                        "Parent Relationship": "Outer",
                                                                                        "Parallel Aware": true,
                                                                                        "Async Capable": false,
                                                                                        "Join Type": "Inner",
                                                                                        "Startup Cost": 1741798.65,
                                                                                        "Total Cost": 3437607.87,
                                                                                        "Plan Rows": 7,
                                                                                        "Plan Width": 44,
                                                                                        "Actual Startup Time": 1120.48,
                                                                                        "Actual Total Time": 1123.654,
                                                                                        "Actual Rows": 2,
                                                                                        "Actual Loops": 8,
                                                                                        "Inner Unique": false,
                                                                                        "Hash Cond": "((q1.site_id = site.site_id) AND (q1.id = pl1.post_id_from))",
                                                                                        "Join Filter": "(q1.score > q3.score)",
                                                                                        "Rows Removed by Join Filter": 9,
                                                                                        "Workers": [],
                                                                                        "Plans": [
                                                                                            {
                                                                                                "Node Type": "Seq Scan",
                                                                                                "Parent Relationship": "Outer",
                                                                                                "Parallel Aware": true,
                                                                                                "Async Capable": false,
                                                                                                "Relation Name": "question",
                                                                                                "Alias": "q1",
                                                                                                "Startup Cost": 0.0,
                                                                                                "Total Cost": 1682252.12,
                                                                                                "Plan Rows": 1807612,
                                                                                                "Plan Width": 12,
                                                                                                "Actual Startup Time": 0.007,
                                                                                                "Actual Total Time": 442.813,
                                                                                                "Actual Rows": 1583305,
                                                                                                "Actual Loops": 8,
                                                                                                "Workers": []
                                                                                            },
                                                                                            {
                                                                                                "Node Type": "Hash",
                                                                                                "Parent Relationship": "Inner",
                                                                                                "Parallel Aware": true,
                                                                                                "Async Capable": false,
                                                                                                "Startup Cost": 1741797.9,
                                                                                                "Total Cost": 1741797.9,
                                                                                                "Plan Rows": 50,
                                                                                                "Plan Width": 40,
                                                                                                "Actual Startup Time": 585.534,
                                                                                                "Actual Total Time": 585.54,
                                                                                                "Actual Rows": 12,
                                                                                                "Actual Loops": 8,
                                                                                                "Hash Buckets": 1024,
                                                                                                "Original Hash Buckets": 1024,
                                                                                                "Hash Batches": 1,
                                                                                                "Original Hash Batches": 1,
                                                                                                "Peak Memory Usage": 72,
                                                                                                "Workers": [],
                                                                                                "Plans": [
                                                                                                    {
                                                                                                        "Node Type": "Hash Join",
                                                                                                        "Parent Relationship": "Outer",
                                                                                                        "Parallel Aware": true,
                                                                                                        "Async Capable": false,
                                                                                                        "Join Type": "Inner",
                                                                                                        "Startup Cost": 1714567.21,
                                                                                                        "Total Cost": 1741797.9,
                                                                                                        "Plan Rows": 50,
                                                                                                        "Plan Width": 40,
                                                                                                        "Actual Startup Time": 579.995,
                                                                                                        "Actual Total Time": 585.507,
                                                                                                        "Actual Rows": 12,
                                                                                                        "Actual Loops": 8,
                                                                                                        "Inner Unique": false,
                                                                                                        "Hash Cond": "((pl1.site_id = site.site_id) AND (pl1.post_id_to = pl2.post_id_from))",
                                                                                                        "Workers": [],
                                                                                                        "Plans": [
                                                                                                            {
                                                                                                                "Node Type": "Seq Scan",
                                                                                                                "Parent Relationship": "Outer",
                                                                                                                "Parallel Aware": true,
                                                                                                                "Async Capable": false,
                                                                                                                "Relation Name": "post_link",
                                                                                                                "Alias": "pl1",
                                                                                                                "Startup Cost": 0.0,
                                                                                                                "Total Cost": 21752.3,
                                                                                                                "Plan Rows": 730430,
                                                                                                                "Plan Width": 12,
                                                                                                                "Actual Startup Time": 0.004,
                                                                                                                "Actual Total Time": 12.893,
                                                                                                                "Actual Rows": 283042,
                                                                                                                "Actual Loops": 8,
                                                                                                                "Workers": []
                                                                                                            },
                                                                                                            {
                                                                                                                "Node Type": "Hash",
                                                                                                                "Parent Relationship": "Inner",
                                                                                                                "Parallel Aware": true,
                                                                                                                "Async Capable": false,
                                                                                                                "Startup Cost": 1714503.88,
                                                                                                                "Total Cost": 1714503.88,
                                                                                                                "Plan Rows": 4222,
                                                                                                                "Plan Width": 28,
                                                                                                                "Actual Startup Time": 558.589,
                                                                                                                "Actual Total Time": 558.593,
                                                                                                                "Actual Rows": 46,
                                                                                                                "Actual Loops": 8,
                                                                                                                "Hash Buckets": 16384,
                                                                                                                "Original Hash Buckets": 16384,
                                                                                                                "Hash Batches": 1,
                                                                                                                "Original Hash Batches": 1,
                                                                                                                "Peak Memory Usage": 192,
                                                                                                                "Workers": [],
                                                                                                                "Plans": [
                                                                                                                    {
                                                                                                                        "Node Type": "Hash Join",
                                                                                                                        "Parent Relationship": "Outer",
                                                                                                                        "Parallel Aware": true,
                                                                                                                        "Async Capable": false,
                                                                                                                        "Join Type": "Inner",
                                                                                                                        "Startup Cost": 1687273.26,
                                                                                                                        "Total Cost": 1714503.88,
                                                                                                                        "Plan Rows": 4222,
                                                                                                                        "Plan Width": 28,
                                                                                                                        "Actual Startup Time": 552.619,
                                                                                                                        "Actual Total Time": 558.538,
                                                                                                                        "Actual Rows": 46,
                                                                                                                        "Actual Loops": 8,
                                                                                                                        "Inner Unique": false,
                                                                                                                        "Hash Cond": "((pl2.site_id = site.site_id) AND (pl2.post_id_to = q3.id))",
                                                                                                                        "Workers": [],
                                                                                                                        "Plans": [
                                                                                                                            {
                                                                                                                                "Node Type": "Seq Scan",
                                                                                                                                "Parent Relationship": "Outer",
                                                                                                                                "Parallel Aware": true,
                                                                                                                                "Async Capable": false,
                                                                                                                                "Relation Name": "post_link",
                                                                                                                                "Alias": "pl2",
                                                                                                                                "Startup Cost": 0.0,
                                                                                                                                "Total Cost": 21752.3,
                                                                                                                                "Plan Rows": 730430,
                                                                                                                                "Plan Width": 12,
                                                                                                                                "Actual Startup Time": 0.008,
                                                                                                                                "Actual Total Time": 14.047,
                                                                                                                                "Actual Rows": 283042,
                                                                                                                                "Actual Loops": 8,
                                                                                                                                "Workers": []
                                                                                                                            },
                                                                                                                            {
                                                                                                                                "Node Type": "Hash",
                                                                                                                                "Parent Relationship": "Inner",
                                                                                                                                "Parallel Aware": true,
                                                                                                                                "Async Capable": false,
                                                                                                                                "Startup Cost": 1687116.52,
                                                                                                                                "Total Cost": 1687116.52,
                                                                                                                                "Plan Rows": 10449,
                                                                                                                                "Plan Width": 16,
                                                                                                                                "Actual Startup Time": 529.096,
                                                                                                                                "Actual Total Time": 529.099,
                                                                                                                                "Actual Rows": 366,
                                                                                                                                "Actual Loops": 8,
                                                                                                                                "Hash Buckets": 131072,
                                                                                                                                "Original Hash Buckets": 131072,
                                                                                                                                "Hash Batches": 1,
                                                                                                                                "Original Hash Batches": 1,
                                                                                                                                "Peak Memory Usage": 1248,
                                                                                                                                "Workers": [],
                                                                                                                                "Plans": [
                                                                                                                                    {
                                                                                                                                        "Node Type": "Hash Join",
                                                                                                                                        "Parent Relationship": "Outer",
                                                                                                                                        "Parallel Aware": false,
                                                                                                                                        "Async Capable": false,
                                                                                                                                        "Join Type": "Inner",
                                                                                                                                        "Startup Cost": 3.18,
                                                                                                                                        "Total Cost": 1687116.52,
                                                                                                                                        "Plan Rows": 10449,
                                                                                                                                        "Plan Width": 16,
                                                                                                                                        "Actual Startup Time": 521.616,
                                                                                                                                        "Actual Total Time": 528.647,
                                                                                                                                        "Actual Rows": 366,
                                                                                                                                        "Actual Loops": 8,
                                                                                                                                        "Inner Unique": true,
                                                                                                                                        "Hash Cond": "(q3.site_id = site.site_id)",
                                                                                                                                        "Workers": [],
                                                                                                                                        "Plans": [
                                                                                                                                            {
                                                                                                                                                "Node Type": "Seq Scan",
                                                                                                                                                "Parent Relationship": "Outer",
                                                                                                                                                "Parallel Aware": true,
                                                                                                                                                "Async Capable": false,
                                                                                                                                                "Relation Name": "question",
                                                                                                                                                "Alias": "q3",
                                                                                                                                                "Startup Cost": 0.0,
                                                                                                                                                "Total Cost": 1682252.12,
                                                                                                                                                "Plan Rows": 1807612,
                                                                                                                                                "Plan Width": 12,
                                                                                                                                                "Actual Startup Time": 0.024,
                                                                                                                                                "Actual Total Time": 449.847,
                                                                                                                                                "Actual Rows": 1583305,
                                                                                                                                                "Actual Loops": 8,
                                                                                                                                                "Workers": []
                                                                                                                                            },
                                                                                                                                            {
                                                                                                                                                "Node Type": "Hash",
                                                                                                                                                "Parent Relationship": "Inner",
                                                                                                                                                "Parallel Aware": false,
                                                                                                                                                "Async Capable": false,
                                                                                                                                                "Startup Cost": 3.16,
                                                                                                                                                "Total Cost": 3.16,
                                                                                                                                                "Plan Rows": 1,
                                                                                                                                                "Plan Width": 4,
                                                                                                                                                "Actual Startup Time": 0.027,
                                                                                                                                                "Actual Total Time": 0.028,
                                                                                                                                                "Actual Rows": 1,
                                                                                                                                                "Actual Loops": 8,
                                                                                                                                                "Hash Buckets": 1024,
                                                                                                                                                "Original Hash Buckets": 1024,
                                                                                                                                                "Hash Batches": 1,
                                                                                                                                                "Original Hash Batches": 1,
                                                                                                                                                "Peak Memory Usage": 9,
                                                                                                                                                "Workers": [],
                                                                                                                                                "Plans": [
                                                                                                                                                    {
                                                                                                                                                        "Node Type": "Seq Scan",
                                                                                                                                                        "Parent Relationship": "Outer",
                                                                                                                                                        "Parallel Aware": false,
                                                                                                                                                        "Async Capable": false,
                                                                                                                                                        "Relation Name": "site",
                                                                                                                                                        "Alias": "site",
                                                                                                                                                        "Startup Cost": 0.0,
                                                                                                                                                        "Total Cost": 3.16,
                                                                                                                                                        "Plan Rows": 1,
                                                                                                                                                        "Plan Width": 4,
                                                                                                                                                        "Actual Startup Time": 0.023,
                                                                                                                                                        "Actual Total Time": 0.025,
                                                                                                                                                        "Actual Rows": 1,
                                                                                                                                                        "Actual Loops": 8,
                                                                                                                                                        "Filter": "((site_name)::text = 'pm'::text)",
                                                                                                                                                        "Rows Removed by Filter": 172,
                                                                                                                                                        "Workers": []
                                                                                                                                                    }
                                                                                                                                                ]
                                                                                                                                            }
                                                                                                                                        ]
                                                                                                                                    }
                                                                                                                                ]
                                                                                                                            }
                                                                                                                        ]
                                                                                                                    }
                                                                                                                ]
                                                                                                            }
                                                                                                        ]
                                                                                                    }
                                                                                                ]
                                                                                            }
                                                                                        ]
                                                                                    }
                                                                                ]
                                                                            }
                                                                        ]
                                                                    },
                                                                    {
                                                                        "Node Type": "Hash",
                                                                        "Parent Relationship": "Inner",
                                                                        "Parallel Aware": true,
                                                                        "Async Capable": false,
                                                                        "Startup Cost": 2909153.53,
                                                                        "Total Cost": 2909153.53,
                                                                        "Plan Rows": 12936953,
                                                                        "Plan Width": 8,
                                                                        "Actual Startup Time": 2573.221,
                                                                        "Actual Total Time": 2573.221,
                                                                        "Actual Rows": 12932495,
                                                                        "Actual Loops": 8,
                                                                        "Hash Buckets": 524288,
                                                                        "Original Hash Buckets": 524288,
                                                                        "Hash Batches": 512,
                                                                        "Original Hash Batches": 512,
                                                                        "Peak Memory Usage": 12192,
                                                                        "Workers": [],
                                                                        "Plans": [
                                                                            {
                                                                                "Node Type": "Seq Scan",
                                                                                "Parent Relationship": "Outer",
                                                                                "Parallel Aware": true,
                                                                                "Async Capable": false,
                                                                                "Relation Name": "comment",
                                                                                "Alias": "comment",
                                                                                "Startup Cost": 0.0,
                                                                                "Total Cost": 2909153.53,
                                                                                "Plan Rows": 12936953,
                                                                                "Plan Width": 8,
                                                                                "Actual Startup Time": 0.017,
                                                                                "Actual Total Time": 1260.14,
                                                                                "Actual Rows": 12932495,
                                                                                "Actual Loops": 8,
                                                                                "Workers": []
                                                                            }
                                                                        ]
                                                                    }
                                                                ]
                                                            },
                                                            {
                                                                "Node Type": "Hash",
                                                                "Parent Relationship": "Inner",
                                                                "Parallel Aware": true,
                                                                "Async Capable": false,
                                                                "Startup Cost": 2909153.53,
                                                                "Total Cost": 2909153.53,
                                                                "Plan Rows": 12936953,
                                                                "Plan Width": 8,
                                                                "Actual Startup Time": 2650.293,
                                                                "Actual Total Time": 2650.294,
                                                                "Actual Rows": 12932495,
                                                                "Actual Loops": 8,
                                                                "Hash Buckets": 524288,
                                                                "Original Hash Buckets": 524288,
                                                                "Hash Batches": 512,
                                                                "Original Hash Batches": 512,
                                                                "Peak Memory Usage": 12160,
                                                                "Workers": [],
                                                                "Plans": [
                                                                    {
                                                                        "Node Type": "Seq Scan",
                                                                        "Parent Relationship": "Outer",
                                                                        "Parallel Aware": true,
                                                                        "Async Capable": false,
                                                                        "Relation Name": "comment",
                                                                        "Alias": "comment_1",
                                                                        "Startup Cost": 0.0,
                                                                        "Total Cost": 2909153.53,
                                                                        "Plan Rows": 12936953,
                                                                        "Plan Width": 8,
                                                                        "Actual Startup Time": 0.019,
                                                                        "Actual Total Time": 1277.524,
                                                                        "Actual Rows": 12932495,
                                                                        "Actual Loops": 8,
                                                                        "Workers": []
                                                                    }
                                                                ]
                                                            }
                                                        ]
                                                    },
                                                    {
                                                        "Node Type": "Hash",
                                                        "Parent Relationship": "Inner",
                                                        "Parallel Aware": true,
                                                        "Async Capable": false,
                                                        "Startup Cost": 2909153.53,
                                                        "Total Cost": 2909153.53,
                                                        "Plan Rows": 12936953,
                                                        "Plan Width": 8,
                                                        "Actual Startup Time": 2691.487,
                                                        "Actual Total Time": 2691.488,
                                                        "Actual Rows": 12932495,
                                                        "Actual Loops": 8,
                                                        "Hash Buckets": 524288,
                                                        "Original Hash Buckets": 524288,
                                                        "Hash Batches": 512,
                                                        "Original Hash Batches": 512,
                                                        "Peak Memory Usage": 12224,
                                                        "Workers": [],
                                                        "Plans": [
                                                            {
                                                                "Node Type": "Seq Scan",
                                                                "Parent Relationship": "Outer",
                                                                "Parallel Aware": true,
                                                                "Async Capable": false,
                                                                "Relation Name": "comment",
                                                                "Alias": "comment_2",
                                                                "Startup Cost": 0.0,
                                                                "Total Cost": 2909153.53,
                                                                "Plan Rows": 12936953,
                                                                "Plan Width": 8,
                                                                "Actual Startup Time": 0.026,
                                                                "Actual Total Time": 1300.461,
                                                                "Actual Rows": 12932495,
                                                                "Actual Loops": 8,
                                                                "Workers": []
                                                            }
                                                        ]
                                                    }
                                                ]
                                            }
                                        ]
                                    }
                                ]
                            }
                        ]
                    },
                    "Planning Time": 65.445,
                    "Triggers": [],
                    "Execution Time": 12660.892
                }
            ],
            "hints": [
                "SET enable_hashjoin TO on",
                "SET enable_indexonlyscan TO on",
                "SET enable_indexscan TO off",
                "SET enable_mergejoin TO off",
                "SET enable_nestloop TO off",
                "SET enable_seqscan TO on"
            ]
        },
        {
            "arm": 4,
            "execution_time": 64.485,
            "plan": [
                {
                    "Plan": {
                        "Node Type": "Aggregate",
                        "Strategy": "Plain",
                        "Partial Mode": "Simple",
                        "Parallel Aware": false,
                        "Async Capable": false,
                        "Startup Cost": 44963.04,
                        "Total Cost": 44963.05,
                        "Plan Rows": 1,
                        "Plan Width": 8,
                        "Actual Startup Time": 60.356,
                        "Actual Total Time": 64.419,
                        "Actual Rows": 1,
                        "Actual Loops": 1,
                        "Plans": [
                            {
                                "Node Type": "Gather Merge",
                                "Parent Relationship": "Outer",
                                "Parallel Aware": false,
                                "Async Capable": false,
                                "Startup Cost": 44956.75,
                                "Total Cost": 44962.91,
                                "Plan Rows": 52,
                                "Plan Width": 4,
                                "Actual Startup Time": 60.349,
                                "Actual Total Time": 64.412,
                                "Actual Rows": 8,
                                "Actual Loops": 1,
                                "Workers Planned": 3,
                                "Workers Launched": 3,
                                "Plans": [
                                    {
                                        "Node Type": "Sort",
                                        "Parent Relationship": "Outer",
                                        "Parallel Aware": false,
                                        "Async Capable": false,
                                        "Startup Cost": 43956.71,
                                        "Total Cost": 43956.76,
                                        "Plan Rows": 17,
                                        "Plan Width": 4,
                                        "Actual Startup Time": 57.45,
                                        "Actual Total Time": 57.456,
                                        "Actual Rows": 2,
                                        "Actual Loops": 4,
                                        "Sort Key": [
                                            "q1.id"
                                        ],
                                        "Sort Method": "quicksort",
                                        "Sort Space Used": 25,
                                        "Sort Space Type": "Memory",
                                        "Workers": [
                                            {
                                                "Worker Number": 0,
                                                "Sort Method": "quicksort",
                                                "Sort Space Used": 25,
                                                "Sort Space Type": "Memory"
                                            },
                                            {
                                                "Worker Number": 1,
                                                "Sort Method": "quicksort",
                                                "Sort Space Used": 25,
                                                "Sort Space Type": "Memory"
                                            },
                                            {
                                                "Worker Number": 2,
                                                "Sort Method": "quicksort",
                                                "Sort Space Used": 25,
                                                "Sort Space Type": "Memory"
                                            }
                                        ],
                                        "Plans": [
                                            {
                                                "Node Type": "Nested Loop",
                                                "Parent Relationship": "Outer",
                                                "Parallel Aware": false,
                                                "Async Capable": false,
                                                "Join Type": "Semi",
                                                "Startup Cost": 15769.47,
                                                "Total Cost": 43956.37,
                                                "Plan Rows": 17,
                                                "Plan Width": 4,
                                                "Actual Startup Time": 34.493,
                                                "Actual Total Time": 57.434,
                                                "Actual Rows": 2,
                                                "Actual Loops": 4,
                                                "Inner Unique": false,
                                                "Join Filter": "(pl1.post_id_from = comment_2.post_id)",
                                                "Rows Removed by Join Filter": 0,
                                                "Workers": [],
                                                "Plans": [
                                                    {
                                                        "Node Type": "Nested Loop",
                                                        "Parent Relationship": "Outer",
                                                        "Parallel Aware": false,
                                                        "Async Capable": false,
                                                        "Join Type": "Semi",
                                                        "Startup Cost": 15768.9,
                                                        "Total Cost": 43933.1,
                                                        "Plan Rows": 17,
                                                        "Plan Width": 40,
                                                        "Actual Startup Time": 34.484,
                                                        "Actual Total Time": 57.414,
                                                        "Actual Rows": 2,
                                                        "Actual Loops": 4,
                                                        "Inner Unique": false,
                                                        "Join Filter": "((q1.site_id = comment_1.site_id) AND (pl1.post_id_to = comment_1.post_id))",
                                                        "Rows Removed by Join Filter": 0,
                                                        "Workers": [],
                                                        "Plans": [
                                                            {
                                                                "Node Type": "Nested Loop",
                                                                "Parent Relationship": "Outer",
                                                                "Parallel Aware": false,
                                                                "Async Capable": false,
                                                                "Join Type": "Semi",
                                                                "Startup Cost": 15768.34,
                                                                "Total Cost": 43909.83,
                                                                "Plan Rows": 17,
                                                                "Plan Width": 48,
                                                                "Actual Startup Time": 34.477,
                                                                "Actual Total Time": 57.393,
                                                                "Actual Rows": 4,
                                                                "Actual Loops": 4,
                                                                "Inner Unique": false,
                                                                "Join Filter": "((q1.site_id = comment.site_id) AND (pl2.post_id_to = comment.post_id))",
                                                                "Rows Removed by Join Filter": 0,
                                                                "Workers": [],
                                                                "Plans": [
                                                                    {
                                                                        "Node Type": "Nested Loop",
                                                                        "Parent Relationship": "Outer",
                                                                        "Parallel Aware": false,
                                                                        "Async Capable": false,
                                                                        "Join Type": "Inner",
                                                                        "Startup Cost": 15767.77,
                                                                        "Total Cost": 43886.57,
                                                                        "Plan Rows": 17,
                                                                        "Plan Width": 52,
                                                                        "Actual Startup Time": 34.456,
                                                                        "Actual Total Time": 57.347,
                                                                        "Actual Rows": 5,
                                                                        "Actual Loops": 4,
                                                                        "Inner Unique": true,
                                                                        "Join Filter": "(q1.site_id = q2.site_id)",
                                                                        "Rows Removed by Join Filter": 0,
                                                                        "Workers": [],
                                                                        "Plans": [
                                                                            {
                                                                                "Node Type": "Nested Loop",
                                                                                "Parent Relationship": "Outer",
                                                                                "Parallel Aware": false,
                                                                                "Async Capable": false,
                                                                                "Join Type": "Inner",
                                                                                "Startup Cost": 15767.33,
                                                                                "Total Cost": 43813.28,
                                                                                "Plan Rows": 17,
                                                                                "Plan Width": 44,
                                                                                "Actual Startup Time": 34.436,
                                                                                "Actual Total Time": 57.314,
                                                                                "Actual Rows": 5,
                                                                                "Actual Loops": 4,
                                                                                "Inner Unique": true,
                                                                                "Join Filter": "((q1.score > q3.score) AND (q1.site_id = q3.site_id))",
                                                                                "Rows Removed by Join Filter": 18,
                                                                                "Workers": [],
                                                                                "Plans": [
                                                                                    {
                                                                                        "Node Type": "Nested Loop",
                                                                                        "Parent Relationship": "Outer",
                                                                                        "Parallel Aware": false,
                                                                                        "Async Capable": false,
                                                                                        "Join Type": "Inner",
                                                                                        "Startup Cost": 15766.9,
                                                                                        "Total Cost": 43405.32,
                                                                                        "Plan Rows": 50,
                                                                                        "Plan Width": 40,
                                                                                        "Actual Startup Time": 34.397,
                                                                                        "Actual Total Time": 57.186,
                                                                                        "Actual Rows": 23,
                                                                                        "Actual Loops": 4,
                                                                                        "Inner Unique": true,
                                                                                        "Join Filter": "(site.site_id = q1.site_id)",
                                                                                        "Rows Removed by Join Filter": 0,
                                                                                        "Workers": [],
                                                                                        "Plans": [
                                                                                            {
                                                                                                "Node Type": "Hash Join",
                                                                                                "Parent Relationship": "Outer",
                                                                                                "Parallel Aware": false,
                                                                                                "Async Capable": false,
                                                                                                "Join Type": "Inner",
                                                                                                "Startup Cost": 15766.46,
                                                                                                "Total Cost": 42997.49,
                                                                                                "Plan Rows": 50,
                                                                                                "Plan Width": 28,
                                                                                                "Actual Startup Time": 34.372,
                                                                                                "Actual Total Time": 56.995,
                                                                                                "Actual Rows": 23,
                                                                                                "Actual Loops": 4,
                                                                                                "Inner Unique": false,
                                                                                                "Hash Cond": "((pl1.site_id = site.site_id) AND (pl1.post_id_to = pl2.post_id_from))",
                                                                                                "Workers": [],
                                                                                                "Plans": [
                                                                                                    {
                                                                                                        "Node Type": "Seq Scan",
                                                                                                        "Parent Relationship": "Outer",
                                                                                                        "Parallel Aware": true,
                                                                                                        "Async Capable": false,
                                                                                                        "Relation Name": "post_link",
                                                                                                        "Alias": "pl1",
                                                                                                        "Startup Cost": 0.0,
                                                                                                        "Total Cost": 21752.3,
                                                                                                        "Plan Rows": 730430,
                                                                                                        "Plan Width": 12,
                                                                                                        "Actual Startup Time": 0.011,
                                                                                                        "Actual Total Time": 27.676,
                                                                                                        "Actual Rows": 566083,
                                                                                                        "Actual Loops": 4,
                                                                                                        "Workers": []
                                                                                                    },
                                                                                                    {
                                                                                                        "Node Type": "Hash",
                                                                                                        "Parent Relationship": "Inner",
                                                                                                        "Parallel Aware": false,
                                                                                                        "Async Capable": false,
                                                                                                        "Startup Cost": 15570.13,
                                                                                                        "Total Cost": 15570.13,
                                                                                                        "Plan Rows": 13089,
                                                                                                        "Plan Width": 16,
                                                                                                        "Actual Startup Time": 0.209,
                                                                                                        "Actual Total Time": 0.211,
                                                                                                        "Actual Rows": 369,
                                                                                                        "Actual Loops": 4,
                                                                                                        "Hash Buckets": 16384,
                                                                                                        "Original Hash Buckets": 16384,
                                                                                                        "Hash Batches": 1,
                                                                                                        "Original Hash Batches": 1,
                                                                                                        "Peak Memory Usage": 146,
                                                                                                        "Workers": [],
                                                                                                        "Plans": [
                                                                                                            {
                                                                                                                "Node Type": "Nested Loop",
                                                                                                                "Parent Relationship": "Outer",
                                                                                                                "Parallel Aware": false,
                                                                                                                "Async Capable": false,
                                                                                                                "Join Type": "Inner",
                                                                                                                "Startup Cost": 330.94,
                                                                                                                "Total Cost": 15570.13,
                                                                                                                "Plan Rows": 13089,
                                                                                                                "Plan Width": 16,
                                                                                                                "Actual Startup Time": 0.097,
                                                                                                                "Actual Total Time": 0.167,
                                                                                                                "Actual Rows": 369,
                                                                                                                "Actual Loops": 4,
                                                                                                                "Inner Unique": false,
                                                                                                                "Workers": [],
                                                                                                                "Plans": [
                                                                                                                    {
                                                                                                                        "Node Type": "Index Scan",
                                                                                                                        "Parent Relationship": "Outer",
                                                                                                                        "Parallel Aware": false,
                                                                                                                        "Async Capable": false,
                                                                                                                        "Scan Direction": "Forward",
                                                                                                                        "Index Name": "site_pkey",
                                                                                                                        "Relation Name": "site",
                                                                                                                        "Alias": "site",
                                                                                                                        "Startup Cost": 0.14,
                                                                                                                        "Total Cost": 15.17,
                                                                                                                        "Plan Rows": 1,
                                                                                                                        "Plan Width": 4,
                                                                                                                        "Actual Startup Time": 0.04,
                                                                                                                        "Actual Total Time": 0.048,
                                                                                                                        "Actual Rows": 1,
                                                                                                                        "Actual Loops": 4,
                                                                                                                        "Filter": "((site_name)::text = 'pm'::text)",
                                                                                                                        "Rows Removed by Filter": 172,
                                                                                                                        "Workers": []
                                                                                                                    },
                                                                                                                    {
                                                                                                                        "Node Type": "Bitmap Heap Scan",
                                                                                                                        "Parent Relationship": "Inner",
                                                                                                                        "Parallel Aware": false,
                                                                                                                        "Async Capable": false,
                                                                                                                        "Relation Name": "post_link",
                                                                                                                        "Alias": "pl2",
                                                                                                                        "Startup Cost": 330.8,
                                                                                                                        "Total Cost": 15412.55,
                                                                                                                        "Plan Rows": 14241,
                                                                                                                        "Plan Width": 12,
                                                                                                                        "Actual Startup Time": 0.055,
                                                                                                                        "Actual Total Time": 0.093,
                                                                                                                        "Actual Rows": 369,
                                                                                                                        "Actual Loops": 4,
                                                                                                                        "Recheck Cond": "(site.site_id = site_id)",
                                                                                                                        "Rows Removed by Index Recheck": 0,
                                                                                                                        "Exact Heap Blocks": 4,
                                                                                                                        "Lossy Heap Blocks": 0,
                                                                                                                        "Workers": [],
                                                                                                                        "Plans": [
                                                                                                                            {
                                                                                                                                "Node Type": "Bitmap Index Scan",
                                                                                                                                "Parent Relationship": "Outer",
                                                                                                                                "Parallel Aware": false,
                                                                                                                                "Async Capable": false,
                                                                                                                                "Index Name": "post_link_pkey",
                                                                                                                                "Startup Cost": 0.0,
                                                                                                                                "Total Cost": 327.24,
                                                                                                                                "Plan Rows": 14241,
                                                                                                                                "Plan Width": 0,
                                                                                                                                "Actual Startup Time": 0.042,
                                                                                                                                "Actual Total Time": 0.042,
                                                                                                                                "Actual Rows": 369,
                                                                                                                                "Actual Loops": 4,
                                                                                                                                "Index Cond": "(site_id = site.site_id)",
                                                                                                                                "Workers": []
                                                                                                                            }
                                                                                                                        ]
                                                                                                                    }
                                                                                                                ]
                                                                                                            }
                                                                                                        ]
                                                                                                    }
                                                                                                ]
                                                                                            },
                                                                                            {
                                                                                                "Node Type": "Index Scan",
                                                                                                "Parent Relationship": "Inner",
                                                                                                "Parallel Aware": false,
                                                                                                "Async Capable": false,
                                                                                                "Scan Direction": "Forward",
                                                                                                "Index Name": "question_pkey",
                                                                                                "Relation Name": "question",
                                                                                                "Alias": "q1",
                                                                                                "Startup Cost": 0.43,
                                                                                                "Total Cost": 8.14,
                                                                                                "Plan Rows": 1,
                                                                                                "Plan Width": 12,
                                                                                                "Actual Startup Time": 0.008,
                                                                                                "Actual Total Time": 0.008,
                                                                                                "Actual Rows": 1,
                                                                                                "Actual Loops": 93,
                                                                                                "Index Cond": "((id = pl1.post_id_from) AND (site_id = pl1.site_id))",
                                                                                                "Rows Removed by Index Recheck": 0,
                                                                                                "Workers": []
                                                                                            }
                                                                                        ]
                                                                                    },
                                                                                    {
                                                                                        "Node Type": "Index Scan",
                                                                                        "Parent Relationship": "Inner",
                                                                                        "Parallel Aware": false,
                                                                                        "Async Capable": false,
                                                                                        "Scan Direction": "Forward",
                                                                                        "Index Name": "question_pkey",
                                                                                        "Relation Name": "question",
                                                                                        "Alias": "q3",
                                                                                        "Startup Cost": 0.43,
                                                                                        "Total Cost": 8.14,
                                                                                        "Plan Rows": 1,
                                                                                        "Plan Width": 12,
                                                                                        "Actual Startup Time": 0.005,
                                                                                        "Actual Total Time": 0.005,
                                                                                        "Actual Rows": 1,
                                                                                        "Actual Loops": 93,
                                                                                        "Index Cond": "((id = pl2.post_id_to) AND (site_id = pl2.site_id))",
                                                                                        "Rows Removed by Index Recheck": 0,
                                                                                        "Workers": []
                                                                                    }
                                                                                ]
                                                                            },
                                                                            {
                                                                                "Node Type": "Index Only Scan",
                                                                                "Parent Relationship": "Inner",
                                                                                "Parallel Aware": false,
                                                                                "Async Capable": false,
                                                                                "Scan Direction": "Forward",
                                                                                "Index Name": "question_pkey",
                                                                                "Relation Name": "question",
                                                                                "Alias": "q2",
                                                                                "Startup Cost": 0.43,
                                                                                "Total Cost": 4.3,
                                                                                "Plan Rows": 1,
                                                                                "Plan Width": 8,
                                                                                "Actual Startup Time": 0.006,
                                                                                "Actual Total Time": 0.006,
                                                                                "Actual Rows": 1,
                                                                                "Actual Loops": 20,
                                                                                "Index Cond": "((id = pl1.post_id_to) AND (site_id = pl1.site_id))",
                                                                                "Rows Removed by Index Recheck": 0,
                                                                                "Heap Fetches": 0,
                                                                                "Workers": []
                                                                            }
                                                                        ]
                                                                    },
                                                                    {
                                                                        "Node Type": "Index Only Scan",
                                                                        "Parent Relationship": "Inner",
                                                                        "Parallel Aware": false,
                                                                        "Async Capable": false,
                                                                        "Scan Direction": "Forward",
                                                                        "Index Name": "comment_site_id_post_id_idx",
                                                                        "Relation Name": "comment",
                                                                        "Alias": "comment",
                                                                        "Startup Cost": 0.57,
                                                                        "Total Cost": 8.28,
                                                                        "Plan Rows": 1,
                                                                        "Plan Width": 8,
                                                                        "Actual Startup Time": 0.008,
                                                                        "Actual Total Time": 0.008,
                                                                        "Actual Rows": 1,
                                                                        "Actual Loops": 20,
                                                                        "Index Cond": "((site_id = q3.site_id) AND (post_id = q3.id))",
                                                                        "Rows Removed by Index Recheck": 0,
                                                                        "Heap Fetches": 16,
                                                                        "Workers": []
                                                                    }
                                                                ]
                                                            },
                                                            {
                                                                "Node Type": "Index Only Scan",
                                                                "Parent Relationship": "Inner",
                                                                "Parallel Aware": false,
                                                                "Async Capable": false,
                                                                "Scan Direction": "Forward",
                                                                "Index Name": "comment_site_id_post_id_idx",
                                                                "Relation Name": "comment",
                                                                "Alias": "comment_1",
                                                                "Startup Cost": 0.57,
                                                                "Total Cost": 8.28,
                                                                "Plan Rows": 1,
                                                                "Plan Width": 8,
                                                                "Actual Startup Time": 0.005,
                                                                "Actual Total Time": 0.005,
                                                                "Actual Rows": 1,
                                                                "Actual Loops": 16,
                                                                "Index Cond": "((site_id = q2.site_id) AND (post_id = q2.id))",
                                                                "Rows Removed by Index Recheck": 0,
                                                                "Heap Fetches": 10,
                                                                "Workers": []
                                                            }
                                                        ]
                                                    },
                                                    {
                                                        "Node Type": "Index Only Scan",
                                                        "Parent Relationship": "Inner",
                                                        "Parallel Aware": false,
                                                        "Async Capable": false,
                                                        "Scan Direction": "Forward",
                                                        "Index Name": "comment_site_id_post_id_idx",
                                                        "Relation Name": "comment",
                                                        "Alias": "comment_2",
                                                        "Startup Cost": 0.57,
                                                        "Total Cost": 8.28,
                                                        "Plan Rows": 1,
                                                        "Plan Width": 8,
                                                        "Actual Startup Time": 0.007,
                                                        "Actual Total Time": 0.007,
                                                        "Actual Rows": 1,
                                                        "Actual Loops": 10,
                                                        "Index Cond": "((site_id = q1.site_id) AND (post_id = q1.id))",
                                                        "Rows Removed by Index Recheck": 0,
                                                        "Heap Fetches": 8,
                                                        "Workers": []
                                                    }
                                                ]
                                            }
                                        ]
                                    }
                                ]
                            }
                        ]
                    },
                    "Planning Time": 73.341,
                    "Triggers": [],
                    "Execution Time": 64.485
                }
            ],
            "hints": [
                "SET enable_hashjoin TO on",
                "SET enable_indexonlyscan TO on",
                "SET enable_indexscan TO on",
                "SET enable_mergejoin TO off",
                "SET enable_nestloop TO on",
                "SET enable_seqscan TO on"
            ]
        }
    ]
}