{
    "sql_file": "soload_q12-002.sql",
    "query": "SELECT t1.name, count(*)\nFROM\nsite as s,\nso_user as u1,\nquestion as q1,\nanswer as a1,\ntag as t1,\ntag_question as tq1\nWHERE\nq1.owner_user_id = u1.id\nAND a1.question_id = q1.id\nAND a1.owner_user_id = u1.id\nAND s.site_id = q1.site_id\nAND s.site_id = a1.site_id\nAND s.site_id = u1.site_id\nAND s.site_id = tq1.site_id\nAND s.site_id = t1.site_id\nAND q1.id = tq1.question_id\nAND t1.id = tq1.tag_id\nAND (s.site_name in ('english'))\nAND (t1.name in ('meaning'))\nAND (q1.view_count >= 0)\nAND (q1.view_count <= 100)\nAND (u1.reputation >= 10)\nAND (u1.reputation <= 100000)\nGROUP BY t1.name",
    "results": [
        {
            "arm": 0,
            "execution_time": 329.384,
            "plan": [
                {
                    "Plan": {
                        "Node Type": "Aggregate",
                        "Strategy": "Sorted",
                        "Partial Mode": "Simple",
                        "Parallel Aware": false,
                        "Async Capable": false,
                        "Startup Cost": 1.87,
                        "Total Cost": 3767.61,
                        "Plan Rows": 1,
                        "Plan Width": 19,
                        "Actual Startup Time": 329.35,
                        "Actual Total Time": 329.352,
                        "Actual Rows": 1,
                        "Actual Loops": 1,
                        "Plans": [
                            {
                                "Node Type": "Nested Loop",
                                "Parent Relationship": "Outer",
                                "Parallel Aware": false,
                                "Async Capable": false,
                                "Join Type": "Inner",
                                "Startup Cost": 1.87,
                                "Total Cost": 3767.59,
                                "Plan Rows": 1,
                                "Plan Width": 11,
                                "Actual Startup Time": 259.779,
                                "Actual Total Time": 329.344,
                                "Actual Rows": 2,
                                "Actual Loops": 1,
                                "Inner Unique": true,
                                "Join Filter": "((u1.id = q1.owner_user_id) AND (q1.id = a1.question_id) AND (s.site_id = q1.site_id))",
                                "Rows Removed by Join Filter": 260,
                                "Plans": [
                                    {
                                        "Node Type": "Nested Loop",
                                        "Parent Relationship": "Outer",
                                        "Parallel Aware": false,
                                        "Async Capable": false,
                                        "Join Type": "Inner",
                                        "Startup Cost": 1.44,
                                        "Total Cost": 3760.58,
                                        "Plan Rows": 1,
                                        "Plan Width": 47,
                                        "Actual Startup Time": 1.594,
                                        "Actual Total Time": 260.589,
                                        "Actual Rows": 5288,
                                        "Actual Loops": 1,
                                        "Inner Unique": true,
                                        "Join Filter": "(s.site_id = u1.site_id)",
                                        "Rows Removed by Join Filter": 0,
                                        "Plans": [
                                            {
                                                "Node Type": "Nested Loop",
                                                "Parent Relationship": "Outer",
                                                "Parallel Aware": false,
                                                "Async Capable": false,
                                                "Join Type": "Inner",
                                                "Startup Cost": 1.0,
                                                "Total Cost": 3753.57,
                                                "Plan Rows": 1,
                                                "Plan Width": 39,
                                                "Actual Startup Time": 1.584,
                                                "Actual Total Time": 50.114,
                                                "Actual Rows": 6014,
                                                "Actual Loops": 1,
                                                "Inner Unique": false,
                                                "Join Filter": "(s.site_id = a1.site_id)",
                                                "Rows Removed by Join Filter": 0,
                                                "Plans": [
                                                    {
                                                        "Node Type": "Nested Loop",
                                                        "Parent Relationship": "Outer",
                                                        "Parallel Aware": false,
                                                        "Async Capable": false,
                                                        "Join Type": "Inner",
                                                        "Startup Cost": 0.56,
                                                        "Total Cost": 3599.9,
                                                        "Plan Rows": 22,
                                                        "Plan Width": 27,
                                                        "Actual Startup Time": 1.408,
                                                        "Actual Total Time": 16.372,
                                                        "Actual Rows": 8245,
                                                        "Actual Loops": 1,
                                                        "Inner Unique": false,
                                                        "Join Filter": "(s.site_id = tq1.site_id)",
                                                        "Rows Removed by Join Filter": 0,
                                                        "Plans": [
                                                            {
                                                                "Node Type": "Nested Loop",
                                                                "Parent Relationship": "Outer",
                                                                "Parallel Aware": false,
                                                                "Async Capable": false,
                                                                "Join Type": "Inner",
                                                                "Startup Cost": 0.0,
                                                                "Total Cost": 3537.82,
                                                                "Plan Rows": 1,
                                                                "Plan Width": 23,
                                                                "Actual Startup Time": 1.229,
                                                                "Actual Total Time": 9.407,
                                                                "Actual Rows": 1,
                                                                "Actual Loops": 1,
                                                                "Inner Unique": false,
                                                                "Join Filter": "(s.site_id = t1.site_id)",
                                                                "Rows Removed by Join Filter": 16,
                                                                "Plans": [
                                                                    {
                                                                        "Node Type": "Seq Scan",
                                                                        "Parent Relationship": "Outer",
                                                                        "Parallel Aware": false,
                                                                        "Async Capable": false,
                                                                        "Relation Name": "site",
                                                                        "Alias": "s",
                                                                        "Startup Cost": 0.0,
                                                                        "Total Cost": 3.16,
                                                                        "Plan Rows": 1,
                                                                        "Plan Width": 4,
                                                                        "Actual Startup Time": 0.007,
                                                                        "Actual Total Time": 0.012,
                                                                        "Actual Rows": 1,
                                                                        "Actual Loops": 1,
                                                                        "Filter": "((site_name)::text = 'english'::text)",
                                                                        "Rows Removed by Filter": 172
                                                                    },
                                                                    {
                                                                        "Node Type": "Seq Scan",
                                                                        "Parent Relationship": "Inner",
                                                                        "Parallel Aware": false,
                                                                        "Async Capable": false,
                                                                        "Relation Name": "tag",
                                                                        "Alias": "t1",
                                                                        "Startup Cost": 0.0,
                                                                        "Total Cost": 3534.62,
                                                                        "Plan Rows": 3,
                                                                        "Plan Width": 19,
                                                                        "Actual Startup Time": 0.616,
                                                                        "Actual Total Time": 9.392,
                                                                        "Actual Rows": 17,
                                                                        "Actual Loops": 1,
                                                                        "Filter": "((name)::text = 'meaning'::text)",
                                                                        "Rows Removed by Filter": 186753
                                                                    }
                                                                ]
                                                            },
                                                            {
                                                                "Node Type": "Index Only Scan",
                                                                "Parent Relationship": "Inner",
                                                                "Parallel Aware": false,
                                                                "Async Capable": false,
                                                                "Scan Direction": "Forward",
                                                                "Index Name": "tag_question_site_id_tag_id_question_id_idx",
                                                                "Relation Name": "tag_question",
                                                                "Alias": "tq1",
                                                                "Startup Cost": 0.56,
                                                                "Total Cost": 61.69,
                                                                "Plan Rows": 31,
                                                                "Plan Width": 12,
                                                                "Actual Startup Time": 0.177,
                                                                "Actual Total Time": 5.525,
                                                                "Actual Rows": 8245,
                                                                "Actual Loops": 1,
                                                                "Index Cond": "((site_id = t1.site_id) AND (tag_id = t1.id))",
                                                                "Rows Removed by Index Recheck": 0,
                                                                "Heap Fetches": 8245
                                                            }
                                                        ]
                                                    },
                                                    {
                                                        "Node Type": "Index Scan",
                                                        "Parent Relationship": "Inner",
                                                        "Parallel Aware": false,
                                                        "Async Capable": false,
                                                        "Scan Direction": "Forward",
                                                        "Index Name": "answer_site_id_question_id_idx",
                                                        "Relation Name": "answer",
                                                        "Alias": "a1",
                                                        "Startup Cost": 0.43,
                                                        "Total Cost": 6.97,
                                                        "Plan Rows": 1,
                                                        "Plan Width": 12,
                                                        "Actual Startup Time": 0.003,
                                                        "Actual Total Time": 0.004,
                                                        "Actual Rows": 1,
                                                        "Actual Loops": 8245,
                                                        "Index Cond": "((site_id = tq1.site_id) AND (question_id = tq1.question_id))",
                                                        "Rows Removed by Index Recheck": 0
                                                    }
                                                ]
                                            },
                                            {
                                                "Node Type": "Index Scan",
                                                "Parent Relationship": "Inner",
                                                "Parallel Aware": false,
                                                "Async Capable": false,
                                                "Scan Direction": "Forward",
                                                "Index Name": "so_user_pkey",
                                                "Relation Name": "so_user",
                                                "Alias": "u1",
                                                "Startup Cost": 0.44,
                                                "Total Cost": 7.01,
                                                "Plan Rows": 1,
                                                "Plan Width": 8,
                                                "Actual Startup Time": 0.034,
                                                "Actual Total Time": 0.034,
                                                "Actual Rows": 1,
                                                "Actual Loops": 6014,
                                                "Index Cond": "((id = a1.owner_user_id) AND (site_id = a1.site_id))",
                                                "Rows Removed by Index Recheck": 0,
                                                "Filter": "((reputation >= 10) AND (reputation <= 100000))",
                                                "Rows Removed by Filter": 0
                                            }
                                        ]
                                    },
                                    {
                                        "Node Type": "Index Scan",
                                        "Parent Relationship": "Inner",
                                        "Parallel Aware": false,
                                        "Async Capable": false,
                                        "Scan Direction": "Forward",
                                        "Index Name": "question_pkey",
                                        "Relation Name": "question",
                                        "Alias": "q1",
                                        "Startup Cost": 0.43,
                                        "Total Cost": 6.99,
                                        "Plan Rows": 1,
                                        "Plan Width": 12,
                                        "Actual Startup Time": 0.013,
                                        "Actual Total Time": 0.013,
                                        "Actual Rows": 0,
                                        "Actual Loops": 5288,
                                        "Index Cond": "((id = tq1.question_id) AND (site_id = tq1.site_id))",
                                        "Rows Removed by Index Recheck": 0,
                                        "Filter": "((view_count >= 0) AND (view_count <= 100))",
                                        "Rows Removed by Filter": 1
                                    }
                                ]
                            }
                        ]
                    },
                    "Planning Time": 7.889,
                    "Triggers": [],
                    "Execution Time": 329.384
                }
            ],
            "hints": [
                "SET enable_hashjoin TO on",
                "SET enable_indexonlyscan TO on",
                "SET enable_indexscan TO on",
                "SET enable_mergejoin TO on",
                "SET enable_nestloop TO on",
                "SET enable_seqscan TO on"
            ]
        },
        {
            "arm": 1,
            "execution_time": 1317.292,
            "plan": [
                {
                    "Plan": {
                        "Node Type": "Aggregate",
                        "Strategy": "Sorted",
                        "Partial Mode": "Simple",
                        "Parallel Aware": false,
                        "Async Capable": false,
                        "Startup Cost": 1337342.18,
                        "Total Cost": 3034530.49,
                        "Plan Rows": 1,
                        "Plan Width": 19,
                        "Actual Startup Time": 1307.365,
                        "Actual Total Time": 1317.256,
                        "Actual Rows": 1,
                        "Actual Loops": 1,
                        "Plans": [
                            {
                                "Node Type": "Gather",
                                "Parent Relationship": "Outer",
                                "Parallel Aware": false,
                                "Async Capable": false,
                                "Startup Cost": 1337342.18,
                                "Total Cost": 3034530.48,
                                "Plan Rows": 1,
                                "Plan Width": 11,
                                "Actual Startup Time": 1306.889,
                                "Actual Total Time": 1317.25,
                                "Actual Rows": 2,
                                "Actual Loops": 1,
                                "Workers Planned": 7,
                                "Workers Launched": 7,
                                "Single Copy": false,
                                "Plans": [
                                    {
                                        "Node Type": "Hash Join",
                                        "Parent Relationship": "Outer",
                                        "Parallel Aware": true,
                                        "Async Capable": false,
                                        "Join Type": "Inner",
                                        "Startup Cost": 1336342.18,
                                        "Total Cost": 3033530.38,
                                        "Plan Rows": 1,
                                        "Plan Width": 11,
                                        "Actual Startup Time": 1182.291,
                                        "Actual Total Time": 1304.345,
                                        "Actual Rows": 0,
                                        "Actual Loops": 8,
                                        "Inner Unique": true,
                                        "Hash Cond": "((s.site_id = t1.site_id) AND (tq1.tag_id = t1.id))",
                                        "Workers": [],
                                        "Plans": [
                                            {
                                                "Node Type": "Hash Join",
                                                "Parent Relationship": "Outer",
                                                "Parallel Aware": true,
                                                "Async Capable": false,
                                                "Join Type": "Inner",
                                                "Startup Cost": 1333768.84,
                                                "Total Cost": 3030957.04,
                                                "Plan Rows": 1,
                                                "Plan Width": 24,
                                                "Actual Startup Time": 997.563,
                                                "Actual Total Time": 1302.743,
                                                "Actual Rows": 6,
                                                "Actual Loops": 8,
                                                "Inner Unique": false,
                                                "Hash Cond": "((q1.owner_user_id = u1.id) AND (q1.id = a1.question_id) AND (q1.site_id = s.site_id))",
                                                "Workers": [],
                                                "Plans": [
                                                    {
                                                        "Node Type": "Seq Scan",
                                                        "Parent Relationship": "Outer",
                                                        "Parallel Aware": true,
                                                        "Async Capable": false,
                                                        "Relation Name": "question",
                                                        "Alias": "q1",
                                                        "Startup Cost": 0.0,
                                                        "Total Cost": 1691290.18,
                                                        "Plan Rows": 524267,
                                                        "Plan Width": 12,
                                                        "Actual Startup Time": 0.088,
                                                        "Actual Total Time": 446.681,
                                                        "Actual Rows": 453698,
                                                        "Actual Loops": 8,
                                                        "Filter": "((view_count >= 0) AND (view_count <= 100))",
                                                        "Rows Removed by Filter": 1129607,
                                                        "Workers": []
                                                    },
                                                    {
                                                        "Node Type": "Hash",
                                                        "Parent Relationship": "Inner",
                                                        "Parallel Aware": true,
                                                        "Async Capable": false,
                                                        "Startup Cost": 1333768.32,
                                                        "Total Cost": 1333768.32,
                                                        "Plan Rows": 30,
                                                        "Plan Width": 36,
                                                        "Actual Startup Time": 798.425,
                                                        "Actual Total Time": 798.448,
                                                        "Actual Rows": 12367,
                                                        "Actual Loops": 8,
                                                        "Hash Buckets": 131072,
                                                        "Original Hash Buckets": 1024,
                                                        "Hash Batches": 1,
                                                        "Original Hash Batches": 1,
                                                        "Peak Memory Usage": 9144,
                                                        "Workers": [],
                                                        "Plans": [
                                                            {
                                                                "Node Type": "Hash Join",
                                                                "Parent Relationship": "Outer",
                                                                "Parallel Aware": true,
                                                                "Async Capable": false,
                                                                "Join Type": "Inner",
                                                                "Startup Cost": 1063024.87,
                                                                "Total Cost": 1333768.32,
                                                                "Plan Rows": 30,
                                                                "Plan Width": 36,
                                                                "Actual Startup Time": 777.211,
                                                                "Actual Total Time": 794.488,
                                                                "Actual Rows": 12367,
                                                                "Actual Loops": 8,
                                                                "Inner Unique": false,
                                                                "Hash Cond": "((u1.id = a1.owner_user_id) AND (u1.site_id = s.site_id))",
                                                                "Workers": [],
                                                                "Plans": [
                                                                    {
                                                                        "Node Type": "Seq Scan",
                                                                        "Parent Relationship": "Outer",
                                                                        "Parallel Aware": true,
                                                                        "Async Capable": false,
                                                                        "Relation Name": "so_user",
                                                                        "Alias": "u1",
                                                                        "Startup Cost": 0.0,
                                                                        "Total Cost": 260486.52,
                                                                        "Plan Rows": 1367585,
                                                                        "Plan Width": 8,
                                                                        "Actual Startup Time": 0.017,
                                                                        "Actual Total Time": 133.748,
                                                                        "Actual Rows": 852113,
                                                                        "Actual Loops": 8,
                                                                        "Filter": "((reputation >= 10) AND (reputation <= 100000))",
                                                                        "Rows Removed by Filter": 1785050,
                                                                        "Workers": []
                                                                    },
                                                                    {
                                                                        "Node Type": "Hash",
                                                                        "Parent Relationship": "Inner",
                                                                        "Parallel Aware": true,
                                                                        "Async Capable": false,
                                                                        "Startup Cost": 1063015.88,
                                                                        "Total Cost": 1063015.88,
                                                                        "Plan Rows": 599,
                                                                        "Plan Width": 28,
                                                                        "Actual Startup Time": 606.634,
                                                                        "Actual Total Time": 606.656,
                                                                        "Actual Rows": 13792,
                                                                        "Actual Loops": 8,
                                                                        "Hash Buckets": 131072,
                                                                        "Original Hash Buckets": 8192,
                                                                        "Hash Batches": 1,
                                                                        "Original Hash Batches": 1,
                                                                        "Peak Memory Usage": 9024,
                                                                        "Workers": [],
                                                                        "Plans": [
                                                                            {
                                                                                "Node Type": "Hash Join",
                                                                                "Parent Relationship": "Outer",
                                                                                "Parallel Aware": true,
                                                                                "Async Capable": false,
                                                                                "Join Type": "Inner",
                                                                                "Startup Cost": 293640.82,
                                                                                "Total Cost": 1063015.88,
                                                                                "Plan Rows": 599,
                                                                                "Plan Width": 28,
                                                                                "Actual Startup Time": 376.733,
                                                                                "Actual Total Time": 601.486,
                                                                                "Actual Rows": 13792,
                                                                                "Actual Loops": 8,
                                                                                "Inner Unique": false,
                                                                                "Hash Cond": "((a1.question_id = tq1.question_id) AND (a1.site_id = s.site_id))",
                                                                                "Workers": [],
                                                                                "Plans": [
                                                                                    {
                                                                                        "Node Type": "Seq Scan",
                                                                                        "Parent Relationship": "Outer",
                                                                                        "Parallel Aware": true,
                                                                                        "Async Capable": false,
                                                                                        "Relation Name": "answer",
                                                                                        "Alias": "a1",
                                                                                        "Startup Cost": 0.0,
                                                                                        "Total Cost": 762572.49,
                                                                                        "Plan Rows": 906849,
                                                                                        "Plan Width": 12,
                                                                                        "Actual Startup Time": 0.026,
                                                                                        "Actual Total Time": 183.496,
                                                                                        "Actual Rows": 793444,
                                                                                        "Actual Loops": 8,
                                                                                        "Workers": []
                                                                                    },
                                                                                    {
                                                                                        "Node Type": "Hash",
                                                                                        "Parent Relationship": "Inner",
                                                                                        "Parallel Aware": true,
                                                                                        "Async Capable": false,
                                                                                        "Startup Cost": 293001.22,
                                                                                        "Total Cost": 293001.22,
                                                                                        "Plan Rows": 42640,
                                                                                        "Plan Width": 16,
                                                                                        "Actual Startup Time": 352.235,
                                                                                        "Actual Total Time": 352.237,
                                                                                        "Actual Rows": 16652,
                                                                                        "Actual Loops": 8,
                                                                                        "Hash Buckets": 262144,
                                                                                        "Original Hash Buckets": 262144,
                                                                                        "Hash Batches": 1,
                                                                                        "Original Hash Batches": 1,
                                                                                        "Peak Memory Usage": 8384,
                                                                                        "Workers": [],
                                                                                        "Plans": [
                                                                                            {
                                                                                                "Node Type": "Hash Join",
                                                                                                "Parent Relationship": "Outer",
                                                                                                "Parallel Aware": false,
                                                                                                "Async Capable": false,
                                                                                                "Join Type": "Inner",
                                                                                                "Startup Cost": 3.18,
                                                                                                "Total Cost": 293001.22,
                                                                                                "Plan Rows": 42640,
                                                                                                "Plan Width": 16,
                                                                                                "Actual Startup Time": 49.73,
                                                                                                "Actual Total Time": 348.556,
                                                                                                "Actual Rows": 16652,
                                                                                                "Actual Loops": 8,
                                                                                                "Inner Unique": true,
                                                                                                "Hash Cond": "(tq1.site_id = s.site_id)",
                                                                                                "Workers": [],
                                                                                                "Plans": [
                                                                                                    {
                                                                                                        "Node Type": "Seq Scan",
                                                                                                        "Parent Relationship": "Outer",
                                                                                                        "Parallel Aware": true,
                                                                                                        "Async Capable": false,
                                                                                                        "Relation Name": "tag_question",
                                                                                                        "Alias": "tq1",
                                                                                                        "Startup Cost": 0.0,
                                                                                                        "Total Cost": 273159.66,
                                                                                                        "Plan Rows": 7376766,
                                                                                                        "Plan Width": 12,
                                                                                                        "Actual Startup Time": 0.026,
                                                                                                        "Actual Total Time": 188.439,
                                                                                                        "Actual Rows": 4610477,
                                                                                                        "Actual Loops": 8,
                                                                                                        "Workers": []
                                                                                                    },
                                                                                                    {
                                                                                                        "Node Type": "Hash",
                                                                                                        "Parent Relationship": "Inner",
                                                                                                        "Parallel Aware": false,
                                                                                                        "Async Capable": false,
                                                                                                        "Startup Cost": 3.16,
                                                                                                        "Total Cost": 3.16,
                                                                                                        "Plan Rows": 1,
                                                                                                        "Plan Width": 4,
                                                                                                        "Actual Startup Time": 0.021,
                                                                                                        "Actual Total Time": 0.021,
                                                                                                        "Actual Rows": 1,
                                                                                                        "Actual Loops": 8,
                                                                                                        "Hash Buckets": 1024,
                                                                                                        "Original Hash Buckets": 1024,
                                                                                                        "Hash Batches": 1,
                                                                                                        "Original Hash Batches": 1,
                                                                                                        "Peak Memory Usage": 9,
                                                                                                        "Workers": [],
                                                                                                        "Plans": [
                                                                                                            {
                                                                                                                "Node Type": "Seq Scan",
                                                                                                                "Parent Relationship": "Outer",
                                                                                                                "Parallel Aware": false,
                                                                                                                "Async Capable": false,
                                                                                                                "Relation Name": "site",
                                                                                                                "Alias": "s",
                                                                                                                "Startup Cost": 0.0,
                                                                                                                "Total Cost": 3.16,
                                                                                                                "Plan Rows": 1,
                                                                                                                "Plan Width": 4,
                                                                                                                "Actual Startup Time": 0.013,
                                                                                                                "Actual Total Time": 0.017,
                                                                                                                "Actual Rows": 1,
                                                                                                                "Actual Loops": 8,
                                                                                                                "Filter": "((site_name)::text = 'english'::text)",
                                                                                                                "Rows Removed by Filter": 172,
                                                                                                                "Workers": []
                                                                                                            }
                                                                                                        ]
                                                                                                    }
                                                                                                ]
                                                                                            }
                                                                                        ]
                                                                                    }
                                                                                ]
                                                                            }
                                                                        ]
                                                                    }
                                                                ]
                                                            }
                                                        ]
                                                    }
                                                ]
                                            },
                                            {
                                                "Node Type": "Hash",
                                                "Parent Relationship": "Inner",
                                                "Parallel Aware": true,
                                                "Async Capable": false,
                                                "Startup Cost": 2573.31,
                                                "Total Cost": 2573.31,
                                                "Plan Rows": 2,
                                                "Plan Width": 19,
                                                "Actual Startup Time": 1.359,
                                                "Actual Total Time": 1.36,
                                                "Actual Rows": 2,
                                                "Actual Loops": 8,
                                                "Hash Buckets": 1024,
                                                "Original Hash Buckets": 1024,
                                                "Hash Batches": 1,
                                                "Original Hash Batches": 1,
                                                "Peak Memory Usage": 104,
                                                "Workers": [],
                                                "Plans": [
                                                    {
                                                        "Node Type": "Seq Scan",
                                                        "Parent Relationship": "Outer",
                                                        "Parallel Aware": true,
                                                        "Async Capable": false,
                                                        "Relation Name": "tag",
                                                        "Alias": "t1",
                                                        "Startup Cost": 0.0,
                                                        "Total Cost": 2573.31,
                                                        "Plan Rows": 2,
                                                        "Plan Width": 19,
                                                        "Actual Startup Time": 0.734,
                                                        "Actual Total Time": 1.28,
                                                        "Actual Rows": 2,
                                                        "Actual Loops": 8,
                                                        "Filter": "((name)::text = 'meaning'::text)",
                                                        "Rows Removed by Filter": 23344,
                                                        "Workers": []
                                                    }
                                                ]
                                            }
                                        ]
                                    }
                                ]
                            }
                        ]
                    },
                    "Planning Time": 6.396,
                    "Triggers": [],
                    "Execution Time": 1317.292
                }
            ],
            "hints": [
                "SET enable_hashjoin TO on",
                "SET enable_indexonlyscan TO on",
                "SET enable_indexscan TO on",
                "SET enable_mergejoin TO on",
                "SET enable_nestloop TO off",
                "SET enable_seqscan TO on"
            ]
        },
        {
            "arm": 2,
            "execution_time": 39.068,
            "plan": [
                {
                    "Plan": {
                        "Node Type": "Aggregate",
                        "Strategy": "Sorted",
                        "Partial Mode": "Simple",
                        "Parallel Aware": false,
                        "Async Capable": false,
                        "Startup Cost": 16.01,
                        "Total Cost": 3851.96,
                        "Plan Rows": 1,
                        "Plan Width": 19,
                        "Actual Startup Time": 39.032,
                        "Actual Total Time": 39.034,
                        "Actual Rows": 1,
                        "Actual Loops": 1,
                        "Plans": [
                            {
                                "Node Type": "Nested Loop",
                                "Parent Relationship": "Outer",
                                "Parallel Aware": false,
                                "Async Capable": false,
                                "Join Type": "Inner",
                                "Startup Cost": 16.01,
                                "Total Cost": 3851.94,
                                "Plan Rows": 1,
                                "Plan Width": 11,
                                "Actual Startup Time": 25.026,
                                "Actual Total Time": 39.03,
                                "Actual Rows": 2,
                                "Actual Loops": 1,
                                "Inner Unique": true,
                                "Join Filter": "(s.site_id = u1.site_id)",
                                "Rows Removed by Join Filter": 0,
                                "Plans": [
                                    {
                                        "Node Type": "Nested Loop",
                                        "Parent Relationship": "Outer",
                                        "Parallel Aware": false,
                                        "Async Capable": false,
                                        "Join Type": "Inner",
                                        "Startup Cost": 12.29,
                                        "Total Cost": 3844.19,
                                        "Plan Rows": 1,
                                        "Plan Width": 39,
                                        "Actual Startup Time": 25.019,
                                        "Actual Total Time": 39.015,
                                        "Actual Rows": 2,
                                        "Actual Loops": 1,
                                        "Inner Unique": true,
                                        "Join Filter": "(s.site_id = q1.site_id)",
                                        "Rows Removed by Join Filter": 0,
                                        "Plans": [
                                            {
                                                "Node Type": "Nested Loop",
                                                "Parent Relationship": "Outer",
                                                "Parallel Aware": false,
                                                "Async Capable": false,
                                                "Join Type": "Inner",
                                                "Startup Cost": 8.58,
                                                "Total Cost": 3836.45,
                                                "Plan Rows": 1,
                                                "Plan Width": 39,
                                                "Actual Startup Time": 1.581,
                                                "Actual Total Time": 23.775,
                                                "Actual Rows": 6014,
                                                "Actual Loops": 1,
                                                "Inner Unique": false,
                                                "Join Filter": "(s.site_id = a1.site_id)",
                                                "Rows Removed by Join Filter": 0,
                                                "Plans": [
                                                    {
                                                        "Node Type": "Nested Loop",
                                                        "Parent Relationship": "Outer",
                                                        "Parallel Aware": false,
                                                        "Async Capable": false,
                                                        "Join Type": "Inner",
                                                        "Startup Cost": 4.88,
                                                        "Total Cost": 3666.4,
                                                        "Plan Rows": 22,
                                                        "Plan Width": 27,
                                                        "Actual Startup Time": 1.572,
                                                        "Actual Total Time": 9.977,
                                                        "Actual Rows": 8245,
                                                        "Actual Loops": 1,
                                                        "Inner Unique": false,
                                                        "Join Filter": "(s.site_id = tq1.site_id)",
                                                        "Rows Removed by Join Filter": 0,
                                                        "Plans": [
                                                            {
                                                                "Node Type": "Nested Loop",
                                                                "Parent Relationship": "Outer",
                                                                "Parallel Aware": false,
                                                                "Async Capable": false,
                                                                "Join Type": "Inner",
                                                                "Startup Cost": 0.0,
                                                                "Total Cost": 3537.82,
                                                                "Plan Rows": 1,
                                                                "Plan Width": 23,
                                                                "Actual Startup Time": 1.268,
                                                                "Actual Total Time": 7.677,
                                                                "Actual Rows": 1,
                                                                "Actual Loops": 1,
                                                                "Inner Unique": false,
                                                                "Join Filter": "(s.site_id = t1.site_id)",
                                                                "Rows Removed by Join Filter": 16,
                                                                "Plans": [
                                                                    {
                                                                        "Node Type": "Seq Scan",
                                                                        "Parent Relationship": "Outer",
                                                                        "Parallel Aware": false,
                                                                        "Async Capable": false,
                                                                        "Relation Name": "site",
                                                                        "Alias": "s",
                                                                        "Startup Cost": 0.0,
                                                                        "Total Cost": 3.16,
                                                                        "Plan Rows": 1,
                                                                        "Plan Width": 4,
                                                                        "Actual Startup Time": 0.01,
                                                                        "Actual Total Time": 0.014,
                                                                        "Actual Rows": 1,
                                                                        "Actual Loops": 1,
                                                                        "Filter": "((site_name)::text = 'english'::text)",
                                                                        "Rows Removed by Filter": 172
                                                                    },
                                                                    {
                                                                        "Node Type": "Seq Scan",
                                                                        "Parent Relationship": "Inner",
                                                                        "Parallel Aware": false,
                                                                        "Async Capable": false,
                                                                        "Relation Name": "tag",
                                                                        "Alias": "t1",
                                                                        "Startup Cost": 0.0,
                                                                        "Total Cost": 3534.62,
                                                                        "Plan Rows": 3,
                                                                        "Plan Width": 19,
                                                                        "Actual Startup Time": 0.641,
                                                                        "Actual Total Time": 7.66,
                                                                        "Actual Rows": 17,
                                                                        "Actual Loops": 1,
                                                                        "Filter": "((name)::text = 'meaning'::text)",
                                                                        "Rows Removed by Filter": 186753
                                                                    }
                                                                ]
                                                            },
                                                            {
                                                                "Node Type": "Bitmap Heap Scan",
                                                                "Parent Relationship": "Inner",
                                                                "Parallel Aware": false,
                                                                "Async Capable": false,
                                                                "Relation Name": "tag_question",
                                                                "Alias": "tq1",
                                                                "Startup Cost": 4.88,
                                                                "Total Cost": 128.19,
                                                                "Plan Rows": 31,
                                                                "Plan Width": 12,
                                                                "Actual Startup Time": 0.301,
                                                                "Actual Total Time": 1.699,
                                                                "Actual Rows": 8245,
                                                                "Actual Loops": 1,
                                                                "Recheck Cond": "((t1.site_id = site_id) AND (t1.id = tag_id))",
                                                                "Rows Removed by Index Recheck": 0,
                                                                "Exact Heap Blocks": 721,
                                                                "Lossy Heap Blocks": 0,
                                                                "Plans": [
                                                                    {
                                                                        "Node Type": "Bitmap Index Scan",
                                                                        "Parent Relationship": "Outer",
                                                                        "Parallel Aware": false,
                                                                        "Async Capable": false,
                                                                        "Index Name": "tag_question_site_id_tag_id_question_id_idx",
                                                                        "Startup Cost": 0.0,
                                                                        "Total Cost": 4.88,
                                                                        "Plan Rows": 31,
                                                                        "Plan Width": 0,
                                                                        "Actual Startup Time": 0.241,
                                                                        "Actual Total Time": 0.241,
                                                                        "Actual Rows": 8245,
                                                                        "Actual Loops": 1,
                                                                        "Index Cond": "((site_id = t1.site_id) AND (tag_id = t1.id))"
                                                                    }
                                                                ]
                                                            }
                                                        ]
                                                    },
                                                    {
                                                        "Node Type": "Bitmap Heap Scan",
                                                        "Parent Relationship": "Inner",
                                                        "Parallel Aware": false,
                                                        "Async Capable": false,
                                                        "Relation Name": "answer",
                                                        "Alias": "a1",
                                                        "Startup Cost": 3.7,
                                                        "Total Cost": 7.72,
                                                        "Plan Rows": 1,
                                                        "Plan Width": 12,
                                                        "Actual Startup Time": 0.001,
                                                        "Actual Total Time": 0.001,
                                                        "Actual Rows": 1,
                                                        "Actual Loops": 8245,
                                                        "Recheck Cond": "((site_id = tq1.site_id) AND (tq1.question_id = question_id))",
                                                        "Rows Removed by Index Recheck": 0,
                                                        "Exact Heap Blocks": 5315,
                                                        "Lossy Heap Blocks": 0,
                                                        "Plans": [
                                                            {
                                                                "Node Type": "Bitmap Index Scan",
                                                                "Parent Relationship": "Outer",
                                                                "Parallel Aware": false,
                                                                "Async Capable": false,
                                                                "Index Name": "answer_site_id_question_id_idx",
                                                                "Startup Cost": 0.0,
                                                                "Total Cost": 3.7,
                                                                "Plan Rows": 1,
                                                                "Plan Width": 0,
                                                                "Actual Startup Time": 0.001,
                                                                "Actual Total Time": 0.001,
                                                                "Actual Rows": 1,
                                                                "Actual Loops": 8245,
                                                                "Index Cond": "((site_id = tq1.site_id) AND (question_id = tq1.question_id))"
                                                            }
                                                        ]
                                                    }
                                                ]
                                            },
                                            {
                                                "Node Type": "Bitmap Heap Scan",
                                                "Parent Relationship": "Inner",
                                                "Parallel Aware": false,
                                                "Async Capable": false,
                                                "Relation Name": "question",
                                                "Alias": "q1",
                                                "Startup Cost": 3.71,
                                                "Total Cost": 7.73,
                                                "Plan Rows": 1,
                                                "Plan Width": 12,
                                                "Actual Startup Time": 0.002,
                                                "Actual Total Time": 0.002,
                                                "Actual Rows": 0,
                                                "Actual Loops": 6014,
                                                "Recheck Cond": "((id = a1.question_id) AND (site_id = a1.site_id))",
                                                "Rows Removed by Index Recheck": 0,
                                                "Filter": "((view_count >= 0) AND (view_count <= 100) AND (a1.owner_user_id = owner_user_id))",
                                                "Rows Removed by Filter": 1,
                                                "Exact Heap Blocks": 6014,
                                                "Lossy Heap Blocks": 0,
                                                "Plans": [
                                                    {
                                                        "Node Type": "Bitmap Index Scan",
                                                        "Parent Relationship": "Outer",
                                                        "Parallel Aware": false,
                                                        "Async Capable": false,
                                                        "Index Name": "question_pkey",
                                                        "Startup Cost": 0.0,
                                                        "Total Cost": 3.71,
                                                        "Plan Rows": 1,
                                                        "Plan Width": 0,
                                                        "Actual Startup Time": 0.002,
                                                        "Actual Total Time": 0.002,
                                                        "Actual Rows": 1,
                                                        "Actual Loops": 6014,
                                                        "Index Cond": "((id = a1.question_id) AND (site_id = a1.site_id))"
                                                    }
                                                ]
                                            }
                                        ]
                                    },
                                    {
                                        "Node Type": "Bitmap Heap Scan",
                                        "Parent Relationship": "Inner",
                                        "Parallel Aware": false,
                                        "Async Capable": false,
                                        "Relation Name": "so_user",
                                        "Alias": "u1",
                                        "Startup Cost": 3.72,
                                        "Total Cost": 7.74,
                                        "Plan Rows": 1,
                                        "Plan Width": 8,
                                        "Actual Startup Time": 0.005,
                                        "Actual Total Time": 0.005,
                                        "Actual Rows": 1,
                                        "Actual Loops": 2,
                                        "Recheck Cond": "((id = q1.owner_user_id) AND (site_id = q1.site_id))",
                                        "Rows Removed by Index Recheck": 0,
                                        "Filter": "((reputation >= 10) AND (reputation <= 100000))",
                                        "Rows Removed by Filter": 0,
                                        "Exact Heap Blocks": 2,
                                        "Lossy Heap Blocks": 0,
                                        "Plans": [
                                            {
                                                "Node Type": "Bitmap Index Scan",
                                                "Parent Relationship": "Outer",
                                                "Parallel Aware": false,
                                                "Async Capable": false,
                                                "Index Name": "so_user_pkey",
                                                "Startup Cost": 0.0,
                                                "Total Cost": 3.72,
                                                "Plan Rows": 1,
                                                "Plan Width": 0,
                                                "Actual Startup Time": 0.003,
                                                "Actual Total Time": 0.003,
                                                "Actual Rows": 1,
                                                "Actual Loops": 2,
                                                "Index Cond": "((id = q1.owner_user_id) AND (site_id = q1.site_id))"
                                            }
                                        ]
                                    }
                                ]
                            }
                        ]
                    },
                    "Planning Time": 2.656,
                    "Triggers": [],
                    "Execution Time": 39.068
                }
            ],
            "hints": [
                "SET enable_hashjoin TO on",
                "SET enable_indexonlyscan TO on",
                "SET enable_indexscan TO off",
                "SET enable_mergejoin TO off",
                "SET enable_nestloop TO on",
                "SET enable_seqscan TO on"
            ]
        },
        {
            "arm": 3,
            "execution_time": 3688.405,
            "plan": [
                {
                    "Plan": {
                        "Node Type": "Aggregate",
                        "Strategy": "Sorted",
                        "Partial Mode": "Simple",
                        "Parallel Aware": false,
                        "Async Capable": false,
                        "Startup Cost": 1336915.8,
                        "Total Cost": 3034104.11,
                        "Plan Rows": 1,
                        "Plan Width": 19,
                        "Actual Startup Time": 3672.617,
                        "Actual Total Time": 3688.367,
                        "Actual Rows": 1,
                        "Actual Loops": 1,
                        "Plans": [
                            {
                                "Node Type": "Gather",
                                "Parent Relationship": "Outer",
                                "Parallel Aware": false,
                                "Async Capable": false,
                                "Startup Cost": 1336915.8,
                                "Total Cost": 3034104.1,
                                "Plan Rows": 1,
                                "Plan Width": 11,
                                "Actual Startup Time": 3204.075,
                                "Actual Total Time": 3688.358,
                                "Actual Rows": 2,
                                "Actual Loops": 1,
                                "Workers Planned": 7,
                                "Workers Launched": 7,
                                "Single Copy": false,
                                "Plans": [
                                    {
                                        "Node Type": "Hash Join",
                                        "Parent Relationship": "Outer",
                                        "Parallel Aware": true,
                                        "Async Capable": false,
                                        "Join Type": "Inner",
                                        "Startup Cost": 1335915.8,
                                        "Total Cost": 3033104.0,
                                        "Plan Rows": 1,
                                        "Plan Width": 11,
                                        "Actual Startup Time": 3552.413,
                                        "Actual Total Time": 3669.959,
                                        "Actual Rows": 0,
                                        "Actual Loops": 8,
                                        "Inner Unique": false,
                                        "Hash Cond": "((q1.owner_user_id = u1.id) AND (q1.id = a1.question_id) AND (q1.site_id = s.site_id))",
                                        "Workers": [],
                                        "Plans": [
                                            {
                                                "Node Type": "Seq Scan",
                                                "Parent Relationship": "Outer",
                                                "Parallel Aware": true,
                                                "Async Capable": false,
                                                "Relation Name": "question",
                                                "Alias": "q1",
                                                "Startup Cost": 0.0,
                                                "Total Cost": 1691290.18,
                                                "Plan Rows": 524267,
                                                "Plan Width": 12,
                                                "Actual Startup Time": 0.084,
                                                "Actual Total Time": 442.341,
                                                "Actual Rows": 453698,
                                                "Actual Loops": 8,
                                                "Filter": "((view_count >= 0) AND (view_count <= 100))",
                                                "Rows Removed by Filter": 1129607,
                                                "Workers": []
                                            },
                                            {
                                                "Node Type": "Hash",
                                                "Parent Relationship": "Inner",
                                                "Parallel Aware": true,
                                                "Async Capable": false,
                                                "Startup Cost": 1335915.79,
                                                "Total Cost": 1335915.79,
                                                "Plan Rows": 1,
                                                "Plan Width": 47,
                                                "Actual Startup Time": 3183.372,
                                                "Actual Total Time": 3183.379,
                                                "Actual Rows": 661,
                                                "Actual Loops": 8,
                                                "Hash Buckets": 8192,
                                                "Original Hash Buckets": 1024,
                                                "Hash Batches": 1,
                                                "Original Hash Batches": 1,
                                                "Peak Memory Usage": 696,
                                                "Workers": [],
                                                "Plans": [
                                                    {
                                                        "Node Type": "Hash Join",
                                                        "Parent Relationship": "Outer",
                                                        "Parallel Aware": true,
                                                        "Async Capable": false,
                                                        "Join Type": "Inner",
                                                        "Startup Cost": 1065172.36,
                                                        "Total Cost": 1335915.79,
                                                        "Plan Rows": 1,
                                                        "Plan Width": 47,
                                                        "Actual Startup Time": 3125.658,
                                                        "Actual Total Time": 3140.446,
                                                        "Actual Rows": 661,
                                                        "Actual Loops": 8,
                                                        "Inner Unique": false,
                                                        "Hash Cond": "((u1.id = a1.owner_user_id) AND (u1.site_id = s.site_id))",
                                                        "Workers": [],
                                                        "Plans": [
                                                            {
                                                                "Node Type": "Seq Scan",
                                                                "Parent Relationship": "Outer",
                                                                "Parallel Aware": true,
                                                                "Async Capable": false,
                                                                "Relation Name": "so_user",
                                                                "Alias": "u1",
                                                                "Startup Cost": 0.0,
                                                                "Total Cost": 260486.52,
                                                                "Plan Rows": 1367585,
                                                                "Plan Width": 8,
                                                                "Actual Startup Time": 0.021,
                                                                "Actual Total Time": 133.902,
                                                                "Actual Rows": 852113,
                                                                "Actual Loops": 8,
                                                                "Filter": "((reputation >= 10) AND (reputation <= 100000))",
                                                                "Rows Removed by Filter": 1785050,
                                                                "Workers": []
                                                            },
                                                            {
                                                                "Node Type": "Hash",
                                                                "Parent Relationship": "Inner",
                                                                "Parallel Aware": true,
                                                                "Async Capable": false,
                                                                "Startup Cost": 1065172.35,
                                                                "Total Cost": 1065172.35,
                                                                "Plan Rows": 1,
                                                                "Plan Width": 39,
                                                                "Actual Startup Time": 2961.23,
                                                                "Actual Total Time": 2961.236,
                                                                "Actual Rows": 752,
                                                                "Actual Loops": 8,
                                                                "Hash Buckets": 8192,
                                                                "Original Hash Buckets": 1024,
                                                                "Hash Batches": 1,
                                                                "Original Hash Batches": 1,
                                                                "Peak Memory Usage": 696,
                                                                "Workers": [],
                                                                "Plans": [
                                                                    {
                                                                        "Node Type": "Hash Join",
                                                                        "Parent Relationship": "Outer",
                                                                        "Parallel Aware": true,
                                                                        "Async Capable": false,
                                                                        "Join Type": "Inner",
                                                                        "Startup Cost": 295798.48,
                                                                        "Total Cost": 1065172.35,
                                                                        "Plan Rows": 1,
                                                                        "Plan Width": 39,
                                                                        "Actual Startup Time": 1390.522,
                                                                        "Actual Total Time": 1588.365,
                                                                        "Actual Rows": 752,
                                                                        "Actual Loops": 8,
                                                                        "Inner Unique": false,
                                                                        "Hash Cond": "((a1.question_id = tq1.question_id) AND (a1.site_id = s.site_id))",
                                                                        "Workers": [],
                                                                        "Plans": [
                                                                            {
                                                                                "Node Type": "Seq Scan",
                                                                                "Parent Relationship": "Outer",
                                                                                "Parallel Aware": true,
                                                                                "Async Capable": false,
                                                                                "Relation Name": "answer",
                                                                                "Alias": "a1",
                                                                                "Startup Cost": 0.0,
                                                                                "Total Cost": 762572.49,
                                                                                "Plan Rows": 906849,
                                                                                "Plan Width": 12,
                                                                                "Actual Startup Time": 0.038,
                                                                                "Actual Total Time": 160.655,
                                                                                "Actual Rows": 793444,
                                                                                "Actual Loops": 8,
                                                                                "Workers": []
                                                                            },
                                                                            {
                                                                                "Node Type": "Hash",
                                                                                "Parent Relationship": "Inner",
                                                                                "Parallel Aware": true,
                                                                                "Async Capable": false,
                                                                                "Startup Cost": 295798.42,
                                                                                "Total Cost": 295798.42,
                                                                                "Plan Rows": 4,
                                                                                "Plan Width": 27,
                                                                                "Actual Startup Time": 1364.242,
                                                                                "Actual Total Time": 1364.245,
                                                                                "Actual Rows": 1031,
                                                                                "Actual Loops": 8,
                                                                                "Hash Buckets": 8192,
                                                                                "Original Hash Buckets": 1024,
                                                                                "Hash Batches": 1,
                                                                                "Original Hash Batches": 1,
                                                                                "Peak Memory Usage": 696,
                                                                                "Workers": [],
                                                                                "Plans": [
                                                                                    {
                                                                                        "Node Type": "Hash Join",
                                                                                        "Parent Relationship": "Outer",
                                                                                        "Parallel Aware": true,
                                                                                        "Async Capable": false,
                                                                                        "Join Type": "Inner",
                                                                                        "Startup Cost": 2576.51,
                                                                                        "Total Cost": 295798.42,
                                                                                        "Plan Rows": 4,
                                                                                        "Plan Width": 27,
                                                                                        "Actual Startup Time": 176.535,
                                                                                        "Actual Total Time": 348.473,
                                                                                        "Actual Rows": 1031,
                                                                                        "Actual Loops": 8,
                                                                                        "Inner Unique": true,
                                                                                        "Hash Cond": "((s.site_id = t1.site_id) AND (tq1.tag_id = t1.id))",
                                                                                        "Workers": [],
                                                                                        "Plans": [
                                                                                            {
                                                                                                "Node Type": "Hash Join",
                                                                                                "Parent Relationship": "Outer",
                                                                                                "Parallel Aware": false,
                                                                                                "Async Capable": false,
                                                                                                "Join Type": "Inner",
                                                                                                "Startup Cost": 3.18,
                                                                                                "Total Cost": 293001.22,
                                                                                                "Plan Rows": 42640,
                                                                                                "Plan Width": 16,
                                                                                                "Actual Startup Time": 175.242,
                                                                                                "Actual Total Time": 346.388,
                                                                                                "Actual Rows": 16652,
                                                                                                "Actual Loops": 8,
                                                                                                "Inner Unique": true,
                                                                                                "Hash Cond": "(tq1.site_id = s.site_id)",
                                                                                                "Workers": [],
                                                                                                "Plans": [
                                                                                                    {
                                                                                                        "Node Type": "Seq Scan",
                                                                                                        "Parent Relationship": "Outer",
                                                                                                        "Parallel Aware": true,
                                                                                                        "Async Capable": false,
                                                                                                        "Relation Name": "tag_question",
                                                                                                        "Alias": "tq1",
                                                                                                        "Startup Cost": 0.0,
                                                                                                        "Total Cost": 273159.66,
                                                                                                        "Plan Rows": 7376766,
                                                                                                        "Plan Width": 12,
                                                                                                        "Actual Startup Time": 0.045,
                                                                                                        "Actual Total Time": 186.688,
                                                                                                        "Actual Rows": 4610477,
                                                                                                        "Actual Loops": 8,
                                                                                                        "Workers": []
                                                                                                    },
                                                                                                    {
                                                                                                        "Node Type": "Hash",
                                                                                                        "Parent Relationship": "Inner",
                                                                                                        "Parallel Aware": false,
                                                                                                        "Async Capable": false,
                                                                                                        "Startup Cost": 3.16,
                                                                                                        "Total Cost": 3.16,
                                                                                                        "Plan Rows": 1,
                                                                                                        "Plan Width": 4,
                                                                                                        "Actual Startup Time": 0.02,
                                                                                                        "Actual Total Time": 0.02,
                                                                                                        "Actual Rows": 1,
                                                                                                        "Actual Loops": 8,
                                                                                                        "Hash Buckets": 1024,
                                                                                                        "Original Hash Buckets": 1024,
                                                                                                        "Hash Batches": 1,
                                                                                                        "Original Hash Batches": 1,
                                                                                                        "Peak Memory Usage": 9,
                                                                                                        "Workers": [],
                                                                                                        "Plans": [
                                                                                                            {
                                                                                                                "Node Type": "Seq Scan",
                                                                                                                "Parent Relationship": "Outer",
                                                                                                                "Parallel Aware": false,
                                                                                                                "Async Capable": false,
                                                                                                                "Relation Name": "site",
                                                                                                                "Alias": "s",
                                                                                                                "Startup Cost": 0.0,
                                                                                                                "Total Cost": 3.16,
                                                                                                                "Plan Rows": 1,
                                                                                                                "Plan Width": 4,
                                                                                                                "Actual Startup Time": 0.012,
                                                                                                                "Actual Total Time": 0.017,
                                                                                                                "Actual Rows": 1,
                                                                                                                "Actual Loops": 8,
                                                                                                                "Filter": "((site_name)::text = 'english'::text)",
                                                                                                                "Rows Removed by Filter": 172,
                                                                                                                "Workers": []
                                                                                                            }
                                                                                                        ]
                                                                                                    }
                                                                                                ]
                                                                                            },
                                                                                            {
                                                                                                "Node Type": "Hash",
                                                                                                "Parent Relationship": "Inner",
                                                                                                "Parallel Aware": true,
                                                                                                "Async Capable": false,
                                                                                                "Startup Cost": 2573.31,
                                                                                                "Total Cost": 2573.31,
                                                                                                "Plan Rows": 2,
                                                                                                "Plan Width": 19,
                                                                                                "Actual Startup Time": 1.245,
                                                                                                "Actual Total Time": 1.246,
                                                                                                "Actual Rows": 2,
                                                                                                "Actual Loops": 8,
                                                                                                "Hash Buckets": 1024,
                                                                                                "Original Hash Buckets": 1024,
                                                                                                "Hash Batches": 1,
                                                                                                "Original Hash Batches": 1,
                                                                                                "Peak Memory Usage": 168,
                                                                                                "Workers": [],
                                                                                                "Plans": [
                                                                                                    {
                                                                                                        "Node Type": "Seq Scan",
                                                                                                        "Parent Relationship": "Outer",
                                                                                                        "Parallel Aware": true,
                                                                                                        "Async Capable": false,
                                                                                                        "Relation Name": "tag",
                                                                                                        "Alias": "t1",
                                                                                                        "Startup Cost": 0.0,
                                                                                                        "Total Cost": 2573.31,
                                                                                                        "Plan Rows": 2,
                                                                                                        "Plan Width": 19,
                                                                                                        "Actual Startup Time": 0.452,
                                                                                                        "Actual Total Time": 1.4,
                                                                                                        "Actual Rows": 2,
                                                                                                        "Actual Loops": 7,
                                                                                                        "Filter": "((name)::text = 'meaning'::text)",
                                                                                                        "Rows Removed by Filter": 26679,
                                                                                                        "Workers": []
                                                                                                    }
                                                                                                ]
                                                                                            }
                                                                                        ]
                                                                                    }
                                                                                ]
                                                                            }
                                                                        ]
                                                                    }
                                                                ]
                                                            }
                                                        ]
                                                    }
                                                ]
                                            }
                                        ]
                                    }
                                ]
                            }
                        ]
                    },
                    "Planning Time": 2.85,
                    "Triggers": [],
                    "Execution Time": 3688.405
                }
            ],
            "hints": [
                "SET enable_hashjoin TO on",
                "SET enable_indexonlyscan TO on",
                "SET enable_indexscan TO off",
                "SET enable_mergejoin TO off",
                "SET enable_nestloop TO off",
                "SET enable_seqscan TO on"
            ]
        },
        {
            "arm": 4,
            "execution_time": 40.342,
            "plan": [
                {
                    "Plan": {
                        "Node Type": "Aggregate",
                        "Strategy": "Sorted",
                        "Partial Mode": "Simple",
                        "Parallel Aware": false,
                        "Async Capable": false,
                        "Startup Cost": 1.87,
                        "Total Cost": 3767.61,
                        "Plan Rows": 1,
                        "Plan Width": 19,
                        "Actual Startup Time": 40.309,
                        "Actual Total Time": 40.311,
                        "Actual Rows": 1,
                        "Actual Loops": 1,
                        "Plans": [
                            {
                                "Node Type": "Nested Loop",
                                "Parent Relationship": "Outer",
                                "Parallel Aware": false,
                                "Async Capable": false,
                                "Join Type": "Inner",
                                "Startup Cost": 1.87,
                                "Total Cost": 3767.59,
                                "Plan Rows": 1,
                                "Plan Width": 11,
                                "Actual Startup Time": 25.448,
                                "Actual Total Time": 40.306,
                                "Actual Rows": 2,
                                "Actual Loops": 1,
                                "Inner Unique": true,
                                "Join Filter": "((u1.id = q1.owner_user_id) AND (q1.id = a1.question_id) AND (s.site_id = q1.site_id))",
                                "Rows Removed by Join Filter": 260,
                                "Plans": [
                                    {
                                        "Node Type": "Nested Loop",
                                        "Parent Relationship": "Outer",
                                        "Parallel Aware": false,
                                        "Async Capable": false,
                                        "Join Type": "Inner",
                                        "Startup Cost": 1.44,
                                        "Total Cost": 3760.58,
                                        "Plan Rows": 1,
                                        "Plan Width": 47,
                                        "Actual Startup Time": 1.292,
                                        "Actual Total Time": 31.392,
                                        "Actual Rows": 5288,
                                        "Actual Loops": 1,
                                        "Inner Unique": true,
                                        "Join Filter": "(s.site_id = u1.site_id)",
                                        "Rows Removed by Join Filter": 0,
                                        "Plans": [
                                            {
                                                "Node Type": "Nested Loop",
                                                "Parent Relationship": "Outer",
                                                "Parallel Aware": false,
                                                "Async Capable": false,
                                                "Join Type": "Inner",
                                                "Startup Cost": 1.0,
                                                "Total Cost": 3753.57,
                                                "Plan Rows": 1,
                                                "Plan Width": 39,
                                                "Actual Startup Time": 1.286,
                                                "Actual Total Time": 21.274,
                                                "Actual Rows": 6014,
                                                "Actual Loops": 1,
                                                "Inner Unique": false,
                                                "Join Filter": "(s.site_id = a1.site_id)",
                                                "Rows Removed by Join Filter": 0,
                                                "Plans": [
                                                    {
                                                        "Node Type": "Nested Loop",
                                                        "Parent Relationship": "Outer",
                                                        "Parallel Aware": false,
                                                        "Async Capable": false,
                                                        "Join Type": "Inner",
                                                        "Startup Cost": 0.56,
                                                        "Total Cost": 3599.9,
                                                        "Plan Rows": 22,
                                                        "Plan Width": 27,
                                                        "Actual Startup Time": 1.279,
                                                        "Actual Total Time": 10.487,
                                                        "Actual Rows": 8245,
                                                        "Actual Loops": 1,
                                                        "Inner Unique": false,
                                                        "Join Filter": "(s.site_id = tq1.site_id)",
                                                        "Rows Removed by Join Filter": 0,
                                                        "Plans": [
                                                            {
                                                                "Node Type": "Nested Loop",
                                                                "Parent Relationship": "Outer",
                                                                "Parallel Aware": false,
                                                                "Async Capable": false,
                                                                "Join Type": "Inner",
                                                                "Startup Cost": 0.0,
                                                                "Total Cost": 3537.82,
                                                                "Plan Rows": 1,
                                                                "Plan Width": 23,
                                                                "Actual Startup Time": 1.262,
                                                                "Actual Total Time": 7.797,
                                                                "Actual Rows": 1,
                                                                "Actual Loops": 1,
                                                                "Inner Unique": false,
                                                                "Join Filter": "(s.site_id = t1.site_id)",
                                                                "Rows Removed by Join Filter": 16,
                                                                "Plans": [
                                                                    {
                                                                        "Node Type": "Seq Scan",
                                                                        "Parent Relationship": "Outer",
                                                                        "Parallel Aware": false,
                                                                        "Async Capable": false,
                                                                        "Relation Name": "site",
                                                                        "Alias": "s",
                                                                        "Startup Cost": 0.0,
                                                                        "Total Cost": 3.16,
                                                                        "Plan Rows": 1,
                                                                        "Plan Width": 4,
                                                                        "Actual Startup Time": 0.01,
                                                                        "Actual Total Time": 0.015,
                                                                        "Actual Rows": 1,
                                                                        "Actual Loops": 1,
                                                                        "Filter": "((site_name)::text = 'english'::text)",
                                                                        "Rows Removed by Filter": 172
                                                                    },
                                                                    {
                                                                        "Node Type": "Seq Scan",
                                                                        "Parent Relationship": "Inner",
                                                                        "Parallel Aware": false,
                                                                        "Async Capable": false,
                                                                        "Relation Name": "tag",
                                                                        "Alias": "t1",
                                                                        "Startup Cost": 0.0,
                                                                        "Total Cost": 3534.62,
                                                                        "Plan Rows": 3,
                                                                        "Plan Width": 19,
                                                                        "Actual Startup Time": 0.638,
                                                                        "Actual Total Time": 7.779,
                                                                        "Actual Rows": 17,
                                                                        "Actual Loops": 1,
                                                                        "Filter": "((name)::text = 'meaning'::text)",
                                                                        "Rows Removed by Filter": 186753
                                                                    }
                                                                ]
                                                            },
                                                            {
                                                                "Node Type": "Index Only Scan",
                                                                "Parent Relationship": "Inner",
                                                                "Parallel Aware": false,
                                                                "Async Capable": false,
                                                                "Scan Direction": "Forward",
                                                                "Index Name": "tag_question_site_id_tag_id_question_id_idx",
                                                                "Relation Name": "tag_question",
                                                                "Alias": "tq1",
                                                                "Startup Cost": 0.56,
                                                                "Total Cost": 61.69,
                                                                "Plan Rows": 31,
                                                                "Plan Width": 12,
                                                                "Actual Startup Time": 0.016,
                                                                "Actual Total Time": 2.211,
                                                                "Actual Rows": 8245,
                                                                "Actual Loops": 1,
                                                                "Index Cond": "((site_id = t1.site_id) AND (tag_id = t1.id))",
                                                                "Rows Removed by Index Recheck": 0,
                                                                "Heap Fetches": 8245
                                                            }
                                                        ]
                                                    },
                                                    {
                                                        "Node Type": "Index Scan",
                                                        "Parent Relationship": "Inner",
                                                        "Parallel Aware": false,
                                                        "Async Capable": false,
                                                        "Scan Direction": "Forward",
                                                        "Index Name": "answer_site_id_question_id_idx",
                                                        "Relation Name": "answer",
                                                        "Alias": "a1",
                                                        "Startup Cost": 0.43,
                                                        "Total Cost": 6.97,
                                                        "Plan Rows": 1,
                                                        "Plan Width": 12,
                                                        "Actual Startup Time": 0.001,
                                                        "Actual Total Time": 0.001,
                                                        "Actual Rows": 1,
                                                        "Actual Loops": 8245,
                                                        "Index Cond": "((site_id = tq1.site_id) AND (question_id = tq1.question_id))",
                                                        "Rows Removed by Index Recheck": 0
                                                    }
                                                ]
                                            },
                                            {
                                                "Node Type": "Index Scan",
                                                "Parent Relationship": "Inner",
                                                "Parallel Aware": false,
                                                "Async Capable": false,
                                                "Scan Direction": "Forward",
                                                "Index Name": "so_user_pkey",
                                                "Relation Name": "so_user",
                                                "Alias": "u1",
                                                "Startup Cost": 0.44,
                                                "Total Cost": 7.01,
                                                "Plan Rows": 1,
                                                "Plan Width": 8,
                                                "Actual Startup Time": 0.002,
                                                "Actual Total Time": 0.002,
                                                "Actual Rows": 1,
                                                "Actual Loops": 6014,
                                                "Index Cond": "((id = a1.owner_user_id) AND (site_id = a1.site_id))",
                                                "Rows Removed by Index Recheck": 0,
                                                "Filter": "((reputation >= 10) AND (reputation <= 100000))",
                                                "Rows Removed by Filter": 0
                                            }
                                        ]
                                    },
                                    {
                                        "Node Type": "Index Scan",
                                        "Parent Relationship": "Inner",
                                        "Parallel Aware": false,
                                        "Async Capable": false,
                                        "Scan Direction": "Forward",
                                        "Index Name": "question_pkey",
                                        "Relation Name": "question",
                                        "Alias": "q1",
                                        "Startup Cost": 0.43,
                                        "Total Cost": 6.99,
                                        "Plan Rows": 1,
                                        "Plan Width": 12,
                                        "Actual Startup Time": 0.002,
                                        "Actual Total Time": 0.002,
                                        "Actual Rows": 0,
                                        "Actual Loops": 5288,
                                        "Index Cond": "((id = tq1.question_id) AND (site_id = tq1.site_id))",
                                        "Rows Removed by Index Recheck": 0,
                                        "Filter": "((view_count >= 0) AND (view_count <= 100))",
                                        "Rows Removed by Filter": 1
                                    }
                                ]
                            }
                        ]
                    },
                    "Planning Time": 3.086,
                    "Triggers": [],
                    "Execution Time": 40.342
                }
            ],
            "hints": [
                "SET enable_hashjoin TO on",
                "SET enable_indexonlyscan TO on",
                "SET enable_indexscan TO on",
                "SET enable_mergejoin TO off",
                "SET enable_nestloop TO on",
                "SET enable_seqscan TO on"
            ]
        }
    ]
}