{
    "sql_file": "soload_q8-003.sql",
    "query": "select count(distinct q1.id) from\nsite, post_link pl, question q1, question q2, comment c1, comment c2,\ntag, tag_question tq1, tag_question tq2\nwhere\nsite.site_name = 'german' and\npl.site_id = site.site_id and\n\npl.site_id = q1.site_id and\npl.post_id_from = q1.id and\npl.site_id = q2.site_id and\npl.post_id_to = q2.id and\n\nc1.site_id = q1.site_id and\nc1.post_id = q1.id and\n\nc2.site_id = q2.site_id and\nc2.post_id = q2.id and\n\nc1.date > c2.date and\n\ntag.name in ('python-3.x', 'html') and\ntag.id = tq1.tag_id and\ntag.site_id = tq1.site_id and\ntag.id = tq2.tag_id and\ntag.site_id = tq1.site_id and\n\ntag.site_id = pl.site_id and\n\ntq1.site_id = q1.site_id and\ntq1.question_id = q1.id and\ntq2.site_id = q2.site_id and\ntq2.question_id = q2.id;",
    "results": [
        {
            "arm": 0,
            "execution_time": 10.154,
            "plan": [
                {
                    "Plan": {
                        "Node Type": "Aggregate",
                        "Strategy": "Plain",
                        "Partial Mode": "Simple",
                        "Parallel Aware": false,
                        "Async Capable": false,
                        "Startup Cost": 3730.26,
                        "Total Cost": 3730.27,
                        "Plan Rows": 1,
                        "Plan Width": 8,
                        "Actual Startup Time": 10.107,
                        "Actual Total Time": 10.109,
                        "Actual Rows": 1,
                        "Actual Loops": 1,
                        "Plans": [
                            {
                                "Node Type": "Sort",
                                "Parent Relationship": "Outer",
                                "Parallel Aware": false,
                                "Async Capable": false,
                                "Startup Cost": 3730.25,
                                "Total Cost": 3730.26,
                                "Plan Rows": 1,
                                "Plan Width": 4,
                                "Actual Startup Time": 10.105,
                                "Actual Total Time": 10.107,
                                "Actual Rows": 0,
                                "Actual Loops": 1,
                                "Sort Key": [
                                    "q1.id"
                                ],
                                "Sort Method": "quicksort",
                                "Sort Space Used": 25,
                                "Sort Space Type": "Memory",
                                "Plans": [
                                    {
                                        "Node Type": "Nested Loop",
                                        "Parent Relationship": "Outer",
                                        "Parallel Aware": false,
                                        "Async Capable": false,
                                        "Join Type": "Inner",
                                        "Startup Cost": 3.56,
                                        "Total Cost": 3730.24,
                                        "Plan Rows": 1,
                                        "Plan Width": 4,
                                        "Actual Startup Time": 10.101,
                                        "Actual Total Time": 10.103,
                                        "Actual Rows": 0,
                                        "Actual Loops": 1,
                                        "Inner Unique": false,
                                        "Join Filter": "((c1.date > c2.date) AND (pl.post_id_to = c2.post_id) AND (c2.site_id = tag.site_id))",
                                        "Rows Removed by Join Filter": 0,
                                        "Plans": [
                                            {
                                                "Node Type": "Nested Loop",
                                                "Parent Relationship": "Outer",
                                                "Parallel Aware": false,
                                                "Async Capable": false,
                                                "Join Type": "Inner",
                                                "Startup Cost": 3.0,
                                                "Total Cost": 3722.08,
                                                "Plan Rows": 1,
                                                "Plan Width": 56,
                                                "Actual Startup Time": 10.101,
                                                "Actual Total Time": 10.102,
                                                "Actual Rows": 0,
                                                "Actual Loops": 1,
                                                "Inner Unique": true,
                                                "Join Filter": "((tag.id = tq2.tag_id) AND (tag.site_id = tq2.site_id))",
                                                "Rows Removed by Join Filter": 0,
                                                "Plans": [
                                                    {
                                                        "Node Type": "Nested Loop",
                                                        "Parent Relationship": "Outer",
                                                        "Parallel Aware": false,
                                                        "Async Capable": false,
                                                        "Join Type": "Inner",
                                                        "Startup Cost": 2.43,
                                                        "Total Cost": 3713.92,
                                                        "Plan Rows": 1,
                                                        "Plan Width": 56,
                                                        "Actual Startup Time": 10.101,
                                                        "Actual Total Time": 10.102,
                                                        "Actual Rows": 0,
                                                        "Actual Loops": 1,
                                                        "Inner Unique": true,
                                                        "Join Filter": "(q2.site_id = tag.site_id)",
                                                        "Rows Removed by Join Filter": 0,
                                                        "Plans": [
                                                            {
                                                                "Node Type": "Nested Loop",
                                                                "Parent Relationship": "Outer",
                                                                "Parallel Aware": false,
                                                                "Async Capable": false,
                                                                "Join Type": "Inner",
                                                                "Startup Cost": 2.0,
                                                                "Total Cost": 3709.68,
                                                                "Plan Rows": 1,
                                                                "Plan Width": 48,
                                                                "Actual Startup Time": 10.101,
                                                                "Actual Total Time": 10.102,
                                                                "Actual Rows": 0,
                                                                "Actual Loops": 1,
                                                                "Inner Unique": false,
                                                                "Join Filter": "(pl.site_id = tag.site_id)",
                                                                "Rows Removed by Join Filter": 0,
                                                                "Plans": [
                                                                    {
                                                                        "Node Type": "Nested Loop",
                                                                        "Parent Relationship": "Outer",
                                                                        "Parallel Aware": false,
                                                                        "Async Capable": false,
                                                                        "Join Type": "Inner",
                                                                        "Startup Cost": 1.57,
                                                                        "Total Cost": 3701.67,
                                                                        "Plan Rows": 1,
                                                                        "Plan Width": 48,
                                                                        "Actual Startup Time": 10.1,
                                                                        "Actual Total Time": 10.102,
                                                                        "Actual Rows": 0,
                                                                        "Actual Loops": 1,
                                                                        "Inner Unique": false,
                                                                        "Join Filter": "(c1.site_id = tag.site_id)",
                                                                        "Rows Removed by Join Filter": 0,
                                                                        "Plans": [
                                                                            {
                                                                                "Node Type": "Nested Loop",
                                                                                "Parent Relationship": "Outer",
                                                                                "Parallel Aware": false,
                                                                                "Async Capable": false,
                                                                                "Join Type": "Inner",
                                                                                "Startup Cost": 1.0,
                                                                                "Total Cost": 3693.51,
                                                                                "Plan Rows": 1,
                                                                                "Plan Width": 32,
                                                                                "Actual Startup Time": 10.1,
                                                                                "Actual Total Time": 10.101,
                                                                                "Actual Rows": 0,
                                                                                "Actual Loops": 1,
                                                                                "Inner Unique": true,
                                                                                "Join Filter": "(q1.site_id = tag.site_id)",
                                                                                "Rows Removed by Join Filter": 0,
                                                                                "Plans": [
                                                                                    {
                                                                                        "Node Type": "Nested Loop",
                                                                                        "Parent Relationship": "Outer",
                                                                                        "Parallel Aware": false,
                                                                                        "Async Capable": false,
                                                                                        "Join Type": "Inner",
                                                                                        "Startup Cost": 0.56,
                                                                                        "Total Cost": 3600.17,
                                                                                        "Plan Rows": 22,
                                                                                        "Plan Width": 24,
                                                                                        "Actual Startup Time": 10.1,
                                                                                        "Actual Total Time": 10.101,
                                                                                        "Actual Rows": 0,
                                                                                        "Actual Loops": 1,
                                                                                        "Inner Unique": false,
                                                                                        "Plans": [
                                                                                            {
                                                                                                "Node Type": "Nested Loop",
                                                                                                "Parent Relationship": "Outer",
                                                                                                "Parallel Aware": false,
                                                                                                "Async Capable": false,
                                                                                                "Join Type": "Inner",
                                                                                                "Startup Cost": 0.0,
                                                                                                "Total Cost": 3538.36,
                                                                                                "Plan Rows": 1,
                                                                                                "Plan Width": 12,
                                                                                                "Actual Startup Time": 10.1,
                                                                                                "Actual Total Time": 10.101,
                                                                                                "Actual Rows": 0,
                                                                                                "Actual Loops": 1,
                                                                                                "Inner Unique": false,
                                                                                                "Join Filter": "(site.site_id = tag.site_id)",
                                                                                                "Rows Removed by Join Filter": 39,
                                                                                                "Plans": [
                                                                                                    {
                                                                                                        "Node Type": "Seq Scan",
                                                                                                        "Parent Relationship": "Outer",
                                                                                                        "Parallel Aware": false,
                                                                                                        "Async Capable": false,
                                                                                                        "Relation Name": "site",
                                                                                                        "Alias": "site",
                                                                                                        "Startup Cost": 0.0,
                                                                                                        "Total Cost": 3.16,
                                                                                                        "Plan Rows": 1,
                                                                                                        "Plan Width": 4,
                                                                                                        "Actual Startup Time": 0.013,
                                                                                                        "Actual Total Time": 0.018,
                                                                                                        "Actual Rows": 1,
                                                                                                        "Actual Loops": 1,
                                                                                                        "Filter": "((site_name)::text = 'german'::text)",
                                                                                                        "Rows Removed by Filter": 172
                                                                                                    },
                                                                                                    {
                                                                                                        "Node Type": "Seq Scan",
                                                                                                        "Parent Relationship": "Inner",
                                                                                                        "Parallel Aware": false,
                                                                                                        "Async Capable": false,
                                                                                                        "Relation Name": "tag",
                                                                                                        "Alias": "tag",
                                                                                                        "Startup Cost": 0.0,
                                                                                                        "Total Cost": 3534.62,
                                                                                                        "Plan Rows": 46,
                                                                                                        "Plan Width": 8,
                                                                                                        "Actual Startup Time": 0.089,
                                                                                                        "Actual Total Time": 10.08,
                                                                                                        "Actual Rows": 39,
                                                                                                        "Actual Loops": 1,
                                                                                                        "Filter": "((name)::text = ANY ('{python-3.x,html}'::text[]))",
                                                                                                        "Rows Removed by Filter": 186731
                                                                                                    }
                                                                                                ]
                                                                                            },
                                                                                            {
                                                                                                "Node Type": "Index Only Scan",
                                                                                                "Parent Relationship": "Inner",
                                                                                                "Parallel Aware": false,
                                                                                                "Async Capable": false,
                                                                                                "Scan Direction": "Forward",
                                                                                                "Index Name": "tag_question_site_id_tag_id_question_id_idx",
                                                                                                "Relation Name": "tag_question",
                                                                                                "Alias": "tq1",
                                                                                                "Startup Cost": 0.56,
                                                                                                "Total Cost": 61.49,
                                                                                                "Plan Rows": 31,
                                                                                                "Plan Width": 12,
                                                                                                "Actual Startup Time": 0.0,
                                                                                                "Actual Total Time": 0.0,
                                                                                                "Actual Rows": 0,
                                                                                                "Actual Loops": 0,
                                                                                                "Index Cond": "((site_id = tag.site_id) AND (tag_id = tag.id))",
                                                                                                "Rows Removed by Index Recheck": 0,
                                                                                                "Heap Fetches": 0
                                                                                            }
                                                                                        ]
                                                                                    },
                                                                                    {
                                                                                        "Node Type": "Index Only Scan",
                                                                                        "Parent Relationship": "Inner",
                                                                                        "Parallel Aware": false,
                                                                                        "Async Capable": false,
                                                                                        "Scan Direction": "Forward",
                                                                                        "Index Name": "question_pkey",
                                                                                        "Relation Name": "question",
                                                                                        "Alias": "q1",
                                                                                        "Startup Cost": 0.43,
                                                                                        "Total Cost": 4.23,
                                                                                        "Plan Rows": 1,
                                                                                        "Plan Width": 8,
                                                                                        "Actual Startup Time": 0.0,
                                                                                        "Actual Total Time": 0.0,
                                                                                        "Actual Rows": 0,
                                                                                        "Actual Loops": 0,
                                                                                        "Index Cond": "((id = tq1.question_id) AND (site_id = tq1.site_id))",
                                                                                        "Rows Removed by Index Recheck": 0,
                                                                                        "Heap Fetches": 0
                                                                                    }
                                                                                ]
                                                                            },
                                                                            {
                                                                                "Node Type": "Index Scan",
                                                                                "Parent Relationship": "Inner",
                                                                                "Parallel Aware": false,
                                                                                "Async Capable": false,
                                                                                "Scan Direction": "Forward",
                                                                                "Index Name": "comment_site_id_post_id_idx",
                                                                                "Relation Name": "comment",
                                                                                "Alias": "c1",
                                                                                "Startup Cost": 0.57,
                                                                                "Total Cost": 8.15,
                                                                                "Plan Rows": 1,
                                                                                "Plan Width": 16,
                                                                                "Actual Startup Time": 0.0,
                                                                                "Actual Total Time": 0.0,
                                                                                "Actual Rows": 0,
                                                                                "Actual Loops": 0,
                                                                                "Index Cond": "((site_id = q1.site_id) AND (post_id = q1.id))",
                                                                                "Rows Removed by Index Recheck": 0
                                                                            }
                                                                        ]
                                                                    },
                                                                    {
                                                                        "Node Type": "Index Only Scan",
                                                                        "Parent Relationship": "Inner",
                                                                        "Parallel Aware": false,
                                                                        "Async Capable": false,
                                                                        "Scan Direction": "Forward",
                                                                        "Index Name": "post_link_pkey",
                                                                        "Relation Name": "post_link",
                                                                        "Alias": "pl",
                                                                        "Startup Cost": 0.43,
                                                                        "Total Cost": 8.0,
                                                                        "Plan Rows": 1,
                                                                        "Plan Width": 12,
                                                                        "Actual Startup Time": 0.0,
                                                                        "Actual Total Time": 0.0,
                                                                        "Actual Rows": 0,
                                                                        "Actual Loops": 0,
                                                                        "Index Cond": "((site_id = q1.site_id) AND (post_id_from = q1.id))",
                                                                        "Rows Removed by Index Recheck": 0,
                                                                        "Heap Fetches": 0
                                                                    }
                                                                ]
                                                            },
                                                            {
                                                                "Node Type": "Index Only Scan",
                                                                "Parent Relationship": "Inner",
                                                                "Parallel Aware": false,
                                                                "Async Capable": false,
                                                                "Scan Direction": "Forward",
                                                                "Index Name": "question_pkey",
                                                                "Relation Name": "question",
                                                                "Alias": "q2",
                                                                "Startup Cost": 0.43,
                                                                "Total Cost": 4.23,
                                                                "Plan Rows": 1,
                                                                "Plan Width": 8,
                                                                "Actual Startup Time": 0.0,
                                                                "Actual Total Time": 0.0,
                                                                "Actual Rows": 0,
                                                                "Actual Loops": 0,
                                                                "Index Cond": "((id = pl.post_id_to) AND (site_id = pl.site_id))",
                                                                "Rows Removed by Index Recheck": 0,
                                                                "Heap Fetches": 0
                                                            }
                                                        ]
                                                    },
                                                    {
                                                        "Node Type": "Index Only Scan",
                                                        "Parent Relationship": "Inner",
                                                        "Parallel Aware": false,
                                                        "Async Capable": false,
                                                        "Scan Direction": "Forward",
                                                        "Index Name": "tag_question_pkey",
                                                        "Relation Name": "tag_question",
                                                        "Alias": "tq2",
                                                        "Startup Cost": 0.56,
                                                        "Total Cost": 8.14,
                                                        "Plan Rows": 1,
                                                        "Plan Width": 12,
                                                        "Actual Startup Time": 0.0,
                                                        "Actual Total Time": 0.0,
                                                        "Actual Rows": 0,
                                                        "Actual Loops": 0,
                                                        "Index Cond": "((site_id = pl.site_id) AND (question_id = pl.post_id_to))",
                                                        "Rows Removed by Index Recheck": 0,
                                                        "Heap Fetches": 0
                                                    }
                                                ]
                                            },
                                            {
                                                "Node Type": "Index Scan",
                                                "Parent Relationship": "Inner",
                                                "Parallel Aware": false,
                                                "Async Capable": false,
                                                "Scan Direction": "Forward",
                                                "Index Name": "comment_site_id_post_id_idx",
                                                "Relation Name": "comment",
                                                "Alias": "c2",
                                                "Startup Cost": 0.57,
                                                "Total Cost": 8.15,
                                                "Plan Rows": 1,
                                                "Plan Width": 16,
                                                "Actual Startup Time": 0.0,
                                                "Actual Total Time": 0.0,
                                                "Actual Rows": 0,
                                                "Actual Loops": 0,
                                                "Index Cond": "((site_id = tq2.site_id) AND (post_id = tq2.question_id))",
                                                "Rows Removed by Index Recheck": 0
                                            }
                                        ]
                                    }
                                ]
                            }
                        ]
                    },
                    "Planning Time": 270.348,
                    "Triggers": [],
                    "Execution Time": 10.154
                }
            ],
            "hints": [
                "SET enable_hashjoin TO on",
                "SET enable_indexonlyscan TO on",
                "SET enable_indexscan TO on",
                "SET enable_mergejoin TO on",
                "SET enable_nestloop TO on",
                "SET enable_seqscan TO on"
            ]
        },
        {
            "arm": 1,
            "execution_time": 4817.433,
            "plan": [
                {
                    "Plan": {
                        "Node Type": "Aggregate",
                        "Strategy": "Plain",
                        "Partial Mode": "Simple",
                        "Parallel Aware": false,
                        "Async Capable": false,
                        "Startup Cost": 7101196.59,
                        "Total Cost": 7101196.6,
                        "Plan Rows": 1,
                        "Plan Width": 8,
                        "Actual Startup Time": 4804.047,
                        "Actual Total Time": 4817.375,
                        "Actual Rows": 1,
                        "Actual Loops": 1,
                        "Plans": [
                            {
                                "Node Type": "Sort",
                                "Parent Relationship": "Outer",
                                "Parallel Aware": false,
                                "Async Capable": false,
                                "Startup Cost": 7101196.59,
                                "Total Cost": 7101196.59,
                                "Plan Rows": 1,
                                "Plan Width": 4,
                                "Actual Startup Time": 4804.044,
                                "Actual Total Time": 4817.371,
                                "Actual Rows": 0,
                                "Actual Loops": 1,
                                "Sort Key": [
                                    "q1.id"
                                ],
                                "Sort Method": "quicksort",
                                "Sort Space Used": 25,
                                "Sort Space Type": "Memory",
                                "Plans": [
                                    {
                                        "Node Type": "Gather",
                                        "Parent Relationship": "Outer",
                                        "Parallel Aware": false,
                                        "Async Capable": false,
                                        "Startup Cost": 4095015.77,
                                        "Total Cost": 7101196.58,
                                        "Plan Rows": 1,
                                        "Plan Width": 4,
                                        "Actual Startup Time": 4804.039,
                                        "Actual Total Time": 4817.365,
                                        "Actual Rows": 0,
                                        "Actual Loops": 1,
                                        "Workers Planned": 8,
                                        "Workers Launched": 7,
                                        "Single Copy": false,
                                        "Plans": [
                                            {
                                                "Node Type": "Hash Join",
                                                "Parent Relationship": "Outer",
                                                "Parallel Aware": true,
                                                "Async Capable": false,
                                                "Join Type": "Inner",
                                                "Startup Cost": 4094015.77,
                                                "Total Cost": 7100196.48,
                                                "Plan Rows": 1,
                                                "Plan Width": 4,
                                                "Actual Startup Time": 4801.103,
                                                "Actual Total Time": 4801.112,
                                                "Actual Rows": 0,
                                                "Actual Loops": 8,
                                                "Inner Unique": false,
                                                "Hash Cond": "((c2.post_id = pl.post_id_to) AND (c2.site_id = tag.site_id))",
                                                "Join Filter": "(c1.date > c2.date)",
                                                "Rows Removed by Join Filter": 0,
                                                "Workers": [],
                                                "Plans": [
                                                    {
                                                        "Node Type": "Seq Scan",
                                                        "Parent Relationship": "Outer",
                                                        "Parallel Aware": true,
                                                        "Async Capable": false,
                                                        "Relation Name": "comment",
                                                        "Alias": "c2",
                                                        "Startup Cost": 0.0,
                                                        "Total Cost": 2909153.53,
                                                        "Plan Rows": 12936953,
                                                        "Plan Width": 16,
                                                        "Actual Startup Time": 0.0,
                                                        "Actual Total Time": 0.0,
                                                        "Actual Rows": 0,
                                                        "Actual Loops": 0,
                                                        "Workers": []
                                                    },
                                                    {
                                                        "Node Type": "Hash",
                                                        "Parent Relationship": "Inner",
                                                        "Parallel Aware": true,
                                                        "Async Capable": false,
                                                        "Startup Cost": 4094015.76,
                                                        "Total Cost": 4094015.76,
                                                        "Plan Rows": 1,
                                                        "Plan Width": 56,
                                                        "Actual Startup Time": 4800.925,
                                                        "Actual Total Time": 4800.933,
                                                        "Actual Rows": 0,
                                                        "Actual Loops": 8,
                                                        "Hash Buckets": 1024,
                                                        "Original Hash Buckets": 1024,
                                                        "Hash Batches": 1,
                                                        "Original Hash Batches": 1,
                                                        "Peak Memory Usage": 0,
                                                        "Workers": [],
                                                        "Plans": [
                                                            {
                                                                "Node Type": "Hash Join",
                                                                "Parent Relationship": "Outer",
                                                                "Parallel Aware": true,
                                                                "Async Capable": false,
                                                                "Join Type": "Inner",
                                                                "Startup Cost": 3854659.1,
                                                                "Total Cost": 4094015.76,
                                                                "Plan Rows": 1,
                                                                "Plan Width": 56,
                                                                "Actual Startup Time": 4800.785,
                                                                "Actual Total Time": 4800.793,
                                                                "Actual Rows": 0,
                                                                "Actual Loops": 8,
                                                                "Inner Unique": false,
                                                                "Hash Cond": "((q2.id = pl.post_id_to) AND (q2.site_id = tag.site_id))",
                                                                "Workers": [],
                                                                "Plans": [
                                                                    {
                                                                        "Node Type": "Index Only Scan",
                                                                        "Parent Relationship": "Outer",
                                                                        "Parallel Aware": true,
                                                                        "Async Capable": false,
                                                                        "Scan Direction": "Forward",
                                                                        "Index Name": "question_pkey",
                                                                        "Relation Name": "question",
                                                                        "Alias": "q2",
                                                                        "Startup Cost": 0.43,
                                                                        "Total Cost": 223540.47,
                                                                        "Plan Rows": 2108881,
                                                                        "Plan Width": 8,
                                                                        "Actual Startup Time": 0.0,
                                                                        "Actual Total Time": 0.0,
                                                                        "Actual Rows": 0,
                                                                        "Actual Loops": 0,
                                                                        "Heap Fetches": 0,
                                                                        "Workers": []
                                                                    },
                                                                    {
                                                                        "Node Type": "Hash",
                                                                        "Parent Relationship": "Inner",
                                                                        "Parallel Aware": true,
                                                                        "Async Capable": false,
                                                                        "Startup Cost": 3854658.65,
                                                                        "Total Cost": 3854658.65,
                                                                        "Plan Rows": 1,
                                                                        "Plan Width": 48,
                                                                        "Actual Startup Time": 4800.695,
                                                                        "Actual Total Time": 4800.702,
                                                                        "Actual Rows": 0,
                                                                        "Actual Loops": 8,
                                                                        "Hash Buckets": 1024,
                                                                        "Original Hash Buckets": 1024,
                                                                        "Hash Batches": 1,
                                                                        "Original Hash Batches": 1,
                                                                        "Peak Memory Usage": 0,
                                                                        "Workers": [],
                                                                        "Plans": [
                                                                            {
                                                                                "Node Type": "Hash Join",
                                                                                "Parent Relationship": "Outer",
                                                                                "Parallel Aware": true,
                                                                                "Async Capable": false,
                                                                                "Join Type": "Inner",
                                                                                "Startup Cost": 3542748.41,
                                                                                "Total Cost": 3854658.65,
                                                                                "Plan Rows": 1,
                                                                                "Plan Width": 48,
                                                                                "Actual Startup Time": 4800.589,
                                                                                "Actual Total Time": 4800.596,
                                                                                "Actual Rows": 0,
                                                                                "Actual Loops": 8,
                                                                                "Inner Unique": false,
                                                                                "Hash Cond": "((tq2.question_id = pl.post_id_to) AND (tag.id = tq1.tag_id) AND (tag.site_id = tq1.site_id))",
                                                                                "Workers": [],
                                                                                "Plans": [
                                                                                    {
                                                                                        "Node Type": "Hash Join",
                                                                                        "Parent Relationship": "Outer",
                                                                                        "Parallel Aware": true,
                                                                                        "Async Capable": false,
                                                                                        "Join Type": "Inner",
                                                                                        "Startup Cost": 2573.71,
                                                                                        "Total Cost": 314463.51,
                                                                                        "Plan Rows": 1817,
                                                                                        "Plan Width": 20,
                                                                                        "Actual Startup Time": 2.104,
                                                                                        "Actual Total Time": 410.149,
                                                                                        "Actual Rows": 74479,
                                                                                        "Actual Loops": 8,
                                                                                        "Inner Unique": true,
                                                                                        "Hash Cond": "((tq2.tag_id = tag.id) AND (tq2.site_id = tag.site_id))",
                                                                                        "Workers": [],
                                                                                        "Plans": [
                                                                                            {
                                                                                                "Node Type": "Seq Scan",
                                                                                                "Parent Relationship": "Outer",
                                                                                                "Parallel Aware": true,
                                                                                                "Async Capable": false,
                                                                                                "Relation Name": "tag_question",
                                                                                                "Alias": "tq2",
                                                                                                "Startup Cost": 0.0,
                                                                                                "Total Cost": 273159.66,
                                                                                                "Plan Rows": 7376766,
                                                                                                "Plan Width": 12,
                                                                                                "Actual Startup Time": 0.009,
                                                                                                "Actual Total Time": 189.824,
                                                                                                "Actual Rows": 4610477,
                                                                                                "Actual Loops": 8,
                                                                                                "Workers": []
                                                                                            },
                                                                                            {
                                                                                                "Node Type": "Hash",
                                                                                                "Parent Relationship": "Inner",
                                                                                                "Parallel Aware": true,
                                                                                                "Async Capable": false,
                                                                                                "Startup Cost": 2573.31,
                                                                                                "Total Cost": 2573.31,
                                                                                                "Plan Rows": 27,
                                                                                                "Plan Width": 8,
                                                                                                "Actual Startup Time": 1.929,
                                                                                                "Actual Total Time": 1.93,
                                                                                                "Actual Rows": 5,
                                                                                                "Actual Loops": 8,
                                                                                                "Hash Buckets": 1024,
                                                                                                "Original Hash Buckets": 1024,
                                                                                                "Hash Batches": 1,
                                                                                                "Original Hash Batches": 1,
                                                                                                "Peak Memory Usage": 264,
                                                                                                "Workers": [],
                                                                                                "Plans": [
                                                                                                    {
                                                                                                        "Node Type": "Seq Scan",
                                                                                                        "Parent Relationship": "Outer",
                                                                                                        "Parallel Aware": true,
                                                                                                        "Async Capable": false,
                                                                                                        "Relation Name": "tag",
                                                                                                        "Alias": "tag",
                                                                                                        "Startup Cost": 0.0,
                                                                                                        "Total Cost": 2573.31,
                                                                                                        "Plan Rows": 27,
                                                                                                        "Plan Width": 8,
                                                                                                        "Actual Startup Time": 0.275,
                                                                                                        "Actual Total Time": 1.697,
                                                                                                        "Actual Rows": 5,
                                                                                                        "Actual Loops": 8,
                                                                                                        "Filter": "((name)::text = ANY ('{python-3.x,html}'::text[]))",
                                                                                                        "Rows Removed by Filter": 23341,
                                                                                                        "Workers": []
                                                                                                    }
                                                                                                ]
                                                                                            }
                                                                                        ]
                                                                                    },
                                                                                    {
                                                                                        "Node Type": "Hash",
                                                                                        "Parent Relationship": "Inner",
                                                                                        "Parallel Aware": true,
                                                                                        "Async Capable": false,
                                                                                        "Startup Cost": 3540170.99,
                                                                                        "Total Cost": 3540170.99,
                                                                                        "Plan Rows": 212,
                                                                                        "Plan Width": 40,
                                                                                        "Actual Startup Time": 4385.599,
                                                                                        "Actual Total Time": 4385.604,
                                                                                        "Actual Rows": 1208,
                                                                                        "Actual Loops": 8,
                                                                                        "Hash Buckets": 16384,
                                                                                        "Original Hash Buckets": 1024,
                                                                                        "Hash Batches": 1,
                                                                                        "Original Hash Batches": 1,
                                                                                        "Peak Memory Usage": 984,
                                                                                        "Workers": [],
                                                                                        "Plans": [
                                                                                            {
                                                                                                "Node Type": "Hash Join",
                                                                                                "Parent Relationship": "Outer",
                                                                                                "Parallel Aware": true,
                                                                                                "Async Capable": false,
                                                                                                "Join Type": "Inner",
                                                                                                "Startup Cost": 3512940.38,
                                                                                                "Total Cost": 3540170.99,
                                                                                                "Plan Rows": 212,
                                                                                                "Plan Width": 40,
                                                                                                "Actual Startup Time": 4356.896,
                                                                                                "Actual Total Time": 4357.044,
                                                                                                "Actual Rows": 1208,
                                                                                                "Actual Loops": 8,
                                                                                                "Inner Unique": false,
                                                                                                "Hash Cond": "((pl.post_id_from = q1.id) AND (pl.site_id = tq1.site_id))",
                                                                                                "Workers": [],
                                                                                                "Plans": [
                                                                                                    {
                                                                                                        "Node Type": "Seq Scan",
                                                                                                        "Parent Relationship": "Outer",
                                                                                                        "Parallel Aware": true,
                                                                                                        "Async Capable": false,
                                                                                                        "Relation Name": "post_link",
                                                                                                        "Alias": "pl",
                                                                                                        "Startup Cost": 0.0,
                                                                                                        "Total Cost": 21752.3,
                                                                                                        "Plan Rows": 730430,
                                                                                                        "Plan Width": 12,
                                                                                                        "Actual Startup Time": 0.513,
                                                                                                        "Actual Total Time": 71.374,
                                                                                                        "Actual Rows": 283042,
                                                                                                        "Actual Loops": 8,
                                                                                                        "Workers": []
                                                                                                    },
                                                                                                    {
                                                                                                        "Node Type": "Hash",
                                                                                                        "Parent Relationship": "Inner",
                                                                                                        "Parallel Aware": true,
                                                                                                        "Async Capable": false,
                                                                                                        "Startup Cost": 3512938.99,
                                                                                                        "Total Cost": 3512938.99,
                                                                                                        "Plan Rows": 93,
                                                                                                        "Plan Width": 40,
                                                                                                        "Actual Startup Time": 4268.596,
                                                                                                        "Actual Total Time": 4268.6,
                                                                                                        "Actual Rows": 6333,
                                                                                                        "Actual Loops": 8,
                                                                                                        "Hash Buckets": 65536,
                                                                                                        "Original Hash Buckets": 1024,
                                                                                                        "Hash Batches": 1,
                                                                                                        "Original Hash Batches": 1,
                                                                                                        "Peak Memory Usage": 5016,
                                                                                                        "Workers": [],
                                                                                                        "Plans": [
                                                                                                            {
                                                                                                                "Node Type": "Hash Join",
                                                                                                                "Parent Relationship": "Outer",
                                                                                                                "Parallel Aware": true,
                                                                                                                "Async Capable": false,
                                                                                                                "Join Type": "Inner",
                                                                                                                "Startup Cost": 3184453.42,
                                                                                                                "Total Cost": 3512938.99,
                                                                                                                "Plan Rows": 93,
                                                                                                                "Plan Width": 40,
                                                                                                                "Actual Startup Time": 4113.953,
                                                                                                                "Actual Total Time": 4114.821,
                                                                                                                "Actual Rows": 6333,
                                                                                                                "Actual Loops": 8,
                                                                                                                "Inner Unique": false,
                                                                                                                "Hash Cond": "((tq1.question_id = q1.id) AND (tq1.site_id = site.site_id))",
                                                                                                                "Workers": [],
                                                                                                                "Plans": [
                                                                                                                    {
                                                                                                                        "Node Type": "Seq Scan",
                                                                                                                        "Parent Relationship": "Outer",
                                                                                                                        "Parallel Aware": true,
                                                                                                                        "Async Capable": false,
                                                                                                                        "Relation Name": "tag_question",
                                                                                                                        "Alias": "tq1",
                                                                                                                        "Startup Cost": 0.0,
                                                                                                                        "Total Cost": 273159.66,
                                                                                                                        "Plan Rows": 7376766,
                                                                                                                        "Plan Width": 12,
                                                                                                                        "Actual Startup Time": 0.016,
                                                                                                                        "Actual Total Time": 192.403,
                                                                                                                        "Actual Rows": 4610477,
                                                                                                                        "Actual Loops": 8,
                                                                                                                        "Workers": []
                                                                                                                    },
                                                                                                                    {
                                                                                                                        "Node Type": "Hash",
                                                                                                                        "Parent Relationship": "Inner",
                                                                                                                        "Parallel Aware": true,
                                                                                                                        "Async Capable": false,
                                                                                                                        "Startup Cost": 3184428.95,
                                                                                                                        "Total Cost": 3184428.95,
                                                                                                                        "Plan Rows": 1631,
                                                                                                                        "Plan Width": 28,
                                                                                                                        "Actual Startup Time": 3677.49,
                                                                                                                        "Actual Total Time": 3677.493,
                                                                                                                        "Actual Rows": 3075,
                                                                                                                        "Actual Loops": 8,
                                                                                                                        "Hash Buckets": 32768,
                                                                                                                        "Original Hash Buckets": 16384,
                                                                                                                        "Hash Batches": 1,
                                                                                                                        "Original Hash Batches": 1,
                                                                                                                        "Peak Memory Usage": 2080,
                                                                                                                        "Workers": [],
                                                                                                                        "Plans": [
                                                                                                                            {
                                                                                                                                "Node Type": "Hash Join",
                                                                                                                                "Parent Relationship": "Outer",
                                                                                                                                "Parallel Aware": true,
                                                                                                                                "Async Capable": false,
                                                                                                                                "Join Type": "Inner",
                                                                                                                                "Startup Cost": 2945070.27,
                                                                                                                                "Total Cost": 3184428.95,
                                                                                                                                "Plan Rows": 1631,
                                                                                                                                "Plan Width": 28,
                                                                                                                                "Actual Startup Time": 3331.681,
                                                                                                                                "Actual Total Time": 3676.117,
                                                                                                                                "Actual Rows": 3075,
                                                                                                                                "Actual Loops": 8,
                                                                                                                                "Inner Unique": false,
                                                                                                                                "Hash Cond": "((q1.id = c1.post_id) AND (q1.site_id = site.site_id))",
                                                                                                                                "Workers": [],
                                                                                                                                "Plans": [
                                                                                                                                    {
                                                                                                                                        "Node Type": "Index Only Scan",
                                                                                                                                        "Parent Relationship": "Outer",
                                                                                                                                        "Parallel Aware": true,
                                                                                                                                        "Async Capable": false,
                                                                                                                                        "Scan Direction": "Forward",
                                                                                                                                        "Index Name": "question_pkey",
                                                                                                                                        "Relation Name": "question",
                                                                                                                                        "Alias": "q1",
                                                                                                                                        "Startup Cost": 0.43,
                                                                                                                                        "Total Cost": 223540.47,
                                                                                                                                        "Plan Rows": 2108881,
                                                                                                                                        "Plan Width": 8,
                                                                                                                                        "Actual Startup Time": 0.304,
                                                                                                                                        "Actual Total Time": 255.75,
                                                                                                                                        "Actual Rows": 1583305,
                                                                                                                                        "Actual Loops": 8,
                                                                                                                                        "Heap Fetches": 0,
                                                                                                                                        "Workers": []
                                                                                                                                    },
                                                                                                                                    {
                                                                                                                                        "Node Type": "Hash",
                                                                                                                                        "Parent Relationship": "Inner",
                                                                                                                                        "Parallel Aware": true,
                                                                                                                                        "Async Capable": false,
                                                                                                                                        "Startup Cost": 2943948.13,
                                                                                                                                        "Total Cost": 2943948.13,
                                                                                                                                        "Plan Rows": 74780,
                                                                                                                                        "Plan Width": 20,
                                                                                                                                        "Actual Startup Time": 3330.437,
                                                                                                                                        "Actual Total Time": 3330.439,
                                                                                                                                        "Actual Rows": 11310,
                                                                                                                                        "Actual Loops": 8,
                                                                                                                                        "Hash Buckets": 1048576,
                                                                                                                                        "Original Hash Buckets": 1048576,
                                                                                                                                        "Hash Batches": 1,
                                                                                                                                        "Original Hash Batches": 1,
                                                                                                                                        "Peak Memory Usage": 13184,
                                                                                                                                        "Workers": [],
                                                                                                                                        "Plans": [
                                                                                                                                            {
                                                                                                                                                "Node Type": "Hash Join",
                                                                                                                                                "Parent Relationship": "Outer",
                                                                                                                                                "Parallel Aware": false,
                                                                                                                                                "Async Capable": false,
                                                                                                                                                "Join Type": "Inner",
                                                                                                                                                "Startup Cost": 3.18,
                                                                                                                                                "Total Cost": 2943948.13,
                                                                                                                                                "Plan Rows": 74780,
                                                                                                                                                "Plan Width": 20,
                                                                                                                                                "Actual Startup Time": 2129.403,
                                                                                                                                                "Actual Total Time": 3327.506,
                                                                                                                                                "Actual Rows": 11310,
                                                                                                                                                "Actual Loops": 8,
                                                                                                                                                "Inner Unique": true,
                                                                                                                                                "Hash Cond": "(c1.site_id = site.site_id)",
                                                                                                                                                "Workers": [],
                                                                                                                                                "Plans": [
                                                                                                                                                    {
                                                                                                                                                        "Node Type": "Seq Scan",
                                                                                                                                                        "Parent Relationship": "Outer",
                                                                                                                                                        "Parallel Aware": true,
                                                                                                                                                        "Async Capable": false,
                                                                                                                                                        "Relation Name": "comment",
                                                                                                                                                        "Alias": "c1",
                                                                                                                                                        "Startup Cost": 0.0,
                                                                                                                                                        "Total Cost": 2909153.53,
                                                                                                                                                        "Plan Rows": 12936953,
                                                                                                                                                        "Plan Width": 16,
                                                                                                                                                        "Actual Startup Time": 0.051,
                                                                                                                                                        "Actual Total Time": 2855.495,
                                                                                                                                                        "Actual Rows": 12932495,
                                                                                                                                                        "Actual Loops": 8,
                                                                                                                                                        "Workers": []
                                                                                                                                                    },
                                                                                                                                                    {
                                                                                                                                                        "Node Type": "Hash",
                                                                                                                                                        "Parent Relationship": "Inner",
                                                                                                                                                        "Parallel Aware": false,
                                                                                                                                                        "Async Capable": false,
                                                                                                                                                        "Startup Cost": 3.16,
                                                                                                                                                        "Total Cost": 3.16,
                                                                                                                                                        "Plan Rows": 1,
                                                                                                                                                        "Plan Width": 4,
                                                                                                                                                        "Actual Startup Time": 0.024,
                                                                                                                                                        "Actual Total Time": 0.025,
                                                                                                                                                        "Actual Rows": 1,
                                                                                                                                                        "Actual Loops": 8,
                                                                                                                                                        "Hash Buckets": 1024,
                                                                                                                                                        "Original Hash Buckets": 1024,
                                                                                                                                                        "Hash Batches": 1,
                                                                                                                                                        "Original Hash Batches": 1,
                                                                                                                                                        "Peak Memory Usage": 9,
                                                                                                                                                        "Workers": [],
                                                                                                                                                        "Plans": [
                                                                                                                                                            {
                                                                                                                                                                "Node Type": "Seq Scan",
                                                                                                                                                                "Parent Relationship": "Outer",
                                                                                                                                                                "Parallel Aware": false,
                                                                                                                                                                "Async Capable": false,
                                                                                                                                                                "Relation Name": "site",
                                                                                                                                                                "Alias": "site",
                                                                                                                                                                "Startup Cost": 0.0,
                                                                                                                                                                "Total Cost": 3.16,
                                                                                                                                                                "Plan Rows": 1,
                                                                                                                                                                "Plan Width": 4,
                                                                                                                                                                "Actual Startup Time": 0.015,
                                                                                                                                                                "Actual Total Time": 0.019,
                                                                                                                                                                "Actual Rows": 1,
                                                                                                                                                                "Actual Loops": 8,
                                                                                                                                                                "Filter": "((site_name)::text = 'german'::text)",
                                                                                                                                                                "Rows Removed by Filter": 172,
                                                                                                                                                                "Workers": []
                                                                                                                                                            }
                                                                                                                                                        ]
                                                                                                                                                    }
                                                                                                                                                ]
                                                                                                                                            }
                                                                                                                                        ]
                                                                                                                                    }
                                                                                                                                ]
                                                                                                                            }
                                                                                                                        ]
                                                                                                                    }
                                                                                                                ]
                                                                                                            }
                                                                                                        ]
                                                                                                    }
                                                                                                ]
                                                                                            }
                                                                                        ]
                                                                                    }
                                                                                ]
                                                                            }
                                                                        ]
                                                                    }
                                                                ]
                                                            }
                                                        ]
                                                    }
                                                ]
                                            }
                                        ]
                                    }
                                ]
                            }
                        ]
                    },
                    "Planning Time": 252.605,
                    "Triggers": [],
                    "Execution Time": 4817.433
                }
            ],
            "hints": [
                "SET enable_hashjoin TO on",
                "SET enable_indexonlyscan TO on",
                "SET enable_indexscan TO on",
                "SET enable_mergejoin TO on",
                "SET enable_nestloop TO off",
                "SET enable_seqscan TO on"
            ]
        },
        {
            "arm": 2,
            "execution_time": 7.875,
            "plan": [
                {
                    "Plan": {
                        "Node Type": "Aggregate",
                        "Strategy": "Plain",
                        "Partial Mode": "Simple",
                        "Parallel Aware": false,
                        "Async Capable": false,
                        "Startup Cost": 3853.99,
                        "Total Cost": 3854.0,
                        "Plan Rows": 1,
                        "Plan Width": 8,
                        "Actual Startup Time": 6.954,
                        "Actual Total Time": 7.815,
                        "Actual Rows": 1,
                        "Actual Loops": 1,
                        "Plans": [
                            {
                                "Node Type": "Nested Loop",
                                "Parent Relationship": "Outer",
                                "Parallel Aware": false,
                                "Async Capable": false,
                                "Join Type": "Inner",
                                "Startup Cost": 3833.73,
                                "Total Cost": 3853.99,
                                "Plan Rows": 1,
                                "Plan Width": 4,
                                "Actual Startup Time": 6.952,
                                "Actual Total Time": 7.813,
                                "Actual Rows": 0,
                                "Actual Loops": 1,
                                "Inner Unique": true,
                                "Join Filter": "((tag.id = tq2.tag_id) AND (tag.site_id = tq2.site_id))",
                                "Rows Removed by Join Filter": 0,
                                "Plans": [
                                    {
                                        "Node Type": "Nested Loop",
                                        "Parent Relationship": "Outer",
                                        "Parallel Aware": false,
                                        "Async Capable": false,
                                        "Join Type": "Inner",
                                        "Startup Cost": 3829.38,
                                        "Total Cost": 3845.61,
                                        "Plan Rows": 1,
                                        "Plan Width": 56,
                                        "Actual Startup Time": 6.951,
                                        "Actual Total Time": 7.812,
                                        "Actual Rows": 0,
                                        "Actual Loops": 1,
                                        "Inner Unique": false,
                                        "Join Filter": "((c1.date > c2.date) AND (c2.site_id = tag.site_id))",
                                        "Rows Removed by Join Filter": 0,
                                        "Plans": [
                                            {
                                                "Node Type": "Nested Loop",
                                                "Parent Relationship": "Outer",
                                                "Parallel Aware": false,
                                                "Async Capable": false,
                                                "Join Type": "Inner",
                                                "Startup Cost": 3825.02,
                                                "Total Cost": 3837.22,
                                                "Plan Rows": 1,
                                                "Plan Width": 56,
                                                "Actual Startup Time": 6.951,
                                                "Actual Total Time": 7.812,
                                                "Actual Rows": 0,
                                                "Actual Loops": 1,
                                                "Inner Unique": false,
                                                "Join Filter": "(c1.site_id = tag.site_id)",
                                                "Rows Removed by Join Filter": 0,
                                                "Plans": [
                                                    {
                                                        "Node Type": "Nested Loop",
                                                        "Parent Relationship": "Outer",
                                                        "Parallel Aware": false,
                                                        "Async Capable": false,
                                                        "Join Type": "Inner",
                                                        "Startup Cost": 3820.66,
                                                        "Total Cost": 3828.84,
                                                        "Plan Rows": 1,
                                                        "Plan Width": 52,
                                                        "Actual Startup Time": 6.951,
                                                        "Actual Total Time": 7.811,
                                                        "Actual Rows": 0,
                                                        "Actual Loops": 1,
                                                        "Inner Unique": true,
                                                        "Join Filter": "(q2.site_id = tag.site_id)",
                                                        "Rows Removed by Join Filter": 0,
                                                        "Plans": [
                                                            {
                                                                "Node Type": "Nested Loop",
                                                                "Parent Relationship": "Outer",
                                                                "Parallel Aware": false,
                                                                "Async Capable": false,
                                                                "Join Type": "Inner",
                                                                "Startup Cost": 3816.44,
                                                                "Total Cost": 3820.59,
                                                                "Plan Rows": 1,
                                                                "Plan Width": 44,
                                                                "Actual Startup Time": 6.951,
                                                                "Actual Total Time": 7.811,
                                                                "Actual Rows": 0,
                                                                "Actual Loops": 1,
                                                                "Inner Unique": true,
                                                                "Join Filter": "(q1.site_id = tag.site_id)",
                                                                "Rows Removed by Join Filter": 0,
                                                                "Plans": [
                                                                    {
                                                                        "Node Type": "Gather Merge",
                                                                        "Parent Relationship": "Outer",
                                                                        "Parallel Aware": false,
                                                                        "Async Capable": false,
                                                                        "Startup Cost": 3812.22,
                                                                        "Total Cost": 3812.34,
                                                                        "Plan Rows": 1,
                                                                        "Plan Width": 36,
                                                                        "Actual Startup Time": 6.951,
                                                                        "Actual Total Time": 7.811,
                                                                        "Actual Rows": 0,
                                                                        "Actual Loops": 1,
                                                                        "Workers Planned": 1,
                                                                        "Workers Launched": 1,
                                                                        "Plans": [
                                                                            {
                                                                                "Node Type": "Sort",
                                                                                "Parent Relationship": "Outer",
                                                                                "Parallel Aware": false,
                                                                                "Async Capable": false,
                                                                                "Startup Cost": 2812.21,
                                                                                "Total Cost": 2812.22,
                                                                                "Plan Rows": 1,
                                                                                "Plan Width": 36,
                                                                                "Actual Startup Time": 5.561,
                                                                                "Actual Total Time": 5.563,
                                                                                "Actual Rows": 0,
                                                                                "Actual Loops": 2,
                                                                                "Sort Key": [
                                                                                    "pl.post_id_from"
                                                                                ],
                                                                                "Sort Method": "quicksort",
                                                                                "Sort Space Used": 25,
                                                                                "Sort Space Type": "Memory",
                                                                                "Workers": [
                                                                                    {
                                                                                        "Worker Number": 0,
                                                                                        "Sort Method": "quicksort",
                                                                                        "Sort Space Used": 25,
                                                                                        "Sort Space Type": "Memory"
                                                                                    }
                                                                                ],
                                                                                "Plans": [
                                                                                    {
                                                                                        "Node Type": "Nested Loop",
                                                                                        "Parent Relationship": "Outer",
                                                                                        "Parallel Aware": false,
                                                                                        "Async Capable": false,
                                                                                        "Join Type": "Inner",
                                                                                        "Startup Cost": 12.27,
                                                                                        "Total Cost": 2812.2,
                                                                                        "Plan Rows": 1,
                                                                                        "Plan Width": 36,
                                                                                        "Actual Startup Time": 5.546,
                                                                                        "Actual Total Time": 5.547,
                                                                                        "Actual Rows": 0,
                                                                                        "Actual Loops": 2,
                                                                                        "Inner Unique": false,
                                                                                        "Join Filter": "(pl.site_id = tag.site_id)",
                                                                                        "Rows Removed by Join Filter": 0,
                                                                                        "Workers": [],
                                                                                        "Plans": [
                                                                                            {
                                                                                                "Node Type": "Nested Loop",
                                                                                                "Parent Relationship": "Outer",
                                                                                                "Parallel Aware": false,
                                                                                                "Async Capable": false,
                                                                                                "Join Type": "Inner",
                                                                                                "Startup Cost": 8.06,
                                                                                                "Total Cost": 2705.05,
                                                                                                "Plan Rows": 13,
                                                                                                "Plan Width": 24,
                                                                                                "Actual Startup Time": 5.546,
                                                                                                "Actual Total Time": 5.547,
                                                                                                "Actual Rows": 0,
                                                                                                "Actual Loops": 2,
                                                                                                "Inner Unique": false,
                                                                                                "Workers": [],
                                                                                                "Plans": [
                                                                                                    {
                                                                                                        "Node Type": "Hash Join",
                                                                                                        "Parent Relationship": "Outer",
                                                                                                        "Parallel Aware": false,
                                                                                                        "Async Capable": false,
                                                                                                        "Join Type": "Inner",
                                                                                                        "Startup Cost": 3.18,
                                                                                                        "Total Cost": 2576.55,
                                                                                                        "Plan Rows": 1,
                                                                                                        "Plan Width": 12,
                                                                                                        "Actual Startup Time": 5.545,
                                                                                                        "Actual Total Time": 5.546,
                                                                                                        "Actual Rows": 0,
                                                                                                        "Actual Loops": 2,
                                                                                                        "Inner Unique": true,
                                                                                                        "Hash Cond": "(tag.site_id = site.site_id)",
                                                                                                        "Workers": [],
                                                                                                        "Plans": [
                                                                                                            {
                                                                                                                "Node Type": "Seq Scan",
                                                                                                                "Parent Relationship": "Outer",
                                                                                                                "Parallel Aware": true,
                                                                                                                "Async Capable": false,
                                                                                                                "Relation Name": "tag",
                                                                                                                "Alias": "tag",
                                                                                                                "Startup Cost": 0.0,
                                                                                                                "Total Cost": 2573.31,
                                                                                                                "Plan Rows": 27,
                                                                                                                "Plan Width": 8,
                                                                                                                "Actual Startup Time": 0.585,
                                                                                                                "Actual Total Time": 5.491,
                                                                                                                "Actual Rows": 20,
                                                                                                                "Actual Loops": 2,
                                                                                                                "Filter": "((name)::text = ANY ('{python-3.x,html}'::text[]))",
                                                                                                                "Rows Removed by Filter": 93366,
                                                                                                                "Workers": []
                                                                                                            },
                                                                                                            {
                                                                                                                "Node Type": "Hash",
                                                                                                                "Parent Relationship": "Inner",
                                                                                                                "Parallel Aware": false,
                                                                                                                "Async Capable": false,
                                                                                                                "Startup Cost": 3.16,
                                                                                                                "Total Cost": 3.16,
                                                                                                                "Plan Rows": 1,
                                                                                                                "Plan Width": 4,
                                                                                                                "Actual Startup Time": 0.015,
                                                                                                                "Actual Total Time": 0.015,
                                                                                                                "Actual Rows": 1,
                                                                                                                "Actual Loops": 2,
                                                                                                                "Hash Buckets": 1024,
                                                                                                                "Original Hash Buckets": 1024,
                                                                                                                "Hash Batches": 1,
                                                                                                                "Original Hash Batches": 1,
                                                                                                                "Peak Memory Usage": 9,
                                                                                                                "Workers": [],
                                                                                                                "Plans": [
                                                                                                                    {
                                                                                                                        "Node Type": "Seq Scan",
                                                                                                                        "Parent Relationship": "Outer",
                                                                                                                        "Parallel Aware": false,
                                                                                                                        "Async Capable": false,
                                                                                                                        "Relation Name": "site",
                                                                                                                        "Alias": "site",
                                                                                                                        "Startup Cost": 0.0,
                                                                                                                        "Total Cost": 3.16,
                                                                                                                        "Plan Rows": 1,
                                                                                                                        "Plan Width": 4,
                                                                                                                        "Actual Startup Time": 0.009,
                                                                                                                        "Actual Total Time": 0.012,
                                                                                                                        "Actual Rows": 1,
                                                                                                                        "Actual Loops": 2,
                                                                                                                        "Filter": "((site_name)::text = 'german'::text)",
                                                                                                                        "Rows Removed by Filter": 172,
                                                                                                                        "Workers": []
                                                                                                                    }
                                                                                                                ]
                                                                                                            }
                                                                                                        ]
                                                                                                    },
                                                                                                    {
                                                                                                        "Node Type": "Bitmap Heap Scan",
                                                                                                        "Parent Relationship": "Inner",
                                                                                                        "Parallel Aware": false,
                                                                                                        "Async Capable": false,
                                                                                                        "Relation Name": "tag_question",
                                                                                                        "Alias": "tq1",
                                                                                                        "Startup Cost": 4.88,
                                                                                                        "Total Cost": 128.19,
                                                                                                        "Plan Rows": 31,
                                                                                                        "Plan Width": 12,
                                                                                                        "Actual Startup Time": 0.0,
                                                                                                        "Actual Total Time": 0.0,
                                                                                                        "Actual Rows": 0,
                                                                                                        "Actual Loops": 0,
                                                                                                        "Recheck Cond": "((tag.site_id = site_id) AND (tag.id = tag_id))",
                                                                                                        "Rows Removed by Index Recheck": 0,
                                                                                                        "Exact Heap Blocks": 0,
                                                                                                        "Lossy Heap Blocks": 0,
                                                                                                        "Workers": [],
                                                                                                        "Plans": [
                                                                                                            {
                                                                                                                "Node Type": "Bitmap Index Scan",
                                                                                                                "Parent Relationship": "Outer",
                                                                                                                "Parallel Aware": false,
                                                                                                                "Async Capable": false,
                                                                                                                "Index Name": "tag_question_site_id_tag_id_question_id_idx",
                                                                                                                "Startup Cost": 0.0,
                                                                                                                "Total Cost": 4.88,
                                                                                                                "Plan Rows": 31,
                                                                                                                "Plan Width": 0,
                                                                                                                "Actual Startup Time": 0.0,
                                                                                                                "Actual Total Time": 0.0,
                                                                                                                "Actual Rows": 0,
                                                                                                                "Actual Loops": 0,
                                                                                                                "Index Cond": "((site_id = tag.site_id) AND (tag_id = tag.id))",
                                                                                                                "Workers": []
                                                                                                            }
                                                                                                        ]
                                                                                                    }
                                                                                                ]
                                                                                            },
                                                                                            {
                                                                                                "Node Type": "Bitmap Heap Scan",
                                                                                                "Parent Relationship": "Inner",
                                                                                                "Parallel Aware": false,
                                                                                                "Async Capable": false,
                                                                                                "Relation Name": "post_link",
                                                                                                "Alias": "pl",
                                                                                                "Startup Cost": 4.21,
                                                                                                "Total Cost": 8.23,
                                                                                                "Plan Rows": 1,
                                                                                                "Plan Width": 12,
                                                                                                "Actual Startup Time": 0.0,
                                                                                                "Actual Total Time": 0.0,
                                                                                                "Actual Rows": 0,
                                                                                                "Actual Loops": 0,
                                                                                                "Recheck Cond": "((site_id = tq1.site_id) AND (post_id_from = tq1.question_id))",
                                                                                                "Rows Removed by Index Recheck": 0,
                                                                                                "Exact Heap Blocks": 0,
                                                                                                "Lossy Heap Blocks": 0,
                                                                                                "Workers": [],
                                                                                                "Plans": [
                                                                                                    {
                                                                                                        "Node Type": "Bitmap Index Scan",
                                                                                                        "Parent Relationship": "Outer",
                                                                                                        "Parallel Aware": false,
                                                                                                        "Async Capable": false,
                                                                                                        "Index Name": "post_link_pkey",
                                                                                                        "Startup Cost": 0.0,
                                                                                                        "Total Cost": 4.21,
                                                                                                        "Plan Rows": 1,
                                                                                                        "Plan Width": 0,
                                                                                                        "Actual Startup Time": 0.0,
                                                                                                        "Actual Total Time": 0.0,
                                                                                                        "Actual Rows": 0,
                                                                                                        "Actual Loops": 0,
                                                                                                        "Index Cond": "((site_id = tq1.site_id) AND (post_id_from = tq1.question_id))",
                                                                                                        "Workers": []
                                                                                                    }
                                                                                                ]
                                                                                            }
                                                                                        ]
                                                                                    }
                                                                                ]
                                                                            }
                                                                        ]
                                                                    },
                                                                    {
                                                                        "Node Type": "Bitmap Heap Scan",
                                                                        "Parent Relationship": "Inner",
                                                                        "Parallel Aware": false,
                                                                        "Async Capable": false,
                                                                        "Relation Name": "question",
                                                                        "Alias": "q1",
                                                                        "Startup Cost": 4.22,
                                                                        "Total Cost": 8.24,
                                                                        "Plan Rows": 1,
                                                                        "Plan Width": 8,
                                                                        "Actual Startup Time": 0.0,
                                                                        "Actual Total Time": 0.0,
                                                                        "Actual Rows": 0,
                                                                        "Actual Loops": 0,
                                                                        "Recheck Cond": "((pl.post_id_from = id) AND (pl.site_id = site_id))",
                                                                        "Rows Removed by Index Recheck": 0,
                                                                        "Exact Heap Blocks": 0,
                                                                        "Lossy Heap Blocks": 0,
                                                                        "Plans": [
                                                                            {
                                                                                "Node Type": "Bitmap Index Scan",
                                                                                "Parent Relationship": "Outer",
                                                                                "Parallel Aware": false,
                                                                                "Async Capable": false,
                                                                                "Index Name": "question_pkey",
                                                                                "Startup Cost": 0.0,
                                                                                "Total Cost": 4.22,
                                                                                "Plan Rows": 1,
                                                                                "Plan Width": 0,
                                                                                "Actual Startup Time": 0.0,
                                                                                "Actual Total Time": 0.0,
                                                                                "Actual Rows": 0,
                                                                                "Actual Loops": 0,
                                                                                "Index Cond": "((id = pl.post_id_from) AND (site_id = pl.site_id))"
                                                                            }
                                                                        ]
                                                                    }
                                                                ]
                                                            },
                                                            {
                                                                "Node Type": "Bitmap Heap Scan",
                                                                "Parent Relationship": "Inner",
                                                                "Parallel Aware": false,
                                                                "Async Capable": false,
                                                                "Relation Name": "question",
                                                                "Alias": "q2",
                                                                "Startup Cost": 4.22,
                                                                "Total Cost": 8.24,
                                                                "Plan Rows": 1,
                                                                "Plan Width": 8,
                                                                "Actual Startup Time": 0.0,
                                                                "Actual Total Time": 0.0,
                                                                "Actual Rows": 0,
                                                                "Actual Loops": 0,
                                                                "Recheck Cond": "((pl.post_id_to = id) AND (pl.site_id = site_id))",
                                                                "Rows Removed by Index Recheck": 0,
                                                                "Exact Heap Blocks": 0,
                                                                "Lossy Heap Blocks": 0,
                                                                "Plans": [
                                                                    {
                                                                        "Node Type": "Bitmap Index Scan",
                                                                        "Parent Relationship": "Outer",
                                                                        "Parallel Aware": false,
                                                                        "Async Capable": false,
                                                                        "Index Name": "question_pkey",
                                                                        "Startup Cost": 0.0,
                                                                        "Total Cost": 4.22,
                                                                        "Plan Rows": 1,
                                                                        "Plan Width": 0,
                                                                        "Actual Startup Time": 0.0,
                                                                        "Actual Total Time": 0.0,
                                                                        "Actual Rows": 0,
                                                                        "Actual Loops": 0,
                                                                        "Index Cond": "((id = pl.post_id_to) AND (site_id = pl.site_id))"
                                                                    }
                                                                ]
                                                            }
                                                        ]
                                                    },
                                                    {
                                                        "Node Type": "Bitmap Heap Scan",
                                                        "Parent Relationship": "Inner",
                                                        "Parallel Aware": false,
                                                        "Async Capable": false,
                                                        "Relation Name": "comment",
                                                        "Alias": "c1",
                                                        "Startup Cost": 4.36,
                                                        "Total Cost": 8.37,
                                                        "Plan Rows": 1,
                                                        "Plan Width": 16,
                                                        "Actual Startup Time": 0.0,
                                                        "Actual Total Time": 0.0,
                                                        "Actual Rows": 0,
                                                        "Actual Loops": 0,
                                                        "Recheck Cond": "((pl.site_id = site_id) AND (pl.post_id_from = post_id))",
                                                        "Rows Removed by Index Recheck": 0,
                                                        "Exact Heap Blocks": 0,
                                                        "Lossy Heap Blocks": 0,
                                                        "Plans": [
                                                            {
                                                                "Node Type": "Bitmap Index Scan",
                                                                "Parent Relationship": "Outer",
                                                                "Parallel Aware": false,
                                                                "Async Capable": false,
                                                                "Index Name": "comment_site_id_post_id_idx",
                                                                "Startup Cost": 0.0,
                                                                "Total Cost": 4.36,
                                                                "Plan Rows": 1,
                                                                "Plan Width": 0,
                                                                "Actual Startup Time": 0.0,
                                                                "Actual Total Time": 0.0,
                                                                "Actual Rows": 0,
                                                                "Actual Loops": 0,
                                                                "Index Cond": "((site_id = pl.site_id) AND (post_id = pl.post_id_from))"
                                                            }
                                                        ]
                                                    }
                                                ]
                                            },
                                            {
                                                "Node Type": "Bitmap Heap Scan",
                                                "Parent Relationship": "Inner",
                                                "Parallel Aware": false,
                                                "Async Capable": false,
                                                "Relation Name": "comment",
                                                "Alias": "c2",
                                                "Startup Cost": 4.36,
                                                "Total Cost": 8.37,
                                                "Plan Rows": 1,
                                                "Plan Width": 16,
                                                "Actual Startup Time": 0.0,
                                                "Actual Total Time": 0.0,
                                                "Actual Rows": 0,
                                                "Actual Loops": 0,
                                                "Recheck Cond": "((pl.site_id = site_id) AND (pl.post_id_to = post_id))",
                                                "Rows Removed by Index Recheck": 0,
                                                "Exact Heap Blocks": 0,
                                                "Lossy Heap Blocks": 0,
                                                "Plans": [
                                                    {
                                                        "Node Type": "Bitmap Index Scan",
                                                        "Parent Relationship": "Outer",
                                                        "Parallel Aware": false,
                                                        "Async Capable": false,
                                                        "Index Name": "comment_site_id_post_id_idx",
                                                        "Startup Cost": 0.0,
                                                        "Total Cost": 4.36,
                                                        "Plan Rows": 1,
                                                        "Plan Width": 0,
                                                        "Actual Startup Time": 0.0,
                                                        "Actual Total Time": 0.0,
                                                        "Actual Rows": 0,
                                                        "Actual Loops": 0,
                                                        "Index Cond": "((site_id = pl.site_id) AND (post_id = pl.post_id_to))"
                                                    }
                                                ]
                                            }
                                        ]
                                    },
                                    {
                                        "Node Type": "Bitmap Heap Scan",
                                        "Parent Relationship": "Inner",
                                        "Parallel Aware": false,
                                        "Async Capable": false,
                                        "Relation Name": "tag_question",
                                        "Alias": "tq2",
                                        "Startup Cost": 4.35,
                                        "Total Cost": 8.37,
                                        "Plan Rows": 1,
                                        "Plan Width": 12,
                                        "Actual Startup Time": 0.0,
                                        "Actual Total Time": 0.0,
                                        "Actual Rows": 0,
                                        "Actual Loops": 0,
                                        "Recheck Cond": "((pl.site_id = site_id) AND (pl.post_id_to = question_id))",
                                        "Rows Removed by Index Recheck": 0,
                                        "Exact Heap Blocks": 0,
                                        "Lossy Heap Blocks": 0,
                                        "Plans": [
                                            {
                                                "Node Type": "Bitmap Index Scan",
                                                "Parent Relationship": "Outer",
                                                "Parallel Aware": false,
                                                "Async Capable": false,
                                                "Index Name": "tag_question_pkey",
                                                "Startup Cost": 0.0,
                                                "Total Cost": 4.35,
                                                "Plan Rows": 1,
                                                "Plan Width": 0,
                                                "Actual Startup Time": 0.0,
                                                "Actual Total Time": 0.0,
                                                "Actual Rows": 0,
                                                "Actual Loops": 0,
                                                "Index Cond": "((site_id = pl.site_id) AND (question_id = pl.post_id_to))"
                                            }
                                        ]
                                    }
                                ]
                            }
                        ]
                    },
                    "Planning Time": 65.698,
                    "Triggers": [],
                    "Execution Time": 7.875
                }
            ],
            "hints": [
                "SET enable_hashjoin TO on",
                "SET enable_indexonlyscan TO on",
                "SET enable_indexscan TO off",
                "SET enable_mergejoin TO off",
                "SET enable_nestloop TO on",
                "SET enable_seqscan TO on"
            ]
        },
        {
            "arm": 3,
            "execution_time": 3385.282,
            "plan": [
                {
                    "Plan": {
                        "Node Type": "Aggregate",
                        "Strategy": "Plain",
                        "Partial Mode": "Simple",
                        "Parallel Aware": false,
                        "Async Capable": false,
                        "Startup Cost": 10014096.97,
                        "Total Cost": 10014096.98,
                        "Plan Rows": 1,
                        "Plan Width": 8,
                        "Actual Startup Time": 3366.664,
                        "Actual Total Time": 3385.228,
                        "Actual Rows": 1,
                        "Actual Loops": 1,
                        "Plans": [
                            {
                                "Node Type": "Sort",
                                "Parent Relationship": "Outer",
                                "Parallel Aware": false,
                                "Async Capable": false,
                                "Startup Cost": 10014096.97,
                                "Total Cost": 10014096.97,
                                "Plan Rows": 1,
                                "Plan Width": 4,
                                "Actual Startup Time": 3366.661,
                                "Actual Total Time": 3385.225,
                                "Actual Rows": 0,
                                "Actual Loops": 1,
                                "Sort Key": [
                                    "q1.id"
                                ],
                                "Sort Method": "quicksort",
                                "Sort Space Used": 25,
                                "Sort Space Type": "Memory",
                                "Plans": [
                                    {
                                        "Node Type": "Gather",
                                        "Parent Relationship": "Outer",
                                        "Parallel Aware": false,
                                        "Async Capable": false,
                                        "Startup Cost": 7007916.15,
                                        "Total Cost": 10014096.96,
                                        "Plan Rows": 1,
                                        "Plan Width": 4,
                                        "Actual Startup Time": 3366.657,
                                        "Actual Total Time": 3385.219,
                                        "Actual Rows": 0,
                                        "Actual Loops": 1,
                                        "Workers Planned": 8,
                                        "Workers Launched": 7,
                                        "Single Copy": false,
                                        "Plans": [
                                            {
                                                "Node Type": "Hash Join",
                                                "Parent Relationship": "Outer",
                                                "Parallel Aware": true,
                                                "Async Capable": false,
                                                "Join Type": "Inner",
                                                "Startup Cost": 7006916.15,
                                                "Total Cost": 10013096.86,
                                                "Plan Rows": 1,
                                                "Plan Width": 4,
                                                "Actual Startup Time": 3363.491,
                                                "Actual Total Time": 3363.499,
                                                "Actual Rows": 0,
                                                "Actual Loops": 8,
                                                "Inner Unique": false,
                                                "Hash Cond": "((c1.post_id = pl.post_id_from) AND (c1.site_id = tag.site_id))",
                                                "Join Filter": "(c1.date > c2.date)",
                                                "Rows Removed by Join Filter": 0,
                                                "Workers": [],
                                                "Plans": [
                                                    {
                                                        "Node Type": "Seq Scan",
                                                        "Parent Relationship": "Outer",
                                                        "Parallel Aware": true,
                                                        "Async Capable": false,
                                                        "Relation Name": "comment",
                                                        "Alias": "c1",
                                                        "Startup Cost": 0.0,
                                                        "Total Cost": 2909153.53,
                                                        "Plan Rows": 12936953,
                                                        "Plan Width": 16,
                                                        "Actual Startup Time": 0.0,
                                                        "Actual Total Time": 0.0,
                                                        "Actual Rows": 0,
                                                        "Actual Loops": 0,
                                                        "Workers": []
                                                    },
                                                    {
                                                        "Node Type": "Hash",
                                                        "Parent Relationship": "Inner",
                                                        "Parallel Aware": true,
                                                        "Async Capable": false,
                                                        "Startup Cost": 7006916.14,
                                                        "Total Cost": 7006916.14,
                                                        "Plan Rows": 1,
                                                        "Plan Width": 52,
                                                        "Actual Startup Time": 3363.333,
                                                        "Actual Total Time": 3363.34,
                                                        "Actual Rows": 0,
                                                        "Actual Loops": 8,
                                                        "Hash Buckets": 1024,
                                                        "Original Hash Buckets": 1024,
                                                        "Hash Batches": 1,
                                                        "Original Hash Batches": 1,
                                                        "Peak Memory Usage": 0,
                                                        "Workers": [],
                                                        "Plans": [
                                                            {
                                                                "Node Type": "Hash Join",
                                                                "Parent Relationship": "Outer",
                                                                "Parallel Aware": true,
                                                                "Async Capable": false,
                                                                "Join Type": "Inner",
                                                                "Startup Cost": 5311106.92,
                                                                "Total Cost": 7006916.14,
                                                                "Plan Rows": 1,
                                                                "Plan Width": 52,
                                                                "Actual Startup Time": 3363.315,
                                                                "Actual Total Time": 3363.323,
                                                                "Actual Rows": 0,
                                                                "Actual Loops": 8,
                                                                "Inner Unique": false,
                                                                "Hash Cond": "((q1.id = pl.post_id_from) AND (q1.site_id = tag.site_id))",
                                                                "Workers": [],
                                                                "Plans": [
                                                                    {
                                                                        "Node Type": "Seq Scan",
                                                                        "Parent Relationship": "Outer",
                                                                        "Parallel Aware": true,
                                                                        "Async Capable": false,
                                                                        "Relation Name": "question",
                                                                        "Alias": "q1",
                                                                        "Startup Cost": 0.0,
                                                                        "Total Cost": 1682252.12,
                                                                        "Plan Rows": 1807612,
                                                                        "Plan Width": 8,
                                                                        "Actual Startup Time": 0.0,
                                                                        "Actual Total Time": 0.0,
                                                                        "Actual Rows": 0,
                                                                        "Actual Loops": 0,
                                                                        "Workers": []
                                                                    },
                                                                    {
                                                                        "Node Type": "Hash",
                                                                        "Parent Relationship": "Inner",
                                                                        "Parallel Aware": true,
                                                                        "Async Capable": false,
                                                                        "Startup Cost": 5311106.9,
                                                                        "Total Cost": 5311106.9,
                                                                        "Plan Rows": 1,
                                                                        "Plan Width": 44,
                                                                        "Actual Startup Time": 3363.295,
                                                                        "Actual Total Time": 3363.302,
                                                                        "Actual Rows": 0,
                                                                        "Actual Loops": 8,
                                                                        "Hash Buckets": 1024,
                                                                        "Original Hash Buckets": 1024,
                                                                        "Hash Batches": 1,
                                                                        "Original Hash Batches": 1,
                                                                        "Peak Memory Usage": 0,
                                                                        "Workers": [],
                                                                        "Plans": [
                                                                            {
                                                                                "Node Type": "Hash Join",
                                                                                "Parent Relationship": "Outer",
                                                                                "Parallel Aware": true,
                                                                                "Async Capable": false,
                                                                                "Join Type": "Inner",
                                                                                "Startup Cost": 4999196.66,
                                                                                "Total Cost": 5311106.9,
                                                                                "Plan Rows": 1,
                                                                                "Plan Width": 44,
                                                                                "Actual Startup Time": 3363.266,
                                                                                "Actual Total Time": 3363.273,
                                                                                "Actual Rows": 0,
                                                                                "Actual Loops": 8,
                                                                                "Inner Unique": false,
                                                                                "Hash Cond": "((tq1.question_id = pl.post_id_from) AND (tag.id = tq2.tag_id) AND (tag.site_id = pl.site_id))",
                                                                                "Workers": [],
                                                                                "Plans": [
                                                                                    {
                                                                                        "Node Type": "Hash Join",
                                                                                        "Parent Relationship": "Outer",
                                                                                        "Parallel Aware": true,
                                                                                        "Async Capable": false,
                                                                                        "Join Type": "Inner",
                                                                                        "Startup Cost": 2573.71,
                                                                                        "Total Cost": 314463.51,
                                                                                        "Plan Rows": 1817,
                                                                                        "Plan Width": 20,
                                                                                        "Actual Startup Time": 2.47,
                                                                                        "Actual Total Time": 515.53,
                                                                                        "Actual Rows": 74479,
                                                                                        "Actual Loops": 8,
                                                                                        "Inner Unique": true,
                                                                                        "Hash Cond": "((tq1.tag_id = tag.id) AND (tq1.site_id = tag.site_id))",
                                                                                        "Workers": [],
                                                                                        "Plans": [
                                                                                            {
                                                                                                "Node Type": "Seq Scan",
                                                                                                "Parent Relationship": "Outer",
                                                                                                "Parallel Aware": true,
                                                                                                "Async Capable": false,
                                                                                                "Relation Name": "tag_question",
                                                                                                "Alias": "tq1",
                                                                                                "Startup Cost": 0.0,
                                                                                                "Total Cost": 273159.66,
                                                                                                "Plan Rows": 7376766,
                                                                                                "Plan Width": 12,
                                                                                                "Actual Startup Time": 0.069,
                                                                                                "Actual Total Time": 234.946,
                                                                                                "Actual Rows": 4610477,
                                                                                                "Actual Loops": 8,
                                                                                                "Workers": []
                                                                                            },
                                                                                            {
                                                                                                "Node Type": "Hash",
                                                                                                "Parent Relationship": "Inner",
                                                                                                "Parallel Aware": true,
                                                                                                "Async Capable": false,
                                                                                                "Startup Cost": 2573.31,
                                                                                                "Total Cost": 2573.31,
                                                                                                "Plan Rows": 27,
                                                                                                "Plan Width": 8,
                                                                                                "Actual Startup Time": 2.2,
                                                                                                "Actual Total Time": 2.201,
                                                                                                "Actual Rows": 5,
                                                                                                "Actual Loops": 8,
                                                                                                "Hash Buckets": 1024,
                                                                                                "Original Hash Buckets": 1024,
                                                                                                "Hash Batches": 1,
                                                                                                "Original Hash Batches": 1,
                                                                                                "Peak Memory Usage": 264,
                                                                                                "Workers": [],
                                                                                                "Plans": [
                                                                                                    {
                                                                                                        "Node Type": "Seq Scan",
                                                                                                        "Parent Relationship": "Outer",
                                                                                                        "Parallel Aware": true,
                                                                                                        "Async Capable": false,
                                                                                                        "Relation Name": "tag",
                                                                                                        "Alias": "tag",
                                                                                                        "Startup Cost": 0.0,
                                                                                                        "Total Cost": 2573.31,
                                                                                                        "Plan Rows": 27,
                                                                                                        "Plan Width": 8,
                                                                                                        "Actual Startup Time": 0.271,
                                                                                                        "Actual Total Time": 2.074,
                                                                                                        "Actual Rows": 5,
                                                                                                        "Actual Loops": 8,
                                                                                                        "Filter": "((name)::text = ANY ('{python-3.x,html}'::text[]))",
                                                                                                        "Rows Removed by Filter": 23341,
                                                                                                        "Workers": []
                                                                                                    }
                                                                                                ]
                                                                                            }
                                                                                        ]
                                                                                    },
                                                                                    {
                                                                                        "Node Type": "Hash",
                                                                                        "Parent Relationship": "Inner",
                                                                                        "Parallel Aware": true,
                                                                                        "Async Capable": false,
                                                                                        "Startup Cost": 4996619.23,
                                                                                        "Total Cost": 4996619.23,
                                                                                        "Plan Rows": 212,
                                                                                        "Plan Width": 36,
                                                                                        "Actual Startup Time": 2842.339,
                                                                                        "Actual Total Time": 2842.345,
                                                                                        "Actual Rows": 1182,
                                                                                        "Actual Loops": 8,
                                                                                        "Hash Buckets": 16384,
                                                                                        "Original Hash Buckets": 1024,
                                                                                        "Hash Batches": 1,
                                                                                        "Original Hash Batches": 1,
                                                                                        "Peak Memory Usage": 952,
                                                                                        "Workers": [],
                                                                                        "Plans": [
                                                                                            {
                                                                                                "Node Type": "Hash Join",
                                                                                                "Parent Relationship": "Outer",
                                                                                                "Parallel Aware": true,
                                                                                                "Async Capable": false,
                                                                                                "Join Type": "Inner",
                                                                                                "Startup Cost": 4969388.7,
                                                                                                "Total Cost": 4996619.23,
                                                                                                "Plan Rows": 212,
                                                                                                "Plan Width": 36,
                                                                                                "Actual Startup Time": 2829.809,
                                                                                                "Actual Total Time": 2829.985,
                                                                                                "Actual Rows": 1182,
                                                                                                "Actual Loops": 8,
                                                                                                "Inner Unique": false,
                                                                                                "Hash Cond": "((pl.post_id_to = q2.id) AND (pl.site_id = site.site_id))",
                                                                                                "Workers": [],
                                                                                                "Plans": [
                                                                                                    {
                                                                                                        "Node Type": "Seq Scan",
                                                                                                        "Parent Relationship": "Outer",
                                                                                                        "Parallel Aware": true,
                                                                                                        "Async Capable": false,
                                                                                                        "Relation Name": "post_link",
                                                                                                        "Alias": "pl",
                                                                                                        "Startup Cost": 0.0,
                                                                                                        "Total Cost": 21752.3,
                                                                                                        "Plan Rows": 730430,
                                                                                                        "Plan Width": 12,
                                                                                                        "Actual Startup Time": 0.005,
                                                                                                        "Actual Total Time": 15.235,
                                                                                                        "Actual Rows": 283042,
                                                                                                        "Actual Loops": 8,
                                                                                                        "Workers": []
                                                                                                    },
                                                                                                    {
                                                                                                        "Node Type": "Hash",
                                                                                                        "Parent Relationship": "Inner",
                                                                                                        "Parallel Aware": true,
                                                                                                        "Async Capable": false,
                                                                                                        "Startup Cost": 4969387.3,
                                                                                                        "Total Cost": 4969387.3,
                                                                                                        "Plan Rows": 93,
                                                                                                        "Plan Width": 40,
                                                                                                        "Actual Startup Time": 2796.476,
                                                                                                        "Actual Total Time": 2796.48,
                                                                                                        "Actual Rows": 6333,
                                                                                                        "Actual Loops": 8,
                                                                                                        "Hash Buckets": 65536,
                                                                                                        "Original Hash Buckets": 1024,
                                                                                                        "Hash Batches": 1,
                                                                                                        "Original Hash Batches": 1,
                                                                                                        "Peak Memory Usage": 5112,
                                                                                                        "Workers": [],
                                                                                                        "Plans": [
                                                                                                            {
                                                                                                                "Node Type": "Hash Join",
                                                                                                                "Parent Relationship": "Outer",
                                                                                                                "Parallel Aware": true,
                                                                                                                "Async Capable": false,
                                                                                                                "Join Type": "Inner",
                                                                                                                "Startup Cost": 4640901.77,
                                                                                                                "Total Cost": 4969387.3,
                                                                                                                "Plan Rows": 93,
                                                                                                                "Plan Width": 40,
                                                                                                                "Actual Startup Time": 2793.71,
                                                                                                                "Actual Total Time": 2794.769,
                                                                                                                "Actual Rows": 6333,
                                                                                                                "Actual Loops": 8,
                                                                                                                "Inner Unique": false,
                                                                                                                "Hash Cond": "((tq2.question_id = q2.id) AND (tq2.site_id = site.site_id))",
                                                                                                                "Workers": [],
                                                                                                                "Plans": [
                                                                                                                    {
                                                                                                                        "Node Type": "Seq Scan",
                                                                                                                        "Parent Relationship": "Outer",
                                                                                                                        "Parallel Aware": true,
                                                                                                                        "Async Capable": false,
                                                                                                                        "Relation Name": "tag_question",
                                                                                                                        "Alias": "tq2",
                                                                                                                        "Startup Cost": 0.0,
                                                                                                                        "Total Cost": 273159.66,
                                                                                                                        "Plan Rows": 7376766,
                                                                                                                        "Plan Width": 12,
                                                                                                                        "Actual Startup Time": 2.835,
                                                                                                                        "Actual Total Time": 242.025,
                                                                                                                        "Actual Rows": 4610477,
                                                                                                                        "Actual Loops": 8,
                                                                                                                        "Workers": []
                                                                                                                    },
                                                                                                                    {
                                                                                                                        "Node Type": "Hash",
                                                                                                                        "Parent Relationship": "Inner",
                                                                                                                        "Parallel Aware": true,
                                                                                                                        "Async Capable": false,
                                                                                                                        "Startup Cost": 4640880.8,
                                                                                                                        "Total Cost": 4640880.8,
                                                                                                                        "Plan Rows": 1398,
                                                                                                                        "Plan Width": 28,
                                                                                                                        "Actual Startup Time": 2253.305,
                                                                                                                        "Actual Total Time": 2253.308,
                                                                                                                        "Actual Rows": 3075,
                                                                                                                        "Actual Loops": 8,
                                                                                                                        "Hash Buckets": 32768,
                                                                                                                        "Original Hash Buckets": 16384,
                                                                                                                        "Hash Batches": 1,
                                                                                                                        "Original Hash Batches": 1,
                                                                                                                        "Peak Memory Usage": 2048,
                                                                                                                        "Workers": [],
                                                                                                                        "Plans": [
                                                                                                                            {
                                                                                                                                "Node Type": "Hash Join",
                                                                                                                                "Parent Relationship": "Outer",
                                                                                                                                "Parallel Aware": true,
                                                                                                                                "Async Capable": false,
                                                                                                                                "Join Type": "Inner",
                                                                                                                                "Startup Cost": 2945069.83,
                                                                                                                                "Total Cost": 4640880.8,
                                                                                                                                "Plan Rows": 1398,
                                                                                                                                "Plan Width": 28,
                                                                                                                                "Actual Startup Time": 2250.76,
                                                                                                                                "Actual Total Time": 2252.451,
                                                                                                                                "Actual Rows": 3075,
                                                                                                                                "Actual Loops": 8,
                                                                                                                                "Inner Unique": false,
                                                                                                                                "Hash Cond": "((q2.id = c2.post_id) AND (q2.site_id = site.site_id))",
                                                                                                                                "Workers": [],
                                                                                                                                "Plans": [
                                                                                                                                    {
                                                                                                                                        "Node Type": "Seq Scan",
                                                                                                                                        "Parent Relationship": "Outer",
                                                                                                                                        "Parallel Aware": true,
                                                                                                                                        "Async Capable": false,
                                                                                                                                        "Relation Name": "question",
                                                                                                                                        "Alias": "q2",
                                                                                                                                        "Startup Cost": 0.0,
                                                                                                                                        "Total Cost": 1682252.12,
                                                                                                                                        "Plan Rows": 1807612,
                                                                                                                                        "Plan Width": 8,
                                                                                                                                        "Actual Startup Time": 0.015,
                                                                                                                                        "Actual Total Time": 447.445,
                                                                                                                                        "Actual Rows": 1583305,
                                                                                                                                        "Actual Loops": 8,
                                                                                                                                        "Workers": []
                                                                                                                                    },
                                                                                                                                    {
                                                                                                                                        "Node Type": "Hash",
                                                                                                                                        "Parent Relationship": "Inner",
                                                                                                                                        "Parallel Aware": true,
                                                                                                                                        "Async Capable": false,
                                                                                                                                        "Startup Cost": 2943948.13,
                                                                                                                                        "Total Cost": 2943948.13,
                                                                                                                                        "Plan Rows": 74780,
                                                                                                                                        "Plan Width": 20,
                                                                                                                                        "Actual Startup Time": 1623.517,
                                                                                                                                        "Actual Total Time": 1623.519,
                                                                                                                                        "Actual Rows": 11310,
                                                                                                                                        "Actual Loops": 8,
                                                                                                                                        "Hash Buckets": 1048576,
                                                                                                                                        "Original Hash Buckets": 1048576,
                                                                                                                                        "Hash Batches": 1,
                                                                                                                                        "Original Hash Batches": 1,
                                                                                                                                        "Peak Memory Usage": 13184,
                                                                                                                                        "Workers": [],
                                                                                                                                        "Plans": [
                                                                                                                                            {
                                                                                                                                                "Node Type": "Hash Join",
                                                                                                                                                "Parent Relationship": "Outer",
                                                                                                                                                "Parallel Aware": false,
                                                                                                                                                "Async Capable": false,
                                                                                                                                                "Join Type": "Inner",
                                                                                                                                                "Startup Cost": 3.18,
                                                                                                                                                "Total Cost": 2943948.13,
                                                                                                                                                "Plan Rows": 74780,
                                                                                                                                                "Plan Width": 20,
                                                                                                                                                "Actual Startup Time": 1059.433,
                                                                                                                                                "Actual Total Time": 1621.229,
                                                                                                                                                "Actual Rows": 11310,
                                                                                                                                                "Actual Loops": 8,
                                                                                                                                                "Inner Unique": true,
                                                                                                                                                "Hash Cond": "(c2.site_id = site.site_id)",
                                                                                                                                                "Workers": [],
                                                                                                                                                "Plans": [
                                                                                                                                                    {
                                                                                                                                                        "Node Type": "Seq Scan",
                                                                                                                                                        "Parent Relationship": "Outer",
                                                                                                                                                        "Parallel Aware": true,
                                                                                                                                                        "Async Capable": false,
                                                                                                                                                        "Relation Name": "comment",
                                                                                                                                                        "Alias": "c2",
                                                                                                                                                        "Startup Cost": 0.0,
                                                                                                                                                        "Total Cost": 2909153.53,
                                                                                                                                                        "Plan Rows": 12936953,
                                                                                                                                                        "Plan Width": 16,
                                                                                                                                                        "Actual Startup Time": 0.052,
                                                                                                                                                        "Actual Total Time": 1059.714,
                                                                                                                                                        "Actual Rows": 12932495,
                                                                                                                                                        "Actual Loops": 8,
                                                                                                                                                        "Workers": []
                                                                                                                                                    },
                                                                                                                                                    {
                                                                                                                                                        "Node Type": "Hash",
                                                                                                                                                        "Parent Relationship": "Inner",
                                                                                                                                                        "Parallel Aware": false,
                                                                                                                                                        "Async Capable": false,
                                                                                                                                                        "Startup Cost": 3.16,
                                                                                                                                                        "Total Cost": 3.16,
                                                                                                                                                        "Plan Rows": 1,
                                                                                                                                                        "Plan Width": 4,
                                                                                                                                                        "Actual Startup Time": 0.021,
                                                                                                                                                        "Actual Total Time": 0.022,
                                                                                                                                                        "Actual Rows": 1,
                                                                                                                                                        "Actual Loops": 8,
                                                                                                                                                        "Hash Buckets": 1024,
                                                                                                                                                        "Original Hash Buckets": 1024,
                                                                                                                                                        "Hash Batches": 1,
                                                                                                                                                        "Original Hash Batches": 1,
                                                                                                                                                        "Peak Memory Usage": 9,
                                                                                                                                                        "Workers": [],
                                                                                                                                                        "Plans": [
                                                                                                                                                            {
                                                                                                                                                                "Node Type": "Seq Scan",
                                                                                                                                                                "Parent Relationship": "Outer",
                                                                                                                                                                "Parallel Aware": false,
                                                                                                                                                                "Async Capable": false,
                                                                                                                                                                "Relation Name": "site",
                                                                                                                                                                "Alias": "site",
                                                                                                                                                                "Startup Cost": 0.0,
                                                                                                                                                                "Total Cost": 3.16,
                                                                                                                                                                "Plan Rows": 1,
                                                                                                                                                                "Plan Width": 4,
                                                                                                                                                                "Actual Startup Time": 0.013,
                                                                                                                                                                "Actual Total Time": 0.018,
                                                                                                                                                                "Actual Rows": 1,
                                                                                                                                                                "Actual Loops": 8,
                                                                                                                                                                "Filter": "((site_name)::text = 'german'::text)",
                                                                                                                                                                "Rows Removed by Filter": 172,
                                                                                                                                                                "Workers": []
                                                                                                                                                            }
                                                                                                                                                        ]
                                                                                                                                                    }
                                                                                                                                                ]
                                                                                                                                            }
                                                                                                                                        ]
                                                                                                                                    }
                                                                                                                                ]
                                                                                                                            }
                                                                                                                        ]
                                                                                                                    }
                                                                                                                ]
                                                                                                            }
                                                                                                        ]
                                                                                                    }
                                                                                                ]
                                                                                            }
                                                                                        ]
                                                                                    }
                                                                                ]
                                                                            }
                                                                        ]
                                                                    }
                                                                ]
                                                            }
                                                        ]
                                                    }
                                                ]
                                            }
                                        ]
                                    }
                                ]
                            }
                        ]
                    },
                    "Planning Time": 69.654,
                    "Triggers": [],
                    "Execution Time": 3385.282
                }
            ],
            "hints": [
                "SET enable_hashjoin TO on",
                "SET enable_indexonlyscan TO on",
                "SET enable_indexscan TO off",
                "SET enable_mergejoin TO off",
                "SET enable_nestloop TO off",
                "SET enable_seqscan TO on"
            ]
        },
        {
            "arm": 4,
            "execution_time": 12.602,
            "plan": [
                {
                    "Plan": {
                        "Node Type": "Aggregate",
                        "Strategy": "Plain",
                        "Partial Mode": "Simple",
                        "Parallel Aware": false,
                        "Async Capable": false,
                        "Startup Cost": 3730.26,
                        "Total Cost": 3730.27,
                        "Plan Rows": 1,
                        "Plan Width": 8,
                        "Actual Startup Time": 12.546,
                        "Actual Total Time": 12.549,
                        "Actual Rows": 1,
                        "Actual Loops": 1,
                        "Plans": [
                            {
                                "Node Type": "Sort",
                                "Parent Relationship": "Outer",
                                "Parallel Aware": false,
                                "Async Capable": false,
                                "Startup Cost": 3730.25,
                                "Total Cost": 3730.26,
                                "Plan Rows": 1,
                                "Plan Width": 4,
                                "Actual Startup Time": 12.543,
                                "Actual Total Time": 12.545,
                                "Actual Rows": 0,
                                "Actual Loops": 1,
                                "Sort Key": [
                                    "q1.id"
                                ],
                                "Sort Method": "quicksort",
                                "Sort Space Used": 25,
                                "Sort Space Type": "Memory",
                                "Plans": [
                                    {
                                        "Node Type": "Nested Loop",
                                        "Parent Relationship": "Outer",
                                        "Parallel Aware": false,
                                        "Async Capable": false,
                                        "Join Type": "Inner",
                                        "Startup Cost": 3.56,
                                        "Total Cost": 3730.24,
                                        "Plan Rows": 1,
                                        "Plan Width": 4,
                                        "Actual Startup Time": 12.539,
                                        "Actual Total Time": 12.542,
                                        "Actual Rows": 0,
                                        "Actual Loops": 1,
                                        "Inner Unique": false,
                                        "Join Filter": "((c1.date > c2.date) AND (pl.post_id_to = c2.post_id) AND (c2.site_id = tag.site_id))",
                                        "Rows Removed by Join Filter": 0,
                                        "Plans": [
                                            {
                                                "Node Type": "Nested Loop",
                                                "Parent Relationship": "Outer",
                                                "Parallel Aware": false,
                                                "Async Capable": false,
                                                "Join Type": "Inner",
                                                "Startup Cost": 3.0,
                                                "Total Cost": 3722.08,
                                                "Plan Rows": 1,
                                                "Plan Width": 56,
                                                "Actual Startup Time": 12.539,
                                                "Actual Total Time": 12.541,
                                                "Actual Rows": 0,
                                                "Actual Loops": 1,
                                                "Inner Unique": true,
                                                "Join Filter": "((tag.id = tq2.tag_id) AND (tag.site_id = tq2.site_id))",
                                                "Rows Removed by Join Filter": 0,
                                                "Plans": [
                                                    {
                                                        "Node Type": "Nested Loop",
                                                        "Parent Relationship": "Outer",
                                                        "Parallel Aware": false,
                                                        "Async Capable": false,
                                                        "Join Type": "Inner",
                                                        "Startup Cost": 2.43,
                                                        "Total Cost": 3713.92,
                                                        "Plan Rows": 1,
                                                        "Plan Width": 56,
                                                        "Actual Startup Time": 12.539,
                                                        "Actual Total Time": 12.541,
                                                        "Actual Rows": 0,
                                                        "Actual Loops": 1,
                                                        "Inner Unique": true,
                                                        "Join Filter": "(q2.site_id = tag.site_id)",
                                                        "Rows Removed by Join Filter": 0,
                                                        "Plans": [
                                                            {
                                                                "Node Type": "Nested Loop",
                                                                "Parent Relationship": "Outer",
                                                                "Parallel Aware": false,
                                                                "Async Capable": false,
                                                                "Join Type": "Inner",
                                                                "Startup Cost": 2.0,
                                                                "Total Cost": 3709.68,
                                                                "Plan Rows": 1,
                                                                "Plan Width": 48,
                                                                "Actual Startup Time": 12.539,
                                                                "Actual Total Time": 12.54,
                                                                "Actual Rows": 0,
                                                                "Actual Loops": 1,
                                                                "Inner Unique": false,
                                                                "Join Filter": "(pl.site_id = tag.site_id)",
                                                                "Rows Removed by Join Filter": 0,
                                                                "Plans": [
                                                                    {
                                                                        "Node Type": "Nested Loop",
                                                                        "Parent Relationship": "Outer",
                                                                        "Parallel Aware": false,
                                                                        "Async Capable": false,
                                                                        "Join Type": "Inner",
                                                                        "Startup Cost": 1.57,
                                                                        "Total Cost": 3701.67,
                                                                        "Plan Rows": 1,
                                                                        "Plan Width": 48,
                                                                        "Actual Startup Time": 12.538,
                                                                        "Actual Total Time": 12.54,
                                                                        "Actual Rows": 0,
                                                                        "Actual Loops": 1,
                                                                        "Inner Unique": false,
                                                                        "Join Filter": "(c1.site_id = tag.site_id)",
                                                                        "Rows Removed by Join Filter": 0,
                                                                        "Plans": [
                                                                            {
                                                                                "Node Type": "Nested Loop",
                                                                                "Parent Relationship": "Outer",
                                                                                "Parallel Aware": false,
                                                                                "Async Capable": false,
                                                                                "Join Type": "Inner",
                                                                                "Startup Cost": 1.0,
                                                                                "Total Cost": 3693.51,
                                                                                "Plan Rows": 1,
                                                                                "Plan Width": 32,
                                                                                "Actual Startup Time": 12.538,
                                                                                "Actual Total Time": 12.539,
                                                                                "Actual Rows": 0,
                                                                                "Actual Loops": 1,
                                                                                "Inner Unique": true,
                                                                                "Join Filter": "(q1.site_id = tag.site_id)",
                                                                                "Rows Removed by Join Filter": 0,
                                                                                "Plans": [
                                                                                    {
                                                                                        "Node Type": "Nested Loop",
                                                                                        "Parent Relationship": "Outer",
                                                                                        "Parallel Aware": false,
                                                                                        "Async Capable": false,
                                                                                        "Join Type": "Inner",
                                                                                        "Startup Cost": 0.56,
                                                                                        "Total Cost": 3600.17,
                                                                                        "Plan Rows": 22,
                                                                                        "Plan Width": 24,
                                                                                        "Actual Startup Time": 12.538,
                                                                                        "Actual Total Time": 12.539,
                                                                                        "Actual Rows": 0,
                                                                                        "Actual Loops": 1,
                                                                                        "Inner Unique": false,
                                                                                        "Plans": [
                                                                                            {
                                                                                                "Node Type": "Nested Loop",
                                                                                                "Parent Relationship": "Outer",
                                                                                                "Parallel Aware": false,
                                                                                                "Async Capable": false,
                                                                                                "Join Type": "Inner",
                                                                                                "Startup Cost": 0.0,
                                                                                                "Total Cost": 3538.36,
                                                                                                "Plan Rows": 1,
                                                                                                "Plan Width": 12,
                                                                                                "Actual Startup Time": 12.538,
                                                                                                "Actual Total Time": 12.538,
                                                                                                "Actual Rows": 0,
                                                                                                "Actual Loops": 1,
                                                                                                "Inner Unique": false,
                                                                                                "Join Filter": "(site.site_id = tag.site_id)",
                                                                                                "Rows Removed by Join Filter": 39,
                                                                                                "Plans": [
                                                                                                    {
                                                                                                        "Node Type": "Seq Scan",
                                                                                                        "Parent Relationship": "Outer",
                                                                                                        "Parallel Aware": false,
                                                                                                        "Async Capable": false,
                                                                                                        "Relation Name": "site",
                                                                                                        "Alias": "site",
                                                                                                        "Startup Cost": 0.0,
                                                                                                        "Total Cost": 3.16,
                                                                                                        "Plan Rows": 1,
                                                                                                        "Plan Width": 4,
                                                                                                        "Actual Startup Time": 0.016,
                                                                                                        "Actual Total Time": 0.022,
                                                                                                        "Actual Rows": 1,
                                                                                                        "Actual Loops": 1,
                                                                                                        "Filter": "((site_name)::text = 'german'::text)",
                                                                                                        "Rows Removed by Filter": 172
                                                                                                    },
                                                                                                    {
                                                                                                        "Node Type": "Seq Scan",
                                                                                                        "Parent Relationship": "Inner",
                                                                                                        "Parallel Aware": false,
                                                                                                        "Async Capable": false,
                                                                                                        "Relation Name": "tag",
                                                                                                        "Alias": "tag",
                                                                                                        "Startup Cost": 0.0,
                                                                                                        "Total Cost": 3534.62,
                                                                                                        "Plan Rows": 46,
                                                                                                        "Plan Width": 8,
                                                                                                        "Actual Startup Time": 0.108,
                                                                                                        "Actual Total Time": 12.513,
                                                                                                        "Actual Rows": 39,
                                                                                                        "Actual Loops": 1,
                                                                                                        "Filter": "((name)::text = ANY ('{python-3.x,html}'::text[]))",
                                                                                                        "Rows Removed by Filter": 186731
                                                                                                    }
                                                                                                ]
                                                                                            },
                                                                                            {
                                                                                                "Node Type": "Index Only Scan",
                                                                                                "Parent Relationship": "Inner",
                                                                                                "Parallel Aware": false,
                                                                                                "Async Capable": false,
                                                                                                "Scan Direction": "Forward",
                                                                                                "Index Name": "tag_question_site_id_tag_id_question_id_idx",
                                                                                                "Relation Name": "tag_question",
                                                                                                "Alias": "tq1",
                                                                                                "Startup Cost": 0.56,
                                                                                                "Total Cost": 61.49,
                                                                                                "Plan Rows": 31,
                                                                                                "Plan Width": 12,
                                                                                                "Actual Startup Time": 0.0,
                                                                                                "Actual Total Time": 0.0,
                                                                                                "Actual Rows": 0,
                                                                                                "Actual Loops": 0,
                                                                                                "Index Cond": "((site_id = tag.site_id) AND (tag_id = tag.id))",
                                                                                                "Rows Removed by Index Recheck": 0,
                                                                                                "Heap Fetches": 0
                                                                                            }
                                                                                        ]
                                                                                    },
                                                                                    {
                                                                                        "Node Type": "Index Only Scan",
                                                                                        "Parent Relationship": "Inner",
                                                                                        "Parallel Aware": false,
                                                                                        "Async Capable": false,
                                                                                        "Scan Direction": "Forward",
                                                                                        "Index Name": "question_pkey",
                                                                                        "Relation Name": "question",
                                                                                        "Alias": "q1",
                                                                                        "Startup Cost": 0.43,
                                                                                        "Total Cost": 4.23,
                                                                                        "Plan Rows": 1,
                                                                                        "Plan Width": 8,
                                                                                        "Actual Startup Time": 0.0,
                                                                                        "Actual Total Time": 0.0,
                                                                                        "Actual Rows": 0,
                                                                                        "Actual Loops": 0,
                                                                                        "Index Cond": "((id = tq1.question_id) AND (site_id = tq1.site_id))",
                                                                                        "Rows Removed by Index Recheck": 0,
                                                                                        "Heap Fetches": 0
                                                                                    }
                                                                                ]
                                                                            },
                                                                            {
                                                                                "Node Type": "Index Scan",
                                                                                "Parent Relationship": "Inner",
                                                                                "Parallel Aware": false,
                                                                                "Async Capable": false,
                                                                                "Scan Direction": "Forward",
                                                                                "Index Name": "comment_site_id_post_id_idx",
                                                                                "Relation Name": "comment",
                                                                                "Alias": "c1",
                                                                                "Startup Cost": 0.57,
                                                                                "Total Cost": 8.15,
                                                                                "Plan Rows": 1,
                                                                                "Plan Width": 16,
                                                                                "Actual Startup Time": 0.0,
                                                                                "Actual Total Time": 0.0,
                                                                                "Actual Rows": 0,
                                                                                "Actual Loops": 0,
                                                                                "Index Cond": "((site_id = q1.site_id) AND (post_id = q1.id))",
                                                                                "Rows Removed by Index Recheck": 0
                                                                            }
                                                                        ]
                                                                    },
                                                                    {
                                                                        "Node Type": "Index Only Scan",
                                                                        "Parent Relationship": "Inner",
                                                                        "Parallel Aware": false,
                                                                        "Async Capable": false,
                                                                        "Scan Direction": "Forward",
                                                                        "Index Name": "post_link_pkey",
                                                                        "Relation Name": "post_link",
                                                                        "Alias": "pl",
                                                                        "Startup Cost": 0.43,
                                                                        "Total Cost": 8.0,
                                                                        "Plan Rows": 1,
                                                                        "Plan Width": 12,
                                                                        "Actual Startup Time": 0.0,
                                                                        "Actual Total Time": 0.0,
                                                                        "Actual Rows": 0,
                                                                        "Actual Loops": 0,
                                                                        "Index Cond": "((site_id = q1.site_id) AND (post_id_from = q1.id))",
                                                                        "Rows Removed by Index Recheck": 0,
                                                                        "Heap Fetches": 0
                                                                    }
                                                                ]
                                                            },
                                                            {
                                                                "Node Type": "Index Only Scan",
                                                                "Parent Relationship": "Inner",
                                                                "Parallel Aware": false,
                                                                "Async Capable": false,
                                                                "Scan Direction": "Forward",
                                                                "Index Name": "question_pkey",
                                                                "Relation Name": "question",
                                                                "Alias": "q2",
                                                                "Startup Cost": 0.43,
                                                                "Total Cost": 4.23,
                                                                "Plan Rows": 1,
                                                                "Plan Width": 8,
                                                                "Actual Startup Time": 0.0,
                                                                "Actual Total Time": 0.0,
                                                                "Actual Rows": 0,
                                                                "Actual Loops": 0,
                                                                "Index Cond": "((id = pl.post_id_to) AND (site_id = pl.site_id))",
                                                                "Rows Removed by Index Recheck": 0,
                                                                "Heap Fetches": 0
                                                            }
                                                        ]
                                                    },
                                                    {
                                                        "Node Type": "Index Only Scan",
                                                        "Parent Relationship": "Inner",
                                                        "Parallel Aware": false,
                                                        "Async Capable": false,
                                                        "Scan Direction": "Forward",
                                                        "Index Name": "tag_question_pkey",
                                                        "Relation Name": "tag_question",
                                                        "Alias": "tq2",
                                                        "Startup Cost": 0.56,
                                                        "Total Cost": 8.14,
                                                        "Plan Rows": 1,
                                                        "Plan Width": 12,
                                                        "Actual Startup Time": 0.0,
                                                        "Actual Total Time": 0.0,
                                                        "Actual Rows": 0,
                                                        "Actual Loops": 0,
                                                        "Index Cond": "((site_id = pl.site_id) AND (question_id = pl.post_id_to))",
                                                        "Rows Removed by Index Recheck": 0,
                                                        "Heap Fetches": 0
                                                    }
                                                ]
                                            },
                                            {
                                                "Node Type": "Index Scan",
                                                "Parent Relationship": "Inner",
                                                "Parallel Aware": false,
                                                "Async Capable": false,
                                                "Scan Direction": "Forward",
                                                "Index Name": "comment_site_id_post_id_idx",
                                                "Relation Name": "comment",
                                                "Alias": "c2",
                                                "Startup Cost": 0.57,
                                                "Total Cost": 8.15,
                                                "Plan Rows": 1,
                                                "Plan Width": 16,
                                                "Actual Startup Time": 0.0,
                                                "Actual Total Time": 0.0,
                                                "Actual Rows": 0,
                                                "Actual Loops": 0,
                                                "Index Cond": "((site_id = tq2.site_id) AND (post_id = tq2.question_id))",
                                                "Rows Removed by Index Recheck": 0
                                            }
                                        ]
                                    }
                                ]
                            }
                        ]
                    },
                    "Planning Time": 85.685,
                    "Triggers": [],
                    "Execution Time": 12.602
                }
            ],
            "hints": [
                "SET enable_hashjoin TO on",
                "SET enable_indexonlyscan TO on",
                "SET enable_indexscan TO on",
                "SET enable_mergejoin TO off",
                "SET enable_nestloop TO on",
                "SET enable_seqscan TO on"
            ]
        }
    ]
}