{
    "sql_file": "soload_q10-001.sql",
    "query": "select count(distinct q1.id) from\nsite, post_link pl1, post_link pl2, question q1, question q2, question q3 where\n\nsite.site_name = 'aviation' and\nq1.site_id = site.site_id and\nq1.site_id = q2.site_id and\nq2.site_id = q3.site_id and\n\npl1.site_id = q1.site_id and\npl1.post_id_from = q1.id and\npl1.post_id_to = q2.id and\n\npl2.site_id = q1.site_id and\npl2.post_id_from = q2.id and\npl2.post_id_to = q3.id and\n\nexists ( select * from comment where comment.site_id = q3.site_id and comment.post_id = q3.id ) and\nexists ( select * from comment where comment.site_id = q2.site_id and comment.post_id = q2.id ) and\nexists ( select * from comment where comment.site_id = q1.site_id and comment.post_id = q1.id ) and\n\nq1.score > q3.score;",
    "results": [
        {
            "arm": 0,
            "execution_time": 170.956,
            "plan": [
                {
                    "Plan": {
                        "Node Type": "Aggregate",
                        "Strategy": "Plain",
                        "Partial Mode": "Simple",
                        "Parallel Aware": false,
                        "Async Capable": false,
                        "Startup Cost": 44963.04,
                        "Total Cost": 44963.05,
                        "Plan Rows": 1,
                        "Plan Width": 8,
                        "Actual Startup Time": 168.504,
                        "Actual Total Time": 170.896,
                        "Actual Rows": 1,
                        "Actual Loops": 1,
                        "Plans": [
                            {
                                "Node Type": "Gather Merge",
                                "Parent Relationship": "Outer",
                                "Parallel Aware": false,
                                "Async Capable": false,
                                "Startup Cost": 44956.75,
                                "Total Cost": 44962.91,
                                "Plan Rows": 52,
                                "Plan Width": 4,
                                "Actual Startup Time": 168.441,
                                "Actual Total Time": 170.869,
                                "Actual Rows": 464,
                                "Actual Loops": 1,
                                "Workers Planned": 3,
                                "Workers Launched": 3,
                                "Plans": [
                                    {
                                        "Node Type": "Sort",
                                        "Parent Relationship": "Outer",
                                        "Parallel Aware": false,
                                        "Async Capable": false,
                                        "Startup Cost": 43956.71,
                                        "Total Cost": 43956.76,
                                        "Plan Rows": 17,
                                        "Plan Width": 4,
                                        "Actual Startup Time": 166.114,
                                        "Actual Total Time": 166.122,
                                        "Actual Rows": 116,
                                        "Actual Loops": 4,
                                        "Sort Key": [
                                            "q1.id"
                                        ],
                                        "Sort Method": "quicksort",
                                        "Sort Space Used": 25,
                                        "Sort Space Type": "Memory",
                                        "Workers": [
                                            {
                                                "Worker Number": 0,
                                                "Sort Method": "quicksort",
                                                "Sort Space Used": 25,
                                                "Sort Space Type": "Memory"
                                            },
                                            {
                                                "Worker Number": 1,
                                                "Sort Method": "quicksort",
                                                "Sort Space Used": 25,
                                                "Sort Space Type": "Memory"
                                            },
                                            {
                                                "Worker Number": 2,
                                                "Sort Method": "quicksort",
                                                "Sort Space Used": 25,
                                                "Sort Space Type": "Memory"
                                            }
                                        ],
                                        "Plans": [
                                            {
                                                "Node Type": "Nested Loop",
                                                "Parent Relationship": "Outer",
                                                "Parallel Aware": false,
                                                "Async Capable": false,
                                                "Join Type": "Semi",
                                                "Startup Cost": 15769.47,
                                                "Total Cost": 43956.37,
                                                "Plan Rows": 17,
                                                "Plan Width": 4,
                                                "Actual Startup Time": 17.379,
                                                "Actual Total Time": 166.083,
                                                "Actual Rows": 116,
                                                "Actual Loops": 4,
                                                "Inner Unique": false,
                                                "Join Filter": "(pl1.post_id_from = comment_2.post_id)",
                                                "Rows Removed by Join Filter": 0,
                                                "Workers": [],
                                                "Plans": [
                                                    {
                                                        "Node Type": "Nested Loop",
                                                        "Parent Relationship": "Outer",
                                                        "Parallel Aware": false,
                                                        "Async Capable": false,
                                                        "Join Type": "Semi",
                                                        "Startup Cost": 15768.9,
                                                        "Total Cost": 43933.1,
                                                        "Plan Rows": 17,
                                                        "Plan Width": 40,
                                                        "Actual Startup Time": 17.161,
                                                        "Actual Total Time": 165.059,
                                                        "Actual Rows": 135,
                                                        "Actual Loops": 4,
                                                        "Inner Unique": false,
                                                        "Join Filter": "((q1.site_id = comment_1.site_id) AND (pl1.post_id_to = comment_1.post_id))",
                                                        "Rows Removed by Join Filter": 0,
                                                        "Workers": [],
                                                        "Plans": [
                                                            {
                                                                "Node Type": "Nested Loop",
                                                                "Parent Relationship": "Outer",
                                                                "Parallel Aware": false,
                                                                "Async Capable": false,
                                                                "Join Type": "Semi",
                                                                "Startup Cost": 15768.34,
                                                                "Total Cost": 43909.83,
                                                                "Plan Rows": 17,
                                                                "Plan Width": 48,
                                                                "Actual Startup Time": 17.047,
                                                                "Actual Total Time": 163.85,
                                                                "Actual Rows": 158,
                                                                "Actual Loops": 4,
                                                                "Inner Unique": false,
                                                                "Join Filter": "((q1.site_id = comment.site_id) AND (pl2.post_id_to = comment.post_id))",
                                                                "Rows Removed by Join Filter": 0,
                                                                "Workers": [],
                                                                "Plans": [
                                                                    {
                                                                        "Node Type": "Nested Loop",
                                                                        "Parent Relationship": "Outer",
                                                                        "Parallel Aware": false,
                                                                        "Async Capable": false,
                                                                        "Join Type": "Inner",
                                                                        "Startup Cost": 15767.77,
                                                                        "Total Cost": 43886.57,
                                                                        "Plan Rows": 17,
                                                                        "Plan Width": 52,
                                                                        "Actual Startup Time": 16.796,
                                                                        "Actual Total Time": 161.767,
                                                                        "Actual Rows": 191,
                                                                        "Actual Loops": 4,
                                                                        "Inner Unique": true,
                                                                        "Join Filter": "(q1.site_id = q2.site_id)",
                                                                        "Rows Removed by Join Filter": 0,
                                                                        "Workers": [],
                                                                        "Plans": [
                                                                            {
                                                                                "Node Type": "Nested Loop",
                                                                                "Parent Relationship": "Outer",
                                                                                "Parallel Aware": false,
                                                                                "Async Capable": false,
                                                                                "Join Type": "Inner",
                                                                                "Startup Cost": 15767.33,
                                                                                "Total Cost": 43813.28,
                                                                                "Plan Rows": 17,
                                                                                "Plan Width": 44,
                                                                                "Actual Startup Time": 16.69,
                                                                                "Actual Total Time": 159.741,
                                                                                "Actual Rows": 191,
                                                                                "Actual Loops": 4,
                                                                                "Inner Unique": true,
                                                                                "Join Filter": "((q1.score > q3.score) AND (q1.site_id = q3.site_id))",
                                                                                "Rows Removed by Join Filter": 978,
                                                                                "Workers": [],
                                                                                "Plans": [
                                                                                    {
                                                                                        "Node Type": "Nested Loop",
                                                                                        "Parent Relationship": "Outer",
                                                                                        "Parallel Aware": false,
                                                                                        "Async Capable": false,
                                                                                        "Join Type": "Inner",
                                                                                        "Startup Cost": 15766.9,
                                                                                        "Total Cost": 43405.32,
                                                                                        "Plan Rows": 50,
                                                                                        "Plan Width": 40,
                                                                                        "Actual Startup Time": 15.924,
                                                                                        "Actual Total Time": 146.703,
                                                                                        "Actual Rows": 1169,
                                                                                        "Actual Loops": 4,
                                                                                        "Inner Unique": true,
                                                                                        "Join Filter": "(site.site_id = q1.site_id)",
                                                                                        "Rows Removed by Join Filter": 0,
                                                                                        "Workers": [],
                                                                                        "Plans": [
                                                                                            {
                                                                                                "Node Type": "Hash Join",
                                                                                                "Parent Relationship": "Outer",
                                                                                                "Parallel Aware": false,
                                                                                                "Async Capable": false,
                                                                                                "Join Type": "Inner",
                                                                                                "Startup Cost": 15766.46,
                                                                                                "Total Cost": 42997.49,
                                                                                                "Plan Rows": 50,
                                                                                                "Plan Width": 28,
                                                                                                "Actual Startup Time": 15.815,
                                                                                                "Actual Total Time": 135.435,
                                                                                                "Actual Rows": 1169,
                                                                                                "Actual Loops": 4,
                                                                                                "Inner Unique": false,
                                                                                                "Hash Cond": "((pl1.site_id = site.site_id) AND (pl1.post_id_to = pl2.post_id_from))",
                                                                                                "Workers": [],
                                                                                                "Plans": [
                                                                                                    {
                                                                                                        "Node Type": "Seq Scan",
                                                                                                        "Parent Relationship": "Outer",
                                                                                                        "Parallel Aware": true,
                                                                                                        "Async Capable": false,
                                                                                                        "Relation Name": "post_link",
                                                                                                        "Alias": "pl1",
                                                                                                        "Startup Cost": 0.0,
                                                                                                        "Total Cost": 21752.3,
                                                                                                        "Plan Rows": 730430,
                                                                                                        "Plan Width": 12,
                                                                                                        "Actual Startup Time": 4.235,
                                                                                                        "Actual Total Time": 98.365,
                                                                                                        "Actual Rows": 566083,
                                                                                                        "Actual Loops": 4,
                                                                                                        "Workers": []
                                                                                                    },
                                                                                                    {
                                                                                                        "Node Type": "Hash",
                                                                                                        "Parent Relationship": "Inner",
                                                                                                        "Parallel Aware": false,
                                                                                                        "Async Capable": false,
                                                                                                        "Startup Cost": 15570.13,
                                                                                                        "Total Cost": 15570.13,
                                                                                                        "Plan Rows": 13089,
                                                                                                        "Plan Width": 16,
                                                                                                        "Actual Startup Time": 6.212,
                                                                                                        "Actual Total Time": 6.214,
                                                                                                        "Actual Rows": 5647,
                                                                                                        "Actual Loops": 4,
                                                                                                        "Hash Buckets": 16384,
                                                                                                        "Original Hash Buckets": 16384,
                                                                                                        "Hash Batches": 1,
                                                                                                        "Original Hash Batches": 1,
                                                                                                        "Peak Memory Usage": 393,
                                                                                                        "Workers": [],
                                                                                                        "Plans": [
                                                                                                            {
                                                                                                                "Node Type": "Nested Loop",
                                                                                                                "Parent Relationship": "Outer",
                                                                                                                "Parallel Aware": false,
                                                                                                                "Async Capable": false,
                                                                                                                "Join Type": "Inner",
                                                                                                                "Startup Cost": 330.94,
                                                                                                                "Total Cost": 15570.13,
                                                                                                                "Plan Rows": 13089,
                                                                                                                "Plan Width": 16,
                                                                                                                "Actual Startup Time": 2.607,
                                                                                                                "Actual Total Time": 5.675,
                                                                                                                "Actual Rows": 5647,
                                                                                                                "Actual Loops": 4,
                                                                                                                "Inner Unique": false,
                                                                                                                "Workers": [],
                                                                                                                "Plans": [
                                                                                                                    {
                                                                                                                        "Node Type": "Index Scan",
                                                                                                                        "Parent Relationship": "Outer",
                                                                                                                        "Parallel Aware": false,
                                                                                                                        "Async Capable": false,
                                                                                                                        "Scan Direction": "Forward",
                                                                                                                        "Index Name": "site_pkey",
                                                                                                                        "Relation Name": "site",
                                                                                                                        "Alias": "site",
                                                                                                                        "Startup Cost": 0.14,
                                                                                                                        "Total Cost": 15.17,
                                                                                                                        "Plan Rows": 1,
                                                                                                                        "Plan Width": 4,
                                                                                                                        "Actual Startup Time": 0.079,
                                                                                                                        "Actual Total Time": 0.117,
                                                                                                                        "Actual Rows": 1,
                                                                                                                        "Actual Loops": 4,
                                                                                                                        "Filter": "((site_name)::text = 'aviation'::text)",
                                                                                                                        "Rows Removed by Filter": 172,
                                                                                                                        "Workers": []
                                                                                                                    },
                                                                                                                    {
                                                                                                                        "Node Type": "Bitmap Heap Scan",
                                                                                                                        "Parent Relationship": "Inner",
                                                                                                                        "Parallel Aware": false,
                                                                                                                        "Async Capable": false,
                                                                                                                        "Relation Name": "post_link",
                                                                                                                        "Alias": "pl2",
                                                                                                                        "Startup Cost": 330.8,
                                                                                                                        "Total Cost": 15412.55,
                                                                                                                        "Plan Rows": 14241,
                                                                                                                        "Plan Width": 12,
                                                                                                                        "Actual Startup Time": 2.525,
                                                                                                                        "Actual Total Time": 5.247,
                                                                                                                        "Actual Rows": 5647,
                                                                                                                        "Actual Loops": 4,
                                                                                                                        "Recheck Cond": "(site.site_id = site_id)",
                                                                                                                        "Rows Removed by Index Recheck": 0,
                                                                                                                        "Exact Heap Blocks": 37,
                                                                                                                        "Lossy Heap Blocks": 0,
                                                                                                                        "Workers": [],
                                                                                                                        "Plans": [
                                                                                                                            {
                                                                                                                                "Node Type": "Bitmap Index Scan",
                                                                                                                                "Parent Relationship": "Outer",
                                                                                                                                "Parallel Aware": false,
                                                                                                                                "Async Capable": false,
                                                                                                                                "Index Name": "post_link_pkey",
                                                                                                                                "Startup Cost": 0.0,
                                                                                                                                "Total Cost": 327.24,
                                                                                                                                "Plan Rows": 14241,
                                                                                                                                "Plan Width": 0,
                                                                                                                                "Actual Startup Time": 2.394,
                                                                                                                                "Actual Total Time": 2.394,
                                                                                                                                "Actual Rows": 5647,
                                                                                                                                "Actual Loops": 4,
                                                                                                                                "Index Cond": "(site_id = site.site_id)",
                                                                                                                                "Workers": []
                                                                                                                            }
                                                                                                                        ]
                                                                                                                    }
                                                                                                                ]
                                                                                                            }
                                                                                                        ]
                                                                                                    }
                                                                                                ]
                                                                                            },
                                                                                            {
                                                                                                "Node Type": "Index Scan",
                                                                                                "Parent Relationship": "Inner",
                                                                                                "Parallel Aware": false,
                                                                                                "Async Capable": false,
                                                                                                "Scan Direction": "Forward",
                                                                                                "Index Name": "question_pkey",
                                                                                                "Relation Name": "question",
                                                                                                "Alias": "q1",
                                                                                                "Startup Cost": 0.43,
                                                                                                "Total Cost": 8.14,
                                                                                                "Plan Rows": 1,
                                                                                                "Plan Width": 12,
                                                                                                "Actual Startup Time": 0.009,
                                                                                                "Actual Total Time": 0.009,
                                                                                                "Actual Rows": 1,
                                                                                                "Actual Loops": 4675,
                                                                                                "Index Cond": "((id = pl1.post_id_from) AND (site_id = pl1.site_id))",
                                                                                                "Rows Removed by Index Recheck": 0,
                                                                                                "Workers": []
                                                                                            }
                                                                                        ]
                                                                                    },
                                                                                    {
                                                                                        "Node Type": "Index Scan",
                                                                                        "Parent Relationship": "Inner",
                                                                                        "Parallel Aware": false,
                                                                                        "Async Capable": false,
                                                                                        "Scan Direction": "Forward",
                                                                                        "Index Name": "question_pkey",
                                                                                        "Relation Name": "question",
                                                                                        "Alias": "q3",
                                                                                        "Startup Cost": 0.43,
                                                                                        "Total Cost": 8.14,
                                                                                        "Plan Rows": 1,
                                                                                        "Plan Width": 12,
                                                                                        "Actual Startup Time": 0.011,
                                                                                        "Actual Total Time": 0.011,
                                                                                        "Actual Rows": 1,
                                                                                        "Actual Loops": 4675,
                                                                                        "Index Cond": "((id = pl2.post_id_to) AND (site_id = pl2.site_id))",
                                                                                        "Rows Removed by Index Recheck": 0,
                                                                                        "Workers": []
                                                                                    }
                                                                                ]
                                                                            },
                                                                            {
                                                                                "Node Type": "Index Only Scan",
                                                                                "Parent Relationship": "Inner",
                                                                                "Parallel Aware": false,
                                                                                "Async Capable": false,
                                                                                "Scan Direction": "Forward",
                                                                                "Index Name": "question_pkey",
                                                                                "Relation Name": "question",
                                                                                "Alias": "q2",
                                                                                "Startup Cost": 0.43,
                                                                                "Total Cost": 4.3,
                                                                                "Plan Rows": 1,
                                                                                "Plan Width": 8,
                                                                                "Actual Startup Time": 0.01,
                                                                                "Actual Total Time": 0.01,
                                                                                "Actual Rows": 1,
                                                                                "Actual Loops": 765,
                                                                                "Index Cond": "((id = pl1.post_id_to) AND (site_id = pl1.site_id))",
                                                                                "Rows Removed by Index Recheck": 0,
                                                                                "Heap Fetches": 0,
                                                                                "Workers": []
                                                                            }
                                                                        ]
                                                                    },
                                                                    {
                                                                        "Node Type": "Index Only Scan",
                                                                        "Parent Relationship": "Inner",
                                                                        "Parallel Aware": false,
                                                                        "Async Capable": false,
                                                                        "Scan Direction": "Forward",
                                                                        "Index Name": "comment_site_id_post_id_idx",
                                                                        "Relation Name": "comment",
                                                                        "Alias": "comment",
                                                                        "Startup Cost": 0.57,
                                                                        "Total Cost": 8.28,
                                                                        "Plan Rows": 1,
                                                                        "Plan Width": 8,
                                                                        "Actual Startup Time": 0.01,
                                                                        "Actual Total Time": 0.01,
                                                                        "Actual Rows": 1,
                                                                        "Actual Loops": 765,
                                                                        "Index Cond": "((site_id = q3.site_id) AND (post_id = q3.id))",
                                                                        "Rows Removed by Index Recheck": 0,
                                                                        "Heap Fetches": 634,
                                                                        "Workers": []
                                                                    }
                                                                ]
                                                            },
                                                            {
                                                                "Node Type": "Index Only Scan",
                                                                "Parent Relationship": "Inner",
                                                                "Parallel Aware": false,
                                                                "Async Capable": false,
                                                                "Scan Direction": "Forward",
                                                                "Index Name": "comment_site_id_post_id_idx",
                                                                "Relation Name": "comment",
                                                                "Alias": "comment_1",
                                                                "Startup Cost": 0.57,
                                                                "Total Cost": 8.28,
                                                                "Plan Rows": 1,
                                                                "Plan Width": 8,
                                                                "Actual Startup Time": 0.007,
                                                                "Actual Total Time": 0.007,
                                                                "Actual Rows": 1,
                                                                "Actual Loops": 634,
                                                                "Index Cond": "((site_id = q2.site_id) AND (post_id = q2.id))",
                                                                "Rows Removed by Index Recheck": 0,
                                                                "Heap Fetches": 539,
                                                                "Workers": []
                                                            }
                                                        ]
                                                    },
                                                    {
                                                        "Node Type": "Index Only Scan",
                                                        "Parent Relationship": "Inner",
                                                        "Parallel Aware": false,
                                                        "Async Capable": false,
                                                        "Scan Direction": "Forward",
                                                        "Index Name": "comment_site_id_post_id_idx",
                                                        "Relation Name": "comment",
                                                        "Alias": "comment_2",
                                                        "Startup Cost": 0.57,
                                                        "Total Cost": 8.28,
                                                        "Plan Rows": 1,
                                                        "Plan Width": 8,
                                                        "Actual Startup Time": 0.007,
                                                        "Actual Total Time": 0.007,
                                                        "Actual Rows": 1,
                                                        "Actual Loops": 539,
                                                        "Index Cond": "((site_id = q1.site_id) AND (post_id = q1.id))",
                                                        "Rows Removed by Index Recheck": 0,
                                                        "Heap Fetches": 464,
                                                        "Workers": []
                                                    }
                                                ]
                                            }
                                        ]
                                    }
                                ]
                            }
                        ]
                    },
                    "Planning Time": 120.048,
                    "Triggers": [],
                    "Execution Time": 170.956
                }
            ],
            "hints": [
                "SET enable_hashjoin TO on",
                "SET enable_indexonlyscan TO on",
                "SET enable_indexscan TO on",
                "SET enable_mergejoin TO on",
                "SET enable_nestloop TO on",
                "SET enable_seqscan TO on"
            ]
        },
        {
            "arm": 1,
            "execution_time": 12992.575,
            "plan": [
                {
                    "Plan": {
                        "Node Type": "Aggregate",
                        "Strategy": "Plain",
                        "Partial Mode": "Simple",
                        "Parallel Aware": false,
                        "Async Capable": false,
                        "Startup Cost": 13289412.34,
                        "Total Cost": 13289412.35,
                        "Plan Rows": 1,
                        "Plan Width": 8,
                        "Actual Startup Time": 11953.642,
                        "Actual Total Time": 12992.52,
                        "Actual Rows": 1,
                        "Actual Loops": 1,
                        "Plans": [
                            {
                                "Node Type": "Gather Merge",
                                "Parent Relationship": "Outer",
                                "Parallel Aware": false,
                                "Async Capable": false,
                                "Startup Cost": 13289405.83,
                                "Total Cost": 13289412.21,
                                "Plan Rows": 52,
                                "Plan Width": 4,
                                "Actual Startup Time": 11953.534,
                                "Actual Total Time": 12992.491,
                                "Actual Rows": 464,
                                "Actual Loops": 1,
                                "Workers Planned": 7,
                                "Workers Launched": 7,
                                "Plans": [
                                    {
                                        "Node Type": "Sort",
                                        "Parent Relationship": "Outer",
                                        "Parallel Aware": false,
                                        "Async Capable": false,
                                        "Startup Cost": 13288405.71,
                                        "Total Cost": 13288405.72,
                                        "Plan Rows": 7,
                                        "Plan Width": 4,
                                        "Actual Startup Time": 11950.517,
                                        "Actual Total Time": 11950.586,
                                        "Actual Rows": 58,
                                        "Actual Loops": 8,
                                        "Sort Key": [
                                            "q1.id"
                                        ],
                                        "Sort Method": "quicksort",
                                        "Sort Space Used": 25,
                                        "Sort Space Type": "Memory",
                                        "Workers": [
                                            {
                                                "Worker Number": 0,
                                                "Sort Method": "quicksort",
                                                "Sort Space Used": 25,
                                                "Sort Space Type": "Memory"
                                            },
                                            {
                                                "Worker Number": 1,
                                                "Sort Method": "quicksort",
                                                "Sort Space Used": 25,
                                                "Sort Space Type": "Memory"
                                            },
                                            {
                                                "Worker Number": 2,
                                                "Sort Method": "quicksort",
                                                "Sort Space Used": 25,
                                                "Sort Space Type": "Memory"
                                            },
                                            {
                                                "Worker Number": 3,
                                                "Sort Method": "quicksort",
                                                "Sort Space Used": 25,
                                                "Sort Space Type": "Memory"
                                            },
                                            {
                                                "Worker Number": 4,
                                                "Sort Method": "quicksort",
                                                "Sort Space Used": 25,
                                                "Sort Space Type": "Memory"
                                            },
                                            {
                                                "Worker Number": 5,
                                                "Sort Method": "quicksort",
                                                "Sort Space Used": 25,
                                                "Sort Space Type": "Memory"
                                            },
                                            {
                                                "Worker Number": 6,
                                                "Sort Method": "quicksort",
                                                "Sort Space Used": 25,
                                                "Sort Space Type": "Memory"
                                            }
                                        ],
                                        "Plans": [
                                            {
                                                "Node Type": "Hash Join",
                                                "Parent Relationship": "Outer",
                                                "Parallel Aware": true,
                                                "Async Capable": false,
                                                "Join Type": "Semi",
                                                "Startup Cost": 11440963.91,
                                                "Total Cost": 13288405.61,
                                                "Plan Rows": 7,
                                                "Plan Width": 4,
                                                "Actual Startup Time": 11392.326,
                                                "Actual Total Time": 11950.518,
                                                "Actual Rows": 58,
                                                "Actual Loops": 8,
                                                "Inner Unique": false,
                                                "Hash Cond": "((q1.site_id = comment_2.site_id) AND (pl1.post_id_from = comment_2.post_id))",
                                                "Workers": [],
                                                "Plans": [
                                                    {
                                                        "Node Type": "Hash Join",
                                                        "Parent Relationship": "Outer",
                                                        "Parallel Aware": true,
                                                        "Async Capable": false,
                                                        "Join Type": "Semi",
                                                        "Startup Cost": 8287221.09,
                                                        "Total Cost": 10084125.66,
                                                        "Plan Rows": 7,
                                                        "Plan Width": 40,
                                                        "Actual Startup Time": 8249.001,
                                                        "Actual Total Time": 8810.345,
                                                        "Actual Rows": 67,
                                                        "Actual Loops": 8,
                                                        "Inner Unique": false,
                                                        "Hash Cond": "((q1.site_id = comment_1.site_id) AND (pl1.post_id_to = comment_1.post_id))",
                                                        "Workers": [],
                                                        "Plans": [
                                                            {
                                                                "Node Type": "Hash Join",
                                                                "Parent Relationship": "Outer",
                                                                "Parallel Aware": true,
                                                                "Async Capable": false,
                                                                "Join Type": "Semi",
                                                                "Startup Cost": 5133478.26,
                                                                "Total Cost": 6879835.16,
                                                                "Plan Rows": 7,
                                                                "Plan Width": 48,
                                                                "Actual Startup Time": 5132.989,
                                                                "Actual Total Time": 5710.104,
                                                                "Actual Rows": 79,
                                                                "Actual Loops": 8,
                                                                "Inner Unique": false,
                                                                "Hash Cond": "((q1.site_id = comment.site_id) AND (pl2.post_id_to = comment.post_id))",
                                                                "Workers": [],
                                                                "Plans": [
                                                                    {
                                                                        "Node Type": "Hash Join",
                                                                        "Parent Relationship": "Outer",
                                                                        "Parallel Aware": true,
                                                                        "Async Capable": false,
                                                                        "Join Type": "Inner",
                                                                        "Startup Cost": 1979735.44,
                                                                        "Total Cost": 3675544.66,
                                                                        "Plan Rows": 7,
                                                                        "Plan Width": 52,
                                                                        "Actual Startup Time": 2583.461,
                                                                        "Actual Total Time": 2647.494,
                                                                        "Actual Rows": 96,
                                                                        "Actual Loops": 8,
                                                                        "Inner Unique": false,
                                                                        "Hash Cond": "((q1.site_id = site.site_id) AND (q1.id = pl1.post_id_from))",
                                                                        "Join Filter": "(q1.score > q3.score)",
                                                                        "Rows Removed by Join Filter": 489,
                                                                        "Workers": [],
                                                                        "Plans": [
                                                                            {
                                                                                "Node Type": "Seq Scan",
                                                                                "Parent Relationship": "Outer",
                                                                                "Parallel Aware": true,
                                                                                "Async Capable": false,
                                                                                "Relation Name": "question",
                                                                                "Alias": "q1",
                                                                                "Startup Cost": 0.0,
                                                                                "Total Cost": 1682252.12,
                                                                                "Plan Rows": 1807612,
                                                                                "Plan Width": 12,
                                                                                "Actual Startup Time": 0.056,
                                                                                "Actual Total Time": 395.275,
                                                                                "Actual Rows": 1583305,
                                                                                "Actual Loops": 8,
                                                                                "Workers": []
                                                                            },
                                                                            {
                                                                                "Node Type": "Hash",
                                                                                "Parent Relationship": "Inner",
                                                                                "Parallel Aware": true,
                                                                                "Async Capable": false,
                                                                                "Startup Cost": 1979735.11,
                                                                                "Total Cost": 1979735.11,
                                                                                "Plan Rows": 22,
                                                                                "Plan Width": 48,
                                                                                "Actual Startup Time": 2139.206,
                                                                                "Actual Total Time": 2139.213,
                                                                                "Actual Rows": 584,
                                                                                "Actual Loops": 8,
                                                                                "Hash Buckets": 8192,
                                                                                "Original Hash Buckets": 1024,
                                                                                "Hash Batches": 1,
                                                                                "Original Hash Batches": 1,
                                                                                "Peak Memory Usage": 632,
                                                                                "Workers": [],
                                                                                "Plans": [
                                                                                    {
                                                                                        "Node Type": "Hash Join",
                                                                                        "Parent Relationship": "Outer",
                                                                                        "Parallel Aware": true,
                                                                                        "Async Capable": false,
                                                                                        "Join Type": "Inner",
                                                                                        "Startup Cost": 283925.88,
                                                                                        "Total Cost": 1979735.11,
                                                                                        "Plan Rows": 22,
                                                                                        "Plan Width": 48,
                                                                                        "Actual Startup Time": 1438.645,
                                                                                        "Actual Total Time": 1717.989,
                                                                                        "Actual Rows": 584,
                                                                                        "Actual Loops": 8,
                                                                                        "Inner Unique": false,
                                                                                        "Hash Cond": "((q3.site_id = site.site_id) AND (q3.id = pl2.post_id_to))",
                                                                                        "Workers": [],
                                                                                        "Plans": [
                                                                                            {
                                                                                                "Node Type": "Seq Scan",
                                                                                                "Parent Relationship": "Outer",
                                                                                                "Parallel Aware": true,
                                                                                                "Async Capable": false,
                                                                                                "Relation Name": "question",
                                                                                                "Alias": "q3",
                                                                                                "Startup Cost": 0.0,
                                                                                                "Total Cost": 1682252.12,
                                                                                                "Plan Rows": 1807612,
                                                                                                "Plan Width": 12,
                                                                                                "Actual Startup Time": 0.023,
                                                                                                "Actual Total Time": 619.252,
                                                                                                "Actual Rows": 1583305,
                                                                                                "Actual Loops": 8,
                                                                                                "Workers": []
                                                                                            },
                                                                                            {
                                                                                                "Node Type": "Hash",
                                                                                                "Parent Relationship": "Inner",
                                                                                                "Parallel Aware": true,
                                                                                                "Async Capable": false,
                                                                                                "Startup Cost": 283925.13,
                                                                                                "Total Cost": 283925.13,
                                                                                                "Plan Rows": 50,
                                                                                                "Plan Width": 36,
                                                                                                "Actual Startup Time": 987.954,
                                                                                                "Actual Total Time": 987.959,
                                                                                                "Actual Rows": 584,
                                                                                                "Actual Loops": 8,
                                                                                                "Hash Buckets": 8192,
                                                                                                "Original Hash Buckets": 1024,
                                                                                                "Hash Batches": 1,
                                                                                                "Original Hash Batches": 1,
                                                                                                "Peak Memory Usage": 536,
                                                                                                "Workers": [],
                                                                                                "Plans": [
                                                                                                    {
                                                                                                        "Node Type": "Hash Join",
                                                                                                        "Parent Relationship": "Outer",
                                                                                                        "Parallel Aware": true,
                                                                                                        "Async Capable": false,
                                                                                                        "Join Type": "Inner",
                                                                                                        "Startup Cost": 256694.57,
                                                                                                        "Total Cost": 283925.13,
                                                                                                        "Plan Rows": 50,
                                                                                                        "Plan Width": 36,
                                                                                                        "Actual Startup Time": 955.298,
                                                                                                        "Actual Total Time": 961.784,
                                                                                                        "Actual Rows": 584,
                                                                                                        "Actual Loops": 8,
                                                                                                        "Inner Unique": false,
                                                                                                        "Hash Cond": "((pl1.site_id = site.site_id) AND (pl1.post_id_to = q2.id))",
                                                                                                        "Workers": [],
                                                                                                        "Plans": [
                                                                                                            {
                                                                                                                "Node Type": "Seq Scan",
                                                                                                                "Parent Relationship": "Outer",
                                                                                                                "Parallel Aware": true,
                                                                                                                "Async Capable": false,
                                                                                                                "Relation Name": "post_link",
                                                                                                                "Alias": "pl1",
                                                                                                                "Startup Cost": 0.0,
                                                                                                                "Total Cost": 21752.3,
                                                                                                                "Plan Rows": 730430,
                                                                                                                "Plan Width": 12,
                                                                                                                "Actual Startup Time": 0.007,
                                                                                                                "Actual Total Time": 11.704,
                                                                                                                "Actual Rows": 283042,
                                                                                                                "Actual Loops": 8,
                                                                                                                "Workers": []
                                                                                                            },
                                                                                                            {
                                                                                                                "Node Type": "Hash",
                                                                                                                "Parent Relationship": "Inner",
                                                                                                                "Parallel Aware": true,
                                                                                                                "Async Capable": false,
                                                                                                                "Startup Cost": 256631.24,
                                                                                                                "Total Cost": 256631.24,
                                                                                                                "Plan Rows": 4222,
                                                                                                                "Plan Width": 24,
                                                                                                                "Actual Startup Time": 935.005,
                                                                                                                "Actual Total Time": 935.009,
                                                                                                                "Actual Rows": 706,
                                                                                                                "Actual Loops": 8,
                                                                                                                "Hash Buckets": 16384,
                                                                                                                "Original Hash Buckets": 16384,
                                                                                                                "Hash Batches": 1,
                                                                                                                "Original Hash Batches": 1,
                                                                                                                "Peak Memory Usage": 576,
                                                                                                                "Workers": [],
                                                                                                                "Plans": [
                                                                                                                    {
                                                                                                                        "Node Type": "Hash Join",
                                                                                                                        "Parent Relationship": "Outer",
                                                                                                                        "Parallel Aware": true,
                                                                                                                        "Async Capable": false,
                                                                                                                        "Join Type": "Inner",
                                                                                                                        "Startup Cost": 229400.59,
                                                                                                                        "Total Cost": 256631.24,
                                                                                                                        "Plan Rows": 4222,
                                                                                                                        "Plan Width": 24,
                                                                                                                        "Actual Startup Time": 916.842,
                                                                                                                        "Actual Total Time": 934.583,
                                                                                                                        "Actual Rows": 706,
                                                                                                                        "Actual Loops": 8,
                                                                                                                        "Inner Unique": false,
                                                                                                                        "Hash Cond": "((pl2.site_id = site.site_id) AND (pl2.post_id_from = q2.id))",
                                                                                                                        "Workers": [],
                                                                                                                        "Plans": [
                                                                                                                            {
                                                                                                                                "Node Type": "Seq Scan",
                                                                                                                                "Parent Relationship": "Outer",
                                                                                                                                "Parallel Aware": true,
                                                                                                                                "Async Capable": false,
                                                                                                                                "Relation Name": "post_link",
                                                                                                                                "Alias": "pl2",
                                                                                                                                "Startup Cost": 0.0,
                                                                                                                                "Total Cost": 21752.3,
                                                                                                                                "Plan Rows": 730430,
                                                                                                                                "Plan Width": 12,
                                                                                                                                "Actual Startup Time": 0.012,
                                                                                                                                "Actual Total Time": 14.344,
                                                                                                                                "Actual Rows": 283042,
                                                                                                                                "Actual Loops": 8,
                                                                                                                                "Workers": []
                                                                                                                            },
                                                                                                                            {
                                                                                                                                "Node Type": "Hash",
                                                                                                                                "Parent Relationship": "Inner",
                                                                                                                                "Parallel Aware": true,
                                                                                                                                "Async Capable": false,
                                                                                                                                "Startup Cost": 229217.74,
                                                                                                                                "Total Cost": 229217.74,
                                                                                                                                "Plan Rows": 12190,
                                                                                                                                "Plan Width": 12,
                                                                                                                                "Actual Startup Time": 902.935,
                                                                                                                                "Actual Total Time": 902.937,
                                                                                                                                "Actual Rows": 1452,
                                                                                                                                "Actual Loops": 8,
                                                                                                                                "Hash Buckets": 131072,
                                                                                                                                "Original Hash Buckets": 131072,
                                                                                                                                "Hash Batches": 1,
                                                                                                                                "Original Hash Batches": 1,
                                                                                                                                "Peak Memory Usage": 1760,
                                                                                                                                "Workers": [],
                                                                                                                                "Plans": [
                                                                                                                                    {
                                                                                                                                        "Node Type": "Hash Join",
                                                                                                                                        "Parent Relationship": "Outer",
                                                                                                                                        "Parallel Aware": false,
                                                                                                                                        "Async Capable": false,
                                                                                                                                        "Join Type": "Inner",
                                                                                                                                        "Startup Cost": 3.61,
                                                                                                                                        "Total Cost": 229217.74,
                                                                                                                                        "Plan Rows": 12190,
                                                                                                                                        "Plan Width": 12,
                                                                                                                                        "Actual Startup Time": 1.18,
                                                                                                                                        "Actual Total Time": 902.31,
                                                                                                                                        "Actual Rows": 1452,
                                                                                                                                        "Actual Loops": 8,
                                                                                                                                        "Inner Unique": true,
                                                                                                                                        "Hash Cond": "(q2.site_id = site.site_id)",
                                                                                                                                        "Workers": [],
                                                                                                                                        "Plans": [
                                                                                                                                            {
                                                                                                                                                "Node Type": "Index Only Scan",
                                                                                                                                                "Parent Relationship": "Outer",
                                                                                                                                                "Parallel Aware": true,
                                                                                                                                                "Async Capable": false,
                                                                                                                                                "Scan Direction": "Forward",
                                                                                                                                                "Index Name": "question_pkey",
                                                                                                                                                "Relation Name": "question",
                                                                                                                                                "Alias": "q2",
                                                                                                                                                "Startup Cost": 0.43,
                                                                                                                                                "Total Cost": 223543.14,
                                                                                                                                                "Plan Rows": 2108881,
                                                                                                                                                "Plan Width": 8,
                                                                                                                                                "Actual Startup Time": 0.824,
                                                                                                                                                "Actual Total Time": 816.815,
                                                                                                                                                "Actual Rows": 1583305,
                                                                                                                                                "Actual Loops": 8,
                                                                                                                                                "Heap Fetches": 0,
                                                                                                                                                "Workers": []
                                                                                                                                            },
                                                                                                                                            {
                                                                                                                                                "Node Type": "Hash",
                                                                                                                                                "Parent Relationship": "Inner",
                                                                                                                                                "Parallel Aware": false,
                                                                                                                                                "Async Capable": false,
                                                                                                                                                "Startup Cost": 3.16,
                                                                                                                                                "Total Cost": 3.16,
                                                                                                                                                "Plan Rows": 1,
                                                                                                                                                "Plan Width": 4,
                                                                                                                                                "Actual Startup Time": 0.019,
                                                                                                                                                "Actual Total Time": 0.02,
                                                                                                                                                "Actual Rows": 1,
                                                                                                                                                "Actual Loops": 8,
                                                                                                                                                "Hash Buckets": 1024,
                                                                                                                                                "Original Hash Buckets": 1024,
                                                                                                                                                "Hash Batches": 1,
                                                                                                                                                "Original Hash Batches": 1,
                                                                                                                                                "Peak Memory Usage": 9,
                                                                                                                                                "Workers": [],
                                                                                                                                                "Plans": [
                                                                                                                                                    {
                                                                                                                                                        "Node Type": "Seq Scan",
                                                                                                                                                        "Parent Relationship": "Outer",
                                                                                                                                                        "Parallel Aware": false,
                                                                                                                                                        "Async Capable": false,
                                                                                                                                                        "Relation Name": "site",
                                                                                                                                                        "Alias": "site",
                                                                                                                                                        "Startup Cost": 0.0,
                                                                                                                                                        "Total Cost": 3.16,
                                                                                                                                                        "Plan Rows": 1,
                                                                                                                                                        "Plan Width": 4,
                                                                                                                                                        "Actual Startup Time": 0.012,
                                                                                                                                                        "Actual Total Time": 0.018,
                                                                                                                                                        "Actual Rows": 1,
                                                                                                                                                        "Actual Loops": 8,
                                                                                                                                                        "Filter": "((site_name)::text = 'aviation'::text)",
                                                                                                                                                        "Rows Removed by Filter": 172,
                                                                                                                                                        "Workers": []
                                                                                                                                                    }
                                                                                                                                                ]
                                                                                                                                            }
                                                                                                                                        ]
                                                                                                                                    }
                                                                                                                                ]
                                                                                                                            }
                                                                                                                        ]
                                                                                                                    }
                                                                                                                ]
                                                                                                            }
                                                                                                        ]
                                                                                                    }
                                                                                                ]
                                                                                            }
                                                                                        ]
                                                                                    }
                                                                                ]
                                                                            }
                                                                        ]
                                                                    },
                                                                    {
                                                                        "Node Type": "Hash",
                                                                        "Parent Relationship": "Inner",
                                                                        "Parallel Aware": true,
                                                                        "Async Capable": false,
                                                                        "Startup Cost": 2909153.53,
                                                                        "Total Cost": 2909153.53,
                                                                        "Plan Rows": 12936953,
                                                                        "Plan Width": 8,
                                                                        "Actual Startup Time": 2437.751,
                                                                        "Actual Total Time": 2437.751,
                                                                        "Actual Rows": 12932495,
                                                                        "Actual Loops": 8,
                                                                        "Hash Buckets": 524288,
                                                                        "Original Hash Buckets": 524288,
                                                                        "Hash Batches": 512,
                                                                        "Original Hash Batches": 512,
                                                                        "Peak Memory Usage": 12160,
                                                                        "Workers": [],
                                                                        "Plans": [
                                                                            {
                                                                                "Node Type": "Seq Scan",
                                                                                "Parent Relationship": "Outer",
                                                                                "Parallel Aware": true,
                                                                                "Async Capable": false,
                                                                                "Relation Name": "comment",
                                                                                "Alias": "comment",
                                                                                "Startup Cost": 0.0,
                                                                                "Total Cost": 2909153.53,
                                                                                "Plan Rows": 12936953,
                                                                                "Plan Width": 8,
                                                                                "Actual Startup Time": 0.016,
                                                                                "Actual Total Time": 1181.499,
                                                                                "Actual Rows": 12932495,
                                                                                "Actual Loops": 8,
                                                                                "Workers": []
                                                                            }
                                                                        ]
                                                                    }
                                                                ]
                                                            },
                                                            {
                                                                "Node Type": "Hash",
                                                                "Parent Relationship": "Inner",
                                                                "Parallel Aware": true,
                                                                "Async Capable": false,
                                                                "Startup Cost": 2909153.53,
                                                                "Total Cost": 2909153.53,
                                                                "Plan Rows": 12936953,
                                                                "Plan Width": 8,
                                                                "Actual Startup Time": 2504.878,
                                                                "Actual Total Time": 2504.879,
                                                                "Actual Rows": 12932495,
                                                                "Actual Loops": 8,
                                                                "Hash Buckets": 524288,
                                                                "Original Hash Buckets": 524288,
                                                                "Hash Batches": 512,
                                                                "Original Hash Batches": 512,
                                                                "Peak Memory Usage": 12160,
                                                                "Workers": [],
                                                                "Plans": [
                                                                    {
                                                                        "Node Type": "Seq Scan",
                                                                        "Parent Relationship": "Outer",
                                                                        "Parallel Aware": true,
                                                                        "Async Capable": false,
                                                                        "Relation Name": "comment",
                                                                        "Alias": "comment_1",
                                                                        "Startup Cost": 0.0,
                                                                        "Total Cost": 2909153.53,
                                                                        "Plan Rows": 12936953,
                                                                        "Plan Width": 8,
                                                                        "Actual Startup Time": 0.015,
                                                                        "Actual Total Time": 1200.434,
                                                                        "Actual Rows": 12932495,
                                                                        "Actual Loops": 8,
                                                                        "Workers": []
                                                                    }
                                                                ]
                                                            }
                                                        ]
                                                    },
                                                    {
                                                        "Node Type": "Hash",
                                                        "Parent Relationship": "Inner",
                                                        "Parallel Aware": true,
                                                        "Async Capable": false,
                                                        "Startup Cost": 2909153.53,
                                                        "Total Cost": 2909153.53,
                                                        "Plan Rows": 12936953,
                                                        "Plan Width": 8,
                                                        "Actual Startup Time": 2540.539,
                                                        "Actual Total Time": 2540.539,
                                                        "Actual Rows": 12932495,
                                                        "Actual Loops": 8,
                                                        "Hash Buckets": 524288,
                                                        "Original Hash Buckets": 524288,
                                                        "Hash Batches": 512,
                                                        "Original Hash Batches": 512,
                                                        "Peak Memory Usage": 12224,
                                                        "Workers": [],
                                                        "Plans": [
                                                            {
                                                                "Node Type": "Seq Scan",
                                                                "Parent Relationship": "Outer",
                                                                "Parallel Aware": true,
                                                                "Async Capable": false,
                                                                "Relation Name": "comment",
                                                                "Alias": "comment_2",
                                                                "Startup Cost": 0.0,
                                                                "Total Cost": 2909153.53,
                                                                "Plan Rows": 12936953,
                                                                "Plan Width": 8,
                                                                "Actual Startup Time": 0.026,
                                                                "Actual Total Time": 1211.93,
                                                                "Actual Rows": 12932495,
                                                                "Actual Loops": 8,
                                                                "Workers": []
                                                            }
                                                        ]
                                                    }
                                                ]
                                            }
                                        ]
                                    }
                                ]
                            }
                        ]
                    },
                    "Planning Time": 117.734,
                    "Triggers": [],
                    "Execution Time": 12992.575
                }
            ],
            "hints": [
                "SET enable_hashjoin TO on",
                "SET enable_indexonlyscan TO on",
                "SET enable_indexscan TO on",
                "SET enable_mergejoin TO on",
                "SET enable_nestloop TO off",
                "SET enable_seqscan TO on"
            ]
        },
        {
            "arm": 2,
            "execution_time": 68.563,
            "plan": [
                {
                    "Plan": {
                        "Node Type": "Aggregate",
                        "Strategy": "Plain",
                        "Partial Mode": "Simple",
                        "Parallel Aware": false,
                        "Async Capable": false,
                        "Startup Cost": 45212.12,
                        "Total Cost": 45212.13,
                        "Plan Rows": 1,
                        "Plan Width": 8,
                        "Actual Startup Time": 64.736,
                        "Actual Total Time": 68.498,
                        "Actual Rows": 1,
                        "Actual Loops": 1,
                        "Plans": [
                            {
                                "Node Type": "Gather Merge",
                                "Parent Relationship": "Outer",
                                "Parallel Aware": false,
                                "Async Capable": false,
                                "Startup Cost": 45205.84,
                                "Total Cost": 45211.99,
                                "Plan Rows": 52,
                                "Plan Width": 4,
                                "Actual Startup Time": 64.679,
                                "Actual Total Time": 68.472,
                                "Actual Rows": 464,
                                "Actual Loops": 1,
                                "Workers Planned": 3,
                                "Workers Launched": 3,
                                "Plans": [
                                    {
                                        "Node Type": "Sort",
                                        "Parent Relationship": "Outer",
                                        "Parallel Aware": false,
                                        "Async Capable": false,
                                        "Startup Cost": 44205.8,
                                        "Total Cost": 44205.84,
                                        "Plan Rows": 17,
                                        "Plan Width": 4,
                                        "Actual Startup Time": 62.365,
                                        "Actual Total Time": 62.375,
                                        "Actual Rows": 116,
                                        "Actual Loops": 4,
                                        "Sort Key": [
                                            "q1.id"
                                        ],
                                        "Sort Method": "quicksort",
                                        "Sort Space Used": 25,
                                        "Sort Space Type": "Memory",
                                        "Workers": [
                                            {
                                                "Worker Number": 0,
                                                "Sort Method": "quicksort",
                                                "Sort Space Used": 25,
                                                "Sort Space Type": "Memory"
                                            },
                                            {
                                                "Worker Number": 1,
                                                "Sort Method": "quicksort",
                                                "Sort Space Used": 25,
                                                "Sort Space Type": "Memory"
                                            },
                                            {
                                                "Worker Number": 2,
                                                "Sort Method": "quicksort",
                                                "Sort Space Used": 25,
                                                "Sort Space Type": "Memory"
                                            }
                                        ],
                                        "Plans": [
                                            {
                                                "Node Type": "Nested Loop",
                                                "Parent Relationship": "Outer",
                                                "Parallel Aware": false,
                                                "Async Capable": false,
                                                "Join Type": "Semi",
                                                "Startup Cost": 15780.59,
                                                "Total Cost": 44205.45,
                                                "Plan Rows": 17,
                                                "Plan Width": 4,
                                                "Actual Startup Time": 3.414,
                                                "Actual Total Time": 62.346,
                                                "Actual Rows": 116,
                                                "Actual Loops": 4,
                                                "Inner Unique": false,
                                                "Join Filter": "(pl1.post_id_from = comment_2.post_id)",
                                                "Rows Removed by Join Filter": 0,
                                                "Workers": [],
                                                "Plans": [
                                                    {
                                                        "Node Type": "Nested Loop",
                                                        "Parent Relationship": "Outer",
                                                        "Parallel Aware": false,
                                                        "Async Capable": false,
                                                        "Join Type": "Semi",
                                                        "Startup Cost": 15776.17,
                                                        "Total Cost": 44123.17,
                                                        "Plan Rows": 17,
                                                        "Plan Width": 40,
                                                        "Actual Startup Time": 3.39,
                                                        "Actual Total Time": 61.91,
                                                        "Actual Rows": 135,
                                                        "Actual Loops": 4,
                                                        "Inner Unique": false,
                                                        "Join Filter": "((q1.site_id = comment_1.site_id) AND (pl1.post_id_to = comment_1.post_id))",
                                                        "Rows Removed by Join Filter": 0,
                                                        "Workers": [],
                                                        "Plans": [
                                                            {
                                                                "Node Type": "Nested Loop",
                                                                "Parent Relationship": "Outer",
                                                                "Parallel Aware": false,
                                                                "Async Capable": false,
                                                                "Join Type": "Semi",
                                                                "Startup Cost": 15771.74,
                                                                "Total Cost": 44040.88,
                                                                "Plan Rows": 17,
                                                                "Plan Width": 48,
                                                                "Actual Startup Time": 3.379,
                                                                "Actual Total Time": 61.447,
                                                                "Actual Rows": 158,
                                                                "Actual Loops": 4,
                                                                "Inner Unique": false,
                                                                "Join Filter": "((q1.site_id = comment.site_id) AND (pl2.post_id_to = comment.post_id))",
                                                                "Rows Removed by Join Filter": 0,
                                                                "Workers": [],
                                                                "Plans": [
                                                                    {
                                                                        "Node Type": "Nested Loop",
                                                                        "Parent Relationship": "Outer",
                                                                        "Parallel Aware": false,
                                                                        "Async Capable": false,
                                                                        "Join Type": "Inner",
                                                                        "Startup Cost": 15767.32,
                                                                        "Total Cost": 43958.6,
                                                                        "Plan Rows": 17,
                                                                        "Plan Width": 52,
                                                                        "Actual Startup Time": 3.361,
                                                                        "Actual Total Time": 60.835,
                                                                        "Actual Rows": 191,
                                                                        "Actual Loops": 4,
                                                                        "Inner Unique": true,
                                                                        "Join Filter": "(q1.site_id = q2.site_id)",
                                                                        "Rows Removed by Join Filter": 0,
                                                                        "Workers": [],
                                                                        "Plans": [
                                                                            {
                                                                                "Node Type": "Nested Loop",
                                                                                "Parent Relationship": "Outer",
                                                                                "Parallel Aware": false,
                                                                                "Async Capable": false,
                                                                                "Join Type": "Inner",
                                                                                "Startup Cost": 15763.03,
                                                                                "Total Cost": 43817.22,
                                                                                "Plan Rows": 17,
                                                                                "Plan Width": 44,
                                                                                "Actual Startup Time": 3.354,
                                                                                "Actual Total Time": 60.416,
                                                                                "Actual Rows": 191,
                                                                                "Actual Loops": 4,
                                                                                "Inner Unique": true,
                                                                                "Join Filter": "((q1.score > q3.score) AND (q1.site_id = q3.site_id))",
                                                                                "Rows Removed by Join Filter": 978,
                                                                                "Workers": [],
                                                                                "Plans": [
                                                                                    {
                                                                                        "Node Type": "Nested Loop",
                                                                                        "Parent Relationship": "Outer",
                                                                                        "Parallel Aware": false,
                                                                                        "Async Capable": false,
                                                                                        "Join Type": "Inner",
                                                                                        "Startup Cost": 15758.74,
                                                                                        "Total Cost": 43401.29,
                                                                                        "Plan Rows": 50,
                                                                                        "Plan Width": 40,
                                                                                        "Actual Startup Time": 3.294,
                                                                                        "Actual Total Time": 57.918,
                                                                                        "Actual Rows": 1169,
                                                                                        "Actual Loops": 4,
                                                                                        "Inner Unique": true,
                                                                                        "Join Filter": "(site.site_id = q1.site_id)",
                                                                                        "Rows Removed by Join Filter": 0,
                                                                                        "Workers": [],
                                                                                        "Plans": [
                                                                                            {
                                                                                                "Node Type": "Hash Join",
                                                                                                "Parent Relationship": "Outer",
                                                                                                "Parallel Aware": false,
                                                                                                "Async Capable": false,
                                                                                                "Join Type": "Inner",
                                                                                                "Startup Cost": 15754.45,
                                                                                                "Total Cost": 42985.48,
                                                                                                "Plan Rows": 50,
                                                                                                "Plan Width": 28,
                                                                                                "Actual Startup Time": 3.271,
                                                                                                "Actual Total Time": 55.518,
                                                                                                "Actual Rows": 1169,
                                                                                                "Actual Loops": 4,
                                                                                                "Inner Unique": false,
                                                                                                "Hash Cond": "((pl1.site_id = site.site_id) AND (pl1.post_id_to = pl2.post_id_from))",
                                                                                                "Workers": [],
                                                                                                "Plans": [
                                                                                                    {
                                                                                                        "Node Type": "Seq Scan",
                                                                                                        "Parent Relationship": "Outer",
                                                                                                        "Parallel Aware": true,
                                                                                                        "Async Capable": false,
                                                                                                        "Relation Name": "post_link",
                                                                                                        "Alias": "pl1",
                                                                                                        "Startup Cost": 0.0,
                                                                                                        "Total Cost": 21752.3,
                                                                                                        "Plan Rows": 730430,
                                                                                                        "Plan Width": 12,
                                                                                                        "Actual Startup Time": 0.008,
                                                                                                        "Actual Total Time": 25.126,
                                                                                                        "Actual Rows": 566083,
                                                                                                        "Actual Loops": 4,
                                                                                                        "Workers": []
                                                                                                    },
                                                                                                    {
                                                                                                        "Node Type": "Hash",
                                                                                                        "Parent Relationship": "Inner",
                                                                                                        "Parallel Aware": false,
                                                                                                        "Async Capable": false,
                                                                                                        "Startup Cost": 15558.12,
                                                                                                        "Total Cost": 15558.12,
                                                                                                        "Plan Rows": 13089,
                                                                                                        "Plan Width": 16,
                                                                                                        "Actual Startup Time": 1.185,
                                                                                                        "Actual Total Time": 1.186,
                                                                                                        "Actual Rows": 5647,
                                                                                                        "Actual Loops": 4,
                                                                                                        "Hash Buckets": 16384,
                                                                                                        "Original Hash Buckets": 16384,
                                                                                                        "Hash Batches": 1,
                                                                                                        "Original Hash Batches": 1,
                                                                                                        "Peak Memory Usage": 393,
                                                                                                        "Workers": [],
                                                                                                        "Plans": [
                                                                                                            {
                                                                                                                "Node Type": "Nested Loop",
                                                                                                                "Parent Relationship": "Outer",
                                                                                                                "Parallel Aware": false,
                                                                                                                "Async Capable": false,
                                                                                                                "Join Type": "Inner",
                                                                                                                "Startup Cost": 330.8,
                                                                                                                "Total Cost": 15558.12,
                                                                                                                "Plan Rows": 13089,
                                                                                                                "Plan Width": 16,
                                                                                                                "Actual Startup Time": 0.177,
                                                                                                                "Actual Total Time": 0.731,
                                                                                                                "Actual Rows": 5647,
                                                                                                                "Actual Loops": 4,
                                                                                                                "Inner Unique": false,
                                                                                                                "Workers": [],
                                                                                                                "Plans": [
                                                                                                                    {
                                                                                                                        "Node Type": "Seq Scan",
                                                                                                                        "Parent Relationship": "Outer",
                                                                                                                        "Parallel Aware": false,
                                                                                                                        "Async Capable": false,
                                                                                                                        "Relation Name": "site",
                                                                                                                        "Alias": "site",
                                                                                                                        "Startup Cost": 0.0,
                                                                                                                        "Total Cost": 3.16,
                                                                                                                        "Plan Rows": 1,
                                                                                                                        "Plan Width": 4,
                                                                                                                        "Actual Startup Time": 0.008,
                                                                                                                        "Actual Total Time": 0.014,
                                                                                                                        "Actual Rows": 1,
                                                                                                                        "Actual Loops": 4,
                                                                                                                        "Filter": "((site_name)::text = 'aviation'::text)",
                                                                                                                        "Rows Removed by Filter": 172,
                                                                                                                        "Workers": []
                                                                                                                    },
                                                                                                                    {
                                                                                                                        "Node Type": "Bitmap Heap Scan",
                                                                                                                        "Parent Relationship": "Inner",
                                                                                                                        "Parallel Aware": false,
                                                                                                                        "Async Capable": false,
                                                                                                                        "Relation Name": "post_link",
                                                                                                                        "Alias": "pl2",
                                                                                                                        "Startup Cost": 330.8,
                                                                                                                        "Total Cost": 15412.55,
                                                                                                                        "Plan Rows": 14241,
                                                                                                                        "Plan Width": 12,
                                                                                                                        "Actual Startup Time": 0.168,
                                                                                                                        "Actual Total Time": 0.444,
                                                                                                                        "Actual Rows": 5647,
                                                                                                                        "Actual Loops": 4,
                                                                                                                        "Recheck Cond": "(site.site_id = site_id)",
                                                                                                                        "Rows Removed by Index Recheck": 0,
                                                                                                                        "Exact Heap Blocks": 37,
                                                                                                                        "Lossy Heap Blocks": 0,
                                                                                                                        "Workers": [],
                                                                                                                        "Plans": [
                                                                                                                            {
                                                                                                                                "Node Type": "Bitmap Index Scan",
                                                                                                                                "Parent Relationship": "Outer",
                                                                                                                                "Parallel Aware": false,
                                                                                                                                "Async Capable": false,
                                                                                                                                "Index Name": "post_link_pkey",
                                                                                                                                "Startup Cost": 0.0,
                                                                                                                                "Total Cost": 327.24,
                                                                                                                                "Plan Rows": 14241,
                                                                                                                                "Plan Width": 0,
                                                                                                                                "Actual Startup Time": 0.16,
                                                                                                                                "Actual Total Time": 0.161,
                                                                                                                                "Actual Rows": 5647,
                                                                                                                                "Actual Loops": 4,
                                                                                                                                "Index Cond": "(site_id = site.site_id)",
                                                                                                                                "Workers": []
                                                                                                                            }
                                                                                                                        ]
                                                                                                                    }
                                                                                                                ]
                                                                                                            }
                                                                                                        ]
                                                                                                    }
                                                                                                ]
                                                                                            },
                                                                                            {
                                                                                                "Node Type": "Bitmap Heap Scan",
                                                                                                "Parent Relationship": "Inner",
                                                                                                "Parallel Aware": false,
                                                                                                "Async Capable": false,
                                                                                                "Relation Name": "question",
                                                                                                "Alias": "q1",
                                                                                                "Startup Cost": 4.29,
                                                                                                "Total Cost": 8.3,
                                                                                                "Plan Rows": 1,
                                                                                                "Plan Width": 12,
                                                                                                "Actual Startup Time": 0.002,
                                                                                                "Actual Total Time": 0.002,
                                                                                                "Actual Rows": 1,
                                                                                                "Actual Loops": 4675,
                                                                                                "Recheck Cond": "((pl1.post_id_from = id) AND (pl1.site_id = site_id))",
                                                                                                "Rows Removed by Index Recheck": 0,
                                                                                                "Exact Heap Blocks": 996,
                                                                                                "Lossy Heap Blocks": 0,
                                                                                                "Workers": [],
                                                                                                "Plans": [
                                                                                                    {
                                                                                                        "Node Type": "Bitmap Index Scan",
                                                                                                        "Parent Relationship": "Outer",
                                                                                                        "Parallel Aware": false,
                                                                                                        "Async Capable": false,
                                                                                                        "Index Name": "question_pkey",
                                                                                                        "Startup Cost": 0.0,
                                                                                                        "Total Cost": 4.29,
                                                                                                        "Plan Rows": 1,
                                                                                                        "Plan Width": 0,
                                                                                                        "Actual Startup Time": 0.001,
                                                                                                        "Actual Total Time": 0.001,
                                                                                                        "Actual Rows": 1,
                                                                                                        "Actual Loops": 4675,
                                                                                                        "Index Cond": "((id = pl1.post_id_from) AND (site_id = pl1.site_id))",
                                                                                                        "Workers": []
                                                                                                    }
                                                                                                ]
                                                                                            }
                                                                                        ]
                                                                                    },
                                                                                    {
                                                                                        "Node Type": "Bitmap Heap Scan",
                                                                                        "Parent Relationship": "Inner",
                                                                                        "Parallel Aware": false,
                                                                                        "Async Capable": false,
                                                                                        "Relation Name": "question",
                                                                                        "Alias": "q3",
                                                                                        "Startup Cost": 4.29,
                                                                                        "Total Cost": 8.3,
                                                                                        "Plan Rows": 1,
                                                                                        "Plan Width": 12,
                                                                                        "Actual Startup Time": 0.002,
                                                                                        "Actual Total Time": 0.002,
                                                                                        "Actual Rows": 1,
                                                                                        "Actual Loops": 4675,
                                                                                        "Recheck Cond": "((pl2.post_id_to = id) AND (pl2.site_id = site_id))",
                                                                                        "Rows Removed by Index Recheck": 0,
                                                                                        "Exact Heap Blocks": 996,
                                                                                        "Lossy Heap Blocks": 0,
                                                                                        "Workers": [],
                                                                                        "Plans": [
                                                                                            {
                                                                                                "Node Type": "Bitmap Index Scan",
                                                                                                "Parent Relationship": "Outer",
                                                                                                "Parallel Aware": false,
                                                                                                "Async Capable": false,
                                                                                                "Index Name": "question_pkey",
                                                                                                "Startup Cost": 0.0,
                                                                                                "Total Cost": 4.29,
                                                                                                "Plan Rows": 1,
                                                                                                "Plan Width": 0,
                                                                                                "Actual Startup Time": 0.001,
                                                                                                "Actual Total Time": 0.001,
                                                                                                "Actual Rows": 1,
                                                                                                "Actual Loops": 4675,
                                                                                                "Index Cond": "((id = pl2.post_id_to) AND (site_id = pl2.site_id))",
                                                                                                "Workers": []
                                                                                            }
                                                                                        ]
                                                                                    }
                                                                                ]
                                                                            },
                                                                            {
                                                                                "Node Type": "Bitmap Heap Scan",
                                                                                "Parent Relationship": "Inner",
                                                                                "Parallel Aware": false,
                                                                                "Async Capable": false,
                                                                                "Relation Name": "question",
                                                                                "Alias": "q2",
                                                                                "Startup Cost": 4.29,
                                                                                "Total Cost": 8.3,
                                                                                "Plan Rows": 1,
                                                                                "Plan Width": 8,
                                                                                "Actual Startup Time": 0.002,
                                                                                "Actual Total Time": 0.002,
                                                                                "Actual Rows": 1,
                                                                                "Actual Loops": 765,
                                                                                "Recheck Cond": "((pl1.post_id_to = id) AND (pl1.site_id = site_id))",
                                                                                "Rows Removed by Index Recheck": 0,
                                                                                "Exact Heap Blocks": 180,
                                                                                "Lossy Heap Blocks": 0,
                                                                                "Workers": [],
                                                                                "Plans": [
                                                                                    {
                                                                                        "Node Type": "Bitmap Index Scan",
                                                                                        "Parent Relationship": "Outer",
                                                                                        "Parallel Aware": false,
                                                                                        "Async Capable": false,
                                                                                        "Index Name": "question_pkey",
                                                                                        "Startup Cost": 0.0,
                                                                                        "Total Cost": 4.29,
                                                                                        "Plan Rows": 1,
                                                                                        "Plan Width": 0,
                                                                                        "Actual Startup Time": 0.001,
                                                                                        "Actual Total Time": 0.001,
                                                                                        "Actual Rows": 1,
                                                                                        "Actual Loops": 765,
                                                                                        "Index Cond": "((id = pl1.post_id_to) AND (site_id = pl1.site_id))",
                                                                                        "Workers": []
                                                                                    }
                                                                                ]
                                                                            }
                                                                        ]
                                                                    },
                                                                    {
                                                                        "Node Type": "Bitmap Heap Scan",
                                                                        "Parent Relationship": "Inner",
                                                                        "Parallel Aware": false,
                                                                        "Async Capable": false,
                                                                        "Relation Name": "comment",
                                                                        "Alias": "comment",
                                                                        "Startup Cost": 4.42,
                                                                        "Total Cost": 8.44,
                                                                        "Plan Rows": 1,
                                                                        "Plan Width": 8,
                                                                        "Actual Startup Time": 0.003,
                                                                        "Actual Total Time": 0.003,
                                                                        "Actual Rows": 1,
                                                                        "Actual Loops": 765,
                                                                        "Recheck Cond": "((q3.site_id = site_id) AND (q3.id = post_id))",
                                                                        "Rows Removed by Index Recheck": 0,
                                                                        "Exact Heap Blocks": 144,
                                                                        "Lossy Heap Blocks": 0,
                                                                        "Workers": [],
                                                                        "Plans": [
                                                                            {
                                                                                "Node Type": "Bitmap Index Scan",
                                                                                "Parent Relationship": "Outer",
                                                                                "Parallel Aware": false,
                                                                                "Async Capable": false,
                                                                                "Index Name": "comment_site_id_post_id_idx",
                                                                                "Startup Cost": 0.0,
                                                                                "Total Cost": 4.42,
                                                                                "Plan Rows": 1,
                                                                                "Plan Width": 0,
                                                                                "Actual Startup Time": 0.002,
                                                                                "Actual Total Time": 0.002,
                                                                                "Actual Rows": 4,
                                                                                "Actual Loops": 765,
                                                                                "Index Cond": "((site_id = q3.site_id) AND (post_id = q3.id))",
                                                                                "Workers": []
                                                                            }
                                                                        ]
                                                                    }
                                                                ]
                                                            },
                                                            {
                                                                "Node Type": "Bitmap Heap Scan",
                                                                "Parent Relationship": "Inner",
                                                                "Parallel Aware": false,
                                                                "Async Capable": false,
                                                                "Relation Name": "comment",
                                                                "Alias": "comment_1",
                                                                "Startup Cost": 4.42,
                                                                "Total Cost": 8.44,
                                                                "Plan Rows": 1,
                                                                "Plan Width": 8,
                                                                "Actual Startup Time": 0.002,
                                                                "Actual Total Time": 0.002,
                                                                "Actual Rows": 1,
                                                                "Actual Loops": 634,
                                                                "Recheck Cond": "((q2.site_id = site_id) AND (q2.id = post_id))",
                                                                "Rows Removed by Index Recheck": 0,
                                                                "Exact Heap Blocks": 111,
                                                                "Lossy Heap Blocks": 0,
                                                                "Workers": [],
                                                                "Plans": [
                                                                    {
                                                                        "Node Type": "Bitmap Index Scan",
                                                                        "Parent Relationship": "Outer",
                                                                        "Parallel Aware": false,
                                                                        "Async Capable": false,
                                                                        "Index Name": "comment_site_id_post_id_idx",
                                                                        "Startup Cost": 0.0,
                                                                        "Total Cost": 4.42,
                                                                        "Plan Rows": 1,
                                                                        "Plan Width": 0,
                                                                        "Actual Startup Time": 0.001,
                                                                        "Actual Total Time": 0.001,
                                                                        "Actual Rows": 5,
                                                                        "Actual Loops": 634,
                                                                        "Index Cond": "((site_id = q2.site_id) AND (post_id = q2.id))",
                                                                        "Workers": []
                                                                    }
                                                                ]
                                                            }
                                                        ]
                                                    },
                                                    {
                                                        "Node Type": "Bitmap Heap Scan",
                                                        "Parent Relationship": "Inner",
                                                        "Parallel Aware": false,
                                                        "Async Capable": false,
                                                        "Relation Name": "comment",
                                                        "Alias": "comment_2",
                                                        "Startup Cost": 4.42,
                                                        "Total Cost": 8.44,
                                                        "Plan Rows": 1,
                                                        "Plan Width": 8,
                                                        "Actual Startup Time": 0.003,
                                                        "Actual Total Time": 0.003,
                                                        "Actual Rows": 1,
                                                        "Actual Loops": 539,
                                                        "Recheck Cond": "((q1.site_id = site_id) AND (q1.id = post_id))",
                                                        "Rows Removed by Index Recheck": 0,
                                                        "Exact Heap Blocks": 97,
                                                        "Lossy Heap Blocks": 0,
                                                        "Workers": [],
                                                        "Plans": [
                                                            {
                                                                "Node Type": "Bitmap Index Scan",
                                                                "Parent Relationship": "Outer",
                                                                "Parallel Aware": false,
                                                                "Async Capable": false,
                                                                "Index Name": "comment_site_id_post_id_idx",
                                                                "Startup Cost": 0.0,
                                                                "Total Cost": 4.42,
                                                                "Plan Rows": 1,
                                                                "Plan Width": 0,
                                                                "Actual Startup Time": 0.002,
                                                                "Actual Total Time": 0.002,
                                                                "Actual Rows": 6,
                                                                "Actual Loops": 539,
                                                                "Index Cond": "((site_id = q1.site_id) AND (post_id = q1.id))",
                                                                "Workers": []
                                                            }
                                                        ]
                                                    }
                                                ]
                                            }
                                        ]
                                    }
                                ]
                            }
                        ]
                    },
                    "Planning Time": 61.308,
                    "Triggers": [],
                    "Execution Time": 68.563
                }
            ],
            "hints": [
                "SET enable_hashjoin TO on",
                "SET enable_indexonlyscan TO on",
                "SET enable_indexscan TO off",
                "SET enable_mergejoin TO off",
                "SET enable_nestloop TO on",
                "SET enable_seqscan TO on"
            ]
        },
        {
            "arm": 3,
            "execution_time": 12724.241,
            "plan": [
                {
                    "Plan": {
                        "Node Type": "Aggregate",
                        "Strategy": "Plain",
                        "Partial Mode": "Simple",
                        "Parallel Aware": false,
                        "Async Capable": false,
                        "Startup Cost": 14747284.89,
                        "Total Cost": 14747284.9,
                        "Plan Rows": 1,
                        "Plan Width": 8,
                        "Actual Startup Time": 11561.939,
                        "Actual Total Time": 12724.184,
                        "Actual Rows": 1,
                        "Actual Loops": 1,
                        "Plans": [
                            {
                                "Node Type": "Gather Merge",
                                "Parent Relationship": "Outer",
                                "Parallel Aware": false,
                                "Async Capable": false,
                                "Startup Cost": 14747278.37,
                                "Total Cost": 14747284.76,
                                "Plan Rows": 52,
                                "Plan Width": 4,
                                "Actual Startup Time": 11561.859,
                                "Actual Total Time": 12724.159,
                                "Actual Rows": 464,
                                "Actual Loops": 1,
                                "Workers Planned": 7,
                                "Workers Launched": 7,
                                "Plans": [
                                    {
                                        "Node Type": "Sort",
                                        "Parent Relationship": "Outer",
                                        "Parallel Aware": false,
                                        "Async Capable": false,
                                        "Startup Cost": 14746278.25,
                                        "Total Cost": 14746278.27,
                                        "Plan Rows": 7,
                                        "Plan Width": 4,
                                        "Actual Startup Time": 11558.979,
                                        "Actual Total Time": 11559.057,
                                        "Actual Rows": 58,
                                        "Actual Loops": 8,
                                        "Sort Key": [
                                            "q1.id"
                                        ],
                                        "Sort Method": "quicksort",
                                        "Sort Space Used": 25,
                                        "Sort Space Type": "Memory",
                                        "Workers": [
                                            {
                                                "Worker Number": 0,
                                                "Sort Method": "quicksort",
                                                "Sort Space Used": 25,
                                                "Sort Space Type": "Memory"
                                            },
                                            {
                                                "Worker Number": 1,
                                                "Sort Method": "quicksort",
                                                "Sort Space Used": 25,
                                                "Sort Space Type": "Memory"
                                            },
                                            {
                                                "Worker Number": 2,
                                                "Sort Method": "quicksort",
                                                "Sort Space Used": 25,
                                                "Sort Space Type": "Memory"
                                            },
                                            {
                                                "Worker Number": 3,
                                                "Sort Method": "quicksort",
                                                "Sort Space Used": 25,
                                                "Sort Space Type": "Memory"
                                            },
                                            {
                                                "Worker Number": 4,
                                                "Sort Method": "quicksort",
                                                "Sort Space Used": 25,
                                                "Sort Space Type": "Memory"
                                            },
                                            {
                                                "Worker Number": 5,
                                                "Sort Method": "quicksort",
                                                "Sort Space Used": 25,
                                                "Sort Space Type": "Memory"
                                            },
                                            {
                                                "Worker Number": 6,
                                                "Sort Method": "quicksort",
                                                "Sort Space Used": 25,
                                                "Sort Space Type": "Memory"
                                            }
                                        ],
                                        "Plans": [
                                            {
                                                "Node Type": "Hash Join",
                                                "Parent Relationship": "Outer",
                                                "Parallel Aware": true,
                                                "Async Capable": false,
                                                "Join Type": "Semi",
                                                "Startup Cost": 12898836.45,
                                                "Total Cost": 14746278.16,
                                                "Plan Rows": 7,
                                                "Plan Width": 4,
                                                "Actual Startup Time": 10827.763,
                                                "Actual Total Time": 11558.963,
                                                "Actual Rows": 58,
                                                "Actual Loops": 8,
                                                "Inner Unique": false,
                                                "Hash Cond": "((q1.site_id = comment_2.site_id) AND (pl1.post_id_from = comment_2.post_id))",
                                                "Workers": [],
                                                "Plans": [
                                                    {
                                                        "Node Type": "Hash Join",
                                                        "Parent Relationship": "Outer",
                                                        "Parallel Aware": true,
                                                        "Async Capable": false,
                                                        "Join Type": "Semi",
                                                        "Startup Cost": 9745093.63,
                                                        "Total Cost": 11541998.21,
                                                        "Plan Rows": 7,
                                                        "Plan Width": 40,
                                                        "Actual Startup Time": 7554.423,
                                                        "Actual Total Time": 8272.384,
                                                        "Actual Rows": 67,
                                                        "Actual Loops": 8,
                                                        "Inner Unique": false,
                                                        "Hash Cond": "((q1.site_id = comment_1.site_id) AND (pl1.post_id_to = comment_1.post_id))",
                                                        "Workers": [],
                                                        "Plans": [
                                                            {
                                                                "Node Type": "Hash Join",
                                                                "Parent Relationship": "Outer",
                                                                "Parallel Aware": true,
                                                                "Async Capable": false,
                                                                "Join Type": "Semi",
                                                                "Startup Cost": 6591350.8,
                                                                "Total Cost": 8337707.71,
                                                                "Plan Rows": 7,
                                                                "Plan Width": 48,
                                                                "Actual Startup Time": 4239.167,
                                                                "Actual Total Time": 5000.078,
                                                                "Actual Rows": 79,
                                                                "Actual Loops": 8,
                                                                "Inner Unique": false,
                                                                "Hash Cond": "((q1.site_id = comment.site_id) AND (pl2.post_id_to = comment.post_id))",
                                                                "Workers": [],
                                                                "Plans": [
                                                                    {
                                                                        "Node Type": "Hash Join",
                                                                        "Parent Relationship": "Outer",
                                                                        "Parallel Aware": true,
                                                                        "Async Capable": false,
                                                                        "Join Type": "Inner",
                                                                        "Startup Cost": 3437607.98,
                                                                        "Total Cost": 5133417.21,
                                                                        "Plan Rows": 7,
                                                                        "Plan Width": 52,
                                                                        "Actual Startup Time": 1609.888,
                                                                        "Actual Total Time": 1682.876,
                                                                        "Actual Rows": 96,
                                                                        "Actual Loops": 8,
                                                                        "Inner Unique": false,
                                                                        "Hash Cond": "((q2.site_id = q1.site_id) AND (q2.id = pl1.post_id_to))",
                                                                        "Workers": [],
                                                                        "Plans": [
                                                                            {
                                                                                "Node Type": "Seq Scan",
                                                                                "Parent Relationship": "Outer",
                                                                                "Parallel Aware": true,
                                                                                "Async Capable": false,
                                                                                "Relation Name": "question",
                                                                                "Alias": "q2",
                                                                                "Startup Cost": 0.0,
                                                                                "Total Cost": 1682252.12,
                                                                                "Plan Rows": 1807612,
                                                                                "Plan Width": 8,
                                                                                "Actual Startup Time": 0.009,
                                                                                "Actual Total Time": 444.789,
                                                                                "Actual Rows": 1583305,
                                                                                "Actual Loops": 8,
                                                                                "Workers": []
                                                                            },
                                                                            {
                                                                                "Node Type": "Hash",
                                                                                "Parent Relationship": "Inner",
                                                                                "Parallel Aware": true,
                                                                                "Async Capable": false,
                                                                                "Startup Cost": 3437607.87,
                                                                                "Total Cost": 3437607.87,
                                                                                "Plan Rows": 7,
                                                                                "Plan Width": 44,
                                                                                "Actual Startup Time": 1104.022,
                                                                                "Actual Total Time": 1104.029,
                                                                                "Actual Rows": 96,
                                                                                "Actual Loops": 8,
                                                                                "Hash Buckets": 1024,
                                                                                "Original Hash Buckets": 1024,
                                                                                "Hash Batches": 1,
                                                                                "Original Hash Batches": 1,
                                                                                "Peak Memory Usage": 264,
                                                                                "Workers": [],
                                                                                "Plans": [
                                                                                    {
                                                                                        "Node Type": "Hash Join",
                                                                                        "Parent Relationship": "Outer",
                                                                                        "Parallel Aware": true,
                                                                                        "Async Capable": false,
                                                                                        "Join Type": "Inner",
                                                                                        "Startup Cost": 1741798.65,
                                                                                        "Total Cost": 3437607.87,
                                                                                        "Plan Rows": 7,
                                                                                        "Plan Width": 44,
                                                                                        "Actual Startup Time": 1037.803,
                                                                                        "Actual Total Time": 1103.954,
                                                                                        "Actual Rows": 96,
                                                                                        "Actual Loops": 8,
                                                                                        "Inner Unique": false,
                                                                                        "Hash Cond": "((q1.site_id = site.site_id) AND (q1.id = pl1.post_id_from))",
                                                                                        "Join Filter": "(q1.score > q3.score)",
                                                                                        "Rows Removed by Join Filter": 489,
                                                                                        "Workers": [],
                                                                                        "Plans": [
                                                                                            {
                                                                                                "Node Type": "Seq Scan",
                                                                                                "Parent Relationship": "Outer",
                                                                                                "Parallel Aware": true,
                                                                                                "Async Capable": false,
                                                                                                "Relation Name": "question",
                                                                                                "Alias": "q1",
                                                                                                "Startup Cost": 0.0,
                                                                                                "Total Cost": 1682252.12,
                                                                                                "Plan Rows": 1807612,
                                                                                                "Plan Width": 12,
                                                                                                "Actual Startup Time": 0.012,
                                                                                                "Actual Total Time": 410.006,
                                                                                                "Actual Rows": 1583305,
                                                                                                "Actual Loops": 8,
                                                                                                "Workers": []
                                                                                            },
                                                                                            {
                                                                                                "Node Type": "Hash",
                                                                                                "Parent Relationship": "Inner",
                                                                                                "Parallel Aware": true,
                                                                                                "Async Capable": false,
                                                                                                "Startup Cost": 1741797.9,
                                                                                                "Total Cost": 1741797.9,
                                                                                                "Plan Rows": 50,
                                                                                                "Plan Width": 40,
                                                                                                "Actual Startup Time": 580.11,
                                                                                                "Actual Total Time": 580.115,
                                                                                                "Actual Rows": 584,
                                                                                                "Actual Loops": 8,
                                                                                                "Hash Buckets": 8192,
                                                                                                "Original Hash Buckets": 1024,
                                                                                                "Hash Batches": 1,
                                                                                                "Original Hash Batches": 1,
                                                                                                "Peak Memory Usage": 536,
                                                                                                "Workers": [],
                                                                                                "Plans": [
                                                                                                    {
                                                                                                        "Node Type": "Hash Join",
                                                                                                        "Parent Relationship": "Outer",
                                                                                                        "Parallel Aware": true,
                                                                                                        "Async Capable": false,
                                                                                                        "Join Type": "Inner",
                                                                                                        "Startup Cost": 1714567.21,
                                                                                                        "Total Cost": 1741797.9,
                                                                                                        "Plan Rows": 50,
                                                                                                        "Plan Width": 40,
                                                                                                        "Actual Startup Time": 546.42,
                                                                                                        "Actual Total Time": 553.083,
                                                                                                        "Actual Rows": 584,
                                                                                                        "Actual Loops": 8,
                                                                                                        "Inner Unique": false,
                                                                                                        "Hash Cond": "((pl1.site_id = site.site_id) AND (pl1.post_id_to = pl2.post_id_from))",
                                                                                                        "Workers": [],
                                                                                                        "Plans": [
                                                                                                            {
                                                                                                                "Node Type": "Seq Scan",
                                                                                                                "Parent Relationship": "Outer",
                                                                                                                "Parallel Aware": true,
                                                                                                                "Async Capable": false,
                                                                                                                "Relation Name": "post_link",
                                                                                                                "Alias": "pl1",
                                                                                                                "Startup Cost": 0.0,
                                                                                                                "Total Cost": 21752.3,
                                                                                                                "Plan Rows": 730430,
                                                                                                                "Plan Width": 12,
                                                                                                                "Actual Startup Time": 0.005,
                                                                                                                "Actual Total Time": 12.272,
                                                                                                                "Actual Rows": 283042,
                                                                                                                "Actual Loops": 8,
                                                                                                                "Workers": []
                                                                                                            },
                                                                                                            {
                                                                                                                "Node Type": "Hash",
                                                                                                                "Parent Relationship": "Inner",
                                                                                                                "Parallel Aware": true,
                                                                                                                "Async Capable": false,
                                                                                                                "Startup Cost": 1714503.88,
                                                                                                                "Total Cost": 1714503.88,
                                                                                                                "Plan Rows": 4222,
                                                                                                                "Plan Width": 28,
                                                                                                                "Actual Startup Time": 525.674,
                                                                                                                "Actual Total Time": 525.678,
                                                                                                                "Actual Rows": 706,
                                                                                                                "Actual Loops": 8,
                                                                                                                "Hash Buckets": 16384,
                                                                                                                "Original Hash Buckets": 16384,
                                                                                                                "Hash Batches": 1,
                                                                                                                "Original Hash Batches": 1,
                                                                                                                "Peak Memory Usage": 576,
                                                                                                                "Workers": [],
                                                                                                                "Plans": [
                                                                                                                    {
                                                                                                                        "Node Type": "Hash Join",
                                                                                                                        "Parent Relationship": "Outer",
                                                                                                                        "Parallel Aware": true,
                                                                                                                        "Async Capable": false,
                                                                                                                        "Join Type": "Inner",
                                                                                                                        "Startup Cost": 1687273.26,
                                                                                                                        "Total Cost": 1714503.88,
                                                                                                                        "Plan Rows": 4222,
                                                                                                                        "Plan Width": 28,
                                                                                                                        "Actual Startup Time": 508.22,
                                                                                                                        "Actual Total Time": 525.505,
                                                                                                                        "Actual Rows": 706,
                                                                                                                        "Actual Loops": 8,
                                                                                                                        "Inner Unique": false,
                                                                                                                        "Hash Cond": "((pl2.site_id = site.site_id) AND (pl2.post_id_to = q3.id))",
                                                                                                                        "Workers": [],
                                                                                                                        "Plans": [
                                                                                                                            {
                                                                                                                                "Node Type": "Seq Scan",
                                                                                                                                "Parent Relationship": "Outer",
                                                                                                                                "Parallel Aware": true,
                                                                                                                                "Async Capable": false,
                                                                                                                                "Relation Name": "post_link",
                                                                                                                                "Alias": "pl2",
                                                                                                                                "Startup Cost": 0.0,
                                                                                                                                "Total Cost": 21752.3,
                                                                                                                                "Plan Rows": 730430,
                                                                                                                                "Plan Width": 12,
                                                                                                                                "Actual Startup Time": 0.007,
                                                                                                                                "Actual Total Time": 13.37,
                                                                                                                                "Actual Rows": 283042,
                                                                                                                                "Actual Loops": 8,
                                                                                                                                "Workers": []
                                                                                                                            },
                                                                                                                            {
                                                                                                                                "Node Type": "Hash",
                                                                                                                                "Parent Relationship": "Inner",
                                                                                                                                "Parallel Aware": true,
                                                                                                                                "Async Capable": false,
                                                                                                                                "Startup Cost": 1687116.52,
                                                                                                                                "Total Cost": 1687116.52,
                                                                                                                                "Plan Rows": 10449,
                                                                                                                                "Plan Width": 16,
                                                                                                                                "Actual Startup Time": 496.53,
                                                                                                                                "Actual Total Time": 496.532,
                                                                                                                                "Actual Rows": 1452,
                                                                                                                                "Actual Loops": 8,
                                                                                                                                "Hash Buckets": 131072,
                                                                                                                                "Original Hash Buckets": 131072,
                                                                                                                                "Hash Batches": 1,
                                                                                                                                "Original Hash Batches": 1,
                                                                                                                                "Peak Memory Usage": 1632,
                                                                                                                                "Workers": [],
                                                                                                                                "Plans": [
                                                                                                                                    {
                                                                                                                                        "Node Type": "Hash Join",
                                                                                                                                        "Parent Relationship": "Outer",
                                                                                                                                        "Parallel Aware": false,
                                                                                                                                        "Async Capable": false,
                                                                                                                                        "Join Type": "Inner",
                                                                                                                                        "Startup Cost": 3.18,
                                                                                                                                        "Total Cost": 1687116.52,
                                                                                                                                        "Plan Rows": 10449,
                                                                                                                                        "Plan Width": 16,
                                                                                                                                        "Actual Startup Time": 432.882,
                                                                                                                                        "Actual Total Time": 496.002,
                                                                                                                                        "Actual Rows": 1452,
                                                                                                                                        "Actual Loops": 8,
                                                                                                                                        "Inner Unique": true,
                                                                                                                                        "Hash Cond": "(q3.site_id = site.site_id)",
                                                                                                                                        "Workers": [],
                                                                                                                                        "Plans": [
                                                                                                                                            {
                                                                                                                                                "Node Type": "Seq Scan",
                                                                                                                                                "Parent Relationship": "Outer",
                                                                                                                                                "Parallel Aware": true,
                                                                                                                                                "Async Capable": false,
                                                                                                                                                "Relation Name": "question",
                                                                                                                                                "Alias": "q3",
                                                                                                                                                "Startup Cost": 0.0,
                                                                                                                                                "Total Cost": 1682252.12,
                                                                                                                                                "Plan Rows": 1807612,
                                                                                                                                                "Plan Width": 12,
                                                                                                                                                "Actual Startup Time": 0.022,
                                                                                                                                                "Actual Total Time": 424.514,
                                                                                                                                                "Actual Rows": 1583305,
                                                                                                                                                "Actual Loops": 8,
                                                                                                                                                "Workers": []
                                                                                                                                            },
                                                                                                                                            {
                                                                                                                                                "Node Type": "Hash",
                                                                                                                                                "Parent Relationship": "Inner",
                                                                                                                                                "Parallel Aware": false,
                                                                                                                                                "Async Capable": false,
                                                                                                                                                "Startup Cost": 3.16,
                                                                                                                                                "Total Cost": 3.16,
                                                                                                                                                "Plan Rows": 1,
                                                                                                                                                "Plan Width": 4,
                                                                                                                                                "Actual Startup Time": 0.021,
                                                                                                                                                "Actual Total Time": 0.022,
                                                                                                                                                "Actual Rows": 1,
                                                                                                                                                "Actual Loops": 8,
                                                                                                                                                "Hash Buckets": 1024,
                                                                                                                                                "Original Hash Buckets": 1024,
                                                                                                                                                "Hash Batches": 1,
                                                                                                                                                "Original Hash Batches": 1,
                                                                                                                                                "Peak Memory Usage": 9,
                                                                                                                                                "Workers": [],
                                                                                                                                                "Plans": [
                                                                                                                                                    {
                                                                                                                                                        "Node Type": "Seq Scan",
                                                                                                                                                        "Parent Relationship": "Outer",
                                                                                                                                                        "Parallel Aware": false,
                                                                                                                                                        "Async Capable": false,
                                                                                                                                                        "Relation Name": "site",
                                                                                                                                                        "Alias": "site",
                                                                                                                                                        "Startup Cost": 0.0,
                                                                                                                                                        "Total Cost": 3.16,
                                                                                                                                                        "Plan Rows": 1,
                                                                                                                                                        "Plan Width": 4,
                                                                                                                                                        "Actual Startup Time": 0.014,
                                                                                                                                                        "Actual Total Time": 0.02,
                                                                                                                                                        "Actual Rows": 1,
                                                                                                                                                        "Actual Loops": 8,
                                                                                                                                                        "Filter": "((site_name)::text = 'aviation'::text)",
                                                                                                                                                        "Rows Removed by Filter": 172,
                                                                                                                                                        "Workers": []
                                                                                                                                                    }
                                                                                                                                                ]
                                                                                                                                            }
                                                                                                                                        ]
                                                                                                                                    }
                                                                                                                                ]
                                                                                                                            }
                                                                                                                        ]
                                                                                                                    }
                                                                                                                ]
                                                                                                            }
                                                                                                        ]
                                                                                                    }
                                                                                                ]
                                                                                            }
                                                                                        ]
                                                                                    }
                                                                                ]
                                                                            }
                                                                        ]
                                                                    },
                                                                    {
                                                                        "Node Type": "Hash",
                                                                        "Parent Relationship": "Inner",
                                                                        "Parallel Aware": true,
                                                                        "Async Capable": false,
                                                                        "Startup Cost": 2909153.53,
                                                                        "Total Cost": 2909153.53,
                                                                        "Plan Rows": 12936953,
                                                                        "Plan Width": 8,
                                                                        "Actual Startup Time": 2508.62,
                                                                        "Actual Total Time": 2508.621,
                                                                        "Actual Rows": 12932495,
                                                                        "Actual Loops": 8,
                                                                        "Hash Buckets": 524288,
                                                                        "Original Hash Buckets": 524288,
                                                                        "Hash Batches": 512,
                                                                        "Original Hash Batches": 512,
                                                                        "Peak Memory Usage": 12192,
                                                                        "Workers": [],
                                                                        "Plans": [
                                                                            {
                                                                                "Node Type": "Seq Scan",
                                                                                "Parent Relationship": "Outer",
                                                                                "Parallel Aware": true,
                                                                                "Async Capable": false,
                                                                                "Relation Name": "comment",
                                                                                "Alias": "comment",
                                                                                "Startup Cost": 0.0,
                                                                                "Total Cost": 2909153.53,
                                                                                "Plan Rows": 12936953,
                                                                                "Plan Width": 8,
                                                                                "Actual Startup Time": 0.017,
                                                                                "Actual Total Time": 1198.281,
                                                                                "Actual Rows": 12932495,
                                                                                "Actual Loops": 8,
                                                                                "Workers": []
                                                                            }
                                                                        ]
                                                                    }
                                                                ]
                                                            },
                                                            {
                                                                "Node Type": "Hash",
                                                                "Parent Relationship": "Inner",
                                                                "Parallel Aware": true,
                                                                "Async Capable": false,
                                                                "Startup Cost": 2909153.53,
                                                                "Total Cost": 2909153.53,
                                                                "Plan Rows": 12936953,
                                                                "Plan Width": 8,
                                                                "Actual Startup Time": 2486.706,
                                                                "Actual Total Time": 2486.707,
                                                                "Actual Rows": 12932495,
                                                                "Actual Loops": 8,
                                                                "Hash Buckets": 524288,
                                                                "Original Hash Buckets": 524288,
                                                                "Hash Batches": 512,
                                                                "Original Hash Batches": 512,
                                                                "Peak Memory Usage": 12160,
                                                                "Workers": [],
                                                                "Plans": [
                                                                    {
                                                                        "Node Type": "Seq Scan",
                                                                        "Parent Relationship": "Outer",
                                                                        "Parallel Aware": true,
                                                                        "Async Capable": false,
                                                                        "Relation Name": "comment",
                                                                        "Alias": "comment_1",
                                                                        "Startup Cost": 0.0,
                                                                        "Total Cost": 2909153.53,
                                                                        "Plan Rows": 12936953,
                                                                        "Plan Width": 8,
                                                                        "Actual Startup Time": 0.018,
                                                                        "Actual Total Time": 1184.098,
                                                                        "Actual Rows": 12932495,
                                                                        "Actual Loops": 8,
                                                                        "Workers": []
                                                                    }
                                                                ]
                                                            }
                                                        ]
                                                    },
                                                    {
                                                        "Node Type": "Hash",
                                                        "Parent Relationship": "Inner",
                                                        "Parallel Aware": true,
                                                        "Async Capable": false,
                                                        "Startup Cost": 2909153.53,
                                                        "Total Cost": 2909153.53,
                                                        "Plan Rows": 12936953,
                                                        "Plan Width": 8,
                                                        "Actual Startup Time": 2511.416,
                                                        "Actual Total Time": 2511.417,
                                                        "Actual Rows": 12932495,
                                                        "Actual Loops": 8,
                                                        "Hash Buckets": 524288,
                                                        "Original Hash Buckets": 524288,
                                                        "Hash Batches": 512,
                                                        "Original Hash Batches": 512,
                                                        "Peak Memory Usage": 12192,
                                                        "Workers": [],
                                                        "Plans": [
                                                            {
                                                                "Node Type": "Seq Scan",
                                                                "Parent Relationship": "Outer",
                                                                "Parallel Aware": true,
                                                                "Async Capable": false,
                                                                "Relation Name": "comment",
                                                                "Alias": "comment_2",
                                                                "Startup Cost": 0.0,
                                                                "Total Cost": 2909153.53,
                                                                "Plan Rows": 12936953,
                                                                "Plan Width": 8,
                                                                "Actual Startup Time": 0.024,
                                                                "Actual Total Time": 1200.061,
                                                                "Actual Rows": 12932495,
                                                                "Actual Loops": 8,
                                                                "Workers": []
                                                            }
                                                        ]
                                                    }
                                                ]
                                            }
                                        ]
                                    }
                                ]
                            }
                        ]
                    },
                    "Planning Time": 65.04,
                    "Triggers": [],
                    "Execution Time": 12724.241
                }
            ],
            "hints": [
                "SET enable_hashjoin TO on",
                "SET enable_indexonlyscan TO on",
                "SET enable_indexscan TO off",
                "SET enable_mergejoin TO off",
                "SET enable_nestloop TO off",
                "SET enable_seqscan TO on"
            ]
        },
        {
            "arm": 4,
            "execution_time": 66.568,
            "plan": [
                {
                    "Plan": {
                        "Node Type": "Aggregate",
                        "Strategy": "Plain",
                        "Partial Mode": "Simple",
                        "Parallel Aware": false,
                        "Async Capable": false,
                        "Startup Cost": 44963.04,
                        "Total Cost": 44963.05,
                        "Plan Rows": 1,
                        "Plan Width": 8,
                        "Actual Startup Time": 62.971,
                        "Actual Total Time": 66.507,
                        "Actual Rows": 1,
                        "Actual Loops": 1,
                        "Plans": [
                            {
                                "Node Type": "Gather Merge",
                                "Parent Relationship": "Outer",
                                "Parallel Aware": false,
                                "Async Capable": false,
                                "Startup Cost": 44956.75,
                                "Total Cost": 44962.91,
                                "Plan Rows": 52,
                                "Plan Width": 4,
                                "Actual Startup Time": 62.908,
                                "Actual Total Time": 66.486,
                                "Actual Rows": 464,
                                "Actual Loops": 1,
                                "Workers Planned": 3,
                                "Workers Launched": 3,
                                "Plans": [
                                    {
                                        "Node Type": "Sort",
                                        "Parent Relationship": "Outer",
                                        "Parallel Aware": false,
                                        "Async Capable": false,
                                        "Startup Cost": 43956.71,
                                        "Total Cost": 43956.76,
                                        "Plan Rows": 17,
                                        "Plan Width": 4,
                                        "Actual Startup Time": 60.731,
                                        "Actual Total Time": 60.739,
                                        "Actual Rows": 116,
                                        "Actual Loops": 4,
                                        "Sort Key": [
                                            "q1.id"
                                        ],
                                        "Sort Method": "quicksort",
                                        "Sort Space Used": 25,
                                        "Sort Space Type": "Memory",
                                        "Workers": [
                                            {
                                                "Worker Number": 0,
                                                "Sort Method": "quicksort",
                                                "Sort Space Used": 25,
                                                "Sort Space Type": "Memory"
                                            },
                                            {
                                                "Worker Number": 1,
                                                "Sort Method": "quicksort",
                                                "Sort Space Used": 25,
                                                "Sort Space Type": "Memory"
                                            },
                                            {
                                                "Worker Number": 2,
                                                "Sort Method": "quicksort",
                                                "Sort Space Used": 25,
                                                "Sort Space Type": "Memory"
                                            }
                                        ],
                                        "Plans": [
                                            {
                                                "Node Type": "Nested Loop",
                                                "Parent Relationship": "Outer",
                                                "Parallel Aware": false,
                                                "Async Capable": false,
                                                "Join Type": "Semi",
                                                "Startup Cost": 15769.47,
                                                "Total Cost": 43956.37,
                                                "Plan Rows": 17,
                                                "Plan Width": 4,
                                                "Actual Startup Time": 3.405,
                                                "Actual Total Time": 60.713,
                                                "Actual Rows": 116,
                                                "Actual Loops": 4,
                                                "Inner Unique": false,
                                                "Join Filter": "(pl1.post_id_from = comment_2.post_id)",
                                                "Rows Removed by Join Filter": 0,
                                                "Workers": [],
                                                "Plans": [
                                                    {
                                                        "Node Type": "Nested Loop",
                                                        "Parent Relationship": "Outer",
                                                        "Parallel Aware": false,
                                                        "Async Capable": false,
                                                        "Join Type": "Semi",
                                                        "Startup Cost": 15768.9,
                                                        "Total Cost": 43933.1,
                                                        "Plan Rows": 17,
                                                        "Plan Width": 40,
                                                        "Actual Startup Time": 3.383,
                                                        "Actual Total Time": 60.387,
                                                        "Actual Rows": 135,
                                                        "Actual Loops": 4,
                                                        "Inner Unique": false,
                                                        "Join Filter": "((q1.site_id = comment_1.site_id) AND (pl1.post_id_to = comment_1.post_id))",
                                                        "Rows Removed by Join Filter": 0,
                                                        "Workers": [],
                                                        "Plans": [
                                                            {
                                                                "Node Type": "Nested Loop",
                                                                "Parent Relationship": "Outer",
                                                                "Parallel Aware": false,
                                                                "Async Capable": false,
                                                                "Join Type": "Semi",
                                                                "Startup Cost": 15768.34,
                                                                "Total Cost": 43909.83,
                                                                "Plan Rows": 17,
                                                                "Plan Width": 48,
                                                                "Actual Startup Time": 3.373,
                                                                "Actual Total Time": 60.045,
                                                                "Actual Rows": 158,
                                                                "Actual Loops": 4,
                                                                "Inner Unique": false,
                                                                "Join Filter": "((q1.site_id = comment.site_id) AND (pl2.post_id_to = comment.post_id))",
                                                                "Rows Removed by Join Filter": 0,
                                                                "Workers": [],
                                                                "Plans": [
                                                                    {
                                                                        "Node Type": "Nested Loop",
                                                                        "Parent Relationship": "Outer",
                                                                        "Parallel Aware": false,
                                                                        "Async Capable": false,
                                                                        "Join Type": "Inner",
                                                                        "Startup Cost": 15767.77,
                                                                        "Total Cost": 43886.57,
                                                                        "Plan Rows": 17,
                                                                        "Plan Width": 52,
                                                                        "Actual Startup Time": 3.352,
                                                                        "Actual Total Time": 59.556,
                                                                        "Actual Rows": 191,
                                                                        "Actual Loops": 4,
                                                                        "Inner Unique": true,
                                                                        "Join Filter": "(q1.site_id = q2.site_id)",
                                                                        "Rows Removed by Join Filter": 0,
                                                                        "Workers": [],
                                                                        "Plans": [
                                                                            {
                                                                                "Node Type": "Nested Loop",
                                                                                "Parent Relationship": "Outer",
                                                                                "Parallel Aware": false,
                                                                                "Async Capable": false,
                                                                                "Join Type": "Inner",
                                                                                "Startup Cost": 15767.33,
                                                                                "Total Cost": 43813.28,
                                                                                "Plan Rows": 17,
                                                                                "Plan Width": 44,
                                                                                "Actual Startup Time": 3.339,
                                                                                "Actual Total Time": 59.267,
                                                                                "Actual Rows": 191,
                                                                                "Actual Loops": 4,
                                                                                "Inner Unique": true,
                                                                                "Join Filter": "((q1.score > q3.score) AND (q1.site_id = q3.site_id))",
                                                                                "Rows Removed by Join Filter": 978,
                                                                                "Workers": [],
                                                                                "Plans": [
                                                                                    {
                                                                                        "Node Type": "Nested Loop",
                                                                                        "Parent Relationship": "Outer",
                                                                                        "Parallel Aware": false,
                                                                                        "Async Capable": false,
                                                                                        "Join Type": "Inner",
                                                                                        "Startup Cost": 15766.9,
                                                                                        "Total Cost": 43405.32,
                                                                                        "Plan Rows": 50,
                                                                                        "Plan Width": 40,
                                                                                        "Actual Startup Time": 3.283,
                                                                                        "Actual Total Time": 57.077,
                                                                                        "Actual Rows": 1169,
                                                                                        "Actual Loops": 4,
                                                                                        "Inner Unique": true,
                                                                                        "Join Filter": "(site.site_id = q1.site_id)",
                                                                                        "Rows Removed by Join Filter": 0,
                                                                                        "Workers": [],
                                                                                        "Plans": [
                                                                                            {
                                                                                                "Node Type": "Hash Join",
                                                                                                "Parent Relationship": "Outer",
                                                                                                "Parallel Aware": false,
                                                                                                "Async Capable": false,
                                                                                                "Join Type": "Inner",
                                                                                                "Startup Cost": 15766.46,
                                                                                                "Total Cost": 42997.49,
                                                                                                "Plan Rows": 50,
                                                                                                "Plan Width": 28,
                                                                                                "Actual Startup Time": 3.257,
                                                                                                "Actual Total Time": 55.012,
                                                                                                "Actual Rows": 1169,
                                                                                                "Actual Loops": 4,
                                                                                                "Inner Unique": false,
                                                                                                "Hash Cond": "((pl1.site_id = site.site_id) AND (pl1.post_id_to = pl2.post_id_from))",
                                                                                                "Workers": [],
                                                                                                "Plans": [
                                                                                                    {
                                                                                                        "Node Type": "Seq Scan",
                                                                                                        "Parent Relationship": "Outer",
                                                                                                        "Parallel Aware": true,
                                                                                                        "Async Capable": false,
                                                                                                        "Relation Name": "post_link",
                                                                                                        "Alias": "pl1",
                                                                                                        "Startup Cost": 0.0,
                                                                                                        "Total Cost": 21752.3,
                                                                                                        "Plan Rows": 730430,
                                                                                                        "Plan Width": 12,
                                                                                                        "Actual Startup Time": 0.007,
                                                                                                        "Actual Total Time": 24.864,
                                                                                                        "Actual Rows": 566083,
                                                                                                        "Actual Loops": 4,
                                                                                                        "Workers": []
                                                                                                    },
                                                                                                    {
                                                                                                        "Node Type": "Hash",
                                                                                                        "Parent Relationship": "Inner",
                                                                                                        "Parallel Aware": false,
                                                                                                        "Async Capable": false,
                                                                                                        "Startup Cost": 15570.13,
                                                                                                        "Total Cost": 15570.13,
                                                                                                        "Plan Rows": 13089,
                                                                                                        "Plan Width": 16,
                                                                                                        "Actual Startup Time": 1.192,
                                                                                                        "Actual Total Time": 1.193,
                                                                                                        "Actual Rows": 5647,
                                                                                                        "Actual Loops": 4,
                                                                                                        "Hash Buckets": 16384,
                                                                                                        "Original Hash Buckets": 16384,
                                                                                                        "Hash Batches": 1,
                                                                                                        "Original Hash Batches": 1,
                                                                                                        "Peak Memory Usage": 393,
                                                                                                        "Workers": [],
                                                                                                        "Plans": [
                                                                                                            {
                                                                                                                "Node Type": "Nested Loop",
                                                                                                                "Parent Relationship": "Outer",
                                                                                                                "Parallel Aware": false,
                                                                                                                "Async Capable": false,
                                                                                                                "Join Type": "Inner",
                                                                                                                "Startup Cost": 330.94,
                                                                                                                "Total Cost": 15570.13,
                                                                                                                "Plan Rows": 13089,
                                                                                                                "Plan Width": 16,
                                                                                                                "Actual Startup Time": 0.179,
                                                                                                                "Actual Total Time": 0.736,
                                                                                                                "Actual Rows": 5647,
                                                                                                                "Actual Loops": 4,
                                                                                                                "Inner Unique": false,
                                                                                                                "Workers": [],
                                                                                                                "Plans": [
                                                                                                                    {
                                                                                                                        "Node Type": "Index Scan",
                                                                                                                        "Parent Relationship": "Outer",
                                                                                                                        "Parallel Aware": false,
                                                                                                                        "Async Capable": false,
                                                                                                                        "Scan Direction": "Forward",
                                                                                                                        "Index Name": "site_pkey",
                                                                                                                        "Relation Name": "site",
                                                                                                                        "Alias": "site",
                                                                                                                        "Startup Cost": 0.14,
                                                                                                                        "Total Cost": 15.17,
                                                                                                                        "Plan Rows": 1,
                                                                                                                        "Plan Width": 4,
                                                                                                                        "Actual Startup Time": 0.023,
                                                                                                                        "Actual Total Time": 0.033,
                                                                                                                        "Actual Rows": 1,
                                                                                                                        "Actual Loops": 4,
                                                                                                                        "Filter": "((site_name)::text = 'aviation'::text)",
                                                                                                                        "Rows Removed by Filter": 172,
                                                                                                                        "Workers": []
                                                                                                                    },
                                                                                                                    {
                                                                                                                        "Node Type": "Bitmap Heap Scan",
                                                                                                                        "Parent Relationship": "Inner",
                                                                                                                        "Parallel Aware": false,
                                                                                                                        "Async Capable": false,
                                                                                                                        "Relation Name": "post_link",
                                                                                                                        "Alias": "pl2",
                                                                                                                        "Startup Cost": 330.8,
                                                                                                                        "Total Cost": 15412.55,
                                                                                                                        "Plan Rows": 14241,
                                                                                                                        "Plan Width": 12,
                                                                                                                        "Actual Startup Time": 0.154,
                                                                                                                        "Actual Total Time": 0.43,
                                                                                                                        "Actual Rows": 5647,
                                                                                                                        "Actual Loops": 4,
                                                                                                                        "Recheck Cond": "(site.site_id = site_id)",
                                                                                                                        "Rows Removed by Index Recheck": 0,
                                                                                                                        "Exact Heap Blocks": 37,
                                                                                                                        "Lossy Heap Blocks": 0,
                                                                                                                        "Workers": [],
                                                                                                                        "Plans": [
                                                                                                                            {
                                                                                                                                "Node Type": "Bitmap Index Scan",
                                                                                                                                "Parent Relationship": "Outer",
                                                                                                                                "Parallel Aware": false,
                                                                                                                                "Async Capable": false,
                                                                                                                                "Index Name": "post_link_pkey",
                                                                                                                                "Startup Cost": 0.0,
                                                                                                                                "Total Cost": 327.24,
                                                                                                                                "Plan Rows": 14241,
                                                                                                                                "Plan Width": 0,
                                                                                                                                "Actual Startup Time": 0.148,
                                                                                                                                "Actual Total Time": 0.149,
                                                                                                                                "Actual Rows": 5647,
                                                                                                                                "Actual Loops": 4,
                                                                                                                                "Index Cond": "(site_id = site.site_id)",
                                                                                                                                "Workers": []
                                                                                                                            }
                                                                                                                        ]
                                                                                                                    }
                                                                                                                ]
                                                                                                            }
                                                                                                        ]
                                                                                                    }
                                                                                                ]
                                                                                            },
                                                                                            {
                                                                                                "Node Type": "Index Scan",
                                                                                                "Parent Relationship": "Inner",
                                                                                                "Parallel Aware": false,
                                                                                                "Async Capable": false,
                                                                                                "Scan Direction": "Forward",
                                                                                                "Index Name": "question_pkey",
                                                                                                "Relation Name": "question",
                                                                                                "Alias": "q1",
                                                                                                "Startup Cost": 0.43,
                                                                                                "Total Cost": 8.14,
                                                                                                "Plan Rows": 1,
                                                                                                "Plan Width": 12,
                                                                                                "Actual Startup Time": 0.002,
                                                                                                "Actual Total Time": 0.002,
                                                                                                "Actual Rows": 1,
                                                                                                "Actual Loops": 4675,
                                                                                                "Index Cond": "((id = pl1.post_id_from) AND (site_id = pl1.site_id))",
                                                                                                "Rows Removed by Index Recheck": 0,
                                                                                                "Workers": []
                                                                                            }
                                                                                        ]
                                                                                    },
                                                                                    {
                                                                                        "Node Type": "Index Scan",
                                                                                        "Parent Relationship": "Inner",
                                                                                        "Parallel Aware": false,
                                                                                        "Async Capable": false,
                                                                                        "Scan Direction": "Forward",
                                                                                        "Index Name": "question_pkey",
                                                                                        "Relation Name": "question",
                                                                                        "Alias": "q3",
                                                                                        "Startup Cost": 0.43,
                                                                                        "Total Cost": 8.14,
                                                                                        "Plan Rows": 1,
                                                                                        "Plan Width": 12,
                                                                                        "Actual Startup Time": 0.002,
                                                                                        "Actual Total Time": 0.002,
                                                                                        "Actual Rows": 1,
                                                                                        "Actual Loops": 4675,
                                                                                        "Index Cond": "((id = pl2.post_id_to) AND (site_id = pl2.site_id))",
                                                                                        "Rows Removed by Index Recheck": 0,
                                                                                        "Workers": []
                                                                                    }
                                                                                ]
                                                                            },
                                                                            {
                                                                                "Node Type": "Index Only Scan",
                                                                                "Parent Relationship": "Inner",
                                                                                "Parallel Aware": false,
                                                                                "Async Capable": false,
                                                                                "Scan Direction": "Forward",
                                                                                "Index Name": "question_pkey",
                                                                                "Relation Name": "question",
                                                                                "Alias": "q2",
                                                                                "Startup Cost": 0.43,
                                                                                "Total Cost": 4.3,
                                                                                "Plan Rows": 1,
                                                                                "Plan Width": 8,
                                                                                "Actual Startup Time": 0.001,
                                                                                "Actual Total Time": 0.001,
                                                                                "Actual Rows": 1,
                                                                                "Actual Loops": 765,
                                                                                "Index Cond": "((id = pl1.post_id_to) AND (site_id = pl1.site_id))",
                                                                                "Rows Removed by Index Recheck": 0,
                                                                                "Heap Fetches": 0,
                                                                                "Workers": []
                                                                            }
                                                                        ]
                                                                    },
                                                                    {
                                                                        "Node Type": "Index Only Scan",
                                                                        "Parent Relationship": "Inner",
                                                                        "Parallel Aware": false,
                                                                        "Async Capable": false,
                                                                        "Scan Direction": "Forward",
                                                                        "Index Name": "comment_site_id_post_id_idx",
                                                                        "Relation Name": "comment",
                                                                        "Alias": "comment",
                                                                        "Startup Cost": 0.57,
                                                                        "Total Cost": 8.28,
                                                                        "Plan Rows": 1,
                                                                        "Plan Width": 8,
                                                                        "Actual Startup Time": 0.002,
                                                                        "Actual Total Time": 0.002,
                                                                        "Actual Rows": 1,
                                                                        "Actual Loops": 765,
                                                                        "Index Cond": "((site_id = q3.site_id) AND (post_id = q3.id))",
                                                                        "Rows Removed by Index Recheck": 0,
                                                                        "Heap Fetches": 634,
                                                                        "Workers": []
                                                                    }
                                                                ]
                                                            },
                                                            {
                                                                "Node Type": "Index Only Scan",
                                                                "Parent Relationship": "Inner",
                                                                "Parallel Aware": false,
                                                                "Async Capable": false,
                                                                "Scan Direction": "Forward",
                                                                "Index Name": "comment_site_id_post_id_idx",
                                                                "Relation Name": "comment",
                                                                "Alias": "comment_1",
                                                                "Startup Cost": 0.57,
                                                                "Total Cost": 8.28,
                                                                "Plan Rows": 1,
                                                                "Plan Width": 8,
                                                                "Actual Startup Time": 0.002,
                                                                "Actual Total Time": 0.002,
                                                                "Actual Rows": 1,
                                                                "Actual Loops": 634,
                                                                "Index Cond": "((site_id = q2.site_id) AND (post_id = q2.id))",
                                                                "Rows Removed by Index Recheck": 0,
                                                                "Heap Fetches": 539,
                                                                "Workers": []
                                                            }
                                                        ]
                                                    },
                                                    {
                                                        "Node Type": "Index Only Scan",
                                                        "Parent Relationship": "Inner",
                                                        "Parallel Aware": false,
                                                        "Async Capable": false,
                                                        "Scan Direction": "Forward",
                                                        "Index Name": "comment_site_id_post_id_idx",
                                                        "Relation Name": "comment",
                                                        "Alias": "comment_2",
                                                        "Startup Cost": 0.57,
                                                        "Total Cost": 8.28,
                                                        "Plan Rows": 1,
                                                        "Plan Width": 8,
                                                        "Actual Startup Time": 0.002,
                                                        "Actual Total Time": 0.002,
                                                        "Actual Rows": 1,
                                                        "Actual Loops": 539,
                                                        "Index Cond": "((site_id = q1.site_id) AND (post_id = q1.id))",
                                                        "Rows Removed by Index Recheck": 0,
                                                        "Heap Fetches": 464,
                                                        "Workers": []
                                                    }
                                                ]
                                            }
                                        ]
                                    }
                                ]
                            }
                        ]
                    },
                    "Planning Time": 70.757,
                    "Triggers": [],
                    "Execution Time": 66.568
                }
            ],
            "hints": [
                "SET enable_hashjoin TO on",
                "SET enable_indexonlyscan TO on",
                "SET enable_indexscan TO on",
                "SET enable_mergejoin TO off",
                "SET enable_nestloop TO on",
                "SET enable_seqscan TO on"
            ]
        }
    ]
}