{
    "sql_file": "soload_q5-002.sql",
    "query": "select COUNT(distinct account.display_name)\nfrom\ntag t1, site s1, question q1, tag_question tq1, so_user u1, comment c1,\naccount\nwhere\n-- underappreciated (high votes, low views) questions with at least one comment\ns1.site_name='ux' and\nt1.name in ('design', 'security', 'user-expectation') and\nt1.site_id = s1.site_id and\nq1.site_id = s1.site_id and\ntq1.site_id = s1.site_id and\ntq1.question_id = q1.id and\ntq1.tag_id = t1.id and\nq1.owner_user_id = u1.id and\nq1.site_id = u1.site_id and\nq1.score > 11 and\nq1.view_count < 1565 and\nc1.site_id = q1.site_id and\nc1.post_id = q1.id and\n\n-- to get the display name\naccount.id = u1.account_id;",
    "results": [
        {
            "arm": 0,
            "execution_time": 18.536,
            "plan": [
                {
                    "Plan": {
                        "Node Type": "Aggregate",
                        "Strategy": "Plain",
                        "Partial Mode": "Simple",
                        "Parallel Aware": false,
                        "Async Capable": false,
                        "Startup Cost": 3899.94,
                        "Total Cost": 3899.95,
                        "Plan Rows": 1,
                        "Plan Width": 8,
                        "Actual Startup Time": 18.435,
                        "Actual Total Time": 18.49,
                        "Actual Rows": 1,
                        "Actual Loops": 1,
                        "Plans": [
                            {
                                "Node Type": "Sort",
                                "Parent Relationship": "Outer",
                                "Parallel Aware": false,
                                "Async Capable": false,
                                "Startup Cost": 3899.93,
                                "Total Cost": 3899.94,
                                "Plan Rows": 1,
                                "Plan Width": 11,
                                "Actual Startup Time": 18.426,
                                "Actual Total Time": 18.482,
                                "Actual Rows": 41,
                                "Actual Loops": 1,
                                "Sort Key": [
                                    "account.display_name"
                                ],
                                "Sort Method": "quicksort",
                                "Sort Space Used": 25,
                                "Sort Space Type": "Memory",
                                "Plans": [
                                    {
                                        "Node Type": "Nested Loop",
                                        "Parent Relationship": "Outer",
                                        "Parallel Aware": false,
                                        "Async Capable": false,
                                        "Join Type": "Inner",
                                        "Startup Cost": 3718.1,
                                        "Total Cost": 3899.92,
                                        "Plan Rows": 1,
                                        "Plan Width": 11,
                                        "Actual Startup Time": 9.886,
                                        "Actual Total Time": 18.464,
                                        "Actual Rows": 41,
                                        "Actual Loops": 1,
                                        "Inner Unique": true,
                                        "Plans": [
                                            {
                                                "Node Type": "Gather",
                                                "Parent Relationship": "Outer",
                                                "Parallel Aware": false,
                                                "Async Capable": false,
                                                "Startup Cost": 3717.66,
                                                "Total Cost": 3892.31,
                                                "Plan Rows": 1,
                                                "Plan Width": 4,
                                                "Actual Startup Time": 9.875,
                                                "Actual Total Time": 18.072,
                                                "Actual Rows": 41,
                                                "Actual Loops": 1,
                                                "Workers Planned": 1,
                                                "Workers Launched": 1,
                                                "Single Copy": false,
                                                "Plans": [
                                                    {
                                                        "Node Type": "Nested Loop",
                                                        "Parent Relationship": "Outer",
                                                        "Parallel Aware": false,
                                                        "Async Capable": false,
                                                        "Join Type": "Inner",
                                                        "Startup Cost": 2717.66,
                                                        "Total Cost": 2892.21,
                                                        "Plan Rows": 1,
                                                        "Plan Width": 4,
                                                        "Actual Startup Time": 7.682,
                                                        "Actual Total Time": 11.754,
                                                        "Actual Rows": 20,
                                                        "Actual Loops": 2,
                                                        "Inner Unique": false,
                                                        "Join Filter": "(t1.site_id = c1.site_id)",
                                                        "Rows Removed by Join Filter": 0,
                                                        "Workers": [],
                                                        "Plans": [
                                                            {
                                                                "Node Type": "Nested Loop",
                                                                "Parent Relationship": "Outer",
                                                                "Parallel Aware": false,
                                                                "Async Capable": false,
                                                                "Join Type": "Inner",
                                                                "Startup Cost": 2717.1,
                                                                "Total Cost": 2884.43,
                                                                "Plan Rows": 1,
                                                                "Plan Width": 32,
                                                                "Actual Startup Time": 7.451,
                                                                "Actual Total Time": 10.233,
                                                                "Actual Rows": 8,
                                                                "Actual Loops": 2,
                                                                "Inner Unique": true,
                                                                "Join Filter": "(t1.site_id = u1.site_id)",
                                                                "Rows Removed by Join Filter": 0,
                                                                "Workers": [],
                                                                "Plans": [
                                                                    {
                                                                        "Node Type": "Nested Loop",
                                                                        "Parent Relationship": "Outer",
                                                                        "Parallel Aware": false,
                                                                        "Async Capable": false,
                                                                        "Join Type": "Inner",
                                                                        "Startup Cost": 2716.66,
                                                                        "Total Cost": 2876.78,
                                                                        "Plan Rows": 1,
                                                                        "Plan Width": 28,
                                                                        "Actual Startup Time": 7.37,
                                                                        "Actual Total Time": 9.624,
                                                                        "Actual Rows": 8,
                                                                        "Actual Loops": 2,
                                                                        "Inner Unique": true,
                                                                        "Join Filter": "(t1.site_id = q1.site_id)",
                                                                        "Rows Removed by Join Filter": 0,
                                                                        "Workers": [],
                                                                        "Plans": [
                                                                            {
                                                                                "Node Type": "Nested Loop",
                                                                                "Parent Relationship": "Outer",
                                                                                "Parallel Aware": false,
                                                                                "Async Capable": false,
                                                                                "Join Type": "Inner",
                                                                                "Startup Cost": 2716.22,
                                                                                "Total Cost": 2777.55,
                                                                                "Plan Rows": 13,
                                                                                "Plan Width": 16,
                                                                                "Actual Startup Time": 7.232,
                                                                                "Actual Total Time": 7.818,
                                                                                "Actual Rows": 518,
                                                                                "Actual Loops": 2,
                                                                                "Inner Unique": false,
                                                                                "Workers": [],
                                                                                "Plans": [
                                                                                    {
                                                                                        "Node Type": "Merge Join",
                                                                                        "Parent Relationship": "Outer",
                                                                                        "Parallel Aware": false,
                                                                                        "Async Capable": false,
                                                                                        "Join Type": "Inner",
                                                                                        "Startup Cost": 2715.66,
                                                                                        "Total Cost": 2715.99,
                                                                                        "Plan Rows": 1,
                                                                                        "Plan Width": 12,
                                                                                        "Actual Startup Time": 7.121,
                                                                                        "Actual Total Time": 7.123,
                                                                                        "Actual Rows": 2,
                                                                                        "Actual Loops": 2,
                                                                                        "Inner Unique": true,
                                                                                        "Merge Cond": "(t1.site_id = s1.site_id)",
                                                                                        "Workers": [],
                                                                                        "Plans": [
                                                                                            {
                                                                                                "Node Type": "Sort",
                                                                                                "Parent Relationship": "Outer",
                                                                                                "Parallel Aware": false,
                                                                                                "Async Capable": false,
                                                                                                "Startup Cost": 2712.49,
                                                                                                "Total Cost": 2712.64,
                                                                                                "Plan Rows": 62,
                                                                                                "Plan Width": 8,
                                                                                                "Actual Startup Time": 7.088,
                                                                                                "Actual Total Time": 7.09,
                                                                                                "Actual Rows": 52,
                                                                                                "Actual Loops": 2,
                                                                                                "Sort Key": [
                                                                                                    "t1.site_id"
                                                                                                ],
                                                                                                "Sort Method": "quicksort",
                                                                                                "Sort Space Used": 27,
                                                                                                "Sort Space Type": "Memory",
                                                                                                "Workers": [
                                                                                                    {
                                                                                                        "Worker Number": 0,
                                                                                                        "Sort Method": "quicksort",
                                                                                                        "Sort Space Used": 25,
                                                                                                        "Sort Space Type": "Memory"
                                                                                                    }
                                                                                                ],
                                                                                                "Plans": [
                                                                                                    {
                                                                                                        "Node Type": "Seq Scan",
                                                                                                        "Parent Relationship": "Outer",
                                                                                                        "Parallel Aware": true,
                                                                                                        "Async Capable": false,
                                                                                                        "Relation Name": "tag",
                                                                                                        "Alias": "t1",
                                                                                                        "Startup Cost": 0.0,
                                                                                                        "Total Cost": 2710.64,
                                                                                                        "Plan Rows": 62,
                                                                                                        "Plan Width": 8,
                                                                                                        "Actual Startup Time": 0.076,
                                                                                                        "Actual Total Time": 7.071,
                                                                                                        "Actual Rows": 57,
                                                                                                        "Actual Loops": 2,
                                                                                                        "Filter": "((name)::text = ANY ('{design,security,user-expectation}'::text[]))",
                                                                                                        "Rows Removed by Filter": 93328,
                                                                                                        "Workers": []
                                                                                                    }
                                                                                                ]
                                                                                            },
                                                                                            {
                                                                                                "Node Type": "Sort",
                                                                                                "Parent Relationship": "Inner",
                                                                                                "Parallel Aware": false,
                                                                                                "Async Capable": false,
                                                                                                "Startup Cost": 3.17,
                                                                                                "Total Cost": 3.18,
                                                                                                "Plan Rows": 1,
                                                                                                "Plan Width": 4,
                                                                                                "Actual Startup Time": 0.027,
                                                                                                "Actual Total Time": 0.027,
                                                                                                "Actual Rows": 1,
                                                                                                "Actual Loops": 2,
                                                                                                "Sort Key": [
                                                                                                    "s1.site_id"
                                                                                                ],
                                                                                                "Sort Method": "quicksort",
                                                                                                "Sort Space Used": 25,
                                                                                                "Sort Space Type": "Memory",
                                                                                                "Workers": [
                                                                                                    {
                                                                                                        "Worker Number": 0,
                                                                                                        "Sort Method": "quicksort",
                                                                                                        "Sort Space Used": 25,
                                                                                                        "Sort Space Type": "Memory"
                                                                                                    }
                                                                                                ],
                                                                                                "Plans": [
                                                                                                    {
                                                                                                        "Node Type": "Seq Scan",
                                                                                                        "Parent Relationship": "Outer",
                                                                                                        "Parallel Aware": false,
                                                                                                        "Async Capable": false,
                                                                                                        "Relation Name": "site",
                                                                                                        "Alias": "s1",
                                                                                                        "Startup Cost": 0.0,
                                                                                                        "Total Cost": 3.16,
                                                                                                        "Plan Rows": 1,
                                                                                                        "Plan Width": 4,
                                                                                                        "Actual Startup Time": 0.02,
                                                                                                        "Actual Total Time": 0.02,
                                                                                                        "Actual Rows": 1,
                                                                                                        "Actual Loops": 2,
                                                                                                        "Filter": "((site_name)::text = 'ux'::text)",
                                                                                                        "Rows Removed by Filter": 172,
                                                                                                        "Workers": []
                                                                                                    }
                                                                                                ]
                                                                                            }
                                                                                        ]
                                                                                    },
                                                                                    {
                                                                                        "Node Type": "Index Only Scan",
                                                                                        "Parent Relationship": "Inner",
                                                                                        "Parallel Aware": false,
                                                                                        "Async Capable": false,
                                                                                        "Scan Direction": "Forward",
                                                                                        "Index Name": "tag_question_site_id_tag_id_question_id_idx",
                                                                                        "Relation Name": "tag_question",
                                                                                        "Alias": "tq1",
                                                                                        "Startup Cost": 0.56,
                                                                                        "Total Cost": 61.25,
                                                                                        "Plan Rows": 31,
                                                                                        "Plan Width": 12,
                                                                                        "Actual Startup Time": 0.134,
                                                                                        "Actual Total Time": 0.443,
                                                                                        "Actual Rows": 346,
                                                                                        "Actual Loops": 3,
                                                                                        "Index Cond": "((site_id = t1.site_id) AND (tag_id = t1.id))",
                                                                                        "Rows Removed by Index Recheck": 0,
                                                                                        "Heap Fetches": 1037,
                                                                                        "Workers": []
                                                                                    }
                                                                                ]
                                                                            },
                                                                            {
                                                                                "Node Type": "Index Scan",
                                                                                "Parent Relationship": "Inner",
                                                                                "Parallel Aware": false,
                                                                                "Async Capable": false,
                                                                                "Scan Direction": "Forward",
                                                                                "Index Name": "question_pkey",
                                                                                "Relation Name": "question",
                                                                                "Alias": "q1",
                                                                                "Startup Cost": 0.43,
                                                                                "Total Cost": 7.62,
                                                                                "Plan Rows": 1,
                                                                                "Plan Width": 12,
                                                                                "Actual Startup Time": 0.003,
                                                                                "Actual Total Time": 0.003,
                                                                                "Actual Rows": 0,
                                                                                "Actual Loops": 1037,
                                                                                "Index Cond": "((id = tq1.question_id) AND (site_id = tq1.site_id))",
                                                                                "Rows Removed by Index Recheck": 0,
                                                                                "Filter": "((score > 11) AND (view_count < 1565))",
                                                                                "Rows Removed by Filter": 1,
                                                                                "Workers": []
                                                                            }
                                                                        ]
                                                                    },
                                                                    {
                                                                        "Node Type": "Index Scan",
                                                                        "Parent Relationship": "Inner",
                                                                        "Parallel Aware": false,
                                                                        "Async Capable": false,
                                                                        "Scan Direction": "Forward",
                                                                        "Index Name": "so_user_pkey",
                                                                        "Relation Name": "so_user",
                                                                        "Alias": "u1",
                                                                        "Startup Cost": 0.44,
                                                                        "Total Cost": 7.64,
                                                                        "Plan Rows": 1,
                                                                        "Plan Width": 12,
                                                                        "Actual Startup Time": 0.08,
                                                                        "Actual Total Time": 0.08,
                                                                        "Actual Rows": 1,
                                                                        "Actual Loops": 15,
                                                                        "Index Cond": "((id = q1.owner_user_id) AND (site_id = q1.site_id))",
                                                                        "Rows Removed by Index Recheck": 0,
                                                                        "Workers": []
                                                                    }
                                                                ]
                                                            },
                                                            {
                                                                "Node Type": "Index Only Scan",
                                                                "Parent Relationship": "Inner",
                                                                "Parallel Aware": false,
                                                                "Async Capable": false,
                                                                "Scan Direction": "Forward",
                                                                "Index Name": "comment_site_id_post_id_idx",
                                                                "Relation Name": "comment",
                                                                "Alias": "c1",
                                                                "Startup Cost": 0.57,
                                                                "Total Cost": 7.77,
                                                                "Plan Rows": 1,
                                                                "Plan Width": 8,
                                                                "Actual Startup Time": 0.154,
                                                                "Actual Total Time": 0.202,
                                                                "Actual Rows": 3,
                                                                "Actual Loops": 15,
                                                                "Index Cond": "((site_id = tq1.site_id) AND (post_id = tq1.question_id))",
                                                                "Rows Removed by Index Recheck": 0,
                                                                "Heap Fetches": 41,
                                                                "Workers": []
                                                            }
                                                        ]
                                                    }
                                                ]
                                            },
                                            {
                                                "Node Type": "Index Scan",
                                                "Parent Relationship": "Inner",
                                                "Parallel Aware": false,
                                                "Async Capable": false,
                                                "Scan Direction": "Forward",
                                                "Index Name": "account_pkey",
                                                "Relation Name": "account",
                                                "Alias": "account",
                                                "Startup Cost": 0.43,
                                                "Total Cost": 7.61,
                                                "Plan Rows": 1,
                                                "Plan Width": 15,
                                                "Actual Startup Time": 0.009,
                                                "Actual Total Time": 0.009,
                                                "Actual Rows": 1,
                                                "Actual Loops": 41,
                                                "Index Cond": "(id = u1.account_id)",
                                                "Rows Removed by Index Recheck": 0
                                            }
                                        ]
                                    }
                                ]
                            }
                        ]
                    },
                    "Planning Time": 7.944,
                    "Triggers": [],
                    "Execution Time": 18.536
                }
            ],
            "hints": [
                "SET enable_hashjoin TO on",
                "SET enable_indexonlyscan TO on",
                "SET enable_indexscan TO on",
                "SET enable_mergejoin TO on",
                "SET enable_nestloop TO on",
                "SET enable_seqscan TO on"
            ]
        },
        {
            "arm": 1,
            "execution_time": 4481.751,
            "plan": [
                {
                    "Plan": {
                        "Node Type": "Aggregate",
                        "Strategy": "Plain",
                        "Partial Mode": "Simple",
                        "Parallel Aware": false,
                        "Async Capable": false,
                        "Startup Cost": 5375352.24,
                        "Total Cost": 5375352.25,
                        "Plan Rows": 1,
                        "Plan Width": 8,
                        "Actual Startup Time": 4471.552,
                        "Actual Total Time": 4481.703,
                        "Actual Rows": 1,
                        "Actual Loops": 1,
                        "Plans": [
                            {
                                "Node Type": "Gather Merge",
                                "Parent Relationship": "Outer",
                                "Parallel Aware": false,
                                "Async Capable": false,
                                "Startup Cost": 5375352.11,
                                "Total Cost": 5375352.24,
                                "Plan Rows": 1,
                                "Plan Width": 11,
                                "Actual Startup Time": 4471.537,
                                "Actual Total Time": 4481.694,
                                "Actual Rows": 41,
                                "Actual Loops": 1,
                                "Workers Planned": 5,
                                "Workers Launched": 5,
                                "Plans": [
                                    {
                                        "Node Type": "Sort",
                                        "Parent Relationship": "Outer",
                                        "Parallel Aware": false,
                                        "Async Capable": false,
                                        "Startup Cost": 5374352.03,
                                        "Total Cost": 5374352.04,
                                        "Plan Rows": 1,
                                        "Plan Width": 11,
                                        "Actual Startup Time": 4469.198,
                                        "Actual Total Time": 4469.207,
                                        "Actual Rows": 7,
                                        "Actual Loops": 6,
                                        "Sort Key": [
                                            "account.display_name"
                                        ],
                                        "Sort Method": "quicksort",
                                        "Sort Space Used": 25,
                                        "Sort Space Type": "Memory",
                                        "Workers": [
                                            {
                                                "Worker Number": 0,
                                                "Sort Method": "quicksort",
                                                "Sort Space Used": 25,
                                                "Sort Space Type": "Memory"
                                            },
                                            {
                                                "Worker Number": 1,
                                                "Sort Method": "quicksort",
                                                "Sort Space Used": 25,
                                                "Sort Space Type": "Memory"
                                            },
                                            {
                                                "Worker Number": 2,
                                                "Sort Method": "quicksort",
                                                "Sort Space Used": 25,
                                                "Sort Space Type": "Memory"
                                            },
                                            {
                                                "Worker Number": 3,
                                                "Sort Method": "quicksort",
                                                "Sort Space Used": 25,
                                                "Sort Space Type": "Memory"
                                            },
                                            {
                                                "Worker Number": 4,
                                                "Sort Method": "quicksort",
                                                "Sort Space Used": 25,
                                                "Sort Space Type": "Memory"
                                            }
                                        ],
                                        "Plans": [
                                            {
                                                "Node Type": "Hash Join",
                                                "Parent Relationship": "Outer",
                                                "Parallel Aware": true,
                                                "Async Capable": false,
                                                "Join Type": "Inner",
                                                "Startup Cost": 5221897.22,
                                                "Total Cost": 5374352.02,
                                                "Plan Rows": 1,
                                                "Plan Width": 11,
                                                "Actual Startup Time": 4322.795,
                                                "Actual Total Time": 4469.115,
                                                "Actual Rows": 7,
                                                "Actual Loops": 6,
                                                "Inner Unique": false,
                                                "Hash Cond": "(account.id = u1.account_id)",
                                                "Workers": [],
                                                "Plans": [
                                                    {
                                                        "Node Type": "Seq Scan",
                                                        "Parent Relationship": "Outer",
                                                        "Parallel Aware": true,
                                                        "Async Capable": false,
                                                        "Relation Name": "account",
                                                        "Alias": "account",
                                                        "Startup Cost": 0.0,
                                                        "Total Cost": 142069.67,
                                                        "Plan Rows": 2769367,
                                                        "Plan Width": 15,
                                                        "Actual Startup Time": 0.016,
                                                        "Actual Total Time": 105.62,
                                                        "Actual Rows": 2312026,
                                                        "Actual Loops": 6,
                                                        "Workers": []
                                                    },
                                                    {
                                                        "Node Type": "Hash",
                                                        "Parent Relationship": "Inner",
                                                        "Parallel Aware": true,
                                                        "Async Capable": false,
                                                        "Startup Cost": 5221897.2,
                                                        "Total Cost": 5221897.2,
                                                        "Plan Rows": 1,
                                                        "Plan Width": 4,
                                                        "Actual Startup Time": 4280.041,
                                                        "Actual Total Time": 4280.049,
                                                        "Actual Rows": 7,
                                                        "Actual Loops": 6,
                                                        "Hash Buckets": 1024,
                                                        "Original Hash Buckets": 1024,
                                                        "Hash Batches": 1,
                                                        "Original Hash Batches": 1,
                                                        "Peak Memory Usage": 168,
                                                        "Workers": [],
                                                        "Plans": [
                                                            {
                                                                "Node Type": "Hash Join",
                                                                "Parent Relationship": "Outer",
                                                                "Parallel Aware": true,
                                                                "Async Capable": false,
                                                                "Join Type": "Inner",
                                                                "Startup Cost": 2277391.39,
                                                                "Total Cost": 5221897.2,
                                                                "Plan Rows": 1,
                                                                "Plan Width": 4,
                                                                "Actual Startup Time": 4210.617,
                                                                "Actual Total Time": 4280.011,
                                                                "Actual Rows": 7,
                                                                "Actual Loops": 6,
                                                                "Inner Unique": false,
                                                                "Hash Cond": "((s1.site_id = t1.site_id) AND (c1.post_id = tq1.question_id))",
                                                                "Workers": [],
                                                                "Plans": [
                                                                    {
                                                                        "Node Type": "Hash Join",
                                                                        "Parent Relationship": "Outer",
                                                                        "Parallel Aware": false,
                                                                        "Async Capable": false,
                                                                        "Join Type": "Inner",
                                                                        "Startup Cost": 3.18,
                                                                        "Total Cost": 2943948.13,
                                                                        "Plan Rows": 74780,
                                                                        "Plan Width": 12,
                                                                        "Actual Startup Time": 2755.98,
                                                                        "Actual Total Time": 2841.422,
                                                                        "Actual Rows": 25285,
                                                                        "Actual Loops": 6,
                                                                        "Inner Unique": true,
                                                                        "Hash Cond": "(c1.site_id = s1.site_id)",
                                                                        "Workers": [],
                                                                        "Plans": [
                                                                            {
                                                                                "Node Type": "Seq Scan",
                                                                                "Parent Relationship": "Outer",
                                                                                "Parallel Aware": true,
                                                                                "Async Capable": false,
                                                                                "Relation Name": "comment",
                                                                                "Alias": "c1",
                                                                                "Startup Cost": 0.0,
                                                                                "Total Cost": 2909153.53,
                                                                                "Plan Rows": 12936953,
                                                                                "Plan Width": 8,
                                                                                "Actual Startup Time": 0.039,
                                                                                "Actual Total Time": 2223.322,
                                                                                "Actual Rows": 17243326,
                                                                                "Actual Loops": 6,
                                                                                "Workers": []
                                                                            },
                                                                            {
                                                                                "Node Type": "Hash",
                                                                                "Parent Relationship": "Inner",
                                                                                "Parallel Aware": false,
                                                                                "Async Capable": false,
                                                                                "Startup Cost": 3.16,
                                                                                "Total Cost": 3.16,
                                                                                "Plan Rows": 1,
                                                                                "Plan Width": 4,
                                                                                "Actual Startup Time": 0.018,
                                                                                "Actual Total Time": 0.019,
                                                                                "Actual Rows": 1,
                                                                                "Actual Loops": 6,
                                                                                "Hash Buckets": 1024,
                                                                                "Original Hash Buckets": 1024,
                                                                                "Hash Batches": 1,
                                                                                "Original Hash Batches": 1,
                                                                                "Peak Memory Usage": 9,
                                                                                "Workers": [],
                                                                                "Plans": [
                                                                                    {
                                                                                        "Node Type": "Seq Scan",
                                                                                        "Parent Relationship": "Outer",
                                                                                        "Parallel Aware": false,
                                                                                        "Async Capable": false,
                                                                                        "Relation Name": "site",
                                                                                        "Alias": "s1",
                                                                                        "Startup Cost": 0.0,
                                                                                        "Total Cost": 3.16,
                                                                                        "Plan Rows": 1,
                                                                                        "Plan Width": 4,
                                                                                        "Actual Startup Time": 0.015,
                                                                                        "Actual Total Time": 0.016,
                                                                                        "Actual Rows": 1,
                                                                                        "Actual Loops": 6,
                                                                                        "Filter": "((site_name)::text = 'ux'::text)",
                                                                                        "Rows Removed by Filter": 172,
                                                                                        "Workers": []
                                                                                    }
                                                                                ]
                                                                            }
                                                                        ]
                                                                    },
                                                                    {
                                                                        "Node Type": "Hash",
                                                                        "Parent Relationship": "Inner",
                                                                        "Parallel Aware": true,
                                                                        "Async Capable": false,
                                                                        "Startup Cost": 2277387.09,
                                                                        "Total Cost": 2277387.09,
                                                                        "Plan Rows": 75,
                                                                        "Plan Width": 28,
                                                                        "Actual Startup Time": 1437.438,
                                                                        "Actual Total Time": 1437.443,
                                                                        "Actual Rows": 56,
                                                                        "Actual Loops": 6,
                                                                        "Hash Buckets": 1024,
                                                                        "Original Hash Buckets": 1024,
                                                                        "Hash Batches": 1,
                                                                        "Original Hash Batches": 1,
                                                                        "Peak Memory Usage": 200,
                                                                        "Workers": [],
                                                                        "Plans": [
                                                                            {
                                                                                "Node Type": "Hash Join",
                                                                                "Parent Relationship": "Outer",
                                                                                "Parallel Aware": true,
                                                                                "Async Capable": false,
                                                                                "Join Type": "Inner",
                                                                                "Startup Cost": 2006352.48,
                                                                                "Total Cost": 2277387.09,
                                                                                "Plan Rows": 75,
                                                                                "Plan Width": 28,
                                                                                "Actual Startup Time": 1114.391,
                                                                                "Actual Total Time": 1437.389,
                                                                                "Actual Rows": 56,
                                                                                "Actual Loops": 6,
                                                                                "Inner Unique": false,
                                                                                "Hash Cond": "((u1.site_id = t1.site_id) AND (u1.id = q1.owner_user_id))",
                                                                                "Workers": [],
                                                                                "Plans": [
                                                                                    {
                                                                                        "Node Type": "Seq Scan",
                                                                                        "Parent Relationship": "Outer",
                                                                                        "Parallel Aware": true,
                                                                                        "Async Capable": false,
                                                                                        "Relation Name": "so_user",
                                                                                        "Alias": "u1",
                                                                                        "Startup Cost": 0.0,
                                                                                        "Total Cost": 239391.02,
                                                                                        "Plan Rows": 4219102,
                                                                                        "Plan Width": 12,
                                                                                        "Actual Startup Time": 0.016,
                                                                                        "Actual Total Time": 157.334,
                                                                                        "Actual Rows": 3516217,
                                                                                        "Actual Loops": 6,
                                                                                        "Workers": []
                                                                                    },
                                                                                    {
                                                                                        "Node Type": "Hash",
                                                                                        "Parent Relationship": "Inner",
                                                                                        "Parallel Aware": true,
                                                                                        "Async Capable": false,
                                                                                        "Startup Cost": 2006351.67,
                                                                                        "Total Cost": 2006351.67,
                                                                                        "Plan Rows": 54,
                                                                                        "Plan Width": 24,
                                                                                        "Actual Startup Time": 1113.911,
                                                                                        "Actual Total Time": 1113.914,
                                                                                        "Actual Rows": 56,
                                                                                        "Actual Loops": 6,
                                                                                        "Hash Buckets": 1024,
                                                                                        "Original Hash Buckets": 1024,
                                                                                        "Hash Batches": 1,
                                                                                        "Original Hash Batches": 1,
                                                                                        "Peak Memory Usage": 200,
                                                                                        "Workers": [],
                                                                                        "Plans": [
                                                                                            {
                                                                                                "Node Type": "Hash Join",
                                                                                                "Parent Relationship": "Outer",
                                                                                                "Parallel Aware": true,
                                                                                                "Async Capable": false,
                                                                                                "Join Type": "Inner",
                                                                                                "Startup Cost": 314663.57,
                                                                                                "Total Cost": 2006351.67,
                                                                                                "Plan Rows": 54,
                                                                                                "Plan Width": 24,
                                                                                                "Actual Startup Time": 544.2,
                                                                                                "Actual Total Time": 1113.798,
                                                                                                "Actual Rows": 56,
                                                                                                "Actual Loops": 6,
                                                                                                "Inner Unique": false,
                                                                                                "Hash Cond": "((q1.site_id = t1.site_id) AND (q1.id = tq1.question_id))",
                                                                                                "Workers": [],
                                                                                                "Plans": [
                                                                                                    {
                                                                                                        "Node Type": "Seq Scan",
                                                                                                        "Parent Relationship": "Outer",
                                                                                                        "Parallel Aware": true,
                                                                                                        "Async Capable": false,
                                                                                                        "Relation Name": "question",
                                                                                                        "Alias": "q1",
                                                                                                        "Startup Cost": 0.0,
                                                                                                        "Total Cost": 1691290.18,
                                                                                                        "Plan Rows": 53042,
                                                                                                        "Plan Width": 12,
                                                                                                        "Actual Startup Time": 0.169,
                                                                                                        "Actual Total Time": 576.756,
                                                                                                        "Actual Rows": 10808,
                                                                                                        "Actual Loops": 6,
                                                                                                        "Filter": "((score > 11) AND (view_count < 1565))",
                                                                                                        "Rows Removed by Filter": 2100265,
                                                                                                        "Workers": []
                                                                                                    },
                                                                                                    {
                                                                                                        "Node Type": "Hash",
                                                                                                        "Parent Relationship": "Inner",
                                                                                                        "Parallel Aware": true,
                                                                                                        "Async Capable": false,
                                                                                                        "Startup Cost": 314601.36,
                                                                                                        "Total Cost": 314601.36,
                                                                                                        "Plan Rows": 4147,
                                                                                                        "Plan Width": 12,
                                                                                                        "Actual Startup Time": 533.93,
                                                                                                        "Actual Total Time": 533.932,
                                                                                                        "Actual Rows": 6639,
                                                                                                        "Actual Loops": 6,
                                                                                                        "Hash Buckets": 65536,
                                                                                                        "Original Hash Buckets": 32768,
                                                                                                        "Hash Batches": 1,
                                                                                                        "Original Hash Batches": 1,
                                                                                                        "Peak Memory Usage": 2688,
                                                                                                        "Workers": [],
                                                                                                        "Plans": [
                                                                                                            {
                                                                                                                "Node Type": "Hash Join",
                                                                                                                "Parent Relationship": "Outer",
                                                                                                                "Parallel Aware": true,
                                                                                                                "Async Capable": false,
                                                                                                                "Join Type": "Inner",
                                                                                                                "Startup Cost": 2711.57,
                                                                                                                "Total Cost": 314601.36,
                                                                                                                "Plan Rows": 4147,
                                                                                                                "Plan Width": 12,
                                                                                                                "Actual Startup Time": 2.986,
                                                                                                                "Actual Total Time": 529.638,
                                                                                                                "Actual Rows": 6639,
                                                                                                                "Actual Loops": 6,
                                                                                                                "Inner Unique": true,
                                                                                                                "Hash Cond": "((tq1.site_id = t1.site_id) AND (tq1.tag_id = t1.id))",
                                                                                                                "Workers": [],
                                                                                                                "Plans": [
                                                                                                                    {
                                                                                                                        "Node Type": "Seq Scan",
                                                                                                                        "Parent Relationship": "Outer",
                                                                                                                        "Parallel Aware": true,
                                                                                                                        "Async Capable": false,
                                                                                                                        "Relation Name": "tag_question",
                                                                                                                        "Alias": "tq1",
                                                                                                                        "Startup Cost": 0.0,
                                                                                                                        "Total Cost": 273159.66,
                                                                                                                        "Plan Rows": 7376766,
                                                                                                                        "Plan Width": 12,
                                                                                                                        "Actual Startup Time": 0.015,
                                                                                                                        "Actual Total Time": 256.382,
                                                                                                                        "Actual Rows": 6147303,
                                                                                                                        "Actual Loops": 6,
                                                                                                                        "Workers": []
                                                                                                                    },
                                                                                                                    {
                                                                                                                        "Node Type": "Hash",
                                                                                                                        "Parent Relationship": "Inner",
                                                                                                                        "Parallel Aware": true,
                                                                                                                        "Async Capable": false,
                                                                                                                        "Startup Cost": 2710.64,
                                                                                                                        "Total Cost": 2710.64,
                                                                                                                        "Plan Rows": 62,
                                                                                                                        "Plan Width": 8,
                                                                                                                        "Actual Startup Time": 2.859,
                                                                                                                        "Actual Total Time": 2.859,
                                                                                                                        "Actual Rows": 19,
                                                                                                                        "Actual Loops": 6,
                                                                                                                        "Hash Buckets": 1024,
                                                                                                                        "Original Hash Buckets": 1024,
                                                                                                                        "Hash Batches": 1,
                                                                                                                        "Original Hash Batches": 1,
                                                                                                                        "Peak Memory Usage": 200,
                                                                                                                        "Workers": [],
                                                                                                                        "Plans": [
                                                                                                                            {
                                                                                                                                "Node Type": "Seq Scan",
                                                                                                                                "Parent Relationship": "Outer",
                                                                                                                                "Parallel Aware": true,
                                                                                                                                "Async Capable": false,
                                                                                                                                "Relation Name": "tag",
                                                                                                                                "Alias": "t1",
                                                                                                                                "Startup Cost": 0.0,
                                                                                                                                "Total Cost": 2710.64,
                                                                                                                                "Plan Rows": 62,
                                                                                                                                "Plan Width": 8,
                                                                                                                                "Actual Startup Time": 0.103,
                                                                                                                                "Actual Total Time": 2.801,
                                                                                                                                "Actual Rows": 19,
                                                                                                                                "Actual Loops": 6,
                                                                                                                                "Filter": "((name)::text = ANY ('{design,security,user-expectation}'::text[]))",
                                                                                                                                "Rows Removed by Filter": 31109,
                                                                                                                                "Workers": []
                                                                                                                            }
                                                                                                                        ]
                                                                                                                    }
                                                                                                                ]
                                                                                                            }
                                                                                                        ]
                                                                                                    }
                                                                                                ]
                                                                                            }
                                                                                        ]
                                                                                    }
                                                                                ]
                                                                            }
                                                                        ]
                                                                    }
                                                                ]
                                                            }
                                                        ]
                                                    }
                                                ]
                                            }
                                        ]
                                    }
                                ]
                            }
                        ]
                    },
                    "Planning Time": 8.425,
                    "Triggers": [],
                    "Execution Time": 4481.751
                }
            ],
            "hints": [
                "SET enable_hashjoin TO on",
                "SET enable_indexonlyscan TO on",
                "SET enable_indexscan TO on",
                "SET enable_mergejoin TO on",
                "SET enable_nestloop TO off",
                "SET enable_seqscan TO on"
            ]
        },
        {
            "arm": 2,
            "execution_time": 14.807,
            "plan": [
                {
                    "Plan": {
                        "Node Type": "Aggregate",
                        "Strategy": "Plain",
                        "Partial Mode": "Simple",
                        "Parallel Aware": false,
                        "Async Capable": false,
                        "Startup Cost": 3971.63,
                        "Total Cost": 3971.64,
                        "Plan Rows": 1,
                        "Plan Width": 8,
                        "Actual Startup Time": 13.406,
                        "Actual Total Time": 14.759,
                        "Actual Rows": 1,
                        "Actual Loops": 1,
                        "Plans": [
                            {
                                "Node Type": "Sort",
                                "Parent Relationship": "Outer",
                                "Parallel Aware": false,
                                "Async Capable": false,
                                "Startup Cost": 3971.63,
                                "Total Cost": 3971.63,
                                "Plan Rows": 1,
                                "Plan Width": 11,
                                "Actual Startup Time": 13.397,
                                "Actual Total Time": 14.752,
                                "Actual Rows": 41,
                                "Actual Loops": 1,
                                "Sort Key": [
                                    "account.display_name"
                                ],
                                "Sort Method": "quicksort",
                                "Sort Space Used": 25,
                                "Sort Space Type": "Memory",
                                "Plans": [
                                    {
                                        "Node Type": "Nested Loop",
                                        "Parent Relationship": "Outer",
                                        "Parallel Aware": false,
                                        "Async Capable": false,
                                        "Join Type": "Inner",
                                        "Startup Cost": 1024.31,
                                        "Total Cost": 3971.62,
                                        "Plan Rows": 1,
                                        "Plan Width": 11,
                                        "Actual Startup Time": 8.747,
                                        "Actual Total Time": 14.736,
                                        "Actual Rows": 41,
                                        "Actual Loops": 1,
                                        "Inner Unique": true,
                                        "Plans": [
                                            {
                                                "Node Type": "Nested Loop",
                                                "Parent Relationship": "Outer",
                                                "Parallel Aware": false,
                                                "Async Capable": false,
                                                "Join Type": "Inner",
                                                "Startup Cost": 1020.29,
                                                "Total Cost": 3963.58,
                                                "Plan Rows": 1,
                                                "Plan Width": 4,
                                                "Actual Startup Time": 8.74,
                                                "Actual Total Time": 14.647,
                                                "Actual Rows": 41,
                                                "Actual Loops": 1,
                                                "Inner Unique": false,
                                                "Join Filter": "(t1.site_id = c1.site_id)",
                                                "Rows Removed by Join Filter": 0,
                                                "Plans": [
                                                    {
                                                        "Node Type": "Nested Loop",
                                                        "Parent Relationship": "Outer",
                                                        "Parallel Aware": false,
                                                        "Async Capable": false,
                                                        "Join Type": "Inner",
                                                        "Startup Cost": 1016.12,
                                                        "Total Cost": 3955.38,
                                                        "Plan Rows": 1,
                                                        "Plan Width": 32,
                                                        "Actual Startup Time": 8.732,
                                                        "Actual Total Time": 14.576,
                                                        "Actual Rows": 15,
                                                        "Actual Loops": 1,
                                                        "Inner Unique": true,
                                                        "Join Filter": "(t1.site_id = u1.site_id)",
                                                        "Rows Removed by Join Filter": 0,
                                                        "Plans": [
                                                            {
                                                                "Node Type": "Gather",
                                                                "Parent Relationship": "Outer",
                                                                "Parallel Aware": false,
                                                                "Async Capable": false,
                                                                "Startup Cost": 1012.08,
                                                                "Total Cost": 3947.32,
                                                                "Plan Rows": 1,
                                                                "Plan Width": 28,
                                                                "Actual Startup Time": 8.723,
                                                                "Actual Total Time": 14.51,
                                                                "Actual Rows": 15,
                                                                "Actual Loops": 1,
                                                                "Workers Planned": 1,
                                                                "Workers Launched": 1,
                                                                "Single Copy": false,
                                                                "Plans": [
                                                                    {
                                                                        "Node Type": "Nested Loop",
                                                                        "Parent Relationship": "Outer",
                                                                        "Parallel Aware": false,
                                                                        "Async Capable": false,
                                                                        "Join Type": "Inner",
                                                                        "Startup Cost": 12.08,
                                                                        "Total Cost": 2947.22,
                                                                        "Plan Rows": 1,
                                                                        "Plan Width": 28,
                                                                        "Actual Startup Time": 7.275,
                                                                        "Actual Total Time": 10.458,
                                                                        "Actual Rows": 8,
                                                                        "Actual Loops": 2,
                                                                        "Inner Unique": true,
                                                                        "Join Filter": "(t1.site_id = q1.site_id)",
                                                                        "Rows Removed by Join Filter": 0,
                                                                        "Workers": [],
                                                                        "Plans": [
                                                                            {
                                                                                "Node Type": "Nested Loop",
                                                                                "Parent Relationship": "Outer",
                                                                                "Parallel Aware": false,
                                                                                "Async Capable": false,
                                                                                "Join Type": "Inner",
                                                                                "Startup Cost": 8.06,
                                                                                "Total Cost": 2842.48,
                                                                                "Plan Rows": 13,
                                                                                "Plan Width": 16,
                                                                                "Actual Startup Time": 7.181,
                                                                                "Actual Total Time": 7.812,
                                                                                "Actual Rows": 518,
                                                                                "Actual Loops": 2,
                                                                                "Inner Unique": false,
                                                                                "Workers": [],
                                                                                "Plans": [
                                                                                    {
                                                                                        "Node Type": "Hash Join",
                                                                                        "Parent Relationship": "Outer",
                                                                                        "Parallel Aware": false,
                                                                                        "Async Capable": false,
                                                                                        "Join Type": "Inner",
                                                                                        "Startup Cost": 3.18,
                                                                                        "Total Cost": 2713.98,
                                                                                        "Plan Rows": 1,
                                                                                        "Plan Width": 12,
                                                                                        "Actual Startup Time": 7.118,
                                                                                        "Actual Total Time": 7.309,
                                                                                        "Actual Rows": 2,
                                                                                        "Actual Loops": 2,
                                                                                        "Inner Unique": true,
                                                                                        "Hash Cond": "(t1.site_id = s1.site_id)",
                                                                                        "Workers": [],
                                                                                        "Plans": [
                                                                                            {
                                                                                                "Node Type": "Seq Scan",
                                                                                                "Parent Relationship": "Outer",
                                                                                                "Parallel Aware": true,
                                                                                                "Async Capable": false,
                                                                                                "Relation Name": "tag",
                                                                                                "Alias": "t1",
                                                                                                "Startup Cost": 0.0,
                                                                                                "Total Cost": 2710.64,
                                                                                                "Plan Rows": 62,
                                                                                                "Plan Width": 8,
                                                                                                "Actual Startup Time": 0.282,
                                                                                                "Actual Total Time": 7.226,
                                                                                                "Actual Rows": 57,
                                                                                                "Actual Loops": 2,
                                                                                                "Filter": "((name)::text = ANY ('{design,security,user-expectation}'::text[]))",
                                                                                                "Rows Removed by Filter": 93328,
                                                                                                "Workers": []
                                                                                            },
                                                                                            {
                                                                                                "Node Type": "Hash",
                                                                                                "Parent Relationship": "Inner",
                                                                                                "Parallel Aware": false,
                                                                                                "Async Capable": false,
                                                                                                "Startup Cost": 3.16,
                                                                                                "Total Cost": 3.16,
                                                                                                "Plan Rows": 1,
                                                                                                "Plan Width": 4,
                                                                                                "Actual Startup Time": 0.02,
                                                                                                "Actual Total Time": 0.02,
                                                                                                "Actual Rows": 1,
                                                                                                "Actual Loops": 2,
                                                                                                "Hash Buckets": 1024,
                                                                                                "Original Hash Buckets": 1024,
                                                                                                "Hash Batches": 1,
                                                                                                "Original Hash Batches": 1,
                                                                                                "Peak Memory Usage": 9,
                                                                                                "Workers": [],
                                                                                                "Plans": [
                                                                                                    {
                                                                                                        "Node Type": "Seq Scan",
                                                                                                        "Parent Relationship": "Outer",
                                                                                                        "Parallel Aware": false,
                                                                                                        "Async Capable": false,
                                                                                                        "Relation Name": "site",
                                                                                                        "Alias": "s1",
                                                                                                        "Startup Cost": 0.0,
                                                                                                        "Total Cost": 3.16,
                                                                                                        "Plan Rows": 1,
                                                                                                        "Plan Width": 4,
                                                                                                        "Actual Startup Time": 0.015,
                                                                                                        "Actual Total Time": 0.016,
                                                                                                        "Actual Rows": 1,
                                                                                                        "Actual Loops": 2,
                                                                                                        "Filter": "((site_name)::text = 'ux'::text)",
                                                                                                        "Rows Removed by Filter": 172,
                                                                                                        "Workers": []
                                                                                                    }
                                                                                                ]
                                                                                            }
                                                                                        ]
                                                                                    },
                                                                                    {
                                                                                        "Node Type": "Bitmap Heap Scan",
                                                                                        "Parent Relationship": "Inner",
                                                                                        "Parallel Aware": false,
                                                                                        "Async Capable": false,
                                                                                        "Relation Name": "tag_question",
                                                                                        "Alias": "tq1",
                                                                                        "Startup Cost": 4.88,
                                                                                        "Total Cost": 128.19,
                                                                                        "Plan Rows": 31,
                                                                                        "Plan Width": 12,
                                                                                        "Actual Startup Time": 0.049,
                                                                                        "Actual Total Time": 0.302,
                                                                                        "Actual Rows": 346,
                                                                                        "Actual Loops": 3,
                                                                                        "Recheck Cond": "((t1.site_id = site_id) AND (t1.id = tag_id))",
                                                                                        "Rows Removed by Index Recheck": 0,
                                                                                        "Exact Heap Blocks": 258,
                                                                                        "Lossy Heap Blocks": 0,
                                                                                        "Workers": [],
                                                                                        "Plans": [
                                                                                            {
                                                                                                "Node Type": "Bitmap Index Scan",
                                                                                                "Parent Relationship": "Outer",
                                                                                                "Parallel Aware": false,
                                                                                                "Async Capable": false,
                                                                                                "Index Name": "tag_question_site_id_tag_id_question_id_idx",
                                                                                                "Startup Cost": 0.0,
                                                                                                "Total Cost": 4.88,
                                                                                                "Plan Rows": 31,
                                                                                                "Plan Width": 0,
                                                                                                "Actual Startup Time": 0.034,
                                                                                                "Actual Total Time": 0.034,
                                                                                                "Actual Rows": 346,
                                                                                                "Actual Loops": 3,
                                                                                                "Index Cond": "((site_id = t1.site_id) AND (tag_id = t1.id))",
                                                                                                "Workers": []
                                                                                            }
                                                                                        ]
                                                                                    }
                                                                                ]
                                                                            },
                                                                            {
                                                                                "Node Type": "Bitmap Heap Scan",
                                                                                "Parent Relationship": "Inner",
                                                                                "Parallel Aware": false,
                                                                                "Async Capable": false,
                                                                                "Relation Name": "question",
                                                                                "Alias": "q1",
                                                                                "Startup Cost": 4.03,
                                                                                "Total Cost": 8.05,
                                                                                "Plan Rows": 1,
                                                                                "Plan Width": 12,
                                                                                "Actual Startup Time": 0.005,
                                                                                "Actual Total Time": 0.005,
                                                                                "Actual Rows": 0,
                                                                                "Actual Loops": 1037,
                                                                                "Recheck Cond": "((id = tq1.question_id) AND (site_id = tq1.site_id))",
                                                                                "Rows Removed by Index Recheck": 0,
                                                                                "Filter": "((score > 11) AND (view_count < 1565))",
                                                                                "Rows Removed by Filter": 1,
                                                                                "Exact Heap Blocks": 499,
                                                                                "Lossy Heap Blocks": 0,
                                                                                "Workers": [],
                                                                                "Plans": [
                                                                                    {
                                                                                        "Node Type": "Bitmap Index Scan",
                                                                                        "Parent Relationship": "Outer",
                                                                                        "Parallel Aware": false,
                                                                                        "Async Capable": false,
                                                                                        "Index Name": "question_pkey",
                                                                                        "Startup Cost": 0.0,
                                                                                        "Total Cost": 4.02,
                                                                                        "Plan Rows": 1,
                                                                                        "Plan Width": 0,
                                                                                        "Actual Startup Time": 0.003,
                                                                                        "Actual Total Time": 0.003,
                                                                                        "Actual Rows": 1,
                                                                                        "Actual Loops": 1037,
                                                                                        "Index Cond": "((id = tq1.question_id) AND (site_id = tq1.site_id))",
                                                                                        "Workers": []
                                                                                    }
                                                                                ]
                                                                            }
                                                                        ]
                                                                    }
                                                                ]
                                                            },
                                                            {
                                                                "Node Type": "Bitmap Heap Scan",
                                                                "Parent Relationship": "Inner",
                                                                "Parallel Aware": false,
                                                                "Async Capable": false,
                                                                "Relation Name": "so_user",
                                                                "Alias": "u1",
                                                                "Startup Cost": 4.03,
                                                                "Total Cost": 8.05,
                                                                "Plan Rows": 1,
                                                                "Plan Width": 12,
                                                                "Actual Startup Time": 0.004,
                                                                "Actual Total Time": 0.004,
                                                                "Actual Rows": 1,
                                                                "Actual Loops": 15,
                                                                "Recheck Cond": "((id = q1.owner_user_id) AND (q1.site_id = site_id))",
                                                                "Rows Removed by Index Recheck": 0,
                                                                "Exact Heap Blocks": 15,
                                                                "Lossy Heap Blocks": 0,
                                                                "Plans": [
                                                                    {
                                                                        "Node Type": "Bitmap Index Scan",
                                                                        "Parent Relationship": "Outer",
                                                                        "Parallel Aware": false,
                                                                        "Async Capable": false,
                                                                        "Index Name": "so_user_pkey",
                                                                        "Startup Cost": 0.0,
                                                                        "Total Cost": 4.03,
                                                                        "Plan Rows": 1,
                                                                        "Plan Width": 0,
                                                                        "Actual Startup Time": 0.003,
                                                                        "Actual Total Time": 0.003,
                                                                        "Actual Rows": 1,
                                                                        "Actual Loops": 15,
                                                                        "Index Cond": "((id = q1.owner_user_id) AND (site_id = q1.site_id))"
                                                                    }
                                                                ]
                                                            }
                                                        ]
                                                    },
                                                    {
                                                        "Node Type": "Bitmap Heap Scan",
                                                        "Parent Relationship": "Inner",
                                                        "Parallel Aware": false,
                                                        "Async Capable": false,
                                                        "Relation Name": "comment",
                                                        "Alias": "c1",
                                                        "Startup Cost": 4.17,
                                                        "Total Cost": 8.18,
                                                        "Plan Rows": 1,
                                                        "Plan Width": 8,
                                                        "Actual Startup Time": 0.003,
                                                        "Actual Total Time": 0.004,
                                                        "Actual Rows": 3,
                                                        "Actual Loops": 15,
                                                        "Recheck Cond": "((tq1.site_id = site_id) AND (tq1.question_id = post_id))",
                                                        "Rows Removed by Index Recheck": 0,
                                                        "Exact Heap Blocks": 22,
                                                        "Lossy Heap Blocks": 0,
                                                        "Plans": [
                                                            {
                                                                "Node Type": "Bitmap Index Scan",
                                                                "Parent Relationship": "Outer",
                                                                "Parallel Aware": false,
                                                                "Async Capable": false,
                                                                "Index Name": "comment_site_id_post_id_idx",
                                                                "Startup Cost": 0.0,
                                                                "Total Cost": 4.17,
                                                                "Plan Rows": 1,
                                                                "Plan Width": 0,
                                                                "Actual Startup Time": 0.002,
                                                                "Actual Total Time": 0.002,
                                                                "Actual Rows": 3,
                                                                "Actual Loops": 15,
                                                                "Index Cond": "((site_id = tq1.site_id) AND (post_id = tq1.question_id))"
                                                            }
                                                        ]
                                                    }
                                                ]
                                            },
                                            {
                                                "Node Type": "Bitmap Heap Scan",
                                                "Parent Relationship": "Inner",
                                                "Parallel Aware": false,
                                                "Async Capable": false,
                                                "Relation Name": "account",
                                                "Alias": "account",
                                                "Startup Cost": 4.02,
                                                "Total Cost": 8.04,
                                                "Plan Rows": 1,
                                                "Plan Width": 15,
                                                "Actual Startup Time": 0.002,
                                                "Actual Total Time": 0.002,
                                                "Actual Rows": 1,
                                                "Actual Loops": 41,
                                                "Recheck Cond": "(id = u1.account_id)",
                                                "Rows Removed by Index Recheck": 0,
                                                "Exact Heap Blocks": 41,
                                                "Lossy Heap Blocks": 0,
                                                "Plans": [
                                                    {
                                                        "Node Type": "Bitmap Index Scan",
                                                        "Parent Relationship": "Outer",
                                                        "Parallel Aware": false,
                                                        "Async Capable": false,
                                                        "Index Name": "account_pkey",
                                                        "Startup Cost": 0.0,
                                                        "Total Cost": 4.02,
                                                        "Plan Rows": 1,
                                                        "Plan Width": 0,
                                                        "Actual Startup Time": 0.001,
                                                        "Actual Total Time": 0.001,
                                                        "Actual Rows": 1,
                                                        "Actual Loops": 41,
                                                        "Index Cond": "(id = u1.account_id)"
                                                    }
                                                ]
                                            }
                                        ]
                                    }
                                ]
                            }
                        ]
                    },
                    "Planning Time": 3.869,
                    "Triggers": [],
                    "Execution Time": 14.807
                }
            ],
            "hints": [
                "SET enable_hashjoin TO on",
                "SET enable_indexonlyscan TO on",
                "SET enable_indexscan TO off",
                "SET enable_mergejoin TO off",
                "SET enable_nestloop TO on",
                "SET enable_seqscan TO on"
            ]
        },
        {
            "arm": 3,
            "execution_time": 11765.153,
            "plan": [
                {
                    "Plan": {
                        "Node Type": "Aggregate",
                        "Strategy": "Plain",
                        "Partial Mode": "Simple",
                        "Parallel Aware": false,
                        "Async Capable": false,
                        "Startup Cost": 5368020.05,
                        "Total Cost": 5368020.06,
                        "Plan Rows": 1,
                        "Plan Width": 8,
                        "Actual Startup Time": 11754.775,
                        "Actual Total Time": 11765.108,
                        "Actual Rows": 1,
                        "Actual Loops": 1,
                        "Plans": [
                            {
                                "Node Type": "Gather Merge",
                                "Parent Relationship": "Outer",
                                "Parallel Aware": false,
                                "Async Capable": false,
                                "Startup Cost": 5368019.92,
                                "Total Cost": 5368020.05,
                                "Plan Rows": 1,
                                "Plan Width": 11,
                                "Actual Startup Time": 11754.761,
                                "Actual Total Time": 11765.098,
                                "Actual Rows": 41,
                                "Actual Loops": 1,
                                "Workers Planned": 5,
                                "Workers Launched": 5,
                                "Plans": [
                                    {
                                        "Node Type": "Sort",
                                        "Parent Relationship": "Outer",
                                        "Parallel Aware": false,
                                        "Async Capable": false,
                                        "Startup Cost": 5367019.85,
                                        "Total Cost": 5367019.85,
                                        "Plan Rows": 1,
                                        "Plan Width": 11,
                                        "Actual Startup Time": 11752.42,
                                        "Actual Total Time": 11752.429,
                                        "Actual Rows": 7,
                                        "Actual Loops": 6,
                                        "Sort Key": [
                                            "account.display_name"
                                        ],
                                        "Sort Method": "quicksort",
                                        "Sort Space Used": 25,
                                        "Sort Space Type": "Memory",
                                        "Workers": [
                                            {
                                                "Worker Number": 0,
                                                "Sort Method": "quicksort",
                                                "Sort Space Used": 25,
                                                "Sort Space Type": "Memory"
                                            },
                                            {
                                                "Worker Number": 1,
                                                "Sort Method": "quicksort",
                                                "Sort Space Used": 25,
                                                "Sort Space Type": "Memory"
                                            },
                                            {
                                                "Worker Number": 2,
                                                "Sort Method": "quicksort",
                                                "Sort Space Used": 25,
                                                "Sort Space Type": "Memory"
                                            },
                                            {
                                                "Worker Number": 3,
                                                "Sort Method": "quicksort",
                                                "Sort Space Used": 25,
                                                "Sort Space Type": "Memory"
                                            },
                                            {
                                                "Worker Number": 4,
                                                "Sort Method": "quicksort",
                                                "Sort Space Used": 25,
                                                "Sort Space Type": "Memory"
                                            }
                                        ],
                                        "Plans": [
                                            {
                                                "Node Type": "Hash Join",
                                                "Parent Relationship": "Outer",
                                                "Parallel Aware": true,
                                                "Async Capable": false,
                                                "Join Type": "Inner",
                                                "Startup Cost": 5214565.03,
                                                "Total Cost": 5367019.84,
                                                "Plan Rows": 1,
                                                "Plan Width": 11,
                                                "Actual Startup Time": 11603.575,
                                                "Actual Total Time": 11752.338,
                                                "Actual Rows": 7,
                                                "Actual Loops": 6,
                                                "Inner Unique": false,
                                                "Hash Cond": "(account.id = u1.account_id)",
                                                "Workers": [],
                                                "Plans": [
                                                    {
                                                        "Node Type": "Seq Scan",
                                                        "Parent Relationship": "Outer",
                                                        "Parallel Aware": true,
                                                        "Async Capable": false,
                                                        "Relation Name": "account",
                                                        "Alias": "account",
                                                        "Startup Cost": 0.0,
                                                        "Total Cost": 142069.67,
                                                        "Plan Rows": 2769367,
                                                        "Plan Width": 15,
                                                        "Actual Startup Time": 0.03,
                                                        "Actual Total Time": 106.068,
                                                        "Actual Rows": 2312026,
                                                        "Actual Loops": 6,
                                                        "Workers": []
                                                    },
                                                    {
                                                        "Node Type": "Hash",
                                                        "Parent Relationship": "Inner",
                                                        "Parallel Aware": true,
                                                        "Async Capable": false,
                                                        "Startup Cost": 5214565.02,
                                                        "Total Cost": 5214565.02,
                                                        "Plan Rows": 1,
                                                        "Plan Width": 4,
                                                        "Actual Startup Time": 11562.489,
                                                        "Actual Total Time": 11562.497,
                                                        "Actual Rows": 7,
                                                        "Actual Loops": 6,
                                                        "Hash Buckets": 1024,
                                                        "Original Hash Buckets": 1024,
                                                        "Hash Batches": 1,
                                                        "Original Hash Batches": 1,
                                                        "Peak Memory Usage": 136,
                                                        "Workers": [],
                                                        "Plans": [
                                                            {
                                                                "Node Type": "Hash Join",
                                                                "Parent Relationship": "Outer",
                                                                "Parallel Aware": true,
                                                                "Async Capable": false,
                                                                "Join Type": "Inner",
                                                                "Startup Cost": 4951390.99,
                                                                "Total Cost": 5214565.02,
                                                                "Plan Rows": 1,
                                                                "Plan Width": 4,
                                                                "Actual Startup Time": 5727.054,
                                                                "Actual Total Time": 8609.47,
                                                                "Actual Rows": 7,
                                                                "Actual Loops": 6,
                                                                "Inner Unique": true,
                                                                "Hash Cond": "((t1.site_id = q1.site_id) AND (tq1.question_id = q1.id) AND (u1.id = q1.owner_user_id))",
                                                                "Workers": [],
                                                                "Plans": [
                                                                    {
                                                                        "Node Type": "Hash Join",
                                                                        "Parent Relationship": "Outer",
                                                                        "Parallel Aware": true,
                                                                        "Async Capable": false,
                                                                        "Join Type": "Inner",
                                                                        "Startup Cost": 3259172.57,
                                                                        "Total Cost": 3520990.87,
                                                                        "Plan Rows": 172156,
                                                                        "Plan Width": 36,
                                                                        "Actual Startup Time": 2610.51,
                                                                        "Actual Total Time": 5750.512,
                                                                        "Actual Rows": 52500299,
                                                                        "Actual Loops": 6,
                                                                        "Inner Unique": false,
                                                                        "Hash Cond": "(u1.site_id = t1.site_id)",
                                                                        "Workers": [],
                                                                        "Plans": [
                                                                            {
                                                                                "Node Type": "Seq Scan",
                                                                                "Parent Relationship": "Outer",
                                                                                "Parallel Aware": true,
                                                                                "Async Capable": false,
                                                                                "Relation Name": "so_user",
                                                                                "Alias": "u1",
                                                                                "Startup Cost": 0.0,
                                                                                "Total Cost": 239391.02,
                                                                                "Plan Rows": 4219102,
                                                                                "Plan Width": 12,
                                                                                "Actual Startup Time": 0.018,
                                                                                "Actual Total Time": 156.608,
                                                                                "Actual Rows": 3516217,
                                                                                "Actual Loops": 6,
                                                                                "Workers": []
                                                                            },
                                                                            {
                                                                                "Node Type": "Hash",
                                                                                "Parent Relationship": "Inner",
                                                                                "Parallel Aware": true,
                                                                                "Async Capable": false,
                                                                                "Startup Cost": 3259172.56,
                                                                                "Total Cost": 3259172.56,
                                                                                "Plan Rows": 1,
                                                                                "Plan Width": 24,
                                                                                "Actual Startup Time": 2448.087,
                                                                                "Actual Total Time": 2448.092,
                                                                                "Actual Rows": 523,
                                                                                "Actual Loops": 6,
                                                                                "Hash Buckets": 4096,
                                                                                "Original Hash Buckets": 1024,
                                                                                "Hash Batches": 1,
                                                                                "Original Hash Batches": 1,
                                                                                "Peak Memory Usage": 344,
                                                                                "Workers": [],
                                                                                "Plans": [
                                                                                    {
                                                                                        "Node Type": "Hash Join",
                                                                                        "Parent Relationship": "Outer",
                                                                                        "Parallel Aware": true,
                                                                                        "Async Capable": false,
                                                                                        "Join Type": "Inner",
                                                                                        "Startup Cost": 314666.74,
                                                                                        "Total Cost": 3259172.56,
                                                                                        "Plan Rows": 1,
                                                                                        "Plan Width": 24,
                                                                                        "Actual Startup Time": 2410.082,
                                                                                        "Actual Total Time": 2436.838,
                                                                                        "Actual Rows": 523,
                                                                                        "Actual Loops": 6,
                                                                                        "Inner Unique": false,
                                                                                        "Hash Cond": "((s1.site_id = t1.site_id) AND (c1.post_id = tq1.question_id))",
                                                                                        "Workers": [],
                                                                                        "Plans": [
                                                                                            {
                                                                                                "Node Type": "Hash Join",
                                                                                                "Parent Relationship": "Outer",
                                                                                                "Parallel Aware": false,
                                                                                                "Async Capable": false,
                                                                                                "Join Type": "Inner",
                                                                                                "Startup Cost": 3.18,
                                                                                                "Total Cost": 2943948.13,
                                                                                                "Plan Rows": 74780,
                                                                                                "Plan Width": 12,
                                                                                                "Actual Startup Time": 1877.662,
                                                                                                "Actual Total Time": 1903.29,
                                                                                                "Actual Rows": 25285,
                                                                                                "Actual Loops": 6,
                                                                                                "Inner Unique": true,
                                                                                                "Hash Cond": "(c1.site_id = s1.site_id)",
                                                                                                "Workers": [],
                                                                                                "Plans": [
                                                                                                    {
                                                                                                        "Node Type": "Seq Scan",
                                                                                                        "Parent Relationship": "Outer",
                                                                                                        "Parallel Aware": true,
                                                                                                        "Async Capable": false,
                                                                                                        "Relation Name": "comment",
                                                                                                        "Alias": "c1",
                                                                                                        "Startup Cost": 0.0,
                                                                                                        "Total Cost": 2909153.53,
                                                                                                        "Plan Rows": 12936953,
                                                                                                        "Plan Width": 8,
                                                                                                        "Actual Startup Time": 0.039,
                                                                                                        "Actual Total Time": 1292.26,
                                                                                                        "Actual Rows": 17243326,
                                                                                                        "Actual Loops": 6,
                                                                                                        "Workers": []
                                                                                                    },
                                                                                                    {
                                                                                                        "Node Type": "Hash",
                                                                                                        "Parent Relationship": "Inner",
                                                                                                        "Parallel Aware": false,
                                                                                                        "Async Capable": false,
                                                                                                        "Startup Cost": 3.16,
                                                                                                        "Total Cost": 3.16,
                                                                                                        "Plan Rows": 1,
                                                                                                        "Plan Width": 4,
                                                                                                        "Actual Startup Time": 0.017,
                                                                                                        "Actual Total Time": 0.017,
                                                                                                        "Actual Rows": 1,
                                                                                                        "Actual Loops": 6,
                                                                                                        "Hash Buckets": 1024,
                                                                                                        "Original Hash Buckets": 1024,
                                                                                                        "Hash Batches": 1,
                                                                                                        "Original Hash Batches": 1,
                                                                                                        "Peak Memory Usage": 9,
                                                                                                        "Workers": [],
                                                                                                        "Plans": [
                                                                                                            {
                                                                                                                "Node Type": "Seq Scan",
                                                                                                                "Parent Relationship": "Outer",
                                                                                                                "Parallel Aware": false,
                                                                                                                "Async Capable": false,
                                                                                                                "Relation Name": "site",
                                                                                                                "Alias": "s1",
                                                                                                                "Startup Cost": 0.0,
                                                                                                                "Total Cost": 3.16,
                                                                                                                "Plan Rows": 1,
                                                                                                                "Plan Width": 4,
                                                                                                                "Actual Startup Time": 0.014,
                                                                                                                "Actual Total Time": 0.015,
                                                                                                                "Actual Rows": 1,
                                                                                                                "Actual Loops": 6,
                                                                                                                "Filter": "((site_name)::text = 'ux'::text)",
                                                                                                                "Rows Removed by Filter": 172,
                                                                                                                "Workers": []
                                                                                                            }
                                                                                                        ]
                                                                                                    }
                                                                                                ]
                                                                                            },
                                                                                            {
                                                                                                "Node Type": "Hash",
                                                                                                "Parent Relationship": "Inner",
                                                                                                "Parallel Aware": true,
                                                                                                "Async Capable": false,
                                                                                                "Startup Cost": 314601.36,
                                                                                                "Total Cost": 314601.36,
                                                                                                "Plan Rows": 4147,
                                                                                                "Plan Width": 12,
                                                                                                "Actual Startup Time": 531.63,
                                                                                                "Actual Total Time": 531.632,
                                                                                                "Actual Rows": 6639,
                                                                                                "Actual Loops": 6,
                                                                                                "Hash Buckets": 65536,
                                                                                                "Original Hash Buckets": 32768,
                                                                                                "Hash Batches": 1,
                                                                                                "Original Hash Batches": 1,
                                                                                                "Peak Memory Usage": 2688,
                                                                                                "Workers": [],
                                                                                                "Plans": [
                                                                                                    {
                                                                                                        "Node Type": "Hash Join",
                                                                                                        "Parent Relationship": "Outer",
                                                                                                        "Parallel Aware": true,
                                                                                                        "Async Capable": false,
                                                                                                        "Join Type": "Inner",
                                                                                                        "Startup Cost": 2711.57,
                                                                                                        "Total Cost": 314601.36,
                                                                                                        "Plan Rows": 4147,
                                                                                                        "Plan Width": 12,
                                                                                                        "Actual Startup Time": 2.718,
                                                                                                        "Actual Total Time": 528.46,
                                                                                                        "Actual Rows": 6639,
                                                                                                        "Actual Loops": 6,
                                                                                                        "Inner Unique": true,
                                                                                                        "Hash Cond": "((tq1.site_id = t1.site_id) AND (tq1.tag_id = t1.id))",
                                                                                                        "Workers": [],
                                                                                                        "Plans": [
                                                                                                            {
                                                                                                                "Node Type": "Seq Scan",
                                                                                                                "Parent Relationship": "Outer",
                                                                                                                "Parallel Aware": true,
                                                                                                                "Async Capable": false,
                                                                                                                "Relation Name": "tag_question",
                                                                                                                "Alias": "tq1",
                                                                                                                "Startup Cost": 0.0,
                                                                                                                "Total Cost": 273159.66,
                                                                                                                "Plan Rows": 7376766,
                                                                                                                "Plan Width": 12,
                                                                                                                "Actual Startup Time": 0.009,
                                                                                                                "Actual Total Time": 254.027,
                                                                                                                "Actual Rows": 6147303,
                                                                                                                "Actual Loops": 6,
                                                                                                                "Workers": []
                                                                                                            },
                                                                                                            {
                                                                                                                "Node Type": "Hash",
                                                                                                                "Parent Relationship": "Inner",
                                                                                                                "Parallel Aware": true,
                                                                                                                "Async Capable": false,
                                                                                                                "Startup Cost": 2710.64,
                                                                                                                "Total Cost": 2710.64,
                                                                                                                "Plan Rows": 62,
                                                                                                                "Plan Width": 8,
                                                                                                                "Actual Startup Time": 2.619,
                                                                                                                "Actual Total Time": 2.62,
                                                                                                                "Actual Rows": 19,
                                                                                                                "Actual Loops": 6,
                                                                                                                "Hash Buckets": 1024,
                                                                                                                "Original Hash Buckets": 1024,
                                                                                                                "Hash Batches": 1,
                                                                                                                "Original Hash Batches": 1,
                                                                                                                "Peak Memory Usage": 200,
                                                                                                                "Workers": [],
                                                                                                                "Plans": [
                                                                                                                    {
                                                                                                                        "Node Type": "Seq Scan",
                                                                                                                        "Parent Relationship": "Outer",
                                                                                                                        "Parallel Aware": true,
                                                                                                                        "Async Capable": false,
                                                                                                                        "Relation Name": "tag",
                                                                                                                        "Alias": "t1",
                                                                                                                        "Startup Cost": 0.0,
                                                                                                                        "Total Cost": 2710.64,
                                                                                                                        "Plan Rows": 62,
                                                                                                                        "Plan Width": 8,
                                                                                                                        "Actual Startup Time": 0.105,
                                                                                                                        "Actual Total Time": 2.598,
                                                                                                                        "Actual Rows": 19,
                                                                                                                        "Actual Loops": 6,
                                                                                                                        "Filter": "((name)::text = ANY ('{design,security,user-expectation}'::text[]))",
                                                                                                                        "Rows Removed by Filter": 31109,
                                                                                                                        "Workers": []
                                                                                                                    }
                                                                                                                ]
                                                                                                            }
                                                                                                        ]
                                                                                                    }
                                                                                                ]
                                                                                            }
                                                                                        ]
                                                                                    }
                                                                                ]
                                                                            }
                                                                        ]
                                                                    },
                                                                    {
                                                                        "Node Type": "Hash",
                                                                        "Parent Relationship": "Inner",
                                                                        "Parallel Aware": true,
                                                                        "Async Capable": false,
                                                                        "Startup Cost": 1691290.18,
                                                                        "Total Cost": 1691290.18,
                                                                        "Plan Rows": 53042,
                                                                        "Plan Width": 12,
                                                                        "Actual Startup Time": 590.91,
                                                                        "Actual Total Time": 590.911,
                                                                        "Actual Rows": 10808,
                                                                        "Actual Loops": 6,
                                                                        "Hash Buckets": 524288,
                                                                        "Original Hash Buckets": 524288,
                                                                        "Hash Batches": 1,
                                                                        "Original Hash Batches": 1,
                                                                        "Peak Memory Usage": 7232,
                                                                        "Workers": [],
                                                                        "Plans": [
                                                                            {
                                                                                "Node Type": "Seq Scan",
                                                                                "Parent Relationship": "Outer",
                                                                                "Parallel Aware": true,
                                                                                "Async Capable": false,
                                                                                "Relation Name": "question",
                                                                                "Alias": "q1",
                                                                                "Startup Cost": 0.0,
                                                                                "Total Cost": 1691290.18,
                                                                                "Plan Rows": 53042,
                                                                                "Plan Width": 12,
                                                                                "Actual Startup Time": 0.318,
                                                                                "Actual Total Time": 587.153,
                                                                                "Actual Rows": 10808,
                                                                                "Actual Loops": 6,
                                                                                "Filter": "((score > 11) AND (view_count < 1565))",
                                                                                "Rows Removed by Filter": 2100265,
                                                                                "Workers": []
                                                                            }
                                                                        ]
                                                                    }
                                                                ]
                                                            }
                                                        ]
                                                    }
                                                ]
                                            }
                                        ]
                                    }
                                ]
                            }
                        ]
                    },
                    "Planning Time": 4.173,
                    "Triggers": [],
                    "Execution Time": 11765.153
                }
            ],
            "hints": [
                "SET enable_hashjoin TO on",
                "SET enable_indexonlyscan TO on",
                "SET enable_indexscan TO off",
                "SET enable_mergejoin TO off",
                "SET enable_nestloop TO off",
                "SET enable_seqscan TO on"
            ]
        },
        {
            "arm": 4,
            "execution_time": 13.334,
            "plan": [
                {
                    "Plan": {
                        "Node Type": "Aggregate",
                        "Strategy": "Plain",
                        "Partial Mode": "Simple",
                        "Parallel Aware": false,
                        "Async Capable": false,
                        "Startup Cost": 3897.93,
                        "Total Cost": 3897.94,
                        "Plan Rows": 1,
                        "Plan Width": 8,
                        "Actual Startup Time": 11.627,
                        "Actual Total Time": 13.291,
                        "Actual Rows": 1,
                        "Actual Loops": 1,
                        "Plans": [
                            {
                                "Node Type": "Sort",
                                "Parent Relationship": "Outer",
                                "Parallel Aware": false,
                                "Async Capable": false,
                                "Startup Cost": 3897.93,
                                "Total Cost": 3897.93,
                                "Plan Rows": 1,
                                "Plan Width": 11,
                                "Actual Startup Time": 11.62,
                                "Actual Total Time": 13.284,
                                "Actual Rows": 41,
                                "Actual Loops": 1,
                                "Sort Key": [
                                    "account.display_name"
                                ],
                                "Sort Method": "quicksort",
                                "Sort Space Used": 25,
                                "Sort Space Type": "Memory",
                                "Plans": [
                                    {
                                        "Node Type": "Nested Loop",
                                        "Parent Relationship": "Outer",
                                        "Parallel Aware": false,
                                        "Async Capable": false,
                                        "Join Type": "Inner",
                                        "Startup Cost": 1005.61,
                                        "Total Cost": 3897.92,
                                        "Plan Rows": 1,
                                        "Plan Width": 11,
                                        "Actual Startup Time": 8.917,
                                        "Actual Total Time": 13.267,
                                        "Actual Rows": 41,
                                        "Actual Loops": 1,
                                        "Inner Unique": true,
                                        "Plans": [
                                            {
                                                "Node Type": "Nested Loop",
                                                "Parent Relationship": "Outer",
                                                "Parallel Aware": false,
                                                "Async Capable": false,
                                                "Join Type": "Inner",
                                                "Startup Cost": 1005.18,
                                                "Total Cost": 3890.3,
                                                "Plan Rows": 1,
                                                "Plan Width": 4,
                                                "Actual Startup Time": 8.91,
                                                "Actual Total Time": 13.202,
                                                "Actual Rows": 41,
                                                "Actual Loops": 1,
                                                "Inner Unique": false,
                                                "Join Filter": "(t1.site_id = c1.site_id)",
                                                "Rows Removed by Join Filter": 0,
                                                "Plans": [
                                                    {
                                                        "Node Type": "Nested Loop",
                                                        "Parent Relationship": "Outer",
                                                        "Parallel Aware": false,
                                                        "Async Capable": false,
                                                        "Join Type": "Inner",
                                                        "Startup Cost": 1004.61,
                                                        "Total Cost": 3882.52,
                                                        "Plan Rows": 1,
                                                        "Plan Width": 32,
                                                        "Actual Startup Time": 8.267,
                                                        "Actual Total Time": 13.142,
                                                        "Actual Rows": 15,
                                                        "Actual Loops": 1,
                                                        "Inner Unique": true,
                                                        "Join Filter": "(t1.site_id = u1.site_id)",
                                                        "Rows Removed by Join Filter": 0,
                                                        "Plans": [
                                                            {
                                                                "Node Type": "Gather",
                                                                "Parent Relationship": "Outer",
                                                                "Parallel Aware": false,
                                                                "Async Capable": false,
                                                                "Startup Cost": 1004.17,
                                                                "Total Cost": 3874.87,
                                                                "Plan Rows": 1,
                                                                "Plan Width": 28,
                                                                "Actual Startup Time": 8.259,
                                                                "Actual Total Time": 13.081,
                                                                "Actual Rows": 15,
                                                                "Actual Loops": 1,
                                                                "Workers Planned": 1,
                                                                "Workers Launched": 1,
                                                                "Single Copy": false,
                                                                "Plans": [
                                                                    {
                                                                        "Node Type": "Nested Loop",
                                                                        "Parent Relationship": "Outer",
                                                                        "Parallel Aware": false,
                                                                        "Async Capable": false,
                                                                        "Join Type": "Inner",
                                                                        "Startup Cost": 4.17,
                                                                        "Total Cost": 2874.77,
                                                                        "Plan Rows": 1,
                                                                        "Plan Width": 28,
                                                                        "Actual Startup Time": 6.902,
                                                                        "Actual Total Time": 9.205,
                                                                        "Actual Rows": 8,
                                                                        "Actual Loops": 2,
                                                                        "Inner Unique": true,
                                                                        "Join Filter": "(t1.site_id = q1.site_id)",
                                                                        "Rows Removed by Join Filter": 0,
                                                                        "Workers": [],
                                                                        "Plans": [
                                                                            {
                                                                                "Node Type": "Nested Loop",
                                                                                "Parent Relationship": "Outer",
                                                                                "Parallel Aware": false,
                                                                                "Async Capable": false,
                                                                                "Join Type": "Inner",
                                                                                "Startup Cost": 3.74,
                                                                                "Total Cost": 2775.54,
                                                                                "Plan Rows": 13,
                                                                                "Plan Width": 16,
                                                                                "Actual Startup Time": 6.777,
                                                                                "Actual Total Time": 7.325,
                                                                                "Actual Rows": 518,
                                                                                "Actual Loops": 2,
                                                                                "Inner Unique": false,
                                                                                "Workers": [],
                                                                                "Plans": [
                                                                                    {
                                                                                        "Node Type": "Hash Join",
                                                                                        "Parent Relationship": "Outer",
                                                                                        "Parallel Aware": false,
                                                                                        "Async Capable": false,
                                                                                        "Join Type": "Inner",
                                                                                        "Startup Cost": 3.18,
                                                                                        "Total Cost": 2713.98,
                                                                                        "Plan Rows": 1,
                                                                                        "Plan Width": 12,
                                                                                        "Actual Startup Time": 6.738,
                                                                                        "Actual Total Time": 6.925,
                                                                                        "Actual Rows": 2,
                                                                                        "Actual Loops": 2,
                                                                                        "Inner Unique": true,
                                                                                        "Hash Cond": "(t1.site_id = s1.site_id)",
                                                                                        "Workers": [],
                                                                                        "Plans": [
                                                                                            {
                                                                                                "Node Type": "Seq Scan",
                                                                                                "Parent Relationship": "Outer",
                                                                                                "Parallel Aware": true,
                                                                                                "Async Capable": false,
                                                                                                "Relation Name": "tag",
                                                                                                "Alias": "t1",
                                                                                                "Startup Cost": 0.0,
                                                                                                "Total Cost": 2710.64,
                                                                                                "Plan Rows": 62,
                                                                                                "Plan Width": 8,
                                                                                                "Actual Startup Time": 0.083,
                                                                                                "Actual Total Time": 6.843,
                                                                                                "Actual Rows": 57,
                                                                                                "Actual Loops": 2,
                                                                                                "Filter": "((name)::text = ANY ('{design,security,user-expectation}'::text[]))",
                                                                                                "Rows Removed by Filter": 93328,
                                                                                                "Workers": []
                                                                                            },
                                                                                            {
                                                                                                "Node Type": "Hash",
                                                                                                "Parent Relationship": "Inner",
                                                                                                "Parallel Aware": false,
                                                                                                "Async Capable": false,
                                                                                                "Startup Cost": 3.16,
                                                                                                "Total Cost": 3.16,
                                                                                                "Plan Rows": 1,
                                                                                                "Plan Width": 4,
                                                                                                "Actual Startup Time": 0.018,
                                                                                                "Actual Total Time": 0.019,
                                                                                                "Actual Rows": 1,
                                                                                                "Actual Loops": 2,
                                                                                                "Hash Buckets": 1024,
                                                                                                "Original Hash Buckets": 1024,
                                                                                                "Hash Batches": 1,
                                                                                                "Original Hash Batches": 1,
                                                                                                "Peak Memory Usage": 9,
                                                                                                "Workers": [],
                                                                                                "Plans": [
                                                                                                    {
                                                                                                        "Node Type": "Seq Scan",
                                                                                                        "Parent Relationship": "Outer",
                                                                                                        "Parallel Aware": false,
                                                                                                        "Async Capable": false,
                                                                                                        "Relation Name": "site",
                                                                                                        "Alias": "s1",
                                                                                                        "Startup Cost": 0.0,
                                                                                                        "Total Cost": 3.16,
                                                                                                        "Plan Rows": 1,
                                                                                                        "Plan Width": 4,
                                                                                                        "Actual Startup Time": 0.014,
                                                                                                        "Actual Total Time": 0.015,
                                                                                                        "Actual Rows": 1,
                                                                                                        "Actual Loops": 2,
                                                                                                        "Filter": "((site_name)::text = 'ux'::text)",
                                                                                                        "Rows Removed by Filter": 172,
                                                                                                        "Workers": []
                                                                                                    }
                                                                                                ]
                                                                                            }
                                                                                        ]
                                                                                    },
                                                                                    {
                                                                                        "Node Type": "Index Only Scan",
                                                                                        "Parent Relationship": "Inner",
                                                                                        "Parallel Aware": false,
                                                                                        "Async Capable": false,
                                                                                        "Scan Direction": "Forward",
                                                                                        "Index Name": "tag_question_site_id_tag_id_question_id_idx",
                                                                                        "Relation Name": "tag_question",
                                                                                        "Alias": "tq1",
                                                                                        "Startup Cost": 0.56,
                                                                                        "Total Cost": 61.25,
                                                                                        "Plan Rows": 31,
                                                                                        "Plan Width": 12,
                                                                                        "Actual Startup Time": 0.028,
                                                                                        "Actual Total Time": 0.249,
                                                                                        "Actual Rows": 346,
                                                                                        "Actual Loops": 3,
                                                                                        "Index Cond": "((site_id = t1.site_id) AND (tag_id = t1.id))",
                                                                                        "Rows Removed by Index Recheck": 0,
                                                                                        "Heap Fetches": 1037,
                                                                                        "Workers": []
                                                                                    }
                                                                                ]
                                                                            },
                                                                            {
                                                                                "Node Type": "Index Scan",
                                                                                "Parent Relationship": "Inner",
                                                                                "Parallel Aware": false,
                                                                                "Async Capable": false,
                                                                                "Scan Direction": "Forward",
                                                                                "Index Name": "question_pkey",
                                                                                "Relation Name": "question",
                                                                                "Alias": "q1",
                                                                                "Startup Cost": 0.43,
                                                                                "Total Cost": 7.62,
                                                                                "Plan Rows": 1,
                                                                                "Plan Width": 12,
                                                                                "Actual Startup Time": 0.004,
                                                                                "Actual Total Time": 0.004,
                                                                                "Actual Rows": 0,
                                                                                "Actual Loops": 1037,
                                                                                "Index Cond": "((id = tq1.question_id) AND (site_id = tq1.site_id))",
                                                                                "Rows Removed by Index Recheck": 0,
                                                                                "Filter": "((score > 11) AND (view_count < 1565))",
                                                                                "Rows Removed by Filter": 1,
                                                                                "Workers": []
                                                                            }
                                                                        ]
                                                                    }
                                                                ]
                                                            },
                                                            {
                                                                "Node Type": "Index Scan",
                                                                "Parent Relationship": "Inner",
                                                                "Parallel Aware": false,
                                                                "Async Capable": false,
                                                                "Scan Direction": "Forward",
                                                                "Index Name": "so_user_pkey",
                                                                "Relation Name": "so_user",
                                                                "Alias": "u1",
                                                                "Startup Cost": 0.44,
                                                                "Total Cost": 7.64,
                                                                "Plan Rows": 1,
                                                                "Plan Width": 12,
                                                                "Actual Startup Time": 0.003,
                                                                "Actual Total Time": 0.003,
                                                                "Actual Rows": 1,
                                                                "Actual Loops": 15,
                                                                "Index Cond": "((id = q1.owner_user_id) AND (site_id = q1.site_id))",
                                                                "Rows Removed by Index Recheck": 0
                                                            }
                                                        ]
                                                    },
                                                    {
                                                        "Node Type": "Index Only Scan",
                                                        "Parent Relationship": "Inner",
                                                        "Parallel Aware": false,
                                                        "Async Capable": false,
                                                        "Scan Direction": "Forward",
                                                        "Index Name": "comment_site_id_post_id_idx",
                                                        "Relation Name": "comment",
                                                        "Alias": "c1",
                                                        "Startup Cost": 0.57,
                                                        "Total Cost": 7.77,
                                                        "Plan Rows": 1,
                                                        "Plan Width": 8,
                                                        "Actual Startup Time": 0.003,
                                                        "Actual Total Time": 0.004,
                                                        "Actual Rows": 3,
                                                        "Actual Loops": 15,
                                                        "Index Cond": "((site_id = tq1.site_id) AND (post_id = tq1.question_id))",
                                                        "Rows Removed by Index Recheck": 0,
                                                        "Heap Fetches": 41
                                                    }
                                                ]
                                            },
                                            {
                                                "Node Type": "Index Scan",
                                                "Parent Relationship": "Inner",
                                                "Parallel Aware": false,
                                                "Async Capable": false,
                                                "Scan Direction": "Forward",
                                                "Index Name": "account_pkey",
                                                "Relation Name": "account",
                                                "Alias": "account",
                                                "Startup Cost": 0.43,
                                                "Total Cost": 7.61,
                                                "Plan Rows": 1,
                                                "Plan Width": 15,
                                                "Actual Startup Time": 0.001,
                                                "Actual Total Time": 0.001,
                                                "Actual Rows": 1,
                                                "Actual Loops": 41,
                                                "Index Cond": "(id = u1.account_id)",
                                                "Rows Removed by Index Recheck": 0
                                            }
                                        ]
                                    }
                                ]
                            }
                        ]
                    },
                    "Planning Time": 4.348,
                    "Triggers": [],
                    "Execution Time": 13.334
                }
            ],
            "hints": [
                "SET enable_hashjoin TO on",
                "SET enable_indexonlyscan TO on",
                "SET enable_indexscan TO on",
                "SET enable_mergejoin TO off",
                "SET enable_nestloop TO on",
                "SET enable_seqscan TO on"
            ]
        }
    ]
}