{
    "sql_file": "soload_q11-002.sql",
    "query": "SELECT COUNT(*)\nFROM\ntag as t,\nsite as s,\nquestion as q,\ntag_question as tq\nWHERE\nt.site_id = s.site_id\nAND q.site_id = s.site_id\nAND tq.site_id = s.site_id\nAND tq.question_id = q.id\nAND tq.tag_id = t.id\nAND (s.site_name in ('softwareengineering'))\nAND (t.name in ('architecture','design','design-patterns'))\nAND (q.score >= 0)\nAND (q.score <= 5)",
    "results": [
        {
            "arm": 0,
            "execution_time": 45.195,
            "plan": [
                {
                    "Plan": {
                        "Node Type": "Aggregate",
                        "Strategy": "Plain",
                        "Partial Mode": "Simple",
                        "Parallel Aware": false,
                        "Async Capable": false,
                        "Startup Cost": 3858.01,
                        "Total Cost": 3858.02,
                        "Plan Rows": 1,
                        "Plan Width": 8,
                        "Actual Startup Time": 40.475,
                        "Actual Total Time": 45.17,
                        "Actual Rows": 1,
                        "Actual Loops": 1,
                        "Plans": [
                            {
                                "Node Type": "Gather",
                                "Parent Relationship": "Outer",
                                "Parallel Aware": false,
                                "Async Capable": false,
                                "Startup Cost": 3715.39,
                                "Total Cost": 3858.01,
                                "Plan Rows": 1,
                                "Plan Width": 0,
                                "Actual Startup Time": 8.786,
                                "Actual Total Time": 45.043,
                                "Actual Rows": 3772,
                                "Actual Loops": 1,
                                "Workers Planned": 1,
                                "Workers Launched": 1,
                                "Single Copy": false,
                                "Plans": [
                                    {
                                        "Node Type": "Nested Loop",
                                        "Parent Relationship": "Outer",
                                        "Parallel Aware": false,
                                        "Async Capable": false,
                                        "Join Type": "Inner",
                                        "Startup Cost": 2715.39,
                                        "Total Cost": 2857.91,
                                        "Plan Rows": 1,
                                        "Plan Width": 0,
                                        "Actual Startup Time": 7.435,
                                        "Actual Total Time": 31.266,
                                        "Actual Rows": 1886,
                                        "Actual Loops": 2,
                                        "Inner Unique": true,
                                        "Join Filter": "(t.site_id = q.site_id)",
                                        "Rows Removed by Join Filter": 0,
                                        "Workers": [],
                                        "Plans": [
                                            {
                                                "Node Type": "Nested Loop",
                                                "Parent Relationship": "Outer",
                                                "Parallel Aware": false,
                                                "Async Capable": false,
                                                "Join Type": "Inner",
                                                "Startup Cost": 2714.96,
                                                "Total Cost": 2776.37,
                                                "Plan Rows": 13,
                                                "Plan Width": 16,
                                                "Actual Startup Time": 7.29,
                                                "Actual Total Time": 8.785,
                                                "Actual Rows": 2640,
                                                "Actual Loops": 2,
                                                "Inner Unique": false,
                                                "Workers": [],
                                                "Plans": [
                                                    {
                                                        "Node Type": "Merge Join",
                                                        "Parent Relationship": "Outer",
                                                        "Parallel Aware": false,
                                                        "Async Capable": false,
                                                        "Join Type": "Inner",
                                                        "Startup Cost": 2714.39,
                                                        "Total Cost": 2714.54,
                                                        "Plan Rows": 1,
                                                        "Plan Width": 12,
                                                        "Actual Startup Time": 7.255,
                                                        "Actual Total Time": 7.258,
                                                        "Actual Rows": 2,
                                                        "Actual Loops": 2,
                                                        "Inner Unique": true,
                                                        "Merge Cond": "(t.site_id = s.site_id)",
                                                        "Workers": [],
                                                        "Plans": [
                                                            {
                                                                "Node Type": "Sort",
                                                                "Parent Relationship": "Outer",
                                                                "Parallel Aware": false,
                                                                "Async Capable": false,
                                                                "Startup Cost": 2711.22,
                                                                "Total Cost": 2711.28,
                                                                "Plan Rows": 25,
                                                                "Plan Width": 8,
                                                                "Actual Startup Time": 7.23,
                                                                "Actual Total Time": 7.232,
                                                                "Actual Rows": 36,
                                                                "Actual Loops": 2,
                                                                "Sort Key": [
                                                                    "t.site_id"
                                                                ],
                                                                "Sort Method": "quicksort",
                                                                "Sort Space Used": 27,
                                                                "Sort Space Type": "Memory",
                                                                "Workers": [
                                                                    {
                                                                        "Worker Number": 0,
                                                                        "Sort Method": "quicksort",
                                                                        "Sort Space Used": 25,
                                                                        "Sort Space Type": "Memory"
                                                                    }
                                                                ],
                                                                "Plans": [
                                                                    {
                                                                        "Node Type": "Seq Scan",
                                                                        "Parent Relationship": "Outer",
                                                                        "Parallel Aware": true,
                                                                        "Async Capable": false,
                                                                        "Relation Name": "tag",
                                                                        "Alias": "t",
                                                                        "Startup Cost": 0.0,
                                                                        "Total Cost": 2710.64,
                                                                        "Plan Rows": 25,
                                                                        "Plan Width": 8,
                                                                        "Actual Startup Time": 0.106,
                                                                        "Actual Total Time": 7.215,
                                                                        "Actual Rows": 46,
                                                                        "Actual Loops": 2,
                                                                        "Filter": "((name)::text = ANY ('{architecture,design,design-patterns}'::text[]))",
                                                                        "Rows Removed by Filter": 93339,
                                                                        "Workers": []
                                                                    }
                                                                ]
                                                            },
                                                            {
                                                                "Node Type": "Sort",
                                                                "Parent Relationship": "Inner",
                                                                "Parallel Aware": false,
                                                                "Async Capable": false,
                                                                "Startup Cost": 3.17,
                                                                "Total Cost": 3.18,
                                                                "Plan Rows": 1,
                                                                "Plan Width": 4,
                                                                "Actual Startup Time": 0.02,
                                                                "Actual Total Time": 0.021,
                                                                "Actual Rows": 1,
                                                                "Actual Loops": 2,
                                                                "Sort Key": [
                                                                    "s.site_id"
                                                                ],
                                                                "Sort Method": "quicksort",
                                                                "Sort Space Used": 25,
                                                                "Sort Space Type": "Memory",
                                                                "Workers": [
                                                                    {
                                                                        "Worker Number": 0,
                                                                        "Sort Method": "quicksort",
                                                                        "Sort Space Used": 25,
                                                                        "Sort Space Type": "Memory"
                                                                    }
                                                                ],
                                                                "Plans": [
                                                                    {
                                                                        "Node Type": "Seq Scan",
                                                                        "Parent Relationship": "Outer",
                                                                        "Parallel Aware": false,
                                                                        "Async Capable": false,
                                                                        "Relation Name": "site",
                                                                        "Alias": "s",
                                                                        "Startup Cost": 0.0,
                                                                        "Total Cost": 3.16,
                                                                        "Plan Rows": 1,
                                                                        "Plan Width": 4,
                                                                        "Actual Startup Time": 0.014,
                                                                        "Actual Total Time": 0.015,
                                                                        "Actual Rows": 1,
                                                                        "Actual Loops": 2,
                                                                        "Filter": "((site_name)::text = 'softwareengineering'::text)",
                                                                        "Rows Removed by Filter": 172,
                                                                        "Workers": []
                                                                    }
                                                                ]
                                                            }
                                                        ]
                                                    },
                                                    {
                                                        "Node Type": "Index Only Scan",
                                                        "Parent Relationship": "Inner",
                                                        "Parallel Aware": false,
                                                        "Async Capable": false,
                                                        "Scan Direction": "Forward",
                                                        "Index Name": "tag_question_site_id_tag_id_question_id_idx",
                                                        "Relation Name": "tag_question",
                                                        "Alias": "tq",
                                                        "Startup Cost": 0.56,
                                                        "Total Cost": 61.52,
                                                        "Plan Rows": 31,
                                                        "Plan Width": 12,
                                                        "Actual Startup Time": 0.026,
                                                        "Actual Total Time": 0.912,
                                                        "Actual Rows": 1760,
                                                        "Actual Loops": 3,
                                                        "Index Cond": "((site_id = t.site_id) AND (tag_id = t.id))",
                                                        "Rows Removed by Index Recheck": 0,
                                                        "Heap Fetches": 5281,
                                                        "Workers": []
                                                    }
                                                ]
                                            },
                                            {
                                                "Node Type": "Index Scan",
                                                "Parent Relationship": "Inner",
                                                "Parallel Aware": false,
                                                "Async Capable": false,
                                                "Scan Direction": "Forward",
                                                "Index Name": "question_pkey",
                                                "Relation Name": "question",
                                                "Alias": "q",
                                                "Startup Cost": 0.43,
                                                "Total Cost": 6.26,
                                                "Plan Rows": 1,
                                                "Plan Width": 8,
                                                "Actual Startup Time": 0.008,
                                                "Actual Total Time": 0.008,
                                                "Actual Rows": 1,
                                                "Actual Loops": 5281,
                                                "Index Cond": "((id = tq.question_id) AND (site_id = tq.site_id))",
                                                "Rows Removed by Index Recheck": 0,
                                                "Filter": "((score >= 0) AND (score <= 5))",
                                                "Rows Removed by Filter": 0,
                                                "Workers": []
                                            }
                                        ]
                                    }
                                ]
                            }
                        ]
                    },
                    "Planning Time": 0.75,
                    "Triggers": [],
                    "Execution Time": 45.195
                }
            ],
            "hints": [
                "SET enable_hashjoin TO on",
                "SET enable_indexonlyscan TO on",
                "SET enable_indexscan TO on",
                "SET enable_mergejoin TO on",
                "SET enable_nestloop TO on",
                "SET enable_seqscan TO on"
            ]
        },
        {
            "arm": 1,
            "execution_time": 1065.732,
            "plan": [
                {
                    "Plan": {
                        "Node Type": "Aggregate",
                        "Strategy": "Plain",
                        "Partial Mode": "Simple",
                        "Parallel Aware": false,
                        "Async Capable": false,
                        "Startup Cost": 1999591.54,
                        "Total Cost": 1999591.55,
                        "Plan Rows": 1,
                        "Plan Width": 8,
                        "Actual Startup Time": 1058.531,
                        "Actual Total Time": 1065.701,
                        "Actual Rows": 1,
                        "Actual Loops": 1,
                        "Plans": [
                            {
                                "Node Type": "Gather",
                                "Parent Relationship": "Outer",
                                "Parallel Aware": false,
                                "Async Capable": false,
                                "Startup Cost": 296936.15,
                                "Total Cost": 1999591.53,
                                "Plan Rows": 1,
                                "Plan Width": 0,
                                "Actual Startup Time": 621.602,
                                "Actual Total Time": 1065.582,
                                "Actual Rows": 3772,
                                "Actual Loops": 1,
                                "Workers Planned": 7,
                                "Workers Launched": 7,
                                "Single Copy": false,
                                "Plans": [
                                    {
                                        "Node Type": "Hash Join",
                                        "Parent Relationship": "Outer",
                                        "Parallel Aware": true,
                                        "Async Capable": false,
                                        "Join Type": "Inner",
                                        "Startup Cost": 295936.15,
                                        "Total Cost": 1998591.43,
                                        "Plan Rows": 1,
                                        "Plan Width": 0,
                                        "Actual Startup Time": 673.967,
                                        "Actual Total Time": 1055.961,
                                        "Actual Rows": 472,
                                        "Actual Loops": 8,
                                        "Inner Unique": false,
                                        "Hash Cond": "((q.site_id = t.site_id) AND (q.id = tq.question_id))",
                                        "Workers": [],
                                        "Plans": [
                                            {
                                                "Node Type": "Seq Scan",
                                                "Parent Relationship": "Outer",
                                                "Parallel Aware": true,
                                                "Async Capable": false,
                                                "Relation Name": "question",
                                                "Alias": "q",
                                                "Startup Cost": 0.0,
                                                "Total Cost": 1691290.18,
                                                "Plan Rows": 1515345,
                                                "Plan Width": 8,
                                                "Actual Startup Time": 0.029,
                                                "Actual Total Time": 444.569,
                                                "Actual Rows": 1324504,
                                                "Actual Loops": 8,
                                                "Filter": "((score >= 0) AND (score <= 5))",
                                                "Rows Removed by Filter": 258801,
                                                "Workers": []
                                            },
                                            {
                                                "Node Type": "Hash",
                                                "Parent Relationship": "Inner",
                                                "Parallel Aware": true,
                                                "Async Capable": false,
                                                "Startup Cost": 295936.09,
                                                "Total Cost": 295936.09,
                                                "Plan Rows": 4,
                                                "Plan Width": 16,
                                                "Actual Startup Time": 526.297,
                                                "Actual Total Time": 526.3,
                                                "Actual Rows": 660,
                                                "Actual Loops": 8,
                                                "Hash Buckets": 8192,
                                                "Original Hash Buckets": 1024,
                                                "Hash Batches": 1,
                                                "Original Hash Batches": 1,
                                                "Peak Memory Usage": 440,
                                                "Workers": [],
                                                "Plans": [
                                                    {
                                                        "Node Type": "Hash Join",
                                                        "Parent Relationship": "Outer",
                                                        "Parallel Aware": true,
                                                        "Async Capable": false,
                                                        "Join Type": "Inner",
                                                        "Startup Cost": 2714.19,
                                                        "Total Cost": 295936.09,
                                                        "Plan Rows": 4,
                                                        "Plan Width": 16,
                                                        "Actual Startup Time": 291.771,
                                                        "Actual Total Time": 350.794,
                                                        "Actual Rows": 660,
                                                        "Actual Loops": 8,
                                                        "Inner Unique": true,
                                                        "Hash Cond": "((s.site_id = t.site_id) AND (tq.tag_id = t.id))",
                                                        "Workers": [],
                                                        "Plans": [
                                                            {
                                                                "Node Type": "Hash Join",
                                                                "Parent Relationship": "Outer",
                                                                "Parallel Aware": false,
                                                                "Async Capable": false,
                                                                "Join Type": "Inner",
                                                                "Startup Cost": 3.18,
                                                                "Total Cost": 293001.22,
                                                                "Plan Rows": 42640,
                                                                "Plan Width": 16,
                                                                "Actual Startup Time": 289.671,
                                                                "Actual Total Time": 348.286,
                                                                "Actual Rows": 9450,
                                                                "Actual Loops": 8,
                                                                "Inner Unique": true,
                                                                "Hash Cond": "(tq.site_id = s.site_id)",
                                                                "Workers": [],
                                                                "Plans": [
                                                                    {
                                                                        "Node Type": "Seq Scan",
                                                                        "Parent Relationship": "Outer",
                                                                        "Parallel Aware": true,
                                                                        "Async Capable": false,
                                                                        "Relation Name": "tag_question",
                                                                        "Alias": "tq",
                                                                        "Startup Cost": 0.0,
                                                                        "Total Cost": 273159.66,
                                                                        "Plan Rows": 7376766,
                                                                        "Plan Width": 12,
                                                                        "Actual Startup Time": 0.035,
                                                                        "Actual Total Time": 187.861,
                                                                        "Actual Rows": 4610477,
                                                                        "Actual Loops": 8,
                                                                        "Workers": []
                                                                    },
                                                                    {
                                                                        "Node Type": "Hash",
                                                                        "Parent Relationship": "Inner",
                                                                        "Parallel Aware": false,
                                                                        "Async Capable": false,
                                                                        "Startup Cost": 3.16,
                                                                        "Total Cost": 3.16,
                                                                        "Plan Rows": 1,
                                                                        "Plan Width": 4,
                                                                        "Actual Startup Time": 0.02,
                                                                        "Actual Total Time": 0.021,
                                                                        "Actual Rows": 1,
                                                                        "Actual Loops": 8,
                                                                        "Hash Buckets": 1024,
                                                                        "Original Hash Buckets": 1024,
                                                                        "Hash Batches": 1,
                                                                        "Original Hash Batches": 1,
                                                                        "Peak Memory Usage": 9,
                                                                        "Workers": [],
                                                                        "Plans": [
                                                                            {
                                                                                "Node Type": "Seq Scan",
                                                                                "Parent Relationship": "Outer",
                                                                                "Parallel Aware": false,
                                                                                "Async Capable": false,
                                                                                "Relation Name": "site",
                                                                                "Alias": "s",
                                                                                "Startup Cost": 0.0,
                                                                                "Total Cost": 3.16,
                                                                                "Plan Rows": 1,
                                                                                "Plan Width": 4,
                                                                                "Actual Startup Time": 0.015,
                                                                                "Actual Total Time": 0.016,
                                                                                "Actual Rows": 1,
                                                                                "Actual Loops": 8,
                                                                                "Filter": "((site_name)::text = 'softwareengineering'::text)",
                                                                                "Rows Removed by Filter": 172,
                                                                                "Workers": []
                                                                            }
                                                                        ]
                                                                    }
                                                                ]
                                                            },
                                                            {
                                                                "Node Type": "Hash",
                                                                "Parent Relationship": "Inner",
                                                                "Parallel Aware": true,
                                                                "Async Capable": false,
                                                                "Startup Cost": 2710.64,
                                                                "Total Cost": 2710.64,
                                                                "Plan Rows": 25,
                                                                "Plan Width": 8,
                                                                "Actual Startup Time": 2.075,
                                                                "Actual Total Time": 2.076,
                                                                "Actual Rows": 12,
                                                                "Actual Loops": 8,
                                                                "Hash Buckets": 1024,
                                                                "Original Hash Buckets": 1024,
                                                                "Hash Batches": 1,
                                                                "Original Hash Batches": 1,
                                                                "Peak Memory Usage": 264,
                                                                "Workers": [],
                                                                "Plans": [
                                                                    {
                                                                        "Node Type": "Seq Scan",
                                                                        "Parent Relationship": "Outer",
                                                                        "Parallel Aware": true,
                                                                        "Async Capable": false,
                                                                        "Relation Name": "tag",
                                                                        "Alias": "t",
                                                                        "Startup Cost": 0.0,
                                                                        "Total Cost": 2710.64,
                                                                        "Plan Rows": 25,
                                                                        "Plan Width": 8,
                                                                        "Actual Startup Time": 0.184,
                                                                        "Actual Total Time": 2.045,
                                                                        "Actual Rows": 12,
                                                                        "Actual Loops": 8,
                                                                        "Filter": "((name)::text = ANY ('{architecture,design,design-patterns}'::text[]))",
                                                                        "Rows Removed by Filter": 23335,
                                                                        "Workers": []
                                                                    }
                                                                ]
                                                            }
                                                        ]
                                                    }
                                                ]
                                            }
                                        ]
                                    }
                                ]
                            }
                        ]
                    },
                    "Planning Time": 0.746,
                    "Triggers": [],
                    "Execution Time": 1065.732
                }
            ],
            "hints": [
                "SET enable_hashjoin TO on",
                "SET enable_indexonlyscan TO on",
                "SET enable_indexscan TO on",
                "SET enable_mergejoin TO on",
                "SET enable_nestloop TO off",
                "SET enable_seqscan TO on"
            ]
        },
        {
            "arm": 2,
            "execution_time": 32.454,
            "plan": [
                {
                    "Plan": {
                        "Node Type": "Aggregate",
                        "Strategy": "Plain",
                        "Partial Mode": "Simple",
                        "Parallel Aware": false,
                        "Async Capable": false,
                        "Startup Cost": 3938.34,
                        "Total Cost": 3938.35,
                        "Plan Rows": 1,
                        "Plan Width": 8,
                        "Actual Startup Time": 27.964,
                        "Actual Total Time": 32.424,
                        "Actual Rows": 1,
                        "Actual Loops": 1,
                        "Plans": [
                            {
                                "Node Type": "Gather",
                                "Parent Relationship": "Outer",
                                "Parallel Aware": false,
                                "Async Capable": false,
                                "Startup Cost": 1011.4,
                                "Total Cost": 3938.34,
                                "Plan Rows": 1,
                                "Plan Width": 0,
                                "Actual Startup Time": 5.696,
                                "Actual Total Time": 32.291,
                                "Actual Rows": 3772,
                                "Actual Loops": 1,
                                "Workers Planned": 1,
                                "Workers Launched": 1,
                                "Single Copy": false,
                                "Plans": [
                                    {
                                        "Node Type": "Nested Loop",
                                        "Parent Relationship": "Outer",
                                        "Parallel Aware": false,
                                        "Async Capable": false,
                                        "Join Type": "Inner",
                                        "Startup Cost": 11.4,
                                        "Total Cost": 2938.24,
                                        "Plan Rows": 1,
                                        "Plan Width": 0,
                                        "Actual Startup Time": 4.354,
                                        "Actual Total Time": 20.532,
                                        "Actual Rows": 1886,
                                        "Actual Loops": 2,
                                        "Inner Unique": true,
                                        "Join Filter": "(t.site_id = q.site_id)",
                                        "Rows Removed by Join Filter": 0,
                                        "Workers": [],
                                        "Plans": [
                                            {
                                                "Node Type": "Nested Loop",
                                                "Parent Relationship": "Outer",
                                                "Parallel Aware": false,
                                                "Async Capable": false,
                                                "Join Type": "Inner",
                                                "Startup Cost": 8.06,
                                                "Total Cost": 2842.38,
                                                "Plan Rows": 13,
                                                "Plan Width": 16,
                                                "Actual Startup Time": 4.321,
                                                "Actual Total Time": 8.594,
                                                "Actual Rows": 2640,
                                                "Actual Loops": 2,
                                                "Inner Unique": false,
                                                "Workers": [],
                                                "Plans": [
                                                    {
                                                        "Node Type": "Hash Join",
                                                        "Parent Relationship": "Outer",
                                                        "Parallel Aware": false,
                                                        "Async Capable": false,
                                                        "Join Type": "Inner",
                                                        "Startup Cost": 3.18,
                                                        "Total Cost": 2713.88,
                                                        "Plan Rows": 1,
                                                        "Plan Width": 12,
                                                        "Actual Startup Time": 4.16,
                                                        "Actual Total Time": 6.883,
                                                        "Actual Rows": 2,
                                                        "Actual Loops": 2,
                                                        "Inner Unique": true,
                                                        "Hash Cond": "(t.site_id = s.site_id)",
                                                        "Workers": [],
                                                        "Plans": [
                                                            {
                                                                "Node Type": "Seq Scan",
                                                                "Parent Relationship": "Outer",
                                                                "Parallel Aware": true,
                                                                "Async Capable": false,
                                                                "Relation Name": "tag",
                                                                "Alias": "t",
                                                                "Startup Cost": 0.0,
                                                                "Total Cost": 2710.64,
                                                                "Plan Rows": 25,
                                                                "Plan Width": 8,
                                                                "Actual Startup Time": 0.304,
                                                                "Actual Total Time": 6.802,
                                                                "Actual Rows": 46,
                                                                "Actual Loops": 2,
                                                                "Filter": "((name)::text = ANY ('{architecture,design,design-patterns}'::text[]))",
                                                                "Rows Removed by Filter": 93339,
                                                                "Workers": []
                                                            },
                                                            {
                                                                "Node Type": "Hash",
                                                                "Parent Relationship": "Inner",
                                                                "Parallel Aware": false,
                                                                "Async Capable": false,
                                                                "Startup Cost": 3.16,
                                                                "Total Cost": 3.16,
                                                                "Plan Rows": 1,
                                                                "Plan Width": 4,
                                                                "Actual Startup Time": 0.02,
                                                                "Actual Total Time": 0.02,
                                                                "Actual Rows": 1,
                                                                "Actual Loops": 2,
                                                                "Hash Buckets": 1024,
                                                                "Original Hash Buckets": 1024,
                                                                "Hash Batches": 1,
                                                                "Original Hash Batches": 1,
                                                                "Peak Memory Usage": 9,
                                                                "Workers": [],
                                                                "Plans": [
                                                                    {
                                                                        "Node Type": "Seq Scan",
                                                                        "Parent Relationship": "Outer",
                                                                        "Parallel Aware": false,
                                                                        "Async Capable": false,
                                                                        "Relation Name": "site",
                                                                        "Alias": "s",
                                                                        "Startup Cost": 0.0,
                                                                        "Total Cost": 3.16,
                                                                        "Plan Rows": 1,
                                                                        "Plan Width": 4,
                                                                        "Actual Startup Time": 0.014,
                                                                        "Actual Total Time": 0.015,
                                                                        "Actual Rows": 1,
                                                                        "Actual Loops": 2,
                                                                        "Filter": "((site_name)::text = 'softwareengineering'::text)",
                                                                        "Rows Removed by Filter": 172,
                                                                        "Workers": []
                                                                    }
                                                                ]
                                                            }
                                                        ]
                                                    },
                                                    {
                                                        "Node Type": "Bitmap Heap Scan",
                                                        "Parent Relationship": "Inner",
                                                        "Parallel Aware": false,
                                                        "Async Capable": false,
                                                        "Relation Name": "tag_question",
                                                        "Alias": "tq",
                                                        "Startup Cost": 4.88,
                                                        "Total Cost": 128.19,
                                                        "Plan Rows": 31,
                                                        "Plan Width": 12,
                                                        "Actual Startup Time": 0.137,
                                                        "Actual Total Time": 0.998,
                                                        "Actual Rows": 1760,
                                                        "Actual Loops": 3,
                                                        "Recheck Cond": "((t.site_id = site_id) AND (t.id = tag_id))",
                                                        "Rows Removed by Index Recheck": 0,
                                                        "Exact Heap Blocks": 394,
                                                        "Lossy Heap Blocks": 0,
                                                        "Workers": [],
                                                        "Plans": [
                                                            {
                                                                "Node Type": "Bitmap Index Scan",
                                                                "Parent Relationship": "Outer",
                                                                "Parallel Aware": false,
                                                                "Async Capable": false,
                                                                "Index Name": "tag_question_site_id_tag_id_question_id_idx",
                                                                "Startup Cost": 0.0,
                                                                "Total Cost": 4.88,
                                                                "Plan Rows": 31,
                                                                "Plan Width": 0,
                                                                "Actual Startup Time": 0.103,
                                                                "Actual Total Time": 0.104,
                                                                "Actual Rows": 1760,
                                                                "Actual Loops": 3,
                                                                "Index Cond": "((site_id = t.site_id) AND (tag_id = t.id))",
                                                                "Workers": []
                                                            }
                                                        ]
                                                    }
                                                ]
                                            },
                                            {
                                                "Node Type": "Bitmap Heap Scan",
                                                "Parent Relationship": "Inner",
                                                "Parallel Aware": false,
                                                "Async Capable": false,
                                                "Relation Name": "question",
                                                "Alias": "q",
                                                "Startup Cost": 3.34,
                                                "Total Cost": 7.36,
                                                "Plan Rows": 1,
                                                "Plan Width": 8,
                                                "Actual Startup Time": 0.004,
                                                "Actual Total Time": 0.004,
                                                "Actual Rows": 1,
                                                "Actual Loops": 5281,
                                                "Recheck Cond": "((id = tq.question_id) AND (site_id = tq.site_id))",
                                                "Rows Removed by Index Recheck": 0,
                                                "Filter": "((score >= 0) AND (score <= 5))",
                                                "Rows Removed by Filter": 0,
                                                "Exact Heap Blocks": 1832,
                                                "Lossy Heap Blocks": 0,
                                                "Workers": [],
                                                "Plans": [
                                                    {
                                                        "Node Type": "Bitmap Index Scan",
                                                        "Parent Relationship": "Outer",
                                                        "Parallel Aware": false,
                                                        "Async Capable": false,
                                                        "Index Name": "question_pkey",
                                                        "Startup Cost": 0.0,
                                                        "Total Cost": 3.34,
                                                        "Plan Rows": 1,
                                                        "Plan Width": 0,
                                                        "Actual Startup Time": 0.002,
                                                        "Actual Total Time": 0.002,
                                                        "Actual Rows": 1,
                                                        "Actual Loops": 5281,
                                                        "Index Cond": "((id = tq.question_id) AND (site_id = tq.site_id))",
                                                        "Workers": []
                                                    }
                                                ]
                                            }
                                        ]
                                    }
                                ]
                            }
                        ]
                    },
                    "Planning Time": 0.442,
                    "Triggers": [],
                    "Execution Time": 32.454
                }
            ],
            "hints": [
                "SET enable_hashjoin TO on",
                "SET enable_indexonlyscan TO on",
                "SET enable_indexscan TO off",
                "SET enable_mergejoin TO off",
                "SET enable_nestloop TO on",
                "SET enable_seqscan TO on"
            ]
        },
        {
            "arm": 3,
            "execution_time": 1005.132,
            "plan": [
                {
                    "Plan": {
                        "Node Type": "Aggregate",
                        "Strategy": "Plain",
                        "Partial Mode": "Simple",
                        "Parallel Aware": false,
                        "Async Capable": false,
                        "Startup Cost": 1999591.54,
                        "Total Cost": 1999591.55,
                        "Plan Rows": 1,
                        "Plan Width": 8,
                        "Actual Startup Time": 997.956,
                        "Actual Total Time": 1005.104,
                        "Actual Rows": 1,
                        "Actual Loops": 1,
                        "Plans": [
                            {
                                "Node Type": "Gather",
                                "Parent Relationship": "Outer",
                                "Parallel Aware": false,
                                "Async Capable": false,
                                "Startup Cost": 296936.15,
                                "Total Cost": 1999591.53,
                                "Plan Rows": 1,
                                "Plan Width": 0,
                                "Actual Startup Time": 563.142,
                                "Actual Total Time": 1004.993,
                                "Actual Rows": 3772,
                                "Actual Loops": 1,
                                "Workers Planned": 7,
                                "Workers Launched": 7,
                                "Single Copy": false,
                                "Plans": [
                                    {
                                        "Node Type": "Hash Join",
                                        "Parent Relationship": "Outer",
                                        "Parallel Aware": true,
                                        "Async Capable": false,
                                        "Join Type": "Inner",
                                        "Startup Cost": 295936.15,
                                        "Total Cost": 1998591.43,
                                        "Plan Rows": 1,
                                        "Plan Width": 0,
                                        "Actual Startup Time": 615.097,
                                        "Actual Total Time": 995.595,
                                        "Actual Rows": 472,
                                        "Actual Loops": 8,
                                        "Inner Unique": false,
                                        "Hash Cond": "((q.site_id = t.site_id) AND (q.id = tq.question_id))",
                                        "Workers": [],
                                        "Plans": [
                                            {
                                                "Node Type": "Seq Scan",
                                                "Parent Relationship": "Outer",
                                                "Parallel Aware": true,
                                                "Async Capable": false,
                                                "Relation Name": "question",
                                                "Alias": "q",
                                                "Startup Cost": 0.0,
                                                "Total Cost": 1691290.18,
                                                "Plan Rows": 1515345,
                                                "Plan Width": 8,
                                                "Actual Startup Time": 0.028,
                                                "Actual Total Time": 442.781,
                                                "Actual Rows": 1324504,
                                                "Actual Loops": 8,
                                                "Filter": "((score >= 0) AND (score <= 5))",
                                                "Rows Removed by Filter": 258801,
                                                "Workers": []
                                            },
                                            {
                                                "Node Type": "Hash",
                                                "Parent Relationship": "Inner",
                                                "Parallel Aware": true,
                                                "Async Capable": false,
                                                "Startup Cost": 295936.09,
                                                "Total Cost": 295936.09,
                                                "Plan Rows": 4,
                                                "Plan Width": 16,
                                                "Actual Startup Time": 467.766,
                                                "Actual Total Time": 467.769,
                                                "Actual Rows": 660,
                                                "Actual Loops": 8,
                                                "Hash Buckets": 8192,
                                                "Original Hash Buckets": 1024,
                                                "Hash Batches": 1,
                                                "Original Hash Batches": 1,
                                                "Peak Memory Usage": 504,
                                                "Workers": [],
                                                "Plans": [
                                                    {
                                                        "Node Type": "Hash Join",
                                                        "Parent Relationship": "Outer",
                                                        "Parallel Aware": true,
                                                        "Async Capable": false,
                                                        "Join Type": "Inner",
                                                        "Startup Cost": 2714.19,
                                                        "Total Cost": 295936.09,
                                                        "Plan Rows": 4,
                                                        "Plan Width": 16,
                                                        "Actual Startup Time": 348.754,
                                                        "Actual Total Time": 350.704,
                                                        "Actual Rows": 660,
                                                        "Actual Loops": 8,
                                                        "Inner Unique": true,
                                                        "Hash Cond": "((s.site_id = t.site_id) AND (tq.tag_id = t.id))",
                                                        "Workers": [],
                                                        "Plans": [
                                                            {
                                                                "Node Type": "Hash Join",
                                                                "Parent Relationship": "Outer",
                                                                "Parallel Aware": false,
                                                                "Async Capable": false,
                                                                "Join Type": "Inner",
                                                                "Startup Cost": 3.18,
                                                                "Total Cost": 293001.22,
                                                                "Plan Rows": 42640,
                                                                "Plan Width": 16,
                                                                "Actual Startup Time": 346.356,
                                                                "Actual Total Time": 347.855,
                                                                "Actual Rows": 9450,
                                                                "Actual Loops": 8,
                                                                "Inner Unique": true,
                                                                "Hash Cond": "(tq.site_id = s.site_id)",
                                                                "Workers": [],
                                                                "Plans": [
                                                                    {
                                                                        "Node Type": "Seq Scan",
                                                                        "Parent Relationship": "Outer",
                                                                        "Parallel Aware": true,
                                                                        "Async Capable": false,
                                                                        "Relation Name": "tag_question",
                                                                        "Alias": "tq",
                                                                        "Startup Cost": 0.0,
                                                                        "Total Cost": 273159.66,
                                                                        "Plan Rows": 7376766,
                                                                        "Plan Width": 12,
                                                                        "Actual Startup Time": 0.025,
                                                                        "Actual Total Time": 187.88,
                                                                        "Actual Rows": 4610477,
                                                                        "Actual Loops": 8,
                                                                        "Workers": []
                                                                    },
                                                                    {
                                                                        "Node Type": "Hash",
                                                                        "Parent Relationship": "Inner",
                                                                        "Parallel Aware": false,
                                                                        "Async Capable": false,
                                                                        "Startup Cost": 3.16,
                                                                        "Total Cost": 3.16,
                                                                        "Plan Rows": 1,
                                                                        "Plan Width": 4,
                                                                        "Actual Startup Time": 0.027,
                                                                        "Actual Total Time": 0.028,
                                                                        "Actual Rows": 1,
                                                                        "Actual Loops": 8,
                                                                        "Hash Buckets": 1024,
                                                                        "Original Hash Buckets": 1024,
                                                                        "Hash Batches": 1,
                                                                        "Original Hash Batches": 1,
                                                                        "Peak Memory Usage": 9,
                                                                        "Workers": [],
                                                                        "Plans": [
                                                                            {
                                                                                "Node Type": "Seq Scan",
                                                                                "Parent Relationship": "Outer",
                                                                                "Parallel Aware": false,
                                                                                "Async Capable": false,
                                                                                "Relation Name": "site",
                                                                                "Alias": "s",
                                                                                "Startup Cost": 0.0,
                                                                                "Total Cost": 3.16,
                                                                                "Plan Rows": 1,
                                                                                "Plan Width": 4,
                                                                                "Actual Startup Time": 0.02,
                                                                                "Actual Total Time": 0.022,
                                                                                "Actual Rows": 1,
                                                                                "Actual Loops": 8,
                                                                                "Filter": "((site_name)::text = 'softwareengineering'::text)",
                                                                                "Rows Removed by Filter": 172,
                                                                                "Workers": []
                                                                            }
                                                                        ]
                                                                    }
                                                                ]
                                                            },
                                                            {
                                                                "Node Type": "Hash",
                                                                "Parent Relationship": "Inner",
                                                                "Parallel Aware": true,
                                                                "Async Capable": false,
                                                                "Startup Cost": 2710.64,
                                                                "Total Cost": 2710.64,
                                                                "Plan Rows": 25,
                                                                "Plan Width": 8,
                                                                "Actual Startup Time": 2.36,
                                                                "Actual Total Time": 2.361,
                                                                "Actual Rows": 12,
                                                                "Actual Loops": 8,
                                                                "Hash Buckets": 1024,
                                                                "Original Hash Buckets": 1024,
                                                                "Hash Batches": 1,
                                                                "Original Hash Batches": 1,
                                                                "Peak Memory Usage": 264,
                                                                "Workers": [],
                                                                "Plans": [
                                                                    {
                                                                        "Node Type": "Seq Scan",
                                                                        "Parent Relationship": "Outer",
                                                                        "Parallel Aware": true,
                                                                        "Async Capable": false,
                                                                        "Relation Name": "tag",
                                                                        "Alias": "t",
                                                                        "Startup Cost": 0.0,
                                                                        "Total Cost": 2710.64,
                                                                        "Plan Rows": 25,
                                                                        "Plan Width": 8,
                                                                        "Actual Startup Time": 0.224,
                                                                        "Actual Total Time": 2.316,
                                                                        "Actual Rows": 12,
                                                                        "Actual Loops": 8,
                                                                        "Filter": "((name)::text = ANY ('{architecture,design,design-patterns}'::text[]))",
                                                                        "Rows Removed by Filter": 23335,
                                                                        "Workers": []
                                                                    }
                                                                ]
                                                            }
                                                        ]
                                                    }
                                                ]
                                            }
                                        ]
                                    }
                                ]
                            }
                        ]
                    },
                    "Planning Time": 0.444,
                    "Triggers": [],
                    "Execution Time": 1005.132
                }
            ],
            "hints": [
                "SET enable_hashjoin TO on",
                "SET enable_indexonlyscan TO on",
                "SET enable_indexscan TO off",
                "SET enable_mergejoin TO off",
                "SET enable_nestloop TO off",
                "SET enable_seqscan TO on"
            ]
        },
        {
            "arm": 4,
            "execution_time": 27.693,
            "plan": [
                {
                    "Plan": {
                        "Node Type": "Aggregate",
                        "Strategy": "Plain",
                        "Partial Mode": "Simple",
                        "Parallel Aware": false,
                        "Async Capable": false,
                        "Startup Cost": 3857.36,
                        "Total Cost": 3857.37,
                        "Plan Rows": 1,
                        "Plan Width": 8,
                        "Actual Startup Time": 23.043,
                        "Actual Total Time": 27.661,
                        "Actual Rows": 1,
                        "Actual Loops": 1,
                        "Plans": [
                            {
                                "Node Type": "Gather",
                                "Parent Relationship": "Outer",
                                "Parallel Aware": false,
                                "Async Capable": false,
                                "Startup Cost": 1004.17,
                                "Total Cost": 3857.35,
                                "Plan Rows": 1,
                                "Plan Width": 0,
                                "Actual Startup Time": 5.394,
                                "Actual Total Time": 27.495,
                                "Actual Rows": 3772,
                                "Actual Loops": 1,
                                "Workers Planned": 1,
                                "Workers Launched": 1,
                                "Single Copy": false,
                                "Plans": [
                                    {
                                        "Node Type": "Nested Loop",
                                        "Parent Relationship": "Outer",
                                        "Parallel Aware": false,
                                        "Async Capable": false,
                                        "Join Type": "Inner",
                                        "Startup Cost": 4.17,
                                        "Total Cost": 2857.25,
                                        "Plan Rows": 1,
                                        "Plan Width": 0,
                                        "Actual Startup Time": 3.95,
                                        "Actual Total Time": 17.621,
                                        "Actual Rows": 1886,
                                        "Actual Loops": 2,
                                        "Inner Unique": true,
                                        "Join Filter": "(t.site_id = q.site_id)",
                                        "Rows Removed by Join Filter": 0,
                                        "Workers": [],
                                        "Plans": [
                                            {
                                                "Node Type": "Nested Loop",
                                                "Parent Relationship": "Outer",
                                                "Parallel Aware": false,
                                                "Async Capable": false,
                                                "Join Type": "Inner",
                                                "Startup Cost": 3.74,
                                                "Total Cost": 2775.71,
                                                "Plan Rows": 13,
                                                "Plan Width": 16,
                                                "Actual Startup Time": 3.917,
                                                "Actual Total Time": 8.138,
                                                "Actual Rows": 2640,
                                                "Actual Loops": 2,
                                                "Inner Unique": false,
                                                "Workers": [],
                                                "Plans": [
                                                    {
                                                        "Node Type": "Hash Join",
                                                        "Parent Relationship": "Outer",
                                                        "Parallel Aware": false,
                                                        "Async Capable": false,
                                                        "Join Type": "Inner",
                                                        "Startup Cost": 3.18,
                                                        "Total Cost": 2713.88,
                                                        "Plan Rows": 1,
                                                        "Plan Width": 12,
                                                        "Actual Startup Time": 3.88,
                                                        "Actual Total Time": 6.65,
                                                        "Actual Rows": 2,
                                                        "Actual Loops": 2,
                                                        "Inner Unique": true,
                                                        "Hash Cond": "(t.site_id = s.site_id)",
                                                        "Workers": [],
                                                        "Plans": [
                                                            {
                                                                "Node Type": "Seq Scan",
                                                                "Parent Relationship": "Outer",
                                                                "Parallel Aware": true,
                                                                "Async Capable": false,
                                                                "Relation Name": "tag",
                                                                "Alias": "t",
                                                                "Startup Cost": 0.0,
                                                                "Total Cost": 2710.64,
                                                                "Plan Rows": 25,
                                                                "Plan Width": 8,
                                                                "Actual Startup Time": 0.356,
                                                                "Actual Total Time": 6.557,
                                                                "Actual Rows": 46,
                                                                "Actual Loops": 2,
                                                                "Filter": "((name)::text = ANY ('{architecture,design,design-patterns}'::text[]))",
                                                                "Rows Removed by Filter": 93339,
                                                                "Workers": []
                                                            },
                                                            {
                                                                "Node Type": "Hash",
                                                                "Parent Relationship": "Inner",
                                                                "Parallel Aware": false,
                                                                "Async Capable": false,
                                                                "Startup Cost": 3.16,
                                                                "Total Cost": 3.16,
                                                                "Plan Rows": 1,
                                                                "Plan Width": 4,
                                                                "Actual Startup Time": 0.034,
                                                                "Actual Total Time": 0.034,
                                                                "Actual Rows": 1,
                                                                "Actual Loops": 2,
                                                                "Hash Buckets": 1024,
                                                                "Original Hash Buckets": 1024,
                                                                "Hash Batches": 1,
                                                                "Original Hash Batches": 1,
                                                                "Peak Memory Usage": 9,
                                                                "Workers": [],
                                                                "Plans": [
                                                                    {
                                                                        "Node Type": "Seq Scan",
                                                                        "Parent Relationship": "Outer",
                                                                        "Parallel Aware": false,
                                                                        "Async Capable": false,
                                                                        "Relation Name": "site",
                                                                        "Alias": "s",
                                                                        "Startup Cost": 0.0,
                                                                        "Total Cost": 3.16,
                                                                        "Plan Rows": 1,
                                                                        "Plan Width": 4,
                                                                        "Actual Startup Time": 0.028,
                                                                        "Actual Total Time": 0.03,
                                                                        "Actual Rows": 1,
                                                                        "Actual Loops": 2,
                                                                        "Filter": "((site_name)::text = 'softwareengineering'::text)",
                                                                        "Rows Removed by Filter": 172,
                                                                        "Workers": []
                                                                    }
                                                                ]
                                                            }
                                                        ]
                                                    },
                                                    {
                                                        "Node Type": "Index Only Scan",
                                                        "Parent Relationship": "Inner",
                                                        "Parallel Aware": false,
                                                        "Async Capable": false,
                                                        "Scan Direction": "Forward",
                                                        "Index Name": "tag_question_site_id_tag_id_question_id_idx",
                                                        "Relation Name": "tag_question",
                                                        "Alias": "tq",
                                                        "Startup Cost": 0.56,
                                                        "Total Cost": 61.52,
                                                        "Plan Rows": 31,
                                                        "Plan Width": 12,
                                                        "Actual Startup Time": 0.026,
                                                        "Actual Total Time": 0.898,
                                                        "Actual Rows": 1760,
                                                        "Actual Loops": 3,
                                                        "Index Cond": "((site_id = t.site_id) AND (tag_id = t.id))",
                                                        "Rows Removed by Index Recheck": 0,
                                                        "Heap Fetches": 5281,
                                                        "Workers": []
                                                    }
                                                ]
                                            },
                                            {
                                                "Node Type": "Index Scan",
                                                "Parent Relationship": "Inner",
                                                "Parallel Aware": false,
                                                "Async Capable": false,
                                                "Scan Direction": "Forward",
                                                "Index Name": "question_pkey",
                                                "Relation Name": "question",
                                                "Alias": "q",
                                                "Startup Cost": 0.43,
                                                "Total Cost": 6.26,
                                                "Plan Rows": 1,
                                                "Plan Width": 8,
                                                "Actual Startup Time": 0.003,
                                                "Actual Total Time": 0.003,
                                                "Actual Rows": 1,
                                                "Actual Loops": 5281,
                                                "Index Cond": "((id = tq.question_id) AND (site_id = tq.site_id))",
                                                "Rows Removed by Index Recheck": 0,
                                                "Filter": "((score >= 0) AND (score <= 5))",
                                                "Rows Removed by Filter": 0,
                                                "Workers": []
                                            }
                                        ]
                                    }
                                ]
                            }
                        ]
                    },
                    "Planning Time": 0.615,
                    "Triggers": [],
                    "Execution Time": 27.693
                }
            ],
            "hints": [
                "SET enable_hashjoin TO on",
                "SET enable_indexonlyscan TO on",
                "SET enable_indexscan TO on",
                "SET enable_mergejoin TO off",
                "SET enable_nestloop TO on",
                "SET enable_seqscan TO on"
            ]
        }
    ]
}